status,title,authors,year,venue,doi,url,tags,abstract,provider,decision_source,llm_confidence,llm_review_outcome,llm_change_direction
This paper analyses a wide range of literate programming tools available during the past two decades and introduces PROGDOC, a new software documentation system. It is simple, language independent, and it keeps documentation and the documented software consistent. It uses LATEX for typesetting purposes, supports syntax highlighting for various languages, and produces output in Postscript, PDF or HTML format.",wos,llm,0.940,unreviewed,
discarded,Transient thermohydraulic heat pipe modeling: Incorporating THROHPUT into the CAESAR environment,"Hall, ML",2003,SPACE TECHNOLOGY AND APPLICATIONS INTERNATIONAL FORUM - STAIF 2003,,https://www.webofscience.com/wos/woscc/full-record/WOS:000181267400014,adjacent-subtopic,"The THROHPUT code, which models transient thermohydraulic heat pipe behavior, is being incorporated into the GESAR computational physics development environment. The GESAR environment provides many beneficial features for enhanced model development, including levelized design, unit testing, Design by Contract(TM) (Meyer, 1997), and literate programming (Knuth, 1992), in a parallel, object-based manner. The original THROHPUT code was developed as a doctoral thesis research code; the current emphasis is on making a robust, verifiable, documented, component-based production package. Results from the original, code axe included.",wos,llm,0.800,unreviewed,
discarded,Requirements for an elucidative programming environment,"Normark, K",2000,"8TH INTERNATIONAL WORKSHOP ON PROGRAM COMPREHENSION (IWPC 2000), PROCEEDINGS",,https://www.webofscience.com/wos/woscc/full-record/WOS:000089734400014,adjacent-subtopic,"The main goal with this paper is to motivate and coin a variation of literate programming which we call elucidative programming. Elucidative programming is oriented towards program explanation with the purpose of throwing lights on important and complex program relationships. Since proposed by Knuth in 1984, literate programming has been one of the most viable approaches to a radical improvement of internal program documentation. Unfortunately, most programmers find the ideas of literate programming, as supported by WEB-like tools, for impractical, academic, and far-fetched in relation to current programming practices. With elucidative programming we intend to focus on the best ideas of literate programming. We disregards the aspects of publishing programs as technical literature, and we provide for mechanisms with which documentation can be added to a program without affecting or disturbing the source program. Our ideas about elucidative programming are presented as a number of requirements, and in a discussion of programming environment issues in relation to the new ideas.",wos,llm,0.870,unreviewed,
discarded,Program families: Program construction by context independent refinements,"van Ammers, EW",1998,SCIENCE OF COMPUTER PROGRAMMING,,https://www.webofscience.com/wos/woscc/full-record/WOS:000072506700001,adjacent-subtopic,"The concept of program families is a generalisation of the conventional stepwise refinement paradigm. We formalise program families by allowing Hoare-triplets to be parameterized. Next we derive a simple calculus to develop programs which are known a priori to be correct with respect to explicitly formulated pre-and postconditions.

Program families deal with at least two important problems of conventional refinement steps, i.e. program families are not context dependent and they apply just as well to top-down decomposition as to the bottom-up or middle-out approach. It turns out that the meaning of a pseudostatement in the context of program families is quite different from its meaning in the conventional refinement process.

A couple of examples illustrate the technique: the 1000 primes problem, a palindrome filter and a sorting routine.

The discussion relates program families to Morgan's refinement calculus, Knuth' literate programming and Soloway's programming plans. (C) 1998 Elsevier Science B.V. All rights reserved.",wos,llm,0.930,unreviewed,
kept,Analysis of literate programs from the viewpoint of reuse,"Childs, B; Sametinger, J",1997,SOFTWARE-CONCEPTS AND TOOLS,,https://www.webofscience.com/wos/woscc/full-record/WOS:A1997WT90000004,supports-claim,"Donald Knuth created the WEB system for literate programming when he wrote the second version of TEX, a book-quality formatting system. Levy later created CWEB, which is based on Knuth's WEB using the C programming language and supporting development using the C and C++ programming languages. Krommes' FWEB is based on CWEB and supports several programming languages. We analyze some parts of these systems from the viewpoint of reuse.

We make reuse comparisons of four elements of the TEX system: TEX, METAFONT, DVItype and METAPOST. We also compare the primary filters (tangle and weave) of CWEB and FWEB. We analyze the code and integral documentation, considering similarities of chapters, lines and words.

With this study we demonstrate that both code and documentation can and should be reused systematically and that there is a need for methods and tools for doing so. Literate programming and software reuse are by no means in contradiction. However, current literate programming systems do not explicitly support software reuse, even though reuse was common in their development.",wos,llm,0.960,unreviewed,
kept,Literate programming and documentation reuse,"Childs, B; Sametinger, J",1996,"FOURTH INTERNATIONAL CONFERENCE ON SOFTWARE REUSE, PROCEEDINGS",,https://www.webofscience.com/wos/woscc/full-record/WOS:A1996BF64P00022,supports-claim,,wos,llm,0.830,unreviewed,
discarded,LITERATE AND STRUCTURED PRESENTATION OF FORMAL PROOFS,"SIMONS, M; BIERSACK, M; RASCHKE, R",1994,"PROGRAMMING CONCEPTS, METHODS AND CALCULI",,https://www.webofscience.com/wos/woscc/full-record/WOS:A1994BB84S00004,adjacent-subtopic,"The paper focusses on the literate and structured presentation of formal proofs. The approach presented is influenced by Leslie Lamport's ideas on how to write proofs, by Donald Knuth's paradigm of literate programming, and by the concepts of calculational reasoning. The approach is illustrated with the proofs of two mathematical theorems the Knaster-Tarski fixpoint theorem and the Schroder-Bernstein theorem - formalized in Deva. We discuss to what degree our aims have been achieved and what work remains to be done. The paper was written using the DevaWEB-system, and the Deva formalization was checked by an implementation of Deva.",wos,llm,0.760,unreviewed,
kept,LITERATE PROGRAMMING AND THE LIPED ENVIRONMENT,"BISHOP, JM; GREGSON, KM",1992,STRUCTURED PROGRAMMING,,https://www.webofscience.com/wos/woscc/full-record/WOS:A1992GU72600003,supports-claim,"Literate programming is a methodology that encourages the production of a program whose primary purpose is to explain to a human what it does, rather than to instruct a computer what to do. Each program element is clearly explained, and is presented in an order that is best for human understanding. The writer has the freedom to introduce parts of the program as they are needed-which is not necessarily the order required for compilation.

The philosophy of literate programming was introduced by Donald Knuth while developing the documentation System TEX. His WEB system consists of two processes, WEAVE and TANGLE, that read a specially constructed literate program source file and produce as output a file containing compilable code and a file for input into TEX. WEB uses a batch approach that seems to hinder the development of new literate programs, and it has not been widely used outside its home base. The literate programming environment LIPED, described in this paper, aims to make the development of literate programs easier by being interactive (rather than batch as is WEB) and by providing instant access to a table of contents, a cross-reference table, and the extracted code. Language independence is achieved, and special facilities are made available to cater for modem programming paradigms. The system runs on minimal hardware and interfaces easily to existing compilers and text processors.

This paper describes the background and progress of literate programming, compares the available literate programming systems, and provides an overview of LIPED.",wos,llm,0.950,unreviewed,
discarded,LITERATE PROGRAM DERIVATION - A CASE-STUDY,"PEPPER, P",1991,LECTURE NOTES IN COMPUTER SCIENCE,,https://www.webofscience.com/wos/woscc/full-record/WOS:A1991LE71900006,adjacent-subtopic,"''Literate programming'' is a notion that has been introduced by Don Knuth as a means for improving the art of programming by amalgamating explanatory text with the program proper. In this paper, we attempt to combine the principal ideas of literate programming with the concepts of formal program development, based on algebraic specifications and transformations. This experiment is performed using the sublinear string-searching algorithm of Boyer and Moore (1977) as an illustrating example.",wos,llm,0.740,unreviewed,
kept,EXPERIENCES OF LITERATE PROGRAMMING USING CWEB (A VARIANT OF KNUTH WEB),"THIMBLEBY, H",1986,COMPUTER JOURNAL,,https://www.webofscience.com/wos/woscc/full-record/WOS:A1986C970800002,supports-claim,,wos,llm,0.970,unreviewed,
discarded,DESL: A Literate Programming Language Framework for Interoperable Parallel Discrete Event Simulation,"Bauco, Simone; Marotta, Romolo; Pellegrini, Alessandro",2025,"PROCEEDINGS OF THE 39TH ACM SIGSIM INTERNATIONAL CONFERENCE ON PRINCIPLES OF ADVANCED DISCRETE SIMULATION, ACM SIGSIM PADS 2025",10.1145/3726301.3728420,https://www.webofscience.com/wos/woscc/full-record/WOS:001546444800007,adjacent-subtopic,"Simulation is indispensable for advanced scientific research, enabling accurate explorations of complex phenomena and supporting evidence-based decision-making across interdisciplinary boundaries. Parallel Discrete Event Simulation (PDES) provides substantial advantages in modelling large-scale systems by distributing computational tasks among multiple processors, enhancing scalability. However, exploiting it is extremely challenging due to obstacles in model efficiency, concurrency control, reproducibility, and maintainability. Furthermore, the large number of available PDES run-time environments makes it difficult to explore their (performance) capabilities for some specific model, hindering the identification of the best-suited technology for a certain simulation study. To address these limitations, we introduce a unified framework grounded in literate programming and model-driven engineering, integrating interwoven documentation and model logic within a single source. This design enhances intrinsic consistency between model logic and explanatory content, while enabling the generation of model implementations tailored to multiple runtime environments, thus allowing simulationists to focus on model development without being locked in to any specific technology or environment. This facilitates model reuse and performance comparisons across diverse execution environments. We show the viability of this approach by providing the first-ever experimental comparison across three different simulators, starting from the same model implementation.",wos,llm,0.820,unreviewed,
discarded,Understanding and improving the quality and reproducibility of Jupyter notebooks,"Pimentel, Joao Felipe; Murta, Leonardo; Braganholo, Vanessa; Freire, Juliana",2021,EMPIRICAL SOFTWARE ENGINEERING,10.1007/s10664-021-09961-9,https://www.webofscience.com/wos/woscc/full-record/WOS:000648390800001,adjacent-subtopic,"Jupyter Notebooks have been widely adopted by many different communities, both in science and industry. They support the creation of literate programming documents that combine code, text, and execution results with visualizations and other rich media. The self-documenting aspects and the ability to reproduce results have been touted as significant benefits of notebooks. At the same time, there has been growing criticism that the way in which notebooks are being used leads to unexpected behavior, encourages poor coding practices, and makes it hard to reproduce its results. To better understand good and bad practices used in the development of real notebooks, in prior work we studied 1.4 million notebooks from GitHub. We presented a detailed analysis of their characteristics that impact reproducibility, proposed best practices that can improve the reproducibility, and discussed open challenges that require further research and development. In this paper, we extended the analysis in four different ways to validate the hypothesis uncovered in our original study. First, we separated a group of popular notebooks to check whether notebooks that get more attention have more quality and reproducibility capabilities. Second, we sampled notebooks from the full dataset for an in-depth qualitative analysis of what constitutes the dataset and which features they have. Third, we conducted a more detailed analysis by isolating library dependencies and testing different execution orders. We report how these factors impact the reproducibility rates. Finally, we mined association rules from the notebooks. We discuss patterns we discovered, which provide additional insights into notebook reproducibility. Based on our findings and best practices we proposed, we designed Julynter, a Jupyter Lab extension that identifies potential issues in notebooks and suggests modifications that improve their reproducibility. We evaluate Julynter with a remote user experiment with the goal of assessing Julynter recommendations and usability.",wos,llm,0.960,unreviewed,
kept,"Against the Power of Algorithms Closing, Literate Programming, and Source Code Critique","Krajewski, Markus",2019,LAW TEXT CULTURE,,https://www.webofscience.com/wos/woscc/full-record/WOS:000510770300007,qualifies-claim,"Some algorithms know more than we think they would know at certain moments: the notorious examples range from superior, hidden knowledge to explicit oppression. A famous example is one of a large American retail chain that knew of a teenage customer's pregnancy long before her own father because of the goods in her online shopping cart (Mayer-Schonberger et al 2013: 57-58). In the context of socalled predictive policing, authorities pretend to know the next crime scene even before the crime is committed (Fry 2018:144 ff.). And finally, criticism of Google's Page Rank algorithm continues: as Safiya Noble observes in her book Algorithms of Oppression, its design is based on an intricate series of racist assumptions. In the juridical realm, algorithms that technically consist merely of decisions between 0 and 1 on a basal level appear to play an increasing role in legal decision making. Sometimes algorithms themselves become 'defendants', as the following example from rural, sparsely populated Central Finland will show.",wos,human,0.900,human,
discarded,Benefits and Pitfalls of Jupyter Notebooks in the Classroom,"Johnson, Jeremiah W.",2020,"PROCEEDINGS OF THE 21ST ANNUAL CONFERENCE ON INFORMATION TECHNOLOGY EDUCATION, SIGITE 2020",10.1145/3368308.3415397,https://www.webofscience.com/wos/woscc/full-record/WOS:001686644000006,adjacent-subtopic,"Jupyter notebooks are widely used in industry and in academic research, but have only begun to make inroads into the classroom. The design of the Jupyter notebook is in many ways well suited for teaching subjects in information technology and computer science, but it is a tool that departs significantly from a standard text editor or integrated development environment, and thus carries with it several unique advantages as well as several surprising potential pitfalls. As use of Jupyter notebooks has grown, so has criticism of the notebook, for varied reasons: notebooks can behave in unexpected ways, they can be difficult to reproduce, they open up potential security issues, and they may encourage poor coding practices. A set of best practices to guide instructors and help addressing these concerns when using Jupyter notebooks in the classroom is currently lacking. This paper addresses the strengths and weaknesses of the Jupyter notebook for education, drawing on existing literature as well as the author's experience teaching a range of courses with Jupyter notebooks for over five years, and recommends a set of best practices for teaching with the Jupyter notebook.",wos,llm,0.990,unreviewed,
discarded,Tools and techniques for computational reproducibility,"Piccolo, Stephen R.; Frampton, Michael B.",2016,GIGASCIENCE,10.1186/s13742-016-0135-4,https://www.webofscience.com/wos/woscc/full-record/WOS:000379685700001,adjacent-subtopic,"When reporting research findings, scientists document the steps they followed so that others can verify and build upon the research. When those steps have been described in sufficient detail that others can retrace the steps and obtain similar results, the research is said to be reproducible. Computers play a vital role in many research disciplines and present both opportunities and challenges for reproducibility. Computers can be programmed to execute analysis tasks, and those programs can be repeated and shared with others. The deterministic nature of most computer programs means that the same analysis tasks, applied to the same data, will often produce the same outputs. However, in practice, computational findings often cannot be reproduced because of complexities in how software is packaged, installed, and executed-and because of limitations associated with how scientists document analysis steps. Many tools and techniques are available to help overcome these challenges; here we describe seven such strategies. With a broad scientific audience in mind, we describe the strengths and limitations of each approach, as well as the circumstances under which each might be applied. No single strategy is sufficient for every scenario; thus we emphasize that it is often useful to combine approaches.",wos,llm,0.970,unreviewed,
discarded,Theory and computation in the study of molecular structure,"Quiney, H. M.; Wilson, S.",2006,RECENT ADVANCES IN THE THEORY OF CHEMICAL AND PHYSICAL SYSTEMS,,https://www.webofscience.com/wos/woscc/full-record/WOS:000237615100001,adjacent-subtopic,"In this paper, we advocate the use of literate programming techniques in molecular physics and quantum chemistry. With a suitable choice of publication medium, literate programming allows both a theory and corresponding computer code to be placed in the public domain and subject to the usual ""open criticism and constructive use"" which form an essential ingredient of the scientific method.

The use of literate programming methods leads naturally to structure and standardization in computer code. In turn, this structure leads to subroutine libraries and we describe the specification of a basic tensor algebra subroutine library, which we have recently developed, and which we expect to prove useful in a range of applications.

We briefly consider the use of literate programming techniques in enhancing collaborative virtual environments, which facilitate developed cooperation between geographically distributed sites.",wos,llm,0.860,unreviewed,
discarded,Theme-based literate programming,"Kacofegitis, A; Churcher, N",2002,APSEC 2002: NINTH ASIA PACIFIC SOFTWARE ENGINEERING CONFERENCE,,https://www.webofscience.com/wos/woscc/full-record/WOS:000180141400056,adjacent-subtopic,"The source code for computer programs is destined to be read by compilers and consequently its internal structure is heavily constrained. The compiler neither knows nor cares about such things as a program's internal structure, the relationships between its components and their specifications, the way design patterns are instantiated, the best way to explain its algorithms or how it is intended to be used. People do. Literate programming (LP) was invented by Donald Knuth as a way to address such problems. The idea is appealing but LP has not been adopted widely: the lack of good tools, difficulties with object-oriented languages and the limitations of a single psychological order are among the reasons. In this paper we report the development of theme-based literate programming (TBLP). Themes are extremely flexible: they may be aimed at particular reader groups or represent aspects of the program. Features of TBLP include an extended chunk model which accommodates a richer variety of types, an extended connection model which allows chunks to be threaded together :into multiple themes, an enhanced processing model which generalises tangling and weaving and a chunk-level version management system. XML is used to represent the web structure and XML-based technologies such as XSLT are used in processing. This provides flexibility and extensibility, allowing users to define new chunk types. An application which implements TBLP is presented and the integration of TBLP with software engineering processes is discussed.",wos,llm,0.910,unreviewed,
