status,title,authors,year,venue,doi,url,tags,abstract,provider,decision_source,llm_confidence,llm_review_outcome,llm_change_direction
kept,LITERATE PROGRAMMING SIMPLIFIED,"RAMSEY, N",1994,IEEE SOFTWARE,,https://www.webofscience.com/wos/woscc/full-record/WOS:A1994PD79900021,noweb-origin,,wos,human,,human,
discarded,phyloseq: An R Package for Reproducible Interactive Analysis and Graphics of Microbiome Census Data,Paul J. McMurdie; Susan Holmes,2013,PLoS ONE,10.1371/journal.pone.0061217,https://openalex.org/W2056279562,adjacent-subtopic,"BACKGROUND: the analysis of microbial communities through dna sequencing brings many challenges: the integration of different types of data with methods from ecology, genetics, phylogenetics, multivariate statistics, visualization and testing. With the increased breadth of experimental designs now being pursued, project-specific statistical analyses are often needed, and these analyses are often difficult (or impossible) for peer researchers to independently reproduce. The vast majority of the requisite tools for performing these analyses reproducibly are already implemented in R and its extensions (packages), but with limited support for high throughput microbiome census data. RESULTS: Here we describe a software project, phyloseq, dedicated to the object-oriented representation and analysis of microbiome census data in R. It supports importing data from a variety of common formats, as well as many analysis techniques. These include calibration, filtering, subsetting, agglomeration, multi-table comparisons, diversity analysis, parallelized Fast UniFrac, ordination methods, and production of publication-quality graphics; all in a manner that is easy to document, share, and modify. We show how to apply functions from other R packages to phyloseq-represented data, illustrating the availability of a large number of open source analysis techniques. We discuss the use of phyloseq with tools for reproducible research, a practice common in other fields but still rare in the analysis of highly parallel microbiome census data. We have made available all of the materials necessary to completely reproduce the analysis and figures included in this article, an example of best practices for reproducible research. CONCLUSIONS: The phyloseq project for R is a new open-source software package, freely available on the web from both GitHub and Bioconductor.","dblp, openalex, ieee, scopus",llm,0.990,unreviewed,
discarded,limma powers differential expression analyses for RNA-sequencing and microarray studies,Matthew E. Ritchie; Belinda Phipson; Di Wu; Yifang Hu; Charity W. Law; Wei Shi; Gordon K. Smyth,2015,Nucleic Acids Research,10.1093/nar/gkv007,https://openalex.org/W2146512944,adjacent-subtopic,"limma is an R/Bioconductor software package that provides an integrated solution for analysing data from gene expression experiments. It contains rich features for handling complex experimental designs and for information borrowing to overcome the problem of small sample sizes. Over the past decade, limma has been a popular choice for gene discovery through differential expression analyses of microarray and high-throughput PCR data. The package contains particularly strong facilities for reading, normalizing and exploring such data. Recently, the capabilities of limma have been significantly expanded in two important directions. First, the package can now perform both differential expression and differential splicing analyses of RNA sequencing (RNA-seq) data. All the downstream analysis tools previously restricted to microarray data are now available for RNA-seq as well. These capabilities allow users to analyse both RNA-seq and microarray data with very similar pipelines. Second, the package is now able to go past the traditional gene-wise expression analyses in a variety of ways, analysing expression profiles in terms of co-regulated sets of genes or in terms of higher-order expression signatures. This provides enhanced possibilities for biological interpretation of gene expression differences. This article reviews the philosophy and design of the limma package, summarizing both new and historical features, with an emphasis on recent enhancements and features that have not been previously described.","dblp, openalex, ieee, scopus",llm,0.990,unreviewed,
discarded,Words as Tools: Learning Academic Vocabulary as Language Acquisition,William E. Nagy; Dianna Townsend,2012,Reading Research Quarterly,10.1002/rrq.011,https://openalex.org/W2102866687,off-topic-false-hit,"Abstract There is a growing awareness of the importance of academic vocabulary, and more generally, of academic language proficiency, for students’ success in school. There is also a growing body of research on the nature of the demands that academic language places on readers and writers, and on interventions to help students meet these demands. In this review, we discuss the role of academic vocabulary within academic language, examine recent research on instruction in academic vocabulary, considering both general academic words and discipline‐specific words, and offer our perspective on the current state of this research and recommendations on how to continue inquiry and to improve practice in this area. We use the metaphor of ‘words as tools’ to reflect our understanding that instruction in academic vocabulary must approach words as means for communicating and thinking about disciplinary content, and must therefore provide students with opportunities to use the instructed words for these purposes as they are learning them.","dblp, openalex, ieee, scopus",llm,1.000,unreviewed,
discarded,Identity and Language Learning,Bonny Norton,2013,Multilingual Matters eBooks,10.21832/9781783090563,https://openalex.org/W230660992,off-topic-false-hit,"This second edition of Norton’s classic text on language learning and identity will bring her ground-breaking ideas to a new generation of students, teachers and researchers. Featuring a comprehensive Introduction and an Afterword by Claire Kramsch, this new edition integrates research, theory and classroom practice.","dblp, openalex, ieee, scopus",llm,1.000,unreviewed,
discarded,How Financially Literate Are Women? An Overview and New Insights,Tabea Bucher‐Koenen; Annamaria Lusardi; Rob Alessie; Maarten van Rooij,2016,Journal of Consumer Affairs,10.1111/joca.12121,https://openalex.org/W1485876187,off-topic-false-hit,"We document strikingly similar gender differences in financial literacy across countries. When asked to answer questions that measure knowledge of basic financial concepts, women are less likely than men to answer correctly and more likely to indicate that they do not know the answer. Both young and old women show low levels of financial literacy. Moreover, women for whom financial knowledge is likely to be very important—for example widows or single women—also know little about concepts relevant for day‐to‐day financial decisions. The gender differences are present for very basic as well as more advanced measures of financial literacy. This is important because financial literacy has been linked to economic behavior, including retirement planning and wealth accumulation. Women live longer than men and are likely to spend time in widowhood. Thus, improving women's financial literacy is key to helping them prepare for retirement and promoting their financial security.","dblp, openalex, ieee, scopus",llm,1.000,unreviewed,
discarded,"Identity, language learning, and social change",Bonny Norton; Kelleen Toohey,2011,Language Teaching,10.1017/s0261444811000309,https://openalex.org/W1966772633,off-topic-false-hit,"In this review article on identity, language learning, and social change, we argue that contemporary poststructuralist theories of language, identity, and power offer new perspectives on language learning and teaching, and have been of considerable interest in our field. We first review poststructuralist theories of language, subjectivity, and positioning and explain sociocultural theories of language learning. We then discuss constructs of investment and imagined communities/imagined identities (Norton Peirce 1995; Norton 1997, 2000, 2001), showing how these have been used by diverse identity researchers. Illustrative examples of studies that investigate how identity categories like race, gender, and sexuality interact with language learning are discussed. Common qualitative research methods used in studies of identity and language learning are presented, and we review the research on identity and language teaching in different regions of the world. We examine how digital technologies may be affecting language learners' identities, and how learner resistance impacts language learning. Recent critiques of research on identity and language learning are explored, and we consider directions for research in an era of increasing globalization. We anticipate that the identities and investments of language learners, as well as their teachers, will continue to generate exciting and innovative research in the future.","dblp, openalex, ieee, scopus",llm,1.000,unreviewed,
kept,VAMP: A tool for literate programming independent of programming language and formatter,E.W. van Ammers; Mark R. Kramer,2003,CompEuro 1992 Proceedings Computer Systems and Software Engineering,10.1109/cmpeur.1992.218405,https://openalex.org/W2162246473,supports-claim,"The authors have developed a module extractor called VAMP, that cooperates with a standard formatter. They describe the VAMP approach to literate programming. Literate programming identifies a method of documentation which explains to people what a computer is supposed to do. Generally, this means that refinement steps are documented in such a way that modules can be extracted from the documentation files. The tool has been in use since 1982. The experiences are predominantly positive, in spite of the overhead implicit in the methodology. The fact that VAMP is independent of both programming language and formatter distinguishes it from WEB and its derivatives.>","dblp, openalex, ieee, scopus",llm,0.970,unreviewed,
discarded,Bioconductor: open software development for computational biology and bioinformatics,Robert Gentleman; Vincent J. Carey; Douglas M. Bates; Ben Bolstad; Marcel Dettling; Sandrine Dudoit; Byron Ellis; Laurent Gautier; Yongchao Ge; Jeff Gentry; Kurt Hornik; Torsten Hothorn; Wolfgang Huber; Stefano M. Iacus; Rafael A. Irizarry; Friedrich Leisch; Cheng Li; Martin Maechler; Anthony Rossini; Günther Sawitzki; Colin A. Smith; Gordon K. Smyth; Luke Tierney; Jean Yang; Jianhua Zhang,2004,Genome biology,10.1186/gb-2004-5-10-r80,https://openalex.org/W2160697532,adjacent-subtopic,"The Bioconductor project is an initiative for the collaborative creation of extensible software for computational biology and bioinformatics. The goals of the project include: fostering collaborative development and widespread use of innovative software, reducing barriers to entry into interdisciplinary scientific research, and promoting the achievement of remote reproducibility of research results. We describe details of our aims and methods, identify current challenges, compare Bioconductor to other open bioinformatics projects, and provide working examples.","dblp, openalex, ieee, scopus",llm,0.980,unreviewed,
discarded,The Critical Role of Vocabulary Development for English Language Learners,Diane August; María S. Carlo; Cheryl Dressler; Catherine E. Snow,2005,Learning Disabilities Research and Practice,10.1111/j.1540-5826.2005.00120.x,https://openalex.org/W2029196932,off-topic-false-hit,"English language learners (ELLs) who experience slow vocabulary development are less able to comprehend text at grade level than their English-only peers. Such students are likely to perform poorly on assessments in these areas and are at risk of being diagnosed as learning disabled. In this article, we review the research on methods to develop the vocabulary knowledge of ELLs and present lessons learned from the research concerning effective instructional practices for ELLs. The review suggests that several strategies are especially valuable for ELLs, including taking advantage of students' first language if the language shares cognates with English; ensuring that ELLs know the meaning of basic words, and providing sufficient review and reinforcement. Finally, we discuss challenges in designing effective vocabulary instruction for ELLs. Important issues are determining which words to teach, taking into account the large deficits in second-language vocabulary of ELLs, and working with the limited time that is typically available for direct instruction in vocabulary.","dblp, openalex, ieee, scopus",llm,1.000,unreviewed,
discarded,Health literacy and public health: A systematic review and integration of definitions and models,Kristine Sørensen; Stephan Van den Broucke; James Fullam; Gerardine Doyle; Jürgen M. Pelikan; Zofia Słońska; Helmut Brand,2012,BMC Public Health,10.1186/1471-2458-12-80,https://openalex.org/W2101761001,off-topic-false-hit,"BACKGROUND: Health literacy concerns the knowledge and competences of persons to meet the complex demands of health in modern society. Although its importance is increasingly recognised, there is no consensus about the definition of health literacy or about its conceptual dimensions, which limits the possibilities for measurement and comparison. The aim of the study is to review definitions and models on health literacy to develop an integrated definition and conceptual model capturing the most comprehensive evidence-based dimensions of health literacy. METHODS: A systematic literature review was performed to identify definitions and conceptual frameworks of health literacy. A content analysis of the definitions and conceptual frameworks was carried out to identify the central dimensions of health literacy and develop an integrated model. RESULTS: The review resulted in 17 definitions of health literacy and 12 conceptual models. Based on the content analysis, an integrative conceptual model was developed containing 12 dimensions referring to the knowledge, motivation and competencies of accessing, understanding, appraising and applying health-related information within the healthcare, disease prevention and health promotion setting, respectively. CONCLUSIONS: Based upon this review, a model is proposed integrating medical and public health views of health literacy. The model can serve as a basis for developing health literacy enhancing interventions and provide a conceptual basis for the development and validation of measurement tools, capturing the different dimensions of health literacy within the healthcare, disease prevention and health promotion settings.","dblp, openalex, ieee, scopus",llm,1.000,unreviewed,
discarded,Building health literacy system capacity: a framework for health literate systems,Kristine Sørensen; Diane Levin‐Zamir; Tuyen Van Duong; Orkan Okan; Virgínia Visconde Brasil; Don Nutbeam,2021,Health Promotion International,10.1093/heapro/daab153,https://openalex.org/W4200020326,off-topic-false-hit,"The human and social implications of poor health literacy are substantial and wide-ranging. Health literacy represents the personal competencies and organizational structures, resources and commitment that enable people to access, understand, appraise and use information and services in ways that promote and maintain good health. A large-scale societal improvement of health literacy will require political buy-in and a systematic approach to the development of health literacy capacity at all levels. This article builds the case for enhancing health literacy system capacity and presents a framework with eight action areas to accommodate the structural transformation needed at micro, meso and macro levels, including a health literate workforce, health literate organization, health literacy data governance, people-centred services and environments based on user engagement, health literacy leadership, health literacy investments and financial resources, health literacy-informed technology and innovation, and partnerships and inter-sectoral collaboration. Investment in the health literacy system capacity ensures an imperative and systemic effort and transformation which can be multiplied and sustained over time and is resilient towards external trends and events, rather than relying on organizational and individual behavioural change alone. Nevertheless, challenges still remain, e.g. to specify the economic benefits more in detail, develop and integrate data governance systems and go beyond healthcare to engage in health literacy system capacity within a wider societal context.","dblp, openalex, ieee, scopus",llm,1.000,unreviewed,
discarded,"Intentional and incidental second language vocabulary learning: a reappraisal of elaboration, rehearsal and automaticity",Jan H. Hulstijn,2001,Cambridge University Press eBooks,10.1017/cbo9781139524780.011,https://openalex.org/W1867068321,off-topic-false-hit,"Introduction Most learners of a second language (L2) feel concerned with the burden of vocabulary learning and worry about the question of how to cope with the formidable task of learning thousands of words. This has been documented by a number of questionnaire, interview and case studies (Gu & Johnson, 1996; Jones, 1995; Lawson & Hogden, 1996; Porte, 1988; Sanaoui, 1995). Because of the sheer magnitude of the vocabulary learning task it is only quite natural that many L2 teachers feel uncertain about how to guide their students. Should they require their students to learn words intentionally, perhaps even by rote, or should they believe the rumours that intentional learning is not conducive to language learning? How much credence should they give to ideas like ‘new vocabulary must be presented in context’ and ‘the best way to acquire vocabulary is by “picking up” words incidentally, as a by-product of being exposed to large amounts of L2 input in reading and listening tasks’? This chapter will look at what various theories have to say about incidental and intentional vocabulary learning. It will focus especially on three issues of key importance for L2 pedagogy: (1) the quality of information processing when an unfamiliar word is first encountered; (2) the quantity and quality of rehearsal activities needed for a word to be permanently available; and (3) the training of automatic access to word knowledge necessary for fluent language use.","dblp, openalex, ieee, scopus",llm,1.000,unreviewed,
discarded,English Language Learning and Technology,Carol A. Chapelle,2003,Language learning and language teaching,10.1075/lllt.7,https://openalex.org/W4242715983,off-topic-false-hit,"This book explores implications for applied linguistics of recent developments in technologies used in second language teaching and assessment, language analysis, and language use. Focusing primarily on English language learning, the book identifies significant areas of interplay between technology and applied linguistics, and it explores current perspectives on perennial questions such as how theory and research on second language acquisition can help to inform technology-based language learning practices, how the multifaceted learning accomplished through technology can be evaluated, and how theoretical perspectives can offer insight on data obtained from research on interaction with and through technology. The book illustrates how the interplay between technology and applied linguistics can amplify and expand applied linguists’ understanding of fundamental issues in the field. Through discussion of computer-assisted approaches for investigating second language learning tasks and assessment, it illustrates how technology can be used as a tool for applied linguistics research.","dblp, openalex, ieee, scopus",llm,1.000,unreviewed,
discarded,"Preparing language teachers to teach language online: a look at skills, roles, and responsibilities",Lily Compton,2009,Computer Assisted Language Learning,10.1080/09588220802613831,https://openalex.org/W1970474305,off-topic-false-hit,This paper reviews and critiques an existing skills framework for online language teaching. This critique is followed by an alternative framework for online language teaching skills. This paper also uses a systems view to look at the roles and responsibilities of various stakeholders in an online learning system. Four major recommendations are provided to help language teacher training programs prepare future language teachers for online language teaching.,"dblp, openalex, ieee, scopus",llm,1.000,unreviewed,
