status,title,authors,year,venue,doi,url,tags,abstract,provider,decision_source,llm_confidence,llm_review_outcome,llm_change_direction
kept,Electronic Grammars and Reproducible Research,Mike Maxwell,2012,The COCOON platform (University of Paris),,https://openalex.org/W2171760567,qualifies-claim,"It is time for grammatical descriptions to become reproducible research. In order for this to happen, grammar descriptions must be testable, not only by the original author, but also by other linguists. Given the complexity of natural language grammars, and the ambiguity of prose descriptions, that testing is best done using computational tools to verify a computationally implementable grammar. At the same time, grammars need to be useful---and testable---for the foreseeable future; that is, they must be archivable. Yet if a computational grammar is tied to particular computational tools, it will inevitably become obsolescent. This paper describes a means of creating computationally interpretable grammars which are not tied to particular computational tools, nor (to the extent possible) to any particular linguistic theory, and which can therefore be expected to remain useful into the future. In order to make such formal grammars simultaneously understandable to humans, they are embedded into descriptive grammars of a more traditional sort, using the technique of Literate Programming. The implementation of this technology for morphology and phonology is described. It has been used to create morphological grammars for Bangla, Urdu and Pashto which are both human-readable and computationally testable.",openalex,llm,0.800,unreviewed,
discarded,Biometrical Journal and Reproducible Research,Torsten Hothorn; Leonhard Held; Tim Friede,2009,Biometrical Journal,10.1002/bimj.200900154,https://openalex.org/W2036089620,adjacent-subtopic,"Biometrical Journal serves the scientific community for over 50 years by publishing biostatistical innovations (Bergholt et al., 2008; Victor et al., 2008). These articles make a difference in many fields of our discipline, for example, in clinical trials methodology or survival analysis. Even more important, the journal helps to transfer new theoretical insights and statistical methods to medicine and life sciences. Although being already very successful in this direction, there remains much to be done to further increase the quality of articles published by Biometrical Journal and to increase the scientific impact of this research. Almost all articles in Biometrical Journal present new methodology, and many authors provide mathematical proofs demonstrating correctness or optimality in some sense. These theoretical contributions are carefully checked by referees and Associate Editors. This thorough review process ensures the high quality of accepted articles. Theoretical results are often accomplished by empirical investigations. The majority of authors choose to analyse data previously published elsewhere to demonstrate the practical relevance of their contribution. The performance of new statistical methodology is often studied empirically through simulation experiments. However, empirical investigations rely heavily on data and computer programs. Correct and efficient implementation in a computer program is crucial for simulation experiments, for summarising the results in figures and tables, and for the statistical analysis of real data. Although referees try to do their best to detect inconsistencies in the theoretical parts of an article, it is hard to comment on the validity of simulation experiments or the correctness of a specific data analysis. Indeed, due to the increasing complexity of statistical methodology with many control or tuning parameters, it is often impossible to reproduce published results. For example, in a recent letter to the Editor, Rubio and Pérez-Elizalde (2009) have identified numerical problems of a Markov Chain Monte Carlo (MCMC) analysis in Mendoza and Gutiérrez-Pena (1999). The article is perfectly valid from a theoretical point of view and the MCMC algorithm used is also correct in principle. However, convergence problems and perhaps too small Monte Carlo sample size have led to rather misleading results. Moreover, for many practitioners, it may be hard or even impossible to apply a new method if no software is readily available. Under these circumstances, it is unlikely that a new method will make its way into applications. Thus, an article might not get the credit (usually measured by the number of citations) it deserves. Why? The reason is simple and best described by what de Leeuw (2001) coined Claerbout's principle after the geophysicist Jon Claerbout: An article about computational science in a scientific publication is not the scholarship itself, it is merely advertising of the scholarship. The actual scholarship is the complete software development environment and the complete set of instructions which generate the figures. This principle has been defined by Buckheit and Donoho (1995) and is elaborated by Schwab, Karrenbach, and Claerbout, (2000). Translated into biostatistical terms this simply means: The scholarship does not only consist of theorems and proofs but also (and perhaps even more important) of data, computer code and a runtime environment which provides readers with the possibility to reproduce all tables and figures in a article. In this sense, a piece of reproducible research is an article that provides readers with all the materials that are needed to produce the same results as described in the publication. These ideas have been widely adopted in statistics in the meantime, see for example Leisch and Rossini (2003) or Gentleman and Temple Lang (2007). An important question comes to our mind: Which proportion of articles in Biometrical Journal actually meets this high-quality standard? As statisticians, we have investigated this question by analysing a small questionnaire on all regular articles published last year in volume 50 of Biometrical Journal (omitting the special issue on Multiple Comparison Procedures). For each article, we recorded whether or not an article presents simulation results and one or more practical examples. In addition, we checked if access to data was given (either directly in the article or in the electronic form – we did not check references to other articles for the availability of the complete data). Last but not least, we looked for computer source code or binary programs implementing (parts of) the proposed methodology. In total, 56 articles have been published in the five regular issues of volume 50. As summarised in Table 1, there are 53 articles with either simulations and/or illustrating examples. Only 17 of these articles provide access to data in some form and only eight articles give the readers the possibility to experiment themselves with computer code. Access to both code and data was given by six articles (Piepho, Richter, and Williams, 2008; Häducke, Pahlke, and Ziegler, 2008; Kuss, Blankenburg, and Härting, 2008; Bretz et al., 2008; Hothorn, Bretz, and Westfall, 2008; Li et al., 2008), corresponding to 11% of articles that at least potentially can be seen as reproducible research. That is not too bad, but there is much room for improvement. The problem of non-reproducible research has recently been tackled from two slightly different points of view. The first one is a computer science view, offering ideas such as Literate Programming (Knuth, 1992) and tools such as noweb (Ramsey, 1994) and Sweave (Leisch, 2002) to create documents that contain the whole scholarship, i.e. textual descriptions including theoretical derivations as well as data and computer code for the empirical part. Also very interesting is the current discussion regarding the quality of statistical analyses in medical journals, i.e. the more “practical” view on the problem. Three prominent journals, the Annals of Internal Medicine, the American Journal of Epidemiology and Biostatistics, are currently moving towards making research articles reproducible by asking authors to provide access to both data and computer code (Peng, Dominici and Zeger, 2006; Laine et al., 2007; Peng, 2009). It is our aim to increase the quality, usefulness and scientific impact of Biometrical Journal articles through reproducibility. Of course, this is a long-term goal and insisting on full reproducibility is certainly too ambitious. Availability of data or software may even be impossible in some circumstances. However, we want to encourage authors to move with us in this direction and to submit data and software with the manuscript. In our view, there is no better advertising for new methodology than providing data and computer code for the reader. After acceptance of an article, supporting information will undergo an additional reproducibility check by the Associate Editor for Reproducible Research (currently Torsten Hothorn). He will help the authors to provide computer code which will be useful to readers and which will eventually increase the impact of their work.",openalex,llm,0.950,unreviewed,
kept,Rnoweb: Literate programming with and for R,George Ihaka,2011,ResearchSpace (University of Auckland),,https://openalex.org/W3152331700,qualifies-claim,"Rnoweb is an R package that provides literate programming support in and for R. It is a reimplementation of Norman Ramsey's noweb, written entirely in R.",openalex,llm,0.950,unreviewed,
kept,patchSynctex: Communication Between Editor and Viewer for Literate Programs,Jan Gleixner; Emmanuel Charpentier,2015,,10.32614/cran.package.patchsynctex,https://openalex.org/W4399495989,adjacent-subtopic,"This utility eases the debugging of literate documents ('noweb' files) by patching the synchronization information (the '.synctex(.gz)' file) produced by 'pdflatex' with concordance information produced by 'Sweave' or 'knitr' and 'Sweave' or 'knitr' ; this allows for bilateral communication between a text editor (visualizing the 'noweb' source) and a viewer (visualizing the resultant 'PDF'), thus bypassing the intermediate 'TeX' file.",openalex,llm,0.830,unreviewed,
discarded,Comprehensive literature review and statistical considerations for microarray meta-analysis,George C. Tseng; Debashis Ghosh; Eleanor Feingold,2012,Nucleic Acids Research,10.1093/nar/gkr1265,https://openalex.org/W1998712640,off-topic-false-hit,"With the rapid advances of various high-throughput technologies, generation of '-omics' data is commonplace in almost every biomedical field. Effective data management and analytical approaches are essential to fully decipher the biological knowledge contained in the tremendous amount of experimental data. Meta-analysis, a set of statistical tools for combining multiple studies of a related hypothesis, has become popular in genomic research. Here, we perform a systematic search from PubMed and manual collection to obtain 620 genomic meta-analysis papers, of which 333 microarray meta-analysis papers are summarized as the basis of this paper and the other 249 GWAS meta-analysis papers are discussed in the next companion paper. The review in the present paper focuses on various biological purposes of microarray meta-analysis, databases and software and related statistical procedures. Statistical considerations of such an analysis are further scrutinized and illustrated by a case study. Finally, several open questions are listed and discussed.",openalex,llm,0.990,unreviewed,
discarded,Towards effective model checking,T.C. Ruys,2001,University of Twente Research Information,10.3990/1.9789036515641,https://openalex.org/W1578477039,off-topic-false-hit,"This dissertation describes research into the effective application of model checkers, smart computer programs which can be used to find errors in (the designs of) systems.",openalex,llm,0.990,unreviewed,
discarded,"Planning, optimisation and evaluation of hyperthermia treatments",H. Petra Kok; A.N.T.J. Kotte; Johannes Crezee,2017,International Journal of Hyperthermia,10.1080/02656736.2017.1295323,https://openalex.org/W2588123889,off-topic-false-hit,"BACKGROUND: Hyperthermia treatment planning using dedicated simulations of power and temperature distributions is very useful to assist in hyperthermia applications. This paper describes an advanced treatment planning software package for a wide variety of applications. METHODS: The in-house developed C++ software package Plan2Heat runs on a Linux operating system. Modules are available to perform electric field and temperature calculations for many heating techniques. The package also contains optimisation routines, post-treatment evaluation tools and a sophisticated thermal model enabling to account for 3D vasculature based on an angiogram or generated artificially using a vessel generation algorithm. The use of the software is illustrated by a simulation of a locoregional hyperthermia treatment for a pancreatic cancer patient and a spherical tumour model heated by interstitial hyperthermia, with detailed 3D vasculature included. RESULTS: The module-based set-up makes the software flexible and easy to use. The first example demonstrates that treatment planning can help to focus the heating to the tumour. After optimisation, the simulated absorbed power in the tumour increased with 50%. The second example demonstrates the impact of accurately modelling discrete vasculature. Blood at body core temperature entering the heated volume causes relatively cold tracks in the heated volume, where the temperature remains below 40 °C. CONCLUSIONS: A flexible software package for hyperthermia treatment planning has been developed, which can be very useful in many hyperthermia applications. The object-oriented structure of the source code allows relatively easy extension of the software package with additional tools when necessary for future applications.",openalex,llm,0.980,unreviewed,
discarded,Specifying representations of machine instructions,Norman F. Ramsey; Mary Fernández,1997,ACM Transactions on Programming Languages and Systems,10.1145/256167.256225,https://openalex.org/W2024347417,off-topic-false-hit,"We present SLED, a specification language for Encoding and Decoding, which describes, abstract, binary, and assembly-language representations of machine instructions. Guided by a SLED specification, the New Jersey Machine-Code Toolkit generates bit-manipulating code for use in applications that process machine code. Programmers can write such applications at an assembly language level of abstraction, and the toolkit enables the applications to recognize and emit the binary representations used by the hardware. SLED is suitable for describing both CISC and RISC machines; we have specified representations of MIPS R3000, SPARC, Alpha, and Intel Pentium instructions, and toolkit users have written specifications for the Power PC and Motorola 68000. The article includes representative excerpts from our SPARC and Pentium specifications. SLED uses four elements; fields and tokens describe parts of instructions; patterns describe binary representations of instructions or group of instructions; and constructors map between the abstract and binary levels. By combining the elements in different ways, SLED supports machine-independent implementations of machine-level concepts like conditional assembly, span-dependent instructions, relocatable addresses, object code, sections, and relocation. SLED specifications can be checked automatically for consistency with existing assemblers. The implementation of the toolkit is largely determined by our representations of patterns and constructors. We use a normal form that facilitates construction of encoders and decoders. The article describes the normal form and its use. The toolkit has been used to help build several applications. We have built a retargetable debugger and a retargetable, optimizing linker. Colleagues have built a dynamic code generator, a decompiler, and an execution-time analyzer. The toolkit generates efficient code; for example, the linker emits binary up to 15% faster than it emits assembly language, making it 1.7-2 times faster to produce an a.out directly than by using the assembler.",openalex,llm,0.970,unreviewed,
discarded,Pretty-printing within the ASF+SDF Meta-Environment: a generic approach,Mark van den Brand; M. de Jonge,1999,Data Archiving and Networked Services (DANS),,https://openalex.org/W84949776,off-topic-false-hit,"The automatic generation of formatters for (programming) languages within the Asf+Sdf Meta-Environment is a research topic that is concerned with the construction of language specific formatters (or pretty-printers) given a language definition in Sdf. In this paper, we give an overview of pretty-printers that have been developed within this project and observe that these pretty-printers are either language dependent or non-customizable. Language independence and customizability are inevitable properties of pretty-printers however, when faced with the problem of formatting many different, evolving languages. Therefore, we introduce in this paper a generic framework for pretty-printing and describe an instantiation of the framework that forms a language independent and customizable pretty-printer.",openalex,llm,0.960,unreviewed,
kept,Comprehension of Literate Programs by Novice and Intermediate Programmers,Christopher Bertholf,2000,,10.15760/etd.6456,https://openalex.org/W2913353499,supports-claim,"The studies reported herein compare comprehension of Lit style literate programs to that of traditional modular programs documented by embedded comments. Novice and intermediate programmers participated in three experiments designed to determine the comprehensibility of literate programs written using a language-independent system for abstraction-oriented literate programming compared with programs written using traditional modular programming techniques (traditional modular programs). Programs were written in either the C or FORTRAN programming language. Half of the subjects in each group received a literate program, while the other half received a traditional modular program with embedded documentation. Subjects received a problem specification, input and output specifications, and a language reference for use in the study. Subjects were asked to perform a program maintenance task (complete an incomplete program). The maintenance task was used as a measure of comprehension; it simulates an actual task in the software engineering industry that requires program comprehension in order to be completed. The elapsed time to effect a solution was recorded. The completed programs were judged as correct, functionally correct with syntax errors, or incorrect; several reconstructive program comprehension measures were also collected and analyzed. The clear overall result was that subjects using the literate programs found a solution (correct or functionally correct with syntax errors) more often than did subjects using the traditional modular programs with embedded comments. In fact, none of the subjects in this study who modified the traditional programs were able to effect a solution that was totally correct, nor even one that was functionally correct with syntax errors.",openalex,llm,0.920,unreviewed,
kept,Literate programming simplified,Norman F. Ramsey,1994,IEEE Software,10.1109/52.311070,https://openalex.org/W2032143644,noweb-origin,"Literate programming tools let you arrange the parts of a program in any order and extract documentation and code from the same source file. The author argues that language-dependence and feature complexity have hampered acceptance of these tools, then offers a simpler alternative.>",openalex,human,0.990,human,
discarded,R Markdown: Integrating A Reproducible Analysis Tool into Introductory Statistics,Benjamin S. Baumer; Mine Çetinkaya-Rundel; Andrew Bray; Linda Loi; Nicholas J. Horton,2014,Technology Innovations in Statistics Education,10.5070/t581020118,https://openalex.org/W2964026766,adjacent-subtopic,"Nolan and Temple Lang argue that “the ability to express statistical computations is an es- sential skill.” A key related capacity is the ability to conduct and present data analysis in a way that another person can understand and replicate. The copy-and-paste workflow that is an artifact of antiquated user-interface design makes reproducibility of statistical analysis more difficult, especially as data become increasingly complex and statistical methods become increasingly sophisticated. R Markdown is a new technology that makes creating fully-reproducible statistical analysis simple and painless. It provides a solution suitable not only for cutting edge research, but also for use in an introductory statistics course. We present experiential and statistical evidence that R Markdown can be used effectively in introductory statistics courses, and discuss its role in the rapidly-changing world of statistical computation.",openalex,llm,0.900,unreviewed,
discarded,Best Practices for Scientific Computing,Greg Wilson; D. A. Aruliah; C. Titus Brown; Neil Chue Hong; M. Ryleigh Davis; Richard Guy; Steven H. D. Haddock; Kathryn Huff; Ian M. Mitchell; Mark D. Plumbley; B. M. Waugh; Ethan P. White; Paul Wilson,2014,PLoS Biology,10.1371/journal.pbio.1001745,https://openalex.org/W2131966673,adjacent-subtopic,"Scientists spend an increasing amount of time building and using software. However, most scientists are never taught how to do this efficiently. As a result, many are unaware of tools and practices that would allow them to write more reliable and maintainable code with less effort. We describe a set of best practices for scientific software development that have solid foundations in research and experience, and that improve scientists' productivity and the reliability of their software.",openalex,llm,0.880,unreviewed,
