status,title,authors,year,venue,doi,url,tags,abstract,provider,decision_source,llm_confidence,llm_review_outcome,llm_change_direction
PES is not a silver bullet that can be used to address any environmental problem, but a tool tailored to address a specific set of problems: those in which ecosystems are mismanaged because many of their benefits are externalities from the perspective of ecosystem managers. PES is based on the beneficiary-pays rather than the polluter-pays principle, and as such is attractive in settings where ES providers are poor, marginalized landholders or powerful groups of actors. An important distinction within PES is between user-financed PES in which the buyers are the users of the ES, and government-financed PES in which the buyers are others (typically the government) acting on behalf of ES users. In practice, PES programs differ in the type and scale of ES demand, the payment source, the type of activity paid for, the performance measure used, as well as the payment mode and amount. The effectiveness and efficiency of PES depends crucially on program design. (C) 2008 Published by Elsevier B.V.","dblp, openalex, ieee, scopus",llm,0.990,unreviewed,
discarded,,Miltiadis Allamanis; Earl T. Barr; Prémkumar Dévanbu; Charles Sutton,,Edinburgh Research Explorer (University of Edinburgh),,https://openalex.org/W2963935794,adjacent-subtopic,"Research at the intersection of machine learning, programming languages, and software engineering has recently taken important steps in proposing learnable probabilistic models of source code that exploit the abundance of patterns of code. In this article, we survey this work. We contrast programming languages against natural languages and discuss how these similarities and differences drive the design of probabilistic models. We present a taxonomy based on the underlying design principles of each model and use it to navigate the literature. Then, we review how researchers have adapted these models to application areas and discuss cross-cutting and application-specific challenges and opportunities.","dblp, openalex, ieee, scopus",llm,0.970,unreviewed,
discarded,Understanding in an instant: Neurophysiological evidence for mechanistic language circuits in the brain,Friedemann Pulvermüller; Yury Shtyrov; Olaf Hauk,2009,Brain and Language,10.1016/j.bandl.2008.12.001,https://openalex.org/W2128134362,off-topic-false-hit,"How long does it take the human mind to grasp the idea when hearing or reading a sentence? Neurophysiological methods looking directly at the time course of brain activity indexes of comprehension are critical for finding the answer to this question. As the dominant cognitive approaches, models of serial/cascaded and parallel processing, make conflicting predictions on the time course of psycholinguistic information access, they can be tested using neurophysiological brain activation recorded in MEG and EEG experiments. Seriality and cascading of lexical, semantic and syntactic processes receives support from late (latency approximately 1/2s) sequential neurophysiological responses, especially N400 and P600. However, parallelism is substantiated by early near-simultaneous brain indexes of a range of psycholinguistic processes, up to the level of semantic access and context integration, emerging already 100-250ms after critical stimulus information is present. Crucially, however, there are reliable latency differences of 20-50ms between early cortical area activations reflecting lexical, semantic and syntactic processes, which are left unexplained by current serial and parallel brain models of language. We here offer a mechanistic model grounded in cortical nerve cell circuits that builds upon neuroanatomical and neurophysiological knowledge and explains both near-simultaneous activations and fine-grained delays. A key concept is that of discrete distributed cortical circuits with specific inter-area topographies. The full activation, or ignition, of specifically distributed binding circuits explains the near-simultaneity of early neurophysiological indexes of lexical, syntactic and semantic processing. Activity spreading within circuits determined by between-area conduction delays accounts for comprehension-related regional activation differences in the millisecond range.","dblp, openalex, ieee, scopus",llm,0.990,unreviewed,
discarded,Perceptions challenges and ethical concerns of ChatGPT use in Indian higher education institutions,Singh A.,2026,Discover Education,10.1007/s44217-026-01300-8,https://www.scopus.com/inward/record.uri?partnerID=HzOxMe3b&scp=105035781228&origin=inward,off-topic-false-hit,"This study examines how students and teachers in Indian higher education institutions (HEIs) perceive the use of ChatGPT for academic purposes. Adopting a qualitative descriptive design supported by thematic interpretation of focus group discussions, the research explores perceptions of ChatGPT’s academic significance, challenges in obtaining effective outputs, and associated ethical concerns. Participants were purposively selected from universities across India and included students ( n = 60) and teachers ( n = 20). The findings indicate that students demonstrated limited recognition of ChatGPT’s academic value, primarily due to difficulties in prompt formulation, perceived knowledge gaps, and ethical hesitation. Teachers, while acknowledging the tool’s potential, expressed caution regarding its implications for academic integrity, cognitive engagement, and long-term learning outcomes. Across both groups, the absence of clear institutional guidance emerged as a key barrier to confident and responsible use. Interpreted through the lens of the Technology Acceptance Model (TAM), the study proposes an illustrative conceptual framework to guide future empirical research on AI adoption in higher education. The study contributes context-specific qualitative insights to inform policy, pedagogy, and AI literacy initiatives in higher education settings.","dblp, openalex, ieee, scopus",llm,0.980,unreviewed,
discarded,A scoping review of artificial intelligence literacy in secondary education,Ghosh R.,2026,Discover Artificial Intelligence,10.1007/s44163-026-01408-8,https://www.scopus.com/inward/record.uri?partnerID=HzOxMe3b&scp=105046904116&origin=inward,off-topic-false-hit,"As artificial intelligence (AI) literacy gains prominence across global educational systems, there is an increasing need to understand how it is conceptualised and implemented in secondary schools. While previous reviews have examined AI literacy in broader K-12 contexts, secondary education remains underexplored. This scoping review synthesised peer-reviewed studies published between 2020 and 2025 that address AI-related curricula, instructional tools, and assessment practices in secondary schools. Following the Arksey and O’Malley framework and the PRISMA-ScR guidelines, 49 studies were included and categorised into four analytical domains: AI literacy concepts, AI curriculum development, AI-supported teaching and learning tools, and AI literacy assessment scales. The findings indicate that research on AI literacy in secondary education is rapidly expanding but remains geographically uneven, with a concentration in East Asia and North America. Conceptualisations of AI literacy vary widely, reflecting differing emphases on technical skills, ethical awareness, and socio-technical understanding. Curriculum-focused studies increasingly adopt ethics-integrated, project-based approaches that foster critical thinking, creativity, and the responsible use of AI. Instructional tools are primarily hands-on and application-oriented, functioning primarily to support conceptual understanding or to serve as personalised learning aids. However, assessment practices remain underdeveloped, relying heavily on self-report measures and integrating performance-based or socio-ethical dimensions only to a limited extent. Despite these contributions, the study is limited by secondary data and selected databases. Future work should prioritise the development of robust assessment scales, cross-cultural comparative studies, and policies that move beyond coding and cognitive skills to encompass the ethical use of AI. This study proposes a process-oriented theoretical model of AI literacy development in secondary education and provides practical implications for educators, researchers and policymakers.","dblp, openalex, ieee, scopus",llm,0.980,unreviewed,
discarded,A Correctness-First Introduction to Computer Science,Goenka V.,2026,Iticse 2026 Proceedings of the 31st ACM Conference on Innovation and Technology in Computer Science Education V 1,10.1145/3803400.3809367,https://www.scopus.com/inward/record.uri?partnerID=HzOxMe3b&scp=105045597736&origin=inward,adjacent-subtopic,"Introductory computer science courses commonly use programming for instruction and assessment. This has several weaknesses because working code is not a reliable proxy for complete understanding. Elements of instruction – mathematics, a specific programming language, syntax, test-cases – all come together to conflate the boundaries and the specific purposes of these tools. We propose a correctness-first pedagogical framework for introductory computer science that separating semantic reasoning from syntactic implementation. The framework structures problem solving into four epistemic stages: blueprint specifications expressed as pre- and postconditions, natural-language operational steps that make program behaviour explicit, code implementation, and proof of correctness. Central to this approach is a natural-language intermediate layer that enables students to reason about computation independently of programming syntax, making formal correctness reasoning accessible in early coursework. We describe BOOP, a tool that implements this framework through lecture-integrated workflows and assignment support. BOOP is delivered via a web-based IDE and a VS Code extension, and provides automated checking of loop invariants and specifications. We report on a classroom deployment across two semesters (48 students). Qualitative analysis indicates earlier and more explicit engagement with correctness criteria, improved handling of edge cases, and increased willingness to reason beyond test inputs. Our results suggest that correctness-first instruction is both pedagogically feasible in introductory CS courses and necessary for realigning assessment practices with foundational computational thinking goals in the presence of increasingly capable code-generation tools.","dblp, openalex, ieee, scopus",llm,0.940,unreviewed,
discarded,Computer Science Achievement and Writing Skills Predict Vibe Coding Proficiency,Thorgeirsson S.,2026,Conference on Human Factors in Computing Systems Proceedings,10.1145/3772318.3791666,https://www.scopus.com/inward/record.uri?partnerID=HzOxMe3b&scp=105038791703&origin=inward,adjacent-subtopic,"Many software development platforms now support LLM-driven programming, or “vibe coding”, a technique that allows one to specify programs in natural language and iterate from observed behavior, all without directly editing source code. While its adoption is accelerating, little is known about which skills best predict success in this workflow. We report a preregistered cross-sectional study with tertiary-level students (N = 100) who completed measures of computer-science achievement, domain-general cognitive skills, written-communication proficiency, and a vibe-coding assessment. Tasks were curated via an eight-expert consensus process and executed in a purpose-built, vibe-coding environment that mirrors commercial tools while enabling controlled evaluation. We find that both writing skill and CS achievement are significant predictors of vibe-coding performance, and that CS achievement remains a significant predictor after controlling for domain-general cognitive skills. The results may inform tool and curriculum design, including when to emphasize prompt-writing versus CS fundamentals to support future software creators.","dblp, openalex, ieee, scopus",llm,0.960,unreviewed,
discarded,Python for All: A Library Workshop for Bridging AI Literacy and Coding Skills,Scotti K.L.,2026,College and Research Libraries,10.5860/crl.87.2.127,https://www.scopus.com/inward/record.uri?partnerID=HzOxMe3b&scp=105034425743&origin=inward,adjacent-subtopic,,"dblp, openalex, ieee, scopus",llm,0.920,unreviewed,
discarded,Emerging perspectives on embodied intelligence in future smart manufacturing,Xia D.,2026,Journal of Industrial Information Integration,10.1016/j.jii.2025.101020,https://www.scopus.com/inward/record.uri?partnerID=HzOxMe3b&scp=105023432118&origin=inward,adjacent-subtopic,"Embodied intelligence has emerged as a transformative paradigm in artificial intelligence, representing the convergence of multimodal perception, cognitive reasoning, and physical interaction with the environment. In the context of smart manufacturing, it is increasingly recognized as a key enabler for future intelligent systems capable of adapting to dynamic, unstructured, and human-centric production environments. With the rapid development of large multimodal models, embodied intelligence is poised to achieve unprecedented levels of generalization, autonomy, and task versatility through continuous learning and real-world interaction. Therefore, this article conducts a systematic review of the current research status and development trends of embodied intelligence in smart manufacturing, analyzes its key technologies, summarizes typical application scenarios, and further discusses the challenges and future research directions, aiming to provide new insights and guidance for smart manufacturing driven by embodied intelligence.","dblp, openalex, ieee, scopus",llm,0.970,unreviewed,
discarded,From Chain-of-Note to Explainable Cognitive Prompting: Reproducible Multi-Layer Validation for Auditable LLM-Assisted PLC Programming : plainability and Deterministic Reasoning for Industrial PLC Applications,Adnyana K.,2026,12th 2026 International Conference on Control Decision and Information Technologies Codit 2026,10.1109/CoDIT70676.2026.11630927,https://www.scopus.com/inward/record.uri?partnerID=HzOxMe3b&scp=105047837256&origin=inward,adjacent-subtopic,"Explainability in Large Language Model (LLM)–assisted PLC programming is essential for industrial adoption, where engineers must understand, validate, and maintain generated control logic under strict safety and standardization constraints. Existing explainability-oriented prompting approaches such as Chain of Note (CoN) encourage intermediate reasoning disclosures, but they remain loosely structured, difficult to audit, and weakly aligned with the formal semantics of IEC 61131-3 and industrial engineering practice. As a result, CoN-style explanations may improve transparency without guaranteeing semantic rigor, traceability, or deployment readiness. We introduce Explainable Cognitive Prompting (ECP), a prompting architecture that replaces narrative rationales with an engineering-aligned scaffold that separates requirement interpretation, control strategy, safety argumentation, and IEC 61131-3 code evidence, producing reviewable and traceable explanations during synthesis. We evaluate ECP against CoN using a three-layer protocol: LLM-in-the-loop (LITL) scoring by five independent LLM validators, blinded Human-in-the-loop (HITL) assessment by two certified PLC engineers under the same rubric, and Bilingual Evaluation Understudy (BLEU) as a supplementary lexical reproducibility signal. ECP achieves higher correctness and safety-related scores and increases inter-rater agreement (Cohen-style statistics), indicating more consistent interpretation by independent reviewers. Overall, ECP reframes explainability as an audit-oriented contract that improves verifiable Programmable Logic Controller (PLC) code generation and supports repeatable evaluation.","dblp, openalex, ieee, scopus",llm,0.960,unreviewed,
discarded,"The Perceived Impact of AI-Assisted Writing Tools on Writing Autonomy, Confidence, and Creativity Among Cambodian First-Year University Students: A Quantitative Study",Pum M.,2026,Sage Open,10.1177/21582440251415304,https://www.scopus.com/inward/record.uri?partnerID=HzOxMe3b&scp=105027531206&origin=inward,off-topic-false-hit,"This study aimed to investigate the perceptions of Cambodian first-year university students regarding their use of AI-assisted writing tools (e.g., ChatGPT, Grammarly, QuillBot) and the impact on their writing autonomy, confidence, motivation, creativity, critical thinking, and experience with AI-assisted writing tools in their academic writing. First-year university English major students (n = 77) were randomly invited to participate in this study. Descriptive statistics, Pearson correlation coefficients, and hierarchical multiple regression analyses were conducted using the Statistical Package for the Social Sciences (SPSS) version 27. The results from the analysis indicated that AI-assisted writing tools support students’ writing autonomy, confidence, motivation, and critical thinking/creativity. However, 77.92% of students expressed their concerns regarding overreliance, which potentially weakens their independent writing skills. A significant majority (83.12%) believed that AI should complement, not replace, teacher feedback. The results from correlation analysis revealed positive relationships among all variables, with the recognition of AI's limitations strongly predicting students’ perception of using AI in writing. Hierarchical multiple regression analysis further revealed that the perceived AI enhances critical/creative thinking, confidence/motivation, and the students’ awareness of challenges and limitations of AI-assisted writing tools positively predict their perceptions of using AI in academic writing. These findings underscore the importance of developing AI literacy and integrating AI to enhance learning by balancing pedagogical strategies that foster independent writing and critical thinking skills.","dblp, openalex, ieee, scopus",llm,0.980,unreviewed,
discarded,A Multi-Dimensional Framework for Adaptive Scaffolding in Large Language Model,El Yabouri H.,2026,2026 6th International Conference on Innovative Research in Applied Science Engineering and Technology Iraset 2026,10.1109/IRASET68627.2026.11538832,https://www.scopus.com/inward/record.uri?partnerID=HzOxMe3b&scp=105042552293&origin=inward,adjacent-subtopic,"Adaptivity in systems based on large language Models (LLMs) is a relatively new direction in the research of intelligent tutoring systems (ITSs) and user modeling. This paper gives a detailed description of how adaptivity is realized in ITSs that integrate LLMs or LLMs themselves as pedagogical tools. The review aims to answer the question: What are the constitutive dimensions of adaptivity in dialogue-based scaffolding with Large Language Models, and how can these dimensions be formalized into a multi-dimensional framework to guide design and evaluation? We began by defining the concept of adaptivity based on comparison between the implementation of the rigid, rule-based architectures of traditional ITS and probabilistic, generative approaches capable of dynamic adaptation. The field of AIED currently lacks a theoretical framework for conceptualizing adaptivity in LLM-based systems. We address this gap by synthesizing findings from a systematic literature review and coupling them with inductive thematic analysis to develop a comprehensive multi-dimensional framework of adaptivity. We analyze and identify four constitutive dimensions through which LLM-based systems modify their behavior in response to learner needs: Cognitive Adaptivity (modulating informational content to match knowledge states), Strategic Adaptivity (adjusting pedagogical structure and timing of support), Affective Adaptivity (regulating emotional engagement through tone and persona), and Metacognitive Adaptivity (supporting selfregulation and reflective learning processes). All dimensions proposed in the analysis phase are grounded in learning sciences theory, particularly Vygotsky’s Zone of Proximal Development and Wood, Bruner, and Ross’s concept of scaffolding. We also discuss the implications of this shift, including the hallucination trade-off and ethical considerations surrounding overscaffolding. Providing a framework geared toward designers and researchers for designing pedagogically effective LLMbased tutoring systems that move beyond superficial conversational fluency toward strong educational impact.","dblp, openalex, ieee, scopus",llm,0.960,unreviewed,
