status,title,authors,year,venue,doi,url,tags,abstract,provider,decision_source,llm_confidence,llm_review_outcome,llm_change_direction
kept,Teaching Data Science with Literate Programming Tools,Marcus Birkenkrahe,2023,Digital,10.3390/digital3030015,https://openalex.org/W4386547043,adjacent-subtopic,"This paper presents a case study on using Emacs and Org-mode for literate programming in undergraduate computer and data science courses. Over three academic terms, the author mandated these tools across courses in R, Python, C++, SQL, and more. The onboarding relied on simplified Emacs tutorials and starter configurations. Students gained proficiency after undertaking initial practice. Live coding sessions demonstrated the flexible instruction enabled by literate notebooks. Assignments and projects required documentation alongside functional code. Student feedback showed enthusiasm for learning a versatile IDE, despite some frustration with the learning curve. Skilled students highlighted efficiency gains in a unified environment. However, the uneven adoption of documentation practices pointed to a need for better incorporation into grading. Additionally, some students found Emacs unintuitive, desiring more accessible options. This highlights a need to match tools to skill levels, potentially starting novices with graphical IDEs before introducing Emacs. The key takeaways are as follows: literate programming aids comprehension but requires rigorous onboarding and reinforcement, and Emacs excels for advanced workflows but has a steep initial curve. With proper support, these tools show promise for data science education.",openalex,llm,0.850,unreviewed,
discarded,A Practical Guide for Improving Transparency and Reproducibility in Neuroimaging Research,Krzysztof J. Gorgolewski; Russell A. Poldrack,2016,PLoS Biology,10.1371/journal.pbio.1002506,https://openalex.org/W2300867265,adjacent-subtopic,"Recent years have seen an increase in alarming signals regarding the lack of replicability in neuroscience, psychology, and other related fields. To avoid a widespread crisis in neuroimaging research and consequent loss of credibility in the public eye, we need to improve how we do science. This article aims to be a practical guide for researchers at any stage of their careers that will help them make their research more reproducible and transparent while minimizing the additional effort that this might require. The guide covers three major topics in open science (data, code, and publications) and offers practical advice as well as highlighting advantages of adopting more open research practices that go beyond improved transparency and reproducibility.",openalex,llm,0.900,unreviewed,
kept,Application of literate-programming principles for the description of a FORTRAN 90 extension to quaternion arithmetic,P.E. Atlamazoglou; Hristos T. Anastassiu; Dimitra I. Kaklamani,2001,IEEE Antennas and Propagation Magazine,10.1109/74.951564,https://openalex.org/W2020834932,qualifies-claim,"In an effort to effectively annotate and document a FORTRAN 90 module that extends the language's mathematical capabilities to the performance of quaternion operations, the literate-programming paradigm is adopted. The basic principles of this paradigm are discussed through a short introduction to the features of a specific literate-programming system known as FWEB. This system is then employed for the efficient presentation of the FORTRAN 90 quaternion arithmetic module.",openalex,llm,0.940,unreviewed,
discarded,Literary criticism and programming pedagogy,Corey Schou; Roland Nord,1988,,10.1145/322609.322617,https://openalex.org/W2021239524,adjacent-subtopic,"If one grants certain similarities between the programming and writing processes, then the critical perspectives adopted by the readers of literature may be generalizable to the readers of program texts. M.H. Abrams' classification of literary critical theories as expressive, mimetic, pragmatic, or objective serves as an impetus for a discussion of the reading and writing of program texts. Recognition that program texts can be viewed from numerous perspectives may serve as a liberating force in programming pedagogy.",openalex,llm,0.800,unreviewed,
kept,Natural Language Outlines for Code: Literate Programming in the LLM Era,Kensen Shi; Deniz Altınbüken; Saswat Anand; Mihai Christodorescu; Katja Grünwedel; Alexa Koenings; S Sanyasi Naidu; A. D. Pathak; Marc Rasi; Fredde Ribeiro; Brandon Ruffin; Siddhant Sanyam; Maxim Tabachnyk; Sara Toth; Roy Tu; Tobias Welp; Pengcheng Yin; Manzil Zaheer; Satish Chandra; Charles Sutton,2024,arXiv (Cornell University),10.48550/arxiv.2408.04820,https://openalex.org/W4402559751,adjacent-subtopic,"We propose using natural language outlines as a novel modality and interaction surface for providing AI assistance to developers throughout the software development process. An NL outline for a code function comprises multiple statements written in concise prose, which partition the code and summarize its main ideas in the style of literate programming. Crucially, we find that modern LLMs can generate accurate and high-quality NL outlines in practice. Moreover, NL outlines enable a bidirectional sync between code and NL, where a developer can change either code or NL and have the LLM automatically update the other. We discuss many use cases for NL outlines: they can accelerate understanding and navigation of code and diffs, simplify code maintenance, augment code search, steer code generation, and more. We then propose and compare multiple LLM prompting techniques for generating outlines and ask professional developers to judge outline quality. Finally, we present two case studies applying NL outlines toward code review and malware detection.",openalex,llm,0.840,unreviewed,
kept,Literate Statistical Practice,Anthony Rossini; Friedrich Leisch,2003,Collection of Biostatistics Research Archive,,https://openalex.org/W178162822,supports-claim,"Literate Statistical Practice (LSP, Rossini, 2001) describes an approach for creating self-documenting statistical results. It applies literate programming (Knuth, 1992) and related techniques in a natural fashion to the practice of statistics. In particular, documentation, specification, and descriptions of results are written concurrently with writing and evaluation of statistical programs. We discuss how and where LSP can be integrated into practice and illustrate this with an example derived from an actual statistical consulting project. The approach is simplified through the use of a comprehensive, open source toolset incorporating Noweb, Emacs Speaks Statistics (ESS), Sweave (Ramsey, 1994; Rossini, et al, 2002; Leisch, 2002; Ihaka and Gentlemen, 1996). We conclude with an assessment of LSP for the construction of reproducible, auditable, and comprehensible statistical analyses.",openalex,llm,0.980,unreviewed,
discarded,Publishing computational research - a review of infrastructures for reproducible and transparent scholarly communication,Markus Konkol; Daniel Nüst; Laura Goulier,2020,Research Integrity and Peer Review,10.1186/s41073-020-00095-y,https://openalex.org/W3043775495,adjacent-subtopic,"Abstract Background The trend toward open science increases the pressure on authors to provide access to the source code and data they used to compute the results reported in their scientific papers. Since sharing materials reproducibly is challenging, several projects have developed solutions to support the release of executable analyses alongside articles. Methods We reviewed 11 applications that can assist researchers in adhering to reproducibility principles. The applications were found through a literature search and interactions with the reproducible research community. An application was included in our analysis if it (i) was actively maintained at the time the data for this paper was collected, (ii) supports the publication of executable code and data, (iii) is connected to the scholarly publication process. By investigating the software documentation and published articles, we compared the applications across 19 criteria, such as deployment options and features that support authors in creating and readers in studying executable papers. Results From the 11 applications, eight allow publishers to self-host the system for free, whereas three provide paid services. Authors can submit an executable analysis using Jupyter Notebooks or R Markdown documents (10 applications support these formats). All approaches provide features to assist readers in studying the materials, e.g., one-click reproducible results or tools for manipulating the analysis parameters. Six applications allow for modifying materials after publication. Conclusions The applications support authors to publish reproducible research predominantly with literate programming. Concerning readers, most applications provide user interfaces to inspect and manipulate the computational analysis. The next step is to investigate the gaps identified in this review, such as the costs publishers have to expect when hosting an application, the consideration of sensitive data, and impacts on the review process.",openalex,llm,0.860,unreviewed,
discarded,Methods for enhancing the reproducibility of biomedical research findings using electronic health records,Spiros Denaxas; Kenan Direk; Arturo González-Izquierdo; Maria Pikoula; Sera Aylin Cakiroglu; Jason H. Moore; Harry Hemingway; Liam Smeeth,2017,BioData Mining,10.1186/s13040-017-0151-7,https://openalex.org/W2755621310,adjacent-subtopic,"BACKGROUND: The ability of external investigators to reproduce published scientific findings is critical for the evaluation and validation of biomedical research by the wider community. However, a substantial proportion of health research using electronic health records (EHR), data collected and generated during clinical care, is potentially not reproducible mainly due to the fact that the implementation details of most data preprocessing, cleaning, phenotyping and analysis approaches are not systematically made available or shared. With the complexity, volume and variety of electronic health record data sources made available for research steadily increasing, it is critical to ensure that scientific findings from EHR data are reproducible and replicable by researchers. Reporting guidelines, such as RECORD and STROBE, have set a solid foundation by recommending a series of items for researchers to include in their research outputs. Researchers however often lack the technical tools and methodological approaches to actuate such recommendations in an efficient and sustainable manner. RESULTS: In this paper, we review and propose a series of methods and tools utilized in adjunct scientific disciplines that can be used to enhance the reproducibility of research using electronic health records and enable researchers to report analytical approaches in a transparent manner. Specifically, we discuss the adoption of scientific software engineering principles and best-practices such as test-driven development, source code revision control systems, literate programming and the standardization and re-use of common data management and analytical approaches. CONCLUSION: The adoption of such approaches will enable scientists to systematically document and share EHR analytical workflows and increase the reproducibility of biomedical research using such complex data sources.",openalex,llm,0.880,unreviewed,
