status,title,authors,year,venue,doi,url,tags,abstract,provider,decision_source,llm_confidence,llm_review_outcome,llm_change_direction
discarded,Open Source Software for Spatial Data Science,Luc Anselin; Sergio J. Rey,2022,Geographical Analysis,10.1111/gean.12339,https://openalex.org/W4283706003,adjacent-subtopic,"Much progress has been made in the development of software tools for spatial analysis since the special issue of Geographical Analysis appeared in 2006, devoted to “Recent advances in software for spatial analysis in the social sciences” (Rey and Anselin 2006). The 15 some years since the publication of the issue have been marked by major changes in the spatial analytical software landscape. Arguably, three important and somewhat related phenomena can be distinguished that drove these changes: the embedding of spatial analysis into spatial data science; the growing recognition of open science/open source principles in empirical work; and the increasing adoption of a literate programming perspective.",openalex,llm,0.860,unreviewed,
discarded,Building documentation generators,Arie van Deursen; T. Kuipers,1999,,10.1109/icsm.1999.792497,https://openalex.org/W2129858079,adjacent-subtopic,"In order to maintain the consistency between sources and documentation, while at the same time providing documentation at the design level, it is necessary to generate documentation from sources in such a way that it can be integrated with hand-written documentation. In order to simplify the construction of documentation generators, we introduce island grammars, which only define those syntactic structures needed for (re)documentation purposes. We explain how they can be used to obtain various forms of documentation, such as data dependency diagrams for mainframe batch jobs. Moreover, we discuss how the derived information can be made available via a hypertext structure. We conclude with an industrial case study in which a 600,000 LOC COBOL legacy system is redocumented using the techniques presented in the paper.",openalex,llm,0.950,unreviewed,
discarded,Web scraping: a promising tool for geographic data acquisition,Alexander Brenning; Sebastian Henn,2023,arXiv (Cornell University),10.48550/arxiv.2305.19893,https://openalex.org/W4379089496,off-topic-false-hit,"With much of our lives taking place online, researchers are increasingly turning to information from the World Wide Web to gain insights into geographic patterns and processes. Web scraping as an online data acquisition technique allows us to gather intelligence especially on social and economic actions for which the Web serves as a platform. Specific opportunities relate to near-real-time access to object-level geolocated data, which can be captured in a cost-effective way. The studied geographic phenomena include, but are not limited to, the rental market and associated processes such as gentrification, entrepreneurial ecosystems, or spatial planning processes. Since the information retrieved from the Web is not made available for that purpose, Web scraping faces several unique challenges, several of which relate to location. Ethical and legal issues mainly relate to intellectual property rights, informed consent and (geo-) privacy, and website integrity and contract. These issues also effect the practice of open science. In addition, there are technical and statistical challenges that relate to dependability and incompleteness, data inconsistencies and bias, as well as the limited historical coverage. Geospatial analyses furthermore usually require the automated extraction and subsequent resolution of toponyms or addresses (geoparsing, geocoding). A study on apartment rent in Leipzig, Germany is used to illustrate the use of Web scraping and its challenges. We conclude that geographic researchers should embrace Web scraping as a powerful and affordable digital fieldwork tool while paying special attention to its legal, ethical, and methodological challenges.",openalex,llm,0.990,unreviewed,
discarded,A Large-Scale Study About Quality and Reproducibility of Jupyter Notebooks,João Felipe Pimentel; Leonardo Murta; Vanessa Braganholo; Juliana Freire,2019,,10.1109/msr.2019.00077,https://openalex.org/W2954370766,adjacent-subtopic,"Jupyter Notebooks have been widely adopted by many different communities, both in science and industry. They support the creation of literate programming documents that combine code, text, and execution results with visualizations and all sorts of rich media. The self-documenting aspects and the ability to reproduce results have been touted as significant benefits of notebooks. At the same time, there has been growing criticism that the way notebooks are being used leads to unexpected behavior, encourage poor coding practices, and that their results can be hard to reproduce. To understand good and bad practices used in the development of real notebooks, we studied 1.4 million notebooks from GitHub. We present a detailed analysis of their characteristics that impact reproducibility. We also propose a set of best practices that can improve the rate of reproducibility and discuss open challenges that require further research and development.",openalex,llm,0.930,unreviewed,
kept,The literate-programming paradigm,D. Cordes; M. Brown,1991,Computer,10.1109/2.86838,https://openalex.org/W2023361326,qualifies-claim,"Literate programming, a technique for coding software systems that promotes readability and comprehension, is examined in detail. The current literate-programming paradigm is reviewed by looking at two sample literate programs. A critique of literate programming as it is currently used is presented, and methods for enhancing the process are explored. A number of new facilities are proposed, and restrictions on current literate-programming practices are suggested.>",openalex,llm,0.970,unreviewed,
discarded,mgwr: A Python Implementation of Multiscale Geographically Weighted Regression for Investigating Process Spatial Heterogeneity and Scale,Taylor M. Oshan; Ziqi Li; Wei Kang; Levi John Wolf; A. Stewart Fotheringham,2019,ISPRS International Journal of Geo-Information,10.3390/ijgi8060269,https://openalex.org/W2948613401,off-topic-false-hit,"Geographically weighted regression (GWR) is a spatial statistical technique that recognizes that traditional ‘global’ regression models may be limited when spatial processes vary with spatial context. GWR captures process spatial heterogeneity by allowing effects to vary over space. To do this, GWR calibrates an ensemble of local linear models at any number of locations using ‘borrowed’ nearby data. This provides a surface of location-specific parameter estimates for each relationship in the model that is allowed to vary spatially, as well as a single bandwidth parameter that provides intuition about the geographic scale of the processes. A recent extension to this framework allows each relationship to vary according to a distinct spatial scale parameter, and is therefore known as multiscale (M)GWR. This paper introduces mgwr, a Python-based implementation of MGWR that explicitly focuses on the multiscale analysis of spatial heterogeneity. It provides novel functionality for inference and exploratory analysis of local spatial processes, new diagnostics unique to multi-scale local models, and drastic improvements to efficiency in estimation routines. We provide two case studies using mgwr, in addition to reviewing core concepts of local models. We present this in a literate programming style, providing an overview of the primary software functionality and demonstrations of suggested usage alongside the discussion of primary concepts and demonstration of the improvements made in mgwr.",openalex,llm,0.990,unreviewed,
discarded,SimpleITK Image-Analysis Notebooks: a Collaborative Environment for Education and Reproducible Research,Ziv Yaniv; Bradley Lowekamp; Hans J. Johnson; Richard Beare,2017,Journal of Imaging Informatics in Medicine,10.1007/s10278-017-0037-8,https://openalex.org/W2769556951,adjacent-subtopic,"Modern scientific endeavors increasingly require team collaborations to construct and interpret complex computational workflows. This work describes an image-analysis environment that supports the use of computational tools that facilitate reproducible research and support scientists with varying levels of software development skills. The Jupyter notebook web application is the basis of an environment that enables flexible, well-documented, and reproducible workflows via literate programming. Image-analysis software development is made accessible to scientists with varying levels of programming experience via the use of the SimpleITK toolkit, a simplified interface to the Insight Segmentation and Registration Toolkit. Additional features of the development environment include user friendly data sharing using online data repositories and a testing framework that facilitates code maintenance. SimpleITK provides a large number of examples illustrating educational and research-oriented image analysis workflows for free download from GitHub under an Apache 2.0 license: github.com/InsightSoftwareConsortium/SimpleITK-Notebooks .",openalex,llm,0.900,unreviewed,
discarded,SWI-Prolog,Jan Wielemaker; Tom Schrijvers; Markus Triska; Torbjörn Lager,2011,Theory and Practice of Logic Programming,10.1017/s1471068411000494,https://openalex.org/W2911601159,adjacent-subtopic,"Abstract SWI-Prolog is neither a commercial Prolog system nor a purely academic enterprise, but increasingly a community project. The core system has been shaped to its current form while being used as a tool for building research prototypes, primarily for knowledge-intensive and interactive systems. Community contributions have added several interfaces and the constraint (CLP) libraries. Commercial involvement has created the initial garbage collector, added several interfaces and two development tools: PlDoc (a literate programming documentation system) and PlUnit (a unit testing environment). In this article, we present SWI-Prolog as an integrating tool, supporting a wide range of ideas developed in the Prolog community and acting as glue between foreign resources. This article itself is the glue between technical articles on SWI-Prolog, providing context and experience in applying them over a longer period.",openalex,llm,0.740,unreviewed,
kept,An annotated bibliography of literate programming,Lisa M. Smith; Mansur H. Samadzadeh,1991,ACM SIGPLAN Notices,10.1145/122203.122204,https://openalex.org/W1977626599,adjacent-subtopic,This bibliography on literate programming was compiled while researching for a Master's thesis. The idea was obtained,openalex,llm,0.900,unreviewed,
kept,Theme-based literate programming,A. Kacofegitis; Neville Churcher,2003,,10.1109/apsec.2002.1183079,https://openalex.org/W2145333015,qualifies-claim,"The source code for computer programs is destined to be read by compilers and consequently its internal structure is heavily constrained. The compiler neither knows nor cares about such things as a program's internal structure, the relationships between its components and their specifications, the way design patterns are instantiated, the best way to explain its algorithms or how it is intended to be used. People do. Literate programming (LP) was invented by Donald Knuth as a way to address such problems. The idea is appealing but LP has not been adopted widely: the lack of good tools, difficulties with object-oriented languages and the limitations of a single psychological order are among the reasons. We report the development of theme-based literate programming (TBLP). Themes are extremely flexible: they may be aimed at particular reader groups or represent aspects of the program. Features of TBLP include an extended chunk model which accommodates a richer variety of types, an extended connection model which allows chunks to be threaded together into multiple themes, an enhanced processing model which generalises tangling and weaving and a chunk-level version management system. XML is used to represent the web structure and XML-based technologies such as XSLT are used in processing. This provides flexibility and extensibility, allowing users to define new chunk types. An application which implements TBLP is presented and the integration of TBLP with software engineering processes is discussed.",openalex,llm,0.950,unreviewed,
kept,Literate programming,Christopher J. Van Wyk,1987,Communications of the ACM,10.1145/28569.315738,https://openalex.org/W2340449256,adjacent-subtopic,"article Free Access Share on Literate programming Author: Christopher J. Van Wyk AT&T Bell Laboratories, Room 2C-457, 600 Mountain Avenue, Murray Hill, NJ AT&T Bell Laboratories, Room 2C-457, 600 Mountain Avenue, Murray Hill, NJView Profile Authors Info & Claims Communications of the ACMVolume 30Issue 7July 1987 pp 583–599https://doi.org/10.1145/28569.315738Published:01 July 1987Publication History 4citation621DownloadsMetricsTotal Citations4Total Downloads621Last 12 Months21Last 6 weeks2 Get Citation AlertsNew Citation Alert added!This alert has been successfully added and will be sent to:You will be notified whenever a record that you have chosen has been cited.To manage your alert preferences, click on the button below.Manage my Alerts New Citation Alert!Please log in to your account Save to BinderSave to BinderCreate a New BinderNameCancelCreateExport CitationPublisher SiteeReaderPDF",openalex,llm,0.690,unreviewed,
discarded,Literate programming,Christopher J. Van Wyk,1989,Communications of the ACM,10.1145/66451.315988,https://openalex.org/W4229590399,off-topic-false-hit,".I 'Moderatm's Introdyction to Column 5 The mailbox fairly overflowed with responses to Eric ~~~~ton's program to expand generalized regular secessions (Comnzunications, December 1988, p. 1376). 'l&%ry &tter said &at it would have been more appropriate to solve Mark Kahrs's problem in another programming language. The introduction should have pointed out that Kahrs% program, which needed a strig-qx;p&nsion function, was itself written in C; thus, the requirement that it be possible to plug any solution into the larger program without much fuss practically demanded that Hamilton write in C.",openalex,llm,0.970,unreviewed,
kept,Literate programming,Christopher J. Van Wyk,1987,Communications of the ACM,10.1145/33447.315760,https://openalex.org/W4229735566,adjacent-subtopic,"article Free Access Share on Literate programming Author: Christopher J. Van Wyk AT&T Bell Laboratories, Room 2C-457, 600 Mountain Avenue, Murray Hill, NJ AT&T Bell Laboratories, Room 2C-457, 600 Mountain Avenue, Murray Hill, NJView Profile Authors Info & Claims Communications of the ACMVolume 30Issue 12Dec. 1987pp 1000–1010https://doi.org/10.1145/33447.315760Published:01 December 1987Publication History 3citation466DownloadsMetricsTotal Citations3Total Downloads466Last 12 Months27Last 6 weeks4 Get Citation AlertsNew Citation Alert added!This alert has been successfully added and will be sent to:You will be notified whenever a record that you have chosen has been cited.To manage your alert preferences, click on the button below.Manage my AlertsNew Citation Alert!Please log in to your account Save to BinderSave to BinderCreate a New BinderNameCancelCreateExport CitationPublisher SiteeReaderPDF",openalex,llm,0.690,unreviewed,
discarded,"Languages, literacies and literate programming: can we use the latest theories on how bilingual people learn to help us teach computational literacies?",Sara Vogel; Christopher Hoadley; Ana Rebeca Miranda Castillo; Laura Ascenzi‐Moreno,2020,Computer Science Education,10.1080/08993408.2020.1751525,https://openalex.org/W3028850249,off-topic-false-hit,"Background and Context: In this theory paper, we explore the concept of translanguaging from bilingual education, and its implications for teaching and learning programming and computing in especially computer science (CS) for all initiatives.Objective: We use translanguaging to examine how programming is and isn't like using human languages. We frame CS as computational literacies. We describe a pedagogical approach for teaching computational literacies.Method: We review theory from applied linguistics, literacy, and computational literacy. We provide a design narrative of our pedagogical approach by describing activities from bilingual middle school classrooms integrating Scratch into academic subjects.Findings: Translanguaging pedagogy can leverage learners' (bilingual and otherwise) full linguistic repertoires as they engage with computational literacies.Implications: Our data helps demonstrate how translanguaging can be mobilized to do CS, which has implications for increasing equitable participation in computer science.",openalex,llm,0.980,unreviewed,
kept,"Against the Power of Algorithms Closing, Literate Programming, and Source Code Critique",Markus Krajewski,2019,Law/text/culture,10.14453/ltc.664,https://openalex.org/W3007343149,adjacent-subtopic,"Current commentaries on digital change have emphasised the reality of our increasing exposure to the power of algorithms. My intervention examines this assertion with a media-historical approach that traces arguments raised in a legal case to the point of software inception. I show that the power of algorithm is based on the eminent cultural techniques of reading and writing. As an antidote to this power, I propose the concept of source code critique, which draws upon historiography and so-called ‘literate programming’, and which could help to introduce transparency into an algorithm's opaque agency.",openalex,llm,0.770,unreviewed,
discarded,Understanding and improving the quality and reproducibility of Jupyter notebooks,João Felipe Pimentel; Leonardo Murta; Vanessa Braganholo; Juliana Freire,2021,Empirical Software Engineering,10.1007/s10664-021-09961-9,https://openalex.org/W3160344069,adjacent-subtopic,,openalex,llm,0.930,unreviewed,
kept,Supporting tailorable program visualisation through literate programming and fisheye views,Andy Cockburn,2001,Information and Software Technology,10.1016/s0950-5849(01)00182-3,https://openalex.org/W2111690561,adjacent-subtopic,"This paper describes the 'Jaba' program editor and browser that allows users to tailor the level of abstraction at which they visualise, browse, edit and document object-oriented programs. Its design draws on concepts from literate programming, holophrasting displays, fisheye visualisation and hypertext to allow programmers to rapidly move between abstract and detailed views of Java classes. The paper focuses on the motivation for, and user interface issues surrounding, the integration of these facilities in Jaba. Limitations in the current tools and theories for programming support are identified, and modifications are proposed and demonstrated. Examples include overcoming the static post-hoc documentation support provided by Javadoc, and normalising Fumas's 'degree of interest' fisheye visualisation formula to avoid excessive suppression of program segments. (C) 2001 Elsevier Science B.V. All rights reserved.",openalex,llm,0.860,unreviewed,
discarded,Colaroid: A Literate Programming Approach for Authoring Explorable Multi-Stage Tutorials,April Yi Wang; Andrew Head; Ge Zhang; Steve Oney; Christopher Brooks,2023,,10.1145/3544548.3581525,https://openalex.org/W4366549868,adjacent-subtopic,"Multi-stage programming tutorials are key learning resources for programmers, using progressive incremental steps to teach them how to build larger software systems. A good multi-stage tutorial describes the code clearly, explains the rationale and code changes for each step, and allows readers to experiment as they work through the tutorial. In practice, it is time-consuming for authors to create tutorials with these attributes. In this paper, we introduce Colaroid, an interactive authoring tool for creating high quality multi-stage tutorials. Colaroid tutorials are augmented computational notebooks, where snippets and outputs represent a snapshot of a project, with source code differences highlighted, complete source code context for each snippet, and the ability to load and tinker with any stage of the project in a linked IDE. In two laboratory studies, we found Colaroid makes it easy to create multi-stage tutorials, while offering advantages to readers compared to video and web-based tutorials.",openalex,llm,0.800,unreviewed,
kept,Literate Program Execution for Reproducible Research and Executable Papers,Sébastien Li‐Thiao‐Té,2012,Procedia Computer Science,10.1016/j.procs.2012.04.047,https://openalex.org/W1994235115,adjacent-subtopic,"Lepton is an automaton for literate executable papers. It enables researchers to publish their work in the form of a script or program that can generate the research paper along with the corresponding source code, input data and output results. Lepton files do not contain pre-computed results, but the full set of instructions for reproducing the results presented in the manuscript. Taking inspiration from literate programming for code review and code re-use, we have written Lepton to facilitate the review and re-use of computational methods. Lepton is designed to provide strong guarantees for the reproducibil-ity of the results, many features for easily applying the methods to new data while remaining unobtrusive and easy to deploy in any environment. Lepton is designed for writing reproducible technical reports during method development, and journal manuscripts when the research is polished. Developped independently from the Elsevier Executable Paper Grand Challenge, it addresses similar issues and objectives. This manuscript was written with Lepton.",openalex,llm,0.880,unreviewed,
