status,title,authors,year,venue,doi,url,tags,abstract,provider,decision_source,llm_confidence,llm_review_outcome,llm_change_direction
discarded,"Impacts of Traditional, Digital, and AI-Integrated Home Literacy Environments on Children’s Literacy Skills: A Cross-Sectional Study",Quan S.,2026,Early Education and Development,10.1080/10409289.2025.2573078,https://www.scopus.com/inward/record.uri?partnerID=HzOxMe3b&scp=105019780974&origin=inward,off-topic-false-hit,"ABSTRACT Research Fingdings: Building upon the foundational Home Literacy Environment (HLE) model, this study presents a contemporary framework that incorporates digital literacy practices and Artificial Intelligence (AI) technologies, such as ChatGPT, alongside traditional literacy activities. 74 U.S. families with children aged 5–7 participated in the study. Using hierarchical linear regressions, findings indicate a non-significant relationship between children’s literacy skills and both digital literacy practices and the use of AI tools (e.g. ChatGPT) by parents and children. The study highlights children’s active engagement in digital and AI-integrated literacy activities while reaffirming the essential role of parental involvement and print-based reading resources in fostering children’s language development. Practice or Policy: The findings reveal the growing presence of digital and AI tools in early literacy practices, contributing to an evolving understanding of the HLE and emphasizing the effective and responsive integration of technology in early literacy environments. The study also advocates for equitable access to both digital and traditional literacy resources and calls for ongoing research into the long-term effects of digital and AI technologies on children’s literacy development.","dblp, openalex, ieee, scopus",llm,0.980,unreviewed,
discarded,Augmented Vision-Language Models: A Systematic Review,Davis A.C.,2026,Transactions on Machine Learning Research,,https://www.scopus.com/inward/record.uri?partnerID=HzOxMe3b&scp=105030077685&origin=inward,adjacent-subtopic,,"dblp, openalex, ieee, scopus",llm,0.970,unreviewed,
discarded,Virtual Tutors and AI-Powered Instructional Tools in K-12 Settings,Papadakis S.,2026,Virtual Tutors and AI Powered Instructional Tools in K 12 Settings,10.4018/979-8-3373-2637-5,https://www.scopus.com/inward/record.uri?partnerID=HzOxMe3b&scp=105037228975&origin=inward,off-topic-false-hit,,"dblp, openalex, ieee, scopus",llm,0.990,unreviewed,
discarded,Generative AI in disability-inclusive learning: a bibliometric and systematic literature analysis,Krishnan U. C A.,2026,Disability and Rehabilitation Assistive Technology,10.1080/17483107.2026.2653073,https://www.scopus.com/inward/record.uri?partnerID=HzOxMe3b&scp=105035808397&origin=inward,off-topic-false-hit,"Abstract Generative Artificial Intelligence (GenAI) has rapidly permeated education, with growing implications for disability-inclusive practice. Objective: This review maps GenAI uses for students with disabilities since public LLM adoption, identifies research clusters, and surfaces gaps. Methods: Following SPAR-4-SLR, we searched Scopus and Google Scholar (publications Jan 1, 2022–Feb 6, 2025; English; journals/conferences). After screening, 88 records were retained for the qualitative SLR; a relevance subset (n = 49, score = 3) underwent bibliometric and text-mining analysis using TF-IDF, K-Means (k = 5), and PCA based visualisation; keyword co-occurrence networks were built in VOSviewer. Results: Five clusters emerged: (1) adaptive tools for autism and language learning; (2) inclusive/early-childhood AI integration; (3) game-based/adaptive learning; (4) broad ChatGPT applications across K–12/higher/special education; and (5) frameworks/conceptual models. ASD and dyslexia dominate; visual/hearing/motor impairments are underrepresented. Conclusions: GenAI shows promise for personalisation, AAC, and teacher support, but evidence is early-stage and uneven across disabilities. Recommendations include standardised reporting (datasets, prompts, guardrails), longitudinal evaluation, and policy frameworks aligning Universal Design for Learning (UDL) with AI ethics and privacy. A replication package (data/code) and a taxonomy for GenAI-inclusive learning are proposed. IMPLICATIONS FOR REHABILITATION Expand GenAI interventions beyond ASD and learning disabilities to address major gaps in rehabilitation support for visual, hearing, motor, and other complex disabilities as well: The current evidence base is disproportionately narrow, signalling an urgent need for inclusive GenAI design that meets the rehabilitation needs of all disability groups. Position GenAI as a catalyst for personalised, multimodal rehabilitation by integrating text, speech, image, and VR/AR outputs to strengthen Augmentative and Alternative Communication (AAC), social-communication training, motor practice, and real-world simulation: Such multimodal tools can enhance functional engagement and reduce barriers in both clinical and educational rehabilitation settings. Embed accessibility-first and ethics-centred frameworks such as Universal Design Language (UDL),Web Content Accessibility Guidelines (WCAG) including privacy-preserving architectures and bias mitigation into GenAI development to ensure safety, equitable access, and meaningful participation of neurodivergent and disabled learners: These guardrails are essential for responsible deployment in rehabilitation contexts. Prioritise longitudinal, co-designed, and multidisciplinary research to validate real-world rehabilitation outcomes, ensure cultural and linguistic relevance, and support scalable adoption especially in low-resource or underserved areas: Sustained evidence generation will enable GenAI tools to evolve from promising prototypes into reliable components of rehabilitation practice.","dblp, openalex, ieee, scopus",llm,0.990,unreviewed,
discarded,The Self-Regulation-Incorporated Digital Health Literacy Scale for Older Adults: Instrument Development and Validation,Ban S.,2026,International Journal of Older People Nursing,10.1111/opn.70058,https://www.scopus.com/inward/record.uri?partnerID=HzOxMe3b&scp=105024601667&origin=inward,off-topic-false-hit,"INTRODUCTION
Digital health literacy is a key long-term health determinant in the digital era, influencing outcomes by enabling individuals to access, evaluate and apply health information in ways that support their personal goals. However, no tool targets older adults to assess digital health literacy with self-regulation as a core component. Accordingly, we developed and validated a Self-Regulation-Incorporated Digital Health Literacy scale (SR-DHLs) for this population.


METHODS
This conceptually grounded study included instrument development and psychometric validation phases. We generated 23 preliminary items after content and face validity evaluation. Psychometric testing involved item analysis and construct validity assessments conducted through exploratory and confirmatory factor analyses with 506 older adults. Convergent validity was examined using the Korean version of the eHealth Literacy Scale. Reliability was measured using Cronbach's α and the intraclass correlation coefficient.


RESULTS
The SR-DHLs comprises 16 items across four factors: 'Interaction with other users and systems', 'Regulated need-based selection', 'Willingness to actively engage' and 'Actualising informed decision-making', explaining 63.617% of the variance. Construct validity and acceptable reliability were established.


CONCLUSIONS
The SR-DHLs is a valid and reliable tool for assessing digital health literacy in older adults. It integrates self-regulation and resource management-essential aspects for navigating digital environments.


IMPLICATIONS FOR PRACTICE
The SR-DHLs could help nurses identify older adults' needs related to digital health and guide the design of accessible and equitable services.","dblp, openalex, ieee, scopus",llm,1.000,unreviewed,
discarded,Beyond Popular Science,Silver D.H.,2026,Beyond Popular Science,,https://www.scopus.com/inward/record.uri?partnerID=HzOxMe3b&scp=105040890388&origin=inward,off-topic-false-hit,,"dblp, openalex, ieee, scopus",llm,0.850,unreviewed,
discarded,Communication Barriers in Patient-Provider Interactions in Health Care: Scoping Review,Chowdhury M.H.,2026,Journal of Medical Internet Research,10.2196/79744,https://www.scopus.com/inward/record.uri?partnerID=HzOxMe3b&scp=105045401511&origin=inward,off-topic-false-hit,"Abstract Background Effective communication is crucial for high-quality health care, but systemic barriers still disrupt patient-provider interactions. Research shows that communication failures are a major reason for preventable medical errors. These issues are linked to around 30% of malpractice claims and over 1744 deaths each year in the United States. In addition, hospitals lose about US $12 billion each year because of miscommunication. Despite the critical nature of this issue, the literature remains fragmented. Most studies focus on specific communication problems rather than examining how these barriers work together in patient-provider settings. Objective This scoping review aims to map the literature thoroughly to (1) identify and categorize key types of communication barriers, (2) evaluate their impacts on patient experience, clinical decision-making, and health outcomes, and (3) examine intervention strategies designed to mitigate these challenges. The findings aim to inform the development of adaptive, technology-enabled solutions to improve patient-provider communication in increasingly diverse and digitally integrated health care settings. Methods A scoping review was conducted in accordance with the PRISMA-ScR (Preferred Reporting Items for Systematic Reviews and Meta-Analyses extension for Scoping Reviews) guidelines across four databases: PubMed, IEEE Xplore, CINAHL, and Current Contents Connect. This covered the period from January 1, 2004, to April 30, 2026. The search focused on peer-reviewed, English papers that examined language barriers, cultural barriers, psychological barriers, and mental model differences in clinical settings. Results From an initial set of 6233 records, 253 studies met our stringent inclusion criteria. This review divides communication barriers into four categories: linguistic, cultural, psychological, and mental model differences. It highlights four key findings. First, there has been a notable increase in scholarly interest in communication barriers over the last decade, showing greater awareness in clinical fields. Second, although the four barriers have been known, little is known about the specific communication habits or physiological signs defining each barrier. Third, while researchers have linked individual barriers to adverse outcomes, evidence shows that various barriers often happen at the same time. This creates a combined effect that increases patient distress. Fourth, despite the introduction of promising solutions such as interpreter services, cultural training, and AI tools, a lack of basic knowledge about real-time indicators slows the development of intelligent systems. Conclusions Unlike previous reviews, which typically examine single communication barriers, this scoping review offers a new approach by mapping how linguistic, cultural, psychological, and cognitive barriers intersect. It provides a unified framework that connects these complex communication failures to specific technological solutions. In practice, this guides the combining of AI tools with real-time physiological monitoring to develop adaptive, patient-centered communication strategies. Ultimately, incorporating these responsive technologies into clinical practice is crucial for lowering medical errors, addressing health disparities, and ensuring fair, patient-centered care.","dblp, openalex, ieee, scopus",llm,1.000,unreviewed,
discarded,Cognitive Foundations of Reading: A Multidimensional Framework for the Science of Literacy,Moody K.,2026,Cognitive Foundations of Reading A Multidimensional Framework for the Science of Literacy,10.4018/979-8-3373-8959-2,https://www.scopus.com/inward/record.uri?partnerID=HzOxMe3b&scp=105047938214&origin=inward,off-topic-false-hit,,"dblp, openalex, ieee, scopus",llm,1.000,unreviewed,
discarded,Experiential Learning and Creative Pedagogies in Digital and Arts Education,Athanasekou M.,2026,Experiential Learning and Creative Pedagogies in Digital and Arts Education,10.4018/979-8-2600-2443-0,https://www.scopus.com/inward/record.uri?partnerID=HzOxMe3b&scp=105044405178&origin=inward,off-topic-false-hit,,"dblp, openalex, ieee, scopus",llm,0.990,unreviewed,
discarded,Artificial Intelligence and Higher Education: The Impact of AI on Business Students’ Learning,Beta K.,2026,Artificial Intelligence and Higher Education the Impact of AI on Business Students Learning,10.4324/9781003664161,https://www.scopus.com/inward/record.uri?partnerID=HzOxMe3b&scp=105029475728&origin=inward,off-topic-false-hit,"This book offers a comprehensive exploration of how artificial intelligence (AI) is transforming postgraduate business education in UK higher education institutions. It examines AI’s evolution, applications, and ethical dimensions, integrating theoretical analysis with empirical research grounded in a critical realist and mixed-methods framework. Through insights from students, academics, and institutional perspectives, the book highlights how AI enhances personalisation, engagement, and flexibility in learning while also raising important questions about privacy, bias, and accountability. Bridging research and practice, this work provides educators, policymakers, and researchers with a nuanced understanding of AI’s pedagogical and ethical implications. It critically evaluates the opportunities and challenges of AI adoption and offers strategies for responsible and human-centred integration of intelligent technologies in higher education. The book will appeal to scholars and advanced students in education, business, and technology—particularly those interested in higher education studies, digital transformation, and ethical AI governance. By combining conceptual insight with empirical evidence, it serves as both a theoretical foundation and a practical guide for rethinking teaching, learning, and institutional strategy in the age of AI.","dblp, openalex, ieee, scopus",llm,0.990,unreviewed,
discarded,Experiential Education for Primary Students: Excelling Beyond Classroom Boundaries,Hegediš P.J.,2026,Experiential Education for Primary Students Excelling Beyond Classroom Boundaries,10.4018/979-8-3373-5317-3,https://www.scopus.com/inward/record.uri?partnerID=HzOxMe3b&scp=105031463210&origin=inward,off-topic-false-hit,,"dblp, openalex, ieee, scopus",llm,0.990,unreviewed,
discarded,"Persuasion: Social Influence and Compliance Gaining, Eighth Edition",Gass R.H.,2026,Persuasion Social Influence and Compliance Gaining Eighth Edition,10.4324/9781003502289,https://www.scopus.com/inward/record.uri?partnerID=HzOxMe3b&scp=105040107945&origin=inward,off-topic-false-hit,"The eighth edition of this field-leading textbook provides an accessible and rigorous presentation of the major theories and processes of persuasion and their applications to a variety of real-world contexts. In addition to presenting established theories and models, this text encourages students to develop and apply general conclusions about persuasion in real-world settings. Along the way, students are introduced to the practice of social influence in an array of contexts (e.g., advertising, marketing, politics, interpersonal relationships, social media, groups) and across a variety of topics (e.g., credibility, personality, deception, motivational appeals, visual persuasion). The new edition features cutting-edge material on artificial intelligence, deepfakes, influencers, misinformation, disinformation, malinformation, and political polarization. It also features a wealth of practical, real-life examples of the concepts presented, including intercultural applications. Presenting empirical research in a reader-friendly and accessible style, this is the ideal textbook for courses on persuasion in communication, psychology, advertising, and marketing programs. Instructor and Student Resources include an Instructor’s Manual, in-class exercises and instructional materials, links to online video clips, a test bank, and PowerPoint slides. They are available online at www.routledgelearning.com/persuasion.","dblp, openalex, ieee, scopus",llm,1.000,unreviewed,
discarded,Understanding STEM beyond the cities: A comprehensive review of non-metropolitan STEM education research,Deehan J.,2025,International Journal of Educational Research Open,10.1016/j.ijedro.2025.100496,https://www.scopus.com/inward/record.uri?partnerID=HzOxMe3b&scp=105008570994&origin=inward,off-topic-false-hit,"STEM education is vitally important to long-term global prosperity, but it is not well understood beyond our metropolitan centres. If STEM education is to uphold principles of equity and inclusion, then robust knowledge of non-metropolitan STEM education is necessary to appreciate unique opportunities and address entrenched disadvantage. To this end, this paper presents a comprehensive scoping review of demographics, research methods, teaching approaches and emergent themes in non-metropolitan STEM education research . Following the PRISMA protocol, a 4-phase selection process identified 229 relevant research outputs. Priori and priori coding processes were applied collaboratively. Findings show that research in this field has increased significantly since 2020 and that 75% of all outputs originate from Australia and the USA. Engineering and technology are underrepresented and most research focuses on primary and secondary school contexts. Qualitative and quantitative methods were typically observed in cross sectional, case study and quasi-experimental designs. Themes of relevance, collaboration, student-centred learning and technological support emerged across the 18 STEM instructional approaches. Thematic analyses showed that the core focus on teacher and student traits was supplemented by wider contextual foci, such as culture/ community, metro/non-metro comparison and partnerships. Limitations and directions for future work will be discussed.","dblp, openalex, ieee, scopus",llm,0.990,unreviewed,
discarded,Lua in TeX,Hagen H.,2025,Journal of Computer Languages,10.1016/j.cola.2025.101354,https://www.scopus.com/inward/record.uri?partnerID=HzOxMe3b&scp=105014814227&origin=inward,adjacent-subtopic,"At the end of 2023 the Lua language celebrated its 30th anniversary and in that perspective I offered to wrap up our experiences with that language in the perspective of developing TEX follow ups called LuaTEX and LuaMetaTEX. I also discuss the interplay between them and ConTEXt, an advanced macro package for TEX. For those unfamiliar with TEX I start with an overview of what that system is. Because TEX cannot do much out of the box, users normally combine it with a so called macro package, such as Plain TEX, LATEX or ConTEXt, where the later one is what I use and whose developers also drove the development of LuaTEX and LuaMetaTEX. The usage of Lua was a natural choice due to its performance and easiness to integrate, beyond the fact that Lua is independent of additional resources. To illustrate the discussion, I present examples that show the interaction between TEX and Lua.","dblp, openalex, ieee, scopus",llm,0.900,unreviewed,
discarded,An AI-driven workflow for the accelerated optimization of cell-free protein synthesis,Khalil M.M.,2025,Iscience,10.1016/j.isci.2025.113599,https://www.scopus.com/inward/record.uri?partnerID=HzOxMe3b&scp=105017596117&origin=inward,off-topic-false-hit,"Summary Cell-free protein synthesis (CFPS) is a versatile tool for rapid biological prototyping. However, exploring the large number of component combinations is a very time-consuming process. Active learning (AL) is known to reduce the number of experiments required, but is rarely integrated into routine laboratory workflows. To address this, we developed a fully automated Design-Build-Test-Learn (DBTL) pipeline that streamlines this optimization process with an improved AL strategy that selects informative and diverse experimental conditions. The Design phase was created entirely using ChatGPT-4 without manual code revisions, dramatically reducing coding time. This pipeline was implemented in a modular way within the Galaxy platform, following the Findable-Accessible-Interoperable-Reusable (FAIR) principles. When applied to the optimization of colicin M and E1 in both Escherichia coli and HeLa-based CFPS systems, a 2- to 9-fold increase in yield was achieved in just four cycles. This framework enables reliable, automated workflows for routine synthetic biology.","dblp, openalex, ieee, scopus",llm,0.990,unreviewed,
