status,title,authors,year,venue,doi,url,tags,abstract,provider,decision_source,llm_confidence,llm_review_outcome,llm_change_direction
discarded,Structured creativity: shape grammar as a pedagogical tool for early design learning,"Al-Hashim, Alya Abdulsattar; Alalouch, Chaham",2025,ARCHNET-IJAR INTERNATIONAL JOURNAL OF ARCHITECTURAL RESEARCH,10.1108/ARCH-07-2025-0309,https://www.webofscience.com/wos/woscc/full-record/WOS:001623265000001,off-topic-false-hit,"PurposeThis study explores the pedagogical potential of Shape Grammar when adapted to surface-based design exercises in early architectural education. While traditionally used in advanced spatial or computational design, Shape Grammar's simplified, rule-based structure was reinterpreted to teach foundational design principles such as symmetry, balance and rhythm. The primary aim is to examine how this structured method affects first-year architecture students' cognitive understanding, creative expression and ability to articulate design reasoning. The paper addresses a gap in the literature concerning Shape Grammar's applicability in novice learning contexts, offering both a conceptual model and an empirical assessment of its educational value.Design/methodology/approachA classroom-based design experiment was conducted with first-year architecture students. Participants were guided through an exercise requiring them to generate abstract surface compositions using Shape Grammar operations (cut, fold, rotate, etc.) within a fixed 5 x 5 cm grid. Design principles acted as constraints. Data were collected through pre- and post-exercise questionnaires assessing understanding of transformation rules, spatial logic and self-reflection. Open-ended responses and quantitative ratings were analyzed to evaluate shifts in cognitive engagement, visual reasoning and perceived usefulness of rule-based thinking. This mixed-methods approach allowed for both qualitative and statistical insights into student learning outcomes.FindingsThe findings reveal that students showed measurable improvement in applying design principles through structured transformation rules. Most participants developed clearer visual logic and demonstrated enhanced confidence in articulating spatial strategies. While some expressed difficulty with more complex rules (e.g. folding or transitioning), the majority found the exercise intellectually stimulating and creatively empowering. Students particularly valued the grid as a tool for organizing compositions and appreciated the clarity offered by rule-based constraints. Furthermore, many expressed intent to apply such logic to future architectural problems, recognizing the exercise's relevance to real-world applications like facades and urban layouts.Research limitations/implicationsThis study is limited by its small sample size and single-institution context, which may constrain the generalizability of the findings. The focus was exclusively on novice first-year students, and longer-term impacts on design thinking were not measured beyond immediate reflection. Additionally, while the exercise provided a tactile and visual introduction to Shape Grammar, it did not include a comparative control group using alternative methods. Further research could include diverse cohorts, integrating digital tools or examining how such foundational exercises translate into complex spatial design skills in later semesters.Practical implicationsThe paper provides architectural educators with a ready-to-implement framework for introducing rule-based design thinking early in studio education. The structured nature of the exercise supports learning outcomes related to composition, hierarchy and systematic iteration - critical for students entering more complex design tasks. By simplifying Shape Grammar into a surface-based methodology, the approach becomes accessible even to novices unfamiliar with computational design.

Educators can adapt this exercise to scaffold future learning modules, reinforce visual literacy and establish a vocabulary of design logic that bridges intuitive and formal modes of exploration.Social implicationsThis research contributes to democratizing access to advanced design methodologies by making them accessible to early learners. By integrating structured experimentation in architectural education, it encourages students from diverse academic backgrounds to engage in creative design using cognitive scaffolds rather than relying solely on intuition or prior exposure. The framework supports inclusive learning environments where abstract thinking and design logic can be built progressively. Additionally, fostering rule-based reasoning early on may prepare students for future interdisciplinary collaboration where design constraints, systems thinking and parametric logic play critical roles.Originality/valueThe study is among the first to apply Shape Grammar to surface-based composition in a pedagogical context, shifting its use from computational design tools to analog, tactile learning exercises. It proposes a novel intersection of design theory and practice by integrating transformation rules with early architectural design education. The paper provides original empirical evidence on how structured design methods influence novice learners' spatial reasoning and conceptual development. This research opens new avenues for teaching fundamental design principles through rule-based logic, offering a valuable addition to the evolving discourse on cognitive strategies in architectural pedagogy.","wos, scopus, ieee",llm,0.930,unreviewed,
discarded,Developing and validating the scale of language teachers' computational thinking competency in Computer Assisted Language Learning (LTCCTCALL): Empowering language teaching by cultivating the heart of the 21st-century digital skill,"Rahimi, Amir Reza; Daneshvar Ghorbani, Babak",2025,ASIAN-PACIFIC JOURNAL OF SECOND AND FOREIGN LANGUAGE EDUCATION,10.1186/s40862-025-00353-w,https://www.webofscience.com/wos/woscc/full-record/WOS:001591038000001,adjacent-subtopic,"In recognition of the integration of Information and Communications Technology (ICTs) along with Artificial Intelligence (AI) into education, several educational organizations have recommended cultivating 21st-century digital skills as part of every educational curriculum. The computational thinking skill, which is at the core of 21st-century digital skills, has gained research in several fields, such as physics and psychology (Barkela et al., 2024). However, applied linguistics and computer-assisted language learning (CALL) have overlooked this crucial skill, which might stem from the lack of language teachers' computational thinking competency. For this reason, in the present study the researchers developed a new theoretical framework, and it's corresponding scale specifically designed for applied linguistics and CALL, namely the Language Teachers' Computational Thinking Competency in Computer Assisted Language Learning (LTCCTCALL). Using deductive and inductive methods, the researchers developed the items, followed by a validation process that used the Rasch-Andrich rating scale model (RSM) to assess the scale's item difficulty and validity using Exploratory Factor Analysis (EFA) and Confirmatory Factor Analysis (CFA). LTCCTCALL was validated with five factor structures that included 15 items in the Iranian EFL context, involving 273 Iranian in-service language teachers. Based on this result, the study introduced a new theoretical framework and its scale to the fields of CALL, applied linguistics, and the Common European Framework of Reference for Languages (CEFR) to lead the community's continued growth and to prevent the community from falling behind other fields that incorporate computational thinking skills into our classrooms to have problem-solving approaches with CALL, AI, and chatbots in language class.","wos, scopus, ieee",llm,0.960,unreviewed,
discarded,Assessing Chinese middle school students' computational thinking: an evidence-centered design approach,"Zhu, Sha; Guo, Qing; Yang, Sa; Yang, Harrison Hao; Li, Huan; Sun, Zejun",2025,ETR&D-EDUCATIONAL TECHNOLOGY RESEARCH AND DEVELOPMENT,10.1007/s11423-025-10475-0,https://www.webofscience.com/wos/woscc/full-record/WOS:001435562100001,adjacent-subtopic,"Computational thinking (CT) is a core skill for students in the digital age, which refers to the use of fundamental concepts of computer science to analyze and solve real-world problems. However, it is a challenging task to accurately measure the CT levels of the students. The goal of this study is to explore a new CT assessment paradigm that combines a data-driven approach with evidence-based reasoning, and to verify the reliability and validity of this paradigm through an empirical study. Specifically, we examined middle school students' CT by adopting an Evidence-Centered Design (ECD) approach. We first developed a CT evaluation framework based on ECD which included student, task, and evidence models. We then created several simulation-based tasks to gather evidence of CT levels; with these tasks, we extracted the observable variables in ECD model from clickstream data during the students' answer process. Finally, a Bayesian network model was used for CT level prediction. Findings suggest that students' clickstream data provide fine-grained, time-variant information on their interactions with tasks, thus promising more objective and richer insight into the performances of students with different CT levels. This study provides a paradigm reference for future CT measurement studies and proposes ideas for using process data in teaching to promote students' CT development.","wos, scopus, ieee",llm,1.000,unreviewed,
discarded,"Design, Implementation, and Evaluation of a Professional Development Program for Teachers to Teach Computational Thinking via Robotics","Kilic, Servet; Cakiroglu, Unal",2023,TECHNOLOGY KNOWLEDGE AND LEARNING,10.1007/s10758-022-09629-3,https://www.webofscience.com/wos/woscc/full-record/WOS:000886188700001,adjacent-subtopic,"Since teaching robotics in schools is still new for teachers, studies on how to integrate computational thinking concepts in robotics courses are still rare. In this direction, teacher training sessions for teaching robotics should be visited. Accordingly, in this exploratory case study, a professional development program for teachers was suggested for teaching computational thinking (CT) by using virtual educational robotics. After constructing and delivering the instructional package to six high school computer science teachers, we assessed their pedagogical content knowledge (PCK) development with the assessment tools created through the indicators of integrating CT in robotics. We also monitored two of the teachers in the real classrooms. The results of the study showed that the computer science teachers' content knowledge (CK) about robotics and CT, and also their PCK to integrate CK in robotics positively improved at sufficient and advanced levels. The fact that the CK was considered as the joint of CT and robotics provided important clues in organizing the training sessions in the context of integrating CT into robotics teaching. Activities about daily life problems, training techniques such as peer assessment, authentic lesson plans, and micro-teaching activities were prominent factors that positively contributed to the development of teachers' CK and PCK. Structuring the feedback within the framework of CT in the training positively contributed to the teachers' CK developments in terms of CT and robotics. Guiding teachers to exhibit their teaching roles by presenting concrete examples for individual and collaborative robotics activities also supported the development of teachers' PCK. The implications for course designers desiring to provide a better teaching experience for the teachers teaching CT via robotics were also included.","wos, scopus, ieee",llm,1.000,unreviewed,
discarded,The Coding Stages Assessment: development and validation of an instrument for assessing young children's proficiency in the ScratchJr programming language,"de Ruiter, Laura E.; Bers, Marina U.",2022,COMPUTER SCIENCE EDUCATION,10.1080/08993408.2021.1956216,https://www.webofscience.com/wos/woscc/full-record/WOS:000679203700001,adjacent-subtopic,"Background and Context: Despite the increasing implementation of coding in early curricula, there are few valid and reliable assessments of coding abilities for young children. This impedes studying learning outcomes and the development and evaluation of curricula.

Objective: Developing and validating a new instrument for assessing young children's proficiency in the programming language ScratchJr, based on the Coding Stages framework.

Method: We used an iterative, design-based research approach to develop the Coding Stages Assessment (CSA), a one-on-one assessment capturing children's technical skills and expressivity. We tested 118 five-to-eight-year-olds and used Classical Test Theory and Item Response Theory to evaluate the assessment's psychometric properties.

Findings: The CSA has good to very good reliability. CSA scores were correlated with computational thinking ability, demonstrating construct validity. The items have good discrimination levels, and a variety of difficulty levels to capture different proficiency levels. Younger children tended to have lower scores, but even first graders can achieve the highest coding stage. There was no evidence of gender or age bias.","wos, scopus, ieee",llm,1.000,unreviewed,
discarded,"Educational Practices in Computational Thinking: Assessment, Pedagogical Aspects, Limits, and Possibilities: A Systematic Mapping Study","Martins-Pacheco, Lucia Helena; Alves, Nathalia da Cruz; von Wangenheim, Christiane Gresse",2020,"COMPUTER SUPPORTED EDUCATION, CSEDU 2019",10.1007/978-3-030-58459-7_21,https://www.webofscience.com/wos/woscc/full-record/WOS:001424803900021,adjacent-subtopic,"Computational thinking (CT) concept is still ill-defined despite being used in several studies and educational practices in the K-12 educational context. Many educational aspects associated with CT teaching require the understanding of learning approaches. Aiming to advance in CT comprehension we performed a second systematic mapping study aggregating new data to our previous study [71], adding 35 new articles to the discussion. Our main research question is ""Which approaches exist for the assessment of computational thinking (CT) in the context of K-12 education?"" Our findings indicate that 77% of the publications are from between 2016 and July 2019. Description of one CT implementation approach is common to 75% of the publications and most of them are ""CT across the curriculum"". The most used tool is Scratch. Constructivism and constructionism are the most common pedagogical foundation. CT concepts that are more assessed are ""algorithm"", ""abstraction"" and ""decomposition"". ""Pre or post-test/survey/questionnaire"" are more usual assessment instruments. Test or questionnaire, where each item is scored, are the most usual method to weight assessments. We found just one study with strong psychometric rigor and other four have the potential for that. However, despite the amount of literature on the topic, it is still difficult to assess CT due to the lack of consensus about its definition, and consequently of a reliable construct. Also, pedagogical and psychological issues related to children development have to be deepened. Then research in this area must continue to allow advances in K12 CT educational context.","wos, scopus, ieee",llm,1.000,unreviewed,
discarded,Progression Of Computational Thinking Skills In Swedish Compulsory Schools With Block-based Programming,"Zhang, LeChen; Nouri, Jalal; Rolandsson, Lennart",2020,"PROCEEDINGS OF THE TWENTY-SECOND AUSTRALASIAN COMPUTING EDUCATION CONFERENCE, ACE'20",10.1145/3373165.3373173,https://www.webofscience.com/wos/woscc/full-record/WOS:000946005000008,adjacent-subtopic,"Although Computational Thinking and Programming have become obligatory in many national curricula, the majority of teachers in practice are currently in dire need of support from both the research and teaching community. A national research and teacher development project was initiated in Sweden to address this issue. To develop their pedagogical competence in these new subjects, 31 in-service teachers from the project performed lesson studies at their schools. This study collected and analyzed the documentation of 12 lesson studies regarding how computational thinking skills are taught and assessed in K-9, with block-based programming. The study applies a validated CT framework to identify the involved computational thinking skills. The result presents a progression stage scheme for these skills in compulsory schools. The paper also discusses the problems and challenges in the assessment of computational thinking skills.","wos, scopus, ieee",llm,1.000,unreviewed,
discarded,A Scoping Review of Empirical Research on Recent Computational Thinking Assessments,"Cutumisu, Maria; Adams, Cathy; Lu, Chang",2019,JOURNAL OF SCIENCE EDUCATION AND TECHNOLOGY,10.1007/s10956-019-09799-3,https://www.webofscience.com/wos/woscc/full-record/WOS:000501074700006,adjacent-subtopic,"Computational thinking (CT) is regarded as an essential twenty-first century competency and it is already embedded in K-12 curricula across the globe. However, research on assessing CT has lagged, with few assessments being implemented and validated. Moreover, there is a lack of systematic grouping of CT assessments. This scoping review examines 39 empirical studies published within the last five years, coded by the specific competencies outlined in existing CT frameworks, to identify and classify the key features of existing CT assessments. Results show that most studies target K-12 settings, focus on interventions that promote CT concepts and practices, adopt a quasi-experimental design, use selected-response items as the dominant testing form, and mainly assess algorithmic thinking, abstraction, problem decomposition, logical thinking, and data. Finally, few CT assessments have been validated in educational settings. Implications include identifying gaps in the CT assessment literature, deepening our understanding of the nature of CT, focusing on the validation of CT assessments, and guiding researchers and practitioners in choosing developmentally appropriate CT assessments. Cognitive and educational implications for future research inquiry include the development of new assessment tools that comprehensively assess CT and its relation to learning.","wos, scopus, ieee",llm,1.000,unreviewed,
discarded,Scratching the surface of digital literacy... but we need to go deeper,"Bustillo, Jon; Garaizar, Pablo",2014,2014 IEEE FRONTIERS IN EDUCATION CONFERENCE (FIE),,https://www.webofscience.com/wos/woscc/full-record/WOS:000380490601091,adjacent-subtopic,"The popularization of digital educational devices with low barriers to entry has encouraged the development of many training activities oriented towards the incorporation of technology in schools. In some cases, the introduction of technology has led to the development of new educational practices that support the development of computational thinking. However, the supposed benefits of these approaches have not been properly assessed. Moreover, having taught over 30 workshops with the Scratch programming tool to teachers at different educational levels ( primary, secondary, university), we found no evidence of subsequent methodological changes in schools. This study tries to understand the dissonance between the alleged success of initiatives around digital literacy and the lack of continuity in the use of user-friendly programming environments like Scratch. For this purpose, we analyzed the evolution of the grades of Scratch programming achieved by the students of the School of Education of Vitoria-Gasteiz and their engagement with Scratch. We also interviewed teachers from different schools who have participated in Scratch workshops with us. After this study, we identified some of the circumstances that facilitate and hinder the development of computational thinking. Since we consider Scratch as a resource that allows the development of new methodological approaches in the classroom as well as the acquisition of skills related to computational thinking, we propose a framework that will help to overcome the current status.","wos, scopus, ieee",llm,0.970,unreviewed,
discarded,MDDW-CSRA: An improved FMEA model based on CAS theory and BCO-FCM approach for construction safety risk assessment,Shie A.J.,2027,Expert Systems with Applications,10.1016/j.eswa.2026.133582,https://www.scopus.com/inward/record.uri?partnerID=HzOxMe3b&scp=105044388243&origin=inward,off-topic-false-hit,,"wos, scopus, ieee",llm,0.960,unreviewed,
discarded,Decoding digital disorientation: a conceptual framework for library engagement with adolescent mental health in a saturated media environment,Carlsson N.F.,2026,Journal of Documentation,10.1108/JD-09-2025-0276,https://www.scopus.com/inward/record.uri?partnerID=HzOxMe3b&scp=105027293992&origin=inward,off-topic-false-hit,"
 
