status,title,authors,year,venue,doi,url,tags,abstract,provider,decision_source,llm_confidence,llm_review_outcome,llm_change_direction
discarded,Pair programming as a teaching tool: a student review of empirical studies,Pearl Brereton; Mark Turner; Rumjit Kaur,2009,2009 22nd Conference on Software Engineering Education and Training,10.1109/CSEET.2009.11,https://ieeexplore.ieee.org/document/4812704/,adjacent-subtopic,"The aims of this research were to investigate the applicability of the systematic literature review (SLR) process within the constraints of a 13-week masterpsilas level project and to aggregate evidence about the effectiveness of pair programming for teaching introductory programming. It was found that, with certain modifications to the process, it was possible to undertake an SLR within a limited time period and to produce valid results. Based on pre-defined inclusion and exclusion criteria, the student found 28 publications reporting empirical studies of pair programming, of which nine publications were used for data extraction and analysis. Results of the review indicates that whilst pair programming has little effect on the marks obtained for examinations and assignments, it can significantly improve the pass and retention rates and the studentspsila confidence and enjoyment of programming. Following the student study, experienced reviewers re-applied the inclusion and exclusion criteria to the 28 publications and carried out data extraction and synthesis using the resulting papers. A comparison of the studentpsilas results and those of the experienced reviewers is presented.","wos, scopus, ieee",llm,0.990,unreviewed,
discarded,The effects of pair-programming in introductory programming courses with visual and text-based languages,Patrick Korber; Renate Motschnig,2021,2021 IEEE Frontiers in Education Conference (FIE),10.1109/FIE49875.2021.9637186,https://ieeexplore.ieee.org/document/9637186/,adjacent-subtopic,"This full research to practice paper investigates the setting of pair-programming focusing on its effects on students' learning to program when using a visual versus text-based programming language. In particular, we are interested whether there are any differences in learning outcomes and social/motivational factors to keep in mind when learners' make their initial steps in programming in a visual versus text-based language while employing a pair-programming approach. First a systematic literature review (SLR) was conducted, encompassing searches in the ACM Digital Library, IEEE Xplore/Electronic Library, LNCS (Springer), and Google Scholar. The results of the SLR informed the second step, namely the design of a qualitative study consisting of the evaluation of students' achievements, a questionnaire, and focus interviews with students at secondary level (K10). Students worked in pair-programming (PP) and solo-programming (SP) mode while using a visual language (MIT App Inventor) and a text-based language (Python), respectively. In a nutshell, we found that regarding achievement, students tended to earn more points in the PP setting. This tendency was more distinct in the text-based condition compared to visual programming. In both conditions, students responded that in the PP setting they had more fun solving the assignments and the PP setting had helped to solve problems faster. Aside of the scientific findings, the paper describes the didactic concepts used in order to inspire educators to engage in similar practice and research. With this contribution we aim to enrich educators' and researchers' repertoire of making introductory programming lessons more engaging and successful.","wos, scopus, ieee",llm,0.980,unreviewed,
discarded,An Initial Analysis of the Research on Interest and Introductory Programming : A Systematic Review of this Literature,Pasqueline Dantas Scaico; Alexandre Scaico; Ruy José Barretto de Queiroz,2018,2018 IEEE Frontiers in Education Conference (FIE),10.1109/FIE.2018.8659254,https://ieeexplore.ieee.org/document/8659254/,adjacent-subtopic,"This Research Full Paper presents a review of the literature related to novices' interest in learning to code. Students' interest in this topic has been mentioned in the Computer Science Education (CSE) field since the 1990s. Although it got the attention of computing faculty and shaped a wide number of proposals, students' disinterest remains a complex struggle in Computer Science (CS) courses. On the other hand, we still have little knowledge about what theoretical concepts and methods of research are adopted by researchers who study interest, particularly among novices in programming. As an attempt to close this gap, we carried out a systematic review process to identify frequent assumptions and methodological decisions aiming to establish a sense of what happened in the last seventeen years in this research field. Based on our review, the findings revealed that although a high number of contributions is propagated, most of them are based on lesson learned reports that fail in producing reliable evidences to substantiate the effectiveness of some proposals. The analysis of the 36 publications considered relevant to our systematic review revealed that there is not a convergent understanding between CSE researchers of what is interest and how to measure. Not many of them study interest based on specific theories or observe how students' interest changes over time. So, although we have found many publications referring to practical and experimental applications, we could see that this research area is still fragmented and led by a bit of uncertainty about what really can sustain novices more interested in learning coding.","wos, scopus, ieee",llm,0.990,unreviewed,
discarded,Design an Assessment for an Introductory Computer Science Course: A Systematic Literature Review,Qingwan Cheng; Angela Tao; Huangliang Chen; Maira Marques Samary,2022,2022 IEEE Frontiers in Education Conference (FIE),10.1109/FIE56618.2022.9962584,https://ieeexplore.ieee.org/document/9962584/,adjacent-subtopic,"This Research Full Paper presents a literature review on introductory CS assessments. As Computer Science (CS) becomes increasingly popular in the world of big data, more college students are taking introductory CS courses to follow the trend. However, students have different levels of exposure to CS when they start CS in college, varying from no experience to years of coding experience. This disparity in the amount of exposure can pose many problems. In the same intro-level class, some students may think they do not learn anything new, while others believe the professor goes through concepts so fast that they cannot follow the pace. CS professors may also feel confused about how to control the pace and content of introductory courses. Therefore, CS departments need an assessment to measure students’ CS knowledge and then assign them to the appropriate CS introductory courses. Though a vast number of research papers discuss CS introductory courses, few of them focus on developing and validating assessments that evaluate students’ background knowledge (i.e., concept inventory). This paper aims to conduct a systematic literature review to gain an overview of the most important introductory CS contents that need to be assessed, the methods to evaluate students’ understanding of introductory CS concepts, and some existing assessments/concept inventories. By reviewing relevant papers over the last 15 years, we selected 48 papers that are related to assessments and corresponding introductory courses. We collected assessment information and made tables of contents, question types, programming languages, and origins to analyze data. We found that iterations, conditionals, and variables are the most popular assessment contents. Multiple-Choice and Code Writing questions, which are more popular than Code Explaining questions, are the preferred ways of assessing students’ knowledge. Scratch is commonly used as a CS0 assessment language, while Python, Java, C, and Pseudo-codes are employed in CS1 assessments. FCS1, SCS1, and BDSI are existing assessments/concept inventories for CS1 or CS2, but there is not yet a validated assessment or concept inventory that encompasses introductory concepts of CS0 (computational thinking), CS1 (fundamentals), and CS2 (data structure). Designing a comprehensive CS0/CS1/CS2 assessment by using the information collected from our systematic literature review would help students choose the right course and benefit educators and researchers for general use.","wos, scopus, ieee",llm,0.990,unreviewed,
discarded,"Curriculum, Teaching and Learning, and Assessments for Introductory Programming Course",Erum Mehmood; Adnan Abid; Muhammad Shoaib Farooq; Naeem A. Nawaz,2020,IEEE Access,10.1109/ACCESS.2020.3008321,https://ieeexplore.ieee.org/document/9137246/,adjacent-subtopic,"Learning to program involves acquisition of various skills including problem solving, fundamental design techniques as well as critical thinking. Generally, most of the novice programmers struggle to develop all these important skill. The research community has addressed the problem in many different ways while involving improvisations in curriculum, pedagogical methods, cognitive aspects, supporting tools, and in designing assessments. This research aims to analyze and synthesize the existing literature in the aforementioned areas. Research articles pertaining to the area of Introductory Programming Courses (IPC) have been found using appropriate search queries, while nearly 60 research articles, published in last ten years, have been carefully selected by employing a systematic filtering process. The scope of this work only covers the research conducted for IPC in higher education. Main findings of this study show that “solution proposal” and “evaluation research” have been reported as two main research types adopted by these studies. Moreover, pedagogy, language choice and students' performance analysis are the most frequently addressed aspects of IPC; whereas, curriculum contents, assessment design, and teaching/learning through tools have appeared as less addressed aspects of IPC. Furthermore, a taxonomy of IPC has been presented based on the studied literature. Lastly, general considerations and future research directions have been presented for the practitioners and researchers in this area.","wos, scopus, ieee",llm,0.990,unreviewed,
discarded,A systematic literature review on knowledge tracing in learning programming,Philip I.S. Lei; António José Mendes,2021,2021 IEEE Frontiers in Education Conference (FIE),10.1109/FIE49875.2021.9637323,https://ieeexplore.ieee.org/document/9637323/,adjacent-subtopic,"This Research Full Paper presents a systematic review on knowledge tracing of learning programming based on student performance data in exercises. Programming has become an essential skill to solve realworld problems in modern engineering disciplines. However, when students start to learn how to program, they face a lot of challenges in acquiring various programming knowledge and skills. While it is beneficial to customise learning material to fit individual learning progress, the widely different learning pace of students in an introductory programming course has made it impractical for teachers to track the knowledge acquisition of individual. Hence, many recent works take a data-driven approach to model students' learning progress based on the performance data in programming-related exercises, which include the submitted program codes and answers to closed-ended programming exercises. By analyzing these performance data, a system can evaluate the students' knowledge level of various concepts and skills in programming. This paper performs a systematic review and reports key information about recent works on programming knowledge tracing based on student performance data. An overview of the different choices of knowledge representation, domain knowledge model, performance measure and knowledge tracing algorithms is provided. The nature and granularity of knowledge components and the relationships between them are compared across the reviewed works. The different choice of programming knowledge representation leads to varied methods to assess knowledge levels from empirical performance data in programming-related exercises. Two broad categories of works are identified. The first is to overlay a student model on the domain knowledge model, and the student knowledge levels are updated in distinct time steps. The second trains temporal knowledge tracing models to predict students' future performance based on their performance in previous exercises. In addition, this review discusses the distinct challenges in knowledge tracing in programming education. It also points out limitations in current works and opportunities to improve knowledge tracing in learning programming.","wos, scopus, ieee",llm,0.990,unreviewed,
kept,Notional Machines for Inclusive Learning,"Wilson, David; Sarwar, Saquib; Najjar, Nadia",2024,"2024 IEEE FRONTIERS IN EDUCATION CONFERENCE, FIE",10.1109/FIE61694.2024.10892884,https://www.webofscience.com/wos/woscc/full-record/WOS:001447128100056,supports-claim,"Understanding computing concepts is one of the foundational elements of computational thinking, which helps students formulate logic and algorithms for effectively developing and designing codes. However, novice learners often struggle to understand basic computing concepts, such as variables, loops, arrays, conditionals, and functions. This is often caused by the invisibility of the computing mechanism and the complexity of language syntax and conventions. Moreover, challenges in learning computing concepts can be compounded for learners with atypical conditions (e.g. visual, cognitive, and learning impairment, attention deficit, and neurodivergence). To tackle this, teachers of typical ability learners frequently use notional machines (NMs) - simplified representations (e.g. diagrams, flow charts, and analogies) created to assist novice programmers in understanding abstract concepts, program execution, and dynamics. In addition, traditional learning activities may need assistive learning interventions (ALIs) and learner-oriented practices like physical tactile models, computing artifacts, and interactive learning tools. NM approaches tend to focus on the explanation of concepts from instructor to learner, while ALIs tend to focus on learner support in activities. Both methods can provide advantages for learning, and we expect that a combined approach would provide even greater synergy for all learners. However, little consideration has been given to how NM and ALI approaches could be effectively combined. This research investigates how NM and ALI can be effectively brought together more holistically as an inclusive pedagogical tool - notional machines for inclusive learning (NMIL). In this full paper, we develop the conceptualization of NMIL, grounded in previous NM and ALI research. We also propose a structured method for creating NMIL. Finally, we also develop a physical NMIL model, based on the structured NMIL creation method, to teach lists in Python, as part of an introductory computer science course.","wos, scopus, ieee",llm,0.950,unreviewed,
kept,MemStep: An Interactive Tool for Constructing and Visualizing the Run-Time Memory Layout of Java Programs,"Le Pham, Michelle; Nguyen, Anna; Schreib, Rebecca",2024,"PROCEEDINGS OF THE 2024 CONFERENCE INNOVATION AND TECHNOLOGY IN COMPUTER SCIENCE EDUCATION, VOL 1, ITICSE 2024",10.1145/3649217.3653532,https://www.webofscience.com/wos/woscc/full-record/WOS:001265872600079,supports-claim,"Novice programmers often struggle to build accurate mental models of computation, which hinders their ability to understand, debug, and optimize programs. This paper presents MemStep, an interactive visualization tool designed to help students develop robust and accurate mental models of computation. MemStep enables students to ""step"" through the execution of Java programs and visualize the run-time layout of memory. It actively involves students in the process of constructing these visualizations by requiring that they identify each memory operation - such as allocating an object on the heap, allocating a new stack frame, or adding a variable to the stack - that occurs during the execution of each line of code. When a student correctly completes an operation, the stack or heap is visually updated to reflect the operation that was performed. If a student makes a mistake, they receive targeted feedback and can retry until they reach the correct answer. MemStep was piloted in a sophomore-level course on program design and evaluated using a controlled experiment, where it was found to be at least as effective and more engaging as compared to traditional learning activities.","wos, scopus, ieee",llm,0.890,unreviewed,
kept,An Initial Exploration of Code Diagram Query Effectiveness,"Himbeault, Lauren; Latulipe, Celine",2024,"PROCEEDINGS OF THE 26TH WESTERN CANADIAN CONFERENCE ON COMPUTING EDUCATION, WCCCE 2024",10.1145/3660650.3660664,https://www.webofscience.com/wos/woscc/full-record/WOS:001256842000013,supports-claim,"In introductory programming, students must develop an accurate mental model of how programming languages work. This model, often called a 'notional machine,' is essential for understanding how a machine interprets and executes code. Existing research highlights the importance of building effective and accurate mental models through code-tracing activities and tools like code visualizations. However, effectively integrating such tools into post-secondary classes remains challenging, especially in large classroom settings. To address this, we have developed Code Diagram Queries (CDQs) for introductory programming courses to help students build mental models of programming language notional machines. CDQs are questions incorporating diagrammatic representations of code at various execution stages to foster student engagement and comprehension of how the code is executed. CDQs were designed to challenge and refine student mental models of code execution. The effectiveness of these CDQs was assessed in an introductory Python programming course, where students in one section engaged with CDQ-based normative assessments (n=94) and students in a control section engaged with non-CDQ normative assessments (n=82). Through comparative evaluations of course performance and visualization engagement, as well as qualitative interview responses, we found preliminary evidence that CDQs helped identify and clarify misconceptions around abstract programming concepts.","wos, scopus, ieee",llm,0.880,unreviewed,
kept,Notional Machines in a Semester-long Introductory Physical Computing High School Unit,"Jayathirtha, Gayithri; Kafai, Yasmin",2021,ICER 2021: PROCEEDINGS OF THE 17TH ACM CONFERENCE ON INTERNATIONAL COMPUTING EDUCATION RESEARCH,10.1145/3446871.3469796,https://www.webofscience.com/wos/woscc/full-record/WOS:000769652800059,supports-claim,"Notional machines i.e. pedagogical devices to communicate program execution play a key role in computing classrooms, especially within introductory settings [2, 5]. From machine-generated representations to classroom learning activities, a variety of notional machines have been examined in the field of computing education research. A more recent review [2] has also noted the adoption of multiple notional machines by instructors during a course or a unit to communicate a family of interconnected, computing concepts within a learning context.

Despite notional machines considered as a signature pedagogy for computing education, very few accounts are based on classroom observations-most of them draw from instructor reflections or programming interface designs [2]. Further, even fewer have been situated in the more recent contexts of computing education i.e., high school classrooms where programming environments such as physical computing have been employed to make computing concepts further accessible to novices [3]. However, what is lesser known is how teachers make these computing concepts accessible to students through notional machines.

To address the gap, in Fall 2020 and Spring 2021, we conducted a two-phase study that involved: (a) co-designing notional machines with an experienced high school computing teacher in Fall 2020, and, (b) observing his classes during the 14-week electronic textiles unit within Exploring Computer Science curriculum [1] in Spring 2021. For this poster, we will share findings from a preliminary qualitative analysis of online class screen recordings (15 hours, 10 class periods) of class periods that involved discussions around programs during the unit. We answer the following questions: (a) What were the different types of notional machines implemented throughout the unit within the context of physical computing? (b) How were they related to each other and to the key computing ideas within the unit?

