status,title,authors,year,venue,doi,url,tags,abstract,provider,decision_source,llm_confidence,llm_review_outcome,llm_change_direction
discarded,Systematic methodological review: developing a framework for a qualitative semi‐structured interview guide,Hanna Kallio; Anna‐Maija Pietilä; Martin Johnson; Mari Kangasniemi,2016,Journal of Advanced Nursing,10.1111/jan.13031,https://openalex.org/W2396339611,off-topic-false-hit,"AIM: To produce a framework for the development of a qualitative semi-structured interview guide. BACKGROUND: Rigorous data collection procedures fundamentally influence the results of studies. The semi-structured interview is a common data collection method, but methodological research on the development of a semi-structured interview guide is sparse. DESIGN: Systematic methodological review. DATA SOURCES: We searched PubMed, CINAHL, Scopus and Web of Science for methodological papers on semi-structured interview guides from October 2004-September 2014. Having examined 2,703 titles and abstracts and 21 full texts, we finally selected 10 papers. REVIEW METHODS: We analysed the data using the qualitative content analysis method. RESULTS: Our analysis resulted in new synthesized knowledge on the development of a semi-structured interview guide, including five phases: (1) identifying the prerequisites for using semi-structured interviews; (2) retrieving and using previous knowledge; (3) formulating the preliminary semi-structured interview guide; (4) pilot testing the guide; and (5) presenting the complete semi-structured interview guide. CONCLUSION: Rigorous development of a qualitative semi-structured interview guide contributes to the objectivity and trustworthiness of studies and makes the results more plausible. Researchers should consider using this five-step process to develop a semi-structured interview guide and justify the decisions made during it.","openalex, dblp",llm,0.990,unreviewed,
discarded,Computational psychiatry,P. Read Montague; Raymond J. Dolan; Karl Friston; Peter Dayan,2011,Trends in Cognitive Sciences,10.1016/j.tics.2011.11.018,https://openalex.org/W4245880239,off-topic-false-hit,"Computational ideas pervade many areas of science and have an integrative explanatory role in neuroscience and cognitive science. However, computational depictions of cognitive function have had surprisingly little impact on the way we assess mental illness because diseases of the mind have not been systematically conceptualized in computational terms. Here, we outline goals and nascent efforts in the new field of computational psychiatry, which seeks to characterize mental dysfunction in terms of aberrant computations over multiple scales. We highlight early efforts in this area that employ reinforcement learning and game theoretic frameworks to elucidate decision-making in health and disease. Looking forwards, we emphasize a need for theory development and large-scale computational phenotyping in human subjects.","openalex, dblp",llm,0.970,unreviewed,
discarded,"Animals in a bacterial world, a new imperative for the life sciences",Margaret McFall‐Ngai; Michael G.‏ Hadfield; Thomas C. G. Bosch; Hannah V. Carey; Tomislav Domazet‐Lošo; Angela E. Douglas; Nicole Dubilier; Gérard Eberl; Tadashi Fukami; Scott F. Gilbert; Ute Hentschel; Nicole King; Staffan Kjelleberg; Andrew H. Knoll; Natacha Kremer; Sarkis K. Mazmanian; Jessica L. Metcalf; Kenneth H. Nealson; Naomi E. Pierce; John F. Rawls; Ann Reid; Edward G. Ruby; Mary E. Rumpho; Jon G. Sanders; Diethard Tautz; Jennifer J. Wernegreen,2013,Proceedings of the National Academy of Sciences,10.1073/pnas.1218525110,https://openalex.org/W1964306176,off-topic-false-hit,"In the last two decades, the widespread application of genetic and genomic approaches has revealed a bacterial world astonishing in its ubiquity and diversity. This review examines how a growing knowledge of the vast range of animal-bacterial interactions, whether in shared ecosystems or intimate symbioses, is fundamentally altering our understanding of animal biology. Specifically, we highlight recent technological and intellectual advances that have changed our thinking about five questions: how have bacteria facilitated the origin and evolution of animals; how do animals and bacteria affect each other's genomes; how does normal animal development depend on bacterial partners; how is homeostasis maintained between animals and their symbionts; and how can ecological approaches deepen our understanding of the multiple levels of animal-bacterial interaction. As answers to these fundamental questions emerge, all biologists will be challenged to broaden their appreciation of these interactions and to include investigations of the relationships between and among bacteria and their animal partners as we seek a better understanding of the natural world.","openalex, dblp",llm,1.000,unreviewed,
discarded,A conceptual framework for integrated STEM education,Todd R. Kelley; J. Geoff Knowles,2016,International Journal of STEM Education,10.1186/s40594-016-0046-z,https://openalex.org/W2475426101,off-topic-false-hit,"The global urgency to improve STEM education may be driven by environmental and social impacts of the twenty-first century which in turn jeopardizes global security and economic stability. The complexity of these global factors reach beyond just helping students achieve high scores in math and science assessments. Friedman (The world is flat: A brief history of the twenty-first century, 2005) helped illustrate the complexity of a global society, and educators must help students prepare for this global shift. In response to these challenges, the USA experienced massive STEM educational reforms in the last two decades. In practice, STEM educators lack cohesive understanding of STEM education. Therefore, they could benefit from a STEM education conceptual framework. The process of integrating science, technology, engineering, and mathematics in authentic contexts can be as complex as the global challenges that demand a new generation of STEM experts. Educational researchers indicate that teachers struggle to make connections across the STEM disciplines. Consequently, students are often disinterested in science and math when they learn in an isolated and disjoined manner missing connections to crosscutting concepts and real-world applications. The following paper will operationalize STEM education key concepts and blend learning theories to build an integrated STEM education framework to assist in further researching integrated STEM education.","openalex, dblp",llm,0.870,unreviewed,
discarded,Towards the sustainable discovery and development of new antibiotics,Marcus Miethke; Marco Pieroni; Tilmann Weber; Mark Brönstrup; Peter Hammann; Ludovic Halby; Paola B. Arimondo; Philippe Glaser; Bertrand Aigle; Helge B. Bode; Rui Moreira; Yanyan Li; Andriy Luzhetskyy; Marnix H. Medema; Jean‐Luc Pernodet; Marc Stadler; José R. Tormo; Olga Genilloud; Andrew W. Truman; Kira J. Weissman; Eriko Takano; Stefano Sabatini; Evi Stegmann; Heike Brötz‐Oesterhelt; Wolfgang Wohlleben; Myriam Seemann; Martin Empting; Anna K. H. Hirsch; Brigitta Loretz; Claus‐Michael Lehr; Alexander Titz; Jennifer Herrmann; Timo Jaeger; Silke Alt; Thomas Hesterkamp; Mathias Winterhalter; Andrea Schiefer; Kenneth Pfarr; Achim Hoerauf; Heather Graz; Michael Graz; Mika Lindvall; Savithri Ramurthy; Anders Karlén; Maarten van Dongen; Hrvoje Petković; Andreas Keller; Frédéric Peyrane; Stefano Donadio; Laurent Fraisse; Laura J. V. Piddock; Ian H. Gilbert; Heinz E. Moser; Rolf Müller,2021,Nature Reviews Chemistry,10.1038/s41570-021-00313-1,https://openalex.org/W3194188670,off-topic-false-hit,"An ever-increasing demand for novel antimicrobials to treat life-threatening infections caused by the global spread of multidrug-resistant bacterial pathogens stands in stark contrast to the current level of investment in their development, particularly in the fields of natural-product-derived and synthetic small molecules. New agents displaying innovative chemistry and modes of action are desperately needed worldwide to tackle the public health menace posed by antimicrobial resistance. Here, our consortium presents a strategic blueprint to substantially improve our ability to discover and develop new antibiotics. We propose both short-term and long-term solutions to overcome the most urgent limitations in the various sectors of research and funding, aiming to bridge the gap between academic, industrial and political stakeholders, and to unite interdisciplinary expertise in order to efficiently fuel the translational pipeline for the benefit of future generations.","openalex, dblp",llm,1.000,unreviewed,
discarded,Decentralization of Governance and Development,Pranab Bardhan,2002,The Journal of Economic Perspectives,10.1257/089533002320951037,https://openalex.org/W2143775898,off-topic-false-hit,"In this paper we note that the institutional context (and therefore the structure of incentives and organization) in developing and transition economies is quite different from those in advanced industrial economies, and this necessitates the literature on decentralization in the context of development to go beyond the traditional fiscal federalism literature. We review some of the existing theoretical work and empirical case studies of decentralization from the point of view of delivery of public services and of conditions for local business development, and point to ways of going forward in research.","openalex, dblp",llm,1.000,unreviewed,
discarded,"Consensus development methods, and their use in clinical guideline development.",Murphy Murphy; Black; Lamping; Martin McKee; Sanderson; Askham; Marteau,1998,Health Technology Assessment,10.3310/hta2030,https://openalex.org/W3139553455,off-topic-false-hit,"T he overall aim of the NHS R&D Health Technology Assessment (HTA) programme is to ensure that high-quality research information on the costs, effectiveness and broader impact of health technologies is produced in the most efficient way for those who use, manage","openalex, dblp",llm,0.990,unreviewed,
kept,Computational thinking in compulsory education: Towards an agenda for research and practice,Joke Voogt; Petra Fisser; Jon Good; Punya Mishra; Aman Yadav,2015,Education and Information Technologies,10.1007/s10639-015-9412-6,https://openalex.org/W570009404,supports-claim,"Computational Thinking is considered a universal competence, which should be added to every child’s analytical ability as a vital ingredient of their school learning. In this article we further elaborate on what Computational Thinking is and present examples of what needs to be taught and how. First we position Computational Thinking in Papert’s work with LOGO. We then discuss challenges in defining Computational Thinking and discuss the core and peripheral aspects of a definition. After that we offer examples of how Computational Thinking can be addressed in both formal and informal educational settings. In the conclusion and discussion section an agenda for research and practice is presented.","openalex, dblp",llm,0.920,unreviewed,
kept,Computational Thinking: The Developing Definition,Cynthia Selby,2013,ePrints Soton (University of Southampton),,https://openalex.org/W1537860447,supports-claim,"Since Jeanette Wing’s use of the term computational thinking in 2006, various discussions have arisen seeking a robust definition of the phrase. With no consensus having been found in the intervening years, there are even suggestions that a definition is not important. Perhaps focus should be on how computational thinking is taught and how its acquisition might be observed. However, in order to facilitate consistent curriculum design and appropriate assessment, it is argued that a definition should still be sought. &lt;br/&gt;&lt;br/&gt;In order to contribute to the discussions surrounding a definition of computational thinking, this review of literature spans the years since 2006. The most frequently occurring terms, descriptions, and meanings are identified. Consideration is given to the motivation for inclusion or exclusion of a term by each individual author. Where possible, if a description has been given, an associated term is supplied.&lt;br/&gt;&lt;br/&gt;Criteria are developed for the objectives of a computational thinking definition, in accordance with the needs identified in the literature. Using the criteria as a guide and the collected terms as the vocabulary, a definition of computational thinking is proposed. &lt;br/&gt;","openalex, dblp",llm,0.960,unreviewed,
discarded,Computational thinking for teacher education,Aman Yadav; Chris Stephenson; Hai Hong,2017,Communications of the ACM,10.1145/2994591,https://openalex.org/W2599518471,adjacent-subtopic,This framework for developing pre-service teachers' knowledge does not necessarily depend on computers or other educational technology.,"openalex, dblp",llm,1.000,unreviewed,
discarded,A K-6 computational thinking curriculum framework: implications for teacher knowledge,Charoula Angeli; Joke Voogt; A Fluck; Mary Webb; Margaret Cox; Joyce Malyn‐Smith; Jason Zagami,2016,eCite Digital Repository (University of Tasmania),,https://openalex.org/W2531461299,adjacent-subtopic,"Adding computer science as a separate school subject to the core K-6 curriculum is a complex issue with educational challenges. The authors herein address two of these challenges: (1) the design of the curriculum based on a generic computational thinking framework, and (2) the knowledge teachers need to teach the curriculum. The first issue is discussed within a perspective of designing an authentic computational thinking curriculum with a focus on real-world problems. The second issue is addressed within the framework of technological pedagogical content knowledge explicating in detail the body of knowledge that teachers need to have to be able to teach computational thinking in a K-6 environment. An example of how these ideas can be applied in practice is also given. While it is recognized there is a lack of adequate empirical evidence in terms of the effectiveness of the frameworks proposed herein, it is expected that our knowledge and research base will dramatically increase over the next several years, as more countries around the world add computer science as a separate school subject to their K-6 curriculum.","openalex, dblp",llm,1.000,unreviewed,
kept,Exploring Issues About Computational Thinking in Higher Education,Betül Czerkawski; Eugene W. Lyman,2015,TechTrends,10.1007/s11528-015-0840-3,https://openalex.org/W1992394443,supports-claim,"The term computational thinking (CT) has been in academic discourse for decades, but gained new currency in 2006, when Jeanette Wing used it to describe a set of thinking skills that students in all fields may require in order to succeed. Wing's initial article and subsequent writings on CT have been broadly influential; experts in computational thinking have started developing teaching and leadership materials to support integration of CT across the K-12 curriculum. Despite interest at the K-12 level, however, outside of computer science and other science, technology, engineering and mathematics (STEM) fields there has been less interest in -and research conducted on- the potential of CT in higher education. The purpose of this paper is to review the current state of the field in higher education and discuss whether CT skills are relevant outside of STEM fields.","openalex, dblp",llm,0.760,unreviewed,
kept,Computational thinking - a guide for teachers,Andrew Csizmadia; Paul Curzon; Mark Dorling; Simon Humphreys; Thomas W. H. Ng; Cynthia Selby; John Woollard,2015,ePrints Soton (University of Southampton),,https://openalex.org/W2946212624,supports-claim,"This guide seeks to help develop a shared understanding of the teaching of computational thinking in schools. It presents a conceptual framework of computational thinking, describes pedagogic approaches for teaching and offers guides for assessment. It is complementary to the two CAS guides published in November 2013 (Primary) and June 2014 (Secondary) in supporting the implementation of the new National Curriculum and embraces the CAS Barefoot and CAS QuickStart Computing descriptions of computational thinking. Computational thinking lies at the heart of the computing curriculum but it also supports learning and thinking in other areas of the curriculum.","openalex, dblp",llm,0.900,unreviewed,
discarded,Infusing computational thinking into the middle- and high-school curriculum,Amber Settle; Baker Franke; Ruth Hansen; Frances Spaltro; Cynthia Jurisson; Colin Rennert-May; Brian Wildeman,2012,Annual Conference on Innovation and Technology in Computer Science Education,10.1145/2325296.2325306,https://openalex.org/W2066243259,adjacent-subtopic,"In recent years there have been significant efforts to revamp undergraduate and K-12 curricula to emphasize computational thinking, a term popularized by Jeannette Wing in 2006. We describe work introducing and enhancing computational thinking activities and assessments in the middle- and high-school curriculum at the University of Chicago Lab Schools. In total six courses were altered as a part of the Computational Thinking across the Curriculum Project: middle-school and high-school computer science, and high-school Latin, graphic arts, English, and history. We detail the modifications to the curriculum and discuss the successes and challenges of the project.","openalex, dblp",llm,1.000,unreviewed,
kept,Computational Thinking for All: Pedagogical Approaches to Embedding 21st Century Problem Solving in K-12 Classrooms,Aman Yadav; Hai Hong; Chris Stephenson,2016,TechTrends,10.1007/s11528-016-0087-7,https://openalex.org/W2413080797,supports-claim,"The recent focus on computational thinking as a key 21st century skill for all students has led to a number of curriculum initiatives to embed it in K-12 classrooms. In this paper, we discuss the key computational thinking constructs, including algorithms, abstraction, and automation. We further discuss how these ideas are related to current educational reforms, such as Common Core and Next Generation Science Standards and provide specific means that would allow teachers to embed these ideas in their K-12 classrooms, including recommendations for instructional technologists and professional development experts for infusing computational thinking into other subjects. In conclusion, we suggest that computational thinking ideas outlined in this paper are key to moving students from merely being technology-literate to using computational tools to solve problems.","openalex, dblp",llm,0.790,unreviewed,
kept,Computational thinking and thinking about computing.,Jeannette M. Wing,2008,IPDPS,10.1109/IPDPS.2008.4536091,https://dblp.org/rec/conf/ipps/Wing08,supports-claim,"Summary form only given. My vision for the 21st Century: computational thinking will be a fundamental skill used by everyone in the world. To reading, writing, and arithmetic, let's add computational thinking to every child's analytical ability. Computational thinking has already influenced other disciplines, from the sciences to the arts. The new NSF cyber-enabled discovery and innovation initiative in a nutshell is computational thinking for science and engineering. Realizing this vision gives the field of computing both exciting research opportunities and novel educational challenges. The field of computing is driven by technology innovation, societal demands, and scientific questions. We are often too easily swept up with the rapid progress in technology and the surprising uses by society of our technology, that we forget about the science that underlies our field. In thinking about computing, I have started a list of ""Deep Questions in Computing,"" with the hope of encouraging the community to think about the scientific drivers of our field.","openalex, dblp",llm,0.930,unreviewed,
discarded,Analysing Reachable and Unreachable Codes in App Inventor Programs for Supporting the Assessment of Computational Thinking Concepts.,Siu Cheung Kong; Chun Wing Poon; Bowen Liu 0015,2021,ICCE,,https://dblp.org/rec/conf/icce/KongPL21,adjacent-subtopic,,"openalex, dblp",llm,0.980,unreviewed,
kept,"Progress in computational thinking, and expanding the HPC community.",Jeannette M. Wing; Dan Stanzione,2016,Commun. ACM,10.1145/2933410,https://dblp.org/rec/journals/cacm/WingS16,supports-claim,"The Communications Web site, http://cacm.acm.org, features more than a dozen bloggers in the BLOG@CACM community. In each issue of Communications , we'll publish selected posts or excerpts. twitter Follow us on Twitter at http://twitter.com/blogCACM http://cacm.acm.org/blogs/blog-cacm Jeannette Wing considers the proliferation of computational thinking, while Dan Stanzione hopes to bring more HPC practitioners to SC16.","openalex, dblp",llm,0.720,unreviewed,
