status,title,authors,year,venue,doi,url,tags,abstract,provider,decision_source,llm_confidence,llm_review_outcome,llm_change_direction
discarded,What is a Programming Error? A Thematic Analysis of Teachers’ Views on Errors,Pivetti M.,2026,Technology Knowledge and Learning,10.1007/s10758-025-09950-7,https://www.scopus.com/inward/record.uri?partnerID=HzOxMe3b&scp=105029068650&origin=inward,adjacent-subtopic,"Research in education has shown that making errors is essential for learning. However, it is not always clear what constitutes an error, for example in a problem-solving task. Different teachers may have different ideas about what constitutes an error, and these different ideas may differently shape their educational choices. Theoretical literature identifies two typologies of programming errors: (1) errors in the code that cause the robot to behave unexpectedly, and (2) stylistic inaccuracies in the programming rules that are recognised as such regardless of the robot's behaviour. This paper aims to analyse how teachers conceive of programming errors in educational robotics. Nineteen experienced educational robotics teachers were interviewed about their conception of errors and the most frequent errors pupils made in their classes. We asked the teachers to reflect on their experience and consider the role of errors in the learning process. The thematic analysis identified two main themes concerning errors in educational robotics, each with three sub-themes. The first theme, Definition of Error, includes behavioural errors, stylistic errors, and errors as learning tools: errors not only signal unexpected robot behaviour or stylistic issues in the code, but also provide opportunities for students to reflect, experiment, and engage in problem-solving. The second theme, ""Locus"" of the Error, distinguishes errors related to software, hardware, or interactions with the physical environment, highlighting how robot behaviour can be influenced by multiple factors. Overall, these findings suggest that understanding both the type and origin of errors can support more targeted teaching and transform errors into valuable learning opportunities.","wos, scopus, ieee",llm,0.990,unreviewed,
discarded,Sojourner under Sabotage: A Serious Testing and Debugging Game,Straubinger P.,2025,Proceedings of the ACM SIGSOFT Symposium on the Foundations of Software Engineering,10.1145/3696630.3727231,https://www.scopus.com/inward/record.uri?partnerID=HzOxMe3b&scp=105013958465&origin=inward,adjacent-subtopic,"Teaching software testing and debugging is a critical yet challenging task in computer science education, often hindered by low student engagement and the perceived monotony of these activities. Sojourner under Sabotage, a browser-based serious game, reimagines this learning experience by blending education with an immersive and interactive storyline. Players take on the role of a spaceship crew member, using unit testing and debugging techniques to identify and repair sabotaged components across seven progressively challenging levels. A study with 79 students demonstrates that the game is a powerful tool for enhancing motivation, engagement, and skill development. These findings underscore the transformative potential of serious games in making essential software engineering practices accessible and enjoyable.","wos, scopus, ieee",llm,0.990,unreviewed,
discarded,On Generating and Validating Erroneous Examples in CS1 Using LLMs,Chen Y.,2027,Lecture Notes in Computer Science,10.1007/978-3-032-29760-0_14,https://www.scopus.com/inward/record.uri?partnerID=HzOxMe3b&scp=105043908892&origin=inward,adjacent-subtopic,,"wos, scopus, ieee",llm,0.900,unreviewed,
discarded,The Effects of Starter Template Scaffoldings on Coding Anxiety in Introductory Programming Courses,Bolloju N.,2026,ACM Transactions on Computing Education,10.1145/3796506,https://www.scopus.com/inward/record.uri?partnerID=HzOxMe3b&scp=105041880373&origin=inward,adjacent-subtopic,"Programming anxiety is a well-documented challenge in introductory computing courses, particularly among students with no prior exposure to programming. Scaffolding strategies such as pair programming, Parsons puzzles, and starter code templates are widely used to reduce anxiety and build confidence during the early stages of learning. Although starter templates often include explanatory comments and partially completed code, the relative effectiveness of these different scaffold types in mitigating anxiety has not been systematically examined. This article reports findings from a controlled experiment conducted during the first laboratory session of an undergraduate C programming course for students from different engineering and science disciplines. Pairs of students were randomly assigned to one of three conditions: a control group using blank templates, a comments-based scaffold group, and a code-based scaffold group. Coding anxiety was measured using a questionnaire with subscales related to self-efficacy, partner interaction, and peer judgement. Contrary to our expectations, the control group showed a greater reduction in coding anxiety than either scaffolded group, and students in the comments-based condition reported larger decreases in anxiety than those receiving code-based scaffolds. These findings suggest that for beginners, even well-intentioned scaffolds can temporarily increase the perceived difficulty in task completion.","wos, scopus, ieee",llm,0.990,unreviewed,
kept,Program Behavior Gaps: An Extension of the Rules of Program Behavior Framework,Hoobergs J.,2026,ACM Transactions on Computing Education,10.1145/3796523,https://www.scopus.com/inward/record.uri?partnerID=HzOxMe3b&scp=105041795200&origin=inward,supports-claim,"The Rules of Program Behavior framework notes that teachers target a model of program behavior instead of the complex semantics of the programming language, and allows describing these models as sets of rules of program behavior. When learners execute code, its behavior is defined by the semantics of the programming language, which might differ from the targeted model of program behavior. In this article, we present a theoretical framework that builds on the Rules of Program Behavior framework, while giving a more prominent role to the differences between the targeted models and the programming language semantics. We call these differences Program Behavior gaps and distinguish between incompleteness gaps—untaught parts—and conflict gaps—a semantic rule that conflicts with a rule of program behavior—, and between transparent and opaque gaps. Visualizations of the relation between the semantics of the programming language and the targeted model of program behavior are an integral part of our framework as they allow visualizing the gaps that could exist in a code fragment and whether these gaps are activated or not. On top of this, the framework contains clear definitions to distinguish between valid conceptions, misconceptions, missing conceptions, prior conceptions, fluid conceptions and program behavior gaps. The framework can be used to devise programming courses, to investigate the mental model of learners and to make a case for gradually evolving languages that are designed to have fewer program behavior gaps. To illustrate this, we (1) present a real-life progression of models of program behavior and discuss, for this progression, the program behavior gaps in 21 code fragments, and (2) present a study grounded in our theoretical framework in which we determine the mental model of each participant.","wos, scopus, ieee",llm,0.990,unreviewed,
discarded,Cultivating thinking skills and computational thinking in higher education: A case-based decision-support model from Taiwan,Chang S.J.,2026,Thinking Skills and Creativity,10.1016/j.tsc.2026.102143,https://www.scopus.com/inward/record.uri?partnerID=HzOxMe3b&scp=105028334879&origin=inward,adjacent-subtopic,"In response to curriculum reforms emphasizing computational thinking (CT) as a core 21st-century competence, this research addresses persistent challenges in developing students' higher-order thinking skills through programming education. Despite the growing recognition of CT's role in fostering creativity, problem-solving, and critical thinking, many instructors still lack a coherent pedagogical framework, leading to inconsistent learning outcomes. This paper presents an assessment-driven, case-based model for cultivating CT and related thinking skills in an introductory programming course. By integrating an international certification examination with a multi-criteria decision-making approach via Decision-Making Trial and Evaluation Laboratory (DEMATEL), Analytic Network Process (ANP), and Semantic Structure Analysis (SSA), the study identifies the most influential cognitive dimensions in CT development. Findings reveal that conceptual knowledge exerts the strongest causal influence, while problem-solving is the most interconnected and central dimension. Confidence disparities also emerge among non-computer science majors, particularly in decision-making, looping, and modularity. The proposed model contributes actionable insights for educators and curriculum designers, offering a structured pathway to enhance students' creativity, critical thinking, and problem-solving skills within diverse higher education contexts.","wos, scopus, ieee",llm,0.980,unreviewed,
discarded,Using AI-powered multiple-choice question generation for self-regulated learning,Barra E.,2026,Revista De Educacion A Distancia,10.6018/red.711091,https://www.scopus.com/inward/record.uri?partnerID=HzOxMe3b&scp=105044648296&origin=inward,adjacent-subtopic,"This study examines the integration of generative AI in education, specifically evaluating AI-generated multiple-choice questions (MCQs) and their role in supporting self-regulated learning (SRL). Using AIQUIZ, an open-source AI-driven platform, 325 of the 593 enrolled students (54.8%) across four computing courses (Web Technologies and Databases) used the platform and generated 38,752 MCQs over two years. An explanatory sequential mixed-methods design analysed student performance, error reports, survey insights, and expert evaluations. Results showed a 70.79% overall student performance (79.45% in Databases, 66.84% in Web Technologies). Only 0.85% of questions were flagged by students as potentially incorrect, a figure that reflects user perception rather than a verified error rate. Surveys indicated strong student acceptance, engagement, and motivation, which are vital for the forethought phase of SRL. However, error analysis of flagged items revealed recurring issues like incorrectly marked answers and flawed distractors. These findings suggest that AI-generated MCQs may support the SRL cycle by facilitating forethought, performance control, and self-reflection. While Large Language Model (LLM) tools provide scalable opportunities for practice and self-assessment, our results confirm that human validation remains essential to ensure content quality and maximize learning benefits.","wos, scopus, ieee",llm,0.920,unreviewed,
discarded,"AI assistance in peer feedback provision: Pedagogically sound, but minimally adopted",Pozdniakov S.,2026,Computers and Education,10.1016/j.compedu.2026.105591,https://www.scopus.com/inward/record.uri?partnerID=HzOxMe3b&scp=105030494332&origin=inward,off-topic-false-hit,"Engaging students in peer feedback offers significant learning benefits by promoting collaboration, critical thinking, and skill development. However, challenges persist because many students struggle to provide constructive and actionable feedback due to gaps in disciplinary knowledge and pedagogical skills. This study investigates whether Generative AI (GenAI) can help address these challenges by supporting students in delivering high-quality peer feedback. To examine this potential, we implemented human-led, GenAI-powered assistance for feedback provision in an educational platform using structured prompt instructions and a tailored user interface. We then examined the characteristics of this AI assistance (AI-A) and how students engaged with it during peer feedback. Our analysis draws on data from 433 students who engaged in 7670 instances of peer feedback supported by AI assistance as part of a large undergraduate semester-long course. Our results indicate that AI-A was typically positive, well structured, and focused on pedagogical strengths (79% of all instances). However, uptake remained relatively low, with just 9% (690) of AI assistance suggestions leading to revisions. AI-A that was less accurate, less complete in describing the original peer feedback, or less positively worded was more likely to prompt revision, with small-to-medium effect sizes. One possible explanation is that these instances drew students’ attention because they appeared to require correction. These findings offer valuable insights for designing AI-A in peer feedback platforms that promote learning, encourage reflection, and preserve student autonomy.","wos, scopus, ieee",llm,0.650,unreviewed,
discarded,Literacy Demands as an Equity Issue in K-12 CS Education: A Lexile-Level-Based Analysis of Cognitive Load and Performance,Thomas-Cappello E.,2026,Respect 2026 Proceedings of the 2026 Conference for Research on Equity and Sustained Participation in Engineering Computing and Technology,10.1145/3796496.3811789,https://www.scopus.com/inward/record.uri?partnerID=HzOxMe3b&scp=105042311156&origin=inward,adjacent-subtopic,"As computer science (CS) becomes integral to K–12 education, understanding how foundational skills such as reading proficiency influence student engagement and performance is essential. This study examines the relationship between reading proficiency and CS assessment outcomes and how assessment readability influences cognitive demands. Results show a weak but positive correlation between i-Ready scores and CS performance at an urban high school. As assessment item Lexile levels increased, student performance declined, especially among lower proficiency readers, suggesting increased cognitive load. These findings highlight the importance of aligning assessment readability with students’ literacy levels to promote more equitable CS learning opportunities.","wos, scopus, ieee",llm,0.980,unreviewed,
kept,Isolated Detection of Misconceptions in an Adaptive Program Tracing Instrument,Bastian M.,2026,IEEE Transactions on Education,10.1109/TE.2026.3685553,https://www.scopus.com/inward/record.uri?partnerID=HzOxMe3b&scp=105037176611&origin=inward,supports-claim,"Background: Educators commonly use formative or summative assessments to evaluate learners’ understanding and identify misconceptions. In the context of programming, existing approaches typically do not provide time-efficient diagnosis of specific misconceptions. Adaptive testing can provide an opportunity to overcome these limitations by customizing the item selection process individually for each learner. Contribution: This article presents a theoretical derivation of an approach for diagnosing misconceptions related to control flow. Based on the notion of shadowed misconception, an adaptive test to identify these misconceptions is constructed, and an evaluation of this test in the context of an introductory programming course (N = 97) is presented. Research Questions: (RQ1) How can an adaptive test be designed to diagnose known misconceptions of control flow as isolated as possible? (RQ2) How reliable is an adaptive testing instrument, designed around the isolated detection of misconceptions, at predicting novice learners’ performance? Methodology: A formative assessment was constructed based on a theoretically derived decision-tree framework of typical misconceptions related to control flow. To evaluate the assessment, a mixed methods approach was employed through a study involving novice university-level programmers. Subsequently, the instrument was analyzed in terms of internal consistency and the presence of various misconceptions.Findings: The results indicate that the adaptive nature of the test reduces the number of items necessary for a diagnosis by 33%. The results also demonstrate that learners’ responses to unseen items can be reliably predicted with an average accuracy of approximately 86%. Furthermore, qualitative data confirms that the test is able to detect a variety of known misconceptions.","wos, scopus, ieee",llm,0.990,unreviewed,
discarded,Using Code Comments as a Pedagogical Scaffold in Digitally Supported Introductory Programming: An Exploratory Mixed-Methods Study in Vocational Secondary Education,Sarmento G.,2026,Digital,10.3390/digital6020037,https://www.scopus.com/inward/record.uri?partnerID=HzOxMe3b&scp=105043159173&origin=inward,adjacent-subtopic,"The development of computational thinking in introductory programming remains a major challenge, particularly in vocational secondary education, where students frequently encounter difficulties in understanding code structure, identifying errors, and translating problem statements into algorithmic solutions. This study examines the use of code comments as a pedagogical scaffold within a digitally supported learning environment enriched with multimodal instructional resources for novice programming students. An exploratory mixed-methods classroom intervention was conducted in a vocational secondary education context, combining comment-centered coding activities with digital educational resources such as online forms, classroom management tools, guided worksheets, interactive exercises, and feedback-oriented learning tasks. The intervention was examined through a pre- and post-test on computational thinking, a pre- and post-intervention questionnaire on students’ knowledge, practices, and perceptions regarding code comments, and supporting qualitative evidence from classroom artifacts. The findings showed a marked improvement in computational thinking performance over the course of the intervention, with the mean test score increasing from 43% to 91%. Students also reported more positive and more elaborated views regarding the role of code comments in code comprehension, debugging, organization, and learning support. Given the single-group design and small sample, these results should be interpreted as exploratory and context-specific rather than as evidence of intervention-only causality. Nevertheless, the study provides practice-based evidence that code comments, when embedded in a structured multimedia-supported learning design, may function as a useful pedagogical scaffold in introductory programming education. This study contributes empirical evidence from an underrepresented vocational secondary education setting and offers actionable implications for multimedia-based digital learning in computer science education.","wos, scopus, ieee",llm,0.990,unreviewed,
discarded,Evaluating lab assistant chatbot on student learning and behaviors in a programming short course,Noraset T.,2026,Computers and Education Artificial Intelligence,10.1016/j.caeai.2025.100527,https://www.scopus.com/inward/record.uri?partnerID=HzOxMe3b&scp=105025094025&origin=inward,adjacent-subtopic,"The rise of generative AI has increased interest in its application as an intelligent lab assistant in programming education, but concerns persist over its educational value and potential exploitation. While previous work supports using a customized chatbot as an assistant that provides specific guidance rather than allowing students to prompt responses freely, empirical evidence directly comparing these approaches is still lacking. This study evaluates the impact of two chatbot designs, Unrestricted and Assistant, on student learning and behavior in a short Python programming course. Through a controlled experiment involving 42 participants, we found that students using the Assistant chatbot, which provided guidance through preset and free-text prompts without offering direct solutions, showed significantly greater improvement from pre- to post-test than those using an Unrestricted chatbot. Analysis of over 1000 chatbot interactions revealed a strong preference for free-text input and a high rate of attempted exploits among participants. Additionally, prompt injection tests demonstrated the Assistant chatbot’s partial vulnerability to hijacking attempts. These findings highlight the benefits and limitations of AI assistants in programming education, underscoring the importance of guided interaction design to support learning while minimizing exploitation.","wos, scopus, ieee",llm,0.990,unreviewed,
