status,title,authors,year,venue,doi,url,tags,abstract,provider,decision_source,llm_confidence,llm_review_outcome,llm_change_direction
discarded,A Science Learning Environment using a Computational Thinking Approach.,Satabdi Basu; John S. Kinnebrew; Amanda Dickes; Amy Voss Farris; Pratim Sengupta; Jaymes Winger; Gautam Biswas,2012,ICCE,10.58459/ICCE.2012.914,https://dblp.org/rec/conf/icce/BasuKDFSWB12,adjacent-subtopic,"Computational Thinking (CT) defines a domain-general, analytic approach to problem solving that combines concepts fundamental to computing, with systematic representations for concepts and problem-solving approaches in scientific and mathematical domains. We exploit this trade-off between domain-specificity and domain-generality to develop CTSiM (Computational Thinking in Simulation and Modeling), a cross-domain, visual programming and agent-based learning environment for middle school science. CTSiM promotes inquiry learning by providing students with an environment for constructing computational models of scientific phenomena, executing their models using simulation tools, and conducting experiments to compare the simulation behavior generated by their models against that of an expert model. In a preliminary study, sixth-grade students used CTSiM to learn about distance-speed-time relations in a kinematics unit and then about the ecological process relations between fish, duckweed, and bacteria occurring in a fish tank system. Results show learning gains in both science units, but this required a set of scaffolds to help students learn in this environment.","openalex, dblp",llm,0.990,unreviewed,
kept,Computational thinking.,Jeannette M. Wing,2011,VL/HCC,10.1109/VLHCC.2011.6070404,https://dblp.org/rec/conf/vl/Wing11,supports-claim,"It represents a universally applicable attitude and skill set everyone, not just computer scientists, would be eager to learn and use.","openalex, dblp",llm,0.880,unreviewed,
kept,Computational thinking.,Jeannette M. Wing,2009,J. Comput. Sci. Coll.,10.5555/1529995.1529997,https://dblp.org/rec/journals/jcscoll/Wing09,supports-claim,,"openalex, dblp",llm,0.740,unreviewed,
kept,Computational thinking.,Peter B. Henderson; Thomas J. Cortina; Jeannette M. Wing,2007,SIGCSE,10.1145/1227310.1227378,https://dblp.org/rec/conf/sigcse/HendersonCW07,supports-claim,No abstract available.,"openalex, dblp",llm,0.660,unreviewed,
kept,Computational thinking.,Jeannette M. Wing,2006,Commun. ACM,10.1145/1118178.1118215,https://dblp.org/rec/journals/cacm/Wing06,CT-definition,"It represents a universally applicable attitude and skill set everyone, not just computer scientists, would be eager to learn and use.","openalex, dblp",human,,human,
kept,Demystifying computational thinking,Valerie J. Shute; Chen Sun; Jodi Asbell‐Clarke,2017,Educational Research Review,10.1016/j.edurev.2017.09.003,https://openalex.org/W2760706586,CT-facets-concepts-vs-practices,"This paper examines the growing field of computational thinking (CT) in education. A review of the relevant literature shows a diversity in definitions, interventions, assessments, and models. After synthesizing various approaches used to develop the construct in K-16 settings, we have created the following working definition of CT: The conceptual foundation required to solve problems effectively and efficiently (i.e., algorithmically, with or without the assistance of computers) with solutions that are reusable in different contexts. This definition highlights that CT is primarily a way of thinking and acting, which can be exhibited through the use particular skills, which then can become the basis for performance-based assessments of CT skills. Based on the literature, we categorized CT into six main facets: decomposition, abstraction, algorithm design, debugging, iteration, and generalization. This paper shows examples of CT definitions, interventions, assessments, and models across a variety of disciplines, with a call for more extensive research in this area. (C) 2017 Elsevier Ltd. All rights reserved.","openalex, dblp",human,,human,
discarded,Demystifying computational thinking for teacher candidates: A case study on Turkish secondary school pre-service teachers,Armağan Ateşkan; Deniz Ortaçtepe,2021,Education and Information Technologies,10.1007/s10639-021-10626-9,https://openalex.org/W3173725980,adjacent-subtopic,"The present study is based on a teaching-module designed to introduce computational thinking (CT) to pre-service teachers pursuing MA degrees at a large-scale university in Ankara, Turkey. It aims to explore Turkish pre-service teachers’ perceptions and integration of CT in different disciplines through CT-based tasks. Pre- and post-attitude questionnaires were administered before and after the presentation of a CT module to find out about their self-efficacy of computer use in class, perceptions of computing and CT, and integration of CT into their classrooms and in other disciplines. Student lesson plans were analysed in order to explore the challenges they faced while integrating CT into their teaching. According to the results, the pre-service teachers in this study 1) gained an awareness that computing, and CT are more than using computers and technology but relate to the process of problem-solving, 2) developed a better understanding of how to integrate CT into their teaching, and 3) agreed that CT could and should be integrated into the teaching of other disciplines, and 4) integrated different CT vocabulary in lesson plans based on their specific subject area.","openalex, dblp",llm,1.000,unreviewed,
kept,Computational Thinking Is More about Thinking than Computing,Yeping Li; Alan H. Schoenfeld; Andrea A. diSessa; Arthur C. Graesser; Lisa Benson; Lyn D. English; Richard A. Duschl,2020,Journal for STEM Education Research,10.1007/s41979-020-00030-2,https://openalex.org/W3028549437,supports-claim,"Computational thinking is widely recognized as important, not only to those interested in computer science and mathematics but also to every student in the twenty-first century. However, the concept of computational thinking is arguably complex; the term itself can easily lead to direct connection with “computing” or “computer” in a restricted sense. In this editorial, we build on existing research about computational thinking to discuss it as a multi-faceted theoretical nature. We further present computational thinking, as a model of thinking, that is important not only in computer science and mathematics, but also in other disciplines of STEM and integrated STEM education broadly.","openalex, dblp",llm,0.860,unreviewed,
kept,On Computational Thinking and STEM Education,Yeping Li; Alan H. Schoenfeld; Andrea A. diSessa; Arthur C. Graesser; Lisa Benson; Lyn D. English; Richard A. Duschl,2020,Journal for STEM Education Research,10.1007/s41979-020-00044-w,https://openalex.org/W3063582799,supports-claim,,"openalex, dblp",llm,0.630,unreviewed,
discarded,From computational thinking to computational empowerment,Ole Sejer Iversen; Rachel Charlotte Smith; Christian Dindler,2018,Participatory Design Conference,10.1145/3210586.3210592,https://openalex.org/W2886415993,adjacent-subtopic,"We propose computational empowerment as an approach and a Participatory Design response to challenges related to digitalization of society and the emerging need for digital literacy in K12 education. Our approach extends the current focus on computational thinking to include contextual, human-centred and societal challenges and impacts involved in students' creative and critical engagement with digital technology. Our research is based on the [email protected] project, in which a PD approach to computational empowerment provided opportunities as well as further challenges for the complex agenda of digital technology in education. We argue that PD has the potential to drive a computational empowerment agenda in education by connecting political PD with contemporary visions for addressing a future digitalized labour market and society.","openalex, dblp",llm,0.950,unreviewed,
discarded,Computational thinking development through creative programming in higher education,Margarida Roméro; Alexandre Lepage; Benjamin Lille,2017,International Journal of Educational Technology in Higher Education,10.1186/s41239-017-0080-z,https://openalex.org/W2772153049,adjacent-subtopic,"Creative and problem-solving competencies are part of the so-called twenty-first century skills. The creative use of digital technologies to solve problems is also related to computational thinking as a set of cognitive and metacognitive strategies in which the learner is engaged in an active design and creation process and mobilized computational concepts and methods. At different educational levels, computational thinking can be developed and assessed through solving ill-defined problems. This paper introduces computational thinking in the context of Higher Education creative programming activities. In this study, we engage undergraduate students in a creative programming activity using Scratch. Then, we analyze the computational thinking scores of an automatic analysis tool and the human assessment of the creative programming projects. Results suggested the need for a human assessment of creative programming while pointing the limits of an automated analytical tool, which does not reflect the creative diversity of the Scratch projects and overrates algorithmic complexity.","openalex, dblp",llm,0.990,unreviewed,
kept,"Computational Thinking, Between Papert and Wing",Michael Lodi; Simone Martini,2021,Science & Education,10.1007/s11191-021-00202-5,https://openalex.org/W3158602079,supports-claim,"Abstract The pervasiveness of Computer Science (CS) in today’s digital society and the extensive use of computational methods in other sciences call for its introduction in the school curriculum. Hence, Computer Science Education is becoming more and more relevant. In CS K-12 education, computational thinking (CT) is one of the abused buzzwords: different stakeholders (media, educators, politicians) give it different meanings, some more oriented to CS, others more linked to its interdisciplinary value. The expression was introduced by two leading researchers, Jeannette Wing (in 2006) and Seymour Papert (much early, in 1980), each of them stressing different aspects of a common theme. This paper will use a historical approach to review, discuss, and put in context these first two educational and epistemological approaches to CT. We will relate them to today’s context and evaluate what aspects are still relevant for CS K-12 education. Of the two, particular interest is devoted to “Papert’s CT,” which is the lesser-known and the lesser-studied. We will conclude that “Wing’s CT” and “Papert’s CT,” when correctly understood, are both relevant to today’s computer science education. From Wing, we should retain computer science’s centrality, CT being the (scientific and cultural) substratum of the technical competencies. Under this interpretation, CT is a lens and a set of categories for understanding the algorithmic fabric of today’s world. From Papert, we should retain the constructionist idea that only a social and affective involvement of students into the technical content will make programming an interdisciplinary tool for learning (also) other disciplines. We will also discuss the often quoted (and often unverified) claim that CT automatically “transfers” to other broad 21st century skills. Our analysis will be relevant for educators and scholars to recognize and avoid misconceptions and build on the two core roots of CT.","openalex, dblp",llm,0.890,unreviewed,
discarded,Fostering computational thinking through educational robotics: a model for creative computational problem solving,Morgane Chevalier; Christian Giang; Alberto Piatti; Francesco Mondada,2020,International Journal of STEM Education,10.1186/s40594-020-00238-z,https://openalex.org/W3046440829,adjacent-subtopic,"Abstract Background Educational robotics (ER) is increasingly used in classrooms to implement activities aimed at fostering the development of students’ computational thinking (CT) skills. Though previous works have proposed different models and frameworks to describe the underlying concepts of CT, very few have discussed how ER activities should be implemented in classrooms to effectively foster CT skill development. Particularly, there is a lack of operational frameworks, supporting teachers in the design, implementation, and assessment of ER activities aimed at CT skill development. The current study therefore presents a model that allows teachers to identify relevant CT concepts for different phases of ER activities and aims at helping them to appropriately plan instructional interventions. As an experimental validation, the proposed model was used to design and analyze an ER activity aimed at overcoming a problem that is often observed in classrooms: the trial-and-error loop, i.e., an over-investment in programming with respect to other tasks related to problem-solving. Results Two groups of primary school students participated in an ER activity using the educational robot Thymio. While one group completed the task without any imposed constraints, the other was subjected to an instructional intervention developed based on the proposed model. The results suggest that (i) a non-instructional approach for educational robotics activities (i.e., unlimited access to the programming interface) promotes a trial-and-error behavior; (ii) a scheduled blocking of the programming interface fosters cognitive processes related to problem understanding, idea generation, and solution formulation; (iii) progressively adjusting the blocking of the programming interface can help students in building a well-settled strategy to approach educational robotics problems and may represent an effective way to provide scaffolding. Conclusions The findings of this study provide initial evidence on the need for specific instructional interventions on ER activities, illustrating how teachers could use the proposed model to design ER activities aimed at CT skill development. However, future work should investigate whether teachers can effectively take advantage of the model for their teaching activities. Moreover, other intervention hypotheses have to be explored and tested in order to demonstrate a broader validity of the model.","openalex, dblp",llm,1.000,unreviewed,
kept,Computational thinking in programming with Scratch in primary schools: A systematic review,Janne Fagerlund; Päivi Häkkinen; Mikko Vesisenaho; Jouni Viiri,2020,Computer Applications in Engineering Education,10.1002/cae.22255,https://openalex.org/W3021329496,supports-claim,"Abstract Computer programming is being introduced in educational curricula, even at the primary school level. One goal of this implementation is to teach computational thinking (CT), which is potentially applicable in various computational problem‐solving situations. However, the educational objective of CT in primary schools is somewhat unclear: curricula in various countries define learning objectives for topics, such as computer science, computing, programming or digital literacy but not for CT specifically. Additionally, there has been confusion in concretely and comprehensively defining and operationalising what to teach, learn and assess about CT in primary education even with popular programming akin to Scratch. In response to the growing demands of CT, by conducting a literature review on studies utilising Scratch in K–9, this study investigates what kind of CT has been assessed in Scratch at the primary education level. As a theoretical background for the review, we define a tangible educational objective for introducing CT comprehensively in primary education and concretise the fundamental skills and areas of understanding involved in CT as its “core educational principles”. The results of the review summarise Scratch programming contents that students can manipulate and activities in which they can engage that foster CT. Moreover, methods for formatively assessing CT via students' Scratch projects and programming processes are explored. The results underpin that the summarised “CT‐fostering” programming contents and activities in Scratch are vast and multidimensional. The next steps for this study are to refine pedagogically meaningful ways to assess CT in students' Scratch projects and programming processes.","openalex, dblp",llm,0.880,unreviewed,
discarded,Automatic Classification of Records and Archives as Data: A Survey of Experiments Using Machine Learning,"Watanabe, Eduardo; Sousa, Renato Tarciso Barbosa de",2026,KNOWLEDGE ORGANIZATION,10.31083/KO53184,https://www.webofscience.com/wos/woscc/full-record/WOS:001753641000001,off-topic-false-hit,"This paper investigates the application of machine learning (ML) to the automatic classification of records and archives, framing it as a critical challenge in Knowledge Organization (KO). As digitization creates massive volumes of uncategorized data, the following research question arises: how can fundamental archival principles-such as provenance, original order, and hierarchical description-be translated into this new computational paradigm? This study first synthesizes, based on a multidisciplinary review of archival science, classification theory, KO, computer science, and information science, a proposal of six fundamental guidelines for the responsible application of artificial intelligence (AI) in records and archives. These guidelines connect traditional archival theory with the modern imperatives of trustworthy and explainable AI. Second, we conduct a comparative analysis of 24 published ML experiments, assessing their adherence to these guidelines. Our analysis reveals a significant and troubling disconnect. While most experiments acknowledge the principle of provenance (75.0%), they demonstrate profound neglect of guidelines related to diverse perspectives (25.0%), explainability (16.7%), and, most critically, algorithmic accountability (0.0%). The results indicate that current practices often succeed in basic content categorization but fail in the more sophisticated archival task of preserving archives' evidentiary and relational integrity by treating records as decontextualized data. The study calls for urgently developing an Archival AI Lifecycle-a framework that weaves archival principles, classification theory, and knowledge organization into AI development, safeguarding archival practice's intellectual and ethical integrity in the digital age.","wos, scopus, ieee",llm,0.820,unreviewed,
