status,title,authors,year,venue,doi,url,tags,abstract,provider,decision_source,llm_confidence,llm_review_outcome,llm_change_direction
discarded,A Systematic Literature Review on the Use of Software Testing and Programming with Novice Students,Anália Cristina B. T. Meira; Dalton D. S. Guerrero; Wilkerson L. Andrade,2024,2024 IEEE Frontiers in Education Conference (FIE),10.1109/FIE61694.2024.10893450,https://ieeexplore.ieee.org/document/10893450/,adjacent-subtopic,"This Research Full Paper investigates the use of software testing in introductory programming courses (CS1 and/or CS2) as a supportive and facilitating technique for novice students, identifying adopted strategies and tools used. The literature commonly emphasizes problem-solving skills in programming education or strategies for intervening in educational practices. This paper conducts a Systematic Literature Review (SLR) and aims to understand the impact of introducing tests on novice students' comprehension of programming problems. More research is needed to understand how to improve programming teaching materials and methodologies and how novice students absorb all of this. A study was conducted to answer the following research questions: (RQ1) How are tests being used to facilitate novice students' understanding of programming problems? Additionally, (RQ2) What strategies and tools are being adopted to incorporate software testing into teaching programming for beginner students? The responses highlighted the challenges faced in teaching CS1 and/or CS2, evidencing controlled experiments, alternative methods, and tools used. Finally, we critically analyzed the impact on this target audience and found through the research that there is no consensus on the software testing skills necessary to learn programming. Therefore, these skills were grouped as follows: (1) skills related to introducing software testing tools - consolidated or new - and (2) skills related to education with testing activities. By cross-referencing the information, improvements in student performance can be seen when software tests are integrated into the learning process. Introducing tests by customizing materials adopted in programming courses, activities, and evaluations can promote more effective learning for this group.","wos, scopus, ieee",llm,0.990,unreviewed,
discarded,AI Generated Code Plagiarism Detection in Computer Science courses: A Literature Mapping,"Simmons, Archer; Holanda, Maristela; Chamon, Christiana; Da Silva, Dilma",2024,"2024 IEEE FRONTIERS IN EDUCATION CONFERENCE, FIE",10.1109/FIE61694.2024.10893117,https://www.webofscience.com/wos/woscc/full-record/WOS:001447128100252,adjacent-subtopic,"This is a full research paper. Integrity in the detection of plagiarism in students' source codes in university programming courses is a research topic for instructors and institutions seeking to improve the quality of their teaching. In particular, introductory courses such as CS1, are of paramount importance, as this is when students gain fundamental knowledge to build their future on. With the latest developments in Large Language Models (LLM) such as ChatGPT, GitHub Copilot, etc., methods of plagiarism have evolved, however methods of detection may not be capable of accurately differentiating between code generated by human and artificial intelligence (AI). In this context, this paper seeks to answer the research question: What does the current literature report on AI generated code plagiarism detection in higher education? To expand on and formulate a comprehensive answer to our research question (RQ), we have formulated six sub-questions: RQ1) How many papers were published per year by country?; RQ2) Which conferences and journals have published most papers on this subject?; RQ3) Which plagiarism detection tools were most often used prior to common AI use?; RQ4) How are educators adapting assignments to minimize the use of AI?; RQ5) Which modern methods are being deployed to specifically detect AI?; RQ6) Which data sources and languages are most prevalent in the literature? The methodology was based on a systematic literature review. Initially, we confined our search for literature to Scopus and Web of Science, however additional literature was included from Google Scholar. Inclusion criteria were applied to include documents from the years 2023 and 2024 (after the launch of ChatGPT), and only published by conferences and journals. Exclusion criteria: papers that do not focus on plagiarism and programming courses; papers that are not about the undergraduate-level; papers not written in English. We found 165 papers via Scopus and WebScience, from which the metadata were collected, resulting in 17 relevant papers selected for this work. The second step was a search in Google Scholar, where we analyzed 200 documents from 2023 (100 relevant documents) and 2024 (100 relevant documents). We used the same inclusion and exclusion criteria, however, we included the ArXiv papers, and found 9 more papers. Following this process, we have identified 26 papers to include in this literary mapping. In this paper we present the answers to these research questions and discussions about this research topic.","wos, scopus, ieee",llm,0.980,unreviewed,
discarded,A critical examination of Machine Learning as a tool to predict performance of students in CS1,"von Hausswolff, Kristina; Bjorkman, Christina; Dodig-Crnkovic, Gordana",2024,"2024 IEEE FRONTIERS IN EDUCATION CONFERENCE, FIE",10.1109/FIE61694.2024.10893050,https://www.webofscience.com/wos/woscc/full-record/WOS:001447128100193,adjacent-subtopic,"This full research paper presents a systematic literature review of research using machine learning techniques to predict student performance in introductory programming courses. The overarching research question is: How does empirical research using machine learning approach the prediction of student performance in introductory computer science courses (CS1)? The focus is on how knowledge from educational science is incorporated alongside with ethical and gender considerations. Only peer-reviewed articles, published in journals or conference proceedings between 2017 and mid 2020, reporting on empirical studies that used data on more than 30 students are included.

This study addresses prevalent shortcomings in empirical CS education research, noting often inadequate descriptions of data selection, processing, and the representation and diversity of sample sizes that can limit the utility of results. It underscores the frequent omission of ethical considerations regarding students' data consent and the potential negative impacts on students' educational trajectories. Additionally, many studies fail to incorporate the educational context or address gender-related issues adequately, disconnecting the models from established knowledge about women in computer science.","wos, scopus, ieee",llm,0.990,unreviewed,
discarded,Factors Influencing Students' Academic Success in Introductory Chemistry: A Systematic Literature Review,"Chestnut, Jessica; Johnson, Carla C.",2025,EDUCATION SCIENCES,10.3390/educsci15040413,https://www.webofscience.com/wos/woscc/full-record/WOS:001474812900001,off-topic-false-hit,"Undergraduate introductory chemistry is a gatekeeping course preventing students from persisting in STEM degree programs. It is important to understand students' experiences of introductory chemistry and better support students as this course traditionally has high attrition and failure rates. This systematic literature review examines the factors of academic success for undergraduates in introductory chemistry courses and aims to understand how these factors differ for varying student groups. A meta-analysis of 35 articles uncovered three emergent themes for promoting students' academic success: course design, instructional tools and resources, and student learning and characteristics. Most notably, active learning environments, metacognitive assessments, and student affective variables such as identity and motivation emerged as significant predictors of students' academic success. Additionally, this review demonstrates how differences in student demographics, achievement levels, affective variables, and participation in chemistry affect the extent to which students succeed in this course. Student demographics were most frequently reported to cause disparities in course performance, with students from historically underrepresented populations exhibiting the most disadvantages in overall course performance. These findings signify the importance of creating effective learning environments in introductory chemistry for students from diverse backgrounds to achieve equitable outcomes and sustain STEM interest.","wos, scopus, ieee",llm,0.990,unreviewed,
discarded,Challenges in learning programming logic among technology students: a systematic literature review,"Pereira Martins, Marcos Winicios; Melo Marin, Regina Paiva; Alves, Laura Beatriz",2024,REVISTA EDAPECI-EDUCACAO A DISTANCIA E PRATICAS EDUCATIVAS COMUNICACIONAIS E INTERCULTURAIS,10.29276/redapeci.2024.24.321348.12-24,https://www.webofscience.com/wos/woscc/full-record/WOS:001433467500002,adjacent-subtopic,"Programming is an activity that benefits any individual by stimulating logical thinking and problem-solving skills. However, programming education is generally aimed at future computing professionals, especially in software development, and is predominant in technical and undergraduate computing courses. Learning programming in these courses has proven to be complex, resulting in significant difficulties for students in understanding programming logic, leading to high failure and dropout rates in introductory courses. This study aims to identify the main challenges faced by students during the learning process of computer programming, focusing on introductory programming logic courses. To achieve this, a systematic literature review was conducted using databases such as Google Scholar, IEEE, Capes Journals, ScienceDirect, and Scielo. The study revealed that the most common difficulties are related to logical reasoning and abstraction capabilities, which are fundamental for problem-solving in programming. This work can assist in the development of teaching strategies and methods that improve the teaching and learning process of programming, promoting better academic results, and reducing dropout and failure rates.","wos, scopus, ieee",llm,0.990,unreviewed,
discarded,Tracing Prompt-Level Interaction Trajectories to Understand Student Learning with LLMs in Programming Education,Shao T.,2027,Lecture Notes in Computer Science,10.1007/978-3-032-29770-9_29,https://www.scopus.com/inward/record.uri?partnerID=HzOxMe3b&scp=105043967466&origin=inward,adjacent-subtopic,,"wos, scopus, ieee",llm,0.950,unreviewed,
discarded,Cold-Start Syntax Error Prediction in Programming Education: Comparing Sequential Knowledge Tracing and Large Language Models,Shaka M.,2027,Lecture Notes in Computer Science,10.1007/978-3-032-29755-6_13,https://www.scopus.com/inward/record.uri?partnerID=HzOxMe3b&scp=105043690843&origin=inward,adjacent-subtopic,,"wos, scopus, ieee",llm,0.960,unreviewed,
discarded,Grounding Programming Chatbot in Computational Thinking: Design and Evaluation of MazeMate,Hou C.,2027,Lecture Notes in Computer Science,10.1007/978-3-032-29744-0_35,https://www.scopus.com/inward/record.uri?partnerID=HzOxMe3b&scp=105043988034&origin=inward,adjacent-subtopic,,"wos, scopus, ieee",llm,0.960,unreviewed,
discarded,From Auxiliary Tool to Teaching Partner: A Human-AI Co-teaching Model for Primary Programming Classrooms,He Z.,2027,Lecture Notes in Computer Science,10.1007/978-3-032-29763-1_4,https://www.scopus.com/inward/record.uri?partnerID=HzOxMe3b&scp=105043982021&origin=inward,adjacent-subtopic,,"wos, scopus, ieee",llm,0.960,unreviewed,
discarded,Offline Reinforcement Learning for Adaptive Feedback in Online Programming Education,Kirouchenassamy B.,2027,Lecture Notes in Computer Science,10.1007/978-3-032-29755-6_6,https://www.scopus.com/inward/record.uri?partnerID=HzOxMe3b&scp=105043739772&origin=inward,adjacent-subtopic,,"wos, scopus, ieee",llm,0.960,unreviewed,
discarded,Complementing Human Instruction: Student Interaction Patterns with a Pedagogically Aligned AI Teaching Assistant,Hsu S.Y.,2027,Lecture Notes in Computer Science,10.1007/978-3-032-29770-9_53,https://www.scopus.com/inward/record.uri?partnerID=HzOxMe3b&scp=105043974468&origin=inward,adjacent-subtopic,,"wos, scopus, ieee",llm,0.950,unreviewed,
discarded,From Information Foraging to Making Sense of the Information: Decoding Mindset-Driven Learning in Computer Based Learning Environments,Nishane I.,2027,Lecture Notes in Computer Science,10.1007/978-3-032-29763-1_25,https://www.scopus.com/inward/record.uri?partnerID=HzOxMe3b&scp=105043970123&origin=inward,off-topic-false-hit,,"wos, scopus, ieee",llm,0.680,unreviewed,
discarded,Kwame 2.0: Human-in-the-Loop Generative AI Teaching Assistant for Large Scale Online Coding Education in Africa,Boateng G.,2027,Lecture Notes in Computer Science,10.1007/978-3-032-29773-0_37,https://www.scopus.com/inward/record.uri?partnerID=HzOxMe3b&scp=105043981178&origin=inward,adjacent-subtopic,,"wos, scopus, ieee",llm,0.980,unreviewed,
discarded,From Ethical Discourse to Empirical Evidence: How Ethical Concerns are Operationalized in Studies on Generative AI in Higher Education,Kyriakoglou R.,2027,Lecture Notes in Computer Science,10.1007/978-3-032-29773-0_15,https://www.scopus.com/inward/record.uri?partnerID=HzOxMe3b&scp=105043968740&origin=inward,off-topic-false-hit,,"wos, scopus, ieee",llm,0.780,unreviewed,
discarded,BIM-integrated digital twin framework for data collection and assessment of existing RC buildings,Ergen F.,2027,Expert Systems with Applications,10.1016/j.eswa.2026.133555,https://www.scopus.com/inward/record.uri?partnerID=HzOxMe3b&scp=105043731743&origin=inward,off-topic-false-hit,"Completely representing the properties of a building in a seismic assessment through data collection is a demanding endeavor. Current approaches rely on manual, time-consuming methods that are not integrated with digital systems which may result in incomplete or improper data collection processes, leading to incorrect earthquake performance analysis. In this paper, an expert system that integrates Building Information Modeling (BIM) and Digital Twin (DT) technologies is developed to assist, optimize, manage, and digitalize the data collection process and to take data-based decisions to increase the accuracy, transparency and efficiency of the assessment process. The developed system effectively optimizes data collection with genetic algorithm. Moreover the system contains an integrated database which can manage collected data from multi-resource through seismic performance analysis process and also visualizes the collected data through the embedded game engine. Seismic performance analyses of two existing buildings managed by the developed system demonstrated that the developed DT approach provides complete and efficient data collection and evaluation for seismic assessment.","wos, scopus, ieee",llm,0.990,unreviewed,
kept,A Systematic Literature Review on Teaching and Learning Introductory Programming in Higher Education,Rodrigo Pessoa Medeiros; Geber Lisboa Ramalho; Taciana Pontual Falcão,2019,IEEE Transactions on Education,10.1109/TE.2018.2864133,https://ieeexplore.ieee.org/document/8447543/,supports-claim,"Contribution: This paper adds to the results of previous systematic literature reviews by addressing a more contemporary context of introductory programming. It proposes a categorization of introductory programming challenges, and highlights key issues for a research roadmap on introductory programming learning and teaching in higher education. Background: Despite the advances in methods and tools for teaching and learning introductory programming, dropout and failure rates are still high. Published surveys and reviews either cover papers only up to 2007, or focus on methods and tools for teaching introductory programming. Research Questions: 1) What previous skills and background knowledge are key for a novice student to learn programming? 2) What difficulties do novice students encounter in learning how to program? 3) What challenges do teachers encounter in teaching introductory programming? Methodology: Following a formal protocol, automatic and manual searches were performed for work from 2010 to 2016. Of 100 papers selected for data extraction, 89 were retained after quality assessment. Findings: The most frequently cited skills necessary for learning programming were related to problem solving and mathematical ability. Problem solving was also cited as a learning challenge, followed by motivation and engagement, and difficulties in learning the syntax of programming languages. The main teaching challenges concern the lack of appropriate methods and tools, as well as scaling and personalized teaching.","wos, scopus, ieee",llm,0.970,unreviewed,
discarded,Systematic literature review: Teaching novices programming using robots,L. Major; T. Kyriacou; O. P. Brereton,2011,15th Annual Conference on Evaluation & Assessment in Software Engineering (EASE 2011),10.1049/ic.2011.0003,https://ieeexplore.ieee.org/document/6083158/,adjacent-subtopic,"Background: Teaching programming to novices is a difficult task due to the complex nature of the subject, as negative stereotypes are associated with programming and because introductory programming courses often fail to encourage student understanding. Aim: This study investigates the effectiveness of using robots as tools to aid the process of teaching programming and to determine whether such technology can help to overcome the current barriers for learners in this context. Method: The Systematic Literature Review (SLR) methodology has been selected to discover how effective the use of robotics has been in the teaching of introductory programming concepts. Nine electronic databases, the proceedings from six conferences and two journals have been searched for literature relevant to the study. Results: After applying inclusion and exclusion criteria 34 articles have been accepted in the SLR. 74% of included literature report robots to be an effective teaching tool and one that can help novice programmers in their studies. Conclusion: Robots can be a powerful and effective tool when used in an introductory programming course but the potential remains to further investigate methods for their implementation. Thoughts on the use of the SLR methodology from the perspective of a PhD student are also given.","wos, scopus, ieee",llm,0.990,unreviewed,
discarded,Fostering Problem-Solving in Introductory Programming Through Software Testing: A Systematic Review,André Almeida; Dalton D. S. Guerrero; Wilkerson L. Andrade,2025,2025 IEEE Frontiers in Education Conference (FIE),10.1109/FIE63693.2025.11328234,https://ieeexplore.ieee.org/document/11328234/,adjacent-subtopic,"This Research Full Paper presents a systematic review of the integration of software testing practices in introductory programming courses. Software testing, a critical skill in programming, has the potential to transform the way students approach problem-solving and programming tasks. However, the process of teaching these practices in beginner courses presents unique challenges and opportunities. The primary objective of this study is to examine how software testing practices are incorporated into programming courses, their effectiveness in enhancing students' logical and analytical reasoning, and the challenges associated with their implementation. To address these goals, a systematic literature review (SLR) was conducted, guided by three units of analysis: (1) the stages of problem-solving supported by testing, (2) the metrics used to evaluate its effectiveness, and (3) the findings of current practices. The findings reveal that testing can be introduced at different stages of problemsolving, including writing test cases before coding, metacognitive scaffolding to plan solutions, and using frameworks to integrate continuous feedback. Metrics such as academic performance, problem-solving accuracy, engagement, and solution validation were used to evaluate the effectiveness of these approaches. Additionally, the research notes the need for further exploration of how these practices can be adapted to real-world scenarios and different educational contexts.","wos, scopus, ieee",llm,0.990,unreviewed,
