status,title,authors,year,venue,doi,url,tags,abstract,provider,decision_source,llm_confidence,llm_review_outcome,llm_change_direction
 This paper introduces the DECODE framework, a conceptual model for understanding how memetic saturation, cognitive overload, emotional exhaustion, and relational disconnection contribute to adolescent mental health challenges in digital environments. By synthesizing insights from memetic theory, cognitive-emotional regulation, and library science, the framework positions public libraries as epistemic moderators capable of fostering digital discernment, resilience, and dialogue. The study’s aim is not to test causal hypotheses but to provide an abductively derived, theory-building structure that informs future empirical work and offers actionable strategies for librarians, educators, and policymakers navigating the adolescent mental health crisis.
 
 
 
 The study adopts a critical-realist, abductive methodology that iteratively integrates descriptive survey patterns, peer-reviewed empirical findings, and theoretical constructs. Publicly available datasets (CDC’s Youth Risk Behavior Surveillance System (YRBSS) 2023; Pew Research Center’s Teens, Social Media and Mental Health 2025) are used illustratively to anchor theoretical insights, rather than as sources for causal inference. Through exploratory thematic grouping and abductive triangulation, five patterns of adolescent digital experience are mapped onto six response pillars of the DECODE framework. This abductive scaffolding process yields a provisional, testable conceptual model that both explains observed trends and generates propositions for future empirical and cross-cultural validation.
 
 
 
 Analysis of national survey patterns and peer-reviewed evidence identified five thematic patterns: Digital Immersion and Memetic Saturation, Cognitive Overload, Emotional Exhaustion, Relational Disconnection, and Emergent Risks and Adaptive Coping. These patterns correspond directly to DECODE’s six pillars: Defend and Define, Expose Memes, Cross-Check Sources, Organize Context, Document and Disseminate, and Engage Dialogue. Together, they illustrate how algorithmically curated content environments amplify adolescent distress, while libraries and civic spaces can act as epistemic moderators. The findings suggest that resilience lies not in restricting access but in cultivating cognitive and social capacities for discernment, contextualization, and dialogue in digital environments.
 
 
 
 This study is conceptual rather than hypothesis-testing, using descriptive survey summaries as illustrative anchors. While this approach highlights converging patterns, it cannot establish causal pathways or quantify effect sizes. The abductive design emphasizes theory generation, leaving empirical validation to future research. Cross-sectional survey data also limit temporal insights into digital saturation’s cumulative effects. Nevertheless, the DECODE framework identifies clear mechanisms and intervention points, providing testable propositions for future studies. Future research should employ longitudinal, experimental, and cross-cultural methods to evaluate and refine the framework’s propositions, ensuring both robustness and broader generalizability across diverse youth populations.
 
 
 
 The DECODE framework provides actionable strategies for libraries, educators, and civic organizations seeking to support adolescent well-being in digital contexts. Each pillar translates into practical interventions: setting digital boundaries (Defend and Define), fostering media literacy (Expose Memes), teaching verification skills (Cross-Check Sources), curating contextual knowledge (Organize Context), promoting reflective practices (Document and Disseminate), and creating spaces for dialogue (Engage Dialogue). These strategies can be integrated into library programming, classroom curricula, and community initiatives, offering scalable and evidence-informed approaches to counteracting memetic saturation and cognitive overload while strengthening resilience, critical thinking, and social connectedness among young people.
 
 
 
 The study addresses pressing societal challenges: adolescent mental health, digital polarization, and the erosion of civic trust in a memetic media environment. By positioning libraries as epistemic moderators, the DECODE framework underscores the importance of accessible, trusted public institutions in buffering digital harms. Implementing DECODE’s pillars can strengthen community dialogue, reduce the spread of manipulative narratives, and foster healthier patterns of information consumption. More broadly, the framework offers a civic roadmap for reintroducing collective sense-making into fragmented media ecologies, promoting not only youth well-being but also more informed, resilient, and socially connected democratic societies.
 
 
 
 This article is among the first to link memetic theory, cognitive-emotional regulation, and library science into a unified conceptual framework for addressing adolescent digital distress. Unlike existing models that focus narrowly on screen time or platform regulation, DECODE foregrounds the interplay of memetic saturation, cognitive overload, and relational disconnection while highlighting libraries’ overlooked civic role. Its abductive methodology generates testable propositions and actionable pillars, offering both theoretical innovation and practical pathways for intervention. The framework’s originality lies in reimagining libraries not just as information providers but as active epistemic moderators in the digital age’s mental health crisis.
","wos, scopus, ieee",llm,0.970,unreviewed,
discarded,Influence of organizational culture on sustainable mobility behaviours in higher education,Joly L.,2026,International Journal of Sustainability in Higher Education,10.1108/IJSHE-02-2025-0084,https://www.scopus.com/inward/record.uri?partnerID=HzOxMe3b&scp=105033495154&origin=inward,off-topic-false-hit,"
 
 In the face of climate change, higher education institutions can play a role in fostering a sustainable future. This study aims to examine how their green organizational culture, including values, social norms and practices, affects students’ mobility choices. Specifically, the authors examine the direct impact of green organizational culture on polluting commuting behaviours, the mediating role of organizational trust and the interplay between social and personal norms on students’ transportation choices.
 
 
 
 A quantitative survey was conducted among master’s students. In total, 294 valid responses were collected and analyzed using partial least squares structural equation modelling.
 
 
 
 Results confirm that green organizational culture reduces polluting commuting behaviours. Personal norms emerged as the strongest driver of sustainable mobility, and social norms significantly influenced personal norms, demonstrating how normative expectations within higher education institutions can encourage pro-environmental behaviours. Unexpectedly, trust exhibited a positive association with polluting behaviours, suggesting a potential delegation of environmental responsibility to the institution.
 
 
 
 The findings emphasize the role of organizational culture and norms in shaping mobility behaviours, providing actionable insights for enhancing sustainability through visible, value-driven practices. Future research should incorporate objective mobility data and explore variations across different institutional contexts, considering socioeconomic and geographical factors.
 
 
 
 This study extends existing research by positioning commuting behaviours as an integral part of institutional sustainability efforts. Unlike previous work that primarily examines internal environmental policies (e.g. waste management, energy conservation), this study highlights how higher education institutions shape external behaviours through organizational culture and social norms. By integrating normative influences and trust dynamics, this research provides theoretical and practical insights into how institutions can effectively promote long-term sustainable mobility practices among students.
","wos, scopus, ieee",llm,0.980,unreviewed,
discarded,Development and Validation of an AI Literacy Scale for Pre-Service Teachers in Thailand,Pingmuang P.,2026,Electronic Journal of E Learning,10.34190/ejel.24.1.3990,https://www.scopus.com/inward/record.uri?partnerID=HzOxMe3b&scp=105026352736&origin=inward,adjacent-subtopic,"Artificial intelligence (AI) is having a significant impact on contemporary lives, especially in learning and instruction design. The exploration of AI literacy in teacher education is an essential foundation for the redesign of instructional approaches to enhance pre-service teachers’ AI literacy. This study aimed to develop the scale of AI literacy by employing exploratory factor analysis (EFA) and confirmatory factor analysis (CFA) to develop the items and validate a self-assessment AI literacy scale for pre-service teachers for practical implementation for teacher development courses in undergraduate curricula. In this study, AI literacy, synthesized from relevant studies and drawing on experts in educational technology, includes four constructs: 1) recognition, 2) fundamental comprehension, 3) pedagogy, and 4) ethical use of AI, offering a comprehensive and versatile instrument for the measurement of AI literacy in teaching professional development. The instrument’s reliability and construct validity were confirmed using statistical analyses of data collected from 1,673 undergraduate pre-service students studying teaching and education at Thai universities, including both public and private universities. The findings indicated that the four constructs proposed had a good fit and showed excellent internal consistency (α = 0.94). The average variance extracted, and composite reliability (CR) values met the criteria for validity. In the EFA, the items were reduced from 42 items to 39 items, which had a Kaiser-Meyer-Olkin of 0.993 and a significant test of sphericity (p-value < .0001). The CFA results revealed a chi-Square value of 480 (p < 0.001), an RMSEA of 0.035, an SRMR of 0.022, a comparative fit index (CFI) of 0.974, and a GFI of 0.974. Thus, the AI literacy scale for pre-service teachers developed in this study is a valid and reliable instrument for assessing pre-service teachers’ AI literacy. Although it was not yet implemented in classroom settings, the established validity and reliability of the scale provide a foundation for future research and practical applications in teacher education.","wos, scopus, ieee",llm,0.900,unreviewed,
discarded,Fostering Creativity Through Meta Virtual Project-Based Networked Learning: An In-Depth Examination,Khotimah K.,2026,Electronic Journal of E Learning,10.34190/ejel.24.1.4302,https://www.scopus.com/inward/record.uri?partnerID=HzOxMe3b&scp=105028442740&origin=inward,off-topic-false-hit,"This research explores the effectiveness of Meta Virtual Project-Based Networked Learning (Meta VPNL) in fostering student creativity in a fully digital, project-based environment. In the context of 21st-century education, creativity has become an essential skill, driving both economic progress and social innovation. However, traditional education systems often prioritize rote learning and standardized testing, leaving little room for creative exploration. This study investigates how integrating digital tools and collaborative virtual learning can overcome these constraints, thereby offering a more dynamic learning model that promotes creative thinking across domains. The Meta VPNL model was designed to create a flexible, collaborative, and interdisciplinary project environment where students can engage with real-world problems, generate novel ideas, and refine their creative processes. Using an explanatory sequential mixed-methods design, the study combines quantitative and qualitative approaches to assess the impact of the Meta VPNL model on creativity. The quantitative phase involved pre- and post-tests using the Torrance Tests of Creative Thinking (TTCT), assessing four core dimensions of creativity: originality, fluency, flexibility, and elaboration. The qualitative phase included interviews and participant observations to gain deeper insights into student experiences, perceptions, and challenges during the learning process. Results from the study reveal a significant improvement in student creativity across all four dimensions, with fluency and originality showing the most substantial gains. Furthermore, the research highlights the role of prior experience in digital project-based learning, where students with higher levels of prior experience demonstrated enhanced creative performance. Despite the positive outcomes, challenges such as technical issues, inadequate hardware, and group dynamics in virtual settings were reported. However, students were able to overcome these obstacles through collaborative efforts, peer support, and adaptive problem-solving strategies. This study demonstrates that the Meta VPNL model is an effective pedagogical strategy for nurturing creativity in the digital age. It offers valuable insights for educators aiming to integrate technology-driven, project-based learning in classrooms, paving the way for more creative, engaged, and self-directed learners.","wos, scopus, ieee",llm,0.780,unreviewed,
discarded,Education for sustainability and artificial intelligence based on computational thinking: a nature care play for early childhood,Alé J.,2026,Discover Education,10.1007/s44217-026-01131-7,https://www.scopus.com/inward/record.uri?partnerID=HzOxMe3b&scp=105035783702&origin=inward,adjacent-subtopic,"In line with the principles of peace, justice, and sustainability, Artificial Intelligence (AI) and its subfields, such as Machine Learning, have the potential to make learning more equitable, accessible, and inclusive. To achieve this, it is important to promote educational experiences from early ages that help children understand how AI works, using low-cost, easily accessible resources that are contextualized to real-world problems. This study seeks to contribute to that goal in an underexplored age group by presenting the design of a sequence of learning activities for early childhood education. The sequence combines strategies based on Computational Thinking (CT) and play, focusing on the care of endangered fish species in Chile. Methodologically, a four-stage design-based research approach was followed, including two rounds of evaluation and redesign: first, five experts assessed the content and format of the proposed activities through a closed-question survey and provided open-ended feedback on their choices; then, a second evaluation was carried out in which the activities were implemented with 15 children aged 6–8, and the sessions were recorded and photographed. Descriptive, statistical, and content analyses were conducted on the collected data. Overall, the results indicate that the experts positively validated the educational resources in terms of format and content, while also identifying difficulties related to children’s understanding of AI. Across the board, the implementation with children revealed a strong interest in the environmental issue and in its combination with CT-based activities.","wos, scopus, ieee",llm,0.960,unreviewed,
discarded,Quantum literacy for sustainable futures: An evidence-based competency framework for equitable secondary education,Semerikov S.O.,2026,Sustainable Futures,10.1016/j.sftr.2026.101965,https://www.scopus.com/inward/record.uri?partnerID=HzOxMe3b&scp=105041440882&origin=inward,off-topic-false-hit,"Quantum technologies are rapidly transitioning from laboratory research into transformational tools for addressing sustainability challenges, yet 85% of secondary students in developing nations lack access to foundational quantum education, risking a new “quantum divide” that threatens equitable development. This study develops an evidence-based competency framework for integrating quantum literacy into secondary education as infrastructure for achieving the UN Sustainable Development Goals (SDGs). Through a systematic Scopus AI-powered synthesis of quantum education literature spanning 15 countries and 75 targeted queries across 12 thematic categories, we constructed an eight-domain competency framework mapping quantum principles to quantified sustainability impacts. The framework proposes three adaptable implementation pathways – infusion, modular, and integrated – supported by teacher professional development models requiring 40–120 training hours. Case studies from the Philippines, South Africa, and Brazil demonstrate the feasibility of each pathway across diverse resource contexts, with documented outcomes including 73% improvement in conceptual understanding and 89% programme completion rates. Empirical evidence from quantum informatics instruction in Ukrainian secondary schools further validates the framework’s pedagogical foundations. The study contributes to educational theory by reconceptualising quantum literacy as sustainable development infrastructure, and to policy by providing an equity-focused roadmap that prioritises South-South cooperation and open-source resources. These findings have implications for curriculum reform, teacher education policy, and international development strategies targeting SDG 4 (Quality Education) and SDG 9 (Innovation and Infrastructure).","wos, scopus, ieee",llm,0.750,unreviewed,
discarded,Transforming the Northwest frontier: development discourse in Republican China through computational analysis of the historical press,Ren T.,2026,Humanities and Social Sciences Communications,10.1057/s41599-026-06682-6,https://www.scopus.com/inward/record.uri?partnerID=HzOxMe3b&scp=105035323953&origin=inward,off-topic-false-hit,"This study examines the discourse surrounding Northwest China’s development during the Republican era (1911–1949). Drawing on 5,461 newspaper and periodical articles from the Quan Guo Bao Kan Suo Yin (CNBKSY) and the Shenbao database, we developed a multi-stage text extraction workflow leveraging Google Gemini to convert complex historical scans into machine-readable text. After standardising historical character forms, we applied structural topic modelling (STM) to recover 26 coherent themes covering infrastructure, resource extraction, state governance, ethnic relations, and cultural mobilisation. Topic-correlation analysis reveals three higher-order clusters—infrastructure and resources, governance and industry, and cultural-educational development—integrated by overarching concerns for strategic geography and state-led economic planning. Temporal analysis shows dramatic inflections: discourse initially gained momentum through regional development initiatives led by warlords in the 1920s, before the 1931 Manchurian Incident amplified a security-centred rhetoric that fully shifted the focus from exploratory surveys to urgent state-led nation-building after the 1937 Japanese invasion—a focus that gradually ebbed post-1945 as wartime imperatives faded. These patterns illustrate how national crises transformed the Northwest from a peripheral frontier into a strategic heartland in Republican-era Chinese media and policy discourse. By leveraging a large-scale corpus and cutting-edge computational methods, this study moves beyond traditional historiography to provide the most comprehensive analysis yet of how Republican China envisioned, prioritised, and rhetorically shaped its interior frontier during a pivotal period of modern Chinese state-building.","wos, scopus, ieee",llm,0.840,unreviewed,
discarded,Effects of Generative AI Tools On Students’ Critical Thinking: A Three-Level Meta-Analysis,Sun X.,2026,Educational Psychology Review,10.1007/s10648-026-10180-1,https://www.scopus.com/inward/record.uri?partnerID=HzOxMe3b&scp=105041239708&origin=inward,off-topic-false-hit,"In recent years, generative artificial intelligence (GenAI) has gained increasing attention in education; however, its role in fostering students' critical thinking (CT) remains inconclusive. This study employs a three-level meta-analysis to systematically and quantitatively synthesize empirical evidence on the association between GenAI tools and CT and examine potential moderating factors. Through a comprehensive literature search, 26 studies comparing 47 effect sizes were included. The results indicate that GenAI-supported learning was, on average, associated with higher CT performance (g = 0.544, 95% CI [0.314, 0.775], 95% PI [-0.588, 1.677]), with significant heterogeneity observed across studies (Q = 280.994, p < 0.001). Moderator analysis revealed that GenAI tutoring functions and Prescribed GenAI use mode significantly moderated the intervention effects, although the latter's counterintuitive direction should be treated as preliminary due to sparse and imbalanced subgroup evidence. Furthermore, the subgroup finding for Intelligent Tutoring Systems within GenAI tutoring functions is founded on merely two studies and remains highly exploratory, thus requiring cautious interpretation. In contrast, other study characteristics (i.e., educational level, subject, participation methods, experimental duration, sample size, teaching guidance, CT assessment tools, study design, and use of GenAI with pedagogy) did not significantly account for the observed heterogeneity. These findings highlight the need for future research to replicate these moderation effects in larger and more balanced samples, explore additional contextual variables, and refine the theoretical mechanisms through which GenAI supports CT development, thereby informing evidence-based educational practice and policy design.","wos, scopus, ieee",llm,0.930,unreviewed,
