status,title,authors,year,venue,doi,url,tags,abstract,provider,decision_source,llm_confidence,llm_review_outcome,llm_change_direction
discarded,Computational thinking through modeling in language lessons,Barbara Sabitzer; Heike Demarle-Meusel; Maria Jarnig,2018,2018 IEEE Global Engineering Education Conference (EDUCON),10.1109/EDUCON.2018.8363469,https://ieeexplore.ieee.org/document/8363469/,adjacent-subtopic,"In contrast to the field of computer-supported or computer-assisted language learning (CALL), which has been investigated intensively for the last decades since the beginning of e-learning and technology-enhanced learning, computational thinking and computer science concepts are not quite common in the context of language lessons. Computational thinking is a problem solving process that, at first sight, has not much to do with language learning. However, as demanded by Jeannette Wing in 2006, it should be taught to everyone like reading, writing and mathematics. By introducing computational thinking in language lessons e.g. through modeling we could ""kill two birds with one stone"": On the one hand, we can teach computational thinking and basics of computer science at all school levels even if there is no related subject, e.g. in primary schools. On the other hand, computational thinking tools like modeling can support language learning in different ways and help to train text comprehension, to acquire and elaborate vocabulary or to visualize grammar rules etc. This paper describes some creative possibilities of introducing computational thinking through modeling in language lessons in primary and secondary education. Besides best practices, it further presents some experiences and results gained from teacher observation, interviews and informal feedback from students and teachers.","wos, scopus, ieee",llm,0.990,unreviewed,
kept,Computational Thinking Skills for Today and Tomorrow’s Talent,Heba Saleh,2017,2017 27th International Conference on Computer Theory and Applications (ICCTA),10.1109/ICCTA43079.2017.9497195,https://ieeexplore.ieee.org/document/9497195/,supports-claim,"Summary form only given, as follows. The complete presentation was not made available for publication as part of the conference proceedings. Computational thinking (CT) is a term invented by “J.M. Wing, 2006” to describe a set of thinking skills, behaviors, and approaches that are integral to solving complex challenges using a computer and widely applicable in the information society. CT is a must for today’s and tomorrow’s talent. The added-value of this early exposure to CT is that it will help juniors to shape a solid basis of algorithmic and data structures, which form the basic nuts and bolts of the mechanics of computer programming. The added value of developing professionals has its clear impact on the economy perspective, in light of the forecasted demand for today and tomorrow. (World economic forum, 2017) Computer programming is an outstanding way to develop computational thinking skills. It has been taken programming as a useful way for juniors to learn problem solving and computational thinking with an affirmative and quantifiable effect on juniors’ achievement, not only in areas such as math and science, but also in language skills, creativity, interpersonal skills and social emotional interaction.","wos, scopus, ieee",llm,0.680,unreviewed,
discarded,Teachers' Perspective on Implementing Computational Thinking in Elementary Classrooms,Shi Feng; Dazhi Yang,2021,2021 IEEE Frontiers in Education Conference (FIE),10.1109/FIE49875.2021.9637221,https://ieeexplore.ieee.org/document/9637221/,adjacent-subtopic,"Computational thinking (CT) is a thought process designed to help students better solve complex problems using mental tools such as decomposition, abstraction, heuristics, data collection, algorithms, modeling, and communication (Wing, 2006). This study is part of a larger National Science Foundation funded STEM+C (computing) study that integrates CT in informal STEM learning. The informal STEM+CT curriculum resulted from the large study was guided by project-based learning (PBL) to help 4th to 6th grade students practice CT in the context of problem solving. Twenty-four teachers have worked with small groups of students in an afterschool community center program over an 8-weeks period. The larger STEM+C study also encouraged teachers in adapting the informal STEM+CT curriculum in their own classrooms, which eight of the 24 teachers have done so. This study investigates the participating teacher's perspective on implementing CT into elementary classrooms after they had facilitated the STEM+CT curriculum in community centers' after-school programs via interviewing 12 of the 24 teachers. The current study focuses on the challenges and issues regarding implementing CT in elementary classrooms. The results show that teachers collectively place the lack of time and the lack of professional development as the major obstacles in integrating CT into elementary classrooms.","wos, scopus, ieee",llm,0.990,unreviewed,
kept,Computational thinking and impacts on K-12 science education,Ross J. Toedte; Mehmet Aydeniz,2015,2015 IEEE Frontiers in Education Conference (FIE),10.1109/FIE.2015.7344239,https://ieeexplore.ieee.org/document/7344239/,supports-claim,"Jeannette Wing's seminal computational thinking (CT) paper, published in 2006, set forth CT as not just a way of looking at computational problems, but as an alternative approach to solving everyday problems. We strongly support Wing's assertion. Accordingly, we report the results of our meta-analysis of CT curricular implementations since 2006. Our principle interest is in CT framings and implementations for K-12 audiences in disciplines other than computer science, thus fulfilling the broad appeal and utility originally prescribed by Wing. We break CT down into its constituent characteristics, and split these characteristics into two principle groups: mechanistic (inextricably tied to and limited by computer science) and humanistic (separable from and adaptable beyond computer science). We use this conceptual bifurcation as a basis for selecting and analyzing implementations of CT for subsequent reporting. We summarize our CT meta-analytical results by distributional themes including grades, disciplinary foci, equity groups, and programming paradigms. In conclusion, we make recommendations for improving K-12 CT curricular implementations. Our hope is that utilization of CT characteristics and principles will become more commonplace in public education, be utilized more continuously through primary and secondary grades, and be inventively applied across a more inclusive range of academic disciplines.","wos, scopus, ieee",llm,0.840,unreviewed,
discarded,Shape monitoring for wing structure using fiber Bragg grating sensors,Jincong Yi; Hesheng Zhang; Xiaoping Qiao; Xiaojin Zhu,2012,2012 IEEE Fifth International Conference on Advanced Computational Intelligence (ICACI),10.1109/ICACI.2012.6463329,https://ieeexplore.ieee.org/document/6463329/,off-topic-false-hit,"To reconstruct the shape of wing structure using fiber Bragg grating sensors, an implementation method was presented in this paper. First, the principle of curvature measurement based upon fiber Bragg grating sensor was introduced, and the design of the layout of sensor's locations was optimized by the finite element (FE) analysis of the experimental model. Then, the algorithm description of surface reconstruction was given in detail. Finally, an experiment setup was built using an epoxy resin trapezoid plate equipped with distributed FBG sensors, combined with a data acquisition and a shape reconstruction algorithm system. Afterwards, the experiments of steady deformation and dynamic vibration behavior were implemented for the real-time shape reconstruction of wing model structure. The results verify the feasibility and effectiveness of the presented method of deformation shape detection for a sort of wing model structure based on fiber Bragg grating sensor array, and indicate that the proposed method can provide useful research thinking for the further study of active monitoring for aerospace wing structures.","wos, scopus, ieee",llm,0.980,unreviewed,
discarded,A Gamified Web-Based Learning Platform for Enhancing Comprehension of Abstract Concepts in Human-Computer Interaction,Jeff Kai-Tai Tang; Wing Yi Wong; Anthony Kong,2025,"2025 IEEE International Conference on Teaching, Assessment, and Learning for Engineering (TALE)",10.1109/TALE66047.2025.11346616,https://ieeexplore.ieee.org/document/11346616/,adjacent-subtopic,"Traditional university lectures often follow a one-way delivery model, making it challenging for students to quickly grasp abstract concepts, particularly in disciplines like Computer Science. In this paper, we introduce an innovative approach to teaching Human-Computer Interaction (HCI) through interactive web-based games. By integrating gamification elements and interactive visual aids, the platform aims to boost student engagement and motivation, transforming learning into a more enjoyable and effective experience. The web-based games feature a variety of interactive learning activities and assessments accompanied by visual supports designed to deepen students’ understanding of complex theoretical concepts. We conducted a usability test with 19 participants, which yielded positive results; students reported finding the platform both engaging and informative. This novel approach overcomes limitations commonly associated with traditional lecture formats by creating a more immersive and participatory learning environment. Ultimately, it fosters better comprehension and retention of essential HCI concepts, benefiting learners in HCI as well as other related computer science courses.","wos, scopus, ieee",llm,0.970,unreviewed,
discarded,Multi-Scenario Performance Simulation and Engineering Applications of Novel Swarm Intelligence Algorithms,Jiali Chen; Chong Zeng,2025,"2025 11th International Symposium on System Security, Safety, and Reliability (ISSSR)",10.1109/ISSSR65654.2025.00061,https://ieeexplore.ieee.org/document/11022659/,adjacent-subtopic,"Swarm Intelligence Algorithms have attracted considerable attention owing to their robust global search capabilities and wide applicability. With the continuous emergence of innovative algorithms, a significant research challenge is the comprehensive evaluation of their optimization performance alongside providing theoretical guidance for selecting and improving algorithms for practical applications. This study focuses on six newly proposed swarm intelligence algorithms introduced in 2024: Black-winged Kite Algorithm (BKA), FATA morgana Algorithm (FATA), Starfish Optimization Algorithm (SFOA), ESCape Algorithm (ESC), Differentiated Creative Search (DCS) and Snow Geese Algorithm (SGA). Through simulation-based research, we analyze their performance and applications in classical engineering design optimization problems. Key findings from our study include: (1) The DCS demonstrates superior global optimization capability in multi-modal functions and complex engineering problems, with its average optimal value significantly surpassing those of other algorithms; (2) The ESC stands out for its best-in-class robustness and adaptability, although it comes with higher computational costs; (3) BKA and FATA excel in uni-modal or real-timecritical scenarios due to their efficiency; (4) The SFOA strikes an effective balance between precision and efficiency for medium-complexity problems; (5) The SGA shows relatively weaker performance, indicating a need for further refinement to enhance its effectiveness.","wos, scopus, ieee",llm,0.860,unreviewed,
discarded,Unpacking Conspiracy Mentality Through Cross-Country Predictors,Caterina Senette; Victoria Popa,2025,IEEE Access,10.1109/ACCESS.2025.3611158,https://ieeexplore.ieee.org/document/11168202/,off-topic-false-hit,"Conspiracy theories are beliefs about covert, influential organizations pursuing obscure, frequently illegal objectives. They are not merely cognitive distortions; they can have major political and societal repercussions, including eroding democratic standards, encouraging skepticism about science, and igniting radical ideologies. It is crucial to do cross-country research because the effects of conspiracy theories spread differ depending on the national and cultural setting. Through the identification of its primary individual and sociocultural predictors across nations, the current study provides a detailed understanding of conspiratorial thinking. In contrast to context-specific conspiracy beliefs, we analyze conspiracy mentality, a generic mindset, as a multifaceted disposition influenced by both individual characteristics and larger sociopolitical circumstances, utilizing data from the publicly accessible Comparative Conspiracy Research Survey (CCRS) released in 2023. Through descriptive and inferential analyses, we address a set of four research questions, exploring the socio-demographic, psychological, and political dimensions of conspiracy mentality. Our findings confirm and extend previous insights: while some predictors, such as populism, have a broad influence, others are shaped by specific political and cultural contexts. Importantly, our results are based on an analysis across eight countries, offering a broader perspective than much of the existing literature, which often focuses on single-country cases. Moreover, the present results are not limited to a specific conspiracy theory and rely on data from the general population, rather than from social media users, allowing for more generalizable conclusions about the drivers of conspiracy thinking worldwide.","wos, scopus, ieee",llm,0.950,unreviewed,
discarded,"Thinking Smarter, not Harder? Google NotebookLM's Misalignment Problem in Education","Albrecht-Crane, Christa",2025,"PROCEEDINGS OF THE 43RD INTERNATIONAL CONFERENCE ON DESIGN OF COMMUNICATION, SIGDOC 2025",10.1145/3711670.3764628,https://www.webofscience.com/wos/woscc/full-record/WOS:001612519000017,adjacent-subtopic,"This paper examines Google's NotebookLM as a case study of how consumer-facing generative AI technologies misalign with educational values and user needs. While marketed as an ""AI-powered research assistant,"" NotebookLM exemplifies the disconnect between AI industry promises and actual capabilities. Through technical analysis of large language model mechanisms, this paper reveals how NotebookLM's statistical compression methods fundamentally differ from human cognitive processes of reading and analysis. The paper argues that despite claims of source-grounding, NotebookLM produces outputs that compress rather than comprehend texts, often missing crucial arguments and generating confabulated content. Drawing on examinations of ""smart"" technology rhetoric and extreme usability design, the analysis demonstrates how the tool's frictionless interface obscures computational limitations while potentially undermining cognitive development. The paper concludes by advocating for critical AI literacy in writing studies and technical communication, proposing pedagogical approaches that demystify AI hype and preserve the essential friction necessary for meaningful learning.","wos, scopus, ieee",llm,0.830,unreviewed,
discarded,The Signal in the Noise: Hermeneutics and/of Computational Literary Sociology,"Muenchrath, Anna",2025,JOURNAL OF LITERARY THEORY,10.1515/jlt-2025-2007,https://www.webofscience.com/wos/woscc/full-record/WOS:001438887300003,off-topic-false-hit,"In literary sociology, texts have often been treated as a product of human history, and therefore as symptoms of the forces that have shaped them. This essay considers a single strain of computational literary studies that uses predictive modeling to locate differences between two corpora of texts, determining, for example, what makes a text literary, reviewable, or prize-worthy. This type of computational literary studies is sociological in nature but changes the epistemological status of the text from a symptom of the conditions of its production to a source of evidence supporting claims about human selection. In the ongoing >> method wars <<, some proponents of postcritique have allied themselves with computational literary studies due to its perceived machinic ability to read objectively and on the surface of texts; however, as this essay argues, the scale of computational methods and their ability to produce strong, generalizable theories complicate not only this alliance, but also the distinction between critique (characterized in this essay with reference to Jameson) and postcritique (characterized in this essay with reference to Sedgwick, Latour, Felski, Love, Best and Marcus), which rests on what role the text should play in our accounts of history.This essay responds to the seemingly confounding position that computational literary sociology takes within this debate by arguing that the relationship between the text and history is accounted for in predictive modeling in the first instance through a statistical hermeneutic. This hermeneutic, as is shown through a historization of computational literary sociology's assumptions about humans and their relationship to the world, is inherently paranoid, imagining that human behavior emits historical signals that are retrievable from amidst the noise of the data. This essay pays particular attention to this construction - >> signal in the noise << - in order to argue that computational literary sociology is fundamentally concerned with demystifying and finding meaning within the randomness of human behavior, which is why it cannot be so easily divorced from the tradition of critique.By conducting a brief survey of work in computational literary sociology (Dalen-Oskam, English, Moretti, So, Underwood), the essay argues that there are numerous ways of making meaning of the signal in the noise. One of these is to treat it as a symbol requiring interpretation, usually leading to an explanation that relies on the existence of something like the political unconscious. Another is to refuse critique in order to trace or assemble the actions that manufactured the appearance of the signal. In either case, the second instance of hermeneutical maneuvering that occurs in computational literary sociology is an answer to the question: how did the signal get into the noise? Also revealed through this survey is that attending to the noise, rather than the signal, is a productive way to leverage a unique affordance of computational literary sociology - its visualization of the relationship between the corpus and the signal that appears to order it.Ultimately this essay argues that despite computational literary sociology's reconsideration of the role of the text, it continues to, in the critical tradition, treat the text as a material instantiation of history. Although computational literary sociology is not as postcritical as some might have thought, it still enables postcritical readings of a model's outputs.

Furthermore, the essay finds that what can become visible in computational literary studies is, first, the way that statistics has come to act - like ideology critique before it - as a nearly ubiquitous and therefore infrequently questioned tool for understanding human behavior and, second, that what is valuable in thinking computationally is the ability to pay attention to the >> noise <<, without which statistical models would necessarily flounder.","wos, scopus, ieee",llm,0.900,unreviewed,
discarded,The perceptual primacy of feeling: Affectless visual machines explain a majority of variance in human visually evoked affect,"Conwell, Colin; Graham, Daniel; Boccagno, Chelsea; Vessel, Edward A.",2025,PROCEEDINGS OF THE NATIONAL ACADEMY OF SCIENCES OF THE UNITED STATES OF AMERICA,10.1073/pnas.2306025121,https://www.webofscience.com/wos/woscc/full-record/WOS:001416542400001,adjacent-subtopic,"Looking at the world often involves not just seeing things, but feeling things. Modern feedforward machine vision systems that learn to perceive the world in the absence of active physiology, deliberative thought, or any form of feedback that resembles human affective experience offer tools to demystify the relationship between seeing and feeling, and to assess how much of visually evoked affective experiences may be a straightforward function of representation learning over natural image statistics. In this work, we deploy a diverse sample of 180 state-of-the-art deep neural network models trained only on canonical computer vision tasks to predict human ratings of arousal, valence, and beauty for images from multiple categories (objects, faces, landscapes, art) across two datasets. Importantly, we use the features of these models without additional learning, linearly decoding human affective responses from network activity in much the same way neuroscientists decode information from neural recordings. Aggregate analysis across our survey, demonstrates that predictions from purely perceptual models explain a majority of the explainable variance in average ratings of arousal, valence, and beauty alike. Finer-grained analysis within our survey (e.g. comparisons between shallower and deeper layers, or between randomly initialized, category-supervised, and self-supervised models) point to rich, preconceptual abstraction (learned from diversity of visual experience) as a key driver of these predictions. Taken together, these results provide further computational evidence for an information-processing account of visually evoked affect linked directly to efficient representation learning over natural image statistics, and hint at a computational locus of affective and aesthetic valuation immediately proximate to perception.","wos, scopus, ieee",llm,0.720,unreviewed,
