status,title,authors,year,venue,doi,url,tags,abstract,provider,decision_source,llm_confidence,llm_review_outcome,llm_change_direction
discarded,References,Bo I. Sandén,2010,,10.1002/9780470904916.refs,https://openalex.org/W4211001175,adjacent-subtopic,"Free Access References Bo I. Sandén, Bo I. Sandén Colorado Springs, Colorado, USASearch for more papers by this author Book Author(s):Bo I. Sandén, Bo I. Sandén Colorado Springs, Colorado, USASearch for more papers by this author First published: 30 December 2010 https://doi.org/10.1002/9780470904916.refs AboutPDFPDF ToolsRequest permissionExport citationAdd to favoritesTrack citation ShareShareShare a linkShare onFacebookTwitterLinked InRedditWechat References A.-R. Adl-Tabatabai, C. Kozyrakis, and B. Saha, ""Unlocking concurrency,"" ACM Queue, vol. 4, no. 10, pp. 24– 33, Dec./Jan. 2006/2007. CrossrefGoogle Scholar W. S. Adolph, ""Cash cow in the tar pit: Reengineering a legacy system,"" IEEE Software, vol. 13, no. 3, pp. 41– 47, May 1996. CrossrefWeb of Science®Google Scholar K. K. Aggarwal, and Y. Singh, Software Engineering, 2nd ed., New Age Publications, India, 2006. Google Scholar G. Agha, ACTORS: A Model of Concurrent Computation in Distributed Systems, MIT Press, Cambrige, MA, 1986. CrossrefGoogle Scholar S. T. Albin, The Art of Software Architecture, Wiley, Hoboken, NJ, 2003. Google Scholar C. Alexander, Notes on the Synthesis of Form, Harvard University Press, Cambrige, MA, 1964. Google Scholar C. Alexander, S. Ishikawa, and M. Silverstein, A Pattern Language: Towns, Buildings, Construction, Oxford University Press, New York, 1975. Google Scholar E. Allen, D. Chase, J. Hallett, V. Luchangco, J.-W. Maessen, S. Ryu, G. L. Steele, and S. TobinHochstadt, The Fortress Language Specification, Sun Microsystems, available: http://research. sun.com/projects/plrg/fortress.pdf, Mar. 31, 2008. Google Scholar E. Allman, ""A conversation with James Gosling,"" ACM Queue, vol. 2, no. 5, pp. 24– 33, July/ Aug. 2004. CrossrefGoogle Scholar S. W. Ambler, The Elements of UML™ 2.0 Style, Cambridge University Press, New York, NY, 2005. CrossrefGoogle Scholar G. R. Andrews, Concurrent Programming: Principles and Practice, Benjamin/Cummings, Menlo Park, CA, 1991. Google Scholar K. R. Apt, and E.-R. Olderog, Verification of Sequential and Concurrent Programs, Springer-Verlag, New York, NY, 1991. CrossrefGoogle Scholar J. Armstrong, Programming Erlang—Software for a Concurrent World, Pragmatic Bookshelf, Raleigh, NC, 2007. Google Scholar J. Armstrong, R. Virding, C. Wikström, and M. Williams, Concurrent Programming in Erlang, 2nd ed., Prentice-Hall International, Englewood Cliffs, NJ 1996. Google Scholar J. Armstrong, ""Erlang,"" Comm. ACM, vol. 53, no. 9, pp. 68– 75, Sept. 2010. CrossrefWeb of Science®Google Scholar R. R. Asche, Multithreading for Rookies, Microsoft Development Library, Sept. 1993, available: http://msdn.microsoft.com/en-us/library/ ms810438.aspx. Google Scholar B. Asker, ""Algol-Genius—An early success for high-level languages,"" in History of Nordic Computing: First Working Conference of Nordic Computing (HiNC1), June 16–18 2003, Trondheim, Norway, J. Bubenko, J. Impagliazzo, and A. Solvberg, Eds., Springer-Verlag, 2005, pp. 251– 260. CrossrefWeb of Science®Google Scholar J. Atlee and J. Gannon, ""State-based model checking of event-driven system requirements,"" IEEE Transactions on Software Engineering, vol. 19, no. 1, pp. 24– 40, Jan. 1993. CrossrefWeb of Science®Google Scholar M. Awad, J. Kuusela, and J. Ziegler, Object-Oriented Technology for Real-Time Systems, Prentice-Hall, Englewood Cliffs, NJ, 1996. Google Scholar J. Bacon, Concurrent Systems, 2nd ed., Addison-Wesley, Reading, MA, 1997. Google Scholar J. Banks, J. S. Carson II, B. L. Nelson, and D. M. Nicol, Discrete-Event System Simulation, 3rd ed., Prentice-Hall, Upper Saddle River, NJ, 2001. Google Scholar J. G. P. Barnes, Programming in Ada 2005, Addison-Wesley, Reading, MA, 2006. Google Scholar L. Bass, P. Clements, and R. Kazman, Software Architecture in Practice, 2nd ed., Addison-Wesley, Reading, MA, 2003. Google Scholar P. G. Bassett, ""Engineering software for softness,"" American Programmer, pp. 24– 38, Mar. 1991. CASGoogle Scholar G. Bate, ""MASCOT 3: An informal introductory tutorial,"" IEE Software Engineering Journal, vol. 1, no. 3, pp. 95– 102, May 1986. CrossrefWeb of Science®Google Scholar K. Beck, Extreme Programming Explained, Addison-Wesley, Reading, MA, 2000. Google Scholar B. Beizer, Software Testing Techniques, 2nd ed., Thomson Computer Press, 1990. Web of Science®Google Scholar D. Bell, I. Morrey, and J. Pugh, The Essence of Program Design, Prentice-Hall, Upper Saddle River NJ, 1997. Google Scholar G. D. Bergland, ""A guided tour of program design methodologies,"" IEEE Computer, vol. 14, no. 10, pp. 13– 37, Oct. 1981. CrossrefWeb of Science®Google Scholar J. D. Bernal, ""The place of speculation in modern technology and science,"" in The Scientist Speculates: An Anthology of Partly-Baked Ideas, I. J. Good, general Ed., Basic Books, New York, 1962, pp. 11– 28. Google Scholar E. H. Bersoff, ""Life-cycles: Software, companies & managers,"" Colorado Springs Software Engineering Distinguished Speaker Series, May 12, 2003. Web of Science®Google Scholar A. Birchenough and J. Cameron, ""JSD and object-oriented design,"" in JSP and JSD: The Jackson Approach to Software Development, J. Cameron, Ed., IEEE Press, New York, 1989, pp. 293– 304. Google Scholar G. M. Birthwistle, O.-J. Dahl, B. Myhrhaug, and K. Nygaard, Simula Begin, Chartwell-Bratt, 1979. Google Scholar M. Blaha and J. Rumbaugh, Object-Oriented Modeling and Design with UML™, 2nd ed., Prentice-Hall, Upper Saddle River, NJ, 2005. Google Scholar B. I. Blum, Software Engineering: A Holistic View, Oxford University Press, New York, 1992. Google Scholar B. W. Boehm, ""Engineering context [for software architecture],"" paper presented at the First International Workshop on Architecture for Software Systems, Seattle, WA, Apr. 1995. Google Scholar B. W. Boehm, ""A spiral model of software development and enhancement,"" IEEE Computer, vol. 21, no. 5, pp. 61– 72, May 1998. CrossrefWeb of Science®Google Scholar C. Böhm and G. Jacopini, ""Flow diagrams, Turing machines, and languages with only two formation rules,"" Comm. ACM, vol. 9, no. 5, pp. 366– 371, May 1966. CrossrefWeb of Science®Google Scholar G. Bollella and J. Gosling, ""The real-time specification for Java."" IEEE Computer, vol. 33, no. 6, pp. 47– 54, June 2000. CrossrefWeb of Science®Google Scholar G. Bollella, J. Gosling, B. Brosgol, P. Dibble, S. Furr, and M. Turnbull, The Real-Time Specification for Java™, Addison-Wesley, Reading, MA, 2000. Google Scholar J. G. Bollinger and N. A. Duffe, Computer Control of Machines and Processes, Addison-Wesley, Reading, MA, 1988. Google Scholar T. Bolognesi and E. Brinksma, ""Introduction to the ISO specification language LOTOS,"" Computer Networks and ISDN Systems, vol. 14, no. 1, pp. 25– 59, Mar. 1987. CrossrefWeb of Science®Google Scholar G. Booch, ""Object-oriented development,"" IEEE TSE, vol. 12, no. 2, pp. 211– 221, Feb. 1986. CrossrefWeb of Science®Google Scholar G. Booch, J. Rumbaugh, and I. Jacobson, The Unified Modeling Language User Guide, 2nd ed., Addison-Wesley, Reading, MA, 2005. Google Scholar J. Bosch and L. Lundberg, ""Software architecture— engineering quality attributes,"" Journal of Systems and Software, vol. 66, pp. 183– 186, 2003. CrossrefWeb of Science®Google Scholar P. Brinch Hansen, ""Java's insecure parallelism,"" ACM SIGPLAN Notices, vol. 34, no. 4, pp. 38– 45, Apr. 1999. CrossrefWeb of Science®Google Scholar F. P. Brooks, Jr., ""No silver bullet: Essence and accidents of software engineering,"" IEEE Computer, vol. 20, no. 4, pp. 10– 19, Apr. 1987. CrossrefWeb of Science®Google Scholar F. P. Brooks, Jr., The Mythical Man-Month, anniversary ed., Addison-Wesley, Reading, MA, 1995. Google Scholar J. G. Brookshear, Computer Science: An Overview, 10th ed., Addison-Wesley, Reading, MA, 2009. Google Scholar B. M. Brosgol, ""A comparison of the concurrency features of Ada 95 and Java™,"" Proc. SIGAda '98, Ada Letters, vol. 18, no. 6, pp. 175– 192, Nov./Dec. 1998. CrossrefGoogle Scholar B. M. Brosgol, ""A comparison of the mutual exclusion features in Ada and the Real-Time Specification for Java™,"" paper presented at the 10th Ada-Europe International Conference on Reliable Software Technologies, York, UK, June 20–24, 2005, in Proceedings Series: Lecture Notes in Computer Science, vol. 3555, T. Vardanega and A. Wellings, Eds., Springer Verlag, Heidelberg, pp. 129– 143. Google Scholar B. M. Brosgol, R. J. Hassan II, and S. Robbins, ""Asynchronous transfer of control in the Real-Time Specification for Java™,"" Proc. 11th International Real-Time Ada Workshop, Mount Tremblant, Canada, Apr. 2002, Ada Letters, vol. 22, no. 4, pp. 95– 112, Dec. 2002. Google Scholar D. Budgen, Software Design, Addison-Wesley, Reading, MA, 1994. Google Scholar R. J. A. Buhr, ""Use case maps as architectural entities for complex systems,"" IEEE TSE, vol. 24, no. 12, pp. 1131– 1155, Dec. 1998. CrossrefWeb of Science®Google Scholar A. Burns and A. J. Wellings, Concurrent and Real-Time Programming in Ada, 3rd ed., Cambridge University Press, New York, 2007. Google Scholar A. Burns and A. J. Wellings, Real-Time Systems and Programming Languages: Ada, Real-Time Java and C/Real-Time POSIX, 4th ed., Addison-Wesley, Reading, MA, 2009. Google Scholar D. R. Butenhof, Programming with POSIX Threads, Addison-Wesley, Reading, MA, 1997. Google Scholar J. R. Cameron, ""An overview of JSD,"" IEEE TSE, vol. 12, no. 2, pp. 222– 240, Feb. 1986. CrossrefWeb of Science®Google Scholar J. R. Cameron, JSP&JSD: The Jackson Approach to Software Development, 2nd ed., IEEE Computer Society Press, 1989. Google Scholar D. Caromel, ""Toward a method of object-oriented concurrent programming,"" Comm. ACM, vol. 36, no. 9, pp. 90– 102, Sept. 1993. CrossrefWeb of Science®Google Scholar J. R. Carter, ""MMAIM: A software development method for Ada,"" Ada Letters, vol. 8, no. 3, pp. 107– 114, May/June 1988, and vol. 8, no. 4, pp. 47–60, Aug./Sept. 1988. CrossrefGoogle Scholar J. R. Carter, ""Reducing software development costs with Ada,"" in Proc. 7th Annual National Conference on Ada Technology, Atlantic City, NJ, ANCOST Inc., 1989. Google Scholar J. R. Carter and B. I. Sandén, ""Practical uses of Ada-95 concurrency features,"" IEEE Concurrency, vol. 6, no. 4, pp. 47– 56, Oct./Dec. 1998. CrossrefWeb of Science®Google Scholar F. Cesarini and S. Thompson, Erlang Programming, O'Reilly, Sebastopol, CA, 2009. Google Scholar G. Cherry, PAMELA Designer's Handbook, TASC, Reston, VA, 1986. Google Scholar J. Conallen, Building Web Applications with UML, 2nd ed., Addison-Wesley, Reading, MA, 2003. Google Scholar G. Conti, ""Why computer scientists should attend hacker conferences,"" Comm. ACM, vol. 48, no. 3, pp. 23– 24, Mar. 2005. CrossrefWeb of Science®Google Scholar A. Cooper, About Face: The Essentials of User Interface Design, IDG Books, Boston, MA, 1995. Google Scholar D. Cooper and M. Clancy, Oh! Pascal! W. W. Norton New York, 1982. Google Scholar G. Coulouris, J. Dollimore, and T. Kindberg, Distributed Systems Concepts and Design, 4th ed., Addison-Wesley, Reading, MA, 2005. Web of Science®Google Scholar O.-J. Dahl, E. W. Dijkstra, and C. A. R. Hoare, Structured Programming, Academic, New York, 1972. Google Scholar O.-J. Dahl and K. Nygaard, ""SIMULA: An ALGOL-based simulation language,"" Comm. ACM, vol. 9, no. 9, pp. 671– 678, Sept. 1966. CrossrefWeb of Science®Google Scholar A. M. Davis, Software Requirements: Objects, Functions, & States, 2nd ed., Prentice-Hall, Englewood Cliff, NJ, 1993. Google Scholar A. M. Davis, 201 Principles of Software Development, McGraw-Hill, New York, 1995. Google Scholar P. J. Denning and P. A. Freeman, ""Computing's paradigm,"" Comm. ACM, vol. 52, no. 12, pp. 28– 30, Dec. 2009. CrossrefWeb of Science®Google Scholar L. P. Deutsch, ""Object-oriented software technology,"" IEEE Computer, vol. 24, no. 9, pp. 112– 113, Sept. 1991. Web of Science®Google Scholar M. S. Deutsch, ""Focusing real-time system analysis on user operations,"" IEEE Software, vol. 5, no. 5, pp. 39– 50, Sept. 1988. CrossrefWeb of Science®Google Scholar E. W. Dijkstra, ""The structure of 'THE' multiprogramming system,"" Comm. ACM, vol. 11, no. 5, pp. 341– 346, May 1968. CrossrefWeb of Science®Google Scholar E. W. Dijkstra, ""How do we tell truths that might hurt?"" 1975. EWD-498, Burroughs Corporation Records, Edsger W. Dijkstra Papers, 1971–1979, Charles Babbage Institute, University of Minnesota, available: http://www.cbi.umn.edu/ collections/inv/burros/ewd498.htm. Google Scholar E. W. Dijkstra, ""The humble programmer"" (ACM Turing Lecture), Comm. ACM, vol. 15, no. 10, pp. 859– 866, Oct. 1972. CrossrefWeb of Science®Google Scholar E. W. Dijkstra, A Discipline of Programming, Prentice-Hall, Englewood Cliffs, NJ, 1976. Google Scholar E. W. Dijkstra, ""Solution of a problem in concurrent programming control,"" Comm. ACM, vol. 8, no. 9, p. 569, Sept. 1965; CrossrefWeb of Science®Google Scholar Comm. ACM, vol. 27, no. 1, pp. 21– 22, Jan. 1983. Google Scholar E. W. Dijkstra, ""On the cruelty of really teaching computing science,"" Comm. ACM, vol. 32, no. 12, pp. 1398– 1404, Dec. 1989. Web of Science®Google Scholar E. W. Dijkstra, ""Go to statement considered harmful,"" Comm. ACM, vol. 11, no. 3, pp. 147– 148, Mar. 1968; CrossrefWeb of Science®Google Scholar reprinted in Comm. ACM, vol. 51, no. 1, pp. 7– 9, Jan. 2008. CrossrefWeb of Science®Google Scholar B. P. Douglass, Real-Time UML: Developing Efficient Objects for Embedded Systems, Addison-Wesley, Reading, MA, 1998. Google Scholar B. P. Douglass, Real-Time Agility: The Harmony/ ESW Method for Real-Time and Embedded Systems Development, Addison-Wesley Professional, Reading, MA, 2009. Google Scholar U. Drepper, ""Parallel programming with transactional memory,"" Comm. ACM, vol. 52, no. 2, pp. 38– 43, Feb. 2009. CrossrefWeb of Science®Google Scholar F. Dyson, From Eros to Gaia, Pantheon, New York, 1992. Google Scholar H.-E. Eriksson, M. Penker, B. Lyons, and D. Fado, UML2 Toolkit, Wiley, Hoboken, NJ, 2004. Google Scholar P. Evitts, A UML Pattern Language, Macmillan, New York, 2000. Web of Science®Google Scholar R. E. Fairley, Software Engineering Concepts, McGraw-Hill, New York, 1985. Google Scholar E. S. Ferguson, Engineering and the Mind's Eye, reprint ed., MIT Press, Cambridge, MA, 1994. Google Scholar M. Ferguson, ""Karl Pribram's changing reality,"" in The Holographic Paradigm and Other Paradoxes, K. Wilber, Ed., Shambhala, Boston, 1985, pp. 15– 26. Google Scholar R. W. Floyd, ""The paradigms of programming,"" Comm. ACM, vol. 22, no. 8, pp. 455– 460, Aug. 1979. CrossrefWeb of Science®Google Scholar M. J. Flynn, J. N. Gray, A. K. Jones, K. Lagally, H. Opderbeck, G. J. Popek, B. Randell, J. H. Saltzer and H. R. Wiehle, Operating Systems: An Advanced Course, LNCS 60, Springer-Verlag, 1978. Google Scholar G. Ford, Report on Graduate Software Engineering Education, Software Engineering Institute, Pittsburgh, PA, 1991. Google Scholar M. Fowler, ""Dealing with roles,"" in Collected papers from the PLoP '97 and EuroPLoP '97 Conference, Technical Report #wucs-97–34, Dept. of Computer Science, Washington University, Department of Computer Science, September 1997. Google Scholar M. Fowler, UML Distilled, 3rd ed., Addison-Wesley, Reading, MA, 2004. Google Scholar M. Fowler, K. Beck, J. Brant, W. Opdyke, and D. Roberts, Refactoring: Improving the Design of Existing Code, Addison-Wesley, Reading, MA, 1999. Web of Science®Google Scholar E. Freeman, E. Freeman, K. Sierra, and B. Bates, Head First Design Patterns, O'Reilly Media, Sebastopol, CA, 2004. Google Scholar E. Gamma, R. Helm, R. Johnson, and J. Vlissides, Design Patterns: Elements of Reusable Object-Oriented Software, Addison-Wesley, Reading, MA, 1995. Web of Science®Google Scholar D. Garlan and D. Perry, ""Introduction to the special issue on software architecture,"" ACM TSE, vol. 21, no. 4, pp. 269– 274, Apr. 1995. Web of Science®Google Scholar D. Garlan and M. Shaw, Software Architecture: Perspectives on an Emerging Discipline, Prentice-Hall, Englewood Cliffs, NJ, 1996. Web of Science®Google Scholar J. Gil and D. H. Lorenz, ""Design patterns and language design,"" IEEE Computer, vol. 31, no. 3, pp. 118– 120, Mar. 1998. CrossrefWeb of Science®Google Scholar G. L. Glegg, The Design of Design, Cambridge University Press, 1969. Google Scholar J. W. von Goethe, Faust Parts One and Two, Trans. G. M. Priest, Knopf, New York, NY, 1967. Google Scholar B. Goetz, Java Concurrency in Practice, Addison-Wesley, Reading, MA, 2006. Google Scholar H. Gomaa, ""A software design method for distributed real-time applications,"" Journal of Systems and Software, vol. 9, no. 2, pp. 81– 94, Feb. 1989. CrossrefWeb of Science®Google Scholar H. Gomaa, Software Design Methods for Concurrent and Real-Time Systems, Addison-Wesley, Reading, MA, 1993. Google Scholar H. Gomaa, ""Software design methods for the design of large-scale real-time systems,"" Journal of Systems and Software, vol. 25, no. 2, pp. 127– 146, May 1994. CrossrefWeb of Science®Google Scholar H. Gomaa, Designing Concurrent, Distributed, and Real-Time Applications with UML, Addison-Wesley, Reading, MA, 2000. Google Scholar J. Gosling, B. Joy, G. Steele and G. Bracha, The Java™ Language Specification, 3rd ed., Addison-Wesley, Reading, MA, 2005. Google Scholar D. Gries, The Science of Programming, Springer-Verlag, 1981. CrossrefGoogle Scholar A. Gustafsson, ""Threads without the pain,"" ACM Queue, vol. 3, no. 9, pp. 42– 47, Nov. 2005. CrossrefGoogle Scholar D. Hakim, ""Robo-cars make cruise control so last century,"" The New York Times (nytimes.com), Apr. 4, 2004. Google Scholar D. Harel, ""Statecharts: A visual formalism for complex systems,"" Science of Computer Programming, vol. 8, no. 3, pp. 231– 274, June 1987. CrossrefWeb of Science®Google Scholar D. Harel, ""Statecharts in the making: A personal account,"" Comm. ACM, vol. 52, no. 3, pp. 67– 75, Mar. 2009. CrossrefWeb of Science®Google Scholar D. Harel, H. Lachover, A. Naamad, A. Pnueli, M. Politi, R. Sherman, A. Shtull-Trauring, and M. Trakhtenbrot, ""STATEMATE: A working environment for the development of complex reactive systems,"" IEEE Transactions on Software Engineering, pp. 403– 414, Apr. 1990. CrossrefWeb of Science®Google Scholar D. Harel and A. Pnueli, ""On the development of reactive systems,"" in Logics and Models of Concurrent Systems, K. R. Apt, Ed., Springer-Verlag, 1985, pp. 477– 498. CrossrefGoogle Scholar D. J. Hatley and I. A. Pirbhai, Strategies for Real-Time System Specification, Dorset House, New York, 1987. Google Scholar C. A. R. Hoare, ""Monitors: An operating system structuring concept,"" Comm. ACM, vol. 17, no. 10, pp. 549– 557, Oct. 1974. CrossrefWeb of Science®Google Scholar C. A. R. Hoare, ""Communicating sequential processes,"" Comm. ACM, vol. 21, no. 8, pp. 666– 677, Aug. 1978. CrossrefWeb of Science®Google Scholar C. A. R. Hoare, ""The emperor's old clothes: The 1980 ACM Turing Award Lecture,"" Comm. ACM, vol. 24, no. 2, pp. 75– 83, Feb. 1981. CrossrefWeb of Science®Google Scholar C. A. R. Hoare, ""Programming: Sorcery or science?"" IEEE Software, vol. 1, no. 2, pp. 5– 16, Apr. 1984. CrossrefWeb of Science®Google Scholar C. A. R. Hoare, Communicating Sequential Processes, Prentice-Hall International, Englewood Cliffs, 1985. Google Scholar C. A. R. Hoare, ""Retrospective: An axiomatic basis for computer programming,"" Comm. ACM, vol. 52, no. 10, pp. 30– 32, Oct. 2009. CrossrefWeb of Science®Google Scholar D. R. Hofstadter, Gödel, Escher, Bach: An Eternal Golden Braid, Basic Books, New York, 1979. Google Scholar N. R. Howes, ""Toward a real-time Ada design methodology,"" in Proc. ACM Tri-Ada Conference, Baltimore, MD, Dec. 1990, ACM, New York, pp. 189– 203. Google Scholar C. Hughes and T. Hughes, Professional Multicore Programming: Design and Implementation for C++ Developers, Wrox Press, Wiley, Hoboken, NJ, 2008. Google Scholar L. Ingevaldsson, JSP: A Practical Method of Program Design, Studentlitteratur and ChartwellBratt, 1979. Google Scholar L. Ingevaldsson, Software Engineering Fundamentals: The Jackson Approach, Student litteratur and Chartwell-Bratt, 1990. Google Scholar M. A. Jackson, Principles of Program Design, Academic, New York, 1975. Google Scholar M. A. Jackson, System Development, Prentice-Hall International, Englewood Cliffs, NJ, 1983. Google Scholar M. A. Jackson, ""Description is our business,"" in VDM'91 Formal Software Development Methods, Vol. 1: Conference Contributions, LNCS 551. Springer-Verlag, 1991, pp. 1– 8. CrossrefGoogle Scholar M. A. Jackson, Software Requirements & Specifications, Addison-Wesley, Reading, MA, 1995. Google Scholar M. A. Jackson, ""The origins of JSP and JSD: A personal recollection,"" IEEE Annals of the History of Computing, vol. 22, no. 2, pp. 61– 63, 66, Apr.–June 2000. Web of Science®Google Scholar M. A. Jackson, Problem Frames: Analyzing and Structuring Software Development Problems, Addison-Wesley and ACM Press, 2001. Google Scholar M. A. Jackson, ""Problem frames and software engineering,"" Information and Software Technology, vol. 47, no. 14, pp. 903– 912, 2005. CrossrefWeb of Science®Google Scholar G. James and R. C. James, Mathematics Dictionary, 4th ed., Van Nostrand Reinhold, New York, 1976. Google Scholar Joint Task Force on Computing Curricula, Software Engineering 2004, IEEE and ACM, 2004. Google Scholar D.-W. Jones, ""To task or not to task,"" Journal of Pascal, Ada and Modula-2, vol. 8, no. 5, pp. 61– 63, Sept.-Oct. 1989. Google Scholar D.-W. Jones, ""A practical cruise control,"" Journal of Pascal, Ada and Modula-2, vol. 9, no. 1, pp. 40– 44, Jan.-Feb 1990. Google Scholar D.-W. Jones, ""Cruising with Ada,"" Embedded Systems Programming, vol. 7, no. 11, pp. 18– 44, Nov. 1