status,title,authors,year,venue,doi,url,tags,abstract,provider,decision_source,llm_confidence,llm_review_outcome,llm_change_direction
discarded,Integrating Computational Thinking Into the Curricula to Bridge the Skill Gap in Engineering Education,Nasrin Dehbozorgi; Maysam Nezafati; Mehdi Roopaei,2024,2024 IEEE Frontiers in Education Conference (FIE),10.1109/FIE61694.2024.10892914,https://ieeexplore.ieee.org/document/10892914/,adjacent-subtopic,"This work-in-progress research-to-practice paper presents an intervention on integrating computational thinking modules into a software engineering course. The national consensus on the significance of computational thinking has prompted the expansion of related educational initiatives over the past decade. Since the definition of computational thinking by Wing in 2006, this concept has gained significant attention within the educational community. Particularly this surge of interest has led to extensive research into its conceptual foundations and subsequent integration into educational curricula since 2013. National initiatives have since emerged to incorporate computational thinking into the educational system. Furthermore, as artificial intelligence and computing systems become increasingly integrated into daily life, there is a growing demand from industries for a workforce and graduates adept at critical thinking and problem-solving. Aligned with this national movement, our study presents a two-year institutional initiative, aimed at integrating computational thinking into the software engineering program. The software engineering discipline extensively involves design thinking and problem-solving skills. However, we noticed that these higher-level skills are not imparted early in the program to teach students this method of thinking and approaching problems. To bridge this skill gap, we developed a set of computational thinking modules and integrated them into a gateway course in the software engineering program. Over two years, we implemented this intervention in an introductory-level course and evaluated its impact on students' computational thinking skills by analyzing their responses to a standard Computational Thinking Assessment survey. The results showed significant improvement in most components. These early findings underscore the effectiveness of integrating these computational thinking modules into the gateway courses, regardless of the specific course topic. A notable feature of these modules is their adaptability to diverse engineering courses, suggesting broader applicability across disciplines. Moving forward, our research aims to expand the integration of the computational thinking modules into various courses in other institutes across the nation and analyze their impact on student performance.","wos, scopus, ieee",llm,0.990,unreviewed,
discarded,Development and application of a virtual teaching model for primary school students. Implications for educational improvement,"Fernandez, Jose Manuel Palomino; Martin, Manuel Enrique Lorenzo; Enriquez, Paula Martinez; Gonzalez, Jesus Manuel",2025,REVISTA ELECTRONICA INTERUNIVERSITARIA DE FORMACION DEL PROFESORADO,10.6018/reifop.661541,https://www.webofscience.com/wos/woscc/full-record/WOS:001513740400008,adjacent-subtopic,"The use of Information and Communication Technologies (ICT) in education has driven active methodologies that promote student autonomy, with online teaching emerging as an effective alternative that presents both opportunities and challenges. Digital Wings Academy was created with the mission of teaching programming to children and adolescents through a methodology based on practice and gamification, facilitating the development of computational thinking through a fully online course designed for students aged 8 to 12. This course, grounded in project-based learning, introduced JavaScript programming through a gradual transition from block-based to text-based programming. Digital tools such as Google Meet, Google Classroom, and CodeHS were employed to promote interaction, assess performance, and motivate students through gamification elements such as badges and rewards. The study, with a quantitative and descriptive approach, analyzed data related to attendance, engagement, academic performance, and the perceived difficulty of exercises. Findings revealed that 55% of students achieved grades of A or A+, indicating a high overall level of performance. It was observed that longer and more complex exercises posed greater difficulty and received lower scores, whereas debugging activities proved to be the most effective, yielding better results in less time. Additionally, theoretical quizzes yielded lower scores, suggesting that students learn more effectively when applying concepts through hands-on tasks. These findings support the effectiveness of a fully online instructional methodology for teaching programming at early ages, emphasizing the importance of strategies such as breaking down complex tasks into smaller subtasks, reinforcing theoretical instruction through interactive activities, and personalizing student follow-up. Gamification and the use of digital tools were found to be key factors in sustaining motivation and encouraging active student participation, thereby reducing the inherent barriers of virtual learning. It is recommended to continue exploring innovative pedagogical strategies aimed at further enhancing academic performance and the learning experience in digital educational contexts.","wos, scopus, ieee",llm,0.940,unreviewed,
kept,Foundations and perspectives of computational thinking: a comprehensive analysis for future research,"Monge-Fallas, Jorge; Sancho-Chavarria, Liliana; Garita-Rodriguez, Cesar; Gonzalez-Torres, Antonio; Trejos-Zelaya, Ignacio",2025,TECNOLOGIA EN MARCHA,10.18845/tm.v38i1.7055,https://www.webofscience.com/wos/woscc/full-record/WOS:001490685800012,supports-claim,"This article delves into the understanding and application of computational thinking, a pivotal skill in the digital era. Initially conceptualized by Wing in 2006, this concept transcends mere coding and programming to encompass problem-solving, system design, and understanding human behavior based on computer science principles. Over the years, this approach has broadened to include critical skills such as abstraction, data analysis, modeling, and solution automation. The study explores various interpretations of computational thinking, from being a technique for devising solutions to an intellectual competency for analyzing and solving real-world problems. Through literature analysis and evaluation of different tools and methodologies, the research emphasizes the importance of skills such as problem decomposition, abstraction, algorithmic thinking, and evaluation in education and professional practice. Despite the absence of a unified definition, computational thinking is recognized as an essential multidimensional skill, underscoring the necessity of effective teaching and assessment strategies. Moreover, it stresses the need to establish a universal definition of computational thinking, followed by a clear identification of its dimensions and constituent elements. Developing accurate indices and objective metrics is crucial for effectively assessing the level of computational thinking, laying the groundwork for rigorous and methodical research in the field.","wos, scopus, ieee",llm,0.900,unreviewed,
discarded,Bridging computational thinking research and practice of pre-service and in-service teachers,"Chaabi, Hasnaa; Azmani, Abdellah; Dodero, Juan Manuel",2025,HUMANITIES & SOCIAL SCIENCES COMMUNICATIONS,10.1057/s41599-025-04895-9,https://www.webofscience.com/wos/woscc/full-record/WOS:001488107200001,adjacent-subtopic,"This study investigates the integration of Computational Thinking (CT) into STEAM education, particularly focusing on Mathematics and Professional Development (PD) for educators. Through a systematic review conducted across several databases, we analyzed 40 articles on the current state of Professional Development in CT within STEAM subjects, emphasizing definitions and their integration into existing curricula. We focused on scientific papers that examined the relationship between the studied concepts (CT, Computer Science - CS, and Math), excluding those that solely focused on CT or CS. We applied a dual review protocol to ensure accuracy and reduce the risk of bias. Our findings reveal a strong emphasis (82.5%) on curriculum integration. Interestingly, pre-service and in-service teachers are disproportionately targeted, while university-level training remains limited (5%). Additionally, a growing trend highlights an interest in exploring the synergy between Computer Science and CT and underscores CT PD's infancy within STEAM education. Furthermore, the study identifies a surprising need for increased reference (25%) to pioneering figures like Papert and Wing in the existing literature. The methodology employs keyword analysis and the Jaccard index to measure concept similarity. This study uniquely focuses on studying the reported transfer of CT knowledge and definition in the context of PD. It offers a new perspective on the reported envisioned relationship between CT and CS when preparing and delivering PD. It also identifies gaps, preferences in teacher training, and opportunities for enhancing CT integration in STEAM education. It emphasizes the need for improved Professional Development and clearer definitions to effectively integrate CT into STEAM education, particularly at the university level, and provides recommendations for both educators and policymakers.","wos, scopus, ieee",llm,0.990,unreviewed,
discarded,"A bibliometric and content analysis of educational robotics' impact on communication, collaboration, critical thinking, and creativity in kindergarten","Rapti, Sophia; Tselegkaridis, Sokratis; Sapounidis, Theodosios; Triantafyllou, Serafeim A.",2025,THINKING SKILLS AND CREATIVITY,10.1016/j.tsc.2025.101849,https://www.webofscience.com/wos/woscc/full-record/WOS:001480192400001,adjacent-subtopic,"Communication, collaboration, critical thinking, and creativity are 21st-century skills required to be developed in educational settings from an early age. Robotics seems to contribute to that. Therefore, this study focuses on kindergarten and explores the current research trends regarding children's development of these skills via robotics. It aims to a) construct links between the main factors in the existing research, b) map the related field, and identify gaps to enhance our understanding. In this context, a bibliometric analysis using the Bibliometrix package and CiteSpace and a content analysis utilizing the Atlas.ti Software is employed covering 203 of 3822 studies conducted between 2014 and December 2024. Based on the findings, the most frequently examined topics are social-anthropomorphic robots, human-robot interaction, and computational thinking under the umbrella of educational robotics and skills development. The highest publication performance belongs to the USA, Italy, Japan, China, and Greece. The strongest sources are ACM, IEEE International Conference on Human-Robot Interaction, the Education and Information Technologies Journal, the International Journal of Child-Computer Interaction, and the Computers and Education Journal. Besides, Papert, Wing, and Bers arise as the most influential authors. Furthermore, most studies explore one or two C-skills, examining critical thinking the most and creativity the least during interventions focused on several domains but rarely on skills promotion. Moreover, most researchers choose the qualitative method, using small sample sizes, wheeled, floor robots, and various learning theories in short-term interventions. Finally, robots are utilized as assistive instruction kits, teammates, and educators' assistants while children act as researchers-constructors.","wos, scopus, ieee",llm,0.950,unreviewed,
discarded,From Ethical Discourse to Empirical Evidence: How Ethical Concerns are Operationalized in Studies on Generative AI in Higher Education,Kyriakoglou R.,2027,Lecture Notes in Computer Science,10.1007/978-3-032-29773-0_15,https://www.scopus.com/inward/record.uri?partnerID=HzOxMe3b&scp=105043968740&origin=inward,adjacent-subtopic,,"wos, scopus, ieee",llm,0.730,unreviewed,
discarded,Implementing a Statewide AI Curriculum: One Brazilian Experience,Galafassi C.,2027,Lecture Notes in Computer Science,10.1007/978-3-032-29773-0_8,https://www.scopus.com/inward/record.uri?partnerID=HzOxMe3b&scp=105043990389&origin=inward,adjacent-subtopic,,"wos, scopus, ieee",llm,0.730,unreviewed,
discarded,Integrating robotics design challenge to foster engineering design and computational thinking in mathematical reasoning of middle school students in Tanzania,Asunda P.,2026,Discover Education,10.1007/s44217-026-01391-3,https://www.scopus.com/inward/record.uri?partnerID=HzOxMe3b&scp=105041616523&origin=inward,adjacent-subtopic,"This study examined how engineering design and computational thinking relate to mathematical reasoning among Tanzanian 5th- and 6th-grade students participating in a 2-week integrative robotics camp. The camp engaged students in hands-on design, coding, and problem-solving tasks that required applying spatial reasoning and computational logic through building and programming simple robotic systems. A quasi-experimental study comprising of 42 participants between 10 and 12 years completed post-intervention measures that examined engineering design interests, math anxiety, computational thinking, and math reasoning. Internal consistency analysis indicated that all four subscales demonstrated acceptable to excellent reliability (Cronbach’s α = 0.86). An exploratory factor analysis (EFA) with Promax rotation identified a coherent four-factor structure explaining 49.1% of total variance. Likewise, a confirmatory factor analysis (CFA) further supported the factorial validity of the model. Strong latent correlations were found between Engineering Design and Computational Thinking (r = 0.94), and moderate associations with Math Reasoning (r = 0.37), suggesting that computational thinking may serve as a cognitive bridge linking mathematical reasoning and design confidence in STEM education.","wos, scopus, ieee",llm,0.980,unreviewed,
discarded,Differential effects of embodied unplugged programming activities on computational thinking in K-12 students: A meta-analysis,Sun L.,2026,Thinking Skills and Creativity,10.1016/j.tsc.2026.102280,https://www.scopus.com/inward/record.uri?partnerID=HzOxMe3b&scp=105042503573&origin=inward,adjacent-subtopic,"Unplugged programming is emerging as an effective approach to cultivate computational thinking among K-12 students by lowering technical barriers and mitigating health risks associated with excessive screen time. However, consensus remains elusive regarding its implementation effectiveness across different levels of embodiment. Embodied learning refers to instructional approaches that involve physical movement, sensory engagement, or bodily interaction to enhance cognitive processing (i.e., unplugged programming tasks that involve varying degrees of students' bodily movement, physical manipulation, or role enactment). This meta-analysis, synthesizing 97 studies (198 effect sizes, 23,168 participants), reveals that embodied unplugged programming effectively enhances computational thinking in K-12 students with a moderate effect size (Hedges' g = 0.636, 95% CI [0.545, 0.728], p < 0.05) Differences exist among weak, moderate, and strong embodied unplugged activities (Q(B)=4.829, p < 0.05). Within weak embodiment activities, a 0-6 weeks instructional intervention using game-based learning in formal classroom settings with 21-40 students most effectively enhances computational thinking among elementary students. For moderately embodied activities, project-based learning interventions lasting over 12 weeks in formal learning settings with class sizes of 0-20 students yielded the greatest computational thinking gains for middle school students. For highly embodied activities, elementary students benefited most from over 12 weeks of game-based learning in informal settings with class sizes of 0-20. These findings provide theoretical and empirical guidance for designing unplugged programming activities with varying embodiment levels and formulating computational thinking education policies.","wos, scopus, ieee",llm,0.990,unreviewed,
discarded,Towards metaphors for quantum computational thinking,Beardow C.,2026,EPJ Quantum Technology,10.1140/epjqt/s40507-026-00502-1,https://www.scopus.com/inward/record.uri?partnerID=HzOxMe3b&scp=105040030483&origin=inward,adjacent-subtopic,"In recent years, the quantum computing industry has seen significant investment and growth. However, this burgeoning industry faces a persistent labour gap: individuals with computing expertise, an understanding of quantum principles, and the ability to apply these principles to computing practices, are in increasing demand, but finding such individuals is proving challenging. We frame this problem as one of education, arguing that a computing-centred approach to learning about quantum computing is needed, and that the notion of computational thinking can help to define appropriate learning goals and outcomes in this context. We propose that metaphors can be an effective pedagogical tool in supporting the development of ‘quantum computational thinking’. In this paper, we present our efforts to gather and assess a collection of metaphors that are currently used to teach quantum computing concepts. We describe a series of interviews with quantum computing experts in which we aimed to elicit such metaphors, and document our process of metaphor identification and metaphorical model synthesis. We subsequently assess these metaphors and models using both numerical rating data from experts and our own qualitative analysis. Informed by our findings, we suggest ways of developing metaphors that better support quantum computational thinking: emphasising target concepts’ computational roles, acknowledging connections between concepts, and balancing procedural narratives with embodied, tangible imagery.","wos, scopus, ieee",llm,0.950,unreviewed,
discarded,Enhancing algorithmic thinking in primary education through Scratch programming using a practical framework and classroom case study,Ouahouda F.,2026,Discover Education,10.1007/s44217-026-01498-7,https://www.scopus.com/inward/record.uri?partnerID=HzOxMe3b&scp=105044511059&origin=inward,adjacent-subtopic,"This paper presents an educational framework that integrates Scratch programming with algorithmic resource design to enhance computational and algorithmic thinking among primary school students. Through a mixed-method study conducted in a Moroccan public primary school, we analyze the impact of Scratch-based learning activities on student engagement, problem-solving, and logic development. The results demonstrate a significant improvement in students’ understanding of basic algorithmic structures and their ability to apply logical reasoning in programming tasks. The proposed model provides practical guidance for educators seeking to introduce coding and computational thinking at an early stage.","wos, scopus, ieee",llm,0.980,unreviewed,
kept,"The Gap Between Computational Thinking and Coding, and How to Bridge it",Claire Lee; Jiyoon Park; Catherine Shin,2025,2025 IEEE Integrated STEM Education Conference (ISEC),10.1109/ISEC64801.2025.11460247,https://ieeexplore.ieee.org/document/11460247/,supports-claim,"Learning a foreign language usually involves mastering words and grammar to understand sentence patterns. In contrast, coding languages have fewer keywords and simpler grammar, yet they allow for diverse solutions through combinations. This complexity often leads to uncertainty about which syntax to apply in specific situations during problem-solving, making coding challenging. Computational Thinking (CT) aims to bridge this gap by suggesting when to use certain syntax, but Wing's CT concept focuses on human problem-solving, not aligning directly with coding. Meanwhile, Scratch's CT approach is effective for teaching basic computational concepts but lacks a robust theoretical framework for problem solving.This paper proposes a hybrid method combining these strengths: using block coding like Scratch for foundational learning, and applying Wing’s CT from a computer perspective for problem-solving. It showcases a developed website aimed at implementing this educational strategy. The site (https://block4py.org) is publicly available and aims to assist beginners in coding.","wos, scopus, ieee",llm,0.770,unreviewed,
