status,title,authors,year,venue,doi,url,tags,abstract,provider,decision_source,llm_confidence,llm_review_outcome,llm_change_direction
discarded,Teaching Machine Learning in K–12 Classroom: Pedagogical and Technological Trajectories for Artificial Intelligence Education,Matti Tedre; Tapani Toivonen; Juho Kahila; Henriikka Vartiainen; Teemu Valtonen; Ilkka Jormanainen; Arnold Pears,2021,IEEE Access,10.1109/access.2021.3097962,https://openalex.org/W3192744758,adjacent-subtopic,"Over the past decades, numerous practical applications of machine learning techniques have shown the potential of AI-driven and data-driven approaches in a large number of computing fields. Machine learning is increasingly included in computing curricula in higher education, and a quickly growing number of initiatives are expanding it in K-12 computing education, too. As machine learning enters K-12 computing education, understanding how intuition and agency in the context of such systems is developed becomes a key research area. But as schools and teachers are already struggling with integrating traditional computational thinking and traditional artificial intelligence into school curricula, understanding the challenges behind teaching machine learning in K-12 is an even more daunting challenge for computing education research. Despite the central position of machine learning and AI in the field of modern computing, the computing education research body of literature contains remarkably few studies of how people learn to train, test, improve, and deploy machine learning systems. This is especially true of the K-12 curriculum space. This article charts the emerging trajectories in educational practice, theory, and technology related to teaching machine learning in K-12 education. The article situates the existing work in the context of computing education in general, and describes some differences that K-12 computing educators should take into account when facing this challenge. The article focuses on key aspects of the paradigm shift that will be required in order to successfully integrate machine learning into the broader K-12 computing curricula. A crucial step is abandoning the belief that rule-based “traditional” programming is a central aspect and building block in developing next generation computational thinking.","openalex, dblp",llm,0.980,unreviewed,
kept,The design and implementation of a notional machine for teaching introductory programming,Michael J. Berry; Michael Kölling,2013,WiPSE '13,10.1145/2532748.2532765,https://openalex.org/W2026930327,supports-claim,"Comprehension of programming and programs is known to be a difficult task for many beginning students, with many computing courses showing significant drop out and failure rates. In this paper, we present a new notional machine design and implementation to help with understanding of programming and its dynamics for beginning learners. The notional machine offers an abstraction of the physical machine designed for comprehension and learning purposes. We introduce the notional machine and describe an implementation in BlueJ.","openalex, dblp",llm,0.910,unreviewed,
kept,Novis: A Notional Machine Implementation for Teaching Introductory Programming,Michael J. Berry; Michael Kölling,2016,Learning and Teaching in Computing and Engineering,10.1109/latice.2016.5,https://openalex.org/W2529121287,supports-claim,"Comprehension of programming and programs is known to be a difficult task for many beginning students, with many computing courses showing significant drop out and failure rates. In this paper, we present a notional machine implementation, Novis, to help with understanding of programming and its dynamics for beginning learners. The notional machine offers an abstraction of the physical machine designed for comprehension and learning purposes. Novis provides a real-time visualisation of this notional machine, and is integrated into BlueJ.","openalex, dblp",llm,0.900,unreviewed,
discarded,A New Look at Novice Programmer Errors,Davin McCall; Michael Kölling,2019,ACM Transactions on Computing Education,10.1145/3335814,https://openalex.org/W2962230923,adjacent-subtopic,"The types of programming errors that novice programmers make and struggle to resolve have long been of interest to researchers. Various past studies have analyzed the frequency of compiler diagnostic messages. This information, however, does not have a direct correlation to the types of errors students make, due to the inaccuracy and imprecision of diagnostic messages. Furthermore, few attempts have been made to determine the severity of different kinds of errors in terms other than frequency of occurrence. Previously, we developed a method for meaningful categorization of errors, and produced a frequency distribution of these error categories; in this article, we extend the previous method to also make a determination of error difficulty, in order to give a better measurement of the overall severity of different kinds of errors. An error category hierarchy was developed and validated, and errors in snapshots of students source code were categorized accordingly. The result is a frequency table of logical error categories rather than diagnostic messages. Resolution time for each of the analyzed errors was calculated, and the average resolution time for each category of error was determined; this defines an error difficulty score. The combination of frequency and difficulty allow us to identify the types of error that are most problematic for novice programmers. The results show that ranking errors by severity—a product of frequency and difficulty—yields a significantly different ordering than ranking them by frequency alone, indicating that error frequency by itself may not be a suitable indicator for which errors are actually the most problematic for students.","openalex, dblp",llm,0.990,unreviewed,
discarded,Heuristic Evaluation for Novice Programming Systems,Michael Kölling; Fraser McKay,2016,ACM Transactions on Computing Education,10.1145/2872521,https://openalex.org/W2411485894,adjacent-subtopic,"The past few years has seen a proliferation of novice programming tools. The availability of a large number of systems has made it difficult for many users to choose among them. Even for education researchers, comparing the relative quality of these tools, or judging their respective suitability for a given context, is hard in many instances. For designers of such systems, assessing the respective quality of competing design decisions can be equally difficult. Heuristic evaluation provides a practical method of assessing the quality of alternatives in these situations and of identifying potential problems with existing systems for a given target group or context. Existing sets of heuristics, however, are not specific to the domain of novice programming and thus do not evaluate all aspects of interest to us in this specialised application domain. In this article, we propose a set of heuristics to be used in heuristic evaluations of novice programming systems. These heuristics have the potential to allow a useful assessment of the quality of a given system with lower cost than full formal user studies and greater precision than the use of existing sets of heuristics. The heuristics are described and discussed in detail. We present an evaluation of the effectiveness of the heuristics that suggests that the new set of heuristics provides additional useful information to designers not obtained with existing heuristics sets.","openalex, dblp",llm,0.990,unreviewed,
kept,A Systematic Review of Approaches for Evaluating Students' Function-Level Code Structure Knowledge with a Catalog of All Discussed Patterns,"Nurollahian, Sara; Brown, Noelle; Rafferty, Anna N.; Wiese, Eliane",2026,ACM TRANSACTIONS ON COMPUTING EDUCATION,10.1145/3787450,https://www.webofscience.com/wos/woscc/full-record/WOS:001742611400001,supports-claim,"Code structure, an important aspect of code quality, involves stylistic and structural decisions within individual functions, such as selecting appropriate control flow structures for a specific task. Despite over 40 years of research on student performance in various code structure topics, a comprehensive overview of these studies remains absent. Therefore, we conducted a systematic literature review to understand which function-level code structure topics were considered essential for student learning and what assessment practices were used to evaluate students' knowledge of code structure. Our review identified approximately 70 code-structure topics, which we classified into 7 categories: expressions, variables and parameters, Boolean expressions, conditionals, loops, functions, and others. We created a catalog of these topics that includes their definitions, an example defect for each topic, and a corresponding solution. This catalog can serve as a resource for instructors seeking to incorporate code structure into introductory programming courses, as well as for researchers developing educational tools or investigating the extent and causes of code-structure violations. Regarding assessment practices in prior studies, we found that various assessment tasks and student artifacts were utilized, with half of the studies examining students' code-writing submissions for the occurrence of violations. While this approach is scalable through the use of automated detectors, it provides limited insight into the underlying causes of these violations or into students' performance on non-writing skills such as code refactoring. Additionally, we found very little research that focuses on specific assessment tasks such as code recall and code editing (i.e., refactoring others' code). Moreover, while many studies suggested that student code structure defects stem from knowledge gaps in programming concepts, only a few empirically tested this hypothesis. Finally, we conclude this study by highlighting open areas for future research on code structure.","wos, scopus, ieee",llm,0.990,unreviewed,
discarded,Collaborative Methods and Study Motivation in CS1-A Systematic Literature Study,"Lohiniva, Meija; Isomottonen, Ville",2025,ACM TRANSACTIONS ON COMPUTING EDUCATION,10.1145/3748663,https://www.webofscience.com/wos/woscc/full-record/WOS:001615773900004,adjacent-subtopic,"Context: Introductory programming courses often face high dropout and failure rates, a challenge widely addressed in computing education research. Collaborative methods, such as group work and pair programming, have been proposed as potential solutions, as they are believed to enhance students' study motivation. Objective: This article provides a comprehensive overview of current research on the use of collaborative methods in introductory programming courses and their influence on students' study motivation. The focus lies at the intersection of collaborative learning approaches and study motivation. In addition, the article identifies gaps in the existing literature, highlighting areas in need of further investigation. Method: This study combines a systematic mapping study with a systematic literature review. A search for relevant articles was conducted across eight digital libraries in October 2020 using search strings that incorporated the concepts of CS1, collaborative methods, and motivation. Of the 991 initially retrieved articles, 86 were selected for in-depth analysis. Extracted data included publication details, research type, collaborative methods used, supporting tools/environments, the role of motivation, theoretical frameworks, motivational scales, reflections on collaborative methods, and aspects of collaborative methods that influenced motivation. Results: The findings reveal several noteworthy trends. First, 84% of the studies did not reference a theoretical framework for motivation, and 83% did not use established tools to measure it. Reflections on collaborative methods were predominantly positive (81%), while only 6% expressed negative views. Increased motivation was the most frequently reported benefit of collaborative learning approaches in our corpus, in which each paper had to at least include the term motivation. Among the aspects of the collaborative setting reported to influence motivation, competition, collaboration, use of technology, and project work were mentioned in multiple studies. Conclusions: These results highlight the need for further research in several key areas. First, greater attention is required regarding the definition and measurement of motivation in this context, as indicated by the lack of theoretical frameworks and established measurement tools in most articles. Additionally, there is a need to develop a standardized taxonomy and clearer definitions for collaborative methods to facilitate more precise discussions and comparisons across studies. While the positive reflections on collaborative methods are encouraging, the limited number of negative reflections suggests a lack of attention to potential drawbacks or limitations. Finally, a research gap exists in understanding which specific aspects of the collaborative setting most significantly affect students' study motivation, underscoring the importance of continued exploration in this domain.","wos, scopus, ieee",llm,0.990,unreviewed,
discarded,Escape rooms for learning programming: A systematic literature review,"Ugo, Chidera Chinedu; Lopez-pernas, Sonsoles; Gordillo, Aldo; Tukiainen, Markku",2025,REVIEW OF EDUCATION,10.1002/rev3.70123,https://www.webofscience.com/wos/woscc/full-record/WOS:001627677800001,adjacent-subtopic,"This article presents a systematic literature review on escape rooms as a didactic tool for teaching and learning programming. The review examined the programming topics and languages addressed, the educational levels targeted, evaluation methods used and key design elements such as format, duration, location and narrative structure. Methodological quality was assessed using the MMAT and GRADE frameworks to determine the strength and reliability of the included studies. Findings indicate that while educational escape rooms show strong potential to support programming education through active, experiential learning, the current body of research is relatively small and still developing. The topics covered included basic programming concepts, web development and data analysis. Most escape rooms were implemented in higher education contexts and delivered in various formats (physical, fully virtual or hybrid), often incorporating digital tools and physical elements to enhance immersion. Although motivational and engagement benefits were consistently reported across studies, the majority relied heavily on post-activity perception surveys for evaluation. Only a few studies used more objective assessments such as pre/post-tests or learning analytics. Notably, no study included delayed post-tests or longitudinal follow-ups, and only a small number explored teamwork, collaboration or problem-solving strategies in depth. Consequently, the overall certainty of evidence on measurable learning outcomes remains low to moderate.Context and implications Rationale for this study: Learning programming is challenging, and traditional teaching often falls short. Game-based learning, particularly educational escape rooms, may help, yet no prior review has focused on programming. Why the new findings matter: This study shows escape rooms boost engagement and motivation, though current research remains small-scale, beginner-focused, and methodologically weak, limiting evidence of lasting learning impact. Implications for researchers and educational institutions: For educators, escape rooms provide a promising and adaptable method for teaching programming and teamwork skills, but they must be firmly grounded in established learning theories, embedded into curricula, and evaluated through robust mixed-methods approaches. Researchers should extend the scope beyond introductory content to include advanced topics, a wider range of learner demographics and long-term outcomes that assess retention and skill transfer. Policy-makers and funders can help scale these initiatives by investing in educator training, developing accessible design tools and fostering cross-institutional collaborations. Such efforts will ensure escape rooms are inclusive, evidence-based and capable of delivering meaningful, sustainable learning impacts.","wos, scopus, ieee",llm,0.990,unreviewed,
discarded,The Influence of Software Engineering Education on Developing Teamwork Skills in Both Genders,"Bastarrica, Maria Cecilia; Simmonds, Jocelyn",2025,IEEE ACCESS,10.1109/ACCESS.2025.3585807,https://www.webofscience.com/wos/woscc/full-record/WOS:001527231900040,adjacent-subtopic,"Teamwork is recognized as a highly valuable skill for any software engineer. In computer science programs it is typically developed through project-based courses, though these courses often do not adopt a gender-oriented approach. Women are underrepresented in the software industry, and there is limited knowledge about their teamwork competencies. While some studies compare teamwork skills between men and women, few have explored the impact of education on the development of this skill, particularly in relation to different aspects of teamwork. By comparing teamwork quality between genders at different program levels, we intend to gain valuable insights about students' initial teamwork skills and the effect of software engineering education over time. To do this, we have carried out an empirical study of two project-based software engineering courses in our Computer Science and Engineering program: an introductory software engineering course and a capstone course. In each case we evaluate different aspects of teamwork by applying the same peer assessment instrument along 13 semesters. Our study revealed no significant gender-based disparities within the courses under study, indicating that such differences are absent both in students' initial abilities and final competencies. What we did observe, however, is that women's teamwork assessments are more homogeneous over time than the men's, where we see significant improvements in Attitude, Motivation, Coordination and Communication between courses. Our results lead us to believe that, it takes men longer to reach the same capacity for working in teams than women, but in the end, students of both genders reach similar teamwork capabilities in all teamwork quality dimensions. Therefore, women have just as much potential to excel as software engineers as men, especially when it comes to teamwork.","wos, scopus, ieee",llm,0.970,unreviewed,
discarded,"Supporting learners in the transition from block-based to text-based programming, a systematic review","Strong, Glenn; Bresnihan, Nina; Tangney, Brendan",2025,JOURNAL OF COMPUTER LANGUAGES,10.1016/j.cola.2025.101342,https://www.webofscience.com/wos/woscc/full-record/WOS:001523389700001,adjacent-subtopic,"This paper describes a systematic review of the approaches being taken to providing support to learners as they transition from block-based programming environments to text-based ones. It identifies and analyses the literature in the area, identifies the themes which are common across the different approaches being used, and determines gaps in the literature. With the widespread use of block-based programming environments in introductory programming education, the question of how to support learners in the transition to text-based environments has received much attention. The contribution of this paper is to analyse and characterise the approaches being taken to support learners by considering the question: what approaches have been developed to facilitate the transition from block-based programming to text-based programming for learners? To answer this, a systematic literature review was undertaken, combining manual and automatic searches to identify work in the field. A thematic analysis of the literature found eight themes covering technical and non-technical approaches to supporting transition, prompting a set of recommendations for gaps to be addressed in future development in the field.","wos, scopus, ieee",llm,0.990,unreviewed,
