status,title,authors,year,venue,doi,url,tags,abstract,provider,decision_source,llm_confidence,llm_review_outcome,llm_change_direction
Our video analysis so far has revealed a variety of notional machines to introduce and sustain student learning during this unit. They took the form of roleplays, metaphors, and analogies, ranging from a period-long enactment to in-the-moment explanations to better understand specific aspects of program execution such as variable definition, function calls, and conditional statements execution. From extensive code tracing to debugging specific issues to diagnosing student thinking, these notional machines provided a variety of opportunities for the teacher to move across the different levels of abstractions while explaining program execution. During the poster session, we will share qualitative details about each of these categories of notional machines with examples that highlight their key characteristics in terms of form, conceptual focus, level of abstraction, and purpose within the unit.

This analysis will provide one of the first accounts of notional machines emerging from classroom observational data. More importantly, it will be one of the first accounts of notional machines studied within a high school classroom, significant in the light of recent enthusiasm to introduce high school students to computing globally [4].","wos, scopus, ieee",llm,0.900,unreviewed,
kept,Flexible Low-cost Activities to Develop Novice Code Comprehension Skills in Schools,"Donaldson, Peter; Cutts, Quintin",2018,WIPSCE'18: PROCEEDINGS OF THE 13TH WORKSHOP IN PRIMARY AND SECONDARY COMPUTING EDUCATION,10.1145/3265757.3265776,https://www.webofscience.com/wos/woscc/full-record/WOS:000455378300019,supports-claim,"The lack of code comprehension skills in novice programming students is recognised as a major factor underpinning poor learning outcomes. We use Schulte's Block Model to support teachers' understanding of how to break the skill down into component parts that are more manageable for a learner. This analysis is operationalised in three code annotation-based learning/assessment exercise formats, two helping students to identify and describe programming concepts and the third enabling them to parse code correctly and carry out desk executions. A great benefit of the activities is that they are low cost and can be applied to any imperative style code and so can be easily adopted by schools anywhere; furthermore, they are active, not passive, an issue with some animation-based visualisation approaches. The exercise formats were included as part of a national schools computing science professional learning programme (PLAN C).","wos, scopus, ieee",llm,0.860,unreviewed,
kept,"Extending the Object-Oriented Notional Machine Notation with Inheritance, Polymorphism, and GUI Events","Cuvic, Marin Aglic; Maras, Josip; Mladenovic, Sasa",2017,"2017 40TH INTERNATIONAL CONVENTION ON INFORMATION AND COMMUNICATION TECHNOLOGY, ELECTRONICS AND MICROELECTRONICS (MIPRO)",,https://www.webofscience.com/wos/woscc/full-record/WOS:000426903800142,supports-claim,"Learning to program is a challenging task. Novices need to have an accurate understanding of the program execution at the conceptual level provided by the programming language. This level of execution is often referred to as the notional machine, which is often easier to understand through program visualizations.

Currently one of the most popular programming paradigms is object-oriented programming, which introduces a number of advanced concepts. In addition, in order to increase student engagement, teachers have started to introduce graphical user interface (GUI) applications into programming courses. This brings its own set of challenges, mostly related to a significantly larger number of application states, which are more difficult to keep track of. However, most existing programming visualizations do not cover all necessary concepts for teaching object-oriented programming, nor have they considered visualizing complex GUI applications. For this reason, we present our own concept of a visualization system that addresses these shortcomings.

In this paper, we have: i) extended an existing notation for a notional machine to support learning of advanced object-oriented concepts inheritance and polymorphism; ii) presented our own concept of a visualization system that introduces the source code into the notional machine, thereby making the relationship between source code and the visual representation more concrete; and iii) proposed solutions for reducing the cognitive overload introduced by GUI applications.","wos, scopus, ieee",llm,0.870,unreviewed,
kept,Notional Machines and Introductory Programming Education,"Sorva, Juha",2013,ACM TRANSACTIONS ON COMPUTING EDUCATION,10.1145/2483710.2483713,https://www.webofscience.com/wos/woscc/full-record/WOS:000209476600003,supports-claim,"This article brings together, summarizes, and comments on several threads of research that have contributed to our understanding of the challenges that novice programmers face when learning about the runtime dynamics of programs and the role of the computer in program execution. More specifically, the review covers the literature on programming misconceptions, the cognitive theory of mental models, constructivist theory of knowledge and learning, phenomenographic research on experiencing programming, and the theory of threshold concepts. These bodies of work are examined in relation to the concept of a ""notional machine""- an abstract computer for executing programs of a particular kind. As a whole, the literature points to notional machines as a major challenge in introductory programming education. It is argued that instructors should acknowledge the notional machine as an explicit learning objective and address it in teaching. Teaching within some programming paradigms, such as object-oriented programming, may benefit from using multiple notional machines at different levels of abstraction. Pointers to some promising pedagogical techniques are provided.","wos, scopus, ieee",llm,1.000,unreviewed,
discarded,Tracing vs. comprehension: On different levels of understanding Boolean expressions,Baron A.,2026,Empirical Software Engineering,10.1007/s10664-026-10818-2,https://www.scopus.com/inward/record.uri?partnerID=HzOxMe3b&scp=105035295602&origin=inward,adjacent-subtopic,"Reading and understanding existing code is a crucial part of software engineering. We focus on the understanding of Boolean expressions, which control the flow of the execution. Such expressions can often be written in different ways that are logically equivalent, but there has been no systematic research on the possible advantages of one formulation over another. Our goal is to examine the effect of various factors on understanding such expressions, leading to guidelines for selecting the most understandable version from a set of logically equivalent expressions. To achieve this goal, we conducted a controlled experiment using all 16 simple Boolean expressions with two variables, a connecting operator, and possible negations. We define and empirically compare two distinct levels of understanding these expressions: tracing, which involves following the program’s execution for a specific input, and comprehension, which encompasses a generalization of how the code behaves for all possible inputs. The experiment involved 362 participants, 57% of which had more than 6 years of programming experience. The results reveal that comprehension not only takes longer but also leads to a higher error rate compared to tracing. Furthermore, expressions involving the logical operator OR were found to be more challenging on average than those with AND, but this difficulty manifested only at the comprehension level. One of the sources of this difference appears to be an interaction between the logical operators OR and NOT, and we discuss possible models which may explain this effect. The observed differences in understanding equivalent expressions highlight the importance of selecting which expression to use. Our findings suggest that Boolean expressions with AND and fewer negations tend to improve code readability, making them preferable for writing understandable code. But these recommendations need to be verified in the general context of Boolean expressions, including those that are more complex than the ones we considered.","wos, scopus, ieee",llm,0.970,unreviewed,
discarded,CodeStream: Augmenting Timelines with Code Annotation for Navigating Large Coding Histories,Ge Zhang A.,2026,Conference on Human Factors in Computing Systems Proceedings,10.1145/3772318.3791873,https://www.scopus.com/inward/record.uri?partnerID=HzOxMe3b&scp=105038752352&origin=inward,adjacent-subtopic,"Code edit histories can offer instructors valuable insight into students’ problem-solving processes, revealing unproductive behaviors that final code alone cannot capture. For example, a correct solution may contain large copy-and-pasted segments (suggesting the code originated elsewhere) or unguided trial-and-error (suggesting a lack of clear strategy). Timelines are a common way to visualize code histories, but existing timeline visualizations of code or document histories show only when and where edits occurred, not what changed. Without this context, it is difficult to answer key questions about how students invested effort or to infer their intentions. We present CodeStream, a visualization system that augments timelines with situational code annotations, whose granularity and visibility dynamically adapt to scale and interaction state. A comparison study shows that CodeStream enables context-aware navigation of coding histories, supporting fast and accurate pattern identification, and helping instructors reason about students’ coding behaviors and identify who may need intervention.","wos, scopus, ieee",llm,0.960,unreviewed,
discarded,Explanations of Data Systems Concepts in CS Education: An Updated View on Notional Machines,Miedema D.,2026,Iticse Wgr 2025 Publication of the 2025 Working Group Reports on Innovation and Technology in Computer Science Education,10.1145/3760545.3783971,https://www.scopus.com/inward/record.uri?partnerID=HzOxMe3b&scp=105031900711&origin=inward,adjacent-subtopic,"As data-driven fields such as machine learning, visualization, and data science continue to grow, a solid foundation in data systems has become increasingly important. However, research on how students learn concepts of data systems remains limited, particularly regarding the role of notional machines. In this working group report, we examined educational materials, such as textbooks, to collect and categorize notional machines used across database subtopics. Our analysis shows variation in how notional machines are employed: most are presented visually, many rely on prior CS or database knowledge, and a significant number are under-specified, posing risks for student misconceptions. By highlighting well-defined examples and common patterns, this report provides a pedagogical resource for educators, supports the development of clearer instructional materials, and lays the groundwork for theory-building in data systems education.","wos, scopus, ieee",llm,0.970,unreviewed,
kept,Mapcode Machines for Expressing and Tracing Iterative Algorithms,Kulindala G.,2025,Comped 2025 Proceedings of the ACM Global Computing Education Conference 2025,10.1145/3736181.3747152,https://www.scopus.com/inward/record.uri?partnerID=HzOxMe3b&scp=105021395785&origin=inward,supports-claim,"Algorithms are a fundamental part of computer science education, with expressing and tracing forming key aspects of their study. Both pseudocode and code are used to express algorithms. Pseudocode helps abstract away specifics of the programming language when specifying an algorithm, but it can introduce ambiguities due to its informal nature and it seldom supports a structured way to trace an algorithm. On the other hand, tracing a program provides a precise description but can conflate algorithmic logic with language-specific details, obscuring the inherent structure of an algorithm. In this experience report, we propose employing the Mapcode framework for expressing and tracing algorithms. Mapcode represents an algorithm as a set of transformations between well-defined spaces, naturally producing execution traces that are independent of programming constructs. Unlike traditional notional machines, which model the execution of programs, Mapcode machines model the high-level execution of algorithms. Mapcode traces reflect underlying logic and are independent of programming-language-specific control structures like while loops. We report preliminary findings from two classroom activities which explored the application of Mapcode to express and trace algorithms. In the first activity, third-year undergraduate students drew Mapcode Execution Diagrams to trace simple algorithms already specified in the Mapcode framework. We found that a majority of students were successful in constructing the diagrams. In the second activity, students in a Principles of Programming Languages course successfully defined algorithms from various paradigms (greedy, dynamic programming, sorting, etc.) as Mapcode machines and implemented them in Python and Racket.","wos, scopus, ieee",llm,0.810,unreviewed,
kept,A Scaffolded Approach for Tracing Control-Flow in Simplified Python Programs,Kulindala G.,2025,Annual Conference on Innovation and Technology in Computer Science Education Iticse,10.1145/3724363.3729044,https://www.scopus.com/inward/record.uri?partnerID=HzOxMe3b&scp=105010585315&origin=inward,supports-claim,"The ability of students to read, understand and explain code is tightly interlinked to their ability to trace. Multiple studies have shown that tracing helps students improve their comprehension of code. Analysis of the traces also provides insight into student misconceptions about program execution. We are interested in exploring pen-and-paper activities related to tracing control-flow. While the literature presents several tracing methodologies, existing pen-and-paper activities prioritise tracking the values of variables as they change throughout the program; control-flow is not adequately addressed. To fill this gap, we propose a comprehensive suite of class activities around control-flow of programs and report our experience deploying it in a first-year university programming course. In these activities, students construct six hand-drawn artefacts representing the static and dynamic aspects of a program's control-flow. We use a simplified subset of Python that includes sequential, conditional, iterative and (first-order) procedural control. We chose this subset to match the syllabus of the introduction to computer programming course of our university. We report the results of a preliminary study conducted to explore the feasibility of constructing the artefacts. Most students correctly understood the structure of the artefacts. We also report what these artefacts revealed about students' misconceptions related to control-flow in programs. Students had difficulty identifying the destination of a procedure call and its return. A significant number of their misconceptions were related to transfer of control when encountering errors.","wos, scopus, ieee",llm,0.990,unreviewed,
kept,Main Memory in Program Execution: Threshold Concept in CS,Kyriakou C.,2025,SN Computer Science,10.1007/s42979-025-03971-w,https://www.scopus.com/inward/record.uri?partnerID=HzOxMe3b&scp=105004768680&origin=inward,supports-claim,"Recent studies have shed light on the challenges students face in grasping certain aspects of computer science (CS) curricula. According to the threshold concepts theory, specific foundational ideas, if not thoroughly understood, can serve as cognitive barriers that hinder the comprehension of subsequent topics. Within this theoretical framework, the organization of main memory in program execution is suggested as a potential threshold concept in understanding computer operations. The present study aims to examine students’ understanding of topics related to main memory organization, operation, and its role in program execution. It seeks to categorize and elucidate students' conceptions and misconceptions through an analysis of their written responses to open-ended questions as well as through small-group discussions crafted to deepen insights. The development of questions grounded in Kintsch’s text comprehension model theory proved beneficial for uncovering students’ conceptualizations. The findings highlight a prevalent challenge among students in articulating the importance of main memory for computer operations and in establishing a conceptual link between main memory organization and the execution of program instructions. These findings underscore the significance of the proposed threshold concept. In response to the emerging misconceptions, CS educators should provide insight into students' comprehension and devise a comprehensive, integrated instructional approach to tackle the fundamental interrelated CS concepts. This paper offers guidance on approaching the existing educational material and crafting appropriate questions to bolster students' inferential skills and improve overall learning outcomes.","wos, scopus, ieee",llm,0.920,unreviewed,
kept,Prevalence of Programming Misconceptions in Primary School Students,Hartmann M.,2024,ACM International Conference Proceeding Series,10.1145/3699538.3699568,https://www.scopus.com/inward/record.uri?partnerID=HzOxMe3b&scp=85215526951&origin=inward,supports-claim,"This study investigates the prevalence of programming misconceptions among primary school students using the Programming Misconception Assessment Tool (ProMAT). The ProMAT was designed to measure programming misconceptions in two educational programming environments: Scratch and xLogo. We analyzed data from 366 Grade 5 and 6 children in German-speaking Switzerland to identify common misconceptions about sequences, loops, conditionals and to find out if they believed that there is a hidden mind in the programming environment that has intelligent interpretive powers (the so-called superbug misconception). In addition, we compared response patterns across the two programming environments. We found two misconceptions related to loops to be most common in Scratch, namely the belief that loops produce the exact same output in every iteration and that each command inside a loop is repeated separately. For xLogo, the most common misconception was from the sequences category, namely relating to the order of subprogram execution. Furthermore, variations of the superbug misconception were more prevalent among xLogo than among Scratch learners. We discuss how our results compare and add to the outcomes of earlier work, including the seminal study by Swidan and colleagues (2018). Finally, we explain how programming-environment-specific features might influence the formation or prevention of misconceptions in primary school students.","wos, scopus, ieee",llm,0.990,unreviewed,
kept,"Extending the object-oriented notional machine notation with inheritance, polymorphism, and GUI events",Marin Aglić Čuvić; Josip Maras; Saša Mladenović,2017,"2017 40th International Convention on Information and Communication Technology, Electronics and Microelectronics (MIPRO)",10.23919/MIPRO.2017.7973530,https://ieeexplore.ieee.org/document/7973530/,supports-claim,"Learning to program is a challenging task. Novices need to have an accurate understanding of the program execution at the conceptual level provided by the programming language. This level of execution is often referred to as the notional machine, which is often easier to understand through program visualizations. Currently one of the most popular programming paradigms is object-oriented programming, which introduces a number of advanced concepts. In addition, in order to increase student engagement, teachers have started to introduce graphical user interface (GUI) applications into programming courses. This brings its own set of challenges, mostly related to a significantly larger number of application states, which are more difficult to keep track of. However, most existing programming visualizations do not cover all necessary concepts for teaching object-oriented programming, nor have they considered visualizing complex GUI applications. For this reason, we present our own concept of a visualization system that addresses these shortcomings. In this paper, we have: i) extended an existing notation for a notional machine to support learning of advanced objectoriented concepts inheritance and polymorphism; ii) presented our own concept of a visualization system that introduces the source code into the notional machine, thereby making the relationship between source code and the visual representation more concrete; and iii) proposed solutions for reducing the cognitive overload introduced by GUI applications.","wos, scopus, ieee",llm,0.870,unreviewed,
