status,title,authors,year,venue,doi,url,tags,abstract,provider,decision_source,llm_confidence,llm_review_outcome,llm_change_direction
discarded,GameScript: a simplified scripting language for video game development,Marín-Lora C.,2025,Multimedia Systems,10.1007/s00530-024-01574-8,https://www.scopus.com/inward/record.uri?partnerID=HzOxMe3b&scp=85218347366&origin=inward,adjacent-subtopic,"The process of video game development is complex, requiring proficiency in various technologies for design and implementation, including mastery of game engines and associated programming languages. Defining the behaviors of game elements within the necessary subprocesses poses a significant challenge. This challenge arises partly due to the utilization of general-purpose programming languages, which offer a wide range of options and allow tasks to be approached from different angles. This study introduces GameScript, a simplified scripting language designed for video game development. Based on principles of structured programming and inspired by the While language, GameScript focuses on essential game behavior definitions using a limited set of statements, including IF-THEN-ELSE selection and operations related to game elements to create and destroy them, or to modify properties. By using only numeric variables and simple arithmetic and relational operators, GameScript simplifies data handling and allows for the creation of various arcade games with straightforward syntax. Integrated into a multi-agent system game engine, GameScript has been validated through the successful implementation of diverse arcade game mechanics, demonstrating its effectiveness.","wos, scopus, ieee",llm,0.980,unreviewed,
kept,Algebras for Deterministic Computation Are Inherently Incomplete,Ten Cate B.,2025,Proceedings of the ACM on Programming Languages,10.1145/3704861,https://www.scopus.com/inward/record.uri?partnerID=HzOxMe3b&scp=85211812896&origin=inward,supports-claim,"Kleene Algebra with Tests (KAT) provides an elegant algebraic framework for describing non-deterministic finite-state computations. Using a small finite set of non-deterministic programming constructs (sequencing, non-deterministic choice, and iteration) it is able to express all non-deterministic finite state control flow over a finite set of primitives. It is natural to ask whether there exists a similar finite set of constructs that can capture all deterministic computation. We show that this is not the case. More precisely, the deterministic fragment of KAT is not generated by any finite set of regular control flow operations. This generalizes earlier results about the expressivity of the traditional control flow operations, i.e., sequential composition, if-then-else and while.","wos, scopus, ieee",llm,0.880,unreviewed,
discarded,CF-GKAT: Efficient Validation of Control-Flow Transformations,Zhang C.,2025,Proceedings of the ACM on Programming Languages,10.1145/3704857,https://www.scopus.com/inward/record.uri?partnerID=HzOxMe3b&scp=85215687805&origin=inward,adjacent-subtopic,"Guarded Kleene Algebra with Tests (GKAT) provides a sound and complete framework to reason about trace equivalence between simple imperative programs. However, there are still several notable limitations. First, GKAT is completely agnostic with respect to the meaning of primitives, to keep equivalence decidable. Second, GKAT excludes non-local control flow such as goto, break, and return. To overcome these limitations, we introduce Control-Flow GKAT (CF-GKAT), a system that allows reasoning about programs that include non-local control flow as well as hardcoded values. CF-GKAT is able to soundly and completely verify trace equivalence of a larger class of programs, while preserving the nearly-linear efficiency of GKAT. This makes CF-GKAT suitable for the verification of control-flow manipulating procedures, such as decompilation and goto-elimination. To demonstrate CF-GKAT’s abilities, we validated the output of several highly non-trivial program transformations, such as Erosa and Hendren’s goto-elimination procedure and the output of Ghidra decompiler. CF-GKAT opens up the application of Kleene Algebra to a wider set of challenges, and provides an important verification tool that can be applied to the field of decompilation and control-flow transformation.","wos, scopus, ieee",llm,0.980,unreviewed,
discarded,Diagrammatic Algebra of First Order Logic,Bonchi F.,2024,Proceedings Symposium on Logic in Computer Science,10.1145/3661814.3662078,https://www.scopus.com/inward/record.uri?partnerID=HzOxMe3b&scp=85199029291&origin=inward,adjacent-subtopic,"We introduce the calculus of neo-Peircean relations, a string diagrammatic extension of the calculus of binary relations that has the same expressivity as first order logic and comes with a complete axiomatisation. The axioms are obtained by combining two well known categorical structures: cartesian and linear bicategories.","wos, scopus, ieee",llm,0.870,unreviewed,
discarded,Structured Theorem for Quantum Programs and its Applications,Yu N.,2023,ACM Transactions on Software Engineering and Methodology,10.1145/3587154,https://www.scopus.com/inward/record.uri?partnerID=HzOxMe3b&scp=85164277007&origin=inward,adjacent-subtopic,"This article proves a structured program theorem for flowchart quantum programs. The theorem states that any flowchart quantum program is equivalent to a single quantum program that repeatedly executes a quantum measurement and a subprogram, so long as the measurement outcome is true. Moreover, their expected runtime, variance, and general moments are the same. This theorem simplifies the quantum program’s verification significantly. – We derive an analytical characterization of the termination problem for quantum programs in polynomial time. Our procedure is more efficient and accurate with much simpler techniques than the analysis of this problem, as described in [29]. – We compute the expected runtime analytically and exactly for quantum programs in polynomial time. This result improves the methods based on the weakest precondition calculus for the question recently developed in [31, 34]. – We show that a single loop rule is a relatively complete Hoare logic for quantum programs after applying our structured theorem. Although using fewer rules, our method verifies a broader class of quantum programs, compared with the results in [45] and [56].","wos, scopus, ieee",llm,0.930,unreviewed,
discarded,Pan-Institutional Applied Research within Undergraduate and Post-Degree Diploma Teaching Programs,Khmelevsky Y.,2023,ACM International Conference Proceeding Series,10.1145/3593342.3593353,https://www.scopus.com/inward/record.uri?partnerID=HzOxMe3b&scp=85169123470&origin=inward,adjacent-subtopic,"Many undergraduate students’ applied research projects (projects) are conducted within the computer and computing science departments of colleges and universities [24, 36]. Every department has its own experiences, successes and failures in projects and related subjects teaching, which would be helpful to share and discuss with the education community. In this paper, we discuss the pan-institutional applied research projects’ experiences and results of teaching capstone project courses since 2005, upper-level courses in Data Mining, Data Warehousing, Object Analysis and Design, Special Topic Courses in Databases, in the Computer Information Systems (CIS) Diploma, the Bachelor of Computer Information Systems (BCIS) Degree programs at Okanagan College (OC), and the Post Degree Diploma in Data Analytics (PDDDA) program at Langara College (LC), and similar courses at UBC Okanagan and the University of the Fraser Valley [2, 3, 4, 5, 6, 10, 11, 12, 17, 23, 24, 25, 26, 28, 29, 30, 31, 33, 34, 35, 36, 37, 38, 39, 40, 46, 47, 48, 49, 50, 52, 53, 58]. Teaching a new computing science topic was synchronized through practical software development and software engineering (SEng) projects with industrial sponsors and by small groups of students. In addition to industrial projects, we introduced several student-centred applied research projects from academia and industry in British Columbia (BC) and across Canada. In the last 5 years, we initiated collaboration in these student-centred projects between several post-secondary institutions (OC and LC, UBC Okanagan (UBC O), and the University of the Fraser Valley (UFV)) in Canada and internationally in Université Paris-Est Créteil (UPEC), France. Managers or executives from the sponsoring companies and instructors and professors from the educational institutions supervised and supported students as sponsors, advisors, or mediators. Many student project teams were able to develop impressive, high-quality engineering and research applications and systems [42]. The sponsors provided positive feedback and references for most of the projects. The results of some of these industrial projects were turned into products by the sponsoring companies.","wos, scopus, ieee",llm,0.970,unreviewed,
discarded,Deconstructing the Calculus of Relations with Tape Diagrams,Bonchi F.,2023,Proceedings of the ACM on Programming Languages,10.1145/3571257,https://www.scopus.com/inward/record.uri?partnerID=HzOxMe3b&scp=85146427883&origin=inward,adjacent-subtopic,"Rig categories with finite biproducts are categories with two monoidal products, where one is a biproduct and the other distributes over it. In this work we present tape diagrams, a sound and complete diagrammatic language for these categories, that can be intuitively thought as string diagrams of string diagrams. We test the effectiveness of our approach against the positive fragment of Tarski's calculus of relations.","wos, scopus, ieee",llm,0.900,unreviewed,
kept,Computing Education’s Superbug: Interrogating the Computer-Mind Metaphors,Tenenberg J.,2026,ACM Transactions on Computing Education,10.1145/3769856,https://www.scopus.com/inward/record.uri?partnerID=HzOxMe3b&scp=105038717317&origin=inward,supports-claim,"In one of the significant results from early computing education research, Pea identifies a computer-as-mind metaphor that novices use in ascribing mental properties of personhood to the computer, which causes students considerable conceptual confusion. In characterizing this as students’ superbug, Pea uses a mind-as-computer metaphor, the converse metaphor to the one that students use. In doing so, he makes visible a metaphor that has become one of the predominant metaphors of mind in mid- to late-20th century theorizing in psychology and the cognitive sciences. I take both of these metaphors (computer-as-mind and mind-as-computer) to be the superbug that plagues not only student attempts to program but also computing education more broadly. The purpose of this article is to argue that these computer-mind metaphors are a steady undercurrent that runs from the cognitive sciences through computing education and the research on it, what is problematic about these metaphors, what causes this metaphorical affliction, why we might want to cure ourselves from it, and how we can do so. Key to this cure is to counter disembodied views of human reasoning and action, epitomized in first generation cognitive science, with embodied and enactive theoretical perspectives, epitomized in second generation cognitive science and in multimodal and embodied approaches to the social sciences.","wos, scopus, ieee",llm,0.900,unreviewed,
discarded,Enhancing analytical classes with role-playing debugging exercises,Babaee S.,2026,Decision Sciences Journal of Innovative Education,10.1111/dsji.70026,https://www.scopus.com/inward/record.uri?partnerID=HzOxMe3b&scp=105042478564&origin=inward,adjacent-subtopic,"
 This article presents a role‐playing activity designed to address a common challenge in analytical courses, where students rely on software outputs without fully understanding the underlying analytical concepts. The activity highlights the continued significance of human analysts in interpreting results, guiding analysis, and leveraging domain expertise, skills that persist as essential even with advancements in AI. The exercise simulates the software maintenance stage, requiring students to switch between user and developer roles to identify and fix software bugs. This structure promotes both technical proficiency and soft skill development, particularly in communication and collaborative problem‐solving. Student feedback, including qualitative reflections and quantitative survey results, demonstrated significant learning gains, with over 80% reporting improvements in analytical reasoning, debugging skills, and communication abilities. The activity aligns with Education 4.0 principles by promoting interdisciplinary collaboration, adaptive learning, and experiential engagement. The article concludes with practicl recommendations for integrating such activities into analytical coursework, emphasizing the importance of clear initial guidance and reflective debriefing to maximize learning outcomes.","wos, scopus, ieee",llm,0.940,unreviewed,
discarded,Building to Understand: Examining Teens' Technical and Socio-Ethical Pieces of Understanding in the Construction of Small Generative Language Models,Morales-Navarro L.,2026,Idc 2026 Proceedings the 25th Annual ACM Interaction Design and Children Conference,10.1145/3773077.3806107,https://www.scopus.com/inward/record.uri?partnerID=HzOxMe3b&scp=105043599913&origin=inward,adjacent-subtopic,"The rising adoption of generative AI/ML technologies increases the need to support teens in developing AI/ML literacies. Child-computer interaction research argues that construction activities can support young people in understanding these systems and their implications. Recent exploratory studies demonstrate the feasibility of engaging teens in the construction of very small generative language models (LMs). However, it is unclear how constructing such models may foster the development of teens’ understanding of these systems from technical and socio-ethical perspectives. We conducted a week-long participatory design workshop in which sixteen teenagers constructed very small LMs to generate recipes, screenplays, and songs. Using thematic analysis, we identified technical and socio-ethical pieces of understandings that teens exhibited while designing generative LMs. This paper contributes (a) evidence of the kinds of pieces of understandings that teens have when constructing LMs and (b) a theory-backed framing to study novices’ understandings of AI/ML systems.","wos, scopus, ieee",llm,0.960,unreviewed,
discarded,The Hands-Up Problem and How to Deal With It: Secondary School Teachers’ Experiences of Debugging in the Classroom,Gale L.,2026,Informatics in Education,10.15388/INFEDU.2504.011,https://www.scopus.com/inward/record.uri?partnerID=HzOxMe3b&scp=105038311489&origin=inward,adjacent-subtopic,"Debugging is a vital but challenging skill for beginner programmers to learn. It is also a difficult skill to teach. For secondary school teachers, who may lack time or programming experience, honing students’ understanding of debugging can be a daunting task. Despite this, little research has explored their perspectives of debugging. To this end, we investigated secondary teachers’ experiences of debugging in the classroom, with a focus on text-based programming. Through thematic analysis of nine semi-structured interviews, we identified a common reliance on the teacher for debugging support, embodied by many raised hands. We call this phenomenon the ‘hands-up problem’. While more experienced and confident teachers discussed strategies they use to counteract this, less confident teachers discussed the negative consequences of this problem. We recommend further research into debugging-specific pedagogical content knowledge and professional development to help less confident teachers develop approaches for supporting their students with debugging.","wos, scopus, ieee",llm,0.990,unreviewed,
discarded,How Teacher Educators Adapt Debugging Instruction for Novice Teachers in K-12 Professional Development Practices,Nelson-Fromm T.,2026,SIGCSE TS 2026 Proceedings of the 57th ACM Technical Symposium on Computer Science Education V 1,10.1145/3770762.3772511,https://www.scopus.com/inward/record.uri?partnerID=HzOxMe3b&scp=105031880000&origin=inward,adjacent-subtopic,"Computing education faces a unique challenge when teaching debugging skills to teachers who do not have a formal computer science background but who will need to learn programming to teach CS courses. While most debugging research about post-secondary learners focuses on preparing students for the technology industry, teacher professional development (PD) programs often serve a different population: teachers who are simultaneously learning computing knowledge and the pedagogical skills to teach it effectively. Through semi-structured interviews with seven facilitators of computing PD programs, this study explores how experienced PD facilitators approach the concept of debugging and instruct teachers in the process of debugging. We use reflexive thematic analysis to show how teacher PD differs from debugging recommendations in post-secondary CS: Rather than focusing on understanding the root causes of errors, facilitators scaffold the teachers' process of identifying and locating bugs to aid teachers in more quickly producing working programs, which they see as important for supporting teachers' confidence. This practical approach acknowledges the time constraints of PD workshops. Finding and understanding bugs is the most difficult part of the debugging process and is something post-secondary students struggle with even after completing one or two semesters of CS courses. These insights challenge assumptions about debugging pedagogy and highlight the need to carefully consider when new CS teachers should learn error analysis skills.","wos, scopus, ieee",llm,0.990,unreviewed,
kept,On the Use of Tracing to Diagnose Misconceptions About Iteration,Pozzan G.,2026,Lecture Notes in Computer Science,10.1007/978-3-032-01222-7_11,https://www.scopus.com/inward/record.uri?partnerID=HzOxMe3b&scp=105017223726&origin=inward,supports-claim,"Programming misconceptions, the incomplete or erroneous understanding of concepts and behaviors of computing agents, are a common and well documented hurdle to novices. A typical manifestation of a misconception is the erroneous application of constructs, e.g. iteration, in programming artifacts. Mere observation of these artifacts may only allow instructors to conjecture the presence of specific misconceptions. Confirmation thereof may be sought by directly asking students about their reasoning. This approach, however, does not scale well to larger populations of students or online learning situations. This study explores the possibility to identify misconceptions indirectly by using program-tracing tasks. Tracing is the ability to read, understand and symbolically execute a computer program. Our approach uses tracing questions where students predict the outputs of programs from multiple-choice answers carefully designed to reflect selected misconceptions. Specifically, we focus on misconceptions about iteration: a topic often reported as complex for complete novices. We evaluated our approach in a pre-test, post-test pilot study involving 35 fifth-grade students. The participants received an intervention based on block-based programming languages and exercises in the style of Code.org. We sought evidence of the presence of 9 predefined misconceptions about iteration at both the pre-test and post-test, identifying the changes that occurred after the intervention. Our results show that tracing evaluations may be useful to instructors as indicators of strengths and weaknesses of groups of learners that may help steer their learning activities.","wos, scopus, ieee",llm,0.990,unreviewed,
kept,Persistence of Early Misconceptions Hinders Progress in Learning Computer Programming,Cabo C.,2026,IEEE Transactions on Education,10.1109/TE.2025.3637125,https://www.scopus.com/inward/record.uri?partnerID=HzOxMe3b&scp=105028009445&origin=inward,supports-claim,"<italic>Contribution:</italic> The purpose of this study is: 1) to identify students’ early misconceptions in problem understanding and the use of variables/sequencing in a first-year computer programming course using Python; 2) to quantify how early misconceptions evolve over time; and 3) to characterize how misconceptions in the use of variables/sequencing affect learning more advanced computer programming concepts.</p><p><italic>Background:</italic> It has not been clearly established how early misconceptions evolve over time and how they affect learning later in the semester.</p><p><italic>Research Questions:</italic> 1) What are the most common misconceptions in the use of variables/sequencing in a first-year Python course? 2) do those early misconceptions persist late in the semester? and 3) does the persistence of misconceptions in variable/sequencing hinder progress in learning more advanced computer programming concepts?</p><p><italic>Methodology:</italic> We assessed student performance (<inline-formula> <tex-math notation=""LaTeX"">$n =116$ </tex-math></inline-formula>) in multiple choice and short-answer questions that involved reading and/or writing small flowcharts or snippets of Python code.</p><p><italic>Findings:</italic> Problem understanding remains a challenge for ~45% of students until the end of the semester. Misconceptions in variable assignment/sequencing persist late in the semester for ~20% of students, hindering their progress in learning more advanced computer programming concepts.","wos, scopus, ieee",llm,0.990,unreviewed,
