status,title,authors,year,venue,doi,url,tags,abstract,provider,decision_source,llm_confidence,llm_review_outcome,llm_change_direction
discarded,"Curriculum, Teaching and Learning, and Assessments for Introductory Programming Course",Erum Mehmood; Adnan Abid; Muhammad Shoaib Farooq; Naeem A. Nawaz,2020,IEEE Access,10.1109/access.2020.3008321,https://openalex.org/W3041712829,adjacent-subtopic,"Learning to program involves acquisition of various skills including problem solving, fundamental design techniques as well as critical thinking. Generally, most of the novice programmers struggle to develop all these important skill. The research community has addressed the problem in many different ways while involving improvisations in curriculum, pedagogical methods, cognitive aspects, supporting tools, and in designing assessments. This research aims to analyze and synthesize the existing literature in the aforementioned areas. Research articles pertaining to the area of Introductory Programming Courses (IPC) have been found using appropriate search queries, while nearly 60 research articles, published in last ten years, have been carefully selected by employing a systematic filtering process. The scope of this work only covers the research conducted for IPC in higher education. Main findings of this study show that “solution proposal” and “evaluation research” have been reported as two main research types adopted by these studies. Moreover, pedagogy, language choice and students' performance analysis are the most frequently addressed aspects of IPC; whereas, curriculum contents, assessment design, and teaching/learning through tools have appeared as less addressed aspects of IPC. Furthermore, a taxonomy of IPC has been presented based on the studied literature. Lastly, general considerations and future research directions have been presented for the practitioners and researchers in this area.","openalex, dblp",llm,0.990,unreviewed,
discarded,A Study of Difficulties in Teaching and Learning Programming: A Systematic Literature Review,Rozita Kadar; Naemah Abdul Wahab; Jamal Othman; Maisurah Shamsuddin; Siti Balqis Mahlan,2021,International Journal of Academic Research in Progressive Education and Development,10.6007/ijarped/v10-i3/11100,https://openalex.org/W3201402602,adjacent-subtopic,"Teaching and learning (T&L) computer programming language especially for non-computer science students are challenging. The instructors are facing constraints or obstacles in making the students understand the programming concepts and able to create excellent programming skills to solve the real problem. Lack of logical, creative, and critical thinking among students leads to weaknesses in the implementation of problem-based learning (PBL). The entity of programming language problems such as instructors, students and programming language were examined and analyzed based on related previous studies or research that have been reported. The methodology of Structured Literature Review (SLR) was applied to explore the entities and help to measure the major contributing factors influencing the weaknesses of programming language understanding among students. Hence, SLR can guide researchers to find related information from the articles systematically and extensively in line with the objectives of the research framework.","openalex, dblp",llm,0.990,unreviewed,
discarded,iProgVR: Design of a Virtual Reality Environment to Improve Introductory Programming Learning,Chyanna Wee; Kian Meng Yap; Woan Ning Lim,2022,IEEE Access,10.1109/access.2022.3204392,https://openalex.org/W4294691590,adjacent-subtopic,"Currently, there are a plethora of solutions developed to help students learn the basics of programming. However, there is a relative paucity of solutions that cater to problems students face when learning programming that is mainly caused by the abstract nature of programming, misconceptions of programming concepts, and lack of motivation. Hence, in this study, a framework to address the abstract nature of programming and common programming misconceptions is developed. The framework consists of three modules that correspond to each issue, powered by a simulation engine. The first module is developed to address the abstract nature of programming by representing programming concepts with concrete objects in the virtual environment. The second module employs simulation techniques such as interactions and player perspectives to address common programming misconceptions. Lastly, the third module employs elements in the virtual environment to engage students when learning through the system. To evaluate the system, 60 participants were randomly divided into the control group (N=30) and the experimental group (N=30). Participants in the control group were taught using a video lecture while participants in the experimental group were taught using the developed intervention. Evaluation results gathered quantitatively indicated that the VR intervention was able to significantly increase programming concepts comprehension and address common programming misconceptions. Participants also rated the developed VR intervention to be significantly more engaging than the video lecture.","openalex, dblp",llm,0.990,unreviewed,
discarded,Live Coding: A Review of the Literature,Ana Selvaraj; Eda Zhang; Leo Porter; Adalbert Gerald Soosai Raj,2021,Annual Conference on Innovation and Technology in Computer Science Education,10.1145/3430665.3456382,https://openalex.org/W3176086860,adjacent-subtopic,"One of the goals of computing education research is to document the potential strengths and weaknesses of contemporary teaching methods in computing. Live coding has recently gained attention as one of the best practices for teaching programming. To offer a more comprehensive understanding of the existing body of research about live coding, we reviewed papers in computing education research that investigated the value of live coding in an educational setting. We categorized each paper based on (1) how it defines live coding, (2) whether its version of live coding could be considered active learning, (3) the type of study conducted, (4) types of data collected and the data analysis methods used, (5) evidence provided for the effectiveness of live coding, (6) reported benefits and drawbacks of live coding, and (7) reported theoretical frameworks used to explain the basis, effects or goals of live coding. We found that although live coding has been recommended as one of the best practices for teaching programming, there is a lack of empirical evidence to support claims about the effectiveness of live coding on student learning. Finally, we discuss the implications of our findings and suggest future research directions that could develop a more holistic understanding of this pedagogical technique.","openalex, dblp",llm,0.990,unreviewed,
discarded,Teaching and Learning to Program: Umbrella Review of Introductory Programming in Higher Education,Sónia Rolland Sobral,2021,Mathematics,10.3390/math9151737,https://openalex.org/W3184094077,adjacent-subtopic,"Introductory programming courses in science, technology, engineering, and mathematics (STEM) degrees are critical to student success throughout the students’ academic and professional route but have traditional failure and dropout rates. The number of publications and reviews on the subject is growing, so we realize the need to prepare an umbrella review, or review of reviews, to group previous studies and extract more comprehensive and ambitious results. Based on the databases ACM, Google Scholar, IEEE, SCOPUS and Web of Science libraries, a formal search was created that resulted in 21 reviews on programming fundamentals in higher education context. Results include bibliometric information on the CS1 reviews, in the context of higher education (namely annual evolution, number and information on authors, types and sources of information, countries of affiliation, languages, keywords and most cited articles), the purpose of the reviews and research questions, methods (namely search strategy, databases used, eligibility criteria) and results (number of records and tables or divisions were made to catalog the articles). We present a taxonomy with four different types of purpose: general, specific, student group and teacher directed. We found very interesting catalogs that can serve as a tool for future work, whether by researchers in the field or by authors who intend to carry out reviews related to introduction to programming, especially in the context of higher education.","openalex, dblp",llm,0.990,unreviewed,
kept,Cluster-Based Analysis of Novice Coding Misconceptions in Block-Based Programming,Andrew Emerson; Andy Smith; Fernando J. Rodríguez; Eric Wiebe; Bradford Mott; Kristy Elizabeth Boyer; James C. Lester,2020,Technical Symposium on Computer Science Education,10.1145/3328778.3366924,https://openalex.org/W3009520854,supports-claim,"Recent years have seen an increasing interest in identifying common student misconceptions during introductory programming. In a parallel development, block-based programming environments for novice programmers have grown in popularity, especially in introductory courses. While these environments eliminate many syntax-related errors faced by novice programmers, there has been limited work that investigates the types of misconceptions students might exhibit in these environments. Developing a better understanding of these misconceptions will enable these programming environments and instructors to more effectively tailor feedback to students, such as prompts and hints, when they face challenges. In this paper, we present results from a cluster analysis of student programs from interactions with programming activities in a block-based programming environment for introductory computer science education. Using the interaction data from students' programming activities, we identify three families of student misconceptions and discuss their implications for refinement of the activities as well as design of future activities. We then examine the value of block counts, block sequence counts, and system interaction counts as programming features for clustering block-based programs. These clusters can help researchers identify which students would benefit from feedback or interventions and what kind of feedback provides the most benefit to that particular student.","openalex, dblp",llm,0.950,unreviewed,
discarded,Active Learning in the Context of the Teaching/Learning of Computer Programming: A Systematic Review,João Henrique Berssanette; Antônio Carlos de Francisco,2021,Journal of Information Technology Education Research,10.28945/4767,https://openalex.org/W3163436837,adjacent-subtopic,"Aim/Purpose: This paper presents the results of a systematic literature review that sought to identify the studies that relate the different pedagogical techniques by which active learning is developed in the context of the teaching/learning of computer programming, with the objective to characterize the approaches, the pedagogical techniques used, the application, the contributions, and difficulties of implementation reported by these studies. Background: The literature has shown that teachers in teaching programming have been less successful than they should and need to be, so dropout and failure rates for students remain high. In this sense, much has been discussed about the possibilities and limitations of using the active learning pedagogical techniques in this context. Methodology: For this review, an analysis from all studies mentioning active learning in the context of the teaching/learning of computer programming published between 2014 and 2019 was performed, retrieved in WOS, SCOPUS, ScienceDirect, and ACM Digital Library. The selection of studies was based on a set of criteria established to guide the selection process, including alignment with the research questions and evaluating the quality of studies. Contribution: This study contributes to an overview of the current scenario, characterizing the research studies that associate the different pedagogical techniques of active learning in the context of the teaching/learning of computer programming. Findings: The results showed that the studies’ approaches usually occur by intervention/pedagogical experiment or by the development of a tool, instrument or methodology. The lipped classroom methodology has obtained a notable prominence in research. The use of active learning pedagogical techniques results in greater acceptance or positive feedback from students, increasing their satisfaction or motivation to improve the learning experience, learning outcomes, or student performance. However, they require a greater effort/work by the teacher to plan and/or execute the teaching/learning process. It should be highlighted that the contributions observed for the teaching/learning process of computer programming derive from investigations mainly concentrated in the university context, aiming to observe if these contributions can be reproduced in other education levels. The contributions observed in the studies regarding the uses of pedagogical techniques of active learning in the context of computer programming indicate that their use can contribute significantly to the teaching/learning process, showing it to be a viable alternative and consistent with the reduction of the failures in the learning of programming. Recommendations for Practitioners: Considering that over the years the teaching/learning process of computer programming has been a challenge for students, based on the findings of this research, we recommend that teachers consider restructuring their traditional practices of teaching computer programming, making use of pedagogical techniques of active learning to obtain better learning results of their students. Recommendation for Researchers: We recommend that fellow scholars consider investigating how the difficulties inherent to teachers related to the teaching/learning process of programming may relate to difficulties concerning students and content, especially with regard to traditional teaching practices. Impact on Society: This study adds to previous systematic reviews of the literature, specifically studies that relate active learning to the context of teaching/learning of programming. It is hoped that the findings of this article can support other research that addresses the topic, enabling its development and deepening, through the developed basis from which active learning researchers can work. Future Research: Future studies may investigate the benefits of using different pedagogical techniques for active learning and the costs related to the higher cognitive burden imposed by these techniques for learning computer programming.","openalex, dblp",llm,0.990,unreviewed,
discarded,A Review of Learner’s Model for Programming in Teaching and Learning,Hafizul Fahri Hanafi; Abu Zarrin Selamat; Miharaini Md Ghani; Wan Azani Mustafa; Mohd Fauzi Harun; Fatin Hana Naning; Miftachul Huda; Ahmed Alkhayyat,2023,Journal of Advanced Research in Applied Sciences and Engineering Technology,10.37934/araset.33.3.169184,https://openalex.org/W4388923443,adjacent-subtopic,"Over recent years, computer science (CS) teachers and instructor have faced several challenges in assisting students to strengthen their understanding of programming. To make matters worse, existing assessment methods could be more effective in assessing students' programming skills and knowledge, thus entailing a review of issues surrounding the instructions of programming courses. Against this backdrop, the authors accomplished a systematic review of the current literature to identify several socio-cognitive factors that can help develop a learner model for learning programming. Specifically, the Preferred Reporting Items for Systematic Reviews and Meta-Analyses (PRISMA) technique was utilized to identify and select pertinent articles from three primary online databases: Scopus, Web of Science, and Eric. Initially, 401 relevant papers were identified and retrieved, which were further reduced to only 24 articles based on specific selection criteria. As revealed, several demographic factors (such as gender, age, ethnicity, and SES) and socio-cognitive factors (motivation, attitude, and interest) have been shown to wield significant impacts on student learning of programming. The authors' findings of the systematic literature review helped synthesize the learner model's essential elements that must be carefully considered and used. Arguably, the use of such a new learner model can oblige guide instructors to teach programming more efficaciously by crystallizing several students' socio-cognitive backgrounds, which collectively have a significant impact on student learning of programming courses or subjects at the primary, secondary, and tertiary levels of education, especially in the Malaysian educational context.","openalex, dblp",llm,0.980,unreviewed,
discarded,Legal Voluntas Ex Machina. The Impossibility Of Non-Performance in the Age of Code,Bazzoni G.,2026,Individual Will and the Civil Law Tradition Rethinking Lex Privata,10.4324/9781003669869-8,https://www.scopus.com/inward/record.uri?partnerID=HzOxMe3b&scp=105032505702&origin=inward,off-topic-false-hit,"This essay investigates the implications of smart contracts for the traditional concept of contractual non-performance. Smart contracts – self-executing agreements encoded on blockchain platforms – automate the fulfilment of obligations once predefined conditions are met. While they offer advantages in terms of efficiency, transparency, and decentralization, they also raise complex legal questions. Most notably, once a smart contract is deployed and the triggering conditions are satisfied, the execution becomes technically irreversible. This technological determinism paradoxically deprives the parties of their traditional contractual faculty to suspend, negotiate, or even breach performance. In this sense, smart contracts challenge the very notion of legal voluntas as the sovereign expression of private autonomy, replacing it with the preprogrammed logic of code.","wos, scopus, ieee",llm,0.970,unreviewed,
discarded,THE CALCULUS OF NEO-PEIRCEAN RELATIONS,Bonchi F.,2026,Logical Methods in Computer Science,10.46298/lmcs-22(2:29)2026,https://www.scopus.com/inward/record.uri?partnerID=HzOxMe3b&scp=105043444416&origin=inward,adjacent-subtopic,"The calculus of relations was introduced by De Morgan and Peirce during the second half of the 19th century, as an extension of Boole's algebra of classes. Later developments on quantification theory by Frege and Peirce himself, paved the way to what is known today as first-order logic, causing the calculus of relations to be long forgotten. This was until 1941, when Tarski raised the question on the existence of a complete axiomatisation for it. This question found only negative answers: there is no finite axiomatisation for the calculus of relations and many of its fragments, as shown later by several no-go theorems. In this paper we show that -- by moving from traditional syntax (cartesian) to a diagrammatic one (monoidal) -- it is possible to have complete axiomatisations for the full calculus. The no-go theorems are circumvented by the fact that our calculus, named the calculus of neo-Peircean relations, is more expressive than the calculus of relations and, actually, as expressive as first-order logic. The axioms are obtained by combining two well known categorical structures: cartesian and linear bicategories.
 arXiv admin note: substantial text overlap with arXiv:2401.07055","wos, scopus, ieee",llm,0.830,unreviewed,
discarded,Pydrofoil: Accelerating Sail-Based Instruction Set Simulators,Bolz-Tereick C.F.,2025,Leibniz International Proceedings in Informatics Lipics,10.4230/LIPIcs.ECOOP.2025.3,https://www.scopus.com/inward/record.uri?partnerID=HzOxMe3b&scp=105009697790&origin=inward,adjacent-subtopic,"We present Pydrofoil, a multi-stage compiler that generates instruction set simulators (ISSs) from processor instruction set architectures (ISAs) expressed in the high-level, verification-oriented ISA specification language Sail. Pydrofoil achieves a > 230× speedup over the C-based ISS generated by Sail on our benchmarks, thanks to the following insights. (i) An ISS is effectively an interpreter loop, and tracing just-in-time (JIT) compilers have proven effective at accelerating those, albeit mostly for dynamically typed languages. (ii) ISS workloads are highly atypical, dominated by intensive bit manipulation operations. Conventional compiler optimisations for general-purpose programming languages have limited impact for speeding up such workloads. We develop suitable domain-specific optimisations. (iii) Neither tracing JIT compilers, nor ahead-of-time (AOT) compilation alone, even with domain-specific optimisations, suffice for the generation of performant ISSs. Pydrofoil therefore implements a hybrid approach, pairing an AOT compiler with a tracing JIT built on the meta-tracing PyPy framework. AOT and JIT use domain-specific optimisations. Our benchmarks demonstrate that combining AOT and JIT compilers provides significantly greater performance gains than using either compiler alone.","wos, scopus, ieee",llm,0.990,unreviewed,
