status,title,authors,year,venue,doi,url,tags,abstract,provider,decision_source,llm_confidence,llm_review_outcome,llm_change_direction
discarded,"A social lens on AI in higher education: perceptions of dehumanization, skill development, and well-being",Alshahrani B.T.,2026,Discover Education,10.1007/s44217-026-01458-1,https://www.scopus.com/inward/record.uri?partnerID=HzOxMe3b&scp=105040538915&origin=inward,adjacent-subtopic,"Artificial Intelligence in education (AIED), particularly following the emergence of generative AI, has sparked increasing debate not only for increasing efficiency and productivity in academia but also its broader social implications. While discussions on AIED often focus on its potential benefits, increasing attention is being given to broader social concerns, including the risk of dehumanization, the development of skills, and overall well-being. These aspects remain insufficiently addressed in current literature. To explore these aspects and address this gap, the study proposes a research model that utilizes Stimulus-Organism-Response (SOR) as a structural framework and introduces a new conceptual model – Dehumanization-Skills-Wellbeing (DSW). The model captures the complex dynamics of AIED with these key social pillars. Drawing on survey-based data collected from students and instructors across higher education institutions in Saudi Arabia, findings indicate that higher levels of AIED use, often including generative AI tools, are positively correlated with empathy, support, and belonging that collectively reflect lower perceived dehumanization. These human factors are further associated with lower levels of anxiety, depression, and social isolation. Additionally, while cognitive skills development such as critical, technical and creative show a significant correlation with AI use, the impact on non-cognitive skills such as socio-emotional and collaborative skills remains unsupported and warrants further investigation. By examining these interconnected aspects, the study offers deeper insights into the ways AI may shape the social and emotional fabric of educational environments and guides the development of more human-centered and socially responsible AI adoption in higher education.","wos, scopus, ieee",llm,0.740,unreviewed,
discarded,Heuristics for assessing Computational Archival Science (CAS) research: The case of the human face of big data project,Myeong Lee; Yuheng Zhang; Shiyun Chen; Edel Spencer; Jhon Dela Cruz; Hyeonggi Hong; Richard Marciano,2017,2017 IEEE International Conference on Big Data (Big Data),10.1109/BigData.2017.8258179,https://ieeexplore.ieee.org/document/8258179/,adjacent-subtopic,"Computational Archival Science (CAS) has been proposed as a trans-disciplinary field that combines computational and archival thinking. To provide grounded evidence, a foundational paper explored eight initial themes that constitute potential building blocks [1]. In order for a CAS community to emerge, further studies are needed to test this framework. While the foundational paper for CAS provides a conceptual and theoretical basis of this new field, there is still a need to articulate useful guidelines and checkpoints that validate a CAS research agenda. In this position paper, we propose heuristics for assessing emerging CAS-related studies that researchers from traditional fields can use in their research design stage. The Human Face of Big Data project, a digital curation and interface design project for urban renewal data, is presented and analyzed to demonstrate the validity of the suggested heuristics. Finally, implications for CAS and future work are discussed.","wos, scopus, ieee",llm,0.710,unreviewed,
discarded,Leveraging Towards the Efficacy of Open Source Quantum Computing Frameworks for Recommended Systems,Archita Bhattacharyya; Mrinal Kanti Debbarma; Rabindra K. Barik,2025,2025 International Conference on Networks and Cryptology (NETCRYPT),10.1109/NETCRYPT65877.2025.11102299,https://ieeexplore.ieee.org/document/11102299/,adjacent-subtopic,"Quantum computing has the potential to transform a wide range of fields, such as materials science, chemistry, and optimization issues. The prohibitive expense of proprietary frameworks has severely limited the development of quantum computing systems, despite their transformative potential. Wider involvement in quantum research and development is now possible because of the emergence of open-source quantum computing frameworks as collaborative and affordable alternatives. With a particular focus on different frameworks, this study explores the effectiveness of open-source quantum computing frameworks in improving recommendation systems. In tackling challenging quantum computing problems, the study thoroughly assesses the usability, scalability, and performance of the framework. The results and analysis demonstrate the scalability and performance of different frameworks while utilizing their open-source nature to encourage cooperation and creativity. This study advances quantum-enhanced recommendation systems by bridging the gap between academic research and real-world applications. It also provides practitioners, developers, and researchers who want to use open-source quantum computing frameworks with insightful information to meet their computational needs. The authors aim to extend this research by exploring novel hybrid quantumclassical systems tailored for real-time applications. Future work will focus on integrating error-corrected quantum frameworks to overcome scalability challenges and advance their utility in healthcare and personalized services. This study advances quantum-enhanced recommendation systems by bridging the gap between academic research and real-world applications, providing practitioners and researchers with insight into using open source quantum computing frameworks.","wos, scopus, ieee",llm,0.820,unreviewed,
discarded,Scratching the surface of digital literacy… but we need to go deeper,Jon Bustillo; Pablo Garaizar,2014,2014 IEEE Frontiers in Education Conference (FIE) Proceedings,10.1109/FIE.2014.7044224,https://ieeexplore.ieee.org/document/7044224/,adjacent-subtopic,"The popularization of digital educational devices with low barriers to entry has encouraged the development of many training activities oriented towards the incorporation of technology in schools. In some cases, the introduction of technology has led to the development of new educational practices that support the development of computational thinking. However, the supposed benefits of these approaches have not been properly assessed. Moreover, having taught over 30 workshops with the Scratch programming tool to teachers at different educational levels (primary, secondary, university), we found no evidence of subsequent methodological changes in schools. This study tries to understand the dissonance between the alleged success of initiatives around digital literacy and the lack of continuity in the use of user-friendly programming environments like Scratch. For this purpose, we analyzed the evolution of the grades of Scratch programming achieved by the students of the School of Education of Vitoria-Gasteiz and their engagement with Scratch. We also interviewed teachers from different schools who have participated in Scratch workshops with us. After this study, we identified some of the circumstances that facilitate and hinder the development of computational thinking. Since we consider Scratch as a resource that allows the development of new methodological approaches in the classroom as well as the acquisition of skills related to computational thinking, we propose a framework that will help to overcome the current status.","wos, scopus, ieee",llm,0.970,unreviewed,
discarded,Making Research Practice Partnerships Work: An Assessment of The Maker Partnership,Cheri Fancsali; Sarah Klevan; Zitsi Mirakhur,2021,"2021 Conference on Research in Equitable and Sustained Participation in Engineering, Computing, and Technology (RESPECT)",10.1109/RESPECT51740.2021.9620713,https://ieeexplore.ieee.org/document/9620713/,adjacent-subtopic,"Strong, equitable research practice partnerships (RPPs) center both researcher and practitioner perspectives and priorities. These RPPs facilitate rigorous, relevant research that practitioners can use to improve program implementation. Our project, The Maker Partnership, is an RPP focused on building knowledge about how to help elementary level teachers integrate computer science (CS) and computational thinking (CT) into their regular science classes using maker pedagogy. In this experience report, we use the Henrich et al. framework to assess the Maker Partnership's effectiveness along five dimensions and share practical advice and lessons learned. This paper contributes to the CS and RPP literature by providing insight into how an RPP can address critical problems of practice in computer science education.","wos, scopus, ieee",llm,0.980,unreviewed,
discarded,ISO/IEC/IEEE International Standard - Systems and software engineering -- Vocabulary,,2010,ISO/IEC/IEEE 24765:2010(E),10.1109/IEEESTD.2010.5733835,https://ieeexplore.ieee.org/document/5733835/,adjacent-subtopic,"ISO/IEC/IEEE 24765:2010 provides a common vocabulary applicable to all systems and software engineering work. It was prepared to collect and standardize terminology. ISO/IEC/IEEE 24765:2010 is intended to serve as a useful reference for those in the information technology field, and to encourage the use of systems and software engineering standards prepared by ISO and liaison organizations IEEE Computer Society and Project Management Institute. ISO/IEC/IEEE 24765:2010 includes references to the active source standards for each definition so that the use of the term can be further explored.","wos, scopus, ieee",llm,1.000,unreviewed,
discarded,Mathematical metacognition and computational thinking in adolescents: the roles of cognitive flexibility and grade level,"Bars, Mehmet",2026,FRONTIERS IN PSYCHOLOGY,10.3389/fpsyg.2026.1806297,https://www.webofscience.com/wos/woscc/full-record/WOS:001807077500001,adjacent-subtopic,"Background Computational thinking is a key higher-order cognitive skill in adolescence, extending beyond computer science to mathematical problem solving and complex reasoning. Although mathematical metacognition has been associated with computational thinking, the mechanisms underlying this relationship remain unclear. Grounded in Flavell's metacognitive theory and Wing's framework, this study examines the mediating role of cognitive flexibility and the moderating role of grade level in this association among high school students.Method A cross-sectional study was conducted with 467 high school students (Mage = 16.05, SD = 1.20, 57.2% female) from grades 9-12 in Diyarbak & imath;r, T & uuml;rkiye. Participants completed validated self-report measures of mathematical metacognition, cognitive flexibility, and computational thinking. The proposed moderated mediation model was tested using Hayes' PROCESS macro (Model 14).Results Mathematical metacognition was positively associated with computational thinking. Mediation analyses showed that cognitive flexibility partially mediated this relationship, indicating both direct and indirect associations between metacognitive regulation and computational thinking. In addition, the interaction between cognitive flexibility and grade level was significant, indicating that this association varied across grade levels. Simple slope analyses showed that the positive association between cognitive flexibility and computational thinking strengthened at higher grade levels. The index of moderated mediation was significant (IMM = 0.065, 95% CI [0.012, 0.141]), indicating that the indirect association varied systematically across grade levels.Conclusion The findings suggest that cognitive flexibility may represent an important mechanism underlying the association between mathematical metacognition and computational thinking within a developmental framework. By demonstrating that this association becomes stronger across grade levels, the findings support the value of integrating metacognitive and flexibility-oriented practices in secondary education to promote computational thinking.","wos, scopus, ieee",llm,0.940,unreviewed,
discarded,CodeFarm: An Application for the Development of Computational Thinking Through Video Games in Early Educational Stages,"Jimenez-Gonzalez, Gema; Martin-Barroso, Estefania; Zapata-Caceres, Marfa",2026,"TWO DECADES OF TEL. FROM LESSONS LEARNT TO CHALLENGES AHEAD, EC-TEL 2025, PT II",10.1007/978-3-032-03873-9_20,https://www.webofscience.com/wos/woscc/full-record/WOS:001685217900020,adjacent-subtopic,"Computational thinking (CT), as defined by Wing, involves mental processes for formulating problems executable by an information-processing agent. Introducing CT in early childhood supports not only cognitive skills like pattern recognition and algorithmic thinking, but also teamwork and communication. Given the widespread presence of video games in children's lives, this study proposed a tablet-based application using mini-games to teach CT skills in an engaging and educational manner. The app was tested through direct observation with children aged 5 and 6, who responded positively and interacted easily with the games. While most mini-games were well-received, two were identified as needing improvement due to their high cognitive demands. The children found it easy to interact with the application and enjoyed engaging in its activities.","wos, scopus, ieee",llm,0.980,unreviewed,
discarded,Introduction to the NATO AVT-298 Task Group and Development of the SWiFT Configuration,"Coppin, Joe; Rein, Martin; Washburn, Anthony E.; Banchy, Michelle N.; Frink, Neal T.",2025,AIAA SCITECH 2025 FORUM,10.2514/6.2025-1839,https://www.webofscience.com/wos/woscc/full-record/WOS:001659587800410,off-topic-false-hit,"Reynolds number effects are a key development risk for blended wing body aircraft, particularly at high lift take-off and landing conditions. The full scale aerodynamics of these configurations are thought not to be well represented in industry standard low Reynolds number test facilities and the capability to predict Reynolds number effects using computational fluid dynamics or otherwise is not proven. The NATO AVT-298 research task group was established to investigate these issues and this paper sets out the background, motivations and the collaborative approach as well as the development of a new research configuration to serve as a focus for the research. The 'SWiFT' configuration, was developed to exhibit flow physics of interest to the AVT-298 research task group and to be suitable for an experimental campaign. The group collaboratively developed the research configuration to be relevant for related blended-wing-body aircraft programmes using computational fluid dynamics and wing design methods and considering the practicalities of testing. This research targets an improvement in our capability to design, optimise and mature future blended wing body aircraft.","wos, scopus, ieee",llm,0.990,unreviewed,
discarded,Systemic Architectural Optimization utilizing CFD Analysis for Flight Controls with Fan-In-Wings (FIW) for Wildfire UAVs / VTOLs,"Bokhtier, Golam M.; Crawford, Setrige W.; Brinks, Barry T.; Shahroudi, Kamran Eftekhari",2025,AIAA SCITECH 2025 FORUM,,https://www.webofscience.com/wos/woscc/full-record/WOS:001419060903067,off-topic-false-hit,"Wildfire has become a global concern that has grown with every new incident worldwide in recent years, with one of the most devasting occurrences in Hawaii on August 4, 2023. Numerous strategies are continuously being evaluated for wildfire detection and communications. Still, one of the most effective methods is emerging to be the use of high-endurance Hybrid Electric/Internal Combustion Engine (ICE) propelled Unmanned Aerial Vehicles (UAVs) equipped Vertical Takeoff and Landing (VTOL) capabilities, as we detailed in our earlier publications for this research project. In this study, we utilize a systemic, holistic approach, deploying systems thinking principles to optimize the Fan-In-Wings (FIW) architecture using Computational Fluid Dynamics (CFD). We have devised a three-phase methodology: starting with the preliminary concept of the architecture for flight controls, we continued to refine the airframe as well as the FIW feature. Finally we formulated the succeeding next-generation architecture for the UAV specialized for wildfire fleet. In the previous study, we discovered that integrating the functions of flight controls, lift fans, and swivel nozzle improved the specific cost ($/kg x km) metric of the UAV because the need for classical yaw, roll, and pitch control surfaces was eliminated entirely. The feasibility of this concept required a systems trade study of various airframe/flight control architectures incorporating a large FIW, for which there is minimal applicable aerodynamic data available in the literature. From the CFD data analysis it is evident that, when aligning with the operational mission objective of wildfire applications, we can attain an adequate Lift-to-Drag (L/D) ratio, instrumental for the UAV's VTOL capabilities. By introducing a gap wing concept, we not only retained the requisite Lift-to Drag (L/D) ratio but also achieved a reduction in the UAV's overall weight. This systemic architecture optimization efficiently benefits the ultimate goal of wildfire detection and communication given the constraints of operational and environmental parameters.","wos, scopus, ieee",llm,0.990,unreviewed,
kept,Software Variability as a New Dimension of Computational Thinking: an Exploration,"Moreno-Leon, Jesus; Romero-Organvidez, David; Robles, Gregorio; Benavides, David",2025,"29TH INTERNATIONAL SYSTEMS AND SOFTWARE PRODUCT LINE CONFERENCE, SPLC 2025, VOL A",10.1145/3744915.3748459,https://www.webofscience.com/wos/woscc/full-record/WOS:001572385600005,supports-claim,"Computational thinking is a discipline that fosters problem-solving by using tools, concepts and practices that are common in computer science. It was defined back in the 1980s, but has gained more and more popularity since Wing's 2006 Viewpoint paper. The computational thinking movement promotes the learning of skills at any age and in any application domain, not only in computer science. The discipline has evolved incorporating new dimensions such as the one linked with artificial intelligence or quantum computing, just to mention a few. However, very little attention, if any, has been paid to software variability. In this paper, we propose including variability as a new dimension of computational thinking that complements existing ones. This dimension could be defined as the ability to think about a set of related solutions when solving a problem inspired by the way software product line engineering addresses the development of systems. We provide a first solution that extends existing tools to introduce students with variability thinking skills. Concretely, we use Snap! 8 metaprogramming capabilities to make it possible to learn about variability engineering by implementing a tangible solution of a computer game product line. We have validated our solution in a workshop with 19 students in the fourth year of a software engineering degree, and also with 15 experts in variability from 13 different universities. The results are promising according to the two surveys that we used with both students and experts, which show the feasibility of our proposal. We propose a path for the research needed to include the variability dimension in computational thinking, connecting both lines of research. Developing software variability as a new dimension of computational thinking paves the way for teaching it in a practical way in undergraduate courses and even in high school, democratizing its impact and understanding.","wos, scopus, ieee",llm,0.830,unreviewed,
