status,title,authors,year,venue,doi,url,tags,abstract,provider,decision_source,llm_confidence,llm_review_outcome,llm_change_direction
kept,Böhm and Jacopini's reduction of flow charts,David C. Cooper,1967,Communications of the ACM,10.1145/363534.363539,https://openalex.org/W2068842094,supports-claim,No abstract available.,"openalex, dblp",llm,0.970,unreviewed,
kept,A genealogy of control structures,Henry Ledgard; Michael Marcotty,1975,Communications of the ACM,10.1145/361219.361222,https://openalex.org/W2036125801,supports-claim,"The issue of program control structures has had a history of heated controversy. To put this issue on a solid footing, this paper reviews numerous theoretical results on control structures and explores their practical implications. The classic result of Böhm and Jacopini on the theoretical completeness of if-then-else and while-do is discussed. Several recent ideas on control structures are then explored. These include a review of various other control structures, results on time/space limitations, and theorems relating the relative power of control structures under several notions of equivalence. In conclusion, the impact of theoretical results on the practicing programmer and the importance of one-in, one-out control structures as operational abstractions are discussed. It is argued further that there is insufficient evidence to warrant more than if-then-else, while-do, and their variants.","openalex, dblp",llm,0.990,unreviewed,
discarded,Representing logic gates over Euclidean space via heaviside step function,Giovanni Iacovelli; Claudio Iacovelli,2022,Scientific Reports,10.1038/s41598-022-11941-y,https://openalex.org/W4280610871,adjacent-subtopic,"Theoretical concepts asserted by Alan Turing are the basis of the computation and hence of machine intelligence. Turing Machine, the fundamental computational model, has been proven to be reducible to a logic circuit and, at the same time, portable into a computer program that can be expressed through a combination of fundamental programming language control structures. This work proposes a mathematical framework that analytically models logic gates employing Heaviside Step Function. The existence of a correspondence between a generic finite-time algorithm and the proposed mathematical formulation is proven. The proposed interpretation is given through a well-defined logical circuit analytical expression. Relevant geometrical applications, related to polygon processing, having wide implications in engineering branches are presented together with a new Penalty Method for constrained optimization problems handling. A detailed simulation campaign is conducted to assess the effectiveness of the applications derived from the proposed mathematical framework.","openalex, dblp",llm,0.730,unreviewed,
discarded,A Guide to Population Modelling for Simulation,Leif Gustafsson; Mikael Sternad,2016,Open Journal of Modelling and Simulation,10.4236/ojmsi.2016.42007,https://openalex.org/W2344254127,off-topic-false-hit,"This paper outlines the fundamentals of a consistent theory of numerical modelling of a population system under study. The focus is on the systematic work to construct an executable simulation model. There are six fundamental choices of model category and model constituents to make. These choices have a profound impact on how the model is structured, what can be studied, possible introduction of bias, lucidity and comprehensibility, size, expandability, performance of the model, required information about the system studied and its range of validity. The first choice concerns a discrete versus a continuous description of the population system under study—a choice that leads to different model categories. The second choice is the model representation (based on agents, entities, compartments or situations) used to describe the properties and behaviours of the objects in the studied population. Third, incomplete information about structure, transitions, signals, initial conditions or parameter values in the system under study must be addressed by alternative structures and statistical means. Fourth, the purpose of the study must be explicitly formulated in terms of the quantities used in the model. Fifth, irrespective of the choice of representation, there are three possible types of time handling: Event Scheduling, Time Slicing or Micro Time Slicing. Sixth, start and termination criteria for the simulation must be stated. The termination can be at a fixed end time or determined by a logical condition. Population models can thereby be classified within a unified framework, and population models of one type can be translated into another type in a consistent way. Understanding the pros and cons for different choices of model category, representation, time handling etc. will help the modeller to select the most appropriate type of model for a given purpose and population system under study. By understanding the rules for consistent population modelling, an appropriate model can be created in a systematic way and a number of pitfalls can be avoided.","openalex, dblp",llm,0.930,unreviewed,
discarded,Informatica teorica in Italia:origini e primi approcci,Giorgio Ausiello,2025,CNR Solar (Scientific Open-access Literature Archive and Repository) (Consiglio Nazionale delle Ricerche),,https://openalex.org/W7167998957,adjacent-subtopic,fase di scrittura e pubblicazione.,"openalex, dblp",llm,0.860,unreviewed,
discarded,From drawing to block-based programming: does Ozobot’s pen-and-paper mode support first programming experiences?,Gordon Fraser; Luisa Greifenstein,2026,Computer Science Education,10.1080/08993408.2026.2651873,https://openalex.org/W7155563309,adjacent-subtopic,"Background and Context Computational thinking is a key part of primary school education, often taught with programmable robots. These robots are typically controlled using one of two modes: a “plugged-in” block-based software environment or an “unplugged” mode relying on direct physical interaction without screens.Objective This paper investigates whether an initial unplugged robot experience (using Ozobot robots) enhances primary school children’s learning of concepts in a subsequent block-based programming environment (using Codey Rocky robots), and how this affects their overall enjoyment.Method A quasi-experiment with 134 children from 8 school classes compares a treatment group (Ozobot then Codey Rocky workshop) with a control group (Codey Rocky only). Learning was assessed via pre- and post-test questionnaires on programming concepts; meanwhile, enjoyment and experiences were evaluated through surveys and observation.Findings Children enjoyed both approaches. While the unplugged Ozobot experience did not yield immediate conceptual gains, the results suggest it may have supported learning outcomes during the subsequent Codey Rocky workshop.Implications Within the scope of this intervention, preceding block-based coding with unplugged activities shows potential as a pedagogical strategy for priming students for abstract programming. Future research should investigate how to optimally combine these approaches.","openalex, dblp",llm,0.990,unreviewed,
discarded,Completeness for Probabilistic Boolean Tapes,Filippo Bonchi; Cipriano Cioffo,2026,arXiv (Cornell University),10.48550/arXiv.2606.19017,https://openalex.org/W7165219019,adjacent-subtopic,"Probabilistic Boolean circuits have recently been proposed as a string-diagrammatic foundation for finite probabilistic programming. In this paper, we present a complete set of axioms for their semantics in terms of Markov kernels. Our approach is based on two intermediate results: completeness for \emph{partial} Boolean circuits and completeness for probabilistic Boolean tapes, a diagrammatic language for rig categories.","openalex, dblp",llm,0.960,unreviewed,
discarded,Linguaggi di programmazione,Giorgio Levi,2025,CNR Solar (Scientific Open-access Literature Archive and Repository) (Consiglio Nazionale delle Ricerche),,https://openalex.org/W7167988809,adjacent-subtopic,fase di scrittura e pubblicazione.,"openalex, dblp",llm,0.950,unreviewed,
discarded,L’INAC di Roma e la Ferranti Mk1*,Andrea Celli; Giovanni A. Cignoni Cignoni,2025,CNR Solar (Scientific Open-access Literature Archive and Repository) (Consiglio Nazionale delle Ricerche),,https://openalex.org/W7167293279,adjacent-subtopic,fase di scrittura e pubblicazione.,"openalex, dblp",llm,0.830,unreviewed,
