status,title,authors,year,venue,doi,url,tags,abstract,provider,decision_source,llm_confidence,llm_review_outcome,llm_change_direction
kept,Meaningful learning in the tutoring system for programming,Tonci Dadic; Slavomir Stankov; Marko Rosic,2008,ITI 2008 - 30th International Conference on Information Technology Interfaces,10.1109/ITI.2008.4588458,https://ieeexplore.ieee.org/document/4588458/,supports-claim,"Tutoring systems for programming helps students to understand features of target programming language, and develops their general problem solving skill. Our system guides novices in learning syntax and semantics of programming language, problem decomposition, program design and testing. The notional machine defined by programming language and its verbal description of instruction actions helps students to understand semantics of instructions. Advancement through the course material controlled by computer teacher supports connection of new concepts to the present studentpsilas knowledge.","wos, scopus, ieee",llm,0.840,unreviewed,
