status,title,authors,year,venue,doi,url,tags,abstract,provider,decision_source,llm_confidence,llm_review_outcome,llm_change_direction
kept,Demystifying early childhood computational thinking: An umbrella review to upgrade the field,"Yang, Weipeng; Su, Jiahong; Li, Hui",2024,FUTURE IN EDUCATIONAL RESEARCH,10.1002/fer3.38,https://www.webofscience.com/wos/woscc/full-record/WOS:001797257700001,supports-claim,"By transforming abstract problems into tangible solutions, computational thinking (CT) emerges as a foundational competency. This umbrella review synthesizes the current landscape of CT in early childhood, pivotal for fostering 21st-century skills across multiple domains. A systematic search across Scopus, ACM Digital Library, and Web of Science yielded 13 review studies for analysis, addressing the integration of CT in early childhood education. Employing a narrative synthesis approach, the review illuminated key findings and highlighted future research trajectories. Findings indicate the centrality of creating sequences and events in imparting CT in early childhood, recommending more sophisticated concepts like loops and conditionals for older children. Instructional designs unearthed include scaffolding with narratives, tangible objects, and physical embodiments, balancing structured tasks and open-ended engagement. Three categories of computational kits were discerned: physical, virtual, and hybrid kits. The Bee-Bot and various LEGO kits were prevalent among CT learning tools, with interfaces ranging from physical buttons to hybrid systems. Efficacy was noted in tangible activities like unplugged applications and robotics in enhancing concrete understanding and competencies in coding, CT, and spatial skills. Concluding remarks discuss research gaps, future prospects, and provide actionable insights for educators and policy makers, calling for the co-creation of an ecosystem of CT integration across early childhood curricula.","wos, scopus, ieee",llm,0.950,unreviewed,
discarded,Investigating the Impact of Programming Activities on Computational Thinking and AI Literacy in Spanish Schools,"Moreno-Leon, Jesus; Vasco-Gonzalez, Margarita; Roman-Gonzalez, Marcos; Robles, Gregorio",2024,"PROCEEDINGS OF THE 19TH WIPSCE CONFERENCE IN PRIMARY AND SECONDARY COMPUTING EDUCATION RESEARCH, WIPSCE 2024",10.1145/3677619.3678111,https://www.webofscience.com/wos/woscc/full-record/WOS:001324681400016,adjacent-subtopic,"This article presents research conducted within the School of Computational Thinking and Artificial Intelligence (EPCIA in its original form in Spanish) project, an initiative developed by the Spanish Ministry of Education and Vocational Training during the 2020-21 academic year. The study investigated whether it is possible to contribute to the development of students' computational thinking skills and artificial intelligence (AI) literacy through programming activities using the Scratch language and the Machine Learning for Kids platform. The study involved 133 teachers and more than 2,000 students, from 4th to 8th grade, with representation from 17 of the 19 Spanish regions. Students took a quantitative test on computational thinking and another on AI before and after the intervention, and teachers and students also took a questionnaire at the end of it. The results showed that: i) quantitative tests can be used to reliably measure, in terms of internal consistency, the level of development of computational thinking and AI literacy in the Spanish school population of these ages; ii) it is possible to develop students' computational thinking skills and raise their level of AI literacy through programming activities; iii) the intervention contributed to demystifying the main prejudices regarding AI; iv) a gender gap was found in relation to previous knowledge and experiences with these topics. Overall, the study concluded that introducing the foundations of AI in primary and secondary education in Spain is appropriate, feasible, and relevant.","wos, scopus, ieee",llm,1.000,unreviewed,
discarded,COMPUTATIONAL THINKING IN THE STUDY OF MATHEMATICS,"Sales Jr, Joelson Porto; Freitas, Victor Gonsalves Gloria; Serzedello, Jorge Eduardo Mansur",2023,HUMANIDADES & INOVACAO,,https://www.webofscience.com/wos/woscc/full-record/WOS:001492183800012,adjacent-subtopic,"This study presents a didactic sequence that aims to introduce computational thinking into the classroom environment. The proposed activities are in line with BNCC regulations. Faced with a problem that increasingly concerns the school community, the low performance in assessments relating to disciplines in the exact area and the growing dropout rates from the respective courses in higher institutions, the possibility of intervening in the learning process, stimulating students to participate in their own learning process and use new technological methods. Working with computational thinking in the school environment provides students with better interaction with mathematical content, but before thinking about this methodology it is important to demystify the process and prepare teachers to include playful and attractive activities in their routines. The concept of computational thinking can be divided into two plugged and unplugged characteristics.","wos, scopus, ieee",llm,0.970,unreviewed,
discarded,How Do We Do CS on Top of Everything Else? A Coaching Cycle Approach in Elementary School,Rose K. Pozos; Jill Denner; Erin Asamoto; Emily Green; Samuel Severance,2021,"2021 Conference on Research in Equitable and Sustained Participation in Engineering, Computing, and Technology (RESPECT)",10.1109/RESPECT51740.2021.9620555,https://ieeexplore.ieee.org/document/9620555/,adjacent-subtopic,"A key strategy for bringing computer science (CS) education to all students is the integration of computational thinking (CT) into core curriculum in elementary school. But teachers want to know how they can do this on top of their existing priorities. In this paper, we describe how our research-practice partnership is working to motivate, prepare, and support an elementary school to integrate equitable and inclusive computer science into core curriculum. Data were collected from teachers at a K-5 school where 65 % of students are Hispanic or Latinx, 46% are English Learners, and 65 % are eligible for free or reduced lunch. Data included semi-structured interviews, educators' written reflections, and observations of classroom implementation and professional development. The findings show how the school is building buy-in and capacity among teachers by using a coaching cycle led by a Teacher on Special Assignment. The cycle of preparation, implementation, and reflection demystifies CS by helping teachers design, test, and revise coherent lesson sequences that integrate CT into their lessons. Contrasting case studies are used to illustrate what teachers learned from the cycle, including the teachers' reasons for the integration, adaptations they made to promote equity, what the teachers noticed about their students engaging in CT, and their next steps. We discuss the strengths and the limitations of this approach to bringing CS for All.","wos, scopus, ieee",llm,0.990,unreviewed,
discarded,"A Scoping Review of Studies on Coding Curriculum in Early Childhood: Investigating Its Design, Implementation, and Evaluation","Su, Jiahong; Yang, Weipeng; Li, Hui",2023,JOURNAL OF RESEARCH IN CHILDHOOD EDUCATION,10.1080/02568543.2022.2097349,https://www.webofscience.com/wos/woscc/full-record/WOS:000838558000001,adjacent-subtopic,"Coding (or computer programming) helps equip children with an intellectual structure that is valuable for their lifelong learning and development. The proliferation of innovative coding platforms, especially screen-free programmable robotics, has made it possible for coding to be integrated into early childhood education (ECE). However, how the coding curriculum has been designed and used in ECE settings, as well as its effectiveness, is understudied. This scoping review evaluates, synthesizes, and displays 20 studies on coding curriculum in early childhood published in 2012-2021, involving curriculum design, coding platforms, pedagogical approaches, research methods, and research findings. The review contributes to a mapping of existing work focusing on coding curricula in early childhood, thus demystifying and clarifying the characteristics and effectiveness of these intervention programs. Its findings also shed light on the improvement mechanism and solutions of early computing education in both quantity and quality.","wos, scopus, ieee",llm,0.990,unreviewed,
discarded,Polygenic and Network-based studies in risk identification and demystification of cancer,"El Hadi, Christopher; Ayoub, Georges; Bachir, Yara; Haykal, Michele; Jalkh, Nadine; Kourie, Hampig Raphael",2022,EXPERT REVIEW OF MOLECULAR DIAGNOSTICS,10.1080/14737159.2022.2065195,https://www.webofscience.com/wos/woscc/full-record/WOS:000783764200001,off-topic-false-hit,"Introduction Diseases were initially thought to be the consequence of a single gene mutation. Advances in DNA sequencing tools and our understanding of gene behavior have revealed that complex diseases, such as cancer, are the product of genes cooperating with each other and with their environment in orchestrated communication networks. Seeing that the function of individual genes is still used to analyze cancer, the shift to using functionally interacting groups of genes as a new unit of study holds promise for demystifying cancer. Areas Covered The literature search focused on three types of cancer, namely breast, lung, and prostate, but arguments from other cancers were also included. The aim was to prove that multigene analyses can accurately predict and prognosticate cancer risk, subtype cancer for more personalized and effective treatments, and discover anti-cancer therapies. Computational intelligence is being harnessed to analyze this type of data and is proving indispensable to scientific progress. Expert Opinion In the future, comprehensive profiling of all kinds of patient data (e.g. serum molecules, environmental exposures) can be used to build universal networks that should help us elucidate the molecular mechanisms underlying diseases and provide appropriate preventive measures, ensuring lifelong health and longevity.","wos, scopus, ieee",llm,0.950,unreviewed,
discarded,KnitxCode: Exploring a Craftsmanship-driven Approach to Computational Thinking,"Sorensen, Marie-Louise Stisen Kjerstein; Fog, Bjarke Vognstrup; Musaeus, Line Have; Petersen, Marianne Graves",2022,"ADJUNCT PROCEEDINGS OF THE 12TH NORDIC CONFERENCE ON HUMAN-COMPUTER INTERACTION, NORDICHI 2022",10.1145/3547522.3547680,https://www.webofscience.com/wos/woscc/full-record/WOS:001334854100048,adjacent-subtopic,"In recent years, computational thinking (CT) has focused on how children and citizens develop basic computing skills which empower them to participate in a digitised society and broaden participation and engagement with CT. We present the exploration of a craftsmanship-driven approach to engage people in CT. To explore this approach a team of knitters, a computer scientist and a computing education expert iteratively designed the KnitxCode workshop. KnitxCode utilises knitting in combination with CT concepts as the foundation for the activities. The workshop was evaluated by 12 participants with no programming experience and with knitting experience ranging from 2-25 years (M = 6). From the evaluation we found that the craftsmanship-driven approach seemed to provide the participants with confidence to learning CT, as shared concepts and practices between knitting and computing supported transitioning from knitting craftsmanship to computing and in this way served to demystify computing.","wos, scopus, ieee",llm,0.960,unreviewed,
discarded,Integrating Computational Thinking and Islamic Values in Geometry Learning: Effects on Pre-Service Primary Teachers’ Conceptual Understanding,Angraini L.M.,2027,Asean Journal of Educational Research and Technology,,https://www.scopus.com/inward/record.uri?partnerID=HzOxMe3b&scp=105041487325&origin=inward,adjacent-subtopic,,"wos, scopus, ieee",llm,0.760,unreviewed,
discarded,Computational Thinking Development in AI Agent Creation: A Mixed-Methods Study,Sun Y.,2027,Lecture Notes in Computer Science,10.1007/978-3-032-29770-9_41,https://www.scopus.com/inward/record.uri?partnerID=HzOxMe3b&scp=105043979081&origin=inward,adjacent-subtopic,,"wos, scopus, ieee",llm,0.780,unreviewed,
discarded,Grounding Programming Chatbot in Computational Thinking: Design and Evaluation of MazeMate,Hou C.,2027,Lecture Notes in Computer Science,10.1007/978-3-032-29744-0_35,https://www.scopus.com/inward/record.uri?partnerID=HzOxMe3b&scp=105043988034&origin=inward,adjacent-subtopic,,"wos, scopus, ieee",llm,0.800,unreviewed,
discarded,REFINE: Real-World Exploration of Interactive Feedback and Student Behaviour,Fawzi F.,2027,Lecture Notes in Computer Science,10.1007/978-3-032-29744-0_27,https://www.scopus.com/inward/record.uri?partnerID=HzOxMe3b&scp=105043995981&origin=inward,adjacent-subtopic,,"wos, scopus, ieee",llm,0.510,unreviewed,
discarded,"Gender, STEM career interest, and computational thinking: a social cognitive career theory perspective from Turkish adolescents",Bars M.,2026,Scientific Reports,10.1038/s41598-026-51331-2,https://www.scopus.com/inward/record.uri?partnerID=HzOxMe3b&scp=105041788479&origin=inward,adjacent-subtopic,"Motivational factors are widely recognized as central to students’ engagement in cognitively demanding learning; however, the role of STEM career interest in the development of computational thinking during adolescence remains insufficiently understood. It is also unclear whether this association differs by gender. Grounded in Social Cognitive Career Theory, this study examined the association between STEM career interest and computational thinking among high school students and tested the moderating role of gender. Data were collected from 467 students (Mage = 16.05, SD = 1.20; 57.2% female) enrolled in public science high schools in Diyarbakır, Türkiye, using a descriptive correlational design. Participants completed the STEM Career Interest Scale and the Computational Thinking Skills Scale. Moderation analysis was conducted using PROCESS (Model 1) with 5,000 bootstrap resamples. STEM career interest was positively associated with computational thinking. Gender showed no significant main effect, and the interaction between STEM career interest and gender was not significant, indicating that the strength of this association was similar for female and male students. These findings suggest that, within academically selective STEM-focused environments, motivational orientations toward STEM are linked to computational thinking in comparable ways across genders. The results highlight the importance of supporting students’ motivational engagement, alongside instructional practices, in fostering computational thinking during secondary education.","wos, scopus, ieee",llm,0.970,unreviewed,
discarded,An innovation driven pedagogy integrating STEAM and design thinking to enhance computational thinking in middle school,Thepprasit W.,2026,Discover Education,10.1007/s44217-026-01561-3,https://www.scopus.com/inward/record.uri?partnerID=HzOxMe3b&scp=105043915277&origin=inward,adjacent-subtopic,"In the rapidly evolving digital landscape, cultivating computational thinking (CT) through integrated frameworks is paramount for fostering 21st-century innovation. This study explores the synergy between STEAM education and Design Thinking (DT) to address the limitations of traditional computational science instruction. This study designed, developed, and pilot-tested a STEAM–Design Thinking (STEAM-DT) learning management system tailored to the Thai context. The intervention was implemented over eight weeks with 40 middle school students (grades 7–9) from two schools in Northern Thailand, selected via proportional quota sampling method. Nonparametric tests (Kruskal–Wallis, Mann–Whitney U), repeated-measures comparisons (Friedman test with Conover’s post hoc), Spearman’s correlations, and multiple regression were used to analyze the data. Key findings include high technology competencies across 10 behavioral indicators (means 3.450–3.725 on a 4-point scale), with ICA1 (Information Access) scoring highest and ICA3 (Content Production) lowest. The Quantitative analysis revealed that the STEAM-DT model significantly predicts innovation quality (R2 = 0.664, p < .001), with communication competencies emerging as the most robust predictor. Notably, a complex suppression effect was observed in computational problem-solving, suggesting a nuanced interplay between technical skills and creative output. However, ICA4 (computational problem-solving) exhibited a negative predictive effect within the model despite its positive simple correlation, suggesting a complex suppression effect that warrants further investigation. Satisfaction with the STEAM-DT system was very high (mean = 4.633/5). Limitations include the absence of a control group, a small sample size, and potential school-level clustering effects. These findings provide a scalable framework for curriculum designers to integrate human-centered design into technical STEM subjects. The study offers a strategic roadmap for educational authorities in developing contexts to bridge the digital competency gap through innovation-driven pedagogy.","wos, scopus, ieee",llm,0.980,unreviewed,
discarded,Integrating computational thinking and green skills in vocational education through the bridging learning green informatics framework,Vitalocca D.,2026,Discover Education,10.1007/s44217-025-01095-0,https://www.scopus.com/inward/record.uri?partnerID=HzOxMe3b&scp=105029650941&origin=inward,adjacent-subtopic,"Vocational education, also known as Technical and Vocational Education and Training (TVET), faces strategic challenges in integrating Computational Thinking (CT) and green skills to prepare a future workforce that is adaptive to emerging technologies while embracing sustainability perspectives. This study aims to (1) conduct a narrative mini-review of recent literature (from 2020 to 2025) addressing the integration of CT and green skills in vocational education; and (2) develop an integrative conceptual framework named the Bridging Learning Green-Informatics (BLGI) model based on the review findings. The narrative review thematically analyzes the implementation of CT, green skills, and Project-Based Learning (PjBL) approaches within TVET to identify opportunities, challenges, and best practices. The BLGI model is proposed as a foundation for contextual, collaborative, and sustainable learning that bridges CT and green skills through adaptive pedagogy supported by systemic strategies. By combining a literature review and model development, this study contributes to enhancing workforce readiness to face the green economic transition and digital revolution simultaneously, while supporting the achievement of the Sustainable Development Goals (SDGs).","wos, scopus, ieee",llm,0.960,unreviewed,
