status,title,authors,year,venue,doi,url,tags,abstract,provider,decision_source,llm_confidence,llm_review_outcome,llm_change_direction
discarded,L’ingegneria del softwarein Italia,Aniello Cimitile; Carlo Ghezzi,2025,CNR Solar (Scientific Open-access Literature Archive and Repository) (Consiglio Nazionale delle Ricerche),,https://openalex.org/W7167995121,adjacent-subtopic,fase di scrittura e pubblicazione.,"openalex, dblp",llm,0.940,unreviewed,
kept,"Flow diagrams, turing machines and languages with only two formation rules.",Corrado Böhm; Giuseppe Jacopini,1966,Commun. ACM,10.1145/355592.365646,https://dblp.org/rec/journals/cacm/BohmJ66,structured-programming-theorem,"In the first part of the paper, flow diagrams are introduced to represent inter ah mappings of a set into itself. Although not every diagram is decomposable into a finite numbm of given base diagrams, this becomes hue at a semantical level due to a suitable extension of the given set and of the basic mappings defined in it. Two normalization methods of flow diagrams are given. The first has |hree base diagrams; the second, only two.","openalex, dblp",human,,human,
kept,Novice mistakes: are the folk wisdoms correct?,Jim Spohrer; Elliot Soloway,1986,Communications of the ACM,10.1145/6138.6145,https://openalex.org/W2058580210,supports-claim,"An evaluation of two folk wisdoms serves to elucidate the underlying or ""deep-structure"" reasons for novice errors.","openalex, dblp",llm,0.960,unreviewed,
discarded,"A multi-national, multi-institutional study of assessment of programming skills of first-year CS students",M. McCracken; Vicki L. Almstrum; Danny Diaz; Mark Guzdial; Dianne Hagan; Yifat Ben‐David Kolikant; Cary Laxer; Lynda Thomas; Ian Utting; Tadeusz Wilusz,2001,ITiCSE-WGR '01,10.1145/572133.572137,https://openalex.org/W2033086912,adjacent-subtopic,"In computer science, an expected outcome of a student's education is programming skill. This working group investigated the programming competency students have as they complete their first one or two courses in computer science. In order to explore options for assessing students, the working group developed a trial assessment of whether students can program. The underlying goal of this work was to initiate dialog in the Computer Science community on how to develop these types of assessments. Several universities participated in our trial assessment and the disappointing results suggest that many students do not know how to program at the conclusion of their introductory courses. For a combined sample of 216 students from four universities, the average score was 22.89 out of 110 points on the general evaluation criteria developed for this study. From this trial assessment we developed a framework of expectations for first-year courses and suggestions for further work to develop more comprehensive assessments.","openalex, dblp",llm,0.990,unreviewed,
kept,Novice programmerâ€™s misconception of programming reflected on problem-solving plans,Kyungbin Kwon,2017,International Journal of Computer Science Education in Schools,10.21585/ijcses.v1i4.19,https://openalex.org/W2766215290,supports-claim,"Understanding the misconception of students is critical in that it identifies the reasons of errors students make and allows instructors to design instructions accordingly. This study investigated the mental models of programming concepts held by pre-service teachers who were novice in programming. In an introductory programming course, students were asked to solve problems that could be solved by utilizing conditional statements. They developed solution plans pseudo-code including a simplified natural language, symbols, diagrams, and so on. Sixteen solution plans of three different types of problems were analyzed. As a result, the studentsâ€™ egocentric and insufficient programming concepts were identified in terms of the misuse of variables, redundancy of codes, and weak strategic knowledge. The results revealed that the students had difficulty designing solution plans that could be executed by computers. They needed instructional supports to master how to express their solution plans in the way computers run. Problem driven instructional designs for novice students were discussed.","openalex, dblp",llm,0.980,unreviewed,
discarded,Should we leverage natural-language knowledge? An analysis of user errors in a natural-language-style programming language,Amy Bruckman; Elizabeth Edwards,1999,International Conference on Human Factors in Computing Systems,10.1145/302979.303040,https://openalex.org/W2067805538,adjacent-subtopic,"Should programming languages use natural-language-like syntax? Under what circumstances? What sorts of errors do novice programmers make? Does using a natural- language-like programming language lead to user errors? In this study, we read the entire online interactions of sixteen children who issued a total of 35,047 commands on MOOSE Crossing, an educational MUD for children, We counted and categorized the errors made. A total d 2,970 errors were observed. We define natural-language errors as those errors in which the user failed to distinguish between English and code, issuing an incorrect command that was more English-like than the correct one. A total of 314 natural-language errors were observed. In most of those errors, the child was able to correct the problem either easily (41.1% of the time) or with some effort (20.7%). Natural-language errors were divided into five categories. In order from most to least frequent, they are: syntax errors, guessing a command name by supplying an arbitrary English word, literal interpretation of metaphor, assuming the system is keeping more state information than is actually the case, and errors of operator precedence and combination. We believe that these error rates are within acceptable limits, and conclude that leveraging users natural-language knowledge is for many applications an effective strategy for designing end-user-programming languages.","openalex, dblp",llm,0.990,unreviewed,
discarded,Computational thinking in programming with Scratch in primary schools: A systematic review,Janne Fagerlund; Päivi Häkkinen; Mikko Vesisenaho; Jouni Viiri,2020,Computer Applications in Engineering Education,10.1002/cae.22255,https://openalex.org/W3021329496,adjacent-subtopic,"Abstract Computer programming is being introduced in educational curricula, even at the primary school level. One goal of this implementation is to teach computational thinking (CT), which is potentially applicable in various computational problem‐solving situations. However, the educational objective of CT in primary schools is somewhat unclear: curricula in various countries define learning objectives for topics, such as computer science, computing, programming or digital literacy but not for CT specifically. Additionally, there has been confusion in concretely and comprehensively defining and operationalising what to teach, learn and assess about CT in primary education even with popular programming akin to Scratch. In response to the growing demands of CT, by conducting a literature review on studies utilising Scratch in K–9, this study investigates what kind of CT has been assessed in Scratch at the primary education level. As a theoretical background for the review, we define a tangible educational objective for introducing CT comprehensively in primary education and concretise the fundamental skills and areas of understanding involved in CT as its “core educational principles”. The results of the review summarise Scratch programming contents that students can manipulate and activities in which they can engage that foster CT. Moreover, methods for formatively assessing CT via students' Scratch projects and programming processes are explored. The results underpin that the summarised “CT‐fostering” programming contents and activities in Scratch are vast and multidimensional. The next steps for this study are to refine pedagogically meaningful ways to assess CT in students' Scratch projects and programming processes.","openalex, dblp",llm,0.990,unreviewed,
discarded,Teaching computer programming with PRIMM: a sociocultural perspective,Sue Sentance; Jane Waite; Maria Kallia,2019,Computer Science Education,10.1080/08993408.2019.1608781,https://openalex.org/W2940964418,adjacent-subtopic,"Background and Context: Vygotsky's sociocultural theory emphasises the importance of language, mediation, and the transfer of skills and knowledge from the social into the cognitive plane. This perspective has influenced the development of PRIMM (Predict, Run, Investigate, Modify, Make), a structured approach to teaching programming.Objective: The objective of the study was to find out if using PRIMM to teach programming had an impact on learner attainment in secondary school, and the extent to which it was valuable for teachers.Method: We evaluated the use of PRIMM in 13 schools with 493 students aged 11-14 alongside a control group, using a mixed-methods approach. Teachers delivered programming lessons using the PRIMM approach for 8-12 weeks. Data were collected via a combination of a baseline test, a post-test to compare control and experimental groups, and teacher interviews.Findings: Learners performed better in the post test than the control group. Teachers reported several benefits of the PRIMM approach, including that PRIMM helped them to teach effectively in mixed-ability classes, enabling all learners to make progress.Implications: PRIMM makes a contribution to programming education research by building on previous work in effective pedagogy for teachers, and encouraging the use of language and dialogue to facilitate understanding.","openalex, dblp",llm,0.990,unreviewed,
discarded,Problems in Programming Education and Means of Their Improvement,Mario Konecki,2014,DAAAM international scientific book ...,10.2507/daaam.scibook.2014.37,https://openalex.org/W2319479208,adjacent-subtopic,Programming courses are very important and challenging part of future computer experts' education process. Abstract nature of these courses however makes them rather difficult for most programming novices and these courses have rather high reported failure rates. Throughout the years the search for methods that would improve programming novices' understanding of abstract programming concepts has been conducted but it gave no generally accepted solution and the fact remains that problems of programming novices are reoccurring in every new generation. The reasons of this kind of state in programming education are analyzed and discussed in this paper. The results of conducted research about the most common problems of programming novices are also presented along with the proposed steps for improving the success rate of programming courses.,"openalex, dblp",llm,0.980,unreviewed,
discarded,Automation and schema acquisition in learning elementary computer programming: Implications for the design of practice,Jeroen J. G. van Merriënboer; Fred Paas,1990,Computers in Human Behavior,10.1016/0747-5632(90)90023-a,https://openalex.org/W2126090053,adjacent-subtopic,,"openalex, dblp",llm,0.950,unreviewed,
discarded,Identifying SQL Misconceptions of Novices: Findings from a Think-Aloud Study,Daphne Miedema; Efthimia Aivaloglou; George Fletcher,2021,International Computing Education Research Workshop,10.1145/3446871.3469759,https://openalex.org/W3193751197,adjacent-subtopic,"SQL is the most commonly taught database query language. While previous research has investigated the errors made by novices during SQL query formulation, the underlying causes for these errors have remained unexplored. Understanding the basic misconceptions held by novices which lead to these errors would help improve how we teach query languages to our students. In this paper we aim to identify the misconceptions that might be the causes of documented SQL errors that novices make. To this end, we conducted a qualitative think-aloud study to gather information on the thinking process of university students while solving query formulation problems. With the queries in hand, we analyzed the underlying causes for the errors made by our participants. In this paper we present the identified SQL misconceptions organized into four top-level categories: misconceptions based in previous course knowledge, generalization-based misconceptions, language-based misconceptions, and misconceptions due to an incomplete or incorrect mental model. A deep exploration of misconceptions can uncover gaps in instruction. By drawing attention to these, we aim to improve SQL education.","openalex, dblp",llm,0.990,unreviewed,
discarded,A Multi-dimensional Framework for Documenting Students’ Heterogeneous Experiences with Programming Bugs,David DeLiema; Yejin Angela Kwon; Andrea Chisholm; Immanuel Williams; Maggie Dahn; Virginia J. Flood; Dor Abrahamson; Francis F. Steen,2022,Cognition and Instruction,10.1080/07370008.2022.2118279,https://openalex.org/W4297051687,adjacent-subtopic,"When teachers, researchers, and students describe productively responding to moments of failure in the learning process, what might this mean? Blending prior theoretical and empirical research on the relationship between failure and learning, and empirical results from four data sets that are part of a larger design-based research project, we investigate the heterogeneous processes teachers and students value and pursue following moments in which computer bugs thwart their immediate progress on an activity. These include: (1) resolving moments of failure; (2) avoiding recurring failures; (3) preparing for novel failures; (4) engaging with authority; and (5) calibrating confidence/efficacy. We investigate these processes taking into account the personal, social, and material context in which students and teachers collaborate when encountering broken computer programs, in addition to teachers’ planning efforts and the community’s reflections on past debugging experiences. We argue that moments of failure are not simply occasions for seeking resolutions. They are points of departure for decisions about how and what to foreground and interleave among a range of valued processes. Overall, this study aims to support research on the heterogeneous processes that shape how students new to a discipline such as computer programming respond to getting stuck.","openalex, dblp",llm,0.990,unreviewed,
kept,Students’ Misconceptions and Other Difficulties in Introductory Programming,Yizhou Qian; James Daniel Lehman,2017,ACM Transactions on Computing Education,10.1145/3077618,https://openalex.org/W2766624855,misconceptions-review,"Efforts to improve computer science education are underway, and teachers of computer science are challenged in introductory programming courses to help learners develop their understanding of programming and computer science. Identifying and addressing students’ misconceptions is a key part of a computer science teacher's competence. However, relevant research on this topic is not as fully developed in the computer science education field as it is in mathematics and science education. In this article, we first review relevant literature on general definitions of misconceptions and studies about students’ misconceptions and other difficulties in introductory programming. Next, we investigate the factors that contribute to the difficulties. Finally, strategies and tools to address difficulties including misconceptions are discussed. Based on the review of literature, we found that students exhibit various misconceptions and other difficulties in syntactic knowledge, conceptual knowledge, and strategic knowledge. These difficulties experienced by students are related to many factors including unfamiliarity of syntax, natural language, math knowledge, inaccurate mental models, lack of strategies, programming environments, and teachers’ knowledge and instruction. However, many sources of students’ difficulties have connections with students’ prior knowledge. To better understand and address students’ misconceptions and other difficulties, various instructional approaches and tools have been developed. Nevertheless, the dissemination of these approaches and tools has been limited. Thus, first, we suggest enhancing the dissemination of existing tools and approaches and investigating their long-term effects. Second, we recommend that computing education research move beyond documenting misconceptions to address the development of students’ (mis)conceptions by integrating conceptual change theories. Third, we believe that developing and enhancing instructors’ pedagogical content knowledge (PCK), including their knowledge of students’ misconceptions and ability to apply effective instructional approaches and tools to address students’ difficulties, is vital to the success of teaching introductory programming.","openalex, dblp",human,,human,
discarded,Studying the effect of AI Code Generators on Supporting Novice Learners in Introductory Programming,Majeed Kazemitabaar; Justin Chow; Carl Ka To; Barbara Ericson; David Weintrop; Tovi Grossman,2023,International Conference on Human Factors in Computing Systems,10.1145/3544548.3580919,https://openalex.org/W4321162272,adjacent-subtopic,"AI code generators like OpenAI Codex have the potential to assist novice programmers by generating code from natural language descriptions, however, over-reliance might negatively impact learning and retention. To explore the implications that AI code generators have on introductory programming, we conducted a controlled experiment with 69 novices (ages 10-17). Learners worked on 45 Python code-authoring tasks, for which half of the learners had access to Codex, each followed by a code-modification task. Our results show that using Codex significantly increased code-authoring performance (1.15x increased completion rate and 1.8x higher scores) while not decreasing performance on manual code-modification tasks. Additionally, learners with access to Codex during the training phase performed slightly better on the evaluation post-tests conducted one week later, although this difference did not reach statistical significance. Of interest, learners with higher Scratch pre-test scores performed significantly better on retention post-tests, if they had prior access to Codex.","openalex, dblp",llm,0.990,unreviewed,
discarded,Factors Contributing to the Difficulties in Teaching and Learning of Computer Programming: A Literature Review,Chin Soon Cheah,2020,Contemporary Educational Technology,10.30935/cedtech/8247,https://openalex.org/W3021341584,adjacent-subtopic,"This paper reviews the literature relating to the factors that contribute to the difficulties in learning of computer programming. Programming has been a difficult subject to learn and master even at the early stage of education. It has been a global problem and continues to worsen at the local level. Although, there are many education tools available to complement the teaching and learning of computer programming. The problem persists until present day. Even at the initial stage of computer introduction courses, there were high failure rates and high drop out. One of the rationalism behind this scenario is from the students’ lack of problem solving abilities. However, the problem does not only lie within the students’ level of efficacy. It involves the effective use of teaching and learning material as well. Therefore, the focus of this review is on the factors concerning the students learning method and the effectiveness of the teaching material. Based on plethora of literature review, it is vital that these two aspects need to be consider simultaneously to overcome the difficulties of learning computer programming. A much more comprehensive, effective and universal teaching and learning tools need to be design to address the severity of this problem.","openalex, dblp",llm,0.990,unreviewed,
discarded,Automated Grading and Feedback Tools for Programming Education: A Systematic Review,Marcus Messer; Neil C. C. Brown; Michael Kölling; Miaojing Shi,2023,ACM Transactions on Computing Education,10.1145/3636515,https://openalex.org/W4381586920,adjacent-subtopic,"We conducted a systematic literature review on automated grading and feedback tools for programming education. We analysed 121 research papers from 2017 to 2021 inclusive and categorised them based on skills assessed, approach, language paradigm, degree of automation, and evaluation techniques. Most papers assess the correctness of assignments in object-oriented languages. Typically, these tools use a dynamic technique, primarily unit testing, to provide grades and feedback to the students or static analysis techniques to compare a submission with a reference solution or with a set of correct student submissions. However, these techniques’ feedback is often limited to whether the unit tests have passed or failed, the expected and actual output, or how they differ from the reference solution. Furthermore, few tools assess the maintainability, readability, or documentation of the source code, with most using static analysis techniques, such as code quality metrics, in conjunction with grading correctness. Additionally, we found that most tools offered fully automated assessment to allow for near-instantaneous feedback and multiple resubmissions, which can increase student satisfaction and provide them with more opportunities to succeed. In terms of techniques used to evaluate the tools’ performance, most papers primarily use student surveys or compare the automatic assessment tools to grades or feedback provided by human graders. However, because the evaluation dataset is frequently unavailable, it is more difficult to reproduce results and compare tools to a collection of common assignments.","openalex, dblp",llm,0.990,unreviewed,
