status,title,authors,year,venue,doi,url,tags,abstract,provider,decision_source,llm_confidence,llm_review_outcome,llm_change_direction
discarded,Decoding agent-based models supports students’ mechanistic and causal reasoning about scientific phenomena,Lee I.A.,2026,International Journal of Stem Education,10.1186/s40594-026-00601-6,https://www.scopus.com/inward/record.uri?partnerID=HzOxMe3b&scp=105034856068&origin=inward,adjacent-subtopic,"A common rationale for integrating computational thinking (CT) in science curricula has been the opportunity to increase learning outcomes in both CT and science. While evidence shows that learning to code to create computer models of scientific phenomena improves students’ CT, few studies have demonstrated equivalent increases in science learning. This study aims to investigate the impact of a CT integration curriculum featuring “decoding”, or explicitly mapping between mechanisms in code and processes in science, on science learning, specifically about ecosystems, and CT across three cohorts of middle school students focusing on their survey scores and artifact-based interviews. Our research involved 70 middle school students, 38 of whom received the intervention and 32 of whom were in the control. In this mixed-methods study, quantitative analysis of pre-, post- and continuation survey data was used to measure the impact of decoding and case studies were used to elucidate how students’ science and CT learning were impacted by decoding. We found that the treatment group students from all three cohort years (n = 46) on average significantly improved their KSCT scores after the workshop with an effect size in the high range (Cohen’s d = .96). Through the analysis of rich and thick qualitative data collected through artifact-based interviews, we identified how decoding skills impacted students’ reasoning about scientific phenomena, and how students used their decoding skills to make sense of a new scientific phenomenon. This study adds to the literature on CT integration in science education by elucidating an approach to deepen science learning and CT synergistically through the study of mechanisms. The findings from this study indicate that CT integration using the Decoding Approach yielded student gains in science learning and CT. Our research also advances knowledge of how and why CT integration, specifically through decoding, can support science learning and CT. Evidence from four qualitative cases that shows how students use coded mechanisms as an “active” and “executable” representation with which to reason about scientific phenomena while decoding. The research highlights that students do not need to make computer models from scratch to benefit from CT integration. We show that decoding models made by others is a valuable learning opportunity that impacts students’ MR, decoding skills, and science learning. The results from this study imply there are untapped opportunities for students to gain an understanding of ecosystems, and in some cases transfer that understanding to new systems, through the integration of CT with a particular emphasis on decoding.","wos, scopus, ieee",llm,0.980,unreviewed,
discarded,Assessing and optimizing Team-Based Learning in undergraduate cosmetic dermatology education: an empirical study using interpretable machine learning,Ouyang P.,2026,BMC Medical Education,10.1186/s12909-025-08325-x,https://www.scopus.com/inward/record.uri?partnerID=HzOxMe3b&scp=105028692577&origin=inward,off-topic-false-hit,"The research aimed to explore the application effectiveness, advantages, and disadvantages of Team-Based Learning (TBL) in undergraduate cosmetic dermatology education and to analyze directions for pedagogical improvement using interpretable machine learning (IML). A total of 154 undergraduate clinical medicine students from Xiangya School of Medicine, Central South University were included as study subjects. Using the cosmetic dermatology chapter (two teaching units) from the Dermatology and Venereology course, a comparative design was implemented between traditional Lecture-Based Learning (LBL) and interest-oriented TBL. Teaching feedback was collected through questionnaires, and IML and correlation analysis were applied to identify key nodes for pedagogical optimization. Surveys showed that 83.8% of students reported increased learning interest, 84.4% were willing to engage in post-class self-directed learning, 81.2% were satisfied with the course, and 86.4% desired more TBL courses. Recognition of teaching components revealed that 87.0% preferred the presentation part, 89.0% endorsed the teamwork part, 80.5% agreed with the questioning part, and 95.5% valued the discussion part. Compared to LBL, TBL significantly improved self-directed learning capability (P < 0.001) and knowledge mastery capability (P = 0.004), but showed weaker improvement in independent thinking capability (P = 0.028). IML revealed that the most important feature determining the enthusiasm for cosmetic dermatology and TBL was the enhancement of independent thinking capability. Course satisfaction was primarily influenced by improved self-directed learning capability. Correlation analysis indicated that the recognition of most teaching components positively correlated with learning interest in cosmetic dermatology and satisfaction with TBL, except that students with higher recognition of the Teamwork Part (r = -0.432) and Questioning Part (r = -0.900) paradoxically exhibited resistance to the implementation of additional TBL courses. TBL effectively enhances students’ learning interest and comprehensive competencies in cosmetic dermatology education, demonstrating strong potential for broader application. However, significant opportunities for refinement persist in instructional design.","wos, scopus, ieee",llm,0.970,unreviewed,
discarded,A proposal to localising urban AI: a conceptual shift from generalist LLMs to task-specific SLMs,Tiwari A.,2026,Computational Urban Science,10.1007/s43762-026-00241-0,https://www.scopus.com/inward/record.uri?partnerID=HzOxMe3b&scp=105029016986&origin=inward,adjacent-subtopic,"Urban AI discourse has been dominated by Large Language Models (LLMs), yet these models misalign with the specific operational needs of cities, which demand low-latency, context-sensitive, and infrastructure-light solutions. This opinion paper addresses that gap by proposing Small Language Models (SLMs) as a viable alternative and introduces “SLM Urbanism,” a layered conceptual framework that reimagines urban AI deployment. Drawing on recent literature, the framework comprises five layers, computational, task-specialised, application, governance, and citizen-centric, each aligning technical affordances with urban imperatives. Using a normative, design-oriented method, the study contrasts SLMs’ low-cost, edge-native, and interpretable architectures with the compute-heavy, opaque nature of LLMs. The discussion situates SLMs as enablers of locally tuned, explainable, and democratically aligned intelligence that better serve urban equity and efficiency goals. Findings highlight that SLMs often outperform LLMs in resource-constrained settings, enhancing trust, transparency, and civic agency in AI-mediated governance. Importantly, the paper does not reject LLMs entirely but advocates a hybrid future of modular urban intelligence where SLMs lead a shift from centralised automation to distributed, planner-guided agency.","wos, scopus, ieee",llm,0.880,unreviewed,
discarded,Re-Thinking EEG-Based Non-Invasive Brain Interfaces: Modeling and Analysis,Gaurav Gupta; Sergio Pequito; Paul Bogdan,2018,2018 ACM/IEEE 9th International Conference on Cyber-Physical Systems (ICCPS),10.1109/ICCPS.2018.00034,https://ieeexplore.ieee.org/document/8443741/,adjacent-subtopic,"Brain interfaces are cyber-physical systems that aim to harvest information from the (physical) brain through sensing mechanisms, extract information about the underlying processes, and decide/actuate accordingly. Nonetheless, the brain interfaces are still in their infancy, but reaching to their maturity quickly as several initiatives are released to push forward their development (e.g., NeuraLink by Elon Musk and `typing-by-brain' by Facebook). This has motivated us to revisit the design of EEG-based non-invasive brain interfaces. Specifically, current methodologies entail a highly skilled neuro-functional approach and evidence-based a priori knowledge about specific signal features and their interpretation from a neuro-physiological point of view. Hereafter, we propose to demystify such approaches, as we propose to leverage new time-varying complex network models that equip us with a fractal dynamical characterization of the underlying processes. Subsequently, the parameters of the proposed complex network models can be explained from a system's perspective, and, consecutively, used for classification using machine learning algorithms and/or actuation laws determined using control system's theory. Besides, the proposed system identification methods and techniques have computational complexities comparable with those currently used in EEG-based brain interfaces, which enable comparable online performances. Furthermore, we foresee that the proposed models and approaches are also valid using other invasive and non-invasive technologies. Finally, we illustrate and experimentally evaluate this approach on real EEG-datasets to assess and validate the proposed methodology. The classification accuracies are high even on having less number of training samples.","wos, scopus, ieee",llm,0.900,unreviewed,
