status,title,authors,year,venue,doi,url,tags,abstract,provider,decision_source,llm_confidence,llm_review_outcome,llm_change_direction
kept,A refinement development approach for enhancing the safety of PLC programs with Event-B.,Xia Mao; Yueling Zhang; Jianqi Shi; Yanhong Huang; Qin Li 0002,2022,Sci. Comput. Program.,10.1016/J.SCICO.2021.102763,https://dblp.org/rec/journals/scp/MaoZSHL22,supports-claim,"Programmable Logic Controllers (PLC) are widely used in Industrial Control Systems (ICS) with strict safety assurance requirements. Unfortunately, traditional techniques for debugging prefer to use post-development approaches, such as simulation and black box testing, rather than enhancing safety before programing. In this paper, we propose a refinement-based approach to model and verify PLC systems, aiming to assure safety properties by construction. It uses the Event-B formalism and focuses on the levels of requirement analysis, specification refinement, and system development. This approach takes a three-layer framework stepwise to specify the behaviors and properties of PLC programs, thereby reducing the modeling complexity. The basic firmware layer models the general mechanisms of PLC firmware, such as periodical instruction execution and centralized I/O scanning, which are application-independent models with fundamental safety properties at an abstract level. The middle layer establishes configuration models. These models correspond to the PLC settings and interactive environments of a specific system, such as I/O addresses and peripheral devices. The business layer models business logic with more specific system-level safety requirements. With our approach, the safety properties of PLC systems can be verified throughout the modeling and refinement process. In addition, rules are proposed to convert the most concrete Event-B model into PLC code satisfying the IEC 61131-3 standard. We demonstrate this approach with a real-world running example of a pump control system for gas transmission. (C) 2021 Elsevier B.V. All rights reserved.",dblp,llm,0.820,unreviewed,
kept,Program Development by Transforamtion and Refinement.,Stefan Jähnichen; Fatima Ali Hussain; Matthias Weber 0001,1986,Advanced Programming Environments,10.1007/3-540-17189-4_114,https://dblp.org/rec/conf/ifip/JahnichenHW86,supports-claim,,dblp,llm,0.870,unreviewed,
kept,Correct pattern-based development through refinements and predicate transformers.,Elie Fares; Jean-Paul Bodeveix; Mamoun Filali,2027,Sci. Comput. Program.,10.1016/J.SCICO.2026.103550,https://dblp.org/rec/journals/scp/FaresBF27,supports-claim,"The incremental development of complex systems requires systematic methods to manage scalability and reduce repetitive effort. In formal methods, this incremental process is naturally supported through refinement, where abstract models are gradually enriched with detail. In this paper, we adopt Event-B as the formal method to explore this process. Developing refinements in Event-B often involves repetitive modeling tasks that can become time-consuming and difficult to manage. Patterns help address this by capturing recurring solutions, making refinements more reusable, systematic, and easier to construct while also providing implicit, up-to-date documentation. Building on this, we investigate how patterns could be used to generate Event-B refinements automatically. The patterns proposed in this paper apply a variety of techniques, such as imposing constraints on the model through weakest precondition or strongest postcondition calculus, superposing counters, and introducing various forms of synchronization or observer-based de-synchronization. We also show how the generated model can be automatically simplified to improve its usability and readability, thereby facilitating subsequent refinement steps. Lastly, we demonstrate the effectiveness of our proposed patterns by revisiting two classic case studies.",dblp,llm,0.760,unreviewed,
kept,Large-scale system development using Abstract Data Types and refinement.,Andreas Fürst; Thai Son Hoang; David A. Basin; Naoto Sato; Kunihiko Miyazaki,2016,Sci. Comput. Program.,10.1016/J.SCICO.2016.04.010,https://dblp.org/rec/journals/scp/FurstHBSM16,supports-claim,"We present a formal modelling approach using Abstract Data Types (ADTs) for large-scale system development in Event-B. The novelty of our approach is the combination of refinement and instantiation techniques to manage the complexity of systems under development. With ADTs, we model system components on an abstract level, specifying just their necessary properties, and we postpone the introduction of their concrete definitions to later development steps. As the ADTs are incrementally instantiated and become more concrete, behavioural details of systems are expanded via refinement in a manner consistent with the ADTs' transformation. We evaluate this approach using a large-scale case study in train control systems. The results show that our approach helps reduce system details during early development stages and leads to simpler and more automated proofs. (C) 2016 Elsevier B.V. All rights reserved.",dblp,llm,0.800,unreviewed,
discarded,Development of an object-oriented finite element program with adaptive mesh refinement for multi-physics applications.,Jianhu Nie; David A. Hopkins; Yitung Chen; H. T. Hsieh,2010,Adv. Eng. Softw.,10.1016/J.ADVENGSOFT.2009.11.004,https://dblp.org/rec/journals/aes/NieHCH10,off-topic-false-hit,"In this paper, an object-oriented framework for numerical analysis of multi-physics applications is presented. The framework is divided into several basic sets of classes that enable the code segments to be built according to the type of problem to be solved. Fortran 2003 was used in the development of this finite element program due to its advantages for scientific and engineering programming and its new object-oriented features. The program was developed with h-type adaptive mesh refinement, and it was tested for several classical cases involving heat transfer, fluid mechanics and structural mechanics. The test cases show that the adaptive mesh is refined only in the localization region where the feature gradient is relatively high. The overall mesh refinement and the h-adaptive mesh refinement were justified with respect to the computational accuracy and the CPU time cost. Both methods can improve the computational accuracy with the refinement of mesh. The overall mesh refinement causes the CPU time cost to greatly increase as the mesh is refined. However, the CPU time cost does not increase very much with the increase of the level of h-adaptive mesh refinement. The CPU time cost can be saved by up to 90%, especially for the simulated system with a large number of elements and nodes. (C) 2009 Elsevier Ltd. All rights reserved.",dblp,llm,0.990,unreviewed,
kept,Specification refinement and program development in vZ.,Besnik Kajtazi,2009,,,https://dblp.org/rec/phd/ethos/Kajtazi09,supports-claim,,dblp,llm,0.810,unreviewed,
kept,Refinement and Development of Programs from Relational Specifications.,Wolfram Kahl,2001,RelMiS,10.1016/S1571-0661(04)80932-0,https://dblp.org/rec/journals/entcs/Kahl01,supports-claim,Abstract These tutorial notes present an overview of specification and refinement concepts and methods that are based on relations.,dblp,llm,0.840,unreviewed,
kept,Systematic program development and proof: Dromey&apos;s method versus top-down refinement.,James C. Pleasant,1990,ACM Southeast Regional Conference,10.1145/98949.99056,https://dblp.org/rec/conf/ACMse/Pleasant90,supports-claim,,dblp,llm,0.910,unreviewed,
kept,Stepwise Refinement of Layered Protocols by Formal Program Development.,Terry Stroup; Norbert Götz; Michael Mendler,1989,PSTV,,https://dblp.org/rec/conf/pstv/StroupGM89,supports-claim,,dblp,llm,0.890,unreviewed,
kept,Pragmatic problems with step-wise refinement program development.,Jorge L. Díaz-Herrera,1984,ACM SIGSOFT Softw. Eng. Notes,10.1145/1010925.1010930,https://dblp.org/rec/journals/sigsoft/Diaz-Herrera84,supports-claim,,dblp,llm,0.940,unreviewed,
kept,Program Development Using Refinement Logic.,Peter Vanderbilt,1980,,,https://dblp.org/rec/phd/us/Vanderbilt80,supports-claim,,dblp,llm,0.880,unreviewed,
discarded,Hiding Information Hiding.,Adam L. Young; Moti Yung,2006,Information Hiding,10.1007/978-3-540-74124-4_11,https://dblp.org/rec/conf/ih/YoungY06,off-topic-false-hit,,dblp,llm,0.990,unreviewed,
discarded,"Recent Advances in Intelligent Information Hiding and Multimedia Signal Processing - Proceeding of the Fourteenth International Conference on Intelligent Information Hiding and Multimedia Signal Processing, November, 26-28, 2018, Sendai, Japan, Volume 1",Jeng-Shyang Pan 0001; Akinori Ito; Pei-Wei Tsai; Lakhmi C. Jain,2019,"IIH-MSP, Smart Innovation, Systems and Technologies",10.1007/978-3-030-03745-1,https://dblp.org/rec/conf/iih-msp/2018-1,off-topic-false-hit,,dblp,llm,1.000,unreviewed,
discarded,"Recent Advances in Intelligent Information Hiding and Multimedia Signal Processing - Proceeding of the Fourteenth International Conference on Intelligent Information Hiding and Multimedia Signal Processing, November, 26-28, 2018, Sendai, Japan, Volume 2",Jeng-Shyang Pan 0001; Akinori Ito; Pei-Wei Tsai; Lakhmi C. Jain,2019,"IIH-MSP, Smart Innovation, Systems and Technologies",10.1007/978-3-030-03748-2,https://dblp.org/rec/conf/iih-msp/2018-2,off-topic-false-hit,,dblp,llm,1.000,unreviewed,
discarded,Information hiding in edges: A high capacity information hiding technique using hybrid edge detection.,Shabir A. Parah; Javaid A. Sheikh; Jahangir A. Akhoon; Nazir A. Loan; Ghulam Mohiuddin Bhat,2018,Multim. Tools Appl.,10.1007/S11042-016-4253-X,https://dblp.org/rec/journals/mta/ParahSALB18,off-topic-false-hit,"The multimedia security is becoming more and more important as the data being exchanged on the Internet is increasing exponentially. Though cryptography is one of the methods which is used to secure the data during transit, but the camouflaged appearance of the scrambled data alerts the adversary about some critical information being shared. In such a scenario, steganography has been used as an alternate solution to secure the secret information. In this paper a color image steganographic algorithm based on hybrid edge detection is proposed. The color image is partitioned into constituent Red (R), Green (G) and Blue (B) planes. Hybrid edge detection is used for finding the edge and non-edge pixels of Green and Blue planes of cover image. The Green and Blue planes are used for hiding the data while Red plane holds the pixel status (whether edge or non-edge) of these planes. The RC4 encryption algorithm is used to encrypt secret message before embedding it in the cover image to enhance security of the secret data. A fragile watermark/logo (whose size is less than 1% of total secret data) has been embedded, besides secret data in the cover image, to facilitate content authentication and early tamper detection. At the receiver, firstly logo is extracted. If it is same as one embedded at transmitter, indicating that secret data has not been altered during transit, secret data is extracted. Otherwise (if extracted logo is not same as used at input) the receiver does not waste critical time to extract compromised data but sends an automatic retransmission request. Experimental investigations reveal that the proposed scheme is capable of providing high quality of stego-images for a fairly high pay load. A comparison of the proposed technique with some state of art schemes substantiates the above arguments.",dblp,llm,1.000,unreviewed,
discarded,"Advances in Intelligent Information Hiding and Multimedia Signal Processing - Proceedings of the Thirteenth International Conference on Intelligent Information Hiding and Multimedia Signal Processing, IIH-MSP 2017, August, 12-15, 2017, Matsue, Shimane, Japan, Part I",Jeng-Shyang Pan 0001; Pei-Wei Tsai; Junzo Watada; Lakhmi C. Jain,2018,"IIH-MSP, Smart Innovation, Systems and Technologies",10.1007/978-3-319-63856-0,https://dblp.org/rec/conf/iih-msp/2017-1,off-topic-false-hit,,dblp,llm,1.000,unreviewed,
discarded,"Advances in Intelligent Information Hiding and Multimedia Signal Processing - Proceedings of the Thirteenth International Conference on Intelligent Information Hiding and Multimedia Signal Processing, IIH-MSP 2017, August, 12-15, 2017, Matsue, Shimane, Japan, Part II",Jeng-Shyang Pan 0001; Pei-Wei Tsai; Junzo Watada; Lakhmi C. Jain,2018,"IIH-MSP, Smart Innovation, Systems and Technologies",10.1007/978-3-319-63859-1,https://dblp.org/rec/conf/iih-msp/2017-2,off-topic-false-hit,,dblp,llm,1.000,unreviewed,
discarded,"Information Hiding - 14th International Conference, IH 2012, Berkeley, CA, USA, May 15-18, 2012, Revised Selected Papers",Matthias Kirchner; Dipak Ghosal,2013,"Information Hiding, Lecture Notes in Computer Science",10.1007/978-3-642-36373-3,https://dblp.org/rec/conf/ih/2012,off-topic-false-hit,,dblp,llm,1.000,unreviewed,
discarded,Recent Advances in Information Hiding and Applications,Jeng-Shyang Pan 0001; Hsiang-Cheh Huang; Lakhmi C. Jain; Yao Zhao 0001,2013,"Recent Advances in Information Hiding and Applications, Intelligent Systems Reference Library",10.1007/978-3-642-28580-6,https://dblp.org/rec/series/isrl/40,off-topic-false-hit,,dblp,llm,1.000,unreviewed,
discarded,"Information Hiding - 13th International Conference, IH 2011, Prague, Czech Republic, May 18-20, 2011, Revised Selected Papers",Tomás Filler; Tomás Pevný; Scott Craver; Andrew D. Ker,2011,"Information Hiding, Lecture Notes in Computer Science",10.1007/978-3-642-24178-9,https://dblp.org/rec/conf/ih/2011,off-topic-false-hit,,dblp,llm,0.990,unreviewed,
discarded,"Information Hiding - 12th International Conference, IH 2010, Calgary, AB, Canada, June 28-30, 2010, Revised Selected Papers",Rainer Böhme; Philip W. L. Fong; Reihaneh Safavi-Naini,2010,"Information Hiding, Lecture Notes in Computer Science",10.1007/978-3-642-16435-4,https://dblp.org/rec/conf/ih/2010,off-topic-false-hit,,dblp,llm,0.990,unreviewed,
discarded,"Information Hiding, 11th International Workshop, IH 2009, Darmstadt, Germany, June 8-10, 2009, Revised Selected Papers",Stefan Katzenbeisser 0001; Ahmad-Reza Sadeghi,2009,"Information Hiding, Lecture Notes in Computer Science",10.1007/978-3-642-04431-1,https://dblp.org/rec/conf/ih/2009,off-topic-false-hit,,dblp,llm,0.990,unreviewed,
discarded,Information Hiding through Variance of the Parametric Orientation Underlying a B-rep Face.,Csaba Salamon; Jonathan R. Corney; James M. Ritchie,2008,Information Hiding,10.1007/978-3-540-88961-8_19,https://dblp.org/rec/conf/ih/SalamonCR08,off-topic-false-hit,,dblp,llm,0.990,unreviewed,
discarded,"Information Hiding, 9th International Workshop, IH 2007, Saint Malo, France, June 11-13, 2007, Revised Selected Papers",Teddy Furon; François Cayre; Gwenaël J. Doërr; Patrick Bas,2008,"Information Hiding, Lecture Notes in Computer Science",10.1007/978-3-540-77370-2,https://dblp.org/rec/conf/ih/2007,off-topic-false-hit,,dblp,llm,0.990,unreviewed,
discarded,"Information Hiding, 10th International Workshop, IH 2008, Santa Barbara, CA, USA, May 19-21, 2008, Revised Selected Papers",Kaushal Solanki; Kenneth Sullivan; Upamanyu Madhow,2008,"Information Hiding, Lecture Notes in Computer Science",10.1007/978-3-540-88961-8,https://dblp.org/rec/conf/ih/2008,off-topic-false-hit,,dblp,llm,0.990,unreviewed,
discarded,"Information Hiding, 8th International Workshop, IH 2006, Alexandria, VA, USA, July 10-12, 2006. Revised Selcted Papers",Jan Camenisch; Christian S. Collberg; Neil F. Johnson 0001; Phil Sallee,2007,"Information Hiding, Lecture Notes in Computer Science",10.1007/978-3-540-74124-4,https://dblp.org/rec/conf/ih/2006,off-topic-false-hit,,dblp,llm,0.990,unreviewed,
discarded,Information-Theoretic Analysis of Security in Side-Informed Data Hiding.,Luis Pérez-Freire; Pedro Comesaña; Fernando Pérez-González,2005,Information Hiding,10.1007/11558859_11,https://dblp.org/rec/conf/ih/Perez-FreireCP05,off-topic-false-hit,,dblp,llm,0.990,unreviewed,
discarded,"Information Hiding, 7th International Workshop, IH 2005, Barcelona, Spain, June 6-8, 2005, Revised Selected Papers",Mauro Barni; Jordi Herrera-Joancomartí; Stefan Katzenbeisser 0001; Fernando Pérez-González,2005,"Information Hiding, Lecture Notes in Computer Science",10.1007/11558859,https://dblp.org/rec/conf/ih/2005,off-topic-false-hit,,dblp,llm,0.990,unreviewed,
discarded,Information Hiding in Finite State Machine.,Lin Yuan; Gang Qu 0001,2004,Information Hiding,10.1007/978-3-540-30114-1_24,https://dblp.org/rec/conf/ih/YuanQ04,adjacent-subtopic,,dblp,llm,0.960,unreviewed,
discarded,"Information Hiding, 6th International Workshop, IH 2004, Toronto, Canada, May 23-25, 2004, Revised Selected Papers",Jessica J. Fridrich,2004,"Information Hiding, Lecture Notes in Computer Science",10.1007/B104759,https://dblp.org/rec/conf/ih/2004,off-topic-false-hit,,dblp,llm,0.990,unreviewed,
discarded,"Information Hiding, 5th International Workshop, IH 2002, Noordwijkerhout, The Netherlands, October 7-9, 2002, Revised Papers",Fabien A. P. Petitcolas,2003,"Information Hiding, Lecture Notes in Computer Science",10.1007/3-540-36415-3,https://dblp.org/rec/conf/ih/2002,off-topic-false-hit,,dblp,llm,0.990,unreviewed,
discarded,Information Hiding through Noisy Channels.,Valeri Korjik; Guillermo Morales-Luna,2001,Information Hiding,10.1007/3-540-45496-9_4,https://dblp.org/rec/conf/ih/KorjikM01,off-topic-false-hit,,dblp,llm,0.990,unreviewed,
discarded,A Perceptual Audio Hashing Algorithm: A Tool for Robust Audio Identification and Information Hiding.,Mehmet Kivanç Mihçak; Ramarathnam Venkatesan,2001,Information Hiding,10.1007/3-540-45496-9_5,https://dblp.org/rec/conf/ih/MihcakV01,off-topic-false-hit,,dblp,llm,0.990,unreviewed,
discarded,"Information Hiding, 4th International Workshop, IHW 2001, Pittsburgh, PA, USA, April 25-27, 2001, Proceedings",Ira S. Moskowitz,2001,"Information Hiding, Lecture Notes in Computer Science",10.1007/3-540-45496-9,https://dblp.org/rec/conf/ih/2001,off-topic-false-hit,,dblp,llm,0.990,unreviewed,
discarded,"Information Hiding, Third International Workshop, IH&apos;99, Dresden, Germany, September 29 - October 1, 1999, Proceedings",Andreas Pfitzmann,2000,"Information Hiding, Lecture Notes in Computer Science",10.1007/10719724,https://dblp.org/rec/conf/ih/1999,off-topic-false-hit,,dblp,llm,0.990,unreviewed,
discarded,Information Hiding to Foil the Casual Counterfeiter.,Daniel Gruhl; Walter Bender,1998,Information Hiding,10.1007/3-540-49380-8_1,https://dblp.org/rec/conf/ih/GruhlB98,off-topic-false-hit,,dblp,llm,0.990,unreviewed,
discarded,Reliable Blind Information Hiding for Images.,Lisa M. Marvel; Charles G. Boncelet Jr.; Charles T. Retter,1998,Information Hiding,10.1007/3-540-49380-8_4,https://dblp.org/rec/conf/ih/MarvelBR98,off-topic-false-hit,,dblp,llm,0.990,unreviewed,
discarded,"Information Hiding, Second International Workshop, Portland, Oregon, USA, April 14-17, 1998, Proceedings",David Aucsmith,1998,"Information Hiding, Lecture Notes in Computer Science",10.1007/3-540-49380-8,https://dblp.org/rec/conf/ih/1998,off-topic-false-hit,,dblp,llm,0.990,unreviewed,
discarded,Hiding Routing Information.,David M. Goldschlag; Michael G. Reed; Paul F. Syverson,1996,Information Hiding,10.1007/3-540-61996-8_37,https://dblp.org/rec/conf/ih/GoldschlagRS96,off-topic-false-hit,,dblp,llm,0.980,unreviewed,
discarded,Information Hiding Terminology - Results of an Informal Plenary Meeting and Additional Proposals.,Birgit Pfitzmann,1996,Information Hiding,10.1007/3-540-61996-8_52,https://dblp.org/rec/conf/ih/Pfitzmann96a,off-topic-false-hit,,dblp,llm,0.990,unreviewed,
discarded,Modulation and Information Hiding in Images.,Joshua R. Smith 0001; Barrett O. Comiskey,1996,Information Hiding,10.1007/3-540-61996-8_42,https://dblp.org/rec/conf/ih/SmithC96,off-topic-false-hit,,dblp,llm,0.990,unreviewed,
discarded,"Information Hiding, First International Workshop, Cambridge, UK, May 30 - June 1, 1996, Proceedings",Ross J. Anderson,1996,"Information Hiding, Lecture Notes in Computer Science",10.1007/3-540-61996-8,https://dblp.org/rec/conf/ih/1996,off-topic-false-hit,,dblp,llm,0.990,unreviewed,
