status,title,authors,year,venue,doi,url,tags,abstract,provider,decision_source,llm_confidence,llm_review_outcome,llm_change_direction
discarded,Designing a Safe Intersection Management Algorithm using Formal Methods,"Saraoglu, Mustafa; Pintscher, Johannes; Janschek, Klaus",2022,IFAC PAPERSONLINE,10.1016/j.ifacol.2022.07.577,https://www.webofscience.com/wos/woscc/full-record/WOS:000852737100004,adjacent-subtopic,"This paper presents an approach for designing correct-by-construction Autonomous Intersection Management (AIM) algorithms for autonomous vehicles using formal methods. The task of the AIM is to establish the right-of-way (priorities) for the incoming autonomous vehicles. Based on the assumption that the vehicles communicate their planned paths, namely the entering and the exiting points of the intersection, e.g., over V2I protocol, the AIM makes sure that the trajectories of the incoming vehicles do not overlap. We argue that traffic efficiency and flow can be increased with an intelligent algorithm; however, the safety of this algorithm should be verified formally and then tested in a simulation environment. In this paper, we use formal methods for synthesizing a control protocol with safety guarantees. The intersection and the incoming vehicles are modeled as transition systems; their composition constitutes the overall concurrent system. The control protocol is synthesized using a set of specifications (safety properties) written in Linear Temporal Logic (LTL). These LTL specifications are then converted to Buchi automata, and the product automaton with the concurrent system results in a new transition system verified by model-checking. Formal verification is complemented by simulation-based tests conducted in MOBATSim (Model-based Autonomous Traffic Simulation Framework). This approach increases the validation envelope for the correct behavior of the system and the validity of the assumptions made for modeling. The synthesis algorithms developed for MATLAB implementation are also published as an open-source library with documentation and case studies. Copyright (C) 2022 The Authors. This is an open access article under the CC BY-NC-ND license (https: //creativecommons.org/licenses/by-nc-nd/4.0/)",wos,llm,0.970,unreviewed,
kept,Modeling and proving hybrid programs with EVENT-B: An approach by generalization and instantiation,"Mammar, Amel; Afendi, Meryem; Laleau, Regine",2022,SCIENCE OF COMPUTER PROGRAMMING,10.1016/j.scico.2022.102856,https://www.webofscience.com/wos/woscc/full-record/WOS:000854135700004,adjacent-subtopic,"Hybrid systems are one of the most common mathematical models for Cyber-Physical Systems (CPSs). They combine discrete dynamics represented by state machines or finite automata with continuous behaviors represented by differential equations. The measurement of continuous behaviors is performed by sensors. When these sensors have a continuous access to these measurements, this kind of model is called an Event-Triggered model. The properties of such models are easier to prove, while their implementation is difficult in practice. Therefore, it is preferable to introduce a more concrete kind of model, called Time-Triggered models, where the sensors take periodic measurements. Contrary to Event-Triggered models, Time-Triggered models are much easier to implement, but much more difficult to verify. Based on the differential refinement logic (dRL), a dynamic logic for refinement relations on hybrid systems, it is possible to prove that a Time-Triggered model refines an Event-Triggered model. However, being done by hand, this proof is error -prone since no prover is available to support this logic. To overcome this limit, this paper introduces another correct-by-construction approach to prove this refinement, based on EVENT-B to take advantage of its well-defined refinement process and its support tools. We use the RODIN platform to develop EVENT-B models and its associated provers (automatic and interactive) to ensure their correctness. The obtained EVENT-B models are generic and can be then instantiated to model and prove any specific CPS. The proposed approach is illustrated by two frequently used CPS case studies. (C) 2022 Elsevier B.V. All rights reserved.",wos,llm,0.760,unreviewed,
discarded,Prototyping FPGA through overlays,"Bollengier, Theotime; Lagadec, Loic; Teodorov, Ciprian",2021,PROCEEDINGS OF THE 2021 32ND INTERNATIONAL WORKSHOP ON RAPID SYSTEM PROTOTYPING (RSP): SHORTENING THE PATH FROM SPECIFICATION TO PROTOTYPE,10.1109/RSP53691.2021.9806222,https://www.webofscience.com/wos/woscc/full-record/WOS:000852815000003,adjacent-subtopic,"EFPGAs give designers the flexibility to make changes at any point in the chip's life span, even in the customers' systems. Though, eFPGA are not efficient from an integration perspective, making proper dimensionning and tailoring mandatory. Unfortunately, designing an eFPGA is a complex and error-prone task. Even though automatic generation from high level models can produce correct-by-construction layouts, integration remains complex due to process variation. A key point is then to reduce the technology dependency.

This paper presents the ELNATH project in which three implementations of the same architecture have been addressed: overlay, eFPGA, and 55 nm FPGA thanks to an open-source integrated tool flow that supports defining, implementing and programming reconfigurable architectures.",wos,llm,0.950,unreviewed,
kept,Building Correct Hybrid Systems using EVENT- B and SAGEMATH: Illustration by the Hybrid Smart Heating System Case Study,"Afendi, Meryem; Mammar, Amel; Laleau, Regine",2022,2022 26TH INTERNATIONAL CONFERENCE ON ENGINEERING OF COMPLEX COMPUTER SYSTEMS (ICECCS 2022),10.1109/ICECCS54210.2022.00019,https://www.webofscience.com/wos/woscc/full-record/WOS:000852677200014,adjacent-subtopic,"Cyber-physical systems allow interactions with the physical world using a network of sensors and actuators. They also form basis of future technologies via engaging in innovating within many crucial fields: health, transport, smart grid, etc. Modeling cyber-physical systems requires handling the evolution of continuous measurements. Generally this evolution is represented by ordinary differential equations where the unknown variable denotes a set of functions that depend on a single independent variable. The aim of our work is to propose a correct-by-construction formal approach, based on the refinement technique of the EVENT- B method, to model and verify such systems. However, EVENT-B does not handle the resolution of ordinary differential equations. To overcome this limit, we suggest to combine EVENT- B with the differential equation solver SAGEMATH. This paper presents our approach by means of the hybrid smart heating system case study.",wos,llm,0.740,unreviewed,
discarded,Cost-aware process modeling in multiclouds,"Ritter, Daniel",2022,INFORMATION SYSTEMS,10.1016/j.is.2021.101969,https://www.webofscience.com/wos/woscc/full-record/WOS:001133975200009,off-topic-false-hit,"Process digitization and integration is an increasing need for enterprises. At the same time, process platform-as-a-service (PPaaS) vendors (e.g., business process- or integration-as-a-service) and their customers strive to minimize the cost of operation of platforms and processes. While current PPaaS technology mainly runs in single-clouds, multicloud settings are gaining importance. However, their promised freedom of selecting the best option for a specific problem is currently not realized. Moreover, important cloud-aspects like security constraints are handled in a cost-intensive manner for PPaaS vendors (e.g., by isolating tenants at container level). This leads to security vs. costs goal conflicts, while costs remain intransparent to process modelers.

In this work, we propose a design-time placement method for processes in multiclouds that is costoptimal for PPaaS problem sizes, and respects configurable security constraints of their customers. To make the solution tractable for larger, productive PPaaS processes deployments, it is relaxed by using a local search heuristic, and complemented by correctness-preserving model decomposition. This allows for a novel perspective on cost-aware process modeling from a process modeler's perspective.

The multicloud process placement is evaluated on real-world integration processes with respect to cost- and runtime-efficiency, resulting in interesting trade-offs. The process modeler's perspective is investigated based on a new cost-aware modeling process, featuring the interaction between the user and the PPaaS vendor through ad-hoc multicloud cost calculation and correctness-preserving, process cost reduction proposals. (c) 2021 Elsevier Ltd. All rights reserved.",wos,llm,0.980,unreviewed,
kept,Secure-by-construction synthesis of cyber-physical systems,"Liu, Siyuan; Trivedi, Ashutosh; Yin, Xiang; Zamani, Majid",2022,ANNUAL REVIEWS IN CONTROL,10.1016/j.arcontrol.2022.03.004,https://www.webofscience.com/wos/woscc/full-record/WOS:000807345600004,adjacent-subtopic,"Correct-by-construction synthesis is a cornerstone of the confluence of formal methods and control theory towards designing safety-critical systems. Instead of following the time-tested, albeit laborious (re)design-verify-validate loop, correct-by-construction methodology advocates the use of continual refinements of formal requirements - connected by chains of formal proofs - to build a system that assures the correctness by design. A remarkable progress has been made in scaling the scope of applicability of correct-by-construction synthesis - with a focus on cyber-physical systems that tie discrete-event control with continuous environment - to enlarge control systems by combining symbolic approaches with principled state-space reduction techniques.Unfortunately, in the security-critical control systems, the security properties are verified ex post facto the design process in a way that undermines the correct-by-construction paradigm. We posit that, to truly realize the dream of correct-by-construction synthesis for security-critical systems, security considerations must take center-stage with the safety considerations. Moreover, catalyzed by the recent progress on the opacity sub-classes of security properties and the notion of hyperproperties capable of combining security with safety properties, we believe that the time is ripe for the research community to holistically target the challenge of secure-by-construction synthesis. This paper details our vision by highlighting the recent progress and open challenges that may serve as bricks for providing a solid foundation for secure-by-construction synthesis of cyber-physical systems.",wos,llm,0.800,unreviewed,
discarded,Design of a Parameter-based Modeling Platform for Road Tunnel Supervisory Controllers,"Moormann, L.; van de Mortel-Fronczak, J. M.; Rooda, J. E.",2021,5TH IEEE CONFERENCE ON CONTROL TECHNOLOGY AND APPLICATIONS (IEEE CCTA 2021),10.1109/CCTA48906.2021.9658713,https://www.webofscience.com/wos/woscc/full-record/WOS:000808092400141,adjacent-subtopic,"Designing supervisory controllers for high-tech systems is a laborious and error-prone task. By using formal model-based methods, such as the supervisor synthesis method based on supervisory control theory (SCT), a correct-by-construction controller can be synthesized automatically from a model of the plant and a model of the requirements. Modeling for SCT, however, remains a cumbersome task for systems with large numbers of components. Moreover, modeling such systems requires extensive knowledge on SCT, e.g. regarding modeling formalisms and synthesis algorithms, as there exist relatively few modeling guidelines, especially when the components have complex dependencies. This paper proposes a parameter-based modeling approach that enables a designer to automatically generate the required models for synthesis and simulation by defining the parameters of a system within a product platform. The gained benefits include more efficient modeling while requiring less knowledge on SCT. The product platform in this paper considers supervisory controllers for road tunnels. The parameter-based modeling platform is implemented as a proof-of-concept configuration tool, is validated by means of simulation, and its applicability is shown in a case study for a family of 22 tunnels in the Netherlands.",wos,llm,0.960,unreviewed,
kept,Family-Based and Product-Based Development of Correct-by-Construction Software Product Lines,"Bordis, Tabea; Runge, Tobias; Schultz, David; Schaefer, Ina",2022,JOURNAL OF COMPUTER LANGUAGES,10.1016/j.cola.2022.101119,https://www.webofscience.com/wos/woscc/full-record/WOS:000811992100001,adjacent-subtopic,"Software product lines provide systematic software reuse to implement whole product families efficiently. Therefore, they are increasingly used to handle the growing demand of custom-tailored software variants including safety-critical systems as a domain of application. The requirements for safety-critical systems are generally higher and often demand for behavioral correctness to reduce the risk of dangerous situations in-field. However, the high variability of software product lines is still a big challenge for formal methods in general. We argue that the stepwise development approach correctness-by-construction is beneficial compared to post hoc verification approaches in dealing with the growing variability. Correctness-by-construction uses a set of refinement rules to incrementally create a correct program from a formal specification. In previous work, we already introduced variational correctness-by-construction to develop correct-by-construction software product lines in a product-based way. In this article, we extend our approach in three directions. First, we propose a feature-based specification technique matching the fine-grained specifications of correctness-by-construction. Second, we propose a family-based development approach to show the correctness of the product line as an alternative to the previous product-based approach. Third, we present our usability-improved tool VARCORC implementing our approach. In the evaluation, we compare the product-based development approach to the family-based approach using two case studies implemented with VARCORC.",wos,llm,0.840,unreviewed,
discarded,"All in One: Design, Verification, and Implementation of SNOW-optimal Read Atomic Transactions","Liu, Si",2022,ACM TRANSACTIONS ON SOFTWARE ENGINEERING AND METHODOLOGY,10.1145/3494517,https://www.webofscience.com/wos/woscc/full-record/WOS:000800599100010,adjacent-subtopic,"Distributed read atomic transactions are important building blocks of modern cloud databases that magnificently bridge the gap between data availability and strong data consistency. The performance of their transactional reads is particularly critical to the overall system performance, as many real-world database workloads are dominated by reads. Following the SNOW design principle for optimal reads, we develop LORA, a novel SNOW-optimal algorithm for distributed read atomic transactions. LORA completes its reads in exactly one round trip, even in the presence of conflicting writes, without imposing additional overhead to the communication, and it outperforms the state-of-the-art read atomic algorithms.

To guide LORA's development, we present a rewriting-logic-based framework and toolkit for design, verification, implementation, and evaluation of distributed databases. Within the framework, we formalize LORA and mathematically prove its data consistency guarantees. We also apply automatic model checking and statistical verification to validate our proofs and to estimate LORA's performance. We additionally generate from the formal model a correct-by-construction distributed implementation for testing and performance evaluation under realistic deployments. Our design-level and implementation-based experimental results are consistent, which together demonstrate LORA's promising data consistency and performance achievement.",wos,llm,0.910,unreviewed,
discarded,Ontologically correct taxonomies by construction,"Batista, Jeferson O.; Almeida, Joao Paulo A.; Zambon, Eduardo; Guizzardi, Giancarlo",2022,DATA & KNOWLEDGE ENGINEERING,10.1016/j.datak.2022.102012,https://www.webofscience.com/wos/woscc/full-record/WOS:000798803300011,adjacent-subtopic,"Taxonomies play a central role in conceptual domain modeling, having a direct impact in areas such as knowledge representation, ontology engineering, and software engineering, as well as knowledge organization in information sciences. Despite this, there is little guidance on how to build high-quality taxonomies, with notable exceptions being the OntoClean methodology, and the ontology-driven conceptual modeling language OntoUML. These techniques take into account the ontological meta-properties of types to establish well-founded rules on the formation of taxonomic structures. In this paper, we show how to leverage the formal rules underlying these techniques in order to build taxonomies which are correct by construction. We define a set of correctness-preserving operations to systematically introduce types and subtyping relations into taxonomic structures. In addition to considering the ontological micro-theory of endurant types underlying OntoClean and OntoUML, we also employ the MLT (Multi-Level Theory) micro-theory of high-order types, which allows us to address multi-level taxonomies based on the powertype pattern. To validate our proposal, we formalize the model building operations as a graph grammar that incorporates both micro-theories. We apply automatic verification techniques over the grammar language to show that the graph grammar is sound, i.e., that all taxonomies produced by the grammar rules are correct, at least up to a certain size. We also show that the rules can generate all correct taxonomies up to a certain size (a completeness result).",wos,llm,0.970,unreviewed,
discarded,One-Way Restarting Automata and Their Sensitivity,"Platek, Martin; Otto, Friedrich; Mraz, Frantisek",2022,INTERNATIONAL JOURNAL OF FOUNDATIONS OF COMPUTER SCIENCE,10.1142/S0129054122410106,https://www.webofscience.com/wos/woscc/full-record/WOS:000797246300011,off-topic-false-hit,"Here we establish and study some rigorous tools suitable for the lexicalized syntactic analysis (LSA) of natural and formal languages. Motivated by the linguistic method of analysis by reduction, we are interested in correctness preserving LSA. We introduce a suitable model of automata, the h-lexicalized one-way restarting automata (h-RRWW), and compare the properties of their input languages, which are the languages considered traditionally in automata theory, to the properties of the so-called basic and h-proper languages. These languages form the basic components for LSA.

With respect to their input languages, h-RRWW-automata are not sensitive to the size of the read/write window and they allow computations that are far from being correctness preserving. On the other hand, for their basic and h-proper languages, h-RRWW-automata ensure that the resulting computations are completely correctness preserving, and they yield infinite ascending hierarchies of language classes within the regular, the context-free, and the context-sensitive languages that are based on the size of the read/write window.",wos,llm,0.970,unreviewed,
discarded,Synthesizing Fine-Grained Synchronization Protocols for Implicit Monitors,"Ferles, Kostas; Sepanski, Benjamin; Krishnan, Rahul; Bornholt, James; Dillig, Isil",2022,PROCEEDINGS OF THE ACM ON PROGRAMMING LANGUAGES-PACMPL,10.1145/3527311,https://www.webofscience.com/wos/woscc/full-record/WOS:000790329300003,adjacent-subtopic,"A monitor is a widely-used concurrent programming abstraction that encapsulates all shared state between threads. Monitors can be classified as being either implicit or explicit depending on the primitives they provide. Implicit monitors are much easier to program but typically not as efficient. To address this gap, there has been recent research on automatically synthesizing explicit-signal monitors from an implicit specification, but prior work does not exploit all paralellization opportunities due to the use of a single lock for the entire monitor. This paper presents a new technique for synthesizing fine-grained explicit-synchronization protocols from implicit monitors. Our method is based on two key innovations: First, we present a new static analysis for inferring safe interleavings that allow violating mutual exclusion of monitor operations without changing its semantics. Second, we use the results of this static analysis to generate a MaxSAT instance whose models correspond to correct-by-construction synchronization protocols. We have implemented our approach in a tool called CORTADO and evaluate it on monitors that contain parallelization opportunities. Our evaluation shows that CORTADO can synthesize synchronization policies that are competitive with, or even better than, expert-written ones on these benchmarks.",wos,llm,0.930,unreviewed,
