status,title,authors,year,venue,doi,url,tags,abstract,provider,decision_source,llm_confidence,llm_review_outcome,llm_change_direction
kept,Top-down Design of a CS Curriculum for a Computer Games BA,Nuno Fachada; Nélio Códices,2020,,10.1145/3341525.3387378,https://openalex.org/W3032904114,supports-claim,"Computer games are complex products incorporating software, design and art. Consequently, their development is a multidisciplinary effort, requiring professionals from several fields, who should nonetheless be knowledgeable across disciplines. Due to the variety of skills required, and in order to train these professionals, computer game development (GD) degrees have been appearing in North America and Europe since the late 1990s. Following this trend, several GD degrees have emerged in Portugal. Given the lack of specialized academic staff, not uncommon in younger scientific areas, some of these degrees ""borrowed"" computer science (CS) programs and faculty within the same institution, leading in some cases to a disconnect between CS theory and practice and the requirements of GD classes. In this paper, we discuss our experience in adapting the CS curriculum of a three-year computer games BA in accordance with GD requirements. We used a top-down approach, where the game engine used for GD informs the choice of CS topics and programming languages lectured in the CS curriculum. The discussion is centered around the choices taken and the theoretical and empirical rationale behind our decisions. Preliminary empirical results indicate a substantial increase in GD project quality and a clear improvement in the students' technical skills, as well as in their experimentation and adaptation capabilities.",openalex,llm,0.780,unreviewed,
discarded,Technology to Support Aging in Place: Older Adults’ Perspectives,Shengzhi Wang; Khalisa Bolling; Wenlin Mao; Jennifer Reichstadt; Dilip V. Jeste; Ho‐Cheol Kim; Camille Nebeker,2019,Healthcare,10.3390/healthcare7020060,https://openalex.org/W2939655429,off-topic-false-hit,"The U.S. population over 65 years of age is increasing. Most older adults prefer to age in place, and technologies, including Internet of things (IoT), Ambient/Active Assisted Living (AAL) robots and other artificial intelligence (AI), can support independent living. However, a top-down design process creates mismatches between technologies and older adults' needs. A user-centered design approach was used to identify older adults' perspectives regarding AAL and AI technologies and gauge interest in participating in a co-design process. A survey was used to obtain demographic characteristics and assess privacy perspectives. A convenience sample of 31 retirement community residents participated in one of two 90-min focus group sessions. The semi-structured group interview solicited barriers and facilitators to technology adoption, privacy attitudes, and interest in project co-design participation to inform technology development. Focus group sessions were audiotaped and professionally transcribed. Transcripts were reviewed and coded to identify themes and patterns. Descriptive statistics were applied to the quantitative data. Identified barriers to technology use included low technology literacy, including lack of familiarity with terminology, and physical challenges, which can make adoption difficult. Facilitators included an eagerness to learn, interest in co-design, and a desire to understand and control their data. Most participants identified as privacy pragmatics and fundamentalists, indicating that privacy is important to older adults. At the same time, they also reported a willingness to contribute to the design of technologies that would facilitate aging independently. There is a need to increase technology literacy of older adults along with aging literacy of technologists.",openalex,llm,0.990,unreviewed,
kept,The partial metrics system: modeling the stepwise refinement process using partial metrics,Robert G. Reynolds,1987,Communications of the ACM,10.1145/32206.32211,https://openalex.org/W1978888347,supports-claim,"The Partial Metrics System design is explained, with an emphasis on the refinement process. A model, with its three phases, shows that the pseudocode refinement process can be monitored in partial metric terms.",openalex,llm,0.840,unreviewed,
discarded,"Behavioral and Other Human Ecologies: Critique, Response and Progress through Criticism",Bruce Winterhalder,2002,Journal of Ecological Anthropology,10.5038/2162-4593.6.1.1,https://openalex.org/W2045703429,off-topic-false-hit,"This paper has three goals: (1) to define the anthropological subfield of human behavioral ecology (HBE) and characterize recent progress in this research tradition; (2) to address Joseph's (2000) critique of HBE from the perspective of an advocate of that field; and (3) to suggest features that make for effective criticism of research traditions. (1) HBE attempts to understand intra- and inter-societal diversity in human behavior as the product of species-wide adaptive goals which must be realized in highly diverse, socio-environmental circumstances. Theoretically, HBE draws selectively from neo-Darwinism and its cultural-evolutionary analogs, from micro-economics, and from elements of formal decision and game theory. Applications generally use simple, formal models as heuristic devices for generating testable hypotheses about resource use, reproductive and social behavior, and life history traits. (2) Using Kuhn's (1977) and McMullin's (1983) criteria for assessing progress in a research tradition, I examine Joseph's review of HBE, indicating the several points on which we agree and the greater number for which I believe her criticisms are misplaced or in error. (3) Finally, I try to describe general features of effective critique, in the sense of critical commentary that enables the advance of scientific understanding through collective scholarly effort. Such criticism will be necessary if we are to sort out the relative strengths and potential contributions of the several research traditions in human ecology (e.g., cultural ecology, historical ecology, political ecology, etc.).",openalex,llm,0.990,unreviewed,
discarded,Performance criteria for graph clustering and Markov cluster experiments,Stijn van Dongen,2000,"Centrum Wiskunde & Informatica (CWI), the national research institute for mathematics and computer science in the Netherlands",,https://openalex.org/W2152144380,off-topic-false-hit,"In~[1] a cluster algorithm for graphs was introduced called the Markov cluster algorithm or MCL~algorithm. The algorithm is based on simulation of (stochastic) flow in graphs by means of alternation of two operators, expansion and inflation. The results in~[2] establish an intrinsic relationship between the corresponding algebraic process (MCL~process) and cluster structure in the iterands and the limits of the process. Several kinds of experiments conducted with the MCL~algorithm are described here. Test cases with varying homogeneity characteristics are used to establish some of the particular strengths and weaknesses of the algorithm. In general the algorithm performs well, except for graphs which are very homogeneous (such as weakly connected grids) and for which the natural cluster diameter (i.e. the diameter of a subgraph induced by a natural cluster) is large. This can be understood in terms of the flow characteristics of the MCL~algorithm and the heuristic on which the algorithm is grounded. A generic performance criterion for clusterings of weighted graphs is derived, by a stepwise refinement of a simple and appealing criterion for simple graphs. The most refined criterion uses a particular Schur convex function, several properties of which are established. A metric is defined on the space of partitions, which is useful for comparing different clusterings of the same graph. The metric is compared with the metric known as the equivalence mismatch coefficient. The performance criterion and the metric are used for the quantitative measurement of experiments conducted with the MCL~algorithm on randomly generated test graphs with 10000 nodes. Scaling the MCL~algorithm requires a regime of pruning the stochastic matrices which need to be computed. The effect of pruning on the quality of the retrieved clusterings is also investigated. [1] A cluster algorithm for graphs. Technical report INS-R0010, National Research Institute for Mathematics and Computer Science in the Netherlands, Amsterdam, 2000. [2] A stochastic uncoupling process for graphs. Technical report INS-R0011, National Research Institute for Mathematics and Computer Science in the Netherlands, Amsterdam, 2000.",openalex,llm,0.970,unreviewed,
discarded,"Recycling of MSWI Bottom Ash: A Review of Chemical Barriers, Engineering Applications and Treatment Technologies",Bram Verbinnen; Pieter Billen; Jo Van Caneghem; Carlo Vandecasteele,2016,Waste and Biomass Valorization,10.1007/s12649-016-9704-0,https://openalex.org/W2524706376,off-topic-false-hit,,openalex,llm,0.990,unreviewed,
kept,Computer programming and the human thought process,William J. Tracz,1979,Software Practice and Experience,10.1002/spe.4380090207,https://openalex.org/W2100196607,supports-claim,"Abstract This paper analyses certain human thought processes associated with computer programming and observes some limitations, inherent in the human mind, that affect the writing of good computer programs. The thought processes associated with computer programming fall into two major categories: those associated with the nature of problem solving; and those associated with man/computer communication using conventional programming languages. The questions raised in this paper bring to light the psychological and physiological implications of such programming tools and procedures as structured programming, code walkthroughs and top‐down design in support of their use.",openalex,llm,0.880,unreviewed,
kept,On determinism in modal transition systems,Nikola Beneš; Jan Křetínský; Kim G. Larsen; Jǐŕı Srba,2009,Theoretical Computer Science,10.1016/j.tcs.2009.06.009,https://openalex.org/W1963951244,supports-claim,,openalex,llm,0.910,unreviewed,
kept,Analysis of structured programs,S. Rao Kosaraju,1973,,10.1145/800125.804055,https://openalex.org/W2087161072,supports-claim,"We investigate various control structures to understand their computational complexity and limitations. It is generally felt that GOTO-less programs constructed from the classical primitives are very restrictive; structured programming languages like BLISS, however, incorporating Repeat-Exit constructs appear to ease this sense of restrictiveness. In this paper we analyze this construct. We answer a conjecture of Knuth and Floyd as a special case of the general theory. We also investigate a general Top-Down Programming construct, which we call the TDn-construct.",openalex,llm,0.860,unreviewed,
kept,Stepwise refinement of heap-manipulating code in Chalice,K. Rustan M. Leino; Kuat Yessenov,2012,Formal Aspects of Computing,10.1007/s00165-012-0254-3,https://openalex.org/W2056896376,supports-claim,"Abstract Stepwise refinement is a well-studied technique for developing a program from an abstract description to a concrete implementation. This paper describes a system with automated tool support for refinement, powered by a state-of-the-art verification engine that uses an SMT solver. Unlike previous refinement systems, users of the presented system interact only via declarations in the programming language. Another aspect of the system is that it accounts for dynamically allocated objects in the heap, so that data representations in an abstract program can be refined into ones that use more objects. Finally, the system uses a language with familiar imperative features, including sequential composition, loops, and recursive calls, offers a syntax with skeletons for describing program changes between refinements, and provides a mechanism for supplying witnesses when refining non-deterministic programs.",openalex,llm,0.990,unreviewed,
discarded,Submodule construction as equation solving in CCS,Joachim Parrow,1989,Theoretical Computer Science,10.1016/0304-3975(89)90128-x,https://openalex.org/W2167005186,adjacent-subtopic,,openalex,llm,0.850,unreviewed,
discarded,Efficient nesting of congruent convex figures,Dov Dori; Moshe Ben-Bassat,1984,Communications of the ACM,10.1145/357994.358022,https://openalex.org/W2146658462,off-topic-false-hit,"Optimal nesting is the arrangement of twodimensional polygons within a rectangular board so that waste is minimized. Our approach follows a top-down, stepwise refinement of the original problem into simpler subproblems; the combined solution of all of the problems permits the solution of the original problem. We first show that the original problem can be decomposed into two subproblems--one consisting of finding all convex paver polygons and the other of optimal (minimal waste) circumscription of the original figure in the most appropriate paver polygon.",openalex,llm,0.910,unreviewed,
discarded,Middle-out methods for spatiotemporal tissue engineering of organoids,Michael R. Blatchley; Kristi S. Anseth,2023,Nature Reviews Bioengineering,10.1038/s44222-023-00039-3,https://openalex.org/W4324032821,off-topic-false-hit,,openalex,llm,0.960,unreviewed,
discarded,State exploration by transformation with lola,Juan Quemada; Santiago Pavón; Ángel Julián Martín Fernández,1990,Lecture notes in computer science,10.1007/3-540-52148-8_25,https://openalex.org/W1728948300,adjacent-subtopic,,openalex,llm,0.820,unreviewed,
kept,A software engineering approach to introductory programming courses,Mack Alford; Pei Hsia; Frederick E. Petry,1977,ACM SIGCSE Bulletin,10.1145/382063.803381,https://openalex.org/W2038773120,supports-claim,"This paper describes an approach that can introduce some of the concepts of software engineering to general business, engineering, and science students in an introductory FORTRAN programming course. The approach integrates the notions of top-down design, stepwise refinement, structured flowcharting, test case description, and analysis in the context of a methodology for systematically developing and documenting programs. Qualitative results from teaching these concepts are presented.",openalex,llm,0.980,unreviewed,
kept,A software engineering approach to introductory programming courses,M. Alford; P. Hsia; F. Petry,1977,,10.1145/800104.803381,https://openalex.org/W4247261065,supports-claim,"This paper describes an approach that can introduce some of the concepts of software engineering to general business, engineering, and science students in an introductory FORTRAN programming course. The approach integrates the notions of top-down design, stepwise refinement, structured flowcharting, test case description, and analysis in the context of a methodology for systematically developing and documenting programs. Qualitative results from teaching these concepts are presented.",openalex,llm,0.980,unreviewed,
kept,The earlier the better,Marc Geilen; Stavros Tripakis; Maarten H. Wiggers,2011,,10.1145/1967701.1967707,https://openalex.org/W2118635884,adjacent-subtopic,"Programming embedded and cyber-physical systems requires attention not only to functional behavior and correctness, but also to non-functional aspects and specifically timing and performance.A structured, compositional, model-based approach based on stepwise refinement and abstraction techniques can support the development process, increase its quality and reduce development time through automation of synthesis, analysis or verification.Toward this, we introduce a theory of timed actors whose notion of refinement is based on the principle of worst-case design that permeates the world of performance-critical systems.This is in contrast with the classical behavioral and functional refinements based on restricting sets of behaviors.Our refinement allows time-deterministic abstractions to be made of timenon-deterministic systems, improving efficiency and reducing complexity of formal analysis.We show how our theory relates to, and can be used to reconcile existing time and performance models and their established theories.",openalex,llm,0.770,unreviewed,
kept,Stepwise Refinement of Processes,Steve Reeves; David Streader,2006,Electronic Notes in Theoretical Computer Science,10.1016/j.entcs.2006.05.028,https://openalex.org/W2085880527,supports-claim,"Industry is looking to create a market in reliable “plug-and-play” components. To model components in a modular style it would be useful to combine event-based and state-based reasoning. One of the first steps in building an event-based model is to decide upon a set of atomic actions. This choice will depend on the formalism used, and may restrict in quite unexpected ways what we are able to formalise. In this paper we illustrate some limits to developing real world processes using existing formalisms, and we define a new notion of refinement, vertical refinement, which addresses some of these limitations. We show that using vertical refinement we can rewrite a specification into a different formalism, allowing us to move between handshake processes, broadcast processes and abstract data types.",openalex,llm,0.970,unreviewed,
discarded,Towards a global drylands observing system: Observational requirements and institutional solutions,Michel M. Verstraete; C. F. Hutchinson; Alan Grainger; Mark Stafford‐Smith; Robert J. Scholes; James F. Reynolds; Paulo Barbosa; Andrea Sofia Garcia de León; Cheikh Mbow,2010,Land Degradation and Development,10.1002/ldr.1046,https://openalex.org/W2125529385,off-topic-false-hit,"Abstract Quantitative data on dryland changes and their effects on the people living there are required to support policymaking and environmental management at all scales. Data are regularly acquired by international, national or local entities, but presently exhibit specific gaps. Promoting sustainable development in drylands necessitates a much stronger integration, coordination and synthesis of available information. Space‐based remote sensing systems continue to play an important role but do not fulfill all needs. Dedicated networks and observing systems, operating over a wide range of scales and resolutions, are needed to address the key issues that concern decision‐makers at the scale of local communities, countries and the international community. This requires a mixture of ‘bottom–up’ and ‘top–down’ design principles, and multiple ownership of the resultant system. This paper reviews the limitations of current observing systems and suggests establishing a Global Drylands Observing System, which would capitalize on the achievements of systems already established to support the other Rio Conventions. This Global Drylands Observing System would provide an integrated, coherent entry point and user interface to a range of underlying information systems, identify and help generate missing information, propose a set of standards for the acquisition, archiving and distribution of data where these are lacking, evaluate the quality and reliability of these data and promote scientific research in these fields by improving access to data. The paper outlines the principles and main objectives of a Global Drylands Observing System and calls for renewed efforts to invigorate cooperation mechanisms between the many global environmental conventions. Copyright © 2010 John Wiley & Sons, Ltd.",openalex,llm,0.980,unreviewed,
discarded,Towards Unity for Health Utilising Community-Oriented Primary Care in Education and Practice,Bruno Art; Leen De Roo; Jan De Maeseneer,2007,Education for Health,10.4103/1357-6283.101614,https://openalex.org/W1965215134,off-topic-false-hit,"CONTEXT: Although the evidence is overwhelming that healthcare is delivered more effectively if one involves the targeted communities in decisions concerning their health, top-down programs still rule the world. OBJECTIVES: In order to highlight the benefits of a community-oriented approach, we report the experiences from Ghent, Belgium on COPC styled healthcare initiatives and COPC modelled multidisciplinary education. Community-oriented Primary Care and Education: COPC is a five-step model combining primary health care, public health and community data and resources. The involvement of community (members) is a crucial element in any effort to effectively enhance health (care) in a given community. Small scale examples from two health centers are given. In order to train future healthcare workers to be able to function with the communities, they participate in a one-week interdisciplinary course based on the COPC cycle at the University of Ghent. The COPC program in relation to Its practical organisation, goals and limitations are presented and discussed. CONCLUSION: In order to reach health objectives set out by disease-specific or health promotion programs, a community-sensitive approach is needed, especially for the most deprived communities. The COPC model offers inspiration and can be a practical tool to work with communities. It is also feasible to create a short COPC exercise to prepare future healthcare workers for complex community work. This model is one of the ways to concretise some of the main objectives of TUFH.",openalex,llm,0.990,unreviewed,
