status,title,authors,year,venue,doi,url,tags,abstract,provider,decision_source,llm_confidence,llm_review_outcome,llm_change_direction
discarded,Assessing SMT and CLP approaches for workflow nets verification,"Bride, Hadrien; Kouchnarenko, Olga; Peureux, Fabien; Voiron, Guillaume",2018,INTERNATIONAL JOURNAL ON SOFTWARE TOOLS FOR TECHNOLOGY TRANSFER,10.1007/s10009-018-0486-5,https://www.webofscience.com/wos/woscc/full-record/WOS:000437248300007,adjacent-subtopic,"In the actual business world, companies rely more and more on workflows to model the core of their business processes. In this context, the focus of workflow analysts is made on the verification of workflows specifications, in particular of modal specifications that allow the description of necessary or admissible behaviors. The design and the analysis of business processes commonly relies on workflow nets, a suited class of Petri nets. The goal of this paper is to evaluate and compare in a deep way two resolution methods-satisfiability modulo theory and constraint logic programming-applied to the verification of modal specifications over workflow nets. Firstly, it provides a concise description of the verification methods based on constraint solving. Secondly, it introduces the toolchain developed to automate the full verification process. Thirdly, it describes the experimental protocol designed to evaluate and compare the scalability and efficiency of both resolution approaches and reports on the obtained results. Finally, these obtained results are discussed in detail, lessons learned from these experiments are given, and, on the basis of experiments feedback, directions for improvement and future work are suggested.",wos,llm,0.900,unreviewed,
discarded,"LECTURE, FLIP, INTEGRATE, AND FOCUS: A CASE STUDY ON STEPWISE TRANSFORMATION OF AN INDUSTRIAL NETWORKING COURSE FROM LECTURING TO INTEGRATED TEAM LEARNING","Bjorn, Kari",2017,"INTED2017: 11TH INTERNATIONAL TECHNOLOGY, EDUCATION AND DEVELOPMENT CONFERENCE",,https://www.webofscience.com/wos/woscc/full-record/WOS:000427401302146,off-topic-false-hit,"A major change within the Finnish system of Universities of Applied Sciences was introduced as a governmental reform in 2014. [Helsinki] Metropolia University of Applied Sciences (MUAS)(1) introduced changes, especially in all engineering programmes. The rationale of the steering reforms are briefly introduced.

As an institutional response, many UAS's reacted in their own way and strategy. MUAS in general, introduced larger units of teaching and learning. A fragmented curriculum including dozens courses, typically 3 ECTS can be challenging. If they run in parallel for the whole of academic semester, the student may have up to 10 courses in parallel. Losing of focus is easy. The general principles of the new curricula is discussed.

The main structural changes were introducing minimal load of a course to 5 ECTS and compressing the length of all courses to half-semester, i.e. 8 weeks. This creates the parallel load on three courses only. Some programmes went even further, especially in the first study year, by integrating these into 15 ECTS integrated theme per each half-semester, now to be called a period. This style of integration into periods was in various forms introduced by many degree programmes, such as in Information and Communications Technology, and Electronics and Automation. Learning outcomes are discussed using Industrial Networking course as example, both comparative and longitudinal between the old and reformed curricula.

The implementation shifts activity away from lecturing towards various forms of flipped classroom, using lecturing style only to introduce new tasks, leaving more teaching resources to help with the learning tasks. Subject matter integration into larger thematic areas, often in project form, forces to integrated teacher team collaboration at least in weekly basis. A tight coupling of teaching activity and removal of potentially irrelevant or overlapping substance matter enhances more focused student learning experience. A case study of stepwise refinement is discussed.

This paper focuses on this stepwise transformation process as a case study of one 3 ECTS course: Industrial Networking, originally implemented by one lecturer to a 15 ECTS course, implemented by team of four teachers. Four of the course implementations are in various individual forms, followed by the 5th implementation in an attempted integrated form. The three first implementations are analysed based on lecturer's own reflection on the structure and implementation. The last two are compared using a student feedback, both quantitative and qualitative. In both implementations the content of the subject matter and the learning objective has been relatively unchanged, however the transformation process over the various teaching methods provides an insight of a change process as a case.

Other experiences in MUAS, especially in ICT major of Health Technology, have shown a way forward to even larger, thematically integrated semesters, but now with highly integrated student learning experience, including an applied project work, mainly done to real clients outside the UAS. This case study is based and supported strongly by the thematic mind-set. Industrial Networking being the first implementation of the author in area of Automation technology, some areas of development, both in implementation details and in teacher team co-operation could be critically reflected, based on student feedback. Keywords:",wos,llm,0.980,unreviewed,
kept,Correct by Construction Networks using Stepwise Refinement,"Ryzhyk, Leonid; Bjorner, Nikolaj; Canini, Marco; Jeannin, Jean-Baptiste; Schlesinger, Cole; Terry, Douglas B.; Varghese, George",2017,PROCEEDINGS OF NSDI '17: 14TH USENIX SYMPOSIUM ON NETWORKED SYSTEMS DESIGN AND IMPLEMENTATION,,https://www.webofscience.com/wos/woscc/full-record/WOS:000427296400043,supports-claim,"Building software-defined network controllers is an exercise in software development and, as such, likely to introduce bugs. We present Cocoon, a framework for SDN development that facilitates both the design and verification of complex networks using stepwise refinement to move from a high-level specification to the final network implementation.

A Cocoon user specifies intermediate design levels in a hierarchical design process that delineates the modularity in complicated network forwarding and makes verification extremely efficient. For example, an enterprise network, equipped with VLANs, ACLs, and Level 2 and Level 3 Routing, can be decomposed cleanly into abstractions for each mechanism, and the resulting stepwise verification is over 200x faster than verifying the final implementation. Cocoon further separates static network design from its dynamically changing configuration. The former is verified at design time, while the latter is checked at run time using statically defined invariants. We present six different SDN use cases including B4 and F10. Our performance evaluation demonstrates that Cocoon is not only faster than existing verification tools but can also find many bugs statically before the network design has been fully specified.",wos,llm,0.960,unreviewed,
discarded,Time-sensitive Information Flow Control in Timed Event-B,"Mu, Chunyan; Qin, Shengchao",2017,PROCEEDINGS 11TH 2017 INTERNATIONAL SYMPOSIUM ON THEORETICAL ASPECTS OF SOFTWARE ENGINEERING (TASE),,https://www.webofscience.com/wos/woscc/full-record/WOS:000426968400010,adjacent-subtopic,"Protecting confidential data in today's computing environments is an important problem. Information flow control can help to avoid information leakage and violations introduced by executing the software applications. In software development cycle, it is important to handle security related issues from the beginning specifications at the level of abstract. Mu [1] investigated the problem of preserving information flow security in the Event-B specification models. A typed Event-B model was presented to enforce information flow security and to prevent direct flows introduced by the system. However, in practice, timing behaviours of programs can also introduce a covert flow. The problem of run-time flow monitoring and controlling must also be addressed. This paper investigates information flow control in the Event-B specification language with timing constructs. We present a timed Event-B system by introducing timers and relevant time constraints into the system events. We suggest a time-sensitive flow security condition for the timed Event-B systems, and present a type system to close the covert channels of timing flows for the system by ensuring the security condition. We then investigate how to refine timed events during the stepwise refinement modelling to satisfy the security condition.",wos,llm,0.840,unreviewed,
discarded,Synthesis of Liveness Enforcing Supervisory Policies In Petri Nets by Stepwise Refinement,"Somnath, N.; Sreenivas, R. S.",2017,PROCEEDINGS OF THE 2017 12TH IEEE CONFERENCE ON INDUSTRIAL ELECTRONICS AND APPLICATIONS (ICIEA),,https://www.webofscience.com/wos/woscc/full-record/WOS:000426994400098,adjacent-subtopic,"The refinement procedure of Suzuki and Murata [I] combines two Petri Nets (PNs) N-1(m(1)(0)) and N-2(m(2)(0)) in a prescribed manner to obtain a PN N-3(m(3)(0)). Under appropriate conditions, the liveness of the PNs N-1(m(1)(0)) and N-2(m(2)(0)) implies the liveness of the PN N-3(m(3)(0)).

A PN that is nut live, can be made live by a liveness enforcing supervisory policv (LESP). In this paper, we develop the results of Suzuki and Murata to yield a class of PNs for which an LESP for N-3(m(3)(0)) can be represented in terms of local-LESPs for N-1(m(1)(0)) and N-2(m(2)(0)).",wos,llm,0.820,unreviewed,
kept,Logic plus control: On program construction and verification,"Drabent, Wlodzimierz",2018,THEORY AND PRACTICE OF LOGIC PROGRAMMING,10.1017/S1471068417000047,https://www.webofscience.com/wos/woscc/full-record/WOS:000423765600001,supports-claim,"This paper presents an example of formal reasoning about the semantics of a Prolog program of practical importance (the SAT solver of Howe and King). The program is treated as a definite clause logic program with added control. The logic program is constructed by means of stepwise refinement, hand in hand with its correctness and completeness proofs. The proofs are declarative - they do not refer to any operational semantics. Each step of the logic program construction follows a systematic approach to constructing programs which are provably correct and complete. We also prove that correctness and completeness of the logic program is preserved in the final Prolog program. Additionally, we prove termination, occur-check freedom and non-floundering.

Our example shows how dealing with ""logic"" and with ""control"" can be separated. Most of the proofs can be done at the ""logic"" level, abstracting from any operational semantics.

The example employs approximate specifications; they are crucial in simplifying reasoning about logic programs. It also shows that the paradigm of semantics-preserving program transformations may be not sufficient. We suggest considering transformations which preserve correctness and completeness with respect to an approximate specification.",wos,llm,0.950,unreviewed,
kept,Formal Verification of an Executable LTL Model Checker with Partial Order Reduction,"Brunner, Julian; Lammich, Peter",2018,JOURNAL OF AUTOMATED REASONING,10.1007/s10817-017-9418-4,https://www.webofscience.com/wos/woscc/full-record/WOS:000419897300002,supports-claim,"We present a formally verified and executable on-the-fly LTL model checker that uses ample set partial order reduction. The verification is done using the proof assistant Isabelle/HOL and covers everything from the abstract correctness proof down to the generated SML code. Building on Doron Peled's paper ""Combining Partial Order Reductions with On-the-Fly Model-Checking"", we formally prove abstract correctness of ample set partial order reduction. This theorem is independent of the actual reduction algorithm. We then verify a reduction algorithm for a simple but expressive fragment of Promela. We use static partial order reduction, which allows separating the partial order reduction and the model checking algorithms regarding both the correctness proof and the implementation. Thus, the Cava model checker that we verified in previous work can be used as a back end with only minimal changes. Finally, we generate executable SML code using a stepwise refinement approach. We test our model checker on some examples, observing the effectiveness of the partial order reduction algorithm.",wos,llm,0.950,unreviewed,
discarded,Formal Verification of an Executable LTL Model Checker with Partial Order Reduction,"Brunner, Julian; Lammich, Peter",2016,"NASA FORMAL METHODS, NFM 2016",10.1007/978-3-319-40648-0_23,https://www.webofscience.com/wos/woscc/full-record/WOS:000386324800023,adjacent-subtopic,"We present a formally verified and executable on-the-fly LTL model checker that uses ample set partial order reduction. The verification is done using the proof assistant Isabelle/HOL and covers everything from the abstract correctness proof down to the generated SML code. Building on Doron Peled's paper ""Combining Partial Order Reductions with On-the-Fly Model-Checking"", we formally prove abstract correctness of ample set partial order reduction. This theorem is independent of the actual reduction algorithm. We then verify a reduction algorithm for a simple but expressive fragment of Promela. We use static partial order reduction, which allows separating the partial order reduction and the model checking algorithms regarding both the correctness proof and the implementation. Thus, the Cava model checker that we verified in previous work can be used as a back end with only minimal changes. Finally, we generate executable SML code using a stepwise refinement approach. We test our model checker on some examples, observing the effectiveness of the partial order reduction algorithm.",wos,llm,0.950,unreviewed,
discarded,Logical Characterisations and Compositionality of Input-Output Conformance Simulation,"Aceto, Luca; Fabregas, Ignacio; Gregorio-Rodriguez, Carlos; Ingolfsdottir, Anna",2017,SOFSEM 2017: THEORY AND PRACTICE OF COMPUTER SCIENCE,10.1007/978-3-319-51963-0_4,https://www.webofscience.com/wos/woscc/full-record/WOS:000418793100004,adjacent-subtopic,"Input-output conformance simulation (iocos) has been proposed by Gregorio-Rodr\iguez, Llana and Martinez-Torres as a simulation-based behavioural preorder underlying model-based testing. This relation is inspired by Tretman's classic ioco relation, but has better worst-case complexity than ioco and supports stepwise refinement. The goal of this paper is to develop the theory of iocos by studying logical characterisations of this relation and its compositionality. More specifically, this article presents characterisations of iocos in terms of modal logics and compares them with an existing logical characterisation for ioco proposed by Beohar and Mousavi. A precongruence rule format for iocos and a rule format ensuring that operations take quiescence properly into account are also given. Both rule formats are based on the GSOS format by Bloom, Istrail and Meyer.",wos,llm,0.840,unreviewed,
discarded,Automatic Planning: From Event-B to PDDL,"Ammar, Sabrine; Bhiri, Mohamed Tahar",2018,NEW TRENDS IN MODEL AND DATA ENGINEERING (MEDI 2018),10.1007/978-3-030-02852-7_21,https://www.webofscience.com/wos/woscc/full-record/WOS:000589675200021,adjacent-subtopic,"Automatic planning is a separate discipline of Artificial Intelligence (AI). It aims to formalize the planning problems described by the concept of state space. The Planning Domain Definition Language (PDDL) is a de facto standard language in the field of automatic planning. PDDL-related dynamic analysis tools, namely planners and validators, are insufficient for verifying and validating PDDL descriptions. Such tools make it possible to detect errors a posteriori by means of a test activity. In this article, we recommend a rigorous approach coupling Event-B and PDDL for automatic planning. Event-B is used for formal modeling by stepwise refinement with mathematical proofs of planning problems. A refinement strategy appropriate to planning problems is, then, proposed. The ultimate Event-B model, correct by construction, supposed to be translatable into PDDL, is automatically translated into PDDL using our MDE Event-B2PDDL tool. The obtained PDDL description is submitted to efficient planners for generation of solution plans.",wos,llm,0.900,unreviewed,
discarded,A Verified SAT Solver with Watched Literals Using Imperative HOL,"Fleury, Mathias; Blanchette, Jasmin Christian; Lammich, Peter",2018,"PROCEEDINGS OF THE 7TH ACM SIGPLAN INTERNATIONAL CONFERENCE ON CERTIFIED PROGRAMS AND PROOFS, CPP 2018",10.1145/3167080,https://www.webofscience.com/wos/woscc/full-record/WOS:001448031900014,adjacent-subtopic,"Based on our earlier formalization of conflict-driven clause learning (CDCL) in Isabelle/HOL, we refine the CDCL calculus to add a crucial optimization: two watched literals. We formalize the data structure and the invariants. Then we refine the calculus to obtain an executable SAT solver. Through a chain of refinements carried out using the Isabelle Refinement Framework, we target Imperative HOL and extract imperative Standard ML code. Although our solver is not competitive with the state of the art, it offers acceptable performance for some applications, and heuristics can be added to improve it further.",wos,llm,0.950,unreviewed,
discarded,Formal Small-Step Verification of a Call-by-Value Lambda Calculus Machine,"Kunze, Fabian; Smolka, Gert; Forster, Yannick",2018,"PROGRAMMING LANGUAGES AND SYSTEMS, APLAS 2018",10.1007/978-3-030-02768-1_15,https://www.webofscience.com/wos/woscc/full-record/WOS:000916310900015,adjacent-subtopic,"We formally verify an abstract machine for a call-by-value lambda-calculus with de Bruijn terms, simple substitution, and small-step semantics. We follow a stepwise refinement approach starting with a naive stack machine with substitution. We then refine to a machine with closures, and finally to a machine with a heap providing structure sharing for closures. We prove the correctness of the three refinement steps with compositional small-step bottom-up simulations. There is an accompanying Coq development verifying all results.",wos,llm,0.930,unreviewed,
discarded,Decomposition of UML activity diagrams,"Chen, Huifeng; Jiang, Jian-min; Hong, Zhong; Lin, Ling",2018,SOFTWARE-PRACTICE & EXPERIENCE,10.1002/spe.2519,https://www.webofscience.com/wos/woscc/full-record/WOS:000417617500006,adjacent-subtopic,"In software engineering, UML activity diagrams in general can be useful for a modeling system functional behavior, ranging from the sequences of activities/actions from business processes within an organization or among organizations down to the detail of an algorithm. The stepwise refinement process makes activity diagrams more and more complex. To guarantee the behavior consistency and correctness under refinement, the activity diagrams must be decomposed according to the divide-and-conquer strategy. Traditional decomposition methods adopt manual techniques and cannot ensure the independence and completeness of the obtained subdiagrams. In this paper, a novel decomposition approach is proposed, which can automatically divide an activity diagram into atomic and correct subdiagrams (subdiagrams without abnormal behavioral problems) at the same level. When such an activity diagram specifies the whole functional behavior of a software system, the approach can in fact decompose a system into multiple atomic subsystems. Every atomic subsystem is a completely independent system. It may be independently developed, independently tested, and independently deployed. The method facilitates the management, development, and maintenance of a software system. With the help of a prototype tool, a case study demonstrates the decomposition method.",wos,llm,0.860,unreviewed,
discarded,Refining security protocols,"Sprenger, Christoph; Basin, David",2018,JOURNAL OF COMPUTER SECURITY,10.3233/JCS-16814,https://www.webofscience.com/wos/woscc/full-record/WOS:000416675300003,adjacent-subtopic,"We propose a development method for security protocols based on stepwise refinement. Our refinement strategy transforms abstract security goals into protocols that are secure when operating over an insecure channel controlled by a Dolev-Yao-style intruder. As intermediate levels of abstraction, we employ messageless guard protocols and channel protocols communicating over channels with security properties. These abstractions provide insights on why protocols are secure and foster the development of families of protocols sharing common structure and properties. We have implemented our method in Isabelle/HOL and used it to develop different entity authentication and key establishment protocols, including realistic features such as key confirmation, replay caches, and encrypted tickets. Our development highlights that guard protocols and channel protocols provide fundamental abstractions for bridging the gap between security properties and standard protocol descriptions based on cryptographic messages. It also shows that our refinement approach scales to protocols of nontrivial size and complexity.",wos,llm,0.880,unreviewed,
