status,title,authors,year,venue,doi,url,tags,abstract,provider,decision_source,llm_confidence,llm_review_outcome,llm_change_direction
kept,Proving Non-Interference on Reachability Properties: a Refinement Approach,"Frappier, Marc; Mammar, Amel",2011,2011 18TH ASIA-PACIFIC SOFTWARE ENGINEERING CONFERENCE (APSEC 2011),10.1109/APSC.2011.35,https://www.webofscience.com/wos/woscc/full-record/WOS:000410225300004,supports-claim,"This paper proposes an approach to prove interference freedom for a reachability property of the form AG (psi double right arrow EF phi) in a B specification. Such properties frequently occur in security policies and information systems. Reachability is proved by constructing using stepwise algorithmic refinement an abstract program that refines AG (psi double right arrow EF phi). We propose proof obligations to show non-interference, i. e., to prove that other operations can be executed in interleaving with this program while preserving the reachability property, to cater for the multi-user aspect of information systems. Proof obligations are discharged using conventional B provers (eg, Atelier B). Since refinement preserves these reachability properties and non-interference, proofs can be conducted on abstract machines rather than implementation code.",wos,llm,0.890,unreviewed,
discarded,Reflexive transitive invariant relations: A basis for computing loop functions,"Mili, Ali; Aharon, Shir; Nadkarni, Chaitanya; Jilani, Lamia Labed; Louhichi, Asma; Mraihi, Olfa",2010,JOURNAL OF SYMBOLIC COMPUTATION,10.1016/j.jsc.2008.11.007,https://www.webofscience.com/wos/woscc/full-record/WOS:000282627600003,adjacent-subtopic,"Invariant assertions play an important role in the analysis and verification of iterative programs. In this paper, we introduce a related but distinct concept, namely that of invariant relation. While invariant assertions are useful to prove the correctness of a loop with respect to a specification (represented by a precondition/postcondition pair) in Hoare's logic, invariant relations are useful to derive the function of the loop in Mills' logic. (C) 2009 Elsevier Ltd. All rights reserved.",wos,llm,0.800,unreviewed,
kept,FORMAL DERIVATION OF CONCURRENT PROGRAMS - AN EXAMPLE FROM INDUSTRY,"STASKAUSKAS, MG",1993,IEEE TRANSACTIONS ON SOFTWARE ENGINEERING,,https://www.webofscience.com/wos/woscc/full-record/WOS:A1993LU56900006,supports-claim,"We present the formal derivation of an implementation of the I/O subsystem portion of an existing operating system. The I/O subsystem is responsible for allocating I/O resources (e.g., tapes, disks, I/O channels) in response to requests from user processes. The derivation employs the UNITY methodology [2], which nicely captures the concurrent interaction of the I/O subsystem with its environment. The verified resource allocation algorithm that results from the derivation has been used as part of a high-level design by software engineers implementing the I/O subsystem. As the largest application to date of the UNITY methodology, the derivation illustrates a number of techniques for organizing large specifications and proofs.",wos,llm,0.820,unreviewed,
kept,CONCURRENCY - SIMPLE CONCEPTS AND POWERFUL TOOLS,"FOSTER, I; KESSELMAN, C; TAYLOR, S",1990,COMPUTER JOURNAL,,https://www.webofscience.com/wos/woscc/full-record/WOS:A1990EN99600004,supports-claim,"Stepwise refinement is a central program development methodology that has been applied extensively to the design of sequential and parallel programs. In this methodology, a problem is successively decomposed into subproblems in order to untangle seemingly interdependent aspects of the design.  To apply the methodology to parallel programs, one must be able to separate and reason about issues such as partitioning and mapping.

This paper describes programming language concepts that we have found useful in applying stepwise refinement to parallel programs.  The concepts allow decisions concerning program structure to be delayed until late in the design process.  This capability permits rapid experimentation with alternative structures and leads to both portable and scalable code.  Although simple, the concepts form a sufficient basis for the construction of powerful programming tools.  Both concepts and tools have been applied successfully in a wide variety of applications and are incorporated in a commercial concurrent programming system, Strand*.",wos,llm,0.970,unreviewed,
discarded,Control logic verification of safety of the intended functionality for maritime autonomous surface ships based on Event-B: A case of autonomous berthing scenario,"Zhang, Ruiwen; Ma, Xiaoxue; Qiao, Weiliang; Zhang, Hongpeng; Han, Bing",2027,RELIABILITY ENGINEERING & SYSTEM SAFETY,10.1016/j.ress.2026.113158,https://www.webofscience.com/wos/woscc/full-record/WOS:001825833700002,adjacent-subtopic,"Despite rapid advancements in intelligent shipping technologies, the commercial operation of Maritime Autonomous Surface Ships (MASS) is still on the way due to the great concerns about the safety and reliability of the designed functional logic. Specifically, as MASS evolves towards remote control or autonomous operation, safety issues are shifting from component failures to logical flaws of Safety of the Intended Functionality (SOTIF) at the system level. To this end, this study tries to propose a technical tool to verify functional logic involved in the designed plans by means of integrating System-Theoretic Process Analysis (STPA) with Event-B, a formal method based on set theory and stepwise refinement. The autonomous berthing scenario of MASS is exampled in this study, where STPA is employed to qualitatively derive hierarchical safety constraints from the identified unsafe control actions. Then these constraints are formalized in Event-B via hierarchical refinement to rigorously verify the functional logic. As a result, the proposed tool can effectively expose logical flaws in the autonomous berthing control procedure, which continuously guides the optimization of the functional logic of MASS berthing by considering various possible berthing operational conditions until all the SOTIF requirements are satisfied. Possessing inherent generalizability, this tool is extensible to other complex MASS operational scenarios, such as obstacle avoidance and autonomous departure.",wos,llm,0.760,unreviewed,
discarded,Bridging the Gap: A Systematic Literature Review on Digital Technology and Sustainability in the Construction Industry,"Foroozanfar, Mona; Bonneaud, Frederic; Laffly, Dominique",2026,"PROCEEDINGS OF THE INTERNATIONAL CONFERENCE ON SMART AND SUSTAINABLE BUILT ENVIRONMENT, SASBE2025",10.1007/978-981-95-8489-5_16,https://www.webofscience.com/wos/woscc/full-record/WOS:001797072000016,off-topic-false-hit,"This study conducts a systematic literature review (SLR) of digital technology in sustainable construction, synthesizing findings from 227 peer-reviewed articles published between 2010 and 2024. ScienceDirect searches (2010-2024) produced an initial corpus of 30,395 documents which, through stepwise refinement and filtering, resulted in 227 journal articles analyzed in detail. Multiple bibliometric techniques, including keyword co-occurrence mapping, temporal evolution analysis, density visualization, quantitative corpus analysis, and thematic clustering were applied to examine thematic development, research intensity, and knowledge gaps. Keyword co-occurrence analysis revealed a thematic trajectory from foundational technical innovations (e.g., Building Information Modeling (BIM), and IoT) to integrated environmental performance approaches (e.g., lifecycle assessment (LCA), carbon footprint modeling), and more recently, to governance-related topics (e.g., policy frameworks, and digital economy). Temporal analysis indicated three distinct phases: the foundation phase focused on technical modeling; the expansion phase focused on integrating environmental metrics; and the emergence phase focused on policy and systemic adoption strategies. Density mapping showed high concentration in technology-focused research, with governance themes underrepresented. Co-occurrence network analysis identifies technology and sustainability as central hubs, but highlights weak bridging links to management and governance clusters. Temporal analysis shows accelerating publication rates since 2016, with limited transfer of technology-focused research into sustainability in construction industry. The SLR culminates in a proposed research agenda and a conceptual adoption framework to guide interdisciplinary studies and policy interventions that can support the scaling of digitally enabled sustainable construction practices.",wos,llm,0.990,unreviewed,
discarded,Multistep generative backmapping of coarse-grained structures,"Kementzidis, Georgios; Wong, Erin; Nicholson, John; Xu, Ruichen; Deng, Yuefan",2026,COMPUTER PHYSICS COMMUNICATIONS,10.1016/j.cpc.2026.110286,https://www.webofscience.com/wos/woscc/full-record/WOS:001812005600001,off-topic-false-hit,"Data-driven backmapping from coarse-grained (CG) to fine-grained (FG) representations remains challenging for complex biomolecular systems such as proteins, where methods often suffer from limited accuracy, training instability, and compromised physical realism. We present a novel multistep generative framework that enables stepwise refinement from CG beads to full FG detail by integrating conditional Variational Autoencoders with graph-based neural networks. The probabilistic formulation of multistep backmapping is outlined, and numerical experiments on proteins with diverse structures and ultra-coarse representations demonstrate that multistep schemes substantially enhance reconstruction accuracy while improving computational efficiency during training compared to single-step alternatives.",wos,llm,0.990,unreviewed,
kept,Formal Verification of Blockchain Consensus Mechanisms Using Event-B,"Gupta, Atul; Yadav, Divakar; Suryavanshi, Raghuraj Singh",2026,JOVE-JOURNAL OF VISUALIZED EXPERIMENTS,10.3791/70193,https://www.webofscience.com/wos/woscc/full-record/WOS:001772365700037,supports-claim,"This study develops a formally grounded verification framework for blockchain consensus mechanisms and smart contract behavior using Event-B and the Rodin platform. Unlike prior approaches that rely primarily on simulation or case-based validation of isolated contracts, this work integrates Finite State Machine (FSM) abstraction, invariant-driven proof, refinement modeling, and temporal logic verification to analyze Proof of Work (PoW), Proof of Stake (PoS), and mechanisms for double-spending prevention. Solidity smart contracts are abstracted into FSMs and encoded as Event-B machines, enabling the formal specification of state transitions and safety constraints. Safety properties-including transaction uniqueness, state consistency, access control enforcement, and ledger invariant preservation-are verified through automatically generated proof obligations in Rodin. A total of 312 proof obligations were generated, of which 287 (92%) were automatically discharged, and 25 were proven interactively, resulting in complete invariant coverage. Liveness properties were specified in Computation Tree Logic (CTL) and validated via model checking, confirming deadlock freedom and eventual validator selection under PoS conditions. Double-spending prevention was formally enforced using state-consistent ledger modeling, where uniqueness constraints were proven across all reachable states. Protocol-level consensus logic for PoW and PoS was refined across three abstraction levels, ensuring block integrity and validator correctness through stepwise refinement. The results demonstrate that machine-checked proofs provide verifiable correctness guarantees beyond simulation-based evaluation, establishing a rigorous and reproducible verification pipeline that enhances correctness assurance and protocol-level robustness in blockchain systems.",wos,llm,0.900,unreviewed,
discarded,Pre-operative predictors for conjoined tendon impingement following reverse total shoulder arthroplasty,"Wigmore, Estelle; Mackay-Cruise, Max; Kemp, Stephen; Twiggs, Joshua G.; O'Connor, Tiane; Taylor, Mark; Al-Dirini, Rami M. A.; Murray, Sonya R.; Petrelis, Minas; East, Benjamin",2026,JSES INTERNATIONAL,10.1016/j.jseint.2026.101706,https://www.webofscience.com/wos/woscc/full-record/WOS:001778008800001,off-topic-false-hit,"Background: Reverse total shoulder arthroplasty (rTSA) reliably relieves pain and restores function. Yet anterior shoulder pain persists in some patients, with its underlying cause remaining unclear. One proposed mechanism is altered anterior anatomy leading to impingement of the conjoined tendon. This exploratory study investigates potential anatomical and surgical planning predictors of conjoined tendon impingement following rTSA. Methods: Nine rTSA patients with intraoperatively confirmed conjoined tendon impingement against the lesser tuberosity were matched to 9 asymptomatic controls by sex, operative side, and age. Forty anatomical and planned surgical parameters were derived from preoperative computed tomography-based 3-dimensional planning. Parameters with P < .1 in univariate testing entered exhaustive binomial logistic regression with backward stepwise refinement. Model performance was assessed using leave-one-out cross-validation. Results: The optimal model identified 3 potential predictors of impingement: greater retroversion of the planned humeral stem relative to native, greater anteversion of the planned glenoid baseplate, and a more inferior coracoid position relative to the glenoid center. Validation showed 79.0% overall prediction accuracy. Predicted impingement likelihood was 76.1 +/- 30.9% in symptomatic patients vs. and 22.2 +/- 16.2% in asymptomatic patients (P = .0012). Conclusion: Anatomical and surgical planning parameters can increase the risk of conjoined tendon impingement through mechanisms proposed to include altered humeral rotation, tuberosity positioning, and reduced joint distalization. These results provide early insight into potential predictors of impingement, offering a foundation for future research. A model based on anatomical and surgical planning parameters demonstrated feasibility for identifying intraoperatively observed conjoined tendon impingement, achieving a classification accuracy of 79%. Integrating a model derived from these findings into pre-operative planning may help inform implant selection and positioning, with the potential to reduce the risk of post-operative anterior shoulder pain and improve functional outcomes.",wos,llm,0.990,unreviewed,
discarded,Modified stress scores enhance prediction of outcomes after pediatric cardiac surgery,"Ozcifci, Gokcen; Durak, Fatih; Kulluoglu, Emine Pinar; Yilmaz, Duygu; Anil, Ayse Berna; Akyuz, Muhammet",2026,PEDIATRIC RESEARCH,10.1038/s41390-026-04864-1,https://www.webofscience.com/wos/woscc/full-record/WOS:001714318400001,adjacent-subtopic,"BackgroundPerioperative hyperglycemia and metabolic stress are common in pediatric cardiac surgery and linked to adverse outcomes. The Glycemic Stress Index (GSI) has been proposed as a marker of intraoperative stress, but its predictive value remains limited. We hypothesized that modified stress scores incorporating additional clinical parameters would improve risk prediction.MethodsWe retrospectively analyzed 410 patients (1 month-18 years) undergoing open-heart surgery with cardiopulmonary bypass between 2015 and 2023. Patients with redo or emergency surgery, metabolic disorders, or preoperative hyperglycemia were excluded. GSI and three modified stress scores (MSS1, MSS2, and Final MSS) were calculated.ResultsMetabolic uncoupling occurred in 6.6% of patients and was associated with higher stress scores and complications. Final MSS correlated most strongly with mechanical ventilation duration, PICU stay, and PRISM score. For mortality prediction, Final MSS demonstrated the highest discriminative ability (AUC 0.897), outperforming GSI and intermediate models. For complication prediction, Final MSS also showed the best performance (AUC 0.756).ConclusionModified stress scores, particularly Final MSS, enhanced prediction of mortality and postoperative complications compared with the original GSI. These scores may serve as practical tools for early postoperative risk stratification in pediatric cardiac surgery.ImpactThis study demonstrates that modified stress scores, particularly Final MSS, provide superior predictive accuracy for mortality and complications after pediatric cardiac surgery compared to the original GSI.It introduces a novel, stepwise refinement of GSI by incorporating bypass time, inotrope requirements, and age adjustment, tailored for pediatric cardiac patients.The findings highlight the clinical utility of metabolic stress markers in risk stratification, offering an accessible tool for early identification of high-risk patients and potentially guiding perioperative management strategies.",wos,llm,0.980,unreviewed,
discarded,Proposal of a novel model for identifying complete response and nonoperative management in dMMR colon cancer following neoadjuvant immunotherapy: a retrospective cohort study,"Liao, Le-En; Feng, Li-Li; Chen, Bi-Yun; Xiao, Bin-Yi; Yu, Jie-Hai; Cai, Ze-Rong; Jiang, Wu; Luo, Guang-Yu; Tang, Jing-Hua; Hou, Zhen-Lin; Zhang, Chen-Zhi; Mei, Wei-Jian; Yang, Wan-Jun; Pan, Zhi-Zhong; Han, Kai; Wu, Xiao-Jian; Ding, Pei-Rong",2026,INTERNATIONAL JOURNAL OF SURGERY,10.1097/JS9.0000000000003602,https://www.webofscience.com/wos/woscc/full-record/WOS:001704518200008,adjacent-subtopic,"Background: The response to neoadjuvant immune checkpoint inhibition (neoICI) for mismatch repair-deficient (dMMR) colon cancer is often underestimated by radiological assessments. This study aims to develop a novel evaluation model to identify pathological complete response (pCR) and to select candidates for nonoperative management in locally advanced dMMR colon cancer following neoICI. Materials and methods: Patients with locally advanced dMMR colon cancer who received neoICI were enrolled from two centers in Southern China. In the discovery cohort, a novel model of immune-heralding complete response (iHCR) was developed. This model was validated in a cohort from the NEOCAP trial (NCT04715633) and another observation cohort, which included patients who adopted the nonoperative management. Results: A total of 156 patients with dMMR colon cancer who received neoICI were included. In the discovery cohort, 70 of 103 patients (67.9%) achieved pCR, although 92.9% still showed residual disease on CT scans. Negative endoscopic biopsy (P < 0.001), endoscopic tumor morphology with scar or normal mucosa (P < 0.001), and reductions of >= 50% in both tumor maximum diameter (P < 0.001) and depth (P = 0.009) were significantly correlated with pCR. The iHCR model, integrating dynamic radiological assessments, endoscopic morphology features, and biopsy results, achieved an AUC of 0.900 (95% CI: 0.810-0.990) in the sub-cohort with complete endoscopic and radiological information. In the validation cohort, stepwise refinement of the model further improved the AUC to 1.00. In the observation cohort (n = 32), the iHCR model predicted sustained clinical complete response with 100% concordance. Conclusion: The iHCR model can effectively predict pCR and identify candidates for the nonoperative management in dMMR colon cancer following neoICI.",wos,llm,0.980,unreviewed,
