status,title,authors,year,venue,doi,url,tags,abstract,provider,decision_source,llm_confidence,llm_review_outcome,llm_change_direction
discarded,Stepwise Refinement Localization Method for Impeller Inspection on Coordinate Measuring Machine,Shenglan Liu,2012,Journal of Nanjing University of Science and Technology,,https://openalex.org/W2371013280,off-topic-false-hit,"Aiming at the problem of being difficult to locate impellers accurately for coordinate measuring machine inspection,a stepwise refinement localization method is proposed.The surfaces on the impellers are cataloged according to their influences on the localization constraints and the accuracies of their workpieces,and the measurement datum is defined.The whole impeller workpiece is initially located using the measurement datum,and the probe can contact the workpiece and capture the data points.After obtaining the measuring points,the refinement localization can be realized by registration between the measuring point and the model.A registration matrix is decomposed on six degrees of freedom,constraints are applied only on some degrees,and a more accurate result is achieved.An experiment on localizing an axial-flow impeller is presented,and the result shows that the accuracies of the blades are improved after the refinement process.",openalex,llm,0.990,unreviewed,
discarded,Hierarchical FCM in a stepwise discovery of structure in data,Adam Pedrycz; Marek Reformat,2005,Soft Computing,10.1007/s00500-005-0478-8,https://openalex.org/W2087551992,off-topic-false-hit,,openalex,llm,0.990,unreviewed,
kept,Foundations for stepwise refinement of program specifications via cylindric algebra theory,Istvàn Németi,1982,French digital mathematics library (Numdam),,https://openalex.org/W2571928699,supports-claim,,openalex,llm,0.800,unreviewed,
discarded,Model-Driven Monitoring: An Application of Graph Transformation for Design by Contract,Gregor Engels; Marc Lohmann; Stefan Sauer; Reiko Heckel,2006,Lecture notes in computer science,10.1007/11841883_24,https://openalex.org/W2114243230,adjacent-subtopic,,openalex,llm,0.650,unreviewed,
discarded,Control generation for logic programs,Stefan Lüttringhaus-Kappel,1993,International Conference on Logic Programming,,https://openalex.org/W189055542,adjacent-subtopic,"A basic requirement of declarative programming is to free the programmer from the need to manually insert control annotations into the program. Here we study the execution of logic programs under coroutining computation rules. We define a new systematic approach to when-declarations; we introduce a class of simple, yet powerful, instantiation based computation rules which are particularly easy to manipulate and to relate with the termination of SLD-derivations. The task is then, given a logic program, to find a computation rule which allows an efficient and terminating execution of goals. We present an algorithm scheme to generate such computation rules by stepwise refinement and simulated execution. We discuss the scheme as well as a concrete algorithm and its results. The algorithm yields useful output for a relevant class of programs, including guaranteed termination for most of the programs discussed in the work on termination by Apt et. al., Bruynooghe et. al., and Plumer.",openalex,llm,0.740,unreviewed,
kept,A modular proof of correctness for a network synchronizer,Alan Fekete; Nancy Lynch; Liuba Shrira,1988,Lecture notes in computer science,10.1007/bfb0019807,https://openalex.org/W1655776283,adjacent-subtopic,"In this paper we offer a formal, rigorous proof of the correctness of Awerbuch's algorithm for network synchronization. We specify both the algorithm and the correctness condition using the I/O automaton model, which has previously been used to describe and verify algorithms for concurrency control and resource allocation. We show that the model is also a powerful tool for reasoning about distributed graph algorithms. Our proof of correctness follows closely the intuitive arguments made by the designer of the algorithm by exploiting the model's natural support for such important design techniques as stepwise refinement and modularity. In particular, since the algorithm uses simpler algorithms for synchronization within and between ‘clusters’ of nodes, our proof can import as lemmas the correctness of these simpler algorithms.",openalex,llm,0.820,unreviewed,
discarded,Iterative design of efficient simulations using Maisie,Rajive Bagrodia,2002,,10.1109/wsc.1991.185621,https://openalex.org/W4250550537,adjacent-subtopic,"Maisie is a C-based simulation language that encourages iterative design of efficient simulations using stepwise refinements. Maisie is among the few languages that cleanly separate the simulation program from the underlying algorithm (sequential or parallel) that is used to execute the program. It is thus possible to design a sequential simulation and, if needed, to subsequently port it to a parallel machine with few modifications. The author gives a brief introduction to modeling and simulation using Maisie. He develops a complete Maisie model of a queuing network and illustrates both sequential and parallel implementations of the model.>",openalex,llm,0.780,unreviewed,
discarded,Agent cooperation based control integration by activity-sharing and joint intention,Ji Gao; Donghao Lin,2002,Journal of Computer Science and Technology,10.1007/bf02947311,https://openalex.org/W1966562804,adjacent-subtopic,"In this paper, a control integration method based on agent cooperation, called ASOJI, is proposed, which designs the architecture of integrated application systems in distributed computation environments as an agent community composed of nested agent federations in three aspects: architecture style, agent cooperation, and composition semantics. Through defining activity-sharing-oriented joint intention in the way of stepwise refinement, ASOJI can not only support the transparent specification of the architecture for software composition, but also eliminate the gap between agent theory and the engineering realization of control integration.",openalex,llm,0.720,unreviewed,
kept,"A new approach to specification and design of a railway-interlocking: The ""route"" approach. An exercise in top-down design with stepwise refinement",L. Zigterman,1984,Research Repository (Delft University of Technology),,https://openalex.org/W2138677871,supports-claim,,openalex,llm,0.930,unreviewed,
kept,A formal adaption method for process descriptions,Katsuro Inoue; Takeshi Ogihara; Tohru Kikuno; Koji Torii,1989,,10.1145/74587.74609,https://openalex.org/W2164757345,adjacent-subtopic,"Requirement to describing software development processes in formal manners has been increased, and demand for altering and tailoring the process descriptions has been emerged. In this paper, we propose a functional language PDL (Process Description Language), designed to describe various development processes under a certain environment. To create and modify the PDL scripts easily and correctly, we propose a method of stepwise refinement from abstract scripts into concrete scripts. By this method, the abstract definitions of software process flow and product flow initially given as function definitions in PDL, are transformed into the concrete definitions of the tool activations, message displays, and so on. We also discuss an architecture design of a software development environment (Adaptable Software Development Environment), which can be adapted in many ways for designer's requirements.",openalex,llm,0.850,unreviewed,
kept,A formal refinement-based analysis of the hybrid ERTMS/ETCS level 3 standard,Amel Mammar; Marc Frappier; Steve Jeffrey Tueno Fotso; Régine Laleau,2019,International Journal on Software Tools for Technology Transfer,10.1007/s10009-019-00543-1,https://openalex.org/W2981584093,supports-claim,,openalex,llm,0.940,unreviewed,
kept,Methodology for the Specification of Software Systems: From Formal Requirements to Algebraic Design Specifications,Hartmut Ehrig; Werner Fey,1981,Informatik-Fachberichte,10.1007/978-3-662-01089-1_24,https://openalex.org/W1588313821,adjacent-subtopic,,openalex,llm,0.680,unreviewed,
discarded,Decision support system for library acquisitions: a framework,Faith‐Michael Uzoka; O.A. Ijatuyi,2005,The Electronic Library,10.1108/02640470510611517,https://openalex.org/W2093323802,off-topic-false-hit,"Purpose Acquisition of books, serials and other educational materials by libraries involves a complex decision process; especially when there are many books to choose from and the resources are meager. Attempts have been made in the past to take decisions concerning library acquisitions using structured information such as cost, availability of funds, and number of copies needed by the library, author and year of publication. The purpose of this research is to provide a framework for the combination of both structured and unstructured information in the library acquisitions decision process. Design/methodology/approach The research methodology involves the design of a knowledge‐based system, which is powered by the classical method of the analytical hierarchy process (AHP), which carries out a pairwise comparison (PWC) of acquisition decision variables. Findings The results of the study show that decision variables involved in library acquisitions can be grouped and hierarchically structured. The application of the pairwise comparison matrix produces eigenvectors that aid in stepwise refinement of the results of the conventional acquisition process in order to achieve some level of optimality in the decision process. Originality/value The framework provided in this study could be useful for library professionals and information scientists as a veritable library decision support tool that applies both structured and unstructured information in the acquisition decision process.",openalex,llm,0.980,unreviewed,
kept,Application of Formal Methods to Signalling Systems Using Techniques Based on Stepwise Refinement,Natsuki Terada,2008,Quarterly Report of RTRI,10.2219/rtriqr.49.168,https://openalex.org/W2012026037,supports-claim,"Benefits can be expected from the use of formal methods in increasing the reliability of software. In preparing the formal specifications of complicated systems from a preliminary draft text, stepwise revisions are very useful in creating specifications that are easily understandable and in producing verified code that satisfies the specifications. In this report, we first explain the concept of gradual revision, which involves initially writing abstract specifications with minimal conditions and then refining them until they are serviceable. Next, we present an example in which the permissive speed of a train is calculated from a given stop distance.",openalex,llm,0.920,unreviewed,
discarded,Using Component Composition for Self-customizable Systems,Ioana Şora; Pierre Verbaeten; Yolande Berbers,2002,Component-Based Software Engineering,,https://openalex.org/W25802846,adjacent-subtopic,"Self-customizable systems are equipped with mechanisms to automatically adapt themselves to a set of user requirements or to their environment. We address this customization problem through component composition. Our approach is based on hierarchically decomposed component systems, deploying composed components as a means of abstracting details. Composition is performed in a stepwise refinement manner, which allows to handle the complexity of the system and to realize very fine-tuned compositions even when composition decision is made automatically. The composition strategy is driven by anonymous dependencies established between components by their requirements. Our goal is to perform unanticipated customizations with as few user interventions as possible. We evaluate and prove our composition approach by building customized network protocols.",openalex,llm,0.800,unreviewed,
kept,DESIGN OF THE IS0 CLASS 0 TRANSPORT PROTOCOL: A STEPWISE REFINEMENT BASED APPROACH,École Nationale,1997,,,https://openalex.org/W2187786094,adjacent-subtopic,"We present in this paper the design steps of the IS0 Class 0 transport protocol [5]. We apply, for this purpose our protocol synthesis algorithm [7]. This algorithm is based on stepwise refinement of specifications written in an interpreted Petri net model. The starting point for the design is the specification of the IS0 transport service [4]. The main advantage of this design strategy is that the correctness of the designed protocol is guaranteed.",openalex,llm,0.880,unreviewed,
discarded,Systems Genetics of Liver Fibrosis: Identification of Fibrogenic and Expression Quantitative Trait Loci in the BXD Murine Reference Population,Rabea A. Hall; Roman Liebe; K Hochrath; Andrey Kazakov; Rudi Alberts; Ulrich Laufs; Michael Böhm; Hans‐Peter Fischer; Robert W. Williams; Klaus Schughart; Susanne N. Weber; Frank Lammert,2014,PLoS ONE,10.1371/journal.pone.0089279,https://openalex.org/W1971124766,off-topic-false-hit,"The progression of liver fibrosis in response to chronic injury varies considerably among individual patients. The underlying genetics is highly complex due to large numbers of potential genes, environmental factors and cell types involved. Here, we provide the first toxicogenomic analysis of liver fibrosis induced by carbon tetrachloride in the murine 'genetic reference panel' of recombinant inbred BXD lines. Our aim was to define the core of risk genes and gene interaction networks that control fibrosis progression. Liver fibrosis phenotypes and gene expression profiles were determined in 35 BXD lines. Quantitative trait locus (QTL) analysis identified seven genomic loci influencing fibrosis phenotypes (pQTLs) with genome-wide significance on chromosomes 4, 5, 7, 12, and 17. Stepwise refinement was based on expression QTL mapping with stringent selection criteria, reducing the number of 1,351 candidate genes located in the pQTLs to a final list of 11 cis-regulated genes. Our findings demonstrate that the BXD reference population represents a powerful experimental resource for shortlisting the genes within a regulatory network that determine the liver's vulnerability to chronic injury.",openalex,llm,0.990,unreviewed,
kept,A Refinement Method for Java Programs,Holger Grandy; Kurt H. Stenzel; Wolfgang Reif,2007,Lecture notes in computer science,10.1007/978-3-540-72952-5_14,https://openalex.org/W1795523128,adjacent-subtopic,,openalex,llm,0.760,unreviewed,
discarded,Fault diagnosis of power transformer based on fault-tree analysis (FTA),Yongliang Wang; Xiaoqiang Li; Jianwei Ma; SuoYu Li,2017,IOP Conference Series Earth and Environmental Science,10.1088/1755-1315/64/1/012099,https://openalex.org/W2614284749,off-topic-false-hit,"Power transformers is an important equipment in power plants and substations, power distribution transmission link is made an important hub of power systems. Its performance directly affects the quality and health of the power system reliability and stability. This paper summarizes the five parts according to the fault type power transformers, then from the time dimension divided into three stages of power transformer fault, use DGA routine analysis and infrared diagnostics criterion set power transformer running state, finally, according to the needs of power transformer fault diagnosis, by the general to the section by stepwise refinement of dendritic tree constructed power transformer fault",openalex,llm,0.990,unreviewed,
kept,Verifying Implementations of Security Protocols by Refinement,Nadia Polikarpova; Michał Moskal,2012,Lecture notes in computer science,10.1007/978-3-642-27705-4_5,https://openalex.org/W1905205493,adjacent-subtopic,,openalex,llm,0.720,unreviewed,
discarded,Designing Weakly Terminating ROS Systems,Debjyoti Bera; K.M. van Hee; Jan Martijn E. M. van der Werf,2012,Lecture notes in computer science,10.1007/978-3-642-31131-4_18,https://openalex.org/W2099719765,adjacent-subtopic,,openalex,llm,0.600,unreviewed,
discarded,Taylor polynomial stepwise refinement algorithm for lie and high symmetries of partial differential equations,Zhang Hongqing; Chao Lu; Tang Limin,1998,Applied Mathematics and Mechanics,10.1007/bf02453385,https://openalex.org/W2020355473,off-topic-false-hit,,openalex,llm,0.990,unreviewed,
discarded,Manic-Depressive Illness in Adolescence: A Case Report,Frederick W. Engstrom; Douglas R. Robbins; J. Gary May,1978,Journal of the American Academy of Child Psychiatry,10.1016/s0002-7138(09)62306-2,https://openalex.org/W2169713341,off-topic-false-hit,,openalex,llm,1.000,unreviewed,
kept,Abstract implementations and correctness proofs,Gilles Bernot; Michel Bidott; Christine Choppy,1986,Lecture notes in computer science,10.1007/3-540-16078-7_80,https://openalex.org/W1514811622,adjacent-subtopic,,openalex,llm,0.720,unreviewed,
discarded,Underlying assumptions of knowledge acquisition and machine learning,Katharina Morik,1991,Knowledge Acquisition,10.1016/1042-8143(91)90002-5,https://openalex.org/W1984328371,off-topic-false-hit,,openalex,llm,0.950,unreviewed,
kept,"Mixing abstract and concrete modules: specification, development and prototyping",Christine Choppy; S. Kaplan,1990,International Conference on Software Engineering,10.5555/100296.100320,https://openalex.org/W2135855981,adjacent-subtopic,"The authors present a methodology for developing large modular software, in which the modules may exist and interact while at different development stages. Each module may be either fully abstract (i.e., an algebraic specification), fully concrete (in which case computations are run directly in the object code) or anywhere in the middle. In the proposed approach, the authors consider executable specifications in which axioms are Horn clauses built over equations or predicates, mixed evaluation with Horn clauses, and computing goals using logic computation rules. For the 'concrete' parts, examples are developed in Ada. An essential aspect of this approach is that prototyping may be performed at every moment, whatever the state of the different modules. This introduces the usual advantages of running a prototype (debug, test, conformity to the requirements, etc.), without the usual drawbacks: having to program stubs and drivers, having to care about the evolution of the module interfaces, etc. The methodology allows for both locally top-down and bottom-up development strategies and stimulates systematic stepwise refinement schemes. >",openalex,llm,0.840,unreviewed,
discarded,The Lotosphere Design Methodology,Juan Quemada; Arturo Azcorra; Santiago Pavón,1995,,10.1007/978-1-4615-2203-4_2,https://openalex.org/W1008821409,adjacent-subtopic,,openalex,llm,0.550,unreviewed,
kept,On the Criteria to Be Used in Decomposing Systems into Modules,David Lorge Parnas,1971,,10.21236/ad0773837,https://openalex.org/W2988746365,adjacent-subtopic; earlier-version-of-cited-source,"D.L. Parnas has had an enormous impact on program design - - or as most people now call it --- but his published work has been read by a surprisingly small number of EDP professionals. The following paper, which appeared in the December 1972 issue of Communications of the A CM, is included in this collection of structured classics because it is the source of many now-familiar concepts and phrases. It is the source for the phrase hiding, and is probably Parnas' best-known, if little-read, work.

In this paper, Parnas attacked the whole mystique of modularization, asking questions that, for the most part, had been entirely ignored by the EDP profession: is a module? distinguishes a good module from a bad How do we go about modularizing a program? And he posed his argument at a time when modular programming still was very much a buzzword.

Most of his argument is based on one example: the KWlC index system. Two different modularizations are presented in this paper, and it becomes apparent that one of them is substantially superior to the other --- superior, that is, if one defines superiority in terms of ease of maintenance.

If you're like me, you probably will become puzzled halfway through the presentation of his example. Where did these two modularizations come from? you'll find yourself asking. What would make the average programmer stupid enough to come up with the first kind of modularization, and how would he be clever enough to invent the second, demonstrably superior, one? If these questions occur to you, be patient Parnas does provide the answers later on in the paper. As he points out, the first modularization probably was derived from flowcharting the problem --- an approach still used by many people today. And the second modularization came from a careful consideration of the design decisions that were likely to change.

One of the most useful contributions made by Parnas in this paper is the list of practical suggestions --- specifically, a list of the typical kinds of design decisions that should be hidden within a single module. For those who find information hiding a vague topic, the examples help considerably.

For a long time, Parnas' work seemed to be unrelated to many of the other developments in the structured field, despite the effort Parnas makes in this paper to relate his ideas to the hierarchical design concepts that Dijkstra was publishing at about the same time. More recently, though, it has become evident that his ideas fit neatly into the realm of structured design, and that they are quite compatible with, say, the ideas presented by Stevens, Myers, and Constantine in Structured Design [Paper 18]. The typical consequence of not hiding information is excessive coupling between modules, to use the term first introduced by Constantine; and one also could argue that information hiding is a design heuristic, much like the span of control heuristic presented by Stevens, Myers, and Constantine.",openalex,human,0.900,human,
