status,title,authors,year,venue,doi,url,tags,abstract,provider,decision_source,llm_confidence,llm_review_outcome,llm_change_direction
discarded,Modular logic programming,Antonio Brogi; Paolo Mancarella; Dino Pedreschi; Franco Turini,1994,ACM Transactions on Programming Languages and Systems,10.1145/183432.183528,https://openalex.org/W2017160649,adjacent-subtopic,"Modularity is a key issue in the design of modern programming languages. When designing modular features for declarative languages in general, and for logic programming languages in particular, the challenge lies in avoiding the superimposition of a complex syntactic and semantic structure over the simple structure of the basic language. The modular framework defined here for logic programming consists of a small number of operations over modules which are (meta-) logically defined and semantically justified in terms of the basic logic programming semantics. The operations enjoy a number of algebraic properties, thus yielding an algebra of modules. Despite its simplicity, the suite of operations is shown capable of capturing the core features of modularization: information hiding, import/export relationships, and construction of module hierarchies. A metalevel implementation and a compilation-oriented implementation of the operations are provided and proved sound with respect to the semantics. The compilation-oriented implementation is based on manipulation of name spaces and provides the basis for an efficient implementation.",openalex,llm,0.940,unreviewed,
discarded,An encrypted coverless information hiding method based on generative models,Qi Li; Xingyuan Wang; Xiaoyu Wang; Bin Ma; Chunpeng Wang; Yun-Qing Shi,2020,Information Sciences,10.1016/j.ins.2020.12.002,https://openalex.org/W3111585419,off-topic-false-hit,"Abstract Invisibility is an important target for image steganography; however, the traditional image steganography methods inevitably leave traces of their modifications in cover images due to the process used to embed secret messages. In this paper, we propose an encrypted coverless information hiding method that transfers secret images between two different image domains using generative models. Our method includes two stages: encryption and decryption. In the encryption stage, we first embed a secret image into a public image (one domain) to obtain a synthetic image; then, we utilize that image as the input to the first generative model F to obtain an encrypted image (another domain). Adversarial loss and an extraction module are added to improve the quality of the encrypted images generated in this stage. In the decryption stage, we design a second generative model G to reconstruct the synthetic images from the encrypted images. Finally, the secret image is separated from the reconstructed synthetic image. In our extensive experiments, we adopt the images in the MNIST dataset as the secret images, which allows us to use the recognition rate as a measure of the secret image reconstruction quality. The experimental results indicate that our method is not only able to generate quality encrypted images compared with current popular image-to-image translation methods but also possesses greater security, robustness and reconstruction ability.",openalex,llm,1.000,unreviewed,
discarded,Steganalysis Using Higher-Order Image Statistics,Siwei Lyu; Hany Farid,2006,IEEE Transactions on Information Forensics and Security,10.1109/tifs.2005.863485,https://openalex.org/W2155447586,off-topic-false-hit,"Techniques for information hiding (steganography) are becoming increasingly more sophisticated and widespread. With high-resolution digital images as carriers, detecting hidden messages is also becoming considerably more difficult. We describe a universal approach to steganalysis for detecting the presence of hidden messages embedded within digital images. We show that, within multiscale, multiorientation image decompositions (e.g., wavelets), first- and higher-order magnitude and phase statistics are relatively consistent across a broad range of images, but are disturbed by the presence of embedded hidden messages. We show the efficacy of our approach on a large collection of images, and on eight different steganographic embedding algorithms.",openalex,llm,1.000,unreviewed,
discarded,The road to feature modularity?,Christian Kästner; Sven Apel; Klaus Ostermann,2011,,10.1145/2019136.2019142,https://openalex.org/W2089046029,adjacent-subtopic,"Modularity of feature representations has been a long standing goal of feature-oriented software development. While some researchers regard feature modules and corresponding composition mechanisms as a modular solution, other researchers have challenged the notion of feature modularity and pointed out that most feature-oriented implementation mechanisms lack proper interfaces and support neither modular type checking nor separate compilation. We step back and reflect on the feature-modularity discussion. We distinguish two notions of modularity, cohesion without interfaces and information hiding with interfaces, and point out the different expectations that, we believe, are the root of many heated discussions. We discuss whether feature interfaces should be desired and weigh their potential benefits and costs, specifically regarding crosscutting, granularity, feature interactions, and the distinction between closed-world and open-world reasoning. Because existing evidence for and against feature modularity and feature interfaces is shaky and inconclusive, more research is needed, for which we outline possible directions.",openalex,llm,0.950,unreviewed,
discarded,Modules for standard ML,David MacQueen,1984,,10.1145/800055.802036,https://openalex.org/W2099305192,adjacent-subtopic,"The functional programming language ML has been undergoing a thorough redesign during the past year, and the module facility described here has been proposed as part of the revised language, now called Standard ML. The design has three main goals: (1) to facilitate the structuring of large ML programs; (2) to support separate compilation and generic library units; and (3) to employ new ideas in the semantics of data types to extend the power of ML's polymorphic type system. It is based on concepts inherent in the structure of ML, primarily the notions of a declaration, its type signature, and the environment that it denotes.",openalex,llm,0.950,unreviewed,
discarded,Editing Text in the Wild,Liang Wu; Chengquan Zhang; Jiaming Liu; Junyu Han; Jingtuo Liu; Errui Ding; Xiang Bai,2019,,10.1145/3343031.3350929,https://openalex.org/W2982148195,off-topic-false-hit,"In this paper, we are interested in editing text in natural images, which aims to replace or modify a word in the source image with another one while maintaining its realistic look. This task is challenging, as the styles of both background and text need to be preserved so that the edited image is visually indistinguishable from the source image. Specifically, we propose an end-to-end trainable style retention network (SRNet) that consists of three modules: text conversion module, background inpainting module and fusion module. The text conversion module changes the text content of the source image into the target text while keeping the original text style. The background inpainting module erases the original text, and fills the text region with appropriate texture. The fusion module combines the information from the two former modules, and generates the edited text images. To our knowledge, this work is the first attempt to edit text in natural images at the word level. Both visual effects and quantitative results on synthetic and real-world dataset (ICDAR 2013) fully confirm the importance and necessity of modular decomposition. We also conduct extensive experiments to validate the usefulness of our method in various real-world applications such as text image synthesis, augmented reality (AR) translation, information hiding, etc.",openalex,llm,0.990,unreviewed,
discarded,Beyond Assertions: Advanced Specification and Verification with JML and ESC/Java2,Patrice Chalin; Joseph R. Kiniry; Gary T. Leavens; Erik Poll,2006,Lecture notes in computer science,10.1007/11804192_16,https://openalex.org/W2139555094,adjacent-subtopic,,openalex,llm,0.890,unreviewed,
discarded,Detecting hidden messages using higher-order statistical models,Hany Farid,2003,Proceedings - International Conference on Image Processing,10.1109/icip.2002.1040098,https://openalex.org/W2120687992,off-topic-false-hit,"Techniques for information hiding have become increasingly more sophisticated and widespread. With high-resolution digital images as carriers, detecting hidden messages has become considerably more difficult. This paper describes a new approach to detecting hidden messages in images. The approach uses a wavelet-like decomposition to build higher-order statistical models of natural images. A Fisher (1936) linear discriminant analysis is then used to discriminate between untouched and adulterated images.",openalex,llm,1.000,unreviewed,
discarded,Assuring good style for object-oriented programs,Karl Lieberherr; Ian M. Holland,1989,IEEE Software,10.1109/52.35588,https://openalex.org/W2050645799,adjacent-subtopic,"The language-independent Law of Demeter, which encodes the ideas of encapsulation and modularity in an easy-to-follow form for object-oriented programmers, is presented. The law was developed during the design and implementation of the Demeter system, which provides a high-level interface to class-based, object-oriented systems. Two forms of the law, the class and object forms, are described. Its motivation is to ensure that the software is as modular as possible. Principles covered by the law include coupling control, information hiding, information restriction, information localization, and structured induction. An example is given to show how the law is applied, and valid violations are identified. It is shown how to transform a method that does not satisfy the law into one that does.>",openalex,llm,0.930,unreviewed,
discarded,Modules as Policy-Based Intentions: Modular Agent Programming in GOAL,Koen V. Hindriks,2008,Lecture notes in computer science,10.1007/978-3-540-79043-3_10,https://openalex.org/W1763943802,adjacent-subtopic,,openalex,llm,0.900,unreviewed,
discarded,Structuring criteria for real time system design,Hassan Gomaa,1989,,10.1145/74587.74627,https://openalex.org/W2134632726,adjacent-subtopic,"This paper discusses and compares the criteria used by different design methods for decomposing a real time system into tasks and modules. The criteria considered are coupling, cohesion and information hiding for module structuring and concurrency for tasks. The Structured Design method uses the module coupling and cohesion criteria. The NRL method and Object Oriented Design use information hiding as the primary criterion for identifying modules and objects respectively. The Darts design method uses a set of task structuring criteria for identifying the concurrent tasks in the system. A new design method for real time systems is introduced that uses both task structuring and information hiding module structuring criteria. The method is described and illustrated by means of an example of an automoble cruise control system.",openalex,llm,0.940,unreviewed,
discarded,"Aspects, Information Hiding and Modularity",Daniel S. Dantas; David Walker,2003,,,https://openalex.org/W205574843,adjacent-subtopic,"Aspect-oriented programming languages such as AspectJ provide a new way to separate out and consolidate code for debugging, profiling, distribution and other tasks that would otherwise become tangled with the main-line computation. Without aspects, this code can be di#cult to understand and maintain. Unfortunately, while aspects purport to provide a new form of modularity, they also defeat the purpose of existing information hiding and modularity mechanisms. We have developed a new aspect-oriented programming language, AspectML, that allows programmers to control information hiding and access to the internals of a module through a simple static type system. Using our mechanisms, programmers can prevent aspects from interfering with local invariants or reading information that should be kept private to a module. Consequently, AspectML is the first aspectoriented language that interoperates safely and e#ectively with rich module systems.",openalex,llm,0.960,unreviewed,
discarded,Intraoperative planning and evaluation of permanent prostate brachytherapy: Report of the American Brachytherapy Society,Subir Nag; Jay P. Ciezki; Robert A. Cormack; Stephen Doggett; K. DeWyngaert; Gregory K. Edmundson; Richard G. Stock; Nelson N. Stone; Yan Yu; Michael J. Zeléfsky,2001,International Journal of Radiation Oncology*Biology*Physics,10.1016/s0360-3016(01)01616-9,https://openalex.org/W2097748024,off-topic-false-hit,"Purpose: The preplanned technique used for permanent prostate brachytherapy has limitations that may be overcome by intraoperative planning. The goal of the American Brachytherapy Society (ABS) project was to assess the current intraoperative planning process and explore the potential for improvement in intraoperative treatment planning (ITP).

Methods and Materials: Members of the ABS with expertise in ITP performed a literature review, reviewed their clinical experience with ITP, and explored the potential for improving the technique.

Results: The ABS proposes the following terminology in regard to prostate planning process: Preplanning-Creation of a plan a few days or weeks before the implant procedure.

Intraoperative planning-Treatment planning in the operating room (OR): the patient and transrectal ultrasound probe are not moved between the volume study and the seed insertion procedure.

Intraoperative preplanning-Creation of a plan in the OR just before the implant procedure, with immediate execution of the plan.

Interactive planning-Stepwise refinement of the treatment plan using computerized dose calculations derived from image-based needle position feedback.

Dynamic dose calculation-Constant updating of dose distribution calculations using continuous deposited seed position feedback.

Both intraoperative preplanning and interactive planning are currently feasible and commercially available and may help to overcome many of the limitations of the preplanning technique. Dosimetric feedback based on imaged needle positions can be used to modify the ITP. However, the dynamic changes in prostate size and shape and in seed position that occur during the implant are not yet quantifiable with current technology, and ITP does not obviate the need for postimplant dosimetric analysis. The major current limitation of ITP is the inability to localize the seeds in relation to the prostate. Dynamic dose calculation can become a reality once these issues are solved. Future advances can be expected in methods of enhancing seed identification, in imaging techniques, and in the development of better source delivery systems. Additionally, ITP should be correlated with outcome studies, using dosimetric, toxicity, and efficacy endpoints.

Conclusion: ITP addresses many of the limitations of current permanent prostate brachytherapy and has some advantages over the preplanned technique. Further technologic advancement will be needed to achieve dynamic real-time calculation of dose distribution from implanted sources, with constant updating to allow modification of subsequent seed placement and consistent, ideal dose distribution within the target volume. (C) 2001 Elsevier Science Inc.",openalex,llm,1.000,unreviewed,
discarded,Hominin Stone Flaking and the Emergence of ‘Top-down’ Design in Human Evolution,Mark W. Moore,2020,Cambridge Archaeological Journal,10.1017/s0959774320000190,https://openalex.org/W3042854952,off-topic-false-hit,"The philosopher Daniel Dennett argues that complex structures in the natural and cultural worlds emerge from two types of design. Bottom-up design involves the rote action of a simple algorithm in an environment constrained by physical laws. Top-down design involves deliberation and planning, and is unique to modern humans. Identifying the emergence of top-down design in the hominin lineage is an important research challenge, and the archaeological record of stone technology is our best evidence for it. A current view is that artefact types and flaking methods increased in complexity from 3.3 toc.0.3 million years ago, reflecting improving capacities at spatial cognition and working memory, culminating in top-down design perhaps as early as 1.75 million years ago. Recent experimental work, however, has shown that a simple ‘remove flake’ algorithm constrained by the laws of fracture mechanics—a form of bottom-up design—can produce stone tool attributes thought to be evidence of top-down design. Here, these models are reviewed and critiqued in light of the new experimental evidence. A revised working memory-based model, focusing on the recursive aspects of stone flaking, is proposed.",openalex,llm,0.990,unreviewed,
kept,Aspect Refinement — Unifying AOP and Stepwise Refinement.,Sven Apel; Christian Kästner; Thomas Leich; Gunter Saake,2007,The Journal of Object Technology,10.5381/jot.2007.6.9.a1,https://openalex.org/W2092979031,supports-claim,"Stepwise refinement (SWR) is fundamental to software engineering. As aspectoriented programming (AOP) is gaining momentum in software development, aspects should be considered in the light of SWR. In this paper, we elaborate the notion of aspect refinement that unifies AOP and SWR at the architectural level. To reflect this unification to the programming language level, we present an implementation technique for refining aspects based on mixin composition along with a set of language mechanisms for refining all kinds of structural elements of aspects in a uniform way (methods, pointcuts, advice). To underpin our proposal, we contribute a fully functional compiler on top of AspectJ, present a non-trivial, medium-sized case study, and derive a set of programming guidelines.",openalex,llm,0.960,unreviewed,
kept,PDL,Stephen H. Caine; E. Kent Gordon,1975,,10.1145/1499949.1499995,https://openalex.org/W2026229407,supports-claim,"During the past several years, industry has seen an explosion in the cost of software production coupled with a decline in the quality and reliability of the results. A realization that structured programming, top-down design, and other changes in techniques can help has alerted the field to the importance of applying advanced design and programming methods to software production.",openalex,llm,0.940,unreviewed,
discarded,Experimenting towards a low-carbon city: Policy evolution and nested structure of innovation,Yuan Peng; Xuemei Bai,2017,Journal of Cleaner Production,10.1016/j.jclepro.2017.10.116,https://openalex.org/W2762956602,off-topic-false-hit,,openalex,llm,0.980,unreviewed,
discarded,Top-down design of protein nanomaterials with reinforcement learning,Isaac D. Lutz; Shunzhi Wang; Christoffer Norn; Andrew J. Borst; Yan Ting Zhao; Annie Dosey; Longxing Cao; Zhe Li; Minkyung Baek; Neil P. King; Hannele Ruohola‐Baker; David Baker,2022,bioRxiv (Cold Spring Harbor Laboratory),10.1101/2022.09.25.509419,https://openalex.org/W4297236169,off-topic-false-hit,"Abstract The multisubunit protein assemblies that play critical roles in biology are the result of evolutionary selection for function of the entire assembly, and hence the subunits in structures such as icosahedral viral capsids often fit together with remarkable shape complementarity 1,2 . In contrast, the large multisubunit assemblies that have been created by de novo protein design, notably the icosahedral nanocages used in a new generation of potent vaccines 3–7 , have been built by first designing symmetric oligomers with cyclic symmetry and then assembling these into nanocages while keeping the internal structure fixed 8–14 , which results in more porous structures with less extensive shape matching between the components. Such hierarchical “bottom-up” design approaches have the advantage that one interface can be designed and validated in the context of the cyclic oligomer building block 15,16 , but the disadvantage that the structural and functional features of the assemblies are limited by the properties of the predesigned building blocks. To overcome this limitation, we set out to develop a “top-down” reinforcement learning based approach to protein nanomaterial design in which both the structures of the subunits and the interactions between them are built up coordinately in the context of the entire assembly. We developed a Monte Carlo tree search (MCTS) method 17,18 which assembles protein monomer structures in the context of an overall architecture guided by a loss function which enables specification of any desired overall structural properties such as shape and porosity. We demonstrate the power of the approach by designing hyperstable icosahedral assemblies more compact than any previously observed protein icosahedral structure (designed or naturally occurring), that have very low porosity and are robust to fusion and display of proteins as complex as influenza hemagglutinin. CryoEM structures of two designs are very close to the computational design models. Our top-down reinforcement learning approach should enable the design of a wide variety of complex protein nanomaterials by direct optimization of overall system properties.",openalex,llm,0.990,unreviewed,
discarded,From Jacobs to the Just City: A foundation for challenging the green planning orthodoxy,James J. Connolly,2018,Cities,10.1016/j.cities.2018.05.011,https://openalex.org/W2805609137,off-topic-false-hit,,openalex,llm,0.990,unreviewed,
