status,title,authors,year,venue,doi,url,tags,abstract,provider,decision_source,llm_confidence,llm_review_outcome,llm_change_direction
discarded,Estimating reservoir permeabilities using the seismic response to CO<sub>2</sub> injection and stochastic inversion,"Ramirez, A.; White, D.; Hao, Y.; Dyer, K.; Johnson, J.",2013,INTERNATIONAL JOURNAL OF GREENHOUSE GAS CONTROL,10.1016/j.ijggc.2012.11.031,https://www.webofscience.com/wos/woscc/full-record/WOS:000209308200014,off-topic-false-hit,"A Markov Chain Monte Carlo (MCMC) stochastic inversion tool has been developed that identifies porosity/permeability models that minimize the misfit between observed seismic reflection data, reservoir flow modeling, geostatistical methods, and a novel stochastic inversion technique to identify optimal porosity/permeability models. Reservoir model optimization is accomplished through stepwise refinement of its permeability magnitude and heterogeneity. In each step of the inversion, reservoir conditions and CO2 migration are calculated for the current model realization under prescribed CO2/H2O injection and hydrocarbon/H2O withdrawal. Comparison of observed seismic reflection responses with those calculated for the resultant reservoir conditions determine the associated likelihood and whether the proposed reservoir model is acceptable. This process is repeated until the process converges. The algorithm is demonstrated with a synthetic data example showing that primary features of the known porosity/permeability distribution can be recovered. The inversion algorithm is then applied to observed seismic data example from the IEA GHG Weyburn-Midale CO2 Monitoring and Storage Project with limited success. Shortcomings in applying the methodology to real data is assessed and recommendations for improvements are provided. (C) 2012 Elsevier Ltd. All rights reserved.",wos,llm,0.990,unreviewed,
kept,Refinement of Synchronizable Places with Multi-workflow Nets,"van Hee, Kees M.; Sidorova, Natalia; van der Werf, Jan Martijn",2013,FUNDAMENTA INFORMATICAE,10.3233/FI-2013-783,https://www.webofscience.com/wos/woscc/full-record/WOS:000317266900004,supports-claim,"Stepwise refinement is a well-known strategy in system modeling. The refinement rules should preserve essential behavioral properties, such as deadlock freedom, boundedness and weak termination. A well-known example is the refinement rule that replaces a safe place of a Petri net with a sound workflow net. In this case a token on the refined place undergoes a procedure that is modeled in detail by the refining workflow net.

We generalize this rule to component-based systems, where in the first, high-level, refinement iterations we often encounter in different components places that represent in fact the counterparts of the same procedure ""simultaneously"" executed by the components. The procedure involves communication between these components.

We model such a procedure as a multi-workflow net, which is actually a composition of communicating workflows. Behaviorally correct multi-workflow nets have the weak termination property. The weak termination requirement is also applied to the system being refined. We want to refine selected places in different components with a multi-workflow net in such a way that the weak termination property is preserved through refinements. We introduce the notion of synchronizable places and show that weak termination is preserved under the refinement of places with multiworks if and only if the refined places are synchronizable. We give a method to decide if a given set of places is synchronizable.",wos,llm,0.900,unreviewed,
discarded,Problem organisation,"Murray-Smith, David",2012,"MODELLING AND SIMULATION OF INTEGRATED SYSTEMS IN ENGINEERING: ISSUES OF METHODOLOGY, QUALITY, TESTING AND APPLICATION",,https://www.webofscience.com/wos/woscc/full-record/WOS:000316231600004,adjacent-subtopic,"Models used in engineering design are refined as the design moves forward and as uncertainties are eliminated. This modelling process can involve tiers, starting with descriptions that are of relatively low fidelity and leading to a model at the final tier that is a detailed description of the system in service. At every stage within this process of stepwise refinement, models may be developed using a layered structure, starting with a description of the physical components and leading to a network-based representation and then to mathematical and computer-based descriptions. This chapter introduces methods and tools for model organisation and development. Aspects covered include bond graph descriptions, differential equations and differential algebraic equation descriptions, state-variable models, transfer function models, models involving distributed parameter elements and an introduction to some commonly used modelling and simulation software tools.",wos,llm,0.700,unreviewed,
kept,"Design, Analysis and Verification of Real-Time Systems Based on Time Petri Net Refinement","Ding, Zhijun; Jiang, Changjun; Zhou, Mengchu",2013,ACM TRANSACTIONS ON EMBEDDED COMPUTING SYSTEMS,10.1145/2406336.2406340,https://www.webofscience.com/wos/woscc/full-record/WOS:000314179100004,supports-claim,"A type of refinement operations of time Petri nets is presented for design, analysis and verification of complex real-time systems. First, the behavior preservation is studied under time constraints in a refinement operation, and a sufficient condition for behavior preservation is obtained. Then, the property preservation is considered, and the results indicate that if the refinement operation of time Petri nets satisfies behavior preservation, it can also preserve properties such as boundedness and liveness. Finally, based on the behavior preservation, a reachability decidability algorithm of a refined time Petri net is designed using the reachability trees of its original net and subnet. The research results are illustrated by an example of designing, analyzing and verifying a real-time manufacturing system.",wos,llm,0.900,unreviewed,
kept,Model-Driven Robot-Software Design using integrated Models and Co-Simulation,"Broenink, Jan F.; Ni, Yunyun",2012,"2012 INTERNATIONAL CONFERENCE ON EMBEDDED COMPUTER SYSTEMS (SAMOS): ARCHITECTURES, MODELING AND SIMULATION",,https://www.webofscience.com/wos/woscc/full-record/WOS:000313520800050,supports-claim,"The work presented here is on a methodology for design of hard real-time embedded control software for robots, i.e. mechatronic products. The behavior of the total robot system (machine, control, software and I/O) is relevant, because the dynamics of the machine influences the robot software. Therefore, we use two appropriate Models of Computation, which represent continuous-time equations for the machine / robot part, and discrete event / discrete time equations for the control software part.

To compute (simulate) such combined models, co-simulation of these models is used.

The design work can be done as a stepwise refinement process, whereby each step is verified via co-simulation. This in general yields a shorter design time, and a better quality product.

The tools pass model-specific information between each other via parametrized tokens in the generated, high-level code to get a better separation of design steps. This allows for better quality of the models and more reuse, thus enhancing the efficiency of model-driven design for the (industrial) end user.

The method is illustrated with a case study using the tools, some of which are at the prototype level. Especially the structuring of the models and regularly doing simulations (of which some can be 'repeated' as real experiments), is beneficial, shortening the development time and producing better models. Future work is to test the method on more complex cases, and to extend the method by detailing out the electronics and mechanics sub design flows.",wos,llm,0.870,unreviewed,
kept,Automatic Data Refinement,"Lammich, Peter",2013,"INTERACTIVE THEOREM PROVING, ITP 2013",,https://www.webofscience.com/wos/woscc/full-record/WOS:000412581700009,supports-claim,"We present the Autoref tool for Isabelle/HOL, which automatically refines algorithms specified over abstract concepts like maps and sets to algorithms over concrete implementations like red-black-trees, and produces a refinement theorem. It is based on ideas borrowed from relational parametricity due to Reynolds and Wadler.

The tool allows for rapid prototyping of verified, executable algorithms. Moreover, it can be configured to fine-tune the result to the user's needs. Our tool is able to automatically instantiate generic algorithms, which greatly simplifies the implementation of executable data structures.

Thanks to its integration with the Isabelle Refinement Framework and the Isabelle Collection Framework, Autoref can be used as a backend to a stepwise refinement based development approach, having access to a rich library of verified data structures. We have evaluated the tool by synthesizing efficiently executable refinements for some complex algorithms, as well as by implementing a library of generic algorithms for maps and sets.",wos,llm,0.950,unreviewed,
kept,On building an object-oriented parallel virtual reality system,"Sobota, Branislav; Korecko, Stefan; Hrozek, Frantisek",2012,OPEN COMPUTER SCIENCE,10.2478/s13537-012-0016-6,https://www.webofscience.com/wos/woscc/full-record/WOS:000218821400009,supports-claim,"The paper deals with an issue of a design, development and implementation of a fully immersive virtual reality (VR) system and corresponding virtual worlds, specified in an object-oriented fashion. A virtual world object structure, reflecting a division of VR system into subsystems with respect to affected senses, is introduced. It also discusses virtual worlds building process, utilizing the software development technique of stepwise refinement, and possibilities of parallel processing in VR systems. The final part describes a VR system that has been implemented at the home institution of the authors according to some of the ideas presented here.",wos,llm,0.880,unreviewed,
discarded,Reduction and Refinement by Algebraic Operations for Petri Net Transformation,"Li, Jun; Zhou, MengChu; Dai, Xianzhong",2012,IEEE TRANSACTIONS ON SYSTEMS MAN AND CYBERNETICS PART A-SYSTEMS AND HUMANS,10.1109/TSMCA.2012.2186440,https://www.webofscience.com/wos/woscc/full-record/WOS:000307893300017,adjacent-subtopic,"Petri net (PN) transformation is a method for converting a net from one structure to another. The existing approaches are net content dependent, i.e., all elements of the right-and left-hand-side nets or the operand nets participate in matching and related operations during transformation. They incur high computational complexity and difficulty to predict the transformation results. Reduction and refinement as two kinds of elementary net transformation have not been brought into a unified framework of net transformation approaches. In addition, the criteria for steering net transformation have not been separated from the transformation manipulations in the existing reduction and refinement methods. To solve these problems, this work proposes a net algebraic system for the general transformation of nets. It possesses node operation, block operation, and basic place-and transition-interfaced net operation algebras. Net-content-independent transformation, in which only the location and operation of the operand nets' interfaces are involved, can be achieved in a net algebraic way. Furthermore, by composing several operations, new operations for reduction and refinement are defined within a unified net transformation framework in which they are independent of the specific transformation criteria. Subsequently, the equivalence between the original and transformed nets with respect to PN properties as the criterion is investigated and proved when several newly proposed subnet structures are used as operands. Finally, the algebraic reduction operation is applied to analyze a complicated PN model of a mail sorting system.",wos,llm,0.800,unreviewed,
discarded,Refinement of Synchronizable Places with Multi-workflow Nets Weak Termination Preserved!,"van Hee, Kees M.; Sidorova, Natalia; van der Werf, Jan Martijn",2011,APPLICATIONS AND THEORY OF PETRI NETS,,https://www.webofscience.com/wos/woscc/full-record/WOS:000306642200009,adjacent-subtopic,"Stepwise refinement is a well-known strategy in system modeling. The refinement rules should preserve essential behavioral properties, such as deadlock freedom, boundedness and weak termination. A well-known example is the refinement rule that replaces a safe place of a Petri net with a sound workflow net. In this case a token on the refined place undergoes a procedure that is modeled in detail by the refining workflow net.

We generalize this rule to component-based systems, where in the first, high-level, refinement iterations we often encounter in different components places that represent in fact the counterparts of the same procedure ""simultaneously"" executed by the components. The procedure involves communication between these components.

We model such a procedure as a multi-workflow net, which is actually a composition of communicating workflows. Behaviorally correct multi-workflow nets have the weak termination property. The weak termination requirement is also applied to the system being refined. We want to refine selected places in different components with a multi-workflow net in such a way that the weak termination property is preserved through refinements. We introduce the notion of synchronizable places and show that a sufficient condition for preserving weak termination is that the places to be refined are synchronizable. We give a method to decide if a given set of places is synchronizable.",wos,llm,0.940,unreviewed,
kept,Verifying Implementations of Security Protocols by Refinement,"Polikarpova, Nadia; Moskal, Michal",2012,"VERIFIED SOFTWARE: THEORIES, TOOLS, EXPERIMENTS",,https://www.webofscience.com/wos/woscc/full-record/WOS:000306943500005,supports-claim,"We propose a technique for verifying high-level security properties of cryptographic protocol implementations based on stepwise refinement. Our refinement strategy supports reasoning about abstract protocol descriptions in the symbolic model of cryptography and gradually concretizing them towards executable code. We have implemented the technique within a general-purpose program verifier VCC and applied it to an extract from a draft reference implementation of Trusted Platform Module, written in C.",wos,llm,0.900,unreviewed,
kept,Managing Complexity through Abstraction: A Refinement-Based Approach to Formalize Instruction Set Architectures,"Yuan, Fangfang; Wright, Stephen; Eder, Kerstin; May, David",2011,FORMAL METHODS AND SOFTWARE ENGINEERING,,https://www.webofscience.com/wos/woscc/full-record/WOS:000305317700039,supports-claim,"Verifying the functional correctness of a processor requires a sound and complete specification of its Instruction Set Architecture (ISA). Current industrial practice is to describe a processor's ISA informally using natural language often with added semi-formal notation to capture the functional intent of the instructions. This leaves scope for errors and inconsistencies. In this paper we present a method to specify, design and construct sound and complete ISAs by stepwise refinement and formal proof using the formal method Event-B. We discuss how the automatically generated Proof Obligations help to ensure self-consistency of the formal ISA model, and how desirable properties of ISAs can be enforced within this modeling framework. We have developed a generic ISA modeling template in Event-B to facilitate reuse. The key value of reusing such a template is increased model integrity. Our method is now being used to formalize the ISA of the XMOS XCore processor with the aim to guarantee that the documentation of the XCore matches the silicon and the silicon matches the architectural intent.",wos,llm,0.880,unreviewed,
kept,Developing a Consensus Algorithm Using Stepwise Refinement,"Bryans, Jeremy W.",2011,FORMAL METHODS AND SOFTWARE ENGINEERING,,https://www.webofscience.com/wos/woscc/full-record/WOS:000305317700037,supports-claim,"Consensus problems arise in any area of computing where distributed processes must come to a joint decision. Although solutions to consensus problems have similar aims, they vary according to the processor faults and network properties that must be taken into account, and modifying these assumptions will lead to different algorithms. Reasoning about consensus protocols is subtle, and correctness proofs are often informal. This paper gives a fully formal development and proof of a known consensus algorithm using the step-wise refinement method Event-B. This allows us to manage the complexity of the proof process by factoring the proof of correctness into a number of refinement steps, and to carry out the proof task concurrently with the development. During the development the processor faults and network properties on which the development steps rely are identified. The research outlined here is motivated by the observation that making different choices at these points may lead to alternative algorithms and proofs, leading to a refinement tree of algorithms with partially shared proofs.",wos,llm,0.900,unreviewed,
discarded,Heart region segmentation from low-dose CT scans: an anatomy based approach,"Reeves, Anthony P.; Biancardi, Alberto M.; Yankelevitz, David F.; Cham, Matthew D.; Henschke, Claudia I.",2012,MEDICAL IMAGING 2012: IMAGE PROCESSING,10.1117/12.911652,https://www.webofscience.com/wos/woscc/full-record/WOS:000304820000079,off-topic-false-hit,"Cardiovascular disease is a leading cause of death in developed countries. The concurrent detection of heart diseases during low-dose whole-lung CT scans (LDCT), typically performed as part of a screening protocol, hinges on the accurate quantification of coronary calcification. The creation of fully automated methods is ideal as complete manual evaluation is imprecise, operator dependent, time consuming and thus costly. The technical challenges posed by LDCT scans in this context are mainly twofold. First, there is a high level image noise arising from the low radiation dose technique. Additionally, there is a variable amount of cardiac motion blurring due to the lack of electrocardiographic gating and the fact that heart rates differ between human subjects. As a consequence, the reliable segmentation of the heart, the first stage toward the implementation of morphologic heart abnormality detection, is also quite challenging. An automated computer method based on a sequential labeling of major organs and determination of anatomical landmarks has been evaluated on a public database of LDCT images. The novel algorithm builds from a robust segmentation of the bones and airways and embodies a stepwise refinement starting at the top of the lungs where image noise is at its lowest and where the carina provides a good calibration landmark. The segmentation is completed at the inferior wall of the heart where extensive image noise is accommodated. This method is based on the geometry of human anatomy and does not involve training through manual markings. Using visual inspection by an expert reader as a gold standard, the algorithm achieved successful heart and major vessel segmentation in 42 of 45 low-dose CT images. In the 3 remaining cases, the cardiac base was over segmented due to incorrect hemidiaphragm localization.",wos,llm,0.990,unreviewed,
discarded,Distributed Event Clock Automata,"Ortiz, James; Legay, Axel; Schobbens, Pierre-Yves",2011,IMPLEMENTATION AND APPLICATION OF AUTOMATA,,https://www.webofscience.com/wos/woscc/full-record/WOS:000304127100023,adjacent-subtopic,"In distributed real-time systems, we cannot assume that clocks are perfectly synchronized. To model them, we use independent clocks and define their timed semantics. The universal timed language, and the timed language inclusion of icTA are undecidable. Thus, we propose Recursive Distributed Event Clock Automata (DECA). DECA are closed under all boolean operations and their timed language inclusion problem is decidable (more precisely PSPACE-complete), allowing stepwise refinement. We also propose Distributed Event Clock Temporal Logic (DECTL), a real-time logic with independent time evolutions. This logic can be model-checked by translating a DECTL formula into a DECA automaton.",wos,llm,0.880,unreviewed,
kept,From Retrospective Verification to Forward-Looking Development,"Leino, K. Rustan M.",2011,NASA FORMAL METHODS,,https://www.webofscience.com/wos/woscc/full-record/WOS:000301947700001,supports-claim,"One obstacle in applying program verification is coming up with specifications. That is, if you want to verify a program, you need to write down what it means for the program to be correct. But doesn't that seem terribly wrong? Why don't we see it as ""one obstacle in program design is coming up with code""? That is, if you want to realize a specification, you need to write down how the machine is supposed do it. Phrased this way, we may want to change our efforts of verification into efforts of what is known as correct-by-construction or stepwise-refinement. But the choice is not so clear and there are plenty of obstacles on both sides. For example, many programs are developed from specifications, but the specifications are not in a form suitable for refinement tools. For other programs, the clearest specifications may be given by pseudo-code, but such specification may not be suitable for sonic verification tools. In this talk. I will discuss verification tools and refinement-based tools, considering how they may be combined.",wos,llm,0.860,unreviewed,
