status,title,authors,year,venue,doi,url,tags,abstract,provider,decision_source,llm_confidence,llm_review_outcome,llm_change_direction
discarded,Contract lenses: Reasoning about bidirectional programs via calculation,"Zhang, Hanliang; Tang, Wenhao; Xie, Ruifeng; Wang, Meng; Hu, Zhenjiang",2023,JOURNAL OF FUNCTIONAL PROGRAMMING,10.1017/S0956796823000059,https://www.webofscience.com/wos/woscc/full-record/WOS:001096421600001,adjacent-subtopic,"Bidirectional transformations (BXs) are a mechanism for maintaining consistency between multiple representations of related data. The lens framework, which usually constructs BXs from lens combinators, has become the mainstream approach to BX programming because of its modularity and correctness by construction. However, the involved bidirectional behaviors of lenses make the equational reasoning and optimization of them much harder than unidirectional programs. We propose a novel approach to deriving efficient lenses from clear specifications via program calculation, a correct-by-construction approach to reasoning about functional programs by algebraic laws. To support bidirectional program calculation, we propose contract lenses, which extend conventional lenses with a pair of predicates to enable safe and modular composition of partial lenses. We define several contract-lens combinators capturing common computation patterns including $\textit{fold}, \textit{filter},\textit{map}$, and $\textit{scan}$, and develop several bidirectional calculation laws to reason about and optimize contract lenses. We demonstrate the effectiveness of our new calculation framework based on contract lenses with nontrivial examples.",wos,llm,0.880,unreviewed,
discarded,Formal Methods for Autonomous Systems,"Wongpiromsarn, Tichakorn; Ghasemi, Mahsa; Cubuktepe, Murat; Bakirtzis, Georgios; Carr, Steven; Karabag, Mustafa O.; Neary, Cyrus; Gohari, Parham; Topcu, Ufuk",2023,FOUNDATIONS AND TRENDS IN SYSTEMS AND CONTROL,10.1561/2600000029,https://www.webofscience.com/wos/woscc/full-record/WOS:001075757800001,adjacent-subtopic,"Formal methods refer to rigorous, mathematical approaches to system development and have played a key role in establishing the correctness of safety-critical systems. The main building blocks of formal methods are models and specifications, which are analogous to behaviors and requirements in system design and give us the means to verify and synthesize system behaviors with formal guarantees.

This monograph provides a survey of the current state of the art on applications of formal methods in the autonomous systems domain. We consider correct-by-construction synthesis under various formulations, including closed systems, reactive, and probabilistic settings. Beyond synthesizing systems in known environments, we address the concept of uncertainty and bound the behavior of systems that employ learning using formal methods. Further, we examine the synthesis of systems with monitoring, a mitigation technique for ensuring that once a system deviates from expected behavior, it knows a way of returning to normalcy. We also show how to overcome some limitations of formal methods themselves with learning. We conclude with future directions for formal methods in reinforcement learning, uncertainty, privacy, explainability of formal methods, and regulation and certification.",wos,llm,0.930,unreviewed,
discarded,Power Domain Aware DFT Implementation,"Singhal, Sarthak; Mukherjee, Subahsish; Papameletis, Christos; Meehl, Dale; Bandejia, Ankit; Chakravadhanula, Krishna; Vyas, Archana; Gandla, Mohan",2023,"2023 IEEE INTERNATIONAL TEST CONFERENCE INDIA, ITC INDIA",10.1109/ITCINDIA59034.2023.10235528,https://www.webofscience.com/wos/woscc/full-record/WOS:001065966600012,off-topic-false-hit,"Power awareness has become an important dimension for recent advances in VLSI. Multiple functional power domains (PD) are forcing Design-for-Test (DFT) designers to adjust DFT insertion and implementation to comply with IEEE 1801 correctness. Several challenges emerge for DFT tools and engineers, including but not restricted to a) additional low power cells inserted & crossings created due to DFT connections, b) power aware scan chain connection with optimal scan wirelength, and c) ensuring Unified Power Format (UPF) correctness post DFT insertion. This paper describes power domain aware DFT techniques for core wrapping, heterogenous fanouts and PD fencing aware scan chain stitching. A correct by construction approach results in fewer low power cells, improved scan wirelength & fewer IEEE 1801 rule violations. The EDA automation demonstrated in this paper reduces the manual overhead for chip designers to ensure power correctness of the design after DFT implementation.",wos,llm,0.980,unreviewed,
discarded,High-assurance field inversion for curve-based cryptography,"Hvass, Benjamin Salling; Aranha, Diego F.; Spitters, Bas",2023,"2023 IEEE 36TH COMPUTER SECURITY FOUNDATIONS SYMPOSIUM, CSF",10.1109/CSF57540.2023.00008,https://www.webofscience.com/wos/woscc/full-record/WOS:001061509400036,adjacent-subtopic,"The security of modern cryptography depends on multiple factors, from sound hardness assumptions to correct implementations that resist side-channel cryptanalysis. Curve-based cryptography is not different in this regard, and substantial progress in the last few decades has been achieved in both selecting parameters and devising secure implementation strategies. In this context, the security of implementations of field inversion is sometimes overlooked in the research literature, because (i) the approach based on Fermat's Little Theorem (FLT) suffices performance-wise for many parameters used in practice; (ii) it is typically invoked only at the very end of a cryptographic computation, with a small impact on performance; (iii) it is challenging to implement securely for general parameters without a significant performance penalty. However, field inversion can process sensitive information and must be protected with side-channel countermeasures like any other cryptographic operation, as illustrated by recent attacks [1]-[3]. In this work, we focus on implementing field inversion for primes of cryptographic interest with security against timing attacks, irrespective of whether the FLT-based inversion can be efficiently implemented. We extend the Fiat-Crypto framework, which synthesizes provably correct-by-construction implementations, to implement the Bernstein-Yang inversion algorithm as a step towards this goal. This allows a correct implementation of prime field inversion to be synthesized for any prime. We benchmark the implementations across a range of primes for curve-based cryptography and they outperform traditional FLT-based approaches in most cases, with observed speedups up to 2 for the largest parameters. Our work is already used in production in the MirageOS unikernel operating system, zig programming language, and the ECCKiila framework [4].",wos,llm,0.900,unreviewed,
discarded,"On the Introduction of Guarded Lists in Bach: Expressiveness, Correctness, and Efficiency Issues","Barkallah, Manel; Jacquet, Jean -Marie",2023,ELECTRONIC PROCEEDINGS IN THEORETICAL COMPUTER SCIENCE,10.4204/EPTCS.383.4,https://www.webofscience.com/wos/woscc/full-record/WOS:001064488200002,adjacent-subtopic,"Concurrency theory has received considerable attention, but mostly in the scope of synchronous process algebras such as CCS, CSP, and ACP. As another way of handling concurrency, data-based coordination languages aim to provide a clear separation between interaction and computation by synchronizing processes asynchronously by means of information being available or not on a shared space. Although these languages enjoy interesting properties, verifying program correctness remains challenging. Some works, such as Anemone, have introduced facilities, including animations and model checking of temporal logic formulae, to better grasp system modelling. However, model checking is known to raise performance issues due to the state space explosion problem. In this paper, we propose a guarded list construct as a solution to address this problem. We establish that the guarded list construct increases performance while strictly enriching the expressiveness of databased coordination languages. Furthermore, we introduce a notion of refinement to introduce the guarded list construct in a correctness-preserving manner.",wos,llm,0.920,unreviewed,
discarded,Neural Abstraction-Based Controller Synthesis and Deployment,"Majumdar, Rupak; Salamati, Mahmoud; Soudjani, Sadegh",2023,ACM TRANSACTIONS ON EMBEDDED COMPUTING SYSTEMS,10.1145/3608104,https://www.webofscience.com/wos/woscc/full-record/WOS:001074334300044,adjacent-subtopic,"The Abstraction-based techniques are an attractive approach for synthesizing correct-by-construction controllers to satisfy high-level temporal requirements. A main bottleneck for successful application of these techniques is the memory requirement, both during controller synthesis (to store the abstract transition relation) and in controller deployment (to store the control map).

We propose memory-efficient methods for mitigating the high memory demands of the abstraction-based techniques using neural network representations. To perform synthesis for reach-avoid specifications, we propose an on-the-fly algorithm that relies on compressed neural network representations of the forward and backward dynamics of the system. In contrast to usual applications of neural representations, our technique maintains soundness of the end-to-end process. To ensure this, we correct the output of the trained neural network such that the corrected output representations are sound with respect to the finite abstraction. For deployment, we provide a novel training algorithm to find a neural network representation of the synthesized controller and experimentally show that the controller can be correctly represented as a combination of a neural network and a look-up table that requires a substantially smaller memory.

We demonstrate experimentally that our approach significantly reduces the memory requirements of abstraction-based methods. We compare the performance of our approach with the standard abstractionbased synthesis on several models. For the selected benchmarks, our approach reduces the memory requirements respectively for the synthesis and deployment by a factor of 1.31x10(5) and 7.13x10(3) on average, and up to 7.54 x 10(5) and 3.18 x 10(4). Although this reduction is at the cost of increased off-line computations to train the neural networks, all the steps of our approach are parallelizable and can be implemented on machines with higher number of processing units to reduce the required computational time.",wos,llm,0.940,unreviewed,
discarded,Leroy and Blazy Were Right: Their Memory Model Soundness Proof is Automatable,"Barroso, Pedro; Pereira, Mario; Ravara, Antonio",2023,"VERIFIED SOFTWARE. THEORIES, TOOLS AND EXPERIMENTS, VSTTE 2022",10.1007/978-3-031-25803-9_2,https://www.webofscience.com/wos/woscc/full-record/WOS:001058578700002,adjacent-subtopic,"Xavier Leroy and Sandrine Blazy in 2007 conducted a formal verification, using the Coq proof assistant, of amemorymodel for low-level imperative languages such as C. Considering their formalization was performed essentially in first-order logic, one question left open by the authors was whether their proofs could be automated using a verification framework for first-order logic. We took the challenge and automated their formalization usingWhy3, significantly reducing the proof effort. We systematically followed the Coq proofs and realized that in many cases at around one third of the way Why3 was able to discharge all VCs. Furthermore, the proofs still requiring interactions (e.g. induction, witnesses for existential proofs, assertions) were factorized isolating auxiliary results that we stated explicitly. In this way, we achieved an almost-automatic soundness and safety proof of the memory model. Nonetheless, our development allows an extraction of a correct-by-construction concrete memory model, going thus further than the preliminary Why version of Leroy and Blazy.",wos,llm,0.890,unreviewed,
discarded,Shellac: A Compiler Synthesizer for Concurrent Programs,"Chen, Christopher K.; Seltzer, Margo I.; Greenstreet, Mark R.",2023,"VERIFIED SOFTWARE. THEORIES, TOOLS AND EXPERIMENTS, VSTTE 2022",10.1007/978-3-031-25803-9_3,https://www.webofscience.com/wos/woscc/full-record/WOS:001058578700003,adjacent-subtopic,"Formal specification languages such as TLA+ and unity are used to design and verify concurrent programs. These languages are intended for analysis rather than for execution. A compiler or a human must implement the specified program in a lower-level executable language. We present Shellac, a compiler synthesizer that completes a sketch of a syntax-directed compiler by using program synthesis to derive translation rules. This approach produces a correct-by-construction compiler without burdening the compiler writer with manual specification and verification. We evaluate Shellac by synthesizing a compiler from unity to Arduino C++ and Verilog, then compiling Paxos consensus in unity to implementations in Arduino C++ for microcontrollers and Verilog for reconfigurable hardware.",wos,llm,0.910,unreviewed,
discarded,Resolving Ambiguity via Dialogue to Correct Unsynthesizable Controllers for Free-Flying Robots,"Rosser, Joshua; Arkin, Jacob; Patki, Siddharth; Howard, Thomas M.",2023,2023 IEEE AEROSPACE CONFERENCE,10.1109/AERO55745.2023.10115982,https://www.webofscience.com/wos/woscc/full-record/WOS:001008282005040,adjacent-subtopic,"For human-robot teams that operate in space, safety and robustness are paramount. In situations such as habitat construction, station inspection, or cooperative exploration, incorrect assumptions about the environment or task across the team could lead to mission failure. Thus it is important to resolve any ambiguity about the mission between teammates before embarking on a commanded task. The safeguards guaranteed by formal methods can be used to synthesize correct-by-construction reactive controllers for a robot using Linear Temporal Logic. If a robot fails to synthesize a controller given an instruction, it is clear that there exists a logical inconsistency in the environmental assumptions and/or described interactions. These specifications however are typically crafted in a language unique to the verification framework, requiring the human collaborator to be fluent in the software tool used to construct it. Furthermore, if the controller fails to synthesize, it may prove difficult to easily repair the specification. Language is a natural medium to generate these specifications using modern symbol grounding techniques. Using language empowers non-expert humans to describe tasks to robot teammates while retaining the benefits of formal verification. Additionally, dialogue could be used to inform robots about the environment and/or resolve any ambiguities before mission execution. This paper introduces an architecture for natural language interaction using a symbolic representation that informs the construction of a specification in Linear Temporal Logic. The novel aspect of this approach is that it provides a mechanism for resolving synthesis failure by hypothesizing corrections to the specification that are verified through human-robot dialogue. Experiments involving the proposed architecture are demonstrated using a simulation of an Astrobee robot navigating in the International Space Station.",wos,llm,0.920,unreviewed,
discarded,Design-while-Verify: Correct-by-Construction Control Learning with Verification in the Loop,"Wang, Yixuan; Huang, Chao; Wang, Zhaoran; Wang, Zhilu; Zhu, Qi",2022,"PROCEEDINGS OF THE 59TH ACM/IEEE DESIGN AUTOMATION CONFERENCE, DAC 2022",10.1145/3489517.3530556,https://www.webofscience.com/wos/woscc/full-record/WOS:001041471300155,adjacent-subtopic,"In the current control design of safety-critical cyber-physical systems, formal verification techniques are typically applied after the controller is designed to evaluate whether the required properties (e.g., safety) are satisfied. However, due to the increasing system complexity and the fundamental hardness of designing a controller with formal guarantees, such an open-loop process of design-then verify often results in many iterations and fails to provide the necessary guarantees. In this paper, we propose a correct-by-construction control learning framework that integrates the verification into the control design process in a closed-loop manner, i.e., design-while-verify. Specifically, we leverage the verification results (computed reachable set of the system state) to construct feedback metrics for control learning, which measure how likely the current design of control parameters can meet the required reach-avoid property for safety and goal-reaching. We formulate an optimization problem based on such metrics for tuning the controller parameters, and develop an approximated gradient descent algorithm with a difference method to solve the optimization problem and learn the controller. The learned controller is formally guaranteed to meet the required reach-avoid property. By treating verifiability as a first-class objective and effectively leveraging the verification results during the control learning process, our approach can significantly improve the chance of finding a control design with formal property guarantees, demonstrated in a set of experiments that use model-based or neural network based controllers.",wos,llm,0.930,unreviewed,
discarded,The Need for a Meta-Architecture for Robot Autonomy,"Gutierrez, Stalin Munoz; Steinbauer-Wagner, Gerald",2022,ELECTRONIC PROCEEDINGS IN THEORETICAL COMPUTER SCIENCE,10.4204/EPTCS.362.9,https://www.webofscience.com/wos/woscc/full-record/WOS:001047263100007,adjacent-subtopic,"Long-term autonomy of robotic systems implicitly requires dependable platforms that are able to naturally handle hardware and software faults, problems in behaviors, or lack of knowledge. Modelbased dependable platforms additionally require the application of rigorous methodologies during the system development, including the use of correct-by-construction techniques to implement robot behaviors. As the level of autonomy in robots increases, so do the cost of offering guarantees about the dependability of the system. Certifiable dependability of autonomous robots, we argue, can benefit from formal models of the integration of several cognitive functions, knowledge processing, reasoning, and meta-reasoning. Here, we put forward the case for a generative model of cognitive architectures for autonomous robotic agents that subscribes to the principles of model-based engineering and certifiable dependability, autonomic computing, and knowledge-enabled robotics.",wos,llm,0.900,unreviewed,
discarded,From Polynomial Invariants to Linear Loops,"Kenison, George; Kovacs, Laura; Varonka, Anton",2023,"PROCEEDINGS OF THE INTERNATIONAL SYMPOSIUM ON SYMBOLIC & ALGEBRAIC COMPUTATION, ISSAC 2023",10.1145/3597066.3597109,https://www.webofscience.com/wos/woscc/full-record/WOS:001041663500046,adjacent-subtopic,"Loop invariants are software properties that hold before and after every iteration of a loop. As such, invariants provide inductive arguments that are key in automating the verification of program loops. The problem of generating loop invariants; in particular, invariants described by polynomial relations (so called polynomial invariants), is therefore one of the hardest problems in software verification. In this paper we advocate an alternative solution to invariant generation. Rather than inferring invariants from loops, we synthesise loops from invariants. As such, we generate loops that satisfy a given set of polynomials; in other words, our synthesised loops are correct by construction.

Our work turns the problem of loop synthesis into a symbolic computation challenge. We employ techniques from algebraic geometry to synthesise loops whose polynomial invariants are described by pure difference binomials. We show that such complex polynomial invariants need ""only"" linear loops, opening up new venues in program optimisation. We prove the existence of non-trivial loops with linear updates for polynomial invariants generated by pure difference binomials. Importantly, we introduce an algorithmic approach that constructs linear loops from such polynomial invariants, by generating linear recurrence sequences that have specified algebraic relations among their terms.",wos,llm,0.900,unreviewed,
