status,title,authors,year,venue,doi,url,tags,abstract,provider,decision_source,llm_confidence,llm_review_outcome,llm_change_direction
discarded,MET Overexpression Is Associated with Superior Immunotherapy Benefit in Advanced Non-Small Cell Lung Cancer,"Li, Hui; Hong, Lingzhi; Rocha, Pedro; Bach, Rafael; Solis Soto, Luisa M.; Rinsurongkawong, Waree; Zhang, Bingnan; Araujo, Haniel A.; Elamin, Yasir Y.; Altan, Mehmet; Arrechedera, Claudio A.; Zhou, Jianling; Khan, Khaja B.; Lu, Wei; Young, Elliana; Gay, Carl M.; Cascone, Tina; Byers, Lauren A.; Skoulidis, Ferdinandos; Blumenschein, George; Fossella, Frank V.; Tsao, Anne; Negrao, Marcelo V.; Vokes, Natalie; Wu, Jia; Tran, Hai T.; Wistuba, Ignacio I.; Lee, J. Jack; Gibbons, Don L.; Vaporciyan, Ara A.; Heymach, John V.; Le, Xiuning; Zhang, Jianjun",2025,CANCERS,10.3390/cancers17233801,https://www.webofscience.com/wos/woscc/full-record/WOS:001635352600001,off-topic-false-hit,"Background/Objectives: MET overexpression is common in non-small cell lung cancer (NSCLC). The correlation between MET overexpression and immune checkpoint inhibitor (ICI) efficacy in NSCLC is underexplored. Methods: In this retrospective observational cohort study, we curated a dataset of 279 stage IV NSCLC patients who received ICI treatment and had MET expression assessed by CLIA-certified immunohistochemistry (IHC) assay. MET expression was graded on a scale from 0 to 3+, with overexpression defined as 2+ or 3+. Clinicopathological features associated with MET expression were assessed using logistic regression. Overall survival (OS) and progression-free survival (PFS) were evaluated via Kaplan-Meier analysis and the multivariate Cox proportional hazards model. To derive the most parsimonious and statistically robust models, stepwise refinement based on the Akaike Information Criterion (AIC) was applied. Results: MET overexpression was observed in 220 of 279 patients (78.9%). Adenocarcinoma histology (p = 0.003) and PD-L1 expression (p < 0.001) were independently associated with MET overexpression. Kaplan-Meier analysis showed patients with MET overexpression had significantly superior OS (p = 0.012) and PFS (p = 0.033). Full Cox regression analysis revealed that MET overexpression was associated with longer OS (p = 0.040), independent of PD-L1 levels. Patients with MET overexpression had numerically longer PFS (p = 0.145). Following adjustment for metastatic burden, the AIC-selected OS and PFS models both demonstrated that MET overexpression remained a significant prognostic factor (OS: p = 0.010; PFS: p = 0.026). Conclusions: This real-world study suggests that MET overexpression, as assessed by IHC, is associated with better survival in advanced NSCLC patients treated with ICIs, independent of PD-L1 level. These results suggest the potential of MET expression as a predictive marker for ICI efficacy in advanced NSCLC patients and support the combination of MET-targeted agents with anti-PD1/PD-L1 ICIs as a promising strategy for NSCLC patients with MET overexpression.",wos,llm,0.990,unreviewed,
discarded,International Consensus Guideline on Delineation of the Clinical Target Volumes at Different Dose Levels for Nasopharyngeal Carcinoma (2024 Version),"Lin, Shao-Jun; Guo, Qiao-Juan; Liu, Qin; Ng, Wai-Tong; Ahn, Yong Chan; Alhussain, Hussain; Chan, Annie W.; Chow, James; Chua, Melvin L. K.; Corry, June; Han, Fei; Gregoire, Vincent; Harrington, Kevin J.; Hu, Chao-Su; Jensen, Kenneth; Langendijk, Johannes A.; Le, Quynh Thu; Lee, Nancy Y.; Lee, Victor; Lin, Jin-Ching; Ma, Jun; Mendenhall, William M.; Sullivan, BrianO'; Ozyar, Enis; Rosenthal, David I.; Tao, Yun-Gan; Wang, Ren-Sheng; Wee, Joseph; Xu, Zhi-Yuan; Yi, Jun-Lin; Yom, Sue S.; Fan, Dai-Ming; Mai, Hai-Qiang; Pan, Jian-Ji; Lee, Anne W. M.",2025,INTERNATIONAL JOURNAL OF RADIATION ONCOLOGY BIOLOGY PHYSICS,10.1016/j.ijrobp.2025.05.019,https://www.webofscience.com/wos/woscc/full-record/WOS:001570548600011,adjacent-subtopic,"Purpose: Radiation therapy planning for nasopharyngeal carcinoma is one of the most challenging tasks for radiation oncologists due to the notoriously narrow therapeutic margin. The first International Guideline (IG-2018 Version) has served as a practical guide for contouring clinical target volumes (CTVs). With increasing data on locoregional extension patterns and outcomes from studies on optimizing CTV and doses, an updated International Guideline is pressingly needed to provide a reference for enhancing precision. Methods and Materials: A comprehensive literature review was conducted to assess existing guidelines and emerging data related to contouring. A preliminary questionnaire was distributed to 30 international experts (from 26 centers in 14 countries/regions) with extensive experience in nasopharyngeal carcinoma treatment, aiming to capture diverse practices and opinions. Following initial voting and iterations, a comprehensive survey was prepared for consensus building. Results: The initial questionnaire revealed marked variations in clinical practices related to CTV contouring and prescribed doses among experts. The final Delphi survey consisted of 58 questions: 20 (34%) parameters attained consensus (>= 75% agreement) and 32 (55%) attained agreement (60%-74% agreement). In the current guideline (IG-2024), 36 parameters involved changes/clarifications compared with IG-2018. The major differences focus on the use of postinduction chemotherapy gross tumor volume (except in patients with advanced extranodal extension) for CTV(p/n) to 70 Gy equivalent, stepwise refinement of elective coverage to ipsilateral anatomical structures for eccentric primary tumor, selective coverage of nodal levels, and a lower elective dose of 50 Gy equivalent. Conclusions: Amidst the challenges of diverging practices, a comprehensive consensus guideline has been devised based on updated evidence and collective agreement among international experts. This serves as a practical reference for optimal target coverage at different dose levels to maximize locoregional control while minimizing toxicities and guiding principles for generating automated contouring programs to enhance standardization. (c) 2025 The Authors. Published by Elsevier Inc. This is an open access article under the CC BY license (http://creativecommons.org/licenses/by/4.0/)",wos,llm,0.990,unreviewed,
kept,A Contract-Based Framework for Formal Verification of Embedded Software,"Lu, Xu; Tian, Cong; Gu, Bin; Yu, Bin; Chen, Chen; Duan, Zhenhua",2025,"DEPENDABLE SOFTWARE ENGINEERING: THEORIES, TOOLS, AND APPLICATIONS, SETTA 2024",10.1007/978-981-96-0602-3_10,https://www.webofscience.com/wos/woscc/full-record/WOS:001551209500010,supports-claim,"Contract-based design is a useful software engineering paradigm and has been exploited in many literatures for taming the complexity of embedded system development. A system is divided hierarchically into components in a top-down manner, where each component is associated with contracts structured in pairs of assumptions and guarantees. The strength of contract-based design enables stepwise refinement, compositional verification, and reuse of components etc. In this paper, we present a verification framework that builds upon contract-based design to ensure the correctness of embedded software. This framework can be integrated with many formal techniques, e.g., compositional verification, model checking, static analysis, runtime verification, that are shaped in a formal verification chain from the design perspective to the implementation perspective. First, a design level hierarchical model made up of components is abstracted for embedded software, and contracts relevant to components are specified and verified in temporal logic. Second, the behaviour models are constructed for the components located at the bottom of the hierarchical model, and verified using the same contracts at the first step. Third, the implementation of the bottom components are verified, still using the same contracts. Consequently, the consistency between design and implementation of embedded software is strictly proved. We provide a practical case study in the field of aerospace to illustrate the feasibility of our approach, where temporal logic LTL (Linear Temporal Logic) is employed for reasoning as contracts throughout the verification chain.",wos,llm,0.910,unreviewed,
kept,Generative AI in Introductory Programming Instruction Examining the Assistance Dilemma with LLM-Based Code Generators,"Poitras, Eric; Crane, Brent; Siegel, Angela",2024,"PROCEEDINGS OF THE 2024 ACM VIRTUAL GLOBAL COMPUTING EDUCATION CONFERENCE V.1, SIGCSE VIRTUAL 2024",10.1145/3649165.3690111,https://www.webofscience.com/wos/woscc/full-record/WOS:001472310000030,supports-claim,"Problem decomposition is an important skill in programming, allowing learners to break down complex tasks into manageable subgoals. However, translating these subgoals into executable code poses a significant challenge for novice programmers. In this study conducted in an introductory programming course, learners received instruction in stepwise refinement and integration of AI-generated code within their assignments. Throughout the course, learners were permitted to rely on AI code generators, following opportunities to receive feedback on their ability to read and write code without AI assistance.

Our findings show that learners frequently relied on AI-generated code when working on assignments outside the classroom, but that the frequency of reliance varied from one assignment to another. The reliance on AI-generated code was not correlated with the learners' year in their degree, nor whether they were enrolled in a CS degree or not. Instead, it was associated with their prior knowledge, as learners who were less proficient in reading and writing code were more likely to seek AI assistance.

AI tools were primarily used to translate subgoals into code, fix errors, and explain algorithmic concepts. Few learners encountered difficulties in understanding or integrating AI generated code into their solutions. Overall, learner performance in meeting assignment requirements was relatively high, regardless of their prior knowledge or reliance on AI code generators. We conclude that leveraging the capabilities of generative AI can effectively bridge the gap between problem-solving and implementation, enabling learners to engage in skills that might otherwise be beyond their reach.",wos,llm,0.950,unreviewed,
discarded,Study on the method of selecting objects for investigation of sedimentary radioactive source terms in nuclear power plants in service,"Xu, Guoqing; Sun, Weizhong; Wu, Yao; Li, Weiqi; Song, Yushou; Wang, Guobao",2026,ANNALS OF NUCLEAR ENERGY,10.1016/j.anucene.2025.111782,https://www.webofscience.com/wos/woscc/full-record/WOS:001547426600001,off-topic-false-hit,"The investigation of sedimentary radioactive source terms runs through the entire life cycle of nuclear power plants and its results are important bases for choosing decommissioning strategies, formulating decommissioning plans, estimating the output and funds of radioactive waste, and designing radiation protection measures. There are numerous nuclear-related items in in-service nuclear power plants, and selective investigations can only be carried out within a limited window period. To ensure the representativeness of the selected objects for the investigation of sedimentary radioactive source terms, starting from the generation mechanism of sedimentary radioactive source terms, the investigation scope is initially determined, and the selection of investigation objects is divided into four levels in a stepwise refinement manner: units, systems, small structures within systems, and specific investigation items. Meanwhile, a gamma distribution probability model is used to evaluate the rationality and statistical deviation of this method for selecting investigation objects. Then, this method is applied to select the investigation objects of pressurized water reactor units and conduct large-scale in-situ non-destructive measurement experiments. Finally, statistical methods are used to analyze the experimental data. The research results show that the method of selecting investigation objects in in-service nuclear power plants by stepwise division into units, systems, small structures within systems, and specific measurement items is reasonable and feasible, and it can provide useful references for the investigation of sedimentary radioactive source terms in nuclear power plants.",wos,llm,0.980,unreviewed,
discarded,Mechanism-guided wear severity assessment of worn surfaces with multiple damages,"Wang, Qinghua; Wang, Shuo; Zhang, Luning; Li, Yayu; Jia, Chenyang; Wu, Tonghai",2025,WEAR,10.1016/j.wear.2025.205875,https://www.webofscience.com/wos/woscc/full-record/WOS:001509132600009,off-topic-false-hit,"The wear severity of mechanical components is commonly evaluated through visual inspection of worn surfaces during routine maintenance. However, the accuracy of the intelligent assessment is hampered by the differences and superposition of co-existing damages. To address these issues, a wear severity assessment method is developed by integrating improved damage identification and state reasoning. Initially, the co-existing damages are identified with a stepwise refinement identification model incorporating spatial and categorical guidance. These identified damages are then quantified by comparing the worn surface to its initial state. On this basis, a mixture-of-experts model, utilizing an indicator-damage-state reasoning framework, is developed to deduce the overall wear severity and contributions of individual damages. With the measures, the intelligent wear severity assessment is extended to complex worn surfaces involving multiple damages. This method is validated using worn surface samples sourced from the main-shaft bearings of aero engines, which involve abrasive, fatigue, adhesive, and corrosion wear. The results reveal that the diagnosis accuracy of wear severity has been improved from 87.7 % to 93.8 % compared to the existing methods. Furthermore, the proposed method is employed to rolling-sliding friction tests, where it performs excellently in diagnosing wear mechanisms and severities of the test roller and ring.",wos,llm,0.990,unreviewed,
kept,Formal Development of a Delay-Tolerant Multicast Protocol for Wireless Sensors,"Sekerinski, Emil; Zhou, Tianyu",2025,"INTERNET OF THINGS, IFIPIOT 2024",10.1007/978-3-031-81900-1_7,https://www.webofscience.com/wos/woscc/full-record/WOS:001446575700007,supports-claim,"We consider environmental monitoring in a remote area with limited connectivity where motes can join and leave the network arbitrarily, the topology is dynamic, transmission is highly unreliable, power is restricted, data points are sampled in large intervals, the data volume is low, a delay of the reception of data points can be tolerated, and motes have large memory. We propose a new protocol with blind multicasting of data points, blind multicasting of acknowledgements, and caching of data points and acknowledgements. This paper presents the protocol by stepwise refinement with Event-B. The unreliability of transmissions is modelled by finitary fairness. Rodin is used to prove the correctness and an upper bound for the transmission delay. The protocol has been implemented using LoRa for the physical layer.",wos,llm,0.940,unreviewed,
kept,Modeling of a Speed Control System Using Event-B,"Mammar, Amel; Frappier, Marc",2020,"RIGOROUS STATE-BASED METHODS, ABZ 2020",10.1007/978-3-030-48077-6_29,https://www.webofscience.com/wos/woscc/full-record/WOS:001286419000029,supports-claim,"The present paper presents our proposal of an Event-B model of a speed control system, a part of the case study provided in the ABZ2020 conference. The case study describes how the system regulates the current speed of a car according to a set criteria like the speed desired by the driver, the position of a possible preceding vehicle but also a given speed limit that the driver must not exceed. For that purpose, this controller reads different information form the available sensors (key state, desired speed, etc.) and takes the adequate actions by acting on the actuators of the car's speed according to the read information. To formally model this system, we adopt a stepwise refinement approach with the Event-B method. We consider most features of the case study, all proof obligations have been discharged using the Rodin provers. Our model has been validated using ProB by applying the different provided scenarios. This validation has permitted us to point out and correct some mistakes, ambiguities and oversights contained in the first versions of the case study.",wos,llm,0.940,unreviewed,
kept,Modeling of a speed control system using Event-B,"Mammar, Amel; Frappier, Marc",2024,INTERNATIONAL JOURNAL ON SOFTWARE TOOLS FOR TECHNOLOGY TRANSFER,10.1007/s10009-024-00749-y,https://www.webofscience.com/wos/woscc/full-record/WOS:001223848100001,supports-claim,"This paper presents an Event-B model of a speed control system, a part of the case study provided in the ABZ2020 conference. The case study describes how the system regulates the current speed of a car according to a set of criteria like the driver's desired speed, the position of a possible preceding vehicle, but also a given speed limit that the driver must not exceed. For that purpose, this controller reads different information from the available sensors (key state, desired speed) and takes adequate actions by acting on the actuators of the car's speed according to the information read. To formally model this system, we adopt a stepwise refinement approach with the Event-B method. We consider most of the features of the case study. All proof obligations of the invariant properties have been discharged using the Rodin provers. Our model has been validated using ProB by applying the different provided scenarios. This validation has permitted us to point out and correct some mistakes, ambiguities and oversights contained in the first versions of the case study.",wos,llm,0.950,unreviewed,
kept,An Event-B Model of an Automotive Adaptive Exterior Light System,"Mammar, Amel; Frappier, Marc; Laleau, Regine",2020,"RIGOROUS STATE-BASED METHODS, ABZ 2020",10.1007/978-3-030-48077-6_28,https://www.webofscience.com/wos/woscc/full-record/WOS:001286419000028,supports-claim,"This paper introduces an Event-B formal model of the adaptive exterior light system for cars, a case study proposed in the context of the ABZ2020 conference. The system describes the different provided lights and the conditions under which they are switched on/off in order to improve the visibility of the driver without dazzling the oncoming ones. The system can be viewed as a lights controller that reads different information form the available sensors (key state, exterior luminosity, etc.) and takes the adequate actions by acting on the actuators of the lights in order to ensure a good visibility for the driver according to the information read. Our model is built using stepwise refinement with the Event-B method. We consider all the features of the case study, all proof obligations have been discharged using the Rodin provers. Our model has been validated using ProB by applying the different provided scenarios. This validation has permitted us to point out and correct some mistakes, ambiguities and oversights in the first versions of the case study.",wos,llm,0.940,unreviewed,
kept,An Event-B model of an automotive adaptive exterior light system,"Mammar, Amel; Frappier, Marc; Laleau, Regine",2024,INTERNATIONAL JOURNAL ON SOFTWARE TOOLS FOR TECHNOLOGY TRANSFER,10.1007/s10009-024-00748-z,https://www.webofscience.com/wos/woscc/full-record/WOS:001222359200001,supports-claim,"This paper introduces an Event-B formal model of the adaptive exterior light system for cars, a case study proposed in the context of the ABZ2020 conference. The system describes the different provided lights and the conditions under which they are switched on/off in order to improve the visibility of the driver without dazzling the oncoming ones. The system can be viewed as a lights controller that reads different information form the available sensors (key state, exterior luminosity, etc.) and takes the adequate actions by acting on the actuators of the lights in order to ensure a good visibility for the driver according to the information read. Our model is built using stepwise refinement with the Event-B method. We consider all the features of the case study, all proof obligations have been discharged using the Rodin provers. Our model has been validated using ProB by applying the different provided scenarios. This validation has permitted us to point out and correct some mistakes, ambiguities and oversights in the first versions of the case study description document.",wos,llm,0.950,unreviewed,
