status,title,authors,year,venue,doi,url,tags,abstract,provider,decision_source,llm_confidence,llm_review_outcome,llm_change_direction
kept,Expertise in professional software design: A process study.,Sabine Sonnentag,1998,Journal of Applied Psychology,10.1037/0021-9010.83.5.703,https://openalex.org/W2159880741,qualifies-claim,"Forty professional software designers participated in a study in which they worked on a software design task and reported strategies for accomplishing that task. High performers were identified by a peer-nomination method and performance on a design. Verbal protocol analysis based on a comparison of 12 high and 12 moderate performers indicated that high performers structured their design process by local planning and showed more feedback processing, whereas moderate performers were more engaged in analyzing requirements and verbalizing task-irrelevant cognitions. High performers more often described problem comprehension and cooperation with colleagues as useful strategies. High and moderate performers did not differ with respect to length of experience. None of the differences between the two performance groups could be explained by length of experience.",openalex,llm,0.870,unreviewed,
discarded,"Three Multivariate Models: Factor Analysis, Latent Structure Analysis, and Latent Profile Analysis",Walker Gibson,1959,Psychometrika,10.1007/bf02289845,https://openalex.org/W2006243856,off-topic-false-hit,"The factor analysis model and Lazarsfeld's latent structure scheme for analyzing dichotomous attributes are derived to show how the latter model avoids three knotty problems in factor analysis: communality estimation, rotation, and curvilinearity. Then the latent structure model is generalized into latent profile analysis for the study of interrelations among quantitative measures. Four latent profile examples are presented and discussed in terms of their limitations and the problems of latent metric and dimensionality thereby raised. The possibility of treating higher order empirical relations in a manner paralleling their various uses in the latent structure model is indicated.",openalex,llm,0.990,unreviewed,
discarded,Comparing the Pearson and Spearman correlation coefficients across distributions and sample sizes: A tutorial using simulations and empirical data.,Joost de Winter; Samuel D. Gosling; Jeff Potter,2016,Psychological Methods,10.1037/met0000079,https://openalex.org/W2403749440,off-topic-false-hit,"is preferable when variables feature heavy-tailed distributions or when outliers are present, as is often the case in psychological research.",openalex,llm,0.990,unreviewed,
discarded,The onset of dynamic stall revisited,Karen Mülleners; Markus Raffel,2011,Experiments in Fluids,10.1007/s00348-011-1118-y,https://openalex.org/W2170068067,off-topic-false-hit,"Dynamic stall on a helicopter rotor blade comprises a series of complex aerodynamic phenomena in response to the unsteady change of the blade's angle of attack. It is accompanied by a lift overshoot and delayed massive flow separation with respect to static stall. The classical hallmark of the dynamic stall phenomenon is the dynamic stall vortex. The flow over an oscillating OA209 airfoil under dynamic stall conditions was investigated by means of unsteady surface pressure measurements and time-resolved particle image velocimetry. The characteristic features of the unsteady flow field were identified and analysed utilising different coherent structure identification methods. An Eulerian and a Lagrangian procedure were adopted to locate the axes of vortices and the edges of Lagrangian coherent structures, respectively; a proper orthogonal decomposition of the velocity field revealed the energetically dominant coherent flow patterns and their temporal evolution. Based on the complementary information obtained by these methods the dynamics and interaction of vortical structures were analysed within a single dynamic stall life cycle leading to a classification of the unsteady flow development into five successive stages: the attached flow stage; the stall development stage; stall onset; the stalled stage; and flow reattachment. The onset of dynamic stall was specified here based on a characteristic mode of the proper orthogonal decomposition of the velocity field. Variations in the flow field topology that accompany the stall onset were verified by the Lagrangian coherent structure analysis. The instantaneous effective unsteadiness was defined as a single representative parameter to describe the influence of the motion parameters. Dynamic stall onset was found to be promoted by increasing unsteadiness. The mechanism that results in the detachment of the dynamic stall vortex from the airfoil was identified as vortex-induced separation caused by strong viscous interactions. Finally, a revised criterion to discern between light and deep dynamic stall was formulated.",openalex,llm,0.990,unreviewed,
discarded,Automatically Detecting and Tracking Inconsistencies in Software Design Models,Alexander Egyed,2010,IEEE Transactions on Software Engineering,10.1109/tse.2010.38,https://openalex.org/W2127685229,adjacent-subtopic,"Software models typically contain many inconsistencies and consistency checkers help engineers find them. Even if engineers are willing to tolerate inconsistencies, they are better off knowing about their existence to avoid follow-on errors and unnecessary rework. However, current approaches do not detect or track inconsistencies fast enough. This paper presents an automated approach for detecting and tracking inconsistencies in real time (while the model changes). Engineers only need to define consistency rules-in any language-and our approach automatically identifies how model changes affect these consistency rules. It does this by observing the behavior of consistency rules to understand how they affect the model. The approach is quick, correct, scalable, fully automated, and easy to use as it does not require any special skills from the engineers using it. We evaluated the approach on 34 models with model sizes of up to 162,237 model elements and 24 types of consistency rules. Our empirical evaluation shows that our approach requires only 1.4 ms to reevaluate the consistency of the model after a change (on average); its performance is not noticeably affected by the model size and common consistency rules but only by the number of consistency rules, at the expense of a quite acceptable, linearly increasing memory consumption.",openalex,llm,0.900,unreviewed,
discarded,Analysing the impact of usability on software design,Natália Juristo; Ana M. Moreno; Marı́a-Isabel Sánchez-Segura,2007,Journal of Systems and Software,10.1016/j.jss.2007.01.006,https://openalex.org/W2012600829,adjacent-subtopic,"This paper analyses what implications usability has for software development, paying special attention to the impact of this quality attribute on design. In this context, the aim is twofold. On the one hand, we intend to empirically corroborate that software design and usability are really related. This would mean that this, like other quality attributes, would need to be dealt with no later than at design time to develop usable software at a reasonable cost. On the other hand, we present a possible quantification, calculated from a number of real applications, of the effect of incorporating certain usability features at design time. (C) 2007 Elsevier Inc. All rights reserved.",openalex,llm,0.880,unreviewed,
kept,Expert Software Design Strategies,Willemien Visser; Jean‐Michel Hoc,1990,Elsevier eBooks,10.1016/b978-0-12-350772-3.50020-3,https://openalex.org/W159929889,qualifies-claim,,openalex,llm,0.840,unreviewed,
discarded,A reappraisal of HAQ disability in rheumatoid arthritis,Frederick Wolfe,2000,Arthritis & Rheumatism,10.1002/1529-0131(200012)43:12<2751::aid-anr15>3.0.co;2-6,https://openalex.org/W2048131140,off-topic-false-hit,"OBJECTIVE: To investigate the course of self-reported disability in rheumatoid arthritis (RA) using the major self-report measure of functional impairment, the Health Assessment Questionnaire (HAQ). METHODS: The course of HAQ disability was assessed in 32,525 observations (1,843 patients) in which the HAQ was administered. In addition, a subset of 2,189 visits from 50 patients, followed on average for 17 years, was studied to model the effect of disease duration on the course of HAQ disability in individual patients. Linear and fractional polynomial regression as well as smoothing algorithms were applied to the group of RA patients and then to the individual course of patients. RESULTS: Group linear and nonlinear models of the effect of disease duration on HAQ disability were found to have 3 characteristics: 1) HAQ disability scores are high at disease onset rather than gradually increasing; 2) HAQ disability increases very slowly over time (0.03 units per year); and 3) all such models fit very poorly, explaining only 5% of the variance in HAQ disability scores. However, application of nonlinear models to individual patient courses (as opposed to groups of patients) explains 37% of the HAQ disability score variation. In some patients, the course of HAQ disability was either 1) chaotic (scores change without any pattern) or 2) determinable, but unrelated to time. When covariates were added to the group model, however, the course of HAQ disability became clearer, and 51% of the variance in the disability score could be explained, statistically, by pain, depression, erythrocyte sedimentation rate, and disease duration. CONCLUSION: Individual RA patients have differing, characterizable courses: 1) nonlinear, 2) chaotic, or 3) non-time determined. The model that self-reported physical disability, as measured by the HAQ, occurs as a function of disease acting over time does not fit the data well and is an inadequate model. This discrepancy may also be the result of the patient's upward reappraisal of functional ability with increasing time. The predominant determinants of HAQ disability in RA are disease activity, pain, and psychosocial factors rather than structural abnormality. Although the HAQ is a useful clinical tool and a central measure of disease outcome, it measures both process and outcome, and usually more process than outcome. Individual patient models that include all that is known about the patient--the paradigm of clinical care-may be a more effective way to examine the course of RA than are conventional group-based models.",openalex,llm,0.990,unreviewed,
kept,"Organisation of design activities: opportunistic, with hierarchical episodes",Willemien Visser,1994,Interacting with Computers,10.1016/0953-5438(94)90015-9,https://openalex.org/W2067944782,qualifies-claim,"The organisation of actual design activities, even by experts involved in routine tasks, is not appropriately characterised by the retrieval of pre-existing plans, but is opportunistic (possibly with hierarchical episodes at a local level, but not globally hierarchical). Actually executed design actions depend, at each moment t, on the evaluation of actions proposed at t−1. These proposals can be made by preestablished plans, but also by other action-proposal knowledge structures. This position is supported by results from diverse empirical design studies. A major reason why design activities are organised opportunisically is that, even if designers possess plans which they may retrieve and use, the designers very often deviate from these plans so that their activities satisfy action-management constraints, of which the most important is cognitive economy. Two types of variables underlying this opportunism are discussed: situational and processing. If design is opportunistically organised, a support system which imposes a hierarchically structured design process will probably handicap designers. Suggestions for systems offering real support are formulated.",openalex,llm,0.990,unreviewed,
discarded,Group Cognition,Gerry Stahl,2006,The MIT Press eBooks,10.7551/mitpress/3372.001.0001,https://openalex.org/W4243048058,adjacent-subtopic,"Exploring the software design, social practices, and collaboration theory that would be needed to support group cognition; collective knowledge that is constructed by small groups online. Innovative uses of global and local networks of linked computers make new ways of collaborative working, learning, and acting possible. In Group Cognition Gerry Stahl explores the technological and social reconfigurations that are needed to achieve computer-supported collaborative knowledge building—group cognition that transcends the limits of individual cognition. Computers can provide active media for social group cognition where ideas grow through the interactions within groups of people; software functionality can manage group discourse that results in shared understandings, new meanings, and collaborative learning. Stahl offers software design prototypes, analyzes empirical instances of collaboration, and elaborates a theory of collaboration that takes the group, rather than the individual, as the unit of analysis. Stahl's design studies concentrate on mechanisms to support group formation, multiple interpretive perspectives, and the negotiation of group knowledge in applications as varied as collaborative curriculum development by teachers, writing summaries by students, and designing space voyages by NASA engineers. His empirical analysis shows how, in small-group collaborations, the group constructs intersubjective knowledge that emerges from and appears in the discourse itself. This discovery of group meaning becomes the springboard for Stahl's outline of a social theory of collaborative knowing. Stahl also discusses such related issues as the distinction between meaning making at the group level and interpretation at the individual level, appropriate research methodology, philosophical directions for group cognition theory, and suggestions for further empirical work.",openalex,llm,0.890,unreviewed,
discarded,Concurrency Verification: Introduction to Compositional and Non-compositional Methods,Willem-Paul de Roever; Frank de Boer; Ulrich Hanneman; Jozef Hooman; Yassine Lakhnech; Mannes Poel; Job Zwiers,2012,University of Twente Research Information,,https://openalex.org/W2139609292,adjacent-subtopic,7.3 Top-level Synchronous Message Passing 7.4 A Compositional Proof Method for Nested Parallelism 7.,openalex,llm,0.830,unreviewed,
discarded,Verification of Sequential and Concurrent Programs,Krzysztof R. Apt; Frank S. de Boer; Ernst-Rüdiger Olderog,2009,Texts in computer science,10.1007/978-1-84882-745-5,https://openalex.org/W2569787747,adjacent-subtopic,,openalex,llm,0.820,unreviewed,
discarded,Verification of Sequential and Concurrent Programs,Krzysztof R. Apt; Ernst-Rüdiger Olderog,1991,Texts and Monographs in Computer Science,10.1007/978-1-4757-4376-0,https://openalex.org/W1481018260,adjacent-subtopic,,openalex,llm,0.820,unreviewed,
discarded,ModelPlex: verified runtime validation of verified cyber-physical system models,Stefan Mitsch; André Platzer,2016,Formal Methods in System Design,10.1007/s10703-016-0241-z,https://openalex.org/W2127240436,off-topic-false-hit,"Formal verification and validation play a crucial role in making cyber-physical systems (CPS) safe. Formal methods make strong guarantees about the system behavior if accurate models of the system can be obtained, including models of the controller and of the physical dynamics. In CPS, models are essential; but any model we could possibly build necessarily deviates from the real world. If the real system fits to the model, its behavior is guaranteed to satisfy the correctness properties verified with respect to the model. Otherwise, all bets are off. This article introduces ModelPlex, a method ensuring that verification results about models apply to CPS implementations. ModelPlex provides correctness guarantees for CPS executions at runtime: it combines offline verification of CPS models with runtime validation of system executions for compliance with the model. ModelPlex ensures in a provably correct way that the verification results obtained for the model apply to the actual system runs by monitoring the behavior of the world for compliance with the model. If, at some point, the observed behavior no longer complies with the model so that offline verification results no longer apply, ModelPlex initiates provably safe fallback actions, assuming the system dynamics deviation is bounded. This article, furthermore, develops a systematic technique to synthesize provably correct monitors automatically from CPS proofs in differential dynamic logic by a correct-by-construction approach, leading to verifiably correct runtime model validation . Overall, ModelPlex generates provably correct monitor conditions that, if checked to hold at runtime, are provably guaranteed to imply that the offline safety verification results about the CPS model apply to the present run of the actual CPS implementation.",openalex,llm,0.950,unreviewed,
kept,Integrating real-time scheduling theory and program refinement,Colin Fidge; Mark Utting; Peter Kearney; Ian J. Hayes,1996,Lecture notes in computer science,10.1007/3-540-60973-3_95,https://openalex.org/W1570007049,adjacent-subtopic,,openalex,llm,0.730,unreviewed,
kept,The Refinement Calculator: Proof Support for Program Refinement,Michael Butler; Jim Grundy; Thomas Långbacka; Rimvydas Rukšėnas,1997,ePrints Soton (University of Southampton),,https://openalex.org/W1503870455,supports-claim,,openalex,llm,0.900,unreviewed,
discarded,Modeling Heterogeneous Real-time Components in BIP,Ananda Basu; Marius Bozga; Joseph Sifakis,2008,DROPS (Schloss Dagstuhl – Leibniz Center for Informatics),10.4230/dagsemproc.08331.5,https://openalex.org/W2404118354,adjacent-subtopic,"We present a methodology for modeling heterogeneous real-time components. Components are obtained as the superposition of three layers : Behavior, specified as a set of transitions; Interactions between transitions of the behavior; Priorities, used to choose amongst possible interactions. A parameterized binary composition operator is used to compose components layer by layer. We present the BIP language for the description and composition of layered components as well as associated tools for executing and analyzing components on a dedicated platform. The language provides a powerful mechanism for structuring interactions involving rendezvous and broadcast. We show that synchronous and timed systems are particular classes of components. Finally, we provide examples showing the utility of the BIP framework in heterogeneous component modeling.",openalex,llm,0.910,unreviewed,
kept,A Program Refinement Tool,David Carrington; Ian J. Hayes; R. Nickson; Geoffrey Watson; James M. Welsh,1998,Formal Aspects of Computing,10.1007/s001650050006,https://openalex.org/W2080782424,supports-claim,"Abstract. The refinement calculus for the development of programs from specifications is well suited to mechanised support. We review the requirements for tool support of refinement as gleaned from our experience with existing refinement tools, and report on the design and implementation of a new tool to support refinement based on these requirements. The main features of the new tool are close integration of refinement and proof in a single tool (the same mechanism is used for both), good management of the refinement context, an extensible theory base that allows the tool to be adapted to new application domains, and a flexible user interface.",openalex,llm,0.950,unreviewed,
discarded,Planning for change in a formal verification of the raft consensus protocol,Doug Woos; James R. Wilcox; Steve Anton; Zachary Tatlock; Michael D. Ernst; Thomas E. Anderson,2016,,10.1145/2854065.2854081,https://openalex.org/W2296772897,adjacent-subtopic,"We present the first formal verification of state machine safety for the Raft consensus protocol, a critical component of many distributed systems. We connected our proof to previous work to establish an end-to-end guarantee that our implementation provides linearizable state machine replication. This proof required iteratively discovering and proving 90 system invariants. Our verified implementation is extracted to OCaml and runs on real networks. The primary challenge we faced during the verification process was proof maintenance, since proving one invariant often required strengthening and updating other parts of our proof. To address this challenge, we propose a methodology of planning for change during verification. Our methodology adapts classical information hiding techniques to the context of proof assistants, factors out common invariant-strengthening patterns into custom induction principles, proves higher-order lemmas that show any property proved about a particular component implies analogous properties about related components, and makes proofs robust to change using structural tactics. We also discuss how our methodology may be applied to systems verification more broadly.",openalex,llm,0.870,unreviewed,
