status,title,authors,year,venue,doi,url,tags,abstract,provider,decision_source,llm_confidence,llm_review_outcome,llm_change_direction
discarded,A short history of<i>SHELX</i>,George M. Sheldrick,2007,Acta Crystallographica Section A Foundations of Crystallography,10.1107/s0108767307043930,https://openalex.org/W2131350133,off-topic-false-hit,"An account is given of the development of the SHELX system of computer programs from SHELX-76 to the present day. In addition to identifying useful innovations that have come into general use through their implementation in SHELX, a critical analysis is presented of the less-successful features, missed opportunities and desirable improvements for future releases of the software. An attempt is made to understand how a program originally designed for photographic intensity data, punched cards and computers over 10000 times slower than an average modern personal computer has managed to survive for so long. SHELXL is the most widely used program for small-molecule refinement and SHELXS and SHELXD are often employed for structure solution despite the availability of objectively superior programs. SHELXL also finds a niche for the refinement of macromolecules against high-resolution or twinned data; SHELXPRO acts as an interface for macromolecular applications. SHELXC, SHELXD and SHELXE are proving useful for the experimental phasing of macromolecules, especially because they are fast and robust and so are often employed in pipelines for high-throughput phasing. This paper could serve as a general literature citation when one or more of the open-source SHELX programs (and the Bruker AXS version SHELXTL) are employed in the course of a crystal-structure determination.","openalex, dblp, wos, scopus",llm,0.990,unreviewed,
discarded,MEGA3: Integrated software for Molecular Evolutionary Genetics Analysis and sequence alignment,Sudhir Kumar,2004,Briefings in Bioinformatics,10.1093/bib/5.2.150,https://openalex.org/W2146396346,off-topic-false-hit,"With its theoretical basis firmly established in molecular evolutionary and population genetics, the comparative DNA and protein sequence analysis plays a central role in reconstructing the evolutionary histories of species and multigene families, estimating rates of molecular evolution, and inferring the nature and extent of selective forces shaping the evolution of genes and genomes. The scope of these investigations has now expanded greatly owing to the development of high-throughput sequencing techniques and novel statistical and computational methods. These methods require easy-to-use computer programs. One such effort has been to produce Molecular Evolutionary Genetics Analysis (MEGA) software, with its focus on facilitating the exploration and analysis of the DNA and protein sequence variation from an evolutionary perspective. Currently in its third major release, MEGA3 contains facilities for automatic and manual sequence alignment, web-based mining of databases, inference of the phylogenetic trees, estimation of evolutionary distances and testing evolutionary hypotheses. This paper provides an overview of the statistical methods, computational tools, and visual exploration modules for data input and the results obtainable in MEGA.","openalex, dblp, wos, scopus",llm,0.990,unreviewed,
discarded,Software for molecular docking: a review,Nataraj Sekhar Pagadala; Khajamohiddin Syed; Jack A. Tuszyński,2017,Biophysical Reviews,10.1007/s12551-016-0247-1,https://openalex.org/W2578119541,off-topic-false-hit,,"openalex, dblp, wos, scopus",llm,0.990,unreviewed,
discarded,Molecular Docking and Structure-Based Drug Design Strategies,Leonardo L. G. Ferreira; Ricardo Nascimento dos Santos; Glaucius Oliva; Adriano D. Andricopulo,2015,Molecules,10.3390/molecules200713384,https://openalex.org/W1653739410,off-topic-false-hit,"Pharmaceutical research has successfully incorporated a wealth of molecular modeling methods, within a variety of drug discovery programs, to study complex biological and chemical systems. The integration of computational and experimental strategies has been of great value in the identification and development of novel promising compounds. Broadly used in modern drug design, molecular docking methods explore the ligand conformations adopted within the binding sites of macromolecular targets. This approach also estimates the ligand-receptor binding free energy by evaluating critical phenomena involved in the intermolecular recognition process. Today, as a variety of docking algorithms are available, an understanding of the advantages and limitations of each method is of fundamental importance in the development of effective strategies and the generation of relevant results. The purpose of this review is to examine current molecular docking strategies used in drug discovery and medicinal chemistry, exploring the advances in the field and the role played by the integration of structure- and ligand-based methods.","openalex, dblp, wos, scopus",llm,0.990,unreviewed,
kept,Tentative steps toward a development method for interfering programs,Cliff B. Jones,1983,ACM Transactions on Programming Languages and Systems,10.1145/69575.69577,https://openalex.org/W2090551028,supports-claim,"Development methods for (sequential) programs that run in isolation have been studied elsewhere. Programs that run in parallel can interfere with each other, either via shared storage or by sending messages. Extensions to earlier development methods are proposed for the rigorous development of interfering programs. In particular, extensions to the specification method based on postconditions that are predicates of two states and the development methods of operation decomposition and data refinement are proposed.","openalex, dblp, wos, scopus",llm,0.970,unreviewed,
discarded,A survey of software refactoring,Tom Mens; Tom Tourwé,2004,IEEE Transactions on Software Engineering,10.1109/tse.2004.1265817,https://openalex.org/W2171383742,adjacent-subtopic,"We provide an extensive overview of existing research in the field of software refactoring. This research is compared and discussed based on a number of different criteria: the refactoring activities that are supported, the specific techniques and formalisms that are used for supporting these activities, the types of software artifacts that are being refactored, the important issues that need to be taken into account when building refactoring tool support, and the effect of refactoring on the software process. A running example is used to explain and illustrate the main concepts.","openalex, dblp, wos, scopus",llm,0.900,unreviewed,
discarded,Delta-Oriented Programming of Software Product Lines,Ina Schaefer; Lorenzo Bettini; Viviana Bono; Ferruccio Damiani; Nico Tanzarella,2010,Lecture notes in computer science,10.1007/978-3-642-15579-6_6,https://openalex.org/W1949851419,adjacent-subtopic,,"openalex, dblp, wos, scopus",llm,0.840,unreviewed,
discarded,The<i>PDB_REDO</i>server for macromolecular structure model optimization,Robbie P. Joosten; Fei Long; Garib N. Murshudov; Anastassis Perrakis,2014,IUCrJ,10.1107/s2052252514009324,https://openalex.org/W2131417105,off-topic-false-hit,"The refinement and validation of a crystallographic structure model is the last step before the coordinates and the associated data are submitted to the Protein Data Bank (PDB). The success of the refinement procedure is typically assessed by validating the models against geometrical criteria and the diffraction data, and is an important step in ensuring the quality of the PDB public archive [Read et al. (2011 ▶), Structure, 19, 1395-1412]. The PDB_REDO procedure aims for 'constructive validation', aspiring to consistent and optimal refinement parameterization and pro-active model rebuilding, not only correcting errors but striving for optimal interpretation of the electron density. A web server for PDB_REDO has been implemented, allowing thorough, consistent and fully automated optimization of the refinement procedure in REFMAC and partial model rebuilding. The goal of the web server is to help practicing crystallo-graphers to improve their model prior to submission to the PDB. For this, additional steps were implemented in the PDB_REDO pipeline, both in the refinement procedure, e.g. testing of resolution limits and k-fold cross-validation for small test sets, and as new validation criteria, e.g. the density-fit metrics implemented in EDSTATS and ligand validation as implemented in YASARA. Innovative ways to present the refinement and validation results to the user are also described, which together with auto-generated Coot scripts can guide users to subsequent model inspection and improvement. It is demonstrated that using the server can lead to substantial improvement of structure models before they are submitted to the PDB.","openalex, dblp, wos, scopus",llm,0.990,unreviewed,
kept,Correctness preserving program refinements: Proof theory and applications,Ralph‐Johan Back,1980,"Centrum Wiskunde & Informatica (CWI), the national research institute for mathematics and computer science in the Netherlands",,https://openalex.org/W1535757506,supports-claim,The excellent typing by Linda,"openalex, dblp, wos, scopus",llm,0.990,unreviewed,
discarded,WinXAS: a Program for X-ray Absorption Spectroscopy Data Analysis under MS-Windows,Thorsten Ressler,1998,Journal of Synchrotron Radiation,10.1107/s0909049597019298,https://openalex.org/W1975878087,off-topic-false-hit,WinXAS is a new X-ray absorption spectroscopy (XAS) data-analysis program. It runs under the operating system MS-Windows 95/NT and offers several unique features. It has a user-friendly graphical environment and is capable of reading a variety of data formats. It contains a number of useful numerical algorithms beyond those used in conventional XAS analysis and offers a simple interface to the ab-initio theoretical code FEFF. The availability of fast macros in WinXAS makes it particularly useful for on-line data examination at synchrotron radiation facilities during XAS experiments as well as for the analysis of multiple-scan data such as those from time-resolved experiments.,"openalex, dblp, wos, scopus",llm,0.990,unreviewed,
discarded,The GROMOS software for biomolecular simulation: GROMOS05,Markus Christen; Philippe H. Hünenberger; Dirk Bakowies; Riccardo Baron; Roland Bürgi; Daan P. Geerke; Tim N. Heinz; Mika A. Kastenholz; Vincent Kräutler; Chris Oostenbrink; Christine Peter; Daniel Trzesniak; Wilfred F. van Gunsteren,2005,Journal of Computational Chemistry,10.1002/jcc.20303,https://openalex.org/W2113149246,off-topic-false-hit,"We present the latest version of the Groningen Molecular Simulation program package, GROMOS05. It has been developed for the dynamical modelling of (bio)molecules using the methods of molecular dynamics, stochastic dynamics, and energy minimization. An overview of GROMOS05 is given, highlighting features not present in the last major release, GROMOS96. The organization of the program package is outlined and the included analysis package GROMOS++ is described. Finally, some applications illustrating the various available functionalities are presented.","openalex, dblp, wos, scopus",llm,0.990,unreviewed,
discarded,Advances in protein structure prediction and design,Brian Kuhlman; Philip Bradley,2019,Nature Reviews Molecular Cell Biology,10.1038/s41580-019-0163-x,https://openalex.org/W2968494487,off-topic-false-hit,"The prediction of protein three-dimensional structure from amino acid sequence has been a grand challenge problem in computational biophysics for decades, owing to its intrinsic scientific interest and also to the many potential applications for robust protein structure prediction algorithms, from genome interpretation to protein function prediction. More recently, the inverse problem — designing an amino acid sequence that will fold into a specified three-dimensional structure — has attracted growing attention as a potential route to the rational engineering of proteins with functions useful in biotechnology and medicine. Methods for the prediction and design of protein structures have advanced dramatically in the past decade. Increases in computing power and the rapid growth in protein sequence and structure databases have fuelled the development of new data-intensive and computationally demanding approaches for structure prediction. New algorithms for designing protein folds and protein–protein interfaces have been used to engineer novel high-order assemblies and to design from scratch fluorescent proteins with novel or enhanced properties, as well as signalling proteins with therapeutic potential. In this Review, we describe current approaches for protein structure prediction and design and highlight a selection of the successful applications they have enabled. Predicting how proteins fold enables inferring their function. Conversely, rational protein design allows for engineering novel protein functionalities. Recent improvements in computational algorithms and technological advances have dramatically increased the accuracy and speed of protein structure modelling, providing novel opportunities for controlling protein function, with potential applications in biomedicine, industry and research.","openalex, dblp, wos, scopus",llm,0.990,unreviewed,
kept,FLEXIBLE CORRECT-BY-CONSTRUCTION PROGRAMMING,"Runge, Tobias; Bordis, Tabea; Potanin, Alex; Thuem, Thomas; Schaefer, Ina",2023,LOGICAL METHODS IN COMPUTER SCIENCE,10.46298/LMCS-19(2:16)2023,https://www.webofscience.com/wos/woscc/full-record/WOS:001026271900002,supports-claim,". Correctness-by-Construction (CbC) is an incremental program construction process to construct functionally correct programs. The programs are constructed stepwise along with a specification that is inherently guaranteed to be satisfied. CbC is complex to use without specialized tool support, since it needs a set of predefined refinement rules of fixed granularity which are additional rules on top of the programming language. Each refinement rule introduces a specific programming statement and developers cannot depart from these rules to construct programs. CbC allows to develop software in a structured and incremental way to ensure correctness, but the limited flexibility is a disadvantage of CbC. In this work, we compare classic CbC with CBC-BLocK and TRAITCBC. Both approaches CBC-BLocK and TRAITCBC, are related to CbC, but they have new language constructs that enable a more flexible software construction approach. We provide for both approaches a programming guideline, which similar to CbC, leads to well-structured programs. CBC-BLocK extends CbC by adding a refinement rule to insert any block of statements. Therefore, we introduce CBC-BLocK as an extension of CbC. TRAITCBC implements correctness-by-construction on the basis of traits with specified methods. We formally introduce TRAITCBC and prove soundness of the construction strategy. All three development approaches are qualitatively compared regarding their programming constructs, tool support, and usability to assess which is best suited for certain tasks and developers.","openalex, dblp, wos, scopus",llm,0.950,unreviewed,
discarded,Refinement of Structured Interactive Systems,"Diaconescu, Denisa; Petre, Luigia; Sere, Kaisa; Stefanescu, Gheorghe",2014,THEORETICAL ASPECTS OF COMPUTING - ICTAC 2014,,https://www.webofscience.com/wos/woscc/full-record/WOS:000358216500009,adjacent-subtopic,"The refinement concept provides a formal tool for addressing the complexity of software-intensive systems, by verified stepwise development from an abstract specification towards an implementation. In this paper we propose a novel notion of refinement for a structured formalism dedicated to interactive systems, that combines a data-flow with a control-oriented approach. Our notion is based on scenarios, extending to two dimensions the trace-based definition for the refinement of classical sequential systems. We illustrate our refinement notion with a simple example and outline several extensions to include more sophisticated distributed techniques.","openalex, dblp, wos, scopus",llm,0.740,unreviewed,
kept,A formal software development approach using refinement calculus,"Wang, YF; Pang, J; Zha, M; Yang, ZH; Zheng, GL",2001,JOURNAL OF COMPUTER SCIENCE AND TECHNOLOGY,,https://www.webofscience.com/wos/woscc/full-record/WOS:000168732300005,supports-claim,"The advantage of COOZ (Complete Object-Oriented Z) is to specify large scale software, but it does not support refinement calculus. Thus its application is confined for software development. Including refinement calculus into COOZ overcomes its disadvantage during design and implementation. The separation between the design and implementation for structure and notation is removed as well. Then the software can be developed smoothly in the same frame. The combination of COOZ and refinement calculus can build object-oriented frame, in which the specification in COOZ is refined stepwise to code by calculus. In this paper, the development model is established, which is based on COOZ and refinement calculus. Data refinement is harder to deal with in a refinement tool than ordinary algorithmic refinement, since data refinement usually has to be done on a large program component at once. As to the implementation technology of refinement calculus, the data refinement calculator is constructed and an approach for data refinement which is based on data refinement calculus and program window inference is offered.","openalex, dblp, wos, scopus",llm,0.970,unreviewed,
kept,Learning to Control the Program Evolution Process with Cultural Algorithms,"Zannoni, Elena; Reynolds, Robert G.",1997,EVOLUTIONARY COMPUTATION,,https://www.webofscience.com/wos/woscc/full-record/WOS:000208244400005,supports-claim,"Traditional software engineering dictates the use of modular and structured programming and top-down stepwise refinement techniques that reduce the amount of variability arising in the development process by establishing standard procedures to be followed while writing software. This focusing leads to reduced variability in the resulting products, due to the use of standardized constructs. Genetic programming (GP) performs heuristic search in the space of programs. Programs produced through the GP paradigm emerge as the result of simulated evolution and are built through a bottom-up process, incrementally augmenting their functionality until a satisfactory level of performance is reached. Can we automatically extract knowledge from the GP programming process that can be useful to focus the search and reduce product variability, thus leading to a more effective use of the available resources? An answer to this question is investigated with the aid of cultural algorithms. A new system, cultural algorithms with genetic programming (CAGP), is presented. The system has two levels. The first is the pool of genetic programs (population level), and the second is a knowledge repository (belief set) that is built during the GP run and is used to guide the search process. The microevolution within the population brings about potentially meaningful characteristics of the programs for the achievement of the given task, such as properties exhibited by the best performers in the population. CAGP extracts these features and represents them as the set of the current beliefs. Beliefs correspond to constraints that all the genetic operators and programs must follow. Interaction between the two levels occurs in one direction through the extraction process and, in the other, through the modulation of an individual's program parameters according to which, and how many, of the constraints it follows. CAGP is applied to solve an instance of the symbolic regression problem, in which a function of one variable needs to be discovered. The results of the experiments show an overall improvement on the average performance of CAGP over GP alone and a significant reduction of the complexity of the produced solution. Moreover, the execution time required by CAGP is comparable with the time required by GP alone.","openalex, dblp, wos, scopus",llm,0.900,unreviewed,
