status,title,authors,year,venue,doi,url,tags,abstract,provider,decision_source,llm_confidence,llm_review_outcome,llm_change_direction
kept,The WAM - Definition and Compiler Correctness.,Egon Börger; Dean Rosenzweig,1995,,,https://openalex.org/W1539030153,supports-claim,": This paper provides a mathematical analysis of the Warren Abstract Machine for executing Prolog and a correctness proof for a general compilation scheme of Prolog for the WAM. Starting from an abstract Prolog model which is close to the programmer's intuition, we derive the WAM methodically by stepwise refinement of Prolog models, proving correctness and completeness for each refinement step. Along the way we explicitely formulate, as proof assumptions, a set of natural conditions for a compiler to be correct, thus making our proof applicable to a whole class of compilers. The proof method provides a rigorous mathematical framework for the study of Prolog compilation techniques. It can be applied in a natural way to extensions and variants of Prolog and related WAMs allowing for parallelism, constraint handling, types, functional components---in some cases it has in fact been successfully extended. Our exposition assumes only a general understanding of Prolog. We reach full mathemati...",openalex,llm,0.900,unreviewed,
kept,Stepwise‐refinement for performance: a methodology for many‐core programming,Pieter Hijma; Rob V. van Nieuwpoort; Ceriel J. H. Jacobs; Henri E. Bal,2015,Concurrency and Computation Practice and Experience,10.1002/cpe.3416,https://openalex.org/W2137229325,supports-claim,"Summary Many‐core hardware is targeted specifically at obtaining high performance, but reaching high performance is often challenging because hardware‐specific details have to be taken into account. Although there are many programming systems that try to alleviate many‐core programming, some providing a high‐level language, others providing a low‐level language for control, none of these systems have a clear and systematic methodology as a foundation. In this article, we proposestepwise‐refinement for performance: a novel, clear, and structured methodology for obtaining high performance on many‐cores. We present a system that supports this methodology, offers multiple levels of abstraction to provide programmers a trade‐off between high‐level and low‐level programming, and provides programmers detailed performance feedback. We evaluate our methodology with several widely varying compute kernels on two different many‐core architectures: a Graphical Processing Unit (GPU) and the Xeon Phi. We show that our methodology gives insight in the performance, and that in almost all cases, we gain a substantial performance improvement using our methodology. Copyright © 2015 John Wiley & Sons, Ltd.",openalex,llm,0.970,unreviewed,
kept,Stepwise refinement and concurrency: A small exercise,E. Pascal Gribomont,1989,Lecture notes in computer science,10.1007/3-540-51305-1_12,https://openalex.org/W1560443002,supports-claim,,openalex,llm,0.930,unreviewed,
kept,Program development by inductive stepwise refinement,R. Geoff Dromey,1985,Software Practice and Experience,10.1002/spe.4380150102,https://openalex.org/W2091807952,supports-claim,"Abstract A constructive method of program development is presented. It seeks to unify two important ideas about program development. Namely that programming is a goal‐oriented activity and that there should be a correspondence between data and program structures. The latter concept is seen to be extensible beyond the data processing context in which it was originally proposed. Induction provides the vehicle for program development by stepwise refinement, with the final program being constructed by application of a sequence of progressively more powerful generalizations. The design process employed guarantees the correctness of the final program provided that each of the refinement steps have been correctly taken. The method is illustrated by a number of samples.",openalex,llm,0.960,unreviewed,
kept,A method for refining atomicity in parallel algorithms,R. J. R. Back,1989,Lecture notes in computer science,10.1007/3-540-51285-3_42,https://openalex.org/W2164063418,supports-claim,,openalex,llm,0.760,unreviewed,
kept,Stepwise refinement of sequence diagrams with soft real-time constraints,Atle Refsdal; Ragnhild Kobro Runde; Ketil Stølen,2015,Journal of Computer and System Sciences,10.1016/j.jcss.2015.03.003,https://openalex.org/W1997246871,supports-claim,,openalex,llm,0.950,unreviewed,
kept,Stepwise Refinement Validation of Design Patterns Formalized in TLA+ using the TLC Model Checker.,Toufik Taibi; Ángel Herranz; Juan José Moreno-Navarro,2009,The Journal of Object Technology,10.5381/jot.2009.8.2.a3,https://openalex.org/W2887911334,supports-claim,"Despite being around for only a little more than a decade, design patterns have proved to be successful reuse artifacts. However, the fact that they are mostly described informally gives rise to ambiguity and hinders correct usage. This paper discusses how to formally specify the ""solution element"" of patterns using TLA+, the formal specification language of Temporal Logic of Actions (TLA). The focus is first on formally specifying the most abstract version of a pattern before validly doing stepwise refinements by adding more details along the way until reaching a concrete implementation.",openalex,llm,0.940,unreviewed,
kept,Stepwise refinement of behavioral VHDL specifications by separation of synchronization and functionality,Claus M. Schneider; Wolfgang Ecker,1996,European Design Automation Conference,10.5555/252471.252555,https://openalex.org/W2171886025,supports-claim,We present a new method of behavioral modeling consisting of separation of synchronization and functionality. In this way incomplete specification and incremental refinement can be performed to reduce the modeling effort in early design stages. Compared to known methods our approach allows early cycle based analysis to select appropriate architectures and to perform parallel/serial tradeoff. Due to the separation of synchronization and functionality the datapath can be developed independently of the controller and thus enables concurrent engineering. Another important characteristic is the reuse friendly architecture proposed in this paper.,openalex,llm,0.890,unreviewed,
kept,Top-down design and the algebra of communicating processes,J.A. Bergstra; Judith Tucker,1985,Science of Computer Programming,10.1016/0167-6423(85)90010-3,https://openalex.org/W2021173961,supports-claim,,openalex,llm,0.810,unreviewed,
discarded,Structuring Maintenance Control Systems,C.W. Gits,1994,International Journal of Operations & Production Management,10.1108/01443579410062121,https://openalex.org/W2079854464,off-topic-false-hit,"Maintenance control deals with the co‐ordination of maintenance demand and resources in such a way that stated objectives are satisfied. This allocation problem is characterized by complexity, uncertainty and flexibility. These conditions warrant a hierarchical decision structure primarily aimed at a stepwise refinement of control on the basis of increasingly detailed information. A reference framework of decision functions is developed to facilitate the design of maintenance control systems in what essentially are unique situations.",openalex,llm,0.940,unreviewed,
kept,Stepwise refinement of heap-manipulating code in Chalice,K. Rustan M. Leino; Kuat Yessenov,2012,DSpace@MIT (Massachusetts Institute of Technology),,https://openalex.org/W2588705341,supports-claim,,openalex,llm,0.870,unreviewed,
discarded,Stepwise refinements of net models and their place invariants,W.M. Zuberek,2003,,10.1109/pnpm.1999.796556,https://openalex.org/W1491096193,adjacent-subtopic,"Schedules for manufacturing cells can be systematically derived by simple stepwise refinements which, in consecutive steps, increase the complexity of the cell by introducing its components one after another. Timed Petri net models of schedules derived in this way have some convenient structural properties-net models are covered by conflict-free subnets, determined by place invariants of the model. These place invariant implied subnets can be used for evaluation of the basic performance characteristics of the model. The paper shows that place invariants of net models of schedules can be obtained by the same stepwise refinements that are used for model derivation. Simple examples of performance evaluation are included as an illustration of the use of place invariants in the analysis of schedules.",openalex,llm,0.790,unreviewed,
kept,Stepwise refinement in block-based programming,KrutzJosiah; SiyHarvey; DornBrian; B MorrisonBriana,2019,Journal of computing sciences in colleges,10.5555/3381613.3381623,https://openalex.org/W3031372419,supports-claim,"With the popularity of block-based programming in CS0 courses, a growing number of students will learn a block language in their first exposure to programming. Studies indicate that blocks make it ...",openalex,llm,0.880,unreviewed,
kept,Towards refining temporal specifications into hybrid systems,Thomas A. Henzinger; Zohar Manna; Amir Pnueli,1993,Lecture notes in computer science,10.1007/3-540-57318-6_24,https://openalex.org/W1801453676,supports-claim,,openalex,llm,0.790,unreviewed,
kept,"Stepwise Refinement of Distributed Systems, Models, Formalisms, Correctness, REX Workshop",J. W. de Bakker; Willem P. de Roever; Grzegorz Rozenberg,1989,,,https://openalex.org/W2914750250,supports-claim,,openalex,llm,0.820,unreviewed,
kept,Formalizing Network Flow Algorithms: A Refinement Approach in Isabelle/HOL,Peter Lammich; S. Reza Sefidgar,2017,Journal of Automated Reasoning,10.1007/s10817-017-9442-4,https://openalex.org/W2775427311,supports-claim,,openalex,llm,0.970,unreviewed,
discarded,The Kiv-approach to software verification,Wolfgang Reif,1995,Lecture notes in computer science,10.1007/bfb0015471,https://openalex.org/W1533795866,adjacent-subtopic,,openalex,llm,0.610,unreviewed,
kept,Experiments with program parallelization using archetypes and stepwise refinement,Berna L. Massingill,1998,Lecture notes in computer science,10.1007/3-540-64359-1_747,https://openalex.org/W2049693630,supports-claim,,openalex,llm,0.780,unreviewed,
kept,EXPERIMENTS WITH PROGRAM PARALLELIZATION USING ARCHETYPES AND STEPWISE REFINEMENT,Berna L. Massingill,1999,Parallel Processing Letters,10.1142/s0129626499000451,https://openalex.org/W4236952591,supports-claim,"Parallel programming continues to be difficult and error-prone, whether starting from specifications or from an existing sequential program. This paper presents (1) a methodology for parallelizing sequential applications and (2) experiments in applying the methodology. The methodology is based on the use of stepwise refinement together with what we call parallel programming archetypes (briefly, abstractions that capture common features of classes of programs), in which most of the work of parallelization is done using familiar sequential tools and techniques, and those parts of the process that cannot be addressed with sequential tools and techniques are addressed with formally-justified transformations. The experiments consist of applying the methodology to sequential application programs, and they provide evidence that the methodology produces correct and reasonably efficient programs at reasonable human-effort cost. Of particular interest is the fact that the aspect of the methodology that is most completely formally justified is the aspect that in practice was the most trouble-free.",openalex,llm,0.780,unreviewed,
discarded,Toward Component-Oriented Formal Software Development: An Algebraic Approach,Michel Bidoit; Donald Sannella; Andrzej Tarlecki,2004,Lecture notes in computer science,10.1007/978-3-540-24626-8_5,https://openalex.org/W1540899777,adjacent-subtopic,,openalex,llm,0.670,unreviewed,
kept,A Stepwise Refinement Based Development of Self-Organizing Multi-Agent Systems: Application to the Foraging Ants,Zeineb Graja; Frédéric Migeon; Christine Maurel; Marie-Pierre Gleizes; Ahmed Hadj Kacem,2014,Lecture notes in computer science,10.1007/978-3-319-14484-9_3,https://openalex.org/W182625891,supports-claim,,openalex,llm,0.820,unreviewed,
kept,An approach to the design of distributed systems with B AMN,Michael Butler,1997,Lecture notes in computer science,10.1007/bfb0027291,https://openalex.org/W1832857872,supports-claim,,openalex,llm,0.800,unreviewed,
discarded,"Information Seeking, Information Sharing, and going mobile: Three bridges to informal learning",Leila A. Mills; Gerald Knezek; Ferial Khaddage,2013,Computers in Human Behavior,10.1016/j.chb.2013.08.008,https://openalex.org/W1992887536,off-topic-false-hit,"This paper introduces a new perspective on information behavior in Web 2.0 environments, including the role of mobile access in bridging formal to informal learning. Kuhlthau, 1991, Kuhlthau, 2007 Information Search Process (ISP) model is identified as a theoretical basis for exploring Information Seeking attitudes and behaviors, while social learning and literacy concepts of Vygotsky, 1962, Vygotsky, 1978, Bruner, 1962, Bruner, 1964 and Jenkins (2010) are identified as foundations for Information Sharing. The Guided Inquiry Spaces model (Maniotes, 2005) is proposed as an approach to bridging the student’s informal learning world and the curriculum-based teacher’s world. Research within this framework is operationalized through a recently validated Information and Communications Technology Learning (ICTL) survey instrument measuring learners’ preferences for self-expression, sharing, and knowledge acquisition interactions in technology-pervasive environments. Stepwise refinement of ICTL produced two reliable and valid psychometric scales, Information Sharing (alpha = .77) and Information Seeking (alpha = .72). Cross-validation with an established Mobile Learning Scale (Khaddage & Knezek, 2013) indicates that Information Sharing aligns significantly (p < .05) with Mobile Learning. Information Seeking, Information Sharing, and mobile access are presented as important, complimentary components important, complimentary components in the shift along the formal to informal learning continuum. Therefore, measures of these constructs can assist in understanding students’ preferences for 21st century learning.",openalex,llm,0.990,unreviewed,
kept,Developing a Consensus Algorithm Using Stepwise Refinement,Jeremy Bryans,2011,Lecture notes in computer science,10.1007/978-3-642-24559-6_37,https://openalex.org/W1857711188,supports-claim,,openalex,llm,0.920,unreviewed,
kept,The design of real-time systems: from specification to implementation and verification,Hermann Kopetz; R. Zainlinger; Gerhard Fohler; H. Kantz; Peter Puschner; Werner Schütz,1991,Software Engineering Journal,10.1049/sej.1991.0011,https://openalex.org/W1981592118,supports-claim,"This paper presents an engineering approach to the design of distributed real-time systems, which guarantee hard deadlines and can tolerate a specified set of faults. The methodology covers the stepwise refinement of the given requirements, expressed in the form of real-time transactions, to task and protocol executions. It also includes a timing analysis and dependability evaluation of the still incomplete design. The testability of the evolving system is considered to be of essential concern. A set of coherent tools for the support of the methodology is described in some detail. The methodology assumes that the runtime architecture is based on static scheduling, and a globally synchronised time-base is available to co-ordinate the system actions in the domain of real time.",openalex,llm,0.900,unreviewed,
kept,Stepwise Refinement of Formal Specifications Based on Logical Formulae: from COOPN/2 Specifications to Java Programs,Giovanna Di Marzo Serugendo,1999,Infoscience (Ecole Polytechnique Fédérale de Lausanne),10.13097/archive-ouverte/unige:73318,https://openalex.org/W116087164,supports-claim,"One of the steps making it possible to increase the quality and the reliability of the software executing on distributed systems consists of the use of methods of software engineering that are known as formal. The majority of the formal methods currently existing correspond in fact more to formal specifications languages than to methods themselves. This is due to the fact that the two fundamental aspects which are: the logic of use of the language and the coverage of the software life cycle are not, for the majority, defined. The development by stepwise refinement is one of the means making it possible to define these two aspects. This thesis aims to the definition of the concepts of refinement and implementation of model-oriented formal specifications. It brings a methodological base making it possible to use such a specifications language during a development by stepwise refinements and during the implementation stage. This thesis defines, initially, a theoretical framework for the refinement and the implementation of formal specifications. The main idea consists in associating a contract with each specification. A contract explicitly represents the whole of the properties of the specification which it is necessary to preserve at the time of a refinement of this specification. To show that a concrete specification refines some abstract specification, it is then a matter of showing that the contract of the concrete specification is sufficient to ensure the properties corresponding to the contract of the abstract specification. The second part of this thesis consists in applying this theoretical framework in the context of the CO-OPN/2 language. CO-OPN/2 is an object-oriented formal specifications language founded on algebraic specifications and Petri nets. Thus, definitions of the concepts of contracts, refinement and implementation are proposed for this language. The contracts are expressed using the Hennessy-Milner temporal logic (HML). This logic is used in the theory of test provided with language CO-OPN/2. Thus, the verification of the contractual properties, as well as the verification of the stages of refinement are facilitated. Refinement and implementation are controlled semantically by the satisfaction of the contracts; syntactically, a renaming is authorised. We specifically study the implementation using the Java programming language. We show how to specify classes of the Java programming language using language CO-OPN/2, so that the last stage of the process of refinement leads to a specification entirely built using CO-OPN/2 components specifying Java classes. The stage of implementation in the Java language itself is thus facilitated. The third part of this thesis shows how it is possible to practically verify that a CO-OPN/2 specification satisfies its own contract, that a stage of refinement is correctly carried out, and finally that the stage of implementation is correctly performed. These verifications are carried out using the theory of the test provided with language CO-OPN/2. Finally, the last part of this thesis illustrates the cogency of this approach by applying it to a complete and detailed case study. A distributed Java application is developped according to the method introduced for the CO-OPN/2 language. Refinement is guided mainly by the satisfaction of functional requirements and by constraints of design integrating the concept of client/server architecture. Lastly, the stages chosen in the refinement process of this development make it possible to study aspects specific to distributed applications, and to propose generic schemas for the design of such applications.",openalex,llm,0.840,unreviewed,
kept,Stepwise Refinement of Data Flow Architectures,Jan Philipps; Bernhard Rumpe⋆,2014,arXiv (Cornell University),10.48550/arxiv.1409.7241,https://openalex.org/W1502027907,supports-claim,This paper aims at integrating heterogeneous documents used in pragmatic software develpoment methods to describe views with a formal refinement based software development process. Therefore we propose an integrated semantics of heterogeneous documents based on a common system model and a set of syntactic development steps with a welldefined semantics for document evolution. The use of the development steps is demonstrated in a small example.,openalex,llm,0.910,unreviewed,
kept,Development of Communication Software by Stepwise Refinement,Johannes Freudenmann,1987,,,https://openalex.org/W1472329,supports-claim,,openalex,llm,0.860,unreviewed,
discarded,Stepwise Refinement of Sparse Grids in Data Mining Applications,Marc Brendel; Wolfgang Marquardt,2003,IFAC Proceedings Volumes,10.1016/s1474-6670(17)34993-5,https://openalex.org/W2614763344,off-topic-false-hit,,openalex,llm,0.980,unreviewed,
discarded,A stepwise refinement synthesis of digital systems for testability enhancement,Taewhan Kim; K.-S. Chung; CL Liu,1999,IEICE Transactions on Fundamentals of Electronics Communications and Computer Sciences,,https://openalex.org/W1582050864,adjacent-subtopic,,openalex,llm,0.740,unreviewed,
kept,Automatic Data Refinement,Peter Lammich,2013,Lecture notes in computer science,10.1007/978-3-642-39634-2_9,https://openalex.org/W2206900256,supports-claim,,openalex,llm,0.830,unreviewed,
discarded,Modeling the Ada task system by Petri nets,Dino Mandrioli; Roberto V. Zicari; Carlo Ghezzi; Francesco Tisato,1985,Computer Languages,10.1016/0096-0551(85)90010-4,https://openalex.org/W2083719008,adjacent-subtopic,,openalex,llm,0.580,unreviewed,
kept,Secrecy-Preserving Refinement,Jan Jürjens,2001,Lecture notes in computer science,10.1007/3-540-45251-6_8,https://openalex.org/W1800631871,supports-claim,,openalex,llm,0.760,unreviewed,
kept,An experiment on program development,Peter Naur,1972,BIT Numerical Mathematics,10.1007/bf01932307,https://openalex.org/W2020614999,qualifies-claim,,openalex,llm,0.900,unreviewed,
