status,title,authors,year,venue,doi,url,tags,abstract,provider,decision_source,llm_confidence,llm_review_outcome,llm_change_direction
discarded,Digital technologies for efficient and resilient sea-land logistics: IT-based decision support systems to manage highway capacity at major gateway ports,"Viviani, Roberto; Parola, Francesco; Ferri, Antonella; Persico, Luca; Pinna, Gabriele",2026,TQM JOURNAL,10.1108/TQM-03-2025-0192,https://www.webofscience.com/wos/woscc/full-record/WOS:001858029000001,off-topic-false-hit,"Purpose-The competitiveness of modern gateway ports increasingly depends on external factors beyond the port domain, such as the performance of hinterland connections. However, despite extensive research on port competitiveness, a theoretical gap persists regarding the role of road transport networks, whose efficiency and resilience remain a largely underexplored exogenous driver. This study contributes to addressing this gap by conceptualizing road-network performance through three analytical dimensions: traffic management, maintenance and infrastructure development. The study introduces a data-driven Decision Support System (DSS) architecture developed using Power Query and Power BI, thereby contributing to the existing methodological debate by illustrating how these analytical dimensions can be translated into a structured and data-driven assessment framework. The functioning of the DSS is illustrated through a structured simulation-based application using a synthetic dataset designed to reproduce realistic traffic dynamics. Design/methodology/approach-The efficiency, resilience and overall quality of services provided by international supply chains focused on sea-land logistics increasingly depend on the ability to implement IT-based applications. In this perspective, several emerging digital technologies enable the development of IT-based DSS that operate through real-time data integration, offering timely and accurate information to a wide range of stakeholders. Findings-Key findings reveal that even moderate reductions in infrastructure capacity due to roadwork sites can significantly deteriorate Levels of Service (LOS), especially during peak hours, impacting freight movements and port accessibility. The proposed DSS enables real-time monitoring, scenario comparison and predictive planning, offering concrete benefits across three strategic domains that emerge from the theoretical framing. Research limitations/implications-Despite the original contribution provided, the present study is subject to some limitations that open up relevant avenues for future research. In particular, the current application relies on a synthetic dataset designed to illustrate the operational logic of the proposed DSS rather than to provide a full empirical validation of its performance. Future studies are called to perform simulations and analysis by applying real data concerning motorway infrastructural endowment and capacity, demand patterns and associated LOS. In addition, it could be worth testing the impact of critical events, including force majeure, that might provoke sudden limitations to capacity and/or heavy traffic perturbation across the port logistics chain, in order to assess the effectiveness of potential recovery mechanisms to be implemented by business operators. In this perspective, future empirical research grounded on real-world case studies could explicitly adopt structured design-oriented methodological approaches, such as Design Science Research Methodology, to iteratively test, refine and assess DSS artefacts under operational conditions, moving beyond the illustrative and exploratory scope of the present study. Practical implications-Overall, the proposed framework suggests that the adoption of IT-based DSS solutions can generate several benefits for a wide range of stakeholders involved in the management and utilization of highway infrastructures. For highway concessionaires (and public awarding authorities), the DSS serves as a powerful tool to enhance decision-making processes at multiple levels.

Port authorities and logistics operators can benefit from the availability of such decision-support too. Reliable and efficient hinterland connectivity is essential for maintaining port competitiveness and expanding hinterland boundaries, and by reducing the risks of congestion-related delays, the DSS helps ensure that cargo flows can move seamlessly between ports and inland destinations. For public decision-makers and regulators, the availability of accurate data-driven information provides a solid foundation for informed policy and investment decisions. The DSS offers clear visibility into current infrastructure performance, helping to identify where new investments are most needed (such as the expansion of highway sections or the development of new connections). The benefits of the DSS extend to road users themselves, encompassing both B2B users, such as freight transport operators, and B2C users, including private vehicle drivers. For these users, improved travel conditions, reduced congestion and more predictable journey times translate into lower costs, greater reliability and an overall better travel experience. Finally, local communities and urban authorities play a key role in the broader ecosystem. The DSS contributes to mitigating the negative externalities associated with heavy port-related traffic, such as pollution, noise and urban congestion. Originality/value-Hence, the study provides policy and managerial implications about the benefits of implementing IT-based DSS conceived to manage highway capacity efficiently, while offering insights to Port Authorities, regulators and road users for improving travel choices and mobility behaviors.",wos,llm,0.980,unreviewed,
discarded,A Checklist-Based Intervention for Improved Comprehension of Design Concepts in CS Education,"Kaur, Rupinder; Malik, Muhammad Zubair; Singh, Maninder",2025,"2025 IEEE FRONTIERS IN EDUCATION CONFERENCE, FIE",10.1109/FIE63693.2025.11328444,https://www.webofscience.com/wos/woscc/full-record/WOS:001792342800311,adjacent-subtopic,"[Background] This full-research-paper studies checklist-based intervention for undergraduate computer science (CS) design principles comprehension. [Problem] As software architectural and design abilities require applying formal logical reasoning to complicated, real-world problem domains, many studies have found a mismatch between software industry needs and new CS graduates' talents. [Purpose] This study evaluated its effectiveness in understanding design concepts in CS undergraduate education using a checklist. Our method combines active learning strategies like pair programming to bridge the gap between academic preparation and the professional expectations of CS graduates. [Method] This project created a checklist and collaborative learning-based intervention technique for undergraduate STEM software design courses. Our study investigated students' improvement using a pretest and two posttests to measure efficacy. We conducted a quantitative analysis in a twelve-student classroom. To reduce bias and run statistical analysis, we used machine learning (ML)-based artificial synthetic analysis to produce more data samples. This strategy used model training based on synthetic data set generation algorithms on student performance to increase dataset volume and eliminate validity issues. [Findings] The empirical examination of the pretest and two post-test evaluations shows that our checklist-based intervention technique improved student learning. [Implications] We obtained overwhelmingly favorable responses from students that our checklist-based approach with pair programming improved their knowledge of complicated subjects and prepared them for real-world professional contexts.",wos,llm,0.810,unreviewed,
discarded,Deadlock Verification of the Room Allocation Workflow in an EHR System Using UPPAAL,"Taryana, Acep; Adzkiya, Dieky; Mufid, Muhammad Syifa'ul; Mukhlash, Imam",2026,CMC-COMPUTERS MATERIALS & CONTINUA,10.32604/cmc.2026.082012,https://www.webofscience.com/wos/woscc/full-record/WOS:001855759000001,adjacent-subtopic,"A systematic approach is necessary to address concurrency issues, timing violations, and logical safety breaches in healthcare systems, as traditional empirical testing often fails to uncover non-deterministic flaws that can endanger patient safety. This study proposes a rigorous formal verification methodology based on a triple-constraint framework to prove system reliability prior to the implementation phase. The patient room allocation workflow was modeled as a network of Timed Automata (TA) within the UPPAAL model checker, allowing for the formal evaluation of concurrent processes and shared resources. Our methodology follows three core phases: (1) Formalization, where critical requirements are translated into Timed Computation Tree Logic (TCTL) properties targeting three pillars: temporal bounds, safety invariants (e.g., category matching), and deadlock-freedom guarantees (e.g., A square & not;deadlock); (2) Iterative Formal Refinement, a systematic algorithm that utilizes UPPAAL to identify and eliminate design flaws by dynamically refining automata components-such as location invariants, transition guards, and synchronization channels-based on counter-example traces; and (3) Artifact Generation, where the verified formal model is systematically translated into reliable software engineering blueprints. The iterative refinement process culminated in a final TA model mathematically proven to be free from deadlocks, timelocks, and unsafe states, which was successfully scaled under high queueing loads via Statistical Model Checking (SMC). This verified mathematical blueprint was then synthesized into Unified Modeling Language (UML) design artifacts, specifically class, sequence, and state machine diagrams. By integrating a triple-constraint formal verification at the design stage, this methodology proactively prevents concurrency failures, bridging mathematical guarantees with practical software engineering. Furthermore, the comparative performance evaluation reveals that while exact state-space verification triggers Out-of-Memory (OOM) failures at merely N >= 6 concurrent processes due to state-space explosion, the proposed TA-SMC framework successfully neutralizes this limitation. By bridging the gap between lightweight simulation and formal rigor, our approach smoothly scales up to N = 25 concurrent processes, maintaining a strictly constant peak memory footprint of approximate to 14 MB, while simultaneously guaranteeing >= 99% statistical confidence for critical safety invariants. These quantitative results firmly establish the proposed methodology as a highly robust and practically viable solution for evaluating complex, resource-contended clinical workflows.",wos,llm,0.830,unreviewed,
discarded,Mapping Moral Reasoning in LLMs: A Multi-Dimensional Analysis of Safety Principle Conflicts,"Mahajan, Sachit",2025,"PROCEEDINGS OF THE EIGHTH AAAI/ACM CONFERENCE ON AI, ETHICS, AND SOCIETY, AIES-25, VOL 8 NO 2",,https://www.webofscience.com/wos/woscc/full-record/WOS:001776736100059,off-topic-false-hit,"As large language models (LLMs) are increasingly deployed in sensitive domains such as healthcare, governance, and corporate compliance, understanding their moral reasoning strategies becomes essential for evaluating alignment and social trustworthiness. This paper presents a structured analysis of how open-weight LLMs resolve conflicts between competing safety principles-including public welfare, institutional transparency, and individual rights-using carefully designed ethical dilemmas. Each model response is encoded into an eleven-dimensional normative profile, derived from both semantic similarity to canonical ethical theories and dictionarybased moral cues. A set of quantitative metrics, including entropy, top-alignment ratio, and reasoning density, captures variation in ethical framing, complexity, and safety prioritization across 90 model generations. Statistically significant differences emerge in reasoning style and moral salience (p < 0.01), while PCA and clustering reveal three recurring behavioral patterns: rule-based, balanced, and pragmatic integration. An ablation study confirms that these clusters persist without dictionary features (Adjusted Rand Index = 0.475), supporting the robustness of semantic alignment. This work contributes a replicable methodology for the moral profiling of LLMs, offering empirical tools for diagnosing value conflicts and informing future efforts in AI transparency, contestability, and pluralistic alignment. The findings underscore the need for interpretable metrics and diverse normative baselines in the evaluation of automated decision systems.",wos,llm,0.990,unreviewed,
discarded,From News to Signals: Agentic Workflows for Qualitative Investment Research,"Chin, Andrew; Garg, Shivanshu",2026,JOURNAL OF PORTFOLIO MANAGEMENT,,https://www.webofscience.com/wos/woscc/full-record/WOS:001853428100002,off-topic-false-hit,"Investment research relies heavily on qualitative information embedded in narrative sources, yet prior text-based approaches typically compress interpretation into static features, obscuring the reasoning process by which narratives are assessed. This article introduces an agentic workflow that treats qualitative interpretation as a structured research process, decomposing news analysis into explicit stages such as relevance filtering, thematic identification, scoring, and aggregation. Using high-frequency firm-level news as a case study, the article makes four contributions. First, it presents a scalable agentic architecture that mirrors key elements of human qualitative research while operating at institutional scale. Second, it provides a structured analysis of how agent design choices affect signal quality, stability, cost, and interpretability, making trade-offs explicit. Third, it demonstrates how qualitative corporate factors can be extracted from news and mapped to economically meaningful constructs that complement traditional quantitative factors. Fourth, it presents empirical evidence that selected qualitative signals exhibit distinct long-short asymmetries, heterogeneous economic roles, and weak correlations with established factors. The primary contribution is methodological but critical to the future of investment success: By formalizing interpretation as an explicit and governable workflow, the framework enables qualitative judgment to be scaled with transparency and empirical discipline while preserving clarity about its economic role and limitations in systematic investment research.",wos,llm,0.980,unreviewed,
discarded,A Framework for Evaluating GenAI Adoption and Use in Software Engineering,"Yu, Liang; Alegroth, Emil; Chatzipetrou, Panagiota; Gorschek, Tony",2026,IEEE TRANSACTIONS ON SOFTWARE ENGINEERING,10.1109/TSE.2026.3688745,https://www.webofscience.com/wos/woscc/full-record/WOS:001850154200014,adjacent-subtopic,"Generative Artificial Intelligence (GenAI) is increasingly integrated into software products to enable new features and user capabilities, from early exploration to operational deployment. GenAI adoption as a component within a software system introduces quality risks because GenAI outputs are probabilistic, prompt-sensitive, and may drift after release. Organizations, therefore, need to decide what to evaluate, when to evaluate, and who owns quality evaluation activities across software design, development, and operations. ISO/IEC 25059 standard distinguishes between software product quality (e.g., usability) and quality-in-use (e.g., satisfaction) for AI-enabled software, yet it provides limited operational guidance for these evaluation activities. We therefore investigate how industrial software teams adopt and use GenAI models in the software systems they build and operate, and how they evaluate system qualities when deciding to adopt GenAI during development and after deployment. We do not benchmark the underlying GenAI model itself. In this study, we conducted 19 semi-structured interviews in two software development companies. We triangulated the interviews with archival data (15 internal documents and 184 internal wiki/web pages) to capture GenAI adoption steps, quality concerns, evaluation practices, and role responsibilities. Our findings describe a three-phase adoption process - Ideation, Development, and Operation - highlighting where quality evaluations occur, which criteria are used, and how evaluation responsibilities are distributed. Based on observed practices and using ISO/IEC 25059 as an organizing lens, we synthesize a process-oriented quality evaluation framework. This framework maps metrics to explicit gatekeeping, validation, and monitoring checkpoints, bridging abstract ISO quality characteristics with engineering workflows. We applied the framework in a GenAI-enabled software product (SE4AI) use case and reported how it supported structured evaluation activities. We also observed that quality evaluations span legal, security, development, QA, and operations, but ownership is fragmented across phases. We therefore propose a GenAI Quality Lead responsibility (often assignable to an existing senior role) to coordinate criteria, evidence, and traceability across quality evaluation activities. The results contribute to Software Engineering for AI (SE4AI) by clarifying how teams can measure qualities when building software that adopts and uses GenAI.",wos,llm,0.870,unreviewed,
discarded,Continuous optimization strategies based on data insights an analysis of LinkedIn' s operational model,"Chen, Zhenrui; Cai, Wenxiao; Chen, Li; Lai, Xin",2026,SCIENTIFIC REPORTS,10.1038/s41598-026-52661-x,https://www.webofscience.com/wos/woscc/full-record/WOS:001848936400007,off-topic-false-hit,"This paper investigates LinkedIn's continuous optimization strategies driven by data insights, with a focus on how algorithmic personalization, real-time data processing, and A/B testing are associated with changes in user engagement, content relevance, and platform growth. Drawing on publicly available data from LinkedIn's annual reports and industry datasets spanning 2015 to 2024, the study constructs a composite engagement indicator to capture longitudinal changes in user behavior.The empirical analysis indicates that periods of intensified machine learning-based personalization coincide with an approximate 22% increase in engagement-related metrics, while iterative A/B testing is associated with a 15% rise in job application activity per user between 2020 and 2024. A logistic growth model is employed to characterize the evolution of engagement over time, yielding statistically significant results (p = 0.01) that are consistent with the presence of cumulative optimization effects. While existing studies have extensively examined the performance outcomes of data-driven optimization, relatively limited attention has been paid to the systemic nature of continuous optimization and its role in shaping user behavior over time. In particular, few studies conceptualize optimization as an integrated process involving personalization, experimentation, and real-time feedback. This study aims to fill this gap by providing a structured analysis of LinkedIn's optimization strategies and their association with engagement dynamics within a broader socio-technical context. However, the findings are interpreted with caution, as observed engagement growth occurs alongside broader structural changes, including the expansion of digital labor markets and increased platform adoption. Accordingly, the study does not attribute these outcomes solely to platform-level optimization mechanisms, but rather situates them within a wider socio-technical and market context.Beyond empirical findings, the paper contributes to ongoing discussions on algorithmic mediation and digital platform governance by highlighting how continuous optimization practices shape user interaction patterns while raising concerns related to data privacy and algorithmic bias. The study concludes by emphasizing the need for more transparent and accountable data-driven optimization frameworks to support sustainable platform development and user trust.",wos,llm,0.980,unreviewed,
