status,title,authors,year,venue,doi,url,tags,abstract,provider,decision_source,llm_confidence,llm_review_outcome,llm_change_direction
discarded,Contract-Based Control Synthesis with Barrier Functions for Vehicular Mission Planning,"Waqas, Muhammad; Naik, Nikhil Vijay; Ioannou, Petros; Nuzzo, Pierluigi",2022,2022 IEEE 61ST CONFERENCE ON DECISION AND CONTROL (CDC),10.1109/CDC51059.2022.9992999,https://www.webofscience.com/wos/woscc/full-record/WOS:000948128101139,adjacent-subtopic,"We present a compositional control synthesis method based on assume-guarantee contracts with application to correct-by-construction design of vehicular mission plans. In our approach, a mission-level specification expressed in a fragment of signal temporal logic (STL) is decomposed into formulas whose predicates are defined on non-overlapping time intervals. The STL formulas are then mapped to aggregations of contracts associated with continuously differentiable time-varying control barrier functions. The barrier functions are used to constrain the lower-level control synthesis problem, which is solved via quadratic programming. Our approach can mitigate the conservatism of previous methods for task-driven control based on under-approximations. We illustrate its effectiveness on a case study motivated by vehicular mission planning under safety constraints as well as constraints imposed by traffic regulations under vehicle-to-vehicle and vehicle-to-infrastructure communication.",wos,llm,0.910,unreviewed,
discarded,A Supervisory Control Approach for Scheduling Real-time Periodic Tasks on Dynamically Reconfigurable Platforms,"Kejela, Cherinet; Devaraj, Rajesh; Sarkar, Arnab; Saha, Sangeet",2022,2022 25TH EUROMICRO CONFERENCE ON DIGITAL SYSTEM DESIGN (DSD),10.1109/DSD57027.2022.00010,https://www.webofscience.com/wos/woscc/full-record/WOS:000946536500001,adjacent-subtopic,"The dynamic partial reconfiguration (DPR) feature offered by modern FPGAs provides the flexibility of adapting the underlying hardware according to the needs of a particular situation at runtime, in response to application requirements. In recent times, DPR along with drastically reduced reconfiguration overheads has allowed the possibility of scheduling multiple real-time applications on FPGA platforms. However, in order to effectively harness the computation capacity of an FPGA floor, efficient techniques which can schedule real-time applications over both space and time are required. It may be noted that safety-critical systems often require resource-optimal solutions to reduce size, weight, cost and power consumption of the system. However, the scheduling of real-time tasks on FPGAs in the presence of non-negligible reconfiguration/context-switching overheads requires careful exploration of the state space which often makes it prohibitively expensive to be applied on-line. Hence, off-line formal approaches are often preferred in the design of reconfiguration controllers (i.e., schedulers) that are correct-by-construction as well as optimal in terms of usage of resources. In this paper, we propose a formal scheduler synthesis framework that generates an optimal scheduler for a set of non-preemptive periodic real-time tasks executing on a FPGA platform. We show the practical viability of our proposed framework by synthesizing schedulers for real-world benchmark applications and implementing them on FPGAs.",wos,llm,0.880,unreviewed,
discarded,Poster Abstract: Controller Synthesis for Nonlinear Stochastic Games via Approximate Probabilistic Relations,"Zhong, Bingzhuo; Lavaei, Abolfazl; Zamani, Majid; Caccamo, Marco",2022,HSCC 2022: PROCEEDINGS OF THE 25TH ACM INTERNATIONAL CONFERENCE ON HYBRID SYSTEMS: COMPUTATION AND CONTROL (PART OF CPS-IOT WEEK 2022),10.1145/3501710.3524732,https://www.webofscience.com/wos/woscc/full-record/WOS:000934949200025,adjacent-subtopic,"Motivations. In the past two decades, synthesizing correct-by-construction controllers for continuous-space stochastic systems has received significant attentions in real-life safety-critical applications, such as self-driving cars, power grids, etc. However, formal controller synthesis for complex stochastic systems with continuous state and input sets is very challenging since there is no closed-form solutions of these controllers in general. To cope with this difficulty, a promising approach is to approximate the original continuous-space systems by simpler ones with finite-state sets (a.k.a., finite abstractions). A critical step during this approximation phase is to provide formal guarantees when refining the controller synthesized over (simpler) finite models back to original complex systems.

Related Works and Contributions. An abstraction-based approach for synthesizing controllers over stochastic systems with continuous state and input sets was initially proposed in [2]. Later on, this approach was improved and extended in terms of scalability, specifications, and different probabilistic guarantees. We refer the interested readers to [5] for more details and related literature.

In this work, we focus on synthesizing controllers for those stochastic systems affected by both control inputs and (rational) adversarial inputs over finite time horizon. In particular, the objectives of these adversarial inputs are opposed to that of control inputs, and we, therefore, model such systems as general discrete-time stochastic games (gDTSGs) between two non-cooperative players. Based on these settings, we propose abstraction-based approaches to synthesize controllers over gDTSGs against high-level logic specifications characterized by deterministic finite automata (DFA) [3]. Particularly, we propose our techniques on top of an (epsilon, delta)-approximate probabilistic relation [6] that characterizes the probabilistic dependency between the original game and its finite abstraction. Compared with those results (e.g., [4]) that employ a grid-based approximation framework without considering such dependency in the controller synthesis phase, our results provide less conservative lower bounds on the probability of satisfying the desired properties.",wos,llm,0.890,unreviewed,
discarded,Correct-By-Construction Exploration and Exploitation for Unknown Linear Systems Using Bilinear Optimization,"Rutledge, Kwesi; Ozay, Necmiye",2022,HSCC 2022: PROCEEDINGS OF THE 25TH ACM INTERNATIONAL CONFERENCE ON HYBRID SYSTEMS: COMPUTATION AND CONTROL (PART OF CPS-IOT WEEK 2022),10.1145/3501710.3519536,https://www.webofscience.com/wos/woscc/full-record/WOS:000934949200019,adjacent-subtopic,"This paper addresses the problem of controlling an unknown dynamical system to safely reach a target set. We assume we have a priori access to a finite set of uncertain linear systems, to which the unknown system belongs to. This set can contain models for different failure or operational modes or potential environmental conditions. Given a desired exploration-exploitation profile, we provide a bilinear optimization based solution to this control synthesis problem. Our approach provides a family of controllers that enable adaptation based on data observed at run-time to automatically trade off model detection and reachability objectives while maintaining safety. We demonstrate the approach with several examples.",wos,llm,0.890,unreviewed,
discarded,Safety Shielding under Delayed Observation,"Cordoba, Filip Cano; Palmisano, Alexander; Fraenzle, Martin; Bloem, Roderick; Koenighofer, Bettina",2023,"PROCEEDINGS OF THE THIRTY-THIRD INTERNATIONAL CONFERENCE ON AUTOMATED PLANNING AND SCHEDULING, VOL 33",,https://www.webofscience.com/wos/woscc/full-record/WOS:001784558100010,adjacent-subtopic,"Agents operating in physical environments need to be able to handle delays in the input and output signals since neither data transmission nor sensing or actuating the environment are instantaneous. Shields are correct-by-construction runtime enforcers that guarantee safe execution by correcting any action that may cause a violation of a formal safety specification. Besides providing safety guarantees, shields should interfere minimally with the agent. Therefore, shields should pick the safe corrective actions in such a way that future interferences are most likely minimized. Current shielding approaches do not consider possible delays in the input signals in their safety analyses. In this paper, we address this issue. We propose synthesis algorithms to compute delay-resilient shields that guarantee safety under worst-case assumptions on the delays of the input signals. We also introduce novel heuristics for deciding between multiple corrective actions, designed to minimize future shield interferences caused by delays. As a further contribution, we present the first integration of shields in a realistic driving simulator. We implemented our delayed shields in the driving simulator CARLA. We shield potentially unsafe autonomous driving agents in different safety-critical scenarios and show the effect of delays on the safety analysis.",wos,llm,0.900,unreviewed,
discarded,Now It Compiles! Certified Automatic Repair of Uncompilable Protocols,"Cruz-Filipe, Luis; Montesi, Fabrizio",2023,"14TH INTERNATIONAL CONFERENCE ON INTERACTIVE THEOREM PROVING, ITP 2023",10.4230/LIPIcs.ITP.2023.11,https://www.webofscience.com/wos/woscc/full-record/WOS:001515590500011,adjacent-subtopic,"Choreographic programming is a paradigm where developers write the global specification (called choreography) of a communicating system, and then a correct-by-construction distributed implementation is compiled automatically. Unfortunately, it is possible to write choreographies that cannot be compiled, because of issues related to an agreement property known as knowledge of choice. This forces programmers to reason manually about implementation details that may be orthogonal to the protocol that they are writing.

Amendment is an automatic procedure for repairing uncompilable choreographies. We present a formalisation of amendment from the literature, built upon an existing formalisation of choreographic programming. However, in the process of formalising the expected properties of this procedure, we discovered a subtle counterexample that invalidates the original published and peer-reviewed pen-and-paper theory. We discuss how using a theorem prover led us to both finding the issue, and stating and proving a correct formulation of the properties of amendment.",wos,llm,0.890,unreviewed,
discarded,Layered Controller Synthesis for Dynamic Multi-agent Systems,"Clement, Emily; Perrin-Gilbert, Nicolas; Schlehuber-Caissier, Philipp",2023,"FORMAL MODELING AND ANALYSIS OF TIMED SYSTEMS, FORMATS 2023",10.1007/978-3-031-42626-1_4,https://www.webofscience.com/wos/woscc/full-record/WOS:001434965800004,adjacent-subtopic,"In this paper we present a layered approach for multi-agent control problem, decomposed into three stages, each building upon the results of the previous one. First, a high-level plan for a coarse abstraction of the system is computed, relying on parametric timed automata augmented with stopwatches as they allow to efficiently model simplified dynamics of such systems. In the second stage, the high-level plan, based on SMT-formulation, mainly handles the combinatorial aspects of the problem, provides a more dynamically accurate solution. These stages are collectively referred to as the SWA-SMT solver. They are correct by construction but lack a crucial feature: they cannot be executed in real time. To overcome this, we use SWA-SMT solutions as the initial training dataset for our last stage, which aims at obtaining a neural network control policy. We use reinforcement learning to train the policy, and show that the initial dataset is crucial for the overall success of the method.",wos,llm,0.880,unreviewed,
kept,Bifrost: Creating Hardware With Building Blocks,"Pope, Jeremy; Seger, Carl-Johan H.",2023,"2023 FORUM ON SPECIFICATION & DESIGN LANGUAGES, FDL",10.1109/FDL59689.2023.10272129,https://www.webofscience.com/wos/woscc/full-record/WOS:001709836000005,adjacent-subtopic,"Domain-specific hardware design has become increasingly attractive as single-thread performance improvement has drastically slowed down. At the same time, it is clear that traditional hardware design approaches are difficult and error-prone. In this paper we describe a hardware design language, Bifrost, aimed at allowing clear, correct, and modular specification of hardware. Bifrost is tightly integrated into the Thor system, and thus a design in Bifrost can be refined in a correctness-preserving way to a realistic hardware implementation. This paper gives both syntax and semantics of the language, highlights important design decisions, and illustrates its use in several projects.",wos,llm,0.740,unreviewed,
kept,An HPC Practitioner's Workbench for Formal Refinement Checking,"Benavides, Juan; Baugh, John; Gopalakrishnan, Ganesh",2023,"LANGUAGES AND COMPILERS FOR PARALLEL COMPUTING, LCPC 2022",10.1007/978-3-031-31445-2_5,https://www.webofscience.com/wos/woscc/full-record/WOS:001685066500005,adjacent-subtopic,"HPC practitioners make use of techniques, such as parallelism and sparse data structures, that are difficult to reason about and debug. Here we explore the role of data refinement, a correct-by-construction approach, in verifying HPC applications via bounded model checking. We show how single program, multiple data (SPMD) parallelism can be modeled in Alloy, a declarative specification language, and describe common issues that arise when performing scope-complete refinement checks in this context.",wos,llm,0.860,unreviewed,
discarded,Constraint Based Compiler Optimization for Energy Harvesting Applications,"Li, Yannan; Wang, Chao",2023,"37TH EUROPEAN CONFERENCE ON OBJECT-ORIENTED PROGRAMMING, ECOOP 2023",10.4230/LIPIcs.ECOOP.2023.16,https://www.webofscience.com/wos/woscc/full-record/WOS:001592263400016,off-topic-false-hit,"We propose a method for optimizing the energy efficiency of software code running on small computing devices in the Internet of Things (IoT) that are powered exclusively by electricity harvested from ambient energy in the environment. Due to the weak and unstable nature of the energy source, it is challenging for developers to manually optimize the software code to deal with mismatch between the intermittent power supply and the computation demand. Our method overcomes the challenge by using a combination of three techniques. First, we use static program analysis to automatically identify opportunities for precomputation, i.e., computation that may be performed ahead of time as opposed to just in time. Second, we optimize the precomputation policy, i.e., a way to split and reorder steps of a computation task in the original software to match the intermittent power supply while satisfying a variety of system requirements; this is accomplished by formulating energy optimization as a constraint satisfiability problem and then solving the problem using an off-the-shelf SMT solver. Third, we use a state-of-the-art compiler platform (LLVM) to automate the program transformation to ensure that the optimized software code is correct by construction. We have evaluated our method on a large number of benchmark programs, which are C programs implementing secure communication protocols that are popular for energy-harvesting IoT devices. Our experimental results show that the method is efficient in optimizing all benchmark programs. Furthermore, the optimized programs significantly outperform the original programs in terms of energy efficiency and latency, and the overall improvement ranges from 2.3X to 36.7X.",wos,llm,0.990,unreviewed,
discarded,Proof Pearl: Faithful Computation and Extraction of μ-Recursive Algorithms in Coq,"Larchey-Wendling, Dominique; Monin, Jean-Francois",2023,"14TH INTERNATIONAL CONFERENCE ON INTERACTIVE THEOREM PROVING, ITP 2023",10.4230/LIPIcs.ITP.2023.21,https://www.webofscience.com/wos/woscc/full-record/WOS:001515590500021,adjacent-subtopic,"Basing on an original Coq implementation of unbounded linear search for partially decidable predicates, we study the computational contents of mu-recursive functions via their syntactic representation, and a correct by construction Coq interpreter for this abstract syntax. When this interpreter is extracted, we claim the resulting OCaml code to be the natural combination of the implementation of the mu-recursive schemes of composition, primitive recursion and unbounded minimization of partial (i.e., possibly non-terminating) functions. At the level of the fully specified Coq terms, this implies the representation of higher-order functions of which some of the arguments are themselves partial functions. We handle this issue using some techniques coming from the Braga method. Hence we get a faithful embedding of mu-recursive algorithms into Coq preserving not only their extensional meaning but also their intended computational behavior. We put a strong focus on the quality of the Coq artifact which is both self contained and with a line of code count of less than 1k in total.",wos,llm,0.940,unreviewed,
discarded,Towards Automating a Software-Centered Development Process that considers Timing Properties,"Weber, Raphael; Adler, Nico; Wilhelm, Thomas; Sailer, Andreas; Reichmann, Clemens",2022,2022 IEEE 35TH INTERNATIONAL SYSTEM-ON-CHIP CONFERENCE (IEEE SOCC 2022),10.1109/SOCC56010.2022.9908127,https://www.webofscience.com/wos/woscc/full-record/WOS:000885041700052,adjacent-subtopic,"Software-centered development processes take a more and more prominent place in automotive system design. Accommodating the growing complexities resulting from the increasing heterogeneity in automotive hardware, software, and their collaborative integration requires new workflows. To address this challenge, we propose an approach for system decomposition based on a behavior description integrated with an architecture description language. Additionally, we consider timing validations as a crosscutting concern during different stages of the development and describe an automation concept to support a correct-by-construction development process. Initial user feedback indicates that our concepts together with a proper tool support will help engineers during system design and speed up the process.",wos,llm,0.920,unreviewed,
discarded,Building Correct Taxonomies with a Well-Founded Graph Grammar,"Batista, Jeferson O.; Almeida, Joao Paulo A.; Zambon, Eduardo; Guizzardi, Giancarlo",2021,RESEARCH CHALLENGES IN INFORMATION SCIENCE (RCIS 2021),10.1007/978-3-030-75018-3_33,https://www.webofscience.com/wos/woscc/full-record/WOS:000886549300033,adjacent-subtopic,"Taxonomies play a central role in conceptual domain modeling having a direct impact in areas such as knowledge representation, ontology engineering, software engineering, as well as in knowledge organization in information sciences. Despite their key role, there is in the literature little guidance on how to build high-quality taxonomies, with notable exceptions such as the OntoClean methodology, and the ontology-driven conceptual modeling language OntoUML. These techniques take into account the ontological meta-properties of types to establish well-founded rules for forming taxonomic structures. In this paper, we show how to leverage on the formal rules underlying these techniques to build taxonomies which are correct by construction. We define a set of correctness-preserving operations to systematically introduce types and subtyping relations into taxonomic structures. To validate our proposal, we formalize these operations as a graph grammar. Moreover, to demonstrate our claim of correctness by construction, we use automatic verification techniques over the grammar language to show that: (i) all taxonomies produced by the grammar rules are correct; and (ii) the rules can generate all correct taxonomies.",wos,llm,0.970,unreviewed,
discarded,Standard Conformance-by-Construction with Event-B,"Mendil, Ismail; Ait-Ameur, Yamine; Singh, Neeraj Kumar; Mery, Dominique; Palanque, Philippe",2021,"FORMAL METHODS FOR INDUSTRIAL CRITICAL SYSTEMS, FMICS 2021",10.1007/978-3-030-85248-1_8,https://www.webofscience.com/wos/woscc/full-record/WOS:000884726300008,adjacent-subtopic,"Checking the conformance of a system design to a standard is a central activity in the system engineering life cycle, a fortiori when the concerned system is deemed critical. Standard conformance checking entails ensuring that a system or a model of a system faithfully meets the requirements of a specification of a standard improving the robustness and trustworthiness of the system model. In this paper, we present a formal framework based on the correct-by-construction Event-B method and related theories for formally checking the conformance of a formal system model to a formalised standard specification by construction. This framework facilitates the formalization of standard concepts and rules as an ontology, as well as the formalization of an engineering domain, using an EventB theory consisting of data types and a collection of operators and properties. Conformance checking is accomplished by annotating the system model with typing conditions. We address an industrial case study borrowed from the aircraft cockpit engineering domain to demonstrate the feasibility and strengths of our approach. The ARINC 661 standard is formalised as an Event-B theory. This theory formally models and annotates the safety-critical real-world application of a weather radar system for certification purposes.",wos,llm,0.960,unreviewed,
