status,title,authors,year,venue,doi,url,tags,abstract,provider,decision_source,llm_confidence,llm_review_outcome,llm_change_direction
discarded,Thermal concentrating efficiency enhanced for multilayer circular thermal concentrators with gradient structures,"Hou, Maoxiang; Chen, Jintao; Xie, Bin; Chen, Yun; Chen, Xin",2024,INTERNATIONAL JOURNAL OF HEAT AND MASS TRANSFER,10.1016/j.ijheatmasstransfer.2024.126166,https://www.webofscience.com/wos/woscc/full-record/WOS:001317311300001,off-topic-false-hit,"The thermal concentrating efficiency of a thermal concentrator is determined by the ratio of its interior to exterior temperature gradients, serving as a crucial indicator influenced by the interaction of geometrical and thermal conductivity parameters. Finding simpler and more effective ways to improve thermal concentrating efficiency has been a key concern in this field. In our study, we present a method to enhance the concentrating efficiency of an isotropic multilayer circular thermal concentrator by introducing gradient-distributed thermal conductivities or layer thicknesses within the multilayer circular structure. Our goal is to identify the optimal structural setup parameters for achieving enhanced thermal concentrating efficiency using an optimization approach that combines stepwise refinement search with machine-learning predictions. Initial investigations explore the impacts of different gradient schemes on thermal concentration performance. The gradient distribution function with high thermal concentrating efficiency is established through the stepwise refinement search strategy and the machine-learning model. Subsequently, a detailed search process is carried out in small increments, followed by finite element simulations to validate the thermal concentrating efficiency and ascertain the optimal design parameters of the thermal concentrator. Our findings reveal that the optimally designed gradient thermal concentrator showcases an 8.56 % increase in thermal concentrating efficiency compared to a single-layer structure without gradients. Moreover, applying the gradient function to the outer and inner rings elucidates the inherent influence of the inner and outer layered ring structures on thermal concentrating efficiency. The optimization methodology, combining stepwise refinement search and machine-learning predictions, succeeds in improving the efficiency with easy, fast and efficient operation. This approach can be extended to advance the development of various other thermal metastructured devices.",wos,llm,0.990,unreviewed,
kept,Fast and Verified UNSAT Certificate Checking,"Lammich, Peter",2024,"AUTOMATED REASONING, IJCAR 2024, PT I",10.1007/978-3-031-63498-7_26,https://www.webofscience.com/wos/woscc/full-record/WOS:001273489700026,supports-claim,"We describe a formally verified checker for unsatisfiability certificates in the LRAT format, which can be run in parallel with the SAT solver, processing the certificate while it is being produced. It is implemented time and memory efficiently, thus increasing the trust in the SAT solver at low additional cost.

The verification is done w.r.t. a grammar of the DIMACS format and a semantics of CNF formulas, down to the LLVM code of the checker. In this paper, we report on the checker and its design process using the Isabelle-LLVM stepwise refinement approach.",wos,llm,0.920,unreviewed,
discarded,Rational construction of genome-minimized Streptomyces host for the expression of secondary metabolite gene clusters,"Li, Hui; Gao, Sheng; Shi, Sanyuan; Zhao, Xiaomin; Ye, Haoyu; Luo, Yunzi",2024,SYNTHETIC AND SYSTEMS BIOTECHNOLOGY,10.1016/j.synbio.2024.04.017,https://www.webofscience.com/wos/woscc/full-record/WOS:001234792500001,off-topic-false-hit,"Streptomyces offer a wealth of naturally occurring compounds with diverse structures, many of which possess significant pharmaceutical values. However, new product exploration and increased yield of specific compounds in Streptomyces have been technically challenging due to their slow growth rate, complex culture conditions and intricate genetic backgrounds. In this study, we screened dozens of Streptomyces strains inhabiting in a plant rhizosphere for fast-growing candidates, and further employed CRISPR/Cas-based engineering techniques for stepwise refinement of a particular strain, Streptomyces sp. A-14 that harbors a 7.47 Mb genome. After strategic removal of nonessential genomic regions and most gene clusters, we reduced its genome size to 6.13 Mb, while preserving its growth rate to the greatest extent. We further demonstrated that cleaner metabolic background of this engineered strain was well suited for the expression and characterization of heterologous gene clusters, including the biosynthetic pathways of actinorhodin and polycyclic tetramate macrolactams. Moreover, this streamlined genome is anticipated to facilitate directing the metabolic flux towards the production of desired compounds and increasing their yields.",wos,llm,0.990,unreviewed,
kept,Refinement of Parallel Algorithms Down to LLVM: Applied to Practically Efficient Parallel Sorting,"Lammich, Peter",2024,JOURNAL OF AUTOMATED REASONING,10.1007/s10817-024-09701-w,https://www.webofscience.com/wos/woscc/full-record/WOS:001250275100001,supports-claim,"We present a stepwise refinement approach to develop verified parallel algorithms, down to efficient LLVM code. The resulting algorithms' performance is competitive with their counterparts implemented in C++. Our approach is backwards compatible with the Isabelle Refinement Framework, such that existing sequential formalizations can easily be adapted or re-used. As case study, we verify a parallel quicksort algorithm that is competitive to unverified state-of-the-art algorithms.",wos,llm,0.950,unreviewed,
kept,Program Visualization System Supporting Teacher-Intended Stepwise Refinement,"Yamashita, Koichi; Soma, Hiroki; Kogure, Satoru; Noguchi, Yasuhiro; Yamamoto, Raiya; Konishi, Tatsuhiro; Itoh, Yukihiro",2023,"31ST INTERNATIONAL CONFERENCE ON COMPUTERS IN EDUCATION, ICCE 2023, VOL I",,https://www.webofscience.com/wos/woscc/full-record/WOS:001195903400070,supports-claim,"This study portrays a learning support system that visually represents the structure of stepwise algorithm refinement, also known as the structure of program code abstraction, aligned with the teacher's instructional objectives. We focus on the varying needs of learners in programming education and consider the possibility that different levels of stepwise refinement may be required based on their knowledge and experience. Novice learners with limited programming experience may need program code abstractions in finer steps, rather than the abstraction of numerous statements simultaneously. For learners with a certain level of experience, abstraction with excessive steps may hinder their holistic understanding of the entire program from a higher perspective. In this study, we developed a program visualization system that empowers teachers to customize the visualizations of the structure of stepwise abstractions and the data structures utilized by the target program according to their instructional intentions. We introduced the proposed system into an actual class and evaluated its effectiveness by measuring the degree of improvement in learners' understanding based on tests.",wos,llm,0.950,unreviewed,
discarded,Parametric control of quasi-zero stiffness mechanisms for vibration isolation at near-zero frequencies,"Chang-Myung, Lee; Evgeny, Karpov; Vladimir, Goverdovskiy; Alexey, Larichkin; Julia, Brovkina; Alexander, Prokhorov",2025,JOURNAL OF VIBRATION AND CONTROL,10.1177/10775463241239381,https://www.webofscience.com/wos/woscc/full-record/WOS:001194526000001,adjacent-subtopic,"Infra-frequency vibration, including near-zero frequencies, has become a critical limiting factor for developers of next-generation ultra-high precision measurement systems. Mechanisms involving quasi-zero stiffness show potential to solve this new vibration problem. An approach for designing a novel type of the mechanisms for this class is presented. An algorithm is developed and tested for numerical solution of nonlinear elasticity problem in designing the mechanism structural and parametric elements based on FEM models. The elements are spatially prestressed multi-layer designs of polymer composites for modeling elastic postbuckling in large and the effect of a ""floating"" binder. An algorithm and models following the Nelder-Mead method are used for optimizing the designs. Examples of Euler-beam-shaped composite elements under postbuckling demonstrate a qualitative leap in mechanisms design and efficiency, specifically, in terms of compactness, lightness, and strength. A dramatically expanded control range for the linear section of operating travel with quasi-zero stiffness is obtained. A damping threshold is evaluated, and an optimal type diagram of the mechanism is designed and enumerated as necessary conditions for vibration isolation at near-zero frequencies. The validity and effectiveness of the approach are demonstrated with the results of theoretical design and testing of the prototype for vibration isolation of the ultra-high precision optical system. The learning capability of the mechanisms is estimated by an adapted version of the Levenberg-Marquardt algorithm with stepwise refinement in the test mode using Rosenbrock's function.",wos,llm,0.980,unreviewed,
discarded,Application of 3D image processing technology based on image segmentation in packaging design,"Jin, Xiaoxiao",2023,INTERNATIONAL JOURNAL OF INTERACTIVE DESIGN AND MANUFACTURING - IJIDEM,10.1007/s12008-023-01566-4,https://www.webofscience.com/wos/woscc/full-record/WOS:001169371400003,adjacent-subtopic,"Recent years, the methods to combine artificial intelligence technology with 3D image processing technology has become a hub for research in packaging design. Traditional 3D images are mostly produced by professional equipment, but this method is small in scope and high in cost, which does not meet the needs of most people. To solve the above problems, this study combines the mean shift algorithm with the confidence propagation algorithm, and obtains the confidence propagation-mean shift algorithm. In addition, the Lucascanard-confidence factor optical flow algorithm is improved by introducing the confidence factor to the Lucascanard-confidence factor optical flow algorithm. The research continues to combine the confidence propagation-mean shift algorithm with the Lucaskarnad-confidence factor optical flow algorithm to extract parallax maps and then synthesize 3D images. The results show that the iteration times and iteration time of the confidence propagation-mean shift algorithm are 9 times and 97.05 s, respectively. The number of parallax templates and the number of regions is 6 and 43 respectively. The confidence propagation-mean shift algorithm has 4 iterations, 36.8 s iteration time, 14 parallax templates and 65 regions in the category of portrait images. The accuracy of foreground depth, background depth and depth are 99.72, 99.87 and 99.80%, respectively, for the Lucas Kanard-confidence factor optical flow algorithm. In summary, the two algorithms proposed in this study have excellent performance, which can extract parallax map well and generate 3D image accurately, owning certain promotion value in the field of product packaging design.",wos,llm,0.980,unreviewed,
discarded,Verified Given Clause Procedures,"Blanchette, Jasmin; Qiu, Qi; Tourret, Sophie",2023,"AUTOMATED DEDUCTION, CADE 29",10.1007/978-3-031-38499-8_4,https://www.webofscience.com/wos/woscc/full-record/WOS:001156342400004,adjacent-subtopic,"Resolution and superposition provers rely on the given clause procedure to saturate clause sets. Using Isabelle/HOL, we formally verify four variants of the procedure: the well-known Otter and DISCOUNT loops as well as the newer iProver and Zipperposition loops. For each of the variants, we show that the procedure guarantees saturation, given a fair data structure to store the formulas that wait to be selected. Our formalization of the Zipperposition loop clarifies some fine points previously misunderstood in the literature.",wos,llm,0.750,unreviewed,
kept,Refinement-based Specification and Analysis of Multi-core ARINC 653 Using Event-B,"Zhang, Feng; Zhang, Leping; Zhao, Yongwang; Liu, Yang; Sun, Jun",2023,FORMAL ASPECTS OF COMPUTING,10.1145/3617183,https://www.webofscience.com/wos/woscc/full-record/WOS:001110782900004,supports-claim,"ARINC 653 as the de facto standard of partitioning operating systems has been applied in many safety-critical domains. The multi-core version of ARINC 653, ARINC 653 Part 1-4 (Version 4), provides support for services to be utilized with a module that contains multiple processor cores. Formal specification and analysis of this standard document could provide a rigorous specification and uncover concealed errors in the textual description of service requirements. This article proposes a specification method for concurrency on a multi-core platform using Event-B, and a refinement structure for the complicated ARINC 653 Part 1-4 provides a comprehensive, stepwise refinement-based Event-B specification with seven refinement layers and then performs formal proof and analysis in RODIN. We verify that the errors discovered in the single-core version standard (ARINC 653 Part 1-3) also exist in the ARINC 653 Part 1-4 during the formal specification and analysis.",wos,llm,0.960,unreviewed,
discarded,A novel overlapping community detection strategy based on Core-Bridge seeds,"Chen, Gaolin; Zhou, Shuming",2024,INTERNATIONAL JOURNAL OF MACHINE LEARNING AND CYBERNETICS,10.1007/s13042-023-02020-3,https://www.webofscience.com/wos/woscc/full-record/WOS:001112469600001,off-topic-false-hit,"The last decade has witnessed the advance of overlapping community detection based on local expansion. In this paper, we propose a novel local expanding-based overlapping community detection algorithm, denoted by Core and Bridge Seeds Extension, that aims to improve the quality of communities. Instead of the traditional approaches to select the cores of communities as seeds, a new Core-Bridge triplet strategy is suggested to select seeds to generate the initial backbone and framework of the community. In the optimization stage, a stepwise refinement approach is adopted to solve the issue of unreasonable division and unassigned node allocation. A merge index is designed to merge communities reasonably. The comparisons about the methods to improve accuracy of community numbers based on the known algorithms are also presented. Experimental results on synthetic networks and real networks show that our strategy outperforms the state-of-art algorithms in stability and effectiveness.",wos,llm,0.990,unreviewed,
kept,Correctness by Construction for Pairwise Sequence Alignment Algorithm in Bio-Sequence,"Shi, Haihe; Lan, Sunwen; Liu, Riming; Shi, Haipeng",2023,TEHNICKI VJESNIK-TECHNICAL GAZETTE,10.17559/TV-20221025164232,https://www.webofscience.com/wos/woscc/full-record/WOS:000975513400006,supports-claim,"Pairwise sequence alignment is a classical problem in bioinformatics, aiming at finding the similarity between two sequences, which is important for discovering functional, structural and evolutionary information in biological sequences. More algorithms have been developed for the sequence alignment problem. There is no formal development process for the existing pairwise sequence algorithms and leads to the low trustworthiness of those algorithms. In addition, the application of formal methods in the field of bioinformatics algorithm development is rarely seen. In this paper, we use a formal method PAR to construct a pairwise sequence algorithm, analyze the essence of the pairwise sequence alignment problem, construct the Apla algorithm program by stepwise refinement, and further verify its correctness. Finally a highly reliable and executable pairwise sequence alignment algorithm program is generated from Apla program via PAR platform. The formal construction process ensures the reliability of algorithm, and also demonstrates the algorithm design idea clearly, which makes the originally difficult algorithm design process easier. The successful practice of this method on the pairwise sequence alignment problem in biological sequence analysis can provide a reference for the construction of highly reliable algorithms in complex bioinformatics from both methodological and practical aspects.",wos,llm,0.890,unreviewed,
kept,Towards contract-based verification for autonomous vessels,"Torben, Tobias Rye; Smogeli, Oyvind; Glomsrud, Jon Arne; Utne, Ingrid B.; Sorensen, Asgeir J.",2023,OCEAN ENGINEERING,10.1016/j.oceaneng.2023.113685,https://www.webofscience.com/wos/woscc/full-record/WOS:000977052700001,supports-claim,"Design and verification of autonomous vessels represent a major interdisciplinary engineering challenge due to the combination of high system complexity and the interaction with dynamic, uncertain, and unstructured environments. This paper investigates the use of contract-based methods to address both design and verification challenges of control systems for autonomous vessels. The paper first presents a formal framework for specification of components and assume-guarantee contracts using the syntax of the Z3 automated theorem prover. Then, the paper proposes a methodology for contract-based verification using the formal framework. The methodology is divided into 4 steps: (1) Hazard identification between the autonomous vessel and the operative environment in order to define the top-level component and contract, (2) stepwise refinement of the top-level component into detailed sub-components and contracts, (3) definition of test setups for simulation-based testing to verify that components meet their contract, and (4) applying a recursive procedure for contracts-based system verification. The framework and methodology are demonstrated the in a case study with an autonomous passenger ferry.",wos,llm,0.900,unreviewed,
discarded,Advances in Canaloplasty-Modified Techniques Yield Strong Pressure Reduction with Low Risk Profile,"Szurman, Peter",2023,JOURNAL OF CLINICAL MEDICINE,10.3390/jcm12083031,https://www.webofscience.com/wos/woscc/full-record/WOS:000977296400001,adjacent-subtopic,"For decades, trabeculectomy (TE) was considered the gold standard for surgical treatment of open-angle glaucoma owing to its powerful intraocular pressure (IOP)-lowering potency. However, owing to the invasive nature and high-risk profile of TE, this standard is changing, and minimally invasive procedures are becoming more preferable. In particular, canaloplasty (CP) has been established as a much gentler alternative in everyday life and is under development as a full-fledged replacement. This technique involves probing Schlemm's canal with a microcatheter and inserting a pouch suture that places the trabecular meshwork under permanent tension. It aims to restore the natural outflow pathways of the aqueous humor and is independent of external wound healing. This physiological approach results in a significantly lower complication rate and allows considerably simplified perioperative management. There is now extensive evidence that canaloplasty achieves sufficient pressure reduction as well as a significant reduction in postoperative glaucoma medications. Unlike MIGS procedures, the indication is not only mild to moderate glaucoma; today, even advanced glaucoma benefits from the very low hypotony rate, which largely avoids a wipeout phenomenon. However, approximately half of patients are not completely medication-free after canaloplasty. As a consequence, a number of canaloplasty modifications have been developed with the goal of further enhancing the IOP-lowering effect while avoiding the risk of serious complications. By combining canaloplasty with the newly developed suprachoroidal drainage procedure, the individual improvements in trabecular facility and uveoscleral outflow facility appear to have an additive effect. Thus, for the first time, an IOP-lowering effect comparable to a successful trabeculectomy can be achieved. Other implant modifications also enhance the potential of canaloplasty or offer additional benefits such as the possibility of telemetric IOP self-measurement by the patient. This article reviews the modifications of canaloplasty, which has the potential to become a new gold standard in glaucoma surgery via stepwise refinement.",wos,llm,0.990,unreviewed,
