status,title,authors,year,venue,doi,url,tags,abstract,provider,decision_source,llm_confidence,llm_review_outcome,llm_change_direction
discarded,Robust generative image steganography based on makeup transfer and feature-wise depth fusion for social networks,"Sun, Youqiang; Liu, Jianyi; Zhang, Ru; Ren, Yeqing",2026,DIGITAL SIGNAL PROCESSING,10.1016/j.dsp.2025.105714,https://www.webofscience.com/wos/woscc/full-record/WOS:001627574500001,off-topic-false-hit,"The transmission of secret information on the social networks is vulnerable to interception by third parties, resulting in the leakage of secret information. Steganography provides an effective safeguard for the covert transmission of secret. However, the existing generative steganographic methods do not consider the real environment, resulting in poor robustness and low embedding capacity, making them unsuitable for deployment. To solve such problems, this paper proposes a generative image steganography model based on makeup transfer and feature-wise depth fusion for social networks. The proposed model includes an adaptive makeup morphing module (AMM), a secret fusion module, and a two-stage extraction module. The AMM module extracts makeup matrices from the target face, and then the secret fusion module fuses the extracted makeup matrices and the secret matrix into a new matrix. This new matrix is used to synthesize the face image with makeup, which avoids the pixel modification. In addition, the two-stage extraction is used to reduce the error in the extraction and ensure the performance of steganography. Meanwhile, the flexible encoding multiplexing module (EMM) further improves the robustness. Experiments show that the proposed model exhibits stronger robustness and a larger embedding capacity, and achieves superior performance on real social networks.",wos,llm,1.000,unreviewed,
discarded,Swarm of MASSs Cyber-Security for Anti-Hijack System Based on Blockchain and Chaotic-Steganography Using VRF-PBFT and Encoder-Decoder Deep Neural Networks,"Gao, Miao; Jia, Chuanying; Liu, Jiao; Geng, Xiongfei; Ding, Gege; Shi, Peiru; Xia, Yu; Chen, Shuai; Kang, Zhen; Zhang, Anmin",2025,IEEE TRANSACTIONS ON INTELLIGENT TRANSPORTATION SYSTEMS,10.1109/TITS.2025.3616187,https://www.webofscience.com/wos/woscc/full-record/WOS:001600830900001,off-topic-false-hit,"It is crucial to guarantee the remote operation safety of the Maritime Autonomous Surface Ships (MASS). In this paper, a cyber-security framework of the anti-hijack system in the swarm of MASSs was proposed for important information hiding based on blockchain and chaotic-steganography to generate the watermark camouflage image and ensure the security and concealment of important information transmitted in the ship Ad hoc network. The swarm of MASSs cyber-security problem was divided into two parts: source security and transmission security. Three modules are utilized to address the problem. First, the cognitive mechanism for multi-ship interaction based on VRF-PBFT was constructed. Subsequently, MASS transmit the key information of the plain-text which were respectively subjected to the Henon-Logistic chaotic mapping function to produce strong pseudo-random sequence information. Finally, the encrypted sequence information was combined with the original image as the input data for the encoder deep neural networks, and the watermark camouflage image was generated by U-net with the down-sampling and up-sampling structures to extract the image features that are adaptable to the original image. At the ship base, the watermark camouflage image with the original image were merged to achieve the chaotic-steganography which is inserted into the video stream for hidden transmission. At the shore base, the decoder neural networks utilized the ST-transfer CNN architecture to retrieve encrypted hidden information within images. Finally, six self-made MASS remote operation systems of Tianjin University were applied to validate the method. Histogram, PSNR, MSE and SSIM analysis of images before and after encryption demonstrates the method's statistical robustness, ensuring the secret and secure transmission of critical information perceived by MASSs in ship Ad hoc network.",wos,llm,1.000,unreviewed,
discarded,Dig a Hole and Fill in Sand: Adversary and Hiding Decoupled Steganography,"Tang, Weixuan; Yang, Haoyu; Rao, Yuan; Zhou, Zhili; Peng, Fei",2024,"PROCEEDINGS OF THE 32ND ACM INTERNATIONAL CONFERENCE ON MULTIMEDIA, MM 2024",10.1145/3664647.3681330,https://www.webofscience.com/wos/woscc/full-record/WOS:001556095000460,off-topic-false-hit,"Deep steganography is a technique that imperceptibly hides secret information into image by neural networks. Existing networks consist of two components, including a hiding component for information hiding and an adversary component for countering against steganalyzers. However, these two components are two ends of the seesaw, and it is difficult to balance the tradeoff between message extraction accuracy and security performance by joint optimization. To address the issues, this paper proposes a steganographic method called AHDeS (Adversary-Hiding-Decoupled Steganography) under the Dig-and-Fill paradigm, wherein the adversary and hiding components can be decoupled into an optimization-based adversary module in the digging process and an INN-based hiding network in the filling process. Specfically in the training stage, the INN is first trained for acquiring the ability of message embedding. In the deployment stage, given the well-trained and fixed INN, the cover image is first iteratively optimized for enhancing the security performance against steganalyzers, followed by the actual message embedding by the INN. Owing to the reversibility of the INN, security performance can be enhanced without sacrificing message extraction accuracy. Experimental results show that AHDeS can achieve the state-of-the-art security performance and visual quality while maintaining satisfied message extraction accuracy.",wos,llm,1.000,unreviewed,
discarded,A dynamic image watermarking scheme using compass edge detection and adaptive alpha blending technique in spatial domain,"Panda, Bishwabara; Ranjan Nayak, Manas; Mallick, Pradeep Kumar; Basu, Abhishek; Sahoo, Biswajeet",2026,INFORMATION SECURITY JOURNAL,10.1080/19393555.2025.2570175,https://www.webofscience.com/wos/woscc/full-record/WOS:001592445300001,off-topic-false-hit,"Digital data collection, transmission, and storage have become incredibly simple and convenient because of the widespread use of the internet and digital consumer devices, which has profoundly impacted our society and everyday life. However, it is crucial to safeguard these data and avoid illegal modifications. This problem has surfaced in other areas, such as content authentication, copyright protection, information hiding, and secure communication. A few digital watermarking techniques have been developed in an effort to solve this issue. They work by attempting to tamper with or seal digital files by including hidden data, also known as a watermark. The suggested method uses alpha blending, compass edge detection, and entropy to construct a spatial domain picture watermarking technique. The hiding capability is improved by entropy, according to this strategy. Compass edge detection technique is employed to find prominent edges of the input pictures and gradually add additional information based on entropy data to boost imperceptibility. Because compass edge detection determines which parts of a picture are the most visible from a visual standpoint, any changes made outside of those observable regions will be less obvious to viewers. Finally, the competence of the mechanism is examined for many current frameworks using the quality criteria.",wos,llm,0.990,unreviewed,
discarded,Quantum autoencoder implementation of high-dimensional steganographic encoding for arbitrary quantum states,"Hao, Chaolong; Ma, Quangong; Chen, Yaqi; Zhang, Hao; Qu, Dan",2025,JOURNAL OF KING SAUD UNIVERSITY COMPUTER AND INFORMATION SCIENCES,10.1007/s44443-025-00274-1,https://www.webofscience.com/wos/woscc/full-record/WOS:001592897000002,off-topic-false-hit,"While classical steganography achieves maturity in digital media, hiding arbitrary quantum states (alpha|0 >+beta|1 >) has emerged as an intriguing frontier. To address this problem, we establish a formal model of controllable random perturbation unitaries for single/multi-stego state tasks. We progressively explore Quantum Autoencoder (QAE) structures through three stages: starting from single-state scenarios without perturbation, advancing to perturbed conditions, and finally extending to multi-state tasks. We design two perturbation-based encoding schemes using Quantum Autoencoders (QAE): the simple scheme (QAE-DD) leverages the inverse application of encoding-decoding modules, while the improved scheme (QAE-OSP) incorporates orthogonal projection routing and parallel subnetworks to restructure the hidden-layer architecture. In 3-qubit entangled-state simulations with data scales n <= 10 and perturbation strengths epsilon is an element of [0,1], QAE-DD performs well under low perturbation, whereas QAE-OSP maintains higher fidelity between the carrier and secret states under high perturbation conditions (e.g., n=5, epsilon=0.6), with fidelity values F(rho(stego),rho(stego)=0.91/ F(rho S,rho S)=0.84 providing a reference for network design. Finally, we extend the single-carrier (""1+1"") task to the multi-carrier (""1+N"") scenario by constructing a ""centroid"" state training set based on the principal component of carrier-state groups and validating the applicability of both models. Under the conditions n=5 and epsilon=0.6, the QAE-OSP model successfully improves the average fidelity between multiple secret states and carrier states from 0.68 to 0.90, demonstrating its capability to aggregate multiple carriers to enhance overall concealment. Although the present study covers only small-scale data and networks, it lays the groundwork for a neural network framework that covertly embeds arbitrary quantum states into high-dimensional quantum states, providing a basis for future exploration.",wos,llm,0.990,unreviewed,
discarded,A Lightweight 3D Distillation Volumetric Transformer for 3D MRI Super-Resolution,"Zhao, Jianwei; Hong, Tao; Qi, Hao; Zhou, Zhenghua; Wang, Hai",2025,IEEE JOURNAL OF BIOMEDICAL AND HEALTH INFORMATICS,10.1109/JBHI.2025.3555603,https://www.webofscience.com/wos/woscc/full-record/WOS:001523482700006,off-topic-false-hit,"Although existing 3D super-resolution methods for magnetic resonance imaging (MRI) volumetric data can provide better visual images than some traditional 2D methods, they should face challenge of increasing network's parameters and computing cost for getting higher reconstruction accuracy. To address this issue, a lightweight 3D multi scale distillation volumetric Transformer, named Transformer-based dual-attention feature distillation (TDAFD) network, is proposed for 3D MRI by utilizing 3D information hiding in images sufficiently. Our TDAFD network contains several proposed dual-attention feature distillation (DAFD) modules and two designed recursive volumetric Transformers (RVT). Concretely, the proposed DAFD module contains a multi-scale feature distillation (MSFD) block for extracting global features under different scales and a feature enhancement dual attention block (FEDAB) for concentrating on the key features better. In addition, our RVT develops 2D Transformer to 3D and save network's parameters via recursion operations for capturing long-term dependencies in volumetric images effectively. Therefore, our proposed TDAFD network can not only extract deeper features via multi scale feature distillation and Transformer, but also realize the balance of performances and network's parameters. Extensive experiments illustrate that our proposed method achieves superior reconstruction performances than some popular 3D MRI SR methods, and saves number of weights and FLOPs.",wos,llm,0.980,unreviewed,
discarded,Logic realisation of a spatial domain image watermarking with single electron transistors - an innovative approach,"Basu, Abhishek; Ghosh, Arpita; Mukherjee, Anirban",2025,INTERNATIONAL JOURNAL OF CRITICAL INFRASTRUCTURES,10.1504/IJCIS.2025.148324,https://www.webofscience.com/wos/woscc/full-record/WOS:001562493600001,off-topic-false-hit,"Multimedia articles exchanged over the digital network are increasing day by day causing enhanced threats of losing authenticity or copyright of those contents. As a result, requirement for low power and high speed copyright protection system for multimedia objects is hovering. In this article, authors have projected one spatial domain-based image watermarking structure for multimedia copyright protection and its hardware level implementation based on field programmable gate array (FPGA). Moreover, single electron transistor (SET) implementation for the structure has also been presented. The technique uses least significant bit (LSB) plane-based information hiding and all the modules of embedding and extraction block are realised with SET. It has been observed that this scheme shows noteworthy imperceptibility along with robustness. The result of SET execution confirms significantly low power consumption.",wos,llm,0.990,unreviewed,
discarded,New Visible Watermark Protection Mechanism Based on Information Hiding,"Huang, Wenhong; Dai, Yunshu; Fei, Jianwei; Huang, Fangjun",2025,IEEE TRANSACTIONS ON INFORMATION FORENSICS AND SECURITY,10.1109/TIFS.2025.3592572,https://www.webofscience.com/wos/woscc/full-record/WOS:001542432700008,off-topic-false-hit,"With the rise of digital media, protecting image property has become a critical issue. Visible watermarks, once a key tool for copyright protection, have become increasingly vulnerable to removal methods using deep neural networks (DNNs). This poses a significant threat to the ability of visible watermarks to protect image ownership and copyright. To address this increasingly severe challenge, we propose a novel visible watermark protection mechanism based on information hiding. Unlike traditional methods of directly adding perturbations to protected images, we hide adversarial perturbations in watermarked images through a specially designed reversible information exchange (RIE) module, which includes multiple discrete wavelet transform (DWT) and affine coupling blocks. This design can concentrate the perturbations on textured areas of the watermarked images, making them less visually noticeable. Meanwhile, theoretical analysis indicates that the difference between the adversarial image (i.e., the watermarked image after embedding the adversarial perturbation) generated by our method and the watermarked image is completely controllable. To evaluate the proposed mechanism in various scenarios, based on several widely used datasets (i.e., LOGO-Gray, LOGO-H, and LOGO-L), we further synthesize two new datasets, namely LOGO-Multi and LOGO-Full. LOGO-Multi contains images embedded with multiple watermarks, and LOGO-Full contains images embedded with a watermark covering the whole image. Extensive testing on five datasets demonstrates that, compared to the baseline methods, the proposed scheme can greatly improve the visual quality of adversarial images and enhance their capability to resist various watermark removal techniques. Code will be available at https://github.com/Aitchson Hwang/adversarial_visible_watermarking.",wos,llm,0.990,unreviewed,
discarded,Emotionally Controllable Text Steganography Based on Large Language Model and Named Entity,"Shi, Hao; Guo, Wenpu; Gao, Shaoyuan",2025,TECHNOLOGIES,10.3390/technologies13070264,https://www.webofscience.com/wos/woscc/full-record/WOS:001539686700001,off-topic-false-hit,"For the process of covert transmission of text information, in addition to the need to ensure the quality of the text at the same time, it is also necessary to make the text content match the current context. However, the existing text steganography methods excessively pursue the quality of the text, and lack constraints on the content and emotional expression of the generated steganographic text (stegotext). In order to solve this problem, this paper proposes an emotionally controllable text steganography based on large language model and named entity. The large language model is used for text generation to improve the quality of the generated stegotext. The named entity recognition is used to construct an entity extraction module to obtain the current context-centered text and constrain the text generation content. The sentiment analysis method is used to mine the sentiment tendency so that the stegotext contains rich sentiment information and improves its concealment. Through experimental validation on the generic domain movie reviews dataset IMDB, the results prove that the proposed method has significantly improved hiding capacity, perplexity, and security compared with the existing mainstream methods, and the stegotext has a strong connection with the current context.",wos,llm,0.990,unreviewed,
discarded,Color Image Information Hiding Based on Attention GAN,"Li, Jia; Cheng, Xien; Luan, Wenye",2024,"2024 5TH INTERNATIONAL CONFERENCE ON COMPUTER, BIG DATA AND ARTIFICIAL INTELLIGENCE, ICCBD+AI",10.1109/ICCBD-AI65562.2024.00057,https://www.webofscience.com/wos/woscc/full-record/WOS:001463422500050,off-topic-false-hit,"Image steganography aims to embed secret information into images to achieve data steganography. Aiming at the problems of insufficient feature expression ability, poor model flexibility, and poor quality of steganographic images in existing methods, this paper proposes an image steganography method based on attention generative adversarial networks. By introducing a combination of global attention mechanism, adaptive convolution module, and deep convolution block, the feature expression ability and the accuracy of image restoration are improved, while a customized discriminator is used to ensure the quality and authenticity of the steganographic image. The adaptive convolution module is able to dynamically adjust the size and number of convolution kernels according to the features of the input image, which effectively improves the flexibility and generalization ability of the model and reduces the consumption of computational resources. In this paper, experimental validation is carried out on COCO, CelebA and ImageNet datasets, and the results show that the method has obvious advantages over existing deep learning steganography techniques in terms of steganographic capacity, security, robustness and imperceptibility.",wos,llm,0.990,unreviewed,
discarded,Text Steganalysis with Language Style for Social Networks,"Niu, Qingying; Yang, Zhen",2025,"COMPUTATIONAL AND EXPERIMENTAL SIMULATIONS IN ENGINEERING, ICCES 2024-VOL 4",10.1007/978-3-031-82907-9_9,https://www.webofscience.com/wos/woscc/full-record/WOS:001487038900009,off-topic-false-hit,"Text steganalysis faces severe challenges from the ever-improving quality of text information hiding. Text steganalysis of social networks is more challenging because of the sparsity of steganographic text in massive network texts. Detecting sparse steganographic text mainly relies on accurate modeling of steganographic features, which is still a challenging problem for existing methods. In this paper, we propose a text steganalysis method that exploits language styles. We designed a global and local fusion language style feature extraction module based on RoBertA and TF-IDF, and used a bidirectional recurrent neural network (BiRNN) to analyze the sequence changes of language style features to achieve effective detection of sparse text steganography. Experimental results demonstrate the effectiveness of the proposed method.",wos,llm,0.990,unreviewed,
discarded,Multipixel Non-Expandable Visual Cryptography with Encapsulated Shares,"Sagna, L. T.; Kumar, S. Swapna; Raj, Alex S. M.",2024,"2024 INTERNATIONAL CONFERENCE ON ADVANCEMENT IN RENEWABLE ENERGY AND INTELLIGENT SYSTEMS, AREIS",10.1109/AREIS62559.2024.10893653,https://www.webofscience.com/wos/woscc/full-record/WOS:001457406600054,off-topic-false-hit,"In today's interconnected digital world, safeguarding information is paramount. With the proliferation of open networks, traditional security measures often fall short, necessitating advanced techniques for data protection. One such technique is Visual Cryptography, a robust method designed to conceal secret information within images.It encrypt visuals as information is hidden within multiple share images, providing a secure means of information hiding. The encryption algorithm should introduce irregular transformations and maximize the differences in original and encrypted images. Proposed method is efficient, flexible and secure. It combines with steganography as it hides the secret image in context of another image. It offers better security for shares and the experimental results and analysis infers an effective encryption of image within minimum time and low PSNR value.Experimental results and analyses indicate that the encryption technique performs effectively, ensuring robust data concealment. Evaluation criteria includes visual inspection, encryption evaluation metrics, image quality parameters and runtime performance.",wos,llm,0.980,unreviewed,
