status,title,authors,year,venue,doi,url,tags,abstract,provider,decision_source,llm_confidence,llm_review_outcome,llm_change_direction
discarded,Uncovering and Mitigating Transient Blindness in Multimodal Model Editing,"Han, XiaoQi; Li, Ru; Yi, Ran; Tan, Hongye; Liang, Zhuomin; Gutierrez-Basulto, Victor; Pan, Jeff Z.",2026,"FORTIETH AAAI CONFERENCE ON ARTIFICIAL INTELLIGENCE, AAAI-26, VOL 40 NO 37",,https://www.webofscience.com/wos/woscc/full-record/WOS:001769433900009,off-topic-false-hit,"Multimodal Model Editing (MMED) aims to correct erroneous knowledge in multimodal models. Existing evaluation methods, adapted from textual model editing, overstate success by relying on low-similarity or random inputs, obscure overfitting. We propose a comprehensive locality evaluation framework, covering three key dimensions: random-image locality, no-image locality, and consistent-image locality, operationalized through seven distinct data types, enabling a detailed and structured analysis of multimodal edits. We introduce De-VQA, a dynamic evaluation for visual question answering, uncovering a phenomenon we term transient blindness, overfitting to edit-similar text while ignoring visuals. Token analysis shows edits disproportionately affect textual tokens. We propose locality-aware adversarial losses to balance cross-modal representations. Empirical results demonstrate that our approach consistently outperforms existing baselines, reducing transient blindness and improving locality by 17% on average.",wos,llm,0.990,unreviewed,
discarded,Digital platforms for ethics review: a mini review,"Odero, Brenda Adhiambo; Groenewald, Candice",2026,FRONTIERS IN DIGITAL HEALTH,10.3389/fdgth.2026.1854560,https://www.webofscience.com/wos/woscc/full-record/WOS:001799104200001,off-topic-false-hit,"This mini review examines the emerging use of digital platforms for ethics review (DPER) and the extent to which research ethics committees (RECs) are prepared for digital transformation and operational autonomy. Drawing on a structured analysis of peer-reviewed studies published between 2013 and 2024, the review synthesises the existing research on DPER and examines reported challenges, successes, and implementation recommendations associated with their adoption. In this context, digital autonomy refers to RECs' readiness to conduct ethics review processes through dedicated digital platforms, supported by adequate infrastructure, stakeholder engagement, institutional capacity, and appropriate data protection and security measures. Findings indicate that digitalisation efforts primarily focus on improving administrative efficiency, protocol tracking, and communication workflows, with reported improvements in processing times and documentation management. However, the literature reveals limited attention to broader system-level governance considerations, including regulatory alignment, infrastructure readiness, data security, and institutional capacity. Across the included studies, there is minimal critical engagement with how DPER reshape accountability structures, transparency mechanisms, and decision-making authority within RECs. The review highlights emerging areas requiring further investigation. This includes governance and regulatory preparedness, variability in institutional digital capacity, and the implications of increasing automation in ethics review processes. Overall, while DPER show promise for strengthening research oversight, the evidence base remains limited in scope and depth. Further empirical and conceptual research is needed to assess institutional and national readiness and to ensure that digital transformation supports, rather than undermines, ethical governance in RECs.",wos,llm,0.980,unreviewed,
discarded,"Citizen Science Design in Practice: A Taxonomic Study of Configurations, Clusters, and Disciplinary Influences in German Initiatives","Stein, Carolin; Muller, Moritz; Fegert, Jonas",2026,CITIZEN SCIENCE-THEORY AND PRACTICE,10.5334/cstp.830,https://www.webofscience.com/wos/woscc/full-record/WOS:001793166600001,off-topic-false-hit,"Citizen science encompasses a wide spectrum of practices that differ not only in the degree of participant involvement but also in key design decisions shaping collaboration, communication, and incentives. While prior research has offered influential typologies based on participation levels, comparatively little empirical work has examined the broader configuration of design dimensions. This study addresses this gap by applying a comprehensive taxonomy for participatory processes to survey data from 60 projects listed on Germany's national citizen science platform. The analysis focuses on top-down design decisions made by project initiators and combines descriptive analysis with cluster analysis. The results identify two loosely separated design configurations that organize projects into broader patterns rather than strict categories, aligning with crowdsourcing-oriented and participatory research-oriented models. The analysis further reveals systematic associations between these configurations and the projects' disciplinary orientations. Although the empirical basis is grounded in the German citizen science ecosystem, the conceptual framework and findings contribute to a broader understanding of design heterogeneity in citizen science and provide a basis for more systematic comparison of project architectures.",wos,llm,0.980,unreviewed,
discarded,A Design of Experiments Framework for Magnetron-Sputtered HfO<sub> <i>x</i> </sub> in Wafer-Scale Memristive Devices,"Shkurmanov, Alexander; Petrenyov, Ilya; Nikiruy, Kristina; Knauer, Andrea; Schneegass, Jonas; Ziegler, Martin",2026,ACS APPLIED ELECTRONIC MATERIALS,10.1021/acsaelm.6c00590,https://www.webofscience.com/wos/woscc/full-record/WOS:001787344800001,off-topic-false-hit,"Sub-stoichiometric hafnium oxide (HfO x ) is a key material for memristive devices in neuromorphic and nonvolatile memory applications, where precise control of thin-film properties is essential for tailored device performance. Magnetron sputtering offers this control but involves strongly coupled process parameters that hinder systematic optimization. In this work, we investigate the growth of HfO x films for wafer-scale memristive device fabrication using a multimodal characterization approach that combines X-ray photoelectron spectroscopy (XPS) and X-ray diffraction (XRD) and large-area electrical testing. We demonstrate how HfO x thin films can be tailored to exhibit well-controlled sub-stoichiometry, a nanocrystalline structure with tensile strain, and grain sizes comparable to the film thickness. Based on these results, we propose a physically interpretable conceptual model that captures established cause-and-effect relationships between sputtering parameters, such as the argon-to-oxygen flow ratio, and resulting material properties. The model enables multi-objective optimization of material properties within the explored parameter space toward a structured Design of Experiments framework, providing a systematic alternative to empirical trial-and-error methods. This approach accelerates thin-film process development and applies to other oxide materials and emerging memory device architectures.",wos,llm,0.990,unreviewed,
discarded,Augmented reality in computer graphics education: A systematic review☆,"Liu, Enyu; Luxton-Reilly, Andrew; Liao, Kangzhi; Wunsche, Burkhard C.",2026,COMPUTERS & GRAPHICS-UK,10.1016/j.cag.2026.104634,https://www.webofscience.com/wos/woscc/full-record/WOS:001787197500001,adjacent-subtopic,"Learning computer graphics (CG) requires integrating programming, mathematics, physics, problem-solving skills, and spatial reasoning, which makes teaching and learning the subject challenging. Augmented Reality (AR) has the potential to transform instructional practices in this domain by offering immersive and interactive learning experiences, improving spatial awareness, and providing real-world context. However, no recent study has explored the breadth of AR use in computer graphics education. This work presents a structured analysis of 27 peer-reviewed publications and synthesizes the findings across four dimensions: research motivation, pedagogical strategy, technological implementation, and evaluation design and outcomes. The results reveal that most AR applications focus on 3D transformations, whereas fundamental CG areas such as rendering, shading, OpenGL, and shadow computation remain relatively underexplored, highlighting considerable untapped research potential. AR tools typically use a Unity-based marker-driven mobile deployment architecture, providing real-time interaction feedback. A limited number of papers incorporate advanced feedback mechanisms. Empirical evidence shows that AR can significantly improve conceptual understanding, learner engagement, and task performance. However, the findings on cognitive load remain inconclusive: while some studies report reduced cognitive demands due to intuitive spatial visualization, others indicate that AR introduces additional task effort, unfamiliar interaction friction, and physical fatigue. Moreover, usability challenges, such as tracking instability, interaction discoverability, and increased instructional workload were consistently reported. These insights offer actionable implications for the development of next-generation AR learning technologies that are pedagogically grounded, scalable, and analytically aware in the context of CG education.",wos,llm,0.800,unreviewed,
discarded,"When Does Instruction Tuning Work in Biomedical NLP? A Structural, Task-Aware, and Safety-Critical Evaluation of Large Language Models","Onan, Aytug; Nasution, Arbi Haza; Celikten, Tugba",2026,IEEE ACCESS,10.1109/ACCESS.2026.3693566,https://www.webofscience.com/wos/woscc/full-record/WOS:001777672500008,off-topic-false-hit,"Instruction tuning has emerged as an effective mechanism for adapting large language models (LLMs) to biomedical natural language processing (BioNLP), enabling improved task generalization with reduced reliance on extensive domain-specific pretraining. However, empirical evidence shows that its effectiveness varies substantially across biomedical tasks, and the factors governing these variations remain insufficiently understood. In particular, prior work often treats instruction tuning as a uniform adaptation strategy, without systematically examining the roles of task structure, instruction design, and robustness. In this work, we present a comprehensive, structure-aware and task-aware evaluation of instruction tuning for biomedical NLP. We organize biomedical tasks according to output granularity and rigidity, and analyze how instruction structures interact with token-, sentence-, and document-level tasks across multiple model families. To move beyond performance-centric evaluation, we introduce diagnostic measures that capture instruction sensitivity, format violations, and safety-related failure modes. Our results reveal a consistent relationship between output rigidity and instruction tuning gain: tasks with flexible output spaces benefit more from instruction tuning than schema-rigid tasks. We further show that instruction sensitivity varies with task granularity and instruction structure, while robustness and safety considerations expose trade-offs, and that robustness and safety considerations expose trade-offs that are not reflected in standard accuracy metrics alone. Based on these findings, we derive practical design guidelines for instruction construction, model selection, and evaluation in biomedical settings. This study reframes instruction tuning as a structured design problem rather than a one-size-fits-all approach.",wos,llm,0.980,unreviewed,
discarded,A Design Thinking-Informed Framework in Early STEM Education: An Exploratory Study of Cognitive Workload in Project-Based Problem Formulation,"Nikulin, Christopher; Perez, Camilo; Campos, Zocimo; Valdes, Cristian; Bravo, Leonardo Madariaga; Retegi-Uria, Aiur",2026,EDUCATION SCIENCES,10.3390/educsci16050732,https://www.webofscience.com/wos/woscc/full-record/WOS:001774369200001,adjacent-subtopic,"This study examines the implementation of a design thinking-informed framework in early-stage STEM education, focusing on students perceived cognitive workload during project formulation. The proposed framework integrates elements from design thinking and project structuring tools to support early-stage project-based learning. An exploratory case study was conducted with 99 undergraduate students from engineering and management programs. The NASA Task Load Index (NASA-TLX) was used to assess perceived cognitive workload across six dimensions following a structured instructional session. Results indicate that the activity was experienced within a moderate range of cognitive workload, suggesting that the framework can be implemented without introducing excessive cognitive demand. Correlation analysis revealed significant associations among workload dimensions, particularly between temporal demand, mental demand, and frustration. These findings provide initial evidence regarding the feasibility of implementing structured design thinking-informed approaches in early-cycle STEM education. The study provides empirical evidence on perceived cognitive workload during the implementation of a structured framework in early-stage project-based learning.",wos,llm,0.830,unreviewed,
discarded,Institutional pressures on AI adoption in management accounting: Evidence from SMEs and implications for education,"Getzin, Fares; Henschel, Thomas; Kuttner, Michael; McKinney, Earl",2026,JOURNAL OF THE INTERNATIONAL COUNCIL FOR SMALL BUSINESS,10.1080/26437015.2026.2673580,https://www.webofscience.com/wos/woscc/full-record/WOS:001772227800001,off-topic-false-hit,"This qualitative study examines how normative institutional pressures influence the adoption of artificial intelligence (AI) in management accounting and how these pressures shape the transformation of management accounting education. Drawing on institutional theory, the study focuses on normative isomorphism arising from professional norms, standards, and expectations that guide organizational behavior. It also distinguishes between normative and coercive pressures and considers their interaction in shaping organizational responses. Empirical evidence is based on 12 semistructured interviews with management accounting and AI experts from small and medium-sized enterprises (SMEs) and selected large firms used for comparison in Austria, Germany, and the United States. The findings reveal that professional bodies, regulatory frameworks, and industry norms play a central role in legitimizing AI use in management accounting by promoting ethical guidelines, competency frameworks, and standardized practices. AI adoption is thereby understood as a socially embedded process shaped by institutional expectations rather than purely technological considerations. These pressures not only affect organizational adoption strategies but also translate into new educational requirements, particularly regarding data literacy, critical thinking, ethical awareness, and interdisciplinary skills. The analysis identifies key thematic patterns and highlights how SMEs interpret and respond to institutional expectations under resource constraints. Cross-country comparisons highlight context-specific variations in the intensity and sources of institutional pressures, while comparisons between SMEs and large firms reveal variation in the scale and formality of AI-related educational responses. The study contributes to the literature by providing an empirically grounded and conceptually structured analysis of institutional pressures as a driver of AI adoption in management accounting and by outlining implications for the redesign of management accounting education. It further develops a conceptually structured framework linking institutional pressures, organizational responses, and capability development. The findings offer practice-oriented insights for educators, professional bodies, and policy makers seeking to prepare future management accountants for an AI-driven professional environment.",wos,llm,0.980,unreviewed,
discarded,"A Model Cleansing Pipeline for Model-Driven Engineering: Mitigating the Garbage In, Garbage Out Problem for Open Model Repositories","Delic, Andela; Ali, Syed Juned; Verbruggen, Charlotte; Neidhardt, Julia; Bork, Dominik",2025,"2025 ACM/IEEE 28TH INTERNATIONAL CONFERENCE ON MODEL DRIVEN ENGINEERING LANGUAGES AND SYSTEMS, MODELS",10.1109/MODELS67397.2025.00012,https://www.webofscience.com/wos/woscc/full-record/WOS:001753557800006,adjacent-subtopic,"In data-driven research within Model-Driven Engineering (MDE), the extraction of conceptual models, such as UML diagrams, from software repositories is a crucial step for analyzing software design, evolution, and quality. However, these extracted models often contain inconsistencies, redundancies, and noise because most model repositories are not curated. Without effective data cleansing, the reliability of empirical and machine learning (ML)-based MDE studies working with these repositories is seriously threatened. This paper proposes a data cleansing pipeline designed to effectively cleanse model repositories. Our approach systematically addresses common data quality issues by offering a sequence of automated pre-processing, validation, and filtering steps based on rule-based heuristics and ML techniques. By integrating conceptual modeling-specific data cleansing techniques into an automated pipeline, our approach reduces manual intervention, enhances reproducibility, and supports scalable analysis of model repositories. In an experimental evaluation of open-source UML diagram repositories, we demonstrate the effectiveness of our method in cleansing models. In two reproducibility studies, we further show the statistically significant effect the use of our MCP4CM pipeline has on downstream tasks.",wos,llm,0.860,unreviewed,
discarded,"Integrating Computational and AI Thinking in Computer Science Education: A Case Study of ""Software Design and Architecture","Huang, Yan; Chen, Ting; Zhu, Huidong",2026,INTERNATIONAL JOURNAL OF ENGINEERING EDUCATION,,https://www.webofscience.com/wos/woscc/full-record/WOS:001764286300004,adjacent-subtopic,"With the rapid development of artificial intelligence, especially large language modeling technology, the teaching philosophy and learning objectives of traditional computer courses are facing a structural reshaping. This paper proposes a novel instructional framework that integrates computational thinking (CT) with AI thinking (AIT) to cultivate students' ability to co-design intelligent systems with large language models (LLMs). Taking the reform of the undergraduate course ""Software Design and Architecture"" as a case study, we adopt an action research methodology to develop a project-based learning model. Students are guided through six stages-from system abstraction to LLMs integration. A core teaching strategy involves transitioning students from ""algorithm executors"" to ""AI-augmented system architects"" through hands-on practice with modular design patterns, prompt optimization, and human-AI interaction. Our empirical evaluation, based on an ethically approved, anonymous survey of 34 students, provides quantitative evidence of the framework's effectiveness. The results indicate significant self-reported improvements in students' abstraction skills, AI integration capabilities, and system-level reasoning, with over 85% of students confirming a notable enhancement in their AI Thinking. This study offers theoretical insights and validated practical implications for LLMs-informed curriculum transformation in computing education.",wos,llm,0.840,unreviewed,
discarded,AIGC-driven virtual patients for diabetes: a systematic review,"Tang, Yu; Wen, Guanghua; Wu, Huiqun",2026,DIABETES RESEARCH AND CLINICAL PRACTICE,10.1016/j.diabres.2026.113261,https://www.webofscience.com/wos/woscc/full-record/WOS:001765712000001,off-topic-false-hit,"This systematic review (SR) examines the application of Artificial Intelligence-Generated Content (AIGC) in developing virtual patients (VPs) for diabetes management. Through structured analysis of current literature, the study demonstrates how AIGC methodologies address key clinical challenges: generative adversarial networks (GANs) create synthetic continuous glucose monitoring trajectories to overcome data scarcity; reinforcement learning (RL) optimizes personalized insulin regimens through simulated treatment responses; and multimodal fusion techniques generate detailed models for diabetic complications. These approaches demonstrate technical feasibility in retrospective analyses and experimental settings for medical education and clinical decision support. However, their translation to clinical practice awaits rigorous prospective validation with diabetes-specific endpoints. However, validation remains primarily retrospective, with limited prospective trials reporting diabetes-specific endpoints like time-in-range and hypoglycemia metrics. Critical implementation barriers include data privacy concerns, model generalizability across diabetes subtypes, and clinical workflow integration. An empirical mapping of included studies onto a three-dimensional maturity framework reveals that while 92% of studies achieve technical validation, none demonstrate implementation maturity and only one has prospective evidence of clinical efficacy. Future progress hinges on interdisciplinary collaboration to develop robust validation frameworks aligned with regulatory standards and to proactively mitigate algorithmic biases, thereby bridging the gap between technical innovation and dependable clinical application.",wos,llm,0.970,unreviewed,
