status,title,authors,year,venue,doi,url,tags,abstract,provider,decision_source,llm_confidence,llm_review_outcome,llm_change_direction
discarded,Manufacturing-Aware Power Staple Insertion Optimization by Enhanced Multi-Row Detailed Placement Refinement,"Xie, Yu-Jin; Chen, Kuart-Yu; Mak, Wai-Kei",2021,2021 26TH ASIA AND SOUTH PACIFIC DESIGN AUTOMATION CONFERENCE (ASP-DAC),10.1145/3394885.3431570,https://www.webofscience.com/wos/woscc/full-record/WOS:000668583700146,off-topic-false-hit,"Power staple insertion is a new methodology for IR drop mitigation in advanced technology nodes. Detailed placement refinement which perturbs an initial placement slightly is an effective strategy to increase the success rate of power staple insertion. We are the first to address the manufacturing-aware power staple insertion optimization problem by triple-row placement refinement. We present a correct-by-construction approach based on dynamic programming to maximize the total number of legal power staples inserted subject to the design rule for 1D patterning. Instead of using a multi-dimensional array which incurs huge space overhead, we show how to construct a directed acyclic graph (DAG) on the fly efficiently to implement the dynamic program for multi-row optimization in order to conserve memory usage. The memory usage can thus be reduced by a few orders of magnitude in practice.",wos,llm,0.990,unreviewed,
kept,Refinement-Based Game Semantics for Certified Abstraction Layers,"Koenig, Jeremie; Shao, Zhong",2020,PROCEEDINGS OF THE 35TH ANNUAL ACM/IEEE SYMPOSIUM ON LOGIC IN COMPUTER SCIENCE (LICS 2020),10.1145/3373718.3394799,https://www.webofscience.com/wos/woscc/full-record/WOS:000665014900049,supports-claim,"Formal methods have advanced to the point where the functional correctness of various large system components has been mechanically verified. However, the diversity of semantic models used across projects makes it difficult to connect these component to build larger certified systems. Given this, we seek to embed these models and proofs into a general-purpose framework where they could interact. We believe that a synthesis of game semantics, the refinement calculus, and algebraic effects can provide such a framework.

To combine game semantics and refinement, we replace the downset completion typically used to construct strategies from posets of plays. Using the free completely distributive completion, we construct strategy specifications equipped with arbitrary angelic and demonic choices and ordered by a generalization of alternating refinement. This provides a novel approach to nondeterminism in game semantics.

Connecting algebraic effects and game semantics, we interpret effect signatures as games and define two categories of effect signatures and strategy specifications. The resulting models are sufficient to represent the behaviors of a variety of low-level components, including the certified abstraction layers used to verify the operating system kernel CertiKOS.",wos,llm,0.900,unreviewed,
discarded,Improving Dependability via Deadline Guarantees in Commodity Real-time Networks,"Kashinath, Ashish; Hasan, Monowar; Mohan, Sibin; Bobba, Rakesh B.; Mittal, Radhika",2020,2020 IEEE GLOBECOM WORKSHOPS (GC WKSHPS),10.1109/GCWkshps50303.2020.9367550,https://www.webofscience.com/wos/woscc/full-record/WOS:000662202100152,off-topic-false-hit,"Software-defined Networking (SDN) can facilitate the deployment of deterministic algorithms with stringent Quality of Service (QoS) requirements that pave the way for commodity Real-time (RT) networks. However, current QoS approaches are conservative and under-provision the network, that becomes a bottleneck when scaling or upgrading infrastructure. In this paper, we argue that the use of fixed priorities for flows - a common practice in RT networks, is the root-cause of this issue. We develop algorithms that use the global view provided by SDN to develop on-demand, variable priority schemes. Evaluation shows that this ""correct by construction"" approach increases network utilization while still meeting the necessary QoS requirements, thereby improving network robustness under high utilization.",wos,llm,0.940,unreviewed,
kept,On methods and tools for rigorous system design,"Bliudze, Simon; Katsaros, Panagiotis; Bensalem, Saddek; Wirsing, Martin",2021,INTERNATIONAL JOURNAL ON SOFTWARE TOOLS FOR TECHNOLOGY TRANSFER,10.1007/s10009-021-00632-0,https://www.webofscience.com/wos/woscc/full-record/WOS:000665576300001,adjacent-subtopic,"Full a posteriori verification of the correctness of modern software systems is practically infeasible due to the sheer complexity resulting from their intrinsic concurrent nature. An alternative approach consists of ensuring correctness by construction. We discuss the Rigorous System Design (RSD) approach, which relies on a sequence of semantics-preserving transformations to obtain an implementation of the system from a high-level model while preserving all the properties established along the way. In particular, we highlight some of the key requirements for the feasibility of such an approach, namely availability of (1) methods and tools for the design of correct-by-construction high-level models and (2) definition and proof of the validity of suitable domain-specific abstractions. We summarise the results of the extended versions of seven papers selected among those presented at the 1st and the 2nd International Workshops on Methods and Tools for Rigorous System Design (MeTRiD 2018-2019), indicating how they contribute to the advancement of the RSD approach.",wos,llm,0.800,unreviewed,
kept,Event-B Hybridation: A Proof and Refinement-based Framework for Modelling Hybrid Systems,"Dupont, Guillaume; Ait-Ameur, Yamine; Singh, Neeraj Kumar; Pantel, Marc",2021,ACM TRANSACTIONS ON EMBEDDED COMPUTING SYSTEMS,10.1145/3448270,https://www.webofscience.com/wos/woscc/full-record/WOS:000661120400009,adjacent-subtopic,"Hybrid systems are complex systems where a software controller interacts with a physical environment, usually named a plant, through sensors and actuators. The specification and design of such systems usually rely on the description of both continuous and discrete behaviours. From complex embedded systems to autonomous vehicles, these systems became quite common, including in safety critical domains. However, their formal verification and validation as a whole is still a challenge.

To address this challenge, this article contributes to the definition of a reusable and tool supported formal framework handling the design and verification of hybrid system models that integrate both discrete (the controller part) and continuous (the plant part) behaviours. This framework includes the development of a process for defining a class of basic theories and developing domain theories and then the use of these theories to develop a generic model and system-specific models. To realise this framework, we present a formal proof tool chain, based on the Event-B correct-by-construction method and its integrated development environment Rodin, to develop a set of theories, a generic model, proof processes, and the required properties for designing hybrid systems in Event-B.

Our approach relies on hybrid automata as basic models for such systems. Discrete and continuous variables model system states and behaviours are given using discrete state changes and continuous evolution following a differential equation. The proposed approach is based on refinement and proof using the Event-B method and the Rodin toolset. Two case studies borrowed from the literature are used to illustrate our approach. An assessment of the proposed approach is provided for evaluating its extensibility, effectiveness, scalability, and usability.",wos,llm,0.740,unreviewed,
discarded,Formal Synthesis of Safe Stop Tactical Planners for an Automated Vehicle,"Krook, Jonas; Kianfar, Roozbeh; Fabian, Martin",2020,IFAC PAPERSONLINE,10.1016/j.ifacol.2021.04.059,https://www.webofscience.com/wos/woscc/full-record/WOS:000651644000067,adjacent-subtopic,"Automated vehicles need a safe back-up solution in the presence of system degradations since a driver cannot be expected to take control on short notice. In the event of a degradation, the vehicle is required to reach a minimal risk condition via a minimal risk maneuver. The activation of such maneuvers is safety critical, and a correct implementation of the tactical planner that takes the activation decision is paramount. One way to ensure correctness is to employ formal methods since they can provide proofs thereof. Earlier, a tactical planner was formally verified to activate a minimal risk maneuver if and only if a failure occurs. Formal verification has some drawbacks, so this paper investigates the applicability of using the tools Supremica and TuLiP to synthesize correct-by-construction tactical planners. These two tools amend some of the verification's drawbacks, but also introduce their own",wos,llm,0.720,unreviewed,
discarded,Efficient Validation of Supervisory Controllers using Symmetry Reduction,"Moormann, Lars; Goorden, Martijn A.; van de Morte-fronczak, Joanna M.; Fokknk, Wan J.; Maessen, Patrck; Rooda, Jacobus E.",2020,IFAC PAPERSONLINE,10.1016/j.ifacol.2021.04.074,https://www.webofscience.com/wos/woscc/full-record/WOS:000651644000044,adjacent-subtopic,"Supervisory control synthesis is a method to automatically generate a correct-by-construction supervisory controller. Validation of the synthesized controller is an important step to guarantee correct and safe system behavior. Especially requirement validation for systems with numerous components can be a difficult and time-consuming task. This paper proposes a method that reduces the required validation time and effort of systems through symmetry reduction, and is based on the concept of isomorphism. Isomorphism of component models and requirement models means that these models are equivalent in behavior, and therefore only part of the system needs to be validated. This method is used in an industrial case study, in which a supervisory controller is synthesized for a road tunnel (the Koning Willem-Alexandertunnel, the Netherlands). In this case study, the modeling of the plant and the requirements, supervisor synthesis, simulation, and validation are described.

Copyright (c) 2020 The Authors. This is an open access article under the CC BY-NC-ND license & nbsp; (http://creativecommons.org/licenses/by-nc-nd/4.0)",wos,llm,0.730,unreviewed,
discarded,Supervisory Control Synthesis for Safety PLCs,"Reijnen, Ferdie F. H.; Erens, Toby R.; van de Mortel-Fronczak, Joanna M.; Rooda, Jacobu E.",2020,IFAC PAPERSONLINE,10.1016/j.ifacol.2021.04.015,https://www.webofscience.com/wos/woscc/full-record/WOS:000651644000023,adjacent-subtopic,"The development of supervisory controllers for cyber-physical systems is a laborious and error-prone process. Supervisor synthesis enables control designers to automatically synthesize a correct-by-construction supervisor from a model of the plant in combination with a model of the control requirements. Subsequently, the controller code can be generated from the supervisor model such that it can be implemented on a programmable logic controller (PLC). In industry, supervisors have to adhere to strict safety standards. To achieve these standards, safety PLCs (SPLCs) are used. For SPLC implementation, the supervisor has to be split into a regular part and a safety part. This paper presents a method to automatically splits a supervisor model for this purpose. To validate the method, a case study on a rotating bridge has been performed. The result is compared to a splitting result made by experts. Furthermore, the supervisor has been implemented to control the real bridge.

Copyright (c) The Authors. This is an open access article under the CC BY-NC-ND license (http://creativecommons.org/licenses/by-nc-nd/4.0)

Due to the large number of sensors and actuators present i d ybe phy i l y t d th g ing fu i lity that h s to b p o id d by th ont l sy t Due to the large number of sensor and actuators p esent n mrn cr-mnrwnnthe deveopm nt of the associatesupervsry controller in modern cyberphysical systems and the growing func h d vep t f th s t up i y tr s itnrvd onrm, tionality that has to be provided by the control system , in mode n cyber-physical systems and the growing funcionality that has to be prvdby the cntrol system, vl mnoiervrnrll ris a laborious and errorprone process. Supervisor synthethe development of the associated supervisory controllers i l b io d p p s S p vi y th the development of the associated supervisory controllers si , introduced in Ramadge and Wonham (1987), enabls rnrrrrnrurvr ne is a laborious and error-prone process . Supervisor synthecontrol designers o utomatically derive a superv or from i i t d d i R dg nd Wo h 1987en bl , nrn amnnm (), nis a labrious and error-prone process. Supervisor synthsis, introduced in Ramadge and Wonham (1987) , enables a dscrete-event model of the uncontroled system (the nrnrmrvervr rm nt l d ig t t mati lly d i sup vi fr sis introduced in Rmadge and Wonham (1987) enables control designers to automatically derive a supervisor from pant)in combinatin wth a model of the control requiredi t ev t d l f th u t ll d y t th pl ire-vnmoennrm (a discretevent model of he uncontrolled system (the control de signers to automaticaly derive a su ervisor rom ments Subsequenly, ths supervisor can be impemened bi ti th d l f th tr qui",wos,llm,0.740,unreviewed,
discarded,RiskStructures: A design algebra for risk-aware machines,"Gleirscher, Mario; Calinescu, Radu; Woodcock, Jim",2021,FORMAL ASPECTS OF COMPUTING,10.1007/s00165-021-00545-4,https://www.webofscience.com/wos/woscc/full-record/WOS:000654819500002,adjacent-subtopic,"Machines, such as mobile robots and delivery drones, incorporate controllers responsible for a task while handling risk (e.g. anticipating and mitigating hazards; preventing and alleviating accidents). We refer to machines with this capability as risk-awaremachines. Risk awareness includes robustness and resilience and complicates monitoring (i.e., introspection, sensing, prediction), decision making, and control. From an engineering perspective, risk awareness adds a range of dependability requirements to system assurance. Such assurance mandates a correct-by-construction approach to controller design, based on mathematical theory.We introduce RiskStructures, an algebraic framework for risk modelling intended to support the design of safety controllers for risk-aware machines. Using the concept of a risk factor as a modelling primitive, this framework provides facilities to construct, examine, and assure these controllers.We prove desirable algebraic properties of these facilities, and demonstrate their applicability by using them to specify key aspects of safety controllers for risk-aware automated driving and collaborative robots.",wos,llm,0.710,unreviewed,
discarded,An STPA-based formal composition framework for trustworthy autonomous maritime systems,"Dghaym, Dana; Thai Son Hoang; Turnock, Stephen R.; Butler, Michael; Downes, Jon; Pritchard, Ben",2021,SAFETY SCIENCE,10.1016/j.ssci.2020.105139,https://www.webofscience.com/wos/woscc/full-record/WOS:000648734200009,adjacent-subtopic,"A key risk with autonomous systems (AS) is the trustworthiness of the decision-making and control mechanisms that replace human control. To be trustworthy, systems need to remain safe while being resilient to unpredictable changes, functional/operational failures and cybersecurity threats. Rigorous validation and verification are essential to ensure trustworthiness of AS. Current engineering practice relies heavily on Verification and Validation (V&V) test-and-fix of system characteristics which is very time-consuming and expensive, limiting the possibilities for exploration of alternatives in system design. Instead, we focus on building a correct-by-construction system. In this paper, we present an approach to identifying and analysing mission requirements for squads of autonomous missions. Clear definition of requirements is an important pre-requisite for mission planning and for V&V of mission management. We use a structured approach to requirements identification and use formal modelling to help remove ambiguities in the requirements and to specify formal properties that should be satisfied by the missions. Our approach use a combination of analysis techniques based on Systems Theoretic Process Analysis (STPA) and formal modelling to generate critical requirements that ensure the safety and security of the system. We also suggest a compositional approach for formal modelling to enhance re-usability and address the complexity of formal modelling. Our approach is being evaluated through consideration of a combined mission of an Unmanned Surface Vehicle (USV) with deployment/recovery of small Unmanned Underwater Vehicles (UUV) within a shipping channel whereby the USV has to safely maintain station for a long period and then proceed to recover the UUV, while maintaining a communication link to an Unmanned Aerial Vehicle (UAV).",wos,llm,0.700,unreviewed,
discarded,A Distributed Framework for Multi-Robot Task Planning with Temporal Logic Specifications,"Yang, Yuanjiang; Yin, Xiang; Li, Shaoyuan",2020,2020 IEEE 16TH INTERNATIONAL CONFERENCE ON CONTROL & AUTOMATION (ICCA),,https://www.webofscience.com/wos/woscc/full-record/WOS:000646357300098,adjacent-subtopic,"In this paper, we investigate fully-automated controller synthesis of coordination strategies for multi-robot warehouse robotic systems. We consider the scenario where a group of automated guided vehicles (AGVs) deliver goods from starting locations to destinations in a grid-abstracted workspace. We propose a distributed framework with prioritized-based coordination strategy to fulfill the entire planning task. Specifically, the task of each AGV is specified by a Linear Temporal Logic (LTL) specification. The local control strategies are obtained by solving the corresponding LTL reactive synthesis problems. In order to avoid conflicts, we use the prioritized-based coordination strategy to guarantee that the overall systems is safe and live, i.e., AGVs will collide with each other and there is no deadlock and livelock. The proposed design methodology is correct-by-construction with the formal guarantee and is amenable to handle temporal tasks in a flexible manner. Furthermore, the proposed framework is distributed; hence computationally more efficient than the centralized approach. Finally, we demonstrate the proposed distributed framework by simulation examples.",wos,llm,0.780,unreviewed,
discarded,GR(1)*: GR(1) specifications extended with existential guarantees,"Amram, Gal; Maoz, Shahar; Pistiner, Or",2021,FORMAL ASPECTS OF COMPUTING,10.1007/s00165-021-00535-6,https://www.webofscience.com/wos/woscc/full-record/WOS:000647546200001,adjacent-subtopic,"Reactive synthesis is an automated procedure to obtain a correct-by-construction reactive system from its temporal logic specification. GR(1) is an expressive assume-guarantee fragment of LTL that enables efficient synthesis and has been recently used in different contexts and application domains. A common form of providing system's requirements is through use cases, which are existential in nature. However, GR(1), as a fragment of LTL, is limited to universal properties. In this paper we introduce GR(1)*, which extends GR(1) with existential guarantees. We show that GR(1)* is strictly more expressive than GR(1) as it enables the expression of guarantees that are inexpressible in LTL. We solve the realizability problem for GR(1)* and present a symbolic strategy construction algorithm for GR(1)* specifications. Importantly, in comparison to GR(1), GR(1)* remains efficient: the time complexity of our realizability checking and synthesis procedures for GR(1)* is identical to the time complexity of the known corresponding procedures for GR(1).",wos,llm,0.800,unreviewed,
kept,An Event-B formal model for a system reconfiguration pattern and its instantiation: application to Web services compensation,"Ait-Ameur, Yamine; Babin, Guillaume; Pantel, Marc",2021,SERVICE ORIENTED COMPUTING AND APPLICATIONS,10.1007/s11761-021-00314-4,https://www.webofscience.com/wos/woscc/full-record/WOS:000646928800001,adjacent-subtopic,"System substitution can be defined as the capability to replace a system by another one that preserves the specification of the original one. It may be used for reconfiguration in various situations like failure management, maintenance or Web services compensation. When substituting a system at runtime, a key requirement is to correctly restore the state of the substituted one. This paper proposes a correct-by-construction generic model for system reconfiguration defined using formal methods, based on a system substitution operator we define. This model provides a formal semantics for Web services compensation seen as a particular case of system substitution. The originality of the proposed approach relies on the fact that it is defined on a family of systems and it provides instantiation mechanisms for particular systems using witnesses. Systems are seen as state transition systems, and the system substitution operation is formalized as a state recovery operation. This proposal is supported by a formal model relying on stepwise refinements and proofs. A generic formal model is developed using Event-B. Specific systems instantiate this generic model using a particular use of refinement based on the definition of witnesses for existential proof obligations. A specific case study, borrowed from an electronic commerce application, is used as a particular instance of the defined generic model.",wos,llm,0.760,unreviewed,
