status,title,authors,year,venue,doi,url,tags,abstract,provider,decision_source,llm_confidence,llm_review_outcome,llm_change_direction
discarded,Organic structure analysis,,1999,Choice Reviews Online,10.5860/choice.36-6288,https://openalex.org/W1516583522,off-topic-false-hit,"CHAPTER 1.USING SPECTROSCOPIC DATA IN ORGANIC STRUCTURE ANALYSIS 1.1 A Glimpse of the Methods in Common Use 1.2 Characteristics of the Methods in Common Use 1.3 Steps in Establishing a Molecular Structure 1.4 Molecular Formula (MF) and Unsaturation Number (UN) 1.5 Substructures, Working Structures, and Final Structures 1.6 Limitations of Spectroscopic Data in Structure Analysis CHAPTER 2. INTRODUCTION TO NUCLEAR MAGNETIC RESONANCE 2.1 A Glimpse of the NMR Phenomenon 2.2 Commonly Studied Nuclei 2.3 Obtaining an NMR Spectrum 2.4 Magnetic Shielding 2.5 Relaxation Effects 2.6 Effect of Relaxation and NOE on Peak Intensities 2.7 Electric Quadrupole Effects 2.8 Measurement and Presentation of Data 2.9 Sample Preparation and Sample Size 2.10 Common Impurities in NMR Spectra 2.11 Other Useful Nuclei CHAPTER 3. INTERPRETATION AND USE OF PROTON AND CARBON CHEMICAL SHIFTS 3.1 A Glimpse of Chemical Shifts and Peak Areas 3.2 Terms and Conventions 3.3 Factors That Determine Chemical Shifts 3.4 Chemical Shift Positions of 'H/'3C Attached to Common Functional Groups 3.5 Chemical Shift Equivalence 3.6 Characteristic Chemical Shifts for Different Protons and Carbons 3.7 Using Databases to Estimate '3C NMR Chemical Shifts 3.8 Making Configurational Assignments Based on Chemical Shifts: Case Examples CHAPTER 4. INTERPRETATION AND USE OF PROTON AND CARBON COUPLING CONSTANTS 4.1 A Glimpse of Coupling Constants 4.2 First-Order Spectra and the n + 1 Rule 4.3 Terms and Conventions 4.4 Common Coupled Spin Systems 4.5 Magnetic Nonequivalence 4.6 Using Coupling Constants to Understand the Appearance of Spectra and Make Assignments 4.7 Coupling Constant Values for Different Carbon and Proton Types 4.8 Using Coupling Constants to Make Configurational Assignments 4.9 Ways to Simplify or Eliminate Coupling Effects 4.10 The Nuclear Overhauser effect 4.11 Additional Ways to Obtain J Values CHAPTER 5. MULTIPLE-PULSE AND MULTIDIMENSIONAL NMR TECHNIQUES 5.1 A Glimpse of Multiple-Pulse NMR Methods 5.2 Elements of Multiple-Pulse NMR 5.3 One-Dimensional NMR Techniques 5.4 Two-Dimensional NMR Techniques 5.5 Using Two-Dimensional NMR in Assigning Spectra 5.6 Using Two-Dimensional NMR Data to Determine an Unknown Structure 5.7 Strategies for Using 2D NMR in Structure Determination 5.8 Use of NOESY and ROESY to Determine Relative Stereochemistry and Conformations 5.9 Specialized Pulse Sequences 5.10 Configurational Analysis Based on Coupling Constants: Experimental Measurement of .3 J[CH 5.11 Computer-Assisted Structure Elucidation 5.12 Future Prospects in Multidimensional NMR CHAPTER 6. MASS SPECTROMETRY: CORE TECHNIQUES AND IONIZATION PROCESSES 6.1 A Glimpse of Mass Spectrometry 6.2 Measurement, Presentation of Data, and Nomenclature 6.3 Isotopes, Atomic Composition, Molecular Formulas, and Ionic Mass: Low and High Resolution and Measurements 6.4 Different Ionization Techniques in Mass Spectrometry 6.5 Different Techniques for Analyzing Ions in Mass Spectrometry 6.6 Detectors in Mass Spectrometry 6.7 Hyphenated Mass Spectrometry 6.8 Tandem Mass Spectrometry 6.9 Future Prospects CHAPTER 7. MASS SPECTROMETRY ANALYSIS OF SMALL AND LARGE MOLECULES 7.1 A Glimpse of Molecular Ions Revisited 7.2 Small-Molecule Mass Spectral Analysis 7.3 Large-Molecule Mass Spectrometry 7.4 Future Prospects CHAPTER 8. FRAGMENTATION PROCESSES IN ELECTRON IONIZATION MASS SPECTROMETRY 8.1 A Glimpse of Fragmentation in Mass Spectrometry 8.2 Interpreting a Low Resolution Electron Ionization Mass Spectrum 8.3 Fragmentation Processes 8.4 Identification of Functionality from Fragmentation Processes 8.5 Schematic Approach for the Interpretation of an EIMS CHAPTER 9. INFRARED SPECTROSCOPY 9.1 A Glimpse of Infrared Spectroscopy 9.2 Measurement and Presentation of Data 9.3 The Fundamentals 9.4 Identifying Functional Groups 9.5 Interpreted Infrared Spectra 9.6 Use of Infrared Databases CHAPTER 10. OPTICAL AND CHIROPTICAL TECHNIQUES: ULTRAVIOLET SPECTROSCOPY 10.1 A Glimpse of Ultraviolet Spectroscopy 10.2 Measurement and Presentation of Data 10.3 The Fundamentals for Interpreting Spectra 10.4 Identifying Functional Groups 10.5 Theoretical Simulations of UV Spectra 10.6 The Behavior of Chiral Chromophores ORD/CD 10.7 The Exciton Chirality Method 10.8 Other Ways to Examine Chiral Chromophores CHAPTER 11. STRATEGIES OF DETERMINING STRUCTURE AND STEREOCHEMISTRY: SPECTROSCOPIC DATA TRANSLATED INTO STRUCTURES 11.1 A Glimpse of the Combined Use of Spectroscopic Data 11.2 The Strategies of Determining Structure and Stereochemistry 11.3 Dereplication Strategies 11.4 Worked Examples of Deriving Structures from Spectroscopic Data CHAPTER 12. PROBLEMS IN ORGANIC STRUCTURE ANALYSIS 12.1 A Glimpse of the Scope of the 51 Unknowns 12.2 Using the Spectra, Accompanying Information, and Other Resources APPENDICES A. COLLECTIONS OF SPECTRA OR DATA TABLES B. SHAPE OF MS CLUSTERS C. CAS REGISTRY NUMBERS FOR UNKNOWNS D. GLOSSARY AND ABBREVIATIONS",openalex,llm,0.990,unreviewed,
kept,An empirical study of software design practices,David N. Card; Victor E. Church; William W. Agresti,1986,IEEE Transactions on Software Engineering,10.1109/tse.1986.6312942,https://openalex.org/W2010536692,adjacent-subtopic,"Results of an empirical study of software design practices in one specific environment are reported. The practices examined affect module size, module strength, data coupling, descendant span, unreferenced variables, and software reuse. Measures characteristic of these practices were extracted from 887 Fortran modules developed for five flight dynamics software projects monitored by the Software Engineering Laboratory. The relationship of these measures to cost and fault rate was analyzed using a contingency table procedure. The results show that some recommended design practices, despite their intuitive appeal, are ineffective in this environment, whereas others are very effective.",openalex,llm,0.740,unreviewed,
discarded,A survey of decision tree classifier methodology,S.R. Safavian; D. A. Landgrebe,1991,IEEE Transactions on Systems Man and Cybernetics,10.1109/21.97458,https://openalex.org/W2125283600,off-topic-false-hit,"A survey is presented of current methods for decision tree classifier (DTC) designs and the various existing issues. After considering potential advantages of DTCs over single-state classifiers, the subjects of tree structure design, feature selection at each internal node, and decision and search strategies are discussed. The relation between decision trees and neutral networks (NN) is also discussed.>",openalex,llm,0.990,unreviewed,
discarded,BEAST 2.5: An advanced software platform for Bayesian evolutionary analysis,Remco Bouckaert; Timothy G. Vaughan; Joëlle Barido‐Sottani; Sebastián Duchêne; Mathieu Fourment; Alexandra Gavryushkina; Joseph Heled; Graham Jones; Denise Kühnert; Nicola De Maio; Michael Matschiner; Fábio K. Mendes; Nicola F. Müller; Huw A. Ogilvie; Louis du Plessis; Alex Popinga; Andrew Rambaut; David A. Rasmussen; Igor Siveroni; Marc A. Suchard; Chieh‐Hsi Wu; Dong Xie; Chi Zhang; Tanja Stadler; Alexei J. Drummond,2019,PLoS Computational Biology,10.1371/journal.pcbi.1006650,https://openalex.org/W2901954177,adjacent-subtopic,"Elaboration of Bayesian phylogenetic inference methods has continued at pace in recent years with major new advances in nearly all aspects of the joint modelling of evolutionary data. It is increasingly appreciated that some evolutionary questions can only be adequately answered by combining evidence from multiple independent sources of data, including genome sequences, sampling dates, phenotypic data, radiocarbon dates, fossil occurrences, and biogeographic range information among others. Including all relevant data into a single joint model is very challenging both conceptually and computationally. Advanced computational software packages that allow robust development of compatible (sub-)models which can be composed into a full model hierarchy have played a key role in these developments. Developing such software frameworks is increasingly a major scientific activity in its own right, and comes with specific challenges, from practical software design, development and engineering challenges to statistical and conceptual modelling challenges. BEAST 2 is one such computational software platform, and was first announced over 4 years ago. Here we describe a series of major new developments in the BEAST 2 core platform and model hierarchy that have occurred since the first release of the software, culminating in the recent 2.5 release.",openalex,llm,0.950,unreviewed,
discarded,An empirical study of the impact of user involvement on system usage and information satisfaction,Jack J. Baroudi; Margrethe H. Olson; Blake Ives,1986,Communications of the ACM,10.1145/5666.5669,https://openalex.org/W2037021532,adjacent-subtopic,"""User involvement"" in information system development is generally considered an important mechanism for improving system quality and ensuring successful system implementation. The common assumption that user involvement leads to system usage and/or information satisfaction is examined in a survey of 200 production managers. Alternative models exploring the causal ordering of the three variables are developed and tested via path analysis. The results demonstrate that user involvement in the development of information systems will enhance both system usage and the user's satisfaction with the system. Further, the study provides evidence that the user's satisfaction with the system will lead to greater system usage.",openalex,llm,0.930,unreviewed,
discarded,Energetic and Electronic Structure Analysis of Intrinsic Defects in SnO2,Kate G. Godinho; Aron Walsh; Graeme W. Watson,2008,The Journal of Physical Chemistry C,10.1021/jp807753t,https://openalex.org/W2133178276,off-topic-false-hit,"Empirically, intrinsic defects in SnO 2 are known to give rise to a net oxygen substoichiometry and n-type conductivity; however, the atomistic nature of the defects is unclear. Through first-principles density functional theory calculations, we present detailed analysis of both the formation energies and electronic properties of the most probable isolated defects and their clustered pairs. While stoichiometric Frenkel and Schottky defects are found to have a high energetic cost, oxygen vacancies, compensated through Sn reduction, are predicted to be the most abundant intrinsic defect under oxygen-poor conditions. These are likely to lead to conductivity through the mobility of electrons from Sn(II) to Sn(IV) sites. The formation of Sn interstitials is found to be higher in energy, under all charge states and chemical environments. Although oxygen interstitials have low formation energies under extreme oxygen-rich conditions, they relax to form peroxide ions (O 2 2− ) with no possible mechanism for p-type conductivity.",openalex,llm,0.990,unreviewed,
discarded,Google’s MapReduce programming model — Revisited,Ralf Lämmel,2007,Science of Computer Programming,10.1016/j.scico.2007.07.001,https://openalex.org/W1967838552,adjacent-subtopic,"Google's MapReduce programming model serves for processing large data sets in a massively parallel manner. We deliver the first rigorous description of the model including its advancement as Google's domain-specific language Sawzall. To this end, we reverse-engineer the seminal papers on MapReduce and Sawzall, and we capture our findings as an executable specification. We also identify and resolve some obscurities in the informal presentation given in the seminal papers. We use typed functional programming (specifically Haskell) as a tool for design recovery and executable specification. Our development comprises three components: (i) the basic program skeleton that underlies MapReduce computations; (ii) the opportunities for parallelism in executing MapReduce computations; (iii) the fundamental characteristics of Sawzall's aggregators as an advancement of the MapReduce approach. Our development does not formalize the more implementational aspects of an actual, distributed execution of MapReduce computations. (C) 2007 Elsevier B.V. All rights reserved.",openalex,llm,0.820,unreviewed,
discarded,Methylprednisolone treatment in acute spinal cord injury: the myth challenged through a structured analysis of published literature,Faisal T. Sayer; Erik Kronvall; Ola Nilsson,2006,The Spine Journal,10.1016/j.spinee.2005.11.001,https://openalex.org/W2123447085,off-topic-false-hit,,openalex,llm,0.990,unreviewed,
kept,Out of Scandinavia: Alternative Approaches to Software Design and System Development,Christine Floyd; Wolf-Michael Mehl; Fanny-Michaela Resin; Gerhard Schmidt; Gregor Wolf,1989,Human-Computer Interaction,10.1207/s15327051hci0404_1,https://openalex.org/W1980813849,adjacent-subtopic,"This study set out to delineate the Scandinavian Approach to the development of computer-based systems. We aimed to help derive new ideas for human-oriented technology design in other countries. The study is based on the relevant literature, scientific contacts, and two field trips, and covers work in Denmark, Norway, and Sweden. The study focuses on methodological questions and their theoretical foundations, on explicit strategies for social implementation, and on innovative design illustrated by reference to concrete projects. Though it makes no claim to present a sociopolitical analysis of Scandinavian technology design, the sociocultural background is given due consideration. There is no general agreement among Scandinavians as to whether or not there is a well-defined Scandinavian Approach. We have come to identify such an approach in certain common features shared by the different schools of thought. These include efforts toward humanization and democratization as overriding design goals, in keeping with the aim of building an egalitarian society. The theoretical foundations for the development of computer-based systems draw on computer science, organization theory, and the humanities. Specifically Scandinavian traditions in computer science provide the technical basis for discussions on work design. The most important schools in Scandinavia are the sociotechnical and the union-oriented collective resource approach, each associated with a distinct strategy for societal implementation. The Scandinavian Approach can be seen as a challenge to other countries, combining as it does technical sophistication with the explicit concern for using computers for the benefit of human beings.",openalex,llm,0.720,unreviewed,
discarded,Measuring Empowerment in Practice: Structuring Analysis and Framing Indicators,Ruth Alsop; Nina Heinsohn,2005,"World Bank, Washington, DC eBooks",10.1596/1813-9450-3510,https://openalex.org/W1606443082,off-topic-false-hit,"This paper presents an analytic framework that can be used to measure and monitor empowerment processes and outcomes. The measuring empowerment (ME) framework, rooted in both conceptual discourse and measurement practice, illustrates how to gather data on empowerment and structure its analysis. The framework can be used to measure empowerment at both the intervention level and the country level, as a part of poverty or governance monitoring. The paper first provides a definition of empowerment and then explains how the concept can be reduced to measurable components. Empowerment is defined as a person's capacity to make effective choices; that is, as the capacity to transform choices into desired actions and outcomes. The extent or degree to which a person is empowered is influenced by personal agency (the capacity to make purposive choice) and opportunity structure (the institutional context in which choice is made). Asset endowments are used as indicators of agency. These assets may be psychological, informational, organizational, material, social, financial, or human. Opportunity structure is measured by the presence and operation of formal and informal institutions, including the laws, regulatory frameworks, and norms governing behavior. Degrees of empowerment are measured by the existence of choice, the use of choice, and the achievement of choice. Following the conceptual discussion and the presentation of the analytic framework, this paper illustrates how the ME framework can be applied, using examples from four developmentinterventions. Each example discusses how the framework guided analysis and development of empowerment indicators. The paper also presents a draft module for measuring empowerment at the country level. The module can be used alone or be integrated into country-level poverty or governance monitoring systems that seek to add an empowerment dimension to their analysis.",openalex,llm,0.990,unreviewed,
discarded,The stochastic approach for link-structure analysis (SALSA) and the TKC effect,Ronny Lempel; Shlomo Moran,2000,Computer Networks,10.1016/s1389-1286(00)00034-7,https://openalex.org/W2089199911,off-topic-false-hit,"Today, when searching for information on the World Wide Web, one usually performs a query through a term-based search engine. These engines return, as the query's result, a list of Web sites whose contents match the query. For broad topic queries, such searches often result in a huge set of retrieved documents, many of which are irrelevant to the user. However, much information is contained in the link-structure of the World Wide Web. Information such as which pages are linked to others can be used to augment search algorithms. In this context, Jon Kleinberg introduced the notion of two distinct types of Web sites: hubs and authorities. Kleinberg argued that hubs and authorities exhibit a mutually reinforcing relationship: a good hub will point to many authorities, and a good authority will be pointed at by many hubs. In light of this, he devised an algorithm aimed at finding authoritative sites. We present SALSA, a new stochastic approach for link structure analysis, which examines random walks on graphs derived from the link structure. We show that both SALSA and Kleinberg's mutual reinforcement approach employ the same meta-algorithm. We then prove that SALSA is equivalent to a weighted in-degree analysis of the link-structure of World Wide Web subgraphs, making it computationally more efficient than the mutual reinforcement approach. We compare the results of applying SALSA to the results derived through kleinberg's approach. These comparisons reveal a topological phenomenon called the TKC effect (Tightly Knit Community) which, in certain cases, prevents the mutual reinforcement approach from identifying meaningful authorities. (C) 2000 Published by Elsevier Science B.V. All rights reserved.",openalex,llm,0.980,unreviewed,
kept,An example of stepwise refinement of distributed programs: quiescence detection,Mani Chandy; Jayadev Misra,1986,ACM Transactions on Programming Languages and Systems,10.1145/5956.5958,https://openalex.org/W2154004999,supports-claim,We propose a methodology for the development of concurrent programs and apply it to an important class of problems: quiescence detection. The methodology is based on a novel view of programs. A key feature of the methodology is the separation of concerns between the core problem to be solved and details of the forms of concurrency employed in the target architecture and programming language. We begin development of concurrent programs by ignoring issues dealing with concurrency and introduce such concerns in manageable doses. The class of problems solved includes termination and deadlock detection.,openalex,llm,0.980,unreviewed,
discarded,A New Algorithm for RNA Secondary Structure Design,Mirela Andronescu; Anthony P. Fejes; Frank Hutter; Holger H. Hoos; Anne Condon,2003,Journal of Molecular Biology,10.1016/j.jmb.2003.12.041,https://openalex.org/W2135373808,off-topic-false-hit,"The function of many RNAs depends crucially on their structure. Therefore, the design of RNA molecules with specific structural properties has many potential applications, e.g. in the context of investigating the function of biological RNAs, of creating new ribozymes, or of designing artificial RNA nanostructures. Here, we present a new algorithm for solving the following RNA secondary structure design problem: given a secondary structure, find an RNA sequence (if any) that is predicted to fold to that structure. Unlike the (pseudoknot-free) secondary structure prediction problem, this problem appears to be hard computationally. Our new algorithm, ""RNA Secondary Structure Designer (RNA-SSD)"", is based on stochastic local search, a prominent general approach for solving hard combinatorial problems. A thorough empirical evaluation on computationally predicted structures of biological sequences and artificially generated RNA structures as well as on empirically modelled structures from the biological literature shows that RNA-SSD substantially outperforms the best known algorithm for this problem, RNAinverse from the Vienna RNA Package. In particular, the new algorithm is able to solve structures, consistently, for which RNAinverse is unable to find solutions. The RNA-SSD software is publically available under the name of RNA Designer at the RNASoft website (www.rnasoft.ca). (C) 2003 Elsevier Ltd. All rights reserved.",openalex,llm,0.980,unreviewed,
