status,title,authors,year,venue,doi,url,tags,abstract,provider,decision_source,llm_confidence,llm_review_outcome,llm_change_direction
kept,Reactive Modules,Rajeev Alur; Thomas A. Henzinger,1999,Formal Methods in System Design,10.1023/a:1008739929481,https://openalex.org/W2912904668,supports-claim,"We present a formal model for concurrent systems. The model represents synchronous and asynchronous components in a uniform framework that supports compositional (assume-guarantee) and hierarchical (stepwise-refinement) design and verification. While synchronous models are based on a notion of atomic computation step, and asynchronous models remove that notion by introducing stuttering, our model is based on a flexible notion of what constitutes a computation step: by applying an abstraction operator to a system, arbitrarily many consecutive steps can be collapsed into a single step. The abstraction operator, which may turn an asynchronous system into a synchronous one, allows us to describe systems at various levels of temporal detail. For describing systems at various levels of spatial detail, we use a hiding operator that may turn a synchronous system into an asynchronous one. We illustrate the model with diverse examples from synchronous circuits, asynchronous shared-memory programs, and synchronous message-passing protocols.",openalex,llm,0.900,unreviewed,
discarded,An effective method for 3D geological modeling with multi-source data integration,Qiang Wu; Hua Xu; Xukai Zou,2004,Computers & Geosciences,10.1016/j.cageo.2004.09.005,https://openalex.org/W1966883898,off-topic-false-hit,,openalex,llm,0.990,unreviewed,
kept,A stepwise refinement heuristic for protocol construction,A. Udaya Shankar; Simon S. Lam,1992,ACM Transactions on Programming Languages and Systems,10.1145/129393.129394,https://openalex.org/W2026356804,supports-claim,"A stepwise refinement heuristic to construct distributed systems is presented. The heuristic is based on a conditional refinement relation between system specifications, and a “Marking”. It is applied to construct four sliding window protocols that provide reliable data transfer over unreliable communication channels. The protocols use modulo- N sequence numbers. The first protocol is for channels that can only lose messages in transit. By refining this protocol, we obtain three protocols for channels that can lose, reorder, and duplicate messages in transit. The protocols herein are less restrictive and easier to implement than sliding window protocols previously studied in the protocol verification literature.",openalex,llm,0.920,unreviewed,
kept,A Stepwise Refinement Heuristic for Protocol Construction,A. Udaya Shankar; Simon S. Lam,1987,,,https://openalex.org/W2914667718,supports-claim,,openalex,llm,0.800,unreviewed,
discarded,Stepwise Refinements of Transitions and Places,I. Suzuki; T. Murata,1982,Informatik-Fachberichte,10.1007/978-3-642-68353-4_23,https://openalex.org/W1524311000,adjacent-subtopic,,openalex,llm,0.950,unreviewed,
kept,Formal models of stepwise refinements of programs,Ali Mili; Jules Desharnais; Jean Raynomd Gagné,1986,ACM Computing Surveys,10.1145/27632.28054,https://openalex.org/W2034529357,supports-claim,"Of the many ways to express program specifications, three of the most common are: as a pair of assertions, an input assertion and an output assertion; as a function mapping legal inputs to correct outputs; or as a relation containing the input/output pairs that are considered correct. The construction of programs consists of mapping a potentially complex specification into a program by recursively decomposing complex specifications into simpler ones. We show how this decomposition takes place in all three modes of specification and draw some conclusions on the nature of programming.",openalex,llm,0.960,unreviewed,
discarded,On Competing Failure Modes in Rolling Contact,T. E. Tallian,1967,A S L E Transactions,10.1080/05698196708972201,https://openalex.org/W2045698422,off-topic-false-hit,"Rolling contact failures are classified according to their failure mode as (a) wear, (b) plastic flow, (c) fatigue, and (d) bulk failures, with the last class arising outside the immediate contact area. The wear failures are subdivided into mild wear by loose particle removal and smearing involving metal transfer. Plastic failures may arise due to overload or to temperature imbalance. Fatigue is of the spalling or the surface distress type. An analysis of the stress conditions in a rolling contact is sketched; the stepwise refinements of the contact model are considered, starting from Hertz theory, and progressively including surface traction, plasticity, elastohydrodynamic lubricant films, surface microtopography, and the inhomogeneities of real metals, Each failure mode is associated with the relevant severity parameters of the contact stress condition, and a description of its mode of formation is given. Guidelines are provided for the identification of that failure mode which, among competing modes, is most likely to render a rolling contact inoperative in a given operating environment.",openalex,llm,0.990,unreviewed,
discarded,Construction and stepwise refinement of dependability models,Cláudia Betous-Almeida; Karama Kanoun,2003,Performance Evaluation,10.1016/j.peva.2003.07.012,https://openalex.org/W2092130739,adjacent-subtopic,,openalex,llm,0.870,unreviewed,
kept,Flowcharting by stepwise refinement,Otto K. Ferstl,1978,ACM SIGPLAN Notices,10.1145/953428.953432,https://openalex.org/W2079833941,supports-claim,"This paper describes a flowchart technique, which supports the method of program development by stepwise refinement.Flowcharts made by this technique have a tree structure, which simplifies program test and coding the chart into a programming language. For design of the overall control structure the basic forms concatenation, selection, repetition and restricted GOTO statements are available.",openalex,llm,0.800,unreviewed,
kept,Stepwise Refinement of Mixed Specifications of Concurrent Programs.,Beverly A. Sanders,1990,,,https://openalex.org/W2913898976,supports-claim,,openalex,llm,0.970,unreviewed,
discarded,"AMD, an Automated Motif Discovery Tool Using Stepwise Refinement of Gapped Consensuses",Jiantao Shi; Wentao Yang; Mingjie Chen; Yanzhi Du; Ji Zhang; Kankan Wang,2011,PLoS ONE,10.1371/journal.pone.0024576,https://openalex.org/W1969490478,off-topic-false-hit,"Motif discovery is essential for deciphering regulatory codes from high throughput genomic data, such as those from ChIP-chip/seq experiments. However, there remains a lack of effective and efficient methods for the identification of long and gapped motifs in many relevant tools reported to date. We describe here an automated tool that allows for de novo discovery of transcription factor binding sites, regardless of whether the motifs are long or short, gapped or contiguous.",openalex,llm,0.990,unreviewed,
kept,Mechanized support for stepwise refinement,Jan L. A. Snepscheut,1994,Lecture notes in computer science,10.1007/3-540-57840-4_23,https://openalex.org/W1789433590,supports-claim,,openalex,llm,0.830,unreviewed,
discarded,Geometric modeling of solid objects by using a face adjacency graph representation,Silvia Ansaldi; Leila De Floriani; Bianca Falcidieno,1985,ACM SIGGRAPH Computer Graphics,10.1145/325165.325218,https://openalex.org/W2092158293,off-topic-false-hit,"A relational graph structure based on a boundary representation of solid objects is described. In this structure, called face adjacency graph, nodes represent object faces, whereas edges and vertices are encoded into arcs and hyperarcs. Based on the face adjacency graph, we define a set of primitive face-oriented Euler operators, and a set of macrooperators for face manipulation, which allow a compact definition and an efficient updating of solid objects. We briefly describe a hierarchical graph structure based on the face adjacency graph, which provides a representation of an object at different levels of detail. Thus it is consistent with the stepwise refinement process through which the object description is produced.",openalex,llm,0.980,unreviewed,
discarded,Geometric modeling of solid objects by using a face adjacency graph representation,Silvia Ansaldi; Leila De Floriani; Bianca Falcidieno,1985,,10.1145/325334.325218,https://openalex.org/W4248080913,off-topic-false-hit,"A relational graph structure based on a boundary representation of solid objects is described. In this structure, called face adjacency graph, nodes represent object faces, whereas edges and vertices are encoded into arcs and hyperarcs. Based on the face adjacency graph, we define a set of primitive face-oriented Euler operators, and a set of macrooperators for face manipulation, which allow a compact definition and an efficient updating of solid objects. We briefly describe a hierarchical graph structure based on the face adjacency graph, which provides a representation of an object at different levels of detail. Thus it is consistent with the stepwise refinement process through which the object description is produced.",openalex,llm,0.980,unreviewed,
discarded,Elements of Distributed Algorithms: Modeling and Analysis with Petri Nets,Wolfgang Reisig,2010,,,https://openalex.org/W1487158608,adjacent-subtopic,,openalex,llm,0.670,unreviewed,
discarded,Introduction to the information system,Francisco Sastrón,1992,,10.1007/978-94-011-2372-3_19,https://openalex.org/W164946527,off-topic-false-hit,,openalex,llm,0.960,unreviewed,
kept,Object-Oriented Specification and Stepwise Refinement,Gunter Saake; Ralf Jungclaus; Hans-Dieter Ehrich,1991,,,https://openalex.org/W1481668421,supports-claim,"A basic concept in object-oriented approaches is the notion of object as integrated unit of structure and behavior. Conceptually, objects are modeled as processes of which certain dynamic characteristics of their internal state can be observed using attributes. Objects are the basic units of design. Systems are composed from objects that interact to provide the desired services. In the semantics domain, concepts related to the object-oriented paradigm like interaction, inheritance and object aggregation can be uniformily modelled by object morphisms. In this paper we introduce the language T ROLL to conceptually specify dynamic information systems. T ROLL supports abstract description of temporal evolvement of objects, classification of objects, complex objects, active objects and specialization hierarchies. Additionally, the integration of concepts like modularization support, and component reusability into the T ROLL framework is briefly discussed. 1 Introduction The modeling of com...",openalex,llm,0.940,unreviewed,
discarded,Stepwise Refinement Short Hashing for Image Retrieval,Yuan Sun; Dezhong Peng; Jian Dai; Zhenwen Ren,2023,,10.1145/3581783.3611864,https://openalex.org/W4387968356,off-topic-false-hit,"Due to significant advantages in terms of storage cost and query speed, hashing learning has attracted much attention for image retrieval. Existing hashing methods often acquiescently use long hash codes to guarantee performance, which greatly limits flexibility and scalability. Nevertheless, short hash codes are more suitable for devices with limited computing resources. When these methods use extremely short hash codes, it is difficult to meet the actual performance demand due to the information loss caused by the avalanche of dimension truncation. To address this issue, we propose a novel stepwise refinement short hashing (SRSH) for image retrieval that extracts critical features from high-dimensional image data to learn high-quality hash codes. Specifically, we propose a three-step coupled refinement strategy to relax a single hash function into three more flexible mapping matrices, such that the hash function can have more flexible to approximate precise hash codes and alleviate the information loss. Then, we adopt pairwise similarity preserving to promote coarse and fine hash codes to inherit intrinsic semantic structure from original data. Extensive experiments demonstrate the superior performance of SRSH on four image datasets.",openalex,llm,0.990,unreviewed,
discarded,Specware: Formal support for composing software,Yellamraju V. Srinivas; Richard Jüllig,1995,Lecture notes in computer science,10.1007/3-540-60117-1_22,https://openalex.org/W1542403019,adjacent-subtopic,,openalex,llm,0.740,unreviewed,
discarded,The assessment of bioaccumulation,Christian Franke; Gabriele Studinger; Georgia Berger; Stella Böhling; Ursula Bruckmann; Dieter Cohors-Fresenborg; Ulrich Jöhncke,1994,Chemosphere,10.1016/0045-6535(94)90281-x,https://openalex.org/W1965190590,off-topic-false-hit,"Bioaccumulation of chemicals in biota may be a prerequisite for adverse effects on ecosystems. Since many of these effects can hardly be substantiated even in chronic laboratory scale ecotoxicity tests (e.g. impact of PCBs on hatching success of eggs, impact of DDE on eggshell thickness of birds or multi-generation effects) bioaccumulation constitutes an ecological risk by itself which has to be considered in an overall risk assessment of a chemical.

A concept of assessing the risk of bioaccumulation is presented which proceeds by a stepwise refinement taking into account physico-chemical data and all available information from bioaccumulation studies as bioconcentration factor (BCF), elimination half-life time (CT50), organ specific bioaccumulation, and bound residues. The proposed classification of bioaccumulation into 4 risk assessment categories does not only consider the BCF, but also the complexity of bioaccumulation processes and may be applied to all organic chemicals under different legislations using the same stringent principles.

Moreover, consideration of the complexity of bioaccumulation will also lead to a better understanding of biomagnification processes, i.e. enrichment of chemicals via food-webs, in ecosystems.",openalex,llm,0.990,unreviewed,
kept,Stepwise refinement revisited,Václav Rajlich,1985,Journal of Systems and Software,10.1016/0164-1212(85)90009-3,https://openalex.org/W1974643683,supports-claim,,openalex,llm,0.990,unreviewed,
kept,Formalization of Incremental Simplex Algorithm by Stepwise Refinement,Mirko Spasić; Filip Marić,2012,Lecture notes in computer science,10.1007/978-3-642-32759-9_35,https://openalex.org/W66322202,supports-claim,,openalex,llm,0.900,unreviewed,
discarded,Modelling processes using a stepwise refinement technique,Jin Sa; Brian Warboys,1994,Lecture notes in computer science,10.1007/3-540-57739-4_7,https://openalex.org/W1882004110,adjacent-subtopic,,openalex,llm,0.830,unreviewed,
kept,Programming in Oberon: Steps Beyond Pascal and Modula,M. Reiser; Niklaus Wirth,1992,,,https://openalex.org/W1516859107,supports-claim,"Why Oberon? A First Oberon Program Tokens and basic types Declarations, expressions and assignments Control structures Procedures and modules Input and output Type declarations, array and record types Dynamic data structures and pointer types Stepwise refinement and data abstraction Type extension and procedure types Object-orientation A simulation package Oberon-2",openalex,llm,0.870,unreviewed,
discarded,An on-line algorithm for constrained Delaunay triangulation,Leila De Floriani; Enrico Puppo,1992,CVGIP Graphical Models and Image Processing,10.1016/1049-9652(92)90076-a,https://openalex.org/W2001351033,off-topic-false-hit,,openalex,llm,0.940,unreviewed,
discarded,Generating benchmarks by random stepwise refinement of Petri nets,K.M. van Hee; Zheng Liu,2012,TU/e Research Portal,,https://openalex.org/W1861255420,adjacent-subtopic,"The quality of algorithms is often determined by benchmarking, i.e., testing the algorithm on a predetermined data set. In contrast to traditional benchmarking, with fixed data set, we present a way to generate random sets of test data. In this paper we present random classes of Petri nets and a method to generate finite samples from such a class. The classes may contain infinitely many Petri nets, each net with its own probability to be generated. This generation method is based on stepwise application of construction rules such as refinement rules. Each random class of Petri nets has a probability distribution for each of its characteristics. We illustrate the approach by estimating this distribution for some simple characteristics.",openalex,llm,0.900,unreviewed,
kept,Stepwise refinement of mixed specifications of concurrent programs,Beverly A. Sanders,1989,Repository for Publications and Research Data (ETH Zurich),10.3929/ethz-a-000523421,https://openalex.org/W1809363765,supports-claim,,openalex,llm,0.920,unreviewed,
kept,Stepwise refinement and concurrency: the finite-state case,E. Pascal Gribomont,1990,Science of Computer Programming,10.1016/0167-6423(90)90020-e,https://openalex.org/W2143334694,supports-claim,,openalex,llm,0.900,unreviewed,
kept,Compound algebraic implementations: An approach to stepwise refinement of software systems,Hartmut Ehrig; Hans‐Jörg Kreowski; B. Mahr; Peter Padawitz,2005,Lecture notes in computer science,10.1007/bfb0022508,https://openalex.org/W1532546381,supports-claim,,openalex,llm,0.880,unreviewed,
kept,Algebraic Specification and Program Development by Stepwise Refinement,Donald Sannella,2000,Lecture notes in computer science,10.1007/10720327_1,https://openalex.org/W1838922104,supports-claim,,openalex,llm,0.930,unreviewed,
kept,Algebraic specification and program development by stepwise refinement,Donald Sannella,1999,,,https://openalex.org/W2787355591,supports-claim,,openalex,llm,0.900,unreviewed,
kept,Construction of network protocols by stepwise refinement,A. Udaya Shankar; Simon S. Lam,1990,Lecture notes in computer science,10.1007/3-540-52559-9_83,https://openalex.org/W1503712571,supports-claim,,openalex,llm,0.950,unreviewed,
kept,"Stepwise Refinement of Distributed Systems: Models, Formalisms, Correctness: REX Workshop, Mook, The Netherlands May 29- June 2, 1989 Proceedings",J. W. de Bakker; Willem P. de Roever; Grzegorz Rozenberg,1990,Lecture notes in computer science,,https://openalex.org/W1550403972,supports-claim,,openalex,llm,0.820,unreviewed,
kept,Simulation program development by stepwise refinement in UNITY,Marc Abrams; Ernest H. Page; Richard E. Nance,1991,,10.5555/304238.304284,https://openalex.org/W2159470837,supports-claim,"Chandy and Misra's UNITY is a computational model and proof system suitable for development of parallel (and distributed) programs through step-wise refinement of specifications. UNITY supports the development of correct programs and the efficient implementation of those programs on parallel computer architectures. This paper assesses the potential of UNITY for simulation model specification and implementation by developing a UNITY specification of the machine interference problem with a patrolling repairman service discipline. The conclusions reached are that the UNITY proof system can assist formal verification of simulation models and the UNITY mappings of programs to various computer architectures offer some potential for assisting the automatic implementation of simulation models on parallel architectures. The paper gives some insights into the relationship of time flow mechanisms, parallel simulation protocols, and target parallel computer architectures. 1 INTRODUCTION The autom...",openalex,llm,0.880,unreviewed,
discarded,Algebraic implementation of abstract data types,Hartmut Ehrig; Hans‐Jörg Kreowski; B. Mahr; Peter Padawitz,1982,Theoretical Computer Science,10.1016/s0304-3975(82)80001-7,https://openalex.org/W1983608286,adjacent-subtopic,,openalex,llm,0.630,unreviewed,
kept,Stepwise refinement process with modularity,Ataru T. Nakagawa; Kokichi Futatsugi,1989,,10.1145/74587.74611,https://openalex.org/W2020672303,supports-claim,"Article Stepwise refinement process with modularity Share on Authors: Ataru T. Nakagawa Electrotechnical Laboratory, l-l-4 Umezono, Tsukuba Science City, Ibaraki 305, JAPAN Electrotechnical Laboratory, l-l-4 Umezono, Tsukuba Science City, Ibaraki 305, JAPANView Profile , Kokichi Futatsugi Electrotechnical Laboratory, l-l-4 Umezono, Tsukuba Science City, Ibaraki 305, JAPAN Electrotechnical Laboratory, l-l-4 Umezono, Tsukuba Science City, Ibaraki 305, JAPANView Profile Authors Info & Claims ICSE '89: Proceedings of the 11th international conference on Software engineeringMay 1989 Pages 166–177https://doi.org/10.1145/74587.74611Online:15 May 1989Publication History 5citation316DownloadsMetricsTotal Citations5Total Downloads316Last 12 Months4Last 6 weeks0 Get Citation AlertsNew Citation Alert added!This alert has been successfully added and will be sent to:You will be notified whenever a record that you have chosen has been cited.To manage your alert preferences, click on the button below.Manage my AlertsNew Citation Alert!Please log in to your account Save to BinderSave to BinderCreate a New BinderNameCancelCreateExport CitationPublisher SiteGet Access",openalex,llm,0.970,unreviewed,
