status,title,authors,year,venue,doi,url,tags,abstract,provider,decision_source,llm_confidence,llm_review_outcome,llm_change_direction
kept,Tool Support for Correctness-by-Construction,Tobias Runge; Ina Schaefer; Loek Cleophas; Thomas Thüm; Derrick G. Kourie; Bruce W. Watson,2019,Lecture notes in computer science,10.1007/978-3-030-16722-6_2,https://openalex.org/W2933445160,supports-claim,"Correctness-by-Construction (CbC) is an approach to incrementally create formally correct programs guided by pre- and postcondition specifications. A program is created using refinement rules that guarantee the resulting implementation is correct with respect to the specification. Although CbC is supposed to lead to code with a low defect rate, it is not prevalent, especially because appropriate tool support is missing. To promote CbC, we provide tool support for CbC-based program development. We present CorC, a graphical and textual IDE to create programs in a simple while-language following the CbC approach. Starting with a specification, our open source tool supports CbC developers in refining a program by a sequence of refinement steps and in verifying the correctness of these refinement steps using the theorem prover KeY. We evaluated the tool with a set of standard examples on CbC where we reveal errors in the provided specification. The evaluation shows that our tool reduces the verification time in comparison to post-hoc verification.",openalex,llm,0.960,unreviewed,
discarded,Correct-by-construction microarchitectural pipelining,"Timothy Kam; Michael Kishinevsky; Jordi Cortadella; Galcerán Oms, Marc",,RECERCAT (Consorci de Serveis Universitaris de Catalunya),,https://openalex.org/W2039217369,off-topic-false-hit,"This paper presents a method for correct-by-construction microarchitectural pipelining that handles cyclic systems with dependencies between iterations. Our method combines previously known bypass and retiming transformations with a few transformations valid only for elastic systems with early evaluation (namely, empty FIFO insertion, FIFO capacity sizing, insertion of anti-tokens, and introducing early evaluation multiplexors). By converting the design to a synchronous elastic form and then applying this extended set of transformations, one can pipeline a functional specification with an automatically generated distributed controller that implements stalling logic resolving data hazards off the critical path of the design. We have developed an interactive toolkit for exploring elastic microarchitectural transformations. The method is illustrated by pipelining a few simple examples of instruction set architecture ISA specifications.",openalex,llm,0.970,unreviewed,
discarded,Why3 — Where Programs Meet Provers,Jean-Christophe Filliâtre; Andrei Paskevich,2013,Lecture notes in computer science,10.1007/978-3-642-37036-6_8,https://openalex.org/W1820726602,adjacent-subtopic,,openalex,llm,0.860,unreviewed,
kept,Specification techniques for data abstractions,Barbara Liskov; Stephen N. Zilles,1975,ACM SIGPLAN Notices,10.1145/390016.808426,https://openalex.org/W2138340202,qualifies-claim,"The main purposes in writing this paper are to discuss the importance of formal specifications and to survey a number of promising specification techniques. The role of formal specifications both in proofs of program correctness, and in programming methodologies leading to programs which are correct by construction, is explained. Some criteria are established for evaluating the practical potential of specification techniques. The importance of providing specifications at the right level of abstraction is discussed, and a particularly interesting class of specification techniques, those used to construct specifications of data abstractions, is identified. A number of specification techniques for describing data abstractions are surveyed and evaluated with respect to the criteria. Finally, directions for future research are indicated.",openalex,llm,0.790,unreviewed,
discarded,A general error-correcting code construction for run-length limited binary channels,P. Lee; J.K. Wolf,1989,IEEE Transactions on Information Theory,10.1109/18.45295,https://openalex.org/W2092534508,off-topic-false-hit,"A general method is presented for constructing a single-error-correcting, run-length-limited code for the class of input-restricted, binary symmetric channels described by the parameters (d,k), where d is the minimum and k the maximum number of consecutive zeros in any allowable channel input sequence. Upper and lower bounds on the rates of these codes are derived.>",openalex,llm,1.000,unreviewed,
discarded,Early validation of system requirements and design through correctness-by-construction,Emmanouela Stachtiari; Anastasia Mavridou; Panagiotis Katsaros; Simon Bliudze; Joseph Sifakis,2018,Journal of Systems and Software,10.1016/j.jss.2018.07.053,https://openalex.org/W2883923596,adjacent-subtopic,"Abstract Early validation of requirements aims to reduce the need for the high-cost validation testing and corrective measures at late development stages. This work introduces a systematic process for the unambiguous specification of system requirements and the guided derivation of formal properties, which should be implied by the system ’s structure and behavior in conjunction with its external stimuli. This rigorous design takes place through the incremental construction of a model using the BIP (Behavior-Interaction-Priorities) component framework. It allows building complex designs by composing simpler reusable designs enforcing given properties. If some properties are neither enforced nor verified, the model is refined or certain requirements are revised. A validated model provides evidence of requirements’ consistency and design correctness. The process is semi-automated through a new tool and existing verification tools. Its effectiveness was evaluated on a set of requirements for the control software of the CubETH nanosatellite and an extract of software requirements for a Low Earth Orbit observation satellite. Our experience and obtained results helped in identifying open challenges for applying the method in industrial context. These challenges concern with the domain knowledge representation, the expressiveness of used specification languages, the library of reusable designs and scalability.",openalex,llm,0.860,unreviewed,
discarded,Correctness by Construction: Integrating Formality into a Commercial Development Process,Anthony Hall,2002,Lecture notes in computer science,10.1007/3-540-45614-7_13,https://openalex.org/W1594158258,adjacent-subtopic,,openalex,llm,0.880,unreviewed,
discarded,Composition for component-based modeling,Gregor Gößler; Joseph Sifakis,2004,Science of Computer Programming,10.1016/j.scico.2004.05.014,https://openalex.org/W2107558091,adjacent-subtopic,"We propose a framework for component-based modeling using an abstract layered model for components. A component is the superposition of two models: a behavior model and an interaction model. Interaction models describe architectural constraints induced by connectors between components.We propose and analyze general requirements for component composition that motivated and guided the development of the framework. We define an associative and commutative composition operator on components encompassing heterogeneous interaction. As a particular instance of the proposed framework, we consider components where behavior models are transition systems and interaction models are described by priority relations on interactions. This leads to a concept of ""flexible"" composition different from usual composition in that it preserves deadlock-freedom and is appropriate for correctness by construction. Nevertheless, flexible composition is a partial operation. Product systems should be interaction safe in the sense that they do not violate constraints of the interaction model.We propose results ensuring correctness by construction of a system from properties of its interaction model and of its components. The properties considered include global deadlock-freedom, individual deadlock-freedom of components, and interaction safety.",openalex,llm,0.850,unreviewed,
kept,The Refinement Calculus,Jim Woodcock,1991,,,https://openalex.org/W1577494498,supports-claim,,openalex,llm,0.980,unreviewed,
discarded,A correct-by-construction model for asynchronously communicating systems,Zoubeyr Farah; Yamine Aït-Ameur; Meriem Ouederni; Kamel Tari,2016,International Journal on Software Tools for Technology Transfer,10.1007/s10009-016-0421-6,https://openalex.org/W2340110730,adjacent-subtopic,"The design and verification of distributed software systems is often hindered by their ever-increasing complexity and their asynchronous operational semantics. This article considers choreography specifications for distributed systems to reduce that complexity. We use labelled state-transitions systems as ground model for both choreographies and the corresponding distributed systems. Based on Event-B method, we propose a stepwise correct-by-construction model to build asynchronous distributed systems which a priori realise their choreographies. We rely on a sufficient and necessary realisability condition and we apply several refinement steps w.r.t. that condition to generate the distributed peers. The first refinement returns peer behaviours obtained by synchronous projection. The previously computed system is then refined into its asynchronous version using unbounded FIFO buffers. We prove, thanks to invariant preservation, that a sequence of exchanged messages is preserved at each refinement step. We provide a formalised proof of a realisability algorithm for deterministic choreographies. Besides that, our contribution is twofold: the approach is a priori and the problackposed solution scales up to any number of peers communicating with each other.",openalex,llm,0.870,unreviewed,
discarded,Correct-by-Construction Model Transformations from Partially Ordered Specifications in Coq,Iman Poernomo; Jeffrey Terrell,2010,Lecture notes in computer science,10.1007/978-3-642-16901-4_6,https://openalex.org/W1517809527,adjacent-subtopic,,openalex,llm,0.860,unreviewed,
kept,Adding specification constructors to the refinement calculus,Nigel Ward,1993,Queensland's institutional digital repository (The University of Queensland),,https://openalex.org/W2918975021,supports-claim,,openalex,llm,0.960,unreviewed,
discarded,Applying Data Refinement for Monadic Programs to Hopcroft’s Algorithm,Peter Lammich; Thomas Tuerk,2012,Lecture notes in computer science,10.1007/978-3-642-32347-8_12,https://openalex.org/W77329694,adjacent-subtopic,,openalex,llm,0.890,unreviewed,
kept,Refining interval temporal logic specifications,Antonio Cau; Hussein Zedan,1997,Lecture notes in computer science,10.1007/3-540-63010-4_6,https://openalex.org/W2097838240,supports-claim,,openalex,llm,0.880,unreviewed,
kept,Superposition refinement of reactive systems,R. J. R. Back; Kaisa Sere,1996,Formal Aspects of Computing,10.1007/bf01214918,https://openalex.org/W2037704142,supports-claim,"Abstract Superposition refinement enhances an algorithm by superposing one computation mechanism onto another mechanism, in a way that preserves the behavior of the original mechanism. Superposition seems to be particularly well suited to the development of parallel and distributed programs: an originally simple sequential algorithm can be extended with mechanisms that distribute control and state information to many processes, thus permitting efficient parallel execution of the algorithm. We will show in this paper how superposition of reactive systems is expressed in the refinement calculus. We illustrate the power of this method by a case study, showing how a distributed broadcasting system is derived through a sequence of superposition refinements.",openalex,llm,0.970,unreviewed,
kept,Procedures and Recursion in the Refinement Calculus,Ana Cavalcanti; Augusto Sampaio; Jim Woodcock,1998,Journal of the Brazilian Computer Society,10.1590/s0104-65001998000200002,https://openalex.org/W2133130611,supports-claim,"Morgan's approach to program development is a refinement calculus: using this method, programs are developed from specifications through the successive application of refinement laws. This programming technique has been widely accepted, but it has been shown that Morgan's approach to procedures and parameters has an inconsistency. Back presents an alternative formalisation of procedures and parameters which is consistent, but does not propose any refinement law. In this paper, we present refinement laws that allow the development of (possibly parametrised and recursive) procedures in the style of Morgan, and derive these laws based on Back's formalism. Some of the refinement laws we present have a counterpart in Morgan's calculus, but some are new laws that support his approach to the development of recursive procedures",openalex,llm,0.980,unreviewed,
discarded,Boundary Conditions for Displacement Experiments through Short Laboratory Soil Columns,Martinus Th. van Genuchten; Jack Parker,1984,Soil Science Society of America Journal,10.2136/sssaj1984.03615995004800040002x,https://openalex.org/W1965523982,off-topic-false-hit,"Abstract This paper presents a discussion of the physical and mathematical significance of various boundary conditions applicable to one‐dimensional solute transport through relatively short laboratory soil columns. Based on mass balance considerations, it is shown that a first‐type or concentration‐type condition at the inlet boundary incorrectly predicts the volume‐averaged or resident concentration inside both semi‐infinite and finite systems. A third‐type or flux‐type inlet boundary condition preserves mass in semi‐infinite systems, but underpredicts effluent concentrations from finite columns unless a local transformation is used to convert volume‐averaged concentrations into flux‐averaged concentrations. This transformation leads to an expression for the effluent concentration that is identical to the solution for the semi‐infinite system using a concentration‐type boundary condition. For column Peclet numbers greater than about five, the resulting analytical expression for the effluent curve is shown to be nearly identical to the analytical solution for a finite system based on a flux‐type inlet boundary condition and a zero‐concentration gradient at the exit boundary. Both solutions correctly preserve mass in the system; other solutions of the convective‐dispersive transport equation are shown to be inappropriate for analyzing column effluent data.",openalex,llm,1.000,unreviewed,
discarded,On Components with Explicit Protocols Satisfying a Notion of Correctness by Construction,Andrés Farı́as; Mario Südholt,2002,Lecture notes in computer science,10.1007/3-540-36124-3_64,https://openalex.org/W2106150661,adjacent-subtopic,,openalex,llm,0.770,unreviewed,
discarded,Narcissus: correct-by-construction derivation of decoders and encoders from binary formats,Benjamin Delaware; Sorawit Suriyakarn; Clément Pit-Claudel; Qianchuan Ye; Adam Chlipala,2019,Proceedings of the ACM on Programming Languages,10.1145/3341686,https://openalex.org/W2966873892,adjacent-subtopic,"It is a neat result from functional programming that libraries of parser combinators can support rapid construction of decoders for quite a range of formats. With a little more work, the same combinator program can denote both a decoder and an encoder. Unfortunately, the real world is full of gnarly formats, as with the packet formats that make up the standard Internet protocol stack. Most past parser-combinator approaches cannot handle these formats, and the few exceptions require redundancy – one part of the natural grammar needs to be hand-translated into hints in multiple parts of a parser program. We show how to recover very natural and nonredundant format specifications, covering all popular network packet formats and generating both decoders and encoders automatically. The catch is that we use the Coq proof assistant to derive both kinds of artifacts using tactics, automatically, in a way that guarantees that they form inverses of each other. We used our approach to reimplement packet processing for a full Internet protocol stack, inserting our replacement into the OCaml-based MirageOS unikernel, resulting in minimal performance degradation.",openalex,llm,0.950,unreviewed,
discarded,Programming with angelic nondeterminism,Rastislav Bodík; Satish Chandra; Joel Galenson; Doug Kimelman; Nicholas Tung; Shaon Barman; Casey Rodarmor,2010,,10.1145/1706299.1706339,https://openalex.org/W2130371489,adjacent-subtopic,"Angelic nondeterminism can play an important role in program development. It simplifies specifications, for example in deriving programs with a refinement calculus; it is the formal basis of regular expressions; and Floyd relied on it to concisely express backtracking algorithms such as N-queens.",openalex,llm,0.770,unreviewed,
kept,Reasoning about pointers in refinement calculus,Ralph-johan Back; Xiaocong Fan; Viorel Preoteasa,2003,,,https://openalex.org/W2097031842,supports-claim,"Pointers are an important programming concept. They are used explicitely or implicitly in many programming languages. In particular, the semantics of object-oriented programming languages rely on pointers. We introduce a semantics for pointer structures. Pointers are seen as indexes and pointer fields are functions from these indexes to values. Using this semantics we turn all pointer operations into simple assignments and then we use refinement calculus techniques to construct a pointer-manipulating program that checks whether or not a single linked list has a loop. We also introduce an induction principle on pointer structures in order to reduce complexity of the proofs. 1.",openalex,llm,0.960,unreviewed,
kept,Correctness-by-Construction,Tabea Bordis; Tobias Runge; Alexander Kittelmann; Ina Schaefer,2023,ACM SIGAda Ada Letters,10.1145/3591335.3591343,https://openalex.org/W4362639232,qualifies-claim,"Correctness-by-Construction (CbC) is an incremental software development technique in the field of formal methods to create functionally correct programs guided by a specification. In contrast to post-hoc verification, where the specification and verification take part after implementing a program, with CbC the specification is defined first, and then the program is successively created using a small set of refinement rules that define side conditions preserving the correctness of the program. This specification-first, refinement-based approach as pursued by CbC has the advantage that errors are likely to be detected earlier in the design process and can be tracked more easily. Even though the idea of CbC emerged over 40 years ago, CbC is not widespread and is mostly used to create small algorithms.We believe in the idea of CbC and envision a scaled CbC approach that contributes to solving problems of modern software verification. In this short paper, we give an overview of our research regarding CbC in four different lines of research. For all of them, we provide tool support for building the CorC ecosystem that even further enables CbC-based development for different fields of application and size of software systems. Furthermore, we give an outlook on future work that extends on our concepts for CbC.",openalex,llm,0.950,unreviewed,
discarded,A study of the fragile base class problem,Leonid Mikhajlov; Emil Sekerinski,1998,Lecture notes in computer science,10.1007/bfb0054099,https://openalex.org/W2131890917,adjacent-subtopic,,openalex,llm,0.810,unreviewed,
discarded,"Secure Microkernels, State Monads and Scalable Refinement",David Cock; Gerwin Klein; Thomas Sewell,2008,Lecture notes in computer science,10.1007/978-3-540-71067-7_16,https://openalex.org/W2146530476,adjacent-subtopic,,openalex,llm,0.790,unreviewed,
kept,Correct by Construction Networks Using Stepwise Refinement,Leonid Ryzhyk; Nikolaj Bjørner; Marco Canini; Jean-Baptiste Jeannin; Cole Schlesinger; Douglas B. Terry; George Varghese,2017,King Abdullah University of Science and Technology Repository (King Abdullah University of Science and Technology),,https://openalex.org/W2604667416,supports-claim,"Building software-defined network controllers is an exercise in software development and, as such, likely to introduce bugs. We present Cocoon, a framework for SDN development that facilitates both the design and verification of complex networks using stepwise refinement to move from a high-level specification to the final network implementation. \n \nA Cocoon user specifies intermediate design levels in a hierarchical design process that delineates the modularity in complicated network forwarding and makes verification extremely efficient. For example, an enterprise network, equipped with VLANs, ACLs, and Level 2 and Level 3 Routing, can be decomposed cleanly into abstractions for each mechanism, and the resulting stepwise verification is over 200x faster than verifying the final implementation. Cocoon further separates static network design from its dynamically changing configuration. The former is verified at design time, while the latter is checked at run time using statically defined invariants. We present six different SDN use cases including B4 and F10. Our performance evaluation demonstrates that Cocoon is not only faster than existing verification tools but can also find many bugs statically before the network design has been fully specified.",openalex,llm,0.920,unreviewed,
