status,title,authors,year,venue,doi,url,tags,abstract,provider,decision_source,llm_confidence,llm_review_outcome,llm_change_direction
Every single transformation of the visual specification can be captured by the notion of refinement used in formal methods. In this work we present the technique that supports a stepwise refinement of visual specifications based on calculations. We use refinement calculus as a logic for reasoning about refinement correctness. When a design decision is made by the modeler, the necessary adjustments are calculated based on rules of refinement propagation. Refinement propagation can automate the specification adjustment and enforce its correctness.",wos,llm,0.920,unreviewed,
discarded,Towards model-driven unit testing,"Engels, Gregor; Gueldali, Baris; Lohmann, Marc",2007,MODELS IN SOFTWARE ENGINEERING,,https://www.webofscience.com/wos/woscc/full-record/WOS:000244510700023,adjacent-subtopic,"The Model-Driven Architecture (MDA) approach for constructing software systems advocates a stepwise refinement and transformation process starting from high-level models to concrete program code. In contrast to numerous research efforts that try to generate executable function code from models, we propose a novel approach termed model-driven monitoring. On the model level the behavior of an operation is specified with a pair of UML composite structure diagrams (visual contract), a visual notation for pre- and post-conditions. The specified behavior is implemented by a programmer manually. An automatic translation from our visual contracts to JML assertions allows for monitoring the hand-coded programs during their execution. In this paper(1) we present how we extend our approach to allow for model-driven unit testing, where we utilize the generated JML assertions as test oracles. Further, we present an idea how to generate sufficient test cases from our visual contracts with the help of model-checking techniques.",wos,llm,0.850,unreviewed,
kept,A refinement method for Java programs,"Grandy, Holger; Stenzel, Kurt; Reif, Wolfgang",2007,"FORMAL METHODS FOR OPEN OBJECT-BASED DISTRIBUTED SYSTEMS, PROCEEDINGS",,https://www.webofscience.com/wos/woscc/full-record/WOS:000247344200014,supports-claim,"We present a refinement method for Java programs which is motivated by the challenge of verifying security protocol implementations. The method can be used for stepwise refinement of abstract specifications down to the level of code running in the real application. The approach is based on a calculus for the verification of Java programs for the concrete level and Abstract State Machines for the abstract level. In this paper we illustrate our method by the verification of a M-Commerce application for buying movie tickets using a mobile phone written in J2ME. For verification we use KIV, our interactive theorem prover [1].",wos,llm,0.970,unreviewed,
discarded,LEGO robot programming exercise support for problem solving learning with game strategy planning tools,"Tominaga, Hiroyuki; Onishi, Yohei; Hayashi, Toshihiro; Yamasaki, Toshinori",2007,"DIGITEL 2007: THE FIRST IEEE INTERNATIONAL WORKSHOP ON DIGITAL GAME AND INTELLIGENT TOY ENHANCED LEARNING, PROCEEDINGS",,https://www.webofscience.com/wos/woscc/full-record/WOS:000245857400011,adjacent-subtopic,"In an introduction to C programming exercise, it is important for college students to promote their interest and motivation. The goal of programming exercise is to obtain the skill for problem solving by algorithmic thinking and program implementation. A teacher must give them attractive and concrete subjects. Robot contest and group collaboration is one of the suitable styles for the purpose. We propose a game programming exercise using a simple robot kit LEGO Mindstorms. We are developing support environment GoalPost. In this paper, we introduce a framework of group programming exercise as a competition event with game-like problems for LEGO robot. Students learn to design their game strategy and realize it as an effective program. We discuss the four support levels of strategy design based on stepwise refinement. We offer support tools corresponding to visual representation product for each level. The aim of our research is to improve applicative ability and challenging activity of students through group works for the goal.",wos,llm,0.800,unreviewed,
discarded,Roles of Variables in Teaching,"Sorva, Juha; Karavirta, Ville; Korhonen, Ari",2007,JOURNAL OF INFORMATION TECHNOLOGY EDUCATION-RESEARCH,,https://www.webofscience.com/wos/woscc/full-record/WOS:000210172900026,off-topic-false-hit,"Expert programmers possess schemas, abstractions of concrete experiences, which help them solve programming problems and lessen the load on their working memory during problem solving. Possession of schemas is a key difference between novices and experts, which is why instructors need to help students construct them. One recent tool for facilitating schema formation in introductory programming are roles of variables, which represent stereotypes of variable use in computer programs (Sajaniemi, 2002). For instance, a variable with the role STEPPER is assigned values in a systematic and predictable order (e.g. ascending integers 0, 1, 2,), whereas a FIXED VALUE is a variable whose value does not change. Roles of variables embody expert programmers' tacit knowledge on variable usage patterns, which can be made explicit and taught to novice programmers. A small set of roles covers the vast majority of variable use in introductory-level programs. Prior results obtained through analysis of examination results and observation of students suggest that using roles of variables in introductory programming education can increase students' skills in comprehending and constructing programs (Byckling & Sajaniemi, 2006; Sajaniemi & Kuittinen, 2005). Little has been published about the experiences of teachers in higher education who have adopted roles in their programming courses, or about the methods of instruction that can be used to introduce roles. The main research questions in this paper are: how can instructors benefit from roles of variables while creating and maintaining their teaching materials, and what kind of influence does roles-based instruction have on teaching and learning in general?

In this paper, we present the experiences of two programming teachers, who have adopted roles of variables into their courses. In one of the two courses, a very casual 'lightweight' approach to introducing roles of variables to students was used. In the other course, somewhat more effort was spent on introducing roles to students. We discuss the changes made to our courses, describe the effects that the process had on our teaching methods and materials, and suggest new ideas on how to make use of roles of variables in pedagogy. Using feedback questionnaires and analyses of examination answers, we also explore what impact roles of variables had on our students.

From a teachers' point of view, we found roles of variables to be very useful. Roles are concrete and easily linked to code. They help with teaching stepwise refinement of program designs, and can be taught in introductory courses naturally alongside other variable-related concepts, such as type and scope. Roles provided us with new ways to assess and improve our teaching materials and methods.

Our assessment of the impact of roles of variables on CS1 students is in agreement with earlier findings and suggests that roles-based instruction can improve students' programming knowledge, perhaps especially with program comprehension tasks. Not all students involved in our experiment found roles useful for learning programming, however, and our results indicate that more than a lightweight introduction to roles is needed in order for students to adopt them into active use. We conclude that roles of variables are a very promising pedagogical tool for introductory programming teachers.",wos,llm,0.990,unreviewed,
discarded,Workflow modeling and verifying based on refinement operation,"Yan, Chungang; Ding, Zhijun; Shi, Youqun; Jiang, Changjun",2006,DYNAMICS OF CONTINUOUS DISCRETE AND IMPULSIVE SYSTEMS-SERIES B-APPLICATIONS & ALGORITHMS,,https://www.webofscience.com/wos/woscc/full-record/WOS:000243508600053,adjacent-subtopic,"Refinement operation of workflow net is provided in this paper for modeling and analyzing complex workflow. Firstly, a series of concepts are defined for formalizing the refinement operation of workflow net. Then the structure, behavior and dynamic properties preservation of the refinement operation are studied. These works prove that a reliable refined workflow net preserves not only properties such as soundness, but also dynamic behavior, that is, behavior of the refined net is consistent with of original net and subnet. Moreover based on behavior preservation, the net language of refined net can be resolved by the language of the original net and subnet, which can reduce complexity of model analysis. Finally, the usability of the research results presented in this paper is illustrated by an example.",wos,llm,0.900,unreviewed,
kept,Timed Weak Simulation Verification and its application to Stepwise Refinement of Real-Time Software,"Yamane, Satoshi",2006,INTERNATIONAL JOURNAL OF COMPUTER SCIENCE AND NETWORK SECURITY,,https://www.webofscience.com/wos/woscc/full-record/WOS:000216948100015,supports-claim,"Real-time software runs over real-time operating systems, and guaranteeing qualities are difficult. In this paper, we propose timed weak simulation relation verification and apply it to a refinement design method of real-time software. Moreover, we apply our proposed method to general real-time software scheduled by fixed-priority preemptive policy.",wos,llm,0.910,unreviewed,
kept,A Functional Programming Framework for Latency Insensitive Protocol Validation,"Suhaib, Syed; Mathaikutty, Deepak; Shukla, Sandeep; Berner, David; Talpin, Jean-Pierre",2006,ELECTRONIC NOTES IN THEORETICAL COMPUTER SCIENCE,10.1016/j.entcs.2005.05.041,https://www.webofscience.com/wos/woscc/full-record/WOS:000214140800010,supports-claim,"Latency insensitive protocols (LIPs) have been proposed as a viable means to connect synchronous IP blocks via long interconnects in a system-on-chip. The reason why one needs to implement LIPs on long interconnects stems from the fact that with increasing clock frequencies, the signal delay on some interconnects exceeds the clock period. Correctness of a system composed of synchronous blocks communicating via LIPs is established by showing latency equivalence between a completely synchronous composition of the blocks, and the LIP based composition. A design flow based on a synchronous composition specification, and stepwise refinement to LIP composition can be easily conceived, and a proof obligation to show latency equivalence between the synchronous specification and the refinement needs to be discharged. In this work, we propose a functional programming based framework for modeling and simulating LIP, and implement the semantics of various refinement steps in the programming model, so we can validate the LIP model against the original system within this functional programming framework. Such validation becomes easier due to the inherent denotational model of functional languages. We specifically use Standard ML to model the original system implementation as well as its latency insensitive version and compare the two by creating a model that contains both, giving them the same inputs and checking their outputs to be latency equivalent.",wos,llm,0.900,unreviewed,
kept,Rigorous development of fault-tolerant agent systems,"Laibinis, Linas; Troubitsyna, Elena; Iliasov, Alexei; Romanovsky, Alexander",2006,RIGOROUS DEVELOPMENT OF COMPLEX FAULT-TOLERANT SYSTEMS,,https://www.webofscience.com/wos/woscc/full-record/WOS:000244663400013,supports-claim,"Agent systems are examples of complex distributed systems. Though agents operate in unreliable communication environment, often such systems have high reliability requirements imposed on them. Therefore, we need methods which allow us not only to ensure system correctness but also to integrate design of fault tolerance mechanisms in the development process. In this paper we present a formal approach for the development of fault tolerant location-based mobile agent systems. Our approach is based on stepwise refinement in the Event B framework. We start from an abstract system specification modelling agents together with their communication environment and gradually introduce implementation details in a number of correctness-preserving transformations. Such stepwise development allows us to specify complex system properties, such as fault tolerance, in a structured and rigorous way. Moreover, it enables a formal representation of essential abstractions used in the development of fault tolerant agent systems, including scopes, roles, locations, and agents. Application of the proposed approach results in designing fault tolerant agent systems in which inter-consistency and inter-operability of agents is ensured by construction.",wos,llm,0.960,unreviewed,
discarded,Walking trajectory planning based on basic action element and the application in the central-position turning robot,Yang Huai-qing; Jin Lan,2006,Proceedings of 2006 Chinese Control and Decision Conference,,https://www.webofscience.com/wos/woscc/full-record/WOS:000244066100358,off-topic-false-hit,"It brings a series of practice walking actions orderly on the basis of space level action element planning, using multi-process, respective segment with parallel stepwise refinement, the model of kinematics and dynamics, under the direction of trajectory planning algorithm. It not only improves system effect of task achieving exceedingly, but also could syncretize es-central decision and action comprehension together with help of other modules. With the aid of sensor, distilling and studying environmental character, one of the current robot application problems-the emergency management in unknown environment could be solved.",wos,llm,0.980,unreviewed,
kept,Stepwise development of secure systems,"Santen, Thomas",2006,"COMPUTER SAFETY, RELIABILITY, AND SECURITY, PROCEEDINGS",,https://www.webofscience.com/wos/woscc/full-record/WOS:000241623700011,supports-claim,"System development by stepwise refinement is a well-established method in classical software engineering. We discuss how this method can be adapted to systematically incorporate security issues, in particular, confidentiality into the software construction process. Starting with an abstract system model that precisely captures the relevant confidentiality requirements, subsequent refinements produce models which introduce more detail or relax assumptions on the environment. For each refinement, changing adversary capabilities must be captured and their compatibility with the given confidentiality requirements must be established. In this context, security, and dependability in general, are existential properties: The existence of a secure implementation must be kept invariant during the development process. This considerably adds to the complexity of a development.",wos,llm,0.990,unreviewed,
discarded,Probabilistic automatic red eye detection and correction,"Willamowski, Jutta; Csurka, Gabriela",2006,"18TH INTERNATIONAL CONFERENCE ON PATTERN RECOGNITION, VOL 3, PROCEEDINGS",,https://www.webofscience.com/wos/woscc/full-record/WOS:000240705600183,off-topic-false-hit,In this paper we propose a new probabilistic approach to red eye detection and correction. It is based on stepwise refinement of a pixel-wise red eye probability map. Red eye detection starts with a fast non red eye region rejection step. A classification step then adjusts the probabilities attributed to the detected red eye candidates. The correction step finally applies a soft red eye correction based on the resulting probability map. The proposed approach is fast and allows achieving an excellent correction of strong red eyes while producing a still significant correction of weaker red eyes.,wos,llm,0.990,unreviewed,
discarded,An interface algebra for real-time components,"Henzinger, Thomas A.; Matic, Slobodan",2006,PROCEEDINGS OF THE 12TH IEEE REAL-TIME AND EMBEDDED TECHNOLOGY AND APPLICATIONS SYMPOSIUM,,https://www.webofscience.com/wos/woscc/full-record/WOS:000237203800024,adjacent-subtopic,"We present an assume-guarantee interface algebra for real-time components. In our formalism a component implements a set of task sequences that share a resource. A component interface consists of an arrival rate function and a latency for each task sequence, and a capacity function for the shared resource. The interface specifies that the component guarantees certain task latencies depending on assumptions about task arrival rates and allocated resource capacities. Our algebra defines compatibility and refinement relations on interfaces. Interface compatibility can be checked on partial designs, even when some component interfaces are yet unknown. In this case interface composition computes as new assumptions the weakest constraints on the unknown components that are necessary to satisfy the specified guarantees. Interface refinement is defined in a way that ensures that compatible interfaces can be refined and implemented independently. Our algebra thus formalizes an interface-based design methodology that supports both the incremental addition of new components and the independent stepwise refinement of existing components. We demonstrate the flexibility and efficiency of the framework through simulation experiments.",wos,llm,0.880,unreviewed,
discarded,Feature point set image matching algorithm for satellite attitude determination,"Cai, Xiaodong; Ye, Peijian",2006,"ISSCAA 2006: 1ST INTERNATIONAL SYMPOSIUM ON SYSTEMS AND CONTROL IN AEROSPACE AND ASTRONAUTICS, VOLS 1AND 2",,https://www.webofscience.com/wos/woscc/full-record/WOS:000237415000044,off-topic-false-hit,"This paper constructs a template for description of global image feature by integrating matching methods of grayscale and geometry feature, selecting feature point set depending on partial texture energy distribution and utilizing geometrical constraints among points. The matching between real-time image and reference image is realized through stepwise refinement method. The first step is a coarse search by feature point set matching. Fine registrations include cluster analysis and close object matching. Compared with traditional image matching algorithm, feature point set algorithm can improve matching speed and closed object matching can meet the precision requirement. Its practicability has been proved by simulated experiments.",wos,llm,0.990,unreviewed,
discarded,Modeling and construction of web services security,"Wang, LG; Lee, L",2006,"EC2ND 2005, PROCEEDINGS",,https://www.webofscience.com/wos/woscc/full-record/WOS:000236886600027,adjacent-subtopic,"In the paper we present a model and a construction mechanism of web service security. The model defines a set of security properties of web services including secure message, secure communication, security policy, and secure service federation in terms of abstract concepts. The construction mechanism then shows how these generic high-level conceptual models can be translated into abstract implementations through stepwise refinement.",wos,llm,0.900,unreviewed,
discarded,Model-driven monitoring: An application of graph transformation for design by contract,"Engels, Gregor; Lohmann, Marc; Sauer, Stefan; Heckel, Reiko",2006,"GRAPH TRANSFORMATIONS, PROCEEDINGS",,https://www.webofscience.com/wos/woscc/full-record/WOS:000241436800024,adjacent-subtopic,"The model-driven development (MDD) approach for constructing software systems advocates a stepwise refinement and transformation process starting from high-level models to concrete program code. In contrast to numerous research efforts that try to generate executable function code from models, we propose a novel approach termed model-driven monitoring. Here, models are used to specify minimal requirements and are transformed into assertions on the code level for monitoring hand-coded programs during execution.

We show how well-understood results from the graph transformation community can be deployed to support this model-driven monitoring approach. In particular, models in the form of visual contracts are defined by graph transitions with loose semantics, while the automatic transformation from models to JML assertions on the code level is defined by strict graph transformation rules. Both aspects are supported and realized by a dedicated Eclipse plug-in.",wos,llm,0.840,unreviewed,
