status,title,authors,year,venue,doi,url,tags,abstract,provider,decision_source,llm_confidence,llm_review_outcome,llm_change_direction
kept,Generality in design and compositional verification usingTav,Anders B�rjesson; Kim G. Larsen; Arne Skou,1995,Formal Methods in System Design,10.1007/bf01384499,https://openalex.org/W2003908699,supports-claim,"It is a well recognised fact that design errors in parallel systems are often hard to identify-due to their non-deterministic nature. It is therefore important that designs are analysed before the implementation phase begins. Even small parallel systems often have an intrinsic structure which is hard to fully understand, and the support of automated tools is therefore indispensable. In order to be of any practical use, the computations of such tools must be (polynomially) effective in terms of the system size, and furthermore it must be possible to reason about the system in terms of the properties of its (parallel) components-in order to avoid state-space explosion. Finally, the well-established stepwise refinement design strategy must be supported.

The tools of the TAV-system fulfil the above requirements, and in this paper we present its features by analysing a simple transmission protocol. The cornerstone of the system is the theory of modal transition systems, which allows for efficient decidability, stepwise refinement, and compositionality. The theory also supports a unique feature of TAV, namely the ability to provide explanations in case of design errors.",openalex,llm,0.910,unreviewed,
kept,Stepwise refinement of control software — A case study using RAISE,François Erasmy; Emil Sekerinski,1994,Lecture notes in computer science,10.1007/3-540-58555-9_115,https://openalex.org/W1859521678,supports-claim,,openalex,llm,0.950,unreviewed,
discarded,THE INFLUENCE OF LARGE PARTICLES AND AGGLOMERATES ON THE MAGNETOVISCOUS EFFECT IN FERROFLUIDS,Stefan Odenbach; K. Raj,2000,,,https://openalex.org/W2185360858,off-topic-false-hit,"Investigations were made to prove the influence of large particles and agglomerates on the magnetic field induced changes of viscosity in suspensions of magnetic nanoparticles. Magnetic liquids from one production batch were subjected to a stepwise refinement process providing samples with different agglomerate content. From magnetic field dependent rheological properties, a clear relation between magnetoviscous effects and the content of large particles and particle agglomerates was obtained.",openalex,llm,0.990,unreviewed,
discarded,Phase transitions in stochastic self-organizing maps,Thore Graepel; Matthias Burger; Klaus Obermayer,1997,"Physical review. E, Statistical physics, plasmas, fluids, and related interdisciplinary topics",10.1103/physreve.56.3876,https://openalex.org/W2052702017,off-topic-false-hit,"We describe the development of neighborhood-preserving stochastic maps in terms of a probabilistic clustering problem. Starting from a cost function for central clustering that incorporates distortions from channel noise, we derive a soft topographic vector quantization algorithm (STVQ) which is based on the maximum entropy principle, and which maximizes the corresponding likelihood in an expectation-maximization fashion. Among other algorithms, a probabilistic version of Kohonen's self-organizing map (SOM) is derived from STVQ as a computationally efficient approximation of the $E$ step. The foundation of STVQ in statistical physics motivates a deterministic annealing scheme in the temperature parameter $\ensuremath{\beta}$, and leads to a robust minimization algorithm of the clustering cost function. In particular, this scheme offers an alternative to the common stepwise shrinking of the neighborhood width in the SOM, and makes it possible to use its neighborhood function solely to encode the desired neighborhood relations between the clusters. The annealing in $\ensuremath{\beta}$, which corresponds to a stepwise refinement of the resolution of representation in data space, leads to the splitting of an existing cluster representation during the ``cooling'' process. We describe this phase transition in terms of the covariance matrix C of the data and the transition matrix H of the channel noise, and calculate the critical temperatures and modes as functions of the eigenvalues and eigenvectors of C and H. The analysis is extended to the phenomenon of the automatic selection of feature dimensions in dimension-reducing maps, thus leading to a ``batch'' alternative to the Fokker-Planck formalism for on-line learning. The results provide insights into the relation between the width of the neighborhood and the temperature parameter $\ensuremath{\beta}$: It is shown that the phase transition which leads to the representation of the excess dimensions can be triggered not only by a change in the statistics of the input data but also by an increase of $\ensuremath{\beta}$, which corresponds to a decrease in noise level. The theoretical results are validated by numerical methods. In particular, a quantity equivalent to the heat capacity in thermodynamics is introduced to visualize the properties of the annealing process.",openalex,llm,0.980,unreviewed,
kept,System-level communication modeling for network-on-chip synthesis,Andreas Gerstlauer; Dongwan Shin; Rainer Dömer; Daniel D. Gajski,2005,,10.1145/1120725.1120740,https://openalex.org/W2106476884,supports-claim,"As we are entering the network-on-chip era and system communication is becoming a dominating factor, communication abstraction and synthesis are becoming the integral part of system design flows. The key to the success of any design flow are well-defined abstraction levels and models, which enable automation of early validation, synthesis and verification. In this paper, we define system communication abstraction layers and corresponding design models that support successive, stepwise refinement from abstract message-passing down to a cycle-accurate, bus-functional implementation. Experimental results show the benefits of our definitions and design flow.",openalex,llm,0.890,unreviewed,
kept,An analysis of Pascal programs in compiler writing,Masaaki Shimasaki; Shigeru Fukaya; Katsuo Ikeda; Takeshi Kiyono,1980,Software Practice and Experience,10.1002/spe.4380100206,https://openalex.org/W2067761071,supports-claim,"Abstract A method and results of static and dynamic analysis of Pascal programs are described. In order to investigate characteristics of large systems programs developed by the stepwise refinement programming approach and written in Pascal, several Pascal compilers written in Pascal were analysed from both static and dynamic points of view. As a main conclusion, procedures play an important role in the stepwise refinement approach and implementors of a compiler and designers of high level language machines for Pascal‐like languages should pay careful attention to this point. The set data structure is one of the characteristics of the Pascal language and statistics of set operations are also described.",openalex,llm,0.960,unreviewed,
kept,"Specification, proof, and model checking of the Mondex electronic purse using RAISE",Chris George; Anne E. Haxthausen,2007,Formal Aspects of Computing,10.1007/s00165-007-0054-3,https://openalex.org/W2121277374,supports-claim,"Abstract This paper describes how the communication protocol of Mondex electronic purses can be specified and verified against desired security properties. The specification is developed by stepwise refinement using the RAISE formal specification language, RSL, and the proofs are made by translation to PVS and SAL. The work is part of a year-long project contributing to the international grand challenge in verified software engineering.",openalex,llm,0.910,unreviewed,
discarded,Modeling of reconfigurable manufacturing systems based on colored timed object-oriented Petri nets,Xiuli Meng,2010,Journal of Manufacturing Systems,10.1016/j.jmsy.2010.11.002,https://openalex.org/W2009016637,adjacent-subtopic,,openalex,llm,0.780,unreviewed,
kept,Performance-driven stepwise refinement of component-based architectures,Lucia Kapová; Barbora Bühnová,2010,,10.1145/1858263.1858269,https://openalex.org/W2047320323,supports-claim,"Detailed models of component-based software architectures are crucial for the accurate evaluation and prediction of systems quality attributes (e.g., performance) during early development stages. Ideally, the increased complexity of such models should not incur additional modelling effort for developers. Specific incremental model refinements called completions provide a systematic approach to reduce the modelling effort. Completions transparently integrate low-level details that affect system's quality (e.g. performance impact of middleware configuration) into component-based architectural models, using model-to-model transformations. When multiple completions are to be applied, the necessary model transformations are executed in a chain. In such scenarios, conflicts between different completions are likely. In current practice, the conflicts are supposed to be resolved by software architects, who decide on the suitable transformation order manually. However, this approach is time-consuming, can be error-prone, and is likely to result in suboptimal designs. In this paper, we aim to automate the resolution of conflicts. We define a technique to identify and resolve possible conflicts. The technique locally optimises the completions order, based on its validity and quality attributes semantics. We validate our approach by applying it to an architecture model of a component-based business information system and analyse the impact of different completions orders and the complexity of possible conflicts.",openalex,llm,0.830,unreviewed,
kept,Stepwise Refinement: A Pragmatic Approach for Modeling Web Applications.,Amy C. Spellmann; Richard L. Gimarc,2002,Int. CMG Conference,,https://openalex.org/W170793609,supports-claim,,openalex,llm,0.840,unreviewed,
kept,Stepwise refinement of formal specifications based on logical formulae,Giovanna Di Marzo Serugendo,1999,,10.5075/epfl-thesis-1931,https://openalex.org/W1485995104,supports-claim,"One of the steps making it possible to increase the quality and the reliability of the software executing on distributed systems consists of the use of methods of software engineering that are known as formal. The majority of the formal methods currently existing correspond in fact more to formal specifications languages than to methods themselves. This is due to the fact that the two fundamental aspects which are: the logic of use of the language and the coverage of the software life cycle are not, for the majority, defined. The development by stepwise refinement is one of the means making it possible to define these two aspects. This thesis aims to the definition of the concepts of refinement and implementation of model-oriented formal specifications. It brings a methodological base making it possible to use such a specifications language during a development by stepwise refinements and during the implementation stage. This thesis defines, initially, a theoretical framework for the refinement and the implementation of formal specifications. The main idea consists in associating a contract with each specification. A contract explicitly represents the whole of the properties of the specification which it is necessary to preserve at the time of a refinement of this specification. To show that a concrete specification refines some abstract specification, it is then a matter of showing that the contract of the concrete specification is sufficient to ensure the properties corresponding to the contract of the abstract specification. The second part of this thesis consists in applying this theoretical framework in the context of the CO-OPN/2 language. CO-OPN/2 is an object-oriented formal specifications language founded on algebraic specifications and Petri nets. Thus, definitions of the concepts of contracts, refinement and implementation are proposed for this language. The contracts are expressed using the Hennessy-Milner temporal logic (HML). This logic is used in the theory of test provided with language CO-OPN/2. Thus, the verification of the contractual properties, as well as the verification of the stages of refinement are facilitated. Refinement and implementation are controlled semantically by the satisfaction of the contracts; syntactically, a renaming is authorised. We specifically study the implementation using the Java programming language. We show how to specify classes of the Java programming language using language CO-OPN/2, so that the last stage of the process of refinement leads to a specification entirely built using CO-OPN/2 components specifying Java classes. The stage of implementation in the Java language itself is thus facilitated. The third part of this thesis shows how it is possible to practically verify that a CO-OPN/2 specification satisfies its own contract, that a stage of refinement is correctly carried out, and finally that the stage of implementation is correctly performed. These verifications are carried out using the theory of the test provided with language CO-OPN/2. Finally, the last part of this thesis illustrates the cogency of this approach by applying it to a complete and detailed case study. A distributed Java application is developped according to the method introduced for the CO-OPN/2 language. Refinement is guided mainly by the satisfaction of functional requirements and by constraints of design integrating the concept of client/server architecture. Lastly, the stages chosen in the refinement process of this development make it possible to study aspects specific to distributed applications, and to propose generic schemas for the design of such applications.",openalex,llm,0.950,unreviewed,
kept,Protocol conversion—correctness problems,Simon S. Lam,1986,,10.1145/18172.18175,https://openalex.org/W4235507021,supports-claim,"Consider the problem of providing a logical channel for message exchange between two user processes in a network environment. When is protocol conversion needed? To answer this question, we first define a model of layered architectures. Specifically, three stepwise refinement rules are given. Any architecture that can be obtained by a sequence of applications of the stepwise refinement rules is said to be well-structured. We show that this class of well-structured architectures has several correctness properties. It is also very general and includes many well-known networking and internetworking architectures in the literature. Logical connectivity in such an architecture is defined recursively. As a result, to determine if a logical channel can be provided between two user processes, it is sufficient to examine peer protocols specified for each level of the architecture's hierarchy of processes one at a time. Thus the original problem reduces to the problem of determining if a set of processes will interoperate.",openalex,llm,0.900,unreviewed,
kept,Protocol conversion—correctness problems,Simon S. Lam,1986,ACM SIGCOMM Computer Communication Review,10.1145/1013812.18175,https://openalex.org/W2050350052,supports-claim,"Consider the problem of providing a logical channel for message exchange between two user processes in a network environment. When is protocol conversion needed? To answer this question, we first define a model of layered architectures. Specifically, three stepwise refinement rules are given. Any architecture that can be obtained by a sequence of applications of the stepwise refinement rules is said to be well-structured. We show that this class of well-structured architectures has several correctness properties. It is also very general and includes many well-known networking and internetworking architectures in the literature. Logical connectivity in such an architecture is defined recursively. As a result, to determine if a logical channel can be provided between two user processes, it is sufficient to examine peer protocols specified for each level of the architecture's hierarchy of processes one at a time. Thus the original problem reduces to the problem of determining if a set of processes will interoperate. When protocol conversion is needed to achieve interoperability between processes that implement different protocols, how should it be done? How does one prove that a conversion is correct? What is meant by a correct conversion? We propose the use of projections and image protocols (previously developed by Lam and Shankar for protocol verification [10]) for specifying conversions and for reasoning about the correctness of conversions. Given two processes implementing different protocols P and Q, our objective is to find the largest protocol that is an image protocol of P as well as Q. The correctness of the conversion is a consequence of the correctness properties of image protocols. There are several open problems. Most importantly, heuristics are used for finding the necessary image protocol for conversion. Although, an image protocol common to both P and Q can always be found, it may not be easy to find one with useful functionality. There are also some implementation and design issues to be addressed, such as: the construction of converters that are transparent and converters that add functionality to an image protocol common to P and Q.",openalex,llm,0.900,unreviewed,
kept,Towards Model-Driven Unit Testing,Gregor Engels; Bariş Güldali; Marc Lohmann,2006,,,https://openalex.org/W2000679388,adjacent-subtopic,"The Model-Driven Architecture (MDA) approach for constructing software systems advocates a stepwise refinement and transformation process starting from high-level models to concrete program code. In contrast to numerous research e#orts that try to generate executable function code from models, we propose a novel approach termed model-driven monitoring. On the model level the behavior of an operation is specified with a pair of UML composite structure diagrams (visual contract), a visual notation for pre- and post-conditions. The specified behavior is implemented by a programmer manually. An automatic translation from our visual contracts to JML assertions allows for monitoring the hand-coded programs during their execution. In this paper",openalex,llm,0.760,unreviewed,
discarded,Towards Model-Driven Unit Testing,Gregor Engels; Bariş Güldali; Marc Lohmann,2007,Lecture notes in computer science,10.1007/978-3-540-69489-2_23,https://openalex.org/W4250169038,adjacent-subtopic,,openalex,llm,0.680,unreviewed,
kept,Achieving Information Flow Security through Precise Control of Effects,William L. Harrison; James Hook,2005,,10.1109/csfw.2005.6,https://openalex.org/W2166775407,supports-claim,"This paper advocates a novel approach to the construction of secure software: controlling information flow and maintaining integrity via monadic encapsulation of effects. This approach is constructive, relying on properties of monads and monad transformers to build, verify, and extend secure software systems. We illustrate this approach by construction of abstract operating systems called separation kernels. Starting from a mathematical model of shared-state concurrency based on monads of resumptions and state, we outline the development by stepwise refinements of separation kernels supporting Unix-like system calls, interdomain communication, and a formally verified security policy (domain separation). Because monads may be easily and safely represented within any pure, higher-order, typed functional language, the resulting system models may be directly realized within a language such as Haskell.",openalex,llm,0.900,unreviewed,
discarded,Deriving very efficient algorithms for evaluating linear recurrence relations using the program transformation technique,Alberto Pettorossi; R. M. Burstall,1982,Acta Informatica,10.1007/bf00264438,https://openalex.org/W1964937498,adjacent-subtopic,,openalex,llm,0.740,unreviewed,
kept,Design and Verification of Systems with Exogenous Coordination Using Vereofy,Christel Baier; Tobias Blechmann; Joachim Klein; Sascha Klüppelholz; Wolfgang Leister,2010,Lecture notes in computer science,10.1007/978-3-642-16561-0_15,https://openalex.org/W1556837901,supports-claim,"The feasibility of formal methods for the analysis of complex systems crucially depends on a modeling framework that supports compositional design, stepwise refinement and abstractions. An important feature is the clear separation of coordination and computation which permits to apply various verification techniques for the computation performed by components and interactions as well as dependencies between the components. We report here on a model-checking approach using the tool Vereofy that is based on an exogenous coordination model, where the components are represented by their behavioral interfaces. Vereofy supports the verification of the components and their communication structure. Our approach is illustrated by means of a case study with a sensor network where Vereofy has been used to establish several properties of the sensor nodes and their routing procedures.",openalex,llm,0.840,unreviewed,
