status,title,authors,year,venue,doi,url,tags,abstract,provider,decision_source,llm_confidence,llm_review_outcome,llm_change_direction
discarded,Extracting Metasystem: A Novel Paradigm to Perceive Complex Systems,"Li, Xue; Cui, Ying'an",2026,BIG DATA AND COGNITIVE COMPUTING,10.3390/bdcc10010036,https://www.webofscience.com/wos/woscc/full-record/WOS:001670679500001,adjacent-subtopic,"Abundant evidence shows that there is a core component within a complex system, referred to as the metasystem, that fundamentally shapes the structural and dynamical characteristics of a complex system. The limitations of existing techniques for analyzing complex systems have made it increasingly desirable to extract metasystems for modeling, measuring, and analyzing complex phenomena. However, the methods of extracting metasystems are still in their infancy with various shortcomings. Here, we propose a universal framework based on divide and conquer to extract fine-grained metasystems. The method comprises three stages performed in sequence: partitioning, sampling, and optimizing. It can decompose a complex system into interconnected metasystem and non-metasystem components, providing a lightweight perspective for studying complex systems: essential insights can be gained by merely examining the internal mechanisms of each component and their interaction patterns.",wos,llm,0.840,unreviewed,
discarded,In and outside the spotlight: Nanomedicine in the treatment of osteoporosis,"Qu, Hao; Luan, Wenkang; He, Yu; Chen, Ying",2025,JOURNAL OF INTERNATIONAL MEDICAL RESEARCH,10.1177/03000605251391597,https://www.webofscience.com/wos/woscc/full-record/WOS:001636225000001,off-topic-false-hit,"Osteoporosis, a high-incidence chronic disease, is known to cause physical pain, even leading to disability of patients, and creates a vast social burden. To improve the shortcomings of the current clinical osteoporosis treatment drugs, several studies have designed a multitude of nanomedicines to optimize traditional drugs based on the TOP-DOWN design. Fascinating nanomedicine designs are breathing vitality into traditional osteoporosis drugs. However, considering the unique pathological characteristics of osteoporosis and clinical treatment needs, we should also pay attention to the problems outside the spotlight. Here, we reviewed the current clinical osteoporosis treatment drugs, summarized their limitations, and generalized the nanomedicines designed based on the TOP-DOWN strategy for the mentioned deficiencies. In addition, we explored the issues outside the spotlight of the nanomedicine design for the treatment of osteoporosis because of the gap between laboratory design strategy and clinical demands and then determined the rational design of nanomedicines for osteoporosis.",wos,llm,0.960,unreviewed,
discarded,Spaces of Radical Possibility: Designing for and from Intersectionality,"Ziaee, Armaghan",2024,TRENDS IN HIGHER EDUCATION,10.3390/higheredu3040065,https://www.webofscience.com/wos/woscc/full-record/WOS:001543898900001,off-topic-false-hit,"This study examines the crucial role architecture plays in fostering inclusive and equitable experiences on college campuses, focusing on how physical spaces communicate implicit messages of access and belonging. Drawing on interdisciplinary feminist spatial justice frameworks and intersectional analysis, the research critiques traditional top-down design practices that may overlook the identity-based needs of diverse users. Through a case study approach, the paper highlights the disconnect between architectural intentions and lived experiences, illustrating how design choices can unintentionally reinforce social hierarchies. The study advocates for participatory architectural approaches that prioritize the voices and experiences of campus community members, promoting radical inclusivity in the design process. This research contributes to the ongoing discourse on integrating feminist and intersectional approaches into architectural education and practice, emphasizing the importance of creating more just and inclusive spaces.",wos,llm,0.970,unreviewed,
discarded,Advancing Mechanical Computing: Modular Design and Multi-Dimensional Signal Transmission,"Zou, Bihui; Liu, Zhipeng; Ding, Qinyun; Zhong, Dijia; Wang, Yuhao; Zhang, Jingjing; Ju, Jaehyung",2025,ADVANCED MATERIALS TECHNOLOGIES,10.1002/admt.202401979,https://www.webofscience.com/wos/woscc/full-record/WOS:001400650900001,adjacent-subtopic,"Mechanical computing, while not poised to replace electronic computing, presents a complementary solution in areas where electronic systems face challenges like high power consumption and environmental vulnerability. Despite the inherent limitations of mechanical systems in speed, size, and functional scalability, their unique 2D and 3D geometries offer multi-dimensional signal transmission and non-volatile logic computing, potentially enhancing computational density. However, a lack of advanced modular design strategies for complex systems has hindered progress in mechanical computing. This study introduces a top-down design approach to non-volatile logic mechanical computing using multi-output logic gates designed with square lattices and bistable beams, addressing functional scalability through a modular design that facilitates the assembly of mechanical circuits. This innovation not only enhances computational density but also reduces system size, offering new avenues for research in fields like soft robotics and active metamaterials, and setting the stage for advances in mechanical computing systems.",wos,llm,0.900,unreviewed,
discarded,Single image deraining via wide rectangular regional blocks and dual attention complementary enhancement network,"Shen, Yue; Zhang, Yuduo; Li, Wentao; Qin, Changjie; Huang, Yongdong",2024,SCIENTIFIC REPORTS,10.1038/s41598-024-70329-2,https://www.webofscience.com/wos/woscc/full-record/WOS:001296167300021,off-topic-false-hit,"Rain is a common weather phenomenon, and the challenge of removing rain streaks from a single image is crucial due to its detrimental impact on image quality and the extraction of valuable background information. Existing methods commonly rely on specific assumptions regarding rain models, which restricts their ability to accommodate a wide range of real-world scenarios. To overcome this limitation, these methods often require complex optimization techniques or stepwise refinement strategies. In this paper, we propose a novel wide rectangular regional block and dual attention complementary enhancement deraining kernel prediction subnet to meet the challenge. The network called WRRDANet consists of a kernel prediction subnet and pixel-wise dilation filtering. In the kernel prediction subnet, we capture more specific contextual background information and complex pixel-wise kernels. Afterward, the learned pixel-wise multi-scale kernels from the kernel prediction subnet are used to perform dilation filtering on the original rainy image, effectively restoring richer background details by expanding the scope of deraining to a larger extent. We conducted a comprehensive evaluation using synthetic and real rainfall datasets to demonstrate the effectiveness of our approach. The results, both qualitatively and quantitatively, indicate that our approach outperforms other popular rain removal methods.",wos,llm,0.980,unreviewed,
discarded,On the derivation of inequality constraints for independent component optimization maintaining a minimum system eigenfrequency,"Frank, Jintin; Zimmermann, Markus",2023,JOURNAL OF SOUND AND VIBRATION,10.1016/j.jsv.2023.117892,https://www.webofscience.com/wos/woscc/full-record/WOS:001045174100001,adjacent-subtopic,"The lowest eigenfrequency of a structure depends on the local distributions of stiffness and inertia. When components of a structural system are designed separately, which is typical, e.g., in the aerospace industry, design targets for stiffness and mass of components support independent design work: they can be chosen such that realizing them ensures a minimum system eigenfrequency. However, meeting design targets exactly may be difficult, e.g., due to unforeseen restrictions such as requirements from other disciplines or limitations with respect to manufacturing. This paper uses Rayleigh's Quotient to derive inequality constraints as limits on the spatial distributions of stiffness and mass, rather than target distributions without tolerance. They serve as component requirements with design freedom and help to decompose the system for independent design. A general formulation based on limit functionals for deformation energy and kinetic energy is proposed for arbitrary structures. For the special case of simply connected systems with rigid interfaces between components and mass-less support elements, limit functionals for support stiffness can be expressed using limit stiffness matrices. A particular choice for them is motivated assuming rigid body motion of the main body. This is then relaxed to produce limit stiffness matrices for arbitrary deformable main bodies. The approach is applied to the structural design of a space payload instrument, the ATHENA Wide Field Imager, enabling independent mass optimization of the so-called primary structure and the support elements. The resulting total mass is 7% larger than the one obtained by monolithic optimization. This could be further reduced to 3% by appropriately adjusting the requirements.",wos,llm,0.870,unreviewed,
discarded,Progress on nanorobots for targeted drug delivery systems,"Zhang, Ying; Zhou, Chen; Bai, Chunli",2022,CHINESE SCIENCE BULLETIN-CHINESE,10.1360/TB-2021-1112,https://www.webofscience.com/wos/woscc/full-record/WOS:000794337900004,off-topic-false-hit,"Nanorobots are artificial intelligence systems that simulate the construction of biological nanomachines and important biological events in the life process. They move autonomously in the biological medium by taking advantage of various forms of energy around and interacting with cells or tissues. They are nanomachines with sizes ranging from 1 to 100 nm. The nanorobots targeting drug delivery systems are a multi-interdisciplinary subject intersected by nano-science, biomedicine, and mechanical engineering. Due to their small size. autonomous movement, and precise control, nanorobots show great potential in biomedical fields such as precision therapy and nano-diagnosis. Nanorobots of small size are capable of moving into the deep area of the narrow-body tissues. Different from the nanodrugs delivered through the blood circulation system passively, nanorobots show their advantages in the autonomous movement towards targeted cells or tissues in various bio-mediums by being propelled by surrounding chemical/biochemical energy, external fields, or motile cells/microorganisms. Nanorobots research on targeted drug delivery aims to deliver the drug to the pathogen cells without affecting healthy cells. which improves drug efficacy and minimizes side effects. The study of nanorobots is a pioneering research field and their application in targeted drug delivery is supposed to promote the development of clinical medicine.

In this review, we first retrospect the development of nanorobots for targeted drug delivery systems. Three key technological stages that promote the development of targeted drug delivery from the proposed concept to the demonstration are introduced. They are PEGylation, enhanced permeation and retention effect. and nanorobots technology. We then classify nanorobots into the following three types based on their materials. which are cell/microorganism type, artificial material type, and their combinations. Various fabrication methods of nanorobots that follow the bottom-up and top-down design principles are also presented in the classification part. The sustainable and reliable propulsion of nanorobots is an essential prerequisite for successful targeted drug delivery in a biological environment. The common power sources can be divided into chemical/biochemical energy, exogenous energy (magnetic fields, electric field, light, and ultra-sound), and bioenergy from motile cells or microorganisms. We review recent progress regarding nanorobots propelled by different energy and their application in vitro and in vivo targeted drug delivery. The mechanisms, merits, and limitations of each propulsion are also discussed in this part. At the end of the review, the key research challenges and directions of nanorobots are given. In order to meet the practical needs of biomedical applications, nanorobots still face many challenges in biosafety, actuation, in vivo navigation, in vivo safety, and other aspects. Considerable studies are based on in vitro experiments and in vivo experiments of animals. Due to the limitations of current biological imaging technologies and location tracking technologies, it is difficult to achieve precise control and positioning of nanorobots deep into human organs and tissues. Particular emphasis should be placed on the evaluation of biological safety, autonomous navigation, and precise manipulation in the complex bio-environment, visualization, and tracking of nanorobots. It should be noted that current research of nanorobots in targeted drug delivery is still in its infancy, it needs rigorous verification before the realization of nanorobots in human bodies.",wos,llm,0.970,unreviewed,
discarded,Forming Cityscapes Small Interventions and Appropriations in the City,"Kong, Gideon; Yeo, Jamie",2020,"HARD STATE, SOFT CITY OF SINGAPORE",10.5117/9789463729505_CH05,https://www.webofscience.com/wos/woscc/full-record/WOS:000653436900006,off-topic-false-hit,"This chapter presents a photographic documentation project with a particular interest in everyday city life in Singapore. As a theoretical reflection on the project, we examine the interrelationships between the project and related ideas across urban studies, photography and design, while positioning it as a form of 'artistic research'. Selected photographic findings from Forming Cityscapes are presented alongside a critical discussion on creative forms of appropriation that indirectly critique 'top-down' design implementations and suggest other micro-possibilities through actual use. With this, an imaginative representation of Singapore's cityscape is represented through (1) our creative practice, and (2) photographic findings of creative practices found in the city.",wos,llm,0.990,unreviewed,
discarded,"On-Site Participation for Proto-Architectural Assemblies Encompassing Technology and Human Improvisation: ""Fish Trap"" and ""Orchid"" Architectural Interventions","Bus, Peter; Wu, Shi-Yen; Tartar, Ayca",2020,COMPLEXITY,10.1155/2020/4505064,https://www.webofscience.com/wos/woscc/full-record/WOS:000533295100006,off-topic-false-hit,"This research investigates the notion of builders' on-site engagement to physically build architectural interventions based on their demands, spatial requirements, and collaborative improvisation enhanced with the principles of uniqueness and bespoke solutions which are previously explored in computational models. The paper compares and discusses two physical installations as proto-architectural assemblies testing two different designs and building approaches: the top-down predefined designers' scenario contrary to bottom-up unpredictable improvisation. It encompasses a building strategy based on the discrete precut components assembled by builders themselves in situ. The paper evaluates both strategies in a qualitative observation and comparison defining advantages and limitations of the top-down design strategy in comparison with the decentralised bottom-up building system built by the builders themselves. As such, it outlines the position of a designer within the bottom-up building processes on-site. The paper argues that improvisation and builders' direct engagement on-site lead to solutions that better reflect human needs and low-tech building principles incorporated can deliver unpredictable but convenient spatial scenarios.",wos,llm,0.990,unreviewed,
discarded,Designing photonic topological insulators with quantum-spin-Hall edge states using topology optimization,"Christiansen, Rasmus E.; Wang, Fengwen; Sigmund, Ole; Stobbe, Soren",2019,NANOPHOTONICS,10.1515/nanoph-2019-0057,https://www.webofscience.com/wos/woscc/full-record/WOS:000476635800007,off-topic-false-hit,"Designing photonic topological insulators (PTIs) is highly non-trivial because it requires inversion of band symmetries around the band gap, which was so far done using intuition combined with meticulous trial and error. Here we take a completely different approach: we consider the design of PTIs as an inverse design problem and use topology optimization to maximize the transmission through an edge mode past a sharp bend. Two design domains composed of two different but initially identical C-6v -symmetric unit cells define the geometrical design problem. Remarkably, the optimization results in a PTI reminiscent of the shrink-and-grow approach to quantum-spin-Hall PTIs but with notable differences in the crystal structure as well as qualitatively different band structures and with significantly improved performance as gauged by the band-gap sizes, which are at least 50% larger than in previous designs. Furthermore, we find a directional beta-factor exceeding 99% and very low losses for sharp bends. Our approach allows the introduction of fabrication limitations by design and opens an avenue towards designing PTIs with hitherto-unexplored symmetry constraints.",wos,llm,0.990,unreviewed,
discarded,"FROM IDEALISM TO THE REALITY: A HISTORICAL REFLECTION ON THE ""FALL"" OF ""2011 PLAN""","Zhu, Peng; Hu, Moda; Tang, Xinya; Pan, Lin",2017,ADVED 2017: 3RD INTERNATIONAL CONFERENCE ON ADVANCES IN EDUCATION AND SOCIAL SCIENCE,,https://www.webofscience.com/wos/woscc/full-record/WOS:000431839500081,off-topic-false-hit,"The ""2011 Plan"" is the first major reform project in higher education launched by the Chinese government in the 21st century. It is also the third strategic project in the field of education following ""211 Project"" and ""985 Project"" since the reform and opening up in 1978. In the hope of promoting the collaborative innovation among universities, research institutes, enterprises, local authorities and foreign research institutions to settle the strategic issues urgently needed by the country, forward-looking problems of scientific and technological cutting-edge areas and major public welfare affairs, the government has determined to implement the plan, trying to support the socioeconomic development transformation in an effective way. But the plan failed to achieve the success as what ""211 Project"" and ""985 Project"" could, only three years to be abolished. Because of the lack of official explanations and little discussion and research in the academic community, it was generally believed that the ""fall"" of the ""2011 Plan"" was attributed to the change in leadership of the Chinese government. In fact, the fatal flaws in the top-down design of the ""2011 Plan"" is the main cause of the failure. First, the objectives of the policy, being too utilitarian, deviated from the basic law of higher education development. Second, the mechanically copied organization model found difficulties getting practical collaboration. Third, unrealistic and anxious in the implementations, the operation once again fell into the trap of ""movement-style cooperation"". Last but not least, the rectifying mechanism was incomplete, constantly amplifying the institutional malpractice. After two unsuccessful attempts, the Chinese government couldn't but return to the reality from idealism abandoning the ""2011 Plan"" and starting the ""Double First-rate"" program, carried out the connotation construction of universities down to earth, striving to improve the level of talents cultivation, scientific research and social service.",wos,llm,0.970,unreviewed,
discarded,The Implementation of IEC60870-5-104 Based on UML Statechart and Qt State Machine Framework,"Yu, Cun; Shen, Yanhong; Huang, Lijun; Huang, Haoran; Zhang, Xin; Jia, Shuaifeng; Liu, Jia",2015,PROCEEDINGS OF 2015 IEEE 5TH INTERNATIONAL CONFERENCE ON ELECTRONICS INFORMATION AND EMERGENCY COMMUNICATION,,https://www.webofscience.com/wos/woscc/full-record/WOS:000380462300093,adjacent-subtopic,"Design based on finite-state machine (FSM) is a good solution to for event driven systems[3], but for large complex systems, the state diagrams of FSM are hard to read, difficult to draw and change, non-user-friendly, not good for stepwise refinement, cannot be decomposed into executable code[7], because traditional FSM is flat, having no hierarchy and lack of support for concurrent states [6], statecharts[8] overcome this limitation of traditional FSM. This paper gives the analysis of IEC-60870-5-104 communication protocol using UML statecharts, and gives implementation based on Qt State Machine Framework. The result shows our implementation meets the main function of the protocol. Design using UML statecharts make the statechart of IEC104 is very clear and easy to read. The research is also helpful to implement other communication protocol even other event driven systems.",wos,llm,0.750,unreviewed,
