status,title,authors,year,venue,doi,url,tags,abstract,provider,decision_source,llm_confidence,llm_review_outcome,llm_change_direction
discarded,Compositional synthesis for linear systems via convex optimization of assume-guarantee contracts,"Ghasemi, Kasra; Sadraddini, Sadra; Belta, Calin",2024,AUTOMATICA,10.1016/j.automatica.2024.111816,https://www.webofscience.com/wos/woscc/full-record/WOS:001298683100001,adjacent-subtopic,"We take a divide and conquer approach to design controllers for reachability problems given largescale linear systems with polyhedral constraints on states, controls, and disturbances. Such systems are made of small subsystems with coupled dynamics. We treat the couplings as additional disturbances and use assume-guarantee (AG) contracts to characterize these disturbance sets. For each subsystem, we design and implement a robust controller locally, subject to its own constraints and contracts. The main contribution of this paper is a method to derive the contracts via a novel parameterization and a corresponding potential function that characterizes the distance to the correct composition of controllers and contracts, where all contracts are held. We show that the potential function is convex in the contract parameters. This enables the subsystems to negotiate the contracts with the gradient information from the dual of their local synthesis optimization problems in a distributed way, facilitating compositional control synthesis that scales to large systems. We present numerical examples, including a scalability study on a system with tens of thousands of dimensions, and a simple case study on applying our method to a distributed Model Predictive Control (MPC) problem in a power system. (c) 2024 Elsevier Ltd. All rights are reserved, including those for text and data mining, AI training, and similar technologies.",wos,llm,0.980,unreviewed,
discarded,RAMPART: Reinforcement Against Malicious Penetration by Adversaries in Realistic Topologies,"Neema, Himanshu; Balasubramanian, Daniel; Vardhan, Harsh; Nine, Harmon; Neema, Sandeep",2024,"PROCEEDINGS THE 6TH WORKSHOP ON DESIGN AUTOMATION FOR CPS AND IOT, DESTION 2024",10.1109/DESTION62938.2024.00013,https://www.webofscience.com/wos/woscc/full-record/WOS:001263741600003,off-topic-false-hit,"The increasing scale and complexity of networked computer systems, growing vulnerabilities and attack surfaces in the services and software running on these systems, and increasing reliance of mission critical workflows on such networked computer systems requires comprehensive cyber defense capabilities. However, manual monitoring and introspection often lacks the speed that these complex systems require for their defense. Therefore, it becomes crucial to design, develop, and train autonomous cybersecurity agents that can work with humans in defending the networked computer systems while sustaining the mission critical operational workflows. In this paper, we present a comprehensive framework for reinforcement learning (RL)-based cyber agent training called Reinforcement Against Malicious Penetration by Adversaries in Realistic Topologies (RAMPART). Using a model-driven architecture, RAMPART enables cybersecurity researchers to rapidly synthesize diverse scenarios, configurations and topologies (of networks, services, CVE-s, ports, workflows) on-demand, in a correct-by-construction manner, and with different levels of fidelity and abstraction, ranging from coarse-grained simulation, to hybrid simulation/emulation, to live networks. We envision that the configurability of the training environment and its instantiations at different levels of network simulation fidelity will allow RL approaches to scale and manage the complexity of the high-dimensional observation and action spaces.",wos,llm,0.990,unreviewed,
discarded,Measuring with confidence: leveraging expressive type systems for correct-by-construction software,"McBride, Conor; Nakov, Georgi; Forsberg, Fredrik Nordvall",2023,ACTA IMEKO,,https://www.webofscience.com/wos/woscc/full-record/WOS:001280123200012,adjacent-subtopic,"Modern programming language type systems help programmers write correct software, and furthermore helps them write the software they actually intended to write. We show how expressive types can be used to encode dimension and units of measure information, which can be used to avoid dimensional mistakes and guide software construction, and how types can even help to generate code automatically, which eliminates a whole class of bugs.",wos,llm,0.980,unreviewed,
discarded,MSCFS-RP: A Colored-Petri-Net-Based Analysis Model for Master-Slave Cloud File Systems with Replication Pipelining,"Zhou, Wenbo",2024,ELECTRONICS,10.3390/electronics13142852,https://www.webofscience.com/wos/woscc/full-record/WOS:001277066400001,adjacent-subtopic,"As a typical information system, a cloud file system enables the storage, retrieval, and management of data on remote servers or server clusters. The reliable design of such systems is critical to ensure the security of data and availability of services. However, designing correct-by-construction systems is challenging due to the complexity of and concurrency inherent in cloud file systems. Further, existing works on cloud file system analysis often focus on specific systems or lack formal modeling and verification, leading to potential design flaws and security vulnerabilities. To address these issues, we propose MSCFS-RP, which is a formal analysis model based on colored Petri nets. Leveraging the strengths of colored Petri nets in representing diverse information types with colored tokens and defining explicit rules for concurrent interactions, our model captures the writing and reading processes of clients, meta servers, and clusters. With strong formalism and support for verification using CPN Tools, we rigorously evaluate key properties such as replication consistency under various scenarios. The results demonstrate that MSCFS-RP satisfies these properties, validating its effectiveness and trustworthiness in managing information within cloud storage systems.",wos,llm,0.980,unreviewed,
discarded,Correct-by-Construction Reinforcement Learning of Cardiac Pacemakers from Duration Calculus Requirements,"Dole, Kalyani; Gupta, Ashutosh; Komp, John; Krishna, Shankaranarayanan; Trivedi, Ashutosh",2023,"THIRTY-SEVENTH AAAI CONFERENCE ON ARTIFICIAL INTELLIGENCE, VOL 37 NO 12",,https://www.webofscience.com/wos/woscc/full-record/WOS:001243755000081,adjacent-subtopic,"As the complexity of artificial pacemakers continues to grow, the importance of capturing its functional correctness requirement formally cannot be overestimated. The pacemaker system specification document by Boston Scientific provides a widely accepted set of specifications for pacemakers. As these specifications are written in a natural language, they are not amenable to automated verification, synthesis, or reinforcement learning of pacemaker systems. This paper presents a formalization of these requirements for a dual-chamber pacemaker in duration calculus (DC), a highly expressive real-time specification language. The proposed formalization allows us to automatically translate pacemaker requirements into executable specifications as stopwatch automata, which can be used to enable simulation, monitoring, validation, verification and automatic synthesis of pacemaker systems. The cyclic nature of the pacemaker-heart closed-loop system results in DC requirements that compile to a decidable subclass of stopwatch automata. We present shield reinforcement learning (shield RL), a shield synthesis based reinforcement learning algorithm, by automatically constructing safety envelopes from DC specifications.",wos,llm,0.970,unreviewed,
discarded,Synthesizing Device Drivers with Ghost Writer,"Wang, Bingyao; Noorafshan, Sepehr; Achermann, Reto; Seltzer, Margo",2023,"PROCEEDINGS OF THE 12TH WORKSHOP ON PROGRAMMING LANGUAGES AND OPERATING SYSTEMS, PLOS 2023",10.1145/3623759.3624545,https://www.webofscience.com/wos/woscc/full-record/WOS:001250269600002,adjacent-subtopic,"Device drivers are components that enable operating systems to interact with devices. Unfortunately, they are the main source of bugs in operating systems, because writing a driver is an intricate and error-prone process that requires extensive knowledge of devices and operating systems. Furthermore, supporting new devices and accommodating kernel revisions require significant development effort. To facilitate the development of device drivers, we present Ghost Writer, an end-to-end toolchain that allows developers to synthesize correct-by-construction device drivers from high-level specifications. Ghost Writer supports control and data plane operations (e.g., handling DMA transactions). It makes synthesis tractable by 1) modeling the device interface as a set of virtual registers that abstract the hardware details and 2) leveraging behavior trees to model operations on virtual registers and synthesize complex operations from simpler ones. Our prototype can synthesize putc for the PL011 UART device and send_packet for the VirtIO network device. We believe that Ghost Writer can be the foundation towards automating the development of correct-by-construction device drivers.",wos,llm,0.970,unreviewed,
kept,"Bunch theory: Axioms, logic, applications and model","Stoddart, Bill; Dunne, Steve; Mu, Chunyan; Zeyda, Frank",2024,JOURNAL OF LOGICAL AND ALGEBRAIC METHODS IN PROGRAMMING,10.1016/j.jlamp.2024.100977,https://www.webofscience.com/wos/woscc/full-record/WOS:001245909500001,supports-claim,"In his book A practical theory of programming [10,12], Eric Hehner proposes and applies a radical reformulation of set theory in which the collection and packaging of elements are seen as separate activities. This provides for unpackaged collections, referred to as ""bunches"". Bunches allow us to reason about non -determinism at the level of terms, and, very remarkably, allow us to reason about the conceptual entity ""nothing"", which is just an empty bunch (and very different from an empty set). This eliminates mathematical ""gaps"" caused by undefined terms. We have made use of bunches in a number of papers that develop a refinement calculus for backtracking programs. We formulate our bunch theory as an extension of the set theory used in the B -Method, and provide a denotational model to give this formulation a sound mathematical basis. We replace the classical logic that underpins B with a version that is still able to prove the laws of our logic toolkit, but is unable to prove the property, derivable in classical logic, that every term denotes an element, which for us is pathological since we hold that terms such as 1/0 simply denote ""nothing"". This change facilitates our ability to reason about partial functions and backtracking programs. We include a section on our backtracking program calculus, showing how it is derived from WP and how bunch theory simplifies its formulation. We illustrate its use with two small case studies.",wos,llm,0.880,unreviewed,
discarded,Responsible composition and optimization of integration processes under correctness preserving guarantees,"Ritter, Daniel; Forsberg, Fredrik Nordvall; Rinderle-Ma, Stefanie",2024,INFORMATION SYSTEMS,10.1016/j.is.2024.102400,https://www.webofscience.com/wos/woscc/full-record/WOS:001237920300001,adjacent-subtopic,"Enterprise Application Integration deals with the problem of connecting heterogeneous applications, and is the centerpiece of current on -premise, cloud and device integration scenarios. For integration scenarios, structurally correct composition of patterns into processes and improvements of integration processes are crucial. In order to achieve this, we formalize compositions of integration patterns based on their characteristics, and describe optimization strategies that help to reduce the model complexity, and improve the process execution efficiency using design time techniques. Using the formalism of timed DB-nets - a refinement of Petri nets - we model integration logic features such as control- and data flow, transactional data storage, compensation and exception handling, and time aspects that are present in reoccurring solutions as separate integration patterns. We then propose a realization of optimization strategies using graph rewriting, and prove that the optimizations we consider preserve both structural and functional correctness. We evaluate the improvements on a real -world catalog of pattern compositions, containing over 900 integration processes, and illustrate the correctness properties in case studies based on two of these processes.",wos,llm,0.960,unreviewed,
kept,A verified low-level implementation and visualization of the adaptive exterior light and speed control system,"Krings, Sebastian; Koerner, Philipp; Dunkelau, Jannik; Rutenkolk, Kristin",2024,INTERNATIONAL JOURNAL ON SOFTWARE TOOLS FOR TECHNOLOGY TRANSFER,10.1007/s10009-024-00750-5,https://www.webofscience.com/wos/woscc/full-record/WOS:001232071800001,criticism; qualifies-claim,"In this article, we present an approach to the ABZ 2020 case study that differs from those usually presented at ABZ: Rather than using a (correct-by-construction) approach following a formal method, we use C for a low-level implementation instead. We strictly adhere to test-driven development for validation, and only afterwards apply model checking using CBMC for verification. While the approach has several benefits compared to the more rigorous approaches, it also provides less mathematical clarity and overall less thorough verification. In consequence, our realization of the ABZ case study serves as a baseline reference for comparison, allowing to assess the benefit provided by the various formal modeling languages, methods and tools.",wos,llm,0.770,unreviewed,
discarded,Programmatic Strategy Synthesis: Resolving Nondeterminism in Probabilistic Programs,"Batz, Kevin; Biskup, Tom Jannik; Katoen, Joost-Pieter; Winkler, Tobias",2024,PROCEEDINGS OF THE ACM ON PROGRAMMING LANGUAGES-PACMPL,10.1145/3632935,https://www.webofscience.com/wos/woscc/full-record/WOS:001170729400094,adjacent-subtopic,"We consider imperative programs that involve both randomization and pure nondeterminism. The central question is how to find a strategy resolving the pure nondeterminism such that the so-obtained determinized program satisfies a given quantitative specification, i.e., bounds on expected outcomes such as the expected final value of a program variable or the probability to terminate in a given set of states. We show how memoryless and deterministic (MD) strategies can be obtained in a semi-automatic fashion using deductive verification techniques. For loop-free programs, the MD strategies resulting from our weakest precondition-style framework are correct by construction. This extends to loopy programs, provided the loops are equipped with suitable loop invariants - just like in program verification. We show how our technique relates to the well-studied problem of obtaining strategies in countably infinite Markov decision processes with reachability-reward objectives. Finally, we apply our technique to several case studies.",wos,llm,0.970,unreviewed,
discarded,A Formalization of Core Why3 in Coq,"Cohen, Joshua M.; Johnson-Freyd, Philip",2024,PROCEEDINGS OF THE ACM ON PROGRAMMING LANGUAGES-PACMPL,10.1145/3632902,https://www.webofscience.com/wos/woscc/full-record/WOS:001170729400061,adjacent-subtopic,"Intermediate verification languages like Why3 and Boogie have made it much easier to build program verifiers, transforming the process into a logic compilation problem rather than a proof automation one. Why3 in particular implements a rich logic for program specification with polymorphism, algebraic data types, recursive functions and predicates, and inductive predicates; it translates this logic to over a dozen solvers and proof assistants. Accordingly, it serves as a backend for many tools, including Frama-C, EasyCrypt, and GNATProve for Ada SPARK. But how can we be sure that these tools are correct? The alternate foundational approach, taken by tools like VST and CakeML, provides strong guarantees by implementing the entire toolchain in a proof assistant, but these tools are harder to build and cannot directly take advantage of SMT solver automation. As a first step toward enabling automated tools with similar foundational guarantees, we give a formal semantics in Coq for the logic fragment of Why3. We show that our semantics are useful by giving a correct-by-construction natural deduction proof system for this logic, using this proof system to verify parts of Why3's standard library, and proving sound two of Why3's transformations used to convert terms and formulas into the simpler logics supported by the backend solvers.",wos,llm,0.970,unreviewed,
discarded,Mechanizing Refinement Types,"Borkowski, Michael H.; Vazou, Niki; Jhala, Ranjit",2024,PROCEEDINGS OF THE ACM ON PROGRAMMING LANGUAGES-PACMPL,10.1145/3632912,https://www.webofscience.com/wos/woscc/full-record/WOS:001170729400071,off-topic-false-hit,"Practical checkers based on refinement types use the combination of implicit semantic subtyping and parametric polymorphism to simplify the specification and automate the verification of sophisticated properties of programs. However, a formal metatheoretic accounting of the soundness of refinement type systems using this combination has proved elusive. We present lambda(RF), a core refinement calculus that combines semantic subtyping and parametric polymorphism. We develop a metatheory for this calculus and prove soundness of the type system. Finally, we give two mechanizations of our metatheory. First, we introduce data propositions, a novel feature that enables encoding derivation trees for inductively defined judgments as refined data types, and use them to show that LIQIDHASKELL's refinement types can be used for mechanization. Second, we mechanize our results in COQ, which comes with stronger soundness guarantees than LIQIDHASKELL, thereby laying the foundations for mechanizing the metatheory of LIQIDHASKELL.",wos,llm,0.970,unreviewed,
discarded,Controller synthesis for linear temporal logic and steady-state specifications,"Velasquez, Alvaro; Alkhouri, Ismail; Beckus, Andre; Trivedi, Ashutosh; Atia, George",2024,AUTONOMOUS AGENTS AND MULTI-AGENT SYSTEMS,10.1007/s10458-024-09648-7,https://www.webofscience.com/wos/woscc/full-record/WOS:001218765200001,adjacent-subtopic,"The problem of deriving decision-making policies, subject to some formal specification of behavior, has been well-studied in the control synthesis, reinforcement learning, and planning communities. Such problems are typically framed in the context of a non-deterministic decision process, the non-determinism of which is optimally resolved by the computed policy. In this paper, we explore the derivation of such policies in Markov decision processes (MDPs) subject to two types of formal specifications. First, we consider steady-state specifications that reason about the infinite-frequency behavior of the resulting agent. This behavior corresponds to the frequency with which an agent visits each state as it follows its decision-making policy indefinitely. Second, we examine the infinite-trace behavior of the agent by imposing Linear Temporal Logic (LTL) constraints on the behavior induced by the resulting policy. We present an algorithm to find a deterministic policy satisfying LTL and steady-state constraints by characterizing the solutions as an integer linear program (ILP) and experimentally evaluate our approach. In our experimental results section, we evaluate the proposed ILP using MDPs with stochastic and deterministic transitions.",wos,llm,0.980,unreviewed,
discarded,FMSG: a framework for modeling and verification of a smart grid,"Karmakar, Rahul; Bera, Payel; Dutta, Saheli",2024,SADHANA-ACADEMY PROCEEDINGS IN ENGINEERING SCIENCES,10.1007/s12046-024-02496-x,https://www.webofscience.com/wos/woscc/full-record/WOS:001197187500003,adjacent-subtopic,"System requirements can occasionally be ill-defined and difficult to define. In this case, graphic representation of the system created using semi-formal modelling is advantageous. A smart power grid, for example, includes numerous important needs and function points. We can portray the system functionalities graphically to better grasp the requirements before moving forward with the formal definition. Though, graphic models like Unified Modeling Language (UML) have ambiguity issues as they work on predefined rules. On the other hand, the formal technique uses the correct-by-construction method to guarantee the system's dependability. The formal technique is based on well-practiced mathematical notation. In this article, a smart grid (SG) system based on blockchain (BC) is formally modelled and verified. The system requirements are validated using the formal modelling technique Event-B. To illustrate the system, we first suggest various graphical notations. After that, the notations are translated into a JSON (JavaScript Object Notation) format. Java executable codes are generated in order to validate the JSON schemas. The graphical model is then translated into Event-B specifications and validated using RODIN, a standard tool support.",wos,llm,0.950,unreviewed,
