status,title,authors,year,venue,doi,url,tags,abstract,provider,decision_source,llm_confidence,llm_review_outcome,llm_change_direction
kept,Teaching structured programming in FORTRAN with IFTRAN,William R. Bezanson,1975,ACM SIGCSE Bulletin,10.1145/953064.811158,https://openalex.org/W4238514495,supports-claim,"The outline of an introductory FORTRAN programming course based on structured programming is presented. The language IFTRAN was used as a FORTRAN preprocessor, allowing regular FORTRAN statements plus more powerful conditional and looping statements. Program development was taught in the course by means of top-down stepwise refinement. Students were well motivated and developed a professional attitude towards programming.",openalex,llm,0.990,unreviewed,
discarded,A theory of abstract data types for program development: Bridging the gap?,T. S. E. Maibaum; Paulo A. S. Veloso; M. Sadler,1985,Lecture notes in computer science,10.1007/3-540-15199-0_14,https://openalex.org/W1485360759,adjacent-subtopic,,openalex,llm,0.710,unreviewed,
kept,Invariant based programming: basic approach and teaching experiences,Ralph‐Johan Back,2008,Formal Aspects of Computing,10.1007/s00165-008-0070-y,https://openalex.org/W1965484730,qualifies-claim,"Abstract Program verification is usually done by adding specifications and invariants to the program and then proving that the verification conditions are all true. This makes program verification an alternative to or a complement to testing. We describe here another approach to program construction, which we refer to as invariant based programming , where we start by formulating the specifications and the internal loop invariants for the program, before we write the program code itself. The correctness of the code is then easy to check at the same time as one is constructing it. In this approach, program verification becomes a complement to coding rather than to testing. The purpose is to produce programs and software that are correct by construction. We present a new kind of diagrams, nested invariant diagrams , where program specifications and invariants (rather than the control) provide the main organizing structure. Nesting of invariants provide an extension hierarchy that allows us to express the invariants in a very compact manner. We have studied the feasibility of formulating specifications and loop invariants before the code itself has been written in a number of case studies. Our experience is that a systematic use of figures, in combination with a rough idea of the intended behavior of the algorithm, makes it rather straightforward to formulate the invariants needed for the program, to construct the code around these invariants and to check that the resulting program is indeed correct. We describe our experiences from using invariant based programming in practice, both from teaching programmers how to construct programs that they prove correct themselves, and from teaching invariant based programming for CS students in class.",openalex,llm,0.900,unreviewed,
kept,Formal program development,Donald Sannella; Andrzej Tarlecki,2011,Monographs in theoretical computer science,10.1007/978-3-642-17336-3_7,https://openalex.org/W348229239,supports-claim,,openalex,llm,0.880,unreviewed,
kept,Construction and analysis of ground models and their refinements as a foundation for validating computer-based systems,Egon Börger,2007,Formal Aspects of Computing,10.1007/s00165-006-0019-y,https://openalex.org/W2068831082,supports-claim,"Abstract We explain why for the verified software challenge proposed in Hoare (J ACM 50(1): 63–69, 2003), Hoare and Misra (Verified software: theories, tools, experiments. Vision of a Grand Challenge project. In: [Meyer05]) to gain practical impact, one needs to include rigorous definitions and analysis, prior to code development and comprising both experimental validation and mathematical verification, of ground models , i.e., blueprints that describe the required application-content of programs. This implies the need to link via successive refinements the relevant properties of such high-level models in a traceable and checkable way to code a compiler can verify. We outline the Abstract State Machines (ASM) method, a discipline for reliable system development which allows one to bridge the gap between informal requirements and executable code by combining application-centric experimentally validatable system modelling with mathematically verifiable stepwise detailing of abstract models to compile-time-verifiable code.",openalex,llm,0.940,unreviewed,
discarded,A triarchic theory of granular computing,Yiyu Yao,2016,Granular Computing,10.1007/s41066-015-0011-0,https://openalex.org/W2261233885,off-topic-false-hit,"Based on the notion of granular structures, a triarchic theory of granular computing integrates three important perspectives, namely, philosophy of structured thinking, methodology of structured problem solving, and mechanism of structured information processing. A granular structure comprises multiple levels that are populated by granules of varying granularity. While a single granular structure provides a multilevel understanding and representation of the reality or a problem, many granular structures give rise to multiview. With an emphasis on multilevel and multiview, the triarchic theory investigates systematically ideas and structured ways to thinking, problem solving, and information processing. It aims at a unified theory that synthesizes various approaches to granular computing.",openalex,llm,0.990,unreviewed,
discarded,A Methodology for Verifying Refinements of Partial Models.,Rick Salay; Marsha Chećhik; Michalis Famelis; Jan Gorzny,2015,The Journal of Object Technology,10.5381/jot.2015.14.3.a3,https://openalex.org/W2887375731,adjacent-subtopic,"Models are typically used for expressing information that is known at a particular stage in the software development process. Yet, it is also important to express what information a modeler is still uncertain about and to ensure that model refinements actually reduce this uncertainty. Furthermore, when a refining transformation is applied to a model containing uncertainty, it is natural to consider the effect that the transformation has on the level of uncertainty, e.g., whether it always reduces it. In our previous work, we have presented a general approach for precisely expressing uncertainty within models. In this paper, we use these foundations and define formal conditions for uncertainty reducing refinement between individual models and within model transformations. We describe tooling for automating the verification of these conditions within transformations and describe its application to example transformations.",openalex,llm,0.960,unreviewed,
kept,A methodology for monitor development in concurrent programs,J. Ángel Velázquez‐Iturbide,1994,ACM SIGCSE Bulletin,10.1145/187387.187398,https://openalex.org/W2114155702,supports-claim,"Concurrent programming is one of the most difficult programming paradigms; in consequence, innovative methods and practical aids are necessary for a successful instruction. This paper presents a methodology for monitor development by joint use of stepwise refinement and monitor schemes. A monitor is developed in three stages, each one successively dealing with a different part of its specification, namely data abstraction specification, security properties and liveness/priority properties. Guidance is also obtained from some schemes for different parts of a monitor. The methodology is applied to two well known problems, the producer-consumer problem and the dining philosophers problem.",openalex,llm,0.950,unreviewed,
discarded,Introductory Problem Solving in Computer Science,David J. Barnes; Sally Fincher; Simon Thompson,1997,Kent Academic Repository (University of Kent),,https://openalex.org/W171101478,adjacent-subtopic,"ABSTRACT: This paper describes our experiences in devising a lightweight, informal methodology for problem solving in introductory, university level, computer science. We first describe the original context of the experiment and the background to the methodology. We then give the details of the steps of the Problem Solving Cycle—Understanding, Designing, Writing and Reviewing—and the lessons we learned about our teaching from devising the material. We also present practical examples of how it has been applied in a variety of units in our programme.",openalex,llm,0.780,unreviewed,
discarded,Methodologies for transformations and memoing in applicative languages,Alberto Pettorossi,1984,ERA,,https://openalex.org/W1563281959,adjacent-subtopic,We study some methodologies for applicative language programming and we address the problem of Improving efficiency in recursive equation programs by establishing suitable communications between subcomputations.We first use the program transformation approach and we show that.1. iii 2. 6. 4 Implementation Syntax for memoL 2. 6. 5 Dynamic Semantics for memoL 2.6.6 Pragmatics for memoL 2. 6. 7 On the number of different reduction sequences 2. 7 Annotations denoting communications and communicating agents 2. 7. 1 Annotations denoting communications 2. 7. 2 Communicating Agents 2. 8 Conclusions Appendix A. THE STATIC SEMANTICS FOR RECURSIVE,openalex,llm,0.790,unreviewed,
kept,A Coalgebraic Perspective on Logical Interpretations,Manuel A. Martins; Alexandre Madeira; Lu­ís Soares Barbosa,2013,Studia Logica,10.1007/s11225-013-9498-z,https://openalex.org/W2054116146,supports-claim,,openalex,llm,0.950,unreviewed,
discarded,Teaching and learning introductory programming : a model-based approach,Jens Bennedsen,2008,Duo Research Archive (University of Oslo),,https://openalex.org/W2466857371,adjacent-subtopic,"The dissertation identifies and discusses impact of a model-based approach to teaching and learning introductory object-oriented programming both for practitioners and for computer science education research.Learning to program is notoriously difficult. This dissertation investigates ways to teach introductory object-oriented programming at the university level. It focuses on a model-based approach, describes and argues for this approach and investigates several of its aspects. It gives an overview of the research in teaching introductory programming in an objects-first way. The dissertation also investigates ways for university teachers to share and document best practices in teaching introductory object-oriented programming through pedagogical patterns. The dissertation addresses both traditional young full-time students and experienced programmers (although not in object-orientation) participating in part-time education. It examines whether the same success factors for learning programming apply to a model-based approach as to introductory programming courses in general for full-time students and gives a general overview of research in success factors for introductory programming. Some factors are the same, because students‘ math competence is positively correlated with their success. The dissertation examines how experienced programmers link a model-based programming course to their professional practices. The general answer is that the part-time students do not need to have a direct link to their specific work-practice, they expect to create the link themselves; but the teacher must be aware of the conditions facing the part-time students in industry. Furthermore, the dissertation addresses interaction patterns for part-time students learning model-based introductory programming in a net-based environment. A previously prepared solution to an exercise is found to mediate the interaction in three different ways. Design patterns have had a major impact on the quality of object-oriented software. Inspired by this, researchers have suggested pedagogical patterns for sharing best practices in teaching introductory object-oriented programming. It was expected that university teachers‘ knowledge of pedagogical patterns was limited, but this research proved that to be wrong; about half of the teachers know pedagogical patterns. One of the problems this dissertation identifies is the lack of a structuring principle for pedagogical patterns; potential users have problems identifying the correct patterns to apply. An alternative structuring principle based on a constructivist learning theory is suggested and analysed.",openalex,llm,0.880,unreviewed,
discarded,Know Your Discipline: Teaching the Philosophy of Computer Science,Matti Tedre,2007,Journal of Information Technology Education Research,10.28945/204,https://openalex.org/W1502075502,adjacent-subtopic,"An international association advancing the multidisciplinary study of informing systems. Founded in 1998, the Informing Science Institute (ISI) is a global community of academics shaping the future of informing science.",openalex,llm,0.930,unreviewed,
discarded,A methodology for compilation of high-integrity real-time programs,Karl Lermer; Colin Fidge,1997,Lecture notes in computer science,10.1007/bfb0002883,https://openalex.org/W1509055062,adjacent-subtopic,,openalex,llm,0.630,unreviewed,
discarded,Roles of Variables in Teaching,Juha Sorva; Ville Karavirta; Ari Korhonen,2007,Journal of Information Technology Education Research,10.28945/224,https://openalex.org/W2096699669,adjacent-subtopic,"An international association advancing the multidisciplinary study of informing systems. Founded in 1998, the Informing Science Institute (ISI) is a global community of academics shaping the future of informing science.",openalex,llm,0.930,unreviewed,
discarded,Tailoring Software Development Methodologies in Practice: A Case Study,Sergio de Cesare; Chaitali Patel; Nicola Alessandro Iacovelli; Antonio Merico; Mark Lycett,2008,Journal of Computing and Information Technology,10.2498/cit.1000898,https://openalex.org/W1599742331,adjacent-subtopic,"Software development methodologies (SDM) have been traditionally defined in a prescriptive manner with an underlying assumption of universal applicability. However, as industrial practice suggests, this assumption is fundamentally flawed. Software development projects very rarely adopt a methodology in such a rigid fashion. Conversely methodologies are normally adapted to meet specific contextual characteristics. This adaptation, known as Method Tailoring (MT), generally occurs implicitly. Implicit adaptation has several drawbacks. Firstly, responsibility and consequences are not attributable to the decisions made during MT. Secondly, MT experience is not captured, thus not being shared and reused within the organization. As a consequence, implicit MT leads to reactive rather than proactive adaptation with negative effects on both productivity and efficient use of resources. In order to alleviate the problems described above, this paper proposes a framework aimed at assisting software development teams and organizations in the elicitation of their Method Tailoring processes. As a result the know-how and experience accumulated during the practice of Method Tailoring is made explicit and organized for the benefit of future projects. The framework has been applied a posteriori to a project carried out by a medium-sized software development company for the Italian national public health service.",openalex,llm,0.890,unreviewed,
discarded,A strategy for managing content complexity in algorithm animation,Linda Stern; Harald Søndergaard; Lee Naish,1999,,10.1145/305786.305891,https://openalex.org/W2041965366,adjacent-subtopic,"Computer animation is an excellent medium for capturing the dynamic nature of data structure manipulations, and can be used to advantage in the teaching of algorithms and data structures. A major educational issue is the necessity of providing a means for the student to manage the complexity of the material. We have addressed this issue in a multimedia teaching tool called ""Algorithms in Action"" by allowing students to view an algorithm at varying levels of detail. Starting with a high level pseudocode description of the algorithm, with accompanying high level animation and textual explanation, students can expand sections of the pseudocode to expose more detail. Animation and explanation are controlled in a coordinated fashion, becoming correspondingly more detailed as the pseudocode is expanded. The tool also supports dofferem , pdes. corresponding to different stages in the learning process. Student feedback suggests that the availability of multiple levels detail and the facility for the user to control the level of detail being viewed is an effective way to manage content complexity.",openalex,llm,0.840,unreviewed,
kept,A system for developing programs by transformation,Martin S. Feather,1979,ERA,,https://openalex.org/W3043187026,supports-claim,"Much of the difficulty of programming can be attributed to the clash between the goal of efficiency and other desirable goals, such as clarity, reliability and modifiability. This thesis proposes program transformation as a suitable methodology for program development to circumvent this difficulty. Following this methodology, a program is developed by first writing a simple straightforws. rd solution to the problem, unhampered by efficiency considerations. Efficiency is then introduced in a separate step by transforming the simple solution. In order that this be a practical methodology, transformation of large programs must be possible to perform reliably and easily This thesis presents an implemented machine-based transformation system which attempts to realise these needs. The system is based on a concise and powerful transformation method due to Burstall and Darlington. The emphasis of the system is on making it easy for the user to control the system through a transformation. Guidance is expressed in a command language, so that commands may be saved and re-run, modified, or viewed as documentation together with the initial program. The level at which guidance is given is higher that the low-level underlying manipulations. Techniques for organising the transformation of large programs at even higher levels are presented. Some non trivial programs and their transformation as achieved using the system illustrate these features.",openalex,llm,0.920,unreviewed,
discarded,GNOME,David B. Garlan; Philip L. Miller,1984,ACM SIGPLAN Notices,10.1145/390011.808250,https://openalex.org/W1970538304,adjacent-subtopic,"Structure editors have frequently been used as powerful and unifying interfaces for programming environments in computer science research settings. Few, however, have found their way into common use. GNOME is an attempt to channel the experience gained in the use of structure editing for software development environment research of the Gandalf Project into a practical novice programming environment. Based on a family of structure editors, it is currently being used to teach programming to undergraduates at Carnegie-Mellon University. This paper describes the GNOME environment, recounts lessons learned in adapting structure editors to novice programmers, and discusses its effectiveness as a teaching environment.",openalex,llm,0.880,unreviewed,
kept,Program development by stepwise refinement,Niklaus Wirth,1983,Communications of the ACM,10.1145/357980.358010,https://openalex.org/W2148817888,supports-claim,"The creative activity of programming—to be distinguished from coding—is usually taught by examples serving to exhibit certain techniques. It is here considered as a sequence of design decisions concerning the decomposition of tasks into subtasks and of data into data structures. The process of successive refinement of specifications is illustrated by a short but nontrivial example, from which a number of conclusions are drawn regarding the art and the instruction of programming.",openalex,llm,1.000,unreviewed,
kept,Program Development by Stepwise Refinement,Niklaus Wirth,2002,,10.1007/978-3-642-59412-0_10,https://openalex.org/W4300377269,supports-claim,,openalex,llm,1.000,unreviewed,
kept,Program Development by Stepwise Refinement,Niklaus Wirth,2001,,10.1007/978-3-642-48354-7_23,https://openalex.org/W4292522880,origin,,openalex,llm,0.990,unreviewed,
kept,Program Development by Stepwise Refinement,Niklaus Wirth,1978,,10.1007/978-1-4612-6315-9_23,https://openalex.org/W4302398475,origin,,openalex,llm,0.990,unreviewed,
discarded,Analysis of petri nets by stepwise refinements,R. Valette,1979,Journal of Computer and System Sciences,10.1016/0022-0000(79)90050-3,https://openalex.org/W1980926994,adjacent-subtopic,,openalex,llm,0.960,unreviewed,
discarded,A method for stepwise refinement and abstraction of Petri nets,I. Suzuki; T. Murata,1983,Journal of Computer and System Sciences,10.1016/0022-0000(83)90029-6,https://openalex.org/W1997871183,adjacent-subtopic,,openalex,llm,0.940,unreviewed,
kept,Stepwise refinement of action systems,Ralph‐Johan Back; Kaisa Sere,1989,Lecture notes in computer science,10.1007/3-540-51305-1_7,https://openalex.org/W233399828,supports-claim,,openalex,llm,0.970,unreviewed,
discarded,Soundness and Separability of Workflow Nets in the Stepwise Refinement Approach,Kees van Hee; Natalia Sidorova; Marc Voorhoeve,2003,Lecture notes in computer science,10.1007/3-540-44919-1_22,https://openalex.org/W1585036716,adjacent-subtopic,,openalex,llm,0.780,unreviewed,
kept,On the Design and Development of Program Families,David Lorge Parnas,1978,,10.1007/978-1-4612-6315-9_25,https://openalex.org/W2178920474,qualifies-claim,,openalex,llm,0.710,unreviewed,
kept,"Stepwise Refinement of Distributed Systems Models, Formalisms, Correctness","Bakker, Jaco; Roever, W.P.; Grzegorz Rozenberg",1990,Lecture notes in computer science,10.1007/3-540-52559-9,https://openalex.org/W2485756336,supports-claim,,openalex,llm,0.990,unreviewed,
