status,title,authors,year,venue,doi,url,tags,abstract,provider,decision_source,llm_confidence,llm_review_outcome,llm_change_direction
discarded,Model-Based Strategies for Reducing the Complexity of Statistically Generated Test Suites,"Dulz, Winfried",2013,SOFTWARE QUALITY: INCREASING VALUE IN SOFTWARE AND SYSTEMS DEVELOPMENT,,https://www.webofscience.com/wos/woscc/full-record/WOS:000345278700007,adjacent-subtopic,"The main purpose of this paper is to show how model-based techniques are used to efficiently control the generation of less complex test suites. By directed adjusting specific probability values in the usage profile of a Markov chain usage model it is relatively easy to generate abstract test suites for different user classes and test purposes in an automated approach. A stepwise refinement process for hierarchical Markov chain usage models and choosing appropriate test generation, respectively selection strategies can reduce the complexity of the resulting test suite significantly. By using proper tools, like the TestUS Testplayer even less experienced test engineers will be able to efficiently generate abstract test cases and to graphically assess quality characteristics of different test suites.",wos,llm,0.750,unreviewed,
discarded,Concerned with the unprivileged: user programs in kernel refinement,"Daum, Matthias; Billing, Nelson; Klein, Gerwin",2014,FORMAL ASPECTS OF COMPUTING,10.1007/s00165-014-0296-9,https://www.webofscience.com/wos/woscc/full-record/WOS:000343878400005,adjacent-subtopic,"It is a great verification challenge to prove properties of complete computer systems on the source code level. The L4.verified project achieved a major step towards this goal by mechanising a proof of functional correctness of the seL4 kernel. They expressed correctness in terms of data refinement with a coarse-grained specification of the kernel's execution environment. In this paper, we strengthen the original correctness theorem in two ways. First, we convert the previous abstraction relations into projection functions from concrete to abstract states. Second, we revisit the specification of the kernel's execution environment: we introduce the notion of virtual memory based on the kernel data structures, we distinguish individual user programs that run on top of the kernel and we restrict the memory access of each of these programs to its virtual memory. Through our work, properties like the separation of user programs gain meaning. This paves the way for proving security properties like non-interference of user programs. Furthermore, our extension of L4.verified's proof facilitates the verification of properties about complete software systems based on the seL4 kernel. Besides the seL4-specific results, we report on our work from an engineering perspective to exemplify general challenges that similar projects are likely to encounter. Moreover, we point out the advantages of using projection functions in L4.verified's verification approach and for stepwise refinement in general.",wos,llm,0.880,unreviewed,
discarded,Relational Demonic Fuzzy Refinement,"Tchier, Fairouz",2014,JOURNAL OF APPLIED MATHEMATICS,10.1155/2014/140707,https://www.webofscience.com/wos/woscc/full-record/WOS:000343449700001,adjacent-subtopic,"We use relational algebra to define a refinement fuzzy order called demonic fuzzy refinement and also the associated fuzzy operators which are fuzzy demonic join (square(fuz)), fuzzy demonic meet (square(fuz)), and fuzzy demonic composition (square(fuz)). Our definitions and properties are illustrated by some examples using mathematica software (fuzzy logic).",wos,llm,0.830,unreviewed,
kept,Verification of a Transactional Memory Manager under Hardware Failures and Restarts,"Maric, Ognjen; Sprenger, Christoph",2014,FM 2014: FORMAL METHODS,,https://www.webofscience.com/wos/woscc/full-record/WOS:000343040100031,supports-claim,"We present our formal verification of the persistent memory manager in IBM's 4765 secure coprocessor. Its task is to achieve a transactional semantics of memory updates in the face of restarts and hardware failures and to provide resilience against the latter. The inclusion of hardware failures is novel in this area and incurs a significant jump in system complexity. We tackle the resulting verification challenge by a combination of a monad-based model, an abstraction that reduces the system's non-determinism, and stepwise refinement. We propose novel proof rules for handling repeated restarts and nested metadata transactions. Our entire development is formalized in Isabelle/HOL.",wos,llm,0.900,unreviewed,
kept,Provably correct derivation of algorithms using FermaT,"Ward, Martin; Zedan, Hussein",2014,FORMAL ASPECTS OF COMPUTING,10.1007/s00165-013-0287-2,https://www.webofscience.com/wos/woscc/full-record/WOS:000341369900007,supports-claim,"The transformational programming method of algorithm derivation starts with a formal specification of the result to be achieved, plus some informal ideas as to what techniques will be used in the implementation. The formal specification is then transformed into an implementation, by means of correctness-preserving refinement and transformation steps, guided by the informal ideas. The transformation process will typically include the following stages: (1) Formal specification (2) Elaboration of the specification, (3) Divide and conquer to handle the general case (4) Recursion introduction, (5) Recursion removal, if an iterative solution is desired, (6) Optimisation, if required. At any stage in the process, sub-specifications can be extracted and transformed separately. The main difference between this approach and the invariant based programming approach (and similar stepwise refinement methods) is that loops can be introduced and manipulated while maintaining program correctness and with no need to derive loop invariants. Another difference is that at every stage in the process we are working with a correct program: there is never any need for a separate ""verification"" step. These factors help to ensure that the method is capable of scaling up to the development of large and complex software systems. The method is applied to the derivation of a complex linked list algorithm and produces code which is over twice as fast as the code written by Donald Knuth to solve the same problem.",wos,llm,0.940,unreviewed,
discarded,Three-dimensional tsunami runup simulation for the port of Koborinai on the Sanriku coast of Japan,"Kim, Dong Chule; Kim, Kyeong Ok; Pelinovsky, Efim; Didenkulova, Ira; Choi, Byung Ho",2013,JOURNAL OF COASTAL RESEARCH,10.2112/SI65-046.1,https://www.webofscience.com/wos/woscc/full-record/WOS:000337995500047,off-topic-false-hit,"The huge tsunami generated by the earthquake that occurred off the Pacific coast of Japan at 14:46 JST (05:46 UTC) on Friday, 11 March 2011 produced a maximum runup of 40 m on the east coast of Japan. The earthquake triggered extremely destructive tsunami waves up to 37.9 m in height that struck Japan minutes after the quake. Koborinai is a tiny fishery port located north of Miyako City in the Iwate Prefecture. A survey team from the University of Tokyo Earthquake Research Institute (ERI) found high water marks and other evidence of a gigantic wave at the port of Koborinai. The port is on low land sandwiched between two mountains. A joint survey team from ERI-Sungkyunkwan University (SKKU) and Korea Ocean Research & Development Institute (KORDI) visited again and surveyed the site in detail. The 3D Princeton Ocean Model was applied to describe the propagation and runup of the tsunami on the Japanese coast. The numerical simulation results obtained were in satisfactory agreement with observations made in the general area, except those made in many v-shaped valleys along the northern Iwate coast. The extremely high runup of tsunami waves at the port at Koborinai were successfully reproduced by numerical simulation through stepwise refinement of the spatial scale using multi-nesting and consideration of the vertical acceleration of flow along steep slopes using a CFD model to solve the Reynolds-averaged Navier-Stokes (RANS) equations. The velocity field was also computed, and the simulation results show that the water flow that climbed the coast possessed a strong vertical velocity component.",wos,llm,0.990,unreviewed,
discarded,An awareness-raising E-learning approach for children living in a high diabetic population,"Shaalan, Khaled; Al-Mansoori, Mona; Tawfik, Hissam",2014,INFORMATICS FOR HEALTH & SOCIAL CARE,10.3109/17538157.2013.858043,https://www.webofscience.com/wos/woscc/full-record/WOS:000332815000002,off-topic-false-hit,"Recent epidemiological studies have shown an increased incidence of diabetes worldwide. In United Arab Emirates (UAE), where this study on Emirati children was conducted, over 20% of the population has diabetes. With such a high incidence, there is a need to raise the awareness of the disease in order to reduce the growing number of cases and manage the disease more effectively. This research aims to identify the needs of affected children and proposes a design for an E-learning prototype that can pedagogically raise their awareness and knowledge of the disease. The use of a prototype was chosen in order to validate and refine the usability of the system, and to quickly evaluate user-interface designs without the need for an expensive working model to help refine and develop the system design. The system requirements were identified through a set of interviews with kindergarten teachers, curriculum design experts in UAE, and diabetes nutrition specialists and clinicians. The rationale behind the interview was to identify the optimal age group, describe the appropriate level of the instructional materials and activities, and propose a suitable learning approach that could facilitate and improve diabetes awareness among this age group. The prototype was evaluated by children, teachers, parents (or guardians) and nutrition specialists. We followed a three-stage software development based on a user-informed approach model for stepwise refinement that ranged from prototype to final design. The evaluation results indicate that the proposed computer-supported learning approach can generate positive learning and behavior in children while reducing the time needed to complete awareness tasks when compared to traditional methods; thus making learning more engaging and allowing children to learn at their own pace.",wos,llm,0.980,unreviewed,
discarded,Robust synthesis for real-time systems,"Larsen, Kim G.; Legay, Axel; Traonouez, Louis-Marie; Wasowski, Andrzej",2014,THEORETICAL COMPUTER SCIENCE,10.1016/j.tcs.2013.08.015,https://www.webofscience.com/wos/woscc/full-record/WOS:000330913500005,adjacent-subtopic,"Specification theories for real-time systems allow reasoning about interfaces and their implementation models, using a set of operators that includes satisfaction, refinement, logical and parallel composition. To make such theories applicable throughout the entire design process from an abstract specification to an implementation, we need to reason about the possibility to effectively implement the theoretical specifications on physical systems, despite their limited precision. In the literature, this implementation problem has been linked to the robustness problem that analyzes the consequences of introducing small perturbations into formal models.

We address this problem of robust implementations in timed specification theories. We first consider a fixed perturbation and study the robustness of timed specifications with respect to the operators of the theory. To this end we synthesize robust strategies in timed games. Finally, we consider the parametric robustness problem and propose a counterexample refinement heuristic for computing safe perturbation values. (C) 2013 Elsevier B.V. All rights reserved.",wos,llm,0.840,unreviewed,
kept,OCRA: A Tool for Checking the Refinement of Temporal Contracts,"Cimatti, Alessandro; Dorigatti, Michele; Tonetta, Stefano",2013,2013 28TH IEEE/ACM INTERNATIONAL CONFERENCE ON AUTOMATED SOFTWARE ENGINEERING (ASE),,https://www.webofscience.com/wos/woscc/full-record/WOS:000331090200079,supports-claim,"Contract-based design enriches a component model with properties structured in pairs of assumptions and guarantees. These properties are expressed in term of the variables at the interface of the components, and specify how a component interacts with its environment: the assumption is a property that must be satisfied by the environment of the component, while the guarantee is a property that the component must satisfy in response. Contract-based design has been recently proposed in many methodologies for taming the complexity of embedded systems. In fact, contract-based design enables stepwise refinement, compositional verification, and reuse of components. However, only few tools exist to support the formal verification underlying these methods.

OCRA (Othello Contracts Refinement Analysis) is a new tool that provides means for checking the refinement of contracts specified in a linear-time temporal logic. The specification language allows to express discrete as well as metric real-time constraints. The underlying reasoning engine allows checking if the contract refinement is correct. OCRA has been used in different projects and integrated in CASE tools.",wos,llm,0.890,unreviewed,
discarded,On generating *-sound nets with substitution,"Sroka, Jacek; Hidders, Jan",2014,INFORMATION SYSTEMS,10.1016/j.is.2013.10.004,https://www.webofscience.com/wos/woscc/full-record/WOS:000330090500003,adjacent-subtopic,"We present a method for hierarchically generating sound workflow nets by substitution of nets with multiple inputs and outputs. We show that this method is correct and generalizes the class of nets generated by other hierarchical approaches. The method involves a new notion of soundness which is preserved by the generalized type of substitution that is presented in this paper. We show that this notion is better suited than *-soundness for use with the presented type of generalized substitution, since *-soundness is not preserved by it. It is moreover shown that it is in some sense the optimal notion of soundness for the purpose of generating sound nets by the presented type of substitution. (C) 2013 Elsevier Ltd. All rights reserved.",wos,llm,0.780,unreviewed,
kept,Modeling and Analysis BPEL-Based Web Services Composition Using XYZ,"Rong, Mei",2014,2014 PROCEEDINGS OF THE 9TH INTERNATIONAL CONFERENCE ON COMPUTER SCIENCE & EDUCATION (ICCSE 2014),,https://www.webofscience.com/wos/woscc/full-record/WOS:000366610600211,supports-claim,"As a new distributed computing paradigm, web services have been paid more and more attention in recent years because of its efficient ability of building large-scale distributed, loosely coupled applications across different platforms and operating systems. Web services composition has become the hotspot currently in the field of web services research. With the network environment become more and more open, and users' requirements diverse from each other, how to describe the dynamic composition of web services and the validity of the web services have been problems while compositing web services. On the other side, the formal software architecture language XYZ/ADL can represent both static semantics and dynamic semantics under an unified logical framework, and support the stepwise refinement from higher-level architectures to lower-level architectures, so we introduce XYZ/ADL to specify the web services composition from the view of architecture in order to analysis web services composition from the global perspective. In this paper, we first introduce web services and some related works, analyze the similarity between the design elements in XYZ/ADL and activities in BPEL, then present the model of web services composition based on software architecture, using XYZ/ADL to specify the web services composition, furthermore, we define the mapping rules from XYZ/E and XYZ/ADL to BPEL, at last we give an example to illustrate the feasibility of our work and conclude the whole paper.",wos,llm,0.850,unreviewed,
kept,Formal Derivation of Distributed MapReduce,"Pereverzeva, Inna; Butler, Michael; Fathabadi, Asieh Salehi; Laibinis, Linas; Troubitsyna, Elena",2014,"ABSTRACT STATE MACHINES, ALLOY, B, TLA, VDM, AND Z, ABZ 2014",,https://www.webofscience.com/wos/woscc/full-record/WOS:000391055000021,supports-claim,"MapReduce is a powerful distributed data processing model that is currently adopted in a wide range of domains to efficiently handle large volumes of data, i.e., cope with the big data surge. In this paper, we propose an approach to formal derivation of the MapReduce framework. Our approach relies on stepwise refinement in Event-B and, in particular, the event refinement structure approach - a diagrammatic notation facilitating formal development. Our approach allows us to derive the system architecture in a systematic and well-structured way. The main principle of MapReduce is to parallelise processing of data by first mapping them to multiple processing nodes and then merging the results. To facilitate this, we formally define interdependencies between the map and reduce stages of MapReduce. This formalisation allows us to propose an alternative architectural solution that weakens blocking between the stages and, as a result, achieves a higher degree of parallelisation of MapReduce computations.",wos,llm,0.960,unreviewed,
discarded,Using latency as a QoS indicator for global cloud computing services,"Pedersen, Jens Myrup; Riaz, M. Tahir; Dubalski, Bozydar; Ledzinski, Damian; Celestino Junior, Joaquim; Patel, Ahmed",2013,CONCURRENCY AND COMPUTATION-PRACTICE & EXPERIENCE,10.1002/cpe.3081,https://www.webofscience.com/wos/woscc/full-record/WOS:000327156800005,adjacent-subtopic,"Many globally distributed cloud computing (CC) applications and services running over the Internet, between globally dispersed clients and servers, will require certain levels of QoS in order to deliver and give a sufficiently smooth user experience. This would be essential for real-time streaming multimedia applications such as online gaming and watching movies on a pay as you use basis hosted in a CC environment. However, guaranteeing or even predicting QoS in global and diverse networks that are supporting complex hosting of application services is a very challenging issue that needs a stepwise refinement approach to be solved as the technology of CC matures. In this paper, we investigate if latency in terms of simple ping measurements can be used as an indicator for other QoS parameters such as jitter and throughput. The experiments were carried out on a global scale, between servers placed in universities in Denmark, Poland, Brazil, and Malaysia. The results show the correlation between latency and throughput, and between latency and jitter, even though the results are not completely consistent. As a side result, we were able to monitor the changes in QoS parameters during a number of 24-hour periods. This is also a first step toward defining QoS parameters to be included in service level agreements for CC at the global scale in the foreseeable future. Concurrency and Computation: Practice and Experience, 2013.(c) 2013 Wiley Periodicals, Inc.",wos,llm,0.680,unreviewed,
discarded,Reliability prediction for contact strength and fatigue of silicon Cross Mark nitride high strength components using an R-curve approach,"Riesch-Opperrnann, Heinz; Scherrer-Rudiy, Svetlana; Haertelt, Martin; Kraft, Oliver",2013,ENGINEERING FRACTURE MECHANICS,10.1016/j.engfracmech.2012.07.001,https://www.webofscience.com/wos/woscc/full-record/WOS:000325237300006,off-topic-false-hit,"The following paper will highlight the contributions of probabilistic reliability assessment to the failure prediction of brittle materials exhibiting so-called R-curve behaviour. Experimental findings of the authors and in the literature are related to the stepwise refinement in the accuracy of numerical approaches. Special emphasis is put on the fracture mechanics description using the weight function approach and corresponding modifications in the weakest link formulation of the failure prediction. As a verification example, a contact fatigue experiment is used to assess predictions of the weakest link finite element postprocessor STAU. (C) 2012 Elsevier Ltd. All rights reserved.",wos,llm,0.990,unreviewed,
kept,Deriving real-time action systems in a sampling logic,"Dongol, Brijesh; Hayes, Ian J.",2013,SCIENCE OF COMPUTER PROGRAMMING,10.1016/j.scico.2012.07.008,https://www.webofscience.com/wos/woscc/full-record/WOS:000324602500003,supports-claim,"Action systems have been shown to be applicable for modelling and constructing systems in both discrete and hybrid domains. We present a novel semantics for action systems using a sampling logic that facilitates reasoning about the truly concurrent behaviour between an action system and its environment. By reasoning over the apparent states, the sampling logic allows one to determine whether a state predicate is definitely or possibly true over an interval. We present a semantics for action systems that allows the time taken to sample inputs and evaluate expressions (and hence guards) into account. We develop a temporal logic based on the sampling logic that facilitates formalisation of safety, progress, timing and transient properties. Then, we incorporate this logic to the method of enforced properties, which facilitates stepwise refinement of action systems. Crown Copyright (C) 2012 Published by Elsevier B.V. All rights reserved.",wos,llm,0.940,unreviewed,
