status,title,authors,year,venue,doi,url,tags,abstract,provider,decision_source,llm_confidence,llm_review_outcome,llm_change_direction
discarded,Synthesising Robust Controllers for Robot Collectives with Recurrent Tasks: A Case Study,"Schnittka, Till; Gleirscher, Mario",2024,ELECTRONIC PROCEEDINGS IN THEORETICAL COMPUTER SCIENCE,10.4204/EPTCS.411.7,https://www.webofscience.com/wos/woscc/full-record/WOS:001376926700008,adjacent-subtopic,"When designing correct-by-construction controllers for autonomous collectives, three key challenges are the task specification, the modelling, and its use at practical scale. In this paper, we focus on a simple yet useful abstraction for high-level controller synthesis for robot collectives with optimisation goals (e.g., maximum cleanliness, minimum energy consumption) and recurrence (e.g., re-establish contamination and charge thresholds) and safety (e.g., avoid full discharge, mutually exclusive room occupation) constraints. Due to technical limitations (related to scalability and using constraints in the synthesis), we simplify our graph-based setting from a stochastic two-player game into a single-player game on a partially observable Markov decision process (POMDP). Robustness against environmental uncertainty is encoded via partial observability. Linear-time correctness properties are verified separately after synthesising the POMDP strategy. We contribute at-scale guidance on POMDP modelling and controller synthesis for tasked robot collectives exemplified by the scenario of battery-driven robots responsible for cleaning public buildings with utilisation constraints.",wos,llm,0.940,unreviewed,
discarded,Switching Controller Synthesis for Hybrid Systems Against STL Formulas,"Su, Han; Feng, Shenghua; Zhan, Sinong; Zhan, Naijun",2025,"FORMAL METHODS, PT II, FM 2024",10.1007/978-3-031-71177-0_15,https://www.webofscience.com/wos/woscc/full-record/WOS:001336896100015,adjacent-subtopic,"Switching controllers play a pivotal role in directing hybrid systems (HSs) towards the desired objective, embodying a ""correct-by-construction"" approach to HS design. Identifying these objectives is thus crucial for the synthesis of effective switching controllers. While most of existing works focus on safety and liveness, few of them consider timing constraints. In this paper, we delves into the synthesis of switching controllers for HSs that meet system objectives given by a fragment of STL, which essentially corresponds to a reach-avoid problem with timing constraints. Our approach involves iteratively computing the state sets that can be driven to satisfy the reach-avoid specification with timing constraints. This technique supports to create switching controllers for both constant and non-constant HSs. We validate our method's soundness, and confirm its relative completeness for a certain subclass of HSs. Experiment results affirms the efficacy of our approach.",wos,llm,0.940,unreviewed,
discarded,(De/Re)-Composition of Data-Parallel Computations via Multi-Dimensional Homomorphisms,"Rasch, Ari",2024,ACM TRANSACTIONS ON PROGRAMMING LANGUAGES AND SYSTEMS,10.1145/3665643,https://www.webofscience.com/wos/woscc/full-record/WOS:001342548000003,adjacent-subtopic,"Data-parallel computations, such as linear algebra routines and stencil computations, constitute one of the most relevant classes in parallel computing, e.g., due to their importance for deep learning. Efficiently de-composing such computations for the memory and core hierarchies of modern architectures and re-composing the computed intermediate results back to the final result-we say (de/re)-composition for short-is key to achieve high performance for these computations on, e.g., GPU and CPU. Current high-level approaches to generating data-parallel code are often restricted to a particular subclass of data-parallel computations and architectures (e.g., only linear algebra routines on only GPU or only stencil computations), and/or the approaches rely on a user-guided optimization process for a well-performing (de/re)-composition of computations, which is complex and error prone for the user. We formally introduce a systematic (de/re)-composition approach, based on the algebraic formalism of Multi-Dimensional Homomorphisms (MDHs). Our approach is designed as general enough to be applicable to a wide range of data-parallel computations and for various kinds of target parallel architectures. To efficiently target the deep and complex memory and core hierarchies of contemporary architectures, we exploit our introduced (de/re)-composition approach for a correct-by-construction, parametrized cache blocking, and parallelization strategy. We show that our approach is powerful enough to express, in the same formalism, the (de/re)-composition strategies of different classes of state-of-the-art approaches (scheduling-based, polyhedral, etc.), and we demonstrate that the parameters of our strategies enable systematically generating code that can be fully automatically optimized (auto-tuned) for the particular target architecture and characteristics of the input and output data (e.g., their sizes and memory layouts). Particularly, our experiments confirm that via auto-tuning, we achieve higher performance than state-of-the-art approaches, including hand-optimized solutions provided by vendors (such as NVIDIA cuBLAS/cuDNN and Intel oneMKL/oneDNN), on real-world datasets and for a variety of data-parallel computations, including linear algebra routines, stencil and quantum chemistry computations, data mining algorithms, and computations that recently gained high attention due to their relevance for deep learning.",wos,llm,0.870,unreviewed,
discarded,Automated Synthesis of Hardware Designs using Symbolic Feedback and Grammar-Constrained Decoding in Large Language Models,"Jha, Sumit Kumar; Jhat, Susmit; Rashedt, Muhammad Rashedul Haq; Eweti, Rickard; Velasquez, Alvaro",2024,"IEEE NATIONAL AEROSPACE AND ELECTRONICS CONFERENCE, NAECON 2024",10.1109/NAECON61878.2024.10670630,https://www.webofscience.com/wos/woscc/full-record/WOS:001323558600018,off-topic-false-hit,"Large language models (LLMs) are capable of creating small programs including those in hardware description languages. However, there are no guarantees on the correctness of such generated programs. Our approach seeks to create correct-by-construction hardware designs using LLMs by employing formal verification to verify the designs and by using counterexamples to guide the synthesis of such hardware designs in a counterexample-guided refinement loop. Grammar-constrained decoding is used to ensure that the generated code always satisfies the grammar of the hardware description language. We demonstrate the capability of our automated synthesis approach by generating a multiplier using LLMs and their assurance artifacts using model checking. Our approach provides a step in the direction of high-assurance synthesis of hardware artifacts using LLMs and formal methods.",wos,llm,0.970,unreviewed,
discarded,A Temporal Logic-Based Hierarchical Network Connectivity Controller,"Riess, Hans; Kantaros, Yiannis; Pappas, George; Ghrist, Robert",2021,"2021 PROCEEDINGS OF THE CONFERENCE ON CONTROL AND ITS APPLICATIONS, CT",,https://www.webofscience.com/wos/woscc/full-record/WOS:001288424500005,adjacent-subtopic,"In this paper, we consider networks of static sensors with integrated sensing and communication capabilities. The goal of the sensors is to propagate their collected information to every other agent in the network and possibly a human operator. Such a task requires constant communication among all agents which may result in collisions and congestion in wireless communication. To mitigate this issue, we impose locally non-interfering connectivity constraints that must be respected by every agent. We show that these constraints along with the requirement of propagating information in the network can be captured by a Linear Temporal Logic (LTL) framework. Existing temporal logic control synthesis algorithms can be used to design correct-by-construction communication schedules that satisfy the considered LTL formula. Nevertheless, such approaches are centralized and scale poorly with the size of the network. We propose a hierarchical LTL-based algorithm that designs communication schedules that determine which agents should communicate while maximizing network usage. We show that the proposed algorithm is complete and demonstrate its efficiency and scalability through analysis and numerical experiments.",wos,llm,0.950,unreviewed,
discarded,Formal Event-B Modeling of the MICONIC Application,"Ammar, Sabrine; Bhiri, Mohamed Tahar",2021,"NEW TRENDS IN INTELLIGENT SOFTWARE METHODOLOGIES, TOOLS AND TECHNIQUES",10.3233/FAIA210020,https://www.webofscience.com/wos/woscc/full-record/WOS:001180120200016,adjacent-subtopic,"Automatic planning has a de facto standard language called PDDL for describing planning problems. The dynamic analysis tools associated with this language do not allow sufficient verification and validation of PDDL descriptions. Indeed, these tools, namely planners and validators, allow a posteriori error detection. In this paper, we recommend a formal approach coupling the two languages Event-B and PDDL. Event-B supports a formal development process based on the refinement technique with mathematical proofs. Thus, we propose a refinement strategy for obtaining reliable PDDL descriptions from an ultimate Event-B model that is correct by construction. The correctness is guaranteed via the verification and validation tools supported by Event-B. We have chosen the MICONIC application managing modern elevators to illustrate our approach while recognizing that the MICONIC application is already modeled in PDDL without formal proof of its correctness.",wos,llm,0.930,unreviewed,
discarded,Model-Checking of Space Systems Designed with TASTE/SDL,"Dragomir, Iulia; Redondo, Carlos; Jorge, Tiago; Gouveia, Laura; Ober, Iulian; Kolesnikov, Ivan; Bozga, Marius; Perrotin, Maxime",2022,"ACM/IEEE 25TH INTERNATIONAL CONFERENCE ON MODEL DRIVEN ENGINEERING LANGUAGES AND SYSTEMS, MODELS 2022 COMPANION",10.1145/3550356.3561541,https://www.webofscience.com/wos/woscc/full-record/WOS:001118263000048,adjacent-subtopic,"Model-Based Software Engineering (MBSE) is a development approach aiming to build correct-by-construction systems, provided the use of clear, unambiguous and complete models to describe them along the design process. The approach is supported by several engineering tools, such as the TASTE toolset. TASTE is a pragmatic and mature open-source toolset supported by European Space Agency that enables and provides automation for most of the phases of software system development: (i) heterogeneous system design through several modelling and programming languages, (ii) code generation, build and deployment of the binary application(s), and (iii) validation through static analysis and simulation. One topic left open in TASTE is the formal verification of a system design with respect to specified properties. In this paper we describe our approach based on the IF model-checker to enable the formal verification of properties on TASTE designs, as well as the results obtained and lessons learned.",wos,llm,0.960,unreviewed,
discarded,From OCL-based Model Static Analysis to Quick Fixes,"Jouault, Frederic; Mere, Maxime; Brun, Matthias; Le Calvar, Theo; Pasquier, Matthias; Teodorov, Ciprian",2022,"ACM/IEEE 25TH INTERNATIONAL CONFERENCE ON MODEL DRIVEN ENGINEERING LANGUAGES AND SYSTEMS, MODELS 2022 COMPANION",10.1145/3550356.3561562,https://www.webofscience.com/wos/woscc/full-record/WOS:001118263000124,off-topic-false-hit,"Giving accurate and relevant static analysis feedback to modeling tool users significantly helps them design useful models. This feedback is even more valuable when it comes with completion proposals, called quick fixes, which users can apply to automatically resolve specific issues. However, implementing such static analysis and quick fix tooling is tedious and error prone. For instance, providing accurate messages typically requires decomposing complex model queries into simpler ones, while suitably handling their dependencies. Moreover, each quick fix should actually resolve the issue it is supposed to fix, which is not always easy to ensure. This paper presents an approach that leverages reverse propagation of OCL-like boolean expressions to provide correct-by-construction quick fixes. It only requires adding specific annotations to expressions in order to guide quick fix computation. A proof-of-concept implementation of this approach on the AnimUML partial modeling tool is described. It is able to automatically construct messages, to report different messages depending on which part of a predicate fails, and to provide quick fixes.",wos,llm,0.970,unreviewed,
discarded,Validating the Correctness of Reactive Systems Specifications Through Systematic Exploration,"Ma'ayan, Dor; Maoz, Shahar; Rozi, Roey",2022,"PROCEEDINGS OF THE 25TH INTERNATIONAL ACM/IEEE CONFERENCE ON MODEL DRIVEN ENGINEERING LANGUAGES AND SYSTEMS, MODELS 2022",10.1145/3550355.3552425,https://www.webofscience.com/wos/woscc/full-record/WOS:001147203600013,adjacent-subtopic,"Reactive synthesis is an automated procedure to obtain a correct-by-construction reactive system from its temporal logic specification. While the synthesized system is guaranteed to be correct w.r.t. the specification, the specification itself may be incorrect w.r.t. the engineers' intention or w.r.t. the requirements or the environment in which the system should execute in. It thus requires validation. Combinatorial coverage (CC) is a well-known coverage criterion. Its rationale and key for effectiveness is the empirical observation that in many cases, the presence of a defect depends on the interaction between a small number of features of the system at hand.

In this work we propose a validation approach for a reactive system specification, based on a systematic combinatorial exploration of the behaviors of a controller that was synthesized from it. Specifically, we present an algorithm to generate and execute a small scenario suite that covers all tuples of given variable value combinations over the reachable states of the controller.

We have implemented our work in the Spectra synthesis environment. We evaluated it over benchmarks from the literature using a mutation approach, specifically tailored for evaluating scenario suites of temporal specifications for reactive synthesis. The evaluation shows that for pairwise coverage, our CC algorithms are feasible and provide a 1.7 factor of improvement in mutation score compared to random scenario generation. We further report on a user study with students who have participated in a workshop class at our university and have used our tool to validate their specifications. The user study results demonstrate the potential effectiveness of our work in helping engineers detect real bugs in the specifications they write.",wos,llm,0.950,unreviewed,
discarded,Learning Proposals for Probabilistic Programs with Inference Combinators,"Stites, Sam; Zimmermann, Heiko; Wu, Hao; Sennesh, Eli; van de Meent, Jan-Willem",2021,"UNCERTAINTY IN ARTIFICIAL INTELLIGENCE, VOL 161",,https://www.webofscience.com/wos/woscc/full-record/WOS:001237128000099,off-topic-false-hit,"We develop operators for construction of proposals in probabilistic programs, which we refer to as inference combinators. Inference combinators define a grammar over importance samplers that compose primitive operations such as application of a transition kernel and importance resampling. Proposals in these samplers can be parameterized using neural networks, which in turn can be trained by optimizing variational objectives. The result is a framework for user-programmable variational methods that are correct by construction and can be tailored to specific models. We demonstrate the flexibility of this framework by implementing advanced variational methods based on amortized Gibbs sampling and annealing.",wos,llm,0.980,unreviewed,
discarded,Angelic and Demonic Visitation: School Memories,"Salem, Leila",2021,"PROCEEDINGS OF THE 2021 ACM SIGPLAN INTERNATIONAL SYMPOSIUM ON NEW IDEAS, NEW PARADIGMS, AND REFLECTIONS ON PROGRAMMING AND SOFTWARE, ONWARD! 2021",10.1145/3486607.3486773,https://www.webofscience.com/wos/woscc/full-record/WOS:001304072600005,adjacent-subtopic,The whole activity of programming can be thought of as a process of time reusability. This essay considers how computing education can transform these errors into shared learning journeys by refining the relationship between programmer and user. It is also an interpretation of Ralph-Johan Back's Changing data representation in the refinement calculus.,wos,llm,0.580,unreviewed,
discarded,A Correct by Construction Approach for the Modeling and the Verification of Cyber-Physical Systems in Event-B,"Afendi, Meryem",2020,"RIGOROUS STATE-BASED METHODS, ABZ 2020",10.1007/978-3-030-48077-6_31,https://www.webofscience.com/wos/woscc/full-record/WOS:001286419000031,adjacent-subtopic,"Cyber-Physical Systems (CPSs) connect the real world to software systems through a network of sensors and actuators: physical and discrete components interact in complex ways by involving different spatial and temporal scales. One of the most common architectures for CPSs is a discrete software controller which interacts with its physical environment in a closed-loop schema where input from sensors is processed and output is generated and communicated to actuators. We are concerned with the construction and verification of the correctness of such discrete controller using a correct by construction approach, which requires correct integration of discrete and continuous models.",wos,llm,0.940,unreviewed,
discarded,A Verified Low-Level Implementation of the Adaptive Exterior Light and Speed Control System,"Krings, Sebastian; Koerner, Philipp; Dunkelau, Jannik; Rutenkolk, Chris",2020,"RIGOROUS STATE-BASED METHODS, ABZ 2020",10.1007/978-3-030-48077-6_30,https://www.webofscience.com/wos/woscc/full-record/WOS:001286419000030,adjacent-subtopic,"In this article, we present an approach to the ABZ 2020 case study, that differs from the ones usually presented at ABZ: Rather than using a (correct-by-construction) approach following a formal method, we use MISRA C for a low-level implementation instead. We strictly adhere to test-driven development for validation, and only afterwards apply model checking using CBMC for verification. In consequence, our realization of the ABZ case study can serve as a baseline reference for comparison, allowing to assess the benefit provided by the various formal modeling languages, methods and tools.",wos,llm,0.880,unreviewed,
discarded,Modelling Hybrid Programs with Event-B,"Afendi, Meryem; Laleau, Regine; Mammar, Amel",2020,"RIGOROUS STATE-BASED METHODS, ABZ 2020",10.1007/978-3-030-48077-6_10,https://www.webofscience.com/wos/woscc/full-record/WOS:001286419000010,adjacent-subtopic,"Hybrid systems are one of the most common mathematical models for Cyber-Physical Systems (CPSs). They combine discrete dynamics represented by state machines or finite automata with continuous behaviors represented by differential equations. The measurement of continuous behaviors is performed by sensors. When these sensors have a continuous access to these measurements, we call such model an Event-Triggered model. The properties of this model are easier to prove, while its implementation is difficult in practice. Therefore, it is preferable to introduce a more realistic model, called Time-Triggered model, where the sensors take periodic measurements. Contrary to Event-Triggered models, Time-Triggered models are much easier to implement, but much more difficult to verify. Based on the differential refinement logic (dRL), a dynamic logic for refinement relations on hybrid systems, it is possible to prove that a Time-Triggered model refines an Event-Triggered model. The major limitation of such logic is that it is not supported by any prover. In this paper, we propose a correct-by-construction approach that implements the reasoning on hybrid programs particularly the reasoning of dRL in Event-B to take advantage of its associated tools.",wos,llm,0.900,unreviewed,
discarded,Complete Multiparty Session Type Projection with Automata,"Li, Elaine; Stutz, Felix; Wies, Thomas; Zufferey, Damien",2023,"COMPUTER AIDED VERIFICATION, CAV 2023, PT III",10.1007/978-3-031-37709-9_17,https://www.webofscience.com/wos/woscc/full-record/WOS:001310805600017,adjacent-subtopic,"Multiparty session types (MSTs) are a type-based approach to verifying communication protocols. Central to MSTs is a projection operator: a partial function that maps protocols represented as global types to correct-by-construction implementations for each participant, represented as a communicating state machine. Existing projection operators are syntactic in nature, and trade efficiency for completeness. We present the first projection operator that is sound, complete, and efficient. Our projection separates synthesis from checking implementability. For synthesis, we use a simple automata-theoretic construction; for checking implementability, we present succinct conditions that summarize insights into the property of implementability. We use these conditions to show that MST implementability is PSPACE-complete. This improves upon a previous decision procedure that is in EXPSPACE and applies to a smaller class of MSTs. We demonstrate the effectiveness of our approach using a prototype implementation, which handles global types not supported by previous work without sacrificing performance.",wos,llm,0.950,unreviewed,
