status,title,authors,year,venue,doi,url,tags,abstract,provider,decision_source,llm_confidence,llm_review_outcome,llm_change_direction
discarded,Specification styles in distributed systems design and verification,Chris A. Vissers; Giuseppe Scollo; Marten van Sinderen; Ed Brinksma,1991,Theoretical Computer Science,10.1016/0304-3975(90)90111-t,https://openalex.org/W2135012291,adjacent-subtopic,,openalex,llm,0.830,unreviewed,
discarded,Monadic Memoization towards Correctness-Preserving Reduction of Search,Richard Frost,2003,Lecture notes in computer science,10.1007/3-540-44886-1_8,https://openalex.org/W1558294391,off-topic-false-hit,,openalex,llm,0.930,unreviewed,
discarded,An Internalist Approach to Correct-by-Construction Compilers,Alberto Pardo; Emmanuel Gunther; Miguel Pagano; Marcos Viera,2018,,10.1145/3236950.3236965,https://openalex.org/W2886972674,adjacent-subtopic,"In this paper we present a methodology to organize the construction of a correct compiler, taking advantage of the power of full dependently type systems. The basic idea consists in decorating the abstract syntax of languages with their semantics, allowing to express the correctness of the compiler at type level. We show our methodology in a first small example and then explore how it can be promoted to more realistic languages, realizing that our internalistic approach is feasible for defining a correct-by-construction compiler from an imperative language with conditional iteration to a stack based intermediate language. We also show how this methodology can be combined with the externalist approach, compiling from the intermediate language to an assembly-like low level code and separately proving its correctness.",openalex,llm,0.860,unreviewed,
kept,Correctness-by-construction for feature-oriented software product lines,Tabea Bordis; Tobias Runge; Ina Schaefer,2020,,10.1145/3425898.3426959,https://openalex.org/W3108144276,supports-claim,"Software product lines are increasingly used to handle the growing demand of custom-tailored software variants. They provide systematic reuse of software paired with variability mechanisms in the code to implement whole product families rather than single software products. A common domain of application for product lines are safety-critical systems, which require behavioral correctness to avoid dangerous situations in-field. While most approaches concentrate on post-hoc verification for product lines, we argue that a stepwise approach to create correct programs may be beneficial for developers to manage the growing variability. Correctness-by-construction is such a stepwise approach to create programs using a set of small, tractable refinement rules that guarantee the correctness of the program with regard to its specification. In this paper, we propose the first approach to develop correct-by-construction software product lines using feature-oriented programming. First, we extend correctness-by-construction by two refinement rules for variation points in the code. Second, we give a proof for the soundness of the proposed rules. Third, we implement our technique in a tool called VarCorC and show the applicability of the tool by conducting two case studies.",openalex,llm,0.930,unreviewed,
kept,Refinement of fair action systems,R. J. R. Back; Qiwen Xu,1998,Acta Informatica,10.1007/s002360050116,https://openalex.org/W1998599440,supports-claim,"An action system is a framework for describing parallel or distributed systems, for which the refinement calculus offers a formalisation of the stepwise development method. Fairness is an important notion in modelling parallel or distributed systems, and this paper investigates a calculus for refinement of fair action systems. Simulations, which are proof techniques for refinement, are extended to verify fair action systems. Our work differs from others' in that the additional condition concerning fairness is expressed through termination of related iteration statements. For this purpose, existing proof rules for termination are extended. In the tradition of the refinement calculus, our approach to fairness is based on techniques developed mainly for sequential programming.",openalex,llm,0.980,unreviewed,
discarded,Imitation of nonwords by hearing impaired children with cochlear implants: suprasegmental analyses,Allyson K. Carter; Caitlin Dillon; David B. Pisoni,2002,Clinical Linguistics & Phonetics,10.1080/02699200021000034958,https://openalex.org/W2155024565,off-topic-false-hit,"In this study, we examined two prosodic characteristics of speech production in 8-10-year-old experienced cochlear implant (CI) users who completed a nonword repetition task. We looked at how often they correctly reproduced syllable number and primary stress location in their responses. Although only 5% of all nonword imitations were produced correctly without errors, 64% of the imitations contained the correct syllable number and 61% had the correct placement of primary stress. Moreover, these target prosodic properties were correctly preserved significantly more often for targets with fewer syllables and targets with primary stress on the initial syllable. Syllable and stress scores were significantly correlated with measures of speech perception, intelligibility, perceived accuracy, and working memory. These findings suggest that paediatric CI users encode the overall prosodic envelope of nonword patterns, despite the loss of more detailed segmental properties. This phonological knowledge is also reflected in other language and memory skills.",openalex,llm,0.990,unreviewed,
discarded,Building Correct by Construction SOA Design Patterns: Modeling and Refinement,Imen Tounsi; Mohamed Hadj Kacem; Ahmed Hadj Kacem,2013,Lecture notes in computer science,10.1007/978-3-642-39031-9_4,https://openalex.org/W191895865,adjacent-subtopic,,openalex,llm,0.790,unreviewed,
discarded,Correctness-preserving transformations for the design of parallel programs,Naïma Brown,1995,Lecture notes in computer science,10.1007/3-540-59450-7_3,https://openalex.org/W1522735402,adjacent-subtopic,,openalex,llm,0.830,unreviewed,
discarded,Correct-by-Construction Parallelization of Hard Real-Time Avionics Applications on Off-the-Shelf Predictable Hardware,Keryan Didier; Dumitru Potop‐Butucaru; Guillaume Iooss; Albert Cohen; Jean Souyris; Philippe Baufreton; Amaury Graillat,2019,ACM Transactions on Architecture and Code Optimization,10.1145/3328799,https://openalex.org/W2960647341,adjacent-subtopic,"We present the first end-to-end modeling and compilation flow to parallelize hard real-time control applications while fully guaranteeing the respect of real-time requirements on off-the-shelf hardware. It scales to thousands of dataflow nodes and has been validated on two production avionics applications. Unlike classical optimizing compilation, it takes as input non-functional requirements (real time, resource limits). To enforce these requirements, the compiler follows a static resource allocation strategy, from coarse-grain tasks communicating over an interconnection network all the way to individual variables and memory accesses. It controls timing interferences resulting from mapping decisions in a precise, safe, and scalable way.",openalex,llm,0.900,unreviewed,
discarded,Unifying classes and processes,Ana Cavalcanti; Augusto Sampaio; Jim Woodcock,2005,Software & Systems Modeling,10.1007/s10270-005-0085-2,https://openalex.org/W2014505017,adjacent-subtopic,,openalex,llm,0.620,unreviewed,
kept,(Inter-)Action Refinement: The Easy Way,Manfred Broy,1993,NATO ASI series. Series F : Computer and system sciences,10.1007/978-3-662-02880-3_5,https://openalex.org/W1568472061,supports-claim,,openalex,llm,0.850,unreviewed,
discarded,Logical Correctness by Construction,Sany Leinwand,1982,Design Automation Conference,10.5555/800263.809296,https://openalex.org/W2098014782,adjacent-subtopic,"A novel methodological approach to the design of large-scale-integrated systems proposed correctness by construction. By using a restricted repertoire of admissible combination rules, it is possible to guarantee that only designs suitable for implementation are generated. This paper addresses the complementary issue of logical correctness by construction - prohibiting meaningless constructs from occurring. The presented approach is based on defining meaning in terms of a catalog of standard operators. Admissible compositions are restricted so that only constructs belonging to this catalog may be generated. This approach is mainly intended for the data-path of digital systems. There, repetitive and regular compositions provide a suitable environment for using catalogs of operators. The paper focuses on the description of operators relevant to the design at Register Transfer Level. Manipulation rules are used for describing their properties. Rules basic to logical correctness by construction are shown to be: contractions, expansions and transformations into canonical forms.",openalex,llm,0.780,unreviewed,
kept,A refinement calculus for expressions,Sharon Flynn,1997,Enlighten: Theses (The University of Glasgow),10.5525/gla.thesis.71756,https://openalex.org/W106319670,supports-claim,"This thesis describes a calculus intended for the refinement of expressions, in particular the calculus provides a framework for the formal derivation of executable expressions from initial specifications. The approach taken follows and extends the work of Back, Morris and Morgan on the refinement calculus for imperative style programs. We contribute to the area by providing a refinement calculus of expressions with a simple semantics and support for the formulation and development of specifications in parts. We take the view that a refinement calculus consists of: a specification language, which usually includes constructs which are non-executable, but is a ""super-language"" of a programming language; a refinement relation between specifications, which possesses particular properties necessary for the refinement of specifications in a stepwise and piecewise manner; and a set of laws determining how such refinements may proceed. We describe a simple functional language of expressions which includes features for undefinedness, non-determinism and partiality. The added constructs allow the easy formulation of expressive and abstract specifications, giving maximum freedom to the implementor. The issue of methods to structure large specifications is addressed through the concept of partiality. We provide support for the construction of specifications in parts, together with operations to compose partial specifications to form the whole. We also consider how the state and exception monads, used to hide imperative features in pure functional programs, might be used similarly to structure specifications. A refinement relation between specifications is defined. A set of laws suitable for the manipulation and refinement of expressions is proposed. The expression language is given a simple denotational semantics, using powerdomain structures to capture non-determinism. This semantics allows the easy and intuitive formal definition of refinement, using the Smyth ordering for powerdomains, and facilitates the construction of the proofs of the proposed laws for the calculus.",openalex,llm,0.970,unreviewed,
kept,Products in the Refinement Calculus,R. J. R. Back; Joakim Wright von,1999,,,https://openalex.org/W158791101,supports-claim,"We study program states that are described as tuples, i.e., product state spaces. Modeling programs as predicate transformers, we define a product operator on program statements that describes the independent execution of statements on disjoint state spaces. The algebraic properties of this product operator are studied, in particular the basic monotonicity and distributivity properties that the operator has, and their applications. We also consider how to extend the state space by adding new state components, and show how this is modeled using the product operator. Finally, we show how products are useful to formulate data refinement, both as a general concept and as a technique for replacing local state components of program blocks.",openalex,llm,0.950,unreviewed,
discarded,A Tutorial Introduction to Designs in Unifying Theories of Programming,Jim Woodcock; Ana Cavalcanti,2004,Lecture notes in computer science,10.1007/978-3-540-24756-2_4,https://openalex.org/W2617634135,adjacent-subtopic,,openalex,llm,0.780,unreviewed,
discarded,Deriving operational software specifications from system goals,Emmanuel Letier; Axel van Lamsweerde,2002,,10.1145/587051.587070,https://openalex.org/W2164022737,adjacent-subtopic,"Goal orientation is an increasingly recognized paradigm for eliciting, modeling, specifying and analyzing software requirements. Goals are statements of intent organized in AND/OR refinement structures; they range from high-level, strategic concerns to low-level, technical requirements on the software-to-be and assumptions on its environment. The operationalization of system goals into specifications of software services is a core aspect of the requirements elaboration process for which little systematic and constructive support is available. In particular, most formal methods assume such operational specifications to be given and focus on their a posteriori analysis.The paper considers a formal, constructive approach in which operational software specifications are built incrementally from higher-level goal formulations in a way that guarantees their correctness by construction. The operationalization process is based on formal derivation rules that map goal specifications to specifications of software operations; more specifically, these rules map real-time temporal logic specifications to sets of pre-, post- and trigger conditions. The rules define operationalization patterns that may be used for guiding and documenting the operationalization process while hiding all formal reasoning details; the patterns are formally proved correct once and for all. The catalog of operationalization patterns is structured according to a rich taxonomy of goal specification patterns.",openalex,llm,0.790,unreviewed,
discarded,Identifying Latent Structures in Restricted Latent Class Models,Gongjun Xu; Zhuoran Shang,2017,Journal of the American Statistical Association,10.1080/01621459.2017.1340889,https://openalex.org/W2716847298,off-topic-false-hit,"This article focuses on a family of restricted latent structure models with wide applications in psychological and educational assessment, where the model parameters are restricted via a latent structure matrix to reflect prespecified assumptions on the latent attributes. Such a latent matrix is often provided by experts and assumed to be correct upon construction, yet it may be subjective and misspecified. Recognizing this problem, researchers have been developing methods to estimate the matrix from data. However, the fundamental issue of the identifiability of the latent structure matrix has not been addressed until now. The first goal of this article is to establish identifiability conditions that ensure the estimability of the structure matrix. With the theoretical development, the second part of the article proposes a likelihood-based method to estimate the latent structure from the data. Simulation studies show that the proposed method outperforms the existing approaches. We further illustrate the method through a dataset in educational assessment. Supplementary materials for this article are available online.",openalex,llm,0.990,unreviewed,
kept,Introduction,Ralph‐Johan Back; Joakim Wright,1998,,10.1007/978-1-4612-1674-2_1,https://openalex.org/W4248830405,duplicate-reprint-of-cited-source,,openalex,llm,0.740,unreviewed,
discarded,RATSY – A New Requirements Analysis Tool with Synthesis,Roderick Bloem; Alessandro Cimatti; Karin Greimel; Georg Hofferek; Robert Könighofer; Marco Roveri; Viktor Schuppan; Richard Seeber,2010,Lecture notes in computer science,10.1007/978-3-642-14295-6_37,https://openalex.org/W1570601698,adjacent-subtopic,,openalex,llm,0.700,unreviewed,
discarded,SystemCoDesigner—an automatic ESL synthesis approach by design space exploration and behavioral synthesis for streaming applications,Joachim Keinert; Martin Streubühr; Thomas Schlichter; Joachim Falk; Jens Gladigau; Christian Haubelt; Jürgen Teich; Michael P. Meredith,2009,ACM Transactions on Design Automation of Electronic Systems,10.1145/1455229.1455230,https://openalex.org/W2064115172,adjacent-subtopic,"With increasing design complexity, the gap from ESL (Electronic System Level) design to RTL synthesis becomes more and more crucial to many industrial projects. Although several behavioral synthesis tools exist to automatically generate synthesizable RTL code from C/C++/SystemC-based input descriptions and software generation for embedded processors is automated as well, an efficient ESL synthesis methodology combining both is still missing. This article presents SystemCoDesigner, a novel SystemC-based ESL tool to automatically optimize a hardware/software SoC (System on Chip) implementation with respect to several objectives. Starting from a SystemC behavioral model, SystemCoDesigner automatically extracts the mathematical model, performs a behavioral synthesis step, and explores the multiobjective design space using state-of-the-art multiobjective optimization algorithms. During design space exploration, a single design point is evaluated by simulating highly accurate performance models, which are automatically generated from the SystemC behavioral model and the behavioral synthesis results. Moreover, SystemCoDesigner permits the automatic generation of bit streams for FPGA targets from any previously optimized SoC implementation. Thus SystemCoDesigner is the first fully automated ESL synthesis tool providing a correct-by-construction generation of hardware/software SoC implementations. As a case study, a model of a Motion-JPEG decoder was automatically optimized and implemented using SystemCoDesigner. Several synthesized SoC variants based on this model show different tradeoffs between required hardware costs and achieved system throughput, ranging from software-only solutions to pure hardware implementations that reach real-time performance for QCIF streams on a 50MHz FPGA.",openalex,llm,0.900,unreviewed,
discarded,A Verifiable and Correct-by-Construction Controller for Robots in Human Environments,Lavindra de Silva; Rongjie Yan; Félix Ingrand; Rachid Alami; Saddek Bensalem,2015,,10.1145/2701973.2702098,https://openalex.org/W2007282794,adjacent-subtopic,"With the increasing use of domestic and service robots alongside humans, it is now becoming crucial to be able to verify whether robot-software is safe, dependable, and correct. Indeed, in the near future it may well be necessary for robot-software developers to provide safety certifications guaranteeing, e.g. that a hospital nursebot will not move too fast while a person is leaning on it, that the arm of a service robot will not unexpectedly open its gripper while holding a glass, or that there will never be a software deadlock while a robot is navigating in an office. To this end, we have provided a framework and software engineering methodology for developing safe and dependable real-world robotic architectures, with a focus on the functional level--the lowest level of a typical layered robotic architecture--which has all the basic action and perception capabilities such as image processing, obstacle avoidance, and motion control. Unlike past work we address the formal verification of the functional level, which allows providing guarantees that it will not do steps leading to undesirable/disastrous outcomes.",openalex,llm,0.840,unreviewed,
kept,Correctness-by-Construction and Post-hoc Verification: Friends or Foes?,Maurice H. ter Beek; Reiner Hähnle; Ina Schaefer,2016,Lecture notes in computer science,10.1007/978-3-319-47166-2_51,https://openalex.org/W2528361797,supports-claim,"While correctness-by-construction and post-hoc verification are traditionally considered to provide two opposing views on proving software systems to be free from errors, nowadays numerous techniques and application fields witness initiatives that try to integrate elements of both ends of the spectrum. The ultimate aim is not merely to improve the correctness of software systems but also to improve their time-to-market, and to do so at a reasonable cost. This track brings together researchers and practitioners interested in the inherent 'tension' that is usually felt when trying to balance the pros and cons of correctness-by-construction versus post-hoc verification.",openalex,llm,0.910,unreviewed,
kept,Program derivation using the refinement calculator,Michael Butler; Thomas Långbacka,1996,Lecture notes in computer science,10.1007/bfb0105399,https://openalex.org/W1516574343,supports-claim,,openalex,llm,0.940,unreviewed,
