status,title,authors,year,venue,doi,url,tags,abstract,provider,decision_source,llm_confidence,llm_review_outcome,llm_change_direction
discarded,Automated Repair of Unrealisable LTL Specifications Guided by Model Counting,"Brizzio, Matias; Cordy, Maxime; Papadakis, Mike; Sanchez, Cesar; Aguirre, Nazareno; Degiovanni, Renzo",2023,"PROCEEDINGS OF THE 2023 GENETIC AND EVOLUTIONARY COMPUTATION CONFERENCE, GECCO 2023",10.1145/3583131.3590454,https://www.webofscience.com/wos/woscc/full-record/WOS:001031455100167,adjacent-subtopic,"The reactive synthesis problem consists of automatically producing correct-by-construction operational models of systems from high-level formal specifications of their behaviours. However, specifications are often unrealisable, meaning that no system can be synthesised from the specification. To deal with this problem, we present AuRUS, a search-based approach to repair unrealisable Linear-Time Temporal Logic (LTL) specifications. AuRUS aims at generating solutions that are similar to the original specifications by using the notions of syntactic and semantic similarities. Intuitively, the syntactic similarity measures the text similarity between the specifications, while the semantic similarity measures the number of behaviours preserved/removed by the candidate repair. We propose a new heuristic based on model counting to approximate semantic similarity. We empirically assess AuRUS on many unrealisable specifications taken from different benchmarks and show that it can successfully repair all of them. Also, compared to related techniques, AuRUS can produce many unique solutions while showing more scalability.",wos,llm,0.920,unreviewed,
discarded,Synchronous Deterministic Parallel Programming for Multi-Cores with ForeC,"Yip, Eugene; Girault, Alain; Roop, Partha S.; Biglari-Abhari, Morteza",2023,ACM TRANSACTIONS ON PROGRAMMING LANGUAGES AND SYSTEMS,10.1145/3591594,https://www.webofscience.com/wos/woscc/full-record/WOS:001028843500005,adjacent-subtopic,"Embedded real-time systems are tightly integrated with their physical environment. Their correctness depends both on the outputs and timeliness of their computations. The increasing use of multi-core processors in such systems is pushing embedded programmers to be parallel programming experts. However, parallel programming is challenging because of the skills, experiences, and knowledge needed to avoid common parallel programming traps and pitfalls. This article proposes the ForeC synchronous multi-threaded programming language for the deterministic, parallel, and reactive programming of embedded multi-cores. The synchronous semantics of ForeC is designed to greatly simplify the understanding and debugging of parallel programs. ForeC ensures that ForeC programs can be compiled efficiently for parallel execution and be amenable to static timing analysis. ForeC's main innovation is its shared variable semantics that provides thread isolation and deterministic thread communication. All ForeC programs are correct by construction and deadlock free because no non-deterministic constructs are needed. We have benchmarked our ForeC compiler with several medium-sized programs (e.g., a 2.274-line ForeC program with up to 26 threads and distributed on up to 10 cores, which was based on a 2.155-line non-multi-threaded C program). These benchmark programs show that ForeC can achieve better parallel performance than Esterel, a widely used imperative synchronous language for concurrent safety-critical systems, and is competitive in performance to OpenMP, a popular desktop solution for parallel programming (which implements classical multi-threading, hence is intrinsically non-deterministic). We also demonstrate that the worst-case execution time of ForeC programs can be estimated to a high degree of precision.",wos,llm,0.900,unreviewed,
discarded,Koopman-Inspired Implicit Backward Reachable Sets for Unknown Nonlinear Systems,"Balim, Haldun; Aspeel, Antoine; Liu, Zexiang; Ozay, Necmiye",2023,IEEE CONTROL SYSTEMS LETTERS,10.1109/LCSYS.2023.3286126,https://www.webofscience.com/wos/woscc/full-record/WOS:001022162300011,adjacent-subtopic,"Koopman liftings have been successfully used to learn high dimensional linear approximations for autonomous systems for prediction purposes, or for control systems for leveraging linear control techniques to control nonlinear dynamics. In this letter, we show how learned Koopman approximations can be used for state-feedback correct-by-construction control. To this end, we introduce the Koopman over-approximation, a (possibly hybrid) lifted representation that has a simulation-like relation with the underlying dynamics. Then, we prove how successive application of controlled predecessor operation in the lifted space leads to an implicit backward reachable set for the actual dynamics. Finally, we demonstrate the approach on two nonlinear control examples with unknown dynamics.",wos,llm,0.910,unreviewed,
kept,Internet of Things design patterns modeling proven correct by construction: Application to aged care solution,"Tounsi, Imen; Saidi, Abdessamad; Kacem, Mohamed Hadj; Kacem, Ahmed Hadj",2023,FUTURE GENERATION COMPUTER SYSTEMS-THE INTERNATIONAL JOURNAL OF ESCIENCE,10.1016/j.future.2023.05.018,https://www.webofscience.com/wos/woscc/full-record/WOS:001034116300001,adjacent-subtopic,"The Internet of Things (IoT) is a rapidly growing technology trend that seeks to bridge the gap between the physical and digital worlds. Given the complexity of IoT systems, design patterns are essential to overcome recurring problems. However, IoT design patterns must be modeled as valid mathematical entities to avoid implementation errors and ambiguities. This study proposes a refinement-based approach for modeling IoT design patterns using formal method techniques, which enable the creation of correct-by-construction patterns. Our approach uses the Event-B method to specify the models and validate the design. The ultimate goal is to design IoT patterns in a way that ensures their correctness and encourages their reuse. The results of this approach show that it can ensure quality attribute properties while saving time and costs related to software development. We test our approach with examples of patterns and provide a proposed solution in the healthcare sector. This study demonstrates the benefits of using formal methods to model and validate IoT design patterns.& COPY; 2023 Elsevier B.V. All rights reserved.",wos,llm,0.760,unreviewed,
kept,FLEXIBLE CORRECT-BY-CONSTRUCTION PROGRAMMING,"Runge, Tobias; Bordis, Tabea; Potanin, Alex; Thuem, Thomas; Schaefer, Ina",2023,LOGICAL METHODS IN COMPUTER SCIENCE,10.46298/LMCS-19(2:16)2023,https://www.webofscience.com/wos/woscc/full-record/WOS:001026271900002,adjacent-subtopic,". Correctness-by-Construction (CbC) is an incremental program construction process to construct functionally correct programs. The programs are constructed stepwise along with a specification that is inherently guaranteed to be satisfied. CbC is complex to use without specialized tool support, since it needs a set of predefined refinement rules of fixed granularity which are additional rules on top of the programming language. Each refinement rule introduces a specific programming statement and developers cannot depart from these rules to construct programs. CbC allows to develop software in a structured and incremental way to ensure correctness, but the limited flexibility is a disadvantage of CbC. In this work, we compare classic CbC with CBC-BLocK and TRAITCBC. Both approaches CBC-BLocK and TRAITCBC, are related to CbC, but they have new language constructs that enable a more flexible software construction approach. We provide for both approaches a programming guideline, which similar to CbC, leads to well-structured programs. CBC-BLocK extends CbC by adding a refinement rule to insert any block of statements. Therefore, we introduce CBC-BLocK as an extension of CbC. TRAITCBC implements correctness-by-construction on the basis of traits with specified methods. We formally introduce TRAITCBC and prove soundness of the construction strategy. All three development approaches are qualitatively compared regarding their programming constructs, tool support, and usability to assess which is best suited for certain tasks and developers.",wos,llm,0.880,unreviewed,
discarded,Leveraging Rust Types for Program Synthesis,"Fiala, Jonas; Itzhaky, Shachar; Muller, Peter; Polikarpova, Nadia; Sergey, Ilya",2023,PROCEEDINGS OF THE ACM ON PROGRAMMING LANGUAGES-PACMPL,10.1145/3591278,https://www.webofscience.com/wos/woscc/full-record/WOS:001005701900060,adjacent-subtopic,"The Rust type system guarantees memory safety and data-race freedom. However, to satisfy Rust's type rules, many familiar implementation patterns must be adapted substantially. These necessary adaptations complicate programming and might hinder language adoption. In this paper, we demonstrate that, in contrast to manual programming, automatic synthesis is not complicated by Rust's type system, but rather benefits in two major ways. First, a Rust synthesizer can get away with significantly simpler specifications. While in more traditional imperative languages, synthesizers often require lengthy annotations in a complex logic to describe the shape of data structures, aliasing, and potential side effects, in Rust, all this information can be inferred from the types, letting the user focus on specifying functional properties using a slight extension of Rust expressions. Second, the Rust type system reduces the search space for synthesis, which improves performance. In this work, we present the first approach to automatically synthesizing correct-by-construction programs in safe Rust. The key ingredient of our synthesis procedure is Synthetic Ownership Logic, a new program logic for deriving programs that are guaranteed to satisfy both a user-provided functional specification and, importantly, Rust's intricate type system. We implement this logic in a new tool called RusSOL. Our evaluation shows the effectiveness of RusSOL, both in terms of annotation burden and performance, in synthesizing provably correct solutions to common problems faced by new Rust developers.",wos,llm,0.880,unreviewed,
discarded,A domain-theoretic framework for robustness analysis of neural networks,"Zhou, Can; Shaikh, Razin A.; Li, Yiran; Farjudian, Amin",2023,MATHEMATICAL STRUCTURES IN COMPUTER SCIENCE,10.1017/S0960129523000142,https://www.webofscience.com/wos/woscc/full-record/WOS:001008309500001,adjacent-subtopic,"A domain-theoretic framework is presented for validated robustness analysis of neural networks. First, global robustness of a general class of networks is analyzed. Then, using the fact that Edalat's domain-theoretic L-derivative coincides with Clarke's generalized gradient, the framework is extended for attack-agnostic local robustness analysis. The proposed framework is ideal for designing algorithms which are correct by construction. This claim is exemplified by developing a validated algorithm for estimation of Lipschitz constant of feedforward regressors. The completeness of the algorithm is proved over differentiable networks and also over general position ReLU networks. Computability results are obtained within the framework of effectively given domains. Using the proposed domain model, differentiable and non-differentiable networks can be analyzed uniformly. The validated algorithm is implemented using arbitrary-precision interval arithmetic, and the results of some experiments are presented. The software implementation is truly validated, as it handles floating-point errors as well.",wos,llm,0.870,unreviewed,
discarded,Memory Optimizations in an Array Language,"Munksgaard, Philip; Henriksen, Troels; Sadayappan, Ponnuswamy; Oancea, Cosmin",2022,"SC22: INTERNATIONAL CONFERENCE FOR HIGH PERFORMANCE COMPUTING, NETWORKING, STORAGE AND ANALYSIS",10.1109/SC41404.2022.00036,https://www.webofscience.com/wos/woscc/full-record/WOS:000981934800070,adjacent-subtopic,"We present a technique for introducing and optimizing the use of memory in a functional array language, aimed at GPU execution, that supports correct-by-construction parallelism. Using linear memory access descriptors as building blocks, we define a notion of memory in the compiler IR that enables cost-free change-of-layout transformations (e.g., slicing, transposition), whose results can even be carried across control flow such as ifs/loops without manifestation in memory. The memory notion allows a graceful transition to an unsafe IR that is automatically optimized (1) to mix reads and writes to the same array inside a parallel construct, and (2) to map semantically different arrays to the same memory block. The result is code similar to what imperative users would write. Our evaluation shows that our optimizations have significant impact (1.1x-2x) and result in performance competitive to hand-written code from challenging benchmarks, such as Rodinia's NW, LUD, Hotspot.",wos,llm,0.890,unreviewed,
discarded,A Formal Theory of Choreographic Programming,"Cruz-Filipe, Luis; Montesi, Fabrizio; Peressotti, Marco",2023,JOURNAL OF AUTOMATED REASONING,10.1007/s10817-023-09665-3,https://www.webofscience.com/wos/woscc/full-record/WOS:000994203500001,adjacent-subtopic,"Choreographic programming is a paradigm for writing coordination plans for distributed systems from a global point of view, from which correct-by-construction decentralised implementations can be generated automatically. Theory of choreographies typically includes a number of complex results that are proved by structural induction. The high number of cases and the subtle details in some of these proofs has led to important errors being found in published works. In this work, we formalise the theory of a choreographic programming language in Coq. Our development includes the basic properties of this language, a proof of its Turing completeness, a compilation procedure to a process language, and an operational characterisation of the correctness of this procedure. Our formalisation experience illustrates the benefits of using a theorem prover: we get both an additional degree of confidence from the mechanised proof, and a significant simplification of the underlying theory. Our results offer a foundation for the future formal development of choreographic languages.",wos,llm,0.900,unreviewed,
kept,"Generating SPARK from Event-B, Providing Fundamental Safety and Security","Fathabadi, Asieh Salehi; Dghaym, Dana; Hoang, Thai Son; Butler, Michael; Snook, Colin",2022,"ADVANCES IN MODEL AND DATA ENGINEERING IN THE DIGITALIZATION ERA, MEDI 2022",10.1007/978-3-031-23119-3_13,https://www.webofscience.com/wos/woscc/full-record/WOS:000977060100013,adjacent-subtopic,"Event-B is a formal method that facilitates rigorous analysis and correct-by-construction development of software and hardware systems. SPARK is a computer programming language for the development of high integrity software. Linking Event-B at design level and SPARK at implementation level allows us to formally verify the relationship between application-level requirements and software implementations. Event-B is supported by an integrated development environment, Rodin, and extension plug-in tools, enabling various validation and verification techniques. However it lacks a comprehensive code generation feature with support for data structures, to connect to implementation. In this paper, we propose a tool to translate verified Event-B models into the SPARK programming language. We describe the translation rules and how the proposed tool can be integrated with other EMF-based plug-ins in Rodin. We demonstrate the proposed translation rules through a 'smart ballot box' case study.",wos,llm,0.820,unreviewed,
kept,"Graded Refinement, Retrenchment, and Simulation","Banach, Richard",2023,ACM TRANSACTIONS ON SOFTWARE ENGINEERING AND METHODOLOGY,10.1145/3534116,https://www.webofscience.com/wos/woscc/full-record/WOS:000970588900002,supports-claim,"Refinement of formal system models towards implementation has been a mainstay of system development since the inception of formal and Correct by Construction approaches to system development. However, pure refinement approaches do not always deal fluently with all desirable system requirements. This prompted the development of alternatives and generalizations, such as retrenchment. The crucial concept of simulation is key to judging the quality of the conformance between abstract and more concrete system models. Reformulations of these theoretical approaches are reprised and are embedded in a graded framework. The added flexibility this offers is intended to deal more effectively with the needs of applications in which the relationship between different levels of abstraction is not straightforward, and in which behavior can oscillate between conforming quite closely to an idealized abstraction and deviating quite far from it. The framework developed is confronted with an intentionally demanding case study: a model active control system for the protection of buildings during earthquakes. This offers many challenges: it is hybrid/cyber-physical; it has to respond to rather unpredictable inputs; and it has to straddle the gap between continuous behavior and discretized/quantized/numerical implementation.",wos,llm,0.910,unreviewed,
discarded,A verified VCGen based on dynamic logic: An exercise in meta-verification with Why3,"Frade, Maria Joao; Pinto, Jorge Sousa",2023,JOURNAL OF LOGICAL AND ALGEBRAIC METHODS IN PROGRAMMING,10.1016/j.jlamp.2023.100871,https://www.webofscience.com/wos/woscc/full-record/WOS:000972101000001,adjacent-subtopic,"With the incresasing importance of program verification, an issue that has been receiving more attention is the certification of verification tools, addressing the vernacular question: ""Who verifies the verifier?"". In this paper we approach this meta-verification problem by focusing on a fundamental component of program verifiers: the ""Verification Conditions Generator"" (VCGen), responsible for producing a set of proof obligations from a program and a specification. The semantic foundations of VCGens lie in program logics, such as Hoare logic, Dynamic logic, or Separation logic, and related predicate transformers. Dynamic logic is the basis of the KeY system, one of the foremost deductive verifiers, whose logic makes use of the notion of update, which is quite intricate to formalize. In this paper we derive systematically, based on a KeY-style dynamic logic, a correct-by-construction VCGen for a toy programming language. Our workflow covers the entire process, from the logic to the VCGen. It is implemented in the Why3 tool, which is itself a program verifier. We prove the soundness and (an appropriate notion of) completeness of the logic, then define a VCGen for our language and establish its soundness. Dynamic logic is one of a variety of research topics that our dear friend and colleague Luis Soares Barbosa has, over the years, initiated and promoted at the University of Minho. It is a pleasure for us to dedicate this work to him on the occasion of his 60th birthday.(c) 2023 Elsevier Inc. All rights reserved.",wos,llm,0.870,unreviewed,
discarded,Hardware Accelerator Design for Healthcare Applications: Review and Perspectives,"Tripathi, Jai Narayan; Kumar, Binod; Junjariya, Dinesh",2022,2022 IEEE INTERNATIONAL SYMPOSIUM ON CIRCUITS AND SYSTEMS (ISCAS 22),10.1109/ISCAS48785.2022.9937920,https://www.webofscience.com/wos/woscc/full-record/WOS:000946638601122,off-topic-false-hit,"Hardware accelerators have gained immense popularity in recent times for a varied range of healthcare applications. With the growth of edge computing, a large number of sensors can be integrated to enable lightweight computing for processing information. Over the years, there has been significant improvement in deep learning algorithms that offer exciting opportunities for their deployment even in safety-critical biomedical and healthcare applications. A detailed review and discussion on multiple challenges in the design of hardware acceleration catering to healthcare applications are presented in this paper. A wide range of generalized novel architectures and devices offers certain distinct advantages over the conventional processing units. Despite this development, the power and resource constraints of these platforms create significant hindrances in the acceleration of these high-risk medical applications. An elaborate analysis of the range of solutions to overcome these obstacles as well as a perspective on the need to address reliability and security concerns are presented. An alternative correct-by-construction accelerator design methodology is also proposed.",wos,llm,0.990,unreviewed,
