status,title,authors,year,venue,doi,url,tags,abstract,provider,decision_source,llm_confidence,llm_review_outcome,llm_change_direction
discarded,Prioritized Service Architecture: Refinement and Visual Design,"East, Ian R.",2008,COMMUNICATING PROCESS ARCHITECTURES 2008,10.3233/978-1-58603-907-3-99,https://www.webofscience.com/wos/woscc/full-record/WOS:000273030400008,adjacent-subtopic,"Concurrent/reactive systems can be designed free of deadlock Using prioritized service architecture (PSA), subject to simple, statically verified, design rules. The Honeysuckle Design Language (HDL) enables such service-oriented design to be expressed purely in terms of communication, while affording a process-oriented implementation, using the Honeysuckle Programming Language (HPL). A number of enhancements to the service model for system abstraction are described, along with their utility. Finally, a new graphical counterpart to HDL (HVDL.) is introduced that incorporates all these enhancements, and which facilitates interactive stepwise refinement.",wos,llm,0.820,unreviewed,
discarded,High-confidence Embedded Software Development Based on UML2.0 Communication Diagram and Temporal Logic,Zhang Shu; Rong Mei; Zhang Guangquan; Cao Jinming,2008,ICCSE 2008: PROCEEDINGS OF THE THIRD INTERNATIONAL CONFERENCE ON COMPUTER SCIENCE & EDUCATION,,https://www.webofscience.com/wos/woscc/full-record/WOS:000259363100192,adjacent-subtopic,"UML has actually become the industry standard in the field of embedded software modeling at present. However, the lack of precise semantics makes it difficult to analyze and validate models it describes. The executable linear temporal logic language XYZ/E can represent both static semantics and dynamic semantics. Based on these, a practical scheme combining UNM2.0 communication diagram and XYZ/E to develop high-confidence embedded software is proposed. The UML2.0 communication diagram model of software is first defined its XYZ/E temporal logic semantics. Then based on the XYZ/E's characteristics of supporting stepwise refinement and model checking, we obtain reliable model of the system. Finally, the model is translated into C or Java codes automatically with the aid of the XYZ/E tools.",wos,llm,0.800,unreviewed,
discarded,Program Refactoring using Functional Aspects,"Apel, Sven; Kaestner, Christian; Batory, Don",2008,GPCE'08: PROCEEDINGS OF THE ACM SIGPLAN SEVENTH INTERNATIONAL CONFERENCE ON GENERATIVE PROGRAMMING AND COMPONENT ENGINEERING,,https://www.webofscience.com/wos/woscc/full-record/WOS:000267584600016,adjacent-subtopic,"A functional aspect is an aspect that has the semantics of a transformation; it is a function that maps a program to an advised program. Functional aspects are composed by function composition. In this paper, we explore functional aspects in the context of aspect-oriented refactoring. We show that refactoring legacy applications using functional aspects is just as flexible and expressive as traditional aspects (functional aspects can be refactored in any order), while having a simpler semantics (aspect composition is just function composition), and causes fewer undesirable interactions between aspects (the number of potential interactions between functional aspects is half the number of potential interactions between traditional aspects). We analyze several aspect-oriented programs of different sizes to support our claims.",wos,llm,0.980,unreviewed,
kept,Feature Featherweight Java: A Calculus for Feature-Oriented Programming and Stepwise Refinement,"Apel, Sven; Kaestner, Christian; Lengauer, Christian",2008,GPCE'08: PROCEEDINGS OF THE ACM SIGPLAN SEVENTH INTERNATIONAL CONFERENCE ON GENERATIVE PROGRAMMING AND COMPONENT ENGINEERING,,https://www.webofscience.com/wos/woscc/full-record/WOS:000267584600011,supports-claim,"Feature-oriented programming (FOP) is a paradigm that incorporates programming language technology, program generation techniques, and stepwise refinement. In their GPCE'07 paper, Thaker et a]. suggest the development of a type system for FOP to guarantee safe feature composition, Le, to guarantee the absence of type errors during feature composition. We present such a type system along with a calculus for a simple feature-oriented, Java-like language, called Feature Featherweight Java (FFJ). Furthermore, we explore four extensions of FFJ and how they affect type soundness.",wos,llm,0.930,unreviewed,
discarded,Clustering Parameter Values for Differential Equation Models of Biological Pathways,"Kahng, Dong-Soo; Lee, Doheon",2008,"OPTIMIZATION AND SYSTEMS BIOLOGY, PROCEEDINGS",,https://www.webofscience.com/wos/woscc/full-record/WOS:000264181700034,off-topic-false-hit,"Dynamics of many biological systems can be modeled in the form of nonlinear differential equations, where variables represent concentrations of participating molecular species, and parameters specify dynamics coefficients such as reaction rates and activity levels. It has been one of the hardest problems to determine right parameters even after we have acceptable model equations for a particular biological pathway. In this study, we propose a parameter space clustering method based on top-down refinement. The whole parameter space of a given model is explored by means of randomized comparison and top-down stepwise refinement. After the process, we come up with clusters of parameter values, each of which shows similar dynamics of a particular model. We expect that each of the clusters may be associated to a distinct phenotypical state of a given biological pathway. A simplified model of the well-known JAK-STAT pathway is used to illustrate the clustering process, and show the applicability of this technique.",wos,llm,0.990,unreviewed,
discarded,Embedded System Design Based on Aspect-Oriented Executable UML,"Teruya, Akira; Iwata, Eiichiro; Sugai, Masahito; Kimura, Masahiro; Zakaria, Nurul Azma; Matsumoto, Noriko; Yoshida, Norihiko",2008,PROCEEDINGS OF THE 8TH WSEAS INTERNATIONAL CONFERENCE ON APPLIED COMPUTER SCIENCE (ACS'08),,https://www.webofscience.com/wos/woscc/full-record/WOS:000264170900041,adjacent-subtopic,"System-level design methodology is one of the design paradigm for embedded systems. As embedded systems are getting much larger and more complex recently, the research to improve design productivity of system-level design is being required. In order to solve this issue, we have proposed a methodology of language independent system-level design using Executable UML (xUML) and a scheme for the procedure of stepwise refinement by the refactoring technique. However, the refactoring rules are informal and sometimes ambiguous because they are defined in a natural language. Consequently, we are aiming at formalizing the stepwise refinement procedure based on refactoring to automatize it. In this paper, we propose a formalization scheme based on the aspect-oriented technique to the system-level design in xUML.",wos,llm,0.870,unreviewed,
discarded,Structural Property Preservation of a Kind of Petri Net Refinement,"Xia, Chuanliang",2008,"ISISE 2008: INTERNATIONAL SYMPOSIUM ON INFORMATION SCIENCE AND ENGINEERING, VOL 2",10.1109/ISISE.2008.56,https://www.webofscience.com/wos/woscc/full-record/WOS:000263201700100,adjacent-subtopic,"A refinement of Petri nets is a transformation by replacing a simple entity of a system with its functional and operational details. In general, the refined system may become incorrect even if the original system is correct because some of its original properties may have been lost or some undesired properties may have been created. For systems specified in ordinary Petri nets, this paper proposes the conditions imposed on a kind of net refinement under which the following structural properties will be preserved: repetitiveness, consistency, T-invariant, structural boundedness, conservativeness and P-invariant.",wos,llm,0.900,unreviewed,
discarded,Technology driven strategy (TDS) using machine automation cost in discrete parts manufacturing,"Jahanzaib, Mirza; Akhtar, Khalid",2007,KUWAIT JOURNAL OF SCIENCE & ENGINEERING,,https://www.webofscience.com/wos/woscc/full-record/WOS:000252609300013,off-topic-false-hit,"The success of Pakistani manufacturers in meeting the global world challenges will depend on its speed in moving from protected domestic to world class global manufacturing status. To face world challenges, three manufacturing strategies devised in chronological order are: cost cutting, technology driven and value enhancement which uses world class practices tools, and methods and techniques in a systematic and coherent manner with a stepwise refinement approach. The present work deals with technology driven strategy by analyzing five levels of automation, including engine lathe, turret lathe, automatic machines, numerically controlled machines (NC), and transfer machines. A proposed framework is tested using real life data from discrete parts manufacturing industries processing similar types of parts. Standard mathematical routines already developed are coded in spreadsheets and analyzed by carrying out sensitivity analysis on different process parameters. A comparison of these functions allowed identification of the most, less and least sensitive process parameters. Process parameters were then prioritized based on highest order of sensitivity at each level of technology. A simulation model so developed will help manufacturers to make informed decisions in selecting the most appropriate manufacturing systems based on process parameters.",wos,llm,0.990,unreviewed,
kept,The simple and powerful yfx operator precedence parser,"Favero, E. L.",2007,SOFTWARE-PRACTICE & EXPERIENCE,10.1002/spe.811,https://www.webofscience.com/wos/woscc/full-record/WOS:000250725000001,supports-claim,"Dynamic operator declarations were introduced in the first Prolog system in the early 1970s. Today several other logical and functional languages adopt the Prolog style of dynamic operators. Despite this widespread use, there are no guidelines to assist the development of dynamic operator parsers. This paper presents an in-depth study of the built-in classical dynamic operator parser in Prolog systems. It is a powerful operator precedence parser covering pre/in/postfix operators; it is table-driven, allowing operators to be redefined at run-time; it is encoded in a simple, small and fast code; and, finally, it is widely used as a standard parser by the logic programming community. In a stepwise refinement approach (from specification to implementation and evaluation), this paper presents a detailed analysis of this parser. As an additional contribution, it is also shown how to encode the parser as a plug-in component in procedural languages. (C) 2007 John Wiley & Sons, Ltd.",wos,llm,0.890,unreviewed,
kept,Modular formal analysis of the central guardian in the Time-Triggered Architecture,"Pfeifer, Holger; von Henke, Friedrich W.",2007,RELIABILITY ENGINEERING & SYSTEM SAFETY,10.1016/j.ress.2006.10.006,https://www.webofscience.com/wos/woscc/full-record/WOS:000248963500005,supports-claim,"The Time-Triggered Protocol TTP/C constitutes the core of the communication level of the Time-Triggered Architecture for dependable real-time systems. TTP/C ensures consistent data distribution, even in the presence of faults occurring to nodes or the communication channel. However, the protocol mechanisms of TTP/C rely on a rather optimistic fault hypothesis. Therefore, an independent component, the central guardian, employs static knowledge about the system to transform arbitrary node failures into failure modes that are covered by the fault hypothesis.

This paper presents a modular formal analysis of the communication properties of TTP/C based on the guardian approach. Through a hierarchy of formal models, we give a precise description of the arguments that support the desired correctness properties of TTP/C. First, requirements for correct communication are expressed on an abstract level. By stepwise refinement we show both that these abstract requirements are met under the optimistic fault hypothesis, and how the guardian model allows a broader class of node failures to be tolerated.

The models have been developed and mechanically checked using the specification and verification system PVS. (c) 2006 Elsevier Ltd. All rights reserved.",wos,llm,0.930,unreviewed,
kept,Aspect Refinement - Unifying AOP and Stepwise Refinement,"Apel, Sven; Kaestner, Christian; Leich, Thomas; Saake, Gunter",2007,JOURNAL OF OBJECT TECHNOLOGY,,https://www.webofscience.com/wos/woscc/full-record/WOS:000213828500002,supports-claim,"Stepwise refinement (SWR) is fundamental to software engineering. As aspectoriented programming (AOP) is gaining momentum in software development, aspects should be considered in the light of SWR. In this paper, we elaborate the notion of aspect refinement that unifies AOP and SWR at the architectural level. To reflect this unification to the programming language level, we present an implementation technique for refining aspects based on mixin composition along with a set of language mechanisms for refining all kinds of structural elements of aspects in a uniform way (methods, pointcuts, advice). To underpin our proposal, we contribute a fully functional compiler on top of AspectJ, present a non-trivial, medium-sized case study, and derive a set of programming guidelines.",wos,llm,0.990,unreviewed,
discarded,SystemQ: Bridging the gap between queuing-based performance evaluation and SystemC,"Sonntag, Soeren; Gries, Matthias; Sauer, Christian",2007,DESIGN AUTOMATION FOR EMBEDDED SYSTEMS,10.1007/s10617-006-9002-3,https://www.webofscience.com/wos/woscc/full-record/WOS:000249298400001,adjacent-subtopic,"During early design phases performance evaluation becomes increasingly important since major system-level decisions, such as the allocation of hardware resources and the partitioning of functionality onto architecture building blocks, affect the quality of the design significantly. Quantitative analysis is hard to achieve due to growing complexities, heterogeneity, and concurrency of modern embedded systems. We propose the use of multiclass queuing networks during the specification phase of the design flow for modeling data-flow oriented systems. Starting from an executable high-level queuing model our evaluation framework SystemQ(1) enables successive and systematic refinement of behavior and structure towards established TLM and RTL models based on SystemC. We demonstrate why SystemQ's multiclass queuing networks are a natural and feasible abstraction for evaluating network processing platforms. In particular we reveal the impact of scheduling policies on the Quality-of-Service, such as the residence time of network traffic in the system. In our case study, we show how stepwise refinement can reduce memory and latency bounds by up to two orders of magnitude and how the choice of only one queuing discipline can affect these properties. The investigated simulation models run in the range of 1 : 100 to 1 : 1 of real-time on a common off-the-shelf Linux PC.",wos,llm,0.820,unreviewed,
kept,Time Aware System Refinement,"Westerlund, Tomi; Plosila, Juha",2007,ELECTRONIC NOTES IN THEORETICAL COMPUTER SCIENCE,10.1016/j.entcs.2006.08.046,https://www.webofscience.com/wos/woscc/full-record/WOS:000214245200007,supports-claim,"We propose a formal, time aware refinement of systems. The proposed timewise refinement method is a direct extension of the traditional refinement calculus of Action Systems. The adaptation provides a well-founded mathematical basis for the stepwise refinement of systems modelled with the time spiced Action Systems formalism. In the refinement of an abstract system into a more concrete one a designer must show that conditions of both functional and temporal properties are satisfied.",wos,llm,0.970,unreviewed,
discarded,Exploration of communication models in the design of distributed embedded systems,"Kobayashi, Kazutaka; Shiraishi, Takashi; Zakaria, Nurul Azma; Yamasaki, Ryosuke; Yoshida, Norihiko; Narazaki, Shuji",2007,IEEJ TRANSACTIONS ON ELECTRICAL AND ELECTRONIC ENGINEERING,10.1002/tee.20162,https://www.webofscience.com/wos/woscc/full-record/WOS:000248041500025,adjacent-subtopic,"Distributed embedded systems involve communication in various layers, and therefore their design is more difficult than of single embedded systems. This paper presents how communication exploration can be done in a design process of distributed embedded systems using an example of event-triggered and time-triggered communication. A design process begins from abstract specification without assuming any communication category, then explores the categories in a stepwise manner, followed by physical implementation synthesis. This encourages stepwise decision making, component and framework reuse, and early stage verification. (c) 2007 Institute of Electrical Engineers of Japan. Published by John Wiley & Sons, Inc.",wos,llm,0.840,unreviewed,
kept,Automated refinement checking of concurrent systems,"Kundu, Sudipta; Lerner, Sorin; Gupta, Rajesh",2007,"IEEE/ACM INTERNATIONAL CONFERENCE ON COMPUTER-AIDED DESIGN DIGEST OF TECHNICAL PAPERS, VOLS 1 AND 2",,https://www.webofscience.com/wos/woscc/full-record/WOS:000253303700050,supports-claim,"Stepwise refinement is at the core of many approaches to synthesis and optimization of hardware and software systems. For instance, it can-be used to build a synthesis approach for digital circuits from high level specifications. It can also be used for post-synthesis modification such as in Engineering Change Orders (ECOs). Therefore, checking if a system, modeled as a set of concurrent processes, is a refinement of another is of tremendous value. In this paper, we focus on concurrent systems modeled as Communicating Sequential Processes (CSP) and show their refinements can be validated using insights from translation validation, automated theorem proving and relational approaches to reasoning about programs. The novelty of our approach is that it handles infinite state spaces in a fully automated manner. We have implemented our refinement checking technique and have applied it to a variety of refinements. We present the details of our algorithm and experimental results. As an example, we were able to automatically check an infinite state space buffer refinement that cannot be checked by current state of the art toots such as FDR. We were also able to check the data part of an industrial case study on the EP2 system.",wos,llm,0.950,unreviewed,
discarded,Communication model exploration for distributed embedded systems and system level interpretations,"Kinoshima, Takashi; Kobayashi, Kazutaka; Zakaria, Nurul Azma; Kimura, Masahiro; Matsumoto, Noriko; Yoshida, Norihiko",2007,"EMERGING DIRECTIONS IN EMBEDDED AND UBIQUITOUS COMPUTING, PROCEEDINGS",,https://www.webofscience.com/wos/woscc/full-record/WOS:000252734100032,adjacent-subtopic,"This paper presents how communication exploration can be done in a design process of distributed embedded systems. Distributed embedded systems involve various communication categories such as event-triggered and time-triggered communication. Therefore, communication exploration is as important as architecture exploration. A design process begins from abstract specification without assuming any communication category, then explores the categories in a stepwise manner, and is followed by physical implementation synthesis. This paper includes system level interpretation of the communication models using the SpecC language so as to verify them.",wos,llm,0.840,unreviewed,
discarded,Work in progress -: Evolution of code reusing practices during a sequence of three CS courses,"Clua, Osvaldo; Feldgen, Maria; Wachenchauzer, Rosita",2007,"2007 37TH ANNUAL FRONTIERS IN EDUCATION CONFERENCE, GLOBAL ENGINEERING : KNOWLEDGE WITHOUT BORDERS - OPPORTUNITIES WITHOUT PASSPORTS, VOLS 1- 4",,https://www.webofscience.com/wos/woscc/full-record/WOS:000256621900191,adjacent-subtopic,"A certain amount of reuse practices are embedded in the CS courses. Some languages have also incorporated reuse as part of their design. We had the opportunity of teaching a group of students in three sequential programming courses ranging from the first notions (imperative programming) to a medium sized programming project in the third course (Java). During the three courses, different kinds and amounts of reuse were required from students, such as stepwise refinement of instructor's code and the use of design patterns. In this work in progress we present the first results of revisiting the code production of a group of students from the reuse point of view. We linked the reuse quality of students practice to some program comprehension parameters.",wos,llm,0.860,unreviewed,
kept,Refinement propagation - Towards automated construction of visual specifications,"Rychkova, Irina; Wegmann, Alain",2007,ICEIS 2007: PROCEEDINGS OF THE NINTH INTERNATIONAL CONFERENCE ON ENTERPRISE INFORMATION SYSTEMS,,https://www.webofscience.com/wos/woscc/full-record/WOS:000253307500033,supports-claim,"Creation and transformation of visual specifications is driven by modeler's design decisions. After a design decision has been made, the modeler needs to adjust the specification to maintain its correctness. The number of adjustments might make the design process tedious for large specifications. We are interested in techniques that will reduce the modeler's obligation to control specification correctness.

