status,title,authors,year,venue,doi,url,tags,abstract,provider,decision_source,llm_confidence,llm_review_outcome,llm_change_direction
discarded,A Flexible Toolchain for Symbolic Rabin Games under Fair and Stochastic Uncertainties,"Majumdar, Rupak; Mallik, Kaushik; Rychlicki, Mateusz; Schmuck, Anne-Kathrin; Soudjani, Sadegh",2023,"COMPUTER AIDED VERIFICATION, CAV 2023, PT III",10.1007/978-3-031-37709-9_1,https://www.webofscience.com/wos/woscc/full-record/WOS:001310805600001,adjacent-subtopic,"We present a flexible and efficient toolchain to symbolically solve (standard) Rabin games, fair-adversarial Rabin games, and 21/2-player Rabin games. To our best knowledge, our tools are the first ones to be able to solve these problems. Furthermore, using these flexible game solvers as a back-end, we implemented a tool for computing correct-by-construction controllers for stochastic dynamical systems under LTL specifications. Our implementations use the recent theoretical result that all of these games can be solved using the same symbolic fixpoint algorithm but utilizing different, domain specific calculations of the involved predecessor operators. The main feature of our toolchain is the utilization of two programming abstractions: one to separate the symbolic fixpoint computations from the predecessor calculations, and another one to allow the integration of different BDD libraries as back-ends. In particular, we employ a multi-threaded execution of the fixpoint algorithm by using the multi-threaded BDD library Sylvan, which leads to enormous computational savings.",wos,llm,0.950,unreviewed,
discarded,Erlang on TOAST: Generating Erlang Stubs with Inline TOAST Monitors,"Pears, Jonah; Bocchi, Laura; Hu, Raymond",2024,"PROCEEDINGS OF THE 23RD ACM SIGPLAN INTERNATIONAL WORKSHOP ON ERLANG, ERLANG 2024",10.1145/3677995.3678192,https://www.webofscience.com/wos/woscc/full-record/WOS:001305926100005,adjacent-subtopic,"Implementing concurrent systems based on asynchronous communications is intrinsically complex. In this work, we consider the formal framework TOAST for timed asynchronous interactions featuring mixed-choice states. TOAST extends the theory of timed asynchronous session types to support modelling of communication protocols featuring timeouts, which despite being commonplace in practice were previously out of reach for session type theory. We present ongoing work towards a practical toolchain that (a) automates the generation of correct-by-construction program stubs with timeouts in Erlang from TOAST processes that implement a TOAST protocol, and (b) provides an inline monitoring framework for TOAST protocols integrated with Erlang supervisors. Our toolchain generates Erlang code with a close correspondence to the source TOAST model by building on a formal correspondence between session types and Communicating Finite State Machines. The monitoring framework can be configured to perform either runtime verification or enforcement with respect to the source protocol, ensuring communication safety.",wos,llm,0.940,unreviewed,
discarded,Safe Linear Encoding of Vehicle Dynamics for the Instantiation of Abstract Scenarios,"Becker, Jan Steffen",2024,"FORMAL METHODS FOR INDUSTRIAL CRITICAL SYSTEMS, FMICS 2024",10.1007/978-3-031-68150-9_1,https://www.webofscience.com/wos/woscc/full-record/WOS:001308668900001,off-topic-false-hit,"In the automotive domain, scenario-based development is the answer to the increasing complexity of highly automated driving functions. Scenario-based methods cluster the large scenario space by so-called abstract scenarios which can be used to sample an infinite number of concrete scenarios. Because abstract scenarios constrain driving maneuvers by excessive use of additional constraints, constraint solving techniques may be required to find concrete scenario instances. In order to guarantee correctness of simulation runs with respect to the abstract scenario, realistic vehicle dynamics need to be considered during the instantiation process. This paper proposes a new encoding scheme for simple, but realistic vehicle dynamics into linear constraint systems for the generation of correct-by-construction concrete scenarios. The correctness of the construction is formally proven, and applicability shown by demonstrating the method on a set of basic driving maneuvers.",wos,llm,0.990,unreviewed,
discarded,The VerCors Verifier: A Progress Report,"Armborst, Lukas; Bos, Pieter; van den Haak, Lars B.; Huisman, Marieke; Rubbens, Robert; Sakar, Omer; Tasche, Philip",2024,"COMPUTER AIDED VERIFICATION, PT II, CAV 2024",10.1007/978-3-031-65630-9_1,https://www.webofscience.com/wos/woscc/full-record/WOS:001307890400001,adjacent-subtopic,"This paper gives an overview of the most recent developments on the VerCors verifier. VerCors is a deductive verifier for concurrent software, written in multiple programming languages, where the specifications are written in terms of pre-/postcondition contracts using permission-based separation logic. In essence, VerCors is a program transformation tool: it translates an annotated program into input for the Viper framework, which is then used as verification back-end. The paper discusses the different programming languages and features for which VerCors provides verification support. It also discusses how the tool internally has been reorganised to become easily extendible, and to improve the connection and interaction with Viper. In addition, we also introduce two tools built on top of VerCors, which support correctness-preserving transformations of verified programs. Finally, we discuss how the VerCors verifier has been used on a range of realistic case studies.",wos,llm,0.970,unreviewed,
discarded,Interactive Theorem Proving Modulo Fuzzing,"Muduli, Sujit Kumar; Padulkar, Rohan Ravikumar; Roy, Subhajit",2024,"COMPUTER AIDED VERIFICATION, PT I, CAV 2024",10.1007/978-3-031-65627-9_24,https://www.webofscience.com/wos/woscc/full-record/WOS:001307887200024,adjacent-subtopic,"Interactive theorem provers (ITPs) exploit the collaboration between humans and computers, enabling proof of complex theorems. Further, ITPs allow extraction of provably correct implementations from proofs. However, often, the extracted code interface with external libraries containing real-life complexities-proprietary library calls, remote/cloud APIs, complex models like ML models, inline assembly, highly non-linear arithmetic, vector instructions etc. We refer to such functions/operations as closed-box components. For such components, the user has to provide appropriate assumed lemmas to model the behavior of these functions. However, we found instances where these assumed lemmas are inconsistent with the actual semantics of these closed-box components. Hence, even correct-by-construction code extracted from an ITP may still behave incorrectly when interfaced with such closed-box components.

To this end, we propose StarFuzz, that allows the F-star interactive theorem prover to provide better end-to-end assurance on the application-even when interfaced with the closed-box components. Under the hood, StarFuzz rides on Sadhak, an SMT solver that combines fuzz testing to allow satisfiability checking over closed-box components. On the F-star library that includes external implementations in OCaml, StarFuzz discovered four bugs-one bug that revealed an error on the assumed lemmas for a closed-box function, and three bugs in the external implementations of these components.",wos,llm,0.960,unreviewed,
discarded,Formalising Liveness Properties in Event-B with the Reflexive EB4EB Framework,"Riviere, P.; Singh, N. K.; Ait-Ameur, Y.; Dupont, G.",2023,"NASA FORMAL METHODS, NFM 2023",10.1007/978-3-031-33170-1_19,https://www.webofscience.com/wos/woscc/full-record/WOS:001288596800019,adjacent-subtopic,"The correct-by-construction state-based Event-B formal method lacks the ability to express liveness properties using temporal logic. To address this challenge, two approaches can be envisioned. First, embed Event-B models in another formal method supporting liveness properties verification. This method is cumbersome and error-prone, and the verification result is not guaranteed on the source model. Second, extend Event-B to support the expression of and reasoning on liveness properties, and more generally temporal properties. Following the second approach, in [20], J.-R. Abrial and T. S. Hoang proposed an axiomatisation of linear temporal logic (LTL) for Event-B with a set of proof obligations (POs) allowing to verify these properties. These POs are mathematically formalised, but are neither implemented nor generated automatically. In this paper, using the reflexive EB4EB framework [37,38] allowing for manipulation of the core concepts of Event-B, we propose to formalise and operationalise the automatic generation of proof obligations associated to liveness properties expressed in LTL. Furthermore, relying on trace-based semantics, we demonstrate the soundness of this formalisation, and provide a set of intermediate and generic theorems to increase the rate of proof automation for these properties. Finally, a case study is proposed to demonstrate the use of the defined operators for expressing and proving liveness properties.",wos,llm,0.950,unreviewed,
discarded,Taming Large Bounds in Synthesis from Bounded-Liveness Specifications,"Heim, Philippe; Dimitrova, Rayna",2023,"TOOLS AND ALGORITHMS FOR THE CONSTRUCTION AND ANALYSIS OF SYSTEMS, PT II, TACAS 2023",10.1007/978-3-031-30820-8_17,https://www.webofscience.com/wos/woscc/full-record/WOS:001288698100017,adjacent-subtopic,"Automatic synthesis from temporal logic specifications is an attractive alternative to manual system design, due to its ability to generate correct-by-construction implementations from high-level specifications. Due to the high complexity of the synthesis problem, significant research efforts have been directed at developing practically efficient approaches for restricted specification language fragments. In this paper we focus on the Safety LTL fragment of Linear Temporal Logic (LTL) syntactically extended with bounded temporal operators. We propose a new synthesis approach with the primary motivation to solve efficiently the synthesis problem for specifications with bounded temporal operators, in particular those with large bounds. The experimental evaluation of our method shows that for this type of specifications it outperforms state-of-art synthesis tools, demonstrating that it is a promising approach to efficiently treating quantitative timing constraints in safety specifications.",wos,llm,0.980,unreviewed,
discarded,Eclipse ESCETTM: The Eclipse Supervisory Control Engineering Toolkit,"Fokkink, W. J.; Goorden, M. A.; Hendriks, D.; van Beek, D. A.; Hofkamp, A. T.; Reijnen, F. F. H.; Etman, L. F. P.; Moormann, L.; van de Mortel-Fronczak, J. M.; Reniers, M. A.; Rooda, J. E.; van der Sanden, L. J.; Schiffelers, R. R. H.; Thuijsman, S. B.; Verbakel, J. J.; Vogel, J. A.",2023,"TOOLS AND ALGORITHMS FOR THE CONSTRUCTION AND ANALYSIS OF SYSTEMS, PT II, TACAS 2023",10.1007/978-3-031-30820-8_6,https://www.webofscience.com/wos/woscc/full-record/WOS:001288698100006,adjacent-subtopic,"The Eclipse Supervisory Control Engineering Toolkit (ESCETTM) is an open-source project to provide a model-based approach and toolkit for developing supervisory controllers, targeting their entire engineering process. It supports synthesis-based engineering of supervisory controllers for discrete-event systems, combining model-based engineering with computer-aided design to automatically generate correct-by-construction controllers. At its heart is supervisory controller synthesis, a formal technique for the automatic derivation of supervisory controllers from the unrestricted system behavior and system requirements. Vital for the future development of these techniques and tools is the ESCET project's open environment, allowing industry and academia to collaborate on creating an industrial-strength toolkit. We report on some crucial developments of the toolkit in the context of research projects with Rijks-waterstaat and ASML that have considerably improved its capability to deal with the complexity of real-life systems as well as its usability.",wos,llm,0.970,unreviewed,
discarded,SBE configurator: A model generation tool for synthesis of ship lock supervisors,"Baubekova, Marzhan M.; van Eldik, Koen J.; van de Mortel-Fronczak, Joanna M.; Fokkink, Wan J.; Rooda, Jacobus E.",2024,IFAC PAPERSONLINE,10.1016/j.ifacol.2024.07.049,https://www.webofscience.com/wos/woscc/full-record/WOS:001278103000049,adjacent-subtopic,"A large number of ship locks in the Netherlands require renovation. This paper focuses on the application of the synthesis-based engineering (SBE) in the design of supervisory controllers for ship locks, to achieve correct-by-construction control software. A configurator for SBE models for supervisor synthesis is proposed, based on parameters describing the mechanical composition. The accompanying tool, which supports model simulation, demonstrates improvement in time, quality and human error avoidance, and is already being used in the design of ship lock supervisors in Lelystad and Maasbracht. The tool was designed for ship locks but the structure of the tool allows adaptation for other families of systems. Copyright (C) 2024 The Authors. This is an open access article under the CC BY-NC-ND license (https://creativecommons.org/licenses/by-nc-nd/4.0/)",wos,llm,0.970,unreviewed,
discarded,Deductive Model Refinement,"Smith, Douglas R.; Nedunuri, Srinivas",2024,"NASA FORMAL METHODS, NFM 2024",10.1007/978-3-031-60698-4_9,https://www.webofscience.com/wos/woscc/full-record/WOS:001284215500009,adjacent-subtopic,"Deductive model refinement (hereafter simply ""model refinement"") is a uniform approach to generating correct-by-construction designs for algorithms and systems from formal specifications. Given an overapproximating model M of system dynamics and a set phi of required properties, model refinement is an iterative process that eliminates behaviors of M that do not satisfy the required properties. The result of model refinement is a refined model M' that satisfies by construction the required properties F. The calculations needed to generate refinements of M typically involve quantifier elimination and extensive formula/term simplification modulo the underlying domain theories. This paper focuses on the enforcement of basic safety properties in the form of state, action, and path invariants. We have run a prototype implementation of model refinement based on the Z3 SMT solver over a variety of system and algorithm design problems.",wos,llm,0.960,unreviewed,
discarded,Standalone Event-B Models Analysis Relying on the EB4EB Meta-theory,"Riviere, P.; Singh, N. K.; Ait-Ameur, Y.; Dupont, G.",2023,"RIGOROUS STATE-BASED METHODS, ABZ 2023",10.1007/978-3-031-33163-3_15,https://www.webofscience.com/wos/woscc/full-record/WOS:001286412600013,adjacent-subtopic,"Event-B is a state-based correct-by-construction system design formal method relying on proof and refinement where system models are expressed using set theory and First Order Logic (FOL). Through the generation and discharging of proof obligations (POs), Event-B natively supports the establishment of properties such as safety invariant, convergence and refinement. Other properties, relevant to system verification, may be studied as well, but need to be explicitly formalised by the designer, or expressed in another formal method. This process compromises reusability and is error-prone, especially on larger systems. Recently, the reflexive EB4EB framework has been proposed for formalising Event-B concepts as first-class objects. It allows manipulating these concepts using FOL and set theory in Event-B. In this paper, we propose a rigorous methodology for extending the EB4EB framework, to support new system analysis mechanisms associated to properties that are not natively present in core Event-B. Thanks to the reflexive nature of this framework, new generic and reusable system properties and their associated POs are expressed once and for all, and for any refinement level. For specific systems, designers instantiate these properties and the associated POs are automatically generated and submitted to Event-B's provers. This methodology is used to define three analyses: deadlock-freeness, invariant weakness analysis and reachability, all of which are demonstrated on a case study.",wos,llm,0.950,unreviewed,
discarded,Modeling and Verifying an Arrival Manager Using EVENT-B,"Mammar, Amel; Leuschel, Michael",2023,"RIGOROUS STATE-BASED METHODS, ABZ 2023",10.1007/978-3-031-33163-3_24,https://www.webofscience.com/wos/woscc/full-record/WOS:001286412600022,adjacent-subtopic,"The present paper describes an Event-B model of the Arrival MANager system (called AMAN), the case study provided by the ABZ'23 conference. The goal of this safety critical interactive system is to schedule the arrival times of aircraft at airports. This system includes two parts: an autonomous part which predicts the arrival time of an aircraft from external sources (flight plan information, radar and weather information, etc.) and an interface part that permits to the Air Traffic Controller (ATCo) to submit requests to AMAN like changes regarding the arrival times of aircraft. To formally model and verify this critical system, we use a correct-by-construction approach with the Event-B formal method and its refinement process. We mainly consider functional features of the case study; all proof obligations have been discharged using the provers of the Rodin platform under which we carried out our development. To help users understand how AMAN works and its main functionalities, a visualisation of the Event-B models was achieved using the VisB component of ProB. Our models have been validated using ProB by applying scenarios related to different functional aspects of the system.",wos,llm,0.950,unreviewed,
discarded,Modeling Train Systems: From High-Level Architecture Graphical Models to Formal Specifications,"Bougacha, Racem; Laleau, Regine; Bon, Philippe; Collart-Dutilleul, Simon; Ben Ayed, Rahma",2023,"RISKS AND SECURITY OF INTERNET AND SYSTEMS, CRISIS 2022",10.1007/978-3-031-31108-6_12,https://www.webofscience.com/wos/woscc/full-record/WOS:001286415100012,adjacent-subtopic,"Model Driven Engineering (MDE) is a software development methodology applied on complex systems, which are composed of many interacting components. This paper proposes a holistic approach based on MDE for modeling and formally verifying the high-level architectures of such systems, in particular railway systems. The approach contains a three-step process. The first one consists in proposing a high-level architecture modeling using SysML. It produces graphical models of system components, represents and documents the system in a simple way to be discussed with stakeholders and allows them to verify if this architecture corresponds to their expected requirements. We have selected diagrams that facilitate SysML high-level architecture design, namely package, block-definition, state-transition and sequence diagrams. The second step consists in transforming SysML models to Event-B formal models. The input meta-models are those of SysML, the output one is the Event-B meta-model. All of them have been adapted to our objectives. The last step is the verification of Event-B formal specifications using provers, model-checkers and animators. Formal specifications are specifically recommended for complex critical systems with high level of integrity to verify their correctness, accuracy and to allow a complete check of the entire system states and properties. We illustrate this approach on a case study of emerging standard of the ATO system running over ERTMS where compliance with the normative documents will ensure the achievement of a number of safety objectives while providing a graphical representation understandable by domain experts.",wos,llm,0.960,unreviewed,
discarded,An EVENT-B Model of a Mechanical Lung Ventilator,"Mammar, Amel",2024,"RIGOROUS STATE-BASED METHODS, ABZ 2024",10.1007/978-3-031-63790-2_25,https://www.webofscience.com/wos/woscc/full-record/WOS:001280303300025,adjacent-subtopic,"In this paper, we present a formal Event-B model of the Mechanical Lung Ventilator (MLV), the case study provided by the ABZ'24 conference. This system aims at helping patients maintain good breathing by providing mechanical ventilation. For this purpose, two modes are possible: Pressure Controlled Ventilation (PCV) and Pressure Support Ventilation (PSV). In the former mode, respiratory cycles are completely defined by the patient that is able to start breathing on its own. In the latter mode, the respiratory cycle is constant and controlled by the ventilator. Let us note that it is possible to move from a given mode to the other depending on the breathing capabilities of the patient under ventilation. In this paper, we illustrate the use of a correct-by-construction approach, the Event-B formal method and its refinement process, for the formal modeling and the verification of such a complex and critical system. The development of the formal models has been achieved under the Rodin platform that provides us with automatic and interactive provers used to verify the correctness of the models. We have also validated the built Event-B models using the ProB animator/model checker.",wos,llm,0.950,unreviewed,
