status,title,authors,year,venue,doi,url,tags,abstract,provider,decision_source,llm_confidence,llm_review_outcome,llm_change_direction
discarded,Supervisory controller synthesis and implementation for safety PLCs,"Reijnen, Ferdie F. H.; Erens, Toby R.; van de Mortel-Fronczak, Joanna M.; Rooda, Jacobus E.",2022,DISCRETE EVENT DYNAMIC SYSTEMS-THEORY AND APPLICATIONS,10.1007/s10626-021-00350-4,https://www.webofscience.com/wos/woscc/full-record/WOS:000714990400001,adjacent-subtopic,"The development of supervisory controllers for cyber-physical systems is a laborious and error-prone process. Supervisor synthesis enables control designers to automatically synthesize a correct-by-construction supervisor from a model of the plant combined with a model of the control requirements. From the supervisor model, controller code can be generated which is suitable for the implementation on a programmable logic controller (PLC). Supervisors for industrial systems that operate in close proximity to humans have to adhere to strict safety standards. To achieve these standards, safety PLCs (SPLCs) are used. For SPLC implementation, the supervisor has to be split into a regular part and a safety part. In previous work, a method is proposed to automatically split a supervisor model for this purpose. The method assumes that the provided plant model is a collection of finite automata. In this paper, the extension to extended finite automata is described. Additionally, guidelines are provided for modeling the plant and the requirements to achieve a favorable splitting. A case study on a rotating bridge is elaborated which has been used to validate the method. The case study spans all development steps, including the implementation of the resulting supervisor to control the real bridge.",wos,llm,0.980,unreviewed,
discarded,Extended bounded response LTL: a new safety fragment for efficient reactive synthesis,"Cimatti, Alessandro; Geatti, Luca; Gigante, Nicola; Montanari, Angelo; Tonetta, Stefano",2021,FORMAL METHODS IN SYSTEM DESIGN,10.1007/s10703-021-00383-3,https://www.webofscience.com/wos/woscc/full-record/WOS:000714505300001,adjacent-subtopic,"Reactive synthesis is a key technique for the design of correct-by-construction systems, which has been thoroughly investigated in the last decades. It consists of the synthesis of a controller that reacts to environment's inputs satisfying a given temporal logic specification. Common approaches are based on the explicit construction of automata and on their determinization, which limits their scalability. In this paper, we introduce a new safety fragment of Linear Temporal Logic (LTL), called Extended Bounded Response LTL (LTLEBR), which allows one to combine bounded and universal unbounded temporal operators (thus covering a large set of practical cases). We show that reactive synthesis from LTLEBR specifications can be reduced to solving a safety game over a deterministic symbolic automaton built directly from the specification. We prove the correctness of the approach and study the complexity of the fragment showing that the proposed solution is optimal. Finally, we evaluate it on various benchmarks showing better performance of other approaches for general LTL or larger safety fragments.",wos,llm,0.990,unreviewed,
discarded,"Controller Design for Time-varying Sampling, Co-Regulated Systems","Zhang, Xinkai; Bradley, Justin",2021,2021 AMERICAN CONTROL CONFERENCE (ACC),,https://www.webofscience.com/wos/woscc/full-record/WOS:000702263300069,adjacent-subtopic,"""Co-regulation"" is a time-varying periodic sampling strategy wherein the sampling rate is dynamically adjusted in response to the performance of the controlled system. The controller for co-regulated system needs to adjust control outputs corresponding to the current (changing) sampling rate. This makes performance guarantees such as stability difficult to obtain. In this paper we develop two stability guaranteed control algorithms for co-regulated systems. First is a correct-by-construction stabilizing controller where the control gain matrices are pre-computed offline for a set of sampling rates. This method allows for arbitrary switching of the sampling rates but as a result can be overly conservative. Then a hybrid Model Predictive Control (MPC) algorithm is tailored for co-regulated systems where both the system state trajectory and the sampling rate (scheduling parameter) trajectory are predicted within the receding horizon. The performances of the proposed controllers are demonstrated and discussed for a co-regulated multicopter Unmanned Aircraft System (UAS). The results show co-regulation can efficiently reallocate computational resources based on control performance by varying the sampling rate at runtime, while the proposed control strategies can guarantee co-regulated system stability when working under a time-varying sampling rate.",wos,llm,0.980,unreviewed,
discarded,"Controller Design for Time-Varying Sampling, Co-Regulated Systems","Zhang, Xinkai; Bradley, Justin",2021,IEEE CONTROL SYSTEMS LETTERS,10.1109/LCSYS.2020.3044261,https://www.webofscience.com/wos/woscc/full-record/WOS:000641955500001,duplicate-reprint-of-cited-source; adjacent-subtopic,"""Co-regulation"" is a time-varying periodic sampling strategy wherein the sampling rate is dynamically adjusted in response to the performance of the controlled system. The controller for co-regulated system needs to adjust control outputs corresponding to the current (changing) sampling rate. This makes performance guarantees such as stability difficult to obtain. In this letter we develop two stability guaranteed control algorithms for co-regulated systems. First is a correct-by-construction stabilizing controller where the control gain matrices are pre-computed offline for a set of sampling rates. This method allows for arbitrary switching of the sampling rates but as a result can be overly conservative. Then a hybrid Model Predictive Control (MPC) algorithm is tailored for co-regulated systems where both the system state trajectory and the sampling rate (scheduling parameter) trajectory are predicted within the receding horizon. The performances of the proposed controllers are demonstrated and discussed for a co-regulated multicopter Unmanned Aircraft System (UAS). The results show co-regulation can efficiently reallocate computational resources based on control performance by varying the sampling rate at runtime, while the proposed control strategies can guarantee co-regulated system stability when working under a time-varying sampling rate.",wos,llm,0.990,unreviewed,
discarded,"Transformer-Combining Digital PA with Efficiency Peaking at 0,-6, and-12 dB backoff in 32nm CMOS","Seddighrad, Parmoon; Palaskas, Yorgos; Xu, Hongtao; Madoglio, Paolo; Chandarshekar, Kailash; Allstot, David J.",2020,2020 IEEE INTERNATIONAL SYMPOSIUM ON CIRCUITS AND SYSTEMS (ISCAS),,https://www.webofscience.com/wos/woscc/full-record/WOS:000696570700080,off-topic-false-hit,"A digital switched-capacitor transformer-combining power amplifier (SCPA) that uses load modulation to achieve efficiency peaking at 0, -6, and -12 dB backoff levels is beneficial for signals with high peak-to-average power ratios (PAPR). The PA uses a specific switched-capacitor cell design and turn-on sequence, that, contrary to the prior art, ensures correct-by-construction load modulation at backoff, even in the presence of practical transformer non-idealities. The PA has been implemented in 32nm CMOS and tested as part of a complete WiFi polar transmitter.",wos,llm,1.000,unreviewed,
discarded,Declarative Power Sequencing,"Schult, Jasmin; Schwyn, Daniel; Giardino, Michael; Cock, David; Achermann, Reto; Roscoe, Timothy",2021,ACM TRANSACTIONS ON EMBEDDED COMPUTING SYSTEMS,10.1145/3477039,https://www.webofscience.com/wos/woscc/full-record/WOS:000699999600035,adjacent-subtopic,"Modern computer server systems are increasingly managed at a low level by baseboard management controllers (BMCs). BMCs are processors with access to the most critical parts of the platform, below the level of OS or hypervisor, including control over power delivery to every system component. Buggy or poorly designed BMC software not only poses a security threat to a machine, it can permanently render the hardware inoperative. Despite this, there is little published work on how to rigorously engineer the power management functionality of BMCs so as to prevent this happening.

This article takes a first step toward putting BMC software on a sound footing by specifying the hardware environment and the constraints necessary for safe and correct operation. This is best accomplished through automation: correct-by-construction power control sequences can be efficiently generated from a simple, trustworthy model of the platform's power tree that incorporates the sequencing requirements and safe voltage ranges of all components.

We present both a modeling language for complex power-delivery networks and a tool to automatically generate safe, efficient power sequences for complex modern platforms. This not only increases the trustworthiness of a hitherto opaque yet critical element of platform firmware: regulator and chip power models are significantly simpler to produce than hand-written power sequences. This, combined with model reuse for common components, reduces both time and cost associated with platform bring-up for new hardware.

We evaluate our tool using a new high-performance 2-socket server platform with >100W per socket TDP, tight voltage limits and 25 distinct power regulators needing configuration, showing both fast (<10s) tool runtime, and correct power sequencing of a live system.",wos,llm,0.960,unreviewed,
discarded,HAMPA: Solver-Aided Recency-Aware Replication,"Li, Xiao; Houshmand, Farzin; Lesani, Mohsen",2020,"COMPUTER AIDED VERIFICATION (CAV 2020), PT I",10.1007/978-3-030-53288-8_16,https://www.webofscience.com/wos/woscc/full-record/WOS:000695276000016,adjacent-subtopic,"Replication is a common technique to build reliable and scalable systems. Traditional strong consistency maintains the same total order of operations across replicas. This total order is the source of multiple desirable consistency properties: integrity, convergence and recency. However, maintaining the total order has proven to inhibit availability and performance. Weaker notions exhibit responsiveness and scalability; however, they forfeit the total order and hence its favorable properties. This project revives these properties with as little coordination as possible. It presents a tool called HAMPA that given a sequential object with the declaration of its integrity and recency requirements, automatically synthesizes a correct-by-construction replicated object that simultaneously guarantees the three properties. It features a relational object specification language and a syntax-directed analysis that infers optimum staleness bounds. Further, it defines coordination-avoidance conditions and the operational semantics of replicated systems that provably guarantees the three properties. It characterizes the computational power and presents a protocol for recency-aware objects. HAMPA uses automatic solvers statically and embeds them in the runtime to dynamically decide the validity of coordination-avoidance conditions. The experiments show that recency-aware objects reduce coordination and response time.",wos,llm,0.960,unreviewed,
discarded,AMYTISS: Parallelized Automated Controller Synthesis for Large-Scale Stochastic Systems,"Lavaei, Abolfazl; Khaled, Mahmoud; Soudjani, Sadegh; Zamani, Majid",2020,"COMPUTER AIDED VERIFICATION, PT II",10.1007/978-3-030-53291-8_24,https://www.webofscience.com/wos/woscc/full-record/WOS:000695272500024,adjacent-subtopic,"In this paper, we propose a software tool, called AMYTISS, implemented in C++/OpenCL, for designing correct-by-construction controllers for large-scale discrete-time stochastic systems. This tool is employed to (i) build finite Markov decision processes (MDPs) as finite abstractions of given original systems, and (ii) synthesize controllers for the constructed finite MDPs satisfying bounded-time high-level properties including safety, reachability and reach-avoid specifications. In AMYTISS, scalable parallel algorithms are designed such that they support the parallel execution within CPUs, GPUs and hardware accelerators (HWAs). Unlike all existing tools for stochastic systems, AMYTISS can utilize high-performance computing (HPC) platforms and cloud-computing services to mitigate the effects of the state-explosion problem, which is always present in analyzing large-scale stochastic systems. We benchmark AMYTISS against the most recent tools in the literature using several physical case studies including robot examples, room temperature and road traffic networks. We also apply our algorithms to a 3-dimensional autonomous vehicle and 7-dimensional nonlinear model of a BMW 320i car by synthesizing an autonomous parking controller.",wos,llm,0.980,unreviewed,
discarded,Build Scripts with Perfect Dependencies,"Spall, Sarah; Mitchell, Neil; Tobin-Hochstadt, Sam",2020,PROCEEDINGS OF THE ACM ON PROGRAMMING LANGUAGES-PACMPL,10.1145/3428237,https://www.webofscience.com/wos/woscc/full-record/WOS:000685203900046,adjacent-subtopic,"Build scripts for most build systems describe the actions to run, and the dependencies between those actions- but often build scripts get those dependencies wrong. Most build scripts have both too few dependencies (leading to incorrect build outputs) and too many dependencies (leading to excessive rebuilds and reduced parallelism). Any programmer who has wondered why a small change led to excess compilation, or who resorted to a ""clean"" step, has suffered the ill effects of incorrect dependency specification. We outline a build system where dependencies are not specified, but instead captured by tracing execution. The consequence is that dependencies are always correct by construction and build scripts are easier to write. The simplest implementation of our approach would lose parallelism, but we are able to recover parallelism using speculation.",wos,llm,0.940,unreviewed,
discarded,Geometry Types for Graphics Programming,"Geisler, Dietrich; Yoon, Irene; Kabra, Aditi; He, Horace; Sanders, Yinnon; Sampson, Adrian",2020,PROCEEDINGS OF THE ACM ON PROGRAMMING LANGUAGES-PACMPL,10.1145/3428241,https://www.webofscience.com/wos/woscc/full-record/WOS:000685203900050,adjacent-subtopic,"In domains that deal with physical space and geometry, programmers need to track the coordinate systems that underpin a computation. We identify a class of geometry bugs that arise from confusing which coordinate system a vector belongs to. These bugs are not ruled out by current languages for vector-oriented computing, are difficult to check for at run time, and can generate subtly incorrect output that can be hard to test for.

We introduce a type system and language that prevents geometry bugs by reflecting the coordinate system for each geometric object. A value's geometry type encodes its reference frame, the kind of geometric object (such as a point or a direction), and the coordinate representation (such as Cartesian or spherical coordinates). We show how these types can rule out geometrically incorrect operations, and we show how to use them to automatically generate correct-by-construction code to transform vectors between coordinate systems. We implement a language for graphics programming, Gator, that checks geometry types and compiles to OpenGL's shading language, GLSL. Using case studies, we demonstrate that Gator can raise the level of abstraction for shader programming and prevent common errors without inducing significant annotation overhead or performance cost.",wos,llm,0.950,unreviewed,
discarded,Research Report: The Parsley Data Format Definition Language,"Mundkur, Prashanth; Briesemeister, Linda; Shankar, Natarajan; Anantharaman, Prashant; Ali, Sameed; Lucas, Zephyr; Smith, Sean",2020,2020 IEEE SYMPOSIUM ON SECURITY AND PRIVACY WORKSHOPS (SPW 2020),10.1109/SPW50608.2020.00064,https://www.webofscience.com/wos/woscc/full-record/WOS:000674766800046,adjacent-subtopic,"Any program that reads formatted input relies on parsing software to check the input for validity and transform it into a representation suitable for further processing. Many security vulnerabilities can be attributed to poorly defined grammars, incorrect parsing, and sloppy input validation. In contrast to programming languages, grammars for even common data formats such as ELF and PDF are typically context-sensitive and heterogenous. However, as in programming languages, a standard notation or language to express these data format grammars can address poor or ambiguous definitions, and the automated generation of correct-by-construction parsers from such grammar specifications can yield correct and type- and memory-safe data parsing routines. We present our ongoing work on developing such a data format description language. Parsley is a declarative data format definition language that combines grammars and constraints in a modular way. We show how it can be used to capture data formats such as MAVLink, PDF and ELF. We briefly describe the processing pipeline we are designing to generate verified parsers from these specifications.",wos,llm,0.960,unreviewed,
discarded,Intrinsically Typed Compilation with Nameless Labels,"Rouvoet, Arjen; Krebbers, Robbert; Visser, Eelco",2021,PROCEEDINGS OF THE ACM ON PROGRAMMING LANGUAGES-PACMPL,10.1145/3434303,https://www.webofscience.com/wos/woscc/full-record/WOS:000679806100022,adjacent-subtopic,"To avoid compilation errors it is desirable to verify that a compiler is type correct-i.e., given well-typed source code, it always outputs well-typed target code. This can be done intrinsically by implementing it as a function in a dependently typed programming language, such as Agda. This function manipulates data types of well-typed source and target programs, and is therefore type correct by construction. A key challenge in implementing an intrinsically typed compiler is the representation of labels in bytecode. Because label names are global, bytecode typing appears to be inherently a non-compositional, whole-program property. The individual operations of the compiler do not preserve this property, which requires the programmer to reason about labels, which spoils the compiler definition with proof terms.

In this paper, we address this problem using a new nameless and co-contextual representation of typed global label binding, which is compositional. Our key idea is to use linearity to ensure that all labels are defined exactly once. To write concise compilers that manipulate programs in our representation, we develop a linear, dependently typed, shallowly embedded language in Agda, based on separation logic. We show that this language enables the concise specification and implementation of intrinsically typed operations on bytecode, culminating in an intrinsically typed compiler for a language with structured control-flow.",wos,llm,0.960,unreviewed,
discarded,An Efficient Way to Accelerate Litho Hotspot Checking,"Jiang, Jet; Li, Gavin; Hou, Frank; Wan, Qijian; Hu, Xinyi; Liu, Zhengfang; Chen, Zhixi; Du, Chunshan",2021,DESIGN-PROCESS-TECHNOLOGY CO-OPTIMIZATION FOR MANUFACTURABILITY XIV,10.1117/12.2551682,https://www.webofscience.com/wos/woscc/full-record/WOS:000671888300030,off-topic-false-hit,"It's desirable to gain high yield and good performance for memory products. Designers have to do some advanced DFM checking on their designs and fix all the critical design issues to be correct by construction before manufacturing. One of the DFM checking items is the litho hotspot checking, LFD (Litho Friendly Design) is the tool adopted for that checking due to its user friendly interface for designers and being able to be integrated with other tools for the advanced checking flow development. One challenge to enable this checking as the signoff item is the long runtime due to the computing-intensive litho simulation. Multiple ways have been figured out to reduce the runtime, for instance, hierarchical checking flow similar to hierarchical design flow under the assumption that many design blocks are reused on the top level; simulation only on the area selected by weak pattern candidates stored in a pattern matching library; simulation only on the unique pattern area by firstly decomposing the layout. All these approaches always tradeoff between runtime and simulation accuracy and come to use with different expectations as the process gradually matures. This paper introduces another technique to reduce the simulation time. This technique is essentially a pattern matching extended application and will be introduced in detail in the paper.",wos,llm,1.000,unreviewed,
discarded,Kissing corner handling in advanced nodes,"Mendoza, Harold; Huda, Gazi",2021,DESIGN-PROCESS-TECHNOLOGY CO-OPTIMIZATION FOR MANUFACTURABILITY XIV,10.1117/12.2551698,https://www.webofscience.com/wos/woscc/full-record/WOS:000671888300031,off-topic-false-hit,"In the advanced nodes, abutted corners often referred to as kissing corners, are not physically printable using single layer photolithography techniques. In order to mitigate any downstream impact, the authors propose specific kissing corner handling methodologies in Mask Data Prep (MDP). In the layout, beveling is a method that can add or subtract shapes to either allow a resist feature to remain or space to resolve. Unlike functional active areas, Fill kissing corners can be proactively avoided by a correct-by-construction approach. Both these methodologies yield faster processing while improving the results without necessitating any design rule change.",wos,llm,1.000,unreviewed,
