status,title,authors,year,venue,doi,url,tags,abstract,provider,decision_source,llm_confidence,llm_review_outcome,llm_change_direction
discarded,When geographical indication conflicts with food heritage protection,Delphine Vitrolles,2011,Anthropology of food,10.4000/aof.6809,https://openalex.org/W1610298339,off-topic-false-hit,"The push for origin labelling represents a new challenge for developing countries. This article describes an origin-labelling scheme under consideration by Emater, a Brazilian public body established to support small farmers. The product in question is Serrano cheese, a local speciality from the Campos de Cima da Serra region in Rio Grande do Sul (the southernmost state in Brazil). Some 70 semi-structured interviews were conducted to explore respondents’ attitudes to Geographical Indication (GI), and assess its relevance as a means of preserving the cultural identity of Serrano cheese. Our findings revealed the limitations of the scheme due to its top-down design, suggesting that Emater has failed to grasp the full implications of GI classification. While the aim would be to promote and preserve local history and culinary heritage, the outcome may be quite the opposite: GI labelling may lead to standardized production methods that would cut local producers out of the loop altogether.",openalex,llm,0.990,unreviewed,
discarded,Design Methodology for Appropriate Technology: Engineering as if People Mattered,Corinthias P. M. Sianipar; Gatot Yudoko; Kiyoshi Dowaki; Akbar Adhiutama,2013,Sustainability,10.3390/su5083382,https://openalex.org/W2004300434,off-topic-false-hit,"Since the emerging of its idea circa four decades ago, Appropriate Technology (AT) had been proven as a comprehensive solution in a limited condition. However, practitioners & academia have different opinions with engineers on how an AT must be designed. Researchers had noted the crucial factors in the issue as such, and they gave a notion of the urgency for a dedicated design methodology for AT. This study, therefore, aims to provide it. Such methodology is developed by incorporating AT characteristics, fundamental issues in community empowerment, and the principles of existing design methodologies. The methodology emphasizes combination between bottom-up and top-down design approaches. It means that an AT must be started purely from local conditions rather than given technical specifications, and be given back to local people to be seamlessly integrated into their routines. It also underlines the crucial importance of community involvement throughout design stages. By looking at previous design methodologies that were developed based on pure Engineering Problem Solving (EPS), this study delivers a fresh and comprehensive one that covers surrounding issues and concepts to produce an AT based on the real meaning of technological appropriateness.",openalex,llm,0.980,unreviewed,
discarded,A high-level programming language for generative protein design,Brian Hie; Salvatore Candido; Zeming Lin; Ori Kabeli; Roshan Rao; Nikita Smetanin; Tom Sercu; Alexander Rives,2022,bioRxiv (Cold Spring Harbor Laboratory),10.1101/2022.12.21.521526,https://openalex.org/W4312198087,off-topic-false-hit,"Abstract Combining a basic set of building blocks into more complex forms is a universal design principle. Most protein designs have proceeded from a manual bottom-up approach using parts created by nature, but top-down design of proteins is fundamentally hard due to biological complexity. We demonstrate how the modularity and programmability long sought for protein design can be realized through generative artificial intelligence. Advanced protein language models demonstrate emergent learning of atomic resolution structure and protein design principles. We leverage these developments to enable the programmable design of de novo protein sequences and structures of high complexity. First, we describe a high-level programming language based on modular building blocks that allows a designer to easily compose a set of desired properties. We then develop an energy-based generative model, built on atomic resolution structure prediction with a language model, that realizes all-atom structure designs that have the programmed properties. Designing a diverse set of specifications, including constraints on atomic coordinates, secondary structure, symmetry, and multimerization, demonstrates the generality and controllability of the approach. Enumerating constraints at increasing levels of hierarchical complexity shows that the approach can access a combinatorially large design space.",openalex,llm,0.980,unreviewed,
discarded,A subdivision algorithm for smooth 3D terrain models,Norbert Pfeifer,2005,ISPRS Journal of Photogrammetry and Remote Sensing,10.1016/j.isprsjprs.2004.09.002,https://openalex.org/W2033140255,off-topic-false-hit,,openalex,llm,0.970,unreviewed,
kept,The HeKatE methodology. Hybrid engineering of intelligent systems,Grzegorz J. Nalepa; Antoni Ligęza,2010,International Journal of Applied Mathematics and Computer Science,10.2478/v10006-010-0003-9,https://openalex.org/W2087855415,supports-claim,"The HeKatE methodology. Hybrid engineering of intelligent systems This paper describes a new approach, the HeKatE methodology, to the design and development of complex rule-based systems for control and decision support. The main paradigm for rule representation, namely, eXtended Tabular Trees (XTT), ensures high density and transparency of visual knowledge representation. Contrary to traditional, flat rule-based systems, the XTT approach is focused on groups of similar rules rather than on single rules. Such groups form decision tables which are connected into a network for inference. Efficient inference is assured as only the rules necessary for achieving the goal, identified by the context of inference and partial order among tables, are fired. In the paper a new version of the language—XTT2 2 —is presented. It is based on ALSV(FD) logic, also described in the paper. Another distinctive feature of the presented approach is a top-down design methodology based on successive refinement of the project. It starts with Attribute Relationship Diagram (ARD) development. Such a diagram represents relationships between system variables. Based on the ARD scheme, XTT tables and links between them are generated. The tables are filled with expert-provided constraints on values of the attributes. The code for rule representation is generated in a humanreadable representation called HMR and interpreted with a provided inference engine called HeaRT. A set of software tools supporting the visual design and development stages is described in brief.",openalex,llm,0.900,unreviewed,
discarded,ToPoliNano: A CAD Tool for Nano Magnetic Logic,Fabrizio Riente; Giovanna Turvani; Marco Vacca; Massimo Ruo Roch; Maurizio Zamboni; Mariagrazia Graziano,2017,IEEE Transactions on Computer-Aided Design of Integrated Circuits and Systems,10.1109/tcad.2017.2650983,https://openalex.org/W2568332320,adjacent-subtopic,"In the post-CMOS scenario, field coupled nanotechnologies represent an innovative and interesting new direction for electronic nanocomputing. Among these technologies, nanomagnet logic (NML) makes it possible to finally embed logic and memory in the same device. To fully analyze the potential of NML circuits, design tools that mimic the CMOS design-flow should be used for circuit design. We present, in this paper, the latest and improved version of Torino Politecnico Nanotechnology (ToPoliNano), our design and simulation framework for field coupled nanotechnologies. ToPoliNano emulates the top-down design process of CMOS technology. Circuits are described with a VHSIC hardware description language netlist and layout is then automatically generated considering in-plane NML (iNML) technology. The resulting circuits can be simulated and performance can be analyzed. In this paper, we describe several enhancements to the tool itself, like a circuit editor for custom design of field coupled nanodevices, improved algorithms for netlist optimization and new algorithms for the place and route of iNML circuits. We have validated and analyzed the tool by using extensive metrics, both by using standard circuits and ISCAS'85 benchmarks. This contribution highlights the improvements of ToPoliNano, which is now a innovative and complete tool for the development of iNML technology.",openalex,llm,0.800,unreviewed,
discarded,Functionalizing DNA origami to investigate and interact with biological systems,Grant A. Knappe; Eike‐Christian Wamhoff; Mark Bathe,2022,Nature Reviews Materials,10.1038/s41578-022-00517-x,https://openalex.org/W4313423306,off-topic-false-hit,"DNA origami has emerged as a powerful method to generate DNA nanostructures with dynamic properties and nanoscale control. These nanostructures enable complex biophysical studies and the fabrication of next-generation therapeutic devices. For these applications, DNA origami typically needs to be functionalized with bioactive ligands and biomacromolecular cargos. Here, we review methods developed to functionalize, purify and characterize DNA origami nanostructures. We identify remaining challenges such as limitations in functionalization efficiency and characterization. We then discuss where researchers can contribute to further advance the fabrication of functionalized DNA origami. DNA origami nanostructures are useful constructs for biophysical and therapeutic studies. This Review discusses how these nanostructures are functionalized with bioactive conjugates, purified and characterized, and compares the advantages and limitations of these methods in the context of different applications.",openalex,llm,0.990,unreviewed,
discarded,The Topological Evolution of Road Networks,Feng Xie; David Levinson,2009,University of Minnesota Digital Conservancy (University of Minnesota),10.1016/j.compenvurbsys.2008.09.009,https://openalex.org/W3123386965,off-topic-false-hit,"This study explores the topological evolution of surface transportation networks, using empirical evidence and a simulation model validated on that data. Evolution is an iterative process of interaction, investment, and disinvestment. The temporal change of topological attributes for the network is also evaluated using measures of connectivity, density, heterogeneity, concentration, and connection Patterns. The simulation model is validated using historical data from the Indiana interurban network. Statistical analyses suggest that the simulation model performs well in predicting the sequence of link abandonment in the interurban network as well as the temporal change of topological attributes. The simulation model is then applied on different idealized network structures. Typical connection patterns such as rings, webs, hub-and-spokes, and cul-de-sacs emerge in the networks: the spontaneous organization of network hierarchies, the temporal change of spacing between parallel links, and the rise-and-fall of places in terms of their relative importance are also observed, providing further evidence for the self-organization property of surface transportation networks. (C) 2008 Elsevier Ltd. All rights reserved.",openalex,llm,0.990,unreviewed,
kept,A rational design process: how and why to fake it,David Lorge Parnas; Paul Clements,2001,"Addison-Wesley Longman Publishing Co., Inc. eBooks",,https://openalex.org/W2291145911,qualifies-claim,"Software Engineers have been searching for the ideal software development process: a process in which programs are derived from specifications in the same way that lemmas and theorems are derived from axioms in published proofs. After explaining why we can never achieve it, this paper describes such a process. The process is described in terms of a sequence of documents that should be produced on the way to producing the software. We show that such documents can serve several purposes. They provide a basis for preliminary design review, serve as reference material during the coding, and guide the maintenance programmer in his work. We discuss how these documents can be constructed using the same principles that should guide the software design. The resulting documentation is worth much more than the afterthought documentation that is usually produced. If we take the care to keep all of the documents up-to-date, we can create the appearance of a fully rational design process.",openalex,llm,0.980,unreviewed,
kept,A rational design process: How and why to fake it,David Lorge Parnas; Paul Clements,1985,Lecture notes in computer science,10.1007/3-540-15199-0_6,https://openalex.org/W2171455951,qualifies-claim; duplicate-reprint-of-cited-source,,openalex,human,0.930,human,
discarded,Visualization and analysis of atomistic simulation data with OVITO–the Open Visualization Tool,Alexander Stukowski,2009,Modelling and Simulation in Materials Science and Engineering,10.1088/0965-0393/18/1/015012,https://openalex.org/W2047968138,off-topic-false-hit,"The Open Visualization Tool (OVITO) is a new 3D visualization software designed for post-processing atomistic data obtained from molecular dynamics or Monte Carlo simulations. Unique analysis, editing and animations functions are integrated into its easy-to-use graphical user interface. The software is written in object-oriented C++, controllable via Python scripts and easily extendable through a plug-in interface. It is distributed as open-source software and can be downloaded from the website http://ovito.sourceforge.net/ .",openalex,llm,0.990,unreviewed,
discarded,Design and code inspections to reduce errors in program development,Michael Fagan,1976,IBM Systems Journal,10.1147/sj.153.0182,https://openalex.org/W2161407365,adjacent-subtopic,"We can summarize the discussion of design and code inspections and process control in developing programs as follows: 1. Describe the program development process in terms of operations, and define exit criteria which must be satisfied for completion of each operation. 2. Separate the objectives of the inspection process operations to keep the inspection team focused on one objective at a time: Operation Overview Preparation Inspection Rework Follow-up Objective Communications/education Education Find errors Fix errors Ensure all fixes are applied correctly 3. Classify errors by type, and rank frequency of occurrence of types. Identify which types to spend most time looking for in the inspection. 4. Describe how to look for presence of error types. 5. Analyze inspection results and use for constant process improvement (until process averages are reached and then use for process control).",openalex,llm,0.720,unreviewed,
kept,Program development by stepwise refinement,Niklaus Wirth,1971,Communications of the ACM,10.1145/362575.362577,https://openalex.org/W2987977008,origin,"The creative activity of programming--to be distinguished from coding--is usually taught by examples serving to exhibit certain techniques. It is here considered as a sequence of design decisions concerning the decomposition of tasks into subtasks and of data into data structures. The process of successive refinement of specifications is illustrated by a short but nontrivial example, from which a number of conclusions are drawn regarding the art and the instruction of programming.",openalex,human,1.000,human,
discarded,"PET versus SPECT: strengths, limitations and challenges",Arman Rahmim; Habib Zaidi,2008,Nuclear Medicine Communications,10.1097/mnm.0b013e3282f3a515,https://openalex.org/W1993388378,off-topic-false-hit,"The recent introduction of high-resolution molecular imaging technology is considered by many experts as a major breakthrough that will potentially lead to a revolutionary paradigm shift in health care and revolutionize clinical practice. This paper intends to balance the capabilities of the two major molecular imaging modalities used in nuclear medicine, namely positron emission tomography (PET) and single photon emission computed tomography (SPECT). The motivations are many-fold: (1) to gain a better understanding of the strengths and limitations of the two imaging modalities in the context of recent and ongoing developments in hardware and software design; (2) to emphasize that certain issues, historically and commonly thought as limitations of one technology, may now instead be viewed as challenges that can be addressed; (3) to point out that current state of the art PET and SPECT scanners can (greatly) benefit from improvements in innovative image reconstruction algorithms; and (4) to identify important areas of research in PET and SPECT imaging that will be instrumental to further improvements in the two modalities. Both technologies are poised to advance molecular imaging and have a direct impact on clinical and research practice to influence the future of molecular medicine.",openalex,llm,0.990,unreviewed,
discarded,Software Design as a Learning Environment,Idit Harel; Seymour Papert,1990,Interactive Learning Environments,10.1080/1049482900010102,https://openalex.org/W2149136931,adjacent-subtopic,"This article describes a learning research called the Instructional Software Design Project (ISDP), and offers a Constructionist vision of the use of computers in education. In a Logo‐based learning environment in a Boston inner‐city public school, a fourth‐grade class was engaged during one semester in the design and production of educational software to teach fractions. Quantitative and qualitative research techniques were used to assess their learning of mathematics, programming, and design, and their performance was compared with that of two control classes. All three classes followed the regular mathematics curriculum, including a two‐month unit on fractions. Pre‐ and post‐tests were administered to the experimental and control groups. The evaluation revealed greater mastery of both Logo and fractions as well as acquisition of greater metacognitive skills by the experimental class than by either control class. Selected results from several case studies, as well as an overall evaluation are presented and discussed. Using ISDP as a model project, a Constructionist vision of using technology in learning is elaborated. The ISDP approach of using Logo programming as a tool for reformulating knowledge is compared with other ways of learning and using Logo, in particular the learning of programming per se in isolation from a content domain. Finally, ISDP is presented as a way of simultaneously learning programming and other content areas; and the claim is made that learning both of these together results in better learning than if either were learned in isolation from the other.",openalex,llm,0.740,unreviewed,
discarded,Evaluating Program and Managerial Efficiency: An Application of Data Envelopment Analysis to Program Follow Through,A. Charnes; W. W. Cooper; Edwardo L. Rhodes,1981,Management Science,10.1287/mnsc.27.6.668,https://openalex.org/W2124370456,off-topic-false-hit,"A model for measuring the efficiency of Decision Making Units (=DMU's) is presented, along with related methods of implementation and interpretation. The term DMU is intended to emphasize an orientation toward managed entities in the public and/or not-for-profit sectors. The proposed approach is applicable to the multiple outputs and designated inputs which are common for such DMU's. A priori weights, or imputations of a market-price-value character are not required. A mathematical programming model applied to observational data provides a new way of obtaining empirical estimates of extrernal relations—such as the production functions and/or efficient production possibility surfaces that are a cornerstone of modern economics. The resulting extremal relations are used to envelop the observations in order to obtain the efficiency measures that form a focus of the present paper. An illustrative application utilizes data from Program Follow Through (=PFT). A large scale social experiment in public school education, it was designed to test the advantages of PFT relative to designated NFT (=Non-Follow Through) counterparts in various parts of the U.S. It is possible that the resulting observations are contaminated with inefficiencies due to the way DMU's were managed en route to assessing whether PFT (as a program) is superior to its NFT alternative. A further mathematical programming development is therefore undertaken to distinguish between “management efficiency” and “program efficiency.” This is done via procedures referred to as Data Envelopment Analysis (=DEA) in which one first obtains boundaries or envelopes from the data for PFT and NFT, respectively. These boundaries provide a basis for estimating the relative efficiency of the DMU's operating under these programs. These DMU's are then adjusted up to their program boundaries, after which a new inter-program envelope is obtained for evaluating the PFT and NFT programs with the estimated managerial inefficiencies eliminated. The claimed superiority of PFT fails to be validated in this illustrative application. Our DEA approach, however, suggests the additional possibility of new approaches obtained from PFT-NFT combinations which may be superior to either of them alone. Validating such possibilities cannot be done only by statistical or other modelings. It requires recourse to field studies, including audits (e.g., of a U.S. General Accounting Office variety) and therefore ways in which the results of a DEA approach may be used to guide such further studies (or audits) are also indicated.",openalex,llm,0.990,unreviewed,
