status,title,authors,year,venue,doi,url,tags,abstract,provider,decision_source,llm_confidence,llm_review_outcome,llm_change_direction
discarded,Correct-by-Construction Control Synthesis for High-Dimensional Systems,Lars Petter Nilsson,2017,Deep Blue (University of Michigan),,https://openalex.org/W2788092992,adjacent-subtopic,"There is a need for controller design methodologies that enable early detection and elimination of unsafe designs. This thesis is about correct-by-construction synthesis methods---a collection of techniques that provide mathematical guarantees on correct behavior with respect to a formal specification. While these methods have attractive theoretical properties, there are fundamental scalability limitations that inhibit wide adoption; this work is concerned with ways of overcoming the scalability issue. In particular, three techniques for improving scalability are addressed. Firstly, a specification-guided abstraction-refinement technique with two novel inventions is presented. As opposed to traditional uniform abstractions, this technique creates non-uniform abstractions that are iteratively refined in ``promising'' areas of the state space to create a parsimonious abstraction. The abstraction is also augmented with additional information in the form of progress groups that can encode transience properties of the underlying concrete system. Examples demonstrate that both these novelties can reduce the computational burden significantly. Secondly, ways to decompose large problems into smaller ones while preserving correctness guarantees are considered. Since synthesis techniques typically scale exponentially with system dimension, decomposition can render otherwise intractable problems tractable. Two techniques for computation of separable invariant sets are presented; one for joint computation via LMIs, and one for iterative localized computation for systems with nonlinear interconnections. The final part of the thesis presents a way to leverage problem structure in order to provide mathematical correctness guarantees on aggregate behavior for very large collections of systems. In particular, counting problems are introduced, which due to their symmetry admit a novel form of abstraction whose size is a fraction of that of a traditional naïve abstraction. The counting problem on the abstraction is solved via ILP optimization.",openalex,llm,0.860,unreviewed,
kept,A Case Study in Timed Refinement: A Central Heater,Brendan Mahony; Ian J. Hayes,1991,Workshops in computing,10.1007/978-1-4471-3756-6_8,https://openalex.org/W191736703,supports-claim,,openalex,llm,0.870,unreviewed,
kept,ArcAngel: a Tactic Language for Refinement,Marcel Oliveira; Ana Cavalcanti; Jim Woodcock,2003,Formal Aspects of Computing,10.1007/s00165-003-0003-8,https://openalex.org/W2041169043,supports-claim,"Abstract. Morgan's refinement calculus is a successful technique for developing software in a precise and consistent way. This technique, however, can be hard to use, as developments may be long and repetitive. Many authors have pointed out that a lot can be gained by identifying commonly used development strategies, documenting them as tactics, and using them as single transformation rules. Also, it is useful to have a notation for describing derivations, so that they can be analysed and modified. In this paper, we present ArcAngel, a language for defining such refinement tactics; we present the language, its semantics, and some of its algebraic laws. Apart from Angel, a general-purpose tactic language that we are extending, no other tactic language has a denotational semantics and proof theory of its own.",openalex,llm,0.980,unreviewed,
discarded,Generating Correctness-Preserving Editing Operations for Diagram Editors,Steffen Mazanek; Mark Minas,2009,,10.14279/tuj.eceasst.18.262.247,https://openalex.org/W148218361,adjacent-subtopic,"Abstract: In previous work it has already been shown that syntax-directed and free-hand editing can be gainfully integrated into a single diagram editor. That way, the user can arrange diagram components on the screen without any restrictions in free-hand editing mode, whereas syntax-directed editing operations provide pow-erful assistance. So far, editing operations had to be specified or programmed by the editor developer. In contrast, this paper proposes an approach where diagram-specific editing operations are generated on the fly during the editing process and without any additional specification effort. These operations provably preserve the correctness of the diagram. The proposed approach requires a specification of the visual language by a hypergraph grammar.",openalex,llm,0.880,unreviewed,
discarded,Re-CorC-ing KeY: Correct-by-Construction Software Development Based on KeY,Tabea Bordis; Loek Cleophas; Alexander Kittelmann; Tobias Runge; Ina Schaefer; Bruce W. Watson,2022,Lecture notes in computer science,10.1007/978-3-031-08166-8_5,https://openalex.org/W4285226895,adjacent-subtopic,,openalex,llm,0.770,unreviewed,
discarded,Correctness by Construction with Logic-Labeled Finite-State Machines -- Comparison with Event-B,Vladimir Estivill‐Castro; René Hexel,2014,,10.1109/aswec.2014.20,https://openalex.org/W2021508926,adjacent-subtopic,"Formal methods have seen emergent success recently with the deployment of Event-B. However, Event-B explicitly postulates that models there are not executable. This seems to contradict the parallel emergence of model-driven development (MDD). We show here that logic-labeled finite-state machines (LLFSMs) are effective in carrying out the ""correct from construction"" agenda of formal methods such as Event-B and simultaneously achieve the aims of MDD. As a result, we obtain models that are directly interpretable, compliable, and executable enabling traceability, transparency and rapid maintainability, while at the same time enabling simulation, validation and formal verification with model checking. Moreover, the Event-B capacity to develop closed models is also very natural with arrangements of LLFSMs, and therefore further safety analysis such as failure-mode effects analysis (FMEA) can be performed. We demonstrate this with two well-known examples in the literature.",openalex,llm,0.820,unreviewed,
kept,Interpreting Nondeterminism in the Refinement Calculus,Ralph‐Johan Back; Joakim Wright,1996,Electronic workshops in computing,10.14236/ewic/rw1996.1,https://openalex.org/W1530607720,supports-claim,"We introduce a simple programming language and define its predicate transformer semantics. We motivate the choice of the constructs for the language by algebraic arguments, showing that the constructs are essentially the basic algebraic operations that are available for predicate transformers, when these are viewed as forming a complete lattice enriched category. We then show that the statements in the language can be given a simple operational interpretation, as describing the interaction between a user and a computing system. This gives a general intuitive interpretation of angelic and demonic nondeterminism. We also consider the notion of correctness and refinement of program statements that this intuitive interpretation gives rise to, and show the connection between the user-system interpretation and the interpretation of program execution as a game.",openalex,llm,0.960,unreviewed,
kept,On logic programming and the refinement calculus semantics based program transformations,Joost N. Kok,1990,Utrecht University Repository (Utrecht University),,https://openalex.org/W1558939391,supports-claim,,openalex,llm,0.800,unreviewed,
kept,A Tactic Driven Refinement Tool,Lindsay Groves; R. Nickson; Mark Utting,1992,Workshops in computing,10.1007/978-1-4471-3550-0_14,https://openalex.org/W1981759149,supports-claim,,openalex,llm,0.840,unreviewed,
discarded,A framework for component-based construction,Joseph Sifakis,2005,,10.1109/sefm.2005.3,https://openalex.org/W1978955051,adjacent-subtopic,"We present an overview of results developed mainly at Verimag, by the author and his colleagues, on a framework for component-based construction, characterized by the following: the behavior of atomic components is represented by transition systems; components are built from a set of atomic components by using ""glue"" operators; for each component, it is possible to separate its behavior from its structure, due to specific properties of glue operators. We show an instance of this framework, which combines two independent classes of glue operators, interaction models and priorities. The combination of interaction models and priorities is expressive enough to encompass heterogeneous interaction and execution. We show that separation between behavior and structure is instrumental for correctness-by-construction. Finally, we discuss new research problems related to a structure-dependent notion of expressiveness.",openalex,llm,0.830,unreviewed,
kept,An Iterator Construct for the Refinement Calculus,Steve King; Carroll Morgan,2000,Electronic workshops in computing,10.14236/ewic/iwfm2000.3,https://openalex.org/W2157952302,supports-claim,"This paper concerns the introduction of an iterator into the refinement calculus. The construct is based on concepts from functional programming, and the work gives an interesting example of cross-fertilisation between the functional and imperative programming worlds. Specifically, the iterator construct it..ti uses the idea of a catamorphism - the unique homomorphism from an initial algebra. The datatype for which the iterator is to be defined is considered as an initial algebra of an appropriate functor. The it..ti construct is formally defined as a recursive procedure, and it is shown that, if the value to be obtained by an iteration can be expressed as a catamorphism, then the it..ti construct provides a very natural implementation. Examples are given to show typical uses of the new construct.",openalex,llm,0.970,unreviewed,
kept,A Declarative Semantics for Logic Program Refinement,Ian J. Hayes; Ray Nickson; Paul Strooper; Robert J. Colvin,2000,,,https://openalex.org/W1538326935,supports-claim,"The refinement calculus provides a framework for the stepwise development of imperative programs from specifications. This paper presents a semantics for a refinement calculus for deriving logic programs. The calculus contains a wide-spectrum logic programming language, including executable constructs such as sequential conjunction, disjunction, and existential quantification, as well as specifications constructs (general predicates and assumptions) and universal quantification. A semantics is defined for this wide-spectrum language based on {\\em executions}, which are partial functions from states to states, where a state is represented as a set of bindings. This execution semantics is used to define the meaning of programs and specifications, including parameters and recursion. To complete the calculus, a notion of correctness-preserving refinement over programs in the wide-spectrum language is defined and a refinement law for introducing recursive procedures is presented.",openalex,llm,0.980,unreviewed,
kept,Non-deterministic expressions and predicate transformers,Joseph M. Morris,1997,Information Processing Letters,10.1016/s0020-0190(97)00023-9,https://openalex.org/W2103319424,supports-claim,"Non-determinacy is important in the formal specification and formal derivation of programs, but non-determinacy within expressions is theoretically problematical. The refinement calculus side-steps the problem by admitting non-determinacy only at the level of statements, leading to a style of programming that favours statements and procedures over expressions and functions. But expressions are easier to manipulate than statements, and the poverty of the expression notation has made the formal derivation of imperative programs tedious. Here we introduce non-deterministic expressions into the refinement calculus by constructing a weakest precondition semantics for imperative specifications and programs that holds good even when expressions may be non-deterministic.",openalex,llm,0.960,unreviewed,
discarded,Migration of Legacy Software Towards Correct-by-Construction Timing Behavior,Ştefan Resmeriṭă; Kenneth Butts; Patricia Derler; Andreas Naderlinger; Wolfgang Pree,2011,Lecture notes in computer science,10.1007/978-3-642-21292-5_4,https://openalex.org/W2171583143,adjacent-subtopic,,openalex,llm,0.800,unreviewed,
discarded,Aether,Luke Anderson; Tzu‐Mao Li; Jaakko Lehtinen; Frédo Durand,2017,ACM Transactions on Graphics,10.1145/3072959.3073704,https://openalex.org/W2738058362,off-topic-false-hit,"Implementing Monte Carlo integration requires significant domain expertise. While simple samplers, such as unidirectional path tracing, are relatively forgiving, more complex algorithms, such as bidirectional path tracing or Metropolis methods, are notoriously difficult to implement correctly. We propose Aether, an embedded domain specific language for Monte Carlo integration, which offers primitives for writing concise and correct-by-construction sampling and probability code. The user is tasked with writing sampling code, while our compiler automatically generates the code necessary for evaluating PDFs as well as the book keeping and combination of multiple sampling strategies. Our language focuses on ease of implementation for rapid exploration, at the cost of run time performance. We demonstrate the effectiveness of the language by implementing several challenging rendering algorithms as well as a new algorithm, which would otherwise be prohibitively difficult.",openalex,llm,0.990,unreviewed,
kept,Systematic Parallel Programming,Juergen Dingel,2000,,,https://openalex.org/W344106083,supports-claim,"Parallel computers have not yet had the expected impact on mainstream computing. Parallelism adds a level of complexity to the programming task that makes it very error-prone. Moreover, a large variety of very different parallel architectures exists. Porting an implementation from one machine to another may require substantial changes. This thesis addresses some of these problems by developing a formal basis for the design of parallel programs in form of a refinement calculus. The calculus allows the stepwise formal derivation of an abstract, low-level implementation from a trusted, high-level specification. The calculus thus helps structuring and documenting the development process. Portability is increased, because the introduction of a machine-dependent feature can be located in the refinement tree. Development efforts above this point in the tree are independent of that feature and are thus reusable. Moreover, the discovery of new, possibly more efficient solutions is facilitated. Last but not least, programs are correct by construction, which obviates the need for difficult debugging. Our programming/specification notation supports fair parallelism, shared-variable and message-passing concurrency, local variables and channels. It allows the development of reactive systems, that is, possibly non-terminating programs designed to interact persistently with their environment. Moreover the specification of liveness properties such as termination or eventual entry is supported by our methodology. The calculus rests on a compositional trace semantics that treats shared-variable and message-passing concurrency uniformly. The refinement relation combines a context-sensitive notion of trace inclusion and assumption-commitment reasoning to achieve compositionality. Most refinement rules are syntax-directed in the sense that each rule corresponds to a specific language construct. The calculus straddles both concurrency paradigms.",openalex,llm,0.960,unreviewed,
kept,In praise of algebra,Tony Hoare; Stephan van Staden,2012,Formal Aspects of Computing,10.1007/s00165-012-0249-0,https://openalex.org/W2070249810,supports-claim,"Abstract We survey the well-known algebraic laws of sequential programming, and extend them with some less familiar laws for concurrent programming. We give an algebraic definition of the Hoare triple, and algebraic proofs of all the relevant laws for concurrent separation logic. We give the provable concurrency laws for Milner transitions, for the Back/Morgan refinement calculus, and for Dijkstra’s weakest preconditions. We end with a section in praise of algebra, of which Carroll Morgan is such a master.",openalex,llm,0.860,unreviewed,
discarded,Adaptive Software based on Correct-by-Construction Metamodels,Franck Barbier; Pierre Castéran; Eric Cariou; Olivier Le Goaër,2013,"Advances in systems analysis, software engineering, and high performance computing book series",10.4018/978-1-4666-4217-1.ch013,https://openalex.org/W2493187222,adjacent-subtopic,"Despite significant research efforts in the last decade, UML has not reached the status of being a high-confidence modeling language. This is due to unsound foundations that result from the insufficiently formal structuring of metamodels that define the MOF/UML Infrastructure. Nowadays, UML-related metamodels are implemented in computing environments (e.g., EMF) to play the role of metadata when one seeks adaptation at runtime. To properly instrument metamodel-based adaptation, this chapter re-formalizes the core of the MOF/UML Infrastructure along with giving formal proofs that avoid ambiguities, contradictions, or redundancies. A (meta-)class creation mechanism (either by instantiation or inheritance) is based on inductive types taken from the constructive logic. Inherent proofs based on the Coq automated prover are also provided. This chapter’s contribution is aligned with a previously established metamodeling framework named “Matters of (meta-)modeling.”",openalex,llm,0.940,unreviewed,
discarded,Synthesis-Based Variability Control: Correctness by Construction,Anna-Lena Lamprecht; Tiziana Margaria; Ina Schaefer; Bernhard Steffen,2013,Lecture notes in computer science,10.1007/978-3-642-35887-6_4,https://openalex.org/W1465036165,adjacent-subtopic,,openalex,llm,0.740,unreviewed,
discarded,Concurrency in Synchronous Systems,Dumitru Potop‐Butucaru; Benoı̂t Caillaud; Albert Benveniste,2006,Formal Methods in System Design,10.1007/s10703-006-7844-8,https://openalex.org/W3184710042,adjacent-subtopic,"In this paper we introduce the notion of weak endochrony, which extends to a synchronous setting the classical theory of Mazurkiewicz traces. The notion is useful in the synthesis of correct-by-construction communication protocols for globally asynchronous, locally synchronous (GALS) systems. The independence between various computations can be exploited here to provide communication schemes that do not restrict concurrency while still guaranteeing correctness. Such communication schemes are then lighter and more flexible than their latency-insensitive or endo/isochronous counterparts.",openalex,llm,0.960,unreviewed,
discarded,Modelling and Implementation of Correct by Construction Healthcare Workflows,Petros Papapanagiotou; Jacques Fleuriot,2015,Lecture notes in business information processing,10.1007/978-3-319-15895-2_3,https://openalex.org/W1488779795,adjacent-subtopic,"We present a rigorous methodology for the modelling and implementation of correct by construction healthcare workflows. It relies on the theoretical concept of proofs-as-processes that draws a connection between logical proofs and process workflows. Based on this, our methodology offers an increased level of trust through mathematical guarantees of correctness for the constructed workflows, including type correctness, systematic resource management, and deadlock and livelock freedom. Workflows are modelled as compositions of abstract processes and can be deployed as executable code automatically. We demonstrate the benefits of our approach through a prototype system involving workflows for assignment and delegation of clinical services while tracking responsibility and accountability explicitly.",openalex,llm,0.950,unreviewed,
discarded,Correct-by-Construction Evolution of Realisable Conversation Protocols,Sarah Benyagoub; Meriem Ouederni; Neeraj Kumar Singh; Yamine Aït‐Ameur,2016,Lecture notes in computer science,10.1007/978-3-319-45547-1_21,https://openalex.org/W2514927119,adjacent-subtopic,"Distributed software systems are often built by composing independent and autonomous peers with cross-organisational interaction and no centralised control. These peers can be administrated and executed by geographically distributed and autonomous companies. In a top-down design of distributed software systems, the peers' interaction is often described by a global specification called Conversation Protocol (CP) and one have to check its realisability i.e., whether there exists a set of peers implementing this CP. In dynamic environments, CP needs to be updated wrt. new environment changes and end-user interaction requirements. This paper tackles CP evolution such that its realisability must be preserved. We define some evolution patterns and prove that they ensure the realisability. We also show how our proposal can be supported by existing methods and tools based on refinement and theorem proving, using the event-B langage and RODIN development tools.",openalex,llm,0.820,unreviewed,
