status,title,authors,year,venue,doi,url,tags,abstract,provider,decision_source,llm_confidence,llm_review_outcome,llm_change_direction
discarded,Coupling strategies for multi-resolution deformable meshes: expanding the pyramid approach beyond its one-way nature,"Becker, Matthias; Nijdam, Niels; Magnenat-Thalmann, Nadia",2016,INTERNATIONAL JOURNAL OF COMPUTER ASSISTED RADIOLOGY AND SURGERY,10.1007/s11548-015-1241-y,https://www.webofscience.com/wos/woscc/full-record/WOS:000377448500003,off-topic-false-hit,"Purpose With higher resolutions, medical image processing operations like segmentation take more time to calculate per step. The pyramid technique is a common approach to solving this problem. Starting with a low resolution, a stepwise refinement is applied until the original resolution is reached.

Methods Our work proposes a method for deformable model segmentation that generally utilizes the common pyramid technique with our improvement, to calculate and keep synchronized all mesh resolution levels in parallel. The models are coupled to propagate their changes. It presents coupling techniques and shows approaches for synchronization. The interaction with the models is realized using springs and volcanoes, and it is evaluated for the semantics of the operation to share them across the different levels.

Results The locking overhead has been evaluated for different synchronization techniques with meshes of individual resolutions. The partial update strategy has been found to have the least locking overhead.

Conclusion Running multiple models with individual resolutions in parallel is feasible. The synchronization approach has to be chosen carefully, so that an interactive modification of the segmentation remains possible. The proposed technique is aimed at making medical image segmentation more usable while delivering high performance.",wos,llm,0.990,unreviewed,
kept,Combining Top-Down and Bottom-Up Techniques in Program Derivation,"Chaudhari, Dipak L.; Damani, Om",2015,LOGIC-BASED PROGRAM SYNTHESIS AND TRANSFORMATION (LOPSTR 2015),10.1007/978-3-319-27436-2_15,https://www.webofscience.com/wos/woscc/full-record/WOS:000376403000015,supports-claim,"The traditional stepwise refinement based program derivation methodologies are primarily top-down. Strictly following the top-down program derivation approach may require backtracking resulting in rework. Moreover, the top down approach does not directly help in suggesting the next course of action in case of a failed derivation attempt. In this work we seamlessly incorporate a bottom up assumption propagation technique into a primarily top down derivation methodology. We present new tactics for back-propagating the assumptions made during the top-down phase. These tactics help in reducing the guesswork during the derivations. We have implemented these tactics in a program derivation system. With the help of simple examples, we show how this approach is useful for avoiding backtracking thereby simplifying the derivations.",wos,llm,0.960,unreviewed,
discarded,A network-based approach to enrich gene signatures for the prediction of breast cancer metastases,"Sfakianakis, Stelios; Bei, Ekaterini S.; Zervakis, Michalis; Kafetzopoulos, Dimitrios",2015,2015 37TH ANNUAL INTERNATIONAL CONFERENCE OF THE IEEE ENGINEERING IN MEDICINE AND BIOLOGY SOCIETY (EMBC),,https://www.webofscience.com/wos/woscc/full-record/WOS:000371717206189,off-topic-false-hit,"Despite the multiplicity of the gene expression analysis studies for the identification of genomics based origins of cancerous diseases, the presented gene signatures have generally little overlap. The genes do not function in isolation and therefore a more holistic approach that takes into account the interactions among them is needed. In this study we present a stepwise refinement methodology where starting from some initial set of biomarkers we expand and enrich this set taking into account existing biological information. In particular, we start with a 27 gene signature previously identified as indicative of the presence of circulating tumor cells (CTCs) in peripheral blood of breast cancer patients. We use the manually curated HINT database of protein-protein interactions as the background biological network to locate the network-based similarity of the input genes and how they connect to each other. The result is an enriched connected set of genes that is subsequently expanded to form an even bigger network based on the ability of the surrounding genes to strongly correlate with the phenotypes of a training set of breast cancer patient cases. The induced network is then used as a new gene signature for the classification of breast brain metastases in an independent dataset. The results are encouraging for the validity of this method.",wos,llm,0.990,unreviewed,
discarded,Program Synthesis: Opportunities for the Next Decade,"Bodik, Rastislav",2015,ACM SIGPLAN NOTICES,10.1145/2784731.2789052,https://www.webofscience.com/wos/woscc/full-record/WOS:000367255800001,adjacent-subtopic,"Program synthesis is the contemporary answer to automatic programming. It innovates in two ways: First, it replaces batch automation with interactivity, assisting the programmer in refining the understanding of the programming problem. Second, it produces programs using search in a candidate space rather than by derivation from a specification. Searching for an acceptable program means that we can accommodate incomplete specifications, such as examples. Additionally, search makes synthesis applicable to domains that lack correct-by-construction derivation rules, such as hardware design, education, end-user programming, and systems biology. The future of synthesis rests on four challenges, each presenting an opportunity to develop novel abstractions for ""programming with search."" Larger scope: today, we synthesize small, flat programs; synthesis of large software will need constructs for modularity and stepwise refinement. New interaction modes: to solicit the specification without simply asking for more examples, we need to impose a structure on the candidate space and explore it in a dialogue. Construction: how to compile a synthesis problem to a search algorithm without building a compiler? Everything is a program: whatever can be phrased as a program can be in principle synthesized. Indeed, we will see synthesis advance from synthesis of plain programs to synthesis of compilers and languages. The latter may include DSLs, type systems, and modeling languages for biology. As such, synthesis could help mechanize the crown jewel of programming languages research - the design of abstractions - which has so far been done manually and only by experts.",wos,llm,0.800,unreviewed,
discarded,Figuratively-Semantic Support in Precedent-Oriented Solving the Project Tasks,"Sosnin, Petr",2016,2016 IEEE 10TH INTERNATIONAL CONFERENCE ON APPLICATION OF INFORMATION AND COMMUNICATION TECHNOLOGIES (AICT),,https://www.webofscience.com/wos/woscc/full-record/WOS:000432161300095,adjacent-subtopic,"The paper deals with semantic modeling a mental imagery caused by processing a new project task in real-time designing a system with the software. In the processing of the new task, the designer applies a framework ""model of precedent"" and its iterative filling by content with using a feedback caused with a stepwise refinement of the task statement. For understanding the current conditions of the task statement, the designer uses a figuratively-semantic support. Combining the indicated means is implemented in the toolkit WIQA.",wos,llm,0.720,unreviewed,
discarded,From Event-B Models to Dafny Code Contracts,"Dalvandi, Mohammadsadegh; Butler, Michael; Rezazadeh, Abdolbaghi",2015,"FUNDAMENTALS OF SOFTWARE ENGINEERING, FSEN 2015",10.1007/978-3-319-24644-4_21,https://www.webofscience.com/wos/woscc/full-record/WOS:000366208800021,adjacent-subtopic,"The constructive approach to software correctness aims at formal modelling and verification of the structure and behaviour of a system in different levels of abstraction. In contrast, the analytical approach to software verification focuses on code level correctness and its verification. Therefore it would seem that the constructive and analytical approaches should complement each other well. To demonstrate this idea we present a case for linking two existing verification methods, Event-B (constructive) and Dafny (analytical). This approach combines the power of Event-B abstraction and its stepwise refinement with the verification capabilities of Dafny. We presented a small case study to demonstrate this approach and outline of the rules for transforming Event-B events to Dafny contracts. Finally, a tool for automatic generation of Dafny contracts from Event-B formal models is presented.",wos,llm,0.890,unreviewed,
discarded,Design Information Management for Product Sound Quality: Requirement Definition,"Yamagishi, Kazuko; Ohtomi, Koichi; Seki, Kenichi; Nishimura, Hidekazu",2014,PRODUCT LIFECYCLE MANAGEMENT FOR A GLOBAL MARKET (PLM 2014),,https://www.webofscience.com/wos/woscc/full-record/WOS:000363251200023,off-topic-false-hit,"In a current design information management of consumer products, it is difficult to take into consideration of the sensory preference of users in requirements definition phase. Especially, sensory preference on sound of products might be different individually and depend on environment where the products are used. The engineering metrics are necessary to be connected to the sensory preference of users to design the right products to user preferences. In this paper we propose a process to manage design information considering product sound quality, and investigate a consistent description method using SysML (Systems Modeling Language) from requirement definition to engineering metrics setting. Picking up a camera as an example of consumer products we extract customer demands using the evaluation grid method according to the cases where the camera is used. By applying the DSM (Design Structure Matrix) clustering analysis to the results of the interview, we cluster the fundamental requirements relating functional and performance requirements which include sound quality. Also a stepwise refinement from the requirement definition to the architectural design is performed using SysML diagrams, and the appropriate engineering metrics are derived.",wos,llm,0.990,unreviewed,
discarded,Inverted Classroom: From Experimental Usage to Curricular Anchorage,"Morisse, Karsten",2015,PROCEEDINGS OF THE 10TH INTERNATIONAL CONFERENCE ON E-LEARNING (ICEL 2015),,https://www.webofscience.com/wos/woscc/full-record/WOS:000359138700027,off-topic-false-hit,"The article describes the evolutionary development of an inverted classroom concept for a higher education course in a computer science curriculum at a German university. By the increased use of new media, a key requirement for the development of university teaching is to improve the service offer for the students with regard to the teaching quality, possibility of individualization and flexibility of studying. Especially for large courses (i.e. more than 100 students) where direct communication and interaction is very limited, the new media can provide advantages. We report here on a Inverted Classroom (ICM) course concept, which combines various electronically supported teaching modules (video podcast, live coaching, online curriculum, internship, audience response systems, final examination) to provide as much individual support for students as possible and to encourage them to a continuous learning process. After a stepwise refinement over several semesters the ICM concept was anchored within the curriculum after thorough qualitative evaluation. Video lectures replaces the classical frontal lecture and are now an integral part of the course. Other electronic media support learners within their learning process. We share our several years of experience in the development of the concept, which was evaluated in a qualitative evaluation. We try to reflect added values and dangers of the concept in the context of other course and learning settings.",wos,llm,0.980,unreviewed,
discarded,Real-time specifications,"David, Alexandre; Larsen, Kim G.; Legay, Axel; Nyman, Ulrik; Traonouez, Louis-Marie; Wasowski, Andrzej",2015,INTERNATIONAL JOURNAL ON SOFTWARE TOOLS FOR TECHNOLOGY TRANSFER,10.1007/s10009-013-0286-x,https://www.webofscience.com/wos/woscc/full-record/WOS:000355681700002,adjacent-subtopic,"Aspecification theory combines notions of specifications and implementations with a satisfaction relation, a refinement relation, and a set of operators supporting stepwise design. We develop a specification framework for real-time systems using Timed I/O Automata as the specification formalism, with the semantics expressed in terms of Timed I/O Transition Systems. We provide constructs for refinement, consistency checking, logical and structural composition, and quotient of specifications-all indispensable ingredients of a compositional design methodology. The theory is implemented in the new tool ECDAR. We present symbolic versions of the algorithms used in ECDAR, and demonstrate the use of the tool using a small case study in compositional verification.",wos,llm,0.880,unreviewed,
discarded,A complete approach for CIM modelling and model formalising,"Li, Zonghua; Zhou, Xiaofeng; Gu, Aihua; Li, Qinfeng",2015,INFORMATION AND SOFTWARE TECHNOLOGY,10.1016/j.infsof.2015.04.003,https://www.webofscience.com/wos/woscc/full-record/WOS:000356110100003,adjacent-subtopic,"Context: Computation Independent Model (CIM) as a business model describes the requirements and environment of a business system and instructs the designing and development; it is a key to influencing software success. Although many studies currently focus on model driven development (MOD); those researches, to a large extent, study the PIM-level and PSM-level model, and few have dealt with CIM-level modelling for case in which the requirements are unclear or incomplete.

Objective: This paper proposes a CIM-level modelling approach, which applies a stepwise refinement approach to modelling the CIM-level model starting from a high-level goal model to a lower-level business process model. A key advantage of our approach is the combination of the requirement model with the business model, which helps software engineers to define business models exactly for cases in which the requirements are unclear or incomplete.

Method: This paper, based on the model driven approach, proposes a set of models at the CIM-level and model transformations to connect these models. Accordingly, the formalisation approach of this paper involves formalising the goal model using the category theory and the scenario model and business process model using Petri nets

Results: We have defined a set of metamodels and transformation rules making it possible to obtain automatically a scenario model from the goal model and a business process model from the scenario model. At the same time, we have defined a mapping rule to formalise these models. Our proposed CIM modelling approach and formalisation approach are implemented with an MDA tool, and it has been empirically validated by a travel agency case study.

Conclusion: This study shows how a CIM modelling approach helps to build a complete and consistent model at the CIM level for cases in which the requirements are unclear or incomplete in advance. (C) 2015 Elsevier B.V. All rights reserved.",wos,llm,0.840,unreviewed,
discarded,A Stepwise Refinement Based Development of Self-Organizing Multi-Agent Systems: Application to the Foraging Ants,"Graja, Zeineb; Migeon, Fredrric; Maurel, Christine; Gleizes, Marie-Pierre; Kacem, Ahmed Hadj",2014,"ENGINEERING MULTI-AGENT SYSTEMS, EMAS 2014",,https://www.webofscience.com/wos/woscc/full-record/WOS:000354765300003,adjacent-subtopic,"This paper proposes a formal modeling for Self-Organizing Multi-Agent Systems (SOMAS) based on stepwise refinements, with the Event-B language and the Temporal Logic of Actions (TLA). This modeling allows to develop this kind of systems in a more structured manner. In addition, it enables to reason, in a rigorous way, about the correctness of the derived models both at the individual level and the global level. Our work is illustrated by the foraging ants case study.",wos,llm,0.870,unreviewed,
discarded,Balancing expressiveness in formal approaches to concurrency,"Jones, Cliff B.; Hayes, Ian J.; Colvin, Robert J.",2015,FORMAL ASPECTS OF COMPUTING,10.1007/s00165-014-0310-2,https://www.webofscience.com/wos/woscc/full-record/WOS:000353826900002,adjacent-subtopic,"One might think that specifying and reasoning about concurrent programs would be easier with more expressive languages. This paper questions that view. Clearly too weak a notation can mean that useful properties either cannot be expressed or their expression is unnatural. But choosing too powerful a notation also has its drawbacks since reasoning receives little guidance. For example, few would suggest that programming languages themselves provide tractable specifications. Both rely/guarantee methods and separation logic(s) provide useful frameworks in which it is natural to reason about aspects of concurrency. Rather than pursue an approach of extending the notations of either approach, this paper starts with the issues that appear to be inescapable with concurrency and-only as a response thereto-examines ways in which these fundamental challenges can be met. Abstraction is always a ubiquitous tool and its influence on how the key issues are tackled is examined in each case.",wos,llm,0.740,unreviewed,
discarded,Development of an item list to assess the forgotten joint concept in shoulder patients,"Giesinger, Johannes M.; Kesterke, Nicolas; Hamilton, David F.; Holzner, Bernhard; Jost, Bernhard; Giesinger, Karlmeinrad",2015,BMC MUSCULOSKELETAL DISORDERS,10.1186/s12891-015-0520-7,https://www.webofscience.com/wos/woscc/full-record/WOS:000351821700001,off-topic-false-hit,"Background: To generate an item list for the assessment of joint awareness in shoulder patients and to collect patient feedback on the comprehensibility of the items and the forgotten joint concept.

Methods: Item content was generated on the basis of literature search and expert ratings following a stepwise refinement procedure, including final evaluation by an international expert board (n = 12) including members with various professional backgrounds. Items were translated from English to German and evaluated in 30 German-speaking shoulder patients in Switzerland and 30 shoulder patients in the UK.

Results: Literature search identified 45 questionnaires covering 805 issues potentially relevant for the assessment of joint awareness. Stepwise item selection resulted in 97 items to be evaluated by the international expert board leaving 70 items for collecting patient feedback. The majority of patients indicated that the introductory text explaining the forgotten joint concept was easy or very easy to understand (79.3%) and that the items were clear (91.4%).

Conclusion: We developed a list of 70 questions for the assessment of joint awareness in shoulder patients and obtained positive patient feedback for these. In a next step, we will administer the items to a large international patient sample to obtain data for psychometric analysis and development of a measurement model, which is the basis for creation of computer-adaptive assessments or static short-forms.",wos,llm,0.990,unreviewed,
kept,Hidden-Markov program algebra with iteration,"Mciver, Annabelle; Meinicke, Larissa; Morgan, Carroll",2015,MATHEMATICAL STRUCTURES IN COMPUTER SCIENCE,10.1017/S0960129513000625,https://www.webofscience.com/wos/woscc/full-record/WOS:000347805000005,supports-claim,"We use hidden Markov models to motivate a quantitative compositional semantics for noninterference-based security with iteration, including a refinement-or 'implements' relation that compares two programs with respect to their information leakage; and we propose a program algebra for source-level reasoning about such programs, in particular as a means of establishing that an 'implementation' program leaks no more than its 'specification' program. This joins two themes: we extend our earlier work, having iteration but only qualitative (Morgan 2009), by making it quantitative; and we extend our earlier quantitative work (McIver et al. 2010) by including iteration.

We advocate stepwise refinement and source-level program algebra - both as conceptual reasoning tools and as targets for automated assistance. A selection of algebraic laws is given to support this view in the case of quantitative noninterference; and it is demonstrated on a simple iterated password-guessing attack.",wos,llm,0.950,unreviewed,
