status,title,authors,year,venue,doi,url,tags,abstract,provider,decision_source,llm_confidence,llm_review_outcome,llm_change_direction
discarded,Building a Project Memory Using Semantic Design Rationale Process.,Sonia Gueraich; Zizette Boufaïda 0001,2011,J. Softw. Eng. Appl.,10.4236/JSEA.2011.46041,https://dblp.org/rec/journals/jsea/GueraichB11,adjacent-subtopic,"In the proposal, a construction project memory process based on the semantic annotation is presented. A project Mem-ory concerns the representation and the identification of the experience acquired during projects realization. The main feature of this approach is that the semantic annotation is used to build a continuous semantic design rationale process. We propose in this paper, a semantic traceability in four stages (identifying, structuring, annotating and integrating). The identification and the structuring phases use a model called Extended Marguerite model which fully considers the objectives of the project memory. The annotation phase exploits the results of precedent phase to prepare the final phase. Examples are presented from a case study in an Algerian firm called ENMTP. The architecture supporting the modelling engine is presented. Finally, an evaluation of the degree of the semantic annotation brought by proposed process is given.",dblp,llm,0.960,unreviewed,
discarded,On a Rational Transfer Function-Based Approach to Hinfty Filtering Design for Time-Delay Linear Systems.,Rubens H. Korogui; André R. Fioravanti; José Claudio Geromel,2011,IEEE Trans. Signal Process.,10.1109/TSP.2010.2090877,https://dblp.org/rec/journals/tsp/KoroguiFG11,off-topic-false-hit,"This paper introduces a new procedure for filter design of time-delay linear systems. A finite-order LTI system, called comparison system, is defined in such a way that its H-infinity norm is proven to be strongly related to the one of the time-delay system. Differently from what can be viewed as a common feature of filter design methods available in the literature to date, the one presented here treats the filtering design of time-delay systems with classical numerical routines based on Riccati equation and H-infinity theory of LTI systems. The proposed algorithm is simple, efficient and easy to implement. Illustrative examples are solved and discussed in order to put in evidence the most relevant properties of the theoretical results. Furthermore, a practical application is presented.",dblp,llm,0.990,unreviewed,
discarded,A Process for Documenting Variability Design Rationale of Flexible and Adaptive PLAs.,Jessica Díaz; Jennifer Pérez; Juan Garbajosa; Alexander L. Wolf,2011,OTM Workshops,10.1007/978-3-642-25126-9_75,https://dblp.org/rec/conf/otm/DiazPGW11,adjacent-subtopic,,dblp,llm,0.950,unreviewed,
discarded,Orthonormal FBs with rational sampling factors and oversampled DFT-modulated FBs: a connection and filter design.,Ilker Bayram; Ivan W. Selesnick,2009,IEEE Trans. Signal Process.,10.1109/TSP.2009.2018356,https://dblp.org/rec/journals/tsp/BayramS09a,off-topic-false-hit,"Methods widely used to design filters for uniformly sampled filter banks (FBs) are not applicable for FBs with rational sampling factors and oversampled discrete Fourier transform (DFT)-modulated FBs. In this paper, we show that the filter design problem (with regularity factors/vanishing moments) for these two types of FBs is the same. Following this, we propose two finite-impulse-response (FIR) filter design methods for these FBs. The first method describes a parameterization of FBs with a single regularity factor/vanishing moment. The second method, which can be used to design FBs with an arbitrary number of regularity factors/vanishing moments, uses results from frame theory. We also describe how to modify this method so as to obtain linear phase filters. Finally, we discuss and provide a motivation for iterated DFT-modulated FBs.",dblp,llm,0.990,unreviewed,
discarded,Frequency-domain design of overcomplete rational-dilation wavelet transforms.,Ilker Bayram; Ivan W. Selesnick,2009,IEEE Trans. Signal Process.,10.1109/TSP.2009.2020756,https://dblp.org/rec/journals/tsp/BayramS09b,off-topic-false-hit,"The dyadic wavelet transform is an effective tool for processing piecewise smooth signals; however, its poor frequency resolution (its low Q-factor) limits its effectiveness for processing oscillatory signals like speech, EEG, and vibration measurements, etc. This paper develops a more flexible family of wavelet transforms for which the frequency resolution can be varied. The new wavelet transform can attain higher Q-factors (desirable for processing oscillatory signals) or the same low Q-factor of the dyadic wavelet transform. The new wavelet transform is modestly over-complete and based on rational dilations. Like the dyadic wavelet transform, it is an easily invertible 'constant-Q' discrete transform implemented using iterated filter banks and can likewise be associated with a wavelet frame for L-2 (R). The wavelet can be made to resemble a Gabor function and can hence have good concentration in the time-frequency plane. The construction of the new wavelet transform depends on the judicious use of both the transform's redundancy and the flexibility allowed by frequency-domain filter design.",dblp,llm,0.990,unreviewed,
discarded,IBM Rational Unified Process Reference and Certification Guide Solution Designer.,Charles Ashbacher,2008,J. Object Technol.,10.5381/JOT.2008.7.6.R1,https://dblp.org/rec/journals/jot/Ashbacher08,off-topic-false-hit,,dblp,llm,0.980,unreviewed,
discarded,Rational Coefficient Dual-Tree Complex Wavelet Transform: Design andImplementation.,Adeel Abbas; Trac D. Tran,2008,IEEE Trans. Signal Process.,10.1109/TSP.2008.925898,https://dblp.org/rec/journals/tsp/AbbasT08,off-topic-false-hit,"The dual-tree complex wavelet transform (CWT) has recently received significant interest in the wavelet community, owing primarily to its directional selective and near-shift invariant properties. It has been shown that with two-separate maximally decimated and dyadic decompositions where filters are offset by a half sample, the resulting CWT wavelet bases form an approximate Hilbert transform pair. In this paper, we present the design, implementation and applications of several families of orthogonal as well as biorthogonal rational-coefficient wavelet filters that satisfy the Hilbert transform pair condition and meet other desirable properties such as high coding gain, good directional sensitivity, and sufficient degree of regularity. The wavelet filters presented here, which confirm to Selesnick's and Kingsbury's design schemes, are designed and implemented directly in the lattice and lifting domain using VLSI-friendly dyadic coefficients. We confirm the fact that rational-coefficient constraint does not impose a significant loss in terms of energy compaction, wavelet smoothness, time-invariance, or directionality. We also propose the time-reversal relationships between the two CWT filter pairs in lattice and lifting domain, thereby facilitating both the design and implementation process. In the end, we present several applications and evaluations to illustrate the performance of the proposed designs.",dblp,llm,0.990,unreviewed,
discarded,Relating Product Line Context to Requirements Engineering Processes Using Design Rationale.,Samuel Fricker; Reinhard Stoiber,2008,Software Engineering,,https://dblp.org/rec/conf/se/FrickerS08,adjacent-subtopic,,dblp,llm,0.950,unreviewed,
discarded,A process involving design rationale elements for research projects in software.,Débora Maria Barroso Paiva,2007,,,https://dblp.org/rec/phd/ndltd/Paiva07,adjacent-subtopic,,dblp,llm,0.940,unreviewed,
discarded,An Implementation of Rational Wavelets and Filter Design for Phonetic Classification.,Ghinwa F. Choueiter; James R. Glass,2007,IEEE Trans. Speech Audio Process.,10.1109/TASL.2006.889793,https://dblp.org/rec/journals/taslp/ChoueiterG07,off-topic-false-hit,"Although wavelet analysis has been proposed for speech processing as an alternative to Fourier analysis, most approaches make use of off-the-shelf wavelets and dyadic tree-structured filter banks. In this paper, we extend previous wavelet-based frameworks in two ways. First, we increase the flexibility in wavelet selection by taking advantage of the relationship between wavelets and filter banks and by designing new wavelets using filter design methods. We adopt two filter design techniques that we refer to as filter matching and attenuation minimization. Second, we improve the flexibility in frequency partitioning by implementing rational as well as dyadic filter banks. Rational filter banks naturally incorporate the critical-band effect in the human auditory system. To test our extensions, we implement an energy-based measurement which we also compare in p rformance to the mel-frequency cepstral coefficients (MFCCs) in a phonetic classification task. We show that the designed wavelets outperform off-the-shelf wavelets as well as an MFCC baseline.",dblp,llm,0.990,unreviewed,
discarded,Optimum Receiver Design for Broadband Doppler Compensation in Multipath/Doppler Channels With Rational Orthogonal Wavelet Signaling.,Limin Yu; Langford B. White,2007,IEEE Trans. Signal Process.,10.1109/TSP.2007.896028,https://dblp.org/rec/journals/tsp/YuW07,off-topic-false-hit,"In this paper, we address the issue of signal transmission and Doppler compensation in multipath/Doppler channels. Based on a wavelet-based broadband Doppler compensation structure, this paper presents the design and performance characterization of optimum receivers for this class of communication systems. The wavelet-based Doppler compensation structure takes account of the coexistence of multiple Doppler scales in a multipath/Doppler channel arid captures the information carried by multiple scaled replicas of the transmitted signal rather than an estimation of an average Doppler as in conventional Doppler compensation schemes. The transmitted signal is recovered by the perfect reconstruction (PR) wavelet analysis filter bank (FB). We demonstrate that with rational orthogonal wavelet signaling, the proposed communication structure corresponds to a Lth-order diversity system, where L is the number of dominant transmission paths. Two receiver designs for pulse amplitude modulation (PAM) signal transmission are presented. Both receiver designs are optimal under the maximum-likelihood (ML) criterion for diversity combination and symbol detection. Good performance is achieved for both receivers in combating the Doppler effect and intersymbol interference (ISI) caused by multipath while mitigating the channel noise. In particular, the second receiver design overcomes symbol timing sensitivities present in the first design at reasonable cost to performance.",dblp,llm,0.990,unreviewed,
discarded,Usability Design: A New Rational Unified Process Discipline.,Magnus Lif; Bengt Göransson,2007,INTERACT,10.1007/978-3-540-74800-7_97,https://dblp.org/rec/conf/interact/LifG07,off-topic-false-hit,,dblp,llm,0.980,unreviewed,
discarded,Optimal Design of Magnitude Responses of Rational Infinite Impulse Response Filters.,Charlotte Yuk-Fan Ho; Bingo Wing-Kuen Ling; Yanqun Liu; Peter Kwong-Shun Tam; Kok Lay Teo,2006,IEEE Trans. Signal Process.,10.1109/TSP.2006.880317,https://dblp.org/rec/journals/tsp/HoLLTT06,off-topic-false-hit,"This correspondence considers a design of magnitude responses of optimal rational infinite impulse response (IIR) filters. The design problem is formulated as an optimization problem in which a total weighted absolute error in the passband and stopband of the filters (the error function reflects a ripple square magnitude) is minimized subject to the specification on this weighted absolute error function defined in the corresponding passband and stopband, as well as the stability condition. Since the cost function is nonsmooth and nonconvex, while the constraints are continuous, this kind of optimization problem is a nonsmooth nonconvex continuous functional constrained problem. To address this issue, our previous proposed constraint transcription method is applied to transform the continuous functional constraints to equality constraints. Then the nonsmooth problem is approximated by a sequence of smooth problems and solved via a hybrid global optimization method. The solutions obtained from these smooth problems converge to the global optimal solution of the original optimization problem. Hence, small transition bandwidth filters can be obtained",dblp,llm,0.990,unreviewed,
discarded,Study on the Development of Design Rationale Management System for Chemical Process Safety.,Yukiyasu Shimada; Takashi Hamaguchi; Tetsuo Fuchino,2005,KES,10.1007/11552413_29,https://dblp.org/rec/conf/kes/ShimadaHF05,adjacent-subtopic,,dblp,llm,0.960,unreviewed,
discarded,On the Design Rationale of ACP Style Process Algebras.,Jan A. Bergstra,2005,APC 25,10.1016/J.ENTCS.2005.12.105,https://dblp.org/rec/journals/entcs/Bergstra06,adjacent-subtopic,Abstract A review is given of the design rationale for ACP style process algebras. An outline of future directions of development within the given paradigm is given.,dblp,llm,0.930,unreviewed,
discarded,CONDUIT: a method for the conceptual design of user interfaces within the rational unified process.,Chris Phillips 0002; Elizabeth A. Kemp,2003,CHINZ,10.1145/2331829.2331833,https://dblp.org/rec/conf/chinz/PhillipsK03,off-topic-false-hit,,dblp,llm,0.980,unreviewed,
discarded,Usability Design - Extending Rational Unified Process with a New Discipline.,Bengt Göransson; Magnus Lif; Jan Gulliksen,2003,DSV-IS,10.1007/978-3-540-39929-2_22,https://dblp.org/rec/conf/dsvis/GoranssonLG03,off-topic-false-hit,,dblp,llm,0.980,unreviewed,
discarded,In Support of User Interface Design in the Rational Unified Process.,Chris Phillips 0002; Elizabeth A. Kemp,2002,AUIC,,https://dblp.org/rec/conf/auic/PhillipsK02,off-topic-false-hit,,dblp,llm,0.980,unreviewed,
discarded,Rational Unified Process and Unified Modeling Language - A GOMS Analysis.,Keng Siau,2001,"Unified Modeling Language - Systems Analysis, Design and Development Issues",,https://dblp.org/rec/books/idea/siau2001/Siau01,off-topic-false-hit,,dblp,llm,0.980,unreviewed,
discarded,Complementary Use of ad hoc and post hoc Design Rationale for Creating and Organizing Process Knowledge.,LeMai Nguyen; Paul A. Swatman,2000,HICSS,10.1109/HICSS.2000.926678,https://dblp.org/rec/conf/hicss/NguyenS00,adjacent-subtopic,"Documenting the requirements engineering (RE) process using the ad hoc notation IBIS (Issue Based Information Systems) and analysing the complexity of the requirement model revealed that the process was not smoothly evolutionary, but involved occasional ""crisis"" points at which the model was reconceptualised, simplified and restructured. The IBIS base provided essential input for the reconceptualisation, simplification and major restructuring of the model. However, the locality of arguments and the lack of context in the IBIS notation led to difficulty in searching and retrieving desirable information from the large IBIS based. In this paper we investigate the supplementary use of the post hoc notation QOC (Question-Option-Criteria).",dblp,llm,0.960,unreviewed,
kept,The Use of Refinement Metrics to Assess Programming Language Support for the Stepwise Refinement Process.,Robert G. Reynolds; Jonathan I. Maletic,1993,SEKE,,https://dblp.org/rec/conf/seke/ReynoldsM93,supports-claim,,dblp,llm,0.960,unreviewed,
kept,On proving program correctness by means of stepwise refinement method.,Lech Banachowski,1980,Logic of Programs,10.1007/3-540-11981-7_2,https://dblp.org/rec/conf/lop/Banachowski80,supports-claim,,dblp,llm,0.960,unreviewed,
kept,Program Visualization System Supporting Teacher-Intended Stepwise Refinement.,Koichi Yamashita; Hiroki Soma; Satoru Kogure; Yasuhiro Noguchi; Raiya Yamamoto; Tatsuhiro Konishi; Yukihiro Itoh,2023,ICCE,10.58459/ICCE.2023.1015,https://dblp.org/rec/conf/icce/YamashitaSKNYKI23,supports-claim,"This study portrays a learning support system that visually represents the structure of stepwise algorithm refinement, also known as the structure of program code abstraction, aligned with the teacher's instructional objectives. We focus on the varying needs of learners in programming education and consider the possibility that different levels of stepwise refinement may be required based on their knowledge and experience. Novice learners with limited programming experience may need program code abstractions in finer steps, rather than the abstraction of numerous statements simultaneously. For learners with a certain level of experience, abstraction with excessive steps may hinder their holistic understanding of the entire program from a higher perspective. In this study, we developed a program visualization system that empowers teachers to customize the visualizations of the structure of stepwise abstractions and the data structures utilized by the target program according to their instructional intentions. We introduced the proposed system into an actual class and evaluated its effectiveness by measuring the degree of improvement in learners' understanding based on tests.",dblp,llm,0.920,unreviewed,
kept,Growing programs: an agile alternative to stepwise refinement.,John H. E. Lasseter,2017,J. Comput. Sci. Coll.,10.5555/3069658.3069668,https://dblp.org/rec/journals/jcscoll/Lasseter17,supports-claim,,dblp,llm,0.800,unreviewed,
kept,Costing stepwise refinements of parallel programs.,Nils Ellmenreich; Christian Lengauer,2007,Comput. Lang. Syst. Struct.,10.1016/J.CL.2006.03.002,https://dblp.org/rec/journals/cl/EllmenreichL07,supports-claim,"The idea of the stepwise refinement of a problem specification into an efficient target program dates back to the 1970. With the high-level programming languages available today, it is becoming practical to make every node of the refinement tree executable (and not just the leaves of the tree). Consequently, one can also perform run time experiments with the intermediate programs (not just with the leaves).

Our problem domain is scientific computing. We use experiments with the intermediate refinements, written in Haskell, to derive cost predictions for the target programs written in C with MPI. These predictions guide our choices of alternative refinements, as we navigate through the refinement tree.

This non-standard use of a cost model introduces two new requirements:

The higher up in the refinement tree a programs is, the less determined its target implementation is, i.e., the less accurate the cost prediction will be. However, the cost data we obtain must (and can) suffice to make a correct choice between alternative refinements, based on a relative comparison of the respective performance predictions.

The costing of an intermediate program happens necessarily on an interpreter, not on the installation on which the target program will run-which is not yet fully determined! Still, the cost model must be calibrated with respect to the real installation-even when it is used for intermediate programs-since our choice of refinement will depend on the characteristics of the real installation.

We propose a cost model for the stepwise prototyping of high-performance parallel programs, which satisfies these requirements. (c) 2006 Elsevier Ltd. All rights reserved.",dblp,llm,0.980,unreviewed,
kept,Stepwise Refinement of Action Systems.,Ralph-Johan Back; Kaisa Sere,1991,Struct. Program.,,https://dblp.org/rec/journals/stp/BackS91,supports-claim,,dblp,llm,0.940,unreviewed,
kept,&quot;Formal Models of Stepwise Refinement of Programs&quot;.,,1987,ACM Comput. Surv.,,https://dblp.org/rec/journals/csur/Corrigendum87,supports-claim,,dblp,llm,0.930,unreviewed,
kept,PARTIAL: a tool to monitor the stepwise refinement of Ada programs.,Robert G. Reynolds,1985,ACM SIGSOFT Softw. Eng. Notes,10.1145/1012483.1012493,https://dblp.org/rec/journals/sigsoft/Reynolds85,supports-claim,,dblp,llm,0.860,unreviewed,
