status,title,authors,year,venue,doi,url,tags,abstract,provider,decision_source,llm_confidence,llm_review_outcome,llm_change_direction
kept,Stepwise Design of BPEL Web Services Compositions: An Event_B Refinement Based Approach.,Idir Aït-Sadoune; Yamine Aït Ameur,2010,SERA,10.1007/978-3-642-13273-5_4,https://dblp.org/rec/conf/sera/Ait-SadouneA10,supports-claim,"Several web services compositions languages and standards are used to describe different applications available over the web. These languages are essentially syntactic ones, their descriptions remain informal and are based on graphical notations. They do not offer any guarantee that the described services achieve the goals they have been designed for. The objective of this paper is twofold. First, it focusses on the formal description, modelling and validation of web services compositions using the Event_B method. Second, it suggest a refinement based method that encodes the BPEL models decompositions. Finally, we show that relevant properties formalized as Event_B properties can be proved. A tool encoding this approach is also available.",dblp,llm,0.960,unreviewed,
kept,Refactoring-Based Stepwise Refinement in Abstract System-Level Design.,Ryosuke Yamasaki; Kazutaka Kobayashi; Nurul Azma Zakaria; Shuji Narazaki; Norihiko Yoshida,2006,EUC,10.1007/11802167_72,https://dblp.org/rec/conf/euc/YamasakiKZNY06,supports-claim,,dblp,llm,0.840,unreviewed,
kept,SpecRefiner: Assistance for stepwise refinement of software development in the upstream process.,Ryuji Kudo; Shinichi Nakasuka; Koichi Hori,2003,Syst. Comput. Jpn.,10.1002/SCJ.10019,https://dblp.org/rec/journals/scjapan/KudoNH03,supports-claim,,dblp,llm,0.860,unreviewed,
discarded,Conceptual Modeling of Concurrent Systems through Stepwise Abstraction and Refinement Using Petri Net Morphisms.,Boleslaw Mikolajczak; Zuyan Wang,2003,ER,10.1007/978-3-540-39648-2_34,https://dblp.org/rec/conf/er/MikolajczakW03,adjacent-subtopic,,dblp,llm,0.740,unreviewed,
discarded,Stepwise Construction and Refinement of Dependability Models.,Cláudia Betous-Almeida; Karama Kanoun,2002,DSN,10.1109/DSN.2002.1028944,https://dblp.org/rec/conf/dsn/Betous-AlmeidaK02,adjacent-subtopic,"This paper presents a stepwise approach for dependability modeling, based on Generalized Stochastic Petri Nets (GSPNs). The first-step model called functional-level model, can be built as early as system functional specifications and then completed by the structural model as soon as the system architecture is known, even at a very high level. The latter can be refined according to three different aspects: Component decomposition, state and event fine-tuning and distribution adjustment to take into account increasing event rates. We define specific rules to make the successive transformations as easy and systematic as possible, This approach allows the various dependencies to be taken into account at the right level of abstraction: Functional dependency, structural dependency and those induced by non-exponential distributions. A part of the approach is applied to an instrumentation and control system (I&C) in power plants.",dblp,llm,0.870,unreviewed,
kept,Modular Compiler Verification - A Refinement-Algebraic Approach Advocating Stepwise Abstraction,Markus Müller-Olm,1997,Lecture Notes in Computer Science,10.1007/BFB0027453,https://dblp.org/rec/books/sp/MullerOlm97,supports-claim,,dblp,llm,0.850,unreviewed,
discarded,Stepwise Refinement of Complex Object Constraints in Design Views for Concurrent Engineering.,Fawaz S. Al-Anzi; David L. Spooner,1995,DS-6,,https://dblp.org/rec/conf/ds/Al-AnziS95,adjacent-subtopic,,dblp,llm,0.960,unreviewed,
kept,An Integrated Specification Support System for Communication Software Design Based on Stepwise Refinement and Graphical Representation.,Katsuyuki Sarashina; Tsuyoshi Ando; Kaoru Takahashi; Masataka Ohta; Yoshiaki Tokita,1993,FORTE,,https://dblp.org/rec/conf/forte/SarashinaATOT93,supports-claim,,dblp,llm,0.890,unreviewed,
kept,Object-Oriented Specification and Stepwise Refinement.,Gunter Saake; Ralf Jungclaus; Hans-Dieter Ehrich,1991,Open Distributed Processing,,https://dblp.org/rec/conf/odp/SaakeJE91,supports-claim,,dblp,llm,0.870,unreviewed,
kept,Stepwise Refinement of Reactive Processor Farms.,Kaisa Sere,1991,PSTV,,https://dblp.org/rec/conf/pstv/Sere91,supports-claim,,dblp,llm,0.910,unreviewed,
kept,Development of Communication Software by Stepwise Refinement.,Johannes Freudenmann,1987,PSTV,,https://dblp.org/rec/conf/pstv/Freudenmann87,supports-claim,,dblp,llm,0.930,unreviewed,
kept,"Die &quot;Modale Logik der Prozeduren&quot;: e. Erweiterung der Hoare-Logik, die es ermöglicht, Korrektheitsbeweise im Sinne des &quot;stepwise refinement&quot; zu führen.",Kurt Sieber,1984,,,https://dblp.org/rec/phd/dnb/Sieber84,supports-claim,,dblp,llm,0.940,unreviewed,
discarded,Simulation modeling by stepwise refinement.,Jere N. Beauchamp; R. C. Field,1979,WSC,,https://dblp.org/rec/conf/wsc/BeauchampF79,adjacent-subtopic,,dblp,llm,0.930,unreviewed,
kept,How to develop module logic using pseudo-code and stepwise refinement.,Anthony A. Lekkos; Carl M. Peters,1978,DAC,,https://dblp.org/rec/conf/dac/LekkosP78,supports-claim,,dblp,llm,0.870,unreviewed,
discarded,Traceable image compression-encryption algorithm based on 2D coupled chaotic map,"Liu, Yang; Hu, Xianglei; Jiang, Donghua; Rong, Xianwei; Yu, Xiaoyan",2026,JOURNAL OF INFORMATION SECURITY AND APPLICATIONS,10.1016/j.jisa.2026.104573,https://www.webofscience.com/wos/woscc/full-record/WOS:001830344700001,off-topic-false-hit,"With the increasing demand for secure image transmission, existing schemes often face a security-compressibility trade-off and a lack of traceability. This paper proposes a traceable image compression-encryption algorithm that integrates a novel two-dimensional (2D) coupled chaotic map with compressive sensing (CS). Specifically, we design a 2D Cubic-Chebyshev Chaotic map (2D-CCC) by cross-coupling the Chebyshev and cubic maps to generate highly unpredictable key streams. In the CS stage, a chaos-driven measurement matrix is constructed and further refined via singular value decomposition (SVD) to improve reconstruction stability. The compressed measurements are then encrypted through chaos-controlled Fisher-Yates scrambling and bidirectional diffusion to produce the cipher image. To enable traceability, we embed the time-stamped credential chain (TSCC) payload and necessary system parameters into the cipher image using an improved LSB-based scheme with redundancy and cyclic redundancy check (CRC) verification, allowing reliable extraction under common distortions. Experimental results demonstrate strong chaotic dynamics (trajectory, Lyapunov exponent, entropy, and 0-1 test) and competitive security metrics (e.g., NPCR/UACI close to ideal values), while maintaining high-quality reconstruction under typical compression ratios.",wos,llm,1.000,unreviewed,
discarded,Robust Image Steganography in Real Social Networks Using Stable Diffusion,"Long, Linghui; Wang, Zichi; Zhang, Xinpeng",2026,IEEE INTERNET OF THINGS JOURNAL,10.1109/JIOT.2026.3677876,https://www.webofscience.com/wos/woscc/full-record/WOS:001788883300047,off-topic-false-hit,"Generative steganography (GS), as an emerging information-hiding technique, directly synthesizes stego images using generative models. This effectively avoids the statistical anomalies introduced by modification-based steganography, which alters cover images. However, existing GS methods often struggle to achieve zero-error extraction of the secret message when faced with image processing operations on real social networks. To address the issue, this article proposes a robust generative image steganography scheme based on the stable diffusion model and a spread spectrum (SS) mapping module. Our scheme utilizes a pretrained stable diffusion model. Specifically, the secret message is modulated via orthogonal codes and a Gaussian perturbation and then mapped into a latent space noise that conforms to a standard Gaussian distribution. Combined with text guidance, this process generates stego images with high visual quality. At the receiver side, even if the image undergoes lossy transmission in real social networks, the secret message can still be achieved via inverse mapping, leading to zero-error extraction. Experimental results demonstrate that the proposed scheme can achieve zero-error extraction on Xiaohongshu, Weibo, X, and QQ. Moreover, in terms of undetectability, the detection error rate P-E approaches 0.5, which is equivalent to random guessing.",wos,llm,1.000,unreviewed,
discarded,A Dual-Protection Framework for 3D Point Clouds: Robust Watermarking via RDWT-SVD and High-Capacity Steganography With Incremental Point Clouds,"Wang, Hui; Qin, Ling",2026,MODELLING AND SIMULATION IN ENGINEERING,10.1155/mse/8826343,https://www.webofscience.com/wos/woscc/full-record/WOS:001758305800001,off-topic-false-hit,"3D point cloud models are being utilized more and more in computer vision, virtual reality, intelligent manufacturing, and cultural heritage preservation as a result of the quick advancements in computer graphics and 3D modeling technologies. Therefore, protecting the copyright and data integrity of 3D models has become an important issue. The study enhances the robustness of the model to rotation, translation, and scaling attacks by affine invariant processing. Moreover, the digital watermark is embedded into the processed 2D image by combining techniques such as principal component analysis, coordinate projection, redundant discrete wavelet transform, and singular value decomposition. The experimental results show that the peak signal-to-noise ratios of the four 3D models after embedding the watermark are all higher than 47 dB, among which the Happy_recon model reaches 56.83 dB. The incremental 3D point cloud information hiding algorithm achieves an embedding capacity of 1643 bits in the Happy_recon model, which is 57.22% higher than that of the label clustering method. In the watermark robustness test, the bit error rate of this method against geometric attacks is zero, and the normalized cross-relation number is 1. Under a 40% sheet-cutting attack, the bit accuracy rate still remained above 0.85. The peak signal-to-noise ratio after embedding the watermark is on average approximately 18.2% higher than that of the method based on geometric features and approximately 9.5% higher than that of the method based on the transform domain. The information hiding algorithm based on incremental point cloud improves the embedding capacity by 57.22% compared with the label clustering method and by 29.98% compared with the distance feature method. In terms of robustness, the resistance to geometric attacks is completely immune, and the bit accuracy rate against noise attacks is approximately 5.9% higher than that of deep learning methods. In conclusion, the proposed method effectively enhances the performance of 3D point cloud models in watermarking and information hiding tasks.",wos,llm,1.000,unreviewed,
discarded,GaussianSeal: Rooting Adaptive Watermarks for 3D Gaussian Generation Model,"Li, Runyi; Zhang, Xuanyu; Tong, Chuhan; Xu, Zhipei; Zhang, Jian",2026,MACHINE INTELLIGENCE RESEARCH,10.1007/s11633-025-1588-7,https://www.webofscience.com/wos/woscc/full-record/WOS:001734033100001,off-topic-false-hit,"With the advancement of AI generated content (AIGC) technologies, the modalities generated by models have expanded from images and videos to 3D objects, leading to an increasing number of works focused on 3D Gaussian splatting (3DGS) generative models. Research on copyright protection for generative models has focused on watermarking in image and text modalities, with little exploration into the copyright protection of 3D object generative models. In this paper, we propose the first bit watermarking framework for 3DGS generative models, named GaussianSeal, to enable the decoding of bits as copyright identifiers from the rendered outputs of generated 3DGS. By incorporating adaptive bit modulation modules into the generative model and embedding them into the network blocks in an adaptive way, we thus achieve high-precision bit decoding with minimal training overhead while maintaining the fidelity of the model's outputs. Experiments demonstrate that our method outperforms post-processing watermarking approaches for 3DGS objects, achieving superior performance in terms of watermark decoding accuracy and preserving the quality of the generated results.",wos,llm,1.000,unreviewed,
discarded,Hierarchical Game-Theoretic and Risk-Aware Predictive Control Framework for Resilient Multi-UAV Cooperative Combat,"Tang, Mingjun; Chen, Renwen; Zhu, Junwu; Jiang, Yuqi; Zhang, Ran; Cui, Yu; Zhang, Bo",2026,IEEE ACCESS,10.1109/ACCESS.2026.3670341,https://www.webofscience.com/wos/woscc/full-record/WOS:001711095900019,off-topic-false-hit,"Multi-UAV cooperative combat systems are currently striving to close the loop from macro-tactical gaming to micro-physical execution in extreme A2/AD environments. However, they face the harsh reality of cross-timescale coupling and multi-source uncertainty. Existing divide-and-conquer strategies often fracture high-level decision-making from low-level control. Consequently, theoretical Nash equilibria easily degenerate into execution-level routs when confronted with packet loss, non-cooperative information hiding, or sudden aerodynamic disturbances. Addressing this critical pain point, we propose H-GPC (Hierarchical Game-Theoretic Predictive Control), a full-stack cooperative framework. Far from a simple stacking of algorithms, H-GPC reconstructs the agent's cognition-execution pathway. At the macro-strategic layer, we model the command hub and the swarm as a Stackelberg game, designing optimal contract menus that satisfy incentive compatibility and individual rationality. This successfully resolves resource mismatch under information asymmetry, maintaining Pareto-optimal social welfare even under severe communication conditions with 20% packet loss. At the meso-tactical layer, we introduce distributional reinforcement learning based on Implicit Quantile Networks (IQN), utilizing the CVaR criterion to dynamically adjust risk appetite. This breaks through the survival bottleneck of traditional expectation-maximization strategies in life-or-death scenarios. At the micro-control layer, we design a disturbance observer with Prescribed-Time convergence characteristics and a resilient reconfiguration mechanism based on virtual state consensus, building a final line of defense against strong nonlinear disturbances and FDI attacks. High-fidelity simulations and embedded deployment experiments on the NVIDIA Jetson Xavier NX demonstrate that H-GPC not only significantly outperforms baselines like MAPPO and CBBA in mission survival rate and loss ratio within high-risk environments but also reduces computational load by over 60% through a bi-level self-triggered mechanism. This proves the framework's engineering feasibility under strict 50Hz real-time constraints.",wos,llm,1.000,unreviewed,
discarded,Generative image steganography based on mapping-guided stable diffusion with enhanced robustness,"Zhang, Shengcai; Fu, Junkai; Xue, Junxiang; An, Dezhi",2026,JOURNAL OF KING SAUD UNIVERSITY COMPUTER AND INFORMATION SCIENCES,10.1007/s44443-025-00432-5,https://www.webofscience.com/wos/woscc/full-record/WOS:001697388100001,off-topic-false-hit,"In recent years, diffusion models have exhibited remarkable capabilities in high-fidelity image generation. In this work, a robust image steganography framework is proposed, built upon diffusion models, to enable secure and controllable embedding and extraction of secret information during the generative process. To achieve this, a secret information mapping module based on orthogonal projection and local normalization is designed, allowing for efficient and stable message encoding and decoding within the latent space. In parallel, a fine-grained inversion mechanism driven by DPM-Solver++ is introduced to mitigate information degradation in the latent representation and enhance recovery robustness under adversarial perturbations. Comprehensive evaluations are conducted to assess the robustness and security of the proposed framework under various distortion conditions, including Gaussian noise, scaling, and compression. Experimental results demonstrate that the proposed method surpasses existing steganographic approaches in terms of visual quality, recovery accuracy, and resistance to detection, while maintaining high message extraction fidelity even under severe adversarial attacks.",wos,llm,1.000,unreviewed,
discarded,A quantum image encryption-authentication method using quantum Haar wavelet transform and affine transform,"Zeng, Ping-Ping; Wu, Jia-Wen; Chen, Ming-Xuan; Wang, Meng-Meng",2025,OPTICA APPLICATA,10.37190/oa/211317,https://www.webofscience.com/wos/woscc/full-record/WOS:001680266000008,off-topic-false-hit,"The quantum image encryption and authentication algorithm are proposed based on quantum affine transformation and quantum Haar wavelet transform. This algorithm is divided into two main steps: encryption and embedding. During the encryption phase, affine transform and H & eacute;non map are combined to carry out scrambling-diffusion processing on the plaintext image. In the phase of embedding, the color carrier image undergoes decomposition using the quantum Haar wavelet transform. Then the ciphertext image information and identity information are hidden into the wavelet domain of the color carrier image, and the final transmitted image has visual significance. The suggested algorithm significantly minimizes the risk of image data compromise during transmission and realizes the dual security of encryption and authentication. The security and the robustness of the algorithm are analyzed by using the evaluation indexes of image encryption and information hiding. The findings indicate that the introduced algorithm offers superior security compared to alternative methods, ensuring a more dependable and safeguarded transmission of image data.",wos,llm,1.000,unreviewed,
discarded,Non-Binary Polar Codes for Steganography,"Guan, Qingxiao; Chen, Kaimeng; Lu, Wei; Zhang, Weiming; Yu, Nenghai",2026,IEEE TRANSACTIONS ON DEPENDABLE AND SECURE COMPUTING,10.1109/TDSC.2025.3613759,https://www.webofscience.com/wos/woscc/full-record/WOS:001663363000027,off-topic-false-hit,"Coding scheme is the fundamental part of steganography to embed message in cover data arousing as less distortion as possible. In some recent developed robust steganographic methods, it also undertakes error-correction on message extracted from stego data transmitted in lossy communication channel. This paper proposes Non-Binary Polar Codes (NBPCs) based stego codes which could directly implement multi-layered steganographic embedding without multi-layered decomposition. Moreover, we extend proposed scheme for robust steganography, which has the scalable ability of error-correcting and avoids the problem of allocating embedded redundant payload in multiple layers for error-correcting. By analyzing steganographic embedding and error-correcting for robust steganography, we find that both tasks are adequate to be solved in identical form of Maximum A Posteriori decoding (MAP decoding). Consequently, we develop successive cancellation list MAP decoding for NBPCs built on Galois Field. Besides, we propose a quick estimation method to directly estimate joint probabilities of modification on multi-layer bits to accelerate proposed coding scheme. Compared with existing coding schemes for steganography and robust steganography, such as double-layered STCs, SPCs and double-layered dual-STCs, the experimental results demonstrate that our method achieves lower distortion, higher time efficiency, and better error-correcting performance.",wos,llm,1.000,unreviewed,
discarded,High-capacity multi-image hiding in HDR images using invertible neural networks,"Yi, Ruo-Nan; Huo, Yong-Qing",2025,VISUAL COMPUTER,10.1007/s00371-025-04271-3,https://www.webofscience.com/wos/woscc/full-record/WOS:001631038600002,off-topic-false-hit,"Deep learning has revolutionized data hiding by automating the determination of hidden positions and intensity settings through network training under specific loss functions. The large capacity of image hiding has garnered considerable attention from researchers. To address the common issues of shadow and contour distortions in multi-image hiding, we propose a novel reversible neural network framework for embedding multiple low dynamic range (LDR) images into a single high dynamic range (HDR) image. This framework, termed IMMIH, leverages the properties of invertible neural networks (INNs) to achieve fully coupled and reversible information hiding and extraction through a single end-to-end training process. By focusing on the RGB channels of HDR images, IMMIH minimizes distortion while incorporating attention mapping and edge mapping modules to improve adaptability. Furthermore, the use of discrete wavelet transform and low-frequency wavelet loss concentrates data hiding in high-frequency regions, ensuring robustness. Experimental results demonstrate that IMMIH achieves a high embedding capacity of 48 bits per pixel (bpp) while maintaining minimal distortion. Specifically, the peak signal-to-noise ratio (PSNR) ranges from 34.7 to 38.12 dB, and the structural similarity (SSIM) metric ranges from 0.9487 to 0.9643. Here, we show that IMMIH performs exceptionally well in terms of capacity, image quality, and steganalysis resistance, indicating its potential for practical applications. Detailed implementation and code can be viewed at the following link: https://github.com/ydourblne/IMMIH-framework.",wos,llm,1.000,unreviewed,
