status,title,authors,year,venue,doi,url,tags,abstract,provider,decision_source,llm_confidence,llm_review_outcome,llm_change_direction
discarded,Distance software: design and analysis of distance sampling surveys for estimating population size,Len Thomas; S. T. Buckland; Eric A. Rexstad; Jeff Laake; Samantha Strindberg; Sharon L. Hedley; Jonathan Bishop; Tiago A. Marques; Kenneth P. Burnham,2009,Journal of Applied Ecology,10.1111/j.1365-2664.2009.01737.x,https://openalex.org/W2150466677,off-topic-false-hit,"1.Distance sampling is a widely used technique for estimating the size or density of biological populations. Many distance sampling designs and most analyses use the software Distance.2.We briefly review distance sampling and its assumptions, outline the history, structure and capabilities of Distance, and provide hints on its use.3.Good survey design is a crucial prerequisite for obtaining reliable results. Distance has a survey design engine, with a built-in geographic information system, that allows properties of different proposed designs to be examined via simulation, and survey plans to be generated.4.A first step in analysis of distance sampling data is modelling the probability of detection. Distance contains three increasingly sophisticated analysis engines for this: conventional distance sampling, which models detection probability as a function of distance from the transect and assumes all objects at zero distance are detected; multiple-covariate distance sampling, which allows covariates in addition to distance; and mark-recapture distance sampling, which relaxes the assumption of certain detection at zero distance.5.All three engines allow estimation of density or abundance, stratified if required, with associated measures of precision calculated either analytically or via the bootstrap.6.Advanced analysis topics covered include the use of multipliers to allow analysis of indirect surveys (such as dung or nest surveys), the density surface modelling analysis engine for spatial and habitat modelling, and information about accessing the analysis engines directly from other software.7.Synthesis and applications. Distance sampling is a key method for producing abundance and density estimates in challenging field conditions. The theory underlying the methods continues to expand to cope with realistic estimation situations. In step with theoretical developments, state-of-the-art software that implements these methods is described that makes the methods accessible to practising ecologists.",openalex,llm,0.990,unreviewed,
discarded,z-Tree: Zurich toolbox for ready-made economic experiments,Urs Fischbacher,2007,Experimental Economics,10.1007/s10683-006-9159-4,https://openalex.org/W2149961401,adjacent-subtopic,"Abstract z-Tree (Zurich Toolbox for Ready-made Economic Experiments) is a software for developing and conducting economic experiments. The software is stable and allows programming almost any kind of experiments in a short time. In this article, I present the guiding principles behind the software design, its features, and its limitations.",openalex,llm,0.930,unreviewed,
discarded,"First-principles simulation: ideas, illustrations and the CASTEP code",Matthew Segall; Philip J. D. Lindan; Matt Probert; Chris J. Pickard; P. J. Hasnip; Stewart J. Clark; M. C. Payne,2002,Journal of Physics Condensed Matter,10.1088/0953-8984/14/11/301,https://openalex.org/W2166244948,adjacent-subtopic,"First-principles simulation, meaning density-functional theory calculations with plane waves and pseudopotentials, has become a prized technique in condensed-matter theory. Here I look at the basics of the suject, give a brief review of the theory, examining the strengths and weaknesses of its implementation, and illustrating some of the ways simulators approach problems through a small case study. I also discuss why and how modern software design methods have been used in writing a completely new modular version of the CASTEP code.",openalex,llm,0.900,unreviewed,
discarded,Model modifications in covariance structure analysis: The problem of capitalization on chance.,Robert C. MacCallum; Mary Roznowski; Lawrence B. Necowitz,1992,Psychological Bulletin,10.1037/0033-2909.111.3.490,https://openalex.org/W2074526772,off-topic-false-hit,"In applications of covariance structure modeling in which an initial model does not fit sample data well, it has become common practice to modify that model to improve its fit. Because this process is data driven, it is inherently susceptible to capitalization on chance characteristics of the data, thus raising the question of whether model modifications generalize to other samples or to the population. This issue is discussed in detail and is explored empirically through sampling studies using 2 large sets of data. Results demonstrate that over repeated samples, model modifications may be very inconsistent and cross-validation results may behave erratically. These findings lead to skepticism about generalizability of models resulting from data-driven modifications of an initial model. The use of alternative a priori models is recommended as a preferred strategy.",openalex,llm,0.990,unreviewed,
discarded,QuPath: Open source software for digital pathology image analysis,Peter Bankhead; Maurice B. Loughrey; José A. Fernández; Yvonne Dombrowski; Darragh G. McArt; Philip D. Dunne; Stephen McQuaid; Ronan T. Gray; Liam Murray; Helen G. Coleman; Jacqueline A. James; Manuel Salto‐Tellez; Peter W. Hamilton,2017,Scientific Reports,10.1038/s41598-017-17204-5,https://openalex.org/W2952481429,adjacent-subtopic,"QuPath is new bioimage analysis software designed to meet the growing need for a user-friendly, extensible, open-source solution for digital pathology and whole slide image analysis. In addition to offering a comprehensive panel of tumor identification and high-throughput biomarker evaluation tools, QuPath provides researchers with powerful batch-processing and scripting functionality, and an extensible platform with which to develop and share new algorithms to analyze complex tissue images. Furthermore, QuPath's flexible design makes it suitable for a wide range of additional image analysis applications across biomedical research.",openalex,llm,0.980,unreviewed,
discarded,Dimensions of Consumer Expertise,Joseph W. Alba; J. Wesley Hutchinson,1987,Journal of Consumer Research,10.1086/209080,https://openalex.org/W2108860923,off-topic-false-hit,"The purpose of this article is to review basic empirical results from the psychological literature in a way that provides a useful foundation for research on consumer knowledge. A conceptual organization for this diverse literature is provided by two fundamental distinctions. First, consumer expertise is distinguished from product-related experience. Second, five distinct aspects, or dimensions, of expertise are identified: cognitive effort, cognitive structure, analysis, elaboration, and memory. Improvements in the first two dimensions are shown to have general beneficial effects on the latter three. Analysis, elaboration, and memory are shown to have more specific interrelationships. The empirical findings related to each dimension are reviewed and, on the basis of those findings, specific research hypotheses about the effects of expertise on consumer behavior are suggested.",openalex,llm,0.990,unreviewed,
discarded,The problem of equivalent models in applications of covariance structure analysis.,Robert C. MacCallum; Duane T. Wegener; Bert N. Uchino; Leandre R. Fabrigar,1993,Psychological Bulletin,10.1037/0033-2909.114.1.185,https://openalex.org/W2071918062,off-topic-false-hit,"For any given covariance structure model, there will often be alternative models that are indistinguishable from the original model in terms of goodness of fit to data. The existence of such equivalent models is almost universally ignored in empirical studies. A study of 53 published applications showed that equivalent models exist routinely, often in large numbers. Detailed study of three applications showed that equivalent models may often offer substantively meaningful alternative explanations of data. The importance of the equivalent model phenomenon and recommendations for managing and confronting the problem in practice are discussed.",openalex,llm,0.990,unreviewed,
kept,A reappraisal of structured analysis,Jørgen P. Bansler; Keld Bødker,1993,ACM Transactions on Information Systems,10.1145/130226.148055,https://openalex.org/W1999926902,qualifies-claim,"We review Structured Analysis as presented by Yourdon and DeMarco. First, we examine the implicit assumptions embodied in the method about the nature of organizations, work processes, and design. Following this we present the results of an exploratory study, conducted to find out how the method is applied in practice. This study reveals that while some of the tools of Structured Analysis—notably the data flow diagrams—are used and combined with other tools, the designers do not follow the analysis and design procedures prescribed by the method. Our findings suggest that there is a gap between the way systems development is portrayed in the normative technical literature and the way in which it is carried out.",openalex,human,0.920,human,
kept,Inside a software design team,Diane B. Walz; Joyce J. Elam; Bill Curtis,1993,Communications of the ACM,10.1145/163430.163447,https://openalex.org/W2066173647,qualifies-claim,"article Free Access Share on Inside a software design team: knowledge acquisition, sharing, and integration Authors: Diane B. Walz Univ. of Texas, San Antonio Univ. of Texas, San AntonioView Profile , Joyce J. Elam Florida International Univ., Miami Florida International Univ., MiamiView Profile , Bill Curtis Carnegie Mellon Univ., Pittsburgh, PA Carnegie Mellon Univ., Pittsburgh, PAView Profile Authors Info & Claims Communications of the ACMVolume 36Issue 10Oct. 1993 pp 63–77https://doi.org/10.1145/163430.163447Published:01 October 1993Publication History 332citation5,695DownloadsMetricsTotal Citations332Total Downloads5,695Last 12 Months140Last 6 weeks32 Get Citation AlertsNew Citation Alert added!This alert has been successfully added and will be sent to:You will be notified whenever a record that you have chosen has been cited.To manage your alert preferences, click on the button below.Manage my Alerts New Citation Alert!Please log in to your account Save to BinderSave to BinderCreate a New BinderNameCancelCreateExport CitationPublisher SiteeReaderPDF",openalex,llm,0.880,unreviewed,
discarded,Guide for the Mechanistic-Empirical Design of New and Rehabilitated Pavement Structures,C Olidid; David Hein,2004,,,https://openalex.org/W1513205607,off-topic-false-hit,"The implementation of the Guide for the Mechanistic-Empirical Design of New and Rehabilitated Pavement Structures (Design Guide) as a standard design practice will require significant changes to pavement design procedures, testing procedures and equipment, traffic data input, climatic data input, performance criteria, and others. The Design Guide performance models are calibrated using data from the Strategic Highway Research Program (SHRP) Long Term Pavement Performance (LTPP) Program. To maximize the benefits of the Design Guide, agencies will need to embark on an implementation process to ensure that all of the input parameters are acceptable and practical for their location. The Design Guide provides a hierarchical methodology with three levels of design ranging from Level 1 (detailed project specific inputs) to Level 3 (default regional inputs). This paper presents the material characterization input and testing required for use in the Design Guide. For the covering abstract of this conference see ITRD number E211395.",openalex,llm,0.980,unreviewed,
discarded,Common Beliefs and Reality About PLS,Jörg Henseler; Theo K. Dijkstra; Marko Sarstedt; Christian M. Ringle; Adamantios Diamantopoulos; Detmar W. Straub; David J. Ketchen; Joseph F. Hair; G. Tomas M. Hult; Roger J. Calantone,2014,Organizational Research Methods,10.1177/1094428114526928,https://openalex.org/W2100739170,off-topic-false-hit,"This article addresses Rönkkö and Evermann’s criticisms of the partial least squares (PLS) approach to structural equation modeling. We contend that the alleged shortcomings of PLS are not due to problems with the technique, but instead to three problems with Rönkkö and Evermann’s study: (a) the adherence to the common factor model, (b) a very limited simulation designs, and (c) overstretched generalizations of their findings. Whereas Rönkkö and Evermann claim to be dispelling myths about PLS, they have in reality created new myths that we, in turn, debunk. By examining their claims, our article contributes to reestablishing a constructive discussion of the PLS method and its properties. We show that PLS does offer advantages for exploratory research and that it is a viable estimator for composite factor models. This can pose an interesting alternative if the common factor model does not hold. Therefore, we can conclude that PLS should continue to be used as an important statistical tool for management and organizational research, as well as other social science disciplines.",openalex,llm,0.980,unreviewed,
discarded,Multidimensional Similarity Structure Analysis,Ingwer Borg; J. Lingoes,1987,,10.1007/978-1-4612-4768-5,https://openalex.org/W1504154695,off-topic-false-hit,,openalex,llm,0.960,unreviewed,
discarded,The authentic personality: A theoretical and empirical conceptualization and the development of the Authenticity Scale.,Alex M. Wood; P. Alex Linley; John Maltby; Michael Baliousis; Stephen Joseph,2008,Journal of Counseling Psychology,10.1037/0022-0167.55.3.385,https://openalex.org/W2127184359,off-topic-false-hit,"This article describes the development of a measure of dispositional authenticity and tests whether authenticity is related to well-being, as predicted by several counseling psychology perspectives. Scales were designed to measure a tripartite conception of authenticity, comprising self-alienation, authentic living, and accepting external influence, which was supported with exploratory factor analysis. Multi-group confirmatory factor analysis showed that the factor loadings were invariant across sample, ethnicity, and gender. The scale showed substantial discriminant validity from the Big Five personality traits, nonsignificant correlations with social desirability, and 2- and 4-week test-retest correlations ranging from r = .78 to .91. Each subscale was strongly related to self-esteem and aspects of both subjective and psychological well-being. This article provides the first direct test of several theoretical models that view authenticity as integral to well-being.",openalex,llm,0.990,unreviewed,
discarded,DEMO design activity in Europe: Progress and updates,G. Federici; C. Bachmann; L. Barucca; W. Biel; L.V. Boccaccini; Richard Brown; Chiara Bustreo; S. Ciattaglia; F. Cismondi; M. Coleman; V. Corato; C. Day; E. Diegele; U. Fischer; T. Franke; C. Gliss; Á. Ibarra; R. Kembleton; A. Loving; F. Maviglia; B. Mészáros; G. Pintsuk; N. Taylor; M. Q. Tran; C. Vorpahl; R. Wenninger; J.-H. You,2018,Fusion Engineering and Design,10.1016/j.fusengdes.2018.04.001,https://openalex.org/W2807482935,off-topic-false-hit,"This paper describes the progress of the DEMO Design Activities in Europe and particularly the work done to address critical design integration issues that affect the machine configuration and performance, the plant concept layout and the selection of system design and technologies. Work continues to be primarily focused on the design integration of a pulsed baseline DEMO reactor concept, but a number of alternative configurations (e.g., a double-null divertor and a snowflake divertor as well as a ‘flexi’ DEMO that operates initially in an inductively driven pulsed regime, with the possibility to be upgraded to a long-pulse or steady-state machine with a greater reliance on auxiliary current drive, etc.) are under preliminary study, especially to evaluate their DEMO reactor relevance. Some initial considerations are given on the strategy to implement a structured design and technology down-selection, that progressively reviews and narrows options to arrive at the DEMO plant concept that addresses major system integration risks and offers the best probability to satisfy all stakeholder mission requirements. Finally, some recent technical achievements are highlighted.",openalex,llm,0.970,unreviewed,
discarded,Conformational analysis of nucleic acids revisited: Curves+,Richard Lavery; Maher Moakher; John H. Maddocks; Daiva Petkevičiūtė-Gerlach; K. Zakrzewska,2009,Nucleic Acids Research,10.1093/nar/gkp608,https://openalex.org/W2032183039,off-topic-false-hit,"We describe Curves+, a new nucleic acid conformational analysis program which is applicable to a wide range of nucleic acid structures, including those with up to four strands and with either canonical or modified bases and backbones. The program is algorithmically simpler and computationally much faster than the earlier Curves approach, although it still provides both helical and backbone parameters, including a curvilinear axis and parameters relating the position of the bases to this axis. It additionally provides a full analysis of groove widths and depths. Curves+ can also be used to analyse molecular dynamics trajectories. With the help of the accompanying program Canal, it is possible to produce a variety of graphical output including parameter variations along a given structure and time series or histograms of parameter variations during dynamics.",openalex,llm,0.990,unreviewed,
