status,title,authors,year,venue,doi,url,tags,abstract,provider,decision_source,llm_confidence,llm_review_outcome,llm_change_direction
discarded,Innovating for One Health: federal perspectives and key lessons on building integrative programs for wildlife in Canada,"Wilcox, Alana A. E.; Stephen, Craig; Provencher, Jennifer F.",2026,ONE HEALTH OUTLOOK,10.1186/s42522-026-00207-6,https://www.webofscience.com/wos/woscc/full-record/WOS:001772182600001,off-topic-false-hit,"At a national level, Canada has committed to advancing the One Health approach, recognizing the interconnection between human, animal, and environment health. One Health, however, has often focused on zoonotic diseases and their impacts on human health, limiting the scope and integration of wildlife and environment health. There is also a growing recognition of the need to develop collaborative strategies to address gaps in research, reflecting diverse expertise and priorities. To explore how One Health is perceived and can be mobilized at the federal level, we conducted a series of focus groups with staff at Environment and Climate Change Canada, discussing themes including novel and innovative program development, metrics of success, and limitations to program development and implementation. Supported by the literature, we describe the four key lessons that emerged for strengthening One Health programming: (1) adopt a settings-based approach to foster inclusivity and optimize the health of people, animals, and the environment; (2) establish a shared goal and / or mandate for a team can create a shared purpose and enhance impact; (3) identify champions and leaders who can drive innovation; and (4) bring in key experts, but maintain flexibility to ensure skills are aligned with program needs. While examples highlight innovative program development and implementation, focus group participants emphasized barriers to collaborative and integrative research on human, animal, and environment health extending beyond federal science and that require institutions to address systemic limitations on research innovation. Nonetheless, to promote optimal health outcomes, including those for wildlife and the environment, professionals can adopt integrative and interdisciplinary approaches and drive a movement from knowledge to action.",wos,llm,1.000,unreviewed,
discarded,The participatory common intellectual experience (P-CIE): a case study for integrating sustainability across the curriculum,"Cruz, Laura; Ganguli, Subhadra; Min, Maung K.; Capofari, Mark M.; Evans, Cindy",2026,INTERNATIONAL JOURNAL OF SUSTAINABILITY IN HIGHER EDUCATION,10.1108/IJSHE-03-2025-0187,https://www.webofscience.com/wos/woscc/full-record/WOS:001771696400001,off-topic-false-hit,"Purpose The United Nations has urged higher education institutions to develop new models for integrating sustainability education. To address this mandate, this case study aims to explore the authors' experiences with the challenges and affordances of implementing a distinctive, cocurricular sustainability program: the participatory common intellectual experience (P-CIE).Design/methodology/approach In this narrative case study, the authors reflect on their experience in implementing an underutilized high impact practice: the common intellectual experience across their campus. The essay discusses the origins of the campus's sustainability initiative, the challenges of introducing sustainability through curriculum revision within complex structures, and how the authors adapted the program, culminating in the development of a distinctive P-CIE model.Findings The essay reflects on strategies in which leadership, internal structures, organizational culture and systems can lend themselves to the success of implementing models that are practical and sustainable. As our experience attests, navigating complex logistical, pedagogical and epistemological challenges across students, faculty, local businesses and campus leadership is difficult. However, when implemented thoughtfully and collaboratively, the P-CIE can also provide key benefits for constituents and campuses.Originality/value The common intellectual experience (CIE) has long been identified as a high impact practice (HIP), but its implementation has not risen to the same level as other HIPs. The P-CIE represents a new and distinctive form of CIE, which was developed both to address previous limitations of curriculum integration in both HIPs and sustainability education. Outside of the campus that serves as the focus of the case study, the P-CIE has not been implemented extensively as an approach to sustainability education in institutions of higher education.",wos,llm,1.000,unreviewed,
discarded,FSGlove: An Inertial-Based Hand Tracking System with Shape-Aware Calibration,"Li, Yutong; Zhang, Jieyi; Xu, Wenqiang; Tang, Tutian; Lu, Cewu",2025,2025 IEEE/RSJ INTERNATIONAL CONFERENCE ON INTELLIGENT ROBOTS AND SYSTEMS (IROS),10.1109/IROS60139.2025.11245803,https://www.webofscience.com/wos/woscc/full-record/WOS:001734989200344,off-topic-false-hit,"Accurate hand motion capture (MoCap) is vital for applications in robotics, virtual reality, and biomechanics, yet existing systems face limitations in capturing high-degree-of-freedom (DoF) joint kinematics and personalized hand shape. Commercial gloves offer up to 21 DoFs, which are insufficient for complex manipulations while neglecting shape variations that are critical for contact-rich tasks. We present FSGlove, an inertial-based system that simultaneously tracks up to 48 DoFs and reconstructs personalized hand shapes via DiffHCal, a novel calibration method. Each finger joint and the dorsum are equipped with IMUs, enabling high-resolution motion sensing. DiffHCal integrates with the parametric MANO model through differentiable optimization, resolving joint kinematics, shape parameters, and sensor misalignment during a single streamlined calibration. The system achieves state-of-the-art accuracy, with joint angle errors of less than 2.7 degrees, and outperforms commercial alternatives in shape reconstruction and contact fidelity. FSGlove's open-source hardware and software design ensures compatibility with current VR and robotics ecosystems, while its ability to capture subtle motions (e.g., fingertip rubbing) bridges the gap between human dexterity and robotic imitation. Evaluated against Nokov optical MoCap, FSGlove advances hand tracking by unifying the kinematic and contact fidelity. Hardware design, software, and more results are available at: https://sites.google.com/view/fsglove.",wos,llm,1.000,unreviewed,
discarded,Estimating Channel Knowledge for Robust Steganography,"Guan, Qingxiao; Han, Ye; Yang, Chunfang",2026,IEEE TRANSACTIONS ON DEPENDABLE AND SECURE COMPUTING,10.1109/TDSC.2026.3652192,https://www.webofscience.com/wos/woscc/full-record/WOS:001765043300016,off-topic-false-hit,"Steganography is a technique for embedding secret messages into digital media while preserving perceptual integrity and avoiding detection. Robust steganography specifically enables secure communication through lossy channels with disturbances, where a critical challenge lies in the receiver's ability to accurately reconstruct hidden messages from corrupted stego data-a process termed error-correction. Recent advancements in stego coding schemes for robust steganography leverage probabilistic decoding to enhance message error-correction accuracy. These schemes employ Maximum-A-Posteriori (MAP) decoders that integrate channel knowledge, i.e. the probability distribution of stego symbols derived from received data, thus necessitating precise estimation of such channel knowledge. While existing approach for Channel Knowledge Estimation (CKE) relies on heuristic, handcrafted methods grounded in empirical assumptions, its effectiveness is limited by the inherent complexity of media content and the diversity of channel disturbance. Besides, it is not compatible with some of the embedding method for robust steganography. To address these limitations, we propose a deep learning-based framework for universal channel knowledge estimation, which significantly improves error-correction performance. Furthermore, we extend this framework to multi-channels robust steganography scenarios, formulating a novel multi-channels knowledge estimation paradigm to enhance message correctness through transmission in multiple channels. Experimental results on various state-of-the-art robust steganography methods demonstrate that our approach outperforms existing CKE methods and coding schemes.",wos,llm,1.000,unreviewed,
discarded,Strategies and Struggles in Software Architecture Teaching: A Systematic Literature Review,"Ren, Zhijia; Lhatshok, Ugyen; Gyamtsho, Pema; Dema, Thinley; Rabgay, Thinley; Awasthy, Richa",2025,"2025 INTERNATIONAL CONFERENCE ON EDUCATION TECHNOLOGY AND COMPUTERS, ICETC",10.1109/ICETC66579.2025.11387435,https://www.webofscience.com/wos/woscc/full-record/WOS:001739950900132,adjacent-subtopic,"Software Architecture (SA) education is critical in equipping students with complex software design skills required by the industry. However, SA teaching faces distinct challenges due to its abstract and conceptual nature, high-level thinking and critical reasoning requirements, and the mismatch between SA education and industrial needs. This study presents a systematic review of peer-reviewed studies published between 2010 and 2024, focusing specifically on two critical dimensions of SA education: (1) the teaching strategies employed and (2) the challenges faced by students and educators. Ten major instructional themes were identified, with Project-Based Learning (PBL), Real-World-Based Learning, and Collaborative Learning being the most widely used approaches, emphasising hands-on engagement and simulation of industrial scenarios. However, they introduce implementation challenges simultaneously. The most frequently cited barriers include the abstract nature of SA concepts, time constraints, educator workload, technical tool limitations, and low student engagement. This review offers a student-centred and challenge-informed synthesis, highlighting the interconnected nature of pedagogical strategies and instructional barriers. The findings provide actionable insights for educators, curriculum designers, and stakeholders aiming to enhance the industry relevance, effectiveness, and scalability of SA education.",wos,llm,0.960,unreviewed,
discarded,Operational risk management of zakat institution in Indonesia: lesson learned from crisis COVID-19,"Sobaya, Soya; Pusparini, Martini Dwi; Amrullah, Yusuf Amri; Putri, Cindy Widya; Syahputra, Rayhan Hari",2026,JOURNAL OF ISLAMIC ACCOUNTING AND BUSINESS RESEARCH,10.1108/JIABR-10-2024-0415,https://www.webofscience.com/wos/woscc/full-record/WOS:001747772600001,off-topic-false-hit,"PurposeThis study aims to analyze the operational risk management of zakat institutions in responding to crises, using the modified Committee of Sponsoring Organizations of the Treadway Commission Enterprise Risk Management (COSO ERM) model.Design/methodology/approachThis research adopts a case study approach of National Zakat Institutions (BAZNAS) from 2020 to 2023 to assess operational risk management during and after the COVID-19 pandemic. It is a descriptive study using data collected through questionnaires, interviews and documentation. The modified COSO ERM framework is applied to evaluate risk levels and mitigation measures by comparing the crisis and postcrisis periods.FindingsDuring the crisis, no extreme risks were identified; however, there were 2 high-level risks, 46 medium-level risks and 12 low-level risks. The most significant challenge during the crisis was the constrained distribution of zakat funds due to activity restrictions. Postcrisis analysis revealed 1 extreme risk related to program development, 40 high-level risks and 19 medium-level risks. Postcrisis risks also emerged in zakat fund management, including potential misuse by recipients or related parties.Research limitations/implicationsThese findings highlight how zakat institutions managed operational risks during and after the COVID-19 pandemic.Originality/valueThis study introduces a modified COSO ERM approach developed by PUSKAS BAZNAS, specifically tailored to assess operational risks in zakat institutions at the national level, providing valuable insights and references for other zakat organizations seeking to mitigate risks effectively.",wos,llm,1.000,unreviewed,
discarded,Steganography via Neural Network Parameter Initialization With High Fidelity and Imperceptibility,"Wang, Na; Xu, Chenyi; Cao, Fang; Huang, Lin; Wang, Wei; Qin, Chuan",2026,IEEE TRANSACTIONS ON CIRCUITS AND SYSTEMS FOR VIDEO TECHNOLOGY,10.1109/TCSVT.2025.3634666,https://www.webofscience.com/wos/woscc/full-record/WOS:001735977700040,off-topic-false-hit,"In recent years, with the rapid advancement of deep neural networks (DNNs), researchers have explored steganography techniques that use DNN models as carriers for secret information hiding. However, existing methods generally suffer from limited imperceptibility and fidelity. To address these limitations, this paper proposes a steganography method that achieves high imperceptibility and fidelity while providing substantial embedding capacity and robustness. Specifically, we introduce a dual-branch encoder that embeds secret information into the initialization parameters of the cover model with almost no degradation of the model's functionality. In addition, a new SMSE loss is employed to constrain the encoder output, which enhances the imperceptibility of the stego model. After training and transmission, the receiver can utilize a decoder to accurately extract secret information from the stego model. Experimental results demonstrate that the proposed method achieves a Kullback-Leibler (KL) divergence more than an order of magnitude lower than existing methods, with values ranging from 0.0003 to 0.007. The stego model preserves high fidelity to the original model, with classification accuracy differences within 0.005 on benchmark datasets including MNIST, CIFAR-10, and SST-2. In terms of embedding capacity, it achieves 319,312 bits on ResNet-18 and 1,757,952 bits on ViT, which exceeds the performance of baseline methods across most models. Furthermore, the proposed method exhibits strong robustness, as the embedded information can still be accurately recovered with BCH coding even under noise attacks at an SNR as low as -6 dB. It also demonstrates strong generalization, as it performs effectively on both classification networks and generative or reconstruction models such as GANs, VAEs, and U-Nets.",wos,llm,1.000,unreviewed,
discarded,Reversible adversarial examples generation based on coverless information hiding in deep learning model,"Liu, Xiaolong; Lin, Siyan; Chen, Yangcheng; Chen, Shuwu",2026,NEUROCOMPUTING,10.1016/j.neucom.2026.133591,https://www.webofscience.com/wos/woscc/full-record/WOS:001743989100001,off-topic-false-hit,"Adversarial examples pose significant challenges to the robustness and security of deep neural networks. However, most existing adversarial attacks suffer from irreversibility, limiting their applicability in controllable and privacy-preserving scenarios. To address this limitation, this paper introduces a novel reversible adversarial example (RAE) generation framework based on coverless information hiding in deep learning model. Unlike conventional schemes that rely on external carriers or visible perturbations, the proposed method embeds reversible perturbation information directly into a structural key model. Specifically, a model-based coverless hiding mechanism is designed to encode the necessary reversible information during adversarial perturbation generation, thereby enabling both strong attack capability and precise reversibility. Comprehensive experiments under multiple adversarial settings demonstrate that the proposed approach achieves attack success rates comparable to those of ordinary adversarial examples, while maintaining high visual quality. Moreover, the generated RAEs can be accurately restored to their original state, highlighting the method's potential for deployment in privacy-sensitive and security-critical applications.",wos,llm,1.000,unreviewed,
discarded,Strength beside the uniform: Understanding mental skills knowledge and applications within Canadian Armed Forces families,"Rodden-Matthews, Shelby; Tracey, Jill",2026,JOURNAL OF MILITARY VETERAN AND FAMILY HEALTH,10.3138/jmvfh-2025-0042,https://www.webofscience.com/wos/woscc/full-record/WOS:001677543400001,off-topic-false-hit,"Introduction: This study explores the knowledge, acquisition, and application of mental skills among Canadian Armed Forces (CAF) family members, a population often overlooked in mental health and wellness research. While mental skills such as goal setting, self-talk, imagery, coping, and resilience have been widely studied in high-performance and military populations, little is known about their relevance or utility among CAF support populations. Methods: Utilizing an embedded mixed methods design, data were collected from 180 survey respondents and 11 focus group participants across diverse family roles and geographical contexts. Results: Findings reveal varied awareness and understanding of mental skills, with participants frequently applying skills subconsciously despite limited training or support. Focus group data uncovered four key themes: 1) confusion between mental skills and mental health terminology, 2) life-based acquisition of skills, 3) widespread dissatisfaction with support, and 4) interconnected use of mental skills in positive and challenging contexts. Participants expressed a strong desire for more proactive, accessible, and relevant support tailored to the unique demands of military family life. A recurring concern was the inconsistent quality and accessibility of mental skills resources within the CAF, often leading families to seek assistance externally. Additionally, stigma and logistical barriers limited effective engagement with internal resources. Discussion: Importantly, this study examines mental skills needs of CAF families through their own lens, providing critical insights for policy and program development. Findings emphasize the importance of recognizing CAF families as users - not just beneficiaries - of mental skills training, and advocate for dedicated, contextually sensitive support to empower families in their vital caregiving and adaptive roles.

Military families play a vital role in supporting Canadian Armed Forces (CAF) members, yet they often face unique challenges including relocation, long absences, and caregiving demands with limited resources. This study explores how CAF family members understand and use mental skills - strategies such as goal setting, self-talk, imagery, coping, and resilience - which are known to help people manage stress and improve performance. Through surveys and focus groups, the study finds that while families often use these skills naturally, many do not realize they are doing so, and few have access to formal training. Participants expressed frustration with the lack of consistent, accessible support across postings and felt sidelined by systems focused mainly on serving members. Many turned to outside resources due to stigma or barriers within the military system. Despite these challenges, families showed a strong desire to learn more and build these skills intentionally. In this way, the study highlights a need for better, targeted mental skills training designed specifically for military families - acknowledging their critical role and helping them thrive in a demanding lifestyle.

