status,title,authors,year,venue,doi,url,tags,abstract,provider,decision_source,llm_confidence,llm_review_outcome,llm_change_direction
discarded,Towards Reliable and Scalable Firmware Testing in Communication-Constrained Environments,"Coutinho Filho, J. D. S.; Dantas, A. H. P.; de Araujo, T. D.; Silva Filho, J. E.; da Silveira, J. A. N.; de Albuquerque, A. A. M.",2026,"2026 IEEE 27TH LATIN AMERICAN TEST SYMPOSIUM, LATS",10.1109/LATS70329.2026.11480419,https://www.webofscience.com/wos/woscc/full-record/WOS:001828154100040,off-topic-false-hit,"The rapid evolution of the Internet of Things (IoT) has driven the widespread adoption of Low Power Wide Area Network (LPWAN) technologies in embedded devices for diverse applications. While LPWANs provide long-range connectivity and high energy efficiency, they inherently suffer from high latency, low data rates, and dependence on external infrastructure. These constraints impose severe limitations on firmware test automation, leading to slow and costly validation processes that often fail to meet stringent reliability and security requirements. This paper presents an alternative method for automating integration and vulnerability testing in embedded firmware using a SEGGER J-Link debug probe with Real-Time Transfer (RTT) technology combined with the Pytest framework. The proposed architecture enables testing independent of network infrastructure, supporting functional, regression, and controlled fuzzing experiments that assess system robustness under unexpected states. When applied to a real IoT device, three consecutive automated test cycles demonstrated a reduction in total execution time from 272,471 seconds (LPWAN + Pytest) to 25,473 seconds (RTT + Pytest) - an absolute gain of 246,998 seconds, equivalent to a 90.6% improvement in performance. This significant efficiency gain enhances reproducibility, shortens regression cycles, and facilitates seamless integration with DevOps pipelines. The proposed methodology addresses a gap identified in the literature the lack of accessible, automated, and reproducible solutions for firmware integration testing in communication-constrained environments - thus contributing to the advancement of reliable embedded software design by reconciling hardware limitations with modern quality and automation requirements.",wos,llm,0.980,unreviewed,
discarded,Phage Therapy Enhanced by Using Engineered Bacteriophages: A Powerful Antibacterial Tool to Address the Dilemma Posed by Multidrug-Resistant Bacterial Infections,"Wang, Xuanliang; Zhou, Haolin; Lim, Theam Soon; Wegrzyn, Grzegorz",2026,INTERNATIONAL JOURNAL OF MOLECULAR SCIENCES,10.3390/ijms27167103,https://www.webofscience.com/wos/woscc/full-record/WOS:001859108300001,off-topic-false-hit,"The continuous slowdown in the research and development of new antibiotics and antibiotic overuse have turned the problem of antibacterial resistance into a global public health crisis. As a very promising alternative to multi-drug-resistant bacterial infection, phage therapy is receiving renewed attention. However, the inherent biological limitations of natural phages restrict their extensive clinical application. This review examines how synthetic biology can be harnessed to transform phages and to build the next generation of antibacterial therapies. We outline the main advantages of natural phages, including high host specificity, self-amplification, bactericidal activity and the ability to degrade biofilms. We also point out the bottlenecks of clinical applications of bacteriophages, such as narrow host range, rapid removal in the body and potential genetic safety risks. Moreover, we elaborate on the core synthetic biological tools used to overcome the above limitations, including CRISPR-Cas gene editing, receptor-binding protein reprogramming, functional load delivery and immunogenic regulation, and summarize the recent clinical progress and personalized treatment process. The increasing clinical evidence shows that synthetic biology can effectively overcome the inherent defects of natural bacteriophages, confirming the safety and initial efficacy of bacteriophage therapy. Engineered phages provide a practical strategy to meet the antimicrobial resistance challenge. Clinical applications of such phages will mainly depend on progress in production standardization, regulatory framework construction and scientific and reasonable joint treatment program development.",wos,llm,0.990,unreviewed,
discarded,WIP: Generative Artificial Intelligence in Undergraduate Software Engineering Education,"Hemmes, Jeffrey; Blumenthal, Richard",2025,"2025 IEEE FRONTIERS IN EDUCATION CONFERENCE, FIE",10.1109/FIE63693.2025.11328493,https://www.webofscience.com/wos/woscc/full-record/WOS:001792342800357,adjacent-subtopic,"This work-in-progress innovative practice paper presents a novel methodology to integrate generative AI in undergraduate software engineering education. This approach has been adopted in survey courses at multiple institutions and shows substantial promise in teaching software design and modeling concepts using the Unified Modeling Language (UML). Adoption of AI tools based on large language models in undergraduate courses has grown since their introduction. Despite much promise and potential, the capabilities of such tools are still limited with respect to software design. These limitations should not be seen as a hindrance to classroom use. Rather, they can be beneficial in an educational setting. Our experience suggests that augmenting design modeling activities with generative AI can improve student achievement for both in-person and online delivery formats.",wos,llm,0.700,unreviewed,
discarded,Multimodal Implicit Representation Steganography Based on Point Cloud Representation,"Lu, Yuwei; Liu, Jia; Wang, Qiya; Liu, Yujie; Luo, Peng",2026,CMC-COMPUTERS MATERIALS & CONTINUA,10.32604/cmc.2026.084506,https://www.webofscience.com/wos/woscc/full-record/WOS:001855772900001,off-topic-false-hit,"Existing deep-learning-based steganography methods are typically designed for single-modality cover data and often rely on modality-specific network structures, which limits their cross-modal adaptability. To address this limitation, this paper proposes a multimodal implicit neural representation (INR) steganographic framework based on a point-cloud intermediate representation. The framework first fits the cover data as a carrier INR and samples the fitted carrier into a noisy point cloud. A pre-shared noise seed and secret key are then used to reproduce the carrier-derived point cloud and select a key-dependent point subset as the secret point cloud. Finally, a separate extractor, which is architecturally independent of the carrier INR, is trained to reconstruct the secret image from the secret point cloud. Instead of being treated as a decoder attached to the carrier network, the extractor can be encapsulated as a submodule within another neural network for delivery. On the receiver side, the secret image can be recovered only when the carrier INR, noise seed, secret key, and corresponding extractor are jointly available. Experimental results show that the reconstructed secret images achieve peak signal-to-noise ratio (PSNR) values above 40 dB on the CelebFaces Attributes-High Quality (CelebA-HQ), Common Objects in Context (COCO), and DIVerse 2K resolution (DIV2K) datasets.",wos,llm,0.990,unreviewed,
discarded,"Building a pediatric spasticity surgery program in a low-awareness setting: capacity creation, multidisciplinary integration, and early outcomes","Agrawal, Mohit; Gadhvi, Mahesh; Kantiwal, Prabodh; Saini, Lokesh; Garg, Mayank",2026,CHILDS NERVOUS SYSTEM,10.1007/s00381-026-07440-4,https://www.webofscience.com/wos/woscc/full-record/WOS:001854677700003,off-topic-false-hit,"Purpose Selective dorsal rhizotomy (SDR) and other spasticity-relieving procedures remain markedly underutilized in many regions of the world, not because of technical infeasibility but because of low awareness among referring specialties, the absence of structured referral pathways, and limited multidisciplinary integration. We describe the stepwise establishment of a pediatric spasticity surgery program in such a setting, with emphasis on capacity creation, stakeholder engagement, individualized treatment selection, and early clinical outcomes.Methods This program was developed at a tertiary care government-aided academic hospital in Western India, beginning in April 2024 under a fellowship-trained functional neurosurgeon. In the absence of a preexisting referral ecosystem, initial cases were identified through surgeon-led screening of existing neurosurgical follow-up patients, with all identified candidates reviewed through structured multidisciplinary assessment before surgical candidacy was confirmed. In parallel, a physiologist was trained in intraoperative neurophysiological monitoring (IONM) using published protocols to build local monitoring capability. An initial cohort of four adult patients with severe post-traumatic spasticity (three with post-spinal cord injury paraparesis/quadriparesis, one with post-traumatic brain injury paraparesis) underwent SDR, confirming technical feasibility and perioperative safety of the locally developed protocol. Between April 2025 and March 2026, nine pediatric patients (age 5-18 years) underwent spasticity surgery (SDR, n = 8; selective tibial neurectomy, n = 1). The approach comprised (1) surgeon-led case identification with structured multidisciplinary review, (2) in-house neurophysiology capacity building, and (3) progressive integration with pediatric neurology, orthopedics, and rehabilitation services with an explicit individualized treatment selection framework.Results Most pediatric patients presented late, with severe spasticity (Modified Ashworth Scale [MAS] grade 3/4), often accompanied by secondary fixed musculoskeletal contractures. A significant reduction in tone was achieved in all patients (MAS 3 -> 1 in four patients, MAS 4 -> 1 in four patients; MAS 4 -> 2 in one patient). No perioperative neurosurgical complications occurred. All patients also demonstrated improvement in ambulatory status after surgery. Three patients with fixed deformities subsequently underwent planned, staged orthopedic contracture release once tone had been reduced. Over the course of the program, progressive multidisciplinary engagement led to improved awareness, increased referrals, and more coordinated care.Conclusions The principal barrier to pediatric spasticity surgery in settings such as ours is low awareness and the absence of structured referral pathways, rather than technical limitations. Capacity building and active stakeholder engagement are critical to program development, and a staged, multidisciplinary approach integrating individualized treatment selection, neurosurgical intervention, and orthopedic management is essential for optimal outcomes. This experience offers a clinician-driven model that may provide applicable lessons for centers seeking to establish spasticity surgery programs in similar low-awareness settings.",wos,llm,0.980,unreviewed,
discarded,Enhancing the Effectiveness of the Visual to Auditory Sensory Substitution Training Program through Learning Theories,"Park, Sojung; Jin, Seoyeon; Han, Insook",2026,MULTISENSORY RESEARCH,10.1163/22134808-bja10190,https://www.webofscience.com/wos/woscc/full-record/WOS:001849038000007,off-topic-false-hit,"Sensory substitution transforms information normally received by impaired senses into alternate sensory inputs, leveraging brain plasticity to provide better access to visual information for individuals with sensory limitations. Visual to Auditory Sensory Substitution (VASS) converts visual data into auditory cues, aiding individuals with visual impairments. Despite prior research validating sensory substitution, effective VASS training programs remain underdeveloped. This study aims to address this gap by designing and evaluating a VASS training program based on educational theories like conceptual learning and information processing. A training program was developed for learning 23 shapes and figures, incorporating instructional strategies from educational psychology. The learning tasks were organized into modules that included review sessions, concept learning, repetitive practice, and assessments. The program's impact was assessed through a randomized experiment comparing a theory-based program with traditional repetitive training methods. Short-term and sustained outcomes were evaluated using midpoint test, immediate post-test, delayed post-test, and transfer test. The study involved adult learners without visual or auditory impairments to promote efficient program development and effectiveness evaluation. Statistically significant improvements were observed in the experimental group's midpoint and immediate post-test scores compared to the control group. However, no significant differences were found in the delayed post-test and transfer test. The findings suggest that integrating instructional design and learning strategies can lead to more effective training programs to support rehabilitation efforts for individuals with visual impairments. Further implications for rehabilitation are discussed.",wos,llm,0.980,unreviewed,
discarded,SDS-TG: Secure Diffusion Steganography in Text-Guided Generative Images,"Yang, Haozhong; Wang, Hongxia; Li, Jinhe; Zhang, Fei",2025,"2025 IEEE INTERNATIONAL CONFERENCE ON MULTIMEDIA AND EXPO, ICME",10.1109/ICME59968.2025.11209554,https://www.webofscience.com/wos/woscc/full-record/WOS:001792720900498,off-topic-false-hit,"To accommodate covert communications based on generated images, researchers hid secret information into the image generation process in an endogenous manner. Existing methods often degrade model performance by altering the image generation process or model parameters. To address these limitations, we propose a secure diffusion steganography framework in text-guided generative images (SDS-TG) based on Stable Diffusion, embedding secret information into an imperceptible latent space, thereby generating high-quality images without compromising model performance. We establish a reversible mapping mechanism between secret information and standard Gaussian noise, seamlessly integrating it into the conditional image generation process. Additionally, we fine-tune the encoder part of the diffusion models, enhancing the robustness of the steganographic algorithm and improving the accuracy of information extraction, without altering the image generation process. Experiments demonstrate that this approach offers high security and surpasses SOTA methods in terms of robustness and capacity.",wos,llm,0.990,unreviewed,
discarded,Development of radiation dose prediction program based on measurement data,"Lee, Dae Ho; Kwak, Dong Gyu; Kim, Ju Young; Oh, Ga Eun; Kim, Kwang Pyo",2026,APPLIED RADIATION AND ISOTOPES,10.1016/j.apradiso.2026.112823,https://www.webofscience.com/wos/woscc/full-record/WOS:001828070100001,off-topic-false-hit,"Dose assessment is essential for optimizing the radiation dose of workers in nuclear power plants (NPPs). However, in the event of an accident at an NPP, predicting worker doses can be challenging due to limitations such as the unavailability of source term information. To address this, we developed an assessment tool that predicts worker doses using relatively easy-to-obtain dose rate measurements. The objective of this study is to develop a dose prediction program based on measurement data. First, a dose prediction model was designed using the Kriging methodology. Second, the model and user interface were implemented to develop the program using C# and Windows Forms. Finally, the prediction results of the developed program were validated against MCNP code simulations using hypothetical verification scenarios. The prediction model employs the Kriging methodology to analyze spatial correlations among measured data and derive optimal interpolation weights. The program interface comprises three primary modules: (1) data input module, (2) result output module, and (3) work scenario module. It allows users to input measurement data, spatial geometry, and worker paths, and is designed to generate 3D dose maps and comparative dose charts. The validation results against MCNP showed mean absolute percent errors (MAPE) of 18.95%, 16.14%, and 14.70% for measurement densities of 10%, 15%, and 20%, respectively. The results of this study can be utilized to establish optimal work plans and ensure worker safety during NPP accidents.",wos,llm,0.980,unreviewed,
discarded,How Software Development Conceals and Constrains Critical Analytic Decisions: Tracing the Encoded Choices Behind a Failure to Reproduce a Spatial Scan Statistic,"Zhou, Emily; Holler, Joseph; Kedron, Peter",2026,GEOGRAPHICAL ANALYSIS,10.1111/gean.70053,https://www.webofscience.com/wos/woscc/full-record/WOS:001825729100001,adjacent-subtopic,"Researchers increasingly call for transparent reporting of analytic decisions as foundations for reproducible research and collective knowledge production. However, these calls for openness often overlook a critical dimension: software environments encode implicit computational decisions that are not always visible to researchers, even when the same statistical methods are applied. Analyses may be technically reproducible, while the epistemological function of reproduction to evaluate and validate prior conclusions is undermined by the opacity of software design. Moreover, unexamined software behavior can compromise the conceptual rigor of research by shaping analytic choices unbeknownst to researchers. While attempting to reproduce a study correlating spatial distributions of COVID-19 and people with disabilities, we investigated how software-encoded decisions influenced intermediate analytic outputs, propagated into downstream inference, and ultimately shaped the research design. Through systematic comparison across software, we demonstrate that (1) software-encoded decisions structure both intermediate results and final analytic conclusions; (2) researchers must remain attentive to the decisions and materials required to execute an analysis, understand what software is doing on their behalf, and consider the numerical and conceptual ramifications of those decisions; and (3) cross-software sensitivity analysis is particularly important when analytic workflows span multiple platforms or when outputs from one system are used as inputs to another.",wos,llm,0.730,unreviewed,
discarded,LINEAR PREDICTIVE MODELING AND ADVANCED FOR REVERSIBLE WATERMARKING,"Ketthong, Thanet; Romyasamit, Lucksana",2026,INTERNATIONAL JOURNAL OF INNOVATIVE COMPUTING INFORMATION AND CONTROL,10.24507/ijicic.22.04.1127,https://www.webofscience.com/wos/woscc/full-record/WOS:001824341200015,off-topic-false-hit,"Digital watermarking, particularly reversible watermarking, has become crucial in protecting intellectual property and ensuring data integrity in various domains, such as medical and military applications. The design of efficient watermarking algorithms remains a challenge, particularly in balancing embedding capacity with image quality. Current reversible watermarking methods often face limitations in embedding capacity and image distortion due to large Prediction-Error Adjustment (PEA) maps and insufficient optimization of embedding techniques. This paper introduces a novel approach based on linear predictive modeling and the Advanced Prediction-Error Correction (APEC) map. The APEC map enhances the PEA map reduction process by using two distinct sets of pixels, enabling the image receiver to determine embedding formulas based solely on pixel value properties, eliminating the need for a PEA location map. The proposed method significantly improves the embedding capacity and image quality, particularly in images with high pixel value variation. Comparative analysis shows that the linear predictive function outperforms other methods, yielding the highest PSNR values for the same payload size, particularly in the second watermark layer. The method also reduces the size of the PEA map, increasing the maximum information-hiding capacity while maintaining the target PSNR. This work presents a significant advancement in reversible watermarking by optimizing the predictive model and enhancing prediction-error correction strategies. The proposed approach demonstrates superior performance in high-noise conditions, making it suitable for specialized applications such as medical imaging and satellite imagery. Future work will focus on further improving prediction accuracy, especially for images with low pixel value variation.",wos,llm,0.990,unreviewed,
