status,title,authors,year,venue,doi,url,tags,abstract,provider,decision_source,llm_confidence,llm_review_outcome,llm_change_direction
discarded,Unified Monitor and Controller Synthesis for Securing Complex Unmanned Aircraft Systems,"Yang, Dong; Dong, Wei; Lu, Wei; Liu, Sirui; Dong, Yanqi",2025,DRONES,10.3390/drones9050353,https://www.webofscience.com/wos/woscc/full-record/WOS:001496162700001,adjacent-subtopic,"Unmanned Aircraft Systems (UASs) have undergone rapid development over recent years, but have also became vulnerable to security attacks and the volatile external environment. Ensuring that the performance of UASs is safe and secure no matter how the environment changes is challenging. Runtime Verification (RV) is a lightweight formal verification technique that could be used to monitor UAS performance to guarantee safety and security, while reactive synthesis is a methodology for automatically synthesizing a correct-by-construction controller. This paper addresses the problem of the generation and design of a secure UAS controller by introducing a unified monitor and controller synthesis method based on RV and reactive synthesis. First, we introduce a novel methodological framework, in which RV monitors is applied to guarantee various UAS properties, with the reactive controller mainly focusing on the handling of tasks. Then, we propose a specification pattern to represent different UAS properties and generate RV monitors. In addition, a detailed priority-based scheduling method to schedule monitor and controller events is proposed. Furthermore, we design two methods based on specification generation and re-synthesis to solve the problem of task generation using metrics for reactive synthesis. Then, to facilitate users using our method to design secure UAS controllers more efficiently, we develop a domain-specific language (UAS-DL) for modeling UASs. Finally, we use F Prime to implement our method and conduct experiments on a joint simulation platform. The experimental results show that our method can generate secure UAS controllers, guarantee greater UAS safety and security, and require less synthesis time.",wos,llm,0.850,unreviewed,
discarded,H-Houdini: Scalable Invariant Learning,"Dinesh, Sushant; Zhu, Yongye; Fletcher, Christopher W.",2025,"PROCEEDINGS OF THE 30TH ACM INTERNATIONAL CONFERENCE ON ARCHITECTURAL SUPPORT FOR PROGRAMMING LANGUAGES AND OPERATING SYSTEMS, VOL 1, ASPLOS 2025",10.1145/3669940.3707263,https://www.webofscience.com/wos/woscc/full-record/WOS:001481633300038,off-topic-false-hit,"Formal verification is a critical task in hardware design today. Yet, while there has been significant progress in improving technique automation and efficiency, scaling to large hardware designs remains a significant challenge.

We address this challenge by proposing H-Houdini: a new algorithm for (mostly) push-button inductive invariant learning that scales to large hardware designs. H-Houdini combines the strengths of Machine Learning Inspired Synthesis (MLIS) and SAT-based Incremental Learning. The key advance is a method that replaces the monolithic SMT-style checks made by MLIS with a carefully-constructed hierarchy of smaller, incremental SMT checks that can be parallelized, memoized and reassembled into the original 'monolithic' invariant in a correct-by-construction fashion.

We instantiate H-Houdini as VeloCT, a framework that proves hardware security properties by learning relational invariants. We benchmark VeloCT on the 'safe instruction set synthesis' problem in microarchitectural security. Here, VeloCT automatically (with no expert annotations) learns an invariant for the RISC-V Rocketchip in under 10s (2880x faster than state of the art). Further, VeloCT is the first work to scale to the RISC-V out-of-order BOOM and can (mostly-automatically) verify all BOOM variants (ranging from Small to Mega) in between 6.95 minutes to 199.1 minutes.",wos,llm,0.970,unreviewed,
discarded,Correct-by-construction requirement decomposition,"Sun, Minghui; Bakirtzis, Georgios; Jafarzadeh, Hassan; Fleming, Cody",2026,SOFTWARE AND SYSTEMS MODELING,10.1007/s10270-025-01291-4,https://www.webofscience.com/wos/woscc/full-record/WOS:001494246400001,adjacent-subtopic,"In systems engineering, accurately decomposing requirements is crucial for creating well-defined and manageable system components, particularly in safety-critical domains. Despite the critical need, rigorous, top-down methodologies for effectively breaking down complex requirements into precise, actionable sub-requirements are scarce, especially compared to the wealth of bottom-up verification techniques. Addressing this gap, we introduce a formal decomposition for contract-based design that guarantees the correctness of decomposed requirements if specific conditions are met. Our (semi-)automated methodology augments contract-based design with reachability analysis and constraint programming to systematically identify, verify, and validate sub-requirements representable by continuous bounded sets-continuous relations between real-valued inputs and outputs. We demonstrate the efficacy and practicality of a correct-by-construction approach through a comprehensive case study on a cruise control system, highlighting how our methodology improves the interpretability, tractability, and verifiability of system requirements.",wos,llm,0.860,unreviewed,
kept,Modeling and verifying an arrival manager using the formal Event-B method,"Mammar, Amel; Leuschel, Michael",2025,INTERNATIONAL JOURNAL ON SOFTWARE TOOLS FOR TECHNOLOGY TRANSFER,10.1007/s10009-025-00813-1,https://www.webofscience.com/wos/woscc/full-record/WOS:001485613500001,adjacent-subtopic,"The present paper describes an EVENT-B model of the Arrival MANager system (called AMAN), the case study provided by the ABZ'23 conference. The goal of this safety-critical interactive system is to schedule the arrival times of aircraft at airports. This system includes two parts: an autonomous part which predicts the arrival time of an aircraft from external sources (flight plan information, radar and weather information, etc.) and an interface part that permits the Air Traffic Controller (ATCo) to submit requests to AMAN, like changes regarding the arrival times of aircraft. To formally model and verify this critical system, we use a correct-by-construction approach with the EVENT-B formal method and its refinement process. We mainly consider functional features of the case study; all proof obligations have been discharged using the provers of the Rodin platform under which we carried out our development. To help users understand how AMAN works and its main functionalities, a visualization of the EVENT-B models was achieved using the VisB component of ProB. Our models have been validated using ProB by checking scenarios related to different functional aspects of the system.",wos,llm,0.900,unreviewed,
discarded,Specification and model-checking of space systems in the TASTE toolset,"Dragomir, Iulia; Redondo, Carlos; Jorge, Tiago; Gouveia, Laura; Ober, Iulian; Bozga, Marius; Perrotin, Maxime",2025,INNOVATIONS IN SYSTEMS AND SOFTWARE ENGINEERING,10.1007/s11334-025-00607-3,https://www.webofscience.com/wos/woscc/full-record/WOS:001484619800001,adjacent-subtopic,"Model-Based Software Engineering (MBSE) is a development approach aiming to build correct-by-construction systems, provided the use of clear, unambiguous and complete models to describe them along the design process. The approach is supported by several engineering tools, such as the TASTE toolset. TASTE is a pragmatic and mature open-source toolset supported by European Space Agency that enables and provides automation for most of the phases of software system development: (i) heterogeneous system design through several modeling and programming languages, (ii) code generation, build and deployment of the binary application(s), and (iii) validation through static analysis and simulation. One topic left open in TASTE is the formal verification of a system design with respect to specified properties. In this paper we address this shortcoming by introducing model-checking in the TASTE environment. Our approach is based on the IF toolset, that provides the needed model-checking capabilities in an intuitive manner for TASTE engineers. This is mainly due to the similarity between the two formalisms-TASTE and IF, and the complete integration of the model-checker in the IDE (while hiding the implementation details). Our contribution enables a model-checking view in TASTE with specification of properties, execution of the IF model-checker given a user-set configuration, and exploration of the results (e.g., diagnosis) directly by engineers. We describe our implementation and the results obtained by applying our tool on a simple running example and an industrial case study.",wos,llm,0.830,unreviewed,
discarded,Resolving Goal-Conflicts and Scaling Synthesis through Mode-Based Decomposition,"Brizzio, Matias",2024,"2024 ACM/IEEE 44TH INTERNATIONAL CONFERENCE ON SOFTWARE ENGINEERING: COMPANION PROCEEDINGS, ICSE-COMPANION 2024",10.1145/3639478.3639801,https://www.webofscience.com/wos/woscc/full-record/WOS:001465567400049,adjacent-subtopic,"Reactive synthesis, with its roots in the work of A. Church, presents a transformative approach for the formal methods community. It seeks to translate system behaviors expressed in Linear-Time Temporal Logic (LTL) into correct-by-construction models using synthesis tools. However, this approach faces substantial challenges. Among these challenges is the high computational complexity of LTL synthesis, which constrains its application to large-scale systems. Additionally, unrealizable specifications present a significant obstacle as they act as barriers, impeding the synthesis process. Furthermore, the presence of goal-conflicts within requirements introduces contradictions and ambiguity, further complicating the synthesis process. These issues collectively make synthesis demanding, often resulting in suboptimal or unviable systems.

Our research is dedicated to establishing a robust framework that systematically addresses these challenges, effectively bridging the gap between high-level requirements and dependable system realization. We prioritize refining requirement precision and advancing scalable synthesis techniques, offering advanced tools and methodologies to practitioners and researchers.",wos,llm,0.940,unreviewed,
discarded,Inductive Synthesis of Inductive Heap Predicates,"Yang, Ziyi; Sergey, Ilya",2025,PROCEEDINGS OF THE ACM ON PROGRAMMING LANGUAGES-PACMPL,10.1145/3720420,https://www.webofscience.com/wos/woscc/full-record/WOS:001472524100003,off-topic-false-hit,"We present an approach to automatically synthesise recursive predicates in Separation Logic (SL) from concrete data structure instances using Inductive Logic Programming (ILP) techniques. The main challenges to make such synthesis effective are (1) making it work without negative examples that are required in ILP but are difficult to construct for heap-based structures in an automated fashion, and (2) to be capable of summarising not just the shape of a heap (e.g., it is a linked list), but also the properties of the data it stores (e.g., it is a sorted linked list). We tackle these challenges with a new predicate learning algorithm. The key contributions of our work are (a) the formulation of ILP-based learning only using positive examples and (b) an algorithm that synthesises property-rich SL predicates from concrete memory graphs based on the positive-only learning. We show that our framework can efficiently and correctly synthesise SL predicates for structures that were beyond the reach of the state-of-the-art tools, including those featuring non-trivial payload constraints (e.g., binary search trees) and nested recursion (e.g., n-ary trees). We further extend the usability of our approach by a memory graph generator that produces positive heap examples from programs. Finally, we show how our approach facilitates deductive verification and synthesis of correct-by-construction code.",wos,llm,0.970,unreviewed,
discarded,A Stability-Based Abstraction Framework for Reach-Avoid Control of Stochastic Dynamical Systems with Unknown Noise Distributions,"Badings, Thom; Romao, Licio; Abate, Alessandro; Jansen, Nils",2024,"2024 EUROPEAN CONTROL CONFERENCE, ECC 2024",10.23919/ECC64448.2024.10590865,https://www.webofscience.com/wos/woscc/full-record/WOS:001290216500083,adjacent-subtopic,"Finite-state abstractions are widely studied for the automated synthesis of correct-by-construction controllers for stochastic dynamical systems. However, existing abstraction methods often lead to prohibitively large finite-state models. To address this issue, we propose a novel abstraction scheme for stochastic linear systems that exploits the system's stability to obtain significantly smaller abstract models. As a unique feature, we first stabilize the open-loop dynamics using a linear feedback gain. We then use a model-based approach to abstract a known part of the stabilized dynamics while using a data-driven method to account for the stochastic uncertainty. We formalize abstractions as Markov decision processes (MDPs) with intervals of transition probabilities. By stabilizing the dynamics, we can further constrain the control input modeled in the abstraction, which leads to smaller abstract models while retaining the correctness of controllers. Moreover, when the stabilizing feedback controller is aligned with the property of interest, then a good trade-off is achieved between the reduction in the abstraction size and the performance loss. The experiments show that our approach can reduce the size of the graph of abstractions by up to 90% with negligible performance loss.",wos,llm,0.950,unreviewed,
discarded,4C: Custom-and-Correct-by-Construction Controller Synthesis using Multi-modal Human Feedback,"Karagulle, Ruya; Calderon, Marco Antonio Valdez; Ozay, Necmiye",2024,IFAC PAPERSONLINE,10.1016/j.ifacol.2025.01.190,https://www.webofscience.com/wos/woscc/full-record/WOS:001403404200044,adjacent-subtopic,"Autonomous vehicle technology has a critical role in enhancing road safety by reducing human errors. The adoption of such technologies is shown to be dependent on user satisfaction, which is influenced by diverse comfort and performance preferences. This paper addresses the challenge of generating custom and naturalistic autonomous vehicle behaviors to meet individual user expectations while ensuring safety. To achieve this goal, we incorporate multi-modal human feedback with pairwise preferences and driving demonstrations into a control synthesis framework. We write safety specifications and express preferences using Weighted Signal Temporal Logic (WSTL), and we employ the PyTeLo toolbox for controller synthesis. Our approach is validated through synthetic experiments and a pilot, small-sized human subject study, demonstrating the effectiveness of integrating multi-modal human feedback for customizing autonomous vehicle behaviors. Copyright (c) 2024 The Authors.",wos,llm,0.950,unreviewed,
discarded,Program Synthesis Meets Visual What-Comes-Next Puzzles,"Lahiri, Sumit; Kalita, Pankaj Kumar; Chittora, Akshay Kumar; Vankudre, Varun; Roy, Subhajit",2024,"PROCEEDINGS OF 2024 39TH ACM/IEEE INTERNATIONAL CONFERENCE ON AUTOMATED SOFTWARE ENGINEERING, ASE 2024",10.1145/3691620.3695015,https://www.webofscience.com/wos/woscc/full-record/WOS:001353105400034,off-topic-false-hit,"What-Comes-Next (WCN) puzzles challenge us to identify the next figure that ""logically follows"" a provided sequence of figures. WCN puzzles are a favorite of interviewers and examiners-there is hardly any aptitude test that misses WCN puzzles. In this work, we propose to automatically synthesize WCN puzzles. The key insight to our methodology is that generation of WCN problems can be posed as a program synthesis problem. We design a small yet expressive language, PUZZLERLANG, to capture solutions to WCN puzzles. PUZZLERLANG is expressive enough to explain almost all human generated WCN puzzles that we collected, and yet, small enough to allow synthesis in a reasonable time. To ensure that the generated puzzles are appealing to humans, we infer a machine learning model to approximate the appeal factor of given WCN puzzle to humans. We use this model within our puzzle synthesizer as an optimization function to generate highly appealing and correct-by-construction WCN puzzles. We implemented our ideas in a tool, PUZZLEGEN; we found that PUZZLEGEN is fast, clocking an average time of about 3.4s per puzzle. Further, statistical tests over the responses from a user-study supported that the PuzzleGen generated puzzles were indistinguishable from puzzles created by humans.",wos,llm,0.990,unreviewed,
discarded,Building a Correct-by-Construction Type Checker for a Dependently Typed Core Language,"Liesnikov, Bohdan; Cockx, Jesper",2025,"PROGRAMMING LANGUAGES AND SYSTEMS, APLAS 2024",10.1007/978-981-97-8943-6_4,https://www.webofscience.com/wos/woscc/full-record/WOS:001420111900004,adjacent-subtopic,"Dependently typed languages allow us to state a program's expected properties and automatically check that they are satisfied at compile time. Yet the implementations of these languages are themselves just software, so can we really trust them? The goal of this paper is to develop a lightweight technique to improve their trustworthiness by giving a formal specification of the typing rules and intrinsically verifying the type checker with respect to these rules. Concretely, we apply this technique to a subset of Agda's internal language, implemented in Agda. Our development relies on erasure annotations to separate the specification from the runtime of the type checker. We provide guidelines for making design decisions for certified core type checkers and evaluate trade-offs.",wos,llm,0.950,unreviewed,
discarded,SyDPaCC: A Framework for the Development of Verified Scalable Parallel Functional Programs,"Loulergue, Frederic; Ischard, Jordan",2025,"LEVERAGING APPLICATIONS OF FORMAL METHOD, VERIFICATION AND VALIDATION: SPECIFICATION AND VERIFICATION, PT III, ISOLA 2024",10.1007/978-3-031-75380-0_16,https://www.webofscience.com/wos/woscc/full-record/WOS:001419014500016,adjacent-subtopic,"The SyDPaCC framework supports the development of scalable parallel functional programs with COQ and helps the developers to write correct-by-construction programs with respect to specifications written as simple (and possibly very inefficient) functional programs. Parallel programs are built from specifications using verified program transformations offered by SyDPaCC. Leveraging the COQ extraction mechanism, compilable code can be obtained and executed on shared-memory or large scale distributed memory parallel machines. This paper presents the usage of SyDPaCC via an example, explains the internals of SyDPaCC and gives a tour of the program transformations provided by the framework.",wos,llm,0.940,unreviewed,
kept,An Approach to Develop Correct-by-Construction Business Process Models Using a Formal Domain Specific Language,"Hlaoui, Yousra Bendaly; Ayari, Salma",2025,JOURNAL OF SOFTWARE-EVOLUTION AND PROCESS,10.1002/smr.2762,https://www.webofscience.com/wos/woscc/full-record/WOS:001417634800001,adjacent-subtopic,"As the size and the complexity of business process models are an important driver of error probability, it is recommended to split large models into smaller models. Hence, we propose, in this paper, to develop business process models by refinement. A refinement is a transformation of a source model to a target model expressed in the same modeling language. This transformation should preserve the semantics of the source model to provide semantically correct target model. Thus, we propose, in this paper, a domain specific language based on Business Process Model and Notation (BPMN) language for developing by refinement business process models correct-by-construction. Hence, we propose (i) a BPMNR$$ BPM{N}_R $$ formal syntax throughout a context-free grammar GBPMNR$$ {G}_{BPM{N}_R} $$, (ii) axiomatic semantics to ensure the refinement correction when building business process models, (iii) operational semantics in terms of Kripke structure permitting formal verification of provided BPMNR$$ BPM{N}_R $$ models to check their reliability. The Kripke structure supports the verification of behavioral requirements represented by the Computational Tree Logic (CTL) temporal logic and verified by NuSMV model checker. Based on these semantics, we prove the validity of the BPMNR$$ BPM{N}_R $$ compiler that we have developed to assist developers when building their correct BPMNR$$ BPM{N}_R $$ models and to transform these models to NuSMV code to prove their reliability.",wos,llm,0.820,unreviewed,
