status,title,authors,year,venue,doi,url,tags,abstract,provider,decision_source,llm_confidence,llm_review_outcome,llm_change_direction
discarded,Towards a correct by construction design of complex systems: The MBSS approach,"Yvars, Pierre-Alain; Zimmer, Laurent",2022,"32ND CIRP DESIGN CONFERENCE-DESIGN IN A CHANGING WORLD, CIRP DESIGN 2022",10.1016/j.procir.2022.05.248,https://www.webofscience.com/wos/woscc/full-record/WOS:001491640000045,adjacent-subtopic,"We present in this paper the Model Based System Synthesis (MBSS) approach for the design of complex systems that are correct by construction. Where the usual Model Based System Engineering (MBSE) approach offers formalisms and tools to represent a candidate system, to analyze it, to simulate it and even to optimize it, MBSS proposes to represent the global design problem using a problem representation language and then to solve it by using adapted synthesis tools producing one or several solutions necessarily satisfying the expressed requirements. The two approaches are therefore complementary; the MBSS being more adapted to the preliminary design and system integration stages. After presenting the different categories of problems encountered in system design (sizing, configuration, allocation, architecture generation), MBSS and MBSE will be positioned in relation to each other. The main concepts of MBSS will be detailed in order to understand the specific representation needs of the approach. The structural and behavioral notions related to the sub-definite systems will be explained as well as the links to be established with the functional and non-functional requirements. The approach is illustrated using the DEPS design problem specification language and the DEPS Studio modeling and solving tool on a system design case study. The DEPS language combines structural modeling features specific to object-oriented principles and ontology definition capabilities for engineers with problem specification features from constraint programming. DEPS Studio is an integrated modeling and solving environment designed to model and resolve system synthesis problems. It allows the engineer to edit, compile, debug and solve problems expressed in DEPS. It integrates a mixed constraint programming solver. The approach can be applied on physical systems, software intensive or mixed systems (embedded or cyberphysical).",wos,llm,0.950,unreviewed,
discarded,On Monotonicity of Dispute Trees as Explanations for Case-Based Reasoning with Abstract Argumentation,"Paulino-Passos, Guilherme; Toni, Francesca",2022,"ARGUMENTATION FOR EXPLAINABLE AI, ARGXAI-22",,https://www.webofscience.com/wos/woscc/full-record/WOS:001752366100010,off-topic-false-hit,"Recent work on explainability raises the question of what different types of explanations actually mean. One idea is that explanations can reveal information about the behaviour of the model on a subset of the input space. When this way of interpreting explanations is thought as an interactive process, inferences from explanations can be seen as a form of reasoning. In the case of case-based reasoning with abstract argumentation (AA-CBR), previous work has used arbitrated dispute trees as a methodology for explanation. Those are dispute trees where nodes are seen as losing or winning depending on the outcome for the new case under consideration. In this work we show how arbitrated dispute trees can be readapted for different inputs, which allows a broader interpretation of them, capturing more of the input-output behaviour of the model. We show this readaptation is correct by construction, and thus the resulting reasoning based on this reuse is monotonic and thus necessarily a faithful explanation.",wos,llm,0.990,unreviewed,
discarded,Report on the Tenth InternationalWorkshop on Bidirectional Transformations (BX 2022),"He, Xiao; Xia, Li-yao; Zaytsev, Vadim",2022,SOFTWARE TECHNOLOGIES: APPLICATIONS AND FOUNDATIONS WORKSHOPS 2022,,https://www.webofscience.com/wos/woscc/full-record/WOS:001688869000001,adjacent-subtopic,"Bidirectional transformations (BX) are a mechanism for maintaining the consistency between two or more related and heterogeneous sources of information (e.g., relational databases, software models and code, or any other artefacts following standard or domain-specific formats). The strongest argument in favour of BX is its ability to provide a synchronisation mechanism that is guaranteed to be correct by construction. BX has been attracting a wide range of research areas and communities, with prominent presence at top conferences in several different fields (namely databases, programming languages, software engineering, graph transformation). The fast-growing complexity of software- or data-intensive systems forced industry and academia to use and investigate different development techniques to manage many different aspects of the systems. Researchers are actively investigating the use of bidirectional approaches to tackle a diverse set of challenges with various applications including model-driven software development, visualisation with direct manipulation, big data, databases, domain-specific languages, serialisers, data transformation, integration and exchange. BX 2022 is a dedicated venue for BX in all relevant fields and is part of a workshop series that was created in order to promote cross-disciplinary research and awareness in the area.",wos,llm,0.990,unreviewed,
discarded,Reachability based Online Safety Verification for High-Density Urban Air Mobility Trajectory Planning,"Taye, Abenezer G.; Bertram, Joshua R.; Fan, Chuchu; Wei, Peng",2022,AIAA AVIATION 2022 FORUM,,https://www.webofscience.com/wos/woscc/full-record/WOS:001328035905050,adjacent-subtopic,"This paper presents a safe and scalable real-time trajectory planning framework for high-density Urban Air Mobility (UAM). The framework extends our previously developed highly efficient Markov Decision Process (MDP) based trajectory planner by adopting a correct-by-construction approach to verify the safety of planning actions. The trajectory planner works in a decentralized manner that allows each aircraft to generate its safe trajectory by accounting for the reachable sets of nearby aircraft. The proposed safety verification module employs a highly scalable data-driven reachability analysis tool to ensure collision-free trajectory planning. Furthermore, the utilized tool over-approximates the reachable set of each aircraft using a discrepancy function, which it learns online from simulation traces. We finally demonstrate the efficacy of the proposed trajectory planner with simulation experiments of up to 120 aircraft in a UAM setting.",wos,llm,0.980,unreviewed,
discarded,Generation of Spacecraft Operations Procedures Using Deep Reinforcement Learning,"Harris, Andrew; Valade, Trace; Teil, Thibaud; Schaub, Hanspeter",2022,JOURNAL OF SPACECRAFT AND ROCKETS,10.2514/1.A35169,https://www.webofscience.com/wos/woscc/full-record/WOS:000731649300001,adjacent-subtopic,"The high cost of space mission operations has motivated several space agencies to prioritize the development of autonomous spacecraft command and control technologies. Deep reinforcement learning (DRL) techniques present one promising domain for the creation of autonomous agents for complex, multifaceted operations problems. This work examines the feasibility of adapting DRL-driven policy generation algorithms to problems in spacecraft decision-making, including strategies for framing spacecraft decision-making problems such as Markov decision processes, avenues for dimensionality reduction, and simplification using expert domain knowledge, sensitivity to hyperparameters, and robustness in the face of mismodeled environmental dynamics. In addition, consideration is given to ensuring the safety of these approaches by hybridizing them with correct-by-construction control techniques in a novel adaptation of shielded deep reinforcement learning. These strategies are demonstrated against a prototypical low-fidelity stationkeeping scenario and a high-fidelity attitude mode management scenario involving flight heritage attitude control and momentum management algorithms. DRL techniques are found to compare favorably to other black-box optimization tools or heuristic solutions for these problems and to require similar network sizes and training durations as widely used testing datasets in the deep learning community.",wos,llm,0.970,unreviewed,
discarded,Calculating Dependently-Typed Compilers (Functional Pearl),"Pickard, Mitchell; Hutton, Graham",2021,PROCEEDINGS OF THE ACM ON PROGRAMMING LANGUAGES-PACMPL,10.1145/3473587,https://www.webofscience.com/wos/woscc/full-record/WOS:000687133800022,adjacent-subtopic,"Compilers are difficult to write, and difficult to get right. Bahr and Hutton recently developed a new technique for calculating compilers directly from specifications of their correctness, which ensures that the resulting compilers are correct-by-construction. To date, however, this technique has only been applicable to source languages that are untyped. In this article, we show that moving to a dependently-typed setting allows us to naturally support typed source languages, ensure that all compilation components are type-safe, and make the resulting calculations easier to mechanically check using a proof assistant.",wos,llm,0.960,unreviewed,
discarded,Catala: A Programming Language for the Law,"Merigoux, Denis; Chataing, Nicolas; Protzenko, Jonathan",2021,PROCEEDINGS OF THE ACM ON PROGRAMMING LANGUAGES-PACMPL,10.1145/3473582,https://www.webofscience.com/wos/woscc/full-record/WOS:000687133800017,adjacent-subtopic,"Law at large underpins modern society, codifying and governing many aspects of citizens' daily lives. Often-times, law is subject to interpretation, debate and challenges throughout various courts and jurisdictions. But in some other areas, law leaves little room for interpretation, and essentially aims to rigorously describe a computation, a decision procedure or, simply said, an algorithm.

Unfortunately, prose remains a woefully inadequate tool for the job. The lack of formalism leaves room for ambiguities; the structure of legal statutes, with many paragraphs and sub-sections spread across multiple pages, makes it hard to compute the intended outcome of the algorithm underlying a given text; and, as with any other piece of poorly-specified critical software, the use of informal, natural language leaves corner cases unaddressed.

We introduce Catala, a new programming language that we specifically designed to allow a straightforward and systematic translation of statutory law into an executable implementation. Notably, Catala makes it natural and easy to express the general case / exceptions logic that permeates statutory law. Catala aims to bring together lawyers and programmers through a shared medium, which together they can understand, edit and evolve, bridging a gap that too often results in dramatically incorrect implementations of the law. We have implemented a compiler for Catala, and have proven the correctness of its core compilation steps using the F. proof assistant.

We evaluate Catala on several legal texts that are algorithms in disguise, notably section 121 of the US federal income tax and the byzantine French family benefits; in doing so, we uncover a bug in the official implementation of the French benefits. We observe as a consequence of the formalization process that using Catala enables rich interactions between lawyers and programmers, leading to a greater understanding of the original legislative intent, while producing a correct-by-construction executable specification reusable by the greater software ecosystem. Doing so, Catala increases trust in legal institutions, and mitigates the risk of societal damage due to incorrect implementations of the law.",wos,llm,0.950,unreviewed,
discarded,Assured automatic dynamic reconfiguration of business processes,"Nahabedian, L.; Braberman, V; D'Ippolito, N.; Kramer, J.; Uchitel, S.",2022,INFORMATION SYSTEMS,10.1016/j.is.2021.101850,https://www.webofscience.com/wos/woscc/full-record/WOS:000727723200007,adjacent-subtopic,"In order to manage evolving organisational practice and maintain compliance with changes in policies and regulations, businesses must be capable of dynamically reconfiguring their business processes. However, such dynamic reconfiguration is a complex, human-intensive and error prone task. Not only must new business process rules be devised but also, crucially, the transition between the old and new rules must be managed.

In this paper we present a fully automated technique based on formal specifications and discrete event controller synthesis to produce correct-by-construction reconfiguration strategies. These strategies satisfy user-specified transition requirements, be they domain independent - such as delayed and immediate change - or domain specific. To achieve this, we provide a discrete-event control theoretic approach to operationalise declarative business process specifications, and show how this can be extended to resolve reconfiguration problems. In this way, given the old and the new business process rules described as Dynamic Condition Response Graphs, and given the transition requirements described with linear temporal logic, the technique produces a control strategy that guides the organisation through a business process reconfiguration ensuring that all transition requirements and process rules are satisfied. The technique outputs a reconfiguration DCR whose traces reproduce the controller's reconfiguration strategy. We illustrate and validate the approach using realistic cases and examples from the BPM Academic Initiative. (C) 2021 Elsevier Ltd. All rights reserved.",wos,llm,0.970,unreviewed,
discarded,End-to-End Verification of Initial and Transition Properties of GR(1) Designs in SPARK,"Humphrey, Laura R.; Hamil, James; Huguet, Joffrey",2020,"SOFTWARE ENGINEERING AND FORMAL METHODS, SEFM 2020",10.1007/978-3-030-58768-0_4,https://www.webofscience.com/wos/woscc/full-record/WOS:000722446400004,adjacent-subtopic,"Manually designing control logic for reactive systems is time-consuming and error-prone. An alternative is to automatically generate controllers using ""correct-by-construction"" synthesis approaches. Recently, there has been interest in synthesis from Generalized Reactivity(1) or GR(1) specifications, since the required computational complexity is relatively low, and several tools exist for synthesis from GR(1) specifications. However, while these tools implement synthesis approaches that are theoretically ""correct-by-construction,"" errors in tool implementation can still lead to errors in synthesized controllers. We are therefore interested in ""end-to-end"" verification of synthesized controllers with respect to their original GR(1) specifications. Toward this end, we have modified Salty - a tool that produces executable software implementations of controllers from GR(1) specifications in a variety of programming languages - to produce implementations in SPARK. SPARK is both a programming language and associated set of verification tools, so it has the potential to enable the ""end-to-end"" verification we desire. In this paper, we discuss our experience to date using SPARK to implement controllers and verify them against a subset of properties comprising GR(1) specifications, namely system initial and system transition properties. We also discuss lessons learned about how to best encode controllers synthesized from GR(1) specifications in SPARK for verification, examples in which verification found unexpected controller behaviors, and caveats related to the interpretation of GR(1) specifications.",wos,llm,0.980,unreviewed,
discarded,Formal Verification of COLREG-Based Navigation of Maritime Autonomous Systems,"Shokri-Manninen, Fatima; Vain, Juri; Walden, Marina",2020,"SOFTWARE ENGINEERING AND FORMAL METHODS, SEFM 2020",10.1007/978-3-030-58768-0_3,https://www.webofscience.com/wos/woscc/full-record/WOS:000722446400003,adjacent-subtopic,"Along with the very actively progressing field of autonomous ground and aerial vehicles, the advent of autonomous vessels has brought up new research and technological problems originating from the specifics of marine navigation. Autonomous ships are expected to navigate safely and avoid collisions following COLREG navigation rules. Trustworthy navigation of autonomous ships presumes applying provably correct navigation algorithms and control strategies. We introduce the notion of maritime game as a special case of Stochastic Priced Timed Game and model the autonomous navigation using UPPAAL STRATEGO. Furthermore, we use the refinement technique to develop a game model in a correct-by-construction manner. The navigation strategy is verified and optimized to achieve the goal to safely reach the manoeuvre target points at a minimum cost. The approach is illustrated with a case study inspired by COLREG Rule 15.",wos,llm,0.930,unreviewed,
discarded,Supervisory Control of Robot Swarms Using Public Events,"Lopes, Yuri Kaszubowski; Trenkwalder, Stefan M.; Leal, Andre B.; Dodd, Tony J.; Gross, Roderich",2020,2020 IEEE INTERNATIONAL CONFERENCE ON ROBOTICS AND AUTOMATION (ICRA),10.1109/icra40945.2020.9197418,https://www.webofscience.com/wos/woscc/full-record/WOS:000712319504119,adjacent-subtopic,"Supervisory Control Theory (SCT) provides a formal framework for controlling discrete event systems. It has recently been used to generate correct-by-construction controllers for swarm robotics systems. Current SCT frameworks are limited, as they support only (private) events that are observable within the same robot. In this paper, we propose an extended SCT framework that incorporates (public) events that are shared among robots. The extended framework allows to model formally the interactions among the robots. It is evaluated using a case study, where a group of mobile robots need to synchronise their movements in space and time-a requirement that is specified at the formal level. We validate our approach through experiments with groups of e-puck robots.",wos,llm,0.980,unreviewed,
discarded,An Event-B model for dynamically managing cloud resources,"Lahouij, Aida; Hamel, Lazhar; Graiet, Mohamed",2022,INNOVATIONS IN SYSTEMS AND SOFTWARE ENGINEERING,10.1007/s11334-021-00419-1,https://www.webofscience.com/wos/woscc/full-record/WOS:000722106500001,adjacent-subtopic,"One of the most important issues in the Cloud environment is to adapt to increasing or decreasing customer demands. The demand on Cloud services varies depending on user needs. To meet this need, Cloud services must increase/decrease their capacities according to users demands in a restraint time interval. Therefore, Cloud services have to evolve continuously by scaling up/down their capacity to handle new demands. In this paper, we particularly focus on Cloud composite services that are able to deal with complex users demands. In this context, we propose a formal model based on the Event-B method to manage the dynamic reconfiguration of composite services in the Cloud context. It is a correct by construction model for the management of Cloud resources. It enables to respond to the dynamic user's demands by dynamically reconfiguring the required Cloud resources. The proposed model contains four abstraction levels and implements the scaling mechanisms at each abstraction level. The model consistency has been proved thanks to the Event-B dedicated tools.",wos,llm,0.950,unreviewed,
discarded,TEMPEST - Synthesis Tool for Reactive Systems and Shields in Probabilistic Environments,"Pranger, Stefan; Koenighofer, Bettina; Posch, Lukas; Bloem, Roderick",2021,"AUTOMATED TECHNOLOGY FOR VERIFICATION AND ANALYSIS, ATVA 2021",10.1007/978-3-030-88885-5_15,https://www.webofscience.com/wos/woscc/full-record/WOS:000719819800015,adjacent-subtopic,"We present Tempest, a synthesis tool to automatically create correct-by-construction reactive systems and shields from qualitative or quantitative specifications in probabilistic environments. A shield is a special type of reactive system used for run-time enforcement; i.e., a shield enforces a given qualitative or quantitative specification of a running system while interfering with its operation as little as possible. Shields that enforce a qualitative or quantitative specification are called safety-shields or optimal-shields, respectively. Safety-shields can be implemented as pre-shields or as post-shields, optimal-shields are implemented as post-shields. Pre-shields are placed before the system and restrict the choices of the system. Post-shields are implemented after the system and are able to overwrite the system's output. Tempest is based on the probabilistic model checker Storm, adding model checking algorithms for stochastic games with safety and mean-payoff objectives. To the best of our knowledge, Tempest is the only synthesis tool able to solve 21/2-player games with mean-payoff objectives without restrictions on the state space. Furthermore, Tempest adds the functionality to synthesize safe and optimal strategies that implement reactive systems and shields.",wos,llm,0.980,unreviewed,
