status,title,authors,year,venue,doi,url,tags,abstract,provider,decision_source,llm_confidence,llm_review_outcome,llm_change_direction
discarded,A Correct-by-Construction Model for Request-Based Access Control,"Quimatio, Benoit Martin Azanguezet; Tsognone, Fidele; Nkenlifack, Marcellin Julius",2025,"SOFT COMPUTING AND ITS ENGINEERING APPLICATIONS, ICSOFTCOMP 2024, PT I",10.1007/978-3-031-88039-1_4,https://www.webofscience.com/wos/woscc/full-record/WOS:001600396600004,adjacent-subtopic,"Information systems face a persistent threat from internal attacks perpetrated by privileged users. Traditional access control models, often relying on user trust, are inadequate in preventing such breaches. To address this, we propose a novel approach that eliminates the assumption of user trustworthiness. By extending the organizationbased model with a dual control mechanism, we introduce a request approval process as a fundamental security measure. Critical or risky actions require authorization from the user's chain of command, mitigating the risk of unauthorized access and malicious activities. This paper presents a formally verified model of our proposed approach, implemented using the Event-B language and Rodin tools. Finally, we implemented an authorisation system including dual control.",wos,llm,0.950,unreviewed,
kept,Contract Embeddings for Layered Control Architectures,"Naik, Nikhil Vijay; Pinto, Alessandro; Nuzzo, Pierluigi",2025,ACM TRANSACTIONS ON EMBEDDED COMPUTING SYSTEMS,10.1145/3764587,https://www.webofscience.com/wos/woscc/full-record/WOS:001606195500008,supports-claim,"The design of complex cyber-physical system architectures is often hierarchical. System specifications are mapped to an implementation layer via a stepwise refinement process involving multiple intermediate layers. These layers may capture different functionalities, and the orchestration of a variety of heterogeneous techniques suited to each layer may be required to achieve the overall design objectives. Due to their heterogeneity, ensuring traceability and verifiability of such architectures is a challenging problem. In this article, we present a correct-by-construction methodology for designing heterogeneous layered architectures. We capture the specifications at each layer with assume-guarantee contracts, a specification paradigm which can encompass a variety of modeling formalisms. We then use the notion of contract embeddings to define specification refinement, rigorously and traceably mapping specifications across layers modeled with heterogeneous formalisms. We instantiate our methodology on the design of layered control architectures (LCAs), resulting in a novel approach that can verifiably orchestrate domain-specific techniques to satisfy both global planning and local safety requirements. In the context of LCAs, we derive necessary conditions for correct specification refinement and results for compositional realization of control safety specifications. We illustrate our design methodology on a motivating example and a case study derived from robotic mission planning and control.",wos,llm,0.900,unreviewed,
discarded,Correct-by-construction instantiation of abstract scenarios,"Becker, Jan Steffen; Neurohr, Christian",2025,INTERNATIONAL JOURNAL ON SOFTWARE TOOLS FOR TECHNOLOGY TRANSFER,10.1007/s10009-025-00827-9,https://www.webofscience.com/wos/woscc/full-record/WOS:001595619600001,adjacent-subtopic,"In the automotive domain, scenario-based development is the answer to the increasing complexity of highly automated driving functions. Scenario-based methods cluster the large scenario space by so-called abstract scenarios which can be used to sample an infinite number of concrete scenarios. Because abstract scenarios constrain driving maneuvers by excessive use of additional constraints, constraint solving techniques may be required to find concrete scenario instances. In order to guarantee correctness of simulation runs with respect to the abstract scenario, realistic vehicle dynamics need to be considered during the instantiation process. This work proposes an encoding scheme for abstract scenarios into linear constraint systems for the generation of correct-by-construction concrete scenarios. It covers both temporal and spatial aspects of the abstract scenario, as well as simple, but realistic vehicle dynamics. The applicability of the method is shown by demonstrating it on a set of basic driving maneuvers. This paper extends the previous version by presenting further experimental results and giving an overview over practical applications.",wos,llm,0.880,unreviewed,
discarded,Analyzing Fault Behaviors in Multi-Domain Systems with Contract-Based Monitors,"Bruns, Friederike; Rauh, Andreas; Tosoni, Francesco; Fummi, Franco; Mehlhop, Sven; Oppenheimer, Frank",2024,"2024 IEEE 29TH INTERNATIONAL CONFERENCE ON EMERGING TECHNOLOGIES AND FACTORY AUTOMATION, ETFA 2024",10.1109/ETFA61755.2024.10710990,https://www.webofscience.com/wos/woscc/full-record/WOS:001535140200210,adjacent-subtopic,"Industrial control systems need to be highly reliable and precise at all times to ensure operational efficiency and prevent costly downtime. Early fault detection is crucial and is partially realized by runtime monitoring components. A correct-by-construction approach based on contract specifications allows early intervention in case of potential faults. In this paper, we suggest to combine the time-sensitive behavioral contracts with a multi-domain system model specifically designed for fault injection to improve the model as well as the contract specification at design time. This allows for early detection of potential faults and a more reliable system specification based on the analyzed behavior. We successfully realized a co-simulation environment comprising a fault-injection tool and contract-based monitors. We discussed the proposed approach using the example of a DC motor highlighting the benefits and potential enhancements of this systematic methodology.",wos,llm,0.950,unreviewed,
kept,Generating Simulink Models from Hybridised Event-B Models,"Singh, Neeraj Kumar; Dupont, Guillaume; Ameur, Yamine Ait; Pantel, Marc",2025,"SOFTWARE FAULT PREVENTION, VERIFICATION, AND VALIDATION, SFPVV 2024",10.1007/978-981-96-1621-3_13,https://www.webofscience.com/wos/woscc/full-record/WOS:001547184200013,adjacent-subtopic,"Verifying hybrid system designs is complex due to the integration of discrete and continuous features, requiring formal verification, simulation, and testing. This paper presents a strategy for generating Simulink models from verified hybridised Event-B models, which use a correct-by-construction approach to progressively build both types of behaviours. A key challenge in simulating these models is synchronising the discrete and continuous elements. Our objective is to translate hybridised Event-B models into Simulink, with Stateflow representing the discrete components and MATLAB function blocks for the continuous ones. We illustrate this process through a water tank case study, demonstrating formal modelling, verification, and subsequent simulation of the generated Simulink model.",wos,llm,0.840,unreviewed,
discarded,Mechanized Semantics for Correctness of the RS274 Additive Manufacturing Command Language,"Tekriwal, Mohit; Sottile, Matthew",2025,"NASA FORMAL METHODS, NFM 2025",10.1007/978-3-031-93706-4_20,https://www.webofscience.com/wos/woscc/full-record/WOS:001548537000020,adjacent-subtopic,"The RS-274/NGC standard provides an informal description of the command language implemented by computerized manufacturing devices like 3D printers and CNC machines. This language (RS-274/NGC) is often referred to as ""G-code"". Although it was initially defined for conventional or subtractive manufacturing, a subset of the G-code commands have been adopted for additive manufacturing (AM) programs. Given the increasing importance of AM processes in manufacturing of critical components in system for transportation, medical, and other applications, verification of G-code programs is one approach to establish that these components meet their requirements.

This paper describes a verified interpreter for the RS-274/NGC language. This verified interpreter provides a mechanized semantics for the command language, the state of the manufacturing device controller, a model of the physical state, and a correct by construction interpreter step function that evolves these states based on program commands. We also define verification condition checkers that the interpreter implements to check that a G-code program meets domain-specific correctness criteria related to its intended outcome. Our formalization is performed in Why3 and Rocq, and we use program extraction to OCaml to obtain an executable, verified interpreter. We also discuss our experiences with the initial subset of RS-274/NGC that we implemented and future directions to expand the breadth of RS-274/NGC that we can interpret along with more sophisticated domain-specific verification conditions.",wos,llm,0.830,unreviewed,
kept,On-the-Fly Proof-Based Verification of Reachability in Autonomous Vehicle Controllers Relying on Goal-Aware RSS,"Riviere, Peter; Kobayashi, Tsutomu; Singh, Neeraj Kumar; Ishikawa, Fuyuki; Ameur, Yamine Ait; Dupont, Guillaume",2024,"FORMAL METHODS AND SOFTWARE ENGINEERING, ICFEM 2024",10.1007/978-981-96-0617-7_18,https://www.webofscience.com/wos/woscc/full-record/WOS:001540703400018,adjacent-subtopic,"Autonomous vehicles (AVs) are expected to satisfy not only safety, but they also shall achieve specific goals, e.g., stopping at a particular location on a shoulder lane of a highway for an emergency evacuation while avoiding collisions. The Goal-Aware Responsibility-Sensitive Safety (GA-RSS) framework was proposed to derive control strategies guaranteed to satisfy safety and goal achievement. This framework extends RSS rules, originally designed for safety in basic traffic situations, with a program logic allowing to reason on goal achievements in complex situations. In [11], the Event-B proof-based formal method was used to design a correct-by-construction model of the whole AV controller with a safety architecture and control strategies derived with the GARSS framework. This work is extended to handle liveness properties, which are extensively used to model complex goals and achieving them employing the EB4EB reflexive meta-modelling framework. As a result, relying on the EB4EB meta-model, an on-the-fly verification of temporal properties such as deadlock-freeness and goal reachability has been formalised and performed for advanced reasoning. Furthermore, the case study demonstrates additional strengths of the EB4EB meta-modelling approach, such as improvement of modelling and proof understandability and reusability.",wos,llm,0.800,unreviewed,
discarded,"System-Level Design, Modeling, and Verification of GALS Cyber-Physical Systems","Zhang, Weiyi; Salcic, Zoran; Malik, Avinash",2025,IEEE OPEN JOURNAL OF THE INDUSTRIAL ELECTRONICS SOCIETY,10.1109/OJIES.2025.3591389,https://www.webofscience.com/wos/woscc/full-record/WOS:001547551300003,adjacent-subtopic,"Cyber-physical systems (CPSs) are of great significance to industrial automation due to their proficiency in managing complex tasks. Concurrency and heterogeneity, which are fundamental characteristics of CPS, pose significant challenges related to complexities in design, system architecture, timing behavior, semantics, and cyber-physical interdependencies. We propose a system-level approach that leverages the globally asynchronous locally synchronous (GALS) model of computation to offer a structured and correct-by-construction methodology. The research also features a unified colored Petri nets (CPNs)-based modeling framework that bridges cyber and physical domains and enables holistic system verification. The approach comprises three stages: 1) design using SystemGALS for cyber-domain control and data flow, alongside Simulink for physical process modeling; 2) integration of CPN derived from SystemGALS and Simulink for unified representation; 3) formal analysis on the CPN model. In this article, we elaborate on each step of the system-level approach and provide an industrial automation use case for illustration.",wos,llm,0.860,unreviewed,
discarded,Pioneering Pathways: The Evolution of Embedded Software Design Methodologies (Keynote),"Ha, Soonhoi",2025,"PROCEEDINGS OF THE 26TH ACM SIGPLAN/SIGBED INTERNATIONAL CONFERENCE ON LANGUAGES, COMPILERS, AND TOOLS FOR EMBEDDED SYSTEMS, LCTES 2025",10.1145/3735452.3742870,https://www.webofscience.com/wos/woscc/full-record/WOS:001525516600001,adjacent-subtopic,"Embedded software design is growing ever more challenging as increasing user demands drive up the complexity of underlying hardware. Designers must consider real-time performance and resource constraints alongside functional requirements. Since software bugs can result in critical failures, it is essential to ensure design correctness at compile time. In this keynote, I present the evolution of embedded software design methodologies developed to address these challenges. The journey begins with the Ptolemy framework, which specifies system behavior through a hierarchical combination of formal models of computation, including synchronous dataflow (SDF) and finite state machine (FSM) models. Building upon Ptolemy, the PeaCE methodology extends these principles to hardware/software codesign, focusing on efficient software code generation from an extended SDF model. PeaCE further refines the approach by constraining the combination of formal models within a two-level hierarchical task graph. While this methodology enables embedded software generation for specific hardware platforms, its low task granularity limits its broader applicability. The next generation methodology, HOPES is a parallel embedded SW design framework, introducing a novel ""programming platform"" concept called the universal execution model(UEM), that hides the underlying system architecture from the programmer. UEM employs specification models similar to those in PeaCE but increases task granularity, using dataflow tasks as the scheduling units of the operating system. Formal models offer several advantages for software design. First, critical design errors such as deadlock and buffer overflow can be detected through static analysis of these models. Second, resource requirements and real-time performance can be estimated at compile time. Finally, target code can be automatically synthesized from UEM, significantly reducing manual coding effort. By preserving UEM semantics, the synthesized code is correct by construction. A notable drawback of formal models is the learning curve required to understand their semantics. To simplify behavior specification for users, we propose an evolutionary design methodology in which the mission of multiple robots is specified at the service level. In the HiSARM framework, a service-level script is translated into a UEM specification from which SW code is automatically generated by the HOPES framework. While these design frameworks show great promise in academic settings, their adoption in real-world embedded software design remains a critical next step. Looking forward, we anticipate further evolution by integrating AI technology into each design stage. The pursuit of better and easier ways to design embedded software will continue to drive innovation, presenting exciting new research challenges for the future.",wos,llm,0.730,unreviewed,
discarded,DEScMaker: A tool for automated code generation for discrete event systems controllers,"Possato, Tiago; Valentini, Joao H.; Southier, Luiz F. P.; Barbosa, Marco A. C.; Teixeira, Marcelo",2026,SCIENCE OF COMPUTER PROGRAMMING,10.1016/j.scico.2025.103350,https://www.webofscience.com/wos/woscc/full-record/WOS:001530462200001,adjacent-subtopic,"The Supervisory Control Theory (SCT) is a formal approach that allows computing correct-by-construction controllers for Discrete Event Systems (DESs), having Finite State Machines (FSMs) as its basic building block. Usually, tools that implement SCT operations over FSMs have resources for the design, processing, simulation, synthesis, and verification, but not for implementation, including code generation resources. Without them, designers still must manually code the control solution, shedding the practical appeal of SCT. This paper claims that SCT can more smoothly meet automated implementation via the proposed DEScMaker tool. It receives an FSM representing the output of the SCT synthesis and converts it into C or Python code that preserves the idea of event controllability, maximum permissiveness within a set of specifications, and nonblockingness. The tool handles both centralized and modular architectures, and its output is a generic implementation structured in layers, with supervisors, an event handler, and the interface between software and hardware, which requires minimal effort to be customized for each target platform. Examples illustrate the approach and allow for quantifying its gains compared with empirical programming.",wos,llm,0.840,unreviewed,
discarded,Heterogeneous System Modeling using Timed- and Untimed-based Models of Computation: A Case Study for Avionics Systems Domain,"Duarte, Gabriel C.; Loubach, Denis S.",2024,"2024 AIAA DATC/IEEE 43RD DIGITAL AVIONICS SYSTEMS CONFERENCE, DASC",10.1109/DASC62030.2024.10749534,https://www.webofscience.com/wos/woscc/full-record/WOS:001453360400203,adjacent-subtopic,"The main characteristic of avionics systems that makes it a unique application of embedded systems (or cyber-physical system - CPS) is its extremely safety-critical nature. By itself, this makes the design of such a system to be challenging. With the addition of new trends such as artificial intelligence (AI), the use of multicore processors, reconfigurable computing and many others, designing avionics systems is becoming even more complex. These trends allow new capabilities, but we also need to provide confidence to maintain the safety and security of avionics systems. One possible approach is a CPS design using formal models of computation (MoCs), such as the synchronous (SY) and synchronous dataflow (SDF). MoCs are mathematical rules that dictate how software or hardware computations are executed. With that approach, one can design a system at a high-level of abstraction and achieve a correct-by-construction implementation. Avionics systems are safety-critical due to their hard real-time requirements. That would require the designers to model avionics using a timed MoC, such as the SY. On the other hand, runtime reconfiguration can be modeled at a higher level of abstraction using MoCs that are based on the SDF, such as the scenario-aware dataflow (SADF). Therefore, that scenario requires a heterogeneous modeling mixing both timed and untimed MoCs, which is a gap we target in this paper. Here, we introduce the interfaces for communication between the SY and SDF MoCs in a functional programming paradigm framework, allowing heterogeneous system modeling mixing timed and untimed MoCs at a high-level of abstraction.",wos,llm,0.820,unreviewed,
discarded,Towards democratisation of veterinary clinical protocols: Transferring their development from technical-coding experts to veterinary professionals for the case of Chronic Kidney Disease for Cats (CKD4Cats Domain-Specific Language),"Meacham, Sofia; Alfraihi, Hessa",2025,JOURNAL OF COMPUTER LANGUAGES,10.1016/j.cola.2025.101328,https://www.webofscience.com/wos/woscc/full-record/WOS:001503546500001,off-topic-false-hit,"This paper presents CKD4Cats, a domain-specific language (DSL) for computerised Chronic Kidney Disease (CKD) clinical protocols in cats - a very common disease in veterinary practice. Building on DSLs used in human health, CKD4Cats addresses veterinary-specific needs while addressing their shortcomings. Developed with JetBrains' Meta-Programming System (MPS) and veterinary input, the DSL ensures ease of use and adoption. It employs advanced evaluation methods, creating a projectional editor that streamlines protocol creation, displays relevant options, and guarantees ""correct-by-construction"" clinical protocols. This innovative approach democratises software development, making advanced tools accessible to non-technical users and significantly improving veterinary practice management.",wos,llm,0.970,unreviewed,
