status,title,authors,year,venue,doi,url,tags,abstract,provider,decision_source,llm_confidence,llm_review_outcome,llm_change_direction
kept,Aspects for synthesizing applications by refinement,"Lesaint, D; Papamargaritis, G",2004,"SOFTWARE REUSE: METHODS, TECHNIQUES, AND TOOLS: PROCEEDINGS",,https://www.webofscience.com/wos/woscc/full-record/WOS:000222635800010,supports-claim,"GenVoca is a powerful model for component-based product-line architectures (PLAs) advocating stepwise refinement as a composition principle. This paper introduces a refinement-oriented generative language - ReGaL - to implement statically configurable GenVoca PLAs. Whereas components are programmed in Java, refinements are programmed in ReGaL by the means of generic aspects. Applications are themselves specified in ReGaL as type equations. ReGaL compiles type equations by instantiating and weaving refinement aspects with components to synthesize the requested (Java) application. As opposed to template-based generative implementations, ReGaL promotes a clean separation of components and refinements, hence eliminating code tangling and related issues. It also defers the choice of component class composition structures until configuration time, which provides added flexibility to adapt applications. Besides, its architecture model enforces a clear role-based design of components and supports useful architectural patterns.",wos,llm,0.900,unreviewed,
kept,Fault tolerance in a layered architecture: A general specification pattern in B,"Laibinis, L; Troubitsyna, E",2004,PROCEEDINGS OF THE SECOND INTERNATIONAL CONFERENCE ON SOFTWARE ENGINEERING AND FORMAL METHODS,,https://www.webofscience.com/wos/woscc/full-record/WOS:000224600300036,supports-claim,"Dependable control systems are usually complex and prone to errors of various natures. Such systems are often built in a modular and layered fashion. To guarantee system dependability, we need to develop software that is not only fault-free but also is able to cope with faults of other system components. In this paper we propose a general formal specification pattern that can be recursively applied to specify fault tolerance mechanisms at each architectural layer. Iterative application of this pattern via stepwise refinement in the B method results in development of a layered fault tolerant system correct by construction. We demonstrate the proposed approach by an excerpt from a realistic case study - development of liquid handling workstation Fillwell(TM).",wos,llm,0.920,unreviewed,
kept,Co-design and refinement for safety critical systems,"Aljer, A; Devienne, P",2004,"19TH IEEE INTERNATIONAL SYMPOSIUM ON DEFECT AND FAULT TOLERANCE IN VLSI SYSTEMS, PROCEEDINGS",,https://www.webofscience.com/wos/woscc/full-record/WOS:000225098200009,supports-claim,"In this paper we focus on design entry of complex systems, that is, the highest abstract tier of the global system without implementation choices to such and such technologies. At this very first level, the use of a formal specification language is more and more considered as the foundation of real validation process. What we would like to emphasize is that from a formal design entry, project management can be formally controlled by formal refinement. We propose an architecture that is based upon stepwise refinement of a formal model to achieve controllable implementations. This leads to implementations that are highly effective, but remain formally related to the first formal specification. Partitioning, fault tolerance, system management are seen as particular cases of refinement in order to conceptualize systems correct by proven construction. In this paper, we present the basic principles of system methodologies and describe the methodology based on the refinement paradigm. In order to prove this approach, we have developed the B-HDL Tool based on VHDL (digital circuits) and B Method (formal language based on set theory and logic). The benefits of such tools would be an amazing productivity gain, a better reuse automation and a formal redundancy management.",wos,llm,0.900,unreviewed,
kept,Modular formal analysis of the central guardian in the time-triggered architecture,"Pfeifer, H; von Henke, FW",2004,"COMPUTER SAFETY, RELIABILITY, AND SECURITY, PROCEEDINGS",,https://www.webofscience.com/wos/woscc/full-record/WOS:000224087700021,supports-claim,"We present a modular formal analysis of the communication properties of the Time-Triggered Protocol TTP/C based on the guardian approach. The guardian is an independent component that employs static knowledge about the system to transform arbitrary node failures into failure modes that are covered by the rather optimistic fault hypothesis of TTP/C. Through a hierarchy of formal models, we give a precise description of the arguments that support the desired correctness properties of TTP/C. First, requirements for correct communication are expressed on an abstract level. By stepwise refinement we show that the abstract requirements are met under the optimistic fault hypothesis, and how the guardian model allows a broader class of failures be tolerated.",wos,llm,0.880,unreviewed,
discarded,Interpretable and Verifiable Hardware Generation with LLM-Driven Stepwise Refinement.,You Li; Samuel Mandell; David Z. Pan,2026,CoRR,10.48550/ARXIV.2606.19387,https://dblp.org/rec/journals/corr/abs-2606-19387,adjacent-subtopic,"Large language models (LLMs) have achieved remarkable success in software development. However, they are susceptible to hallucinations, meaning that they can introduce subtle semantic and logical errors. Due to the high stakes in chip design and manufacturing, hardware engineers are still reluctant to rely on LLMs for register-transfer level (RTL) generation. In this paper, we propose a hardware generation framework that combines the creativity and broad knowledge of LLMs with the explainability and mathematical rigor of formal methods. Specifically, we devise a set of transformation rules that cover various design decisions and hardware features. By iteratively applying these rules, an LLM agent can convert a design specification into an RTL program with guaranteed correctness. Experimental results demonstrate the effectiveness and efficiency of the framework.",dblp,llm,0.780,unreviewed,
discarded,An Ontology-Aware Model-Driven Approach for Service-Oriented Application Development: A Stepwise Refinement Manner.,Abdolghader Pourali; Maryam Nooraei Abadeh,2025,Int. J. Inf. Technol. Decis. Mak.,10.1142/S0219622024500123,https://dblp.org/rec/journals/ijitdm/PouraliA25,adjacent-subtopic,"Ontologies are attracting increasing attention in software engineering research due to their ability to precisely model the semantic aspects of systems. Enriching software system models using ontology principles, especially in the process of developing interactive systems like Service-Oriented Architecture (SOA), can lead to the automated production of high-quality codes. Additionally, ontology-aware specification of the service from the abstract to the concrete level leads to early precise extraction of the service required by the users. This paper introduces a model-driven ontology-aware service development process to reduce the burden of code generation. This integrated approach utilizes a stepwise refinement methodology facilitated by a novel refinement algorithm to automate SOA development. The effectiveness of the approach is evaluated using three proposed parameters which examine the characteristics of the refined model in each refining step through some practical SOA case studies. Finally, we calculate the recall, precision, F-measure, accuracy, and also time analysis of discovered querying services for various scenarios in AWS and Netflix before and after applying ontology. The results show an average of 17% improvement in these metrics after applying ontology.",dblp,llm,0.780,unreviewed,
discarded,Stepwise Perplexity-Guided Refinement for Efficient Chain-of-Thought Reasoning in Large Language Models.,Yingqian Cui; Pengfei He; Jingying Zeng; Hui Liu 0003; Xianfeng Tang; Zhenwei Dai; Yan Han 0001; Chen Luo 0003; Jing Huang; Zhen Li; Suhang Wang; Yue Xing 0002; Jiliang Tang; Qi He 0002,2025,ACL,10.18653/V1/2025.FINDINGS-ACL.956,https://dblp.org/rec/conf/acl/CuiHZLTD00HLW0T25,off-topic-false-hit,,dblp,llm,0.990,unreviewed,
discarded,A Stepwise Refinement Proof that SCL(FOL) Simulates Ground Ordered Resolution.,Martin Bromberger; Martin Desharnais; Christoph Weidenbach,2025,CADE,10.1007/978-3-031-99984-0_17,https://dblp.org/rec/conf/cade/BrombergerDW25,adjacent-subtopic,,dblp,llm,0.760,unreviewed,
discarded,Security of the Lightning Network: Model Checking a Stepwise Refinement with TLA+.,Matthias Grundmann 0001; Hannes Hartenstein,2025,iFM,10.1007/978-3-032-10794-7_16,https://dblp.org/rec/conf/ifm/GrundmannH25,adjacent-subtopic,"Payment channel networks such as the Lightning Network are an approach to improve the scalability of blockchain-based cryptocurrencies. The complexity of Lightning, the Lightning Network's protocol, makes it hard to assess whether the protocol is secure. To enable computer-aided security verification of Lightning, we formalize the protocol in TLA(+) and formally specify the security property that honest users are guaranteed to retrieve their correct balance. Model checking provides a fully automated verification of the security property, however, the state space of the protocols specification is so large that model checking is unfeasible. We make model checking of Lightning possible using two refinement steps that we verify using proofs. In a first step, we abstract the model of time and in a second step we use compositional reasoning to separately model check a single payment channel and multi-hop payments. These refinements reduce the state space sufficiently to allow for model checking Lightning with small finite models. Our results indicate that the current specification of Lightning is secure.",dblp,llm,0.820,unreviewed,
discarded,SR-Eval: Evaluating LLMs on Code Generation under Stepwise Requirement Refinement.,Zexun Zhan; Shuzheng Gao; Ruida Hu; Cuiyun Gao 0001,2025,CoRR,10.48550/ARXIV.2509.18808,https://dblp.org/rec/journals/corr/abs-2509-18808,off-topic-false-hit,"Large language models (LLMs) have achieved remarkable progress in code generation. However, existing benchmarks mainly formalize the task as a static, single-turn problem, overlooking the stepwise requirement changes and iterative workflows in real-world software development. This mismatch limits the understanding of how well LLMs can support real-world development workflows. Constructing such iterative benchmarks is challenging due to the lack of public interaction traces and the difficulty of creating discriminative, turn-specific test cases. To bridge this gap, we present SR-Eval, a benchmark specifically designed to assess LLMs on iterative code generation under Stepwise requirements Refinement. SR-Eval spans both function-level and repository-level tasks in Python and Java, enabling fine-grained and progressive evaluation across evolving requirements. The construction of SR-Eval follows a carefully designed pipeline that first leverages a multi-agent-based requirement generation method to simulate the development process and recover the multi-round interaction process from final requirements, then employs a semantic-aware discriminative test case generation component to ensure discriminative and consistent evaluation at each turn. SR-Eval comprises 443 multi-turn tasks and 1,857 questions at both function and repository levels. Using SR-Eval, we evaluate 11 representative LLMs with three prompting strategies that simulate different usage patterns. Results show that iterative code generation under stepwise requirement refinement remains highly challenging: the best-performing model achieves only 22.67% completion rate on function-level tasks and 20.00% on repository-level tasks. We further observe that prompting strategies substantially influence performance, highlighting the need for the development of advanced methods.",dblp,llm,0.970,unreviewed,
discarded,Salient Object Detection With Dual-Branch Stepwise Feature Fusion and Edge Refinement.,Xiaogang Song 0001; Fuqiang Guo; Lei Zhang 0081; Xiaofeng Lu; Xinhong Hei 0001,2024,IEEE Trans. Circuits Syst. Video Technol.,10.1109/TCSVT.2023.3312859,https://dblp.org/rec/journals/tcsv/SongGZLH24,off-topic-false-hit,"In recent years, Transformers have been gradually applied in salient object detection tasks with good results. However, the Transformer’s global modeling capabilities can lead to the loss of local details that are important in salient object detection tasks. A feature extraction backbone based on a convolutional neural network (CNN) is good at extracting local detail features due to the gradual expansion of the receptive field but is limited by the size of the receptive field, resulting in an insufficient ability to extract global semantic features. Therefore, this paper combines the Transformer with a CNN and presents a dual-branch encoder to ensure that the features extracted contain rich global semantic information as well as local detail features. In addition, due to the different features extracted by the Transformer and CNN, noise may be introduced in the fusion of the two features, so different features need to be processed correspondingly during fusion. The fusion enhancement module (FEM) we propose fuses the features of the two branches step by step. A hybrid attention mechanism is used to carry out weighted fusion of different features. This progressive approach minimizes the differences between the features of the two branches so that the merged features retain the semantic and detail features extracted by the two branches to the greatest extent. Considering the loss of detailed information caused by repeated downsampling, we propose an edge refinement module (ERM) to address the need for accurate outline prediction. This module leverages salient features to obtain edge features and gradually refines the prediction results by incorporating these edge features. It makes full use of the connection between salient features and edge features and does not introduce additional edges to extract branches. Extensive experimental evaluations conducted on five benchmark tests demonstrate the superior performance of our method compared to other existing approaches. Code can be found at https://github.com/gfq1605694825/DSRNet-main.",dblp,llm,0.990,unreviewed,
discarded,Prompt Chaining or Stepwise Prompt? Refinement in Text Summarization.,Shichao Sun; Ruifeng Yuan; Ziqiang Cao; Wenjie Li 0002; Pengfei Liu 0003,2024,ACL,10.18653/V1/2024.FINDINGS-ACL.449,https://dblp.org/rec/conf/acl/SunYCL024,off-topic-false-hit,,dblp,llm,0.980,unreviewed,
discarded,Rotation Initialization and Stepwise Refinement for Universal LiDAR Calibration.,Yifan Duan; Xinran Zhang; Guoliang You; Yilong Wu; Xingchen Li; Yao Li 0016; Xiaomeng Chu; Jie Peng 0002; Yu Zhang 0086; Jianmin Ji; Yanyong Zhang,2024,CoRR,10.48550/ARXIV.2405.05589,https://dblp.org/rec/journals/corr/abs-2405-05589,off-topic-false-hit,"Autonomous systems often employ multiple LiDARs to leverage the integrated advantages, enhancing perception and robustness. The most critical prerequisite under this setting is the estimating the extrinsic between each LiDAR, i.e., calibration. Despite the exciting progress in multi-LiDAR calibration efforts, a universal, sensor-agnostic calibration method remains elusive. According to the coarse-to-fine framework, we first design a spherical descriptor TERRA for 3-DoF rotation initialization with no prior knowledge. To further optimize, we present JEEP for the joint estimation of extrinsic and pose, integrating geometric and motion information to overcome factors affecting the point cloud registration. Finally, the LiDAR poses optimized by the hierarchical optimization module are input to time synchronization module to produce the ultimate calibration results, including the time offset. To verify the effectiveness, we conduct extensive experiments on eight datasets, where 16 diverse types of LiDARs in total and dozens of calibration tasks are tested. In the challenging tasks, the calibration errors can still be controlled within 5cm and 1{\deg} with a high success rate.",dblp,llm,0.990,unreviewed,
discarded,MPDNet: An underwater image deblurring framework with stepwise feature refinement module.,Guangjie Han; Min Wang; Hongbo Zhu 0003; Chuan Lin 0001,2023,Eng. Appl. Artif. Intell.,10.1016/J.ENGAPPAI.2023.106822,https://dblp.org/rec/journals/eaai/HanWZL23,off-topic-false-hit,"In this study, a general network model called multi-progressive image deblurring network is proposed to correct blurring artifacts and local imaging details in underwater images. As a solution to nonuniform image distortion, a deformable convolution module was designed to enrich the encoded information of the image representation. Using a stepwise feature refinement module, multi-progressive image deblurring network can reduce the loss of contextual information to produce a more realistic underwater image for subsequent applications. Constructing a loss function based on multi-scale content can help the model improve image perception quality. We conducted experimental evaluations on large-scale image deblurring benchmark datasets, such as GoPro and HIDE, achieving excellent results with 32.84 dB and 31.03 dB peak signal-to-noise ratio, respectively, using the proposed method. Subsequently, a detailed optimization comparison was conducted on the in-house underwater image deblurring dataset. Multi-progressive image deblurring network obtained higher-quality, clearer images. Compared with the current state-of-the-art image deblurring algorithms, the proposed model achieved significant results with a 6.6% increase in deblur performance in peak signal-to-noise ratio. Finally, we conducted ablation experiments to evaluate the effectiveness of all the modules in the proposed framework.",dblp,llm,0.990,unreviewed,
discarded,Robust Stepwise Correspondence Refinement for Low-Altitude Remote Sensing Image Registration.,Xiaoying Gong; Yuyan Liu; Yang Yang 0032,2021,IEEE Geosci. Remote. Sens. Lett.,10.1109/LGRS.2020.3008446,https://dblp.org/rec/journals/lgrs/GongLY21,off-topic-false-hit,"Low-altitude aerial photography using small unmanned aerial vehicles (UAVs) often exists image viewpoint changes as human, nature, and equipment factors. The various viewpoint changes bring a series of problems to the subsequent applications of low-altitude remote sensing images. In this letter, a robust neighborhood structure-invariant descriptor is proposed to solve the scaling, rotation, deformation, and their mixture problems existing in the images. To estimate a robust correspondence under severe mismatches, a dynamic strategy is designed. Using the designed descriptor, a classifier is trained to distinguish between true matches and mismatches. Our method compares with six state-of-the-art methods on 55 small UAV images and performs a feature-invariant capability in horizontal/vertical rotation, scaling, mixture, and extreme situations, and gives the best performance in feature matching and image registration.",dblp,llm,0.990,unreviewed,
kept,Correct by Construction Networks Using Stepwise Refinement.,Leonid Ryzhyk; Nikolaj S. Bjørner; Marco Canini; Jean-Baptiste Jeannin; Cole Schlesinger; Douglas B. Terry; George Varghese,2017,NSDI,,https://dblp.org/rec/conf/nsdi/RyzhykBCJSTV17,supports-claim,,dblp,llm,0.860,unreviewed,
kept,A stepwise refinement-based development of self-organising multi-agent systems: application to the foraging ants.,Zeineb Graja; Frédéric Migeon; Christine Maurel; Marie-Pierre Gleizes; Ahmed Hadj Kacem,2016,Int. J. Agent Oriented Softw. Eng.,10.1504/IJAOSE.2016.10001862,https://dblp.org/rec/journals/ijaose/GrajaMMGK16,supports-claim,,dblp,llm,0.820,unreviewed,
kept,Fuzzy Labeled Transition Refinement Tree: Application to Stepwise Designing Multi Agent Systems.,Sofia Kouah; Djamel-Eddine Saïdouni,2014,Int. J. Agent Technol. Syst.,10.4018/IJATS.2014070101,https://dblp.org/rec/journals/ijats/KouahS14,supports-claim,,dblp,llm,0.800,unreviewed,
kept,Stepwise Refinement of Data Flow Architectures.,Jan Philipps; Bernhard Rumpe,2014,CoRR,,https://dblp.org/rec/journals/corr/PhilippsR14a,supports-claim,,dblp,llm,0.880,unreviewed,
discarded,The Stepwise Response Refinement Screener (SRRS) and its Applications to Analysis of Factorial Experiments.,Frederick Kin Hing Phoa,2012,ICPRAM,,https://dblp.org/rec/conf/icpram/Phoa12,off-topic-false-hit,,dblp,llm,0.990,unreviewed,
discarded,Generating Benchmarks by Random Stepwise Refinement of Petri Nets.,Kees M. van Hee; Zheng Liu,2010,ACSD/Petri Nets Workshops,,https://dblp.org/rec/conf/acsd/HeeL10,adjacent-subtopic,,dblp,llm,0.780,unreviewed,
kept,A Mixed Level Simulation Environment for Stepwise RTOS Software Refinement.,Markus Becker 0001; Henning Zabel; Wolfgang Müller 0003,2010,DIPES/BICC,10.1007/978-3-642-15234-4_15,https://dblp.org/rec/conf/ifip10-3/BeckerZ010,supports-claim,,dblp,llm,0.830,unreviewed,
