status,title,authors,year,venue,doi,url,tags,abstract,provider,decision_source,llm_confidence,llm_review_outcome,llm_change_direction
discarded,A two-dimensional framework for building-level heat risk assessment: Refining vulnerability identification and advancing equity,"Luo, Wensen; Shi, Qian; Xiao, Chao; Wang, Julian; Ge, Ke; Chen, Xin",2026,INTERNATIONAL JOURNAL OF DISASTER RISK REDUCTION,10.1016/j.ijdrr.2026.106341,https://www.webofscience.com/wos/woscc/full-record/WOS:001840137000001,off-topic-false-hit,"Among extreme weather events, heatwaves consistently account for the highest number of fatalities. While heat risk assessment tools have proliferated, most existing studies rely on coarse spatial data which obscures the identification of high-risk households and hampers equityinformed interventions. To bridge these gaps, this study develops a novel two-dimensional, building-level heat risk assessment framework. It introduces two composite indicators, indoor thermal exposure and accessibility to cooling centers, representing heat exposure and infrastructural adaptation. These indicators are jointly evaluated using comprehensive data, including meteorological records, urban morphology, building typologies, and the spatial distribution of cooling centers. This approach mitigates common collinearity issues and enables high-resolution vulnerability mapping. Applied to 214,681 residential buildings in Phoenix, Arizona, the framework reveals pronounced spatial disparities: central neighborhoods generally have better access to cooling centers but poor thermal performance, while peripheral areas show the opposite. Through the classification of four distinct risk profiles, the analysis reveals that only a minority of buildings simultaneously exhibit high thermal resilience and high accessibility to cooling centers. To address this disparity, we propose targeted interventions tailored to each profile, ranging from retrofitting subsidies or optimized resource reallocation. This granular intelligence uncovers critical mismatches between physical need and resource provision often missed by aggregate proxies. Ultimately, the framework serves as a scalable diagnostic tool that establishes an empirical foundation for distributive equity, while offering a structured design pathway to enable future procedural justice applications, including participatory threshold calibration, to support targeted and inclusive urban heat adaptation strategies.",wos,llm,0.990,unreviewed,
discarded,Sarcomatoid renal cell carcinoma masquerading as xanthogranulomatous pyelonephritis: a case report,"Hua, Chenzhao; Li, Tingting; Li, Xianqiao; Duan, Shuhua",2026,FRONTIERS IN ONCOLOGY,10.3389/fonc.2026.1798397,https://www.webofscience.com/wos/woscc/full-record/WOS:001840112800001,off-topic-false-hit,"Background Sarcomatoid renal cell carcinoma (sRCC) is a rare, highly aggressive malignancy that can closely mimic xanthogranulomatous pyelonephritis (XGP) on clinical, laboratory, and radiological grounds. While sRCC masquerading as XGP has been previously reported, existing literature lacks a structured analysis of the specific features that discriminate these entities and a practical framework for clinical decision-making.Case presentation A 65-year-old female presented with a four-month history of anorexia and one week of postprandial abdominal distension. Contrast-enhanced CT demonstrated right renal enlargement with heterogeneous density, nephrolithiasis, and a bear-paw-like appearance, leading to an initial diagnosis of XGP. However, several features were inconsistent with typical XGP: persistently negative urine and blood cultures, an irregular solid component with heterogeneous arterial-phase enhancement, subtle renal vein irregularity suggestive of vascular invasion, progressive transfusion-requiring anemia, and persistent high fever despite 24 days of escalating broad-spectrum antibiotics (culminating in meropenem plus vancomycin). Repeat CT showed no radiological improvement. Right radical nephrectomy was performed on hospital day 31. Histopathology confirmed sRCC with lymphovascular invasion and a Ki-67 index of 50-55%. Despite initial recovery, the patient developed rapid multi-organ metastasis and succumbed to the disease.Conclusion When a presumed renal infection is culture-negative, antibiotic-refractory, associated with progressive anemia, and radiologically non-resolving, malignancy should be suspected early. The presence of an irregular solid enhancing component and vascular involvement on CT are malignancy-specific red flags that should not be overlooked. A bear-paw-like appearance does not exclude RCC. Short-interval failure of antibiotic therapy (7-10 days) should trigger surgical exploration or tissue diagnosis rather than prolonged empirical treatment.",wos,llm,0.990,unreviewed,
discarded,A virtual patient-based training program to enhance clinical decision-making competencies in general practice residents: mixed-methods study,"Chen, Yuanshuai; Jiang, Leyi; Wu, Lingyan; Gong, Wenxin; Wu, Jingni; Zhen, Junhai; Tong, Yuling; Guo, Yi; Xu, Zhijie",2026,BMC MEDICAL EDUCATION,10.1186/s12909-026-09607-8,https://www.webofscience.com/wos/woscc/full-record/WOS:001839454100002,adjacent-subtopic,"Background Clinical decision-making (CDM) represents a fundamental competency for general practice (GP) residents, yet traditional training approaches often provide limited opportunities for deliberate practice. Virtual patient (VP) platforms have emerged as promising educational tools that offer standardized, repeatable, and risk-free environments for developing clinical reasoning competency. However, empirical evidence examining the effectiveness of structured VP training programs in enhancing CDM competencies among GP residents remains limited, particularly regarding the mechanisms through which such training facilitates competency improvement. This study aimed to evaluate the effectiveness of a VP training program in enhancing CDM competencies among GP residents, and to explore their perceptions of the program's value and barriers in developing these competencies.Methods An explanatory sequential mixed-methods design was employed, comprising a quantitative pre-post assessment followed by qualitative exploration. Over 12 weeks, 50 GP residents participated in a curriculum involving weekly exposure to two VP cases for self-paced practice, supplemented by weekly facilitated workshops to discuss these cases. Quantitative pre-post assessments included OSCEs (history-taking, physical examination, clinical reasoning, medical record writing) and a theoretical test. Subsequently, eight focus group interviews were conducted to explore their learning experiences and perceived barriers to improvement of CDM competencies. Data were analyzed using paired t-tests for quantitative data and thematic analysis for qualitative data.Results Quantitative assessment of the 50 participants (mean age 25.5 years; 70% female) demonstrated statistically significant but differential improvements in clinical competencies. Following the VP training program, GP residents demonstrated significant improvements in clinical knowledge (mean increase 6.7 points, 95% CI [4.2, 9.1]), history-taking (mean diff.=10.2, 95% CI [7.6, 12.8]), and clinical reasoning (mean diff.=11.2, 95% CI [8.8, 13.6]). Conversely, observed improvements in physical examination (mean diff.=2.4, 95% CI [-0.1, 4.8]) and medical record writing (mean diff.=1.2, 95% CI [-0.1, 2.5]) were not statistically significant. Qualitative findings suggested that residents attributed their CDM competency development to the platform's structured design, which cultivated systematic diagnostic reasoning, adaptive competence in uncertainty, and promoted reflective learning. Technological fidelity limitations in physical exam simulation, restrictive documentation interfaces, challenges in skill transfer to real practice, and variable workshop effectiveness were identified as core barriers to the implementation of VP training program.Conclusion A structured VP curriculum embedded in GP residency was associated with improved clinical knowledge, history-taking, and clinical reasoning, while showing limited effects on physical examination and medical record writing. Future development should prioritize advancing technological realism in these areas, optimizing curricular integration through facilitated debriefing, and investigating the long-term transfer and retention of acquired competencies into clinical practice.",wos,llm,0.780,unreviewed,
discarded,"Revisiting sorghum brewing: a process-alignment framework for enzymatic performance, starch accessibility and fermentation efficiency","Amisi, Arthur K.; Bwanganga, Jean-Claude T.",2026,JOURNAL OF CEREAL SCIENCE,10.1016/j.jcs.2026.104526,https://www.webofscience.com/wos/woscc/full-record/WOS:001836272800001,off-topic-false-hit,"Sorghum is increasingly considered a viable alternative to barley malt for brewing in tropical and semi-arid regions, yet its industrial adoption remains limited due to perceived technological constraints. These include low diastatic power, reduced (3-amylase activity, restricted starch accessibility associated with the kafirin matrix, and high polyphenol content. This review critically examines whether these limitations are intrinsic to sorghum or arise from the application of barley-optimised processing frameworks to a structurally distinct cereal. A structured analysis of the literature indicates that sorghum enzymatic performance is highly process-dependent, with (3-amylase induction and alpha-amylase thermostability strongly influenced by germination and mashing conditions. Similarly, the dense protein-starch architecture can be effectively modulated through controlled proteolysis, while polyphenol-enzyme interactions exhibit concentration-dependent effects that can be mitigated through targeted processing strategies. Under conventional brewing conditions, sorghum-based systems have been reported to achieve extract yields of 60-75 % and ethanol concentrations of 2.5-4.5 % (v/v). However, under optimised malting, mashing, and fermentation conditions, extract yields of 70-78 % and ethanol concentrations of up to 9-11 % (v/v) have been reported. Recent evidence further indicates that optimised sorghum worts can develop fermentable sugar profiles and free amino nitrogen (FAN) levels comparable to barley-based systems. An integrated process-alignment framework is proposed, linking enzymatic induction, starch accessibility, and polyphenol modulation to brewing performance. This framework provides a mechanistic basis for the rational design of sorghum-specific malting and mashing protocols and highlights pathways for improving process efficiency and industrial applicability in sorghum brewing systems.",wos,llm,0.990,unreviewed,
discarded,"GenAI as an instant, readily available co-developer: redefining software design process for AI native hybrid work","Adil, Mahum; Fronza, Ilenia; Mikkonen, Tommi; Ihantola, Petri; Iaccarino, Gennaro",2026,AUTOMATED SOFTWARE ENGINEERING,10.1007/s10515-026-00648-3,https://www.webofscience.com/wos/woscc/full-record/WOS:001829172600001,adjacent-subtopic,"The increasing adoption of hybrid and remote work has reshaped how software teams communicate, collaborate, and make design decisions. Our prior study showed that hybrid setups often result in missed discussions, fragmented understanding, and limited documentation of design rationale. At the same time, Generative AI (GenAI) tools-such as GitHub Copilot and ChatGPT-are becoming embedded in development workflows, providing support in code generation. While GenAI's role in software development is gaining attention, its impact on early-stage design ideation activities and collaboration in hybrid teams remains underexplored. This paper builds on earlier findings to propose a forward-looking vision of GenAI as an instant, readily available co-developer in hybrid software design. We revisit documented challenges from our earlier study on hybrid collaboration and outline how GenAI could address these issues by facilitating asynchronous participation, surfacing undocumented rationale, and preserving design continuity. We present a conceptual framing of GenAI-supported collaboration and propose a research agenda to guide future studies on integrating GenAI into hybrid settings.",wos,llm,0.840,unreviewed,
discarded,"Predictive modelling of solar irradiation forecasting with machine learning: A comprehensive review of advances, challenges and applications","Atsbeha, Amaha Kidanu; Haile, Misrak Girma; Baheta, Aklilu Tesfamichael",2026,ENERGY REPORTS,10.1016/j.egyr.2026.109546,https://www.webofscience.com/wos/woscc/full-record/WOS:001823279600001,off-topic-false-hit,"This review provides a comprehensive and systematic assessment of the current state of machine learning (ML)based solar irradiance prediction methods. The discussion begins with the significance of solar radiation forecasting and the environmental factors influencing its variability, followed by an outline of the limitations inherent in conventional empirical and numerical weather prediction models that have motivated the adoption of ML approaches. A structured analysis of key ML techniques including regression-based models, ensemble learners, deep learning frameworks, and hybrid architectures is presented. Deep learning models, particularly LSTM networks, achieve MAE as low as 0.039 kWh/m2 and R2 up to 0.988, with hybrid CNN-LSTM models reducing errors by 10-25%. Recent advances such as physics-informed learning, explainable AI, and data fusion strategies are also examined, emphasizing their roles in enhancing model transparency, robustness, and reliability. Furthermore, this review explores emerging directions in federated learning, transfer learning, and edge AI, which promise to enhance adaptability and real-time performance. Transfer learning achieves R2 of 0.85-0.90, while federated learning maintains 90-95% accuracy. However, forecast errors remain 40-60% higher in data-scarce regions. The review identifies key challenges specific to solar irradiance forecasting, including the unpredictability of cloud dynamics, the data paradox in climate-vulnerable regions, and the gap between model accuracy and real-world deployment. It further highlights novel future directions, including physics-informed models, uncertainty-aware forecasting, federated learning, and lightweight edge AI for realtime, low-power applications. Practical applications in PV system optimization and climate modeling are discussed, highlighting the operational importance of accurate forecasting. Overall, the review emphasizes the need for more interpretable, efficient, and deployable solutions to address data, variability and computational constraints.",wos,llm,0.990,unreviewed,
discarded,Toward a unified framework for characterizing flotation collector adsorption: Interfacial physicochemical methods and insights,"Neisiani, Ali Asimi; Moosakazemi, Farhad; Ulsen, Carina; Chelgani, Saeed Chehreh; Khoshdast, Hamid",2026,CHEMICAL ENGINEERING JOURNAL ADVANCES,10.1016/j.ceja.2026.101329,https://www.webofscience.com/wos/woscc/full-record/WOS:001812414100001,off-topic-false-hit,"Froth flotation is the most widely applied technique for the beneficiation of low-grade and complex mineral resources, where separation efficiency is fundamentally governed by interfacial phenomena controlled by various factors, particularly flotation reagents, most importantly collectors. Despite substantial progress in collector development and adsorption studies, the characterization of collector behavior at the mineral-solution interface remains fragmented, with limited integration between physicochemical measurements, surfacesensitive analyses, and flotation performance. This lack of a unified, systematic approach hinders the transition from empirical reagent selection to predictive, design-oriented flotation chemistry. This review presents a comprehensive and structured analysis of interfacial physicochemical characterization methods used to investigate collector adsorption and their relevance to flotation systems. Key techniques (such as zeta potential analysis, contact angle measurement, adsorption analysis, and surface tension measurement) and their significant role in collector-related investigations have been comprehensively evaluated. Furthermore, outputs from emerging computational and simulation methods are incorporated to validate and complement experimental findings, enabling a direct link between macroscopic observations and molecular-scale mechanisms. The analysis demonstrates that, rather than relying on a single technique, which is insufficient to fully understand collector behavior, integrating complementary experimental and computational approaches yields the most reliable interpretation of collector-mineral interactions. The integration of these approaches provides a multiscale understanding of collector behavior, bridging bulk solution properties, interfacial interactions, and flotation performance. Based on these insights, the importance of a practical, flexible framework for collector characterization is established, emphasizing the selective, system-specific integration of techniques to optimize experimental design, reduce redundancy, and improve data interpretation. Overall, this work offers a unified, application-oriented perspective on collector characterization, advancing flotation research toward more predictive, efficient, and sustainable methodologies.",wos,llm,0.990,unreviewed,
discarded,A novel framework for user-centric smart product-service system development leveraging large language models and the computational grounded theory,"Qu, Qing-Xing; Gao, Jingyu; Guo, Fu; Duffy, Vincent G.; Man, Siu Shing",2026,INTERNATIONAL JOURNAL OF INDUSTRIAL ERGONOMICS,10.1016/j.ergon.2026.103996,https://www.webofscience.com/wos/woscc/full-record/WOS:001806571500001,off-topic-false-hit,"Addressing the challenge of leveraging unstructured data for smart product-service systems (PSS) development, this study constructs a human-AI collaboration analysis framework integrating large language models (LLMs) reasoning with computational grounded theory (CGT) methodological constraints, thereby establishing an automated closed-loop for requirement attribution analysis. By employing LLMs to simulate the three-level coding procedure of grounded theory, this method transforms massive fragmented feedback into structured theoretical models, breaking efficiency bottlenecks while preserving the explanatory depth of qualitative analysis. Empirical analysis on automotive smart cockpit data shows the framework efficiently builds user experience attribution models with consistency and precision and identifies key design elements. Quantitative validation against expert benchmarks verifies the framework's effectiveness in complex semantic attribution tasks. The proposed framework converts fragmented feedback into structured design insights, offering methodological support for smart PSS optimization.",wos,llm,0.970,unreviewed,
discarded,Needs assessment and development of an EMR-integrated AI system to enhance nursing handover: NurSync,"Park, Sojung; Kang, Jeongseok; Kim, Namhun; Lee, Yaelim",2026,HEALTH INFORMATICS JOURNAL,10.1177/14604582261463639,https://www.webofscience.com/wos/woscc/full-record/WOS:001804243100001,off-topic-false-hit,"Objective This study aimed to develop an EMR-integrated, AI-based nursing handover system (NurSync) through a needs assessment and system development process, as a first step toward improving handover efficiency, reducing documentation burden, and enhancing communication accuracy.Methods A mixed-methods design was used. Surveys and focus group interviews with nine shift-working nurses identified challenges in handovers and EMR use. These findings guided the development of NurSync, a dual web-mobile system based on the PASS-BAR protocol and a large language model trained on 17 nursing record types.Results Participants reported fragmented EMR structures, repetitive manual documentation, and ambiguity in handover scope. NurSync addressed these by automatically classifying nursing data into four structured categories, enabling real-time access and reducing redundancy.Conclusion NurSync was developed as a development and feasibility study integrating AI summarization with EMR data to support handover accuracy, efficiency, and consistency. Its structured design and dual-platform interface show promise for supporting clinical decision-making and communication, pending empirical validation in future studies.",wos,llm,0.980,unreviewed,
