status,title,authors,year,venue,doi,url,tags,abstract,provider,decision_source,llm_confidence,llm_review_outcome,llm_change_direction
discarded,The Modular Structure of Complex Systems,David Lorge Parnas; Paul Clements; David M. Weiss,1985,IEEE Transactions on Software Engineering,10.1109/tse.1985.232209,https://openalex.org/W2132234187,adjacent-subtopic,"This paper discusses the organization of software that is inherently complex because of very many arbitrary details that must be precisely right for the software to be correct. We show how the software design technique known as information hiding, or abstraction, can be supplemented by a hierarchically structured document, which we call a module guide. The guide is intended to allow both designers and maintainers to identify easily the parts of the software that they must understand, without reading irrelevant details about other parts of the software. The paper includes an extract from a software module guide to illustrate our proposals.",openalex,llm,0.930,unreviewed,
discarded,"Information hiding, anonymity and privacy: a modular approach",Dominic Hughes; Vitaly Shmatikov,2004,Journal of Computer Security,10.3233/jcs-2004-12102,https://openalex.org/W1798924124,off-topic-false-hit,"We propose a new specification framework for information hiding properties such as anonymity and privacy. The framework is based on the concept of a function view, which is a concise representation of the attacker's partial knowledge about a function",openalex,llm,0.990,unreviewed,
discarded,Separation and information hiding,Peter W. O’Hearn; Hongseok Yang; John Reynolds,2004,,10.1145/964001.964024,https://openalex.org/W2080769562,adjacent-subtopic,"We investigate proof rules for information hiding, using the recent formalism of separation logic. In essence, we use the separating conjunction to partition the internal resources of a module from those accessed by the module's clients. The use of a logical connective gives rise to a form of dynamic partitioning, where we track the transfer of ownership of portions of heap storage between program components. It also enables us to enforce separation in the presence of mutable data structures with embedded addresses that may be aliased.",openalex,llm,0.940,unreviewed,
discarded,Separation and information hiding,Peter W. O’Hearn; Hongseok Yang; John Reynolds,2004,ACM SIGPLAN Notices,10.1145/982962.964024,https://openalex.org/W4237593520,adjacent-subtopic,"We investigate proof rules for information hiding, using the recent formalism of separation logic. In essence, we use the separating conjunction to partition the internal resources of a module from those accessed by the module's clients. The use of a logical connective gives rise to a form of dynamic partitioning, where we track the transfer of ownership of portions of heap storage between program components. It also enables us to enforce separation in the presence of mutable data structures with embedded addresses that may be aliased.",openalex,llm,0.940,unreviewed,
discarded,The Bioperl Toolkit: Perl Modules for the Life Sciences,Jason Stajich; David E. Block; Kris Boulez; Steven E. Brenner; Stephen A. Chervitz; Chris Dagdigian; Georg Fuellen; James Gilbert; Ian Korf; Hilmar Lapp; Heikki Lehväslaiho; Chad Matsalla; Chris Mungall; Brian I. Osborne; Matthew Pocock; Peter Schattner; Martin Senger; Lincoln Stein; Elia Stupka; Mark D. Wilkinson; Ewan Birney,2002,Genome Research,10.1101/gr.361602,https://openalex.org/W2150934173,off-topic-false-hit,"The Bioperl project is an international open-source collaboration of biologists, bioinformaticians, and computer scientists that has evolved over the past 7 yr into the most comprehensive library of Perl modules available for managing and manipulating life-science information. Bioperl provides an easy-to-use, stable, and consistent programming interface for bioinformatics application programmers. The Bioperl modules have been successfully and repeatedly used to reduce otherwise complex tasks to only a few lines of code. The Bioperl object model has been proven to be flexible enough to support enterprise-level applications such as EnsEMBL, while maintaining an easy learning curve for novice Perl programmers. Bioperl is capable of executing analyses and processing results from programs such as BLAST, ClustalW, or the EMBOSS suite. Interoperation with modules written in Python and Java is supported through the evolving BioCORBA bridge. Bioperl provides access to data stores such as GenBank and SwissProt via a flexible series of sequence input/output modules, and to the emerging common sequence data storage format of the Open Bioinformatics Database Access project. This study describes the overall architecture of the toolkit, the problem domains that it addresses, and gives specific examples of how the toolkit can be used to solve common life-sciences problems. We conclude with a discussion of how the open-source nature of the project has contributed to the development effort. [Supplemental material is available online at www.genome.org . Bioperl is available as open-source software free of charge and is licensed under the Perl Artistic License ( http://www.perl.com/pub/a/language/misc/Artistic.html ). It is available for download at http://www.bioperl.org . Support inquiries should be addressed to bioperl-l@bioperl.org .]",openalex,llm,0.990,unreviewed,
discarded,Information hiding interfaces for aspect-oriented design,Kevin Sullivan; William G. Griswold; Yuanyuan Song; Yuanfang Cai; Macneil Shonle; Nishit Tewari; Hridesh Rajan,2005,,10.1145/1081706.1081734,https://openalex.org/W2117153488,adjacent-subtopic,"The growing popularity of aspect-oriented languages, such as AspectJ, and of corresponding design approaches, makes it important to learn how best to modularize programs in which aspect-oriented composition mechanisms are used. We contribute an approach to information hiding modularity in programs that use quantified advising as a module composition mechanism. Our approach rests on a new kind of interface: one that abstracts a crosscutting behavior, decouples the design of code that advises such a behavior from the design of the code to be advised, and that can stipulate behavioral contracts. Our interfaces establish design rules that govern how specific points in program execution are exposed through a given join point model and how conforming code on either side should behave. In a case study of the HyperCast overlay network middleware system, including a real options analysis, we compare the widely cited oblivious design approach with our own, showing significant weaknesses in the former and benefits in the latter.",openalex,llm,0.980,unreviewed,
discarded,The structure and value of modularity in software design,Kevin Sullivan; William G. Griswold; Yuanfang Cai; Ben Hallen,2001,,10.1145/503209.503224,https://openalex.org/W2159959126,adjacent-subtopic,"The concept of information hiding modularity is a cornerstone of modern software design thought, but its formulation remains casual and its emphasis on changeability is imperfectly related to the goal of creating added value in a given context. We need better explanatory and prescriptive models of the nature and value of information hiding. We evaluate the potential of a new theory---developed to account for the influence of modularity on the evolution of the computer industry---to inform software design. The theory uses design structure matrices to model designs and real options techniques to value them. To test the potential utility of the theory for software we apply it to Parnas's KWIC designs. We contribute an extension to design structure matrices, and we show that the options results are consistent with Parnas's conclusions. Our results suggest that such a theory does have potential to help inform software design.",openalex,llm,0.980,unreviewed,
discarded,The structure and value of modularity in software design,Kevin Sullivan; William G. Griswold; Yuanfang Cai; Ben Hallen,2001,ACM SIGSOFT Software Engineering Notes,10.1145/503271.503224,https://openalex.org/W4253053708,adjacent-subtopic,"The concept of information hiding modularity is a cornerstone of modern software design thought, but its formulation remains casual and its emphasis on changeability is imperfectly related to the goal of creating added value in a given context. We need better explanatory and prescriptive models of the nature and value of information hiding. We evaluate the potential of a new theory---developed to account for the influence of modularity on the evolution of the computer industry---to inform software design. The theory uses design structure matrices to model designs and real options techniques to value them. To test the potential utility of the theory for software we apply it to Parnas's KWIC designs. We contribute an extension to design structure matrices, and we show that the options results are consistent with Parnas's conclusions. Our results suggest that such a theory does have potential to help inform software design.",openalex,llm,0.980,unreviewed,
discarded,An intelligent tool for re-engineering software modularity,Robert W. Schwanke,1991,International Conference on Software Engineering,10.5555/256664.256688,https://openalex.org/W1983992202,adjacent-subtopic,"The author describes a software tool that provides heuristic modularization advice for improving existing code. A heuristic design similarity measure is defined, based on the Parna information hiding principle. The measure supports two services: clustering, which identifies groups of related procedures, and maverick analysis, which identifies individual procedures that appear to be in the wrong module. The tool has already provided useful advice in several real programming projects. The tool will soon incorporate an automatic tuning method, which allows the tool to learn from its mistakes, adapting its advice to the architect's preferences. A preliminary experiment demonstrates that the automatically tuned similarity function can assign procedures to modules very accurately. >",openalex,llm,0.970,unreviewed,
discarded,An intelligent tool for re-engineering software modularity,Robert W. Schwanke,2002,,10.1109/icse.1991.130626,https://openalex.org/W2292235036,adjacent-subtopic,"The author describes a software tool that provides heuristic modularization advice for improving existing code. A heuristic design similarity measure is defined, based on the Parna information hiding principle. The measure supports two services: clustering, which identifies groups of related procedures, and maverick analysis, which identifies individual procedures that appear to be in the wrong module. The tool has already provided useful advice in several real programming projects. The tool will soon incorporate an automatic tuning method, which allows the tool to learn from its mistakes, adapting its advice to the architect's preferences. A preliminary experiment demonstrates that the automatically tuned similarity function can assign procedures to modules very accurately.>",openalex,llm,0.970,unreviewed,
discarded,Information hiding in product development: the design churn effect,Ali Yassine; Nitin Joglekar; Dan Braha; Steven D. Eppinger; Daniel E. Whitney,2003,Research in Engineering Design,10.1007/s00163-003-0036-2,https://openalex.org/W2168139585,off-topic-false-hit,"Execution of a complex product development project is facilitated through its decomposition into an interrelated set of localized development tasks. When a local task is completed, its output is integrated through an iterative cycle of system-wide integration activities. Integration is often accompanied by inadvertent information hiding due to the asynchronous information exchanges. We show that information hiding leads to persistent recurrence of problems (termed the design churn effect) such that progress oscillates between being on schedule and falling behind. The oscillatory nature of the PD process confounds progress measurement and makes it difficult to judge whether the project is on schedule or slipping. We develop a dynamic model of work transformation to derive conditions under which churn is observed as an unintended consequence of information hiding due to local and system task decomposition. We illustrate these conditions with a case example from an automotive development project and discuss strategies to mitigate design churn.",openalex,llm,0.990,unreviewed,
kept,Embracing change with extreme programming,K. Beck,1999,Computer,10.1109/2.796139,https://openalex.org/W2113848838,qualifies-claim,"Traditional software engineering means have been characterized by a rather predictable process in the past. Users tell once and for all exactly what they want. Programmers design the system that will deliver those features. They code it; test it, and all is well. But all was not always well. The users did not tell once and for all exactly what they wanted. They changed their minds, and the users were not the only problem. Programmers could misjudge their progress. The academic software engineering community took the high cost of changing software as a challenge, creating technologies like relational databases, modular programming, and information hiding. This is where extreme programming comes in. Rather than planning, analyzing, and designing for the far-flung future, XP exploits the reduction in the cost of changing software to do all of these activities a little at a time, throughout software development. The paper discusses the major practices of XP.",openalex,llm,0.750,unreviewed,
discarded,Smallfoot: Modular Automatic Assertion Checking with Separation Logic,Josh Berdine; Cristiano Calcagno; Peter W. O’Hearn,2006,Lecture notes in computer science,10.1007/11804192_6,https://openalex.org/W1562865234,adjacent-subtopic,,openalex,llm,0.900,unreviewed,
discarded,Programming-in-the large versus programming-in-the-small,Frank DeRemer; Hans H. Kron,1975,ACM SIGPLAN Notices,10.1145/390016.808431,https://openalex.org/W2118252041,adjacent-subtopic,"We distinguish the activity of writing large programs from that of writing small ones. By large programs we mean systems consisting of many small programs (modules), possibly written by different people. We need languages for programming-in-the-small, i.e. languages not unlike the common programming languages of today, for writing modules. We also need a “module interconnection language” for knitting those modules together into an integrated whole and for providing an overview that formally records the intent of the programmer(s) and that can be checked for consistency by a compiler. We explore the software reliability aspects of such an interconnection language. Emphasis is placed on facilities for information hiding and for defining layers of virtual machines.",openalex,llm,0.930,unreviewed,
discarded,Using dependent types to express modular structure,David MacQueen,1986,,10.1145/512644.512670,https://openalex.org/W2003298503,adjacent-subtopic,"Writing any large program poses difficult problems of organization. In many modern programming languages these problems are addressed by special linguistic constructs, variously known as modules, packages, or clusters, which provide for partitioning programs into manageable components and for securely combining these components to form complete programs. Some general purpose components are able to take on a life of their own, being separately compiled and stored in libraries of generic, reusable program units. Usually modularity constructs also support some form of information hiding, such as ""abstract data types."" ""Programming in the large"" is concerned with using such constructs to impose structure on large programs, in contrast to ""programming in the small"", which deals with the detailed implementation of algorithms in terms of data structures and control constructs. Our goal here is to examine some of the proposed linguistic notions with respect to how they meet the pragmatic requirements of programming in the large.",openalex,llm,0.950,unreviewed,
discarded,Assessing modular structure of legacy code based on mathematical concept analysis,Christian Lindig; Gregor Snelting,1997,,10.1145/253228.253354,https://openalex.org/W2080421718,adjacent-subtopic,"We apply mathematical concept analysis in order to modularize legacy code. By analysing the relation between procedures and global variables, a so-called concept lattice is constructed. The paper explains how module structures show up in the lattice, and how the lattice can be used to assess cohesion and coupling between module candidates. Certain algebraic decompositions of the lattice can lead to automatic generation of modularization proposals. The method is applied to several examples written in Modula-2, Fortran, and Cobol; among them a >100kloc aerodynamics program.",openalex,llm,0.960,unreviewed,
discarded,An Overview of Information Hiding in H.264/AVC Compressed Video,Yiqi Tew; KokSheik Wong,2013,IEEE Transactions on Circuits and Systems for Video Technology,10.1109/tcsvt.2013.2276710,https://openalex.org/W2069994443,off-topic-false-hit,"Information hiding refers to the process of inserting information into a host to serve specific purpose(s). In this paper, information hiding methods in the H.264/AVC compressed video domain are surveyed. First, the general framework of information hiding is conceptualized by relating the state of an entity to a meaning (i.e., sequences of bits). This concept is illustrated by using various data representation schemes such as bit plane replacement, spread spectrum, histogram manipulation, divisibility, mapping rules, and matrix encoding. Venues at which information hiding takes place are then identified, including prediction process, transformation, quantization, and entropy coding. Related information hiding methods at each venue are briefly reviewed, along with the presentation of the targeted applications, appropriate diagrams, and references. A timeline diagram is constructed to chronologically summarize the invention of information hiding methods in the compressed still image and video domains since 1992. A comparison among the considered information hiding methods is also conducted in terms of venue, payload, bitstream size overhead, video quality, computational complexity, and video criteria. Further perspectives and recommendations are presented to provide a better understanding of the current trend of information hiding and to identify new opportunities for information hiding in compressed video.",openalex,llm,1.000,unreviewed,
discarded,Expressive Pointcuts for Increased Modularity,Klaus Ostermann; Mira Mezini; Christoph Bockisch,2005,Lecture notes in computer science,10.1007/11531142_10,https://openalex.org/W1553047397,adjacent-subtopic,,openalex,llm,0.960,unreviewed,
discarded,Human and automatic modularizations of process models to enhance their comprehension,Hajo A. Reijers; Jan Mendling; Remco Dijkman,2011,Information Systems,10.1016/j.is.2011.03.003,https://openalex.org/W2097168248,off-topic-false-hit,"Modularization is a widely advocated mechanism to manage a business process model's size and complexity. However, the widespread use of subprocesses in models does not rest on solid evidence for its benefits to enhance their comprehension, nor are the criteria clear how to identify subprocesses. In this paper, we describe an empirical investigation to test the effectiveness of using subprocesses in real-life process models. Our results suggest that subprocesses may foster the understanding of a complex business process model by their ""information hiding"" quality. Furthermore, we explored different categories of criteria that can be used to automatically derive process fragments that seem suitable to capture as subprocesses. From this exploration, approaches that consider the connectedness of subprocesses seem most attractive to pursue. This insight can be used to develop tool support for the modularization of business process models. (C) 2011 Elsevier B.V. All rights reserved.",openalex,llm,0.980,unreviewed,
discarded,ACCD: an algorithm for comprehension-driven clustering,Vassilios Tzerpos; Richard C. Holt,2002,,10.1109/wcre.2000.891477,https://openalex.org/W2169950128,adjacent-subtopic,"The software clustering literature contains many different approaches that attempt to automatically decompose software systems. These approaches commonly utilize criteria or measures based on principles such as high cohesion and low coupling, information hiding etc. We present an algorithm that subscribes to a philosophy targeted towards program comprehension and based on subsystem patterns. We discuss the algorithm's implementation and describe experiments that demonstrate its usefulness.",openalex,llm,0.960,unreviewed,
discarded,Detecting Hidden Messages Using Higher-Order Statistics and Support Vector Machines,Siwei Lyu; Hany Farid,2002,Lecture notes in computer science,10.1007/3-540-36415-3_22,https://openalex.org/W2117500881,off-topic-false-hit,,openalex,llm,1.000,unreviewed,
