status,title,authors,year,venue,doi,url,tags,abstract,provider,decision_source,llm_confidence,llm_review_outcome,llm_change_direction
discarded,Different approaches for modelling of sewer caused urban flooding,"Obermayer, A.; Guenthert, F. W.; Angermair, G.; Tandler, R.; Braunschmidt, S.; Milojevic, N.",2010,WATER SCIENCE AND TECHNOLOGY,10.2166/wst.2010.439,https://www.webofscience.com/wos/woscc/full-record/WOS:000284032600028,off-topic-false-hit,"The correct prediction of flooding in urban areas is an important challenge to secure the values and fulfil public regulations. Traditional sewer simulations deliver the basic information for a rudimental flood protection, but the interaction between sewer and surface runoff can only be considered by a bi-directional modelling. Therefore detailed information about the relevant structures on the surface is necessary, which can partially be delivered by airborne laser scan data. This data have to be refined to get as detailed information about the endangered areas as possible. But the plenitude of information leads to high requirements on computer capacity and performance. This paper shows different approaches to predict the sewer caused flooding in urban areas. The approaches have been checked on two testing areas in Germany and the developed tool will be implemented in a commercial software system soon. This approaches, which partially base on each other, make a stepwise refinement of the model and narrowing of the affected areas possible. The developed algorithms to thin the digital terrain model and the well proven method to parallelize the calculation on more than one processing units secure an effective calculating process.",wos,llm,0.990,unreviewed,
kept,Creating Sequential Programs from Event-B Models,"Bostrom, Pontus",2010,INTEGRATED FORMAL METHODS,,https://www.webofscience.com/wos/woscc/full-record/WOS:000288720100007,supports-claim,"Event-B is an emerging formal method with good tool support for various kinds of system modelling. However, the control flow in Event-B consists only of non-deterministic choice of enabled events. In many applications, notably in sequential program construction, more elaborate control flow mechanisms would be convenient. This paper explores a method, based on a scheduling language, for describing the flow of control. The aim is to be able to express schedules of events; to reason about their correctness; to create and verify patterns for introducing correct control flow. The conclusion is that using patterns, it is feasible to derive efficient sequential programs from event-based specifications in many cases.",wos,llm,0.890,unreviewed,
kept,Refining Exceptions in Four-Valued Logic,"Nishimura, Susumu",2010,LOGIC-BASED PROGRAM SYNTHESIS AND TRANSFORMATION,,https://www.webofscience.com/wos/woscc/full-record/WOS:000278965600009,supports-claim,This paper discusses refinement of programs that may raise and catch exceptions. We show that exceptions are expressed by a class of predicate transformers built on Arieli and Avron's four-valued logic and develop a refinement framework for the four-valued predicate transformers. The resulting framework enjoys several refinement laws that are useful for stepwise refinement of programs involving exception handling and partial predicates. We demonstrate some typical usages of the refinement laws in the proposed framework by a few examples of program transformation.,wos,llm,0.910,unreviewed,
discarded,Oceanic loading monitored by ground-based tiltmeters at Cherbourg (France),"Florsch, Nicolas; Llubes, Muriel; Woeppelmann, Guy; Longuevergne, Laurent; Boy, Jean-Paul",2009,JOURNAL OF GEODYNAMICS,10.1016/j.jog.2009.09.017,https://www.webofscience.com/wos/woscc/full-record/WOS:000272862500017,off-topic-false-hit,"We installed two orthogonal Blum-Esnoult silica tiltmeters in an underground military facility close to the shore in Cherbourg (France). They have recorded the oceanic loading effects from March 2004 to July 2005. The signal to noise ratio is such that, within a period range from a few minutes to a few days, the main non-linear oceanic tides up to the M10 group can be observed. The modelling of the tidal tilt deformation has been carried out using oceanic models of the FES2004 family, with a stepwise refinement of the grid size based on the unstructured grid T-UGAm model leading to the NEA-2004 tidal solution. This improvement permits to reduce the discrepancy between the model and the data with respect to the use of FES2004 alone, and show that, although the misfit remains significant, one progresses toward an independent mean to validate the oceanic models and finally the whole modelling process. We also show that tiltmeters open new opportunities to explore loading of non-linear tides on a larger spectrum than gravimeters and GPS do. (C) 2009 Elsevier Ltd. All rights reserved.",wos,llm,0.990,unreviewed,
kept,Refactoring-based Executable UML Transformation for Embedded System Design,"Zakaria, Nurul Azma; Matsumoto, Noriko; Yoshida, Norihiko",2009,INTERNATIONAL JOURNAL OF COMPUTER SCIENCE AND NETWORK SECURITY,,https://www.webofscience.com/wos/woscc/full-record/WOS:000217211500025,supports-claim,"Typical stepwise refinement is widely used in design process, but due to increased design complexity a new way of designing is necessary. In this paper, we present a system-level design methodology using Executable-UML (xUML) and Model Driven Architecture (MDA) concepts. This proposed research aims at developing a language-independent framework for stepwise refinement by refactoring of xUML models. We investigate a transformation mechanism from an abstract specification model to a concrete implementation model in xUML representation exploiting the MDA capabilities in a step-by-step manner. Our modeling framework uses selected subsets of UML diagram types with action semantics. We show the application of our work by several design examples including GSM Vocoder design. As a result, we obtained executable models and a set of welldefined refactoring rules to accelarate design processes and improve product qualities of not only SoC but embedded systems in general.",wos,llm,0.850,unreviewed,
kept,Stepwise Refinement Valida ion of Design Patterns Formalized in TLA+ using the TLC Model Checker,"Taibi, Toufik; Herranz, Angel; Jose Moreno-Navarro, Juan",2009,JOURNAL OF OBJECT TECHNOLOGY,,https://www.webofscience.com/wos/woscc/full-record/WOS:000214577900012,supports-claim,"Despite being around for only a little more than a decade, design patterns have proved to be successful reuse artifacts. However, the fact that they are mostly described informally gives rise to ambiguity and hinders correct usage. This paper discusses how to formally specify the ""solution element"" of patterns using TLA+, the formal specification language of Temporal Logic of Actions (TLA). The focus is first on formally specifying the most abstract version of a pattern before validly doing stepwise refinements by adding more details along the way until reaching a concrete implementation. Checking that the refinement properties hold was done using TLC the TLA+ model checker.",wos,llm,0.830,unreviewed,
discarded,Adherence preserving refinement of trace-set properties in STAIRS: exemplified for information flow properties and policies,"Seehusen, Fredrik; Solhaug, Bjornar; Stolen, Ketil",2009,SOFTWARE AND SYSTEMS MODELING,10.1007/s10270-008-0102-3,https://www.webofscience.com/wos/woscc/full-record/WOS:000261289000004,adjacent-subtopic,"STAIRS is a formal approach to system development with UML 2.1 sequence diagrams that supports an incremental and modular development process. STAIRS is underpinned by denotational and operational semantics that have been proved to be equivalent. STAIRS is more expressive than most approaches with a formal notion of refinement. STAIRS supports a stepwise refinement process under which trace properties as well as trace-set properties are preserved. This paper demonstrates the potential of STAIRS in this respect, in particular that refinement in STAIRS preserves adherence to information flow properties as well as policies.",wos,llm,0.820,unreviewed,
discarded,How to Work with Honest but Curious Judges? (Preliminary Report),"Pang, Jun; Zhang, Chenyi",2009,ELECTRONIC PROCEEDINGS IN THEORETICAL COMPUTER SCIENCE,10.4204/EPTCS.7.3,https://www.webofscience.com/wos/woscc/full-record/WOS:000219422100004,adjacent-subtopic,"The three-judges protocol, recently advocated by Mclver and Morgan as an example of stepwise refinement of security protocols, studies how to securely compute the majority function to reach a final verdict without revealing each individual judge's decision. We extend their protocol in two different ways for an arbitrary number of 2n+1 judges. The first generalisation is inherently centralised, in the sense that it requires a judge as a leader who collects information from others, computes the majority function, and announces the final result. A different approach can be obtained by slightly modifying the well-known dining cryptographers protocol, however it reveals the number of votes rather than the final verdict. We define a notion of conditional anonymity in order to analyse these two solutions. Both of them have been checked in the model checker MCMAS.",wos,llm,0.740,unreviewed,
kept,Incremental Design of Distributed Systems with Event-B,"Butler, Michael",2009,ENGINEERING METHODS AND TOOLS FOR SOFTWARE SAFETY AND SECURITY,10.3233/978-1-58603-976-9-131,https://www.webofscience.com/wos/woscc/full-record/WOS:000342305300004,supports-claim,It is shown how Event-B can be use to model and reason about distributed systems from a high-level global view down to a detailed distributed architectural view. It is shown how refinement and decomposition can be used to introduce distribution of state and control and to introduce message passing between components. Distribution is treated as a special case of concurrency. Techniques are presented for decomposing abstract atomic events into smaller atomic steps in refinement and for decomposing models into sub-models.,wos,llm,0.900,unreviewed,
discarded,Towards a Multi-Level Modeling Language for Testbed Automation Systems,"Aschauer, Thomas",2009,"2009 31ST INTERNATIONAL CONFERENCE ON SOFTWARE ENGINEERING, COMPANION VOLUME",,https://www.webofscience.com/wos/woscc/full-record/WOS:000271113800058,adjacent-subtopic,"Models of software intensive systems often are unnecessarily complex due to inappropriate modeling language capabilities. In the context of model driven generation of automation system parameters, we propose a multi-level modeling approach to prevent unnecessary complex models. The mechanism, based on a unified notion of classes and objects, allows modeling the domain entities concisely and builds the foundation for stepwise-refinement and model reuse.",wos,llm,0.750,unreviewed,
discarded,An approach for synthesis Petri nets for modeling and verifying composite web service,"Ding, Zhi-Jun; Wang, Jun-Li; Jiang, Chang-Jun",2008,JOURNAL OF INFORMATION SCIENCE AND ENGINEERING,,https://www.webofscience.com/wos/woscc/full-record/WOS:000259662700002,off-topic-false-hit,"An approach for modeling Web service composition by Petri nets which is based on OWL-S is proposed. By this approach, first, control flow of the composite web service is modeled based on top-down method. Then data flow model is constructed with Petri nets according to data flow specification. After that, by using a bottom-up approach, synchronous composition, the data flow net of the composite service is combined with the control flow net to obtain an integrated service net. So, the details can be introduced in an incremental way. Moreover, based on modeling approach, the boundedness and live-ness properties of Petri net models are analyzed for guaranteeing the correctness of the composite Web service. Analysis and verification technique is based on the properties preservation criteria such that complexity is alleviated. Finally, an application of the proposed approach is presented for modeling a case study: BuyOnline Web service.",wos,llm,0.960,unreviewed,
kept,Observational Refinement Process,"Madeira, Alexandre",2008,ELECTRONIC NOTES IN THEORETICAL COMPUTER SCIENCE,10.1016/j.entcs.2008.06.006,https://www.webofscience.com/wos/woscc/full-record/WOS:000214313600006,supports-claim,"In the algebraic specification of software systems, it is desirable to have freedom in the implementation process, namely for the software reuse. In this paper we will discuss two issues in order to achieve this freedom: we study the observational stepwise refinement process and we propose an alternative formalization of the refinement concept based on the logical translation from the abstract algebraic logic. In the first topic, we go beyond the traditional assumption of maintaining the set of observable sorts during the refinement process by the possibility of changing it between the process steps, i.e., we analise the stepwise refinement with encapsulation and desencapsulation of sorts during the process. In the second topic, we suggest a formalization of the refinement concept where an equation may be mapped into a set of equations, against the refinements based on signature morphisms, where an equation is mapped into another one.",wos,llm,0.970,unreviewed,
kept,Generic Tools via General Refinement,"Reeves, Steve; Streader, David",2008,ELECTRONIC NOTES IN THEORETICAL COMPUTER SCIENCE,10.1016/j.entcs.2008.03.093,https://www.webofscience.com/wos/woscc/full-record/WOS:000214302500013,supports-claim,"Tools have become essential in the formal model-driven development of software but are very time consuming to build and often restricted to a particular semantic interpretation of a particular syntax. This is regrettable since there is large amount in common between tools, even if they do ""implement"" different syntaxes and different semantics.

We propose splitting tools into front-and back-ends where an operational semantics acts as the link between the two. We will not have much to say about the front-end and the link in this paper since it is theoretically straightforward. Instead, we concentrate on the second part and provide a well-motivated, general, mathematical framework to form the underlying theory that gives great flexibility to the back-end of a tool which is concerned with developing software via stepwise refinement.

From a general model of refinement between two entities, where the refinement is parameterised on contexts and observations, we build logical theories which have refinement as implication. Further, we consider what can be expected of a guarantee concerning the behaviour of an implementation relative to a specification. Then by fixing the contexts and observations in suitable ways, and so getting particular, special models of refinement, we give a formal interpretation of a guarantee. To this we add theory morphisms between special models, where a theory morphism can change the contexts and observations we can make in controlled and useful ways, mainly by preserving a refinement relation between entities even as we change them. We show how the generality brought about by the parameterisation allows an example from the literature, which seems formally not to be a refinement, to be captured as a refinement, in accordance with our intuitions about the example.

In this way we show the flexibility of our theory for a refinement tool back-end. From this it follows that the effort put into building a tool based on our theory will be well-spent-a single tool should be parameterised (just as our theory is) to deal with the many different notions of refinement found in the literature. Thus we make a contribution to the problem of ensuring correctness and dependability of software using formal methods and tools of modelling, design, verification and validation.",wos,llm,0.950,unreviewed,
discarded,Scaling Choreography Modelling for B2B Value-Chain Analysis,"Hettel, Thomas; Flender, Christian; Barros, Alistair",2008,BUSINESS PROCESS MANAGEMENT,,https://www.webofscience.com/wos/woscc/full-record/WOS:000260165300019,adjacent-subtopic,"The modelling of 13213 scenarios focuses on conversations between key partners to establish a common business context for their collaboration. With the prevalence of Web services, attention has turned to service choreographies as a means of message exchange ordering between collaborating participants, from a global (or shared) understanding. As such, the message ordering in a choreography model can then be used to determine the message ordering behaviour of each participant's process. In this paper, we extend the suitability of choreography modelling for the early phase of analysis, where the participants and the nature of interactions develops under the flux of requirements acquisition. In particular, we develop a structural view of interactions and stepwise refinement, leading to behavioural considerations, reminiscent of classical techniques. In addition, we introduce contextualisation of intent behind message exchanges in the form of speech acts. This, we show, can be used to automatically detect conflicts in conversations, in the business sense, namely negotiation or provision breakdowns - prior to technical implementations of choreographies. Model abstraction and refinement is based on Semantic Object Model (SOM), and a mapping to the Business Process Modelling Notation (BPMN) is shown.",wos,llm,0.840,unreviewed,
kept,Safe modification of pointer programs in refinement calculus,"Nishimura, Susumu",2008,"MATHEMATICS OF PROGRAM CONSTRUCTION, PROCEEDINGS",,https://www.webofscience.com/wos/woscc/full-record/WOS:000257859400016,supports-claim,"This paper discusses stepwise refinement of pointer programs in the framework of refinement calculus. We augment the underlying logic with formulas of separation logic and then introduce a pair of new predicate transformers, called separating assertion and separating assumption. The new predicate transformers are derived from separating conjunction and separating implication, which are fundamental logical connectives in separation logic. They represent primitive forms of heap allocation/deallocation operators and the basic pointer statements can be specified by means of them. We derive several refinement laws that are useful for stepwise refinement and demonstrate the use of the laws in the context of correctness preserving transformations that are intended for improved memory usage.

The formal development is carried out in the framework of higher-order logic and is based on Back and Preoteasa's axiomatization of state space and its extension to the heap storage [BP05, Pre06]. All the results have been implemented and verified in the theorem prover PVS.",wos,llm,0.980,unreviewed,
kept,Programming Language Elements for Correctness Proofs,"Devai, Gergely",2008,ACTA CYBERNETICA,,https://www.webofscience.com/wos/woscc/full-record/WOS:000213325600005,supports-claim,"Formal methods are not used widely in industrial software development, because the overhead of formally proving program properties is generally not acceptable. In this paper we present an ongoing research project to make the construction of such proofs easier by embedding the proof system into a compiler.

Using the introduced new programming language, the programmer writes formal specification first. The specification is to be refined using stepwise refinement which results in a proof. The compiler checks this proof and generates the corresponding program in a traditional programming language. The resulting code automatically fulfills the requirements of the specification.

In this paper we present language elements to build specification statements and proofs. We give a short overview on the metaprogramming techniques of the language that support the programmer's work. Using a formal model we give the semantics of specification statements and refinements. We also prove the soundness of the basic algorithms of the compiler.",wos,llm,0.960,unreviewed,
discarded,FPGA based Control of a Production Cell System,"Groothuis, Marcel A.; Van Zuljlen, Jasper J. P.; Broenink, Jan F.",2008,COMMUNICATING PROCESS ARCHITECTURES 2008,10.3233/978-1-58603-907-3-135,https://www.webofscience.com/wos/woscc/full-record/WOS:000273030400010,adjacent-subtopic,Most motion control systems for mechatronic systems are implemented oil digital computers. In this paper we present an FPGA based Solution implemented on a low cost Xilinx Spartan III FPGA. A Production Cell setup with multiple parallel operating units is chosen as a test case. The embedded control software for this system is designed in gCSP using a reusable layered CSP based software Structure. gCSP IS extended with automatic Handel-C code generation for configuring the FPGA. Many motion control systems use floating point calculations for the loop controllers. Low cost general purpose FPGAs do not implement hardware-based floating point units. The loop controllers For this system are converted from floating point to integer based calculations using a stepwise refinement approach. The result is a complete FPGA based motion control system with better performance figures than previous CPU based implementations.,wos,llm,0.800,unreviewed,
