status,title,authors,year,venue,doi,url,tags,abstract,provider,decision_source,llm_confidence,llm_review_outcome,llm_change_direction
discarded,An Error-Pursuing Adaptive Uncertainty Analysis Method Based on Bayesian Support Vector Regression,"Zhou, Sheng-Tong; Jiang, Jian; Zhou, Jian-Min; Chen, Pei-Han; Xiao, Qian",2023,MACHINES,10.3390/machines11020228,https://www.webofscience.com/wos/woscc/full-record/WOS:000941586500001,off-topic-false-hit,"The Bayesian support vector regression (BSVR) metamodel is widely used in various engineering fields to analyze the uncertainty arising from uncertain parameters. However, the accuracy of the BSVR metamodel based on the traditional one-shot sampling method fails to meet the requirements of the uncertainty analysis of complex systems. To this end, an error-pursing adaptive uncertainty analysis method based on the BSVR metamodel is presented by combining a new adaptive sampling scheme. This new sampling scheme was improved by a new error-pursuing active learning function that is named, herein, adjusted mean square error (AMSE), which guides the adaptive sampling of the BSVR metamodel's design of experiments (DoE). During the sampling process, AMSE combines mean square error and leave-one-out cross-validation error to estimate the prediction error of the metamodel in the entire design space. Stepwise refinement of the metamodel was achieved by placing the sampled regions at locations with large prediction errors. Six benchmark analytical functions featuring different dimensions were used to validate the proposed method. The effectiveness of the method was then further illustrated by a more realistic application of an overhung rotor system.",wos,llm,0.990,unreviewed,
kept,Verification of Nondeterministic Quantum Programs,"Feng, Yuan; Xu, Yingte",2023,"PROCEEDINGS OF THE 28TH ACM INTERNATIONAL CONFERENCE ON ARCHITECTURAL SUPPORT FOR PROGRAMMING LANGUAGES AND OPERATING SYSTEMS, VOL 3, ASPLOS 2023",10.1145/3582016.3582039,https://www.webofscience.com/wos/woscc/full-record/WOS:001481649300055,supports-claim,"Nondeterministic choice is a useful program construct that provides a way to describe the behaviour of a program without specifying the details of possible implementations. It supports the stepwise refinement of programs, a method that has proven useful in software development. Nondeterminism has also been introduced in quantum programming, and termination of nondeterministic quantum programs has been extensively analysed. In this paper, we go beyond termination analysis to investigate the verification of no-deterministic quantum programs where properties are given by sets of hermitian operators on the associated Hilbert space. Hoare-type logic systems for partial and total correctness are proposed which turn out to be both sound and relatively complete with respect to their corresponding semantic correctness. To show the utility of these proof systems, we analyse some quantum algorithms such as quantum error correction scheme, Deutsch algorithm, and a nondeterministic quantum walk. Finally, a proof assistant prototype is implemented to aid in the automated reasoning of nondeterministic quantum programs.",wos,llm,0.880,unreviewed,
kept,Safe reuse in modelling language engineering using model subtyping with OCL constraints,"Boronat, Artur",2023,SOFTWARE AND SYSTEMS MODELING,10.1007/s10270-022-01028-7,https://www.webofscience.com/wos/woscc/full-record/WOS:000850009700001,supports-claim,"Low-code software development promises rapid delivery of software cloud applications by employing domain-specific languages (DSLs), requiring minimal traditional coding. Model-driven engineering (MDE) provides tools, modelling notations and practices suited for engineering such DSLs, both from a syntactic and semantic perspective. However, low-code software development is heavily reliant on software reuse. It is imperative to provide safe mechanisms that guarantee valid semantic reuse of structural components and their behaviour, most often in a stepwise manner. This article presents a semantic reuse technique based on model subtyping over metamodels to manage correct model-driven engineering of DSLs. Model subtyping is generalized to structural semantics by considering OCL constraints. Moreover, model subtyping is generalized to behavioural semantics by considering specifications of model transformation operations, which may encode operational or translational semantics. Model subtyping facilitates structural and behavioural refinement. It has been implemented atop a bounded model checker, realizing a semi-decidable procedure for verifying that DSL elements are safely reused. The algorithm finds semantic witnesses of inconsistencies when refinement principles are not satisfied, fostering a correct stepwise engineering of DSLs. Moreover, the algorithm produces an extension metamodel that permits the as-is reuse of implementations of model transformation operation specifications. Finally, the versatility of the model subtyping technique is illustrated with common use cases extracted from the research literature.",wos,llm,0.840,unreviewed,
kept,For a Few Dollars More: Verified Fine-Grained Algorithm Analysis Down to LLVM,"Haslbeck, Maximilian P. L.; Lammich, Peter",2022,ACM TRANSACTIONS ON PROGRAMMING LANGUAGES AND SYSTEMS,10.1145/3486169,https://www.webofscience.com/wos/woscc/full-record/WOS:000842012200002,supports-claim,"We present a framework to verify both, functional correctness and (amortized) worst-case complexity of practically efficient algorithms. We implemented a stepwise refinement approach, using the novel concept of resource currencies to naturally structure the resource analysis along the refinement chain, and allow a fine-grained analysis of operation counts. Our framework targets the LLVM intermediate representation. We extend its semantics from earlier work with a cost model. As case studies, we verify the amortized constant time push operation on dynamic arrays and the O(n log n) introsort algorithm, and refine them down to efficient LLVM implementations. Our sorting algorithm performs on par with the state-of-the-art implementation found in the GNU C++ Library, and provably satisfies the complexity required by the C++ standard.",wos,llm,0.950,unreviewed,
kept,For a Few Dollars More Verified Fine-Grained Algorithm Analysis Down to LLVM,"Haslbeck, Maximilian P. L.; Lammich, Peter",2021,"PROGRAMMING LANGUAGES AND SYSTEMS, ESOP 2021",10.1007/978-3-030-72019-3_11,https://www.webofscience.com/wos/woscc/full-record/WOS:000787775800011,supports-claim,"We present a framework to verify both, functional correctness and worst-case complexity of practically efficient algorithms. We implemented a stepwise refinement approach, using the novel concept of resource currencies to naturally structure the resource analysis along the refinement chain, and allow a fine-grained analysis of operation counts. Our framework targets the LLVM intermediate representation. We extend its semantics from earlier work with a cost model. As case study, we verify the correctness and O (n log n) worst-case complexity of an implementation of the introsort algorithm, whose performance is on par with the state-of-the-art implementation found in the GNU C++ Library.",wos,llm,0.950,unreviewed,
kept,Refinement of Parallel Algorithms down to LLVM,"Lammich, Peter",2022,"13TH INTERNATIONAL CONFERENCE ON INTERACTIVE THEOREM PROVING, ITP 2022",10.4230/LIPIcs.ITP.2022.24,https://www.webofscience.com/wos/woscc/full-record/WOS:001515575200024,supports-claim,"We present a stepwise refinement approach to develop verified parallel algorithms, down to efficient LLVM code. The resulting algorithms' performance is competitive with their counterparts implemented in C/C++. Our approach is backwards compatible with the Isabelle Refinement Framework, such that existing sequential formalizations can easily be adapted or re-used. As case study, we verify a parallel quicksort algorithm, and show that it performs on par with its C++ implementation, and is competitive to state-of-the-art parallel sorting algorithms.",wos,llm,0.970,unreviewed,
discarded,Graphical Transformation of OWL Ontologies to Event-B Formal Models,"Alkhammash, Eman H.",2022,CMC-COMPUTERS MATERIALS & CONTINUA,10.32604/cmc.2022.015987,https://www.webofscience.com/wos/woscc/full-record/WOS:000705006000020,adjacent-subtopic,"Formal methods use mathematical models to develop systems. Ontologies are formal specifications that provide reusable domain knowledge representations. Ontologies have been successfully used in several data-driven applications, including data analysis. However, the creation of formal models from informal requirements demands skill and effort. Ambiguity, inconsistency, imprecision, and incompleteness are major problems in informal requirements. To solve these problems, it is necessary to have methods and approaches for supporting the mapping of requirements to formal specifications. The purpose of this paper is to present an approach that addresses this challenge by using the Web Ontology Language (OWL) to construct Event-B formal models and support data analysis. Our approach reduces the burden of working with the formal notations of OWL ontologies and Event-B models and aims to analyze domain knowledge and construct Event-B models from OWL ontologies using visual diagrams. The idea is based on the transformation of OntoGraf diagrams of OWL ontologies to UML-B diagrams for the purpose of bridging the gap between OWL ontologies and Event-B models. Visual data exploration assists with both data analysis and the development of Event-B formal models. To manage complexity, Event-B supports stepwise refinement to allow each requirement to be introduced at the most appropriate stage in the development process. UML-B supports refinement, so we also introduce an approach that allows us to divide and layer OntoGraf diagrams.",wos,llm,0.790,unreviewed,
discarded,A workflow for streamlined acquisition and correlation of serial regions of interest in array tomography,"Gabarre, Sergio; Vernaillen, Frank; Baatsen, Pieter; Vints, Katlijn; Cawthorne, Christopher; Boeynaems, Steven; Michiels, Emiel; Vandael, Dorien; Gounko, Natalia, V; Munck, Sebastian",2021,BMC BIOLOGY,10.1186/s12915-021-01072-7,https://www.webofscience.com/wos/woscc/full-record/WOS:000683156000002,off-topic-false-hit,"BackgroundArray tomography (AT) is a high-resolution imaging method to resolve fine details at the organelle level and has the advantage that it can provide 3D volumes to show the tissue context. AT can be carried out in a correlative way, combing light and electron microscopy (LM, EM) techniques. However, the correlation between modalities can be a challenge and delineating specific regions of interest in consecutive sections can be time-consuming. Integrated light and electron microscopes (iLEMs) offer the possibility to provide well-correlated images and may pose an ideal solution for correlative AT. Here, we report a workflow to automate navigation between regions of interest.ResultsWe use a targeted approach that allows imaging specific tissue features, like organelles, cell processes, and nuclei at different scales to enable fast, directly correlated in situ AT using an integrated light and electron microscope (iLEM-AT). Our workflow is based on the detection of section boundaries on an initial transmitted light acquisition that serves as a reference space to compensate for changes in shape between sections, and we apply a stepwise refinement of localizations as the magnification increases from LM to EM. With minimal user interaction, this enables autonomous and speedy acquisition of regions containing cells and cellular organelles of interest correlated across different magnifications for LM and EM modalities, providing a more efficient way to obtain 3D images. We provide a proof of concept of our approach and the developed software tools using both Golgi neuronal impregnation staining and fluorescently labeled protein condensates in cells.ConclusionsOur method facilitates tracing and reconstructing cellular structures over multiple sections, is targeted at high resolution ILEMs, and can be integrated into existing devices, both commercial and custom-built systems.",wos,llm,0.990,unreviewed,
discarded,Privacy-Preserving Behavioral Correctness Verification of Cross-Organizational Workflow With Task Synchronization Patterns,"Liu, Cong; Zeng, Qingtian; Cheng, Long; Duan, Hua; Zhou, Mengchu; Cheng, Jiujun",2021,IEEE TRANSACTIONS ON AUTOMATION SCIENCE AND ENGINEERING,10.1109/TASE.2020.2993376,https://www.webofscience.com/wos/woscc/full-record/WOS:000670593000014,adjacent-subtopic,"Workflow management technology has become a key means to improve enterprise productivity. More and more workflow systems are crossing organizational boundaries and may involve multiple interacting organizations. This article focuses on a type of loosely coupled workflow architecture with collaborative tasks, i.e., each business partner owns its private business process and is able to operate independently, and all involved organizations need to be synchronized at a certain point to complete certain public tasks. Because of each organization's privacy consideration, they are unwilling to share the business details with others. In this way, traditional correctness verification approaches via reachability analysis are not practical as a global business process model is unavailable for privacy preservation. To ensure its globally correct execution, this work establishes a correctness verification approach for the cross-organizational workflow with task synchronization patterns. Its core idea is to use local correctness of each suborganizational workflow process to guarantee its global correctness. We prove that the proposed approach can be used to investigate the behavioral property preservation when synthesizing suborganizational workflows via collaborative tasks. A medical diagnosis running case is used to illustrate the applicability of the proposed approaches. Note to Practitioners-Cross-organizational workflow verification techniques play an increasingly important role in ensuring the correct execution of collaborative enterprise businesses. This work addresses the issue of correctness verification for loosely coupled interactive workflows with collaborative tasks. To ensure the globally correct execution, a behavioral correctness verification approach is established. All proposed concepts and techniques are supported by open-source tools, and evaluation over a medical diagnosis process case has shown their applicability. The proposed methodology is readily applicable to industrial-size workflow correctness verification problems.",wos,llm,0.920,unreviewed,
discarded,Resource-Efficient Characterisation of Pit Latrine Sludge for Use in Agriculture,"Kalulu, Khumbo; Thole, Bernard; Mkandawire, Theresa; Kululanga, Grant",2021,SUSTAINABILITY,10.3390/su13094702,https://www.webofscience.com/wos/woscc/full-record/WOS:000650869700001,off-topic-false-hit,"Resource recovery through reuse of by-products of the sanitation chain presents a great potential towards ensuring universal access to safely managed sanitation. Many developing countries are faced with uncertainty over public and environmental health concerns associated with use of faecal sludge in agriculture. Due to resource constraints, limited data exists on the characteristics of faecal sludge to inform proper and safe use in agriculture. Despite predictive characterisation being demonstrated to be a resource-efficient approach to generate data in other fields, its application in agricultural resource recovery from faecal sludge is lacking in the literature. This paper explored predictive modelling as a less resource-intensive approach for characterisation of nutrients and pathogens in faecal sludge. Specifically, it investigated the extent to which gravimetric parameters could predict nutrients and pathogens in pit latrine sludge from informal settlements in the cities of Malawi. The study explored predictive models to estimate total ammoniacal nitrogen (TAN), total phosphorus (TP), E.coli and helminth eggs from gravimetric parameters (total solids [TS] and total volatile solids [TVS]) in pit latrine sludge. The models developed in the study allow substantially reliable estimation of TAN (R-pred(2) = 75.4%) and TP (R-pred(2) = 78.2%); they also provide moderately reliable predictions for E.coli (R-pred(2) = 69.1%) and helminth eggs (R-pred(2) = 74.3%) from total solids. Since total solids are easy and inexpensive to measure, the models present an option that can reduce resource requirement for characterisation of pit latrine sludge for informed decision-making when using pit latrine sludge in agriculture. In the absence of data on faecal sludge characteristics at the national level, the models provide a starting point for estimation of pathogens and nutrients in sludge for agricultural use. However, stepwise refinement of the models needs to be done through their validation for different types of sludge and inclusion of spatially available demographic, technical and environmental (SPA-DET) data.",wos,llm,0.990,unreviewed,
kept,A PROPOSAL OF AN EDUCATIONAL SUPPORT WEB SYSTEM AND SAMPLE PROBLEMS IN JAVA PROGRAMMING EXERCISES FOR OBJECT-ORIENTED DEVELOPMENT BY STEPWISE REFINEMENT,"Ishii, Reo; Tsuji, Kento; Tominaga, Hiroyuki",2019,EDULEARN19: 11TH INTERNATIONAL CONFERENCE ON EDUCATION AND NEW LEARNING TECHNOLOGIES,,https://www.webofscience.com/wos/woscc/full-record/WOS:000553304900081,supports-claim,"In introductory Java exercises, students learn basic object-oriented concepts and implement the functions of each object. In this research, we propose a Java programming exercise and its support system that leads toward stepwise development style. The system merges a partially completed answer code into the appropriate part of the exemplar code and performs various tests. We aim for exercises that students continually improve the code to satisfy stepwise test cases and can aware of the responsibilities of each object. In this paper, we describe functions of a trial version of the support system and prepared some easy problems for stepwise development. We discuss the appropriateness of the problems in the exercise.",wos,llm,0.960,unreviewed,
discarded,Automated semantics-preserving parallel decomposition of finite component and connector architectures,"Kautz, Oliver; Rumpe, Bernhard; Wortmann, Andreas",2020,AUTOMATED SOFTWARE ENGINEERING,10.1007/s10515-020-00268-5,https://www.webofscience.com/wos/woscc/full-record/WOS:000526209400001,adjacent-subtopic,"For the systematic development of logical, message-driven architectures, automating parallel decomposition of software components is important to achieve efficient modular and parallel system development. During development, monolithic components that realize multiple independent concerns need to be decomposed to obtain a higher quality architecture of cohesively encapsulated, better comprehensive components. Previous work did not address automated parallel decomposition of finite message-driven and logically timed components with respect to the influence of messages received via input channels on the messages sent via output channels. This, however, is a necessary prerequisite to enable the analysis of event chains across logically distributed architectures. To address this, we present a concept of influence between channels of components that supports automated semantics-preserving parallel decomposition of finite deterministic component implementations into independent, more comprehensible components that are better accessible for analysis and development. Therefore, we extend the Focus theory of time-synchronous components with the concept of influence, present a decomposition procedure leveraging this, and prove that the resulting system is semantically equivalent. This enables automatically decomposing monolithic software components (e.g., for stepwise refinement or refactoring) into smaller components of better cohesion and comprehensibility and thus facilitates automated software engineering.",wos,llm,0.760,unreviewed,
discarded,Semantic Evolution Analysis of Feature Models,"Drave, Imke; Kautz, Oliver; Michael, Judith; Rumpe, Bernhard",2020,"SPLC'19: PROCEEDINGS OF THE 23RD INTERNATIONAL SYSTEMS AND SOFTWARE PRODUCT LINE CONFERENCE, VOL A",10.1145/3336294.3336300,https://www.webofscience.com/wos/woscc/full-record/WOS:000525366100039,adjacent-subtopic,"During the development process, feature models change continuously. Analyzing the semantic differences between consecutive feature model versions is important throughout the entire development process to detect unintended changes of the modeled product line. Previous work introduced a semantic differencing technique for feature models based on a closed-world assumption, which reveals the differences between two feature models when allowing products to only contain features used in the models. However, this does not reflect the stepwise refinement of feature models in early development stages. Therefore, we introduce an open-world semantics, an automatic method for semantic differencing of feature models with respect to the novel semantics, and formally relate the open- and closed-world semantics. We formally prove our results, including the relation between the different semantics as well as the soundness and completeness of the semantic differencing procedure. In conjunction with previous work, the results enable effective semantic feature model evolution analyses throughout the entire development process.",wos,llm,0.880,unreviewed,
