status,title,authors,year,venue,doi,url,tags,abstract,provider,decision_source,llm_confidence,llm_review_outcome,llm_change_direction
kept,Coercing Real-time Refinement: A Transmitter,Ian J. Hayes; Mark Utting,1996,Electronic workshops in computing,10.14236/ewic/fa1996.9,https://openalex.org/W1614698497,supports-claim,"Our overall goal is to support the development of real-time programs from specifications via a process of stepwise refinement. One problem in developing a real-time program in a high-level programming language is that it is not possible to determine the detailed timing characteristics of the program until the compiler and target machine are taken into account. To overcome this problem the programming language can be augmented with directives specifying real-time constraints; it is a compile-time error if the compiler cannot guarantee that the generated code will meet them. During the refinement process the timing directives are inserted into the program in order to ensure it meets the specification. The paper introduces the real-time directives, gives a set of laws for real-time refinement, and illustrates their use in the refinement of a simple real-time transmitter.",openalex,llm,0.950,unreviewed,
kept,Towards programming with knowledge expressions,Reino Kurki-Suonio,1986,,10.1145/512644.512657,https://openalex.org/W2068836693,supports-claim,"Explicit use of knowledge expressions in the design of distributed algorithms is explored. A non-trivial case study is carried through, illustrating the facilities that a design language could have for setting and deleting the knowledge that the processes possess about the global state and about the knowledge of other processes. No implicit capabilities for logical reasoning are assumed. A language basis is used that allows common knowledge not only by an eager protocol but also in the true sense. The observation is made that the distinction between these two kinds of common knowledge can be associated with the level of abstraction: true common knowledge of higher levels of abstraction: true common knowledge of higher levels can be implemented as eager common knowledge on lower levels. A knowledge-motivated abstraction tool is therefore suggested to be useful in supporting stepwise refinement of distributed algorithms.",openalex,llm,0.850,unreviewed,
kept,Developing Logic Programs from Specifications Using Stepwise Refinement,Robert J. Colvin; Lindsay Groves; Ian J. Hayes; David Hemer; Ray Nickson; Paul Strooper,2004,Lecture notes in computer science,10.1007/978-3-540-25951-0_3,https://openalex.org/W2097018727,supports-claim,,openalex,llm,0.880,unreviewed,
kept,Stepwise Refinement in Event-B CSP. Part 1: Safety,Steve Schneider; Helen Treharne; Heike Wehrheim,2011,Surrey Research Insight Open Access (The University of Surrey),,https://openalex.org/W1592930986,supports-claim,"This technical report provides the CSP semantic basis for stepwise refinement in Event-B!CSP. It provides the foundation for combining Event- B machines with CSP control processes in the context of refinement. A number of proof rules are presented which are sufficient to establish refinement of an Event-B!CSP combination. This report focuses on traces, both finite and infinite, which allows consideration of safety specifications and also consideration of divergence-freedom. Several refinement steps in Event-B!CSP in the development of a simple bounded retransmission protocol are presented to illustrate the approach.",openalex,llm,0.950,unreviewed,
kept,Modelling and verification of delay-insensitive circuits using CCS and the Concurrency Workbench,Hemangee K. Kapoor; Mark B. Josephs,2004,Information Processing Letters,10.1016/j.ipl.2003.12.007,https://openalex.org/W2093834030,supports-claim,,openalex,llm,0.870,unreviewed,
kept,Fault tolerance in a layered architecture: a general specification pattern in B,Linas Laibinis; Elena Troubitsynå,2004,,10.1109/sefm.2004.16,https://openalex.org/W1581224675,supports-claim,"Dependable control systems are usually complex and prone to errors of various natures. Such systems are often built in a modular and layered fashion. To guarantee system dependability, we need to develop software that is not only fault-free but also is able to cope with faults of other system components. In this paper we propose a general formal specification pattern that can be recursively applied to specify fault tolerance mechanisms at each architectural layer. Iterative application of this pattern via stepwise refinement in the B method results in development of a layered fault tolerant system correct by construction. We demonstrate the proposed approach by an excerpt from a realistic case study – development of liquid handling workstation Fillwell TM.",openalex,llm,0.920,unreviewed,
kept,The control structure diagram: an automated graphical stepwise refinement tool with control constructs (software),II James H. Cross,1986,,,https://openalex.org/W2911629015,supports-claim,,openalex,llm,0.860,unreviewed,
kept,The case for structured programming,Henry Ledgard,1974,BIT Numerical Mathematics,10.1007/bf01933117,https://openalex.org/W2012659712,supports-claim,,openalex,llm,0.740,unreviewed,
discarded,Novel Node Localization Algorithm Based on Nonlinear Weighting Least Square for Wireless Sensor Networks,Fu Xiao; Mingtan Wu; Haiping Huang; Ruchuan Wang; Sudan Wang,2012,International Journal of Distributed Sensor Networks,10.1155/2012/803840,https://openalex.org/W2102252761,off-topic-false-hit,"Positioning of the location information of wireless sensor network nodes is one of the key issues in wireless sensor network applications. The traditional node positioning method based on least-square algorithm heavily depends on the ranging accuracy, and therefore cannot guarantee high precision. This paper presents a new method for wireless sensor network node positioning based on nonlinear weighting least-square algorithm. Regarding ranging equation error-weighted sum as a whole, this method starts with the initial iteration point of stepwise refinement to explore the optimal solution and further reduces the positioning computational complexity by the simplification of the Taylor equation. Experimental results demonstrate that promising results have been achieved by using this method.",openalex,llm,0.990,unreviewed,
discarded,SOM Modeling of Business Systems,Otto K. Ferstl; Elmar J. Sinz,1998,,10.1007/978-3-662-03526-9_15,https://openalex.org/W190745070,adjacent-subtopic,,openalex,llm,0.630,unreviewed,
discarded,Refinement based verification of imperative data structures,Peter Lammich,2016,,10.1145/2854065.2854067,https://openalex.org/W2293405767,adjacent-subtopic,"In this paper we present a stepwise refinement based top-down approach to verified imperative data structures. Our approach is modular in the sense that already verified data structures can be used for construction of more complex data structures. Moreover, our data structures can be used as building blocks for the verification of algorithms. Our tool chain supports refinement down to executable code in various programming languages, and is fully implemented in Isabelle/HOL, such that its trusted code base is only the inference kernel and the code generator of Isabelle/HOL. As a case study, we verify an indexed heap data structure, and use it to generate an efficient verified implementation of Dijkstra's algorithm.",openalex,llm,0.920,unreviewed,
kept,Stepwise Refinement In Executable-Uml For Embedded System Design: A Preliminary Study,Nurul Azma Zakaria; Masahiro Kimura; Noriko Matsumoto; Norihiko Yoshida,2009,,10.5281/zenodo.1084997,https://openalex.org/W2244684792,supports-claim,"The fast growth in complexity coupled with requests for shorter development periods for embedded systems are bringing demands towards a more effective, i.e. higher-abstract, design process for hardaware/software integrated design. In Software Engineering area, Model Driven Architecture (MDA) and Executable UML (xUML) has been accepted to bring further improvement in software design. This paper constructs MDA and xUML stepwise transformations from an abstract specification model to a more concrete implementation model using the refactoring technique for hardaware/software integrated design. This approach provides clear and structured models which enables quick exploration and synthesis, and early stage verification.",openalex,llm,0.890,unreviewed,
kept,Executable specifications for a human-computer interface,Robert J.K Jacob,1983,,10.1145/800045.801575,https://openalex.org/W1987532091,supports-claim,"It is useful to be able to specify a proposed human-computer interface formally before building it, particularly if a mockup suitable for testing can be obtained directly from the specification. A specification technique for user interfaces, based on state transition diagrams, is introduced and then demonstrated for a secure message system application. An interpreter that executes the resulting specification is then described. Some problems that arise in specifying a user interface are addressed by particular features of the technique: To reduce the complexity of the developer's task, a user interface is divided into the semantic, syntactic, and lexical levels, and a separate executable specification is provided for each. A process of stepwise refinement of the syntactic specification, leading from an informal specification to an executable one is also presented. Since the state diagram notation is based on a non-deterministic model, constraints necessary to realize the system with a deterministic interpreter are given.",openalex,llm,0.900,unreviewed,
discarded,Some paradigms for visualizing parallel execution of logic programs,Manuel Carro; Luis Ignacio López Gómez; Manuel V. Hermenegildo,1993,,,https://openalex.org/W1746124745,adjacent-subtopic,"This paper addresses the design of visual paradigms for observing the parallel execution of logic programs. First, an intuitive method is proposed for arriving at the design of a paradigm and its implementation as a tool for a given model of parallelism. This method is based on stepwise refinement starting from the definition of basic notions such as events and observables and some precedence relationships among events which hold for the given model of parallelism. The method is then applied to several types of parallel execution models for logic programs (Or– parallelism, Determinate Dependent And parallelism, Restricted And–parallelism) for which visualization paradigms are designed. Finally, VisAndOr, a tool which implements all of these paradigms is presented, together with a discussion of its usefulness through examples. 1",openalex,llm,0.700,unreviewed,
discarded,A Compositional Framework for Service Interaction Patterns and Interaction Flows,Alistair Barros; Egon Börger,2005,Lecture notes in computer science,10.1007/11576280_2,https://openalex.org/W2171692941,adjacent-subtopic,,openalex,llm,0.740,unreviewed,
discarded,A stepwise refinement approach to approximating the Pareto surface in nonlinear multiobjective optimisation,Pertti Pulkkinen,2006,Aaltodoc (Aalto University),,https://openalex.org/W2891950802,off-topic-false-hit,,openalex,llm,0.990,unreviewed,
discarded,Modular verification of Petri Nets,Werner Damm; Gert Döhmen; Volker Gerstner; Bernhard Josko,1990,Lecture notes in computer science,10.1007/3-540-52559-9_65,https://openalex.org/W1538935805,adjacent-subtopic,,openalex,llm,0.710,unreviewed,
discarded,Circumscribing a convex polygon by a polygon of fewer sides with minimal area addition,Dov Dori; Moshe Ben-Bassat,1983,Computer Vision Graphics and Image Processing,10.1016/0734-189x(83)90040-3,https://openalex.org/W2084642194,off-topic-false-hit,,openalex,llm,0.990,unreviewed,
discarded,Building traceable Event-B models from requirements,Eman H. Alkhammash; Michael Butler; Asieh Salehi Fathabadi; Corina Ĉırstea,2015,Science of Computer Programming,10.1016/j.scico.2015.06.002,https://openalex.org/W2095991773,adjacent-subtopic,,openalex,llm,0.900,unreviewed,
kept,Parallel actor monitors: Disentangling task-level parallelism from data partitioning in the actor model,Christophe Scholliers; Éric Tanter; Wolfgang De Meuter,2013,Science of Computer Programming,10.1016/j.scico.2013.03.011,https://openalex.org/W2044282430,supports-claim,,openalex,llm,0.860,unreviewed,
discarded,An Algorithm for Parsing Flow Graphs,Daniel Brotsky,1984,,10.21236/ada142440,https://openalex.org/W1571654678,adjacent-subtopic,"This report describes research about flow graphs - labeled, directed, acyclic graphs which abstract representations used in a variety of Artificial Intelligence applications. Flow graphs may be derived from flow grammars much as strings may be derived from string grammars; this derivation process forms a useful model for the stepwise refinement processes used in programming and other engineering domains. The central result of this report is a parsing algorithm for flow graphs. Given a flow grammar and a flow graph, the algorithm determines whether the grammar generates the graph and, if so, finds all possible derivations for it. The author has implemented the algorithm in LISP. The intent of this report is to make flow-graph parsing available as an analytic tool for researchers in Artificial Intelligence. The report explores the intuitions behind the parsing algorithm, contains numerous, extensive examples of its behavior, and provides some guidance for those who wish to customize the algorithm to their own uses.",openalex,llm,0.800,unreviewed,
kept,The application of high-level languages to single-chip digital signal processors,Ray Simar; A.J. Davis,2003,,10.1109/icassp.1988.196938,https://openalex.org/W2133631584,supports-claim,"Strategies leading to the efficient use of high-level languages (HLLs) on single-chip digital signal processors (DSPs) are discussed. The discussion progresses from the specification of a particular algorithm, through stepwise refinements, to an optimized implementation for the DSP. For the purpose of illustration, Texas Instruments' high-performance floating-point DSP (the TMS320C30) and its optimizing C compiler are used. The execution of general-purpose code is considered. The TMS320C30 and its optimizing C compiler combine to attain 10987 Dhrystones/s.>",openalex,llm,0.850,unreviewed,
kept,Developing security protocols by refinement,Christoph Sprenger; David Basin,2010,,10.1145/1866307.1866349,https://openalex.org/W2098588231,supports-claim,"We propose a development method for security protocols based on stepwise refinement. Our refinement strategy guides the transformation of abstract security goals into protocols that are secure when operating over an insecure channel controlled by a Dolev-Yao-style intruder. The refinement steps successively introduce local states, an intruder, communication channels with security properties, and cryptographic operations realizing these channels. The abstractions used provide insights on how the protocols work and foster the development of families of protocols sharing a common structure and properties. In contrast to post-hoc verification methods, protocols are developed together with their correctness proofs. We have implemented our method in Isabelle/HOL and used it to develop different entity authentication and key transport protocols.",openalex,llm,0.940,unreviewed,
discarded,A logical operational semantics of full Prolog,Egon Börger,1990,Lecture notes in computer science,10.1007/3-540-52753-2_31,https://openalex.org/W1479704934,adjacent-subtopic,,openalex,llm,0.680,unreviewed,
kept,Stepwise Refinement of Software Development Problem Analysis,Tsutomu Kobayashi; Fuyuki Ishikawa; Shinichi Honiden,2016,Lecture notes in computer science,10.1007/978-3-319-46397-1_37,https://openalex.org/W2528655330,supports-claim,,openalex,llm,0.930,unreviewed,
discarded,High precision wavelength meter with Fabry-Perot optics,Naoki Konishi; Takanori Suzuki; Y. Taira; Hiroshi Kato; Tadashi Kasuya,1981,Applied Physics A,10.1007/bf00902989,https://openalex.org/W2063924129,off-topic-false-hit,,openalex,llm,1.000,unreviewed,
kept,A verified prover based on ordered resolution,Anders Schlichtkrull; Jasmin Christian Blanchette; Dmitriy Traytel,2019,,10.1145/3293880.3294100,https://openalex.org/W2904573932,supports-claim,"The superposition calculus, which underlies first-order theorem provers such as E, SPASS, and Vampire, combines ordered resolution and equality reasoning. As a step towards verifying modern provers, we specify, using Isabelle/HOL, a purely functional first-order ordered resolution prover and establish its soundness and refutational completeness. Methodologically, we apply stepwise refinement to obtain, from an abstract nondeterministic specification, a verified deterministic program, written in a subset of Isabelle/HOL from which we extract purely functional Standard ML code that constitutes a semidecision procedure for first-order logic.",openalex,llm,0.960,unreviewed,
discarded,Formalizing the Edmonds-Karp Algorithm,Peter Lammich; S. Reza Sefidgar,2016,Lecture notes in computer science,10.1007/978-3-319-43144-4_14,https://openalex.org/W2477881860,adjacent-subtopic,,openalex,llm,0.940,unreviewed,
kept,A Formal Framework of Shielding Systems by Stepwise Refinement.,Jiabin Zhu; Wenchao Huang; Fuyou Miao; Cheng Su; Baohua Zhao; Yan Xiong,2020,,,https://openalex.org/W3003682443,supports-claim,,openalex,llm,0.720,unreviewed,
kept,Transformation of Logic Programs,Alberto Pettorossi; Maurizio Proietti,1998,Oxford University Press eBooks,10.1093/oso/9780198537922.003.0013,https://openalex.org/W3104144878,qualifies-claim,"Program transformation is a methodology for deriving correct and efficient programs from specifications. In this chapter, we will look at the so called ’rules + strategies’ approach, and we will report on the main techniques which have been introduced in the literature for that approach, in the case of logic programs. We will also present some examples of program transformation, and we hope that through those examples the reader may acquire some familiarity with the techniques we will describe. The program transformation approach to the development of programs has been first advocated in the case of functional languages by Burstall and Darlington [1977]. In that seminal paper the authors give a comprehensive account of some basic transformation techniques which they had already presented in [Darlington, 1972; Burstall and Darlington, 1975]. Similar techniques were also developed in the case of logic languages by Clark and Sickel [1977], and Hogger [1981], who investigated the use of predicate logic as a language for both program specification and program derivation. In the transformation approach the task of writing a correct and efficient program is realized in two phases. The first phase consists in writing an initial, maybe inefficient, program whose correctness can easily be shown, and the second phase, possibly divided into various subphases, consists in transforming the initial program with the objective of deriving a new program which is more efficient. The separation of the correctness concern from the efficiency concern is one of the major advantages of the transformation methodology. Indeed, using this methodology one may avoid some difficulties often encountered in other approaches. One such difficulty, which may occur when following the stepwise refinement approach, is the design of the invariant assertions, which may be quite intricate, especially when developing very efficient programs. The experience gained during the past two decades or so shows that the methodology of program transformation is very valuable and attractive, in particular for the task of programming ‘in the small’, that is, for writing single modules of large software systems.",openalex,llm,0.880,unreviewed,
discarded,Optimal segmentation of a high-resolution remote-sensing image guided by area and boundary,Jie Chen; Min Deng; Xiaoming Mei; Tieqiao Chen; Quanbin Shao; Hong Liang,2014,International Journal of Remote Sensing,10.1080/01431161.2014.960617,https://openalex.org/W2076198115,off-topic-false-hit,"Image segmentation is the premise of object-based image analysis (OBIA), and obtaining an optimal segmentation result has been a desire for many researchers. This article proposes an optimal segmentation method for a high-resolution remote-sensing image that is guided by spatial features of area and boundary. This method achieves an optimal result through stepwise refinement on multi-scale segmentations. First, boundary strength is integrated into the choice for the optimal scale based on an improved unsupervised evaluation. Then, under-segmented objects (USOs) and over-segmented objects (OSOs) at the selected optimal scale are identified using a heterogeneity histogram and a slider-like threshold with the guidance of area and boundary. Finally, the corresponding objects, in a specific finer segmentation, are taken to replace the USOs at the optimal scale, and then the USOs and OSOs are refined by an effective merging mechanism. A heterogeneity-change-based merging criterion considering boundary, shape, spectral, and texture features is constructed for the merging of neighbouring objects. The proposed method is more effective than the unsupervised image segmentation evaluation and refinement (UISER) method as it uses spatial features to guide optimal choice of scale, and USO and OSO identification and refinement. Comparative experiments show that the spatial features used in the proposed method are effective for achieving an enhanced segmentation result.",openalex,llm,0.990,unreviewed,
