status,title,authors,year,venue,doi,url,tags,abstract,provider,decision_source,llm_confidence,llm_review_outcome,llm_change_direction
discarded,Design and Realization of Bus Automatic Reporting Station System,JianBo Zhang; Yin Qun; Gu Ji,2018,"2018 IEEE 3rd Advanced Information Technology, Electronic and Automation Control Conference (IAEAC)",10.1109/IAEAC.2018.8577829,https://ieeexplore.ieee.org/document/8577829/,off-topic-false-hit,"In this paper, based on the traditional bus stops system, combining with the characteristics of the use of public transport vehicles and the actual operating environment, design a kind of bus stops are automatically controlled by the single chip microcomputer system, this paper introduces the system at the start of the overall design thought, after detailed research and analysis is mainly focused on the two aspects of hardware and software design of the whole system. Hardware, use AT89C51 single chip microcomputer as controller, makes the design of the hardware system simplification, the system hardware design including keyboard circuit and reset circuit, display driver circuit, display circuit, memory expansion circuit module. Application software, KeilVision4. Write the main program, using the modularization and the top-down design concept to achieve the single chip microcomputer control of the various modules, in detail the design of each part of the application. At the end of the paper, the software and hardware debugging of the whole system is briefly introduced and summarized.",ieee,llm,0.950,unreviewed,
discarded,ARM-Based Distributed Multi-Signal Acquisition System Design,Fang Wu; Fanrong Meng; Chenyan Zhou; Zhizhuang Luo; Shaolong Chai; Jiandong Zhang,2024,2024 6th International Conference on Electronic Engineering and Informatics (EEI),10.1109/EEI63073.2024.10696447,https://ieeexplore.ieee.org/document/10696447/,off-topic-false-hit,"In order to meet the real-time and reliable multi-data interaction between avionics equipment, this paper adopts the “top-down” design method to design a distributed multi-signal acquisition system based on ARM, which connects the avionics equipment through cables, and provides working excitation for the avionics equipment through the analog interfaces, RS422 interfaces, ARINC429 interfaces, and collects data such as output status and output parameters in real time. Avionics equipment provides working excitation and real-time acquisition of data such as output status and output parameters of avionics equipment, and summarizes all kinds of signals to the interface master computer through Ethernet. The high degree of modularization and integration of the system allows incremental modification of the module units, which has good flexibility and strong system scalability.",ieee,llm,0.950,unreviewed,
kept,A formal approach to program modification,L. Groves,2000,Proceedings Seventh Asia-Pacific Software Engeering Conference. APSEC 2000,10.1109/APSEC.2000.896709,https://ieeexplore.ieee.org/document/896709/,adjacent-subtopic; supports-claim,"This paper presents a systematic approach to implementing certain kinds of program modifications, in which (conceptually at least) the modification is implemented as a separate program and then integrated with the original program using semantically based transformations. This approach allows us to ensure that the required modification is implemented correctly and also allows us to explore different ways of implementing a given modification. The approach is illustrated informally using an example where the modification can be implemented in two distinct ways, and then formalised within the refinement calculus by defining a program conjunction operator whose properties justify the transformations required in the example.",ieee,llm,0.880,unreviewed,
kept,Transactional programming for distributed agent systems,V.K. Murthy,1996,Proceedings of 1996 International Conference on Parallel and Distributed Systems,10.1109/ICPADS.1996.517546,https://ieeexplore.ieee.org/document/517546/,adjacent-subtopic; supports-claim,"A new multiagent programming paradigm based on the transactional logic model is developed. This paradigm enables us to construct a distributed agent transactional program (DATRAP). Such a construction is carried out in two stages: first expressing a program into a production rule system, and then converting the rule applications into a set of transactions on a database of active objects represented using high-level data structures. The formal specification and refinement calculus are key features in the development of a DATRAP. We also indicate how to specify granularity of parallelism and also achieve several types of parallelism. One can associate with a DATRAP two different types of execution semantics called set-based and instance-based semantics. We also show how to prove correctness of DATRAP, achieve maximal concurrence and reduce the complexity of a distributed program.",ieee,llm,0.840,unreviewed,
kept,A weakest precondition semantics for refinement of object-oriented programs,A. Cavalcanti; D.A. Naumann,2000,IEEE Transactions on Software Engineering,10.1109/32.879810,https://ieeexplore.ieee.org/document/879810/,supports-claim,"We define a predicate-transformer semantics for an object oriented language that includes specification constructs from refinement calculi. The language includes recursive classes, visibility control, dynamic binding, and recursive methods. Using the semantics, we formulate notions of refinement. Such results are a first step toward a refinement calculus.",ieee,llm,0.920,unreviewed,
kept,Execution Semantics for rCOS,Zheng Wang; Xiao Yu; Geguang Pu; Libo Feng; Huibiao Zhu; Jifeng He,2008,2008 15th Asia-Pacific Software Engineering Conference,10.1109/APSEC.2008.11,https://ieeexplore.ieee.org/document/4724539/,adjacent-subtopic; supports-claim,"rCOS, the abbreviation of Refinement Calculus for Object Systems, is designed to present mathematical characterization of essential object-oriented concepts for an object-based language with a rich variety of features including subtypes, inheritance, type casting, dynamic binding and polymorphism. This paper represents an operational semantics for the rCOS language based on labeled transition systems. The result semantics shows the process of how the effects of an rCOS program are produced. It can be a secure guide for the implementation of the rCOS language, which is being carried out by our group. For the purpose of extending verifiability and functionality, a set of auxiliary language features is introduced to the rCOS language. Concurrent execution structure is designed to specify multi-threaded programs. Also the simulation is introduced to specify the observable behaviors of objects, and it can be regarded as the refinement relation defined in denotational domain to some extent.",ieee,llm,0.900,unreviewed,
kept,Deriving programs by combining and adapting refinement scripts,L. Groves,1995,Proceedings 1995 Asia Pacific Software Engineering Conference,10.1109/APSEC.1995.496984,https://ieeexplore.ieee.org/document/496984/,qualifies-claim; criticism,"Although program refinement is usually presented as a top-down process, real programs are usually constructed by extending, adapting and combining existing programs. We show how this kind of program development can be performed within the refinement calculus using editable refinement scripts, which can be extended, adapted and combined in this way. Our approach is illustrated by a sequence of examples, beginning with a list insertion algorithm and culminating in a stable sorting algorithm.",ieee,llm,0.960,unreviewed,
kept,A Refinement Based Framework for Computing Loop Behavior,Ali Mili,2007,31st IEEE Software Engineering Workshop (SEW 2007),10.1109/SEW.2007.87,https://ieeexplore.ieee.org/document/4402773/,adjacent-subtopic; supports-claim,"The development, certification and evolution of dependable software requires the ability to analyze software artifacts in all their extensive detail. This, in turn, is contingent upon availability of reliable, certified tools that can rigorously analyze the behavior and properties of software artifacts. One of the most difficult challenges in the development of such a tool is the ability to derive the function of a loop from a static analysis of its source code. In this paper, we discuss the main tenets of our approach to this problem, based on a relation-theoretic refinement calculus, and outline its results, insights, and prospects.",ieee,llm,0.860,unreviewed,
kept,Composition and refinement of behavioral specifications,D. Pavlovic; D.R. Smith,2001,Proceedings 16th Annual International Conference on Automated Software Engineering (ASE 2001),10.1109/ASE.2001.989801,https://ieeexplore.ieee.org/document/989801/,supports-claim,"This paper presents a mechanizable framework for specifying, developing, and reasoning about complex systems. The framework combines features from algebraic specifications, abstract state machines, and refinement calculus, all couched in a categorical setting. In particular, we show how to extend algebraic specifications to evolving specifications (especs) in such a way that composition and refinement operations extend to capture the dynamics of evolving, adaptive, and self-adaptive software development, while remaining efficiently computable. The framework is partially implemented in the Epoxi system.",ieee,llm,0.880,unreviewed,
kept,Enhancing dependability via parameterized refinement,E.A. Troubitsyna,1999,Proceedings 1999 Pacific Rim International Symposium on Dependable Computing,10.1109/PRDC.1999.816221,https://ieeexplore.ieee.org/document/816221/,adjacent-subtopic; supports-claim,A probabilistic extension of the refinement calculus has been successfully applied in the design of safety-critical systems. The approach is based on a firm mathematical foundation within which the reasoning about correctness and behavior of the system under construction is carried out. The framework allows us also to obtain a quantitative assessment of the attributes of system dependability. We present an extension of our main design technique-refinement-the so-called parameterized refinement. The purpose of the extension is to create a technique which facilitates refinement of a system in such a way that the dependability of the implementation would be maximal. We mostly focus on the reliability aspect. The parameterized refinement resolves the problem of how to build more reliable systems by incorporating statistical information about a controlled environment and reliabilities of system components in the development process. We illustrate this by a case study-the development of a state monitoring system.,ieee,llm,0.890,unreviewed,
kept,A sound and practical approach to the re-engineering of time-critical systems,H. Zedan; H. Yang,1998,Proceedings of the Second Euromicro Conference on Software Maintenance and Reengineering,10.1109/CSMR.1998.665819,https://ieeexplore.ieee.org/document/665819/,adjacent-subtopic; supports-claim,The authors investigate the re-engineering of time-critical applications using an integration of refinement and transformational techniques. The approach is uniform in the sense that one is able to combined both reverse and forward engineering within the same formal model. The approach is based on designing a wide-spectrum language which is equipped with a specification statement and concrete constructs to cope with concurrency and real-time aspects. The language is an extension of Dijksua's guarded command language with the specification statement taken as a formula expressed in interval temporal logic (ITL). An ITL semantics for WSL is given together with a set of algebraic laws and refinement rules. Reverse engineering is achieved by applying various algebraic laws to produce a structured code (written in WSL) from the original one preserving its semantic equivalence. Such a transformation is done semi-automatically using an extension to MA. The resulting code is considered as an intermediate representation which can then be analysed and used as a basis to construct a higher level of abstraction of the original system. Calculating ITL semantics for the intermediate representation serves as a requirement specification of the original code and is subsequently used as the starting point to forward engineer the system by successive applications of the available refinement calculus. The semantics (an In formula) is produced automatically with the help of the PVS+ toolkit.,ieee,llm,0.870,unreviewed,
kept,Modeling and Verification of an Automatic Train Protection System,Xijiao Xiong; Jing Liu; Miaomiao Zhang; Zuohua Ding,2010,2010 IEEE 34th Annual Computer Software and Applications Conference Workshops,10.1109/COMPSACW.2010.46,https://ieeexplore.ieee.org/document/5615791/,adjacent-subtopic; supports-claim,"Advances in automatic control technologies have made society extremely dependent on control software used in train operation and many other applications. Consequently, the trust ability of control software is crucial. This has led to an increased emphasis on setting up a mechanism that can be used to guarantee the correctness of the models. In this paper, we proposed a process to integrate the modeling and verification techniques in Model Driven Architecture (MDA) and reported a successful application of the method to Automatic Train Protection (ATP) system. The ATP models are constructed and refined based on Refinement Calculus of Object Systems (rCOS). A modeling and verification trustable MDA tool is developed to facilitate the process.",ieee,llm,0.880,unreviewed,
kept,An approach for refining JML specification to object oriented code,Razieh Piri; Seyed-Hassan Mirian-Hosseinabadi,2009,2009 14th International CSI Computer Conference,10.1109/CSICC.2009.5349604,https://ieeexplore.ieee.org/document/5349604/,adjacent-subtopic; supports-claim,"JML is a behavioral interface specification language which has Java as its target implementation language. It combines the idea of using Java expressions from Eiffel language with the model-based approach to specify a program. Refinement calculus is a framework to produce executable code from a specification by preserving the correctness of programs. In this paper some constructs of JML concerning object creation, feature call, exceptional behavior and concurrency constructs are studied and some refinement rules are proposed to obtain an object oriented code in Java from a JML specification containing these constructs. The correctness of these rules is proved by weakest precondition predicate transformer. The refinement of usual constructs in JML such as If-statement, Loop and Assignment from previous works such as Z refinement is also demonstrated.",ieee,llm,0.900,unreviewed,
kept,Consistent code generation from UML models,Quan Long; Zhiming Liu; Xiaoshan Li; He Jifeng,2005,2005 Australian Software Engineering Conference,10.1109/ASWEC.2005.17,https://ieeexplore.ieee.org/document/1401997/,adjacent-subtopic,"Relational calculus of object systems (rCOS) is an OO-language which is equipped with an observation-oriented semantics and a refinement calculus based on the Hoare and He's unifying theories of programming (UTP). In this paper, we give syntactic definitions for class diagrams and sequence diagrams in UML 2.0. Based on these definitions, we give an algorithm for checking the consistency of a class diagram and a sequence diagram. Furthermore, we develop an algorithm to generate rCOS code from any given consistent class diagram and sequence diagram.",ieee,llm,0.860,unreviewed,
kept,"Don't verify, abstract!",C. O'Halloran; A. Smith,1998,Proceedings 13th IEEE International Conference on Automated Software Engineering (Cat. No.98EX239),10.1109/ASE.1998.732573,https://ieeexplore.ieee.org/document/732573/,qualifies-claim; criticism,"Describes a notation and tool for demonstrating to a third-party certifier that software written in a subset of Ada is safe, and gives some experience of using them on real projects. The thesis underlying the design is that people write adequate code, but that they make design and implementation decisions which can conflict with each other to introduce safety problems. The usual paradigm of formally specifying and then developing and verifying the code is less cost-effective than writing the code and then abstracting it to a level that is suitable for human judgements to be made. This is because there are more people who know how to write good code than those who can write effective formal specifications. The tool processes a formal, or informal, argument that code meets its safety requirements using literate programming and concepts from the refinement calculus developed at Oxford University.",ieee,llm,0.820,unreviewed,
kept,A type system for the relational calculus of object systems,Liang Zhao; Xiangpeng Zhao; Quan Long; Zong Yan,2006,11th IEEE International Conference on Engineering of Complex Computer Systems (ICECCS'06),10.1109/ICECCS.2006.1690368,https://ieeexplore.ieee.org/document/1690368/,adjacent-subtopic; supports-claim,"Being a successful technique in software practice, object orientation (OO) is a hot topic in academic research fields. Among many formalisms, rCOS, a refinement calculus of object-oriented systems based on unifying theories of programming (UTP), has been proven a promising one in the sense of its applications to incremental software constructions, the formal use of UML, etc. However, equipped with a semantics reasoning on both static and dynamic properties, rCOS is not designed for static checking. We believe introducing static checking will extend the power of rCOS. In this paper, we develop a type system for rCOS and prove some type safety theorems. To make the theoretical results of this paper convincible and easy to be understood, we follow the traditional approaches of type systems construction. That is, we use an operational semantics as the basic explanation of rCOS language in spite of the fact that rCOS is originally developed in a denotational framework",ieee,llm,0.890,unreviewed,
kept,Refining exceptions using King and Morgan's exit construct,G. Watson,2002,"Ninth Asia-Pacific Software Engineering Conference, 2002.",10.1109/APSEC.2002.1182974,https://ieeexplore.ieee.org/document/1182974/,adjacent-subtopic; supports-claim,"In this paper we discuss the refinement of exceptions. We extend the Guarded Command Language normally used in the refinement calculus, with a simple exception handling statement, which we model using King and Morgan's exit statement (1995). We derive some variants of King and Morgan's refinement laws for their exit statement, and illustrate the approach with an example of a refinement of a simple program.",ieee,llm,0.910,unreviewed,
kept,Transaction Calculus,Jifeng He,2008,2008 11th IEEE High Assurance Systems Engineering Symposium,10.1109/HASE.2008.67,https://ieeexplore.ieee.org/document/4708857/,adjacent-subtopic; supports-claim,"Transaction-based services are increasingly being applied in solving many universal interoperability problems. Compensation is one typical feature for long-running transactions. This paper presents a design model for specifying the behaviour of compensable programs. The new model for handling exception and compensation is built as conservative extension of the standard relational model. The paper puts forward a mathematical framework for transactions where a transaction is treated as a mapping from its environment to compensable programs. We propose a transaction refinement calculus, and show that every transaction can be converted to a primitive one which simply consists of a forward activity and a compensation module.",ieee,llm,0.900,unreviewed,
kept,Formal development of real-time priority-based schedulers,C.C. Seceleanu,2005,12th IEEE International Conference and Workshops on the Engineering of Computer-Based Systems (ECBS'05),10.1109/ECBS.2005.40,https://ieeexplore.ieee.org/document/1409925/,adjacent-subtopic; supports-claim,"We introduce a deductive method for constructing real-time scheduling programs, based on continuous action systems and the higher-order logic of the refinement calculus. The schedulability goal is a guarantee that all the tasks meet their deadlines, at run-time. This analysis reduces to checking that ""always"" temporal properties hold on the task set, by enforcing adequate invariance properties. The initial, conjunctive model of the real-time system is further transformed, through refinement, into a program that obeys a specific scheduling policy. We exemplify our method on the Deadline-Monotonic and the Earliest-Deadline-First algorithms.",ieee,llm,0.900,unreviewed,
