status,title,authors,year,venue,doi,url,tags,abstract,provider,decision_source,llm_confidence,llm_review_outcome,llm_change_direction
kept,Procedures in the Refinement Calculus: A New Approach?,Lindsay Groves,1996,Electronic workshops in computing,10.14236/ewic/rw1996.6,https://openalex.org/W2273588724,qualifies-claim; criticism,"We examine the use of procedures in the refinement calculus and show that the traditional approach leads to certain problemswhen programs are not constructed in a strictly top-downmanner. These problems arise because a procedure name becomes associated with the implementation when the procedure body is refined, and we examine some ways in which they may be avoided. We argue that, because procedures are not required in order to express procedural abstractions, the primary purpose of using procedures in program refinement is to do with packaging the final program, and that decisions about how a program is packaged into procedures should bemade separately from algorithm design decisions. We present an alternative approach based on this rationale which avoids the aforementioned problems, and discuss ways in which it can be supported by a refinement tool.",openalex,llm,0.980,unreviewed,
kept,Formal methods in industry,Jean-Raymond Abrial,2006,,10.1145/1134285.1134406,https://openalex.org/W2023898761,supports-claim,"Two real projects using the B formal method are quickly presented. They show how some important parts of complex systems can be developed in such a way that the outcome is ""correct by construction"". A number of factors are then analyzed relating the pros, the cons, and the difficulties in applying this approach in Industry.",openalex,llm,0.900,unreviewed,
kept,An operational semantics for ZCCS,Andy Galloway; W. J. Stoddart,2002,,10.1109/icfem.1997.630434,https://openalex.org/W2130176451,adjacent-subtopic,"G. Bruns (1995) has proposed a version of value-passing CCS in which an agent language, based on that proposed by Milner, is augmented with a rich data language. The data language can be used to describe sets, tuples and sequences etc. constructed from integer, Boolean and string constants. Z is a widely used formal specification language in which sets, tuples and sequences can be described, but also additional constructs such as free types and bindings. In addition, Z has a rich structuring mechanism-its schema calculus. Z is frequently used to specify the operations of a system on its state, and has a refinement calculus and formal semantics. This article introduces ZCCS, a version of value-passing CCS in which the data language used to describe the action/agent parameters and conditions is Z. We introduce the style and syntax of ZCCS and illuminate this with a small example. In addition, we present an operational semantics for ZCCS.",openalex,llm,0.810,unreviewed,
discarded,Correct-by-Construction Concurrency: Using Dependent Types to Verify Implementations of Effectful Resource Usage Protocols,Edwin Brady; Kevin Hammond,2010,Fundamenta Informaticae,10.3233/fi-2010-303,https://openalex.org/W1591780766,adjacent-subtopic,"In the modern, multi-threaded, multi-core programming environment, correctly managing system resources, including locks and shared variables, can be especially difficult and errorprone. A simple mistake, such as forgetting to release a lock, can have major consequences on the correct operation of a program, by, for example, inducing deadlock, often at a time and location that is isolated from the original error. In this paper, we propose a new type-based approach to resource management, based on the use of dependent types to construct a Domain-Specific Embedded Language (DSEL) whose typing rules directly enforce the formal program properties that we require. In this way, we ensure strong static guarantees of correctness-by-construction, without requiring the development of a new special-purpose type system or the associated special-purpose soundness proofs. We also reduce the need for “over-serialisation”, the overly-conservative use of locks that often occurs in manually constructed software, where formal guarantees cannot be exploited. We illustrate our approach by implementing a DSEL for concurrent programming and demonstrate its applicability with reference to an example based on simple bank account transactions.",openalex,llm,0.940,unreviewed,
discarded,"Specify, Compile, Run: Hardware from PSL",Roderick Bloem; Stefan Galler; Barbara Jobstmann; Nir Piterman; Amir Pnueli; Martin Weiglhofer,2007,Electronic Notes in Theoretical Computer Science,10.1016/j.entcs.2007.09.004,https://openalex.org/W2113511408,adjacent-subtopic,"We propose to use a formal specification language as a high-level hardware description language. Formal languages allow for compact, unambiguous representations and yield designs that are correct by construction. The idea of automatic synthesis from specifications is old, but used to be completely impractical. Recently, great strides towards efficient synthesis from specifications have been made. In this paper we extend these recent methods to generate compact circuits and we show their practicality by synthesizing a generalized buffer and an arbiter for ARM's AMBA AHB bus from specifications given in PSL. These are the first industrial examples that have been synthesized automatically from their specifications.",openalex,llm,0.950,unreviewed,
kept,Class refinement and interface refinement in object-oriented programs,Anna Mikhajlova; Emil Sekerinski,1997,Lecture notes in computer science,10.1007/3-540-63533-5_5,https://openalex.org/W1532627295,supports-claim,,openalex,llm,0.870,unreviewed,
kept,Modelling by Patterns for Correct-by-Construction Process,Dominique Méry,2018,Lecture notes in computer science,10.1007/978-3-030-03418-4_24,https://openalex.org/W2898182079,supports-claim,"Patterns have greatly improved the development of programs and software by identifying practices that could be replayed and reused in different software projects. Moreover, they help to communicate new and robust solutions for software development; it is clear that design patterns are a set of recipes that are improving the production of software. When developing models of systems, we are waiting for adequate patterns for building models and later for translating models into programs or even software. In this paper, we review several patterns that we have used and identified, when teaching and when developing case studies using the Event-B modelling language. The modelling process includes the use of formal techniques and the use of refinement, a key notion for managing abstractions and complexity of proofs. We have classified patterns in classes called paradigms and we illustrate three paradigms: the inductive paradigm, the call-as-event paradigm and the service-as-event paradigm. Several case studies are given for illustrating our methodology.",openalex,llm,0.910,unreviewed,
kept,A weakest precondition semantics for an object-oriented language of refinement,Ana Cavalcanti; David A. Naumann,1999,Lecture notes in computer science,10.1007/3-540-48118-4_26,https://openalex.org/W1600863532,adjacent-subtopic,,openalex,llm,0.860,unreviewed,
kept,Proof rules for probabilistic loops,Carroll Morgan,1996,Electronic workshops in computing,10.14236/ewic/rw1996.10,https://openalex.org/W94183712,adjacent-subtopic,"Probabilistic predicate transformers provide a semantics for imperative programs containing both demonic and probabilistic nondeterminism. Like the (standard) predicate transformers popularised by Dijkstra, they model programs as functions from final results to the initial conditions suffcient to achieve them. This paper presents practical proof rules, using the probabilistic transformers, for reasoning about iterations when probability is present. They are thoroughly illustrated by example: probabilistic binary chop, faulty factorial, the martingale gambling strategy and Herman’s probabilistic self-stabilisation . Just as for traditional programs, weakest-precondition based proof rules for program derivation are an important step on the way to designing more general refinement techniques, or even a refinement calculus, for imperative probabilistic programming.",openalex,llm,0.850,unreviewed,
discarded,Correctness by construction,Roderick Chapman,2007,,10.1145/1315580.1315605,https://openalex.org/W2024801234,adjacent-subtopic,"This presentation will look at the many problems of designing and building high-integrity software and the processes, languages and tools that are currently used. The need to ""engineer"" our software implies that discipline and reasoning are required, yet most processes and languages seem to obstruct rather than assist such attempts. To help understand why, we consider the history of programming language design, and how this has shaped the way we think about software and constrained our ability to engineer it. In this generally gloomy picture some good news can be found: the emergence of design-by-contract facilities in languages such as Eiffel and SPARK has made a strong impact in some niche areas. In those areas, we have made a rather unusual observation: customers (some having ""flirted"" with this week's fashionable approach) are ""coming back to Ada"", recognizing the language's strengths, particularly for high-integrity applications. The presentation will close by considering why Praxis still uses (and chooses) Ada, and the role that Ada has to play in the future of high-integrity software.",openalex,llm,0.830,unreviewed,
discarded,Correctness by construction,Roderick Chapman,2007,ACM SIGAda Ada Letters,10.1145/1315607.1315605,https://openalex.org/W3161213506,adjacent-subtopic,"This presentation will look at the many problems of designing and building high-integrity software and the processes, languages and tools that are currently used. The need to ""engineer"" our software implies that discipline and reasoning are required, yet most processes and languages seem to obstruct rather than assist such attempts. To help understand why, we consider the history of programming language design, and how this has shaped the way we think about software and constrained our ability to engineer it. In this generally gloomy picture some good news can be found: the emergence of design-by-contract facilities in languages such as Eiffel and SPARK has made a strong impact in some niche areas. In those areas, we have made a rather unusual observation: customers (some having ""flirted"" with this week's fashionable approach) are ""coming back to Ada"", recognizing the language's strengths, particularly for high-integrity applications. The presentation will close by considering why Praxis still uses (and chooses) Ada, and the role that Ada has to play in the future of high-integrity software.",openalex,llm,0.840,unreviewed,
discarded,Translating concurrent communicating programs into asynchronous circuits,Erik Brunvand,1992,,,https://openalex.org/W1504147341,adjacent-subtopic,"As VLSI technology improves, the number of devices that can be built on a chip, and the speed of those devices continue to increase. These improvements allow much more complicated systems to be considered than were possible a short time ago. Along with these improvements, however, come many challenges directly associated with the speed and scale of the new circuits. This thesis presents a method for taming the complexity of large and fast VLSI systems.
As chips get larger, and delays in signal propagation even inside a single chip become more significant, systems that are designed around a global synchronizing signal such as a clock become more difficult to design. One alternative is to design the system hierarchically as a set of subsystems each operating at its own rate and cooperating through communication. These subsystems can be built using asynchronous or self-timed circuit techniques which allow the circuits to run at their own speed without synchronizing to a global clock signal. The act of communicating synchronizes the processes involved in the communication and allows data to be shared between processes.
Another problem of large systems is related to the very complexity of the system. One method for taming this complexity is to use automatic methods for generating circuits from behavioral descriptions. Such a system is usually called a silicon compiler. This allows the designer to abstract away details of the low-level circuits and think of system behavior in terms of high level programs. Because the generated circuits faithfully mimic the behavior of the program, the resulting circuits are correct by construction. In order to design efficient systems in this way there must be a way for the programmer to reason about the resulting circuit based on the program text. The translation process must be sufficiently transparent to give the programmer some idea of how different program alternatives will affect the compiled circuit.
Combining these ideas, I present a method for designing a VLSI system as a concurrent program written in a subset of OCCAM and automatically translating that system description into an asynchronous circuit. The translation procedure is syntax-directed, and the resulting circuits are improved using correctness-preserving circuit-to-circuit transformations. A compiler has been constructed that automatically performs the translation and transformation.",openalex,llm,0.900,unreviewed,
kept,Refinement in Circus,Augusto Sampaio; Jim Woodcock; Ana Cavalcanti,2002,Lecture notes in computer science,10.1007/3-540-45614-7_26,https://openalex.org/W1816659336,adjacent-subtopic,,openalex,llm,0.880,unreviewed,
discarded,Unboxed values as first class citizens in a non-strict functional language,Simon Jones; John Launchbury,1991,Lecture notes in computer science,10.1007/3540543961_30,https://openalex.org/W1597497095,off-topic-false-hit,,openalex,llm,0.990,unreviewed,
kept,Algorithmics : towards programming as a mathematical activity,Lambert Meertens,1986,"Centrum Wiskunde & Informatica (CWI), the national research institute for mathematics and computer science in the Netherlands",,https://openalex.org/W1600766624,supports-claim,"Of the various approaches to program correctness, that of ""Transformational Programming"" appears to be the most helpful in constructing correct programs.The essence of the method is to start with an obviously correct-but possibly hopelessly inefficient-algorithm, and to improve it by successively applying correctness-preserving transformations.The manipulations involved are akin to those used in mathematics.Two important impediments to this method are the verbosity of algorithmic notations, making the process cumbersome, and the semantic baroqueness of many primitives, making it hard to verify the validity of transformations.Computer Science can profit here from the lessons taught by the history of Mathematics.Another major step, comparable to one made long ago in Mathematics, is not to insist on the ""executability"" of algorithmic descriptions.This makes it possible to treat initial high-level specifications in the same framework as the final programs.Just as Mathematics evolved from ""Transformational Arithmetic'', Transformational Programming may come of age as ""Algorithmics"".",openalex,llm,0.970,unreviewed,
discarded,Optimal Systematic t-Deletion Correcting Codes,Jin Sima; Ryan Gabrys; Jehoshua Bruck,2020,,10.1109/isit44484.2020.9173986,https://openalex.org/W3080550366,off-topic-false-hit,"Systematic deletion correcting codes play an important role in applications of document exchange. Yet despite a series of recent advances made in deletion correcting codes, most of them are non-systematic. To the best of the authors' knowledge, the only known deterministic systematic t-deletion correcting code constructions with rate approaching 1 achieve O(t log2n) bits of redundancy for constant t, where n is the code length. In this paper, we propose a systematic t-deletion correcting code construction that achieves 4t log n + o(log n) bits of redundancy, which is asymptotically within a factor of 4 from being optimal. Our encoding and decoding algorithms have complexity O(n2t+1), which is polynomial for constant t.",openalex,llm,1.000,unreviewed,
kept,Refinement to Imperative HOL,Peter Lammich,2017,Journal of Automated Reasoning,10.1007/s10817-017-9437-1,https://openalex.org/W2762980364,supports-claim,,openalex,llm,0.980,unreviewed,
discarded,A local moment approach to the Anderson model,David E. Logan; Michael P. Eastwood; Michael A. Tusch,1998,Journal of Physics Condensed Matter,10.1088/0953-8984/10/12/009,https://openalex.org/W1963936151,off-topic-false-hit,"A theory is developed for the single-particle spectra of the symmetric Anderson model, in which local moments are introduced explicitly from the outset. Dynamical coupling of single-particle processes to low-energy spin-flip excitations leads, within the framework of a two-self-energy description, to a theory in which both low- and high-energy spectral features are simultaneously captured, while correctly preserving Fermi liquid behaviour at low energies. The atomic limit, non-interacting limit and strong-coupling behaviour of the spectrum are each recovered. For strong coupling in particular, both the exponential asymptotics of the Kondo resonance and concomitant many-body broadening of the Hubbard satellite bands are shown to arise naturally within the present approach.",openalex,llm,1.000,unreviewed,
discarded,Imitation of complex syntactic constructions by elderly adults,Susan Kemper,1986,Applied Psycholinguistics,10.1017/s0142716400007578,https://openalex.org/W1990987859,off-topic-false-hit,"ABSTRACT Elderly adults (70 to 89 years) and young adults (30 to 49 years) were asked to imitate complex sentences involving embedded gerunds, wh-clauses, that-clauses, and relative clauses. The young adults were able to imitate accurately or correctly paraphrase the sentences regardless of the length, position, or type of embedded clause. The elderly adults could accurately imitate or paraphrase short constructions. The elderly adults were unable to imitate or paraphrase correctly long constructions, especially those in which the embedded clause was sentence-initial. The pattern of results demonstrates an age-related decline in syntactic processing abilities due, perhaps, to the increased processing demands of the long or sentence-initial constructions.",openalex,llm,1.000,unreviewed,
kept,Comparing Correctness-by-Construction with Post-Hoc Verification—A Qualitative User Study,Tobias Runge; Thomas Thüm; Loek Cleophas; Ina Schaefer; Bruce W. Watson,2020,Lecture notes in computer science,10.1007/978-3-030-54997-8_25,https://openalex.org/W3048619172,qualifies-claim; criticism,"Correctness-by-construction (CbC) is a refinement-based methodology to incrementally create formally correct programs. Programs are constructed using refinement rules which guarantee that the resulting implementation is correct with respect to a pre-/postcondition specification. In contrast, with post-hoc verification (PhV) a specification and a program are created, and afterwards verified that the program satisfies the specification. In the literature, both methods are discussed with specific advantages and disadvantages. By letting participants construct and verify programs using CbC and PhV in a controlled experiment, we analyzed the claims in the literature. We evaluated defects in intermediate code snapshots and discovered a trial-and-error construction process to alter code and specification. The participants appreciated the good feedback of CbC and state that CbC is better than PhV in helping to find defects. Nevertheless, some defects in the constructed programs with CbC indicate that the participants need more time to adapt the CbC process.",openalex,llm,0.980,unreviewed,
kept,Distributed System Development in B,Michael Butler; Marina Waldén,1996,ePrints Soton (University of Southampton),,https://openalex.org/W1526969236,supports-claim,"The B-Method is a method for the stepwise derivation of sequential programs. In this paper we show how the B-Method can be used for designing distributed systems by embedding action systems within this method. The action system formalism is designed for the construction of parallel and distributed systems in a stepwise manner within the refinement calculus. We describe how action systems are written in B AMN. We also show the correspondence between refinement rules for action systems and the proof obligations generated in the B-Method. Furthermore, we propose an extension of the B-Method to cover parallel and distributed systems. Familiarity with B AMN is assumed.",openalex,llm,0.970,unreviewed,
discarded,A formal verification tool for Ethereum VM bytecode,Daejun Park; Yi Zhang; Manasvi Saxena; Philip Daian; Grigore Roşu,2018,,10.1145/3236024.3264591,https://openalex.org/W2898652659,off-topic-false-hit,"In this paper, we present a formal verification tool for the Ethereum Virtual Machine (EVM) bytecode. To precisely reason about all possible behaviors of the EVM bytecode, we adopted KEVM, a complete formal semantics of the EVM, and instantiated the K-framework's reachability logic theorem prover to generate a correct-by-construction deductive verifier for the EVM. We further optimized the verifier by introducing EVM-specific abstractions and lemmas to improve its scalability. Our EVM verifier has been used to verify various high-profile smart contracts including the ERC20 token, Ethereum Casper, and DappHub MakerDAO contracts.",openalex,llm,0.930,unreviewed,
