status,title,authors,year,venue,doi,url,tags,abstract,provider,decision_source,llm_confidence,llm_review_outcome,llm_change_direction
discarded,Efficient Verified (UN)SAT Certificate Checking,"Lammich, Peter",2020,JOURNAL OF AUTOMATED REASONING,10.1007/s10817-019-09525-z,https://www.webofscience.com/wos/woscc/full-record/WOS:000517120500008,adjacent-subtopic,"SAT solvers decide the satisfiability of Boolean formulas in conjunctive normal form. They are commonly used for software and hardware verification. Modern SAT solvers are highly complex and optimized programs. As a single bug in the solver may invalidate the verification of many systems, SAT solvers output certificates for their answer, which are then checked independently. However, even certificate checking requires highly optimized non-trivial programs. This paper presents the first SAT solver certificate checker that is formally verified down to the integer sequence representing the formula. Our tool supports the full DRAT standard, and is even faster than the unverified state-of-the-art tool drat-trim, on a realistic set of benchmarks drawn from the 2016 and 2017 SAT competitions. An optional multi-threaded mode further reduces the runtime, in particular for big certificates.",wos,llm,0.610,unreviewed,
discarded,"Modeling and Simulation as a Service infrastructure capabilities for discovery, composition and execution of simulation services","Hannay, Jo Erskine; van den Berg, Tom; Gallant, Scott; Gupton, Kevin",2021,JOURNAL OF DEFENSE MODELING AND SIMULATION-APPLICATIONS METHODOLOGY TECHNOLOGY-JDMS,10.1177/1548512919896855,https://www.webofscience.com/wos/woscc/full-record/WOS:000506994200001,adjacent-subtopic,"Modeling and Simulation as a Service (MSaaS) embodies the idea that simulations should be composed quickly for the task at hand from loosely coupled shared components, simulation services, in a cloud-based environment. These simulations are then offered, as composed simulation services, to human and technical consumers. Instrumental to this, is functionality that lets a simulation operator discover and compose simulation services and execute the composition. We describe this functionality in terms of what we call MSaaS infrastructure capabilities. Following the idea of stepwise refinement, the discovery and composition of simulation services can be done at design time using implementation-independent information about simulation services and at implementation time using implementation-specific information about simulation services. The execution environment can also be set up at design time and at implementation time. We therefore describe the MSaaS infrastructure capabilities in terms of how they are used on both implementation-independent and implementation-specific service information. By doing these elaborations, we intend to gain greater insight into how to perform simulation service discovery, composition, and execution. We conclude that although much of the required functionality for a MSaaS infrastructure is available through existing platforms and frameworks, it is necessary to offer this functionality as services, alongside (composed) simulation services, to fulfill the MSaaS vision.",wos,llm,0.830,unreviewed,
discarded,A Faster-Than Relation for Semi-Markov Decision Processes,"Pedersen, Mathias Ruggaard; Bacci, Giorgio; Larsen, Kim Guldstrand",2020,ELECTRONIC PROCEEDINGS IN THEORETICAL COMPUTER SCIENCE,10.4204/EPTCS.312.3,https://www.webofscience.com/wos/woscc/full-record/WOS:001045271100003,adjacent-subtopic,"When modeling concurrent or cyber-physical systems, non-functional requirements such as time are important to consider. In order to improve the timing aspects of a model, it is necessary to have some notion of what it means for a process to be faster than another, which can guide the stepwise refinement of the model. To this end we study a faster-than relation for semi-Markov decision processes and compare it to standard notions for relating systems. We consider the compositional aspects of this relation, and show that the faster-than relation is not a precongruence with respect to parallel composition, hence giving rise to so-called parallel timing anomalies. We take the first steps toward understanding this problem by identifying decidable conditions sufficient to avoid parallel timing anomalies in the absence of non-determinism.",wos,llm,0.870,unreviewed,
discarded,Gamification of Problem Solving Process Based on Logical Rules,"Novikov, Fedor; Katsman, Viktor",2018,"INFORMATICS IN SCHOOLS: FUNDAMENTALS OF COMPUTER SCIENCE AND SOFTWARE ENGINEERING, ISSEP 2018",10.1007/978-3-030-02750-6_28,https://www.webofscience.com/wos/woscc/full-record/WOS:000495445600028,adjacent-subtopic,"One of the main elements of the modern educational process in the field of IT is the solution of logical-combinatorial problems. When solving such problems, learners need to build a new solution based on the set of basic operations studied before being combined according to certain rules. To consolidate these skills, leaner need to solve a reasonable number of problems that leads to need of verification of a huge number of solutions.

Many systems allow us to automate the verification of solutions. In most cases, these systems check pure answer only, but not the progress of the solution itself. Such a method of verification does not exclude the possibility of obtaining the correct answer and the credited task with an incorrect or inconsistent solution.

We propose a method for verifying the solution of problems, based on search of valid transformations, or stepwise refinements, similar to search for proof in logical calculi. This means that, the system at each step effectively sorts out all possible transformations, trying to find one that the learner applied. In this case, the system not only can find an error in the solution, but also indicate the source of this error, which is wrong transition between steps.

In addition to automatically verifying the solutions, this approach allows us to generate tasks that require the application of specific rules. Also the application of the rules can be interpreted as ""moves"" in the intellectual game. Then the solution of the problem turns into a game process, and the correct solution corresponds to a sequence of steps leading to the victory in the game.

The proposed approach was tested on students of the junior courses and showed good results. Namely, in the conducted experiments the efficiency of the teacher's work when checking solutions increased more than 4 times.",wos,llm,0.710,unreviewed,
discarded,Local and Compositional Reasoning for Optimized Reactive Systems,"Jain, Mitesh; Manolios, Panagiotis",2019,"COMPUTER AIDED VERIFICATION, CAV 2019, PT I",10.1007/978-3-030-25540-4_32,https://www.webofscience.com/wos/woscc/full-record/WOS:000491468000032,adjacent-subtopic,"We develop a compositional, algebraic theory of skipping refinement, as well as local proof methods to effectively analyze the correctness of optimized reactive systems. A verification methodology based on refinement involves showing that any infinite behavior of an optimized low-level implementation is a behavior of the high-level abstract specification. Skipping refinement is a recently introduced notion to reason about the correctness of optimized implementations that run faster than their specifications, i.e., a step in the implementation can skip multiple steps of the specification. For the class of systems that exhibit bounded skipping, existing proof methods have been shown to be amenable to mechanized verification using theorem provers and model-checkers. However, reasoning about the correctness of reactive systems that exhibit unbounded skipping using these proof methods requires reachability analysis, significantly increasing the verification effort. In this paper, we develop two new sound and complete proof methods for skipping refinement. Even in presence of unbounded skipping, these proof methods require only local reasoning and, therefore, are amenable to mechanized verification. We also show that skipping refinement is compositional, so it can be used in a stepwise refinement methodology. Finally, we illustrate the utility of the theory of skipping refinement by proving the correctness of an optimized event processing system.",wos,llm,0.860,unreviewed,
kept,DeepSEA: A Language for Certified System Software,"Sjoberg, Vilhelm; Sang, Yuyang; Weng, Shu-chun; Shao, Zhong",2019,PROCEEDINGS OF THE ACM ON PROGRAMMING LANGUAGES-PACMPL,10.1145/3360562,https://www.webofscience.com/wos/woscc/full-record/WOS:000685204500021,supports-claim,"Writing certifiably correct system software is still very labor-intensive, and current programming languages are not well suited for the task. Proof assistants work best on programs written in a high-level functional style, while operating systems need low-level control over the hardware. We present DeepSEA, a language which provides support for layered specification and abstraction refinement, effect encapsulation and composition, and full equational reasoning. A single DeepSEA program is automatically compiled into a certified ""layer"" consisting of a C program (which is then compiled into assembly by CompCert), a low-level functional Coq specification, and a formal (Coq) proof that the C program satisfies the specification. Multiple layers can be composed and interleaved with manual proofs to ascribe a high-level specification to a program by stepwise refinement. We evaluate the language by using it to reimplement two existing verified programs: a SHA-256 hash function and an OS kernel page table manager. This new style of programming language design can directly support the development of correct-by-construction system software.",wos,llm,0.920,unreviewed,
discarded,"Logical characterisations, rule formats and compositionality for input-output conformance simulation","Aceto, Luca; Fabregas, Ignacio; Gregorio-Rodriguez, Carlos; Ingolfsdottir, Anna",2019,JOURNAL OF LOGICAL AND ALGEBRAIC METHODS IN PROGRAMMING,10.1016/j.jlamp.2019.04.005,https://www.webofscience.com/wos/woscc/full-record/WOS:000474505200005,adjacent-subtopic,"Input-output conformance simulation (iocos) has been proposed by Gregorio-Rodriguez, Liana and Martinez-Torres as a simulation-based behavioural preorder underlying model-based testing. This relation is inspired by Tretmans' classic ioco relation, but has better worst-case complexity than ioco and supports stepwise refinement. The goal of this paper is to develop the theory of iocos by studying logical characterisations of this relation, rule formats for it and its compositionality. More specifically, this article presents characterisations of iocos in terms of modal logics and compares them with an existing logical characterisation for ioco proposed by Beohar and Mousavi. It also offers a characteristic-formula construction for iocos over finite processes in an extension of the proposed modal logics with greatest fixed points. A precongruence rule format for iocos and a rule format ensuring that operations take quiescence properly into account are also given. Both rule formats are based on the GSOS format by Bloom, Istrail and Meyer. The general modal decomposition methodology of Fokkink and van Glabbeek is used to show how to check the satisfaction of properties expressed in the logic for iocos in a compositional way for operations specified by rules in the precongruence rule format for iocos. (C) 2019 Elsevier Inc. All rights reserved.",wos,llm,0.840,unreviewed,
discarded,Coordinate Scheduling Approach of Integrating Transmission Grid with Distribution Grid Including Intermittent Energy Resources,"You, Yi; Li, Haitao",2018,2018 IEEE POWER & ENERGY SOCIETY GENERAL MEETING (PESGM),,https://www.webofscience.com/wos/woscc/full-record/WOS:000457893900062,off-topic-false-hit,"Large scale application of intermittent energy resources in power grid has been resulting in significant impacts on power flow, voltage profile and system stability. In this paper, a novel coordinate scheduling approach in multi time scales is proposed. The approach handles problems in both integrated transmission grid with distribution grid. On one hand, it gradually mitigates adverse effects caused by the uncertain output power of intermittent energy resources through hierarchical coordination and stepwise refinement in muti time scales. On the other hand, it makes full use of flexible and available power scheduling resources in both transmission grid and distribution grid to achieve the goal of economical and secure operation adaptive to high penetration of intermittent energy resources. Finally, a study case is established to demonstrate the advantages taken by the approach on intermittent energy resources accommodation and system stability margin improvement.",wos,llm,0.980,unreviewed,
kept,A Mechanized Theory of Program Refinement,"Sall, Boubacar Demba; Peschanski, Frederic; Chailloux, Emmanuel",2019,"FORMAL METHODS AND SOFTWARE ENGINEERING, ICFEM 2019",10.1007/978-3-030-32409-4_19,https://www.webofscience.com/wos/woscc/full-record/WOS:001556638400019,supports-claim,"We present a mechanized theory of program refinement that allows for the stepwise development of imperative programs in the Coq proof assistant. We formalize a design language with support for gradual refinement and a calculus which enforces correctness-by-construction. A notion of program design captures the hierarchy of refinement steps resulting from a development. The underlying theory follows the predicative programming paradigm where programs and specifications are both easily expressed as predicates, which fit naturally in the dependent type theory of the proof assistant.",wos,llm,0.960,unreviewed,
kept,Modularization of Refinement Steps for Agile Formal Methods,"Benduhn, Fabian; Thuem, Thomas; Schaefer, Ina; Saake, Gunter",2017,"FORMAL METHODS AND SOFTWARE ENGINEERING, ICFEM 2017",10.1007/978-3-319-68690-5_2,https://www.webofscience.com/wos/woscc/full-record/WOS:000452226700002,supports-claim,"The combination of agile methods and formal methods has been recognized as a promising field of research. However, many formal methods rely on a refinement-based development process which poses problems for their integration into agile processes. We consider redundancies within refinement hierarchies as a challenge for the practical application of stepwise refinement and propose superimposition-based modularization of refinement steps as a potential solution. While traditionally, each model in a refinement hierarchy must be developed and maintained separately, our concept allows developers to specify the refinement steps that transform a model into a refined one. We have developed tool support for the language AsmetaL and evaluated our approach by means of a case study. The results indicate a reduction of complexity for the development artifacts in terms of their overall size by 48.6% for the ground model and four refinements. Furthermore, the case study shows that superimposition-based refinement eases the development of alternative refinements for exploratory development and to cope with changing requirements. Thus, we consider this work as a step towards agile formal methods that are tailored to support iterative development, facilitating their incorporation into agile development processes.",wos,llm,0.930,unreviewed,
discarded,Prediction of Alzheimer's Dementia in Patients with Amnestic Mild Cognitive Impairment in Clinical Routine: Incremental Value of Biomarkers of Neurodegeneration and Brain Amyloidosis Added Stepwise to Cognitive Status,"Lange, Catharina; Suppa, Per; Pietrzyk, Uwe; Makowski, Marcus R.; Spies, Lothar; Peters, Oliver; Buchert, Ralph",2018,JOURNAL OF ALZHEIMERS DISEASE,10.3233/JAD-170705,https://www.webofscience.com/wos/woscc/full-record/WOS:000416369700032,off-topic-false-hit,"The aim of this study was to evaluate the incremental benefit of biomarkers for prediction of Alzheimer's disease dementia (ADD) in patients with mild cognitive impairment (MCI) when added stepwise in the order of their collection in clinical routine. The model started with cognitive status characterized by the ADAS-13 score. Hippocampus volume (HV), cerebrospinal fluid (CSF) phospho-tau (pTau), and the FDG t-sum score in an AD meta-region-of-interest were compared as neurodegeneration markers. CSF-A beta(1-42) was used as amyloidosis marker. The incremental prognostic benefit from these markers was assessed by stepwise Kaplan-Meier survival analysis in 402 ADNI MCI subjects. Predefined cutoffs were used to dichotomize patients as 'negative' or 'positive' for AD characteristic alteration with respect to each marker. Among the neurodegeneration markers, CSF-pTau provided the best incremental risk stratification when added to ADAS-13. FDG PET outperformed HV only in MCI subjects with relatively preserved cognition. Adding CSF-A beta provided further risk stratification in pTau-positive subjects, independent of their cognitive status. Stepwise integration of biomarkers allows stepwise refinement of risk estimates for MCI-to-ADD progression. Incremental benefit strongly depends on the patient's status according to the preceding diagnostic steps. The stepwise Kaplan-Meier curves might be useful to optimize diagnostic workflow in individual patients.",wos,llm,0.990,unreviewed,
discarded,Ontological Controlling the Lexical Items in Conceptual Solution of Project Tasks,"Sosnin, P.; Pushkareva, A.",2017,"COMPUTATIONAL SCIENCE AND ITS APPLICATIONS - ICCSA 2017, PT VI",10.1007/978-3-319-62407-5_3,https://www.webofscience.com/wos/woscc/full-record/WOS:000451372400003,adjacent-subtopic,"The paper presents a way of an ontological control of lexical items in a conceptual solution of project tasks. The proposed way is aimed at finding errors, correcting and preventing them, as well as supporting the processes of understanding in a real-time work of designers developing the software systems. The basis of the proposed way lays in the use of a precedent-oriented approach to work with project tasks, stepwise refinement in analysis and structuration of a designed project. The way is materialized in the instrumental environment WIQA (Working in Questions and Answers) supporting the conceptual designing. The chosen toolkit includes a number of components, one of which provides a creation and use of necessary ontologies.",wos,llm,0.770,unreviewed,
kept,Model-driven development of data intensive applications over cloud resources,"Tolosana-Calasanz, Rafael; Angel Banares, Jose; Colom, Jose-Manuel",2018,FUTURE GENERATION COMPUTER SYSTEMS-THE INTERNATIONAL JOURNAL OF ESCIENCE,10.1016/j.future.2017.12.046,https://www.webofscience.com/wos/woscc/full-record/WOS:000437997500075,supports-claim,"The proliferation of sensors over the last years has generated large amounts of raw data, forming data streams that need to be processed. In many cases, cloud resources are used for such processing, exploiting their flexibility, but these sensor streaming applications often need to support operational and control actions that have real-time and low-latency requirements that go beyond the cost effective and flexible solutions supported by existing cloud frameworks, such as Apache Kafka, Apache Spark Streaming, or Map-Reduce Streams. In this paper, we describe a model-driven and stepwise refinement methodological approach for streaming applications executed over clouds. The central role is assigned to a set of Petri Net models for specifying functional and non-functional requirements. They support model reuse, and a way to combine formal analysis, simulation, and approximate computation of minimal and maximal boundaries of non-functional requirements when the problem is either mathematically or computationally intractable. We show how our proposal can assist developers in their design and implementation decisions from a performance perspective. Our methodology allows to conduct performance analysis: The methodology is intended for all the engineering process stages, and we can (i) analyse how it can be mapped onto cloud resources, and (ii) obtain key performance indicators, including throughput or economic cost, so that developers are assisted in their development tasks and in their decision taking. In order to illustrate our approach, we make use of the pipelined wavefront array. (C) 2018 Elsevier B.V. All rights reserved.",wos,llm,0.910,unreviewed,
