status,title,authors,year,venue,doi,url,tags,abstract,provider,decision_source,llm_confidence,llm_review_outcome,llm_change_direction
discarded,Refactoring-based stepwise refinement in abstract system-level design,"Yamasaki, Ryosuke; Kobayashi, Kazutaka; Zakaria, Nurul Azma; Narazaki, Shuji; Yoshida, Norihiko",2006,"EMBEDDED AND UBIQUITOUS COMPUTING, PROCEEDINGS",,https://www.webofscience.com/wos/woscc/full-record/WOS:000239570300071,adjacent-subtopic,"Stepwise refinement in system-level design corresponds to restructuring an internal structure of a system while preserving functions of the system. We are aiming to build the restructuring process based on refactoring techniques. In this paper, we describe a restructuring procedure to obtain a concrete specification description from an abstract one. Moreover, we describe some existing refactorings used in restructuring steps and a new refactoring for system-level design. We designed a simple internet-router as an example. As a result, we obtained a specification model defined in the SpecC methodology from an abstract one. Moreover, our proposal shows that our research opens a new application field of refactoring, refactoring can be applied sufficiently to system-level design, and the refactoring can be the basis of stepwise refinement.",wos,llm,0.900,unreviewed,
discarded,A formal model of fair exchange protocols,"Qing, SH; Li, GC",2005,SCIENCE IN CHINA SERIES F-INFORMATION SCIENCES,10.1360/122004-30,https://www.webofscience.com/wos/woscc/full-record/WOS:000231865400007,adjacent-subtopic,"Based on the study of existing fair exchange protocols, this paper sets up an accurate formal model by stepwise refinement. In the process of refinement an unreliable channel is employed to simulate an attack behavior. The model provides a novel formal definition of exchanged items, and presents the formal goals for fairness, accountability, etc., reflecting the inherent requirements for fair exchange protocols across-the-board. In order to check, prove, and design fair exchange protocols effectively and efficiently, the model puts forward a novel property of abuse-freeness which applies to all fair exchange protocols, gives a formal definition for trust strand of the third party, and presents general criteria of designing a secure and effective fair exchange protocol. Taking a typical fair exchange protocol as an example, this paper presents the analysis steps of fair exchange protocols appealing to our model. An unknown attack is uncovered. The analysis reveals the process of a complete attack, discovering deeper reasons for causing an attack. Finally, we modify the flawed protocol and the revised protocol ensures the desirable properties.",wos,llm,0.880,unreviewed,
discarded,Intensity-modulated radiation therapy in the management of head and neck cancer,"Hong, TS; Tomé, WA; Harari, PM",2005,CURRENT OPINION IN ONCOLOGY,,https://www.webofscience.com/wos/woscc/full-record/WOS:000230660300005,off-topic-false-hit,"Purpose of review Intensity-modulated radiation therapy (IMRT) represents a potentially significant new advance in the radiotherapeutic treatment of head and neck cancer patients. The capacity of IMRT to produce highly conformal dose distributions affords the opportunity to decrease the spectrum of toxicities associated with head and neck radiation. This review updates recent advances regarding the use of this emerging technology.

Recent findings Mature clinical data demonstrating head and neck IMRT safety and efficacy remain relatively limited to date. Recent publications have sought to clarify target selection and delineation. Refinements in target design driven by clinical outcomes are beginning to emerge. Technical aspects of IMRT delivery such as the impact of daily set-up variation, planning methods, and optimal fractionation regimens are progressing.

Summary Stepwise refinement in the practice of IMRT for head and neck cancer patients is advancing worldwide. However, mature clinical data remains relatively limited and specific aspects regarding the practice of head and neck IMRT remain heterogeneous.",wos,llm,0.990,unreviewed,
discarded,A compositional framework for service interaction patterns and interaction flows,"Barros, A; Börger, E",2005,"FORMAL METHODS AND SOFTWARE ENGINEERING, PROCEEDINGS",,https://www.webofscience.com/wos/woscc/full-record/WOS:000233804300002,adjacent-subtopic,"We provide precise high-level models for eight fundamental service interaction patterns, together with schemes for their composition into complex service-based business process interconnections and interaction flows, Supporting software-engineered business process management in multi-party collaborative environments. The mathematical nature of our models provides a basis for a rigorous execution-platform-independent analysis, in particular for benchmarking web services functionality. The models can also serve as accurate standard specifications, subject to further design leading by stepwise refinement to implementations.",wos,llm,0.860,unreviewed,
discarded,Modeling and visualization of the requirements and system for supporting system development,"Niwa, Takashi; Aoyama, Kazuhiro",2005,"Proceedings of the ASME International Design Engineering Technical Conferences and Computers and Information in Engineering Conference 2005, Vol 3, Pts A and B",,https://www.webofscience.com/wos/woscc/full-record/WOS:000241986000018,adjacent-subtopic,"Various process models have been proposed for system development, which represent all stages from requirements analysis to implementations and tests. However, these process models focus not on improvement of the model of the system itself but on the development of processes to adapt to the properties of the requirements in system development.

First, we arranged the features of system development. Then, we modeled the requirements and a system, and propose here a design method by which the customer and designer can always check requirements by introducing not plural design methods using various conventional design model figures but a unified multiphase design method, even if the designer does not implement the system. The customer and designer can check the requirements using the animations of the scenarios described as requirements. Finally, we present an example of execution, which designs a system using the proposed model, and describe avenues for future work.",wos,llm,0.820,unreviewed,
discarded,System-level communication modeling for network-on-chip synthesis,"Gerstlauer, Andreas; Shin, Dongwan; Domer, Rainer; Gajski, Daniel D.",2005,"ASP-DAC 2005: PROCEEDINGS OF THE ASIA AND SOUTH PACIFIC DESIGN AUTOMATION CONFERENCE, VOLS 1 AND 2",,https://www.webofscience.com/wos/woscc/full-record/WOS:000245021700012,adjacent-subtopic,"As we are entering the network-on-chip era and system communication is becoming a dominating factor, communication abstraction and synthesis are becoming the integral part of system design flows. The key to the success of any design flow are well-defined abstraction levels and models, which enable automation of early validation, synthesis and verification. In this paper, we define system communication abstraction layers and corresponding design models that support successive, stepwise refinement from abstract message-passing down to a cycleaccurate, bus-functional implementation. Experimental results show the benefits of our definitions and design flow.",wos,llm,0.900,unreviewed,
discarded,Refinement of mixed-signal systems: Between heaven and hell,"Grimm, C; Schroll, R; Waldschmidt, K",2005,Advances in Design and Specification Languages for Socs,,https://www.webofscience.com/wos/woscc/full-record/WOS:000235162600001,adjacent-subtopic,"Very complex system are designed by stepwise refinement. This means that an abstract model is successively augmented with components and properties of an implementation. For signal processing, mixed-signal systems the refinement front block diagram level to analog or digital circuit requires a significant modeling effort: The means for description of abstract models (e.g. synchronous dataflow) and physical implementation (e.g. networks) are different and cannot be combined in a direct way. In this chapter, we introduce polymorphic signals which solve this problem, and give an overview of a framework for the refinement of Mixed-Signal Systems: HEAVEN/HELL.",wos,llm,0.870,unreviewed,
discarded,Integrating service specifications at different levels of abstraction,"Rittmann, S; Fleischmann, A; Hartmann, J; Pfaller, C; Rappl, M; Wild, D",2005,SOSE 2005: IEEE International Workshop on Service-Oriented System Engineering,,https://www.webofscience.com/wos/woscc/full-record/WOS:000234256200010,adjacent-subtopic,"The service-oriented paradigm is a promising approach to handle the growing complexity of software systems. This paper introduces a methodology for a stepwise refinement of service specifications on different levels of abstraction. Moreover, it deals with the integration of service- and architecture-specifications. Underlying concepts for a formal service specification are motivated from a methodological point of view and are precisly given in this paper. Furthermore the application of these concepts is demonstrated within a case-example.

The presented methodology stems from the RoFa-Soft(1) project, where both aforementioned development paradigms are consolidated and integrated.",wos,llm,0.900,unreviewed,
discarded,Modelling and refinement of an on-chip communication architecture,"Plosila, J; Liljeberg, P; Isoaho, J",2005,"FORMAL METHODS AND SOFTWARE ENGINEERING, PROCEEDINGS",,https://www.webofscience.com/wos/woscc/full-record/WOS:000233804300015,adjacent-subtopic,"In this paper, we present a formal modeling and refinement approach for on-chip communication architecture development, based on the Action Systems formalism. Stepwise refinement from an abstract high-level initial model to an implementable parallel switch based model is discussed. The focus is on gradually decomposing the initial specification into a composition of concurrently operating subsystems. Data transactions are modelled with atomic message passing events via interface procedures, for which a new notation is introduced. The concept is demonstrated by a network-like pipelined bus platform.",wos,llm,0.900,unreviewed,
discarded,Temporal logical-based web services architecture description,"Rao, Y",2005,"GRID AND COOPERATIVE COMPUTING - GCC 2005, PROCEEDINGS",,https://www.webofscience.com/wos/woscc/full-record/WOS:000234857700031,adjacent-subtopic,"The formalized definitions about service and service-oriented architecture were proposed on the basis of the temporal logical language XYZ/E. The whole web services architecture and the stepwise refinement process were formally described, where the web service architecture could be divided into four sub-processes to be concretely realized by stepwise refinement programming. In addition, the liveness and the security of system also had a semantic characteristic of composition during the process of service refinement under this architecture, which is described by XYZ/ADL language to provide a formalized foundation in theory for web service reusing and composition.",wos,llm,0.860,unreviewed,
discarded,Timed weak simulation verification and its application to stepwise refinement of real-time software,"Yamane, S",2005,EMBEDDED AND UBIQUITOUS COMPUTING - EUC 2005,,https://www.webofscience.com/wos/woscc/full-record/WOS:000234715700037,adjacent-subtopic,"Real-time software runs over real-time operating systems, and guaranteeing qualities are difficult. In this paper, we propose timed weak simulation relation verification and apply it to a refinement design method of real-time software. Moreover, we apply our proposed method to general real-time software scheduled by fixed-priority preemptive policy.",wos,llm,0.890,unreviewed,
discarded,CoCA: A composition-centric approach to requirements engineering,"Chitchyan, R; Sommerville, I; Rashid, A",2005,"13TH IEEE INTERNATIONAL CONFERENCE ON REQUIREMENTS ENGINEERING, PROCEEDINGS",,https://www.webofscience.com/wos/woscc/full-record/WOS:000232588000059,adjacent-subtopic,In this paper we discuss how mutual influences (e.g. conflicts) of different stakeholder concerns can be detected and reasoned about through composition and stepwise refinement. Some concepts from the Aspect-Oriented Software Development paradigm are used to support the composition-centric approach.,wos,llm,0.840,unreviewed,
discarded,Responsive interaction based on sketch in concept styling,"Han, L; Conti, G; De Amicis, R",2005,"HUMAN-COMPUTER INTERACTION - INTERACT 2005, PROCEEDINGS",,https://www.webofscience.com/wos/woscc/full-record/WOS:000233167300011,off-topic-false-hit,"In the CAS/CAD field, the increasing adoption of Spline-based freeform methods to generate surfaces, has introduced a higher degree of freedom into the design process. However, on the other hand, this evolution has made the process of creating and manipulating surfaces more complex. For this reason a much more intuitive and intelligent task-centered and user-centered interaction paradigm is required. This paper presents a responsive interaction technique which adopts a sketch-based interface capable of exploiting the stepwise refinement process typical of conceptual designing. Further it makes use of adaptive user modeling techniques by introducing an innovative adaptive decision-tree structure for top-down designing. We illustrate the implementation of the algorithm and we highlight its efficiency and feasibility for its adoption within Sketch-Based Modeling Systems (SBMS).",wos,llm,0.960,unreviewed,
discarded,Domain-specific codesign for automated visual inspection systems,"Cuenca, S; Cámara, A; Suardíaz, J; Toledo, A",2005,"PATTERN RECOGNITION AND IMAGE ANALYSIS, PT 1, PROCEEDINGS",,https://www.webofscience.com/wos/woscc/full-record/WOS:000230026900082,adjacent-subtopic,"In this paper we present a codesign methodology for high-performance Automated Visual Inspection systems (AVIs). The proposal consists in reference hardware/software architecture and its associated coverification environment. The codesign method is stepwise refinement-based process that starts with a preliminary hw/sw partition based on the reference architecture. During refinement the selected hardware blocks are coded using the high level language Handel-C, and the rest of the system using a plugin library. This library allows to model different external components to hardware (software, external devices, etc...) with a behavioural, timing and performance view using software languages like C/C++. As a result of this design flow, we are able to verify and develop AVI systems with a significant improvement on traditional hardware/software codesign times.",wos,llm,0.880,unreviewed,
discarded,Preference-based session management for IP-based mobile multimedia signaling,"Kellerer, W; Wagner, M; Balke, WT; Schulzrinne, H",2004,EUROPEAN TRANSACTIONS ON TELECOMMUNICATIONS,10.1002/ett.990,https://www.webofscience.com/wos/woscc/full-record/WOS:000223406700013,off-topic-false-hit,"The increasing variety of mobile multimedia services raises the need for mechanisms to select those services whose capabilities best match individual user requirements. In this paper, we present an advanced concept for service personalization in next-generation IP-based mobile systems based on the notion of user preferences. The described concept features several enhancements for personalization, including the intuitive modeling of user preferences, the construction of complex preference terms from basic preference expressions and a stepwise refinement of profiles and preferences. We describe this solution applied to the signaling mechanism of the Session Initiation Protocol (SIP), which is the protocol suite for application control in current IP-based mobile communication systems such as UNITS. In particular, our preference concept for personalized service management extends the conventional SIP preference modeling methods proposed so far: a preference order on the available service features is introduced that accounts for the specific demands of a user without a numerical ranking of features. We show how base preferences can be intuitively combined to complex preference expressions and explain how these relate to standard SIP feature preferences. Copyright (C) 2004 AEI.",wos,llm,0.970,unreviewed,
kept,A formal approach to fault tolerance in parallel systems,"Troubitsyna, E",2004,"SERP'04: PROCEEDINGS OF THE INTERNATIONAL CONFERENCE ON SOFTWARE ENGINEERING RESEARCH AND PRACTICE, VOLS 1 AND 2",,https://www.webofscience.com/wos/woscc/full-record/WOS:000225905800076,supports-claim,"In this paper we present a formal approach to the development of parallel fault tolerant systems. We use the action system formalism as our formal design framework and. stepwise refinement as our main development technique. We start reasoning about fault tolerance from an abstract specification level and conduct it through the entire development process. We introduce detailed representation of fault tolerance mechanisms gradually, by refinement. We demonstrate how to structure exception handler to distinguish between errors of different criticality and discuss how to introduce error recovery. Furthermore, we propose a novel algorithm for exception handling in massively parallel systems.",wos,llm,0.890,unreviewed,
kept,The architectural design of FRUIT: A family of retargetable user interface tools,"Liu, Y; Cunningham, HC; Xiong, H",2004,"SERP'04: PROCEEDINGS OF THE INTERNATIONAL CONFERENCE ON SOFTWARE ENGINEERING RESEARCH AND PRACTICE, VOLS 1 AND 2",,https://www.webofscience.com/wos/woscc/full-record/WOS:000225905800096,supports-claim,"Forms-based user interfaces are widely used means for human-computer interaction. However, it is difficult to exploit software reuse in forms-based systems because the systems tend to be dependent upon the particular display technologies used. This paper introduces the Family of Retargetable User Interface Tools (FRUIT) that aims to solve this problem. FRUIT adapts the device-independent XForms technology to deliver a family of products capable of supporting a variety of display technologies. This paper presents the architecture for the FRUIT product line and illustrates the design methodology used-a methodology based on stepwise refinement and commonality and variability analysis; it also describes two members of the FRUIT family and shows how their designs and implementations are refinements of the family architecture.",wos,llm,0.840,unreviewed,
kept,XOpT -: XML-based composition concept,"Pulvermüller, E; Speck, A",2004,"NEW TRENDS IN SOFTWARE METHODOLOGIES, TOOLS AND TECHNIQUES",,https://www.webofscience.com/wos/woscc/full-record/WOS:000225470500019,supports-claim,"System development is usually processed by applying different models both on the same and different levels of abstraction. This supports the stepwise refinement, the dealing with the inherent complexity and allows the tailored documentation and specification of the different aspects of the system.

This paper presents the XOpT approach to support the composition and adaptation step. It provides a framework based on XML, DOM and XPath technology with an hierarchy of transformation operators. These are either generic or specifically suited for (and thus also restricted to) a certain domain. New operators may be added on top of existing ones on demand.

XOpT is a unification of composition and weaving techniques as it operates on the standardized XML data format. Furthermore, this language independence allows the manipulations on different abstraction levels in parallel preserving model consistency.

The concepts have been applied to an c-commerce system based on ARIS which also serves as example in this paper.",wos,llm,0.800,unreviewed,
kept,Coupling on-line game implementation and problem solving: A viable approach,"Rosiene, JA; Rosiene, CP",2004,COMPUTER APPLICATIONS IN INDUSTRY AND ENGINEERING,,https://www.webofscience.com/wos/woscc/full-record/WOS:000226294700006,supports-claim,"One of the challenges in an introductory programming and problem solving course is developing a well defined programming problem. The problem base must be complicated enough to illustrate stepwise refinement and other programming constructs, while still being able to be completed in one or two weeks during a semester. An approach, which has been used successfully in both the introduction to problem solving and the object-oriented programming courses, has been to have the students design and implement a solution to one of the many online games (e.g., zone.msn.com). It has been our experience that these online games provide a variety of challenging problems, meet many of the hourly coverage goals IEEE-CS/ACM CC2001 [1] curriculum guidelines for both imperative-first and object-first approaches, and motivate and hold the student's attention.",wos,llm,0.920,unreviewed,
