status,title,authors,year,venue,doi,url,tags,abstract,provider,decision_source,llm_confidence,llm_review_outcome,llm_change_direction
discarded,Design Patterns: Magic or Myth?,David Budgen,2013,IEEE Software,10.1109/MS.2013.26,https://ieeexplore.ieee.org/document/6470594/,adjacent-subtopic,"A mapping study of design pattern literature combined with two follow-on surveys shows only limited empirical evidence that the ""Gang of Four"" patterns provide a useful way of transferring design knowledge or that their use will lead to better designs.",ieee,llm,0.970,unreviewed,
discarded,Enhancing the quality of software design through multi-touch interfaces,Mohammed Basheri; Malcolm Munro,2014,2014 IEEE Frontiers in Education Conference (FIE) Proceedings,10.1109/FIE.2014.7044466,https://ieeexplore.ieee.org/document/7044466/,adjacent-subtopic,"Use of multi-touch interfaces for collaborative software design has become increasingly important. Such surfaces can accommodate more than one user concurrently, which is particularly useful for collaboration. In this paper, the quality of collaborative software design using Unified Modeling Language (UML) was studied. In particular, we looked at if/how the quality of students' design diagrams could be enhanced in a contemporary multi-touch table environment, as opposed to a traditional PC based environment. The results showed that multi-touch environment increased the amount of physical interactions and subjects' engagement with the design activities. In addition, the multi-touch setting encouraged students to be engaged in a discursive conversation using ""Creative Conflict"" skills.",ieee,llm,0.950,unreviewed,
discarded,Exploiting Group Shuffling Dynamics to Convey the Importance of Good Software Design,Jose I. Benedetto; Jaime Navón,2020,2020 IEEE/ACM 42nd International Conference on Software Engineering: Software Engineering Education and Training (ICSE-SEET),,https://ieeexplore.ieee.org/document/9292028/,adjacent-subtopic,"Analysis, modeling and design activities are integral parts of any modern software development project. However, educators often struggle in convincing undergraduate students of their value. Grasping the importance of good software design requires a certain maturity that is not yet attained in the first years of a computer science curriculum. In this study, we introduce group shuffling dynamics to a formal software design course to convey the importance of these concepts by exposing students to the experience of switching groups mid-semester. This grants a whole new perspective on the matter as the cost of managing technical debt is felt when the respective developers leave, and modeling artifacts become pivotal in aiding the incorporation of new team members. This short paper presents our first experience while implementing this methodology and shares our preliminary results derived from a first set of interviews with our students.",ieee,llm,0.930,unreviewed,
discarded,A controlled experiment: Do Visitor patterns improve design simplicity?,Aziz Nanthaamornphong; Rattana Wetprasit,2014,2014 8th. Malaysian Software Engineering Conference (MySEC),10.1109/MySec.2014.6985995,https://ieeexplore.ieee.org/document/6985995/,adjacent-subtopic,"The uses of design patterns have been widely introduced to software engineer communities. The design patterns are claimed to improve the software quality. However, there is few evidence to support such claim. Also, the benefits of design patterns in software design have also been less studied. As a result, in this study we designed and performed an experiment to investigate whether the design patterns improve the software design simplicity. In particular, we analyzed how easily the software design was understood. We chose the Visitor pattern, which is one of well-known patterns as the design pattern for our study. The result of the study revealed that the Visitor pattern improved the software design simplicity. Specifically the design diagram with the Visitor pattern was easier to understand than the design diagram without the design pattern.",ieee,llm,0.980,unreviewed,
kept,Evidence relating to object-oriented software design: A survey,John Bailey; David Budgen; Mark Turner; Barbara Kitchenham; Pearl Brereton; Stephen Linkman,2007,First International Symposium on Empirical Software Engineering and Measurement (ESEM 2007),10.1109/ESEM.2007.58,https://ieeexplore.ieee.org/document/4343786/,adjacent-subtopic,"There is little empirical knowledge of the effectiveness of the object-oriented paradigm. To conduct a systematic review of the literature describing empirical studies of this paradigm. We undertook a Mapping Study of the literature. 138 papers have been identified and classified by topic, form of study involved, and source. The majority of empirical studies of OO (object oriented software) concentrate on metrics, relatively few consider effectiveness.",ieee,llm,0.780,unreviewed,
discarded,Effectiveness of Control Flow Checking Algorithms Using a Model-Based Software Design Approach: An Empirical Study,Mohammadreza Amel Solouki; Jacopo Sini; Massimo Violante,2022,"2022 29th IEEE International Conference on Electronics, Circuits and Systems (ICECS)",10.1109/ICECS202256217.2022.9970849,https://ieeexplore.ieee.org/document/9970849/,adjacent-subtopic,"Many software-implemented control flow error detection techniques have been proposed over the years. However, applying these approaches can be difficult because their respective literature gives little guidance on the practical implementation in high-level programming languages, and they have to be implemented in low-level code, e.g., assembly. Moreover, the current trend in the automotive industry is to adopt the so-called Model-Based Software Design, where an executable algorithm model is automatically translated into C or C++ source code. This paper presents experimental data, compliant with the ISO26262 automotive functional safety standard, on the capabilities of Control Flow Checking (CFC) algorithms, implemented in the model and then automatically generated. The assessment was performed using a novel fault injection environment targeting a RISC-V (RV32I) microcontroller.",ieee,llm,0.970,unreviewed,
discarded,Empirical Studies into UML in Practice: Pitfalls and Prospects,Michel R.V. Chaudron,2017,2017 IEEE/ACM 9th International Workshop on Modelling in Software Engineering (MiSE),10.1109/MiSE.2017.24,https://ieeexplore.ieee.org/document/7964388/,adjacent-subtopic,"A key open question in the area of software modeling is which costs and benefits it brings to software development and maintenance. For answering this question, better empirical studies into software modeling are needed. In this paper I focus on what I believe are the pitfalls in- and prospects for such types of studies. This paper is an abstract for an invited keynote at the Modeling in Software Engineering (MiSE) workshop at ICSE 2017.",ieee,llm,0.960,unreviewed,
discarded,On use of design patterns in empirical assessment of software design quality,Md. Abul Khaer; M.M.A. Hashem; Md. Raihan Masud,2008,2008 International Conference on Computer and Communication Engineering,10.1109/ICCCE.2008.4580582,https://ieeexplore.ieee.org/document/4580582/,adjacent-subtopic,"This paper describes the results of a statistical analysis where the impact of design patterns on object oriented software system is experimentally evaluated. We used GoF (Gang of Four) design patterns as our assessment criteria. For empirical analysis data is collected from nine different size open source java projects. The results obtained in this experiment show how design quality of software systems can be affected by proper usage of design patterns. In this paper, we also propose an approach for measuring design quality of software using design patterns. We validate our proposed approach against quality metrics based approach.",ieee,llm,0.980,unreviewed,
discarded,Proceedings 2003 International Symposium on Empirical Software Engineering. ISESE 2003,,2003,"2003 International Symposium on Empirical Software Engineering, 2003. ISESE 2003. Proceedings.",10.1109/ISESE.2003.1237958,https://ieeexplore.ieee.org/document/1237958/,adjacent-subtopic,The following topics are dealt with: software process definition; software process evaluation; software requirements; software design; empirical methods; effort estimation; pair programming; experience management; software testing; prediction models; inspections; risk analysis; collaborative development and process management.,ieee,llm,0.990,unreviewed,
discarded,A new mathematical notation for describing notion and thought in software design,Yingxu Wang,2002,Proceedings First IEEE International Conference on Cognitive Informatics,10.1109/COGINF.2002.1039298,https://ieeexplore.ieee.org/document/1039298/,adjacent-subtopic,"Conventional software description is algorithm-based. However, a large part of things in software description are nonalgorithmic and nonfunctional, such as those of system architectures, dynamic behaviors, performance, and quality. Therefore, contemporary concept in software description has been shifted from algorithms to software architectures and behaviors. Software behaviors can be modeled as a 3D representation comprising mathematical operations, event/process timing, and memory manipulation. This paper introduces the real-time process algebra (RTPA) that serves as an expressive notation system for describing thoughts and notions in software design. RTPA is used to address the 3D problem in component-based software description and specification. Case studies on applications of RTPA in component-based software engineering are demonstrated with real-world examples.",ieee,llm,0.970,unreviewed,
discarded,Integrated circuit teaching through top-down design,J.E. Franca,1994,IEEE Transactions on Education,10.1109/13.330102,https://ieeexplore.ieee.org/document/330102/,off-topic-false-hit,"This paper describes the organization, development, and results of an integrated circuit design course where the bottom-up teaching approach adopted in textbooks has been managed in conjunction with the top-down strategy of modern design methodologies. The deliverables and milestones established for the teaching, learning, and design activities have been successfully met up to the level of obtaining simulation results demonstrating the functional and/or electrical performance of a number of application specific integrated circuits for communication systems which not only exhibit some innovative solutions but also demonstrate potential practical applicability in industry.<>",ieee,llm,0.960,unreviewed,
discarded,Machine Learning Based Flexibility Evaluation Model: An Empirical Validation,Abdullah; C.L.P. Gupta,2023,"2023 International Conference on New Frontiers in Communication, Automation, Management and Security (ICCAMS)",10.1109/ICCAMS60113.2023.10525947,https://ieeexplore.ieee.org/document/10525947/,adjacent-subtopic,"Programming engineers and maintainers need to peruse and comprehend source programs and other programming relics. The expansion in size and intricacy of programming impressively influences a few quality credits, exceptionally flexibility and viability. Bogus investigation frequently prompts misconception, ambiguities and subsequently to broken advancement results. In spite of the way that product flexibility is vital and one of the main element of the product improvement lifecycle, it is inadequately made due. This is principally because of the absence of its appropriate administration and control. The paper features the meaning of flexibility overall and as a central point of programming viability. In this paper a work has been completed to lay out a relationship amongst object situated plan possessions and flexibility as a first influence. A flexibility assessment model has been proposed for object oriented software by laying out various design metrices. All in all the flexibility assessment model has been validated utilizing experimental tryout.",ieee,llm,0.970,unreviewed,
discarded,Cost of software design diversity an empirical evaluation,K. Kanoun,1999,Proceedings 10th International Symposium on Software Reliability Engineering (Cat. No.PR00443),10.1109/ISSRE.1999.809329,https://ieeexplore.ieee.org/document/809329/,adjacent-subtopic,"This paper analyzes data related to working hours that have been recorded over seven years, during the development of a real-life software system. The software under consideration is composed of two diverse (dissimilar) units, called variants. The second variant is used for self-checking. The results of the two variants are compared: in case of agreement, the outputs of the principal variant are transmitted and in case of discrepancy an error is reported. For each development phase, we evaluate the cost overhead induced by the development of the second variant with respect to the cost of the principal variant, considered as a reference. The results show that the cost overhead varies from 25% to 134% according to the development phase.",ieee,llm,0.950,unreviewed,
discarded,Assessing the cognitive consequences of the object-oriented approach: A survey of empirical research on object-oriented design by individuals and teams1,Françoise Détienne,1997,Interacting with Computers,10.1016/S0953-5438(97)00006-4,https://ieeexplore.ieee.org/document/8160418/,adjacent-subtopic,"This paper presents a state-of-the-art review of empirical research on object-oriented (OO) design. Many claims about the cognitive benefits of the OO paradigm have been made by its advocates. These claims concern the ease of designing and reusing software at the individual level as well as the benefits of this paradigm at the team level. Since these claims are cognitive in nature, it seems important to assess them empirically. After a brief presentation of the main concepts of the OO paradigm, the claims about the superiority of OO design are outlined.The core of this paper consists of a review of empirical studies of OO design (OOD). We first discuss results concerning OOD by individuals. On the basis of empirical work, we (1) analyse the design activity of novice OO designers, (2) compare OOD with procedural design and (3) discuss a typology of problems relevant for the OO approach. Then we assess the claims about naturalness and ease of OOD. The next part discusses results on OO software reuse. On the basis of empirical work, we (1) compare reuse in the OO versus the procedural paradigm, (2) discuss the potential for OO software reuse and (3) analyse reuse activity in the OO paradigm. Then we assess claims on reusability. The final part reviews empirical work on OOD by teams. We present results on communication, coordination, knowledge dissemination and interactions with clients. Then we assess claims about OOD at the software design team level.In a general conclusion, we discuss the limitations of these studies and give some directions for future research.",ieee,llm,0.940,unreviewed,
kept,Component reuse in software design: an observational study,D. Budgen; A. Pohthong,1999,STEP '99. Proceedings Ninth International Workshop Software Technology and Engineering Practice,10.1109/STEP.1999.798480,https://ieeexplore.ieee.org/document/798480/,qualifies-claim; criticism,"The adoption of a component-based strategy for software development is likely to require a major paradigm shift in design practices in order to incorporate such factors as reuse and goodness of fit. This paper describes an empirical study that we have performed to investigate how designers' strategies evolve when using Unix processes as components. Our results suggest that, as they gain confidence, designers adopt a more strongly opportunistic strategy, and we particularly identify the importance of having access to component documentation when making design decisions, regardless of a designer's detailed solution strategy. We conclude by identifying some of the attributes that will be needed in any tools and environments that are intended to support component-based software development, and discuss the role that studies of this type can play in software engineering research.",ieee,llm,0.810,unreviewed,
discarded,An empirical investigation of search-based computational support for conceptual software engineering design,Christopher L. Simons; Ian C. Parmee,2009,"2009 IEEE International Conference on Systems, Man and Cybernetics",10.1109/ICSMC.2009.5346344,https://ieeexplore.ieee.org/document/5346344/,adjacent-subtopic,"Conceptual software engineering design is an intensely people-oriented and non-trivial activity, yet current computational tool support is limited. While a number of search-based software engineering approaches to support software design have been reported, few empirical studies into their application have been described. This paper reports the findings of an observational study of conceptual design episodes in a UK higher education problem domain. When compared with a manual design episode, a design episode enabled by a user-interactive, search-based, evolutionary computation tool generates a large number of useful and interesting candidate designs, and provides enhanced qualitative and quantitative evaluation. It is also found that tool-supported visualization of UML class designs offers opportunities for sudden design discovery, and that designers respond positively to opportunities to explore and exploit multiple candidate designs. It appears therefore that search-based computational tool support offers high potential in the support of conceptual software engineering design.",ieee,llm,0.940,unreviewed,
discarded,The Structure of Software Design Discussions,Giovanni Viviani; Calahan Janik-Jones; Michalis Famelis; Gail Murphy,2018,2018 IEEE/ACM 11th International Workshop on Cooperative and Human Aspects of Software Engineering (CHASE),,https://ieeexplore.ieee.org/document/8445547/,adjacent-subtopic,"As a software system is iteratively developed, software developers engage in many discussions, often through written forms. Some of these discussions occur on pull requests and include information about the design of the system to which the code in the pull request is being contributed. Although previous work has shown that design is discussed in forums like pull requests, little is known about the form and content of the discussion about design. In this paper, we report on an in-depth analysis of three pull requests to better understand the form and content of design information in pull request discussions to enable the development of tools to help humans access this information.",ieee,llm,0.950,unreviewed,
discarded,CAMEL: A Tool for Collaborative Distributed Software Design,Marcelo Cataldo; Charles Shelton; Yongjoon Choi; Yun-Yin Huang; Vytesh Ramesh; Darpan Saini; Liang-Yun Wang,2009,2009 Fourth IEEE International Conference on Global Software Engineering,10.1109/ICGSE.2009.16,https://ieeexplore.ieee.org/document/5196922/,adjacent-subtopic,"Software design activities require rich communication channels where developers can exchange information in multiple ways. It is well established that geographic distribution impacts negatively on the effectiveness of design meetings. In this paper, we present a tool for supporting virtual software design meetings. The features of the tool address four fundamental challenges identified from the literature: (1) information sharing, conflict resolution and development of consensus among geographically distributed designers, (2) availability of sufficient and organizable drawing surfaces for graphical representations, (3) developing shared understanding and managing focus during the discussion and (4) appropriate capturing and storing of all design-relevant information.",ieee,llm,0.940,unreviewed,
discarded,Conway's Law Revisited: The Evidence for a Task-Based Perspective,Irwin Kwan; Marcelo Cataldo; Daniela Damian,2012,IEEE Software,10.1109/MS.2012.3,https://ieeexplore.ieee.org/document/6111370/,adjacent-subtopic,"Conway's law, also called the mirroring hypothesis, predicts that a development organization will inevitably design systems that mirror its organizational communication structure. The alignment between architecture and communication applies to physical systems, but not necessarily to software systems. In this article, the authors present evidence that a task-level view of Conway's law can realize the benefits of alignment in software systems.",ieee,llm,0.960,unreviewed,
