status,title,authors,year,venue,doi,url,tags,abstract,provider,decision_source,llm_confidence,llm_review_outcome,llm_change_direction
discarded,Using Coq toWrite Fast and Correct Haskell,"Wiegley, John; Delaware, Benjamin",2017,ACM SIGPLAN NOTICES,10.1145/3156695.3122962,https://www.webofscience.com/wos/woscc/full-record/WOS:000415406300007,adjacent-subtopic,"Correctness and performance are often at odds in the field of systems engineering, either because correct programs are too costly to write or impractical to execute, or because well-performing code involves so many tricks of the trade that formal analysis is unable to isolate the main properties of the algorithm.

As a prime example of this tension, Coq is an established proof environment that allows writing correct, dependently-typed code, but it has been criticized for exorbitant development times, forcing the developer to choose between optimal code or tractable proofs. On the other side of the divide, Haskell has proven itself to be a capable, well-typed programming environment, yet easy-to-read, straightforward code must all too often be replaced by highly optimized variants that obscure the author's original intention.

This paper builds on the existing Fiat refinement framework to bridge this divide, demonstrating how to derive a correct-by-construction implementation that meets (or exceeds) the performance characteristics of highly optimized Haskell, starting from a high-level Coq specification. To achieve this goal, we extend Fiat with a stateful notion of refinement of abstract data types and add support for extracting stateful code via a free monad equipped with an algebra of heap-manipulating operations. As a case study, we reimplement a subset of the popular bytestring library, with little to no loss of performance, while retaining a high guarantee of program correctness.",wos,llm,0.870,unreviewed,
discarded,Relating trace refinement and linearizability,"Smith, Graeme; Winter, Kirsten",2017,FORMAL ASPECTS OF COMPUTING,10.1007/s00165-017-0418-2,https://www.webofscience.com/wos/woscc/full-record/WOS:000415311300002,adjacent-subtopic,"In the late 1980's, Back extended the notion of stepwise refinement of sequential systems to concurrent systems. By doing so he provided a definition of what it means for a concurrent system to be correct with respect to an abstract (potentially sequential) specification. This notion of refinement, referred to as trace refinement, was also independently proposed by Abadi and Lamport and has found widespread acceptance and application within the refinement community. Around the same time as Back's work, Herlihy and Wing proposed linearizability as the correctness notion for concurrent objects. Linearizability has also found widespread acceptance being regarded as the standard notion of correctness for concurrent objects in the concurrent-algorithms community. In this paper, we provide a formal link between trace refinement and linearizability. This allows us to compare the two correctness conditions. Our comparisons show that trace refinement implies linearizability, but that linearizability does not imply trace refinement in general. However, linearizability does imply trace refinement under certain conditions. These conditions relate to (i) the fact that trace refinement can be used to prove both safety and liveness properties, whereas linearizability can only be used to prove safety properties, and (ii) the fact that trace refinement depends on the identification of when operations in the implementation are observed to occur. We discuss the consequences of these differences in the context of verifying concurrent objects.",wos,llm,0.910,unreviewed,
discarded,<i>Prometheus</i>: Online Estimation of Optimal Memory Demands for Workers in In-memory Distributed Computation,"Xu, Guoyao; Xu, Cheng-Zhong",2017,PROCEEDINGS OF THE 2017 SYMPOSIUM ON CLOUD COMPUTING (SOCC '17),10.1145/3127479.3132689,https://www.webofscience.com/wos/woscc/full-record/WOS:000414279000079,off-topic-false-hit,"Modern in-memory distributed computation frameworks like Spark adequately leverage memory resources to cache intermediate data across multi-stage tasks in pre-allocated worker processes, so as to speedup executions. They rely on a cluster resource manager like Yarn or Mesos to pre-reserve specific amount of CPU and memory for workers ahead of task scheduling. Since a worker is executed for an entire application and runs multiple batches of DAG tasks from multi-stages, its memory demands change over time [3].

Resource managers like Yarn solve the non-trivial allocation problem of determining right amounts of memory provision for workers by requiring users to make explicit reservations before execution. Since the underlying execution frameworks, workload and complex codebases are invisible, users tend to over-estimate or under-estimate workers' demands, leading to over-provisioning or under-provisioning of memory resources.

We observed there exists a performance inflection point with respect to memory reservation per stage of applications. After that, performance fluctuates little even under over-provisioned memory [1]. It is the minimum required memory to achieve expected nearly optimal performance. We call these capacities as optimal demands. They are capacity cut lines to divide over-provisioning and under-provisioning. To relieve the burden of users, and provide guarantees over both maximum cluster memory utilization and optimal application performance, we present a system namely Prometheus for online estimation of optimal memory demand for workers per future stage, without involving users' efforts.

The procedure to explore optimal demands is essentially a search problem correlated memory reservation and performance. Most existing searching methods [2] need multiple profiling runs or prior historical execution statistics, which are not applicable to online configuration of newly submitted or non-recurring jobs. The recurring applications' optimal demands also change over time under variations of input datasets, algorithmic parameters or source code. It becomes too expensive and infeasible to rebuild new search model for every setting.

Prometheus adopts a two-step approach to tackle the problem: 1) For newly submitted or non-recurring jobs, we do profiling and histogram frequency analysis of job's runtime memory footprints from only one pilot run under over-provisioned memory. It achieves a highly accurate (over 80% accuracy) initial estimation of optimal demands per stage for each worker. By analyzing frequency of past memory usages per sampling time, we efficiently estimate probability of base demands and distinguish them from unnecessarily excessive usages. Allocation of base demands tends to achieve near-optimal performance, so as to approach optimal demands.

2) Histogram frequency analysis algorithm has an intrinsic property of self-decay. For subsequent recurring submissions, Prometheus exploits this property to efficiently perform a recursive search. It obtains stepwise refinement and rapidly reaches optimal demands through few recurring executions. We demonstrate this recursive search reaches up to 3-4 times lower searching overheads and 2-4 times more accuracy compared with alternative solutions like random search.

We validate the design by implementing Prometheus atop of Spark and Yarn. The experimental results show that it achieves an ultimate accuracy of more than 92%. By deploying Prometheus and reserving memory according to the optimal demands, one could improve cluster memory utilization by about 40%. It simultaneously reduces individual application execution time by over 35% comparing to the state-of-the-art approaches. Overall, the optimal memory demands knowledge provided by Prometheus enables cluster managers to effectively avoid over-provisioning or under-provisioning of memory resources, and achieve optimal application performance and maximum resource efficiency.",wos,llm,0.990,unreviewed,
discarded,Genetic and immunohistochemical analysis of HSPA5 in mouse and human retinas,"Chintalapudi, Sumana R.; Wang, XiaoFei; Li, Huiling; Lau, Yin H. Chan; Williams, Robert W.; Jablonski, Monica M.",2016,MOLECULAR VISION,,https://www.webofscience.com/wos/woscc/full-record/WOS:000393908400001,off-topic-false-hit,"Purpose: Photoreceptor degenerative diseases are among the leading causes of vision loss. Although the causative genetic mutations are often known, mechanisms leading to photoreceptor degeneration remain poorly defined. We have previously demonstrated that the photoreceptor membrane-associated protein XAP-1 antigen is a product of the HSPA5 gene. In this study, we used systems genetic methods, statistical modeling, and immunostaining to identify and analyze candidate genes that modulate Hspa5 expression in the retina.

Methods: Quantitative trait locus (QTL) mapping was used to map the genomic region that regulates Hspa5 in the cross between C57BL/6J X DBA/2J mice (BXD) genetic reference panel. The stepwise refinement of candidate genes was based on expression QTL mapping, gene expression correlation analyses (direct and partial), and analysis of regional sequence variants. The subcellular localization of candidate proteins and HSPA5 in mouse and human retinas was evaluated by immunohistochemistry. Differences in the localization of extracellular HSPA5 were assessed between healthy human donor and atrophic age-related macular degeneration (AMD) donor eyes.

Results: In the eyes of healthy mice, extracellular HSPA5 was confined to the area around the cone photoreceptor outer segments. Mapping variation in Hspa5 mRNA expression levels in the retina revealed a statistically significant trans-acting expression QTL (eQTL) on Chromosome 2 (Chr 2) and a suggestive locus on Chr 15. Sulf2 on Chr 2 was the strongest candidate gene based on partial correlation analysis, Pearson correlation with Hspa5, expression levels in the retina, a missense variant in exon 14, and its reported function in the extracellular matrix and interphotoreceptor matrix. SULF2 is localized to the rod and cone photoreceptors in both human and mouse retinas. In human retinas with no pathology, extracellular HSPA5 was localized around many cones within the macular area. In contrast, fewer HSPA5-immunopositive cones were observed in the retinas from AMD donors.

Conclusions: We identified Sulf2 as a candidate gene modulating the Hspa5 expression in the retina. The preferential loss of HSPA5 in the interphotoreceptor matrix around cone photoreceptors in atrophic AMD retinas opens up new avenues for exploring the changes in interphotoreceptor matrix (IPM) that are associated with macular disease.",wos,llm,0.990,unreviewed,
discarded,Formal refinement of extended state machines,"Fayolle, Thomas; Frappier, Marc; Laleau, Regine; Gervais, Frederic",2016,ELECTRONIC PROCEEDINGS IN THEORETICAL COMPUTER SCIENCE,10.4204/EPTCS.209.1,https://www.webofscience.com/wos/woscc/full-record/WOS:000390316700002,adjacent-subtopic,"In a traditional formal development process, e.g. using the B method, the informal user requirements are (manually) translated into a global abstract formal specification. This translation is especially difficult to achieve. The Event-B method was developed to incrementally and formally construct such a specification using stepwise refinement. Each increment takes into account new properties and system aspects. In this paper, we propose to couple a graphical notation called Algebraic State-Transition Diagrams (ASTD) with an Event-B specification in order to provide a better understanding of the software behaviour. The dynamic behaviour is captured by the ASTD, which is based on automata and process algebra operators, while the data model is described by means of an Event-B specification. We propose a methodology to incrementally refine such specification couplings, taking into account new refinement relations and consistency conditions between the control specification and the data specification. We compare the specifications obtained using each approach for readability and proof complexity. The advantages and drawbacks of the traditional approach and of our methodology are discussed. The whole process is illustrated by a railway CBTC-like case study. Our approach is supported by tools for translating ASTD's into B and Event-B into B.",wos,llm,0.900,unreviewed,
discarded,Question-Answer Analysis in Design Thinking at the Conceptual Stage of Developing a System with a Software,"Sosnin, P.",2017,"2017 8TH INTERNATIONAL CONFERENCE ON INFORMATION, INTELLIGENCE, SYSTEMS & APPLICATIONS (IISA)",,https://www.webofscience.com/wos/woscc/full-record/WOS:000454859600094,adjacent-subtopic,"The paper presents a way of implementing the design thinking with the use of a question-answer analysis that helps a designer to incrementally reduce uncertainty in the process of solving a project task. For managing the analysis, the designer uses the stepwise refinement in its applying to a statement of the task in the current state of its formulating. For the task being solved, this way leads to a conceptual solution, which is tested with the use of an executed prototype expressed in a pseudo-code form. The designer builds the conceptual solution of the task in a specialized semantic memory that is fitted on question answering as in the analysis process so in pseudo code prototyping. The implementation of the proposed way fully corresponds to the process of design thinking at the conceptual stage of developing the system with the software.",wos,llm,0.760,unreviewed,
discarded,Construction of Abstract State Graphs for Understanding Event-B Models,"Morita, Daichi; Ishikawa, Fuyuki; Honiden, Shinichi",2017,"DEPENDABLE SOFTWARE ENGINEERING. THEORIES, TOOLS, AND APPLICATIONS, SETTA 2017",10.1007/978-3-319-69483-2_15,https://www.webofscience.com/wos/woscc/full-record/WOS:001818524100015,adjacent-subtopic,"Event-B is a formal method that supports correctness by construction in system modeling using stepwise refinement. However, it is difficult to understand the rigorous behaviors of models from Event-B specifications, such as the reachable state space or the possible sequences of events. This is because the Event-B model is described in a style that lists events that have concurrently been enabled depending on their guard conditions. This paper proposes a method that helps in understanding the rigorous behaviors of an Event-B model by creating an abstract state graph. The core of our method involves dividing the concrete state space by using the guard conditions of individual events to extract states that are essential to enable possible transitions to be understood. Moreover, we further divided the state space by using the guard conditions of events in the models before refinement to support understanding of changes in behaviors between the models before and after refinement. Our unique approach facilitated finding of invariants that were not specified but held, which were useful for validation.",wos,llm,0.900,unreviewed,
discarded,Comparison of specification decomposition methods in Event-B,"Devyanin, P. N.; Kulyamin, V. V.; Petrenko, A. K.; Khoroshilov, A. V.; Shchepetkov, I. V.",2016,PROGRAMMING AND COMPUTER SOFTWARE,10.1134/S0361768816040022,https://www.webofscience.com/wos/woscc/full-record/WOS:000381211300002,adjacent-subtopic,"Decomposition is an important phase in the design of medium and large-scale systems. Various architectures of software systems and decomposition methods are studied in numerous publications. Presently, formal specifications of software systems are mainly used for experimental purposes; for this reason, their size and complexity are relatively low. As a result, in the development of a nontrivial specification, different approaches to the decomposition should be compared and the most suitable approach should be chosen. In this paper, the experience gained in the deductive verification of the formal specification of the mandatory entity-role model of access and information flows control in Linux (MROSL DP-model) using the formal Event-B method and stepwise refinement technique is analyzed. Two approaches to the refinementbased decomposition of specifications are compared and the sources and features of the complexity of the architecture of the model are investigated.",wos,llm,0.890,unreviewed,
discarded,Top Down Relations on Fuzzy Labeled Transitions System,"Kouah, Sofia; Saidouni, Djamel Eddine; Kitouni, Ilhem",2015,2015 FIRST INTERNATIONAL CONFERENCE ON NEW TECHNOLOGIES OF INFORMATION AND COMMUNICATION (NTIC),,https://www.webofscience.com/wos/woscc/full-record/WOS:000380529300026,adjacent-subtopic,"The formal stepwise refinement method is a powerful manner to design complex systems. It postulates system engineering gradually by starting from initial abstract specification and follows a rigorous refinement process to establish final specification. Fuzzy Labeled Transition Refinement Tree (FLTRT) is introduced to fulfill such purpose. It supports abstraction and handling incomplete information and by the way reducing complexity of refinement process. It is based on Fuzzy Labeled Transition System (FLTS) which is a generalization of well-known Labeled Transition System, enhanced by fuzziness facility. The FLTRT structure serves as a tree of potential concurrent design trajectories of the system. In this paper, we study bisimulation relations on FLTSs which are classified into two categories: horizontal and top-down bisimulation relations. The first category intends to identify equivalent specifications of the same abstraction level. However, the second one relates specifications that belong conceptually to different abstraction levels. Top-down bisimulation relation intends to check correctness of a given implementation with respect to its initial specification. FLTRT structure preserves the top-down bisimulation relation.",wos,llm,0.850,unreviewed,
discarded,"Orthologs, turn-over, and remolding of tRNAs in primates and fruit flies","Velandia-Huerto, Cristian A.; Berkemer, Sarah J.; Hoffmann, Anne; Retzlaff, Nancy; Romero Marroquin, Liliana C.; Hernandez-Rosales, Maribel; Stadler, Peter F.; Bermudez-Santana, Clara I.",2016,BMC GENOMICS,10.1186/s12864-016-2927-4,https://www.webofscience.com/wos/woscc/full-record/WOS:000384047900009,off-topic-false-hit,"Background: Transfer RNAs (tRNAs) are ubiquitous in all living organism. They implement the genetic code so that most genomes contain distinct tRNAs for almost all 61 codons. They behave similar to mobile elements and proliferate in genomes spawning both local and non-local copies. Most tRNA families are therefore typically present as multicopy genes. The members of the individual tRNA families evolve under concerted or rapid birth-death evolution, so that paralogous copies maintain almost identical sequences over long evolutionary time-scales. To a good approximation these are functionally equivalent. Individual tRNA copies thus are evolutionary unstable and easily turn into pseudogenes and disappear. This leads to a rapid turnover of tRNAs and often large differences in the tRNA complements of closely related species. Since tRNA paralogs are not distinguished by sequence, common methods cannot not be used to establish orthology between tRNA genes.

Results: In this contribution we introduce a general framework to distinguish orthologs and paralogs in gene families that are subject to concerted evolution. It is based on the use of uniquely aligned adjacent sequence elements as anchors to establish syntenic conservation of sequence intervals. In practice, anchors and intervals can be extracted from genome-wide multiple sequence alignments. Syntenic clusters of concertedly evolving genes of different families can then be subdivided by list alignments, leading to usually small clusters of candidate co-orthologs. On the basis of recent advances in phylogenetic combinatorics, these candidate clusters can be further processed by cograph editing to recover their duplication histories. We developed a workflow that can be conceptualized as stepwise refinement of a graph of homologous genes. We apply this analysis strategy with different types of synteny anchors to investigate the evolution of tRNAs in primates and fruit flies. We identified a large number of tRNA remolding events concentrated at the tips of the phylogeny. With one notable exception all phylogenetically old tRNA remoldings do not change the isoacceptor class.

Conclusions: Gene families evolving under concerted evolution are not amenable to classical phylogenetic analyses since paralogs maintain identical, species-specific sequences, precluding the estimation of correct gene trees from sequence differences. This leaves conservation of syntenic arrangements with respect to ""anchor elements"" that are not subject to concerted evolution as the only viable source of phylogenetic information. We have demonstrated here that a purely synteny-based analysis of tRNA gene histories is indeed feasible. Although the choice of synteny anchors influences the resolution in particular when tight gene clusters are present, and the quality of sequence alignments, genome assemblies, and genome rearrangements limits the scope of the analysis, largely coherent results can be obtained for tRNAs. In particular, we conclude that a large fraction of the tRNAs are recent copies. This proliferation is compensated by rapid pseudogenization as exemplified by many very recent alloacceptor remoldings.",wos,llm,0.990,unreviewed,
