status,title,authors,year,venue,doi,url,tags,abstract,provider,decision_source,llm_confidence,llm_review_outcome,llm_change_direction
discarded,Model-based Safety Assessment of a Triple Modular Generator with xSAP,"Bozzano, Marco; Cimatti, Alessandro; Gario, Marco; Jones, David; Mattarei, Cristian",2021,FORMAL ASPECTS OF COMPUTING,10.1007/s00165-021-00532-9,https://www.webofscience.com/wos/woscc/full-record/WOS:000637460100001,adjacent-subtopic,"The system design process needs to cope with the increasing complexity and size of systems,motivating the replacement of labor intensivemanual techniques with automated and semi-automated approaches.Recently, formal methods techniques, such as model-based verification and safety assessment, have been increasingly used to model systems under fault and to analyze them, generating artifacts such as fault trees and FMEA tables. In this paper, we show how to apply model-based techniques to a realistic case study from the avionics domain: a high integrity power distribution system, the Triple Modular Generator (TMG). The TMG is composed of a redundant and reconfigurable plant and a controller that must guarantee a high level of reliability. The case study is a significant challenge, from the modeling perspective, since it implements a complex reconfiguration policy, specified via a number of requirements in natural language, including a set of mutually dependent and potentially conflicting priority constraints. Moreover, from the verification standpoint, the controller must be able to handle an exponential number of possible faulty configurations. Our contribution is twofold. First, we formalize and validate the requirements and, using a constraint-based modeling style, we synthesize a correct by construction controller, avoiding the enumeration of all possible fault configurations, as is currently done by manual approaches. Second, we describe a comprehensive methodology and process, supported by the xSAP safety analysis platform that targets the modeling and safety assessment of faulty systems. Using xSAP, we are able to automatically extract minimal cut sets for the TMG. We demonstrate the scalability of our approach by analyzing a parametric version of the TMG case study that contains more than 700 variables and 90 faults.",wos,llm,0.690,unreviewed,
discarded,Spectra: a specification language for reactive systems,"Maoz, Shahar; Ringert, Jan Oliver",2021,SOFTWARE AND SYSTEMS MODELING,10.1007/s10270-021-00868-z,https://www.webofscience.com/wos/woscc/full-record/WOS:000640150000003,adjacent-subtopic,"We introduce Spectra, a new specification language for reactive systems, specifically tailored for the context of reactive synthesis. The meaning of Spectra is defined by a translation to a kernel language. Spectra comes with the Spectra Tools, a set of analyses, including a synthesizer to obtain a correct-by-construction implementation, several means for executing the resulting controller, and additional analyses aimed at helping engineers write higher-quality specifications. We present the language in detail and give an overview of its tool set. Together with the language and its tool set, we present four collections of many, non-trivial, large specifications, written by undergraduate computer science students for the development of autonomous Lego robots and additional example reactive systems. The collected specifications can serve as benchmarks for future studies on reactive synthesis. We present the specifications, with observations and lessons learned about the potential use of reactive synthesis by software engineers.",wos,llm,0.740,unreviewed,
discarded,Poster: AMYTISS: A Parallelized Tool on Automated Controller Synthesis for Large-Scale Stochastic Systems,"Lavaei, Abolfazl; Khaled, Mahmoud; Soudjani, Sadegh; Zamani, Majid",2020,PROCEEDINGS OF THE 23RD INTERNATIONAL CONFERENCE ON HYBRID SYSTEMS: COMPUTATION AND CONTROL (HSCC2020) (PART OF CPS-IOT WEEK),10.1145/3365365.3383469,https://www.webofscience.com/wos/woscc/full-record/WOS:000631865600032,adjacent-subtopic,"Large-scale stochastic systems have recently received significant attentions due to their broad applications in various safety-critical systems such as traffic networks and self-driving cars. In this poster, we describe the software tool AMYTISS, implemented in C++/OpenCL, for designing correct-by-construction controllers for large-scale discrete-time stochastic systems. This tool is employed to (i) build finite Markov decision processes (MDPs) as finite abstractions of given original systems, and (ii) synthesize controllers for the constructed finite MDPs satisfying bounded-time safety, reachability, and reach-avoid specifications. In AMYTISS, scalable parallel algorithms are designed such that they support the parallel execution within CPUs, GPUs and hardware accelerators (HWAs). Unlike all existing tools for stochastic systems, AMYTISS can utilize high-performance computing (HPC) platforms and cloud-computing services to mitigate the effects of the state-explosion problem, which is always present in analyzing large-scale stochastic systems. We benchmark AMYTISS against the most recent tools in the literature using several physical case studies including robot examples, room temperature and road traffic networks. We also apply our algorithms to a 3-dimensional autonomous vehicle and a 7-dimensional nonlinear model of a BMW 320i car by synthesizing autonomous parking controllers.",wos,llm,0.770,unreviewed,
discarded,dtControl: Decision Tree Learning Algorithms for Controller Representation,"Ashok, Pranav; Jackermeier, Mathias; Jagtap, Pushpak; Kretinsky, Jan; Weininger, Maximilian; Zamani, Majid",2020,PROCEEDINGS OF THE 23RD INTERNATIONAL CONFERENCE ON HYBRID SYSTEMS: COMPUTATION AND CONTROL (HSCC2020) (PART OF CPS-IOT WEEK),10.1145/3365365.3382220,https://www.webofscience.com/wos/woscc/full-record/WOS:000631865600026,adjacent-subtopic,"Decision tree learning is a popular classification technique most commonly used in machine learning applications. Recent work has shown that decision trees can be used to represent provably-correct controllers concisely. Compared to representations using lookup tables or binary decision diagrams, decision trees are smaller and more explainable. We present dtControl, an easily extensible tool for representing memoryless controllers as decision trees. We give a comprehensive evaluation of various decision tree learning algorithms applied to 10 case studies arising out of correct-by-construction controller synthesis. These algorithms include two new techniques, one for using arbitrary linear binary classifiers in the decision tree learning, and one novel approach for determinizing controllers during the decision tree construction. In particular the latter turns out to be extremely efficient, yielding decision trees with a single-digit number of decision nodes on 5 of the case studies.",wos,llm,0.740,unreviewed,
discarded,Silas: A high-performance machine learning foundation for logical reasoning and verification,"Bride, Hadrien; Cai, Cheng-Hao; Dong, Jie; Dong, Jin Song; Hou, Zhe; Mirjalili, Seyedali; Sun, Jing",2021,EXPERT SYSTEMS WITH APPLICATIONS,10.1016/j.eswa.2021.114806,https://www.webofscience.com/wos/woscc/full-record/WOS:000646956600009,off-topic-false-hit,"This paper introduces a new high-performance machine learning tool named Silas, which is built to provide a more transparent, dependable and efficient data analytics service. We discuss the machine learning aspects of Silas and demonstrate the advantage of Silas in its predictive and computational performance. We show that several customised algorithms in Silas yield better predictions in a significantly shorter time compared to the state-of-the-art. Another focus of Silas is on providing a formal foundation of decision trees to support logical analysis and verification of learned prediction models. We illustrate the potential capabilities of the fusion of machine learning and logical reasoning by showcasing applications in three directions: formal verification of the prediction model against user specifications, training correct-by-construction models, and explaining the decision-making of predictions.",wos,llm,0.880,unreviewed,
discarded,Convexified contextual optimization for on-the-fly control of smooth systems,"Vinod, Abraham P.; Israel, Arie; Topcu, Ufuk",2020,2020 AMERICAN CONTROL CONFERENCE (ACC),10.23919/acc45564.2020.9147720,https://www.webofscience.com/wos/woscc/full-record/WOS:000618079801156,off-topic-false-hit,"We consider the problem of data-driven, on-the-fly, constrained control of unknown nonlinear dynamics from a single finite-horizon trajectory. We are motivated by applications with severe limits on data availability and require online controller synthesis. Using a one-step receding horizon control framework, we pose the data-driven optimal control problem as a contextual optimization problem. Specifically, we seek to iteratively minimize a smooth (black-box) objective function over iteration-dependent constraints. We propose C2Opt, a data-driven, convex-optimization-based approach to solve this problem. We utilize correct-by-construction function approximation bounds on the objective function to guide the decision process. Our bounds are synthesized from data and smoothness assumptions, and accommodates incorporation of side information like convexity, monotonicity, and loose bounds on the function. We then use tractable convex optimization problems to solve for the iterates, given the context and past data. We utilize C2Opt to successfully drive a unicycle to a target destination under control constraints, using only the data collected from a single finite-horizon trajectory.",wos,llm,0.920,unreviewed,
discarded,Design of a Supervisor Platform for Movable Bridges,"Reijnen, F. F. H.; Van de Mortel-Fronczak, J. M.; Reniers, M. A.; Rooda, J. E.",2020,2020 IEEE 16TH INTERNATIONAL CONFERENCE ON AUTOMATION SCIENCE AND ENGINEERING (CASE),10.1109/case48305.2020.9216894,https://www.webofscience.com/wos/woscc/full-record/WOS:000612200600186,adjacent-subtopic,"Developing supervisory controllers for high-tech systems is an error-prone and laborious process. Formal methods can help in the development process by providing means to mathematical prove the correctness. One such formal method is supervisor synthesis, where a correct-by-construction supervisor is synthesized from a model of the plant and a model of the requirements. In this paper, supervisor synthesis for a family of similar systems is investigated. To this end, a graphical modeling method based on standardized modules is presented. A prototype tool has been developed that illustrates the proposed method in the development of supervisors for movable bridges. Using this method, the models for a family of seventeen bridges have been developed.",wos,llm,0.730,unreviewed,
kept,A correct-by-construction model for attribute-based access control: Illustration: web-based healthcare services,"Gadouche, Hania; Farah, Zoubeyr; Tari, Abdelkamel",2020,CLUSTER COMPUTING-THE JOURNAL OF NETWORKS SOFTWARE TOOLS AND APPLICATIONS,10.1007/s10586-019-02976-4,https://www.webofscience.com/wos/woscc/full-record/WOS:000606424800001,adjacent-subtopic,"In this paper, a formal specification approach of the attribute-based access control (ABAC) is proposed using the Event-B method. We apply an a priori formal verification to build a correct model in a stepwise manner. Correctness of the specification model is insured during the construction steps. The model is composed of abstraction levels that are generated through refinement operations. A set of ABAC properties is defined in each level of refinement starting from the highest abstract level to the most concrete one. These properties are preserved by proofs with the behavior specification. The approach is illustrated in healthcare web services.",wos,llm,0.820,unreviewed,
discarded,A Real-world Case Study of Process and Data Driven Predictive Analytics for Manufacturing Workflows,"Papapanagiotou, Petros; Vaughan, James; Smola, Filip; Fleuriot, Jacques",2021,PROCEEDINGS OF THE 54TH ANNUAL HAWAII INTERNATIONAL CONFERENCE ON SYSTEM SCIENCES,,https://www.webofscience.com/wos/woscc/full-record/WOS:001300419501001,adjacent-subtopic,"We present a novel application of business process modelling and simulation of manufacturing workflows. Using formal methods, we produce correct-by-construction executable models that can be simulated in an interleaved way. The simulation draws advanced analytics from live IoT monitoring as well as an ERP system to provide predictive business intelligence. We describe our process and resource modelling efforts in the context of a collaborative project with two manufacturing partners. We evaluate our results based on the improvement of the scheduling accuracy for real production flows.",wos,llm,0.670,unreviewed,
discarded,Synthesizing Formal Models of Hardware from RTL for Efficient Verification of Memory Model Implementations,"Hsiao, Yao; Mulligan, Dominic P.; Nikoleris, Nikos; Petri, Gustavo; Trippel, Caroline",2021,"PROCEEDINGS OF 54TH ANNUAL IEEE/ACM INTERNATIONAL SYMPOSIUM ON MICROARCHITECTURE, MICRO 2021",10.1145/3466752.3480087,https://www.webofscience.com/wos/woscc/full-record/WOS:001118047400049,adjacent-subtopic,"Modern hardware complexity makes it challenging to determine if a given microarchitecture adheres to a particular memory consistency model (MCM). This observation inspired the Check tools, which formally check that a specific microarchitecture correctly implements an MCM with respect to a suite of litmus test programs. Unfortunately, despite their effectiveness and efficiency, the Check tools must be supplied a microarchitecture in the guise of a manually constructed axiomatic specification, called a mu spec model.

To facilitate MCM verification-and enable the Check tools to consume processor RTL directly-we introduce a methodology and associated tool, RTL2 mu spec, for automatically synthesizing mu spec models from processor designs written in Verilog or SystemVerilog, with the help of modest user-provided design metadata. As a case study, we use RTL2 mu spec to facilitate the Check-based verification of the four-core RISC-V V-scale (multi-V-scale) processor's MCM implementation. We show that RTL2 mu spec can synthesize a complete, and proven correct by construction, mu spec model from the SystemVerilog design of the multi-V-scale processor in 6.84 minutes. Subsequent Check-based MCM verification of the synthesized mu spec model takes less than one second per litmus test.",wos,llm,0.700,unreviewed,
discarded,OmegaThreads: Symbolic Controller Design for ω-regular Objectives,"Khaled, Mahmoud; Zamani, Majid",2021,HSCC2021: PROCEEDINGS OF THE 24TH INTERNATIONAL CONFERENCE ON HYBRID SYSTEMS: COMPUTATION AND CONTROL (PART OF CPS-IOT WEEK),10.1145/3447928.3456652,https://www.webofscience.com/wos/woscc/full-record/WOS:000932821700016,adjacent-subtopic,"We introduce OmegaThreads, a tool for automatic synthesis of correct-by-construction controllers for control systems from omega-regular specifications. It accepts general nonlinear control systems from which discrete abstractions (a.k.a. symbolic models) are constructed. Specifications are provided directly as deterministic parity Automata (DPA) or as linear temporal logic (LTL) formulae. OmegaThreads constructs two-player parity games and searches for a winning strategies playing as a controller against the symbolic models. If found, OmegaThreads extracts the winning strategies as a Mealy machines.

OmegaThreads is implemented in C++ and OpenCL on top of pFaces. Inputs are given as text configuration files. A Python interface and a 2D simulator are provided to access the synthesized Mealy machines and to simulate the closed-loop behavior of the control system. Two examples are presented: motion planning for an autonomous vehicle and mission planning for a drone operated on a battery.",wos,llm,0.770,unreviewed,
discarded,A configurator for supervisory controllers of roadside systems,"Verbakel, J. J.; de Wael, M. E. W. Vos; van de Mortel-Fronczak, J. M.; Fokkink, W. J.; Rooda, J. E.",2021,2021 IEEE 17TH INTERNATIONAL CONFERENCE ON AUTOMATION SCIENCE AND ENGINEERING (CASE),10.1109/CASE49439.2021.9551485,https://www.webofscience.com/wos/woscc/full-record/WOS:000878693200101,adjacent-subtopic,"Traffic management systems are used to efficiently use the available highway infrastructure and to improve traffic safety. For example, traffic on the Dutch highway is measured and controlled using around 6000 roadside units (RSUs). Despite the many similarities between these RSUs, variations exist in the number of components and configuration of an RSU. This results in a labor-intensive, error-prone design process of supervisory controllers for all possible configurations. In this paper, supervisory control theory is applied to RSUs. It allows designers to create a correct-by-construction supervisor, using models of the system and the control requirements. Due to the variations between RSUs, it is not feasible to make a model for each RSU individually. Therefore, a configurator is proposed which allows for generation of models for any given RSU configuration. The generated models are then used to create a supervisor that adheres to the specified requirements. The use of a configurator reduces the possibility of man-made errors and allows to easily create models for a large number of systems. As a proof of concept, a model for a representative RSU is generated.",wos,llm,0.740,unreviewed,
discarded,CLoF: A Compositional Lock Framework for Multi-level NUMA Systems,"Chehab, Rafael Lourenco de Lima; Paolillo, Antonio; Behrens, Diogo; Fu, Ming; Haertig, Hermann; Chen, Haibo",2021,"PROCEEDINGS OF THE 28TH ACM SYMPOSIUM ON OPERATING SYSTEMS PRINCIPLES, SOSP 2021",10.1145/3477132.3483557,https://www.webofscience.com/wos/woscc/full-record/WOS:001103371100053,off-topic-false-hit,"Efficient locking mechanisms are extremely important to support large-scale concurrency and exploit the performance promises of many-core servers. Implementing an efficient, generic, and correct lock is very challenging due to the differences between various NUMA architectures. The performance impact of architectural/NUMA hierarchy differences between x86 and Armv8 are not yet fully explored, leading to unexpected performance when simply porting NUMAaware locks from x86 to Armv8. Moreover, due to the Armv8 Weak Memory Model (WMM), correctly implementing complicated NUMA-aware locks is very difficult.

We propose a Compositional Lock Framework (CLoF) for multi-level NUMA systems. CLoF composes NUMAoblivious locks in a hierarchy matching the target platform, leading to hundreds of correct by construction NUMA-aware locks. CLoF can automatically select the best lock among them. To show the correctness of CLoF on WMMs, we provide an inductive argument with base and induction steps verified with model checkers. In our evaluation, CLoF locks outperform state-of-the-art NUMA-aware locks in most scenarios, e.g., in a highly contended LevelDB benchmark, our best CLoF locks yield twice the throughput achieved with CNA lock and ShflLock on large x86 and Armv8 servers.",wos,llm,0.900,unreviewed,
discarded,A Model-based Synthesis approach to system design correct by construction under environmental impact requirements,"Yvars, Pierre-Alain; Zimmer, Laurent",2021,"9TH CIRP GLOBAL WEB CONFERENCE-SUSTAINABLE, RESILIENT, AND AGILE MANUFACTURING AND SERVICE OPERATIONS: LESSONS FROM COVID-19, CIRPE 2021",10.1016/j.procir.2021.10.013,https://www.webofscience.com/wos/woscc/full-record/WOS:001502636100015,adjacent-subtopic,"This paper presents an integrated approach for the preliminary design of complex systems and for the generation of correct by construction system architectures with respect to the requirements to be satisfied. These requirements can be functional and/or non-functional (safety, sustainability ...). The approach presented is complementary to the usual approaches based on system analysis, performance evaluation and optimization. It focuses on the simultaneous consideration of functional and non-functional requirements such as environmental impact. The originality of the approach consists in modeling the design problem rather than the system and then solving the problem in such a way as to obtain necessarily admissible solutions. The DEPS (Design Problem Specification) language is used for modeling the problem. DEPS models are generic and reusable. The DEPS Studio environment is used to edit, compile, debug and solve problems expressed in DEPS. It integrates a mixed constraint programming solver. A case-study of a design of a mechanical power transmission system under functional and environmental requirements illustrates the approach. The DEPS modeling, the problem solving and the results obtained are detailed. (c) 2021 The Authors. Published by Elsevier B.V.",wos,llm,0.720,unreviewed,
