status,title,authors,year,venue,doi,url,tags,abstract,provider,decision_source,llm_confidence,llm_review_outcome,llm_change_direction
discarded,Exploring Development Methods for Reactive Synthesis Specifications,"Ma'ayan, Dor; Maoz, Shahar; Oliver, Jan",2026,ACM TRANSACTIONS ON SOFTWARE ENGINEERING AND METHODOLOGY,10.1145/3767159,https://www.webofscience.com/wos/woscc/full-record/WOS:001847469100001,adjacent-subtopic,"Reactive synthesis is an automated procedure to obtain a correct-by-construction reactive system from its temporal logic specification. Despite significant research progress in the past decades, reactive synthesis is still in early stage of use. Previous studies found that the lack of development methods for reactive synthesis specifications is one barrier to its wider adoption. In this article, we adapt two development methods, an incremental method and a modular method, to the context of reactive synthesis specifications. The methods are based on existing software development methods on the one hand and studies about reactive synthesis on the other hand. Then, we report on an exploratory case study in which participants developed specifications using the two methods. We evaluated the methods using a mixed-method analysis that combines grounded theory analysis of Slack communication with participants, quantitative exploratory data analysis of the synthesis IDE usage logs, and qualitative independent expert review of the final specifications. Our findings show clear benefits of modular specification development in terms of ease of planning, synthesis time, fewer unrealizability issues, and faster debugging. However, the incremental development method was more natural and easy to use, and specifications developed incrementally were also easier to validate during the development process.",wos,llm,0.930,unreviewed,
discarded,Multi-objective graph optimization for dynamic task-machine assignment in STEP-NC compliant smart factories using extended Floyd-Warshall algorithm,"Oyename, Oluwasheyi; Xiao, Wenlei; Qiu, Tianze; Zhao, Gang; Chai, Zichuan",2026,JOURNAL OF MANUFACTURING SYSTEMS,10.1016/j.jmsy.2026.07.003,https://www.webofscience.com/wos/woscc/full-record/WOS:001844334800001,off-topic-false-hit,"Future smart factories equipped with STEP-NC compliant machine tools promise a shift from machine-specific G-code to interoperable and feature-based manufacturing. While this enables unprecedented task assignment flexibility, it introduces a critical challenge in optimally allocating machining tasks across a heterogeneous and dynamic manufacturing floor. This limitation compromises factory resilience which can lead to accelerated resource wear, suboptimal throughput, and poor responsiveness to disruptions such as machine failures. To address this, we formulate the task-to-machine assignment as a multi-objective graph optimization problem. Our solution centers on an extended Floyd-Warshall algorithm that operates in a 4D state space by simultaneously evaluating task sequences, machine capabilities, and spatial constraints. This approach efficiently generates globally optimal manufacturing sequences that are both temporally efficient and physically executable. An empirical Hardware-in-the-Loop (HIL) surrogate testbed validates the approach by isolating and stress-testing the cyber-physical communication architecture under dynamic physical distress. Disruption scenarios confirmed the system's self-healing capability and demonstrated autonomous recovery from cascading hardware faults with a proven median latency of < 1.5 s. Furthermore, 10 ms edge-level safety reflexes successfully protect physical nodes from severe parameter fluctuations, enforcing a ""Correct-by-Construction"" safety paradigm. Qualitatively, the framework provides factory managers with a highly tunable operational strategy to seamlessly shift between rush order processing and high-precision distributed routing while guaranteeing physical execution. By effectively transforming raw STEP-NC data into operationally feasible schedules that exhibit graceful degradation during disruptions, this work provides a critical step toward resilient and autonomous manufacturing systems capable of self-optimization in the face of dynamic change.",wos,llm,0.990,unreviewed,
discarded,High-performance CPU-GPU forensic signature search over sequential memory snapshots with redundancy-aware execution,"Al-Saleh, Mohammed I.; Jararweh, Yaser",2026,JOURNAL OF SUPERCOMPUTING,10.1007/s11227-026-08746-5,https://www.webofscience.com/wos/woscc/full-record/WOS:001843643300004,off-topic-false-hit,"Digital forensic triage often requires searching large memory captures for indicators of compromise under strict time constraints. Sequential snapshots collected from the same system may contain repeated byte regions; yet, they are often scanned independently, creating avoidable computational cost. This paper presents a CPU-GPU framework for exact forensic signature search over sequential memory snapshots. The framework evaluates direct full-stream scanning and redundancy-aware scanning under a unified correctness-preserving benchmark, examining how implementation efficiency, CPU parallelism, GPU offloading, hybrid scheduling, and deduplication-index construction affect end-to-end performance. The evaluation compiles 1075 forensic byte-pattern signatures into a deterministic Aho-Corasick multi-pattern search workload and shows that structural redundancy ranges from 50.56 to 72.13% across the evaluated window configurations. The results show that redundancy alone does not determine the fastest strategy. Moving from a high-level implementation to an optimized native CPU-GPU implementation improves the best observed runtime by 30.44 & times; . The fastest single-pass method is direct non-deduplicated hybrid scanning, achieving up to 12.56 & times; speedup over the single-threaded CPU reference scan, while parallel deduplication-index construction reduces indexing time by up to 2.87 & times; , making redundancy-aware execution more competitive when index cost can be offset or reused. These findings show that scalable memory forensic triage depends on balancing redundancy reduction, indexing cost, implementation efficiency, and CPU-GPU workload scheduling.",wos,llm,0.990,unreviewed,
discarded,Computationally Efficient L<sub>1</sub> and H<sub>∞</sub> Optimal Interval Observer Design,"Pati, Tarun; Khajenejad, Mohammad; Yong, Sze Zheng",2025,"2025 EUROPEAN CONTROL CONFERENCE, ECC",,https://www.webofscience.com/wos/woscc/full-record/WOS:001808959700285,adjacent-subtopic,"This paper extends existing H-infinity and L-1 interval observer designs for discrete-time (DT) and continuous-time (CT) nonlinear systems with bounded Jacobians and uncertainties by significantly reducing their computational complexity from mixed-integer programs to (generally) linear or semidefinite programs, without adding any conservatism. Our methods similarly employ a multiple-gain observer structure and are based on mixed-monotone decomposition and embedding systems to design correct-by-construction interval framers that inherently bound the true system state and whose framer error system is input-to-state stable. without needing additional positivity constraints. Moreover, we propose a novel CT mixed-monotone decomposition function that is less conservative than previous nonlinear bounding approaches, resulting in smaller framer errors. Finally, we demonstrate the effectiveness of the proposed interval observer on several DT and CT examples.",wos,llm,0.900,unreviewed,
discarded,Correct-by-Construction Dynamic Reachability: A Galois-Connected Approach to Bidirected Dyck Languages,"Zhao, Xiaofei",2026,"FORMAL METHODS, FM 2026, PT II",10.1007/978-3-032-26220-2_18,https://www.webofscience.com/wos/woscc/full-record/WOS:001795705300018,off-topic-false-hit,"The integration of precise static analysis into interactive development environments (IDEs) necessitates algorithms that can update analysis results incrementally within milliseconds. However, maintaining Bidirected Dyck-CFL reachability the standard formalism for field -sensitive alias analysis under dynamic graph mutations remains an open challenge. Standard batch algorithms exhibit prohibiting cubic complexity (O(N-3)), while existing dynamic approaches often lack formal guarantees when handling non-monotonic edge deletions (the ""ghost path"" problem). In this paper, we present GC-DBDR, a novel incremental framework rooted in Abstract Interpretation. We reformulate the dynamic analysis problem not as graph patching, but as computing Differential Fixpoints over a lattice. By establishing a rigorous Galois Connection between execution traces and reachability relations, we derive update rules that are correct-by-construction. To resolve the asymmetry between monotonic insertions and non-monotonic deletions, we introduce a Counting-Augmented Abstract Domain supported by a Derivation Hypergraph. This structure operationalizes the Inverse Abstraction Principle, ensuring that reachability facts are retracted if and only if their supporting derivation trees are fully invalidated. We provide formal proofs demonstrating that GC-DBDR is sound and complete relative to batch analysis. Empirically, the algorithm achieves an optimal input-output complexity of O(Delta), delivering sub-millisecond tail latencies on real-world benchmarks.",wos,llm,0.960,unreviewed,
discarded,Performance Heuristics for GR(1) Unrealizable Core Computation,"Cohen, Shachaf; Maoz, Shahar",2026,"FORMAL METHODS, FM 2026, PT II",10.1007/978-3-032-26220-2_9,https://www.webofscience.com/wos/woscc/full-record/WOS:001795705300009,adjacent-subtopic,"A major challenge of reactive synthesis, an automated process for deriving correct-by-construction reactive systems from temporal specifications, is debugging unrealizable specifications. One way to debug them in the context of GR(1), an LTL fragment that balances efficient synthesis complexity and expressiveness, is the computation of unrealizable cores. Although work has been done to accelerate core computation, it remains a costly operation, despite being commonly used during specification development. In this paper, we first examine a version of the existing QuickCore core computation algorithm, where we replace the classic DDMin algorithm with CDD, a state-of-the-art domainagnostic minimization algorithm. Then, we present two novel GR(1)specific heuristics to improve the core computation time by exploiting attributes of the realizability checking algorithm. These heuristics include (1) quickly discarding unneeded justice guarantees, and (2) reusing realizability check results to make subsequent checks faster. We implemented our work on top of the Spectra language and synthesizer and evaluated it over hundreds of specifications. Our evaluation shows that while using CDD in our context was ineffective, the new heuristics improve core computation times for 80% of the specifications, with an average improvement of more than three times compared to the baseline QuickCore algorithm.",wos,llm,0.930,unreviewed,
discarded,Synchronous System Design with Quantitative Types,"Chen, Rui; Sander, Ingo",2026,"DEPENDABLE SOFTWARE ENGINEERING. THEORIES, TOOLS, AND APPLICATIONS, SETTA 2025",10.1007/978-981-95-7826-9_2,https://www.webofscience.com/wos/woscc/full-record/WOS:001811443500002,adjacent-subtopic,"Modern type-theory-based proof assistants/languages are increasingly supporting general-purpose programming, making them both practical and formally rigorous. This dual nature aligns well with the needs of safety-critical embedded system design. It is hence promising that such a language can be employed as a proper meta-language for building an embedded system design framework that integrates reasoning and programming. In this paper, we demonstrate a unified framework for synchronous embedded system design, which leverages both aspects of the quantitatively typed language Idris2, with a focus on an embedded domain-specific language (EDSL), named SynQ, in the framework. Specifically, we show that the leveraging of the expressiveness of quantitative type theory and the tagless final embedding allows synchronous systems to be properly modelled by SynQ. This then enables a systematic usage of Idris2 for facilitating both design and verification of synchronous systems, demonstrating an initial step towards a correct-by-construction embedded system design process.",wos,llm,0.920,unreviewed,
kept,Teaching Unifying Theories of Programming,"Woodcock, Jim",2026,"FORMAL METHODS TEACHING, FMTEA 2026",10.1007/978-3-032-26743-6_2,https://www.webofscience.com/wos/woscc/full-record/WOS:001795711800002,supports-claim,"Teaching Unifying Theories of Programming (UTP) exposes a recurring problem in formal methods education: realistic semantic models are rich, but students learn only when they can see a clear next step. Our central claim is that UTP is most effectively taught not primarily as a semantic meta-theory, but as a disciplined method for specifying, calculating, and refining programs. In this FMTea keynote paper, we argue that we should organise UTP teaching around three linked unifications: across theory families, across abstraction levels, and across semantic presentations. With this organisation, we give students a stable route through the subject. They learn one core relational and refinement calculus, then reuse it across designs, reactive contracts, linked models, and beyond. They connect requirements to implementations through explicit refinement steps, and they view denotational, operational, and algebraic accounts not as competing definitions but as mutually justifying views of the same theory. The paper presents a course architecture centred on a minimal teachable core, and a taxonomy of exercises to develop refinement literacy in contracts, refinement, reactivity, and semantic linking. Drawing on experience from university courses, intensive schools, regional programmes, and industrial delivery, we argue that the most effective way to teach UTP is to make procedures explicit, make side conditions visible, and provide fast feedback. We conclude by outlining a lightweight tooling and artefact agenda that supports research-led teaching without imposing the full cost of mechanisation.",wos,llm,0.930,unreviewed,
discarded,Correct-by-Construction Code Generation from Event-B to Python,"Singh, Neeraj Kumar",2026,"VERIFICATION AND EVALUATION OF COMPUTER AND COMMUNICATION SYSTEMS, VECOS 2025",10.1007/978-3-032-20440-0_11,https://www.webofscience.com/wos/woscc/full-record/WOS:001782389700011,adjacent-subtopic,"There is an increasing demand for automation in system engineering, particularly for the development of complex systems, to speed up the development process and minimise the risk of coding errors. In current setting, Python has increasingly become a preferred choice for developers and industries for prototype development, particularly due to its robust ecosystem of open-source libraries and frameworks. However, it lacks safe coding features for critical systems. Formal methods are important for designing safe systems by verifying essential safety properties. Event-B and B methods are already in the core industrial practices for the verification and validation of system requirements. These verified models can be further used for code generation. However, manual code generation can be prone to errors and is often time-consuming, which may result in serious system failures. To produce safe Python code from formal models, we advocate for automating the code generation process. This paper introduces a code generation methodology, along with tool support, for generating Python code from Event-B models. Additionally, we have implemented and tested a plugin, called EB2Py, on several Event-B examples to demonstrate scalability and reliability of our approach.",wos,llm,0.870,unreviewed,
discarded,Data-driven abstractions for control systems via random exploration,"Coppola, Rudi; Peruffo, Andrea; Mazo Jr, Manuel",2026,AUTOMATICA,10.1016/j.automatica.2026.113129,https://www.webofscience.com/wos/woscc/full-record/WOS:001808374800001,off-topic-false-hit,"We present a data-driven framework for constructing finite abstractions of deterministic control systems with unknown dynamics, using only randomly sampled finite-horizon input-output trajectories and without requiring state measurements. Our approach builds Strongest Asynchronous & ell;-Complete Abstractions from data and introduces a novel notion of probabilistic alternating simulation over finite horizons. This enables abstraction-based correct-by-construction synthesis of controllers directly from data, which, when refined to the original system, yields Probably Approximately Correct (PAC) guarantees for satisfying temporal logic specifications. The time horizon of validity of the guarantees can be extended beyond the sampling horizon when coarse information on the dynamics of the system is available. The method is specification-agnostic, supports tunable abstraction granularity, and avoids costly reachability analysis. We demonstrate its effectiveness on linear and nonlinear benchmarks, showing that meaningful guarantees can be achieved from finite data, making the framework attractive for safety-critical, black-box control applications where models are expensive or impossible to obtain. (c) 2026 Published by Elsevier Ltd.",wos,llm,0.960,unreviewed,
discarded,SaFeBridge: Consensus-Agnostic Asset Transfer with Slow-Approval Fast-Exit Principles,"Deng, Fuyang; Wu, Qianhong; Dai, Xiaopeng; Geng, Yifu; Qin, Bo",2026,"SECURITY AND PRIVACY IN COMMUNICATION NETWORKS, SECURECOMM 2025, PT I",10.1007/978-3-032-23447-6_7,https://www.webofscience.com/wos/woscc/full-record/WOS:001788448900007,off-topic-false-hit,"Cross-chain transfer facilitates seamless value flow across heterogeneous blockchains by securely pegging source and target token pairs at a 1:1 ratio. Cryptocurrency-backed assets (CBAs) schemes ensure asset-level pegging via over-collateralization, but suffer from low capital efficiency. On-chain light client schemes guarantee pegging via ledger-level validation but exhibit poor cross-chain compatibility. In this paper, we adopt a slow-approval, fast-exit transfer model that binds epoch-based issuance to sufficient collateral and enables timely redemption against malicious over-issuance, ensuring fairness even in the absence of atomicity. This relaxed assumption decouples collateral requirements from total issuance volume and improves capital efficiency. To address the limited interoperability of conventional consensus-based approvals, we further propose a stake-driven, consensus-agnostic approval mechanism. This mechanism reduces overhead by introducing unbiased sampling via epoch-bound randomness and compressing the sampled votes of a single validator using a count-attested Merkle tree. Analysis shows that our model ensures incentive compatibility and sampling correctness, preserving the fairness of cross-chain transfers. Experimental results demonstrate that our approach incurs approximately 3 times the cost of standard single-chain transfers, while maintaining lower validation overhead than existing light client solutions, provided the epoch length exceeds 1.2 days.",wos,llm,0.990,unreviewed,
discarded,Data-Driven Abstraction and Synthesis for Stochastic Systems with Unknown Dynamics,"Nazeri, Mahdi; Badings, Thom; Schmuck, Anne-Kathrin; Soudjani, Sadegh; Abate, Alessandro",2025,2025 IEEE 64TH CONFERENCE ON DECISION AND CONTROL (CDC),10.1109/CDC57313.2025.11312907,https://www.webofscience.com/wos/woscc/full-record/WOS:001784652600315,adjacent-subtopic,"We study the automated abstraction-based synthesis of correct-by-construction control policies for stochastic dynamical systems with unknown dynamics. Our approach is to learn an abstraction from sampled data, which is represented in the form of a finite Markov decision process (MDP). In this paper, we present a data-driven technique for constructing finite-state interval MDP (IMDP) abstractions of stochastic systems with unknown nonlinear dynamics. As a distinguishing and novel feature, our technique only requires (1) noisy state-input-state observations and (2) an upper bound on the system's Lipschitz constant. Combined with standard model-checking techniques, our IMDP abstractions enable the synthesis of policies that satisfy probabilistic temporal properties (such as ""reach-while-avoid"") with a predefined confidence. Our experimental results show the effectiveness and robustness of our approach.",wos,llm,0.940,unreviewed,
discarded,A Correct by Construction Fault Tolerant Voter for Input Selection of a Control System,"Ali, Arif A. P.; Babu, Jasine; John, Deepa Sara",2025,"45TH IARCS ANNUAL CONFERENCE ON FOUNDATIONS OF SOFTWARE TECHNOLOGY AND THEORETICAL COMPUTER SCIENCE, FSTTCS 2025",10.4230/LIPIcs.FSTTCS.2025.6,https://www.webofscience.com/wos/woscc/full-record/WOS:001781350500006,off-topic-false-hit,"Safety-critical systems use redundant input units to improve their reliability and fault tolerance. A voting logic is then used to select a reliable input from the redundant sources. A fault detection and isolation rules help in selecting input units that can participate in voting. This work deals with the formal requirement formulation, design, verification and synthesis of a generic voting unit for an N-modular redundant measurement system used for control applications in avionics systems. The work follows a correct-by-construction approach, using the Rocq theorem prover. 2012 ACM Subject Classification Theory of computation -> Logic and verification; Theory of computation -> Automated reasoning",wos,llm,0.950,unreviewed,
