status,title,authors,year,venue,doi,url,tags,abstract,provider,decision_source,llm_confidence,llm_review_outcome,llm_change_direction
discarded,"VPM: A visual, precise and multilevel metamodeling framework for describing mathematical domains and UML (The Mathematics of Metamodeling is Metamodeling Mathematics)",Dániel Varró; András Pataricza,2003,Software & Systems Modeling,10.1007/s10270-003-0028-8,https://openalex.org/W1982098671,off-topic-false-hit,,openalex,llm,0.960,unreviewed,
discarded,A Verifiable and Correct-by-Construction Controller for Robot Functional Levels,"Saddek Bensalem; Lavindra de Silva; Ingrand, F�lix; Rongjie Yan",2011,Aisberg (University of Bergamo),10.6092/joser_2011_02_01_p1,https://openalex.org/W2963397437,adjacent-subtopic,"Autonomous robots are complex systems that require the interaction and cooperation between numerous heterogeneous software components. In recent times, robots are being increasingly used for complex and safety-critical tasks, such as exploring Mars and assisting/replacing humans. Consequently, robots are becoming critical systems that must meet safety properties, in particular, logical, temporal and real-time constraints. To this end, we present an evolution of the LAAS architecture for autonomous systems, and its tool GenoM. This evolution relies on the BIP component-based design framework, which has been successfully used in other domains such as embedded systems. We show how we integrate BIP into our existing methodology for developing the lowest (functional) level of robots. Particularly, we discuss the componentization of the functional level, the synthesis of an execution controller for it, and how we verify whether the resulting functional level conforms to properties such as deadlock-freedom. We also show through experimentation that the verification is feasible and usable for complex, real world robotic systems, and that the BIP-based functional levels resulting from our new methodology are, despite an overhead during execution, still feasible for real world robotic platforms. Our approach has been fully implemented in the LAAS architecture, and the implementation has been used in several experiments on a real robot.",openalex,llm,0.920,unreviewed,
discarded,A transformation-based optimiser for Haskell,Simon Jones; André L. M. Santos,1998,Science of Computer Programming,10.1016/s0167-6423(97)00029-4,https://openalex.org/W2048706733,adjacent-subtopic,"Many compilers do some of their work by means of correctness-preserving, and hopefully performance-improving, program transformations. The Glasgow Haskell Compiler (GHC) takes this idea of ""compilation by transformation"" as its war-cry, trying to express as much as possible of the compilation process in the form of program transformations.

This paper reports on our practical experience of the transformational approach to compilation, in the context of a substantial compiler. (C) 1998 Elsevier Science B.V. All rights reserved.",openalex,llm,0.900,unreviewed,
kept,Modelling Program Compilation in the Refinement Calculus,Colin Fidge,1997,Electronic workshops in computing,10.14236/ewic/fa1997.8,https://openalex.org/W40575878,adjacent-subtopic,We show how compilation of high-level language programs to assembler code can be formally represented in the refinement calculus. New operators are introduced to widen the modelling language to encompass assembler code. A compilation strategy is then embodied as a set of derived refinement rules.,openalex,llm,0.900,unreviewed,
kept,Scaling Correctness-by-Construction,Alexander Knüppel; Tobias Runge; Ina Schaefer,2020,Lecture notes in computer science,10.1007/978-3-030-61362-4_10,https://openalex.org/W3096417981,qualifies-claim,"The correctness-by-construction paradigm allows developers to derive formally correct programs from a pair of first-order precondition and postcondition. Although tool support has been proposed recently, and thus correctness-by-construction has left the period of pen-and-paper proofs, it is still applied in an unstructured manner to independent algorithmic problems only. To scale correctness-by-construction to more complex programs and to establish a repository of reusable off-the-shelf components, we present a formal framework and open-source tool support called ArchiCorC. In ArchiCorC, a developer models UML-style software components comprising required and provided interfaces, where methods contained in interfaces are associated to specification contracts and mapped to correct-by-construction implementations. We describe our proposed mathematical model for the horizontal and vertical composition of correct-by-construction components, and identify properties that allow to reuse them across different projects. Finally, we demonstrate feasibility of our approach on a case study and discuss future research directions related to the integration of correct-by-construction components into software engineering practices.",openalex,llm,0.950,unreviewed,
kept,Correctness Preserving Transformations for the Early Phases of Software Development,Tommaso Bolognesi; David de Frutos Escrig; Rom Langerak; Diego Latella,1995,,10.1007/978-1-4615-2203-4_8,https://openalex.org/W8247788,supports-claim,,openalex,llm,0.820,unreviewed,
kept,Refinement of state-based concurrent systems,Jim Woodcock; Carroll Morgan,1990,Lecture notes in computer science,10.1007/3-540-52513-0_18,https://openalex.org/W1578632748,supports-claim,,openalex,llm,0.860,unreviewed,
kept,"Hennessy-Milner Logic with recursion as a specification language, and a refinement calculus based on it",Sören Holmström,1990,Workshops in computing,10.1007/978-1-4471-3534-0_15,https://openalex.org/W1551374416,supports-claim,,openalex,llm,0.900,unreviewed,
kept,An approach to object-orientation in action systems,Marcello Bonsangue; Joost N. Kok; Kaisa Sere,1998,Lecture notes in computer science,10.1007/bfb0054286,https://openalex.org/W2160973401,adjacent-subtopic,,openalex,llm,0.800,unreviewed,
kept,A refinement calculus for software components and architectures,Marco Antônio Barbosa,2005,ACM SIGSOFT Software Engineering Notes,10.1145/1095430.1081767,https://openalex.org/W4249839281,adjacent-subtopic,"The complexity and ubiquity achieved by software in the present world makes it imperative, more than ever, the availability of both technologies and sound methods to drive its development. Programming ' in--the--large ', component--based programming and software architecture are popular expressions which embody this concern and correspond to driving forces in current software engineering. In such a context, this paper reports on the research, which constitutes the PhD project of the author, on a formal calculus for reasoning about and transforming component--based architectures.",openalex,llm,0.930,unreviewed,
discarded,Correct-by-Construction Design of Aircraft Electric Power Systems,Alessandro Pinto; Sandor Becz; Hayden Reeve,2010,"10th AIAA Aviation Technology, Integration, and Operations (ATIO) Conference",10.2514/6.2010-9263,https://openalex.org/W2146211525,adjacent-subtopic,"by an implementation. The implementation choices are implicitly captured by a set of components, their properties, and their composition rules. A class of candidate implementations of the specication is derived by formulating and solving an optimization problem. The implementation becomes the specication for the next step in the design ow. We show how the optimization oriented formalization enables design space exploration, and we present the trade-os involved in the selection of the renement steps. We show how the methodology can be applied to the design of electric power systems by decomposing the design ow into the following steps: generator selection, generation of the connection conguration under faults, and topology design of the power distribution system.",openalex,llm,0.900,unreviewed,
kept,Mechanizing some advanced refinement concepts,Joakim Wright; Jukka Hekanaho; P. Luostarinen; Thomas Långbacka,1993,Formal Methods in System Design,10.1007/bf01383984,https://openalex.org/W3021087793,supports-claim,"We describe how the HOL theorem prover can be used to check and apply rules of program refinement. The rules are formulated in the refinement calculus, which is a theory of correctness preserving program transformations. We embed a general command notation with a predicate transformer semantics in the logic of the HOL system. Using this embedding, we express and prove rules for data refinement and superposition refinement of initialized loops. Applications of these proof rules to actual program refinements are checked using the HOL system, with the HOL system generating these conditions. We also indicate how the HOL system is used to prove the verification conditions. Thus, the HOL system can provide a complete mechanized environment for proving program refinements.",openalex,llm,0.970,unreviewed,
kept,Control Law Diagrams in Circus,Ana Cavalcanti; Phil Clayton; C. O'Halloran,2005,Lecture notes in computer science,10.1007/11526841_18,https://openalex.org/W1513889636,adjacent-subtopic,,openalex,llm,0.760,unreviewed,
kept,Correct-by-Construction Implementation of Runtime Monitors Using Stepwise Refinement,Teng Zhang; John Wiegley; Theophilos Giannakopoulos; Gregory Eakman; Clément Pit-Claudel; Insup Lee; Oleg Sokolsky,2018,Lecture notes in computer science,10.1007/978-3-319-99933-3_3,https://openalex.org/W2887999388,supports-claim,,openalex,llm,0.970,unreviewed,
discarded,Correct by Construction Security Approach to Design Fault Tolerant Smart Homes for Disabled People,Sébastien Guillet; Bruno Bouchard; Abdenour Bouzouane,2013,Procedia Computer Science,10.1016/j.procs.2013.09.034,https://openalex.org/W2007648139,adjacent-subtopic,"Smart homes dedicated to people with disabilities, specially those with dementia, are critical systems which need to remain safe and adapted to the user. However the control part of these systems, that is ensuring their safety, is both difficult to design as well as to verify without appropriate tools. Formal techniques have been used to cope with the verification problem, but this paper proposes a new way to specify smart home safety which also eases the design aspect. It enables the use of a correct by construction technique – Discrete Controller Synthesis – to automatically build from constraints a maximally permissive safety controller.",openalex,llm,0.910,unreviewed,
discarded,IBOS: A Correct-By-Construction Modular Browser,Ralf Sasse; Samuel T. King; José Meseguer; Shuo Tang,2013,Lecture notes in computer science,10.1007/978-3-642-35861-6_14,https://openalex.org/W1468625651,adjacent-subtopic,,openalex,llm,0.830,unreviewed,
kept,Variational correctness-by-construction,Tabea Bordis; Tobias Runge; Alexander Knüppel; Thomas Thüm; Ina Schaefer,2020,,10.1145/3377024.3377038,https://openalex.org/W3004916789,qualifies-claim,"Nowadays, the requirements for software and therefore also the required complexity is increasing steadily. Consequently, various techniques to handle the growing demand for software variants in one specific domain are used. These techniques often rely on variable code structures to implement a whole product family more efficiently. Variational software is also increasingly used for safety-critical systems, which need to be verified to guarantee their functionality in-field. However, usual verification techniques can not directly be applied to the variable code structures of most techniques. In this paper, we propose variational correctness-by-construction as a methodology to implement variational software extending the correctness-by-construction approach. Correctness-by-construction is an incremental approach to create and verify programs using small tractable refinement steps guided by a specification following the design-by-contract paradigm. Our contribution is threefold. First, we extend the list of refinement rules to enable variability in programs developed with correctness-by-construction. Second, we motivate the need for contract composition of refined method contracts and illustrate how this can be achieved. Third, we implement variational correctness-by-construction in a tool called VarCorC. We successfully conducted two case studies showing the applicability of VarCorC and were able to assess reduced verification costs compared to post-hoc verification as well.",openalex,llm,0.940,unreviewed,
kept,Refinement of Parallel and Reactive Programs,R. J. R. Back,1993,NATO ASI series. Series F : Computer and system sciences,10.1007/978-3-662-02880-3_3,https://openalex.org/W1763182135,supports-claim,,openalex,llm,0.950,unreviewed,
kept,Context handling in the Refinement Calculus framework,Linas Laibinis; Joakim Wright von,1997,,,https://openalex.org/W2343581823,supports-claim,"We describe two approaches for context handling in the Refinement Calculus framework. They show how information relevant for total correctness can be transported from one place of a program to another and then used for refinement of program components. Both approaches have been formalised in the HOL theorem proving system and integrated into a tool for transformational reasoning about programs. TUCS Research Group Programming Methodology Research Group 1 Introduction The Refinement Calculus [2, 3] is a calculus for development of programs using the stepwise refinement paradigm. In the Refinement Calculus, specifications are refined into programs through a sequence of transformations (refinements). Each such refinement provably preserves all total correctness properties of the initial specification. Programs can be very large and complex. Therefore, it is usually very difficult to prove refinement of the whole program directly. Instead, one can refine a program by focusing on some sm...",openalex,llm,0.990,unreviewed,
kept,Tool Support for the Circus Refinement Calculus,Alessandro Cavalcante Gurgel; Cristiano Gurgel de Castro; Marcel Oliveira,2008,Lecture notes in computer science,10.1007/978-3-540-87603-8_37,https://openalex.org/W153476220,supports-claim,,openalex,llm,0.840,unreviewed,
kept,Correctness-by-Construction and Post-hoc Verification: A Marriage of Convenience?,Bruce W. Watson; Derrick G. Kourie; Ina Schaefer; Loek Cleophas,2016,Lecture notes in computer science,10.1007/978-3-319-47166-2_52,https://openalex.org/W2528834793,qualifies-claim,"Correctness-by-construction (CbC), traditionally based on weakest precondition semantics, and post-hoc verification (PhV) aspire to ensure functional correctness. We argue for a lightweight approach to CbC where lack of formal rigour increases productivity. In order to mitigate the risk of accidentally introducing errors during program construction, we propose to complement lightweight CbC with PhV. We introduce lightweight CbC by example and discuss strength and weaknesses of CbC and PhV and their combination, both conceptually and using a case study.",openalex,llm,0.970,unreviewed,
kept,A practical approach to software engineering using Z and the refinement calculus,Kenneth R. Wood,1993,ACM SIGSOFT Software Engineering Notes,10.1145/167049.167068,https://openalex.org/W2061158230,supports-claim,"We present a methodology for the formal specification and development of software systems using Z and the refinement calculus. The methodology combines the data structuring capabilities and the codified discrete mathematics of Z with the data encapsulation properties and development style of the refinement calculus, and it aims to provide a formal path from design to implementation without unnecessary transformations of notation or the definition of a new calculus. It is illustrated here by the development of two systems, a simply diary and (part of)a text editor, and is contrasted with the use of Z on its own. We discuss related and future work and conclude with some general comments on applied formal methods.",openalex,llm,0.970,unreviewed,
discarded,POLYCHRONY for System Design,Paul Le Guernic; Jean-Pierre Talpin; Jean-Christophe Le Lann,2003,Journal of Circuits Systems and Computers,10.1142/s0218126603000763,https://openalex.org/W2031381504,adjacent-subtopic,"Rising complexities and performances of integrated circuits and systems, shortening time-to-market demands for electronic equipments, growing installed bases of intellectual property (IP), requirements for adapting existing IP blocks with new services, all stress high-level design as a prominent research topic and call for the development of appropriate methodological solutions. In this aim, system design based on the so-called ""synchronous hypothesis"" consists of abstracting the nonfunctional implementation details of a system and lets one benefit from a focused reasoning on the logics behind the instants at which the system functionalities should be secured. With this point of view, synchronous design models and languages provide intuitive (ontological) models for integrated circuits. This affinity explains the ease of generating synchronous circuits and verify their functionalities using compilers and related tools that implement this approach. In the relational mathematical model behind the design language SIGNAL, this affinity goes beyond the domain of purely synchronous circuits, and embraces the context of complex architectures consisting of synchronous circuits and desynchronization protocols: globally asynchronous and locally synchronous architectures (GALS). The unique features of the relational model behind SIGNAL are to provide the notion of polychrony: the capability to describe circuits and systems with several clocks; and to support refinement: the ability to assist and support system design from the early stages of requirement specification, to the later stages of synthesis and deployment. The SIGNAL model provides a design methodology that forms a continuum from synchrony to asynchrony, from specification to implementation, from abstraction to concretization, from interfaces to implementations. SIGNAL gives the opportunity to seamlessly model circuits and devices at multiple levels of abstractions, by implementing mechanisms found in many hardware simulators, while reasoning within a simple and formally defined mathematical model. In the same manner, the flexibility inherent to the abstract notion of signal, handled in the synchronous-desynchronized design model of SIGNAL, invites and favors the design of correct by construction systems by means of well-defined transformations of system specifications (morphisms) that preserve the intended semantics and stated properties of the architecture under design. The aim of the present article is to review and summarize these formal, correct-by-construction, design transformations. Most of them are implemented in the POLYCHRONY tool-set, allowing for a mixed bottom–up and top–down design of an embedded hardware–software system using the SIGNAL design language.",openalex,llm,0.930,unreviewed,
discarded,Correctness by Construction for High-Integrity Real-Time Systems: A Metamodel-Driven Approach,Matteo Bordin; Tullio Vardanega,2007,Lecture notes in computer science,10.1007/978-3-540-73230-3_9,https://openalex.org/W4231123966,adjacent-subtopic,,openalex,llm,0.840,unreviewed,
discarded,Correct-by-Construction Approaches for SoC Design,Roopak Sinha; Parthasarathi Roop; Samik Basu,2013,,10.1007/978-1-4614-7864-5,https://openalex.org/W2282027590,adjacent-subtopic,,openalex,llm,0.870,unreviewed,
kept,A specification-oriented semantics for the refinement of real-time systems,David Scholefield; Hussein Zedan; He Jifeng,1994,Theoretical Computer Science,10.1016/0304-3975(94)90096-5,https://openalex.org/W2061158135,supports-claim,,openalex,llm,0.930,unreviewed,
kept,The specification and refinement of timed processes,Brendan Mahony,1992,,10.14264/157848,https://openalex.org/W1586408198,supports-claim,The use of predicate transformers to model the action of sequential programs has allowed the construction of a refinement calculus for expressing the formal verification of the top-down development of sequential programs. It is shown that predicate transformers may also be used to model real-time processes. The notions of precondition and postcondition in the sequential refinement calculus are replaced by the notions of assumption and effect. In this way the formal development of real-time processes may also be expressed within the refinement calculus. Notations are developed for the specification and implementation of real-time processes within the framework of the refinement calculus. Several case-studies are presented to demonstrate the utility of this approach.,openalex,llm,0.980,unreviewed,
kept,On correct refinement of programs,R. J. R. Back,1981,Journal of Computer and System Sciences,10.1016/0022-0000(81)90005-2,https://openalex.org/W2076964487,supports-claim,,openalex,llm,0.980,unreviewed,
discarded,Correct-by-construction pretty-printing,Nils Anders Danielsson,2013,,10.1145/2502409.2502410,https://openalex.org/W2009064647,adjacent-subtopic,"A new approach to correct-by-construction pretty-printing is presented. The basic methodology is the one of classical (not necessarily correct) pretty-printing: users convert values to pretty-printer documents, and a general rendering algorithm turns documents into strings. The main novelty is that dependent types are used to ensure that, for each value, the constructed document is correct with respect to the value and a given grammar. Other parts of the development use well-established technology: the pretty-printer document interface is basically that of Wadler (2003), but with more precise types, and a single additional primitive combinator; and Wadler's rendering algorithm is used.",openalex,llm,0.890,unreviewed,
