status,title,authors,year,venue,doi,url,tags,abstract,provider,decision_source,llm_confidence,llm_review_outcome,llm_change_direction
discarded,Watermarking for Large Language Models: A Survey,"Yang, Zhiguang; Zhao, Gejian; Wu, Hanzhou",2025,MATHEMATICS,10.3390/math13091420,https://www.webofscience.com/wos/woscc/full-record/WOS:001486368800001,off-topic-false-hit,"With the rapid advancement and widespread deployment of large language models (LLMs), concerns regarding content provenance, intellectual property protection, and security threats have become increasingly prominent. Watermarking techniques have emerged as a promising solution for embedding verifiable signals into model outputs, enabling attribution, authentication, and mitigation of unauthorized usage. Despite growing interest in watermarking LLMs, the field lacks a systematic review to consolidate existing research and assess the effectiveness of different techniques. Key challenges include the absence of a unified taxonomy and limited understanding of trade-offs between capacity, robustness, and imperceptibility in real-world scenarios. This paper addresses these gaps by providing a comprehensive survey of watermarking methods tailored to LLMs, structured around three core contributions: (1) We classify these methods as training-free and training-based approaches and detail their mechanisms, strengths, and limitations to establish a structured understanding of existing techniques. (2) We evaluate these techniques based on key criteria-including robustness, imperceptibility, and payload capacity-to identify their effectiveness and limitations, highlighting challenges in designing resilient and practical watermarking solutions. (3) We also discuss critical open challenges while outlining future research directions and practical considerations to drive innovation in watermarking for LLMs. By providing a structured synthesis, this work advances the development of secure and effective watermarking solutions for LLMs.",wos,llm,0.990,unreviewed,
discarded,Edge-Guided Dual-Stream U-Net for Secure Image Steganography,"Ji, Peng; Zhang, Youlue; Lv, Zhongyou",2025,APPLIED SCIENCES-BASEL,10.3390/app15084413,https://www.webofscience.com/wos/woscc/full-record/WOS:001474775800001,off-topic-false-hit,"Steganography, a technique for concealing information, often faces challenges such as low decoding accuracy and inadequate extraction of edge and global features. To overcome these limitations, we propose a dual-stream U-Net framework with integrated edge enhancement for image steganography. Our main contributions include the adoption of a dual-stream U-Net structure in the encoder, integrating an edge-enhancement stream with the InceptionDMK module for multi-scale edge detail extraction, and incorporating a multi-scale median attention (MSMA) module into the original input stream to enhance feature representation. This dual-stream design promotes deep feature fusion, thereby improving the edge details and embedding capacity of stego images. Moreover, an iterative optimization strategy is employed to progressively refine the selection of cover images and the embedding process, achieving enhanced stego quality and decoding performance. Experiments show that our method produces high-quality stego images across multiple public datasets, achieving near-100% decoding accuracy. It also surpasses existing methods in visual quality metrics like PSNR and SSIM. This framework offers a promising approach for enhancing steganographic security in real-world applications such as secure communication and data protection.",wos,llm,0.990,unreviewed,
discarded,Recovery-Enhanced Image Steganography Framework with Auxiliary Model Based on Invertible Neural Networks,"Huo, Lin; Wang, Kai; Wei, Jie",2025,SYMMETRY-BASEL,10.3390/sym17030456,https://www.webofscience.com/wos/woscc/full-record/WOS:001453867900001,off-topic-false-hit,"With the advancement of technology, the information hiding capacity has significantly increased, allowing a cover image to conceal one or more secret images. However, this high hiding capacity often leads to contour shadows and color distortions, making the high-quality recovery of secret images extremely challenging. Existing image hiding algorithms based on Invertible Neural Networks (INNs) often discard useful information during the hiding process, resulting in poor quality of the recovered secret images, especially in multi-image hiding scenarios. The theoretical symmetry of INNs ensures the lossless reversibility of the embedder and decoder, but the lost information generated in practical image steganography disrupts this symmetry. To address this issue, we propose an INN-based image steganography framework that overcomes the limitations of current INN methods in image steganography applications. Our framework can embed multiple full-size secret images into cover images of the same size and utilize the correlation between the lost information and the secret and cover images to generate the lost information by combining the auxiliary model of the Dense-Channel-Spatial Attention Module to restore the symmetry of reversible neural networks, thereby improving the quality of the recovered images. In addition, we employ a multi-stage progressive training strategy to improve the recovery of lost information, thereby achieving high-quality secret image recovery. To further enhance the security of the hiding process, we introduced a multi-scale wavelet loss function into the loss function. Our method significantly improves the quality of image recovery in single-image steganography tasks across multiple datasets (DIV2K, COCO, ImageNet), with a PSNR reaching up to 50.37 dB (an improvement of over 3 dB compared to other methods). The results show that our method outperforms other state-of-the-art (SOTA) image hiding techniques on different datasets and achieves strong performance in multi-image hiding as well.",wos,llm,0.990,unreviewed,
discarded,Text-to-image Editing by Image Information Removal,"Zhang, Zhongping; Zheng, Jian; Fang, Jacob Zhiyuan; Plummer, Bryan A.",2024,"2024 IEEE/CVF WINTER CONFERENCE ON APPLICATIONS OF COMPUTER VISION, WACV 2024",10.1109/WACV57701.2024.00515,https://www.webofscience.com/wos/woscc/full-record/WOS:001222964605035,off-topic-false-hit,"Diffusion models have demonstrated impressive performance in text-guided image generation. Current methods that leverage the knowledge of these models for image editing either fine-tune them using the input image (e.g., Imagic) or incorporate structure information as additional constraints (e.g., ControlNet). However, fine-tuning large-scale diffusion models on a single image can lead to severe overfitting issues and lengthy inference time. Information leakage from pretrained models also make it challenging to preserve image content not related to the text input. Additionally, methods that incorporate structural guidance (e.g., edge maps, semantic maps, keypoints) find retaining attributes like colors and textures difficult. Using the input image as a control could mitigate these issues, but since these models are trained via reconstruction, a model can simply hide information about the original image when encoding it to perfectly reconstruct the image without learning the editing task. To address these challenges, we propose a text-to-image editing model with an Image Information Removal module (IIR) that selectively erases color-related and texture-related information from the original image, allowing us to better preserve the text-irrelevant content and avoid issues arising from information hiding. Our experiments on CUB, Outdoor Scenes, and COCO reports our approach achieves the best editability-fidelity trade-off results. In addition, a user study on COCO shows that our edited images are preferred 35% more often than prior work.",wos,llm,0.970,unreviewed,
discarded,Mapping model based on invertible networks for image hiding,"Wang, Yuwei; Zhao, Yan; Liang, Han; Xue, Liang",2025,SIGNAL IMAGE AND VIDEO PROCESSING,10.1007/s11760-025-03830-4,https://www.webofscience.com/wos/woscc/full-record/WOS:001408178300012,off-topic-false-hit,"Image hiding is a field that focuses on data transmission and storage. With the development of technology, the information hiding capacity is increasing and the container image can hide one or several secret images. However, for container images, higher hiding capacity means higher risk. Currently, image hiding algorithms based on Invertible Neural Networks (INN) will discard some of the useful information during the hiding process, which will lead to the quality degradation of the secret image pair. Especially for the multi-image hiding process, the quality of the image decreases drastically. To solve this problem, we introduce a new image hiding framework called Mapping model based on Invertible Network (MapIN). Specifically, a mapping module is designed to simulate the discarded loss information during the hiding process, therefore the loss of information during the revealing process can be reduced, and the secret image will be extracted from the stego image losslessly. To further improve the security and invisibility of steganography methods, we introduce a deep perceptual loss in the loss function. The PSNR values of the secret/recovery image pair are 48.87 dB, 45.98 dB, and 42.48 dB on the DIV2K, ImageNet and COCO dataset, respectively, and the accuracies are close to 50% (random guessing state) under the detection of the steganalyser SRNet, Zhu-Net and SiaStegNet. The experimental results show that our method outperforms other State-Of-The-Art (SOTA) image hiding methods on different image datasets, and it can also work well in the field of multi-images hiding.",wos,llm,0.990,unreviewed,
discarded,Colorization of fundus images based on advanced degradation models,"Yang, Ping; Zhao, Heyun; Xie, Zuozuan",2025,JOURNAL OF RADIATION RESEARCH AND APPLIED SCIENCES,10.1016/j.jrras.2024.101285,https://www.webofscience.com/wos/woscc/full-record/WOS:001400454600001,off-topic-false-hit,"Fundus photography serves as a valuable modality for the comprehensive examination of the ocular fundus, enabling medical professionals to meticulously analyze these images and derive accurate diagnoses. However, images obtained using traditional fundus photography equipment are often blurred due to limitations in image resolution and optical performance. In contrast, imaging equipment based on confocal laser technology produces clearer images with enhanced detail and contrast. Nevertheless, this technology is susceptible to image degradation due to the angle of capture and environmental lighting conditions, which can impact the quality of the resulting images. If the coloring field is applied to confocal fundus images to show the anatomical features of the lesion more clearly in the image, the problem of information hiding caused by insufficient light and serious shadow occlusion of the original confocal fundus images is solved. Therefore, this paper proposes a fundus image coloring algorithm based on degradation model using CNN as foundation and GAN built by combining the theory of degradation model. Firstly, the semantic matching problem is modeled, and the feature extractor implemented by CNN is used to extract semantic features from the reference image and the confocal fundus image for semantic matching. Finally, the colorized confocal fundus image is reconstructed and inversely processed by GAN module to recover the high-resolution image, and the final color confocal fundus image is obtained. This paper's method breaks through in terms of color similarity, overall naturalness, and image clarity by experimental comparative reviews with other coloring methods.",wos,llm,0.980,unreviewed,
discarded,Analysis of the possibility of hiding decomposed information in the virtual reality environment,"Szymczyk, Tomasz; Czajka, Piotr",2025,ADVANCES IN SCIENCE AND TECHNOLOGY-RESEARCH JOURNAL,10.12913/22998624/195718,https://www.webofscience.com/wos/woscc/full-record/WOS:001390164600021,off-topic-false-hit,"Information is a fundamental resource, generated by mankind, it is through it that one can reduce or eliminate the effects of a cataclysm, make or lose a fortune, or even shorten a war. The transmission of hidden information in the form of cryptographic techniques has been known to mankind since the dawn of time. Initially simple, basic encryption has evolved into sophisticated steganographic hiding of information gaining more and more resistance to breakage with the development of technology. It is very difficult to develop a new, effective encryption algorithm. Therefore, it becomes very important to skillfully use already existing cryptographic algorithms and develop a new general encryption algorithm. The idea of where to hide the data also becomes important. The article proposes an author's novel system for decomposing the hidden information. Using steganography, a fragmented password is hidden in 3D objects in the Virtual Reality application world. The data is hidden directly in the VR world (a multiplayer simple game) with the caveat, however, that not everyone knows where to look for it. The time in which the information is sought is also important. Clues as to how, when and where to find the data are encoded in 3D objects. The possibility of hiding information in the metadata, in the texture, in the coordinates of the vertices of the objects and also in the UV map has been thoroughly investigated.",wos,llm,0.990,unreviewed,
discarded,Diff-Privacy: Diffusion-Based Face Privacy Protection,"He, Xiao; Zhu, Mingrui; Chen, Dongxin; Wang, Nannan; Gao, Xinbo",2024,IEEE TRANSACTIONS ON CIRCUITS AND SYSTEMS FOR VIDEO TECHNOLOGY,10.1109/TCSVT.2024.3449290,https://www.webofscience.com/wos/woscc/full-record/WOS:001381720800006,off-topic-false-hit,"Privacy protection has become a top priority due to the widespread collection and misuse of personal data. Anonymization and visual identity information hiding are two crucial tasks in face privacy protection, both striving to alter identifying characteristics from face images to prevent privacy information leakage. However, the goals of the two are not entirely the same. Consequently, training a model to simultaneously perform both tasks proves challenging. In this paper, we propose Diff-Privacy, a novel face privacy protection method based on diffusion models that unifies the task of anonymization and visual identity information hiding. Specifically, we present a Multi-Scale image Inversion module (MSI) that, through training, generates a set of Stable Diffusion (SD) format conditional embeddings for the original image. With these conditional embeddings, we design corresponding embedding scheduling strategies and formulate distinct energy functions during the inference process to achieve anonymization and visual identity information hiding, respectively. Extensive experiments demonstrate the effectiveness of the proposed method in protecting face privacy.",wos,llm,0.980,unreviewed,
discarded,PUA-Net: end-to-end information hiding network based on structural re-parameterization,"Lin, Feng; Xue, Ru; Dong, Shi; Ding, Fuhao; Han, Yixin",2025,APPLIED INTELLIGENCE,10.1007/s10489-024-06081-x,https://www.webofscience.com/wos/woscc/full-record/WOS:001378128600020,off-topic-false-hit,"Image hiding aims to secretly embed secret information into a cover image and then recover the hidden data with minimal or no loss at the receiving end. Many works on steganography and deep learning have proved the huge prospects of deep learning in the field of image information hiding. However, current deep learning-based steganography research exposes significant limits, among which key issues such as how to improve embedding capacity, imperceptibility, and robustness remain crucial for image-hiding tasks. This article introduces PUA-Net, a new end-to-end neural network model for image steganography. PUA-Net consists of three main components: 1) the CbDw attention module, 2) the attention gate module, and 3) the partial combination convolution module. Each of these components utilizes structural reparameterization operations. In addition, we propose a residual image minimization loss function and use a combination of loss functions based on this loss function. This model can seamlessly embed bit stream information of different capacities into images to generate stego images that are imperceptible to the human eye. Experimental results confirm the effectiveness of our model, achieving an RS-BPP of 5.98 when decoding the extracted secret information and recovering the cover image. When only the extracted secret information is output, the model achieves a maximum RS-BPP of 6.94. Finally, experimental results show that our PUA-Net model outperforms deep learning-based steganography approaches on COCO, ImageNet, and BOSSbase datasets, including GAN-based methods such as Stegastamp and SteganoGAN.",wos,llm,0.990,unreviewed,
discarded,Image Information Hiding Processing Based on Deep Neural Network Algorithm,"Zhang, Zhe",2024,INTERNATIONAL JOURNAL OF ADVANCED COMPUTER SCIENCE AND APPLICATIONS,,https://www.webofscience.com/wos/woscc/full-record/WOS:001378221900001,off-topic-false-hit,"in order to more effectively hide and extract image information, a deep neural network-based algorithm and computer-aided image information hiding method is proposed. The hardware design of the system includes the selection of the main control chip, the design of the parallel processing structure, and the design of the Ethernet communication circuit; Software design includes an image information hiding module, an image information extraction module, and a carrier image processing module. The operation of the image information processing system based on the reversible information hiding algorithm is realized through the system hardware and software design. The experimental results show that the carrier image processing degree of the design system is much higher than that of the traditional system, and the maximum value can reach 91%, indicating that the carrier image processing performance of the design system is better. The scheme proposed in this paper can improve the security of secret information while ensuring the quality of dense image. Follow-up studies will continue to explore the combination of adversarial learning and various traditional embedding algorithms to further improve the concealment of graph-hiding algorithms.",wos,llm,0.990,unreviewed,
discarded,Blockchain and deep learning technology for comprehensive improvement of transaction information quality,"Li, Jun; Wu, Han",2026,ELECTRONIC COMMERCE RESEARCH,10.1007/s10660-024-09923-5,https://www.webofscience.com/wos/woscc/full-record/WOS:001357613800001,off-topic-false-hit,"Due to big data technology's rapid development, the demand for data from related industries is growing, but most of the data is currently in a decentralized island state, and organizations that can release data value may need more data. Therefore, improving the information quality of transactions is very important for enterprises. Based on blockchain technology, this paper comprehensively enhances the quality of transaction information from three aspects: information security, information hiding, and data asset trading. The first part of this study develops an enhanced logistics data access control technique using attribute-based hierarchical ciphertext encryption. To secure the security of users' decryption keys, this technique substitutes the conventional key distribution centre with the authority management module in the super ledger. Secondly, to improve the concealment of blockchain-based information-hiding schemes, this paper uses an Recurrent Neural Network based self-encoder to generate secret transactions. It uses a Convolutional Neural Network discriminator to improve the concealment of secret transactions. Finally, we propose a data transaction scheme based on blockchain and trusted computing. Store data index information and transaction information in the blockchain and use the blockchain as a trusted storage environment for data transaction index through smart contracts. The experiment shows that our three comprehensive strategies achieve fine-grained access to data to ensure the privacy of users' data. It can embed secret information in Ethereum transactions, so it is robust and can effectively improve the comprehensive quality of transaction information.",wos,llm,0.980,unreviewed,
