status,title,authors,year,venue,doi,url,tags,abstract,provider,decision_source,llm_confidence,llm_review_outcome,llm_change_direction
kept,A rational design process: How and why to fake it,David Lorge Parnas; Paul Clements,1986,IEEE Transactions on Software Engineering,10.1109/tse.1986.6312940,https://openalex.org/W2096360482,criticism,"Many have sought a software design process that allows a program to be derived systematically from a precise statement of requirements. It is proposed that, although designing a real product in that way will not be successful, it is possible to produce documentation that makes it appear that the software was designed by such a process. The ideal process and the documentation that it requires are described. The authors explain why one should attempt to design according to the ideal process and why one should produce the documentation that would have been produced by that process. The contents of each of the required documents are outlined.","openalex, dblp, wos",human,,human,
discarded,A rational design process: how and why to fake it,David Lorge Parnas; Paul Clements,2001,"Addison-Wesley Longman Publishing Co., Inc. eBooks",,https://openalex.org/W2291145911,duplicate-reprint-of-cited-source,"Software Engineers have been searching for the ideal software development process: a process in which programs are derived from specifications in the same way that lemmas and theorems are derived from axioms in published proofs. After explaining why we can never achieve it, this paper describes such a process. The process is described in terms of a sequence of documents that should be produced on the way to producing the software. We show that such documents can serve several purposes. They provide a basis for preliminary design review, serve as reference material during the coding, and guide the maintenance programmer in his work. We discuss how these documents can be constructed using the same principles that should guide the software design. The resulting documentation is worth much more than the afterthought documentation that is usually produced. If we take the care to keep all of the documents up-to-date, we can create the appearance of a fully rational design process.","openalex, dblp, wos",human,,human,
discarded,A rational design process: How and why to fake it,David Lorge Parnas; Paul Clements,1985,Lecture notes in computer science,10.1007/3-540-15199-0_6,https://openalex.org/W2171455951,duplicate-reprint-of-cited-source,,"openalex, dblp, wos",human,,human,
discarded,Correction to “a rational design process: How and why to fake it”,David Lorge Parnas; Paul Clements,1986,IEEE Transactions on Software Engineering,10.1109/tse.1986.6312991,https://openalex.org/W1990625691,erratum-to-cited-source,"A careful reader, Max Stern of Teradata Corporation, has brought to our attention two errors in the above paper. <sup xmlns:mml=""http://www.w3.org/1998/Math/MathML"" xmlns:xlink=""http://www.w3.org/1999/xlink"">1</sup> On page 253 in the second paragraph under point 4) the text reads, “A purely digital or purely hybrid computer is a special case of this general module.” It should read, “A purely digital or purely analog computer is a special case of this general model.”","openalex, dblp, wos",human,,human,
discarded,Fake News: A Definition,Axel Gelfert,2018,Informal Logic,10.22329/il.v38i1.5068,https://openalex.org/W2790829410,off-topic-false-hit,"Despite being a new term, ‘fake news’ has evolved rapidly. This paper argues that it should be reserved for cases of deliberate presentation of (typically) false or misleading claims as news, where these are misleading by design. The phrase ‘by design’ here refers to systemic features of the design of the sources and channels by which fake news propagates and, thereby, manipulates the audience’s cognitive processes. This prospective definition is then tested: first, by contrasting fake news with other forms of public disinformation; second, by considering whether it helps pinpoint conditions for the (recent) proliferation of fake news.","openalex, dblp, wos",llm,0.990,unreviewed,
discarded,Countering Misinformation and Fake News Through Inoculation and Prebunking,Stephan Lewandowsky; Sander van der Linden,2021,European Review of Social Psychology,10.1080/10463283.2021.1876983,https://openalex.org/W3130700834,off-topic-false-hit,"There has been increasing concern with the growing infusion of misinformation, or “fake news”, into public discourse and politics in many western democracies. Our article first briefly reviews the current state of the literature on conventional countermeasures to misinformation. We then explore proactive measures to prevent misinformation from finding traction in the first place that is based on the psychological theory of “inoculation”. Inoculation rests on the idea that if people are forewarned that they might be misinformed and are exposed to weakened examples of the ways in which they might be misled, they will become more immune to misinformation. We review a number of techniques that can boost people’s resilience to misinformation, ranging from general warnings to more specific instructions about misleading (rhetorical) techniques. We show that based on the available evidence, inoculation appears to be a promising avenue to help protect people from misinformation and “fake news”.","openalex, dblp, wos",llm,0.990,unreviewed,
discarded,Why Have Americans Become More Obese?,David Cutler; Edward L. Glaeser; Jesse M. Shapiro,2003,The Journal of Economic Perspectives,10.1257/089533003769204371,https://openalex.org/W3122932806,off-topic-false-hit,"Americans have become considerably more obese over the past 25 years. This increase is primarily the result of consuming more calories. The increase in food consumption is itself the result of technological innovations which made it possible for food to be mass prepared far from the point of consumption, and consumed with lower time costs of preparation and cleaning. Price changes are normally beneficial, but may not be if people have self-control problems. This applies to some, but not most, of the population.","openalex, dblp, wos",llm,0.990,unreviewed,
discarded,Echo chambers and viral misinformation: Modeling fake news as complex contagion,Petter Törnberg,2018,PLoS ONE,10.1371/journal.pone.0203958,https://openalex.org/W2890436397,off-topic-false-hit,"The viral spread of digital misinformation has become so severe that the World Economic Forum considers it among the main threats to human society. This spread have been suggested to be related to the similarly problematized phenomenon of ""echo chambers"", but the causal nature of this relationship has proven difficult to disentangle due to the connected nature of social media, whose causality is characterized by complexity, non-linearity and emergence. This paper uses a network simulation model to study a possible relationship between echo chambers and the viral spread of misinformation. It finds an ""echo chamber effect"": the presence of an opinion and network polarized cluster of nodes in a network contributes to the diffusion of complex contagions, and there is a synergetic effect between opinion and network polarization on the virality of misinformation. The echo chambers effect likely comes from that they form the initial bandwagon for diffusion. These findings have implication for the study of the media logic of new social media.","openalex, dblp, wos",llm,0.990,unreviewed,
discarded,A RATIONAL DESIGN PROCESS - HOW AND WHY TO FAKE IT,"PARNAS, DL; CLEMENTS, PC",1986,IEEE TRANSACTIONS ON SOFTWARE ENGINEERING,,https://www.webofscience.com/wos/woscc/full-record/WOS:A1986AYV1000007,duplicate-reprint-of-cited-source,,"openalex, dblp, wos",human,,human,
discarded,Process models in design and development,David C. Wynn; P. John Clarkson,2017,Research in Engineering Design,10.1007/s00163-017-0262-7,https://openalex.org/W2734506432,adjacent-subtopic,"Many models of the design and development process have been published over the years, representing it for different purposes and from different points of view. This article contributes an organising framework that clarifies the topology of the literature on these models and thereby relates the main perspectives that have been developed. The main categories of model are introduced. Their contexts, advantages, and limitations are considered through discussion of selected examples. It is demonstrated that the framework integrates coverage of earlier reviews and as such provides a new perspective on the literature. Finally, key characteristics of design and development process models are discussed considering their applications in practice, and opportunities for further research are suggested. Overall, the article should aid researchers in positioning new models and new modelling approaches in relation to state-of-the-art. It may also be of interest to practitioners and educators seeking an overview of developments in this area.","openalex, scopus",llm,0.900,unreviewed,
discarded,The prediction of faulty classes using object-oriented design metrics,Khaled El Emam; Walcélio L. Melo; Javam C. Machado,2001,Journal of Systems and Software,10.1016/s0164-1212(00)00086-8,https://openalex.org/W2135250985,adjacent-subtopic,"Contemporary evidence suggests that most field faults in software applications are found in a small percentage of the software's components. This means that if these faulty software components can be detected early in the development project's life cycle, mitigating actions can be taken, such as a redesign. For object-oriented applications, prediction models using design metrics can be used to identify faulty classes early on. In this paper we report on a study that used object-oriented design metrics to construct such prediction models. The study used data collected from one version of a commercial Java application for constructing a Prediction model. The model was then validated on a subsequent release of the same application. Our results indicate that the prediction model has a high accuracy. Furthermore, we found that an export coupling (EC) metric had the strongest association with fault-proneness, indicating a structural feature that may be symptomatic of a class with a high probability of latent faults. (C) 2001 Elsevier Science Inc. All rights reserved.","openalex, scopus",llm,0.970,unreviewed,
kept,"Organisation of design activities: opportunistic, with hierarchical episodes",Willemien Visser,1994,Interacting with Computers,10.1016/0953-5438(94)90015-9,https://openalex.org/W2067944782,qualifies-claim; criticism,"The organisation of actual design activities, even by experts involved in routine tasks, is not appropriately characterised by the retrieval of pre-existing plans, but is opportunistic (possibly with hierarchical episodes at a local level, but not globally hierarchical). Actually executed design actions depend, at each moment t, on the evaluation of actions proposed at t−1. These proposals can be made by preestablished plans, but also by other action-proposal knowledge structures. This position is supported by results from diverse empirical design studies. A major reason why design activities are organised opportunisically is that, even if designers possess plans which they may retrieve and use, the designers very often deviate from these plans so that their activities satisfy action-management constraints, of which the most important is cognitive economy. Two types of variables underlying this opportunism are discussed: situational and processing. If design is opportunistically organised, a support system which imposes a hierarchically structured design process will probably handicap designers. Suggestions for systems offering real support are formulated.","openalex, scopus",human,0.820,human,
discarded,Pursuing the method of multiple working hypotheses for hydrological modeling,Martyn Clark; Dmitri Kavetski; Fabrizio Fenicia,2011,Water Resources Research,10.1029/2010wr009827,https://openalex.org/W1537396274,off-topic-false-hit,"Ambiguities in the representation of environmental processes have manifested themselves in a plethora of hydrological models, differing in almost every aspect of their conceptualization and implementation. The current overabundance of models is symptomatic of an insufficient scientific understanding of environmental dynamics at the catchment scale, which can be attributed to difficulties in measuring and representing the heterogeneity encountered in natural systems. This commentary advocates using the method of multiple working hypotheses for systematic and stringent testing of model alternatives in hydrology. We discuss how the multiple‐hypothesis approach provides the flexibility to formulate alternative representations (hypotheses) describing both individual processes and the overall system. When combined with incisive diagnostics to scrutinize multiple model representations against observed data, this provides hydrologists with a powerful and systematic approach for model development and improvement. Multiple‐hypothesis frameworks also support a broader coverage of the model hypothesis space and hence improve the quantification of predictive uncertainty arising from system and component nonidentifiabilities. As part of discussing the advantages and limitations of multiple‐hypothesis frameworks, we critically review major contemporary challenges in hydrological hypothesis‐testing, including exploiting different types of data to investigate the fidelity of alternative process representations, accounting for model structure ambiguities arising from major uncertainties in environmental data, quantifying regional differences in dominant hydrological processes, and the grander challenge of understanding the self‐organization and optimality principles that may functionally explain and describe the heterogeneities evident in most environmental systems. We assess recent progress in these research directions, and how new advances are possible using multiple‐hypothesis methodologies.","openalex, scopus",llm,0.980,unreviewed,
kept,Stepwise design of real-time systems,Reino Kurki-Suonio,1991,ACM SIGSOFT Software Engineering Notes,10.1145/123041.123063,https://openalex.org/W2133662917,supports-claim,"The joint action approach to modeling of reactive systems is presented and augmented with real time.This leads to a stepwise design method where temporal logic of actions can be used for formal reasoning, superposition is the key mechanism for transformations, the advantages of closed-system modularity are utilized, logical properties are addressed before real-time properties, and real-time properties are enforced without any specific assumptions on scheduling.As a result, real-time modeling is made possible already at early stages of specification, and increased insensitivity is achieved with respect to properties imposed by implementation environments.","openalex, scopus",llm,0.980,unreviewed,
discarded,Experimenting for sustainability transitions: A systematic literature review,Frans Sengers; Anna Wieczorek; Rob Raven,2016,Technological Forecasting and Social Change,10.1016/j.techfore.2016.08.031,https://openalex.org/W2519388072,off-topic-false-hit,"Abstract This review paper systematically queries the Sustainability Transitions literature to unpack the concept of ‘experimentation’. We define an experiment as an inclusive, practice-based and challenge-led initiative, which is designed to promote system innovation through social learning under conditions of uncertainty and ambiguity. A distinction is made between various terms (niche experiments, bounded socio-technical experiments, transition experiments, sustainability experiments and grassroots experiments), each with their own theoretical backgrounds and discursive and empirical focal points. Observed patterns and trends in the literature are discussed, as well as promising lines of enquiry for further exploration of- and a reflection on experimenting for sustainability transitions in the context of the welfare state.","openalex, scopus",llm,0.990,unreviewed,
discarded,"Synthesizing value sensitive design, responsible research and innovation, and energy justice: A conceptual review",Kirsten Jenkins; Shannon Spruit; Christine Milchram; Johanna Höffken; Behnam Taebi,2020,Energy Research & Social Science,10.1016/j.erss.2020.101727,https://openalex.org/W3049141996,off-topic-false-hit,"Abstract Many academic approaches that claim to consider the broad set of social and ethical issues relevant to energy systems sit side-by-side without conversation. This paper considers three such literatures: Value Sensitive Design, Responsible Research and Innovation and the Energy Justice framework. We argue that whilst definitions of these concepts appear, on face value, to be united by a common normative goal – improving the social outcomes and mitigating sensitivities at the interface of technological energy systems and human livelihoods –, their existence in academic silos has obscured complementarities, which, once synthesized, might increase their overall academic and practical relevance. This paper fills the emergent gap of critically discussing the concepts and their strengths and challenges as well as how they could contribute to each other. It compares: (1) the things that they claim to tackle, (2) the solutions they claim to provide and (3) the points that clearly distinguish one approach from another (if any at all). Not only does this make this paper the first of its kind, but it also makes it an impactful one. With each concept gaining various degrees of support in academia and practice, our discussion reveals where tensions exist and where positive gains can be made. We identify five opportunities for collaboration and integration with implications for the achievement of energy systems that are acceptable from a societal and ethical perspective.","openalex, scopus",llm,0.990,unreviewed,
discarded,An architectural decision modeling framework for service oriented architecture design,Olaf Zimmermann,2009,OPUS Publication Server of the University of Stuttgart (University of Stuttgart),10.18419/opus-2665,https://openalex.org/W1520835468,adjacent-subtopic,"In this thesis, we investigate whether reusable architectural decision models can support Service-Oriented Architecture (SOA) design. In the current state of the art, architectural decisions are captured ad hoc and retrospectively on projects; this is a labor-intensive undertaking without immediate benefits. On the contrary, we investigate the role reusable architectural decision models can play during SOA design: We treat recurring architectural decisions as first-class method elements and propose an architectural decision modeling framework and a reusable architectural decision model for SOA which guide the architect through the SOA design. Our approach is tool supported. Our framework is called SOA Decision Modeling (SOAD). SOAD provides a technique to systematically identify recurring decisions. Our reusable architectural decision model for SOA conforms to a metamodel supporting reuse and collaboration. The model organization follows Model-Driven Architecture (MDA) principles and separates long lasting platform-independent decisions from rapidly changing platform-specific ones. The alternatives in a conceptual model level reference SOA patterns. This simplifies the initial population and ongoing maintenance of the decision model. Decision dependency management allows knowledge engineers and software architects to check model consistency and prune irrelevant decisions. Moreover, a managed issue list guides through the decision making process. To update design artifacts according to decisions made, decision outcome information is injected into design model transformations. Finally, a Web-based collaboration system provides tool support for the framework steps and concepts. The SOAD framework is not only applicable to enterprise application and SOA design, but also to other application genres and architectural styles. SOAD supports use cases such as education, knowledge exchange, design method, review technique, and governance instrument.","openalex, scopus",llm,0.930,unreviewed,
kept,A reappraisal of structured analysis,Jørgen P. Bansler; Keld Bødker,1993,ACM Transactions on Information Systems,10.1145/130226.148055,https://openalex.org/W1999926902,qualifies-claim; criticism,"We review Structured Analysis as presented by Yourdon and DeMarco. First, we examine the implicit assumptions embodied in the method about the nature of organizations, work processes, and design. Following this we present the results of an exploratory study, conducted to find out how the method is applied in practice. This study reveals that while some of the tools of Structured Analysis—notably the data flow diagrams—are used and combined with other tools, the designers do not follow the analysis and design procedures prescribed by the method. Our findings suggest that there is a gap between the way systems development is portrayed in the normative technical literature and the way in which it is carried out.","openalex, scopus",human,0.980,human,
