status,title,authors,year,venue,doi,url,tags,abstract,provider,decision_source,llm_confidence,llm_review_outcome,llm_change_direction
discarded,Test-Design through Abstraction - A Systematic Approach Based on the Refinement Calculus.,Bernhard K. Aichernig,2001,J. Univers. Comput. Sci.,10.3217/JUCS-007-08-0710,https://dblp.org/rec/journals/jucs/Aichernig01,adjacent-subtopic,"This article discusses the calculation of test-cases for interactive systems. A novel approach is presented that treats the problem of test-case synthesis as a formal abstraction problem. It is shown that test-cases can be viewed as formal contracts and that such test-cases are in fact abstractions of requirements speci cations. The re nement calculus of Back and von Wright is used to formulate abstraction rules for calculating correct test-cases from a formal speci cation. The advantage of this abstraction approach is that simple input-output test-cases, as well as testing scenarios can be handled. Furthermore, di erent testing strategies like partition testing and mutation testing can be formulated in one theory.",dblp,llm,0.780,unreviewed,
kept,Refinement Calculus for Logic Programming in Isabelle/HOL.,David Hemer; Ian J. Hayes; Paul A. Strooper,2001,TPHOLs,10.1007/3-540-44755-5_18,https://dblp.org/rec/conf/tphol/HemerHS01,adjacent-subtopic,,dblp,llm,0.850,unreviewed,
discarded,Constructive Data Refinement in Typed Lambda Calculus.,Furio Honsell; John Longley; Donald Sannella; Andrzej Tarlecki,2000,FoSSaCS,10.1007/3-540-46432-8_11,https://dblp.org/rec/conf/fossacs/HonsellLST00,adjacent-subtopic,,dblp,llm,0.670,unreviewed,
kept,An Iterator Construct for the Refinement Calculus.,Steve King 0001; Carroll Morgan,2000,IWFM,,https://dblp.org/rec/conf/iwfm/KingM00,adjacent-subtopic,,dblp,llm,0.840,unreviewed,
kept,Program Development and Specification Refinement in the Schema Calculus.,Martin C. Henson; Steve Reeves,2000,ZB,10.1007/3-540-44525-0_20,https://dblp.org/rec/conf/zum/HensonR00,supports-claim,,dblp,llm,0.850,unreviewed,
kept,"An Inconsistency in Procedures, Parameters, and Substitution in the Refinement Calculus.",Ana Cavalcanti 0001; Augusto Sampaio 0001; Jim Woodcock 0001,1999,Sci. Comput. Program.,10.1016/S0167-6423(97)00015-4,https://dblp.org/rec/journals/scp/CavalcantiSW99,qualifies-claim,"Morgan and Back have proposed different formalisations of procedures and parameters in the context of techniques of program development based on refinement. In this paper, we investigate a surprising and intricate relationship between these works and the substitution operator that renames the free variables of a program. In this study, we reveal an inconsistency in Morgan's refinement calculus and show that Back's formalisation of procedures does not have the same problem. (C) 1999 Elsevier Science B.V. All rights reserved.",dblp,llm,0.940,unreviewed,
kept,A Refinement Calculus for Tuple Spaces.,Laura Semini; Carlo Montangero,1999,Sci. Comput. Program.,10.1016/S0167-6423(98)00021-5,https://dblp.org/rec/journals/scp/SeminiM99,supports-claim,"It is fairly accepted that the realization of complex systems must be accomplished step by step from the initial specification, through a sequence of intermediate phases, to the final program. These development steps, linking a preliminary version, or description, of the program to a more detailed one, are usually called refinement steps, while the intermediate stages of a refinement process are called levels of abstraction. A refinement calculus is a means to support this modus operandi in program development, allowing to link different levels of abstraction: it introduces a precise relation between intermediate descriptions, and the rules to check whether the relation is satisfied. Tuple space languages are concurrent languages, that foster the definition of autonomous entities of computation (the processes), and offer mechanisms for their synchronization and communication. In particular, they represent one of the most acknowledged models of coordination. Tuple space languages are based on the idea that a dynamic collection of tuples can act as shared state of concurrent processes, and play the role of coordination media among them. To build a refinement calculus for tuple spaces, we address three points, in this paper: 1) We single out a specification language, a variation of first order temporal logic. Temporal relations between propositional formulae are not expressive enough to describe relations between tuple spaces, which are multisets of atoms. The specification language, called Oikos-tl, includes three new temporal operators that enhance the expressive power of the logic, permitting to directly link state transitions and state configurations. The semantics of the specification language is formally defined, and a set of useful properties for refinement are shown. 2) We introduce a reference language for tuple spaces, dubbed TuSpRel, and define its axiomatic and operational semantics. We need the former to derive properties, the latter to describe the allowed computations of a system. We relate these descriptions, and guarantee that using the axiomatic semantics we can derive properties, which are correct and complete with respect to the operational behaviour. The non-deterministic features of tuple space languages make this result new, and more complex than in other programming paradigms. One of the contributions of our work is the idea to derive weakest preconditions exploiting the demonic strict choice in non-deterministic selection. The transition system defining the operational semantics is based on the new notion of enabling precondition, which exploits the angelic strict choice. 3) To build the refinement calculus, we take a compositional approach. We first consider the basic statements of the language, and say under which conditions they satisfy a property, then compose these proofs to derive that a system refines a specification. Finally, in the refinement calculus definition, we extend to tuple space languages the ability to exp",dblp,llm,0.960,unreviewed,
kept,Interpreting the B-Method in the Refinement Calculus.,Yann Rouzaud,1999,World Congress on Formal Methods,10.1007/3-540-48119-2_24,https://dblp.org/rec/conf/fm/Rouzaud99,adjacent-subtopic,,dblp,llm,0.810,unreviewed,
discarded,The Refinement of Event Calculus Models.,Bill Stoddart; Steve Dunne,1999,IFM,10.1007/978-1-4471-0851-1_9,https://dblp.org/rec/conf/ifm/StoddartD99,off-topic-false-hit,,dblp,llm,0.760,unreviewed,
kept,Refinement Calculus - A Systematic Introduction.,Ralph-Johan Back; Joakim von Wright,1998,Graduate Texts in Computer Science,10.1007/978-1-4612-1674-2,https://dblp.org/rec/books/daglib/0096285,supports-claim,,dblp,llm,0.980,unreviewed,
kept,Fusion and Simultaneous Execution in the Refinement Calculus.,Ralph-Johan Back; Michael J. Butler,1998,Acta Informatica,10.1007/S002360050148,https://dblp.org/rec/journals/acta/BackB98,supports-claim,,dblp,llm,0.940,unreviewed,
kept,ZRC - A Refinement Calculus for Z.,Ana Cavalcanti 0001; Jim Woodcock 0001,1998,Formal Aspects Comput.,10.1007/S001650050016,https://dblp.org/rec/journals/fac/CavalcantiW98,supports-claim,,dblp,llm,0.980,unreviewed,
kept,Procedures and Recursion in the Refinement Calculus.,Ana Cavalcanti 0001; Augusto Sampaio 0001; Jim Woodcock 0001,1998,J. Braz. Comput. Soc.,,https://dblp.org/rec/journals/jbcs/CavalcantiSW98,supports-claim,,dblp,llm,0.880,unreviewed,
kept,Demonic diagrams - towards a graphical refinement calculus.,Wolfram Kahl,1998,RelMiCS,,https://dblp.org/rec/conf/RelMiCS/Kahl98,supports-claim,,dblp,llm,0.800,unreviewed,
kept,A Trace-Based Refinement Calculus for Shared-Variable Parallel Programs.,Jürgen Dingel,1998,AMAST,10.1007/3-540-49253-4_18,https://dblp.org/rec/conf/amast/Dingel98,supports-claim,,dblp,llm,0.870,unreviewed,
kept,A Refinement Calculus for Statecharts.,Peter Scholz,1998,FASE,10.1007/BFB0053597,https://dblp.org/rec/conf/fase/Scholz98,supports-claim,,dblp,llm,0.850,unreviewed,
kept,Building BSP Programs Using the Refinement Calculus.,David B. Skillicorn,1998,IPPS/SPDP Workshops,10.1007/3-540-64359-1_742,https://dblp.org/rec/conf/ipps/Skillicorn98,supports-claim,"We extend the refinement calculus to permit the derivation of programs in the Bulk Synchronous Parallelism (BSP) style. This demonstrates that formal approaches developed for sequential computing can be generalised to (some) parallel computing environments, and may be useful for managing some of the details of programming in such situations.",dblp,llm,0.950,unreviewed,
kept,A refinement calculus for Z.,Ana Cavalcanti 0001,1997,,,https://dblp.org/rec/phd/ethos/Ana97,supports-claim,,dblp,llm,0.860,unreviewed,
kept,A Refinement Calculus for the Synthesis of Verified Hardware Descriptions in VHDL.,Peter T. Breuer; Carlos Delgado Kloos; Andrés Marín López; Natividad Martínez Madrid; Luis Sánchez Fernández 0001,1997,ACM Trans. Program. Lang. Syst.,10.1145/262004.262007,https://dblp.org/rec/journals/toplas/BreuerKLMF97,adjacent-subtopic,,dblp,llm,0.880,unreviewed,
kept,Formal Methods for Component Software: The Refinement Calculus Perspective.,Martin Büchi; Emil Sekerinski,1997,ECOOP Workshops,10.1007/3-540-69687-3_68,https://dblp.org/rec/conf/ecoopw/BuchiS97,supports-claim,,dblp,llm,0.820,unreviewed,
kept,A Refinement Calculus for Communicating Processes with State.,Luming Lai; Jeff W. Sanders,1997,IWFM,,https://dblp.org/rec/conf/iwfm/LaiS97,supports-claim,,dblp,llm,0.840,unreviewed,
kept,A refinement calculus for expressions.,Sharon Flynn,1996,,,https://dblp.org/rec/phd/ethos/Flynn96,supports-claim,,dblp,llm,0.780,unreviewed,
discarded,A Partition Refinement Algorithm for the pi-Calculus (Extended Abstract).,Marco Pistore; Davide Sangiorgi,1996,CAV,10.1007/3-540-61474-5_56,https://dblp.org/rec/conf/cav/PistoreS96,off-topic-false-hit,,dblp,llm,0.980,unreviewed,
kept,A first order refinement calculus.,Andrew M. Gravell,1995,,,https://dblp.org/rec/phd/ethos/Gravell95,supports-claim,,dblp,llm,0.830,unreviewed,
kept,Exits in the Refinement Calculus.,Steve King 0001; Carroll Morgan,1995,Formal Aspects Comput.,10.1007/BF01214623,https://dblp.org/rec/journals/fac/KingM95,supports-claim,,dblp,llm,0.970,unreviewed,
kept,Enhancing cleanroom techniques with refinement calculus.,Michael R. Donat,1995,CASCON,,https://dblp.org/rec/conf/cascon/Donat95,supports-claim,,dblp,llm,0.870,unreviewed,
kept,CTR: A Calculus of Timed Refinement.,Karlis Cerans,1995,CONCUR,10.1007/3-540-60218-6_39,https://dblp.org/rec/conf/concur/Cerans95,supports-claim,,dblp,llm,0.810,unreviewed,
kept,Exploring Summation and Product Operators in the Refinement Calculus.,Ralph-Johan Back; Michael J. Butler,1995,MPC,10.1007/3-540-60117-1_8,https://dblp.org/rec/conf/mpc/BackB95,supports-claim,,dblp,llm,0.800,unreviewed,
discarded,Refinement and Recursion in a High Level Petri Box Calculus.,Raymond Devillers; Hanna Klaudel,1995,STRICT,10.1007/978-1-4471-3078-9_10,https://dblp.org/rec/conf/strict/DevillersK95,adjacent-subtopic,,dblp,llm,0.730,unreviewed,
discarded,"Omega-Perfect Semantics for Inductive Synthesis, Refinement Calculus and Update of Logic Programs.",Roger Klausen; Henryk Jan Komorowski,1995,WOCFAI,,https://dblp.org/rec/conf/wocfai/KlausenK95,adjacent-subtopic,,dblp,llm,0.710,unreviewed,
kept,A refinement calculus for nondeterministic expressions,Nigel Ward,1994,,,https://dblp.org/rec/phd/au/Ward94,supports-claim,,dblp,llm,0.820,unreviewed,
kept,The RPC-Memory Specification Problem: UNITY+Refinement Calculus.,Rob T. Udink; Joost N. Kok,1994,Formal Systems Specification,10.1007/BFB0024440,https://dblp.org/rec/conf/dagstuhl/UdinkK94,supports-claim,,dblp,llm,0.790,unreviewed,
discarded,A refinement logic for the fork calculus.,Klaus Havelund; Kim Guldstrand Larsen,1994,PSTV,,https://dblp.org/rec/conf/pstv/HavelundL94,adjacent-subtopic,,dblp,llm,0.690,unreviewed,
kept,Adding Specification Constructors to the Refinement Calculus.,Nigel Ward,1993,FME,10.1007/BFB0024672,https://dblp.org/rec/conf/fm/Ward93,supports-claim,,dblp,llm,0.860,unreviewed,
kept,"The Refinement Calculus, and Literate Development.",Carroll Morgan,1993,Formal Program Development,10.1007/3-540-57499-9_20,https://dblp.org/rec/conf/ifip2-1/Morgan93,supports-claim,,dblp,llm,0.900,unreviewed,
kept,A Practical Approach to Software Engineering Using Z and the Refinement Calculus.,Kenneth R. Wood,1993,SIGSOFT FSE,10.1145/256428.167068,https://dblp.org/rec/conf/sigsoft/Wood93,supports-claim,"We present a methodology for the formal specification and development of software systems using Z and the refinement calculus. The methodology combines the data structuring capabilities and the codified discrete mathematics of Z with the data encapsulation properties and development style of the refinement calculus, and it aims to provide a formal path from design to implementation without unnecessary transformations of notation or the definition of a new calculus. It is illustrated here by the development of two systems, a simply diary and (part of)a text editor, and is contrasted with the use of Z on its own. We discuss related and future work and conclude with some general comments on applied formal methods.",dblp,llm,0.970,unreviewed,
discarded,General Refinement and Recursion Operators for the Petri Box Calculus.,Eike Best; Raymond Devillers; Javier Esparza,1993,STACS,10.1007/3-540-56503-5_16,https://dblp.org/rec/conf/stacs/BestDE93,adjacent-subtopic,,dblp,llm,0.740,unreviewed,
kept,A refinement calculus for real-time systems.,David Jason Scholefield,1992,,,https://dblp.org/rec/phd/ethos/Scholefield92,supports-claim,,dblp,llm,0.850,unreviewed,
kept,PEI: A language and its refinement calculus for parallel programming.,Eric Violard; Guy-René Perrin,1992,Parallel Comput.,10.1016/0167-8191(92)90063-D,https://dblp.org/rec/journals/pc/ViolardP92,supports-claim,"The aim of this paper is to introduce a new modeling, using symbols and functional notations, called the language PEI (as Parallel Equations Interpretor), which could unify the classical approaches of program parallelization, according to the sorts of problems and the target computation schemes.

Due to its fundamental structure, disconnected from concrete drawings, this modeling offers a straightforward generalization to adress convex or non-convex computation domains, synchronous or asynchronous computations.

This sort of programming formalism allows a powerful structuration of statements and a stepwise transformation technique based on a semantical equivalence definition and a refinement calculus. From initial problem statements, transformations of expressions lead to various definition structures, which can match given computation models.",dblp,llm,0.950,unreviewed,
kept,Modular Reasoning in an Object-Oriented Refinement Calculus.,Mark Utting; Ken Robinson,1992,MPC,10.1007/3-540-56625-2_22,https://dblp.org/rec/conf/mpc/UttingR92,supports-claim,,dblp,llm,0.870,unreviewed,
kept,"Refinement Calculus, Lattices and Higher Order Logic.",Ralph-Johan Back,1992,NATO ASI PDC,10.1007/978-3-662-02880-3_2,https://dblp.org/rec/conf/nato/Back92,supports-claim,,dblp,llm,0.840,unreviewed,
kept,The Refinement Calculus.,Carroll Morgan,1992,NATO ASI PDC,10.1007/978-3-662-02880-3_1,https://dblp.org/rec/conf/nato/Morgan92,supports-claim,,dblp,llm,0.960,unreviewed,
kept,Program Inversion in the Refinement Calculus.,Joakim von Wright,1991,Inf. Process. Lett.,10.1016/0020-0190(91)90141-4,https://dblp.org/rec/journals/ipl/Wright91,supports-claim,,dblp,llm,0.900,unreviewed,
kept,A Tutorial on the Refinement Calculus.,Jim Woodcock 0001,1991,VDM Europe,10.1007/BFB0019996,https://dblp.org/rec/conf/fm/Woodcock91,supports-claim,,dblp,llm,0.950,unreviewed,
discarded,The Refinement Calculus.,Jim Woodcock 0001,1991,VDM Europe,,https://dblp.org/rec/conf/fm/Woodcock91a,duplicate-reprint-of-cited-source,,dblp,llm,0.990,unreviewed,
kept,A refinement calculus for concurrent systems with communications.,Lu Ming Lai,1990,,,https://dblp.org/rec/phd/ethos/Lai90,supports-claim,,dblp,llm,0.880,unreviewed,
kept,Types and Invariants in the Refinement Calculus.,Carroll Morgan; Trevor Vickers,1990,Sci. Comput. Program.,10.1016/0167-6423(90)90024-8,https://dblp.org/rec/journals/scp/MorganV90,supports-claim,,dblp,llm,0.930,unreviewed,
kept,Types and Invariants in the Refinement Calculus.,Carroll Morgan,1989,MPC,10.1007/3-540-51305-1_22,https://dblp.org/rec/conf/mpc/Morgan89,supports-claim,,dblp,llm,0.900,unreviewed,
kept,Tool Support for the Refinement Calculus.,David A. Carrington; Kenneth Arthur Robinson,1990,CAV,10.1090/DIMACS/003/24,https://dblp.org/rec/conf/dimacs/CarringtonR90,supports-claim,,dblp,llm,0.930,unreviewed,
kept,Z and the Refinement Calculus.,Steve King 0001,1990,VDM Europe,10.1007/3-540-52513-0_10,https://dblp.org/rec/conf/fm/King90,supports-claim,,dblp,llm,0.910,unreviewed,
kept,A Refinement Calculus for Specifications in Hennessy-Milner Logic with Recursion.,Sören Holmström,1989,Formal Aspects Comput.,10.1007/BF01887208,https://dblp.org/rec/journals/fac/Holmstrom89,supports-claim,,dblp,llm,0.950,unreviewed,
kept,Towards a Calculus of Data Refinement.,Wei Chen 0094; Jan Tijmen Udding,1989,MPC,10.1007/3-540-51305-1_11,https://dblp.org/rec/conf/mpc/ChenU89,supports-claim,,dblp,llm,0.890,unreviewed,
kept,"Refinement Calculus, Part II: Parallel and Reactive Programs.",Ralph-Johan Back,1989,REX Workshop,10.1007/3-540-52559-9_61,https://dblp.org/rec/conf/rex/Back89,supports-claim,,dblp,llm,0.950,unreviewed,
kept,"Refinement Calculus, Part I: Sequential Nondeterministic Programs.",Ralph-Johan Back; Joakim von Wright,1989,REX Workshop,10.1007/3-540-52559-9_60,https://dblp.org/rec/conf/rex/BackW89,supports-claim,,dblp,llm,0.970,unreviewed,
kept,A Calculus of Refinements for Program Derivations.,Ralph-Johan Back,1988,Acta Informatica,10.1007/BF00291051,https://dblp.org/rec/journals/acta/Back88,supports-claim,,dblp,llm,0.980,unreviewed,
kept,"Hennessy-Milner Logic with Recursion as a Specification Language, and a Refinement Calculus based on It.",Sören Holmström,1988,Specification and Verification of Concurrent Systems,,https://dblp.org/rec/conf/facs/Holmstrom88,adjacent-subtopic,,dblp,llm,0.700,unreviewed,
kept,A Theoretical Basis for Stepwise Refinement and the Programming Calculus.,Joseph M. Morris,1987,Sci. Comput. Program.,10.1016/0167-6423(87)90011-6,https://dblp.org/rec/journals/scp/Morris87,supports-claim,,dblp,llm,0.990,unreviewed,
discarded,Top-Down Design of 0.8~18GHz Wideband Reconfigurable Receiver Front End with Simulink,Lei Wang; Hao Xu; Rui Yin; Tingting Han; Mi Tian; Weiqiang Zhu; Zhijian Li; Na Yan,2022,2022 IEEE 16th International Conference on Solid-State & Integrated Circuit Technology (ICSICT),10.1109/ICSICT55466.2022.9963343,https://ieeexplore.ieee.org/document/9963343/,off-topic-false-hit,"This work presents a 0.8~18GHz wideband reconfigurable receiver front end design and simulation with Simulink. The wideband front end can support different bandwidth and operate in a broadband system simultaneously. Simulink has advantages in high level synthesis of receiver design due to the encapsulated blockers that take into account their main circuit limitation. The receiver front end integrates a low noise amplifier (LNA), mixer, tunable low pass filter, variable gain amplifier (VGA) and local oscillator (LO). The wideband receiver front end operated between 0.8~18GHz achieves tunable bandwidth of 500MHz and 1GHz, a total gain of 20dB, a sensitivity of -80dBm, a noise figure (NF) of 5.65dB, an IIP3 of -5.5dBm, and a 3th Chebyshev low pass approximation achieving >16dB attenuation at an offset of 100MHz for the 1GHz bandwidth setting.",ieee,llm,0.990,unreviewed,
discarded,A high-level modeling framework for the design and optimization of complex CT functions,Philippe Benabes; Catalin-Adrian Tugui,2011,2011 IEEE 9th International New Circuits and systems conference,10.1109/NEWCAS.2011.5981219,https://ieeexplore.ieee.org/document/5981219/,off-topic-false-hit,"Novel CMOS technologies are rapidly migrating towards the nanometer world. The design and optimization of complex analog circuits employing these processes is impracticable when using only transistor-level electronic design automation (EDA) tools. Efficient design methodologies including behavioral modeling are inevitable, but the high-level models should incorporate accurate circuit characteristics and technological limitations. One solution consists in using a refined top-down design process where the macro-models are extracted from the analog block elements (e.g. amplifiers, filters) implemented on specific technologies. These fast-simulating models can be used for the high-level simulation and optimization of the entire system. We propose in this paper a complete design methodology employing the above elements and the corresponding application framework based on the interface between MATLAB and CADENCE software tools. SIMULINK and VHDL-AMS are used for the high-level system modeling. A continuous-time (CT) Sigma-Delta modulator application is presented.",ieee,llm,0.950,unreviewed,
