status,title,authors,year,venue,doi,url,tags,abstract,provider,decision_source,llm_confidence,llm_review_outcome,llm_change_direction
kept,π-ARL,Flávio Oquendo,2004,ACM SIGSOFT Software Engineering Notes,10.1145/1022494.1022517,https://openalex.org/W1965365934,supports-claim,"A key aspect of the formal development of any software system is the specification and stepwise refinement of its architecture. In a stepwise refinement, a sequence of steps starting from an abstract specification of the architecture leads to a concrete, implementation-centered, architectural model. Each refinement step typically leads to a more detailed architecture description that increases the determinism while implying properties of the abstract specification. Enabling stepwise architecture refinement is a new challenge for the formal development of complex software systems. This article describes π-ARL, a novel Architecture Refinement Language (ARL) that has been designed in the ArchWare European Project to address formal refinement of software architectures. It is a formal, well-founded theoretically language based on a rewriting logic. Its underlying approach for architecture refinement is underspecification, i.e. at a high-level of abstraction, when specifying an architectural element, certain aspects can be left open. The decrease of this underspecification establishes behaviour but also port, structure, and data refinement relations. The underlying foundation for architected behaviours is the higher order typed π-calculus. π-ARL focuses on formally modelling the stepwise refinement of software architectures through a set of architecture refinement primitives.",openalex,llm,0.910,unreviewed,
discarded,High-level synthesis of digital circuits using global scheduling and binding algorithms.,Pierre Paulin,1988,,10.22215/etd/1988-09796,https://openalex.org/W1566178705,adjacent-subtopic,"The need to rapidly produce designs of digital integrated circuits has motivated the development of high-level synthesis tools that automatically generate a design of a digital system from an abstract specification of its behavior.
This dissertation describes a multi-paradigm implementation of a high-level synthesis tool that features: (1) A new global force-directed scheduling algorithm that attempts to balance the distribution of operations that make use of the same hardware resources; therefore minimizing functional unit, register and interconnection costs. (2) A rule-based expert allocater that performs a global analysis of the control and data flow graph and uses heuristic rules to preselect hardware modules based on a speed constraint. (3) A stepwise refinement approach to scheduling and allocation where preliminary allocation information is used to guide and optimize the scheduling process. (4) Data path synthesis algorithms that attempt to minimize interconnect at all stages of the synthesis process.",openalex,llm,0.790,unreviewed,
discarded,Formal Analysis of the Kerberos Authentication System.,Giampaolo Bella; Elvinia Riccobene,1997,,,https://openalex.org/W1567557053,adjacent-subtopic,,openalex,llm,0.520,unreviewed,
discarded,Partitioning of processor arrays: a piecewise regular approach,Jürgen Teich; Lothar Thiele,1993,Integration,10.1016/0167-9260(93)90013-3,https://openalex.org/W2082711009,off-topic-false-hit,"The paper describes the systematic design of processor arrays with a given dimension and a given number of processing elements. This problem is called partitioning. A solution to the partitioning problem is described for mapping a class of algorithms with piecewise regular dependence graphs, i.e. piecewise regular algorithms, onto processor arrays. These arrays are also piecewise regular, i.e. they are composed of a number of regularly connected homogeneous subarrays. Partitioning deals with the division of the dependence graph of a piecewise regular algorithm into tiles and the scheduling of corresponding operations on a processor array of fixed size and dimension. Different solutions to this problem are termed partitioning schemes. Partitioning schemes may be classified into projection, multiprojection, passive and active clustering. The hereafter presented unified approach to the solution of the partitioning problem is based on the following concepts: (1) Algorithms are represented by programs. These programs can be directly interpreted as a description of hardware. (2) The concept of stepwise refinement of programs is used to solve the partitioning problem by applying a sequence of provably correct program transformations. The transformations basically involve operations on index sets. Two program transformations are introduced: (a) The EXPAND program transformation partitions the iteration space of a given program into a direct sum of lattices. The dimension of the iteration space increases. In contrary to other approaches, also nonperfect tilings may be considered. (b) Operations are scheduled on a processor array of fixed size and dimension using the REDUCE transformation. The dimension of the iteration space and thereby the dimension of the processor array is reduced. The parameters of this program transformation enable the realization of the different partitioning schemes. (3) The whole solution is embedded in the concepts of a systematic design of processor arrays.",openalex,llm,0.950,unreviewed,
discarded,The relationship of the femoral attachment site to the isometric tracking of the anterior cruciate ligament graft,J. Mark Melhorn; Charles E. Henning,1987,The American Journal of Sports Medicine,10.1177/036354658701500603,https://openalex.org/W1998721211,off-topic-false-hit,"The large number of reconstructive procedures in the treatment of ACL reflect a lack of consistent clinical success, thus creating the current controversy over the treatment of ACL injuries. The purpose of this study on the relationship of the femoral attachment site to the isometric tracking of the ACL graft was three-fold: 1) to develop a method for evaluating the femoral attachment site for the ideal isometric graft tracking pattern; 2) to develop a reference table comparing femoral attachment sites to graft excursion; and 3) to apply this information to the surgical procedure to allow for stepwise refinement of the attachment site for improved clinical results. To aid in graphic representation, the attachment sites were identified from radiographs by the sclerotic margin of the drill hole in the bone or the bone trough. These attachment sites were transferred to a trace diagram and compiled to form a composite diagram. Three distinct graft tracking patterns were identified. Group I represented the modified ""over-the-top"" technique with a deep cancellous bone trough and represented the most isometric tracking. Group II represented the modified over-the-top technique with a shallow or no cancellous bone trough and Group III the drill hole technique. Groups II and III were nonisometric. In surgery, palpation of the graft for excursion while performing a range of motion allows for review of isometric graft tracking. Stepwise intraoperative refinement of the femoral attachment site can result in isometric graft tracking.",openalex,llm,0.990,unreviewed,
kept,Contracts-refinement proof system for component-based embedded systems,Alessandro Cimatti; Stefano Tonetta,2014,Science of Computer Programming,10.1016/j.scico.2014.06.011,https://openalex.org/W2050779443,supports-claim,,openalex,llm,0.910,unreviewed,
kept,Probabilistic Timed Simulation Verification and Its Application to Stepwise Refinement of Real-Time Systems,Satoshi Yamane,2003,Lecture notes in computer science,10.1007/978-3-540-40965-6_18,https://openalex.org/W1550252077,supports-claim,,openalex,llm,0.880,unreviewed,
kept,A system for program refinement,Thomas E. Cheatham; Judy A. Townley; Glenn Holloway,1979,Cumulative Index of Computer Aided Architectural Design,10.5555/800091.802922,https://openalex.org/W1594275893,supports-claim,"The Program Development System (PDS) is a programming environment, an integrated collection of interactive tools that support the process of program definition, testing, and maintenance. The PDS is intended to aid the development of large programs, especially program families whose members must be maintained in synchrony. The system facilitates implementation by stepwise refinement, and it keeps a refinement history that allows program modifications made at a high level of abstraction to be reflected efficiently and automatically in the corresponding low level code. Analysis tools are used both to support program validation and to guide program refinement",openalex,llm,0.940,unreviewed,
discarded,Simulation modeling by stepwise refinement,J. N. Beauchamp; R. C. Field,1979,NCSU Libraries Repository (North Carolina State University Libraries),10.5555/800089.802858,https://openalex.org/W2094717641,adjacent-subtopic,"Application of the structured programming concept of stepwise refinement to modeling is described and developed. Modeling by simulation with GPSS (General Purpose Simulation System) is emphasized, even though the full modeling activity undertaken included analytical and brassboard modeling as well. Stepwise refinement was applied rigorously to the simulation model, and also used for the analytical and brassboard models.The simulation model is described in detail. The network, node and implementation analysis that provided the numerical basis for operation of the model are also described. How the concept of stepwise refinement was applied to the development of the simulation model in GPSS is thoroughly described. Results of the simulation models show how stepwise refinement can maximize useful output with respect to cost and effort invested.",openalex,llm,0.800,unreviewed,
kept,Program specification and development in standard ML,Donald Sannella; Andrzej Tarlecki,1985,,10.1145/318593.318614,https://openalex.org/W1999862696,supports-claim,"An attempt is made to apply ideas about algebraic specification in the context of a programming language. Standard ML with modules is extended by allowing axioms in module interface specifications and in place of code. The resulting specification language, called Extended ML, is given a semantics based on the primitive specification-building operations of the kernel algebraic specification language ASL. Extended ML provides a framework for the formal development of programs from specifications by stepwise refinement, which is illustrated by means of a simple example. From its semantic basis Extended ML inherits complete independence from the logical system (institution) used to write specifications. This allows different styles of specification as well as different programming languages to be accommodated.",openalex,llm,0.950,unreviewed,
kept,An introduction to refinement metrics: assessing a programming language's support of the stepwise refinement process,Robert G. Reynolds; Jonathan I. Maletic,1990,,10.1145/100348.100361,https://openalex.org/W1988971758,supports-claim,"Article An introduction to refinement metrics: assessing a programming language's support of the stepwise refinement process Share on Authors: Robert G. Reynolds Wayne Science University, Computer Science Department, Detriot, Mi Wayne Science University, Computer Science Department, Detriot, MiView Profile , Jonathan I. Maletic Wayne Science University, Computer Science Department, Detriot, Mi Wayne Science University, Computer Science Department, Detriot, MiView Profile Authors Info & Claims CSC '90: Proceedings of the 1990 ACM annual conference on CooperationJanuary 1990 Pages 82–88https://doi.org/10.1145/100348.100361Online:01 January 1990Publication History 4citation192DownloadsMetricsTotal Citations4Total Downloads192Last 12 Months4Last 6 weeks0 Get Citation AlertsNew Citation Alert added!This alert has been successfully added and will be sent to:You will be notified whenever a record that you have chosen has been cited.To manage your alert preferences, click on the button below.Manage my AlertsNew Citation Alert!Please log in to your account Save to BinderSave to BinderCreate a New BinderNameCancelCreateExport CitationPublisher SiteGet Access",openalex,llm,0.960,unreviewed,
kept,Refinement of Information Flow Architectures,Jan Philipps; Bernhard Rumpe,1997,,,https://openalex.org/W3100211090,supports-claim,"A calculus is presented for the stepwise refinement of abstract information flow architectures. We give a mathematical model for information flow components based on relations between input and output communication histories, and describe system architectures using two views: the glass box view is a network of basic components, while the black box view regards the network itself as a component. This allows us to hierarchically compose systems. The calculus consists of basic rules to add or remove components and channels, and to replace components by subnetworks and vice versa. The correctness of the rules is justified by the refinement relation on the black box view of architectures. 1. Introduction The architecture of a software or hardware system influences its efficiency, adaptility and the reusability of components. Especially the adaption to new requirements and reuse of existing components cause frequent changes in the architecture while the system is developed, or when it is ...",openalex,llm,0.930,unreviewed,
discarded,SAXS data analysis of a lamellar two-phase system. Layer statistics and compansion,Norbert Stribeck,1993,Colloid & Polymer Science,10.1007/bf00659290,https://openalex.org/W2007935061,off-topic-false-hit,"An analysis of small angle x-ray scattering (SAXS) data from three injection molded poly(ethylene terephthalate) (PET) samples is carried out. Two of the samples are annealed at different temperatures. The chosen concept of data analysis is that of Ruland's interface distribution function (IDF) of lamellar two-phase systems. The IDF can be expanded into a series of distance distributions, containing the information on the topological properties of the ensemble of lamellar stacks in the semicrystalline sample.

The paper describes the stepwise refinement of a topological model. The final model is described by only few parameters of physical meaning. It unifies the well-known concepts of an ensemble of non-uniform stacks, finite stack size and one-dimensional paracrystalline disorder in an analytical expression. In order to deduce this expression, the concept of inhomogeneity (imagine a variation of the long period from stack to stack) is generally treated in terms of ''compansion'', a suggested superposition principle. Its mathematical equivalent in one dimension is the Mellin convolution.",openalex,llm,0.990,unreviewed,
kept,On the efficient synthesis of efficient programs,Elaine Kant,1983,Artificial Intelligence,10.1016/0004-3702(83)90009-7,https://openalex.org/W2346005902,adjacent-subtopic,,openalex,llm,0.520,unreviewed,
kept,Synthesis of communications protocols,Kassem Saleh,1996,ACM SIGCOMM Computer Communication Review,10.1145/242896.242900,https://openalex.org/W2144988547,supports-claim,"Protocol synthesis attempts to formalize and automate the process of designing communications protocols. Protocol design is an important step in the communications software or protocol engineering development process. Protocol synthesis has been addressed extensively by many researchers around the world, and various approaches have been proposed: from the stepwise refinement of a high level requirements specification to the automatic generation starting from a formal service specification. In this paper, we introduce protocol synthesis in the context of the protocol engineering process, and we briefly describe and survey the main features of the proposed synthesis methods. Tables summarizing this survey are also provided.",openalex,llm,0.900,unreviewed,
kept,Development of modular specifications by stepwise refinements using the PLUSS specification language,Michel Bidoit,1992,Oxford University Press eBooks,,https://openalex.org/W2467672495,supports-claim,,openalex,llm,0.880,unreviewed,
kept,"A Verified SAT Solver Framework with Learn, Forget, Restart, and Incrementality",Jasmin Christian Blanchette; Mathias Fleury; Peter Lammich; Christoph Weidenbach,2018,Journal of Automated Reasoning,10.1007/s10817-018-9455-7,https://openalex.org/W2790974881,supports-claim,"We developed a formal framework for conflict-driven clause learning (CDCL) using the Isabelle/HOL proof assistant. Through a chain of refinements, an abstract CDCL calculus is connected first to a more concrete calculus, then to a SAT solver expressed in a functional programming language, and finally to a SAT solver in an imperative language, with total correctness guarantees. The framework offers a convenient way to prove metatheorems and experiment with variants, including the Davis-Putnam-Logemann-Loveland (DPLL) calculus. The imperative program relies on the two-watched-literal data structure and other optimizations found in modern solvers. We used Isabelle's Refinement Framework to automate the most tedious refinement steps. The most noteworthy aspects of our work are the inclusion of rules for forget, restart, and incremental solving and the application of stepwise refinement.",openalex,llm,0.970,unreviewed,
kept,Timed Weak Simulation Verification and Its Application to Stepwise Refinement of Real-Time Software,Satoshi Yamane,2005,Lecture notes in computer science,10.1007/11596356_40,https://openalex.org/W2114118856,supports-claim,,openalex,llm,0.890,unreviewed,
kept,Performance preorder and competitive equivalence,Flavio Corradini; Roberto Gorrieri; Marco Roccetti,1997,Acta Informatica,10.1007/s002360050107,https://openalex.org/W2010241460,supports-claim,"A preorder based on execution speed, called performance preorder, is introduced for a simple process algebra with durational actions. Two processes E and F are related -E box with right side missing(p) F- if they have the same functionality (in this case, we have chosen strong bisimulation equivalence) and E is at least as fast as F. Hence, this preorder supports the stepwise refinement ''from specification to implementation'' by increasing efficiency while retaining the same functionality. We show that the problem of finding faster implementations for a specification is connected to the problem of finding more distributed implementations of the same specification. Both performance preorder and the induced equivalence, called competitive equivalence, are provided with sound and complete axiomatizations for finite agents.",openalex,llm,0.870,unreviewed,
kept,Modelling Processes Using a Stepwise Refinement,Jin Sa; Brian Warboys,1994,European Workshop on Software Process Technology,,https://openalex.org/W1586352030,supports-claim,,openalex,llm,0.790,unreviewed,
discarded,Top‐down stepwise refinement identifies coding and noncoding RNA‐associated epigenetic regulatory maps in malignant glioma,Yutao Huang; Xiangyu Gao; Erwan Yang; Kangyi Yue; Yuan Cao; Boyan Zhao; Haofuzi Zhang; Shuhui Dai; Lei Zhang; Peng Luo; Xiaofan Jiang,2022,Journal of Cellular and Molecular Medicine,10.1111/jcmm.17244,https://openalex.org/W4213165228,off-topic-false-hit,"With the emergence of the molecular era and retreat of the histology epoch in malignant glioma, it is becoming increasingly necessary to research diagnostic/prognostic/therapeutic biomarkers and their related regulatory mechanisms. While accumulating studies have investigated coding gene-associated biomarkers in malignant glioma, research on comprehensive coding and noncoding RNA-associated biomarkers is lacking. Furthermore, few studies have illustrated the cross-talk signalling pathways among these biomarkers and mechanisms in detail. Here, we identified DEGs and ceRNA networks in malignant glioma and then constructed Cox/Lasso regression models to further identify the most valuable genes through stepwise refinement. Top-down comprehensive integrated analysis, including functional enrichment, SNV, immune infiltration, transcription factor binding site, and molecular docking analyses, further revealed the regulatory maps among these genes. The results revealed a novel and accurate model (AUC of 0.91 and C-index of 0.84 in the whole malignant gliomas, AUC of 0.90 and C-index of 0.86 in LGG, and AUC of 0.75 and C-index of 0.69 in GBM) that includes twelve ncRNAs, 1 miRNA and 6 coding genes. Stepwise logical reasoning based on top-down comprehensive integrated analysis and references revealed cross-talk signalling pathways among these genes that were correlated with the circadian rhythm, tumour immune microenvironment and cellular senescence pathways. In conclusion, our work reveals a novel model where the newly identified biomarkers may contribute to a precise diagnosis/prognosis and subclassification of malignant glioma, and the identified cross-talk signalling pathways would help to illustrate the noncoding RNA-associated epigenetic regulatory mechanisms of glioma tumorigenesis and aid in targeted therapy.",openalex,llm,0.990,unreviewed,
discarded,Verification of compiler correctness for the WAM,Cornelia Pusch,1996,Lecture notes in computer science,10.1007/bfb0105415,https://openalex.org/W2168280567,adjacent-subtopic,,openalex,llm,0.720,unreviewed,
kept,The Shadow Knows: Refinement and security in sequential programs,Carroll Morgan,2009,Science of Computer Programming,10.1016/j.scico.2007.09.003,https://openalex.org/W2019193016,supports-claim,,openalex,llm,0.960,unreviewed,
