status,title,authors,year,venue,doi,url,tags,abstract,provider,decision_source,llm_confidence,llm_review_outcome,llm_change_direction
discarded,Establishing Robust Generative Image Steganography via Popular Stable Diffusion,"Hu, Xiaoxiao; Li, Sheng; Ying, Qichao; Peng, Wanli; Zhang, Xinpeng; Qian, Zhenxing",2024,IEEE TRANSACTIONS ON INFORMATION FORENSICS AND SECURITY,10.1109/TIFS.2024.3444311,https://www.webofscience.com/wos/woscc/full-record/WOS:001311209200005,off-topic-false-hit,"Generative steganography, a novel paradigm in information hiding, has garnered considerable attention for its potential to withstand steganalysis. However, existing generative steganography approaches suffer from the limited visual quality of generated images and are challenging to apply to lossy transmissions in real-world scenarios with unknown channel attacks. To address these issues, this paper proposes a novel robust generative image steganography scheme, facilitating zero-shot text-driven stego image generation without the need for additional training or fine-tuning. Specifically, we employ the popular Stable Diffusion model as the backbone generative network to establish a covert transmission channel. Our proposed framework overcomes the challenges of numerical instability and perturbation sensitivity inherent in diffusion models. Adhering to Kerckhoff's principle, we propose a novel mapping module based on dual keys to enhance robustness and security under lossy transmission conditions. Experimental results showcase the superior performance of our method in terms of extraction accuracy, robustness, security, and image quality.",wos,llm,0.990,unreviewed,
discarded,On the Cognitive Effects of Abstraction and Fragmentation in Modularized Process Models,"Schreiber, Clemens; Abbad-Andaloussi, Amine; Weber, Barbara",2023,"BUSINESS PROCESS MANAGEMENT, BPM 2023",10.1007/978-3-031-41620-0_21,https://www.webofscience.com/wos/woscc/full-record/WOS:001288509800024,adjacent-subtopic,"Process models support a variety of tasks, which can be organized differently. Notably one can discern local tasks focusing on a single part of a model and global tasks requiring an overview of several parts. These two task types are assumed to affect users' understanding of processes differently especially if the processes are decomposed into many interlinked and self-contained models through modularization. Local tasks can benefit from abstraction as they enable information hiding, while global tasks can be impeded by fragmentation caused by the split attention effect. Following a task-centric approach, we substantiate this hypothesis by investigating the cognitive effects of abstraction and fragmentation in modularization. Therein, we focus particularly on horizontal modularization and study users' cognitive load, comprehension and behavior when solving local and global tasks. Our findings confirm that, compared to abstraction, fragmentation hinders users' comprehension of the model and raises their cognitive load. Additionally, users exhibit different search and integration behaviors when performing local and global tasks. The outcome of this work motivates the shift from artifact-centric to task-centric empirical studies, raises the need for approaches to mitigate the effect of fragmentation and explores different alternatives to achieve this goal.",wos,llm,0.880,unreviewed,
discarded,The EEG signals steganography based on wavelet packet transform-singular value decomposition-logistic,"Wen, Dong; Jiao, Wenlong; Li, Xiaoling; Wan, Xianglong; Zhou, Yanhong; Dong, Xianling; Song, Haiqing; Han, Wei; Liu, Tiange; Duan, Dingna",2024,INFORMATION SCIENCES,10.1016/j.ins.2024.121006,https://www.webofscience.com/wos/woscc/full-record/WOS:001302663200001,off-topic-false-hit,"Brain-computer interface (BCI) technology is widely used in online medicine for the diagnosis and treatment of brain diseases. However, during brain-computer interaction, Electroencephalogram (EEG) signals and private information may be leaked when transmitted through unsecured Internet channels. To protect private information and EEG signal security, this paper proposes a steganography algorithm based on Wavelet Packet Transform-Singular Value DecompositionLogistic (WPT-SVD-Logistic). The algorithm utilized wavelet packet transform (WPT) to conceal more private information while maintaining better perceptual fidelity. After two-level WPT processing, the EEG signal is decomposed into 4 sub-band signals, and then the singular value decomposition (SVD) method is used to embed private information into these sub-band signals. Additionally, the algorithm employed the Logistic map to confuse private information further and enhance its security. Experimental results show that WPT is more suitable for information hiding in EEG signals. The average peak signal-to-noise ratio of the algorithm on four different datasets is 96.5 dB, indicating that adding private information has a weak impact on the EEG signal. Compared with similar methods, this algorithm has smaller errors and stronger robustness, so it has more potential to become the main means of EEG signal steganography.",wos,llm,0.990,unreviewed,
discarded,Forensic-Based Investigation approach for an enhanced robust and secure image watermarking schemes,"Trache, Najia; Salem, Mohammed; Khelfi, Mohamed Faycel",2024,COMPUTER SCIENCE JOURNAL OF MOLDOVA,10.56415/csjm.v32.13,https://www.webofscience.com/wos/woscc/full-record/WOS:001282767900005,off-topic-false-hit,"In recent years, image watermarking has become the most active research in the information hiding field. This paper presents an application of a computational intelligence technique to obtain robust and secure image-watermarking schemes for data image transmission. The optimization goal is achieved via a new robust method based on the hybridization (in the digital domain) of the image-watermarking scheme using Discrete Wavelet Transform (DWT) and Singular Value Decomposition (SVD). The Forensic-Based Investigation (FBI) optimization algorithm is considered to search for the best scaling factor and the appropriate location for the watermark insertion. The Arnold Transform (AT) encryption is also introduced to enhance the watermark image process security. To show the efficiency of the proposed schemes, several watermarked images are subjected to several attacks, and their imperceptibility and robustness are checked via structural similarity index measure (SSIM) and Normalized Correlation Coefficient (NCC) where the proposed schemes provide competitive simulation results. Statistical analysis is also carried out to prove the performance of the used optimization algorithm.",wos,llm,0.990,unreviewed,
discarded,Remote Sensing Images Secure Distribution Scheme Based on Deep Information Hiding,"Luo, Peng; Liu, Jia; Xu, Jingting; Dang, Qian; Mu, Dejun",2024,REMOTE SENSING,10.3390/rs16081331,https://www.webofscience.com/wos/woscc/full-record/WOS:001251069800001,off-topic-false-hit,"To ensure the security of highly sensitive remote sensing images (RSIs) during their distribution, it is essential to implement effective content security protection methods. Generally, secure distribution schemes for remote sensing images often employ cryptographic techniques. However, sending encrypted data exposes communication behavior, which poses significant security risks to the distribution of remote sensing images. Therefore, this paper introduces deep information hiding to achieve the secure distribution of remote sensing images, which can serve as an effective alternative in certain specific scenarios. Specifically, the Deep Information Hiding for RSI Distribution (hereinafter referred to as DIH4RSID) based on an encoder-decoder network architecture with Parallel Attention Mechanism (PAM) by adversarial training is proposed. Our model is constructed with four main components: a preprocessing network (PN), an embedding network (EN), a revealing network (RN), and a discriminating network (DN). The PN module is primarily based on Inception to capture more details of RSIs and targets of different scales. The PAM module obtains features in two spatial directions to realize feature enhancement and context information integration. The experimental results indicate that our proposed algorithm achieves relatively higher visual quality and secure level compared to related methods. Additionally, after extracting the concealed content from hidden images, the average classification accuracy is unaffected.",wos,llm,0.990,unreviewed,
discarded,SIHNet: A safe image hiding method with less information leaking,"Cheng, Zien; Jin, Xin; Jiang, Qian; Wu, Liwen; Dong, Yunyun; Zhou, Wei",2024,IET IMAGE PROCESSING,10.1049/ipr2.13138,https://www.webofscience.com/wos/woscc/full-record/WOS:001247893100001,off-topic-false-hit,"Image hiding is a task that hides secret images into cover images. The purposes of image hiding are to ensure the secret images are invisible to the human and the secret images can be recovered. The current state-of-the-art steganography methods run the risk of secret information leakage. A safe image hiding network (SIHNet) is presented to reduce the leakage of secret information. Based on some phenomena of image hiding methods which use invertible neural network, a reversible secret image processing (SIP) module is proposed to make the secret images suitable for hiding and make the stego images leak less secret information. Besides, a reversible lost information hiding (LIH) module is used to hide the lost information into the cover images, thus the method can recover the secret images better than the method that uses random noise to replace the lost information. Experimental results show that SIHNet outperforms other state-of-the-art methods on the PSNR and SSIM values of the recovered secret images and the stego images. Besides, residual images of other state-of-the-art methods all contain information about secret images while residual images of SIHNet leak almost no secret information. Thus the method can prevent the listener of transmission channel from obtaining the information of the secret image through the residual image, which means SIHNet performs better in security than other state-of-the-art methods.

We propose a reversible secret image processing (SIP) module to make the secret images suitable for hiding and make the stego images leak less secret information. Besides, we use a reversible lost information hiding (LIH) module to hide the lost information into the cover images, thus our method can recover the secret images better than other methods. Experimental results show that SIHNet outperforms other state-of-the-art methods on the PSNR and SSIM values. image",wos,llm,0.990,unreviewed,
discarded,Multi-teacher Universal Distillation Based on Information Hiding for Defense Against Facial Manipulation,"Li, Xin; Ni, Rongrong; Zhao, Yao; Ni, Yu; Li, Haoliang",2024,INTERNATIONAL JOURNAL OF COMPUTER VISION,10.1007/s11263-024-02050-6,https://www.webofscience.com/wos/woscc/full-record/WOS:001243295100002,off-topic-false-hit,"The rapid development of AI-based facial manipulation techniques has made manipulated facial images highly deceptive. These techniques can be misused maliciously, which poses a severe threat to information security. Many effective detection methods have been developed to distinguish whether an image has been manipulated. However, malicious facial manipulation images or videos have been widely spread and had a harmful impact before detection. Thus protecting images from manipulation through proactive defense techniques has become the focus of current research. Currently, existing proactive defense methods disrupt the manipulation process through an adversarial attack on the facial manipulation network, which distorts or blurs parts of the manipulated facial image. Nevertheless, these methods are only slightly disruptive in defending against some facial manipulation methods, and the outputs are not only a stigmatized portrait but also that people still can not distinguish the real and fake. To overcome this issue, we propose a Multi-Teacher Universal Distillation based on information hiding for defense against facial manipulation. First, we propose a facial manipulation adversarial attacks network based on information hiding called IHA-Net. IHA-Net can hide the warning image in the protected image without affecting its visual quality and make the facial information disappear after manipulation to present the warning message. In this way, it prevents privacy leakage and stigmatization. Then to address the problem that the protected image cannot defend against multiple facial manipulations simultaneously, we propose the Multi-Teacher Universal Distillation framework. We use multiple trained teacher networks to co-direct the learning of the student network, allowing the student network to defend against multiple manipulation networks simultaneously. Specifically, we designed Multi-scale Discriminators for knowledge distillation at the feature map level to enable the student network to learn more rich knowledge from the teacher network. Furthermore, to balance the influence of multiple teacher networks on the student network during the training process, we designed a Dynamic Balancing Loss module that dynamically adjusts during the training process. Finally, extensive experiments on advanced facial manipulation systems demonstrate that the proposed method outperforms the state-of-the-art approaches.",wos,llm,0.980,unreviewed,
discarded,Dynamic iterative coarse-to-fine prompt learning based on SAM for precise esophageal cancer gross target volume segmentation,"Yao, Yuxuan; Sun, Hongfei; Chen, Chengwei; Liu, Tianci; Zhang, Wencheng; Wang, Qifeng; Liu, Yang; Zhao, Lina; Huang, Dong",2026,PHYSICS IN MEDICINE AND BIOLOGY,10.1088/1361-6560/ae9688,https://www.webofscience.com/wos/woscc/full-record/WOS:001851240100001,off-topic-false-hit,"Accurate segmentation of the gross tumor volume from computed tomography images is a core step in the development of precise radiotherapy planning for esophageal cancer, which directly affects treatment efficacy and normal tissue protection. Recently, foundation models represented by the segment anything model (SAM) have been increasingly applied in medical image segmentation, and several studies have extended them to tumor target segmentation with promising progress. However, existing SAM-based segmentation methods rely on manual prompts, leading to significant limitations in esophageal cancer. Manual localization of tumor prompt points is difficult, and inappropriate prompts easily cause segmentation errors, increasing the risk of damage to organs-at-risk during radiotherapy. To address this, this study proposes a segmentation method based on SAM that streamlines the inference process by using a coarse-to-fine prompt generation strategy. Inspired by the stepwise refinement of clinical target volume delineation, the core design lies in a coarse-to-fine prompt generation strategy. Specifically, coarse segmentation results generated by nnUNet are first converted into initial prompts to provide global anatomical priors for SAM. Furthermore, a dynamic iterative prompt update mechanism is introduced. During inference, the iterative correction prompts are derived solely from the model's own prediction uncertainty, forming a closed-loop refinement that gradually improves segmentation accuracy. Experimental results based on multi-center datasets show that this method, which iteratively updates prompts based on its own uncertainty, achieves better segmentation performance than existing single-pass methods on both internal and external validation sets. The framework is highly consistent with the logic of clinical target volume delineation and can provide a reliable efficient scheme for the formulation of precise radiotherapy plans for esophageal cancer.",wos,llm,0.970,unreviewed,
discarded,Urinary Iodine Quantification in Epidemiological Studies: Optimization in Sample Preparation of the Sandell-Kolthoff Method,"Rosenkranz, Daniel; Vennen, David; Kneuer, Antje; Brandhorst, Gunnar; Friedrich, Nele; Ittermann, Till; Volzke, Henry; Nauck, Matthias; Schlaud, Martin; Petersmann, Astrid",2026,ACS OMEGA,10.1021/acsomega.5c08848,https://www.webofscience.com/wos/woscc/full-record/WOS:001778640100001,off-topic-false-hit,"We present an optimized Sandell-Kolthoff (SK) spectrophotometric method for urinary iodine quantification, developed to enhance analytical accuracy, robustness, and suitability for high-throughput applications while minimizing reagent consumption. A stepwise refinement of an established protocol (Mod 1-4) was performed by adjusting reagent volumes, digestion temperature, and reaction conditions. The final optimized method (Mod 4) demonstrated excellent calibration linearity (r(2) = 0.99964) with a limit of quantification of 10.32 mu g/L. Recovery rates for quality controls and certified reference materials ranged from 90 to 105%, with total imprecision (CVtotal) < 3% and analytical bias < 5%. Method comparison with inductively coupled plasma mass spectrometry (ICP-MS) and the Robert Koch Institute (RKI) reference method using Passing-Bablok regression and Bland-Altman analysis confirmed high concordance. Stability testing indicated that iodine concentrations remained unchanged during short-term storage at 4 degrees C, whereas repeated freeze-thaw cycles caused an average 16% decrease in measured concentrations. Surface contact with urine dipsticks introduced substantial exogenous iodine contamination, resulting in measurement overestimations of up to 45-fold. The optimized SK method provides a validated, precise, and resource-efficient approach for large-scale urinary iodine monitoring, aligning with World Health Organization (WHO) recommendations and addressing key limitations of existing colorimetric protocols.",wos,llm,0.990,unreviewed,
discarded,Issues and principles for legitimate and meaningful One Health monitoring,"Colinas, Juliette; Boiteux, Manon; Aenishaenslin, Cecile",2026,INTERNATIONAL JOURNAL OF PUBLIC HEALTH,10.3389/ijph.2026.1609612,https://www.webofscience.com/wos/woscc/full-record/WOS:001780323400001,off-topic-false-hit,"Although the One Health (OH) approach has gained prominence in health governance, no widely accepted method exists to assess the overall state of health across these interconnected domains in geographically defined settings. Available data remain fragmented, and existing evaluation frameworks largely focus on OH implementation rather than its outcomes. Two composite indices-the One Health Index and the Global One Health Index-have attempted to operationalize OH measurement, but their high level of aggregation, limited transparency, and top-down design constrain interpretability and legitimacy. We outline conceptual, logistical, and political challenges associated with measuring and monitoring OH outcomes, examine existing indices to illustrate these limitations, and argue that progress in OH measurement relies less on developing a single universal index than on establishing shared methodological principles. We propose core principles grounded in transparency and contextual relevance and highlight the need for collaborative efforts to develop clearer methodological guidance for more legitimate and meaningful OH monitoring systems.",wos,llm,0.980,unreviewed,
discarded,CFANet: coarse-to-fine adaptive network for oriented object detection in remote sensing images,"Deng, Liwei; Dong, Ruguang; Zhou, Tian",2026,PHYSICA SCRIPTA,10.1088/1402-4896/ae54e9,https://www.webofscience.com/wos/woscc/full-record/WOS:001729873300001,off-topic-false-hit,"Remote sensing object detection seeks to identify and localize targets in images captured by satellites and unmanned aerial vehicles (UAVs). Despite remarkable progress brought by deep learning, the complexity of remote sensing scenes still poses challenges such as dense object distributions, the loss of small targets, and performance degradation from scale variation and sample imbalance. To overcome these issues, this paper proposes a coarse-to-fine adaptive network for oriented object detection. In the feature extraction stage, a ConvNeXt backbone is utilized to capture long-range dependencies and enhance the representation of complex textures and diverse objects. For feature fusion, a Cross-layer Feature Pyramid Transformer is introduced to address the limitations of traditional feature pyramids in exploiting shallow information, integrating shallow details with deep semantics through cross-layer interactions to strengthen multi-scale representation. To improve the discriminability of candidate regions and the accuracy of localization, particularly for densely distributed and variably oriented objects, a Progressive Feature Refinement Head is designed with a stepwise refinement strategy. Benefiting from this coarse-to-fine design, CFANet demonstrates strong and robust performance across multiple benchmarks, achieving 77.16% mAP on DOTA-v1.0, 68.8% AP on RSAR, 90.21% mAP on HRSC2016, 38.25% mAP on FAIR1M-v1.0, and 30.8% mAP on STAR, while maintaining a favorable balance between detection accuracy and computational efficiency.",wos,llm,0.980,unreviewed,
