status,title,authors,year,venue,doi,url,tags,abstract,provider,decision_source,llm_confidence,llm_review_outcome,llm_change_direction
discarded,Formal Specification and Verification of Autonomous Robotic Systems,Matt Luckcuck; Marie Farrell; Louise A. Dennis; Clare Dixon; Michael Fisher,2019,ACM Computing Surveys,10.1145/3342355,https://openalex.org/W2811472820,adjacent-subtopic,"Autonomous robotic systems are complex, hybrid, and often safety critical; this makes their formal specification and verification uniquely challenging. Though commonly used, testing and simulation alone are insufficient to ensure the correctness of, or provide sufficient evidence for the certification of, autonomous robotics. Formal methods for autonomous robotics have received some attention in the literature, but no resource provides a current overview. This article systematically surveys the state of the art in formal specification and verification for autonomous robotics. Specially, it identifies and categorizes the challenges posed by, the formalisms aimed at, and the formal approaches for the specification and verification of autonomous robotics.",openalex,llm,0.950,unreviewed,
discarded,Efficient Certified RAT Verification,Luı́s Cruz-Filipe; Marijn J. H. Heule; Warren A. Hunt; Matt Kaufmann; Peter Schneider–Kamp,2017,Lecture notes in computer science,10.1007/978-3-319-63046-5_14,https://openalex.org/W2564212270,off-topic-false-hit,"Clausal proofs have become a popular approach to validate the results of SAT solvers. However, validating clausal proofs in the most widely supported format (DRAT) is expensive even in highly optimized implementations. We present a new format, called LRAT, which extends the DRAT format with hints that facilitate a simple and fast validation algorithm. Checking validity of LRAT proofs can be implemented using trusted systems such as the languages supported by theorem provers. We demonstrate this by implementing two certified LRAT checkers, one in Coq and one in ACL2.",openalex,llm,0.960,unreviewed,
discarded,Toward verified artificial intelligence,Sanjit A. Seshia; Dorsa Sadigh; Shankar Sastry,2022,Communications of the ACM,10.1145/3503914,https://openalex.org/W4283212640,off-topic-false-hit,Making AI more trustworthy with a formal methods-based approach to AI system verification and validation.,openalex,llm,0.950,unreviewed,
discarded,Formal Verification of Functional Correctness for the OpenHarmony LiteOS-M Kernel,"Zhao, Tianqi; Cao, Qinxiang; Feng, Shenghua; Zhou, Minghui; Zhan, Naijun; Cao, Yongzhi; Zhao, Junfeng; Zhao, Haiyan; Wang, Hao; Hu, Zhenjiang",2026,"FORMAL METHODS, FM 2026, PT II",10.1007/978-3-032-26220-2_32,https://www.webofscience.com/wos/woscc/full-record/WOS:001795705300032,adjacent-subtopic,"OpenHarmony LiteOS-M, a preemptive operating system (OS) kernel for the Internet of Things (IoT), is widely deployed in safety-critical domains, such as aerospace and transportation. As a rigorous method to assure software safety, formal verification has been applied to OS kernels in industry. However, entirely verified kernels with large codebases are rare, since such verification is typically performed within interactive theorem provers, requiring substantial human effort. In this paper, we present the functional correctness verification of LiteOS-M. First, to improve verification efficiency, we design a formal verification platform, Smart Verifier. The platform employs an annotation-based verifier as the front end, while the back end integrates Z3 and Rocq, combining automatic and interactive theorem proving techniques. Second, we tailor two verification methods, expressing program refinement as standard Hoare logic triples and modeling concurrency through state transition systems, to utilize the platform for verifying LiteOS-M. Our verified LiteOS-M kernel consists of 17,000 lines of C. During the code review and verification, we find a total of 17 bugs, all confirmed and fixed by developers.",wos,llm,0.800,unreviewed,
discarded,A Family of Sims with Diverging Interests,"Chappe, Nicolas",2026,PROCEEDINGS OF THE ACM ON PROGRAMMING LANGUAGES-PACMPL,10.1145/3776714,https://www.webofscience.com/wos/woscc/full-record/WOS:001680264800020,adjacent-subtopic,"Simulations are widely-used notions of program refinement. This paper discusses and compares several of them, in particular notions of simulation that are both weak and sensitive to divergence. Complex simulation proofs performed in proof assistants, for instance in a verified compilation setting, often rely on variants of normed simulation, which is not complete with respect to divergence-sensitive weak simulation. We propose to bridge this gap with mu div-simulation, a novel notion of simulation that is equivalent to classical divergence-sensitive weak simulation, and designed to be as comfortable to use as modern characterizations of normed simulation. We then define a parameterized notion of simulation that covers strong simulation, weak simulation, mu div-simulation, and 9 more notions of simulation, and jointly establish various ""up-to"" reasoning techniques for these 12 notions. Our results are formalized in Rocq and instantiated on two case studies: Choice Trees and a CompCert pass. Verified compilation is a major motivation for our study, but because we work with an abstract LTS setting, our results are also relevant to other fields that make use of divergence-sensitive weak simulation, such as model checking.",wos,llm,0.840,unreviewed,
discarded,AlphaVerus: Bootstrapping Formally Verified Code Generation through Self-Improving Translation and Treefinement,"Aggarwal, Pranjal; Parno, Bryan; Welleck, Sean",2025,INTERNATIONAL CONFERENCE ON MACHINE LEARNING,,https://www.webofscience.com/wos/woscc/full-record/WOS:001669603900023,off-topic-false-hit,"Automated code generation with large language models has gained significant traction, but there remains no guarantee of the correctness of generated code. We aim to use formal verification to provide mathematical guarantees that the generated code is correct. However, generating formally verified code with LLMs is hindered by the scarcity of training data and the complexity of formal proofs. To tackle this challenge, we introduce AlphaVerus, a self-improving framework that bootstraps formally verified code generation by iteratively translating programs from a higher-resource language and leveraging feedback from a verifier. AlphaVerus operates in three phases: exploration of candidate translations, Treefinement-a novel tree search algorithm for program refinement using verifier feedback, and filtering misaligned specifications and programs to prevent reward hacking. Through this iterative process, AlphaVerus enables the LLaMA-3.1-70B model to generate verified code without human intervention or model fine-tuning. AlphaVerus shows an ability to generate formally verified solutions for HumanEval and MBPP, laying the groundwork for truly trustworthy code-generation agents.(1)",wos,llm,0.970,unreviewed,
discarded,VL-DynaRefine: A Vision-Language Dynamic Refinement Approach for Visual Reasoning,"Ma, Jing; Sun, Haochen; Zang, Zeyuan; Feng, Fangxiang; Yuan, Caixia; Ren, Lei; Jiang, Huixing; Chen, Wei; Wang, Xiaojie",2025,"PROCEEDINGS OF THE 33RD ACM INTERNATIONAL CONFERENCE ON MULTIMEDIA, MM 2025",10.1145/3746027.3755296,https://www.webofscience.com/wos/woscc/full-record/WOS:001656760500419,off-topic-false-hit,"Visual reasoning is a key capability that significantly impacts the performance of multimodal tasks, such as compositional visual question answering and visual grounding. These tasks often require complex, multi-step reasoning processes. In recent years, several training-free methods for Vision-Language Models (VLMs) have emerged, with visual programming methods being proposed to enhance the capability of VLMs in visual reasoning tasks. While these methods have made some progress, they still face two primary challenges due to the lack of verification and refinement mechanisms for each action's output during the reasoning process: error accumulation and feedback delay, as well as insufficient utilization of multimodal contextual information. To address these challenges, we propose VL-DynaRefine, a training-free approach consisting of three modules: a planner, a verifier, and a refiner. The planner generates programmatic actions to solve the problem and executes each action in sequence, which is inspected by a verifier that reassesses the actions via confidence scores and determines whether refinement is necessary based on the evaluation results. In the refiner module, we incorporate a context-aware local refinement mechanism and a global refinement mechanism based on visual and action trajectories to reduce the impact of reasoning errors on the outcome. We evaluate our approach on multiple visual reasoning",wos,llm,0.990,unreviewed,
kept,Encode the bs Relational Hoare Logic into Standard Hoare Logic,"Wu, Shushu; Wu, Xiwei; Cao, Qinxiang",2025,PROCEEDINGS OF THE ACM ON PROGRAMMING LANGUAGES-PACMPL,10.1145/3763138,https://www.webofscience.com/wos/woscc/full-record/WOS:001632931700001,adjacent-subtopic,"Verifying a real-world program's functional correctness can be decomposed into (1) a refinement proof showing that the program implements a more abstract high-level program and (2) an algorithm correctness proof at the high level. Relational Hoare logic serves as a powerful tool to establish refinement but often necessitates formalization beyond standard Hoare logic. Particularly in the nondeterministic setting, the bs relational Hoare logic is required. Existing approaches encode this logic into a Hoare logic with ghost states and invariants, yet these extensions significantly increase formalization complexity and soundness proof overhead. This paper proposes a generic encoding theory that reduces the bs relational Hoare logic to standard (unary) Hoare logic. Precisely, we propose to redefine the validity of relational Hoare triples while preserving the original proof rules and then encapsulate the bs pattern within assertions. We have proved that the validity of encoded standard Hoare triples is equivalent to the validity of the desired relational Hoare triples. Moreover, the encoding theory demonstrates how common relational Hoare logic proof rules are indeed special cases of standard Hoare logic proof rules, and relational proof steps correspond to standard proof steps. Our theory enables standard Hoare logic to prove bs relational properties by defining a predicate Exec, without requiring modifications to the logic framework or re-verification of soundness.",wos,llm,0.720,unreviewed,
discarded,Predicate abstraction for hyperliveness verification,"Beutner, Raven; Finkbeiner, Bernd",2025,FORMAL METHODS IN SYSTEM DESIGN,10.1007/s10703-025-00482-5,https://www.webofscience.com/wos/woscc/full-record/WOS:001530156200001,off-topic-false-hit,"Temporal hyperproperties are system properties that relate multiple execution traces. In finite-state systems, temporal hyperproperties are supported by model-checking algorithms, and tools for general temporal logics like HyperLTL exist. In infinite-state systems, the analysis of temporal hyperproperties has, so far, been limited to k-safety properties, i.e., properties that stipulate the absence of a bad interaction between any k traces. In this paper, we present an automated method for the verification of for all k there exists l\documentclass[12pt]{minimal} \usepackage{amsmath} \usepackage{wasysym} \usepackage{amsfonts} \usepackage{amssymb} \usepackage{amsbsy} \usepackage{mathrsfs} \usepackage{upgreek} \setlength{\oddsidemargin}{-69pt} \begin{document}$$\forall <^>k\exists <^>l$$\end{document}-safety properties in infinite-state systems. A for all k there exists l\documentclass[12pt]{minimal} \usepackage{amsmath} \usepackage{wasysym} \usepackage{amsfonts} \usepackage{amssymb} \usepackage{amsbsy} \usepackage{mathrsfs} \usepackage{upgreek} \setlength{\oddsidemargin}{-69pt} \begin{document}$$\forall <^>k\exists <^>l$$\end{document}-safety property stipulates that for any k traces, there exist l traces such that the resulting k+l\documentclass[12pt]{minimal} \usepackage{amsmath} \usepackage{wasysym} \usepackage{amsfonts} \usepackage{amssymb} \usepackage{amsbsy} \usepackage{mathrsfs} \usepackage{upgreek} \setlength{\oddsidemargin}{-69pt} \begin{document}$$k+l$$\end{document} traces do not interact badly. This combination of universal and existential quantification captures many properties beyond k-safety, including hyperliveness properties such as generalized non-interference or program refinement. Our verification method is based on a strategy-based instantiation of existential trace quantification combined with a program reduction, both in the context of a fixed predicate abstraction.",wos,llm,0.980,unreviewed,
kept,Program Construction by Refinements Preserving Correctness.,Gaetano Aurelio Lanzarone; Mario Ornaghi,1975,Comput. J.,10.1093/COMJNL/18.1.55,https://dblp.org/rec/journals/cj/LanzaroneO75,supports-claim; origin,,dblp,llm,0.980,unreviewed,
kept,Refinement Calculus: A Systematic Introduction,Ralph-Johan J. Back; F.B. Schneider; David Gries,1998,,,https://openalex.org/W1511826042,supports-claim,,openalex,llm,0.970,unreviewed,
kept,On the Refinement Calculus,Carroll Morgan; Trevor Vickers,1988,Unisa Institutional Repository (University of South Africa),10.1007/978-1-4471-3273-8,https://openalex.org/W1497695679,supports-claim,,openalex,llm,0.930,unreviewed,
kept,"Using Z: Specification, Refinement, and Proof",Jim Woodcock; Jim Davies,1996,Oxford University Research Archive (ORA) (University of Oxford),,https://openalex.org/W1588335385,adjacent-subtopic,"* Introduction. * Propositional Logic. * Predicate Logic. * Equality and Definite Description. * Sets. * Definitions. * Relations. * Functions. * Sequences. * Free Types. * Schemas Schema Operators. * Promotion, Preconditons. * Data Refinement. * Relaxing and Unwinding Data Refinement and Z. * Applications of Data Refinement. * The Refinement Calculus. * A File System. * A Telecommunications Protocol. * An Operating System Scheduler: A Bounded Buffer Module. * An Unordered Set Module. * A Save Area. * Solutions to Exercises. * Appendices. * Bibliography. * Index.",openalex,llm,0.840,unreviewed,
discarded,Correctness by construction: developing a commercial secure system,Anthony Hall; Roderick Chapman,2002,IEEE Software,10.1109/52.976937,https://openalex.org/W2116352900,adjacent-subtopic,"Praxis Critical Systems recently developed a secure certification authority for smart cards that had to satisfy performance and usability requirements while meeting stringent security constraints. The authors used a systematic process from requirements elicitation through formal specification, user interface prototyping, rigorous design, and coding to ensure these objectives' achievement. They show how a process that achieves normal commercial productivity can deliver a highly reliable system that meets all its throughput and usability goals.",openalex,llm,0.920,unreviewed,
kept,Correctness preserving program refinements: Proof theory and applications,Ralph‐Johan Back,1980,"Centrum Wiskunde & Informatica (CWI), the national research institute for mathematics and computer science in the Netherlands",,https://openalex.org/W1535757506,supports-claim,"as [1].I have been helped by several people, to whom I want to express my gratitude.",openalex,llm,0.950,unreviewed,
discarded,A Methodology For Correct-By-Construction Latency Insensitive Design,Luca P. Carloni; Kenneth L. McMillan; Alexander Saldanha; Er Saldanha; Alberto Sangiovanni‐Vincentelli,1999,,,https://openalex.org/W2100720925,off-topic-false-hit,"In Deep Sub-Micron (DSM) designs, performance will depend critically on the latency of long wires. We propose a new synthesis methodology for synchronous systems that makes the design functionally insensitive to the latency of long wires. Given a synchronous specification of a design, we generate a functionally equivalent synchronous implementation that can tolerate arbitrary communication latency between latches. By using latches we can break a long wire in short segments which can be traversed while meeting a single clock cycle constraint. The overall goal is to obtain a design that is robust with respect to delays of long wires, in a shorter time by reducing the multiple iterations between logical and physical design, and with performance that is optimized with respect to the speed of the single components of the design. In this paper we describe the details of the proposed methodology as well as report on the latency insensitive design of PDLX, an out-of-order microprocessor with speculative-execution.",openalex,llm,0.980,unreviewed,
discarded,A Methodology for Correct-by-Construction Latency Insensitive Design,Luca P. Carloni; Kenneth L. McMillan; Alexander Saldanha; Alberto Sangiovanni‐Vincentelli,2003,1999 IEEE/ACM International Conference on Computer-Aided Design. Digest of Technical Papers (Cat. No.99CH37051),10.1007/978-1-4615-0292-0_12,https://openalex.org/W4236329996,off-topic-false-hit,,openalex,llm,0.970,unreviewed,
kept,Correctness-preserving program transformations,Susan L. Gerhart,1975,,10.1145/512976.512983,https://openalex.org/W2036395016,adjacent-subtopic,"This paper extends the predicate calculus formalization of the partial correctness properties of programs (Ki, Go) to include the preservation of correctness under program transformations. The general notion of ""program transformations which preserve properties"" is fundamental to the theory of programming and programming languages. In the context of proofs of program correctness, transformations which preserve correctness can be used to improve less efficient, but easier to prove, programs. The basic argument in the use of correctness-preserving program transformations (hereafter CPTs) is:Assume that G is a program (with attached assertions) which has been proved correct with respect to some input-output relation Ain-Aout. Now suppose that S is some part of G, e.g. an expression, assertion, statement, etc., which is to be replaced by some other such part S' to produce the program G'. The goal is to prove that G' is also correct with respect to Ain-Aout and therefore the replacement preserves overall program correctness. Moreover, if the replacement has only a local effect, e.g. the body of a loop, then the proof of correctness-preservation should be restricted to that part of the program affected by the replacement.Section 2 reviews the current paradigm for proving program correctness. An example in section 3 illustrates CPTs in a sequence of improvements on a correct and simple, but inefficient, initial program. In section 4, the formalization of partial correctness properties of programs is recast as a semantic language definition using Knuth's semantic method (Kn1). This formalization is then used in section 5 to describe the mechanics of performing CPTs. In section 6, several questions about the formalization of sections 4 and 5 are discussed and a generalization is proposed. Finally, section 7 returns to a concrete example and suggests that the most effective use of CPTs is by identification of schematic forms. Related work is mentioned in section 8.",openalex,llm,0.770,unreviewed,
discarded,The B‐matrix must be rotated when correcting for subject motion in DTI data,Alexander Leemans; Derek K. Jones,2009,Magnetic Resonance in Medicine,10.1002/mrm.21890,https://openalex.org/W2168844688,off-topic-false-hit,"To estimate diffusion tensor MRI (DTI) measures, such as fractional anisotropy and fiber orientation, reliably, a large number of diffusion-encoded images is needed, preferably cardiac gated to reduce pulsation artifacts. However, the concomitant longer acquisition times increase the chances of subject motion adversely affecting the estimation of these measures. While correcting for motion artifacts improves the accuracy of DTI, an often overlooked step in realigning the images is to reorient the B-matrix so that orientational information is correctly preserved. To the best of our knowledge, most research groups and software packages currently omit this reorientation step. Given the recent explosion of DTI applications including, for example, neurosurgical planning (in which errors can have drastic consequences), it is important to investigate the impact of neglecting to perform the B-matrix reorientation. In this work, a systematic study to investigate the effect of neglecting to reorient the B-matrix on DTI data during motion correction is presented. The consequences for diffusion fiber tractography are also discussed.",openalex,llm,0.990,unreviewed,
