status,title,authors,year,venue,doi,url,tags,abstract,provider,decision_source,llm_confidence,llm_review_outcome,llm_change_direction
discarded,Extracting the Power of Dependent Types,"Sinkarovs, Artjoms; Cockx, Jesper",2021,"PROCEEDINGS OF THE 20TH ACM SIGPLAN INTERNATIONAL CONFERENCE ON GENERATIVE PROGRAMMING: CONCEPTS AND EXPERIENCES, GPCE 2021",10.1145/3486609.3487201,https://www.webofscience.com/wos/woscc/full-record/WOS:001350939200008,adjacent-subtopic,"Most existing programming languages provide little support to formally state and prove properties about programs. Adding such capabilities is far from trivial, as it requires significant re-engineering of the existing compilers and tools. This paper proposes a novel technique to write correct-by-construction programs in languages without built-in verification capabilities, while maintaining the ability to use existing tools. This is achieved in three steps. Firstly, we give a shallow embedding of the language (or a subset) into a dependently typed language. Secondly, we write a program in that embedding, and we use dependent types to guarantee correctness properties of interest within the embedding. Thirdly, we extract a program written in the original language, so it can be used with existing compilers and tools.

Our main insight is that it is possible to express all three steps in a single language that supports both dependent types and reflection. Essentially, this allows us to express a program, its formal properties, and a compiler for it hand-in-hand, offering a lot of flexibility to programmers. We demonstrate this three-step approach by embedding a subset of the PostScript language in Agda, and illustrating it with several short examples. Thus we use the power of reflection to bring the benefits of dependent types to languages that had to go without them so far.",wos,llm,0.780,unreviewed,
discarded,Formally Verified Safety Net for Waypoint Navigation Neural Network Controllers,"Kopylov, Alexei; Mitsch, Stefan; Nogin, Aleksey; Warren, Michael",2021,"FORMAL METHODS, FM 2021",10.1007/978-3-030-90870-6_7,https://www.webofscience.com/wos/woscc/full-record/WOS:000758218600007,adjacent-subtopic,"This paper describes a formal model of a ""location, heading and speed"" waypoint navigation task for an autonomous ground vehicle-that is, a task of navigating the vehicle towards a particular location so that it has the desired heading and speed when in that location. Our novel way of modeling this task makes formal reasoning over controller correctness tractable. We state our model in differential dynamic logic (dL), which we then use to establish a formal definition of waypoint feasibility and formally verify its validity in the KeYmaeraX interactive theorem prover. The formal machine-checked proof witnesses that for any waypoint we consider feasible, the vehicle can indeed be controlled to reach it within the prescribed error bound. We also describe how we use these formal definitions and theorem statements to inform training of neural network controllers for performing this waypoint navigation task. Note that in our approach we do not need to rely on the neural network controller always being perfect-instead, the formal model allows a synthesis of a correct-by-construction safety net for the controller that checks whether the neural network output is safe to act upon and present a safe alternative if it is not.",wos,llm,0.700,unreviewed,
discarded,Online Shielding for Stochastic Systems,"Koenighofer, Bettina; Rudolf, Julian; Palmisano, Alexander; Tappler, Martin; Bloem, Roderick",2021,NASA FORMAL METHODS (NFM 2021),10.1007/978-3-030-76384-8_15,https://www.webofscience.com/wos/woscc/full-record/WOS:000890082700015,adjacent-subtopic,"We propose a method to develop trustworthy reinforcement learning systems. To ensure safety especially during exploration, we automatically synthesize a correct-by-construction runtime enforcer, called a shield, that blocks all actions of the agent that are unsafe with respect to a temporal logic specification. Our main contribution is a new synthesis algorithm for computing the shield online. Existing offline shielding approaches compute exhaustively the safety of all states-action combinations ahead-of-time, resulting in huge computation times, large memory consumption, and significant delays at runtime due to the look-ups in huge databases. The intuition behind online shielding is to compute at runtime the set of all states that could be reached in the near future. For each of these states, the safety of all available actions is analysed and used for shielding as soon as one of the considered states is reached. Our proposed method is general and can be applied to a wide range of planning problems with stochastic behaviour. For our evaluation, we selected a 2-player version of the classical computer game Snake. The game requires fast decisions and the multiplayer setting induces a large state space, computationally expensive to analyze exhaustively. The safety objective of collision avoidance is easily transferable to a variety of planning tasks.",wos,llm,0.770,unreviewed,
discarded,Algebra-Based Synthesis of Loops and Their Invariants,"Humenberger, Andreas; Kovacs, Laura",2021,"VERIFICATION, MODEL CHECKING, AND ABSTRACT INTERPRETATION, VMCAI 2021",10.1007/978-3-030-67067-2_2,https://www.webofscience.com/wos/woscc/full-record/WOS:001059207200002,adjacent-subtopic,"Provably correct software is one of the key challenges in our software-driven society. While formal verification establishes the correctness of a given program, the result of program synthesis is a program which is correct by construction. In this paper we overview some of our results for both of these scenarios when analysing programs with loops. The class of loops we consider can be modelled by a system of linear recurrence equations with constant coefficients, called C-finite recurrences. We first describe an algorithmic approach for synthesising all polynomial equality invariants of such non-deterministic numeric single-path loops. By reverse engineering invariant synthesis, we then describe an automated method for synthesising program loops satisfying a given set of polynomial loop invariants. Our results have applications towards proving partial correctness of programs, compiler optimisation and generating number sequences from algebraic relations.",wos,llm,0.790,unreviewed,
discarded,Formal Synthesis of Warehouse Robotic Systems with Temporal Logic Specifications,"Yang, Yuanjiang; Zhao, Jiawei; Yin, Xiang; Li, Shaoyuan",2019,"PROCEEDINGS OF THE IEEE 2019 9TH INTERNATIONAL CONFERENCE ON CYBERNETICS AND INTELLIGENT SYSTEMS (CIS) ROBOTICS, AUTOMATION AND MECHATRONICS (RAM) (CIS & RAM 2019)",10.1109/cis-ram47153.2019.9095786,https://www.webofscience.com/wos/woscc/full-record/WOS:000587894400076,adjacent-subtopic,"In this paper, we investigate the design of multi robot warehouse automation systems with complex high-level tasks. We consider a warehouse environment where a group of AGVs move in a grid-partitioned workspace to deliver goods upon requests automatically. The design objective is to synthesize a high-level controller/planner that coordinates the multi-robot system to fulfill the entire task. We use linear temporal logic (LTL) formulas to describe the desired task specifications. Then the controller is generated automatically based on the LTL formula using the theory of reactive synthesis. Compared with most of the existing planning algorithms for warehouse systems, the proposed method is formal in the sense that: (i) the controller is correct-by-construction with provably satislication guarantees; (ii) it can handle complex temporal tasks in a user-friendly manner; (iii) our framework can also handle the situation of multiple robots with multiple requests. Finally, we implement the proposed synthesis procedure and illustrate our results for multi-robot systems by simulations.",wos,llm,0.770,unreviewed,
kept,EasyModel: A Refinement-Based Modeling and Verification Approach for Self-Adaptive Software,"Han, De-Shuai; Yang, Qi-Liang; Xing, Jian-Chun; Ma, Guang-Lian",2020,JOURNAL OF COMPUTER SCIENCE AND TECHNOLOGY,10.1007/s11390-020-0499-x,https://www.webofscience.com/wos/woscc/full-record/WOS:000586146300004,supports-claim,"Self-adaptive software (SAS) is gaining popularity as it can reconfigure itself in response to the dynamic changes in the operational context or itself. However, early modeling and formal analysis of SAS systems becomes increasingly difficult, as the system scale and complexity is rapidly increasing. To tackle the modeling difficulty of SAS systems, we present a refinement-based modeling and verification approach called EasyModel. EasyModel integrates the intuitive Unified Modeling Language (UML) model with the stepwise refinement Event-B model. Concretely, EasyModel: 1) creates a UML profile called AdaptML that provides an explicit description of SAS characteristics, 2) proposes a refinement modeling mechanism for SAS systems that can deal with system modeling complexity, 3) offers a model transformation approach and bridges the gap between the design model and the formal model of SAS systems, and 4) provides an efficient way to verify and guarantee the correct behaviour of SAS systems. To validate EasyModel, we present an example application and a subject-based experiment. The results demonstrate that EasyModel can effectively reduce the modeling and formal verification difficulty of SAS systems, and can incorporate the intuitive merit of UML and the correct-by-construction merit of Event-B.",wos,llm,0.940,unreviewed,
kept,Verification by Construction of Distributed Algorithms,"Mery, Dominique",2019,THEORETICAL ASPECTS OF COMPUTING - ICTAC 2019,10.1007/978-3-030-32505-3_2,https://www.webofscience.com/wos/woscc/full-record/WOS:000582443200002,supports-claim,"The verification of distributed algorithms is a challenge for formal techniques supported by tools, as model checkers and proof assistants. The difficulties, even for powerful tools, lie in the derivation of proofs of required properties, such as safety and eventuality, for distributed algorithms. Verification by construction can be achieved by using a formal framework in which models are constructed at different levels of abstraction; each level of abstraction is refined by the one below, and this refinement relationships is documented by an abstraction relation namely a gluing invariant. The highest levels of abstraction are used to express the required behavior in terms of the problem domain and the lowest level of abstraction corresponds to an implementation from which an efficient implementation can be derived automatically. In this paper, we describe a methodology based on the general concept of refinement and used for developing distributed algorithms satisfying a given list of safety and liveness properties. The modelling methodology is defined in the Event-B modelling language using the IDE Rodin.",wos,llm,0.840,unreviewed,
kept,Event-B formalization of a variability-aware component model patterns framework,"Bodeveix, Jean-Paul; Dieumegard, Arnaud; Filali, Mamoun",2020,SCIENCE OF COMPUTER PROGRAMMING,10.1016/j.scico.2020.102511,https://www.webofscience.com/wos/woscc/full-record/WOS:000577344100001,adjacent-subtopic,"In the domain of model-driven engineering, patterns have emerged as a ubiquitous structuring mechanism. Patterns are used for instance at the requirement analysis level, during system design, and during the deployment and code generation phases.

We focus on formalizing the operational semantics of pattern application on component-based system designs. More precisely, our ultimate goal is to provide a semantic framework to support the use of patterns for the production of correct-by-construction architectures, i.e., the structural (static) correctness of the architectures obtained through the formal application of patterns. To that end, we propose an Event-B framework for patterns specification, instantiation and application. This model is built incrementally through horizontal refinements which introduce components, ports, and connectors. Patterns with variability are defined, instantiated and can be applied to user models. We show that these operations preserve the structural properties of hierarchical component models. (C) 2020 Elsevier B.V. All rights reserved.",wos,llm,0.780,unreviewed,
kept,Automated Program Refinement: Guide and Verify Code Large Language Model with Refinement Calculus.,Yufan Cai 0001; Zhe Hou; David Sanán; Xiaokun Luan; Yun Lin 0001; Jun Sun 0001; Jin Song Dong 0001,2025,Proc. ACM Program. Lang.,10.1145/3704905,https://dblp.org/rec/journals/pacmpl/CaiHSLLSD25,supports-claim,,dblp,llm,0.960,unreviewed,
kept,Taking Our Own Medicine: Applying the Refinement Calculus to State-Rich Refinement Model Checking.,Leo Freitas; Ana Cavalcanti 0001; Jim Woodcock 0001,2006,ICFEM,10.1007/11901433_38,https://dblp.org/rec/conf/icfem/FreitasCW06,supports-claim,,dblp,llm,0.760,unreviewed,
kept,Contextual and data refinement for the refinement calculus for logic programs,Robert Colvin,2002,,,https://dblp.org/rec/phd/au/Colvin02,supports-claim,,dblp,llm,0.930,unreviewed,
kept,The Least Conjunctive Refinement and Promotion in the Refinement Calculus.,Brendan P. Mahony,1999,Formal Aspects Comput.,10.1007/S001650050037,https://dblp.org/rec/journals/fac/Mahony99,supports-claim,,dblp,llm,0.930,unreviewed,
kept,Metavariables and Conditional Refinements in the Refinement Calculus.,Raymond G. Nickson; Lindsay J. Groves,1994,Refine,10.1007/978-1-4471-3240-0_9,https://dblp.org/rec/conf/refine/NicksonG94,supports-claim,,dblp,llm,0.920,unreviewed,
discarded,A Deductive Refinement Calculus for Differential-Algebraic Programs.,Jonathan Hellwig; Long Qian; André Platzer,2026,IJCAR,10.1007/978-3-032-32592-1_16,https://dblp.org/rec/conf/ijcar/HellwigQP26,adjacent-subtopic,,dblp,llm,0.740,unreviewed,
discarded,Local time-stepping for discrete exterior calculus on spacetime mesh with refinements.,Joona Räty; Sanna Mönkölä,2025,J. Comput. Phys.,10.1016/J.JCP.2025.113839,https://dblp.org/rec/journals/jcphy/RatyM25,off-topic-false-hit,,dblp,llm,0.990,unreviewed,
discarded,pyeb: A Python Implementation of Event-B Refinement Calculus.,Néstor Cataño,2025,CoRR,10.48550/ARXIV.2505.13454,https://dblp.org/rec/journals/corr/abs-2505-13454,adjacent-subtopic,,dblp,llm,0.810,unreviewed,
discarded,Correct Pattern-Based Development Through Refinements and Weakest Preconditions Calculus.,Elie Fares; Jean-Paul Bodeveix; Mamoun Filali,2024,FACS,10.1007/978-3-031-71261-6_4,https://dblp.org/rec/conf/facs2/FaresBF24,adjacent-subtopic,,dblp,llm,0.800,unreviewed,
discarded,Formal Foundations for Efficient Simulation of MOM Systems: The Refinement Calculus for Object-Oriented Event-Graphs.,Sini Chen; Huibiao Zhu; Ran Li; Lili Xiao; Jiapeng Wang 0004; Ning Ge 0002; Xinbin Cao,2024,ICTAC,10.1007/978-3-031-77019-7_17,https://dblp.org/rec/conf/ictac/ChenZLXWGC24,adjacent-subtopic,,dblp,llm,0.770,unreviewed,
discarded,On the Succinctness of Modal μ-Calculus Based on Covariant-Contravariant Refinement.,Huili Xing,2023,Int. J. Softw. Eng. Knowl. Eng.,10.1142/S0218194023500067,https://dblp.org/rec/journals/ijseke/Xing23,off-topic-false-hit,,dblp,llm,0.960,unreviewed,
kept,Refinement calculus of quantum programs with projective assertions.,Yuan Feng 0001; Li Zhou 0013; Yingte Xu,2023,CoRR,10.48550/ARXIV.2311.14215,https://dblp.org/rec/journals/corr/abs-2311-14215,supports-claim,,dblp,llm,0.910,unreviewed,
kept,The refinement calculus of reactive systems.,Viorel Preoteasa; Iulia Dragomir; Stavros Tripakis,2022,Inf. Comput.,10.1016/J.IC.2021.104819,https://dblp.org/rec/journals/iandc/PreoteasaDT22,supports-claim,,dblp,llm,0.890,unreviewed,
kept,The Refinement Calculus of Reactive Systems.,Viorel Preoteasa; Iulia Dragomir; Stavros Tripakis,2017,CoRR,,https://dblp.org/rec/journals/corr/abs-1710-03979,supports-claim,,dblp,llm,0.780,unreviewed,
discarded,CaRE: a refinement calculus for requirements engineering based on argumentation theory.,Yehia Elrakaiby; Alexander Borgida; Alessio Ferrari 0001; John Mylopoulos,2022,Softw. Syst. Model.,10.1007/S10270-021-00943-5,https://dblp.org/rec/journals/sosym/ElrakaibyBFM22,adjacent-subtopic,,dblp,llm,0.840,unreviewed,
discarded,Covariant-Contravariant Refinement Modal μ-calculus.,Huili Xing,2022,CoRR,10.48550/ARXIV.2208.02989,https://dblp.org/rec/journals/corr/abs-2208-02989,off-topic-false-hit,,dblp,llm,0.950,unreviewed,
kept,The Refinement Calculus of Reactive Systems Toolset.,Iulia Dragomir; Viorel Preoteasa; Stavros Tripakis,2020,Int. J. Softw. Tools Technol. Transf.,10.1007/S10009-020-00561-4,https://dblp.org/rec/journals/sttt/DragomirPT20,supports-claim,,dblp,llm,0.860,unreviewed,
kept,The Refinement Calculus of Reactive Systems Toolset.,Iulia Dragomir; Viorel Preoteasa; Stavros Tripakis,2018,TACAS,10.1007/978-3-319-89963-3_12,https://dblp.org/rec/conf/tacas/DragomirPT18,supports-claim,,dblp,llm,0.840,unreviewed,
kept,The Refinement Calculus of Reactive Systems Toolset.,Iulia Dragomir; Viorel Preoteasa; Stavros Tripakis,2017,CoRR,,https://dblp.org/rec/journals/corr/abs-1710-08195,supports-claim,,dblp,llm,0.740,unreviewed,
discarded,A Refinement Calculus for Requirements Engineering Based on Argumentation Theory.,Yehia ElRakaiby; Alexander Borgida; Alessio Ferrari 0001; John Mylopoulos,2020,ER,10.1007/978-3-030-62522-1_1,https://dblp.org/rec/conf/er/ElrakaibyB0M20,adjacent-subtopic,,dblp,llm,0.830,unreviewed,
discarded,CaRE: A Refinement Calculus for Requirements Engineering based on Argumentation Theory (Proofs and Tool).,Yehia ElRakaiby; Alexander Borgida; Alessio Ferrari 0001; John Mylopoulos,2020,Zenodo,10.5281/ZENODO.4156216,https://dblp.org/rec/data/10/ElRakaibyBFM20,adjacent-subtopic,,dblp,llm,0.800,unreviewed,
discarded,A Refinement Calculus for Requirements Engineering based on Argumentation Theory: Tool and Additional Material.,Yehia ElRakaiby; Alexander Borgida; Alessio Ferrari 0001; John Mylopoulos,2020,Zenodo,10.5281/ZENODO.3958960,https://dblp.org/rec/data/10/ElrakaibyBFM20,adjacent-subtopic,,dblp,llm,0.800,unreviewed,
discarded,A Refinement Calculus for Requirements Engineering based on Argumentation Theory: Tool and Additional Material.,Yehia ElRakaiby; Alexander Borgida; Alessio Ferrari 0001; John Mylopoulos,2020,Zenodo,10.5281/ZENODO.3856402,https://dblp.org/rec/data/10/ElrakaibyBFM20a,adjacent-subtopic,,dblp,llm,0.800,unreviewed,
discarded,A Refinement Calculus for Requirements Engineering based on Argumentation Theory: Tool and Additional Material.,Yehia ElRakaiby; Alexander Borgida; Alessio Ferrari 0001; John Mylopoulos,2020,,10.5281/ZENODO.3856401,https://dblp.org/rec/data/10/ElrakaibyBFM20b,adjacent-subtopic,,dblp,llm,0.780,unreviewed,
discarded,Modelling Programmable Logic Controllers in Refinement Calculus of Reactive Systems.,Viorel Preoteasa; Timo Latvala; Kimmo Varpaaniemi,2019,CS&amp;P,,https://dblp.org/rec/conf/csp/PreoteasaLV19,adjacent-subtopic,,dblp,llm,0.770,unreviewed,
kept,Embedding the refinement calculus in Coq.,João Alpuim; Wouter Swierstra,2018,Sci. Comput. Program.,10.1016/J.SCICO.2017.04.003,https://dblp.org/rec/journals/scp/AlpuimS18,supports-claim,,dblp,llm,0.930,unreviewed,
kept,Mechanising an algebraic rely-guarantee refinement calculus.,Diego Machado Dias,2017,,,https://dblp.org/rec/phd/ethos/Dias17a,supports-claim,,dblp,llm,0.870,unreviewed,
discarded,Desiree - a Refinement Calculus for Requirements Engineering.,Feng-Lin Li; John Mylopoulos,2016,CoRR,,https://dblp.org/rec/journals/corr/LiM16,adjacent-subtopic,,dblp,llm,0.790,unreviewed,
discarded,The refinement check of added dynamic diagrams based on pi-calculus.,Xiang Zhou; Zhiqing Shao,2016,Int. Arab J. Inf. Technol.,,https://dblp.org/rec/journals/iajit/ZhouS16,off-topic-false-hit,,dblp,llm,0.880,unreviewed,
kept,From Proposition to Program - Embedding the Refinement Calculus in Coq.,Wouter Swierstra; João Alpuim,2016,FLOPS,10.1007/978-3-319-29604-3_3,https://dblp.org/rec/conf/flops/SwierstraA16,supports-claim,,dblp,llm,0.900,unreviewed,
discarded,Desiree: a Refinement Calculus for Requirements Problems.,Feng-Lin Li; Alexander Borgida; Giancarlo Guizzardi; Jennifer Horkoff; Lin Liu 0001; John Mylopoulos,2016,CoRR,,https://dblp.org/rec/journals/corr/LiBGH0M16,adjacent-subtopic,,dblp,llm,0.790,unreviewed,
kept,Formalization of Refinement Calculus for Reactive Systems.,Viorel Preoteasa,2014,Arch. Formal Proofs,,https://dblp.org/rec/journals/afp/Preoteasa14,supports-claim,,dblp,llm,0.850,unreviewed,
kept,Refinement Calculus of Reactive Systems.,Viorel Preoteasa; Stavros Tripakis,2014,CoRR,,https://dblp.org/rec/journals/corr/PreoteasaT14,supports-claim,,dblp,llm,0.930,unreviewed,
discarded,Structural Refinement for the Modal nu-Calculus.,Uli Fahrenberg; Axel Legay; Louis-Marie Traonouez,2014,ICTAC,10.1007/978-3-319-10882-7_11,https://dblp.org/rec/conf/ictac/FahrenbergLT14,off-topic-false-hit,,dblp,llm,0.940,unreviewed,
discarded,Structural Refinement for the Modal nu-Calculus.,Uli Fahrenberg; Axel Legay; Louis-Marie Traonouez,2014,CoRR,,https://dblp.org/rec/journals/corr/FahrenbergLT14,off-topic-false-hit,,dblp,llm,0.920,unreviewed,
