status,title,authors,year,venue,doi,url,tags,abstract,provider,decision_source,llm_confidence,llm_review_outcome,llm_change_direction
kept,Towards an object-oriented refinement calculus,Jamie Barry Nathan. Shield,2004,The University of Queensland,10.14264/106784,https://openalex.org/W2166252172,qualifies-claim,"This thesis is a step towards a programming method which supports a calculational style and is useful for the production of large software systems. Object orientation is a popular programming paradigm for the development of large-scale systems. It is based on the idea that software should be a set of communicating entities, of which many entities are models of real objects. The refinement calculus is a notation and set of rules that supports a calculational approach to the formal development of software. It is envisaged that when the object-oriented paradigm and refinement calculus are fused, the resulting method would provide a development path for large-scale, provably correct software. Several attempts have been made to construct an object-oriented refinement calculus. This thesis discusses several of these and summarises the remainder. The approaches include the modular
 reasoning work of Utting and Robinson |UR92|, the type theoretic approaches of Mikhajlova and Sekerinski [MS97] and the higher-order approach of Cavalcanti and Naumann |CN99]. The thesis utilises a typed object calculus as the infrastructure of an alternative approach to the development of an object-oriented refinement calculus. Object calculi are a notation and set of rules that are used to model the concepts of object orientation. They have been used as the basis of several object-oriented languages. Both a semantics of object values and a semantics of references for an object-oriented refinement calculus are presented within the thesis. Additionally, both object-based and class-based object-oriented refinement calculi are supported. The development of programs that contain references can be tedious. A novel development method, termed coalescing, is introduced to allow unnecessary aliasing to be temporarily
 removed. Another novel technique is introduced to allow the development of reference semantics programs using a simpler value semantics. Examples are presented which illustrate the capabilities of program development using an object-oriented refinement calculus. One example presents the application of the iterative, incremental development process of the object-oriented paradigm within the refinement calculus.",openalex,llm,0.970,unreviewed,
kept,A refinement calculus for communicating processes with state,Luming Lai; J. W. Sanders,1997,,,https://openalex.org/W1661923083,supports-claim,,openalex,llm,0.840,unreviewed,
discarded,Compiling Haskell by program transformation: A report from the trenches,Simon Jones,1996,Lecture notes in computer science,10.1007/3-540-61055-3_27,https://openalex.org/W1552909716,adjacent-subtopic,,openalex,llm,0.820,unreviewed,
discarded,Correct‐by‐construction specification to verified code,Ning Ge; Arnaud Dieumegard; Éric Jenn; Laurent Voisin,2018,Journal of Software Evolution and Process,10.1002/smr.1959,https://openalex.org/W2810406897,adjacent-subtopic,"Abstract Event‐B is a formal notation and method for the systems development. The key feature of this method is to produce correct‐by‐construction system designs. Once the correct design is established, the remaining work is to generate or implement correct code from the design. Two main problems remain in the process from the correct‐by‐construction design to the correct software. First, the Event‐B design is “quasi‐correct” due to some technical limitations. For instance, it is still difficult to prove the liveness properties by the Rodin platform; it is not possible to construct the Event‐B design with floating‐point arithmetic, and sometimes, the Event‐B model is incomplete and must rely on the third‐party libraries. Therefore, a method is needed to complement these modeling and proof gaps. Secondly, proving the correctness of an automatic code generator is very difficult; therefore, a method is needed to guarantee the correctness of the produced code without proving the code generator. In this article, we address the above 2 problems by introducing an intermediate formal language called High‐Level Language (HLL) between the Event‐B models and the C code. The Event‐B model is translated to HLL with an additional schedule configuration, where Event‐B invariants and system invariants (here, deadlock‐freeness and liveness properties) are proved using a SAT‐based model checker called S3. This proof guarantees the correctness of the HLL model with respect to the Event‐B model. The C code is then automatically generated from the HLL model for most functions and is manually implemented for the third‐party ones according to the function contracts defined in Event‐B. The correctness of the generated C code is guaranteed using the equivalence proof, and the correctness of the implemented C code is guaranteed using the conformance proof. Through the article, we use a traffic light controller to illustrate the proposed method; then, we apply the method to an automatic protection function of a 3‐wheeled robot to evaluate its feasibility.",openalex,llm,0.910,unreviewed,
discarded,Correct-by-construction synthesis of model transformations using transformation patterns,Kevin Lano; Shekoufeh Kolahdouz-Rahimi; I. Poernomo; Jeffrey Terrell; Steffen Zschaler,2012,Software & Systems Modeling,10.1007/s10270-012-0291-7,https://openalex.org/W2113339961,adjacent-subtopic,"Model transformations are an essential part of model-based development approaches, such as Model-driven Architecture (MDA) and Model-driven Development (MDD). Model transformations are used to refine and abstract models, to re-express models in a new modelling language, and to analyse, refactor, compare and improve models. Therefore, the correctness of model transformations is critically important for successful application of model-based development: software developers should be able to rely upon the correct processing of their models by transformations in the same way that they rely upon compilers to produce correct executable versions of their programs. In this paper, we address this problem by defining standard structures for model transformation specifications and implementations, which serve as patterns and strategies for constructing a wide range of model transformations. These are incorporated into a tool-supported process which automatically synthesises implementations of model transformations from their specifications, these implementations are correct-by-construction with respect to their specifications.",openalex,llm,0.960,unreviewed,
discarded,Correct-by-construction generation of device drivers based on RTL testbenches,Nicola Bombieri; Franco Fummi; Graziano Pravadelli; Sara Vinco,2009,PORTO Publications Open Repository TOrino (Politecnico di Torino),10.5555/1874620.1874979,https://openalex.org/W2126782151,adjacent-subtopic,"The generation of device drivers is a very time consuming and error prone activity. All the strategies proposed up to now to simplify this operation require a manual, even formal, specification of the device driver functionalities. In the system-level design, IP functionalities are tested by using testbenches, implemented to contain the communication protocols to correctly interact with the device. The aim of this paper is to present a methodology to automatically generate device drivers from the testbench of any RTL IP. The only manual step required is to tag the states corresponding to the different device functionalities. The Extended Finite State Machines (EFSMs) are then used to create a correct-by-construction two-level device driver: the lower level deals with architectural choices, while the higher one is derived from the EFSMs and it implements the communication protocols. The effectiveness of this methodology has been proved by applying it to a platform provided by STMicroelectronics.",openalex,llm,0.980,unreviewed,
discarded,Automatic device driver synthesis with termite,Leonid Ryzhyk; Peter Chubb; Ihor Kuz; Etienne Le Sueur; Gernot Heiser,2009,,10.1145/1629575.1629583,https://openalex.org/W2037777200,adjacent-subtopic,"Faulty device drivers cause significant damage through down time and data loss. The problem can be mitigated by an improved driver development process that guarantees correctness by construction. We achieve this by synthesising drivers automatically from formal specifications of device interfaces, thus reducing the impact of human error on driver reliability and potentially cutting down on development costs.",openalex,llm,0.960,unreviewed,
kept,The event-B Modelling Method: Concepts and Case Studies,Dominique Cansell; Dominique Méry,2007,Monographs in theoretical computer science,10.1007/978-3-540-74107-7_3,https://openalex.org/W2218889307,adjacent-subtopic,,openalex,llm,0.770,unreviewed,
discarded,Correctness by Construction: Towards Verification in Hierarchical System Development,Mila Majster-Cederbaum; Frank Salger,2000,Lecture notes in computer science,10.1007/10722468_10,https://openalex.org/W57132286,adjacent-subtopic,,openalex,llm,0.730,unreviewed,
kept,Program Refinement by Theorem Prover,Joakim Wright,1994,Workshops in computing,10.1007/978-1-4471-3240-0_7,https://openalex.org/W4243282648,supports-claim,,openalex,llm,0.900,unreviewed,
discarded,Correct-By-Construction Methods for the Development of Safety-Critical Applications,Bernard Dion,2004,SAE technical papers on CD-ROM/SAE technical paper series,10.4271/2004-01-1735,https://openalex.org/W1588819677,adjacent-subtopic,"In this paper, we will describe how synchronous methods form the scientific basis for the creation of a correct-by-construction methodology required for safety-critical embedded systems. We will show how they are applied to software design, validation, and implementation through a process of high-level rigorous specifications from which we can create correct-by-construction embeddable implementation. The synchronous methods. we know today have more than 20 years of scientific research plus ten years of successful industrial application. This paper will explore the basic conceptual model of embedded computation supported by three underlying prerequisites: high-level rigorous graphical and textual languages, compiling algorithms for correct-by-construction implementation, and formal testing and verification techniques. Lastly, we will show how a specialized specification to C compiler automated methodology can create embeddable C code that is automatically correct and certifiable to avionics guidelines DO-178B Level A and that makes low-level testing of generated C code unnecessary. Functional testing can be done at graphical specification level and the generated embeddable C code is automatically correct and certifiable.",openalex,llm,0.930,unreviewed,
discarded,Translating concurrent programs into delay-insensitive circuits,Erik Brunvand; Robert F. Sproull,2003,,10.1109/iccad.1989.76949,https://openalex.org/W2099103090,adjacent-subtopic,"A method is presented for automatically translating a concurrent program into an asynchronous circuit. The translation procedure involves a simple syntax-directed translation from program constructs into initial asynchronous circuits. The resulting circuits are improved with correctness-preserving circuit-to-circuit transformations similar to peephole optimization in conventional compilers. Because these steps can be proved to be correct, the programmer is guaranteed that any specification met by the program will also be met by the circuit. A system has been constructed to perform the translation automatically. A brief description of the method is given, followed by two examples of programs translated into circuits.>",openalex,llm,0.950,unreviewed,
discarded,Generating Correct-by-Construction Distributed Implementations from Formal Maude Designs,Si Liu; Atul Sandur; José Meseguer; Peter Csaba Ölveczky; Qi Wang,2020,Lecture notes in computer science,10.1007/978-3-030-55754-6_2,https://openalex.org/W2997874361,adjacent-subtopic,"Developing a reliable distributed system meeting desired performance requirements is a hard and labor-intensive task. Formal specification and analysis of a system design can yield correct designs as well as reliable performance predictions. In this paper we present a correct-by-construction automatic transformation mapping such a verified formal specification of a system design in Maude to a distributed implementation satisfying the same safety and liveness properties. Two case studies applying this transformation to state-of-the-art distributed transaction systems show that high-quality implementations with acceptable performance and meeting performance predictions can be automatically generated. In this way, formal models of distributed systems analyzed within the same formal framework for both logical and performance properties are automatically transformed into correct-by-construction implementations for which similar performance trends can be shown.",openalex,llm,0.960,unreviewed,
kept,Functionality decomposition by compositional correctness preserving transformation,Ed Brinksma; Rom Langerak; Peter J. Broekroelofs,1993,Lecture notes in computer science,10.1007/3-540-56922-7_31,https://openalex.org/W1552228582,adjacent-subtopic,,openalex,llm,0.750,unreviewed,
kept,Functionality decomposition by compositional correctness preserving transformation,Ed Brinksma; Rom Langerak; Peter J. Broekroelofs,1993,University of Twente Research Information,,https://openalex.org/W1558804527,adjacent-subtopic,"We present an algorithm for the decomposition of processes in a process algebraic framework. Decomposition, or the refinement of process substructure, is an important design principle in the top-down development of concurrent systems. In the approach that we follow the decomposition is based on a given partition of the actions of a system specification, such that for each partition class a subprocess must be created that realizes the actions in that class. In addition a suitable synchronization structure between the subprocesses must be present to ensure that the composite behaviour of the subprocesses is properly related to the behaviour of the original specification. We present our results for the process-algebraic specification language LOTOS and give a compositional algorithm for the transformation of the original specification into the required subprocesses. The resulting specification is observation congruent with the original, and, interestingly enough, the subprocesses inherit much of the structure of the original specification. The correctness preserving transformation has been implemented in a tool and has been used for the derivation of protocol specifications from formal descriptions of the desired service. This is possible as it can be shown that the required synchronization mechanisms between the subprocesses can be readily implemented over (reliable) asynchronous media.",openalex,llm,0.900,unreviewed,
kept,An Overview of a Refinement Editor,Trevor Vickers,1990,Australian Software Engineering Conference,,https://openalex.org/W2231897812,supports-claim,The refinement calculus is a formal technique for the development of programs which are provably correct with respect to a given specification. The refinement editor provides automated support for the interactive derivation of programs using the refinement calculus. A novel aspect of the editor is that the user edits the record of refinements rather than manipulating the programs which they produce.,openalex,llm,0.970,unreviewed,
discarded,Synthesis for Robots: Guarantees and Feedback for Robot Behavior,Hadas Kress‐Gazit; Morteza Lahijanian; Vasumathi Raman,2018,Annual Review of Control Robotics and Autonomous Systems,10.1146/annurev-control-060117-104838,https://openalex.org/W2784743256,adjacent-subtopic,"Robot control for tasks such as moving around obstacles or grasping objects has advanced significantly in the last few decades. However, controlling robots to perform complex tasks is still accomplished largely by highly trained programmers in a manual, time-consuming, and error-prone process that is typically validated only through extensive testing. Formal methods are mathematical techniques for reasoning about systems, their requirements, and their guarantees. Formal synthesis for robotics refers to frameworks for specifying tasks in a mathematically precise language and automatically transforming these specifications into correct-by-construction robot controllers or into a proof that the task cannot be done. Synthesis allows users to reason about the task specification rather than its implementation, reduces implementation error, and provides behavioral guarantees for the resulting controller. This article reviews the current state of formal synthesis for robotics and surveys the landscape of abstractions, specifications, and synthesis algorithms that enable it.",openalex,llm,0.950,unreviewed,
discarded,Correct-by-Construction Runtime Enforcement in AI – A Survey,Bettina Könighofer; Roderick Bloem; Rüdiger Ehlers; Christian Pek,2022,Lecture notes in computer science,10.1007/978-3-031-22337-2_31,https://openalex.org/W4312743563,adjacent-subtopic,,openalex,llm,0.950,unreviewed,
kept,Stepwise refinement of communicating systems,Michael Butler,1996,Science of Computer Programming,10.1016/0167-6423(96)81173-7,https://openalex.org/W1964482512,supports-claim,,openalex,llm,0.950,unreviewed,
discarded,Investigating correct-by-construction attack-tolerant systems,Robert L. Constable; Mark Bickford; Robbert van Renesse,2011,eCommons (Cornell University),,https://openalex.org/W25790233,adjacent-subtopic,"Attack-tolerant distributed systems change their protocols on-the-fly in response to apparent attacks from the environment; they substitute functionally equivalent versions possibly more resistant to detected threats. Alternative protocols can be packaged together as a single adaptive protocol or variants from a formal protocol library can be sent to threatened groups of processes. We are experimenting with libraries of attack-tolerant protocols that are correct-by-construction and testing them in environments that simulate specified threats, including constructive versions of the famous FLP imaginary adversary against fault-tolerant consensus. We expect that all variants of tolerant protocols are automatically generated and accompanied by machine checked proofs that the generated code satisfies formal properties.",openalex,llm,0.940,unreviewed,
discarded,A Hybrid Architecture for Correct-by-Construction Hybrid Planning and Control,Robert P. Goldman; Daniel Bryce; Michael J. S. Pelican; David J. Musliner; Kyungmin Bae,2016,Lecture notes in computer science,10.1007/978-3-319-40648-0_29,https://openalex.org/W2486106255,adjacent-subtopic,"This paper describes Hy-CIRCA, an architecture for verified, correct-by-construction planning and execution for hybrid systems, including nonlinear continuous dynamics. Hy-CIRCA addresses the high computational complexity of such systems by first planning at an abstract level, and then progressively refining the original plan. Hy-CIRCA integrates the dReal nonlinear SMT solver with enhanced versions of the SHOP2 HTN planner and the CIRCA Controller Synthesis Module (CSM). SHOP2 computes a high level nominal mission plan, the CIRCA CSM develops reactive controllers for the mission steps, accounting for disturbances, and dReal verifies that the plans are correct with respect to continuous dynamics. In this way, Hy-CIRCA decomposes reasoning about the plan and judiciously applies the different solvers to the problems they are best at.",openalex,llm,0.920,unreviewed,
discarded,Synthesis of Embedded Software: Frameworks and Methodologies for Correctness by Construction,Sandeep K. Shukla; Jean-Pierre Talpin,2014,"Digital Access to Libraries (Université catholique de Louvain (UCL), l'Université de Namur (UNamur) and the Université Saint-Louis (USL-B))",10.1007/978-1-4419-6400-7,https://openalex.org/W314553204,adjacent-subtopic,,openalex,llm,0.840,unreviewed,
kept,Reasoning algebraically about loops,R. J. R. Back; Joakim Wright,1999,Acta Informatica,10.1007/s002360050163,https://openalex.org/W2016265082,supports-claim,"We show how to formalise different kinds of loop constructs within the refinement calculus, and how to use this formalisation to derive general transformation rules for loop constructs. The emphasis is on using algebraic methods for reasoning about equivalence and refinement of loop constructs, rather than operational ways of reasoning about loops in terms of their execution sequences. We apply the algebraic reasoning techniques to derive a collection of transformation rules for action systems and for guarded loops. These include transformation rules that have been found important in practical program derivations: data refinement and atomicity refinement of action systems; and merging, reordering, and data refinement of loops with stuttering transitions.",openalex,llm,0.980,unreviewed,
