status,title,authors,year,venue,doi,url,tags,abstract,provider,decision_source,llm_confidence,llm_review_outcome,llm_change_direction
kept,A pragmatic basis for the formal development of distributed systems,K.R. Wood,1993,Proceedings of 1993 IEEE 7th International Workshop on Software Specification and Design,10.1109/IWSSD.1993.315505,https://ieeexplore.ieee.org/document/315505/,supports-claim,"We present a basis for the formal specification and stepwise development of distributed systems, i.e. programs which are intended (at least conceptually) to run on distributed-memory parallel machines which communicate via synchronized message-passing. Our approach was motivated by the need for a practicable formal complement to the informal ""bubbles and arrows"" reasoning which is typically used by those who develop such programs for real parallel machines. The approach extends the sequential refinement calculus to allow the introduction of CSP-style concurrency. This extension is achieved by augmenting the language of the sequential calculus with appropriate parallel constructs and by replacing the underlying weakest precondition semantics with an extended failures-divergences semantics originally used to give a denotational semantics to occam. The resulting calculus maintains the laws of the original sequential calculus while allowing the seamless introduction of concurrency.<>",ieee,llm,0.940,unreviewed,
kept,A case-study in timed refinement: a mine pump,B.P. Mahony; I.J. Hayes,1992,IEEE Transactions on Software Engineering,10.1109/32.159841,https://ieeexplore.ieee.org/document/159841/,supports-claim,"A specification and top-level refinement of a simple mine pump control system, as well as a proof of correctness of the refinement, are presented as an example of the application of a formal method for the development of time-based systems. The overall approach makes use of a refinement calculus for timed systems, similar to the refinement calculi for sequential programs. The specification makes use of topologically continuous functions of time to describe both analog and discrete properties of both the system and its refinements. The basic building block of specifications is a specification statement that gives a clear separation between the specification of the assumptions that the system may make about the environment in which it is to be placed, and the effect the system is guaranteed to achieve if placed in such an environment. The top-level refinement of the system is developed by application of refinement laws that allow design decisions to be made, local state to be introduced, and the decomposition of systems into pipelined and/or parallel processes.<>",ieee,llm,0.970,unreviewed,
kept,Symbolic simulation of hybrid systems,R.-J. Back; C.C. Seceleanu; J. Westerholm,2002,"Ninth Asia-Pacific Software Engineering Conference, 2002.",10.1109/APSEC.2002.1182984,https://ieeexplore.ieee.org/document/1182984/,adjacent-subtopic; supports-claim,"Continuous action systems (CAS) is a formalism intended for modeling hybrid systems (systems that combine discrete control with continuous behavior), and proving properties about the model within refinement calculus. We use a symbolic manipulation program to build a tool for simulating CAS models by, calculating symbolically the time evolution of the discrete and continuous CAS model functions, as explicit and exact expressions of a continuous time variable. We may then study the time behavior and general properties of the model by plotting these functions with respect to time. For certain models our tool eliminates the need for introducing tolerances into the model structure. The tool is useful for checking that the model behaves correctly, and we can sometimes study the behavior of CAS models with in principle infinite precision.",ieee,llm,0.850,unreviewed,
kept,Superposition and fairness in reactive system refinement,R.J.R. Back; R. Kurki-Suonio,1990,"Proceedings of the 5th Jerusalem Conference on Information Technology, 1990. 'Next Decade in Information Technology'",10.1109/JCIT.1990.128282,https://ieeexplore.ieee.org/document/128282/,supports-claim,"An overview of the refinement calculus and of the action system paradigm for constructing parallel and reactive systems is given. Superposition is studied in detail, as an example of an important method for refinement of reactive programs. In connection with superposition, fairness of action system execution is considered, and a proof rule for preserving fairness in superposition refinement is given.<>",ieee,llm,0.950,unreviewed,
kept,Validation of stepwise refinement with test cases generated from formal specification,Shinya Yamada; Araki Keijiro; Shigeru Kusakabe; Yoichi Omori,2010,TENCON 2010 - 2010 IEEE Region 10 Conference,10.1109/TENCON.2010.5685923,https://ieeexplore.ieee.org/document/5685923/,adjacent-subtopic,"In software development, there is a problem that development cost increases by back track when bugs which are included in the phase of requirement definition are found in the after phases. As an effective method to solve the problem, we have a method with a formal specification language for requirement. A formal specification language can describe the functional requirement exactly with mathematical in and verifies the specification with tools. In formal method, we change the specification in a formal specification to executable program with stepwise refinement. At stepwise refinement step, we find bugs by proof of the specification. Herewith, we can get the program of the high level reliability. But, it is expensive to develop with proof. There is a method to verify specification with test cases generated by manpower. But, there are possibilities of including bugs in specification because of generating by manpower. We propose the method to validate stepwise refinement with lightweight method. We generate test cases from formal specification in VDM-SL before refinement, and test the specification after refinement. With this validation method, it is possible to validate of refinement focused state transition model. We implemented test case generator tool whose test case is executed with VDMUnit and VDMTools. We can confirm the availability of the validation of refinement with test case generator tool we implemented.",ieee,llm,0.870,unreviewed,
discarded,Natural Language Processing Subject Organizing by TTD Model Based on Stepwise Refinement Framework,Hong-Lin Wu; Ke Wang,2021,2021 2nd International Conference on Information Science and Education (ICISE-IE),10.1109/ICISE-IE53922.2021.00088,https://ieeexplore.ieee.org/document/9742540/,adjacent-subtopic,"Natural language processing is an important research field of computer science and artificial intelligence. It studies various theories and methods that can realize effective communication between humans and computers with natural language. In order to meet the needs of academia and industry, we have offered natural language processing courses. Natural language processing course is a compulsory course for the major of artificial intelligence and an elective course for the major of computer science and technology. With the continuous development and progress of artificial intelligence research, the previous teaching organization of natural language processing course has no longer adapted to the current situation. This paper introduced our improvement in teaching practice that is the natural language processing subject organizing by TTD Model based on stepwise refinement framework. Using TTD model of the organization of natural language processing subject will be more reasonable and the contents will be more completed. Considerable improvement results have been achieved in practical teaching.",ieee,llm,0.720,unreviewed,
discarded,Organization of Knowledge Engineering Subject Using TTD Model Based on Stepwise Refinement Framework,Hong-lin WU; Ke WANG,2020,2020 International Conference on Information Science and Education (ICISE-IE),10.1109/ICISE51755.2020.00077,https://ieeexplore.ieee.org/document/9418859/,off-topic-false-hit,"Knowledge engineering is a new subject of engineering technology. As an interdisciplinary subject of social science and natural science, it is the result of the interpenetration of science and engineering. Knowledge engineering aims to obtain large quantity of knowledge and information in high efficiency with modem technology. In that case, the technology would promote the intelligence the creativity of people in highest level. Moreover, it would make people grasp knowledge and skills to promote the ability of using information with modern tools. The emergence of knowledge engineering shows that the special culture, science, knowledge and thought of human beings are closely related to modern machines. This not only promotes the renewal of electronic computer products, but also has a profound impact on the new leap of social productivity and the new changes of social life. As a kind of engineering technology knowledge engineering, its main object is to study how to form a new communication, education and control system which is composed of electronic computer and modem communication technology. Therefore, this project is of great significance to the development of social economy, science and technology, culture and education, and to accelerate the process of social informatization. In order to meet the social needs, we have set up the course named “Knowledge Engineering”. This course is an elective course for students in the school of computer science and technology in our university. This paper introduces the organization of the knowledge engineering subject using TTD modle based on stepwise refinement framework including properties, teaching purposes, teaching content and examination and performance evaluation method. Using TTD model the organization of this subject will be more reasonable. The contents will be more completed and better effect will be achieved.",ieee,llm,0.970,unreviewed,
kept,How to Develop Module Logic Using Pseudo-Code and Stepwise Refinement,A.A. Lekko; C.M. Peters,1978,15th Design Automation Conference,10.1109/DAC.1978.1585199,https://ieeexplore.ieee.org/document/1585199/,supports-claim,"The use of pseudo-code and the stepwise refinement process in developing the logic of modules is discussed, and the advantages of this method are analyzed. An example is given to illustrate the steps to be taken in analyzing the function, selecting data structure and algorithm, abstracting the function in pseudo-code, expanding the function into subfunctions, and finally, verifying the function.",ieee,llm,0.980,unreviewed,
discarded,A stepwise refinement classification method of remote sensing image based on feedback strategies,Xianchuan Yu; Shanshan Bian; Xin Zhou; Guian Wang; Hui He; Weijie An,2014,2014 IEEE Geoscience and Remote Sensing Symposium,10.1109/IGARSS.2014.6946776,https://ieeexplore.ieee.org/document/6946776/,off-topic-false-hit,"This paper focus on two phenomena that ""same spectrum with different objects"" and ""same object with different spectra"" in multispectral remote sensing image, and propose a stepwise refinement classification method based on multi-sensitive strategies. It's a top-down, gradually refinement hierarchical way of classification which combines with advantages of both supervised classification and unsupervised classification: by analyzing the characteristic of spectrum curve, cluster and find out the band combinations with big characteristic differences as the guidance of classification; according to spectral characteristics of different bands combinations, choose different methods for further fine classification. Experimental results show that the proposed method achieved the high accurate classification of multispectral remote sensing images and effectively overcome the both above phenomena. Furthermore, the overall accuracy and kappa coefficient also confirm its superior performance.",ieee,llm,0.970,unreviewed,
kept,Program development by stepwise refinement and related topics,N. Gehani,1981,The Bell System Technical Journal,10.1002/j.1538-7305.1981.tb00246.x,https://ieeexplore.ieee.org/document/6767490/,origin,"Computer program development by stepwise refinement has been advocated by many people. We take another look at stepwise refinement in light of recent developments in programming languages and programming methodology such as abstract data types, correctness proofs and formal specifications, parallel programs and multiversion programs. We offer suggestions for the refinement process and discuss program maintainability.",ieee,llm,0.970,unreviewed,
discarded,Stepwise Refinement Provenance Scheme for Wireless Sensor Networks,Qinbao Xu; Changda Wang,2022,IEEE Internet of Things Journal,10.1109/JIOT.2021.3127496,https://ieeexplore.ieee.org/document/9612588/,off-topic-false-hit,"In wireless sensor networks (WSNs), provenance is critical for assessing the trustworthiness of the data acquired and forwarded by sensor nodes. Due to the energy and bandwidth limitations of WSNs, it is crucial that data provenance should be as compact as possible. The main drawback of the existing block provenance schemes is that to decode the provenance, all of the provenance blocks must be received by the base station (BS) correctly. To address such an issue, we propose a multigranularity graphs-based stepwise refinement provenance scheme (MSRP), among which we use the mutual information between node pair as the similarity index to classify node IDs and then generate the multigranularity topology graphs. Furthermore, the dictionary-based provenance scheme (DP) is employed to encode the provenance in a stepwise manner. The BS recovers the provenance in the same stepwise manner and performs the data trustworthiness evaluation during the decoding. We evaluate the performance of the MSRP scheme extensively by both simulations and testbed experiments. In addition to mitigating the main drawback of the existing block provenance schemes, the results show that our scheme not only outperforms the known related schemes with respect to average provenance size and energy consumption but also drastically improves data trustworthiness assessing efficiency.",ieee,llm,0.990,unreviewed,
discarded,A stepwise refinement data path synthesis procedure for easy testability,T. Kim; K.-S. Chung; C.L. Liu,1994,Proceedings of European Design and Test Conference EDAC-ETC-EUROASIC,10.1109/EDTC.1994.326814,https://ieeexplore.ieee.org/document/326814/,adjacent-subtopic,"This paper presents a new data path synthesis algorithm which takes into account simultaneously three important design criteria: testability, design area, and total execution time. We define a goodness measure on the testability of a circuit based on three rules of thumb introduced in prior work on synthesis for testability. We then develop a stepwise refinement synthesis algorithm which carries out the scheduling and allocation tasks in an integrated fashion. Experimental results for benchmark and other circuit examples show that we are able to enhance the testability of circuits with very little overheads on design area and execution time.<>",ieee,llm,0.980,unreviewed,
discarded,"A stepwise refinement algorithm for integrated floorplanning, placement and routing of hierarchical designs",M.S. Zamani; G.R. Hellestrand,1995,1995 IEEE International Symposium on Circuits and Systems (ISCAS),10.1109/ISCAS.1995.521448,https://ieeexplore.ieee.org/document/521448/,adjacent-subtopic,"This paper presents a stepwise refinement approach to floorplanning, followed by the placement and routing of hierarchical VLSI circuits. The algorithm consists of several traversals of the design hierarchy, from each of which more accurate information about the design is obtained before the actual placement and routing is performed. Interdependencies between different levels of the hierarchy are considered in this approach. The algorithm is capable of being applied to large circuits with many levels of hierarchy and with many modules at each level.",ieee,llm,0.980,unreviewed,
kept,Design of the ISO class 0 transport protocol: a stepwise refinement based approach,H. Kahlouche; J.-J. Girardot,1997,"1997 IEEE International Performance, Computing and Communications Conference",10.1109/PCCC.1997.581539,https://ieeexplore.ieee.org/document/581539/,supports-claim,"We present the design steps of the ISO Class 0 transport protocol. We apply, for this purpose our protocol synthesis algorithm. This algorithm is based on stepwise refinement of specifications written in an interpreted Petri net model. The starting point for the design is the specification of the ISO transport service. The main advantage of this design strategy is that the correctness of the designed protocol is guaranteed.",ieee,llm,0.930,unreviewed,
kept,Implementation and evaluation of a methodology for the stepwise refinement of data,B. Belkhouche,1988,[1988] Proceedings of the Twenty-First Annual Hawaii International Conference on System Sciences. Volume II: Software track,10.1109/HICSS.1988.11877,https://ieeexplore.ieee.org/document/11877/,supports-claim,"Chunk structure has been previously proposed (E. Towster, 1979), as a program design technique to support the stepwise refinement of data structures in parallel with program development. Both the definition of chunk structure and its required support induce new naming structures. The author reports on an initial implementation of chunk structure and describes the basic mechanisms necessary to manage the name space of a program written in a language supporting such a feature. The evaluation of the technique is discussed in the context of design languages.<>",ieee,llm,0.930,unreviewed,
kept,PMS: An Inference System to Monitor the Stepwise Refinement of Ada Pseudocode,Robert G. Reynolds,1986,IEEE Expert,10.1109/MEX.1986.4307006,https://ieeexplore.ieee.org/document/4307006/,supports-claim,,ieee,llm,0.900,unreviewed,
discarded,Constructing Fault-Trees by Stepwise Refinement,J.M. Joller,1982,IEEE Transactions on Reliability,10.1109/TR.1982.5221369,https://ieeexplore.ieee.org/document/5221369/,off-topic-false-hit,"The construction of fault-trees is considered as a sequence of decisions concerning the decomposition of events into subevents. The process of successive refinements of specifications is illustrated by examples. It is shown that cut-set, path-set, failure rate, and reliability bound information is easily obtainable in parallel with the stepwise analysis of the system.",ieee,llm,0.930,unreviewed,
discarded,Stepwise refinement algorithms for prediction of user location using receive signal strength indication in infrastructure WLANs,T.P. Deasy; W.G. Scanlon,2003,2003 High Frequency Postgraduate Student Colloquium (Cat. No.03TH8707),10.1109/HFPSC.2003.1242320,https://ieeexplore.ieee.org/document/1242320/,off-topic-false-hit,"This paper examines several algorithms for improving the estimation of user location using received strength signal indication (RSSI) values in a standard infrastructure wireless local area network (WLAN). The basic method of estimating a mobile user's position is the variation of RSSl with transmitter/receiver separation. Unfortunately, due to both external interference and the inherent uncertainty present in RSSI measurements, this approach leads to unacceptable errors in the position estimates. In order to improve the overall accuracy of the system, several refinement algorithms have been examined and simulated to investigate their effect on the system accuracy, with the results presented herein.",ieee,llm,0.990,unreviewed,
