status,title,authors,year,venue,doi,url,tags,abstract,provider,decision_source,llm_confidence,llm_review_outcome,llm_change_direction
discarded,"Securing healthcare medical image information using advance morphological component analysis, information hiding systems, and hybrid convolutional neural networks on IoMT.",Binay Kumar Pandey; Digvijay Pandey,2025,Comput. Biol. Medicine,10.1016/J.COMPBIOMED.2024.109499,https://dblp.org/rec/journals/cbm/PandeyP25,off-topic-false-hit,"Health care images contain a variety of imaging information that has specific features, which can make it challenging to assess and decide on the methods necessitated to safeguard the highly classified visuals from unauthorized exposure during transmission in a communication channel. As a result, this proposed approach utilizes a variety of techniques that will enhance the quality of textual healthcare images, communicate information securely, and interpret textual data from healthcare visuals without difficulty. Natural interference, primarily on the receiver side, reduces text-based healthcare image contrast, and numerous artifacts and adjacent picture element values impede diagnosis. Therefore, at the transmission end, the suggested method uses morphological component analysis to improve the contrast of textual healthcare images. Subsequently, it masks this textual healthcare image behind the cover image using steganography, maintaining the secrecy of private information during transmission on the Internet of Medical Things (IoMT) network. After obtaining the stego-image, reverse steganography is used to separate the textual health care image from the cover image. Following that, pre-processing had been performed utilizing weighted guided image filters to ensure that a text-based health care image would not be altered when data had been sent through an IoMT. After that, the Gabor Transform (GT) and stroke width transform are then used to extract the features required for a weighted classification approach that distinguishes between healthcare images with and without text content. Employing the cultural emperor penguin optimization strategy strengthened the performance of the weighted naive Bayes classifier. Later, a hybrid convolutional neural network with enhanced cuckoo search optimization is utilized to detect textual information in healthcare images. A variety of indicators are utilized to evaluate each cover picture and text-based healthcare image. These are accuracy, precision, recall, sensitivity, specificity, structural similarity index, peak signal-to-noise ratio, number of bytes of embedded and recovered input health-care textual pictures, and mean square error. The findings show that the proposed strategy outperforms all of the existing approaches. The suggested method successfully retrieves content at the receiver end. However, a few characters may be misplaced or recovered many times due to weighted guided image filtration halo artifacts, which impair image quality and provide inaccurate textual data.",dblp,llm,1.000,unreviewed,
discarded,Obfuscation mechanism for simultaneous public event information release and private event information hiding in discrete event systems.,Wei Duan; Christoforos N. Hadjicostis; Zhiwu Li 0001,2025,Inf. Sci.,10.1016/J.INS.2024.121554,https://dblp.org/rec/journals/isci/DuanHL25,adjacent-subtopic,"In this paper, we study the problem of simultaneous public event information release and private event information hiding in discrete event systems modeled by partially observed non-deterministic finite automata, where the public and private event information is respectively defined as unobservable fault and secret events. The notion of D-C-compossibility is introduced to characterize whether a system simultaneously conceals the occurrences of secret events while releasing the occurrences of fault events. When such a property does not hold, we investigate its enforcement through a defensive function. This function takes each observable event of a system as input and generates a suitably modified event sequence at the system's output using event deletion, insertion, or substitution. Specifically, our focus is on prioritizing the concealment of the secret events while maximizing the detection of the fault events through the use of defensive functions. The notion of D-C-enforceability that refers to the capability of a defensive function to employ a strategy for manipulating observations of a system to enforce D-C-compossibility is proposed. That is, a D-C-enforcing defensive function ensures that all occurrences of fault events can be revealed while concealing all occurrences of secret events. A D-C-diagnoser construction is proposed to enumerate all feasible defensive actions following system behavior. By taking advantage of the D-C-diagnoser, we obtain a necessary and sufficient condition for D-C-enforceability, along with a corresponding obfuscation strategy for defensive functions.",dblp,llm,0.950,unreviewed,
discarded,Unveiling Hidden Visual Information: A Reconstruction Attack Against Adversarial Visual Information Hiding.,Jonggyu Jang; Hyeonsu Lyu; Seongjin Hwang 0001; Hyun Jong Yang,2025,IEEE Trans. Neural Networks Learn. Syst.,10.1109/TNNLS.2025.3555248,https://dblp.org/rec/journals/tnn/JangLHY25,off-topic-false-hit,"This article investigates the security vulnerabilities of adversarial example-based image encryption by executing data reconstruction (DR) attacks on encrypted images. A representative image encryption method is the adversarial visual information hiding (AVIH), which uses type-I adversarial example training to protect gallery datasets used in image recognition tasks. In the AVIH method, the type-I adversarial example approach creates images that appear completely different but are still recognized by machines as the original ones. Additionally, the AVIH method can restore encrypted images to their original forms using a predefined private key generative model. For the best security, assigning a unique key to each image is recommended; however, storage limitations may necessitate some images sharing the same key model. This raises a crucial security question for AVIH: How many images can safely share the same key model without being compromised by a DR attack? To address this question, we introduce a dual-strategy DR attack against the AVIH encryption method by incorporating 1) generative-adversarial loss and 2) augmented identity loss, which prevent DR from overfitting—an issue akin to that in machine learning. Our numerical results validate this approach through image recognition and re-identification benchmarks, demonstrating that our strategy can significantly enhance the quality of reconstructed images, thereby requiring fewer key-sharing encrypted images. The source code to reproduce the results will be available in https://github.com/jonggyujang0123/Hiding_person.",dblp,llm,1.000,unreviewed,
discarded,Recent Information Hiding Techniques in Digital Systems: A Review.,Thi-Kien Dao; Trong-The Nguyen; Thi-Xuan-Huong Nguyen; Trinh-Dong Nguyen,2024,J. Inf. Hiding Multim. Signal Process.,,https://dblp.org/rec/journals/jihmsp/DaoNNN24,off-topic-false-hit,,dblp,llm,1.000,unreviewed,
discarded,To deliver more information in coverless information hiding.,Hailun Liu; Chunyu Zhang; Zhaojie Wang; Chenfei Guo; Peidong Gou; Liying Shan; Zewei Lu,2024,Multim. Tools Appl.,10.1007/S11042-023-15263-7,https://dblp.org/rec/journals/mta/LiuZWGGSL24,off-topic-false-hit,"Coverless information hiding realizes the hiding of secret messages without modifying the carrier, so being able to resist steganalysis algorithms. Many existing hiding methods, however, still face the dilemma of low hiding capacity (i.e., the volume of hidden messages by a single carrier is bounded), which places some restrictions on the application of the methods. To alleviate this problem, in this paper, we explore an effective coverless information hiding method that can deliver more messages through a cover image. A key step of our method is to construct a visual dictionary based on the bag-of-words model. Utilizing the visual dictionary, one participant can generate a binary coding matrix corresponding to the cover image, and then convert the secret messages, based on the matrix, into a coordinate sequence. To enhance the security, the coordinate sequence is encrypted and the ciphertext is transmitted to another participant together with the cover image. Some experiments are implemented to verify the effectiveness of our method, the results and analysis show that our method performs well in terms of undetectability, hiding capacity, and robustness. Compared with other coverless information hiding methods, our method does not need to construct and maintain a large-scale image library and can deliver more messages by only one single image. These characteristics demonstrate that our method has certain application value, and it also broadens the research ideas of coverless information hiding methods.",dblp,llm,1.000,unreviewed,
discarded,Information hiding cameras: optical concealment of object information into ordinary images.,Bijie Bai; Ryan Lee; Yuhang Li 0003; Tianyi Gan; Yuntian Wang; Mona Jarrahi; Aydogan Ozcan,2024,CoRR,10.48550/ARXIV.2401.07856,https://dblp.org/rec/journals/corr/abs-2401-07856,off-topic-false-hit,"Data protection methods like cryptography, despite being effective, inadvertently signal the presence of secret communication, thereby drawing undue attention. Here, we introduce an optical information hiding camera integrated with an electronic decoder, optimized jointly through deep learning. This information hiding-decoding system employs a diffractive optical processor as its front-end, which transforms and hides input images in the form of ordinary-looking patterns that deceive/mislead human observers. This information hiding transformation is valid for infinitely many combinations of secret messages, all of which are transformed into ordinary-looking output patterns, achieved all-optically through passive light-matter interactions within the optical processor. By processing these ordinary-looking output images, a jointly-trained electronic decoder neural network accurately reconstructs the original information hidden within the deceptive output pattern. We numerically demonstrated our approach by designing an information hiding diffractive camera along with a jointly-optimized convolutional decoder neural network. The efficacy of this system was demonstrated under various lighting conditions and noise levels, showing its robustness. We further extended this information hiding camera to multi-spectral operation, allowing the concealment and decoding of multiple images at different wavelengths, all performed simultaneously in a single feed-forward operation. The feasibility of our framework was also demonstrated experimentally using THz radiation. This optical encoder-electronic decoder-based co-design provides a novel information hiding camera interface that is both high-speed and energy-efficient, offering an intriguing solution for visual information security.",dblp,llm,1.000,unreviewed,
discarded,Hiding patient information in medical images: an enhanced dual image separable reversible data hiding algorithm for E-healthcare.,Rupali Bhardwaj,2023,J. Ambient Intell. Humaniz. Comput.,10.1007/S12652-021-03299-2,https://dblp.org/rec/journals/jaihc/Bhardwaj23,off-topic-false-hit,"E-healthcare requires communication of patient report to a specialized doctor in a real time scenario. Therefore, any harm to patient medical data can lead to a faulty diagnosis that can be lethal for the patient. To ensure safe and secure communication in E-healthcare framework, a high capacity dual image separable reversible data hiding algorithm in the encrypted domain has been presented in this paper. All compared reversible data hiding techniques have been shown predominant outcomes, yet just on natural images not on medical images because underflow problem may arise in medical images due to a large number of pixels have low-intensity values. Thus, an enhanced separable reversible data hiding technique in the encrypted domain has been introduced here that gives a higher embedding rate than all the looked at reversible data hiding techniques by embedding log(2)(u - l + 1) binary bits of patient information at non-seed pixels of the cover image without any occurrence of underflow and overflow problem so that empowering it to embed and recover information precisely from low-intensity pixels too. This property makes our proposed methodology truly reasonable for its utilization on medical images. For authentication analysis of electronic patient information (EPI) at the recipient end, a fragile watermark has also been embedded with EPI respectively. For all test images, embedding rate of 2.38 bits per pixel (bpp) with an average PSNR value is 41.05 dB is observed which demonstrates that the proposed method is capable of giving good quality stego images even at high payload also.",dblp,llm,1.000,unreviewed,
discarded,Communication information exchange and transmission method of industrial Internet of things based on audio information hiding.,Yinlei Tian; Haiyan Wang,2023,Web Intell.,10.3233/WEB-220044,https://dblp.org/rec/journals/wias/TianW23,off-topic-false-hit,"In order to improve the accuracy of information exchange transmission and reduce the transmission response delay, this paper proposes an industrial Internet of things communication information exchange transmission method based on audio information hiding. Firstly, information embedding algorithm is used to extract the communication audio carrier information. Secondly, audio information hiding algorithm is used to realize the hidden embedding of specific information; Then, the information transmission data integration is realized according to the similarity matrix. Finally, the Pareto distribution is used to realize the information transmission data matching, and the audio information hiding is used to realize the data exchange transmission control. The experimental results show that the transmission accuracy of this method is 98.3%, the transmission accuracy is as high as 96.0%, and the response delay is only 16 ms, indicating that this method can improve the transmission effect of industrial Internet of things communication information exchange.",dblp,llm,1.000,unreviewed,
discarded,A Design-by-Analogy Method for Integrating Chinese Paper-Cutting Art into Product Innovation: Understanding Attractiveness Associations via Expert Evaluations and Eye Tracking,"Zhou, Wenzhi; Li, Tiantian",2026,BIOMIMETICS,10.3390/biomimetics11080589,https://www.webofscience.com/wos/woscc/full-record/WOS:001859295200001,off-topic-false-hit,"Integrating traditional cultural heritage, such as Chinese paper-cutting, into modern product design is a critical challenge. To address the lack of a systematic method, this study proposes the PPI-SCAMPER method: a structured Design-by-Analogy (DbA) method that integrates knowledge bases (a Paper-Cutting Element Category and a Flat Process Category) with SCAMPER heuristics. Subsequently, an empirical study involving 18 experts and 146 users was conducted to evaluate the method's outcomes. Multimodal data-including expert ratings of product attributes, user ratings of attractiveness, and eye-tracking data-were collected, and hierarchical regression and Random Forest models were employed to analyze the underlying mechanisms of attractiveness. The results indicate that products designed via PPI-SCAMPER achieved significantly higher ratings for user attractiveness, novelty, and culture attribute. Eye-tracking data revealed that the improved products elicited greater overall visual exploration. The exploratory analysis of associative patterns showed that product attributes constituted the primary basis for attractiveness judgments, with eye-tracking data providing significant yet limited incremental explanatory power. This study not only constructs an innovative design pathway for integrating paper-cutting culture from a DbA perspective but also provides a comprehensive framework for evaluating culturally inspired innovations through multi-dimensional empirical data.",wos,llm,0.990,unreviewed,
discarded,Edge-AI Instrumentation Framework for Multimodal Biometric Sensing in Active Aging Environments,"Guarda, Teresa; Torres-Guin, Washington; Coronado-Hernandez, Jairo R.; Alanis, Arnulfo",2026,SENSORS,10.3390/s26165072,https://www.webofscience.com/wos/woscc/full-record/WOS:001860057100001,off-topic-false-hit,"Population aging has increased the need for continuous, non-invasive, and context-aware monitoring systems capable of supporting autonomy, safety, and early intervention in daily living environments. Multimodal biometric sensing offers an important technical basis for this purpose, as it combines physiological, motion-related, and environmental signals to provide a more complete view of older adults' functional and health-related conditions. However, many existing solutions remain fragmented, device-dependent, and insufficiently connected to core instrumentation requirements, including signal quality, sensor calibration, temporal synchronization, latency, energy consumption, interoperability, reliability, and data privacy. This article proposes an Edge-AI instrumentation framework for multimodal biometric sensing in active aging environments, supported by a structured analysis of recent literature on wearable, ambient, and context-aware sensing systems. The framework integrates wearable, ambient, and context-aware sensors with local processing capabilities to support signal acquisition, preprocessing, quality control, feature extraction, anomaly detection, and decision support close to the data source. By placing Edge AI within the instrumentation pipeline, the proposed framework identifies design requirements that may help reduce response time, limit unnecessary transmission of sensitive biometric data, and improve feasibility in home-based and assisted-living contexts. These expected benefits, however, require empirical testing through future prototype implementation and real-world evaluation. The article also defines a validation-oriented perspective for sensor-based active aging systems, covering technical, operational, and human-centered dimensions such as measurement accuracy, signal robustness, usability, privacy preservation, interoperability, reproducibility, energy efficiency, and system scalability. The proposed framework is intended to support the design, comparison, and validation of more reliable, interpretable, and reproducible sensor-based monitoring systems, while offering a structured basis for prototype development and future real-world evaluation in active aging environments.",wos,llm,0.990,unreviewed,
