status,title,authors,year,venue,doi,url,tags,abstract,provider,decision_source,llm_confidence,llm_review_outcome,llm_change_direction
discarded,"An example illustrating modularity, abstraction & information hiding using",Ivan B. Liss; Thomas C. McMillan,1989,ACM SIGCSE Bulletin,10.1145/65294.71195,https://openalex.org/W4230939054,adjacent-subtopic,"In this paper we present, by way of an example, techniques for using the independently compilable units of Turbo Pascal 4.0. (Turbo Pascal is a Pascal compiler available from Borland International.) We suggest ways that units can be used to illustrate software engineering principles, including information hiding, modularity, and procedural and data abstraction. The paper describes Turbo Pascal units and gives a sample project. It also suggests a number of ways that this or similar projects can be used to illustrate these principles to CS1 and CS2 classes.",openalex,llm,0.760,unreviewed,
discarded,VIBRATION REDUCTION OF A HAMMER DRILL WITH A TOP-DOWN DESIGN METHOD,Philip Le; Duo Xu; Anand Vazhapilli Sureshbabu; Markus Zimmermann,2023,Proceedings of the Design Society,10.1017/pds.2023.381,https://openalex.org/W4381185221,off-topic-false-hit,"Abstract Designing vibrating systems is challenging due to component interaction. One approach to reduce the resulting complexity is top-down design where requirements on components are formulated such that the overall system achieves the design goal. Previous work showed how to derive quantitative and solution-neutral requirements on components of a vibrating system, expressed as permissible ranges of impedance. This work adapts the methodology to a practical use case and provides a concrete technical solution: A hammer drill that can cause white finger syndromes to users is equipped with an appropriate vibration absorber. The hammer drill is represented by a lumped mass model and validated using experimental data of a reference design. Solution-neutral and quantitative component requirements on the overall dynamics of the vibration absorber expressed by impedance are derived. They provide a clear target for the component design. A vibration absorber in form of a Tuned Mass Damper (TMD) is designed accordingly. The final design is validated experimentally and shown to reduce the vibration by 47%.",openalex,llm,0.990,unreviewed,
kept,The design tree: a visual approach to top-down design and data flow,Jacobo Carrasquel; J.W. Roberts; John F. Pane,1989,,10.1145/65293.65296,https://openalex.org/W2050098903,supports-claim,"Top-down design, an accepted technique for program development in most teaching environments, is an integral part of the introductory computing courses taught at Carnegie Mellon University.Although this planning technique works well for experts, it's application among less experienced users is limited: many novices abandon this technique as soon as implementation begins, focusing their attention instead on low-level details.This paper proposes a solution to this problem: the Design Tree, a simple graphic tool used to represent the topdown decomposition of a problem.This tool can be used by instructors, as well as students, independent of the software used to build their programs.The Design Tree not only facilitates top-down decomposition of problems, but also help students decide what type of control structures and data flow to use in implementation,",openalex,llm,0.760,unreviewed,
discarded,Active-Learning Combined with Topology Optimization for Top-Down Design of Multi-Component Systems,Lukas Krischer; Anand Vazhapilli Sureshbabu; Markus Zimmermann,2022,Proceedings of the Design Society,10.1017/pds.2022.165,https://openalex.org/W4281559593,off-topic-false-hit,"Abstract In top-down design, optimal component requirements are difficult to derive, as the feasible components that satisfy these requirements are yet to be designed and hence unknown. Meta models that provide feasibility and mass estimates for component performance are used for optimal requirement decomposition in an existing approach. This paper (1) extends its applicability adapting it to varying design domains, and (2) increases its efficiency by active-learning. Applying it to the design of a robot arm produces a result that is 1% heavier than the reference obtained by monolithic optimization.",openalex,llm,0.990,unreviewed,
discarded,Top-down RSFQ logic design based on a binary decision diagram,Nobuyuki Yoshikawa; Junichi Koshiyama,2001,IEEE Transactions on Applied Superconductivity,10.1109/77.919539,https://openalex.org/W2145651682,off-topic-false-hit,"We have proposed a top-down design methodology for RSFQ logic circuits using a binary decision diagram (BDD). The BDD is a way to represent a logical function by a directed graph, which consists of binary switches having one input and two outputs. The important features of the BDD RSFQ logic circuits are a small number of primitives, dual rail and non-clocked logic style, and a small gate count. We have constructed a cell library for the BDD RSFQ logic design, which is composed of five square basic cells. Any logic function can be constructed by simply connecting the library cells. CAD tools for the logic level simulation, the circuit simulation and a layout view extraction have been developed to carry out the top-down RSFQ logic design on the Cadence CAD environment. A design flow of the RSFQ full adder is demonstrated to show the potential of the top-down design methodology for the design of large-scale RSFQ integrated circuits.",openalex,llm,0.960,unreviewed,
discarded,Predicting Crop Phenology,Tom Hodges,1990,,,https://openalex.org/W1528275229,off-topic-false-hit,"INTRODUCTION. CROP GROWTH SIMULATION AND THE ROLE OF PHENOLOGICAL MODELS. THE ROLE OF MODELING RESEARCH IN CROP PRODUCTION. Integrating Knowledge. Testing Quantitative Hypotheses. Technology Transfer. IMPORTANCE OF PHENOLOGICAL MODELING IN CROP GROWTH MODELING. Annuals. Perennials. References. TEMPERATURE AND WATER STRESS EFFECTS ON PHENOLOGY. INTRODUCTION. TEMPERATURE. Thermal Time Accumulation. Vernalization. Heat and Cold Stress. WATER STRESS. References. PREDICTING DAYLENGTH EFFECTS ON PHEONOLOGICAL PROCESSES. INTRODUCTION. RESEARCH PHILOSOPHIES IN DAYLENGTH RESEARCH. Early Research. Absolute Versus Quantitative Descriptors. Time Interval Between Events Versus Duration of Events. PHENOLOGY AS AN EVOLUTIONARY PROCESS. Maximizing Seed Production Through Flowering Date. Phases of Development. Analysis of Days or Thermal Time Versus Daylength. Analysis of Rate of Development Versus Daylength. The Reproductive Phase. The Maturation Phase. INTERACTION OF DAYLENGTH AND TEMPERATURE. Scales Used for Daylength Response. Extreme Interactions. EFFECT OF DAYLENGTH RESPONSE ON ADAPTATION. Effect of Latitude. Effect of Planting Date. Genetic Variability of Daylength Responses. Conclusions. References. PREDICTING LEAF DEVELOPMENT OF CROP PLANTS. INTRODUCTION. Ideal Leaf Development Scheme. RESULTS. Leaf Appearance Rate. Duration of Leaf Expansion. Effects of Drought Stress. Photoperiod, Rate of Change of Photoperiod, and Solar Radiation. Leaf Initiation With Different Photoperiods and Solar Radiation. Leaf Appearance and Duration of Expansion With Different Photoperiods and Solar Radiation. Leaf Appearance With Different Rates of Change in Photoperiod. Nutrients. Within-Species Cultivar Differences. SUMMARY. References. STEMS: PATTERNS AND DURATION OF DEVELOPMENT. QUANTIFYING STEM GROWTH AND DEVELOPMENT. MERISTEMS AS SITES FOR GROWTH AND DEVELOPMENT. THE SHOOT APEX. INTERNODE ELONGATION. Cell Level. Organ Level. VASCULAR TISSUE. Phyllotaxy and Vascular Interconnections Between Leaves. Xylem. Phloem. AXILLARY BUDS AND BRANCHES, MODIFIED STEMS, AND ADVENTITIOUS BUDS. Axillary Buds and Branches. Tillers, Stolons, Rhizomes, and Tubers. Adventitious Buds and Roots. THE ROLE OF PLANT GROWTH REGULATORS. MAIN SHOOT AND BRANCHING PATTERNS. COMPLICATIONS OF GENETIC AND ENVIRONMENTAL RESPONSES. EXPERIMENTAL PROTOCOL. SOME NOVEL MODELING PHILOSOPHY. References. TILLERING IN WHEAT. INTRODUCTION AND OVERVIEW. PLANT PART IDENTIFICATION. IDENTIFICATION GUIDES AND PATTERNS. PLANT BUILDING BLOCK STRUCTURE. DEVELOPMENT PATTERN. TIMING OF DEVELOPMENT. DEVELOPMENT ABNORMALITIES. RELEASE OF APICAL DOMINANCE. NORMAL TILLER ABORTION. STRESS INDUCED ABORTION. PHENOLOGICAL STAGES. ALGORITHMS. Degree Days. Cumulative Degree Days. Main Stem Haun Development Stage. Maximum Tillers on a Plant. Number of Phyllochron Intervals from January 1 to Various Development Stages. References. PREDICTING ROOT DEVELOPMENT OF CROP PLANTS. INTRODUCTION. ROOT DEVELOPMENT PATTERNS. Introduction. Monocots. Dicots. Root Branching. Effect of Environment on Root Anatomy. Root Senescence. ROOT-SHOOT RELATIONSHIPS. ROOT-SOIL GROWTH RELATIONSHIPS. Introduction. Root Elongation Physiology. Requirements for Elongation. ROOTING DEPTH OF ANNUAL CROPS. ROOT GROWTH MODELS. Some Existing Models. Limitations to Development of Root Growth Models. References. MODELING AND PROGRAMMING PHILOSOPHIES. BALANCE OF MECHANISM AND EMPIRICISM. Empirical Models. Mechanistic Model. RESEARCH AND APPLICATION MODELS. Research Models. Application Models. MODULAR PROGRAMMING. Reusable Modules, Reusable Code. Object Oriented Programming Systems. References. STRUCTURED PROGRAMMING IN SIMULATION MODELS. INTRODUCTION. CHARACTERISTICS OF A STRUCTURED PROGRAM. Top-Down Design. Modular. Go-To-Less. Highly Cohesive. Loosely Coupled. CONTROL STRUCTURES IN STRUCTURED PROGRAMMING. Sequence. If-Then-Else. Do-While. Do-Until. References. PREDICTING MAIZE PHENOLOGY. GENERAL MODEL DESCRIPTION. TEST RESULTS. DISCUSSION. References. THE CERES-WHEAT PHENOLOGY MODEL. INTRODUCTION. TEMPERATURE CALCULATIONS. Thermal Time Accumulation. Vernalization Units. Cold Hardiness Index. Photoperiod. Phyllochron Interval. GROWTH STAGE CALCULATIONS. End of the Previous Crop to Planting (ISTAGE=7). Planting to Germination (ISTAGE=8). Germination to Emergence (ISTAGE=9). Emergence to Floral Initiation. (ISTAGE=1) Floral Initiation to Begin Ear Growth (ISTAGE=2). Begin Ear Growth to Anthesis (ISTAGE=3). Anthesis to Begin Grain Fill (ISTAGE=4). Grain Fill Period (ISTAGE=5). Maturity (ISTAGE=6). TILLER INITIATION AND SENESCENCE. LEAVES. Initiation. Growth. Senescence. Aging. Cold Damage. Water and Nitrogen Stress. SUMMARY. References. PHASIC DEVELOPMENT IN THE CERES-SORGHUM MODEL. INTRODUCTION. THERMAL TIME ESTIMATION. ORGANIZATION OF PHASIC DEVELOPMENTAL STAGES. DESCRIPTION AND MODELING GROWTH STAGES. Stage 7: Presowing. Stage 8: Sowing to Germination. Stage 9: Germination to Seedling Emergence. Stage 1: Seedling Emergence to End Juvenile Stage. Stage 2: End of Juvenile Stage to End of PI. Stage 3: PI to End of Leaf Growth. Stage 4: End of Leaf Growth to Beginning of Grain Filling. Stage 5: Effective Grain Filling to Physiological Maturity. Stage 6: Physiological Maturity to Harvest. MODEL VALIDATION. References. THE SIMULATION OF PLANT DEVELOPMENT IN GOSSYM. INTRODUCTION. SUBROUTINE GROWTH. SUBROUTINE PLTMAP. SUBROUTINE ABSCISE. SUMMARY. References. Simulating Yield Development Using the Cotton Model. Simulating Yield Development Using the Cotton Model Cottam. INTRODUCTION. INDIVIDUAL FRUIT DEVELOPMENT. WHOLE PLANT DEVELOPMENT. References. A MODEL FOR THE PHENOLOGY OF RICE. INTRODUCTION. RICE GROWTH AND DEVELOPMENT. MODELING RICE PRODUCTION SYSTEM. FACTORS AFFECTING RICE PHENOLOGY. MODELING PHENOLOGICAL EVENTS AND STAGES. Sowing. Germination Stage. Emergence Stage. Juvenile Stage. Panicle Initiation Stage. Heading Stage. Pre-Grain Filling Stage. Grain Filling Stage. Physiological Maturity. MODEL DEMONSTRATION. CONCLUDING REMARKS. References. WEED PHENOLOGY. INTRODUCTION. A MODERN DEFINITION OF PHENOLOGY. COMPETITION MODELS. Regression Models. Simple Dynamic Models. Complex Dynamic Systems Models. MECHANISTIC PHENOLOGY MODELS. Germination. Vegetative Sprouting. Shoot Emergence. Leaf Area Development. Sexual Reproduction and Senescence. Asexual Reproduction. Root Development. Modeling the Effects of Competition on Phenology. VERTICAL INTEGRATION. References. BIBLIOGRAPHY. INDEX.",openalex,llm,1.000,unreviewed,
kept,Programming from specifications,Eric C. R. Hehner,1991,Science of Computer Programming,10.1016/0167-6423(91)90014-o,https://openalex.org/W2936157456,supports-claim,,openalex,llm,0.910,unreviewed,
discarded,Algebraic reasoning for object-oriented programming,Paulo Borba; Augusto Sampaio; Ana Cavalcanti; Márcio Cornélio,2004,Science of Computer Programming,10.1016/j.scico.2004.03.003,https://openalex.org/W2002295687,adjacent-subtopic,"We present algebraic laws for a language similar to a subset of sequential Java that includes inheritance, recursive classes, dynamic binding, access control, type tests and casts, assignment, but no sharing. These laws are proved sound with respect to a weakest precondition semantics. We also show that they are complete in the sense that they are sufficient to reduce an arbitrary program to a normal form substantially close to an imperative program; the remaining object-oriented constructs could be further eliminated if our language had recursive records. This suggests that our laws are expressive enough to formally derive behaviour preserving program transformations; we illustrate that through the derivation of provably-correct refactorings. (C) 2004 Elsevier B.V. All rights reserved.",openalex,llm,0.830,unreviewed,
discarded,Specification and verification challenges for sequential object-oriented programs,Gary T. Leavens; K. Rustan M. Leino; Péter Müller,2007,Formal Aspects of Computing,10.1007/s00165-007-0026-7,https://openalex.org/W1977978965,adjacent-subtopic,Abstract The state of knowledge in how to specify sequential programs in object-oriented languages such as Java and C# and the state of the art in automated verification tools for such programs have made measurable progress in the last several years. This paper describes several remaining challenges and approaches to their solution.,openalex,llm,0.950,unreviewed,
discarded,Models and languages for parallel computation,David B. Skillicorn; Domenico Talia,1998,ACM Computing Surveys,10.1145/280277.280278,https://openalex.org/W2155882878,adjacent-subtopic,"We survey parallel programming models and languages using six criteria to assess their suitability for realistic portable parallel programming. We argue that an ideal model should by easy to program, should have a software development methodology, should be architecture-independent, should be easy to understand, should guarantee performance, and should provide accurate information about the cost of programs. These criteria reflect our belief that developments in parallelism must be driven by a parallel software industry based on portability and efficiency. We consider programming models in six categories, depending on the level of abstraction they provide. Those that are very abstract conceal even the presence of parallelism at the software level. Such models make software easy to build and port, but efficient and predictable performance is usually hard to achieve. At the other end of the spectrum, low-level models make all of the messy issues of parallel programming explicit (how many threads, how to place them, how to express communication, and how to schedule communication), so that software is hard to build and not very portable, but is usually efficient. Most recent models are near the center of this spectrum, exploring the best tradeoffs between expressiveness and performance. A few models have achieved both abstractness and efficiency. Both kinds of models raise the possibility of parallelism as part of the mainstream of computing.",openalex,llm,0.900,unreviewed,
kept,The specification statement,Carroll Morgan,1988,ACM Transactions on Programming Languages and Systems,10.1145/44501.44503,https://openalex.org/W2011444209,supports-claim,"Dijkstra's programming language is extended by specification statements , which specify parts of a program “yet to be developed.” A weakest precondition semantics is given for these statements so that the extended language has a meaning as precise as the original. The goal is to improve the development of programs, making it closer to manipulations within a single calculus. The extension does this by providing one semantic framework for specifications and programs alike: Developments begin with a program (a single specification statement) and end with a program (in the executable language). And the notion of refinement or satisfaction , which normally relates a specification to its possible implementations, is automatically generalized to act between specifications and between programs as well. A surprising consequence of the extension is the appearance of miracles : program fragments that do not satisfy Dijkstra's Law of the Excluded Miracle . Uses for them are suggested.",openalex,llm,0.990,unreviewed,
kept,Probabilistic predicate transformers,Carroll Morgan; Annabelle McIver; Karen Seidel,1996,ACM Transactions on Programming Languages and Systems,10.1145/229542.229547,https://openalex.org/W2141670510,supports-claim,"Probabilistic predicates generalize standard predicates over a state space; with probabilistic predicate transformers one thus reasons about imperative programs in terms of probabilistic pre- and postconditions. Probabilistic healthiness conditions generalize the standard ones, characterizing “real” probabilistic programs, and are based on a connection with an underlying relational model for probabilistic execution; in both contexts demonic nondeterminism coexists with probabilistic choice. With the healthiness conditions, the associated weakest-precondition calculus seems suitable for exploring the rigorous derivation of small probabilistic programs.",openalex,llm,0.900,unreviewed,
discarded,Proving concurrent constraint programs correct,Frank S. de Boer; Maurizio Gabbrielli; Elena Marchiori; Catuscia Palamidessi,1997,ACM Transactions on Programming Languages and Systems,10.1145/265943.265954,https://openalex.org/W1975923086,adjacent-subtopic,"We introduce a simple compositional proof system for proving (partial) correctness of concurrent constraint programs (CCP). The proof system is based on a denotational approximation of the strongest postcondition semantics of CCP programs. The proof system is proved to be correct for full CCP and complete for the class of programs in which the denotational semantics characterizes exactly the strongest postcondition. This class includes the so-called confluent CCP, a special case of which is constraint logic programming with dynamic scheduling.",openalex,llm,0.960,unreviewed,
discarded,Abstraction mechanisms in CLU,Barbara Liskov; Alan Snyder; Russell R. Atkinson; Craig Schaffert,1977,Communications of the ACM,10.1145/359763.359789,https://openalex.org/W2073544767,adjacent-subtopic,"CLU is a new programming language designed to support the use of abstractions in program construction. Work in programming methodology has led to the realization that three kinds of abstractions—procedural, control, and especially data abstractions—are useful in the programming process. Of these, only the procedural abstraction is supported well by conventional languages, through the procedure or subroutine. CLU provides, in addition to procedures, novel linguistic mechanisms that support the use of data and control abstractions. This paper provides an introduction to the abstraction mechanisms in CLU. By means of programming examples, the utility of the three kinds of abstractions in program construction is illustrated, and it is shown how CLU programs may be written to use and implement abstractions. The CLU library, which permits incremental program development with complete type checking performed at compile time, is also discussed.",openalex,llm,0.820,unreviewed,
discarded,Toward formal development of ML programs: Foundations and methodology,Donald Sannella; Andrzej Tarlecki,1989,Lecture notes in computer science,10.1007/3-540-50940-2_48,https://openalex.org/W1608194541,adjacent-subtopic,,openalex,llm,0.760,unreviewed,
kept,The role of logical interpretations in program development,Manuel A. Martins; Alexandre Madeira; Lu­ís Soares Barbosa,2014,Logical Methods in Computer Science,10.2168/lmcs-10(1:1)2014,https://openalex.org/W1993731617,supports-claim,"Stepwise refinement of algebraic specifications is a well known formal methodology for program development. However, traditional notions of refinement based on signature morphisms are often too rigid to capture a number of relevant transformations in the context of software design, reuse, and adaptation. This paper proposes a new approach to refinement in which signature morphisms are replaced by logical interpretations as a means to witness refinements. The approach is first presented in the context of equational logic, and later generalised to deductive systems of arbitrary dimension. This allows, for example, refining sentential into equational specifications and the latter into modal ones.",openalex,llm,0.970,unreviewed,
kept,Teaching structured programming in FORTRAN with IFTRAN,William R. Bezanson,1975,,10.1145/800284.811158,https://openalex.org/W2033982054,supports-claim,"The outline of an introductory FORTRAN programming course based on structured programming is presented. The language IFTRAN was used as a FORTRAN preprocessor, allowing regular FORTRAN statements plus more powerful conditional and looping statements. Program development was taught in the course by means of top-down stepwise refinement. Students were well motivated and developed a professional attitude towards programming.",openalex,llm,0.990,unreviewed,
