status,title,authors,year,venue,doi,url,tags,abstract,provider,decision_source,llm_confidence,llm_review_outcome,llm_change_direction
discarded,A correct-by-construction approach for development of reliable planning problems,"Ammar, Sabrine; Rouis, Taoufik Sakka; Bhiri, Mohamed Tahar",2024,JOURNAL OF LOGIC AND COMPUTATION,10.1093/logcom/exae016,https://www.webofscience.com/wos/woscc/full-record/WOS:001196292100001,adjacent-subtopic,"The automated planning community has developed a defacto standard planning language called PDDL. Using the PDDL tools, the reliability of PDDL descriptions can only be posterior examined. However, the Event-B method supports a rich refinement technique that is mathematically proven. Indeed, the Event-B method relies on a first-order predicates language and sets (including mathematical functions and relations) to model the data and on a simple action language to model the treatments. A model described in Event-B includes static modeling elements (sets, constants, axioms and theorems) and dynamic modeling elements (variables, invariant properties and events). Moreover, the Event-B method allows the step-by-step correct construction of Event-B models. To specify and solve the planning problems, a development process based on the combination of Event-B and PDDL is proposed. Our development process favors the obtaining of reliable PDDL description from an ultimate Event-B model using our Event-B2PDDL Eclipse plugin. Our process is successfully experimented on the sliding puzzle game.",wos,llm,0.950,unreviewed,
discarded,Interval Observers for Hybrid Dynamical Systems with Known Jump Times,"Pati, Tarun; Khajenejad, Mohammad; Daddala, Sai Praveen; Sanfelice, Ricardo G.; Yong, Sze Zheng",2023,"2023 62ND IEEE CONFERENCE ON DECISION AND CONTROL, CDC",,https://www.webofscience.com/wos/woscc/full-record/WOS:001166433806034,off-topic-false-hit,"This paper proposes a novel asymptotically stable interval estimator design for hybrid systems with nonlinear dynamics and observations under the assumption of known jump times. The proposed architecture leverages the concepts of mixed-monotone decompositions to construct a hybrid interval observer that is guaranteed to frame the true states (i.e., is correct) by construction. Moreover, using Lyapunov analysis and the positive system property of the framer error dynamics, we propose two approaches for computing the observer gains to achieve asymptotic stability of the error system based on mixedinteger semidefinite and linear programs. Further, our observer design incorporates additional degrees of freedom that may provide some advantages similar to coordinate transformations. Finally, we demonstrate the efficacy of the proposed hybrid observer design using two illustrative examples.",wos,llm,0.990,unreviewed,
discarded,Formal synthesis of controllers for safety-critical autonomous systems: Developments and challenges,"Yin, Xiang; Gao, Bingzhao; Yu, Xiao",2024,ANNUAL REVIEWS IN CONTROL,10.1016/j.arcontrol.2024.100940,https://www.webofscience.com/wos/woscc/full-record/WOS:001210501800001,adjacent-subtopic,"In recent years, formal methods have been extensively used in the design of autonomous systems. By employing mathematically rigorous techniques, formal methods can provide fully automated reasoning processes with provable safety guarantees for complex dynamic systems with intricate interactions between continuous dynamics and discrete logics. This paper provides a comprehensive review of formal controller synthesis techniques for safety -critical autonomous systems. Specifically, we categorize the formal control synthesis problem based on diverse system models, encompassing deterministic, non -deterministic, and stochastic, and various formal safety -critical specifications involving logic, real-time, and real -valued domains. The review covers fundamental formal control synthesis techniques, including abstraction -based approaches and abstraction -free methods. We explore the integration of data -driven synthesis approaches in formal control synthesis. Furthermore, we review formal techniques tailored for multi -agent systems (MAS), with a specific focus on various approaches to address the scalability challenges in large-scale systems. Finally, we discuss some recent trends and highlight research challenges in this area.",wos,llm,0.980,unreviewed,
discarded,Sensor Safety and Multi-Objective Satellite Control under Nonlinear Dynamics,"Miller, Kristina; Brewer, John Matthew; Soderlund, Alexander A.; Phillips, Sean",2023,"2023 AMERICAN CONTROL CONFERENCE, ACC",10.23919/ACC55779.2023.10156074,https://www.webofscience.com/wos/woscc/full-record/WOS:001027160303129,adjacent-subtopic,"The safe operation of satellites is critical as the space domain becomes more cluttered with resident objects. Controller synthesis is a technique used to automatically generate correct-by-construction controllers that guarantee a system will satisfy some requirements, such as safety. In this work, we cast the safe satellite operation problem as a controller synthesis problem, and propose an algorithm that synthesizes full-state control of a satellite. This is done by decoupling the translational control from the attitude control. We deploy this algorithm in a close-proximity scenario and show that the synthesized controller satisfies our requirements and guarantees the safety of a chaser satellite.",wos,llm,0.980,unreviewed,
discarded,Automated Code Generation for DES Controllers Modeled as Finite State Machines,"Possato, Tiago; Valentini, Joao H.; Southier, Luiz F. P.; Teixeira, Marcelo",2024,"FORMAL METHODS: FOUNDATIONS AND APPLICATIONS, SBMF 2023",10.1007/978-3-031-49342-3_7,https://www.webofscience.com/wos/woscc/full-record/WOS:001156290900007,adjacent-subtopic,"Finite State Machines (FSMs) are the foundation to design Discrete Event Systems (DESs). A FSM that designs a DES model can be further processed using Supervisory Control Theory (SCT) to synthesize correct-by-construction software. When applied to industrial-scale DESs, FSMs face limitations in the design, synthesis, and implementation steps. Supremica is a straightforward tool that facilitates design and synthesis but does not reach the implementation phase. This requires additional tools to convert FSM models into code. This paper presents the tool DEScMaker, which receives as input an FSM model outputting from Supremica and converts it into implementable C code. Our approach complements Supremica with code generation and allows taking advantage of its intuitive interface, useful simulator, and safe algorithms while automating a task that, in practice, consists of complex manual programming. An example illustrates the tool and quantifies its advantages.",wos,llm,0.970,unreviewed,
discarded,Closure Conversion in Little Pieces,"Sullivan, Zachary J.; Downen, Paul; Ariola, Zena M.",2023,"PROCEEDINGS OF THE 25TH INTERNATIONAL SYMPOSIUM ON PRINCIPLES AND PRACTICE OF DECLARATIVE PROGRAMMING, PPDP 2023",10.1145/3610612.3610622,https://www.webofscience.com/wos/woscc/full-record/WOS:001138877400010,adjacent-subtopic,"Closure conversion, an essential step in compiling functional programs, is traditionally presented as a global transformation from a language with higher-order functions to one without. Optimizing this transformation can be done at any of its three stages with various tradeoffs. After conversion, optimizations will be in the target language at the cost of a weaker equational theory. During conversion, optimizations may be embedded into the transformation itself at the cost of increasing its complexity and correctness. And before conversion, optimizations may be planned and anticipated in a specialized intermediate language (IL) where all the properties of the source program are still known, with the hope that they will survive the rest of the compilation process.

By building on the notion of abstract closures, we blur the distinctions between these three approaches to closure conversion and optimizations thereof, by combining all of their strengths and avoiding their weaknesses. Specifically, we develop an IL that includes closures alongside unclosed higher-order code, even inhabiting the same type. The IL comes equipped with an equational theory that is shown sound and complete with respect to an environment abstract machine. Thereby, a baseline closure conversion and common optimizations become provable equalities and thus are correct by construction. Moreover, the transformation and its correctness proof are broken down into little steps-as instances of the beta and eta axioms-instead of being expressed in terms of a recursive procedure.

Our proposed IL is based on call-by-push-value which we extend with sharing in order to capture closure conversion for both strict and lazy languages.",wos,llm,0.960,unreviewed,
discarded,Optimizing Distributed Protocols with Query Rewrites,"Chu, David C. Y.; Panchapakesan, Rithvik; Laddad, Shadaj; Katahanas, Lucky E.; Li, Chris; Shivakumar, Kaushik; Crooks, Natacha; Hellerstein, Joseph M.; Howard, Heidi",2024,PROCEEDINGS OF THE ACM ON MANAGEMENT OF DATA,10.1145/3639257,https://www.webofscience.com/wos/woscc/full-record/WOS:001814663900001,adjacent-subtopic,"Distributed protocols such as 2PC and Paxos lie at the core of many systems in the cloud, but standard implementations do not scale. New scalable distributed protocols are developed through careful analysis and rewrites, but this process is ad hoc and error-prone. This paper presents an approach for scaling any distributed protocol by applying rule-driven rewrites, borrowing from query optimization. Distributed protocol rewrites entail a new burden: reasoning about spatiotemporal correctness. We leverage order-insensitivity and data dependency analysis to systematically identify correct coordination-free scaling opportunities. We apply this analysis to create preconditions and mechanisms for coordination-free decoupling and partitioning, two fundamental vertical and horizontal scaling techniques. Manual rule-driven applications of decoupling and partitioning improve the throughput of 2PC by 5 & times; and Paxos by 3 & times;, and match state-of-the-art throughput in recent work. These results point the way toward automated optimizers for distributed protocols based on correct-by-construction rewrite rules.",wos,llm,0.970,unreviewed,
kept,A contract-based semantics and refinement for hybrid Simulink block diagrams,"Sun, Quan; Zhang, Wei; Wang, Chao; Liu, Zhiming",2023,JOURNAL OF SYSTEMS ARCHITECTURE,10.1016/j.sysarc.2023.102963,https://www.webofscience.com/wos/woscc/full-record/WOS:001139529900001,adjacent-subtopic,"Simulink is widely used for modelling, simulating, and analysing cyber-physical systems (CPS). However, for safety-critical CPS, Simulink is insufficient to ensure safety since it lacks an official formal semantics to support compositional reasoning and verification. In this paper, we present a contract-based semantic model for hybrid Simulink block diagrams, including both discrete-time and continuous-time blocks. In our semantic formalisation, the semantics of a block is defined as a contract, and we define five operations on contracts, which are sequential composition, parallel composition, feedback composition, variable renaming, and variable hiding. We then develop a refinement calculus for hybrid Simulink block diagrams. Finally, we use a water tank system and a vehicle speed control system as case studies to demonstrate our approach.",wos,llm,0.700,unreviewed,
discarded,Learning Guided Automated Reasoning: A Brief Survey,"Blaauwbroek, Lasse; Cerna, David M.; Gauthier, Thibault; Jakubuv, Jan; Kaliszyk, Cezary; Suda, Martin; Urban, Josef",2024,LOGICS AND TYPE SYSTEMS IN THEORY AND PRACTICE,10.1007/978-3-031-61716-4_4,https://www.webofscience.com/wos/woscc/full-record/WOS:001283291600005,adjacent-subtopic,"Automated theorem provers and formal proof assistants are general reasoning systems that are in theory capable of proving arbitrarily hard theorems, thus solving arbitrary problems reducible to mathematics and logical reasoning. In practice, such systems however face large combinatorial explosion, and therefore include many heuristics and choice points that considerably influence their performance. This is an opportunity for trained machine learning predictors, which can guide the work of such reasoning systems. Conversely, deductive search supported by the notion of logically valid proof allows one to train machine learning systems on large reasoning corpora. Such bodies of proof are usually correct by construction and when combined with more and more precise trained guidance they can be boostrapped into very large corpora, with increasingly long reasoning chains and possibly novel proof ideas.

In this paper we provide an overview of several automated reasoning and theorem proving domains and the learning and AI methods that have been so far developed for them. These include premise selection, proof guidance in several settings, AI systems and feedback loops iterating between reasoning and learning, and symbolic classification problems.",wos,llm,0.970,unreviewed,
discarded,Solving the Farmer's Dilemma with FlexBE Using GR(1) Synthesis,"Luzier, Josh; Conner, David C.",2024,SOUTHEASTCON 2024,10.1109/SOUTHEASTCON52093.2024.10500189,https://www.webofscience.com/wos/woscc/full-record/WOS:001219464000195,adjacent-subtopic,"This paper presents synthesis tools for the ROS 2 version of the Flexible Behavior Engine (F1exBE). Synthesis reduces the need for extensive testing and validation of hand crafted controllers by using mathematically precise specifications to generate ""correct-by-construction"" behavior controllers. Our approach builds upon work using the GR(1) (General Reactivity of rank 1) fragment of LTL to synthesize a reactive hierarchical finite state machine that can be directly executed in F1exBE. The presented work expands on previous ROS 1 tools, and extends them to ROS 2 in a way that supports more general specifications that incorporate environmental states.

This paper presents an accessible open-source demonstration that serves as a general introduction to these powerful synthesis techniques.",wos,llm,0.970,unreviewed,
discarded,A correct-by-construction conversion from lambda calculus to combinatory logic,"Swierstra, Wouter",2023,JOURNAL OF FUNCTIONAL PROGRAMMING,10.1017/S0956796823000084,https://www.webofscience.com/wos/woscc/full-record/WOS:001105693000001,adjacent-subtopic,"This pearl defines a translation from well-typed lambda terms to combinatory logic, where both the preservation of types and the correctness of the translation are enforced statically.",wos,llm,0.960,unreviewed,
discarded,A formal approach for the correct deployment of cloud applications,"Mammar, Amel; Belguidoum, Meriem; Hiba, Saddam Hocine",2024,SCIENCE OF COMPUTER PROGRAMMING,10.1016/j.scico.2023.103048,https://www.webofscience.com/wos/woscc/full-record/WOS:001111688400001,adjacent-subtopic,"The deployment of cloud applications is a complex task. It refers to the enablement of SaaS, PaaS or IaaS solutions that may be accessed on demand by end users. It encompasses all the activities from installation to uninstallation, including reconfiguration, etc. To facilitate the deployment of cloud applications, it is essential to design them as component-based applications in order to favor the design by reusing and reducing the development cost. However, assembling components can be a tedious and error-prone task if sufficient precautions are not taken regarding different constraints, dependencies, and conflicts between components. In this paper, we introduce a formal EVENT-B-based approach for the modeling and the verification of component-based applications deployment. Our goal is to build correct by-construction systems that fulfill the different constraints regarding the components, the cloud infrastructure, and the deployment process. Basically, our approach starts with an abstract model describing the main concepts of the system. Then different details are gradually introduced through refinement. For each refinement step, proof obligations are produced to ensure the model's correctness. The obtained formal model consists of a precise specification on which mathematical reasoning can be carried out to prove the correctness of our component-based application model and validate its deployment in a cloud environment by using PROB. The presented approach is illustrated through a case study.",wos,llm,0.950,unreviewed,
discarded,Clock tree generation by abutment in synchoros VLSI design,"Stathis, Dimitrios; Chaourani, Panagiotis; Jafri, Syed M. A. H.; Hemani, Ahmed",2023,MICROPROCESSORS AND MICROSYSTEMS,10.1016/j.micpro.2023.104913,https://www.webofscience.com/wos/woscc/full-record/WOS:001100236200001,off-topic-false-hit,"Synchoros VLSI design style has been proposed as an alternative to standard cell-based design. Standard cells are replaced by synchoros, large grain, VLSI design objects called SiLago (Silicon Lego) blocks. This new design style eliminates the need to synthesise ad hoc wires of any type: functional and infrastructural. SiLago blocks are organised into region instances. In a region instance, communication amongst SiLago blocks is synchronous and happens over a regional network on chip (NoC), whose fragments are also absorbed into SiLago blocks. Consequently, the regional NoCs get created by the abutment of SiLago blocks. The clock tree used in a region is called a regional clock tree (RCT). The synchoros VLSI design style requires that the RCT, like the regional NoCs, is also created by abutting its fragments. The RCT fragments are absorbed within the SiLago blocks. The RCT created by the abutment is not an ad-hoc clock tree but a structured and predictable design with known cost metrics. The design of such an RCT is the focus of this paper. The scheme is scalable, and we demonstrate that the proposed RCT can be generated for valid VLSI designs of similar to 1.5 million gates. The RCT created by abutment is correct by construction, and its properties are predictable. Additionally, we present an in-depth description of the method used to find the optimal configuration for the proposed design. We have validated the generated RCTs with static timing analysis to validate the correct-by-construction claim. Finally, we show that the cost metrics of the SiLago RCT is comparable to the one generated by commercial EDA tools.",wos,llm,0.990,unreviewed,
discarded,An Optimized Approach for Assisted Firewall Anomaly Resolution,"Bringhenti, Daniele; Seno, Lucia; Valenza, Fulvio",2023,IEEE ACCESS,10.1109/ACCESS.2023.3328194,https://www.webofscience.com/wos/woscc/full-record/WOS:001100848800001,off-topic-false-hit,"The security configuration of firewalls is a complex task that is commonly performed manually by network administrators. As a consequence, among the rules composing firewall policies, they often introduce anomalies, which can be classified into sub-optimizations and conflicts, and which must be solved to allow the expected firewall behavior. The severity of this problem has been recently exacerbated by the increasing size and heterogeneity of next-generation computer networks. In this context, a main research challenge is the definition of approaches that may help the administrators in identifying and resolving the anomalies afflicting the policies they write. However, the strategies proposed in literature are fully automated, and thus potentially dangerous because the error-fixing process is not under human control. Therefore, this paper proposes an optimized approach to provide assisted firewall anomaly detection and resolution. This approach solves automatically only sub-optimizations, while it interacts with human users through explicit queries related to the resolution of conflicts, as their automatic resolution may lead to undesired configurations. The proposed approach also reduces the number of required interactions, with the aim to reduce the workload required to administrators, and employs satisfiability checking techniques to provide a correct-by-construction result. A framework implementing this methodology has been finally evaluated in use cases showcasing its applicability and optimization.",wos,llm,0.980,unreviewed,
