status,title,authors,year,venue,doi,url,tags,abstract,provider,decision_source,llm_confidence,llm_review_outcome,llm_change_direction
discarded,A Bi-Directional Refinement Algorithm for the Calculus of (Co)Inductive Constructions,Andrea Asperti; Wilmer Ricciotti; Claudio Sacerdoti Coen; Enrico Tassi,2012,Log. Methods Comput. Sci.,10.2168/LMCS-8(1:18)2012,https://dblp.org/rec/journals/corr/abs-1202-4905,off-topic-false-hit,"The paper describes the renement algorithm for the Calculus of (Co)Inductive Constructions (CIC) implemented in the interactive theorem prover Matita. The renement algorithm is in charge of giving a meaning to the terms, types and proof terms directly written by the user or generated by using tactics, decision procedures or general automation. The terms are written in an \external syntax"" meant to be user friendly that allows omission of information, untyped binders and a certain liberal use of user dened sub-typing. The rener modies the terms to obtain related well typed terms in the internal syntax understood by the kernel of the ITP. In particular, it acts as a type inference algorithm when all the binders are untyped. The proposed algorithm is bi-directional: given a term in external syntax and a type expected for the term, it propagates as much typing information as possible towards the leaves of the term. Traditional mono-directional algorithms, instead, proceed in a bottom- up way by inferring the type of a sub-term and comparing (unifying) it with the type expected by its context only at the end. We propose some novel bi-directional rules for CIC that are particularly eective. Among the benets of bi-directionality we have better error message reporting and better inference of dependent types. Moreover, thanks to bi-directionality, the coercion system for sub-typing is more eective and type inference generates simpler unication problems that are more likely to be solved by the inherently incomplete higher order unication algorithms implemented. Finally we introduce in the external syntax the notion of vector of placeholders that enables to omit at once an arbitrary number of arguments. Vectors of placeholders allow a trivial implementation of implicit arguments and greatly simplify the implementation of primitive and simple tactics.",dblp,llm,0.980,unreviewed,
kept,Using refinement calculus techniques to prove linearizability.,Bengt Jonsson 0001,2012,Formal Aspects Comput.,10.1007/S00165-012-0250-7,https://dblp.org/rec/journals/fac/Jonsson12,supports-claim,,dblp,llm,0.950,unreviewed,
discarded,A Geometrical Refinement of Shape Calculus Enabling Direct Simulation.,Federico Buti; Flavio Corradini; Emanuela Merelli; Luca Tesei,2012,SIMULTECH,,https://dblp.org/rec/conf/simultech/ButiCMT12,off-topic-false-hit,,dblp,llm,0.970,unreviewed,
discarded,Local abstraction-refinement for the μ-calculus.,Harald Fecher; Sharon Shoham,2011,Int. J. Softw. Tools Technol. Transf.,10.1007/S10009-011-0202-1,https://dblp.org/rec/journals/sttt/FecherS11,off-topic-false-hit,,dblp,llm,0.990,unreviewed,
kept,A Graph-Based Implementation for Mechanized Refinement Calculus of OO Programs.,Zhiming Liu 0001; Charles Morisset; Shuling Wang 0003,2010,SBMF,10.1007/978-3-642-19829-8_17,https://dblp.org/rec/conf/sbmf/LiuMW10,adjacent-subtopic,,dblp,llm,0.900,unreviewed,
discarded,Abstraction-refinement and modularity in μ-calculus model checking.,Sharon Shoham,2009,,,https://dblp.org/rec/phd/il/Shoham09,off-topic-false-hit,,dblp,llm,0.990,unreviewed,
kept,Feature featherweight java: a calculus for feature-oriented programming and stepwise refinement.,Sven Apel; Christian Kästner; Christian Lengauer,2008,GPCE,10.1145/1449913.1449931,https://dblp.org/rec/conf/gpce/ApelKL08,supports-claim,,dblp,llm,0.940,unreviewed,
kept,Safe Modification of Pointer Programs in Refinement Calculus.,Susumu Nishimura,2008,MPC,10.1007/978-3-540-70594-9_16,https://dblp.org/rec/conf/mpc/Nishimura08,adjacent-subtopic,,dblp,llm,0.880,unreviewed,
kept,Refinement Calculus as a Theory of Contracts (Invited Paper).,Ralph-Johan Back,2008,UTP,10.1007/978-3-642-14521-6_1,https://dblp.org/rec/conf/utp/Back08,supports-claim,,dblp,llm,0.860,unreviewed,
discarded,When not losing is better than winning: Abstraction and refinement for the full mu-calculus.,Orna Grumberg; Martin Lange 0001; Martin Leucker; Sharon Shoham,2007,Inf. Comput.,10.1016/J.IC.2006.10.009,https://dblp.org/rec/journals/iandc/GrumbergLLS07,off-topic-false-hit,"This work presents a novel game-based approach to abstraction- refinement for the full V-calculus, interpreted over 3-valued semantics. A novel notion of non-losing strategy is introduced and exploited for refinement. Previous works on refinement in the context of 3-valued semantics require a direct algorithm for solving a 3-valued model checking game. This was necessary in order to have the information needed for refinement available on one game board. In contrast, while still considering a 3-valued model checking game, here we reduce the problem of solving the game to solving two 2-valued model checking (parity) games. In case the result is indefinite (don ' t know), the corresponding non-losing strategies, when combined, hold all the information needed for refinement. This approach is beneficial since it can use any solver for 2-valued parity games. Thus, it can take advantage of newly developed such algorithms with improved complexity. (c) 2007 Elsevier Inc. All rights reserved.",dblp,llm,0.990,unreviewed,
kept,Procedures and parameters in the real-time program refinement calculus.,Ian J. Hayes,2007,Sci. Comput. Program.,10.1016/J.SCICO.2006.06.002,https://dblp.org/rec/journals/scp/Hayes07,supports-claim,"The real-time refinement calculus is a formal method for the systematic derivation of real-time programs from real-time specifications in a style similar to the non-real-time refinement calculi of Back and Morgan. In this paper we extend the real-time refinement calculus with procedures and provide refinement rules for refining real-time specifications to procedure calls. A real-time specification can include constraints on, not only what outputs are produced, but also when they are produced. The derived programs can also include time constraints oil when certain points in the program must be reached; these are expressed in the form of deadline commands. Such programs are machine independent. An important consequence of the approach taken is that, not only are the specifications machine independent, but the whole refinement process is machine independent. To implement the machine independent code on a target machine one has a separate task of showing that the compiled machine code will reach all its deadlines before they expire.

For real-time programs, externally observable input and output variables are essential. These differ from local variables in that their values are observable over the duration of the execution of the program. Hence procedures require input and output parameter mechanisms that are references to the actual parameters so that changes to external inputs are observable within the procedure and changes to output parameters are externally observable. In addition, we allow value and result parameters. These may be auxiliary parameters, which are used for reasoning about the correctness of real-time programs as well as in the expression of timing deadlines, but do not lead to any code being generated for them by a compiler. (c) 2006 Elsevier B.V. All rights reserved.",dblp,llm,0.950,unreviewed,
kept,Stepwise Development of Simulink Models Using the Refinement Calculus Framework.,Pontus Boström; Lionel Morel; Marina Waldén,2007,ICTAC,10.1007/978-3-540-75292-9_6,https://dblp.org/rec/conf/ictac/BostromMW07,supports-claim,,dblp,llm,0.880,unreviewed,
discarded,Local Abstraction-Refinement for the mu-Calculus.,Harald Fecher; Sharon Shoham,2007,SPIN,10.1007/978-3-540-73370-6_3,https://dblp.org/rec/conf/spin/FecherS07,off-topic-false-hit,,dblp,llm,0.990,unreviewed,
kept,Intuitionistic Refinement Calculus.,Sylvain Boulmé,2007,TLCA,10.1007/978-3-540-73228-0_6,https://dblp.org/rec/conf/tlca/Boulme07,adjacent-subtopic,,dblp,llm,0.840,unreviewed,
discarded,"A Calculus for Generation, Verification and Refinement of BPEL Specifications.",Faisal Abouzaid; John Mullins,2007,WWV,10.1016/J.ENTCS.2008.04.092,https://dblp.org/rec/journals/entcs/AbouzaidM08,adjacent-subtopic,"Business Process Execution Language for Web Services (WS-BPEL) is the emerging standard for designing Web Services compositions. In this context, formal methods can contribute to increased reliability and consistency in the BPEL design process. In this paper we propose an approach based on the HAL Toolkit that allows verification of the correctness of the behavior of a @p-based specification of interacting Web Services, and generates the BPEL processes that have the same behavior. This correlation based on two-way mapping between the @p-based orchestration calculus and BPEL. This approach facilitates the verification and refinement process and may be applied to any BPEL implementation.",dblp,llm,0.720,unreviewed,
kept,Procedure compilation in the refinement calculus.,Karl Lermer; Colin J. Fidge,2006,Formal Aspects Comput.,10.1007/S00165-006-0091-3,https://dblp.org/rec/journals/fac/LermerF06,supports-claim,High-level language program compilation strategies can be proven correct by modelling the process as a series of refinement steps from source code to a machine-level description. We show how this can be done for programs containing recursively-defined procedures in the well-established predicate transformer semantics for refinement. To do so the formalism is extended with an abstraction of the way stack frames are created at run time for procedure parameters and variables.,dblp,llm,0.930,unreviewed,
kept,rCOS: A refinement calculus of object systems.,Jifeng He 0001; Xiaoshan Li; Zhiming Liu 0001,2006,Theor. Comput. Sci.,10.1016/J.TCS.2006.07.034,https://dblp.org/rec/journals/tcs/HeLL06,supports-claim,,dblp,llm,0.970,unreviewed,
kept,"Refinement calculus: A basis for translation validation, debugging and certification.",Rohit N. Kundaji; R. K. Shyamasundar,2006,Theor. Comput. Sci.,10.1016/J.TCS.2005.11.013,https://dblp.org/rec/journals/tcs/KundajiS06,adjacent-subtopic,"In this paper, we show how refinement calculus provides a basis for translation validation of optimized programs written in high level languages. Towards such a direction, we shall provide a generalized proof rule for establishing refinement of source and target programs for which one need not have to know the underlying program transformations. Our method is supported by a semi-automatic tool that uses a theorem prover for validating the veritication conditions. We further show that the translation validation infrastructure provides an effective basis for deriving semantic debuggers and illustrate the development of a simple debugger for optimized programs using this approach using Prolog. A distinct advantage of semantic debugging is that it permits the user to change values at run-time only when the values are consistent with the underlying semantics. (c) 2005 Elsevier B.V. All rights reserved.",dblp,llm,0.830,unreviewed,
discarded,A Calculus for the Refinement and Evolution of Multi-user Mobile Applications.,W. Greg Phillips; T. C. Nicholas Graham; Christopher Wolfe,2005,DSV-IS,10.1007/11752707_12,https://dblp.org/rec/conf/dsvis/PhillipsGW05,adjacent-subtopic,,dblp,llm,0.680,unreviewed,
kept,A refinement calculus for software components and architectures.,Marco Antonio Barbosa,2005,ESEC/SIGSOFT FSE,10.1145/1081706.1081767,https://dblp.org/rec/conf/sigsoft/Barbosa05,adjacent-subtopic,,dblp,llm,0.800,unreviewed,
kept,Practical Data Refinement for the Z Schema Calculus.,Lindsay Groves,2005,ZB,10.1007/11415787_23,https://dblp.org/rec/conf/zum/Groves05,adjacent-subtopic,,dblp,llm,0.860,unreviewed,
kept,Towards an object-oriented refinement calculus,Jamie Barry Nathan Shield,2004,,,https://dblp.org/rec/phd/au/Shield04,adjacent-subtopic,,dblp,llm,0.790,unreviewed,
kept,ERC - An object-oriented refinement calculus for Eiffel.,Richard F. Paige; Jonathan S. Ostroff,2004,Formal Aspects Comput.,10.1007/S00165-003-0024-3,https://dblp.org/rec/journals/fac/PaigeO04,supports-claim,"We present a refinement calculus for transforming object-oriented (OO) specifications (or 'contracts') of classes into executable Eiffel programs. The calculus includes the usual collection of algorithmic refinement rules for assignments, if-statements, and loops. However, the calculus also deals with some of the specific challenges of OO, namely rules for introducing feature calls and reference types (involving aliasing). The refinement process is compositional in the sense that a class specification is refined to code based only on the specifications (not the implementations) of the classes that the specification depends upon. We discuss how automated support for such a process can be developed based on existing tools. This work is done in the context of a larger project involving methods for the seamless design of OO software in the graphical design notation BON (akin to UML). The goal is to maintain model and source code integrity, i.e., the software developer can work on either the model or the code, where (ideally) changes in one view are reflected instantaneously and automatically in all views.",dblp,llm,0.940,unreviewed,
discarded,Development of Semantic Debuggers Based on Refinement Calculus.,Rohit N. Kundaji; R. K. Shyamasundar,2004,ICLP,10.1007/978-3-540-27775-0_38,https://dblp.org/rec/conf/iclp/KundajiS04,adjacent-subtopic,,dblp,llm,0.700,unreviewed,
discarded,Mutation Testing in the Refinement Calculus.,Bernhard K. Aichernig,2003,Formal Aspects Comput.,10.1007/S00165-003-0011-8,https://dblp.org/rec/journals/fac/Aichernig03,adjacent-subtopic,,dblp,llm,0.810,unreviewed,
discarded,General parameterised refinement and recursion for the M-net calculus.,Raymond Devillers; Hanna Klaudel; Robert-C. Riemann,2003,Theor. Comput. Sci.,10.1016/S0304-3975(02)00088-9,https://dblp.org/rec/journals/tcs/DevillersKR03,off-topic-false-hit,"The algebra of M-nets, a high-level class of labelled Petri nets, was introduced in order to cope with the size problem of the low-level Petri box calculus, especially when applied as semantical domain for parallel programming languages. General, unrestricted and parameterised refinement and recursion operators, allowing to represent the (possibly recursive and concurrent) procedure call mechanism, are introduced into the M-net calculus. (C) 2002 Elsevier Science B.V. All rights reserved.",dblp,llm,0.880,unreviewed,
kept,Operation Refinement and Monotonicity in the Schema Calculus.,Moshe Deutsch; Martin C. Henson; Steve Reeves,2003,ZB,10.1007/3-540-44880-2_9,https://dblp.org/rec/conf/zum/DeutschHR03,adjacent-subtopic,,dblp,llm,0.820,unreviewed,
kept,A Refinement Calculus for Shared-Variable Parallel and Distributed Programming.,Jürgen Dingel,2002,Formal Aspects Comput.,10.1007/S001650200032,https://dblp.org/rec/journals/fac/Dingel02,supports-claim,,dblp,llm,0.970,unreviewed,
kept,A refinement calculus for logic programs.,Ian J. Hayes; Robert Colvin; David Hemer; Paul A. Strooper; Ray Nickson,2002,Theory Pract. Log. Program.,10.1017/S1471068402001448,https://dblp.org/rec/journals/tplp/HayesCHSN02,supports-claim,"Existing refinement calculi provide frameworks for the stepwise development of imperative programs from specifications. This paper presents a refinement calculus for deriving logic programs. The calculus contains a wide-spectrum logic programming language, including executable constructs such as sequential conjunction, disjunction, and existential quantification, as well as specification constructs such as general predicates, assumptions and universal quantification. A declarative semantics is defined for this wide-spectrum language based on executions. Executions are partial functions from states to states, where a state is represented as a set of bindings. The semantics is used to define the meaning of programs and specifications, including parameters and recursion. To complete the calculus, a notion of correctness-preserving refinement over programs in the wide-spectrum language is defined and refinement laws for developing programs are introduced. The refinement calculus is illustrated using example derivations and prototype tool support is discussed.",dblp,llm,0.970,unreviewed,
kept,The Real-Time Refinement Calculus: A Foundation for Machine-Independent Real-Time Programming.,Ian J. Hayes,2002,ICATPN,10.1007/3-540-48068-4_3,https://dblp.org/rec/conf/apn/Hayes02,supports-claim,,dblp,llm,0.900,unreviewed,
kept,Towards a Refinement Calculus for Concurrent Real-Time Programs.,Sibylle Peuker; Ian J. Hayes,2002,ICFEM,10.1007/3-540-36103-0_35,https://dblp.org/rec/conf/icfem/PeukerH02,adjacent-subtopic,,dblp,llm,0.860,unreviewed,
discarded,Contract-based mutation testing in the refinement calculus.,Bernhard K. Aichernig,2002,Refine,10.1016/S1571-0661(05)82561-7,https://dblp.org/rec/journals/entcs/Aichernig02,adjacent-subtopic,"This article discusses mutation testing strategies in the context of refinement. Here, a novel generalization of mutation testing techniques is presented to be applied to contracts ranging from formal specifications to programs. It is demonstrated that refinement and its dual abstraction are the key notions leading to a precise and yet simple theory of mutation testing. The refinement calculus of Back and von Wright is used to express the concepts like contracts, useful mutations, test-cases and test-coverage.",dblp,llm,0.740,unreviewed,
kept,Refinement and the Z schema calculus.,Lindsay Groves,2002,Refine,10.1016/S1571-0661(05)80486-4,https://dblp.org/rec/journals/entcs/Groves02,adjacent-subtopic,"Abstract It is well known that the principal operators in the Z schema calculus are not monotonic with respect to refinement, which limits their usefulness in software development. The usual reaction to this observation is to remove all schema operators before performing any kind of refinement, or to move to a different formalism such as B or the refinement calculus. This paper examines the interaction between refinement and the schema calculus more closely, showing exactly how non-monotonicity arises, and identifying various conditions under which components of schema expressions can be safely replaced by their refinements. This analysis uses a decomposition of the standard refinement relation into two simpler relations that allow us to study refinements that modify a specification in different ways.",dblp,llm,0.900,unreviewed,
discarded,A Refinement Calculus for Logic Programs,Ian J. Hayes; Robert Colvin; David Hemer; Paul A. Strooper; Ray Nickson,2002,CoRR,,https://dblp.org/rec/journals/corr/cs-SE-0202002,duplicate-reprint-of-cited-source,,dblp,llm,0.990,unreviewed,
kept,A sequential real-time refinement calculus.,Ian J. Hayes; Mark Utting,2001,Acta Informatica,10.1007/PL00013311,https://dblp.org/rec/journals/acta/HayesU01,supports-claim,,dblp,llm,0.960,unreviewed,
discarded,A Partition Refinement Algorithm for the -Calculus.,Marco Pistore; Davide Sangiorgi,2001,Inf. Comput.,10.1006/INCO.2000.2895,https://dblp.org/rec/journals/iandc/PistoreS01,off-topic-false-hit,"The partition refinement algorithm is the basis for most of the tools for checking bisimulation equivalences and for computing minimal realisations of CCS-like finite state processes. In this paper, we present a partition refinement algorithm for the n-calculus, a development of CCS where channel names can be communicated. It can be used to check bisimilarity and to compute minimal realisations of finite control processes-the n-calculus counterpart of CCS finite state processes. The algorithm is developed for strong open bisimulation and can be adapted to late and early bisimulations, as well as to weak bisimulations. To arrive at the algorithm, a few laws, proof techniques, and four characterizations of open bisimulation are proved. (C) 2001 Academic Press.",dblp,llm,0.990,unreviewed,
kept,A Formal Software Development Approach Using Refinement Calculus.,Yunfeng Wang; Jun Pang 0001; Ming Zha; Zhaohui Yang; Guoliang Zheng,2001,J. Comput. Sci. Technol.,10.1007/BF02943203,https://dblp.org/rec/journals/jcst/YunfengJMZZ01,supports-claim,"The advantage of COOZ (Complete Object-Oriented Z) is to specify large scale software, but it does not support refinement calculus. Thus its application is confined for software development. Including refinement calculus into COOZ overcomes its disadvantage during design and implementation. The separation between the design and implementation for structure and notation is removed as well. Then the software can be developed smoothly in the same frame. The combination of COOZ and refinement calculus can build object-oriented frame, in which the specification in COOZ is refined stepwise to code by calculus. In this paper, the development model is established, which is based on COOZ and refinement calculus. Data refinement is harder to deal with in a refinement tool than ordinary algorithmic refinement, since data refinement usually has to be done on a large program component at once. As to the implementation technology of refinement calculus, the data refinement calculator is constructed and an approach for data refinement which is based on data refinement calculus and program window inference is offered.",dblp,llm,0.950,unreviewed,
