status,title,authors,year,venue,doi,url,tags,abstract,provider,decision_source,llm_confidence,llm_review_outcome,llm_change_direction
kept,STREAM,Michael E. Caspersen; Michael Kölling,2009,ACM Transactions on Computing Education,10.1145/1513593.1513597,https://openalex.org/W2097910337,supports-claim,"Programming is recognized as one of seven grand challenges in computing education. Decades of research have shown that the major problems novices experience are composition-based---they may know what the individual programming language constructs are, but they do not know how to put them together. Despite this fact, textbooks, educational practice, and programming education research hardly address the issue of teaching the skills needed for systematic development of programs. We provide a conceptual framework for incremental program development, called Stepwise Improvement, which unifies best practice in modern software development such as test-driven development and refactoring with the prevailing perspective of programming methodology, stepwise refinement. The conceptual framework enables well-defined characterizations of incremental program development. We utilize the conceptual framework to derive a programming process, STREAM, designed specifically for novices. STREAM is a carefully down-scaled version of a full and rich agile software engineering process particularly suited for novices learning object-oriented programming. In using it we hope to achieve two things: to help novice programmers learn faster and better while at the same time laying the foundation for a more thorough treatment of more advanced aspects of software engineering. In this article, two examples demonstrate the application of STREAM. The STREAM process has been taught in the introductory programming courses at our universities for the past three years and the results are very encouraging. We report on a small, preliminary study evaluating the learning outcome of teaching STREAM. The study indicates a positive effect on the development of students’ process competences.",openalex,llm,0.950,unreviewed,
kept,Hidden-Markov program algebra with iteration,Annabelle McIver; Larissa Meinicke; Carroll Morgan,2015,Queensland's institutional digital repository (The University of Queensland),,https://openalex.org/W3102249367,supports-claim,"We use hidden Markov models to motivate a quantitative compositional semantics for noninterference-based security with iteration, including a refinement- or 'implements' relation that compares two programs with respect to their information leakage; and we propose a program algebra for source-level reasoning about such programs, in particular as a means of establishing that an 'implementation' program leaks no more than its 'specification' program. This joins two themes: we extend our earlier work, having iteration but only qualitative (Morgan 2009), by making it quantitative; and we extend our earlier quantitative work (McIver et al. 2010) by including iteration. We advocate stepwise refinement and source-level program algebra - both as conceptual reasoning tools and as targets for automated assistance. A selection of algebraic laws is given to support this view in the case of quantitative noninterference; and it is demonstrated on a simple iterated password-guessing attack.",openalex,llm,0.900,unreviewed,
kept,Program specification and data refinement in type theory,Zhaohui Luo,1991,Lecture notes in computer science,10.1007/3-540-53982-4_9,https://openalex.org/W2099229151,supports-claim,,openalex,llm,0.800,unreviewed,
kept,Program specification and data refinement in type theory,Zhaohui Luo,1993,Mathematical Structures in Computer Science,10.1017/s0960129500000256,https://openalex.org/W2105528288,supports-claim,"The study of type theory may offer a uniform language for modular programming, structured specification and logical reasoning. We develop an approach to program specification and data refinement in a type theory with a strong logical power and nice structural mechanisms to show that it provides an adequate formalism for modular development of programs and specifications. Specification of abstract data types is considered, and a notion of abstract implementation between specifications is defined in the type theory and studied as a basis for correct and modular development of programs by stepwise refinement. The higher-order structural mechanisms in the type theory provide useful and flexible tools (specification operations and parameterized specifications) for modular design and structured specification. Refinement maps (programs and design decisions) and proofs of implementation correctness can be developed by means of the existing proof development systems based on type theories.",openalex,llm,0.960,unreviewed,
discarded,Performance preorder: Ordering processes with respect to speed,Flavio Corradini; Roberto Gorrieri; Marco Roccetti,1995,Lecture notes in computer science,10.1007/3-540-60246-1_150,https://openalex.org/W1495199168,adjacent-subtopic,,openalex,llm,0.690,unreviewed,
discarded,Pre-logical Relations,Furio Honsell; Donald Sannella,1999,Lecture notes in computer science,10.1007/3-540-48168-0_38,https://openalex.org/W1606119104,adjacent-subtopic,,openalex,llm,0.660,unreviewed,
kept,Stepwise Refinement of Layered Protocols by Formal Program Development,Terry Stroup; Norbert Götz; Michael Mendler,1989,,,https://openalex.org/W33804046,supports-claim,,openalex,llm,0.890,unreviewed,
kept,SPECWARE: An advanced environment for the formal development of complex software systems,R. Juellig; Yellamraju V. Srinivas; J. Liu,1996,Lecture notes in computer science,10.1007/bfb0014339,https://openalex.org/W1539972358,supports-claim,,openalex,llm,0.820,unreviewed,
kept,An empirical evaluation of six methods to detect faults in software,Sun Sup So; Sung Deok; Timothy J. Shimeall; Yong Rae Kwon,2002,Software Testing Verification and Reliability,10.1002/stvr.248,https://openalex.org/W2006806790,supports-claim,"Abstract Although numerous empirical studies have been conducted to measure the fault detection capability of software analysis methods, few studies have been conducted using programs of similar size and characteristics. Therefore, it is difficult to derive meaningful conclusions on the relative detection ability and cost‐effectiveness of various fault detection methods. In order to compare fault detection capability objectively, experiments must be conducted using the same set of programs to evaluate all methods and must involve participants who possess comparable levels of technical expertise. One such experiment was ‘Conflict1’, which compared voting, a testing method, self‐checks, code reading by stepwise refinement and data‐flow analysis methods on eight versions of a battle simulation program. Since an inspection method was not included in the comparison, the authors conducted a follow‐up experiment ‘Conflict2’, in which five of the eight versions from Conflict1 were subjected to Fagan inspection. Conflict2 examined not only the number and types of faults detected by each method, but also the cost‐effectiveness of each method, by comparing the average amount of effort expended in detecting faults. The primary findings of the Conflict2 experiment are the following. First, voting detected the largest number of faults, followed by the testing method, Fagan inspection, self‐checks, code reading and data‐flow analysis. Second, the voting, testing and inspection methods were largely complementary to each other in the types of faults detected. Third, inspection was far more cost‐effective than the testing method studied. Copyright © 2002 John Wiley & Sons, Ltd.",openalex,llm,0.870,unreviewed,
discarded,Development and calibration of a soil carbon inventory model for New Zealand,Stephen McNeill; Nancy E. Golubiewski; James Barringer,2014,Soil Research,10.1071/sr14020,https://openalex.org/W2157787310,off-topic-false-hit,"A soil organic carbon (SOC) and SOC change model for New Zealand is developed for use in national SOC inventory reporting. The foundation for the model is a generalised least-squares regression, based on explanatory variables of land use, soil–climate class, and erosivity. The SOC change model is based on the assumption that changes in SOC over a decadal timescale are usually restricted to transitions in land use. Improvements to the model are then considered that are intended to reduce the uncertainty of SOC changes through reduction of the standard error of the land-use effects. Stochastic gradient boosting is used to find data layers most strongly associated with SOC. The most influential of these were then used in a general least-squares model after stepwise refinement. The stepwise-refined model significantly reduced the standard error for SOC, but did not result in a consistent reduction in the standard error for land-use classes, nor did it result in an improvement in the SOC change model. The method of calculating SOC change from a transition between two land-use classes is described, along with the significance of the transition, by use of a multi-comparison significance procedure.",openalex,llm,0.990,unreviewed,
discarded,Modelling Conditional Knowledge Discovery and Belief Revision by Abstract State Machines,Christoph Beierle; Gabriele Kern-Isberner,2003,Lecture notes in computer science,10.1007/3-540-36498-6_10,https://openalex.org/W1527069946,adjacent-subtopic,,openalex,llm,0.700,unreviewed,
discarded,"On bisimulation, fault-monotonicity and provable fault-tolerance",Tomasz Janowski,1997,Lecture notes in computer science,10.1007/bfb0000478,https://openalex.org/W2106093889,adjacent-subtopic,,openalex,llm,0.720,unreviewed,
discarded,A simple algorithm for building the 3-D convex hull,Gunner Helweg Johansen; Chr Gram,1983,BIT Numerical Mathematics,10.1007/bf02218436,https://openalex.org/W2065156622,off-topic-false-hit,,openalex,llm,1.000,unreviewed,
kept,Stepwise refinement of sequence diagrams with soft real-time requirements,Atle Refsdal; Ragnhild Kobro Runde; Ketil Stølen,2011,BIBSYS Brage (BIBSYS (Norway)),10.13140/rg.2.2.28661.58082,https://openalex.org/W2183067676,adjacent-subtopic,"UML sequence diagrams and similar notations are much used to specify computer systems, serving for example as specifications for programmers, or as a means for validating requirements.When specifying and analyzing computer systems, probabilities are often essential, in particular for capturing soft real-time requirements.It is also important to be able to specify systems at different levels of abstraction, depending on how far the development has progressed and the purpose of the specification.Refinement is a means to relate abstract specifications to more concrete specifications in such a way that requirements and analysis results are preserved through the transition from the abstract to the more concrete level.This paper presents an approach to extend UML 2.x sequence diagrams to capture probabilistic choice in general and soft real-time requirements in particular.The approach is supported by formal semantics and pragmatic refinement relations.The refinement relations have mathematical properties that allow specifications to be developed in a stepwise and modular manner.An example focusing on communication is provided to demonstrate the use and usefulness of the language and the refinement relations.",openalex,llm,0.880,unreviewed,
kept,"Proceedings on Stepwise refinement of distributed systems: models, formalisms, correctness",J. W. de Bakker; Willem P. de Roever; Grzegorz Rozenberg,1990,,,https://openalex.org/W2913657237,supports-claim,,openalex,llm,0.930,unreviewed,
discarded,Diagnosing skin disease in primary care: a qualitative study of GPs’ approaches: Table 1.,Marie-Luise Rübsam; Maximilian Esch; Erika Baum; Stefan Bösner,2015,Family Practice,10.1093/fampra/cmv056,https://openalex.org/W1905180544,off-topic-false-hit,"BACKGROUND: Skin diseases are a common reason for consulting a GP. This regular occurrence happens despite most GPs' lack of knowledge and training in skin disease. OBJECTIVES: We aimed to explore different diagnostic approaches of GPs in patients presenting with a dermatological problem. In addition, we aimed to identify strategies used by GPs to handle diagnostic uncertainty in these patients. METHODS: We conducted interviews (20-40 minutes) with 14 GPs using a semi-structured guideline. Recalling encounters with patients with skin disease, GPs described their individual diagnostic strategies. Interviews were taped and transcribed verbatim. Qualitative analysis was conducted by two independent raters using a deductive-inductive approach. RESULTS: We identified several aspects of a complex decision-making process in GPs' diagnostic management of patients with dermatological problems. In the general diagnostic workup, GPs used a broad spectrum of different strategies such as spot diagnosis, stepwise refinement, pattern recognition trigger or test of treatment. GPs reduced diagnostic uncertainty through the identification of red flags, the application of the test of time, therapeutic trials and asking for further advice, including patient referral. CONCLUSIONS: GPs encounter a broad range of dermatological problems in their daily work using a variety of strategies in the workup of these patients. However, in a significant number of patients, there remains diagnostic uncertainty that is mainly reduced by specialist referral. Regular training in the diagnosis and treatment of common dermatological diseases should be offered to all GPs.",openalex,llm,0.990,unreviewed,
kept,Theoretical Foundations of VLSI Design,,1990,Cambridge University Press eBooks,10.1017/cbo9780511569838,https://openalex.org/W1603288866,supports-claim,"This book discusses recent research in the theoretical foundations of several subjects of importance for the design of hardware, and for computer science in general. The physical technologies of very large scale integration (VLSI) are having major effects on the electronic industry. The potential diversity and complexity of digital systems have begun a revolution in the technologies of digital design, involving the application of concepts and methods to do with algorithms and programming. In return, the problems of VLSI design have led to new subjects becoming of importance in computer science. Topics covered in this volume include: models of VLSI complexity; complexity theory; systolic algorithm design; specification theory; verification theory; design by stepwise refinement and transformations. A thorough literature survey with an exhaustive bibliography is also included. The book has grown from a workshop held at the Centre for Theoretical Computer Science at Leeds University and organised by the editors.",openalex,llm,0.860,unreviewed,
discarded,An engineering approach to hard real-time system design,Hermann Kopetz; R. Zainlinger; Gerhard Fohler; H. Kantz; Peter Puschner; Werner Schütz,1991,Lecture notes in computer science,10.1007/3540547428_48,https://openalex.org/W1603405967,adjacent-subtopic,,openalex,llm,0.700,unreviewed,
discarded,Partially resolved super transition array method,B. G. Wilson; Carlos A. Iglesias; Mau H. Chen,2015,High Energy Density Physics,10.1016/j.hedp.2015.02.007,https://openalex.org/W2023732703,off-topic-false-hit,,openalex,llm,0.990,unreviewed,
kept,Concurrency: Simple Concepts and Powerful Tools,Ian Foster,1990,The Computer Journal,10.1093/comjnl/33.6.501,https://openalex.org/W2010248698,supports-claim,"Stepwise refinement is a central program development methodology that has been applied extensively to the design of sequential and parallel programs. In this methodology, a problem is successively decomposed into subproblems in order to untangle seemingly interdependent aspects of the design. To apply the methodology to parallel programs, one must be able to separate and reason about issues such as partitioning and mapping. This paper describes programming language concepts that we have found useful in applying stepwise refinement to parallel programs. The concepts allow decisions concerning program structure to be delayed until late in the design process. This capability permits rapid experimentation with alternative structures and leads to both portable and scalable code. Although simple, the concepts form a sufficient basis for the construction of powerful programming tools. Both concepts and tools have been applied successfully in a wide variety of applications and are incorporated in a commercial concurrent programming system, Strand*.",openalex,llm,0.970,unreviewed,
discarded,Mode matching pursuit for estimating dominant modes in bulk power grid,Tao Jiang; Hongjie Jia; Jinli Zhao; Gerard Ledwich; Dan Wang; Jinan Zhang; Lulu Qiu,2014,IET Generation Transmission & Distribution,10.1049/iet-gtd.2013.0730,https://openalex.org/W2095101079,off-topic-false-hit,"This study presents a general approach to identify dominant oscillation modes in bulk power system by using wide‐area measurement system. To automatically identify the dominant modes without artificial participation, spectral characteristic of power system oscillation mode is applied to distinguish electromechanical oscillation modes which are calculated by stochastic subspace method, and a proposed mode matching pursuit is adopted to discriminate the dominant modes from the trivial modes, then stepwise‐refinement scheme is developed to remove outliers of the dominant modes and the highly accurate dominant modes of identification are obtained. The method is implemented on the dominant modes of China Southern Power Grid which is one of the largest AC/DC paralleling grids in the world. Simulation data and field‐measurement data are used to demonstrate high accuracy and better robustness of the dominant modes identification approach.",openalex,llm,0.990,unreviewed,
discarded,Document structure and multilingual authoring,Caroline Brun; Marc Dymetman; Véronika Lux,2000,,10.3115/1118253.1118258,https://openalex.org/W2084369159,off-topic-false-hit,"The use of XML-based authoring tools is swiftly becoming a standard in the world of technical documentation. An XML document is a mixture of structure (the tags) and surface (text between the tags). The structure reflects the choices made by the author during the top-down stepwise refinement of the document under control of a DTD grammar. These choices are typically choices of meaning which are independent of the language in which the document is rendered, and can be seen as a kind of interlingua for the class of documents which is modeled by the DTD. Based on this remark, we advocate a radicalization of XML authoring, where the semantic content of the document is accounted for exclusively in terms of choice structures, and where appropriate rendering/realization mechanisms are responsible for producing the surface, possibly in several languages simultaneously. In this view, XML authoring has strong connections to natural language generation and text authoring. We describe the IG (Interaction Grammar) formalism, an extension of DTD's which permits powerful linguistic manipulations, and show its application to the production of multilingual versions of a certain class of pharmaceutical documents.",openalex,llm,0.950,unreviewed,
kept,PolyAPM: Parallel Programming via Stepwise Refinement with Abstract Parallel Machines,Nils Ellmenreich; Christian Lengauer,2003,Lecture notes in computer science,10.1007/3-540-44854-3_8,https://openalex.org/W1553666856,supports-claim,,openalex,llm,0.950,unreviewed,
discarded,Automatic frequency assignment for cellular telephones using constraint satisfaction techniques,Mats Carlsson; Mats Grindal,1993,,,https://openalex.org/W1555019401,adjacent-subtopic,"We study the problem of automatic frequency assignment for cellular telephone systems. The frequency assignment problem is viewed as the problem to minimize the unsatisfied soft constraints in a constraint satisfaction problem (CSP) over a finite domain of frequencies involving co-channel, adjacent channel, and co-site constraints. The soft constraints are automatically derived from signal strength prediction data. The CSP is solved using a generalized graph coloring algorithm. Graph-theoretical results play a crucial role in making the problem tractable. Performance results from a real-world frequency assignment problem are presented. We develop the generalized graph coloring algorithm by stepwise refinement, starting from DSATUR and augmenting it with local propagation, constraint lifting, intelligent backtracking, redundancy avoidance, and iterative deepening. Key Words: frequency assignment, constraints, graph coloring, intelligent backtracking, iterative deepening. 1 Introduction...",openalex,llm,0.700,unreviewed,
