status,title,authors,year,venue,doi,url,tags,abstract,provider,decision_source,llm_confidence,llm_review_outcome,llm_change_direction
discarded,Software design by reusing architectures,S. Bhansali; H.P. Nii,1992,Proceedings of the Seventh Knowledge-Based Software Engineering Conference,10.1109/KBSE.1992.252904,https://ieeexplore.ieee.org/document/252904/,adjacent-subtopic,"Abstraction fosters reuse by providing a class of artifacts that can be instantiated or customized to produce a set of artifacts meeting different specific requirements. The authors propose that significant leverage can be obtained by abstracting software system designs and the design process. The result of such an abstraction is a generic architecture and a set of knowledge-based customization tools that can be used to instantiate the generic architecture. An approach for designing software systems based on this idea is described. The approach is illustrated through an implemented example, and the advantages and limitations of the approach are discussed.<>",ieee,llm,0.850,unreviewed,
discarded,Possibility and limitation of Process Programming,A. Kumagai,1990,Proceedings of the 6th International Software Process Workshop 'Support for the Software Process',10.1109/ISPW.1990.659590,https://ieeexplore.ieee.org/document/659590/,adjacent-subtopic,"This paper is intended to clarify the limitation and the possibility of the process programxning for the software development process from the following viewpoints. Aim and theory of process programming The gap between theory and practice, and essential questions The meaning of process programming Reflection on experiences with process description New notation for the Process Programming",ieee,llm,0.800,unreviewed,
discarded,Expert Systems in Software Maintainability,C.A. Dyer,1984,"Annual Reliability and Maintainability Symposium, 1984. Proceedings.",10.1109/RAMS.1984.764307,https://ieeexplore.ieee.org/document/764307/,adjacent-subtopic,"This paper addresses the problem of planning for software maintainability by considering the application of rule-based or ""expert systems,"" which are programs capable of simulating the problem-solving behavior of a human planner by using rules derived from previous experience and empirical observation. The development of a rule-based system for planning for software maintainability is described. Factors such as software design, number of copies of the software, distribution of the user base, the expectations and skill level of users of the software, and the expected frequency and complexity of calls from users for assistance can be taken into account in order to optimize the cost of maintaining software. The components of the system, the identification or derivation of the rules to be applied, and the interaction of such a system with the planner are shown. The advantages and limitations of this approach are examined, and the possible applications of rule based systems to other aspects of planning for software maintainability are discussed.",ieee,llm,0.930,unreviewed,
discarded,Reversible Watermarking for Digital Audio Based on Cochlear Delay Characteristics,Masashi Unoki; Ryota Miyauchi,2011,2011 Seventh International Conference on Intelligent Information Hiding and Multimedia Signal Processing,10.1109/IIHMSP.2011.99,https://ieeexplore.ieee.org/document/6079591/,off-topic-false-hit,"There have recently been serious social issues involved in multimedia signal processing such as digital rights management, secure authentication, malicious attacks, and tampering with digital audio/speech signals. Reversible watermarking is a technique that enables these signals to be authenticated and then restored to their original signals by removing watermarks from them. We previously proposed an inaudible digital-audio watermarking approach based on cochlear delay (CD). We investigated how the proposed approach could be developed as reversible watermarking by considering blind detection for inaudible watermarks and the reversibility of audio watermarking. We evaluated inaudible and reversible watermarking with the proposed approach by carrying out three objective tests (PEAQ, LSD, and bit-detection or SNR). The results revealed that reversible watermarking based on CD could be accomplished.",ieee,llm,0.990,unreviewed,
discarded,A unit test plan review methodology,C.J. Marceaux,1991,ICC 91 International Conference on Communications Conference Record,10.1109/ICC.1991.162245,https://ieeexplore.ieee.org/document/162245/,adjacent-subtopic,The unit test plan review methodology implemented by the Software Quality Circle of NEC America in order to extend the NECAM review philosophy to the unit testing arena is described. A statement of the problem and a discussion of the benefits of solving it are included. The results of preliminary and official test plan reviews are discussed.<>,ieee,llm,0.920,unreviewed,
discarded,Generation test case from UML activity diagram based on AC grammar,Kanjanee Pechtanun; Supaporn Kansomkeat,2012,2012 International Conference on Computer & Information Science (ICCIS),10.1109/ICCISci.2012.6297153,https://ieeexplore.ieee.org/document/6297153/,adjacent-subtopic,"Software testing is an essential part of the software development life-cycle. The test case generation from design specifications is an important work in testing phase. The Unified Modeling Language (UML) is the most dominant standard language used in modeling the requirement and considered an important source of information for test case design. In this paper, we proposed a method to generate test cases from UML activity diagram. Firstly, an activity diagram is transformed into grammar, called Activity Convert (AC) grammar. Then, the AC grammar is used to generate test cases. The proposed method was applied on four case studies. The result shows that our tests achieve all paths coverage and have ability in fault detection.",ieee,llm,0.940,unreviewed,
discarded,Ontological approach to improving design quality,A.M. Hoss; D.L. Carver,2006,2006 IEEE Aerospace Conference,10.1109/AERO.2006.1656058,https://ieeexplore.ieee.org/document/1656058/,adjacent-subtopic,"The creation of quality software depends on the existence of a quality software design. In particular, it is important to identify inconsistencies that might be injected at the design level. We have developed a common ontology that integrates software specification knowledge and software design knowledge in order to facilitate the interoperability of formal requirements modeling tools and software design tools with the end goal of detecting errors in software designs. Our approach focuses initially on the integration of unified modeling language (UML) with the formal requirements modeling language, knowledge acquisition in automated specification (KAOS), in order to help automate the detection of inconsistencies in UML designs thereby enhancing the quality of the original design and ultimately integrating the multiple views inherent in UML. We demonstrate the integration of UML and KAOS with an elevator system case study",ieee,llm,0.910,unreviewed,
kept,The software design studio: an exploration,S. Kuhn,1998,IEEE Software,10.1109/52.663788,https://ieeexplore.ieee.org/document/663788/,qualifies-claim; criticism,"Some software designers have recently turned for inspiration to the process of building design to improve development practices and increase software's usefulness and effectiveness. Architects' education revolves around the studio course, which promotes: project based work on complex and open ended problems; very rapid iteration of design solutions; frequent formal and informal critique; consideration of heterogeneous issues; the use of precedent and thinking about the whole; the creative use of constraints; and the central importance of design media. M. Kapor (1991) suggested that software practitioners needed to ""rethink the fundamentals of how software is made"" and proposed the architect's role in building design as a fruitful analogy for software professionals seeking to reform software practice. This analogy helps us focus on usefulness, usability, user needs and practices, and other technical and nontechnical aspects of good software design. It highlights concerns about people's lives and work practices and how people ""inhabit"" systems. Several authors have explored similarities and differences between software design and building design, including some who have pursued the software implications of architect Christopher Alexander's design patterns.",ieee,llm,0.740,unreviewed,
discarded,Use of Ontologies as a Way to Automate MDE Processes,P. Parrend; B. David,2005,"EUROCON 2005 - The International Conference on ""Computer as a Tool""",10.1109/EURCON.2005.1629992,https://ieeexplore.ieee.org/document/1629992/,adjacent-subtopic,"Model driven engineering (MDE) knows growing interest as much as a research domain as an industry process for building software quickly and reliably. However, in the way to reuse and automation of design processes, it has limitation for this purpose, as it focuses on design much more as on user's need. Use of an ontology representing domain design knowledge can be a way to bridge the gap between use scenarios and models, and so to empower MDE approaches",ieee,llm,0.900,unreviewed,
discarded,Recommendation of Refactorings for Improving Dependability Attributes,Willian Nalepa Oizumi,2019,2019 IEEE International Symposium on Software Reliability Engineering Workshops (ISSREW),10.1109/ISSREW.2019.00049,https://ieeexplore.ieee.org/document/8990240/,adjacent-subtopic,"The incidence of design problems (DP) in systems is associated with the quality decay of dependability attributes such as maintainability and robustness. This often results in negative consequences such as rework and error proneness. Thus, there are many techniques for supporting the resolution of DPs through refactoring recommendations. However, in practice, deciding where and when to refactor is still a challenging task. In addition, existing techniques fail to provide effective support. Thus, we aim at advancing the state-of-the-art through a flexible refactoring recommendation technique. Our technique is intended to help practitioners in improving multiple dependability attributes. We hypothesize that our recommendation technique will be able to overcome existing limitations by using empirically validated heuristics. Our heuristics will use information such as the density, diversity, and granularity of symptoms to recommend refactoring opportunities. The effectiveness of our technique will be evaluated through empirical studies involving heterogeneous software projects and experienced software practitioners.",ieee,llm,0.980,unreviewed,
discarded,A software framework in single-chip based on message driven method,Zhiyuan Liang; JianQing Zhang; Xuan Xu,2010,2010 2nd International Conference on Advanced Computer Control,10.1109/ICACC.2010.5487082,https://ieeexplore.ieee.org/document/5487082/,off-topic-false-hit,"In this paper, we present a software framework in single chip machine (SCM) based on the message-driven method which used to be applied in message-driven operating system in PC. Due to the computing limitations of SCM, many crucial design patterns and components of the PC operating system, including soft-timer, User Interface, message classification and instruction queue should be redesigned to be adapted to the new environment. We illustrate our design and implementation with a real example of rotating camera platform. In particular, strictly following fine software designing principles, the framework is highly decoupled, easily extendible and fault tolerant.",ieee,llm,0.970,unreviewed,
discarded,Towards a Platform for Empirical Software Design Studies,Koen Yskout; Dimitri Van Landuyt; Wouter Joosen,2017,2017 IEEE/ACM 1st International Workshop on Establishing the Community-Wide Infrastructure for Architecture-Based Software Engineering (ECASE),10.1109/ECASE.2017.3,https://ieeexplore.ieee.org/document/7968048/,adjacent-subtopic,"The process of empirical research is founded on careful study design, sound instantiation and planning of the study, and the systematic collection and processing of data. These activities require extensive expertise and know-how, are repetitive, laborious and error-prone, and adequate tool support is currently lacking, particularly in support of empirical software engineering research. In this paper, we outline our vision of an integrated end-to-end tool platform that supports these activities and we elaborate on what it would take for such a platform to become a (re)usable platform for the research community.",ieee,llm,0.970,unreviewed,
discarded,Does Distance Still Matter? Revisiting Collaborative Distributed Software Design,Rodi Jolak; Andreas Wortmann; Michel Chaudron; Bernhard Rumpe,2018,IEEE Software,10.1109/MS.2018.290100920,https://ieeexplore.ieee.org/document/8409905/,adjacent-subtopic,"Global software engineering requires supporting distributed collaboration for most software development activities. However, geographical distance challenges effective collaboration. Nowadays, we’re witnessing significant advances in communication and collaboration technologies. So, researchers explored whether these advances enable effective remote collaboration. To that end, they studied the design activities of both colocated and distributed professional software designers. The findings are based on analysis of video recordings of design sessions and questionnaires. The researchers found that despite comprehensive technological improvements, distance still matters. To ensure effective distributed software design, designers must consider extra (nontechnical) details. This article is part of a theme issue on collaborative modeling.",ieee,llm,0.940,unreviewed,
discarded,An Empirical Study on Maintainability Index of Software Design Patterns,Mahmoud O. Elish,2025,"2025 IEEE/ACIS 23rd International Conference on Software Engineering Research, Management and Applications (SERA)",10.1109/SERA65747.2025.11154571,https://ieeexplore.ieee.org/document/11154571/,adjacent-subtopic,"While design patterns are widely used to enhance software quality, there is a need for empirical evidence to understand their impact on software maintainability. This study empirically investigates the maintainability index of object-oriented design patterns at three levels: design, pattern category, and individual patterns. Data were collected from five real-world software systems, which include a total of 63 instances of design patterns spanning 17 GoF design patterns. At the design level, the results show that classes implementing design patterns have a statistically significant higher maintainability index than those that do not. At the pattern category level, creational and structural design patterns exhibit a higher maintainability index compared to behavioral patterns. Finally, at the pattern level, the Builder, State, and Adapter patterns rank as the top three in terms of maintainability index.",ieee,llm,0.980,unreviewed,
discarded,What Do We Know about the Effectiveness of Software Design Patterns?,Cheng Zhang; David Budgen,2012,IEEE Transactions on Software Engineering,10.1109/TSE.2011.79,https://ieeexplore.ieee.org/document/5975176/,adjacent-subtopic,"Context. Although research in software engineering largely seeks to improve the practices and products of software development, many practices are based upon codification of expert knowledge, often with little or no underpinning from objective empirical evidence. Software design patterns seek to codify expert knowledge to share experience about successful design structures. Objectives. To investigate how extensively the use of software design patterns has been subjected to empirical study and what evidence is available about how and when their use can provide an effective mechanism for knowledge transfer about design. Method. We conducted a systematic literature review in the form of a mapping study, searching the literature up to the end of 2009 to identify relevant primary studies about the use of the 23 patterns catalogued in the widely referenced book by the “Gang of Four.” These studies were then categorized according to the forms of study employed, the patterns that were studied, as well as the context within which the study took place. Results. Our searches identified 611 candidate papers. Applying our inclusion/exclusion criteria resulted in a final set of 10 papers that described 11 instances of “formal” experimental studies of object-oriented design patterns. We augmented our analysis by including seven “experience” reports that described application of patterns using less rigorous observational forms. We report and review the profiles of the empirical evidence for those patterns for which multiple studies exist. Conclusions. We could not identify firm support for any of the claims made for patterns in general, although there was some support for the usefulness of patterns in providing a framework for maintenance, and some qualitative indication that they do not help novices learn about design. For future studies we recommend that researchers use case studies that focus upon some key patterns, and seek to identify the impact that their use can have upon maintenance.",ieee,llm,0.980,unreviewed,
discarded,Empirical Methods in Software Engineering Research,Walter F. Tichy; Frank Padberg,2007,29th International Conference on Software Engineering (ICSE'07 Companion),10.1109/ICSECOMPANION.2007.33,https://ieeexplore.ieee.org/document/4222726/,adjacent-subtopic,"Over the past decade, empirical methods have gained acceptance for validating tools and methods in software research. This tutorial aims at acquainting participants with the main methods used in empirical work in software research, enabling them to evaluate empirical results for validity as well as providing the basis for carrying out empirical studies. A wide range of empirical approaches are covered, including case studies, experiments, field studies, and surveys. These approaches are introduced by prominent examples from the software engineering literature. Common pitfalls are pointed out. Participants also critique empirical papers in small discussion groups, based on worksheets with prepared questions.",ieee,llm,0.990,unreviewed,
discarded,Why (meta-)theories of automated software design are essential: A personal perspective,Don Batory,2013,2013 2nd SEMAT Workshop on a General Theory of Software Engineering (GTSE),10.1109/GTSE.2013.6613865,https://ieeexplore.ieee.org/document/6613865/,adjacent-subtopic,Program generators are tools that automatically construct customized programs in a particular domain. Generators mechanize implicit “theories” of how a domain expert would go about writing an efficient programing the core activities of a domain expert and automating them is analogous to creating and evaluating theories in physics and other natural sciences. Theories have a revered place in natural sciences; eventually theories will assume a comparable place in automated software design. The reason is simple economics: generators will remove the burden of difficult or mundane tasks from an engineer to a machine.,ieee,llm,0.930,unreviewed,
discarded,AI-Driven Software Design and Applications: Construction of Personalized Learning Measurement Models Under the Taxonomic Development Perspective,Shang Wang; Xin Tang; Song Wang; Huagang Liu,2025,"2025 IEEE 8th Advanced Information Technology, Electronic and Automation Control Conference (IAEAC)",10.1109/IAEAC65194.2025.11166530,https://ieeexplore.ieee.org/document/11166530/,off-topic-false-hit,"To address the demand for differentiated learning resources, this study designed and developed an AIdriven software using the PyCharm platform. The research framework consisted of six key stages. First, a composite function was designed to evaluate students' academic foundations and learning capabilities, integrating historical course performance, classroom engagement, and teacher assessments. Second, the Qwen AI model was pre-trained on the Alibaba Cloud platform using four sets of domainspecific datasets. Third, a PC-based educational software was developed using PyCharm, with API integration enabling seamless communication between the local system and the Qwen AI model. Fourth, Student Baseline Data (SBD) were input into the software as feedforward information. Fifth, the API communication protocol was optimized to guide the AI model in incorporating feedforward data, thereby generating personalized responses for different user profiles. Finally, the software was deployed in a real classroom setting to collect user feedback. A controlled experiment was conducted with a control group (n=20) and an experimental group (n=17). Evaluation results showed that the experimental group achieved a mean score improvement of 0.0452 (experimental: 0.8847 vs control: 0.8395), with variance ratios further optimized from 0.0025 to 0.0039. Statistical significance was confirmed by t-test analysis (t=-2.4622, p=0.0189). The software demonstrated fast response times, accurate content delivery, and highly personalized tutoring capabilities. This study highlights the transformative potential of AI in education, particularly in delivering customized learning experiences, and contributes a practical framework for integrating AI into vocational pedagogy.",ieee,llm,1.000,unreviewed,
