status,title,authors,year,venue,doi,url,tags,abstract,provider,decision_source,llm_confidence,llm_review_outcome,llm_change_direction
discarded,The Advanced Correlation Tracker in Real-Time,Sebastien Wong; Brendan Hennessy,2008,2008 4th Southern Conference on Programmable Logic,10.1109/SPL.2008.4547751,https://ieeexplore.ieee.org/document/4547751/,adjacent-subtopic,"Real-time detection, tracking and classification of objects in images are some of the more computationally demanding tasks in computer vision. Tracking systems such as correlation trackers are notorious for computational demands. Real-time performance is not achievable on general purpose microprocessors. This paper details the architectural issues tackled to create a real time realisation of the Advanced Correlation Tracker (ACT) algorithm on an FPGA. The problem was tackled using top-down design and a software driven development cycle. It was found that a strong understanding of the nature and function of the algorithm, as well as the underlying strengths and limitations of the processing architecture, were needed for a successful transition from high-level algorithm to real-time realisation.",ieee,llm,0.780,unreviewed,
discarded,"Flow-Based Microfluidic Biochips With Distributed Channel Storage: Synthesis, Physical Design, and Wash Optimization",Xing Huang; Wenzhong Guo; Zhisheng Chen; Bing Li; Tsung-Yi Ho; Ulf Schlichtmann,2022,IEEE Transactions on Computers,10.1109/TC.2021.3054689,https://ieeexplore.ieee.org/document/9336329/,off-topic-false-hit,"System-architecture design optimization of flow-based microfluidic biochips has been extensively investigated over the past decade. Most of the prior work, however, is still based on chip architectures with dedicated storage units and this, not only limits the performance of biochips, but also increases their fabrication cost. To overcome this limitation, a distributed channel-storage architecture can be implemented, where fluid samples can be cached temporarily in flow channels instead of using a dedicated storage. This new concept of fluid storage, however, requires a careful arrangement of fluid samples to enable the channels to fulfill the dual functions of transportation and caching. Moreover, to avoid cross-contamination between different fluidic flows, wash operations are necessary to remove the residue left in flow channels. In this article, we formulate the first practical system level design and wash optimization problem for microfluidic biochips with distributed channel storage architecture, considering high-level synthesis, physical design, and wash optimization simultaneously, and present a top-down design flow to solve this problem systematically. Given the protocol of a biochemical application and the corresponding design requirements, our goal is to generate a chip architecture with low fabrication cost. Meanwhile the biochemical application can be executed efficiently with an optimized wash scheme. Experimental results on multiple benchmarks confirm that our approach leads to short completion time of biochemical applications, low chip cost, as well as high wash efficiency.",ieee,llm,0.990,unreviewed,
discarded,Design-Intent Coverage—A New Paradigm for Formal Property Verification,P. Basu; S. Das; A. Banerjee; P. Dasgupta; P.P. Chakrabarti; C.R. Mohan; L. Fix; R. Armoni,2006,IEEE Transactions on Computer-Aided Design of Integrated Circuits and Systems,10.1109/TCAD.2005.859490,https://ieeexplore.ieee.org/document/1677681/,adjacent-subtopic,"It is essential to formally ascertain whether the register-transfer level (RTL) validation effort effectively guarantees the correctness with respect to the design's architectural intent. The design's architectural intent can be expressed in formal properties. However, due to the capacity limitations of formal verification, these architectural properties cannot be directly verified on the RTL. As a result, a set of lower level RTL properties are developed and verified against the RTL modules. In a top-down design approach, the architect would ideally like to formally guarantee the coverage of the architectural intent at the time of creating the specifications for the component RTL modules (that is, before they are passed to the designers for implementation). In this paper, the authors present: 1) a method for checking whether the RTL properties are covering the architectural properties, that is, whether verifying the RTL properties guarantees the correctness of the design's architectural intent; 2) a method to identify which architectural properties are still uncovered, that is, not guaranteed by the RTL properties; and 3) a methodology for representing the gap between the specifications in a legible form",ieee,llm,0.770,unreviewed,
discarded,Time in cyber-physical systems,Aviral Shrivastava; Patricia Derler; Ya-Shian Li Baboudr; Kevin Stanton; Mohammad Khayatian; Hugo A. Andrade; Marc Weiss; John Eidson; Sundeep Chandhoke,2016,2016 International Conference on Hardware/Software Codesign and System Synthesis (CODES+ISSS),,https://ieeexplore.ieee.org/document/7750983/,adjacent-subtopic,"Many modern cyber-physical systems (CPS), especially industrial automation systems, require the actions of multiple computational systems to be performed at much higher rates and more tightly synchronized than is possible with ad hoc designs. Time is the common entity that computing and physical systems in CPS share, and correct interfacing of that is essential to flawless functionality of a CPS. Fundamental research is needed on ways to synchronize clocks of computing systems to a high degree, and on design methods that enable building blocks of CPS to perform actions at specified times. To realize the potential of CPS in the coming decades, suitable ways to specify distributed CPS applications are needed, including their timing requirements, ways to specify the timing of the CPS components (e.g. sensors, actuators, computing platform), timing analysis to determine if the application design is possible using the components, confident top-down design methodologies that can ensure that the system meets its timing requirements, and ways and methodologies to test and verify that the system meets the timing requirements. Furthermore, strategies for securing timing need to be carefully considered at every CPS design stage and not simply added on. This paper exposes these challenges of CPS development, points out limitations of previous approaches, and provides some research directions towards solving these challenges.",ieee,llm,0.700,unreviewed,
kept,A rational design process: How and why to fake it,David Lorge Parnas; Paul C. Clements,1986,IEEE Transactions on Software Engineering,10.1109/TSE.1986.6312940,https://ieeexplore.ieee.org/document/6312940/,qualifies-claim; criticism,"Many have sought a software design process that allows a program to be derived systematically from a precise statement of requirements. This paper proposes that, although we will not succeed in designing a real product in that way, we can produce documentation that makes it appear that the software was designed by such a process. We first describe the ideal process, and the documentation that it requires. We then explain why one should attempt to design according to the ideal process and why one should produce the documentation that would have been produced by that process. We describe the contents of each of the required documents.",ieee,human,0.990,human,
discarded,Learning requirements analysis to software design transformation rules by examples: Limitations of current ILP systems,Hamdi A. Al-Jamimi; Moataz A. Ahmed,2014,2014 IEEE 5th International Conference on Software Engineering and Service Science,10.1109/ICSESS.2014.6933513,https://ieeexplore.ieee.org/document/6933513/,adjacent-subtopic,"Model transformation is defined as a central concept in model driven engineering. Identifying the transformation rules is nontrivial task, where it might be much easier for the experts to provide examples of the transformations rather than specifying complete and consistent rules. The examples provided by expert represent their knowledge in the domain. Thus, it is much beneficial to utilize a set of examples, i.e. pairs of transformation source and target models, in order to learn transformation rules. Machine learning (ML) techniques proved their ability of learning relations and concepts in various domains. In this paper, we aim to apply Inductive Logic Programming (ILP) for learning the transformation rules between the requirements analysis and software design based on a set of pairs of transformation analysis and design models. ALEPH and GILPS systems have been employed, individually, to induce the intended transformation rules; however the resultant rules don't accommodate the desire transformations. Thus, in this paper we focus on identifying the problem of analysis-design transformation and discussing the derived rules as well as the limitations of the current ILP systems.",ieee,llm,0.920,unreviewed,
discarded,Handling Design Criticism,Rebecca J. Wirfs-Brock,2007,IEEE Software,10.1109/MS.2007.76,https://ieeexplore.ieee.org/document/4163018/,off-topic-false-hit,"Design reviews are an essential part of any design process. However, taking the criticism that comes from such reviews can be hard. The word criticism even has a slightly negative connotation in our culture. But design criticism is invaluable, and effectively giving and receiving it are skills that every software designer needs to master. It can be difficult to filter out constructive arguments from the noise or to discern the reasoning behind offhand remarks. Knowing what tactic to take when someone criticizes your design can keep your creative design flowing and help you improve your ideas. This article gives a summary of some kinds of design criticism you might receive and how you might react",ieee,llm,0.990,unreviewed,
discarded,Facilitating Cooperation in Global Software Design via Micro-Estimation,Bin Xu; Hua Hu; Yun Ling; Xiaohu Yang; Zhijun He; Albert Ma,2006,2006 10th International Conference on Computer Supported Cooperative Work in Design,10.1109/CSCWD.2006.253180,https://ieeexplore.ieee.org/document/4019216/,adjacent-subtopic,"Rescheduling design tasks is essential to reduce the impact of communication delay in global cooperative software design. However, it is difficult due to the undetermined duration, delay and task sequence. Micro-estimation on demand refines the estimation of effort and duration for the tasks in the next short period. When using multiple component status transition graph (MCSTG) together with micro-estimation, we may easily obtain the possibility of a task and the available time for this task to be finished. With the extended MCSTG, the designers may reschedule the tasks according to the critical and importance so as to facilitate the cooperation",ieee,llm,0.940,unreviewed,
discarded,Software Design Patterns Recommendation : A Systematic Literature Review,Muhammad Zeeshan Asghar; Khubaib Amjad Alam; Shahzeb Javed,2019,2019 International Conference on Frontiers of Information Technology (FIT),10.1109/FIT47737.2019.00040,https://ieeexplore.ieee.org/document/8991630/,adjacent-subtopic,"Design patterns are essential for development. It provides reusability, modularization, quality and consistency between design and implementation. Expert knowledge required for the selection of correct design patterns. Moreover, the recommendation of design patterns is an important task for software development. Many tools and techniques were proposed to recommend design patterns. The main objective of this research is to perform a systematic literature review based on Kitchenham guidelines. We have analyzed the studies with different perspectives: Study objective, validation, recommendation technique for design pattern and limitation of the study. We have considered the research publication from 2010 to 2019 and examined them on four electronic databases. A total of 22 studies are identified from 2010-2019 and classified them on predefined classification criteria. Overall research findings concluded that anti-pattern detection and selection and fuzzy technique are most widely used but still there is a research gap that exists from the recent 2-years. It was observed that the traditional and most practiced recommendation techniques are not used in software design patterns recommendation.",ieee,llm,0.970,unreviewed,
discarded,Real-time software design-from theory to practice,A.K. Mok,1990,IEEE TENCON'90: 1990 IEEE Region 10 Conference on Computer and Communication Systems. Conference Proceedings,10.1109/TENCON.1990.152640,https://ieeexplore.ieee.org/document/152640/,adjacent-subtopic,"To understand the challenge ahead in real-time software design, the author examines the role timing considerations play in system design, the limitations of current design methods, and the major issues that must be resolved to bring theory to practice in the design of future real-time systems. Some of the major issues in mechanizing the specification, validation/verification and synthesis of the control structure of real-time software are highlighted. The author outlines some of the major research issues that must be considered in order to provide a rigorous foundation for automating the design chores that deal with timing constraints.<>",ieee,llm,0.820,unreviewed,
discarded,Software design for mini-type ground control station of UAV,Yiqi Kang; Mei Yuan,2009,2009 9th International Conference on Electronic Measurement & Instruments,10.1109/ICEMI.2009.5274691,https://ieeexplore.ieee.org/document/5274691/,adjacent-subtopic,"The guiding ideology and principle of GCS (Ground Control Station) software design & development were proposed by analyzing the role of CGS in UAV (Unmanned Aerial Vehicle) systems. Firstly, established an abstract GCS software structure model of bi-directional information interaction; Secondly, analyzed the hardware system constraints caused by development of portable, mini-type GCS, as well as influences on GCS software design. Also, GCS software compatibility and interoperability standards and requirements were discussed. In the process of software design, at first, made a comprehensive analysis of the content of UAV data & information; Then finished the virtual instrument application design, put forward a multi-layer architecture model of 2D flight situation. The structure model analysis, data & information analysis provides a good guidance to the procedure of GCS software design & development, so as to avoid blindness and improve development efficiency. Virtual instrument interface design reflects the basic method of GUI (Graphical User Interface) design. The proposed multi-layer structure model of 2D flight situation shows the general scheme to solve the problem of navigation information output.",ieee,llm,0.960,unreviewed,
kept,Work in progress — An opportunistic approach for learning web application development,Yonglei Tao; Chris Plouff,2010,2010 IEEE Frontiers in Education Conference (FIE),10.1109/FIE.2010.5673105,https://ieeexplore.ieee.org/document/5673105/,criticism; qualifies-claim,"Opportunistic software development is not only a common practice, but also of great educational value. In this paper, we describe our experience with guiding students in an opportunistic approach to learning web programming. Our observations indicate that it is an effective approach for introducing topics that cross the boundaries of different technologies.",ieee,llm,0.870,unreviewed,
discarded,Embedding Limitations with Audio-watermarking Method Based on Cochlear-delay Characteristics,Kuniaki Imabeppu; Daiki Hamada; Masashi Unoki,2009,2009 Fifth International Conference on Intelligent Information Hiding and Multimedia Signal Processing,10.1109/IIH-MSP.2009.30,https://ieeexplore.ieee.org/document/5337313/,off-topic-false-hit,"We investigated embedding limitations with our proposed method of audio watermarking, which is based on the concept of embedding inaudible watermarks into an original sound by controlling its phase characteristics in relation to cochlear delay. We also improved the method by designing a parallel architecture for cochlear delay filters. We then evaluated our previous and improved methods to investigate embedding limitations by carrying out four objective experiments: LSD, PEAQ, bit-detection, and robustness tests. The results revealed that the methods could be used to inaudibly embed the watermarks into original signals and to accurately and robustly detect the embedded data from the watermarked signals. We also found that embedding limitations with the improved method amounted to 384 bps while that with our previous method amounted to 128 bps.",ieee,llm,0.990,unreviewed,
discarded,Enhancing coordination in global cooperative software design,Bin Xu; Xiaohu Yang; Zhijun He; A. Ma,2005,"Proceedings of the Ninth International Conference on Computer Supported Cooperative Work in Design, 2005.",10.1109/CSCWD.2005.194139,https://ieeexplore.ieee.org/document/1504045/,adjacent-subtopic,"Global cooperative software design is a formidable task because of the communication and coordination issues. While rescheduling of the tasks is necessary to reduce the impact of communication delay, the dependence of tasks must be well handled. Multiple component status transition graph (MCSTG) describes task dependence within and between components efficiently and support the handle of task dependence. A computer-aided notification mechanism was developed on the basis of MCSTG. The automatic mechanism avoids the task conflicts in coordination while minimizing the cost in project tracking.",ieee,llm,0.950,unreviewed,
discarded,Self-evolving applications over opportunistic communication systems,Iacopo Carreras; David Linner,2010,2010 8th IEEE International Conference on Pervasive Computing and Communications Workshops (PERCOM Workshops),10.1109/PERCOMW.2010.5470677,https://ieeexplore.ieee.org/document/5470677/,off-topic-false-hit,"In this work, we focus on an application scenario in which services running over users mobile devices exploit opportunistic communications in order to evolve over time, as the result of a distributed and collaborative process. We propose a framework which is based on genetic programming and supports an asynchronous and distributed evolution of composite services. We implement the framework over off-the-shelf components and evaluate it through field trials in the case of a gaming scenario. Results show the ability of the proposed system to evolve over time in order to adapt to varying contexts.",ieee,llm,0.990,unreviewed,
kept,The role of opportunism in the software design reuse process,A. Sen,1997,IEEE Transactions on Software Engineering,10.1109/32.605760,https://ieeexplore.ieee.org/document/605760/,criticism; qualifies-claim,"Software design involves translating a set of task requirements into a structured description of a computer program that will perform the task. A software designer can use design schema, collaborative design knowledge, or can reuse design artifacts. Very little has been done to include reuse of design artifacts in the software development life cycle, despite tremendous promises of reuse. As a result, this technique has not seen widespread use, possibly due to a lack of cognitive understanding of the reuse process. This research explores the role of a specific cognitive aspect, opportunism, in demand-side software reuse. We propose a cognitive model based on opportunism that describes the software design process with reuse. Protocol analysis verifies that the software design with reuse is indeed opportunistic and reveals that some software designers employ certain tasks of the reuse process frequently. Based on these findings, we propose a reuse support system that incorporates blackboard technology and existing reuse library management system.",ieee,llm,0.970,unreviewed,
discarded,Exploiting Human Visual Limitations for High Capacity Information Hiding in Digital Images Using Alpha Channel,Mohsin Shah; Sokjoon Lee; Muhammad Nawaz Khan; Hyeokchan Kwon,2025,IEEE Access,10.1109/ACCESS.2025.3609789,https://ieeexplore.ieee.org/document/11164299/,off-topic-false-hit,"Information hiding in digital images is a critical technique for secure communication in the era of high-volume multimedia exchange. While many existing methods embed secret data by modifying image parameters in the spatial or frequency domains, they often overlook local pixel characteristics and the potential of the alpha channel for data embedding. This paper proposes a flexible Least Significant Bit (LSB) information hiding framework that adaptively adjusts the number of embedded bits based on pixel intensity ranges. By configuring the embedding function, the framework can support multiple strategies: i) allocating more bits to low-intensity regions and fewer to high-intensity ones, ii) leveraging Weber’s Just Noticeable Difference (JND) principle to embed more data in high-intensity pixels, and iii) combining both approaches to embed more in low- and high-intensity regions while reducing payload in mid-intensity regions. Additionally, the alpha channel is exploited to further enhance embedding capacity while preserving visual fidelity. Experimental results on standard test images demonstrate that the proposed adaptive framework significantly outperforms existing methods in embedding capacity, while maintaining high visual quality with PSNR values consistently above practical thresholds.",ieee,llm,0.990,unreviewed,
