status,title,authors,year,venue,doi,url,tags,abstract,provider,decision_source,llm_confidence,llm_review_outcome,llm_change_direction
discarded,Pre- and Post-Evaluation of the Reach and Impact of a Nationwide Media Campaign to Promote Nutritional Services and Preventive Measures in Ethiopia: A Two-Round Mobile Survey,"Agide, Feleke Doyore; Kedida, Beimnet Desalegn; Yigzaw, Zeamanuel Anteneh; Hirpa, Yewubdar; Fenta, Eneyew Talie; Getachew, Hiwot; Sharma, Rachana; Birru, Nardos; Chitekwe, Stanley; Tefera, Mussie; Ware, Finina Abebe; Abebaw, Dessie; Yadate, Tolasa",2026,HEALTH SCIENCE REPORTS,10.1002/hsr2.72835,https://www.webofscience.com/wos/woscc/full-record/WOS:001821954800001,off-topic-false-hit,"Background and Aims: The practice of health promotion intervention program planning largely depends on program development and evaluation. Program developed through social media and electronic media have brought about significant changes in nutrition-related problems in the world. Therefore, this study was aimed at assessing on promoting preventive measures of nutritional services in Ethiopia. Methods: This two-round mobile survey used post-comparison group evaluation design using Random Digit Dialing and an Interactive Voice Response. A total of 2704 participants completed survey at baseline and end-line after the nutritional intervention. Then, a pre- and post-evaluation data was collected using random digit dialing and an interactive voice response. To evaluate the media campaign's impact, the study examined outcomes related to nutritional knowledge, attitudes, and practices using post-intervention comparison data. A propensity score matching analysis was used. Results: Among the 2704 mobile subscribers who completed the survey questions, 88% versus 86% reported as knowledgeable, and 57% versus 52% had positive towards nutritional practice at end-line and baseline, respectively. The propensity score matching analysis showed that exposure to the media campaign was significantly associated with knowledge of deworming (proportion difference, 0.30; 95% CI, 0.20, 0.49; p < 0.001, attitude of growth monitoring (0.70; 95% CI, 0.42, 0.99; p < 0.001), attitude of vitamin A (0.50; 95% CI, 0.20, 0.91; p < 0.001) and overall practice of Iron and folic acid (0.04; 95% CI, 0.02, 0.09; p < 0.0001). Conclusion: The study highlights a strong synergistic relationship between media campaign interventions and the utilization of nutritional services. These findings also provide valuable insights for informing the design and implementation of future media campaigns in Ethiopia. To enhance the effectiveness of such interventions, field experts should address limitations in media reach and optimize exposure intensity through broader audience coverage and more frequent dissemination of campaign messages.",wos,llm,0.980,unreviewed,
discarded,Applying SOA Principles to Next-Generation Cyber Range Design,"Takaronis, Michail; Gkioulos, Vasileios; Kavallieratos, Georgios; Lin, Jia-Chun",2026,"INNOVATIVE SECURITY SOLUTIONS FOR INFORMATION TECHNOLOGY AND COMMUNICATIONS, SECITC 2025",10.1007/978-3-032-17443-7_17,https://www.webofscience.com/wos/woscc/full-record/WOS:001782382400017,adjacent-subtopic,"Cyber ranges (CRs) are interactive platforms that simulate networks, systems, and attack-defense exercises, along with security testbeds and cyber-physical ranges. The latter systems are preferred for cyber-physical systems scenarios due to the variety of heavyweight simulation environments and potential hardware integration required for such exercises. Current implementations face challenges such as interoperability gaps due to diverse protocols, limitations in scalability, scenario design, resource sharing, and a lack of shared architectural information. As a conceptual design paper, taking into account the CR challenges, architectural trends, and reference architecture guidelines, we propose the adoption of service-oriented architecture (SOA), a software design approach in which software components are designed as independent, reusable services that communicate with each other over a network. By leveraging SOA principles and its reference architecture directions, we present a high-level architecture of a cyber range that could address CR issues, along with its benefits, open challenges, implementation guidelines, and evaluation strategy.",wos,llm,0.990,unreviewed,
discarded,Generative Reasoning Meets Multimodal Evaluation: A Novel Approach to Activity and Package Diagram Comparison in UML Modeling,Van-Viet Nguyen; Huu-Khanh Nguyen; Kim-Son Nguyen; Thi Minh-Hue Luong; Anh-Tu Bui; Duc-Quang Vu; The-Vinh Nguyen,2026,"CYBERSECURITY, IOT, DATA SCIENCE AND DIGITAL FORENSICS, CIDDF 2025",10.1007/978-3-032-19488-6_7,https://www.webofscience.com/wos/woscc/full-record/WOS:001789192700007,adjacent-subtopic,"Large Language Models (LLMs) have been utilized for many downstream tasks such as writing, reasoning and software engineering. However, only a fraction of studies focused on generating code, especially in the field of software requirements. Thus, this paper presents a unique framework that leverages generative reasoning and multimodal evaluation to compare two essential Unified Modeling Language (UML) diagram types: Activity Diagrams, representing behavioral aspects and Package Diagrams, representing structural organization. In the proposed approach, LLaMA 3.2-1B -Instruct was utilized to generate user-oriented prompts, while DeepSeek-R1-Distill-Qwen-32B performs reasoning and automatically produces P1antUML code for diagram construction. To ensure the reliability and accuracy of the generated diagrams, multimodal large models Qwen2.5-VL-3B-Instruct, LLaMA-3.2-11B-Vision-Instruct and Aya-Vision-8B are employed within the MMMU Benchmark for evaluation and scoring. Experimental results demonstrated that the combination of reasoning based generation and multimodal assessment provided significant improvements in diagram consistency, semantic correctness, and cross-model verification. The study contributes a novel methodology for automated UML modeling which highlighted the advantages and limitations of Activity versus Package diagrams when generated and validated through generative AI. This study not only contributes to the automation process in software design but also proposes a new framework for evaluating the ability of reasoning on diagrams in model-driven engineering.",wos,llm,0.990,unreviewed,
discarded,Generative AI-Based Steganographic Techniques for Tactical Communication Message Concealment and Modification,"Yoon, So-Yeon; Kwon, Hyun",2026,INFORMATION SECURITY AND CRYPTOLOGY-ICISC 2025,10.1007/978-981-95-8034-7_4,https://www.webofscience.com/wos/woscc/full-record/WOS:001782373600004,off-topic-false-hit,"Modern military operations are increasingly evolving into Network-Centric Warfare (NCW), where the security of tactical communications has become a critical concern. Traditional cryptographic methods, while ensuring confidentiality, inadvertently reveal the presence of sensitive messages, making them potential targets for detection and analysis. To address this limitation, this study proposes a novel steganographic approach that conceals the existence of tactical messages by embedding them within natural language text, thereby achieving both secrecy and plausible deniability. Leveraging recent advances in generative AI, particularly the LLaMA-2 language model, we develop a text-based steganography system tailored for military communication. A custom dataset was constructed by combining the UCDP conflict event records with the literary corpus of Treasure Island, enabling domain adaptation through fine-tuning with QLoRA. The resulting system demonstrates strong performance across multiple evaluation metrics, achieving a message reconstruction accuracy of 90.70%, an evasion rate of 98.25% in terms of ROC-AUC against detection models, a perplexity score of 25.06 indicating high linguistic naturalness, and an average embedding capacity of 4.5 bits per word. Compared to conventional cryptographic and steganographic techniques, the proposed method significantly improves information hiding capacity while reducing detectability, thus presenting a viable solution for evading enemy interception and traffic analysis in military environments. Future work will focus on optimizing the framework through reinforcement learning, extending the system to multimodal data, and developing lightweight models for real-time, high-reliability deployment in tactical communication scenarios.",wos,llm,1.000,unreviewed,
discarded,Gang of Four and GPT Make Five,"Lowe, Robert Earl",2026,"PROCEEDINGS OF THE 57TH ACM TECHNICAL SYMPOSIUM ON COMPUTER SCIENCE EDUCATION V.2, SIGCSE TS 2026",10.1145/3770761.3777038,https://www.webofscience.com/wos/woscc/full-record/WOS:001780599900301,adjacent-subtopic,"For three decades, the Gang of Four design patterns have shaped how we teach object-oriented software design. Yet, students often struggle to move from pattern recognition to pattern application-understanding not just what a pattern does, but why it fits a given problem. In this lightning talk, I share an approach that brings a new ""member"" to the design table: the large language model. By pairing students with GPT-based assistants, we can guide them through a conversational process of design reflection. Instead of using an LLM to generate code, students use it to articulate intent, identify relevant patterns, compare alternatives, and reason about trade-offs. For instance, given a scenario requiring event-driven updates, a student might prompt GPT for potential designs. The resulting dialogue-evaluating the Observer pattern versus Mediator-becomes a structured exercise in pattern-based reasoning. I'll present examples from classroom exercises where students critique and refine GPT's reasoning, reinforcing conceptual understanding through guided reflection. The approach situates LLMs as a cognitive scaffolding tool rather than an answer engine-turning ""pattern memorization"" into ""pattern conversation."" Attendees will leave with ready-to-implement ideas for integrating LLMs into software engineering pedagogy, emphasizing design literacy, ethical AI use, and critical evaluation. The Gang of Four still have much to teach us-but with GPT, they finally have someone new to talk to.",wos,llm,0.970,unreviewed,
discarded,Lantern-Explorer: A Collision-Avoidance Autonomous Exploration Drone System Based on Laser SLAM with Optimized Hardware and Software,"Zhu, Lei; Zhong, Ruofei; Xie, Donghai; Yuan, Xinze",2025,"SPRS GEOSPATIAL WEEK 2025, VOLUME X-G-2025",10.5194/isprs-annals-X-G-2025-1077-2025,https://www.webofscience.com/wos/woscc/full-record/WOS:001752439600135,off-topic-false-hit,"The inherent high flexibility of drone platforms has positioned them as a powerful tool when combined with LiDAR technology for acquiring three-dimensional data in confined spaces. However, due to limitations in onboard resources, energy, and flight stability, improving autonomous exploration efficiency and mapping accuracy has remained a challenge. To address this, we propose LanternExplorer, an autonomous exploration drone system optimized for both hardware and software based on LiDAR SLAM, to balance exploration efficiency and mapping accuracy in complex environments. The hardware design includes a compact, highly maneuverable, and stable coaxial dual-rotor octocopter platform with passive collision avoidance capabilities. A custom-developed flight controller supports high-bandwidth IMU data feedback to enhance the precision of the tightly-coupled LiDAR-inertial mapping module. On the software side, we designed an adaptive LiDAR odometry accuracy controller to achieve precise flight attitude control, ensuring highspeed flight while maintaining stability. Additionally, we proposed the improved omnidirectional LiDAR perception algorithm, FUEL360, for autonomous exploration. This algorithm, based on the LiDAR FOV model, optimizes the strategy for detecting unknown frontiers, improving the efficiency of boundary extraction and viewpoint generation. By employing a viewpoint classification strategy based on a dual-nested Traveling Salesman Problem, it reduces redundant backtracking during exploration, ensuring the rationality of local and global path planning and thereby enhancing overall exploration efficiency. To verify the effectiveness of the optimized hardware and software design, extensive experiments were conducted in complex environments such as forests, tunnels, and underground parking lots. Compared with existing platforms and methods, Lantern-Explorer demonstrated significant advantages in both exploration efficiency and mapping accuracy. Experimental results indicate that the system has substantial engineering potential in real-world applications, providing a comprehensive and innovative solution for autonomous drone exploration in complex environments. The relevant software and hardware resources will be open-sourced at https://github.com/R7AY/Dream-Lantern to promote further research in the field.",wos,llm,1.000,unreviewed,
discarded,SDG-GNN based software design patterns detection,"Chen, Facundo; Wang, Lulu; Li, Bixin",2026,INFORMATION AND SOFTWARE TECHNOLOGY,10.1016/j.infsof.2026.108184,https://www.webofscience.com/wos/woscc/full-record/WOS:001784991000001,adjacent-subtopic,"Context: Design Patterns Detection (DPD) is essential for software maintenance, as it uncovers design intent and ensures consistency during code evolution. However, learning-based DPD methods face dual challenges: reliance on high-quality, instance-level training data, and inherent limitations in effectively capturing the complex structural and semantic features of design patterns in source code. Objective: This paper introduces SDG-GNN, a hybrid graph neural network-based method for Design Patterns Detection. The method addresses the dual challenges of dataset limitations and insufficient feature representation in existing approaches, enabling accurate pattern identification. Method: The proposed SDG-GNN framework processes System Dependence Graphs (SDGs) derived from source code through a composite neural architecture that integrates Graph Attention Networks (GATv2) and gated graph convolution. This hybrid design enables effective learning of both structural relationships and semantic features inherent in design patterns. To address dataset imbalance, we employ large language models for targeted data augmentation, generating supplementary instances for underrepresented pattern categories. Results: Experimental results demonstrate that SDG-GNN achieves an overall precision of 86.6%, significantly outperforming the baseline method DPDF (39.44%) and marginally surpassing prominent LLMs including GPT-4o (82.78%) and DeepSeek-R1 (79.44%). The composite GNN architecture proves more effective than its individual components, while the LLM-augmented dataset substantially enhances model performance across all pattern categories. Conclusion: This study presents a hybrid approach for Design Patterns Detection which uses LLMs to ensure dataset quality and the SDG-GNN framework with its composite graph to model code structure and semantics, enabling effective identification of pattern instances. The result is a scalable, precise solution for instance-level pattern recognition, with future work aimed at broadening its pattern coverage and semantic capabilities.",wos,llm,0.980,unreviewed,
discarded,Psychosocial Interventions for Syrian Refugee Children: A Critical Narrative Review,"Min, Moonkyung; Sabir, Seemab; Schroeder, Meadow; Zhao, Xu",2026,JOURNAL OF INTERNATIONAL MIGRATION AND INTEGRATION,10.1007/s12134-026-01402-0,https://www.webofscience.com/wos/woscc/full-record/WOS:001783097100001,off-topic-false-hit,"The Syrian crisis, which began in 2011 and lasted nearly 14 years until the fall of the Assad regime in late 2024, has resulted in significant mental health and psychosocial challenges for displaced children and adolescents, prompting the development of diverse intervention programs across humanitarian and resettlement contexts. This article reports a critical review that synthesizes the evidence on psychosocial and mental health interventions for Syrian refugee youth who settled in adjacent Middle Eastern countries and North America in the early years of the Syrian crisis. Our review is guided by three research questions: (1) What mental health and psychosocial concerns have been targeted in exiting interventions programs? (2) What approaches, mechanisms of change, delivery modalities, and evidence of effectiveness have been reported? and (3) What key limitations and critical gaps can be identified in the reported intervention programs? This critical narrative review synthesizes 16 peer-reviewed articles. The reported interventions predominantly targeted internalizing symptoms and behavioral difficulties, with comparatively few focused on promoting positive developmental outcomes such as resilience and long-term wellbeing. Using Bosqui and Marshoud's (2018) framework of mechanisms of change in conflict-affected youth, we found interventions primarily employed Tier 3 mechanisms (focused non-specialist support) including stress management, psychoeducation, and problem-solving, followed by Tier 2 mechanisms (strengthening family and community support). Although 14 studies reported some effectiveness, particularly for internalizing symptoms, several limitations in delivery and research methodology were noted. The review identifies key directions for culturally responsive program development and improved evaluation.",wos,llm,1.000,unreviewed,
discarded,"Inventory and needs assessment in francophone LMICs for education, screening and optimal management of breast cancer. The ELISA study","Belkacemi, Yazid; Ceugnart, Luc; Bellefkih, Fatima Zahra; Ngo, Charlotte; Chauvet, Marie-Pierre; Debbi, Kamel",2026,BULLETIN DU CANCER,10.1016/j.bulcan.2026.01.009,https://www.webofscience.com/wos/woscc/full-record/WOS:001781061400001,off-topic-false-hit,"Introduction > Breast cancer management in francophone Low-and Middle-Income Countries (LMICs) faces critical challenges due to limited diagnostic and therapeutic resources. The ELISA Project conducted a comprehensive needs assessment to identify priority interventions for improving care in these regions. Methods > A structured web-based questionnaire was completed by 105 oncology practitioners across 13 francophone LMICs, including 76 from North Africa and 29 from Sub-Saharan Africa. The survey quantitatively assessed availability and barriers across the cancer care continuum, from screening to treatment. Responses were analyzed using descriptive statistics. Results > The study revealed profound systemic gaps in breast cancer services. Organized screening programs were reported by only 25% of respondents as being available in their country. Advanced diagnostic capabilities were severely limited, with 70-80% of respondents reporting inadequate access to MRI and prolonged pathology turnaround times of 4-8 weeks. Radiotherapy services were particularly deficient, described as poor by 73% of participants, with fewer than 15% having capacity for modern techniques like intensity-modulated radiotherapy (IMRT). Novel targeted therapies such as CDK4/6 inhibitors were reported as adequately available by only 15% of respondents. Crucially, 80% of healthcare providers identified enhanced training programs and strengthened multidisciplinary collaboration as fundamental requirements for service improvement. Discussion > These findings expose critical inequities in breast cancer care capacity across francophone LMICs, characterized by infrastructure limitations and financial barriers. The results underscore the urgent need for context-appropriate solutions including screening program development, strategic equipment investments, and international training initiatives to reduce disparities in cancer outcomes.",wos,llm,1.000,unreviewed,
