status,title,authors,year,venue,doi,url,tags,abstract,provider,decision_source,llm_confidence,llm_review_outcome,llm_change_direction
discarded,A Fuzzy Decision-Making Control Chart for Multicriteria Quality Evaluation in Industrial Processes,"Villanueva-Jimenez, Luis Fernando; Trasvina-Osorio, Rosa Jazmin; De Anda-Suarez, Juan; Lopez Ramirez, Jose Luis; Garcia-Rodriguez, Guillermo; Ruiz-Tamayo, Jose",2026,APPLIED SCIENCES-BASEL,10.3390/app16094111,https://www.webofscience.com/wos/woscc/full-record/WOS:001763243700001,off-topic-false-hit,"Quality evaluation in production systems represents a significant challenge in the manufacturing industry, particularly in environments where expert judgment plays a key role in managing the inherent uncertainty of the production system. This study proposes a fuzzy multicriteria decision-making control chart, termed Fuzzy Decision-Making Control Chart based on AHP-Extent and Triangular Fuzzy Numbers (FDMCC-AHPE). The method integrates expert knowledge through triangular fuzzy numbers and a Fuzzy Analytic Hierarchy Process supported by Extent Analysis, to define fuzzy decision intervals for quality assessment and subsequently perform a structured analysis to classify the product within a control chart framework. In this framework, expert judgments expressed through linguistic evaluations are systematically translated into triangular fuzzy numbers and processed using FAHP-Extent Analysis, allowing the aggregation of subjective assessments within a structured mathematical decision model. The proposed method was validated in a tannery company, specifically in the retanning process. The industrial case study considers both qualitative criteria, such as surface defects and color uniformity, and quantitative process variables that include bath pH, treatment duration, and processing temperature. The results were compared with an empirical expert-based evaluation and a structured expert assessment supported by a multicriteria decision-making method. The findings demonstrate that the FDMCC-AHPE exhibits greater sensitivity in discriminating between quality states under uncertain evaluation conditions, particularly when samples involve complex evaluation conditions.",wos,llm,0.980,unreviewed,
discarded,Mapping pathogen genomics training provision: a structured analysis within a global consortium network,"Matimba, Alice; Garson, Kirsty Lee; Trovao, Nidia S.; George, Siddiqah; Li, Yiqun Tony; Evans, Daniel; Batista da Rocha, Jorge; Otieno, James; Mokaya, Jolynne; Calvert-Joshua, Tracey; Blankenship, Heather M.; Mulder, Nicola",2026,FRONTIERS IN PUBLIC HEALTH,10.3389/fpubh.2026.1768827,https://www.webofscience.com/wos/woscc/full-record/WOS:001763193500001,off-topic-false-hit,"Background Pathogen genomics plays a central role in infectious disease surveillance and outbreak response. However, information about available training initiatives remains fragmented, limiting visibility into how programmes are structured, delivered, and assessed.Methods We conducted a structured survey to characterise pathogen genomics training initiatives identified through the PHA4GE Training and Workforce Development Working Group and affiliated professional networks.Results Eighty-one courses were analysed representing pathogen genomics training initiatives from 17 countries. Over half (52%) targeted academic or research audiences and 46% targeted public health professionals. Majority of courses were delivered as short, limited-duration standalone courses. Beginner-level courses accounted for 58% of offerings, whereas only 6% were classified as advanced. Bioinformatics or genomic data analysis was widely represented (72%), while specialised areas such as biostatistics and systems administration were less frequently included. Nearly half (48%) of courses focused on broadly applicable genomic methods rather than being restricted to a single pathogen. Among courses centred on specific organisms, viral pathogen themes were most commonly represented. Over one-third of courses (38%) did not include structured assessments, with only 7% incorporating quizzes or exams. Most courses relied on local computing resources such as laptops or desktops during delivery (93%). Use of high-performance computing (HPC) and cloud platforms was limited during training but was higher after training, with 37% and 39% of courses indicating use, respectively.Conclusion This landscape analysis identifies structural patterns, including geographic concentration of providers, predominance of introductory formats, variability in assessment practices and in the use of advanced computing infrastructure across training phases. The findings provide empirical insight into characteristics of pathogen genomics training that may inform efforts to strengthen coordinated and sustainable workforce development strategies.",wos,llm,0.980,unreviewed,
discarded,Agile empathy for the early stage of software design,"Challiol, Cecilia; Rodriguez, Andres; Garrido, Alejandra",2026,SCIENCE OF COMPUTER PROGRAMMING,10.1016/j.scico.2026.103494,https://www.webofscience.com/wos/woscc/full-record/WOS:001759417600001,adjacent-subtopic,"Context: In Software Engineering, practitioners must understand stakeholders' needs for the software they are designing, which implies achieving empathy. Problem: Grounded in prior empirical work, we identify a research gap at the intersection of three issues. Traditional requirement-gathering practices often fail to support deep empathy with users. In agile contexts, developers' technology-oriented cognitive style can further bias requirements analysis away from users' perspectives. Yet empathy training remains underexplored in Software Engineering. Objective: This paper contributes a conceptual framework to design empathy training for earlystage software design by integrating Design Thinking, Agile values, and Experiential Learning. In our proposal, agile empathy is the empathy that can be achieved by combining two resources: Interview to Empathise and Prototype to Empathise in time-boxed sessions with potential users. Thus, the interview insights are translated into rapid prototypes that deepen understanding of users' needs. Methods: We conducted an exploratory study of our conceptual framework proposal, which was instantiated with two different settings (e.g. domains). The participants were senior computer science students (N = 32). We used a mixed-method research design. The empathy achieved by the trainees is from the interviewees' perspective, as they respond to a 5-point Likert scale and an open-ended question about their personalised prototypes. Results: Our exploratory study revealed that trainees achieved partial or total empathy from the interviewees' perspective, even with only one training session. Seventy-eight per cent of the participants are developers with IT industry experience, expanding our findings beyond the classroom.",wos,llm,0.740,unreviewed,
discarded,ASSESSING THE CAPACITY OF COMMUNITY EDUCATION AND TRAINING COLLEGES TO SUPPORT LOCAL GOVERNMENT SKILLS DEVELOPMENT INITIATIVES,"van der Waldt, G.; Fourie, D. J.; Malan, C.",2026,SOUTH AFRICAN JOURNAL OF HIGHER EDUCATION,10.20853/40-2-6792,https://www.webofscience.com/wos/woscc/full-record/WOS:001754359800015,off-topic-false-hit,"This article reports on the assessment of the capacity of Community Education and Training Colleges (CETC) to facilitate skills development initiatives within South African municipalities. With a focus on the vital role of local government in driving socio-economic development, particularly in the context of a rapidly changing workforce landscape, understanding the effectiveness of CETCs in supporting local government's skills development endeavours is crucial. The study employed an empirical approach, utilising a combination of document analysis, semi-structured interviews and questionnaires to gather insights from stakeholders involved in both the CETC system and local government. Through a structured analysis of data collected the study aimed to provide a comprehensive assessment of the current state of collaboration between CETCs and the Local Government Sector Education and Training Authority (LGSETA) in advancing the skills development agenda. The findings of the study offer valuable insights for education administrators and local government officials, informing strategies to enhance the more effective alignment between CETC educational programmes and the scarce skills identified by the LGSETA, ultimately contributing to more effective skills development outcomes and employment opportunities.",wos,llm,0.990,unreviewed,
discarded,User experience design methodologies for developing a tele-round platform in public intensive care units in northern and northeastern Brazil,"Moura, Ana Beatriz Frade; Motter, Fabiane Raquel; Silva, Lyvia Mota da; Silva, Izadora Coelho da; Silva, William Aparecido Santos; de Faria Leao, Beatriz; Dal Col, Shoraya Virginio Carneiro; Gadenz, Sabrina Dalbosco",2026,FRONTIERS IN DIGITAL HEALTH,10.3389/fdgth.2026.1713349,https://www.webofscience.com/wos/woscc/full-record/WOS:001745855900001,off-topic-false-hit,"Introduction Designing digital health solutions for critical environments like intensive care units (ICUs) is challenging, especially in resource-constrained settings. The integration of user experience (UX) design methods into digital health development may improve alignment with clinical workflows, reduce barriers to adoption, and enhance perceived usefulness.Objective To apply user experience design methodologies to develop the interface of a telemedicine platform intended to support multidisciplinary tele-rounds in public ICUs in Northern and Northeastern Brazil.Methods We conducted a methodological study from February to May 2022, using the four-stage Double Diamond design model: Discover, Define, Develop, and Deliver. The design process was embedded within a Tele-ICU program implemented through the Brazilian Unified Health System (SUS), supporting public ICUs across the North and Northeast regions of the country. Design activities included desk research, rapid ethnography, benchmarking, development of personas and empathy maps, situational diagnosis of participating ICUs, user journey mapping, wireframing, and heuristic-based usability evaluation.Results The primary outcome was the successful development and implementation of the ""Mangar & aacute; Digital"" tele-round platform. The user-centered process directly informed key features designed to address identified user ""pains"", such as time pressure and lack of process standardization. These features included at-a-glance patient summary cards, a visual ICU bed map, and integrated checklists.Conclusion This study demonstrates that UX design methodologies can effectively guide the development of telemedicine platforms tailored to the realities of public ICUs in underserved regions. Explicit consideration of geographic, organizational, and infrastructural constraints is essential to ensure usability, adoption, and sustainability of digital health solutions in resource-constrained intensive care settings.",wos,llm,0.970,unreviewed,
discarded,Understanding Education and Professional Practice of UML: Insights from Brazil and Portugal,"OliveiraJr, Edson; Canedo, Edna Dias; Brito, Isabel Sofia",2026,ACM TRANSACTIONS ON COMPUTING EDUCATION,10.1145/3779309,https://www.webofscience.com/wos/woscc/full-record/WOS:001742615900001,adjacent-subtopic,"Context: The Unified Modeling Language (UML) has been a foundational component of software engineering education for decades. However, the increasing adoption of agile methodologies and the emphasis on lean documentation have raised questions about the practical relevance and usage of UML in industry. Understanding the gap between academic instruction and professional practice is crucial for improving modeling education and supporting the development of meaningful software design. Goal: This study aims to investigate how UML is currently taught and learned in academic settings and adopted in professional environments, comparing perspectives from Brazil and Portugal. The objective is to identify alignment or misalignment between education and industry needs and provide actionable insights to improve modeling practices. Method: We conducted two structured surveys: one with 80 instructors from higher education institutions and another with 206 software practitioners. Unlike previous studies focused on a single context, this research adopts a cross-country mixed-methods design that integrates quantitative and qualitative analyses to enable a comprehensive comparison of UML education and practice. The methodological triangulation combines descriptive statistics with Grounded Theory coding of open-ended responses, providing both breadth and depth of interpretation. Results: The findings show that UML is primarily taught using a subset of diagrams, namely class, use case, and sequence diagrams, within traditional Software Engineering courses. In contrast, practitioners report limited use of UML in real projects, often constrained by agile workflows, lack of tool support, or perceived complexity. While instructors emphasize the value of UML for abstraction and documentation, professionals tend to favor practical communication tools and simplified modeling practices. Conclusions: There is a significant gap between how UML is taught and learned and how it is used in practice. This study advances the understanding of software engineering education by offering the first cross-country empirical comparison of UML teaching and practice between Brazil and Portugal. The results highlight how contextual factors, such as agile adoption, tool accessibility, and institutional curricula, influence the persistence of this gap. To bridge this divide, modeling education should incorporate agile-compatible strategies, emphasize the practical use of tools, and focus on diagram types most relevant to the industry. These findings provide important implications for modern software engineering education, supporting the design of curricula that better align theoretical instruction with professional practice in agile-driven environments.",wos,llm,0.850,unreviewed,
discarded,Empirical Quantitive Investigation of the Effect of GoF Design Patterns on the Quality of Software Systems,"Abufakher, Somia",2026,INTERNATIONAL JOURNAL OF ADVANCED COMPUTER SCIENCE AND APPLICATIONS,,https://www.webofscience.com/wos/woscc/full-record/WOS:001741499100001,adjacent-subtopic,"Design patterns are universal, reusable fixes for common issues in software design. They are supposed to encourage better design choices by rep-urposing alreadyestablished successful solutions, saving cost and time. The purpose of the current study is to present quantitive evidence about the expected implications on software quality by employing GoF design patterns; 10 commonly applied patterns have been empirically assessed for their impact on software quality. The evaluated patterns are: Factory Method, Prototype, Singleton, Method, and Proxy. The study considers software quality attributes that match the intents of the subject design patterns; these attributes are: software maintainability, testability, reusability, simple design, sensitivity to change, and errorproneness. The empirical evaluation of patterns is performed by computing 10 software quality metrics for pattern classes that have been detected in 10 real open-source projects implemented with Java. The findings reveal that the evaluated patterns promote software quality, except for the classes of Prototype, Composite, and Singleton, which were often found not cohesive.",wos,llm,0.820,unreviewed,
discarded,Engaging Unprecedented Urbanism: Epistemic Urban Design and Generative Inheritance from Six Global Contexts,"Abusaada, Hisham; Elshater, Abeer",2026,SUSTAINABILITY,10.3390/su18073583,https://www.webofscience.com/wos/woscc/full-record/WOS:001738961100001,off-topic-false-hit,"Urban transformations outpace established urban design paradigm shifts. This acceleration widens the gap between inherited theory and contemporary urban realities This article addresses this condition by introducing epistemic urban design as a conceptual orientation and generative inheritance as its procedural extension within urban conditions described as unprecedented urbanism. Drawing on a critical interpretive synthesis of the literature spanning historical, theoretical, and technological developments, the study examines how urban design knowledge is produced, stabilized, and reinterpreted as urban complexity intensifies. The analysis unfolds in three phases. First, it traces how established paradigms historically structured design practices and how current conditions expose their operational limits. Second, it articulates how epistemic urban design treats design knowledge as an evolving resource, specifying analytical dimensions for interpreting diverse urban conditions. Third, it proposes how generative inheritance operationalizes epistemic urban design by linking inherited design knowledge to context-specific empirical situations. The article contributes to urban design research by supporting epistemic urban design with the procedural logic of generative inheritance. This shift enables theoretical insights to systematically inform design operations under conditions of unprecedented urbanism.",wos,llm,0.980,unreviewed,
discarded,Digital transformation of the hot-air-circulation drying process for distribution-transformer corecoil assemblies,"Tamez, Gerardo; Balderas, Jorge A.",2025,"2025 IEEE POWER & ENERGY SOCIETY GENERAL MEETING, PESGM",10.1109/PESGM52009.2025.11225417,https://www.webofscience.com/wos/woscc/full-record/WOS:001719901600311,off-topic-false-hit,"The traditional process of insulation drying in oven chambers with hot air circulation (HAC) is a flexible method that simultaneously can dry a mixture of active parts with different capacities and voltages. The process employs a few empirical recipes with cycle times that are not specific for each design but group active parts in a range of capacities and voltages. The recipes are devised to ensure low levels of moisture in the units with the heaviest and thickest insulation assemblies but carry the disadvantage of unnecessarily extending the cycle for the ones with the lightest insulation assemblies. These recipes consider extra time to cover scenarios when oven doors are repeatedly opened to either put active parts inside the oven or take them out. It is a great challenge to optimize this operation if controlled manually. Digital transformation of drying process is required to optimize cycle times, ensure low moisture levels, minimize over exposure of active parts to heat, and save energy. Moisture content in the insulation is the key parameter that must be known if operation of the drying process is to be controlled, but there is no sensor that can measure it directly. Also, the heating of the active parts is not uniform, so moisture removal is not uniform either. Combining the principles of heat and mass transfer with experimental data, it is possible to calculate moisture content in the active part insulation if parameters like time, temperature, and relative humidity in the oven chamber are measured. Experiments done at manufacturing site and at research laboratory were performed to produce data that allowed to tune up physical parameters like coefficients of moisture diffusion, mass transfer, and heat transfer. In this way, a virtual moisture sensor has been developed and implemented as part of the digital transformation of the drying process with HAC. The devised architecture, the software design, as well as the Internet of Things (IoT) based monitoring system are presented as well as the flow of the digitized data. Examples of graphics used by the staff to monitor the evolution of the drying process parameters are also shown. Finally, some benefits of the digital transformation of the drying process are shown by analyzing a sample of 28 identical active parts that were dried in an oven with HAC.",wos,llm,0.980,unreviewed,
discarded,"Barriers and inclusive initiatives: A systematic literature review of women's employment in science, technology, engineering, and mathematics workplaces","Wu, Xinxiong; Almeida, Shamika; Schulz, Rebekah; O'brien, Martin",2026,ECONOMIC AND LABOUR RELATIONS REVIEW,10.1017/elr.2026.10064,https://www.webofscience.com/wos/woscc/full-record/WOS:001728869700001,off-topic-false-hit,"Understanding the barriers to women's employment and implementing inclusive initiatives in STEM workplaces is a critical global challenge. This systematic literature review applied a PRISMA-guided protocol to screen and critically appraise 44 empirical publications across four multidisciplinary databases. This review produced a structured analysis of the nature of barriers, their outcomes, and inclusive organisational initiatives for women in STEM workplaces. The study identifies intersecting barriers - bias-related, stereotype threat, culture, and structural - that hinder women's representation and career progression. Inclusive initiatives, such as mentorship, stereotype reduction, equitable policies, and transparent promotion pathways, are explored as solutions; however, there are gaps in measuring their long-term efficacy and incorporating cross-cultural and intersectional perspectives. The findings underscore the need for robust theoretical frameworks and empirical research to promote equity and inclusion, thereby unlocking the full potential of women in STEM.",wos,llm,0.980,unreviewed,
