status,title,authors,year,venue,doi,url,tags,abstract,provider,decision_source,llm_confidence,llm_review_outcome,llm_change_direction
discarded,Speeding up constraint-based program repair using a search-based technique,"Yi, Jooyong; Ismayilzada, Elkhan",2022,INFORMATION AND SOFTWARE TECHNOLOGY,10.1016/j.infsof.2022.106865,https://www.webofscience.com/wos/woscc/full-record/WOS:000780387700004,adjacent-subtopic,"Context: Constraint-based program repair has been developed as one of the main techniques for automated program repair. Given a buggy program and a test suite, constraint-based program repair first extracts a repair constraint T, and then synthesizes a patch satisfying T. Since a patch is synthesized in a correct-by-construction manner (rather than compiling and testing each repair candidate source code), the constraint-based approach, in theory, requires less runtime overhead than the G&V approach. Nevertheless, the performance of existing constraint-based approaches is still suboptimal.Objective: In this work, we propose a novel technique to expedite constraint-based program repair. We aim to boost runtime performance without sacrificing repairability and patch quality. Method: The existing constraint-based program repair searches for a patch specification in an unguided manner. We introduce a novel guided search algorithm based on MCMC sampling.Results: Our experimental results for the 50 buggy versions of 5 real-world subjects (i.e., Libtiff, PHP, GMP, Gzip, and Wireshark) show that our method named FAngelix is on average an order of magnitude faster than Angelix (a state-of-the-art constraint-based program repair tool), showing up to 23 times speed-up. This speed-up is achieved without sacrificing repairability and patch quality. Conclusion: This paper proposes a novel technique that expedites constraint-based program repair, using a search-based technique based on MCMC sampling. Our experimental results show the promise of our approach.",wos,llm,0.940,unreviewed,
kept,A Formal Approach Combining Event-B and PDDL for Planning Problems,"Ammar, Sabrine; Bhiri, Mohamed Tahar",2021,PROCEEDINGS OF THE 16TH INTERNATIONAL CONFERENCE ON SOFTWARE TECHNOLOGIES (ICSOFT),10.5220/0010577102610268,https://www.webofscience.com/wos/woscc/full-record/WOS:000777981500026,adjacent-subtopic,"In artificial intelligence, the goal of automatic planning is to structure actions in the form of a plan to achieve an expressed goal. The PDDL (Planning Domain Definition Language) was designed to allow the common representation of planning problems during ICAPS (International Conference on Automated Planning and Scheduling) competitions. PDDL has many verification and validation tools allowing the description, resolution and validation of planning problems. But they only allow the reliability of PDDL descriptions a posteriori. In this article, we recommend a rigorous approach coupling Event-B and PDDL favoring obtaining PDDL descriptions deemed correct, a priori, from an ultimate Event-B model. The formal Event-B method allows us to obtain, by successive refinements with mathematical proofs, correct by construction formal models of planning problems. A refinement strategy appropriate to planning problems is, then, proposed. The ultimate Event-B model, correct by construction, is automatically translated into PDDL using our MDE Event-B2PDDL tool. The obtained PDDL description is submitted to efficient planners for generation of correct and efficient plan-solutions.",wos,llm,0.830,unreviewed,
kept,Layered and Object-Based Game Semantics,"Vale, Arthur Oliveira; Mellies, Paul-Andre; Shao, Zhong; Koenig, Jeremie; Stefanesco, Leo",2022,PROCEEDINGS OF THE ACM ON PROGRAMMING LANGUAGES-PACMPL,10.1145/3498703,https://www.webofscience.com/wos/woscc/full-record/WOS:000777820900043,supports-claim,"Large-scale software verification relies critically on the use of compositional languages, semantic models, specifications, and verification techniques. Recent work on certified abstraction layers synthesizes game semantics, the refinement calculus, and algebraic effects to enable the composition of heterogeneous components into larger certified systems. However, in existing models of certified abstraction layers, compositionality is restricted by the lack of encapsulation of state.

In this paper, we present a novel game model for certified abstraction layers where the semantics of layer interfaces and implementations are defined solely based on their observable behaviors. Our key idea is to leverage Reddy's pioneer work on modeling the semantics of imperative languages not as functions on global states but as objects with their observable behaviors. We show that a layer interface can be modeled as an object type (i.e., a layer signature) plus an object strategy. A layer implementation is then essentially a regular map, in the sense of Reddy, from an object with the underlay signature to that with the overlay signature. A layer implementation is certified when its composition with the underlay object strategy implements the overlay object strategy. We also describe an extension that allows for non-determinism in layer interfaces.

After formulating layer implementations as regular maps between object spaces, we move to concurrency and design a notion of concurrent object space, where sequential traces may be identified modulo permutation of independent operations. We show how to express protected shared object concurrency, and a ticket lock implementation, in a simple model based on regular maps between concurrent object spaces.",wos,llm,0.840,unreviewed,
discarded,Fast Design Space Exploration and Multi-Objective Optimization of Wide-Band Noise-Canceling LNAs,"Elmeligy, Karim; Omran, Hesham",2022,ELECTRONICS,10.3390/electronics11050816,https://www.webofscience.com/wos/woscc/full-record/WOS:000768212500001,off-topic-false-hit,"Design optimization of RF low-noise amplifiers (LNAs) remains a time-consuming and complex process. Iterations are needed to adjust impedance matching, gain, and noise figure (NF) simultaneously. The process can involve more iterations to adjust the non-linear behavior of the circuit which can be represented by the input-referred third-order intercept (IIP3). In this work, we present a variation-aware automated design and optimization flow for a wide-band noise-canceling LNA. We include the circuit non-linearity in the optimization flow without using a simulator in the loop. By describing the transistors using precomputed lookup tables (LUTs), a design database that contains 200,000 design points is generated in 3 s only without non-linearity computation and 10 s when non-linearity is taken into account. Using a gm/ID-based correct-by-construction design procedure, the generated design points automatically satisfy proper biasing, input matching, and gain matching requirements. The generated database enables the designer to visualize the design space and explore the design trade-offs. Moreover, multi-objective optimization across corners for a given set of specifications is applied to find the Pareto-optimal fronts of the design figures-of-merit. We demonstrate the presented flow using two design examples in a 65 nm process and the results are verified using Cadence Spectre.",wos,llm,0.980,unreviewed,
kept,Formally verified architectural patterns of hybrid systems using proof and refinement with Event-B,"Dupont, Guillaume; Ait-Ameur, Yamine; Singh, Neeraj Kumar; Pantel, Marc",2022,SCIENCE OF COMPUTER PROGRAMMING,10.1016/j.scico.2021.102765,https://www.webofscience.com/wos/woscc/full-record/WOS:000760335200006,adjacent-subtopic,"Cyber-Physical Systems (CPSs) are multi-component systems that interact with the real world. Their heterogeneous nature makes them particularly difficult to model and prove. Our work proposes a framework allowing to design complex hybrid systems based on decomposition using formally verified architectural patterns. It relies on a proof and refinement-based, correct-by-construction approach with Event-B. In particular, the generic model developed in our previous work is used as a base for defining different patterns, for modelling different architectures of systems. Three architectural patterns are presented, corresponding to simple, centralised and distributed control: one controller controlling one plant, one controller controlling several plants and several controllers controlling several plants. The progressive development of the proposed patterns and their application to specific hybrid systems allows to prove the required safety properties by introducing invariants, decomposing and balancing the proof effort at every step of the development. An assessment of the proposed architectural patterns is undertaken: different designs of the same case study are used to demonstrate the feasibility, reliability and extensibility of our approach to model and designing different classes of controllers. (c) 2021 Elsevier B.V. All rights reserved.",wos,llm,0.820,unreviewed,
discarded,Divide et Impera: Efficient Synthesis of Cyber-Physical System Architectures from Formal Contracts,"dos Santos, Cesar Augusto R.; Schrijvers, Tom; Saleh, Amr Hany; Nicolai, Mike",2021,"FORMAL METHODS, FM 2021",10.1007/978-3-030-90870-6_45,https://www.webofscience.com/wos/woscc/full-record/WOS:000758218600045,adjacent-subtopic,"Generative Engineering is a new paradigm for the development of cyber-physical systems. Rather than developing a single, increasingly more detailed model of a system, multiple architectural variants are computationally generated and evaluated, which would be prohibitively expensive to do by hand. Existing synthesis approaches are geared towards finding one solution fast, but this makes them less effective for generative engineering where we are interested in enumerating many or all solutions. The common approach in generative engineering is to compute a new verification problem per generated architecture, despite all being variants of the same verification problem. This makes the tools unable to exploit commonalities and they end up doing much of the same verification work over and over again.

Our work addresses this inefficiency in the synthesis of all correct-by-construction logical architectures of a system with a simple but effective approach. We create only one parameterized verification problem per use case, and, by exploiting the assumption mechanism of SMT solvers, we can very efficiently and incrementally check each generated architecture.

Our experimental evaluation demonstrates that this approach is orders of magnitude faster than the typical synthesis approach.",wos,llm,0.900,unreviewed,
discarded,Transformational supervisor synthesis for evolving systems,"Thuijsman, Sander; Reniers, Michel",2022,DISCRETE EVENT DYNAMIC SYSTEMS-THEORY AND APPLICATIONS,10.1007/s10626-021-00354-0,https://www.webofscience.com/wos/woscc/full-record/WOS:000760008400001,adjacent-subtopic,"Supervisory controller synthesis is a means to compute correct-by-construction controllers for discrete event systems. As these systems and their requirements evolve over time, an updated supervisor needs to be computed each time an adaptation takes place. We consider the case that a supervisor has been synthesized for a given model, after which this model is (slightly) adapted. We investigate how we can make use of the previous synthesis result, in order to more efficiently compute the supervisor for the adapted model. We introduce model deltas as a means to describe the difference between pairs of models. Using the model deltas, a notion of atomic adaptations is introduced. For these atomic adaptations, algorithms are provided to compute the supervisor for the adapted model in a transformational manner from the previous synthesis result, rather than performing a completely new synthesis. These atomic adaptations can be iterated over, to transformationally compute a supervisor for model deltas that contain a number of atomic adaptations. To improve efficiency, it is shown how atomic adaptations can be grouped together based on their required computations and be processed at the same time. A running example is used to support the explanations on the functioning of the algorithms. The efficiency of the method is evaluated by means of both an academic and an industrial use case.",wos,llm,0.980,unreviewed,
discarded,Transformational Supervisor Synthesis for Evolving Systems,"Thuijsman, Sander; Reniers, Michel",2020,IFAC PAPERSONLINE,10.1016/j.ifacol.2021.04.030,https://www.webofscience.com/wos/woscc/full-record/WOS:000651644000047,adjacent-subtopic,"Supervisory controller synthesis is a means to compute correct-by-construction controllers for discrete event systems. As these systems and their requirements evolve over time, an updated supervisor needs to be computed each time an adaptation takes place. We consider the case that a supervisor has been synthesized for a given model, after which this model is (slightly) adapted. We investigate how we can make use of the previous synthesis result, in order to more efficiently compute the supervisor for the adapted model. We show how model deltas can be used to describe the difference between pairs of models. Using the model deltas, a notion of atomic model adaptations is introduced. For these atomic adaptations, algorithms are provided to compute the supervisor for the adapted model in a transformational manner from the previous synthesis result, rather than performing a completely new synthesis. These atomic model adaptations can be iterated over, to transformationally compute a supervisor for model deltas containing a number of atomic model adaptations. The efficiency of this method is evaluated by means of some experiments. Copyright (C) 2020 The Authors.",wos,llm,0.990,unreviewed,
discarded,A correct-by-construction AADL runtime for the Ravenscar profile using SPARK2014,"Hugues, Jerome",2022,JOURNAL OF SYSTEMS ARCHITECTURE,10.1016/j.sysarc.2021.102376,https://www.webofscience.com/wos/woscc/full-record/WOS:000752494100001,adjacent-subtopic,"Middleware is an integral part of critical software, providing core services for data exchange and manipulation, job execution, and scheduling. Their correctness is central to the correct execution of the software. They must be carefully configured to meet all functional and non-functional requirements. From a set of valid configuration parameters, one then has to demonstrate the implementation is correct and can fulfill its mission. Model-based techniques provide the foundations for correct-by-construction engineering. Most notably, they can be used to model a system, assess its configuration is correct, and then generate the corresponding middleware instance. The SAE AADL language supports the modeling of safety-critical systems and covers its design, configuration, and analysis. In this paper, we present several contributions: the definition of a model of computation aligned with the Ada Ravenscar profile supported by an architectural model expressed using AADL; derivation rules from AADL constructs to middleware services using Ada 2012 and SPARK 2014, and the proof of correctness of the implementation. Our contribution illustrates how one can prove the absence of runtime errors in middleware configured from high-level descriptions. This effort illustrates the positive effect models, programming languages and associated toolsets have on developing high-assurance middleware.",wos,llm,0.970,unreviewed,
discarded,Runtime Verification Meets Controller Synthesis,"Azzopardi, Shaun; Piterman, Nir; Schneider, Gerardo",2022,"LEVERAGING APPLICATIONS OF FORMAL METHODS, VERIFICATION AND VALIDATION. VERIFICATION PRINCIPLES, ISOLA 2022, PT I",10.1007/978-3-031-19849-6_22,https://www.webofscience.com/wos/woscc/full-record/WOS:001435179400022,adjacent-subtopic,"Reactive synthesis guarantees correct-by-construction controllers from logical specifications, but is costly-2EXPTIME-complete in the size of the specification. In a practical setting, the desired controllers need to interact with an environment, but the more precise the model of the environment used for synthesis, the greater the cost of synthesis. This can be avoided by using suitable abstractions of the environment, but this in turn requires appropriate techniques to mediate between controllers and the real environment. Runtime verification can help here, with monitors acting as these mediators, and even as activators or orchestrators of the desired controllers. In this paper we survey literature for combinations of monitors with controller synthesis, and consider other potential combinations as future research directions.",wos,llm,0.970,unreviewed,
discarded,Non-functional Testing of Runtime Enforcers in Android,"Riganelli, Oliviero; Micucci, Daniela; Mariani, Leonardo",2022,"LEVERAGING APPLICATIONS OF FORMAL METHODS, VERIFICATION AND VALIDATION. VERIFICATION PRINCIPLES, ISOLA 2022, PT I",10.1007/978-3-031-19849-6_19,https://www.webofscience.com/wos/woscc/full-record/WOS:001435179400019,adjacent-subtopic,"Runtime enforcers can be used to ensure that running applications satisfy desired correctness properties. Although runtime enforcers that are correct-by-construction with respect to abstract behavioral models are relatively easy to specify, the concrete software enforcers generated from these specifications may easily introduce issues in the target application. Indeed developers can generate test suites to verify the functional behavior of the enforcers, for instance exploiting the same models used to specify them. However, it remains challenging and tedious to verify the behavior of enforcers in terms of non-functional performance characteristics. This paper describes a practical approach to reveal runtime enforcers that may introduce inefficiencies in the target application. The approach relies on a combination of automatic test generation and runtime monitoring of multiple key performance indicators. We designed our approach to reveal issues in four indicators for mobile systems: responsiveness, launch time, memory, and energy consumption. Experimental results show that our approach can detect performance issues that might be introduced by automatically generated enforcers.",wos,llm,0.990,unreviewed,
discarded,Runtime Verification of Correct-by-Construction Driving Maneuvers,"Kittelmann, Alexander; Runge, Tobias; Bordis, Tabea; Schaefer, Ina",2022,"LEVERAGING APPLICATIONS OF FORMAL METHODS, VERIFICATION AND VALIDATION. VERIFICATION PRINCIPLES, ISOLA 2022, PT I",10.1007/978-3-031-19849-6_15,https://www.webofscience.com/wos/woscc/full-record/WOS:001435179400015,adjacent-subtopic,"Cyber-physical systems play an increasingly vital role in our everyday lives by leveraging technology to mitigate human error. These systems are inherently safety-critical, which requires the highest standards in quality assurance. Therefore, designing safe behaviors for these systems in a manageable fashion and maximizing trust early on by formally verifying them against a formal specification mandates a software engineering process that prioritizes appropriate abstractions in the early design phase. However, even if models are formally verified at design time, their appropriateness in the real world stills needs to be validated at runtime, as specifications are usually incomplete. In this work, we introduce a methodology for refining verified cyber-physical systems modeled by hybrid mode automata to executable source code amenable for runtime verification. In particular, we employ ARCHICORC, which lifts the correctness-by-construction paradigm for programs to component-based architectures, and comes with facilities for code generation. Subsequent simulations of the executable and verified maneuvers allow to validate their initial requirements in a diverse set of scenarios.",wos,llm,0.960,unreviewed,
