status,title,authors,year,venue,doi,url,tags,abstract,provider,decision_source,llm_confidence,llm_review_outcome,llm_change_direction
discarded,Reactive synthesis specification review for validity and quality,"Maoz, Shahar; Shalom, Rafi; Taieb, Ophir",2026,SOFTWARE AND SYSTEMS MODELING,10.1007/s10270-026-01364-y,https://www.webofscience.com/wos/woscc/full-record/WOS:001793207400001,off-topic-false-hit,"Reactive synthesis is an automated procedure to obtain a correct-by-construction reactive system from its temporal logic specification. While the synthesized system is guaranteed to be correct w.r.t. the specification, the specification itself may not reflect the intended requirements and hence requires validation. Beyond validity, the specification may have quality issues that may impair its readability and maintainability. In this work, we adapt ideas from software engineering and formal verification to present new methods for the validation and the detection of quality issues in reactive system specifications for synthesis. Our first contribution provides a method for specification validation based on a systematic exploration of the specification elements. Specifically, we present algorithms to generate a small scenario suite that demonstrates the meaning of each element in the specification in the context of the behaviors of a controller that is synthesized from it. Our second and third contributions provide means for the detection of quality issues in the specification. Specifically, we present algorithms to detect unnecessary variables that appear in specification elements as well as to detect fine-grained syntactic and semantic specification clones and suggest corresponding refactoring. An important characteristic of our work is that both the algorithms and the controller representation are symbolic. This allows our work to scale well to specifications over large state spaces. We have implemented our ideas in the Spectra synthesis environment and evaluated performance and effectiveness over benchmarks from the literature.",wos,llm,0.950,unreviewed,
discarded,Resource-optimal scheduling for multi-graph workloads using supervisory control,"Devaraj, Rajesh",2026,JOURNAL OF PARALLEL AND DISTRIBUTED COMPUTING,10.1016/j.jpdc.2026.105287,https://www.webofscience.com/wos/woscc/full-record/WOS:001789615500001,off-topic-false-hit,"The escalating computational demands of modern real-time systems necessitate the deployment of complex tionalities on multi-core platforms. In these environments, applications are increasingly modeled as Directed Acyclic Task Graphs (DTGs) to capture intricate execution dependencies and inherent parallelism. While existing heuristic-based scheduling schemes provide scalable solutions, they often yield sub-optimal results by satisfying only sufficient schedulability conditions. To address this efficiency gap, this work proposes an optimal, off-line scheduler synthesis strategy for multiple recurrent DTGs using the Supervisory Control of Discrete Event Systems (SCDES) framework. By modeling task execution, resource availability, and stringent timing constraints within formal ""correct-by-construction"" paradigm, we provide a methodology that identifies optimal schedules where traditional heuristics fail. Comparative performance evaluations demonstrate that our synthesized schedulers can successfully manage a workload approximately similar to 20% greater than current state-of-the-art heuristic methods, significantly improving resource utilization and system acceptance rates in hardware-constrained environments.",wos,llm,0.990,unreviewed,
discarded,Mechanically Translating Iterative Dataflow Analysis to Algebraic Program Analysis,"Zhou, Chenyu; Wang, Jingbo; Wang, Chao",2026,PROCEEDINGS OF THE ACM ON PROGRAMMING LANGUAGES-PACMPL,10.1145/3798216,https://www.webofscience.com/wos/woscc/full-record/WOS:001785356100001,adjacent-subtopic,"We propose a method for mechanically translating iterative dataflow analysis (IDA) algorithms to algebraic program analysis (APA) algorithms capable of computing exactly the same set of dataflow facts. The method is useful because while most of the dataflow analysis algorithms used in practice are expressed as iterative procedures, APA provides an alternative and inherently-compositional approach to solving dataflow problems, thus making it well suited for certain applications (e.g., incremental analysis of a program that goes through frequent code changes, or amortizing the cost of answering a large number of dataflow queries for the same program). However, manually crafting an APA algorithm not only is labor intensive and error prone but also can lead to suboptimal performance. Our method overcomes the limitation by providing a mechanical translation that guarantees to be correct by construction. Our method handles a broad class of dataflow analysis problems - the only requirements are that (1) the set of dataflow facts is finite and (2) the dataflow functions distribute over the confluence operation (e.g., set union). They include classical dataflow problems whose IDA algorithms can be expressed using Gen/Kill sets, such as reaching definitions, live variables, and available expressions. They also include non Gen/Kill problems such as copy constant propagation, truly-live variables, and possibly-initialized variables. Our experimental evaluation shows that the translated APA algorithms are not only simpler and easier to understand, but also significantly faster than manually-designed APA algorithms, especially for incremental program analysis.",wos,llm,0.900,unreviewed,
discarded,Efficient Incremental GR(1) Synthesis via Monotonic Fixed-Point Reuse,"Liu, Sirui; Dong, Wei; Zheng, Yijie; Guo, Haonan",2026,PROCEEDINGS OF THE ACM ON PROGRAMMING LANGUAGES-PACMPL,10.1145/3798234,https://www.webofscience.com/wos/woscc/full-record/WOS:001785355000001,adjacent-subtopic,"Although reactive synthesis guarantees correct-by-construction implementations, its practical adoption is limited by a performance bottleneck in the iterative design-and-refinement cycle of formal specifications. GR(1) synthesizers perform redundant, from-scratch computations for each specification modification, severely slowing the development workflow. To address this inefficiency, we propose an incremental synthesis method that exploits the monotonicity of the underlying fixed-point computations. By reusing the system winning region from the preceding check, our method significantly accelerates realizability check. Our work applies an incremental method to iterative GR(1) specification development covering the full GR(1) scope, including system guarantees and environment assumptions, to accelerate realizability checking. Furthermore, we introduce two heuristics for early fixed-point detection during incremental realizability checking. Finally, we analyze why prior work failed to integrate an incremental technique limited to system guarantees into the unrealizable core minimization algorithm DDMin, further establishing iterative development as a suitable application setting for incremental methods. Evaluated on a large-scale benchmark of 8,282 specifications, our method exhibits a strong positive correlation between performance gain and specification complexity. For the most challenging specifications, which constitute the primary bottlenecks in development, our approach achieves speedups of several orders of magnitude, reducing computation times in some cases from nearly an hour to just seconds.",wos,llm,0.940,unreviewed,
discarded,Physically-Feasible Reactive Synthesis for Terrain-Adaptive Locomotion via Trajectory Optimization and Symbolic Repair,"Zhou, Ziyi; Meng, Qian; Kress-Gazit, Hadas; Zhao, Ye",2025,2025 IEEE/RSJ INTERNATIONAL CONFERENCE ON INTELLIGENT ROBOTS AND SYSTEMS (IROS),10.1109/IROS60139.2025.11246055,https://www.webofscience.com/wos/woscc/full-record/WOS:001734989200215,adjacent-subtopic,"We propose an integrated planning framework for quadrupedal locomotion over dynamically changing, unforeseen terrains. Existing approaches either rely on heuristics for instantaneous foothold selection-compromising safety and versatility-or solve expensive trajectory optimization problems with complex terrain features and long time horizons. In contrast, our framework leverages reactive synthesis to generate correct-by-construction controllers at the symbolic level, and mixed-integer convex programming (MICP) for dynamic and physically feasible footstep planning for each symbolic transition. We use a high-level manager to reduce the large state space in synthesis by incorporating local environment information, improving synthesis scalability. To handle specifications that cannot be met due to dynamic infeasibility, and to minimize costly MICP solves, we leverage a symbolic repair process to generate only necessary symbolic transitions. During online execution, re-running the MICP with real-world terrain data, along with runtime symbolic repair, bridges the gap between offline synthesis and online execution. We demonstrate, in simulation, our framework's capabilities to discover missing locomotion skills and react promptly in safety-critical environments, such as scattered stepping stones and rebars.",wos,llm,0.930,unreviewed,
kept,BOOP: Write Right Code,"Goenka, Vaani; Thakkar, Aalok",2026,"COMPUTING EDUCATION RESEARCH, COMPUTE 2025",10.1007/978-3-032-14583-3_7,https://www.webofscience.com/wos/woscc/full-record/WOS:001751456500007,adjacent-subtopic,"Novice programmers frequently adopt a syntax-specific and test-case-driven approach, writing code first and adjusting until programs compile and test cases pass, rather than developing correct solutions through systematic reasoning. AI coding tools exacerbate this challenge by providing syntactically correct but conceptually flawed solutions. In this paper, we address the question of developing correctness-first methodologies to enhance computational thinking in introductory programming education. To this end, we introduce BOOP (Blueprint, Operations, OCaml, Proof), a structured framework requiring four mandatory phases: formal specification, language-agnostic algorithm development, implementation, and correctness proof. This shifts focus from making the code work to understanding why the code is correct.

BOOP was implemented at Ashoka University using a VS Code extension and preprocessor that enforces constraints. Initial evaluation shows improved algorithmic reasoning and reduced trial-and-error debugging. Students reported better edge case understanding and problem decomposition, though some initially found the format verbose. Instructors observed stronger foundational skills compared to traditional approaches, suggesting that structured correctness-first approaches may significantly improve students ' computational thinking abilities.",wos,llm,0.640,unreviewed,
discarded,Stream-based monitoring with RTLOLA,"Baumeister, Jan; Finkbeiner, Bernd; Kohn, Florian; Scheerer, Frederik",2026,SCIENCE OF COMPUTER PROGRAMMING,10.1016/j.scico.2026.103495,https://www.webofscience.com/wos/woscc/full-record/WOS:001763256400001,adjacent-subtopic,"Stream-based monitoring is a runtime assurance technique that checks a system's behavior against a formal specification during execution, using a dedicated software or hardware component known as a monitor. RTLOLA is a stream-based specification language with an extensive software framework for the fully automatic construction of monitors. Constructing runtime monitors is challenging due to their frequent use in safety-critical and embedded systems. Monitors must be correct by construction, free of runtime errors, and operate within bounded memory limits independent of execution duration. To accelerate their adoption, they should also be easily adaptable and integrable into the target systems. This paper provides an overview of the RTLOLA software framework, which addresses these challenges through static specification analyses and a configurable API. We illustrate its use and implementation, and discuss the tool's practical impact.",wos,llm,0.910,unreviewed,
discarded,Synthesizing Instruction Selection Back-Ends from ISA Specifications Made Practical,"Drescher, Florian; Engelke, Alexis",2026,"2026 IEEE/ACM INTERNATIONAL SYMPOSIUM ON CODE GENERATION AND OPTIMIZATION, CGO",10.1109/CGO68049.2026.11395203,https://www.webofscience.com/wos/woscc/full-record/WOS:001739171600034,adjacent-subtopic,"Instruction selection in compiler backends traditionally depends on huge handwritten rule libraries that map IR patterns to target instruction sequences. Porting to new architectures or extending them for new hardware features is a very error-prone process, results in a significant development effort of a dedicated expert and even requires long-term commitment to apply patches for previously introduced bugs.

Automatic synthesis of these rule libraries from formal ISA and IR specifications eliminates the initial development effort and reduces the long-term maintenance effort, as synthesized rules are correct by construction. Prior work on synthesizing instruction selectors either requires synthesis times of multiple days or significantly falls behind the code quality of an optimizing handwritten backend - in both cases not applicable in practice.

We introduce a term canonicalization and indexing approach that accelerates finding rules on syntactically-similar bitvector terms while returning to SMT solving to ensure completeness in all other cases. Combined with search bounds derived from LLVM's existing pattern base, this reduces synthesis times from multiple days to under two hours for AArch64 and RISC-V.

We integrated the synthesized instruction selection rules for AArch64 and RISC-V into LLVM's GlobalISel backend and achieved almost on-par performance with the existing, industry-standard code generation backends in LLVM on the SPEC 2017 Integer benchmark suite (within 4% of LLVM GlobalISel).",wos,llm,0.910,unreviewed,
discarded,SBE configurator: A family model generation tool for supervisory control synthesis,"Baubekova, Marzhan; van Eldik, Koen; van de Mortel-fronczak, Joanna; Fokkink, Wan; Rooda, Jacobus",2026,DISCRETE EVENT DYNAMIC SYSTEMS-THEORY AND APPLICATIONS,10.1007/s10626-026-00440-1,https://www.webofscience.com/wos/woscc/full-record/WOS:001746414500001,adjacent-subtopic,"A large number of ship locks in the Netherlands require renovation as they reach their end of life-cycle or do not adhere to the changing environment. These renovations imply the redesign of their control software. This paper explores the use of synthesis-based engineering (SBE) to achieve correct-by-construction supervisory controllers for these systems. To address the complexity and scale of this task, a configurator for SBE models is proposed, enabling the automated generation of controllers and model simulation based on mechanical parameters. The accompanying tool improves efficiency, quality, and reduces human error and is already in use for ship lock supervisors in Lelystad and Maasbracht. Although developed for ship locks, the structure of the tool is adaptable to support other families of systems.",wos,llm,0.920,unreviewed,
discarded,SAFEXPLAIN: a Complete Approach Towards Trustworthy AI-Based Safety-Critical Systems,"Abella, Jaume; Agirre, Irune; Bui, Thanh; Geujen, Frank; Giordana, Gabriele; Donzella, Carlo; Cazorla, Francisco J.; Mezzetti, Enrico; Brando, Axel; Fernandez, Javier; Yarza, Irune; Plazaola, Joanes; Lowe, Robert; Ulan, Maria; Lavreysen, Rob; Tosi, Lucas; Bloise, Ilaria; Feruglio, Lorenzo; Cinelli, Ilaria; Lodico, Stefano; Guarienti, William; Nicosia, Giuseppe; Dallara, Valeria",2025,"2025 28TH EUROMICRO CONFERENCE ON DIGITAL SYSTEM DESIGN, DSD",10.1109/DSD67783.2025.00053,https://www.webofscience.com/wos/woscc/full-record/WOS:001717790400041,off-topic-false-hit,"AI becomes increasingly important in safety-critical systems, especially in the case of autonomous systems, since navigation relies on AI for object detection and collision avoidance. However, safety-critical systems must adhere to functional safety standards that enforce software to be correct-by-construction, component decomposition to simplify design and validation, and the use of data only for testing purposes not to design the system itself. AI in general, and Deep Learning (DL) in particular have opposed characteristics since they have error rates (e.g., due to mispredictions), AI/DL modules can only be designed and validated monolithically, and they build on data for their design (i.e. for training purposes). Hence, DL solutions are at odds with the development process of safety-critical systems.

A number of standards have recently emerged in different domains to reconcile the requirements of safety-critical systems with the characteristics of DL solutions, such as ISO 21448, ISO/IEC TR 5469, and ISO 8800, among others. However, there is a lack of realistic practice to design a DL-based safety-critical system in accordance with those regulations, and existing solutions only cover some aspects in isolation, and are often incompatible among them.

SAFEXPLAIN is a 3-year Horizon Europe project addressing this challenge. SAFEXPLAIN, which finishes in September 2025, has already reached its main goals providing specific and complementary solutions to all those challenges so that AI-based safety-critical systems can be designed, implemented and validated adhering to the relevant functional safety standards in domains such as automotive, space and railway. In particular, SAFEXPLAIN provides the concepts, processes, tools and frameworks addressing the challenge end-to-end, from concept to solution. This is proven by the successful application of the SAFEXPLAIN approach in three case studies from the automotive, space and railway domains, whose results will see the light very soon.",wos,llm,0.990,unreviewed,
discarded,Formal Modelling of Fault Tolerant Robotic Missions,"Lecart, Manon; Troubitsyna, Elena",2026,"FORMAL METHODS AND SOFTWARE ENGINEERING, ICFEM 2025",10.1007/978-981-95-4213-0_21,https://www.webofscience.com/wos/woscc/full-record/WOS:001717090600021,adjacent-subtopic,"Safety-critical autonomous robotic systems should be able to reliably execute their missions despite changes in the operating environment and system failures. Due to complex hierarchical architecture, efficient and correct implementation of fault tolerance is a challenging engineering issue. The states of the robots and progress of mission execution should be monitored at different layers and mission planning and execution should be adapted accordingly. In this paper, we formalise the main properties of fault-tolerant mission execution in Event-B. It allows us to derive a complex hierarchical architecture of fault tolerance mechanisms in a systematic correct-by-construction manner. The approach enhances design of robotic systems with mechanisms for monitoring mission progress and adaptation triggered whenever the progress is hindered by failures.",wos,llm,0.960,unreviewed,
discarded,Formal Construction of Threat Detections from Attack Trees,"Prelipcean, Dumitru-Bogdan; Dima, Catalin; Varacca, Daniele",2026,"FORMAL METHODS AND SOFTWARE ENGINEERING, ICFEM 2025",10.1007/978-981-95-4213-0_10,https://www.webofscience.com/wos/woscc/full-record/WOS:001717090600010,off-topic-false-hit,"Writing threat detection signatures directly from informal reports is error-prone and may omit critical details. Attack trees provide a rigorous model for specifying complex threats, but bridging the gap between attack trees and implementable detection logic requires a formal methodology. In this paper, we present a correct-by-construction approach for generating threat detections from attack trees. We formalize the trace semantics of attack trees, defining precisely the sets of event traces corresponding to successful attacks. We also provide a formal semantics for the Generic Threat Detection Language (GTDL), a simplified fragment of a production detection language used in a commercial security product (Bitdefender (https://www.bitdefender.com)), focusing on detection logic essential for practical deployment. We then give a structural translation from attack trees to GTDL, encoding sequencing, choice, and parallelism directly at the level of event traces. We prove that this translation is sound: every event trace detected by the GTDL signature corresponds to a valid attack trace permitted by the original attack tree semantics, and vice versa. By aligning high-level threat models with executable detection logic in operational security products, our results enable the automated synthesis of provably correct and robust detection signatures for real-world environments.",wos,llm,0.980,unreviewed,
