status,title,authors,year,venue,doi,url,tags,abstract,provider,decision_source,llm_confidence,llm_review_outcome,llm_change_direction
discarded,A Modular Structure for Crop Simulation Models: Implemented in the SIMPOTATO Model,Tom Hodges; Scott Lee Johnson; Brad S. Johnson,1992,Agronomy Journal,10.2134/agronj1992.00021962008400050027x,https://openalex.org/W2082011791,off-topic-false-hit,"Abstract A highly modular structure has been developed for crop growth simulation models and implemented in the SIMPOTATO model, a model based on the standards of the IBSNAT (International Benchmarks Sites Network for Agrotechnology Transfer) project. The model structure features top‐down design, modularity, high cohesiveness, loose coupling, and data hiding. SIMPOTATO is composed of (i) an upper level module to run the model, (ii) an experiment selection module, (iii) an initialization module, (iv) a simulator module, (v) the crop and soil processes module, (vi) a start/stop module, (vii) a report writing module, and (viii) a graphic display module. Each module is composed of one or more subroutines and functions. Such a modular structure facilitates transferring improvements between models, combining models into multi‐crop models and crop/pest models, and modifying models for new applications.",openalex,llm,0.980,unreviewed,
discarded,A multi-skeleton modelling approach based on top-down design and modular product design for development of complex product layouts,Dexin Chu; Xuening Chu; Yupeng Li; Guolin Lyu; Deyi Xue,2016,Journal of Engineering Design,10.1080/09544828.2016.1227428,https://openalex.org/W2511205807,off-topic-false-hit,"Top-down design (TDD) and modular product design (MPD) are two popular design strategies for development of complex products. Although integration of these two design strategies can improve the quality and efficiency for the development of complex products, it is difficult to implement the TDD and MPD strategies simultaneously due to the lack of tools that can handle modelling of the inheritance mechanism from the abstract design descriptions to the detailed design descriptions within TDD and modelling of the relatively independent design descriptions as groups within MPD. A new multi-skeleton modelling approach is introduced in this research for layout design of complex products based on TDD and MPD. First, through studies on the inheritance mechanism between design descriptions on different levels in the hierarchical product modelling architecture and the interface relationships between different modules, design information is classified into five categories: locations, interface features, design spaces, key features and kinematic constraints. Second, these different types of design information are modelled using three types of skeletons: location skeletons, interface skeletons and published skeletons. Third, a multi-skeleton modelling scheme is introduced for the development of product descriptions from relative abstract levels to more detailed levels recursively in TDD manner with relatively independent modules. This multi-skeleton modelling approach can be used to propagate changes of product descriptions on different levels, to improve design efficiency by reusing and modifying the existing modules, and to evaluate the design at early design stage without detailed design descriptions. In addition, the multi-skeleton model can be implemented in most CAD systems. A case study is used to illustrate the effectiveness of the new multi-skeleton modelling approach.",openalex,llm,0.990,unreviewed,
kept,Modular completeness: Integrating the reuse of specified software in top-down program development,Job Zwiers; Ulrich Hannemann; Yassine Lakhneche; Willem P. de Roever; Frank Stomp,1996,Lecture notes in computer science,10.1007/3-540-60973-3_109,https://openalex.org/W1484212705,supports-claim,,openalex,llm,0.900,unreviewed,
discarded,Hierarchical modularity,M. Blume; Andrew W. Appel,1999,ACM Transactions on Programming Languages and Systems,10.1145/325478.325518,https://openalex.org/W2295347924,adjacent-subtopic,"To cope with the complexity of very large systems, it is not sufficient to divide them into simple pieces because the pieces themselves will either be too numerous or too large. A hierarchical modular structure is the natural solution. In this article we explain how that approach can be applied to software. Our compilation manager provides a language for specifying where individual modules fit into a hierarchy and how they are related semantically. We pay particular attention to the structure of the global name space of program identifiers that are used for module linkage because any potential for name clashes between otherwise unrelated parts of a program can negatively affect modularity. We discuss the theoretical issues in building software hierarchically, and we describe our implementation of CM, the compilation manager for Standard ML of New Jersey.",openalex,llm,0.900,unreviewed,
discarded,"A Survey on Microservices Architecture: Principles, Patterns and Migration Challenges",Victor Velepucha; Pamela Flores,2023,IEEE Access,10.1109/access.2023.3305687,https://openalex.org/W4385834032,adjacent-subtopic,"Microservices architecture is a new trend embraced by many organizations as a way to modernize their legacy applications. However, although there is work related to the migration process, there is a gap in the body of knowledge related to the principles they should adopt when implementing a microservices architecture. This work presents a comprehensive survey, gathering literature that explores the fundamental principles underlying the object-oriented approach and how these concepts are related to monolithic and microservices architectures. In addition, our research encompasses both monolithic architectures and microservices, along with an investigation into the design patterns and principles utilized within microservices. Our contribution is present a list of patterns used in microservices architecture, the comparation between the principles expounded by the experts in the decomposition of microservices architectures, Martin Fowler and Sam Neuman, and the forerunner of the Principle of Information Hiding, David Parnas, who discusses modularization as a mechanism to improve flexibility and understanding of a system. Additionally, we expose the advantages and disadvantages of monolithic and microservices architectures obtained from the literature review carried out in summary form, which can help as a reference for researchers from academia and industry and finally reveal the trends of microservices architectures today.",openalex,llm,0.990,unreviewed,
discarded,CHEETA: Composition of hierarchical sequential tests using ATKET,P. Vishakantaiah; Jacob A. Abraham; D.G. Saab,2002,,10.1109/test.1993.470643,https://openalex.org/W2134415960,off-topic-false-hit,"An approach to modular and hierarchical sequential circuit test generation, which exploits a top-down design methodology, uses high level test knowledge and constraint driven module test generation to target faults at the structural level, is introduced in this paper. Results obtained for several designs are provided to demonstrate the effectiveness of our approach and the need for high level knowledge along with global constraints while deriving sequential circuit tests.>",openalex,llm,0.970,unreviewed,
discarded,A modular design strategy to integrate mechanotransduction concepts in scaffold-based bone tissue engineering,Ali Entezari; Michael V. Swain; J. Justin Gooding; Iman Roohani; Qing Li,2020,Acta Biomaterialia,10.1016/j.actbio.2020.10.012,https://openalex.org/W3092726603,off-topic-false-hit,"Repair or regeneration of load-bearing bones has long been an incentive for the tissue engineering community to develop a plethora of synthetic bone scaffolds. Despite the key role of physical forces and the mechanical environment in bone regeneration, the mechanotransduction concept has rarely been incorporated in structural design of bone tissue scaffolds, particularly those made of bioactive materials such as hydrogels and bioceramics. Herein, we introduce a modular design strategy to fabricate a load bearing device that can support a wide range of hydrogel- and ceramic-based scaffolds against complex in-vivo loading conditions to induce desirable mechanical strains for bone regeneration within the scaffolds. The device is comprised of a fenestrated polymeric shell and ceramic structural pillars arranged in a sophisticated configuration to provide ample internal space for the scaffold, also enabling it to purposely regulate the levels of strains and stresses within the scaffolds. Utilizing this top-down design approach, we demonstrate that the failure load of alginate hydrogels increases 3200-fold in compression, 300-fold in shear and 75-fold in impact, achieving the values that enable them to withstand physiological loads in weight-bearing sites, while allowing generation of osteoinductive strains (i.e., 0.2-0.4%) in the hydrogel. This modular design approach opens a broad range of opportunities to utilize various bioactive but mechanically weak scaffolds for the treatment of load-bearing defects and exploiting mechanobiology strategies to improve bone regeneration.",openalex,llm,1.000,unreviewed,
kept,Abstraction hierarchies in top-down design,Glenn H. MacEwen; T. Patrick Martin,1981,Journal of Systems and Software,10.1016/0164-1212(81)90020-0,https://openalex.org/W2082480095,supports-claim,,openalex,llm,0.900,unreviewed,
kept,TOP-DOWN PROGRAMMING,Wade Ellis; Ed Lodi,1988,Elsevier eBooks,10.1016/b978-0-12-237459-3.50007-3,https://openalex.org/W86948017,supports-claim,,openalex,llm,0.850,unreviewed,
discarded,Decoupling change from design,Michael VanHilst; David Notkin,1996,,10.1145/239098.239109,https://openalex.org/W2111299451,adjacent-subtopic,"Parnas' seminal 1972 paper, ""On the Criteria To Be Used in Decomposing Systems into Modules,"" identified simplifying change as a critical criterion for modularizing software. Successful designs are those in which a change can be accommodated by modifying a single module. There is a tacit assumption in most of the literature that once a change has been limited to a single module, the cost of making the change is essentially inconsequential. But modules have complexity of their own and are frequently large. Thus, making a change can be expensive, even if limited to a single module.We present a method of decomposing modules into smaller components for the purpose of supporting change. Although similar to the approach of modularizing programs described by Parnas, our approach is specific to decomposing modules. It is not intended to replace traditional high level modularization but rather to augment it with a second level of modularization where the standard of information hiding can be relaxed. The goal of the method is to make modules easier to change by decomposing them around smaller design decisions---ideally encoding only one design choice per submodule component.In this paper we show how submodule components can be used to address the issue of change. We also demonstrate how the ability to address change with submodule components is, to a large extent, independent of the design level modularization. Moreover, we show that, at least in some cases, by using submodule components the choice of high level modularization can itself be changed without having to rewrite large amounts of code.A method of implementation is presented using inheritance, parameterization, and static binding in a way that minimizes implementation dependencies between components. The method supports fine grained decomposition with flexible composability and almost no runtime overhead.",openalex,llm,0.820,unreviewed,
discarded,Top-down design for a system to control operant choice experiments,Sandra Hale; Joel Myerson; Francis M. Miezin,1982,Behavior Research Methods,10.3758/bf03202165,https://openalex.org/W2055809070,off-topic-false-hit,,openalex,llm,0.950,unreviewed,
discarded,Web-based modular interface geometries with constraints in assembly models,Chung-Shing Wang,2008,Computers & Industrial Engineering,10.1016/j.cie.2008.10.018,https://openalex.org/W2123387395,off-topic-false-hit,"The use of a modular technique in modeling for assembly can improve design efficiency and reduce the cost of product development. This paper presents an approach to an assembly model that was built using modular interface geometries. This paper proposes a novel, hybrid modular design strategy instead of the traditional, top-down design process. The curve-joint method is used as a simplified process for converting a 3D solid model to a skeleton model with interface geometries in modeling for assembly. This research builds assembly interface geometries with their constraints in the assembly model instead of using information about individual assembly parts for the product. These interface geometries are easy to share, and they deliver the design requirements properly. They also ensure that minimal efforts will be required in the design change process. By implementing this method, the constraints of the features in modular assembly parts can be transferred to interface geometries. Designers can easily add, replace, and delete design parts in the modular product. Module interaction for application programmed interface (MIAPI) is developed using HTML and JavaScript. The module structure of products can be verified via the web-based Internet in VRML format. These simplified assembly models that have fewer constraints allow design project managers to simulate the functioning of the product in the modularized design before the prototype is built. By using the assembly models, customers can easily choose various modules to assemble the exact products they are seeking via the Internet process. A desk lamp model is used as the example for implementation to validate the feasibility of this research. (C) 2008 Elsevier Ltd. All rights reserved.",openalex,llm,0.990,unreviewed,
discarded,Analysis of semantic modularity for genetic programming,Krzysztof Krawiec; Bartosz Wieloch,2009,,,https://openalex.org/W344826831,adjacent-subtopic,"Abstract. In this paper we analyze the properties of functional modularity, a concept introduced in [14] for detecting and measuring modularity in problems of automatic program synthesis, in particular by means of genetic programming. The basic components of functional modularity approach are subgoals – entities that embody module’s semantic – and monotonicity, a measure for assessing subgoals ’ potential utility for searching for good modules. For a given subgoal and a sample of solutions decomposed into parts and contexts according to module definition, monotonicity measures the correlation of distance between semantics of solution’s part and the fitness of the solution. The central tenet of this approach is that highly monotonous subgoals can be used to decompose the task and improve search convergence. In the experimental part we investigate the properties of functional modularity using eight instances of problems of Boolean function synthesis. The results show that monotonicity varies depending on problem’s structure of modularity and correctly identifies good subgoals, potentially enabling automatic program decomposition.",openalex,llm,0.920,unreviewed,
discarded,Standardized and modular microfluidic platform for fast Lab on Chip system development,Stefan C. Dekker; Wilfred Buesink; M. Blom; Manuel Alessio; Nicolas Verplanck; M. Hihoud; C. Déhan; William César; Anne Le Nel; Albert van den Berg; Mathieu Odijk,2018,Sensors and Actuators B Chemical,10.1016/j.snb.2018.04.005,https://openalex.org/W2788504347,off-topic-false-hit,"Since the Lab on a Chip concept was introduced in the 1990s, a lot of scientific advancements have occurred. However, large scale commercial realization of microfluidic technology is being prevented by the lack of standardization. There seems to be a gap between Lab on a Chip systems developed in the lab and those that are manufacturable on a large scale in a fab. In this paper, we propose a modular platform which makes use of standardized parts. Using this platform, a functional-based method of designing microfluidic systems is envisioned. To obtain a certain microfluidic function, a bottom-up design is made. This results in micro fluidic building blocks that perform a microfluidic function. This microfluidic building block is then stored in a library, ready for reuse in the future. Key characteristics are shown for several basic microfluidic building blocks, developed according to a footprint and interconnect standard by various players in the microfluidic world. Such a library of reusable and interoperable microfluidic building blocks is important to fill the gap between lab and fab, as it reduces the time-to-market by lowering prototype time cycles. The wide support of key European players active in microfluidics, which is shown by an ISO workshop agreement (IWA 23:2016), makes this approach more likely to succeed compared to earlier attempts in modular microfluidics.",openalex,llm,0.990,unreviewed,
discarded,Three-level modular grid system for sustainable construction of industrialized residential buildings: A case study in China,Changchun Liu; You Song; Ruotian Li; Wenting Ma; Jian Li Hao; Guofeng Qiang,2023,Journal of Cleaner Production,10.1016/j.jclepro.2023.136379,https://openalex.org/W4319594538,off-topic-false-hit,"Although industrialized residential buildings (IRBs) are a significant contribution to sustainable construction, the lack of standardized design hampers their development. This study, therefore, develops a three-level modular grid (TLMG) system to fill this gap. The paper first introduces state-of-the-art modular construction for IRBs and then comparatively analyses the bottom-up and top-down modular coordination approaches to address the complex interrelationships between the modular grid and assembled parts. Comparative analysis results show that the TLMG system based on a top-down design approach can meet the requirements of a standardized design. Finally, the proposed modular grid system is validated through an actual residential building project in Nanjing, China. Interestingly, the TLMG system applied in the case project increases the assembly rate of IRBs to 90%. Applying a TLMG system enables the overall dimensions of the building to control local sizes and obtain coor-dination between them. Moreover, the TLMG system is not only suitable for residential buildings but can also be implemented in other types of buildings such commercial and educational buildings. The proposed methodology can also be referred to by other researchers and practitioners to improve the sustainable construction of industrialized buildings.",openalex,llm,1.000,unreviewed,
discarded,Generating hypermedia from specifications by sketching multimedia templates,Sylvain Fraïssé; Jocelyne Nanard; Marc Nanard,1996,,10.1145/244130.244236,https://openalex.org/W2133241411,adjacent-subtopic,"This paper presents PageJokey, an object-oriented system for incrementally sketching multimedia templates, The goal is to provide designers with experimental feedback about the ultimate document, beginning from the earliest stages of design. Designers can use existing multimedia objects to create prototype templates, and incrementally generate and test draft versions of the final product using both bottom-up and top=down design approaches, PageJokey supports modular development, using the concepts of' reuse, abstraction and genericity for generating hypermedia documents.",openalex,llm,0.880,unreviewed,
discarded,A virtual machine-based approach for fast and flexible reprogramming of modular robots,Mirko Bordignon; Kasper Støy; Ulrik Pagh Schultz,2009,,10.1109/robot.2009.5152780,https://openalex.org/W2128436887,adjacent-subtopic,"Modular robot programming spans a number of issues ranging from high-level coordination to controller distribution and update in individual modules. The latter issue has received little attention from the research community though in our experience it is one of the main factors hindering agile development and experimentation with physical robots: reprogramming tens or hundreds of modules can be a major overhead in the development process and cannot be done with traditional approaches without restarting the robot, which impedes updating a running system. We propose a solution based on a virtual machine design shaped around three core concepts: the context of a module and its role in the ensemble, the reactive nature of robot controllers, and control programs decomposable into subparts that can be dynamically and separately redefined. We show that by incorporating those concepts into the design we are able to both achieve program conciseness (thus providing fast and efficient code distribution) and program expressiveness (thus providing versatility to represent diverse control algorithms). The virtual machine is programmed in a high-level role-oriented language that allows the programmer to declaratively specify how programs are deployed in the modular robot. Our approach enables fast and incremental on-line updates, allowing the programmer to interactively experiment with the physical robots. We show how this design lends itself to an efficient implementation targeting typical resource-constrained modular robotic hardware by illustrating our prototype implementation for the ATRON self-reconfigurable robot.",openalex,llm,0.900,unreviewed,
