status,title,authors,year,venue,doi,url,tags,abstract,provider,decision_source,llm_confidence,llm_review_outcome,llm_change_direction
kept,Model checking of state-rich formalism <i>Circus</i> by linking to <i>CSP</i> ∥ <i>B</i>,"Ye, Kangfeng; Woodcock, Jim",2017,INTERNATIONAL JOURNAL ON SOFTWARE TOOLS FOR TECHNOLOGY TRANSFER,10.1007/s10009-015-0402-1,https://www.webofscience.com/wos/woscc/full-record/WOS:000392941500005,supports-claim,"Since state-rich formalism Circus is a combination of Z, CSP, refinement calculus and Dijkstra's guarded commands, its model checking is intrinsically more complicated and difficult than that of individual state-based languages or process algebras. Current solutions translate executable constructs of Circus programs to Java with JCSP, or translate them to CSP processes. Data aspects of Circus programs are expressed in the Java programming language or as CSP processes. Both of them have disadvantages. This work presents a new approach to model-checking Circus by linking it to CSP parallel to B; then we utilise ProB to model-check and animate the CSP parallel to B program. The most significant advantage of this approach is the direct mapping of the state part in Circus to Z and finally to B, which maintains the high-level abstraction of data specification. In addition, introduction of deadlock, invariant violation checking, LTL formula checking and animation is another key advantage. We present our approach, a link definition for a subset of Circus constructs, as well as a popular case study ( reactive buffer) to show the practical usability of our work. We conclude with a discussion of related work, advantages and potential limitations of our approach and future work.",wos,llm,0.830,unreviewed,
discarded,Expressing GMoDS Models into Object-Oriented Models Using the Event-B Language,"Brezovan, Marius; Stanescu, Liana; Ganea, Eugen",2016,INFORMATICA-JOURNAL OF COMPUTING AND INFORMATICS,,https://www.webofscience.com/wos/woscc/full-record/WOS:000375125100004,adjacent-subtopic,"Among the agent-oriented methodologies that use goals for specification of multi-agent systems, the Goal Model for Dynamic Systems (GMoDS) method allows to specify goals during requirements engineering process and then to use them throughout the system development and at runtime. Because the semantics of the GMoDS models involves the use of object-oriented concepts we choose to express a GMoDS model in an object-oriented specification. We use Event-B as a method for both specifying the GMoDS models and implementing the semantics of the runtime model of GMoDS. Because Event-B is not an object-oriented language, the goal of our research is to add support to Event-B for object-oriented modeling by using the modularization plug-in of the Rodin framework. This aim of paper is twofold: (a) to describe an object-oriented specification in Event-B, and (b) to express a GMoDS model into an object-oriented Event-B specification.",wos,llm,0.720,unreviewed,
discarded,Model checking CML: tool development and industrial applications,"Mota, A.; Farias, A.; Woodcock, J.; Larsen, P. G.",2015,FORMAL ASPECTS OF COMPUTING,10.1007/s00165-015-0342-2,https://www.webofscience.com/wos/woscc/full-record/WOS:000365426000010,adjacent-subtopic,"A model checker is an automatic tool that traverses a specific structure (normally a Kripke structure referred as the model M) to check the satisfaction of some (temporal) logical property f. This is formally stated as . For some formal notations, the model M of a specification S (written in a formal language L) can be described as a labelled transition system (LTS). Specifically, it is not clear in general how usual tools such as SPIN, FDR, PAT, etc., create the LTS representation from a given process. Although one expects the coherence of the LTS generation with the semantics of L, it is completely hidden inside the model checker itself. In this paper we show how to create a model checker for L, using a development approach based on its operational semantics. We use a systematic semantics embedding and the formal modeling using logic programming and analysis (FORMULA) framework to this end. We illustrate our strategy considering the formal language COMPASS modelling language (CML)-a new language that was based on CSP, VDM and the refinement calculus proposed for modelling and analysis of systems of systems. As FORMULA is based on satisfiability modulo theories solving, our model checker can handle communications and predicates involving data with infinite domains by building and manipulating a symbolic LTS. This goes beyond the capabilities of traditional CSP model checkers such as FDR and PAT. Moreover, we show how to reduce time and space complexities by simple semantic modifications in the embedding. This allows a more semantics-preserving tuning. Finally, we show a real implementation of our model checker in an integrated development platform for CML and its practical use on an industrial case study.",wos,llm,0.660,unreviewed,
kept,Refinement algebra with dual operator,"Preoteasa, Viorel",2014,SCIENCE OF COMPUTER PROGRAMMING,10.1016/j.scico.2013.07.002,https://www.webofscience.com/wos/woscc/full-record/WOS:000338598100006,supports-claim,"Algebras of imperative programming languages have been successful in reasoning about programs. In general an algebra of programs is an algebraic structure with programs as elements and with program compositions (sequential composition, choice, skip) as algebra operations. Various versions of these algebras were introduced to model partial correctness, total correctness, refinement, demonic choice, and other aspects. We introduce here an algebra which can be used to model total correctness, refinement, demonic and angelic choice. The basic model of our algebra are monotonic Boolean transformers (monotonic functions from a Boolean algebra to itself). (C) 2013 Elsevier B.V. All rights reserved.",wos,llm,0.910,unreviewed,
kept,Algebraic Laws for Process Subtyping,"Dihego, Jose; Antonino, Pedro; Sampaio, Augusto",2013,FORMAL METHODS AND SOFTWARE ENGINEERING,,https://www.webofscience.com/wos/woscc/full-record/WOS:000333583600002,supports-claim,"This work presents a conservative extension of OhCircus, a concurrent specification language, which integrates CSP, Z, object-orientation and embeds a refinement calculus. This extension supports the definition of process inheritance, where control flow, operations and state components are eligible for reuse. We present the extended OhCircus grammar and, based on Hoare and He's Unifying Theories of Programming, we give the formal semantics of process inheritance and its supporting constructs. The main contribution of this work is a set of sound algebraic laws for process inheritance. The proposed laws are exercised in the development of a case study.",wos,llm,0.850,unreviewed,
kept,Modelling temporal behaviour in complex systems with Timebands,"Wei, Kun; Woodcock, Jim; Burns, Alan",2013,FORMAL METHODS IN SYSTEM DESIGN,10.1007/s10703-013-0193-5,https://www.webofscience.com/wos/woscc/full-record/WOS:000327846700005,supports-claim,"Complex real-time systems exhibit dynamic behaviours on many different time levels. To cope with the wide range of time scales and produce more dependable computer-based systems, we develop a Timebands model that can explicitly recognise a finite set of distinct time bands in which temporal properties and associated behaviours are described. In order to formalise the Timebands model, we propose a new timed model, named Timed , of , which is the combination of Z, CSP, and the refinement calculus in the setting of Unifying Theories of Programming. Different from most approaches such as Timed CSP, Timed uses a complete lattice in the implication ordering to model the distinctive features of the Timebands model. As a result, the semantics of the Timebands model is built upon Timed to guarantee soundness of each operator and maintain consistency and coordination between different time bands. By means of two small systems, we demonstrate how the Timebands model contributes to describing complex real-time systems with multiple time scales.",wos,llm,0.830,unreviewed,
kept,Linking Unifying Theories of Program refinement,"Hayes, Ian J.; Dunne, Steve E.; Meinicke, Larissa A.",2013,SCIENCE OF COMPUTER PROGRAMMING,10.1016/j.scico.2012.07.010,https://www.webofscience.com/wos/woscc/full-record/WOS:000324602500005,supports-claim,"In this paper we consider three theories of programs and specifications at different levels of abstraction. The theories we focus on are: the basic Unifying Theories of Programming (UTP) model, which corresponds to the theories of VDM, B, and the refinement calculus; an extended theory that distinguishes abort from nontermination; and a further extension that introduces (abstract) time. We define UTP-style designs (or specifications) in each theory and show how program constructors, such as nondeterministic choice and sequential composition, can be expressed as single designs in each theory.

To examine the relationships between the theories, we construct mappings in both directions between pairs of theories and show that the pairs of mappings form Galois connections. This shows that the simpler (more abstract) models are sub-theories of the more complex extensions. The mappings preserve the program structure and hence are homomorphisms. An important property of a Galois connection is that both mappings preserve refinement. The Galois connections between the models can be exploited to translate properties, including refinement laws, between theories. In addition, we show how to define an iteration in the extended model in terms of an iteration in the timed model. Crown Copyright (C) 2012 Published by Elsevier B.V. All rights reserved.",wos,llm,0.940,unreviewed,
kept,A framework for automated and certified refinement steps,"Griesmayer, Andreas; Liu, Zhiming; Morisset, Charles; Wang, Shuling",2013,INNOVATIONS IN SYSTEMS AND SOFTWARE ENGINEERING,10.1007/s11334-012-0183-6,https://www.webofscience.com/wos/woscc/full-record/WOS:000217414600002,supports-claim,"The refinement calculus provides a methodology for transforming an abstract specification into a concrete implementation, by following a succession of refinement rules. These rules have been mechanized in theorem provers, thus providing a formal and rigorous way to prove that a given program refines another one. In a previous work, we have extended this mechanization for object-oriented programs, where the memory is represented as a graph, and we have integrated our approach within the rCOS tool, a modeldriven software development tool providing a refinement language. Hence, for any refinement step, the tool automatically generates the corresponding proof obligations and the user can manually discharge them, using a provided library of refinement lemmas. In this work, we propose an approach to automate the search of possible refinement rules from a program to another, using the rewriting tool Maude. Each refinement rule in Maude is associated with the corresponding lemma in Isabelle, thus allowing the tool to automatically generate the Isabelle proof when a refinement rule can be automatically found. The user can add a new refinement rule by providing the corresponding Maude rule and Isabelle lemma.",wos,llm,0.960,unreviewed,
kept,Failure-divergence semantics and refinement of long running transactions,"Chen, Zhenbang; Liu, Zhiming; Wang, Ji",2012,THEORETICAL COMPUTER SCIENCE,10.1016/j.tcs.2012.04.040,https://www.webofscience.com/wos/woscc/full-record/WOS:000308672200003,supports-claim,"Compensating CSP (cCSP) models long-running transactions. It can be used to specify service orchestrations written in programming languages like WS-BPEL However, the original cCSP does not allow to model internal (non-deterministic) choice, synchronized parallel composition, hiding or recursion. In this paper, we introduce these operators and define for the extended language a failure-divergence (FD) semantics to allow reasoning about non-determinism, deadlock and livelock. Furthermore, we develop a refinement calculus that allows us to compare the level of non-determinism between long running transactions, and transform specifications for design and analysis. (c) 2012 Elsevier B.V. All rights reserved.",wos,llm,0.900,unreviewed,
kept,Isabelle/<i>Circus</i>: A Process Specification and Verification Environment,"Feliachi, Abderrahmane; Gaudel, Marie-Claude; Wolff, Burkhart",2012,"VERIFIED SOFTWARE: THEORIES, TOOLS, EXPERIMENTS",,https://www.webofscience.com/wos/woscc/full-record/WOS:000306943500020,supports-claim,"The Circus specification language combines elements for complex data and behavior specifications, using an integration of Z and CSP with a refinement calculus. Its semantics is based on Hoare and He's unifying theories of programming (UTP).

We develop a machine-checked, formal semantics based on a ""shallow embedding"" of Circus in Isabelle/UTP (our semantic theory of UTP based on Isabelle/HOL). We derive proof rules from this semantics and implement tactic support that finally allows for proofs of refinement for Circus processes (involving both data and behavioral aspects).

This proof environment supports a syntax for the semantic definitions which is close to textbook presentations of Circus.",wos,llm,0.880,unreviewed,
discarded,"Invariant relations, invariant functions, and loop functions","Jilani, Lamia Labed; Louhichi, Asma; Mraihi, Olfa; Mili, Ali",2012,INNOVATIONS IN SYSTEMS AND SOFTWARE ENGINEERING,10.1007/s11334-012-0189-0,https://www.webofscience.com/wos/woscc/full-record/WOS:000217413200002,adjacent-subtopic,"The increasing criticality of software applications, the increasing size and complexity of such applications, and the increasing reliance of software engineering paradigms on third party software assets combine to place a high premium on the ability to analyze software products to an arbitrary level of thoroughness and precision. Yet despite several decades of research, the goal of analyzing the functional properties of software products to an arbitrary level of thoroughness and precision remains unfulfilled. In this paper, we discuss the use of a relation-theoretic approach inspired from Mills' logic to analyze while loops, and we support our approach by an operational prototype tool. The proposed method and tool have applications in program comprehension, reverse engineering, program verification, software maintenance, and programmer education.",wos,llm,0.770,unreviewed,
discarded,Contract-Based Verification of Simulink Models,"Bostrom, Pontus",2011,FORMAL METHODS AND SOFTWARE ENGINEERING,,https://www.webofscience.com/wos/woscc/full-record/WOS:000305317700021,adjacent-subtopic,"This paper presents an approach to compositional contract-based verification of Simulink models. The verification approach uses Synchronous Data Flow (SDF) graphs as a formalism to obtain sequential program statements that can then be analysed using traditional refinement-based verification techniques. Automatic generation of the proof obligations needed for verification of correctness with respect to contracts, as well as automatic proofs are also discussed.",wos,llm,0.740,unreviewed,
kept,Freefinement,"van Staden, Stephan; Calcagno, Cristiano; Meyer, Bertrand",2012,POPL 12: PROCEEDINGS OF THE 39TH ANNUAL ACM SIGPLAN-SIGACT SYMPOSIUM ON PRINCIPLES OF PROGRAMMING LANGUAGES,,https://www.webofscience.com/wos/woscc/full-record/WOS:000304130100003,supports-claim,"Freefinement is an algorithm that constructs a sound refinement calculus from a verification system under certain conditions. In this paper, a verification system is any formal system for establishing whether an inductively defined term, typically a program, satisfies a specification. Examples of verification systems include Hoare logics and type systems. Freefinement first extends the term language to include specification terms, and builds a verification system for the extended language that is a sound and conservative extension of the original system. The extended system is then transformed into a sound refinement calculus. The resulting refinement calculus can interoperate closely with the verification system it is even possible to reuse and translate proofs between them. Freefinement gives a semantics to refinement at an abstract level: it associates each term of the extended language with a set of terms from the original language, and refinement simply reduces this set. The paper applies freefinement to a simple type system for the lambda calculus and also to a Hoare logic.",wos,llm,0.970,unreviewed,
kept,Freefinement,"van Staden, Stephan; Calcagno, Cristiano; Meyer, Bertrand",2012,ACM SIGPLAN NOTICES,10.1145/2103621.2103661,https://www.webofscience.com/wos/woscc/full-record/WOS:000300548100001,supports-claim,"Freefinement is an algorithm that constructs a sound refinement calculus from a verification system under certain conditions. In this paper, a verification system is any formal system for establishing whether an inductively defined term, typically a program, satisfies a specification. Examples of verification systems include Hoare logics and type systems. Freefinement first extends the term language to include specification terms, and builds a verification system for the extended language that is a sound and conservative extension of the original system. The extended system is then transformed into a sound refinement calculus. The resulting refinement calculus can interoperate closely with the verification system - it is even possible to reuse and translate proofs between them. Freefinement gives a semantics to refinement at an abstract level: it associates each term of the extended language with a set of terms from the original language, and refinement simply reduces this set. The paper applies freefinement to a simple type system for the lambda calculus and also to a Hoare logic.",wos,llm,0.970,unreviewed,
kept,Mechanised support for sound refinement tactics,"Zeyda, Frank; Oliveira, Marcel; Cavalcanti, Ana",2012,FORMAL ASPECTS OF COMPUTING,10.1007/s00165-011-0218-z,https://www.webofscience.com/wos/woscc/full-record/WOS:000298755200007,supports-claim,"ArcAngel is a tactic language devised to facilitate and automate program developments using Morgan's refinement calculus. It is especially well suited for the specification of high-level refinement strategies, and equipped with a formal semantics that additionally permits reasoning about tactics. In this paper, we present an implementation of ArcAngel for the ProofPower theorem prover. We discuss the underlying design, explain how it implements the semantics of ArcAngel, and examine the interplay between ArcAngel tactics and the native reasoning support of the prover. We also discuss several extensions of ArcAngel that have been entailed by our implementation effort. They are of practical importance and provide a unification of the related tactic languages Angel and ArcAngel C. Our main result is a mechanisation that reflects directly the ArcAngel semantics, and can be used with any programming model for refinement. The approach can be used to support other formal tactic languages using other theorem provers.",wos,llm,0.950,unreviewed,
kept,A Graph-Based Implementation for Mechanized Refinement Calculus of OO Programs,"Liu, Zhiming; Morisset, Charles; Wang, Shuling",2011,FORMAL METHODS: FOUNDATIONS AND APPLICATIONS,,https://www.webofscience.com/wos/woscc/full-record/WOS:000296753200017,supports-claim,"This paper extends the mechanization of the refinement calculus done by von Wright in HOL, representing the state of a program as a graph instead of a tuple, in order to deal with object-orientation. The state graph structure is implemented in Isabelle, together with definitions and lemmas, to help the manipulation of states. We then show how proof obligations are automatically generated from the rCOS tool and can be loaded in Isabelle to be proved. We illustrate our approach by generating the proof obligations for a simple example, including object access and method invocation.",wos,llm,0.950,unreviewed,
kept,From control law diagrams to Ada via <i>Circus</i>,"Cavalcanti, Ana; Clayton, Phil; O'Halloran, Colin",2011,FORMAL ASPECTS OF COMPUTING,10.1007/s00165-010-0170-3,https://www.webofscience.com/wos/woscc/full-record/WOS:000291662100004,supports-claim,"Control engineers make extensive use of diagrammatic notations; control law diagrams are used in industry every day. Techniques and tools for analysis of these diagrams or their models are plentiful, but verification of their implementations is a challenge that has been taken up by few. We are aware only of approaches that rely on automatic code generation, which is not enough assurance for certification, and often not adequate when tailored hardware components are used. Our work is based on Circus, a notation that combines Z, CSP, and a refinement calculus, and on industrial tools that produce partial Z and CSP models of discrete-time Simulink diagrams. We present a strategy to translate Simulink diagrams to Circus, and a strategy to prove that a parallel Ada implementation refines the Circus specification; we rely on a Circus semantics for the program. By using a combined notation, we provide a specification that considers both functional and behavioural aspects of a large set of diagrams, and support verification of a large number of implementations. We can handle, for instance, arbitrarily large data types and dynamic scheduling.",wos,llm,0.900,unreviewed,
