status,title,authors,year,venue,doi,url,tags,abstract,provider,decision_source,llm_confidence,llm_review_outcome,llm_change_direction
kept,Data Refinement: Model-Oriented Proof Methods and their Comparison,W.P. deRoever; Kai Engelhardt,2008,Medical Entomology and Zoology,,https://openalex.org/W1525928249,adjacent-subtopic,"The goal of this book is to provide a comprehensive and systematic introduction to the important and highly applicable method of data refinement and the simulation methods used for proving its correctness. The authors concentrate in the first part on the general principles needed to prove data refinement correct. They begin with an explanation of the fundamental notions, showing that data refinement proofs reduce to proving simulation. The topics of Hoare Logic and the Refinement Calculus are introduced and a general theory of simulations is developed and related to them. Accessibility and comprehension are emphasized in order to guide newcomers to the area. The book's second part contains a detailed survey of important methods in this field, such as VDM, and the methods due to Abadi & Lamport, Hehner, Lynch and Reynolds, Back's refinement calculus and Z. All these methods are carefully analysed, and shown to be either imcomplete, with counterexamples to their application, or to be always applicable whenever data refinement holds. This is shown by proving, for the first time, that all these methods can be described and analyzed in terms of two simple notions: forward and backward simulation. The book is self-contained, going from advanced undergraduate level and taking the reader to the state of the art in methods for proving simulation.",openalex,llm,0.860,unreviewed,
discarded,Correctness-Preserving Configuration of Business Process Models,Wil M. P. van der Aalst; Marlon Dumas; Florian Gottschalk; Arthur H. M. ter Hofstede; Marcello La Rosa; Jan Mendling,2008,Lecture notes in computer science,10.1007/978-3-540-78743-3_4,https://openalex.org/W2163229252,adjacent-subtopic,,openalex,llm,0.880,unreviewed,
discarded,Thermo-fluid dynamic theory of two-phase flow,Mamoru Ishii,1976,International Journal of Multiphase Flow,10.1016/0301-9322(76)90008-2,https://openalex.org/W1619737676,off-topic-false-hit,,openalex,llm,1.000,unreviewed,
kept,A refinement calculus for nondeterministic expressions,Nigel Ward,1994,The University of Queensland,10.14264/192541,https://openalex.org/W1483088672,supports-claim,"This thesis presents a refinement calculus for transforming highly abstract specifications into programs written in a functional programming language. Refinement calculi allow the derivation of a program from a formal specification by a sequence of correctness-preserving transformation steps. Most refinement calculi target imperative programming languages. Functional programming languages are often more expressive than imperative programming languages. This expressive power leads to a reduced gap between the concepts used to express a problem (as a specification) and the concepts used to express its solution (as a program). Thus, a refinement calculus which targets a functional programming language can lead to a simpler development process which produces a final product more quickly. We build a refinement calculus for functional programs by adding specification constructs to a functional language and examining transformations over the resulting language.This thesis complements other work in the area in two major ways. Firstly, we investigate the addition of truly-nondeterministic, rather than underdetermined, choice constructs to a functional language. These constructs allow specifications which are more abstract and which admit more implementations. Secondly, most refinement calculi for functional programs add erratic choice constructs to a functional language. We investigate the addition of both demonic and angelic nondeterminism to a functional language. Demonic and erratic choice are similar: given a number of alternatives, they choose any one. In contrast, given a number of alternatives angelic choice always makes the correct choice, if one exists. Angelic choice is difficult to reason about, but allows the concise specification of powerful parallel constructs.",openalex,llm,0.960,unreviewed,
discarded,Notes on Communicating Sequential Systems,C. A. R. Hoare,1986,,10.1007/978-3-642-82921-5_4,https://openalex.org/W119570465,adjacent-subtopic,,openalex,llm,0.570,unreviewed,
discarded,Formal Methods for Components and Objects,Albert Benveniste; Benoı̂t Caillaud; Luca P. Carloni; Paul Caspi; Alberto Sangiovanni-Vincentelli,2004,Lecture notes in computer science,10.1007/b100112,https://openalex.org/W2604845086,adjacent-subtopic,,openalex,llm,0.820,unreviewed,
discarded,Correctness by construction: a manifesto for high integrity software,Roderick Chapman,2006,,,https://openalex.org/W2133190575,adjacent-subtopic,High integrity software systems are often so large that conventional development processes cannot get anywhere near achieving tolerable defect rates. This paper presents Correctness by Construction (CbyC)—an approach that has delivered very low defect rate software costeffectively. We describe the main principles of CbyC and the results achieved to date. We also touch on some of the barriers that we have encountered in trying to field CbyC within our own and other organisations.,openalex,llm,0.900,unreviewed,
discarded,Decomposition of functionality: a correctness-preserving LOTOS transformation,Rom Langerak,1990,University of Twente Research Information,10.5555/645833.670255,https://openalex.org/W1479793913,adjacent-subtopic,,openalex,llm,0.860,unreviewed,
kept,A refinement calculus for Z,"Ana Cavalcanti; Cavalcanti, Ana",1997,Oxford University Research Archive (ORA) (University of Oxford),10.5287/ora-y5po0yk8j,https://openalex.org/W765246765,supports-claim,"The lack of a method for developing programs from Z specifications is a difficulty that is now widely recognised. As a contribution to solving this problem, we present ZRC, a refinement calculus based on Morgan's work that incorporates the Z notation and follows its style and conventions. Other refinement techniques have been proposed for Z; ZRC builds upon some of them, but distinguishes itself in that it is completely formalised.As several other refinement techniques, ZRC is formalised in terms of weakest preconditions. In order to define the semantics of its language, ZRC-L, we construct a weakest precondition semantics for Z based on a relational semantics proposed by the Z standards panel. The resulting definition is not unexpected, but its construction provides evidence for its suitability and, additionally, establishes connections between predicate transformers and two different relational models. The weakest precondition semantics of the remaining constructs of ZRC-L justify several assumptions that permeate the formalisation of Morgan's refinement calculus. Based on the semantics of ZRC-L, we derive all laws of ZRC.Typically the refinement of a schema in ZRC begins with the application of a conversion law that translates it to a notation convenient for refinement, and proceeds with the application of refinement laws. The conversion laws of ZRC formalise the main strategies and rules of translation available in the literature; its set of refinement laws is extensive and includes support for procedures, parameters, recursion, and data refinement.Morgan and Back have proposed different formalisations of procedures and parameters in the context of refinement techniques. We investigate a surprising and intricate relationship between these works and the substitution operator that renames the free variables of a program, and reveal an inconsistency in Morgan's calculus, Back's approach does not suffer from this inconsistency, but he does not present refinement laws. We benefit from both works and use a model based on Back's formalism to derive refinement laws similar to those in Morgan's calculus. Furthermore, we derive additional laws that formalise Morgan's approach to recursion.Three case studies illustrate the application of ZRC. They show that ZRC can be useful as a technique of formal program development, but are by no means enough to ascertain the general adequacy of its conversion and refinement laws. Actually, since Z does not enforce a specific style of structuring specifications, it is likely that new laws will be proved useful for particular system specifications: two of our case studies exemplify this situation. Our hope is that ZRC and its formalisation will encourage further investigation into the refinement of Z specifications and the proper justification of any emerging strategies or techniques.",openalex,llm,0.980,unreviewed,
discarded,Correctness By Construction: Better Can Also Be Cheaper,Peter Amey,2002,,,https://openalex.org/W2169248079,adjacent-subtopic,,openalex,llm,0.840,unreviewed,
discarded,The Semantics of Circus,Jim Woodcock; Ana Cavalcanti,2002,Lecture notes in computer science,10.1007/3-540-45648-1_10,https://openalex.org/W1483063212,adjacent-subtopic,,openalex,llm,0.840,unreviewed,
kept,The Correctness-by-Construction Approach to Programming,Derrick G. Kourie; Bruce W. Watson,2012,Springer Berlin Heidelberg,10.1007/978-3-642-27919-5,https://openalex.org/W1647954783,supports-claim,,openalex,llm,0.740,unreviewed,
kept,Types and Invariants in the Refinement Calculus,Carroll Morgan; Trevor Vickers,1992,,10.1007/978-1-4471-3273-8_9,https://openalex.org/W4255596025,supports-claim,,openalex,llm,0.960,unreviewed,
kept,An object-oriented refinement calculus with modular reasoning,Barry Mark Utting,1992,,,https://openalex.org/W2129082727,supports-claim,"In this thesis, the refinement calculus is extended to support a variety of object-oriented programming styles. The late binding of procedure calls in object-oriented languages is modelled by defining an object-oriented system to be a function from procedure names and argument values to the procedures that are invoked by late binding. The first model allows multiple dispatch late binding, in the style of CLOS. This model is then specialised to the single dispatch case, giving a model that associates types with objects, which is similar to existing class based object-oriented languages.
Both models are then restricted so that they support modular reasoning. The concept of modular reasoning has been defined informally in the literature, both for non-object-oriented systems and for object-oriented systems. This thesis gives the first formal definition of modular reasoning for object-oriented languages. Intuitively, the definition seems to capture the minimum possible requirements necessary to support modular reasoning. For simplicity, the definition only allows data refinement between the implementation and specification of an object, not between types and subtypes. The removal of this restriction is discussed in the section on further work.
The definition of modular reasoning allows programs to make arbitrary observations about objects, such as testing the type of an object. In contrast, most existing formal methods for object-oriented programming assume that a subtype should be a transparent replacement of its supertypes, so do not allow programs to test the types of objects.
Other topics covered include the incremental construction of types from other types and a way of reasoning about the aliasing of objects, based on the collections of Euclid. The use of collections to handle aliasing is convenient because it is modular. That is, an object can encapsulate a collection and thus hide all aliasing from programs that use the object.",openalex,llm,0.960,unreviewed,
discarded,Heterogeneous Reactive Systems Modeling and Correct-by-Construction Deployment,Albert Benveniste; Luca P. Carloni; Paul Caspi; Alberto Sangiovanni‐Vincentelli,2003,Lecture notes in computer science,10.1007/978-3-540-45212-6_4,https://openalex.org/W1552603170,adjacent-subtopic,,openalex,llm,0.870,unreviewed,
kept,A Refinement Strategy for Circus,Ana Cavalcanti; Augusto Sampaio; Jim Woodcock,2003,Formal Aspects of Computing,10.1007/s00165-003-0006-5,https://openalex.org/W2077325003,supports-claim,"Abstract We present a refinement strategy for Circus , which is the combination of Z, CSP, and the refinement calculus in the setting of Hoare and He’s unifying theories of programming. The strategy unifies the theories of refinement for processes and their constituent actions, and provides a coherent technique for the stepwise refinement of concurrent and distributed programs involving rich data structures. This kind of development is carried out using Circus ’s refinement calculus, and we describe some of its laws for the simultaneous refinement of state and control behaviour, including the splitting of a process into parallel subcomponents. We illustrate the strategy and the laws using a case study that shows the complete development of a small distributed program.",openalex,llm,0.970,unreviewed,
discarded,Compiling communicating processes into delay-insensitive VLSI circuits,Alain J. Martin,1986,Distributed Computing,10.1007/bf01660034,https://openalex.org/W2029005287,adjacent-subtopic,,openalex,llm,0.710,unreviewed,
discarded,Correctness-preserving derivation of concurrent garbage collection algorithms,Martin Vechev; Eran Yahav; David F. Bacon,2006,ACM SIGPLAN Notices,10.1145/1133255.1134022,https://openalex.org/W2166653824,adjacent-subtopic,"Constructing correct concurrent garbage collection algorithms is notoriously hard. Numerous such algorithms have been proposed, implemented, and deployed - and yet the relationship among them in terms of speed and precision is poorly understood, and the validation of one algorithm does not carry over to others.As programs with low latency requirements written in garbagecollected languages become part of society's mission-critical infrastructure, it is imperative that we raise the level of confidence in the correctness of the underlying system, and that we understand the trade-offs inherent in our algorithmic choice.In this paper we present correctness-preserving transformations that can be applied to an initial abstract concurrent garbage collection algorithm which is simpler, more precise, and easier to prove correct than algorithms used in practice--but also more expensive and with less concurrency. We then show how both pre-existing and new algorithms can be synthesized from the abstract algorithm by a series of our transformations. We relate the algorithms formally using a new definition of precision, and informally with respect to overhead and concurrency.This provides many insights about the nature of concurrent collection, allows the direct synthesis of new and useful algorithms, reduces the burden of proof to a single simple algorithm, and lays the groundwork for the automated synthesis of correct concurrent collectors.",openalex,llm,0.800,unreviewed,
discarded,Correctness-preserving derivation of concurrent garbage collection algorithms,Martin Vechev; Eran Yahav; David F. Bacon,2006,,10.1145/1133981.1134022,https://openalex.org/W4247694393,adjacent-subtopic,"Constructing correct concurrent garbage collection algorithms is notoriously hard. Numerous such algorithms have been proposed, implemented, and deployed - and yet the relationship among them in terms of speed and precision is poorly understood, and the validation of one algorithm does not carry over to others.As programs with low latency requirements written in garbagecollected languages become part of society's mission-critical infrastructure, it is imperative that we raise the level of confidence in the correctness of the underlying system, and that we understand the trade-offs inherent in our algorithmic choice.In this paper we present correctness-preserving transformations that can be applied to an initial abstract concurrent garbage collection algorithm which is simpler, more precise, and easier to prove correct than algorithms used in practice--but also more expensive and with less concurrency. We then show how both pre-existing and new algorithms can be synthesized from the abstract algorithm by a series of our transformations. We relate the algorithms formally using a new definition of precision, and informally with respect to overhead and concurrency.This provides many insights about the nature of concurrent collection, allows the direct synthesis of new and useful algorithms, reduces the burden of proof to a single simple algorithm, and lays the groundwork for the automated synthesis of correct concurrent collectors.",openalex,llm,0.800,unreviewed,
kept,Stepwise refinement of parallel algorithms,R. J. R. Back; Kaisa Sere,1990,Science of Computer Programming,10.1016/0167-6423(90)90069-p,https://openalex.org/W2031669812,supports-claim,,openalex,llm,0.970,unreviewed,
kept,A real-time refinement calculus that changes only time,Mark Utting; Colin Fidge,1996,Electronic workshops in computing,10.14236/ewic/rw1996.14,https://openalex.org/W139310392,supports-claim,"The behaviour of a real-time system that interacts repeatedly with its environment is most succinctly specified by its possible traces, or histories. We present a way of using the refinement calculus for developing real-time programs from requirements expressed in this form. Our trace-based specification statements and target language constructs constrain the traces of system variables, rather than updating them destructively like the usual state-machine model. The only variable that is updated is a special current-time variable. The resulting calculus allows refinement from formal specificationswith hard real-time requirements, to high-level language programs annotatedwith precise timing constraints.",openalex,llm,0.920,unreviewed,
discarded,Correct-by-Construction Asynchronous Implementation of Modular Synchronous Specifications,Dumitru Potop‐Butucaru; Benoı̂t Caillaud,2007,,,https://openalex.org/W2678984351,adjacent-subtopic,"In this paper, we introduce a new model for the representation of distributed asynchronous implementations of synchronous specifications. The model covers classical implementations, where a notion of global synchronization is preserved by means of signaling, and globally asynchronous, locally synchronous (GALS) implementations where the global clock is removed.

The new model offers a unified framework for reasoning about two essential correctness properties of an implementation: the preservation of semantics and the absence of deadlocks. We use it to derive criteria ensuring the correct deployment of synchronous specifications over GALS architectures. As the model captures the internal concurrency of the synchronous specification, our criteria support implementations that are less constrained and more efficient than existing ones.

Our work also reveals strong ties between abstract semantics-preservation properties and more operational ones like the absence of deadlocks.",openalex,llm,0.900,unreviewed,
discarded,Quantum Programming,J. W. Sanders; Paolo Zuliani,2000,IRIS Research product catalog (Sapienza University of Rome),10.1007/10722010_6,https://openalex.org/W4238931494,adjacent-subtopic,"In this paper a programming language, qGCL, is presented for the expression of quantum algorithms. It contains the features required to program a 'universal' quantum computer (including initialisation and observation), has a formal semantics and body of laws, and provides a refinement calculus supporting the verification and derivation of programs against their specifications. A representative selection of quantum algorithms are expressed in the language and one of them is derived from its specification.",openalex,llm,0.880,unreviewed,
kept,Formalising UML Use Cases in the Refinement Calculus,R. J. R. Back; Luigia Petre; Iván Porres,1999,,,https://openalex.org/W1577826642,supports-claim,"The Unified Modeling Language (UML) consists of a set of diagrams that describe a system under development. A use case diagram specifies the required functionality of the system, showing the collaboration among a set of actors that are to perform certain tasks. We enhance use case diagrams by providing formal documents (like specifications or programs), called contracts that regulate the behaviour of the agents involved. These agents could be programs, modules, systems, users. The contract is written in a language with a precise semantics and logic for reasoning, the refinement calculus. Hence, it can be analysed for the preconditions required in order to achieve certain goals. In order to express contracts we also need to specify the problem domain of the system; using refinement calculus for this too, we specify classes and UML class diagrams. Thereby, we integrate the functional view of a system, described by the use case diagram with the object-oriented view for the same system, d...",openalex,llm,0.950,unreviewed,
