status,title,authors,year,venue,doi,url,tags,abstract,provider,decision_source,llm_confidence,llm_review_outcome,llm_change_direction
discarded,Borrowing from the Crowd: A Study of Recombination in Software Design Competitions,Thomas D. LaToza; Micky Chen; Luxi Jiang; Mengyao Zhao; André van der Hoek,2015,2015 IEEE/ACM 37th IEEE International Conference on Software Engineering,10.1109/ICSE.2015.72,https://ieeexplore.ieee.org/document/7194605/,adjacent-subtopic,"One form of crowdsourcing is the competition, which poses an open call for competing solutions. Commercial systems such as TopCoder have begun to explore the application of competitions to software development, but have important limitations diminishing the potential benefits drawn from the crowd. In particular, they employ a model of independent work that ignores the opportunity for designs to arise from the ideas of multiple designers. In this paper, we examine the potential for software design competitions to incorporate recombination, in which competing designers are given the designs of others and encouraged to use them to revise their own designs. To explore this, we conducted two software design competitions in which participants were asked to produce both an initial and a revised design, drawing on lessons learned from the crowd. We found that, in both competitions, all participants borrowed ideas and most improved the quality of their designs. Our findings demonstrate the potential benefits of recombination in software design and suggest several ways in which software design competitions can be improved.",ieee,llm,0.840,unreviewed,
discarded,"Reflector antennas (dishes) for the Square Kilometre Array (SKA) for the proceedings of the XXXth URSI general assembly to be held in Istanbul, Turkey, August, 2011",P. Dewdney; N. Roddis,2011,2011 XXXth URSI General Assembly and Scientific Symposium,10.1109/URSIGASS.2011.6051205,https://ieeexplore.ieee.org/document/6051205/,off-topic-false-hit,"Parabolic reflectors (dishes) are the most general purpose, flexible antennas used in radio astronomy, typically able with multiple feeds to cover two orders of magnitude in frequency. The SKA requirements will push the limits of dish design for decimetre wavelengths beyond that of any existing dishes. The SKAs sensitivity as well as its wide-field imaging requirements push performance limits, while the need to produce and deploy thousands of dishes in an array spanning continental baselines push cost and fabrication limits. This paper will discuss SKA requirements and a combination of techniques being brought to bear on this design problem.",ieee,llm,1.000,unreviewed,
discarded,Improved Secret Information Hiding Using SHA-256 and Invisible ASCII Character Replacement Technology,Swati C. Dandekar; Prashant G. Ahire; Jyoti Rao,2018,2018 Fourth International Conference on Computing Communication Control and Automation (ICCUBEA),10.1109/ICCUBEA.2018.8697764,https://ieeexplore.ieee.org/document/8697764/,off-topic-false-hit,"This is the information era. Lots amount of information is get transmitted from one end to another. The text document exchange is most widely used technique over internet for communication. This may contain some valuable information or some general data. If these text documents contain valuable information and if it gets hacked by some unauthorized user then they may change it or make misuse of this information. So that we need some technique to hide our important and valuable text information while communicating over internet. Still there are many hiding technique present also proposed by many authors but these having some limitation and drawbacks like poor robustness, lower embedding rate and semantic clutter. Due to all these weakness in existing system, interceptors may hacked or extracted the information. To overcome all these drawbacks of existing system, we proposed a new technique based on the invisible ASCII character replacement method the hash function. In this approach we first find the binary formatted information, after that the space character in every carrier is replace by SOH with the help of some replacement algorithm. In third stage a hash value is generated. At last the hash value is compare with the encoded secrete information.",ieee,llm,0.990,unreviewed,
discarded,Hardware and software design of an automated testing tool for traffic controllers,Zhen Li; B. Johnson; A. Abdel-Rahim; M. Kyte,2006,2006 IEEE Intelligent Transportation Systems Conference,10.1109/ITSC.2006.1707440,https://ieeexplore.ieee.org/document/1707440/,adjacent-subtopic,"Traffic engineers and technicians are faced with the challenge of testing traffic controllers to ensure that they comply with the state requirements prior to deployment. Currently the test is being done manually using manual ""suitcase testers"". These manual based tests can be tedious and time consuming and come with many limitations such as the inability to document the results and hard to replicate field cases. This paper introduces development of an automated test tool and a new script language (CIDScript) for testing traffic signal controller functionality. The automation test tool can be used to replace or supplement manual testing",ieee,llm,0.930,unreviewed,
discarded,A Reconfigurable Distributed Radar Echo Simulation Software Design Method,Jiabin Yang; Xinliang Chen; Shaoqiang Chang; Huageng Liu; Pinghao Zeng,2024,"2024 IEEE International Conference on Signal, Information and Data Processing (ICSIDP)",10.1109/ICSIDP62679.2024.10869231,https://ieeexplore.ieee.org/document/10869231/,adjacent-subtopic,"To address the design and functional analysis needs of radar echo simulation systems in complex environments, this paper proposes a design method for reconfigurable distributed radar echo simulation software based on the Component-Based Software Engineering (CBSE) approach. This method achieves flexible configuration and functional expansion of radar echo simulation software through component-based design and asynchronous task scheduling. It significantly enhances the adaptability and scalability of the system. The paper first conducts an in-depth analysis of existing radar echo simulation technologies, revealing their limitations. Based on this, it designs a radar echo simulation architecture that supports asynchronous scheduling of echo simulation tasks and context updates at different stages, allowing for flexible management of simulation tasks. Experimental validation demonstrates that the proposed method shows significant advantages in task scheduling efficiency, system scalability, and adaptability to heterogeneous environments. This research provides an innovative approach to the design and implementation of radar echo simulation systems and shows broad application prospects.",ieee,llm,0.950,unreviewed,
discarded,Software design for the fault diagnosis system of ATC based on neural networks,Liansheng Liu; Jianfang Zhang,2009,2009 Chinese Control and Decision Conference,10.1109/CCDC.2009.5195037,https://ieeexplore.ieee.org/document/5195037/,adjacent-subtopic,"Because of the limitation of the expert system which is based on the rule, this text proposes introducing the neural network technology into the fault diagnosis system. Then we recommend the frame and the principle of the expert system. And at last, we complete the simulation experiment which indicates the rationality of this desin..",ieee,llm,0.950,unreviewed,
discarded,Generation Method of Dynamic Coverless Arabic Text Information Hiding Using First-Order Markov Chain,Sabaa Hamid Rashid; Dhamyaa A. Nasrawi,2024,2024 4th International Conference of Science and Information Technology in Smart Administration (ICSINTESA),10.1109/ICSINTESA62455.2024.10748032,https://ieeexplore.ieee.org/document/10748032/,off-topic-false-hit,"In recent years, information hiding has become a crucial aspect of secure communication and data protection. The authors of this study offer a new coverless text information concealment approach based on FirstOrder Markov Chain. The proposed method consists of three steps: the first-order Markov Chain construction, the hiding process, and the extracting process. This method employs a Markov Chain model to determine the frequency of each word or token in the training set, which is then used to generate the transition probability and state transition diagram. Sort the words in descending order based on their branches and possibilities. Configure the code word based on the number of branches. In the hiding process, each character in a secret message token was translated to binary format. The stego-text (that sent to the receiver) was generated by successfully matching the code word. Throughout the extraction procedure, a dynamic implementation of the previously agreed-upon construction first-order Markov chain was employed to extract hidden messages. Three Arabic datasets are used in this work (SANAD (Single-Label Arabic News Articles Dataset) includes 45500 articles, the Arabic Poem Comprehensive Dataset (APCD) contains 1,831,770 poetic verses in total, the Arabic Poetry Dataset contains more than 58000 poems). Because it is unmodified, the proposed method resists current detection techniques since it is unaltered. Furthermore, the hiding capacity has been raised to 5.5, and perplexity has decreased to 14.5. Based on the frequency of words in the Arabic dataset, the success rate is close to 100%, which means enabling them to hide any message successfully.",ieee,llm,0.990,unreviewed,
discarded,An Opportunistic Network Coding Algorithm Based on the Queue State and Network Topology,Li Zhang; Song Xiao; Ning Cai; Jianchao Du,2011,2011 Seventh International Conference on Intelligent Information Hiding and Multimedia Signal Processing,10.1109/IIHMSP.2011.92,https://ieeexplore.ieee.org/document/6079585/,off-topic-false-hit,"Network coding is an emerging and powerful solution that can significantly improve the throughput and power efficiency of wireless networks by allowing mixing of various traffic flows into a single packet. However, when network coding is applied, a packet will have to wait to be network-coded with others, which may result on large delay and packet-loss rate. It will bring negative influence to the application of network coding in real-time video transmission. To overcome the large delay by forcing to use network coding, a novel opportunistic network coding algorithm is proposed in this paper based on the queue state of node's buffer and the topology of the wireless network (BQST-ONC). Besides, in order to analyze the performance of the algorithm, the Packet Delivery Delay (PDD) is calculated based on a discrete Markov Chain Model, by which the optimal coding opportunity can be obtained. Simulation results show the correctness and effectiveness of the method.",ieee,llm,0.990,unreviewed,
discarded,Design of IIR All-Pass Filter Based on Cochlear Delay to Reduce Embedding Limitations,Masashi Unoki; Toshizo Kosugi; Atsushi Haniu; Ryota Miyauchi,2010,2010 Sixth International Conference on Intelligent Information Hiding and Multimedia Signal Processing,10.1109/IIHMSP.2010.134,https://ieeexplore.ieee.org/document/5636009/,off-topic-false-hit,We investigated how the proposed approach with inaudible digital-audio watermarking based on cochlear delay (CD) could be implemented to produce an efficient architecture to further reduce embedding limitations. We also improved our approach by controlling parameter b for time varying CD filters and designing a cascade architecture for these filters. The results revealed that the improved method could be used to reduce sound distortion due to watermarking. We also found that embedding limitations with the improved method involved those with a parallel architecture.,ieee,llm,0.990,unreviewed,
discarded,Lifelong Learning in Software Engineering: Towards an AI-driven Tutor for Cloud-Based Software Architectures,Marcel Mitas; Sabine Sachweh,2025,2025 IEEE European Technology and Engineering Management Summit (E-TEMS),10.1109/E-TEMS64751.2025.11239087,https://ieeexplore.ieee.org/document/11239087/,adjacent-subtopic,"The emerging of large language models (LLM’s) like ChatGPT helped to utilize artificial intelligence (AI) to understand basic concepts of programming in university courses, but also to automate and assist in repetitive procedures in the software engineering process. However, existing approaches to learn the skills and best practices to create software architectures and the underlying domain models with the help of AI expect a certain level of experience in software engineering. Besides, current approaches to configure LLMs with prompt engineering to answer as an AI tutor rather assist students in learning basic programming skills in university courses than in software architecture design. In this paper, a four-step-approach is proposed to prompt LLMs, namely ChatGPT-4o and Llama 3.1, to act like a tutor and help novices in software engineering build their own software architectures, apply best practices and understand them. To do this, the LLMs receive initial prompts with the assignment of a tutor role, and descriptions of the target group, system’s requirements and context. Then, example questions, domain models, and software architectures will be sent to the LLMs and evaluated if the answers relate to the models and requirements and comply with the initial prompt. Tests with the MobSTr dataset showed overall suitability of these LLMs for tutoring in software design, but also limitations regarding some general answers and the processing speed of local built LLMs.",ieee,llm,0.900,unreviewed,
discarded,Supporting Coordination among Participants in Crowdsourcing Software Design,Ohoud Al Haqbani; Sultan Alyahya,2022,"2022 IEEE/ACIS 20th International Conference on Software Engineering Research, Management and Applications (SERA)",10.1109/SERA54885.2022.9806724,https://ieeexplore.ieee.org/document/9806724/,adjacent-subtopic,Crowdsourcing software design (CSD) platforms allow clients to submit a design task to be performed by designers. The participating designers face the problem of a lack of coordination that arises from dependencies between activities when performing tasks. A lack of sufficient coordination mechanisms can lead to task failure and delayed delivery. This research aims to support coordination among participants in CSD by identifying coordination limitations that they face and proposing coordination mechanisms to address the problems that result from dependencies through using the questionnaire. The questionnaire shows that most of the suggested process improvements are significantly sound and strong enough to be added to CSD platforms.,ieee,llm,0.890,unreviewed,
discarded,Differences in RSSI readings made by different Wi-Fi chipsets: A limitation of WLAN localization,Gough Lui; Thomas Gallagher; Binghao Li; Andrew G. Dempster; Chris Rizos,2011,2011 International Conference on Localization and GNSS (ICL-GNSS),10.1109/ICL-GNSS.2011.5955283,https://ieeexplore.ieee.org/document/5955283/,off-topic-false-hit,"Wi-Fi positioning has found favour in environments which are traditionally challenging for GPS. The currently used method of Wi-Fi fingerprinting assumes that the devices used for training and locating perform identically. We have undertaken an experiment to determine how different devices behave in an empirical controlled test to identify the challenges and limitations which Wi-Fi fingerprinting positioning systems will face when deployed across many devices. We found that they performed significantly differently in respect to the mean reported signal strength - even those which came from the same vendor. We also found that multiple samples of the same device do not perform identically. Furthermore, it was found that certain devices were entirely unsuitable for positioning as they reported signal strength values uncorrelated with distance from the transmitter. Some other devices behaved in a way that made them poor candidates for use in fingerprinting. Temporal patterns were found in some wireless cards which suggest that filtering should be used. The tests also found that the use of 5GHz band signals had the potential to improve the accuracy of Wi-Fi location due to its higher stability compared to 2.4GHz. Ultimately however, the accuracy of Wi-Fi fingerprinting is limited due to many factors in the hardware and software design of Wi-Fi devices which affect the reported signal strength.",ieee,llm,1.000,unreviewed,
discarded,Detection of Information Hiding at Physical Layer in Wireless Communications,Ning Xie; ZhuoYuan Li; Jie Tan; Alex X. Liu,2022,IEEE Transactions on Dependable and Secure Computing,10.1109/TDSC.2020.3012461,https://ieeexplore.ieee.org/document/9151255/,off-topic-false-hit,"This article concerns the problem of detecting the use of information hiding at the physical layer in wireless communications because they are harder to be detected than other layer-based information hiding schemes. Prior schemes for detecting physical layer based information hiding are either heuristic based or machine learning based. The key limitation of prior heuristics based information hiding detection schemes is that they do not answer the fundamental question of why the information hidden at the physical layer can be detected. The key limitation of prior machine learning based information hiding detection schemes is that they lack robustness because wireless signals at the physical layer are very much environmental dependent, and thus an information hiding detection scheme trained in one environment often does not work well in another environment. Our insight is that embedding information on wireless signals at the physical layer will inevitably have a negative impact on the decodability of the cover signals, such as the increase of the error probability at the receiver (as well as the monitor). Based on the above insight, in our approach, after the monitor demodulates and decodes the cover signals, it will re-encode and re-modulate the cover signals, and then compare the resulting recovered signals with the raw signals that it received from the sender. We further propose a new estimation scheme for calculating receiver noise variance and conducted theoretical analysis. Specifically, we propose two hidden information detection schemes, a noise grouped based detection scheme and a constellation distance based detection scheme, both taking estimation errors into consideration. In particular, our constellation distance based detection scheme is the first scheme that can pinpoint the exact location on the received signals that are embedded with hidden information. We implemented our schemes and conducted extensive performance comparison between our schemes and prior schemes. Our experimental results show that when the received SNR is more than 20 dB, our approach with the new estimation scheme has the probability of detection more than 0.95, and our constellation distance based detection scheme can correctly pinpoint all embedded locations.",ieee,llm,0.990,unreviewed,
discarded,An expert system approach to EMC modeling,T. Hubing; J. Drewniak; T. Van Doren; N. Kashyap,1996,Proceedings of Symposium on Electromagnetic Compatibility,10.1109/ISEMC.1996.561228,https://ieeexplore.ieee.org/document/561228/,off-topic-false-hit,"Existing computer software for EMC analysis can be divided into three categories: analytical modeling codes employ closed form expressions to solve problems of general interest to EMC engineers or circuit designers; numerical modeling codes use numerical techniques to solve Maxwell's equations subject to specific boundary conditions; and EMC rule checkers search a design for features that violate basic EMC design guidelines. This paper outlines the relative advantages and limitations of each of these three approaches and describes an expert system EMC modeling approach. The new approach combines analytical models, numerical models, and EMC rule-checking in order to evaluate designs in much the same way that an EMC expert would.",ieee,llm,0.980,unreviewed,
discarded,Improving user-interface responsiveness despite performance limitations,D. Duis; J. Johnson,1990,Digest of Papers Compcon Spring '90. Thirty-Fifth IEEE Computer Society International Conference on Intellectual Leverage,10.1109/CMPCON.1990.63712,https://ieeexplore.ieee.org/document/63712/,off-topic-false-hit,"The concept of user interface responsiveness is distinguished from that of performance. It is argued that performance limitations are inevitable and that performance need not limit responsiveness. Four techniques for improving responsiveness despite limited and/or fluctuating processing resources are presented. These are adaptive resource allocation; parallel problem solution; work-ahead, that is, precomputing solutions; X3 and nonsequential input processing. The merits and drawbacks of these techniques are discussed.<>",ieee,llm,0.990,unreviewed,
