status,title,authors,year,venue,doi,url,tags,abstract,provider,decision_source,llm_confidence,llm_review_outcome,llm_change_direction
discarded,Development of internal defect detection equipment for composite materials based on shear speckle interference,"Peng, Zhiyong; Gu, Biao; Zhao, Jiahao; Zeng, Qilin; Qiao, Yulong",2026,APPLIED OPTICS,10.1364/AO.566829,https://www.webofscience.com/wos/woscc/full-record/WOS:001691288600009,off-topic-false-hit,"To address the limitations of slow phase-shifting speed and low hardware integration in traditional composite defect detection systems, a portable device was developed that integrates a Wollaston prism shearing module with a high-speed liquid crystal phase retarder. The main contribution of this work is an improved real-time phase unwrapping process for shear speckle interferometry measurements, achieved by combining gradient-adaptive smoothing with graph-cut optimization and deploying it on an embedded GPU platform. Embedded software and GPU-accelerated algorithms were incorporated to enhance processing efficiency. An improved algorithm combining gradient-adaptive smoothing and graph-cut optimization was proposed for noise suppression in phase unwrapping, reducing the root mean square error (RMSE) by 27.34% to 33.20% under hybrid noise conditions and completing single-frame analysis within 0.36 s. Experimental validation using aluminum discs and composite specimens showed that the reliable detection of internal defects with a diameter of >= 2 mm under heat loading achieved 97% accuracy. The system's integrated hardware-software design achieves submillimeter resolution while maintaining field-deployable portability, fulfilling critical requirements for high-speed, high-sensitivity nondestructive testing in aerospace applications. (c) 2026 Optica Publishing Group. All rights, including for text and data mining (TDM), Artificial Intelligence (AI) training, and similar technologies, are reserved.",wos,llm,1.000,unreviewed,
discarded,Rationalisation of decision-making processes in design teams with a new formalism of design rationale.,Myriam Lewkowicz; Manuel Zacklad,2001,AI Soc.,10.1007/BF01206118,https://dblp.org/rec/journals/ais/LewkowiczZ01,adjacent-subtopic,,dblp,llm,0.890,unreviewed,
discarded,"Capturing, structuring and accessing design rationale in integrated product design and manufacturing processes.",Morteza Poorkiany; Joel Johansson; Fredrik Elgh,2016,Adv. Eng. Informatics,10.1016/J.AEI.2016.06.004,https://dblp.org/rec/journals/aei/PoorkianyJE16,adjacent-subtopic,"Developing customized products is the business case for many manufacturing companies striving to fulfill the customers' specific needs. When manufacturing customized products it is often necessary to also develop corresponding customized manufacturing tooling. There is a need to support concurrent development of new product variants along with their manufacturing toolsets. The communication between design engineers and manufacturing engineers is hence a key issue that if solved would enable design engineers to foresee how changes in product design affect tooling design and vice versa.

To understand the correlation between the design of a product and its corresponding manufacturing tools, access to design rationale of the product and the developed tooling is required. Design rationale provides an explanation of why an artifact is designed in the way it is, including statements (textual, numerical or geometrical), argumentations, and decisions. Since design rationale is composed of information scattered all across the company's repositories in different formats (e.g. in type of a geometry, picture, table, and textual document), representing the design rationale is a challenge for many enterprises. In this paper a method is introduced that enables capture, structure and access to design rationale across product design and tooling design. The system enables representing design rationale in formats such as CAD models, spreadsheets, textual formats, and web pages. The method has been examined by developing a prototype system tested in a case company which develops and manufactures customized car accessories, such as roof racks and bike carriers, for different car models. The company develops and manufactures the products as well as the required tooling equipment. The prototype system includes different software commonly used by engineers during designing a product, for the purpose of making it applicable for other companies. (C) 2016 Elsevier Ltd. All rights reserved.",dblp,llm,0.920,unreviewed,
discarded,Helaba: A System to Highlight Design Rationale in Collaborative Design Processes.,Marisela Gutierrez Lopez; Mieke Haesen; Kris Luyten; Karin Coninx,2015,CDVE,10.1007/978-3-319-24132-6_21,https://dblp.org/rec/conf/cdve/LopezHLC15,adjacent-subtopic,,dblp,llm,0.870,unreviewed,
discarded,Design process: design rationale the Affective Diary.,Lars Hallnäs,2008,NordiCHI,10.1145/1463160.1463246,https://dblp.org/rec/conf/nordichi/Hallnas08,adjacent-subtopic,,dblp,llm,0.800,unreviewed,
discarded,Capturing design rationale with functional decomposition of roles in business processes modeling.,Pavel Balabko; Alain Wegmann; Alain Ruppen; Nicolas Clément,2005,Softw. Process. Improv. Pract.,10.1002/SPIP.241,https://dblp.org/rec/journals/sopr/BalabkoWRC05,adjacent-subtopic,,dblp,llm,0.900,unreviewed,
discarded,A new design algorithm for two-band orthonormal rational filter banks and orthonormal rational wavelets.,Thierry Blu,1998,IEEE Trans. Signal Process.,10.1109/78.678463,https://dblp.org/rec/journals/tsp/Blu98,off-topic-false-hit,"In this paper, we present a new algorithm for the design of orthonormal two-band rational filter banks. Owing to the connection between iterated rational filter banks and rational wavelets, this is also a design algorithm for orthonormal rational wavelets. It is basically a simple iterative procedure, which explains its exponential convergence and adaptability under various linear constraints (e.g., regularity). Although the filters obtained from this algorithm are suboptimally designed, they show excellent frequency selectivity.

After an in-depth account of the algorithm, we discuss the properties of the rational wavelets generated by some designed filters. In particular, we stress the possibility to design ""almost"" shift error-free wavelets, which allows the implementation of a rational wavelet transform.",dblp,llm,1.000,unreviewed,
discarded,Fractional delay filter: an innovative rational biquadratic IIR and FIR design.,Imen Assadi; Tahar Bensouici; Abdelfatah Charef,2026,Signal Image Video Process.,10.1007/S11760-025-05075-7,https://dblp.org/rec/journals/sivp/AssadiBC26,off-topic-false-hit,"This paper introduces a novel method for designing both IIR and FIR fractional delay filters, which introduce delays that are fractions of the sampling period. The method utilizes a biquadratic function and a closed-form approximation of the fractional delay operator z-m to closely match the ideal frequency response at a specific frequency. The approach first approximates the analog fractional order operator s +/- m using the El-Khazali method and converts it to a digital design via the Backward-Euler transformation. Then, it approximates z-m using a composite function rule and a digital El-Khazali approximation. By truncating the digital biquadratic function, a closed-form FIR fractional delay filter is derived. Numerical examples demonstrate this approach's effectiveness and suitability for real-time applications due to its simplicity.",dblp,llm,1.000,unreviewed,
discarded,Understanding Design Rationale and Intent through Natural Language Processing analysis: A search for Consensus.,Simon Wyke; Søren Munch Lindhard,2025,J. Inf. Technol. Constr.,,https://dblp.org/rec/journals/itcon/WykeL25,adjacent-subtopic,,dblp,llm,0.890,unreviewed,
discarded,When rationality meets intuition: A research agenda for software design decision-making.,Carianne Pretorius; Maryam Razavian; Katrin Eling; Fred Langerak,2024,J. Softw. Evol. Process.,10.1002/SMR.2664,https://dblp.org/rec/journals/smr/PretoriusREL24,adjacent-subtopic,"As society's reliance on software systems escalates over time, so too does the cost of failure of these systems. Meanwhile, the complexity of software systems, as well as of their designs, is also ever‐increasing, influenced by the proliferation of new tools and technologies to address intended societal needs. The traditional response to this complexity in software engineering and software architecture has been to apply rationalistic approaches to software design through methods and tools for capturing design rationale and evaluating various design options against a set of criteria. However, research from other fields demonstrates that intuition may also hold benefits for making complex design decisions. All humans, including software designers, use intuition and rationality in varying combinations. The aim of this article is to provide a comprehensive overview of what is known and unknown from existing research regarding the use and performance consequences of using intuition and rationality in software design decision‐making. To this end, a systematic literature review has been conducted, with an initial sample of 3909 unique publications and a final sample of 26 primary studies. We present an overview of existing research, based on the literature concerning intuition and rationality use in software design decision‐making and propose a research agenda with 14 questions that should encourage researchers to fill identified research gaps. This research agenda emphasizes what should be investigated to be able to develop support for the application of the two cognitive processes in software design decision‐making.",dblp,llm,0.940,unreviewed,
discarded,Understanding Physicochemical Mechanisms of Sequential Infiltration Synthesis toward Rational Process Design for Uniform Incorporation of Metal Oxides.,Jiwoong Ham; Minkyung Ko; Boyun Choi; Hyeong-U. Kim; Nari Jeon,2022,Sensors,10.3390/S22166132,https://dblp.org/rec/journals/sensors/HamKCKJ22,off-topic-false-hit,"Sequential infiltration synthesis (SIS) is a novel technique for fabricating organic–inorganic hybrid materials and porous inorganic materials by leveraging the diffusion of gas-phase precursors into a polymer matrix and chemical reactions between the precursors to synthesize inorganic materials therein. This study aims to obtain a fundamental understanding of the physicochemical mechanisms behind SIS, from which the SIS processing conditions are rationally designed to obtain precise control over the distribution of metal oxides. Herein, in situ FTIR spectroscopy was correlated with various ex situ characterization techniques to study a model system involving the growth of aluminum oxides in poly(methyl methacrylate) using trimethyl aluminum (TMA) and water as the metal precursor and co-reactant, respectively. We identified the prominent chemical states of the sorbed TMA precursors: (1) freely diffusing precursors, (2) weakly bound precursors, and (3) precursors strongly bonded to pre-existing oxide clusters and studied how their relative contributions to oxide formation vary in relation to the changes in the rate-limiting step under different growth conditions. Finally, we demonstrate that uniform incorporation of metal oxide is realized by a rational design of processing conditions, by which the major chemical species contributing to oxide formation is modulated.",dblp,llm,1.000,unreviewed,
discarded,Process Alarm Modeling Using Graph Theory: Alarm Design Review and Rationalization.,Kourosh Parsa; Maureen Hassall; Mohsen Naderpour,2021,IEEE Syst. J.,10.1109/JSYST.2020.3019041,https://dblp.org/rec/journals/sj/ParsaHN21,off-topic-false-hit,"Investigations into process accidents have identified that flaws in alarm management systems are a major contributing factor to these accidents. Poor alarm system design can lead to alarm flooding, loss of situation awareness, and poor decision-making, causing unnecessary shutdowns, or further escalation of the abnormal situations. A review of research literature suggests that there appears to be limited methods available to help analysts evaluate alarm system design and to prioritize and rationalize alarms in a manner that promotes operators’ situation awareness and correct decision-making. This article documents the first part of the research which aims to develop a means to rationalize defined alarms in operations through use of the causal modeling approach that is linked with the graph modeling technique that involves graph analytics to provide metrics to evaluate the alarm system performance. The article concludes by discussing the implications of the research findings and makes recommendations about further research required to fully develop an alarm system that use prioritization and rationalization to improve the operator's situation awareness and responses during abnormal operating situations.",dblp,llm,0.990,unreviewed,
discarded,Design of an efficient strategy for optimization of payment induced by a rational supply chain process: a prerequisite for maintaining a satisfactory level of working capital.,Halima Semaa; Mohamed Ait Hou; Ziyad Fadili; Yousef Farhaoui; Bouchra Malhouni,2020,ANT/EDI40,10.1016/J.PROCS.2020.03.118,https://dblp.org/rec/conf/ant/SemaaHFFM20,off-topic-false-hit,Abstract The financial supply chain involves the flow of cash throughout the physical network. These financial flows are still performing as they did in the past thirty years. The management of the flow of money is complex since the delivery or receipt of a product or service does not necessarily give rise to an immediate collection or disbursement of money. This delay of synchronization impacts significantly the working capital and forces the companies to look for nearly the same visibility in their financial flows as in their physical ones. Different supply chain strategies can be used to improve the working capital. Companies can either manage their inventory more efficiently or reduce the Days Sales Outstanding (DSO) and payment terms from customers or Increase Days Payable Outstanding (DPO) by paying suppliers on later terms. We address in this the paper the problem of scheduling invoice payments in order to improve working capital performance.,dblp,llm,0.990,unreviewed,
discarded,Combination of digital signal processing and assembled predictive models facilitates the rational design of proteins.,David Medina-Ortiz; Sebastián Contreras; Juan Amado-Hinojosa; Jorge Torres-Almonacid; Juan A. Asenjo; Marcelo A. Navarrete; Alvaro Olivera-Nappa,2020,CoRR,,https://dblp.org/rec/journals/corr/abs-2010-03516,off-topic-false-hit,,dblp,llm,0.990,unreviewed,
discarded,Design of oversampled nonuniform filter banks with arbitrary rational frequency partitioning.,Wei Zhong 0001; Li Fang; Qin Zhang 0009; Long Ye,2017,Signal Image Video Process.,10.1007/S11760-016-1011-5,https://dblp.org/rec/journals/sivp/ZhongFZY17,off-topic-false-hit,"Among the theory and design of oversampled nonuniform filter banks (NUFBs), most of the existing works only consider the cases with integer decimators, and up to now the issue with rational sampling factors has not been discussed yet. In this paper, we generalize the partial modulation technique to realize arbitrary rational frequency partitioning of oversampled NUFBs with highly desired linear-phase (LP) property. Further for the subbands with sampling factors violating the guard band restriction, a phase-modification scheme is derived to avoid uneliminable large aliasing and meanwhile preserving the LP characteristics of shifted analysis/synthesis filters. By using the proposed method, the design issue of LP oversampled NUFBs can be reduced to that of several prototypes, decreasing the design complexity largely. As illustrated by examples, the proposed algorithm is more general in terms of arbitrary rational decimation and thus has broad application prospects.",dblp,llm,0.990,unreviewed,
discarded,Design of M-channel linear-phase non-uniform filter banks with arbitrary rational sampling factors.,Li Fang; Wei Zhong 0001; Qin Zhang 0009,2016,IET Signal Process.,10.1049/IET-SPR.2015.0075,https://dblp.org/rec/journals/iet-spr/FangZ016,off-topic-false-hit,"The majority of the existing work on designing non-uniform filter banks (NUFBs) cannot realise arbitrary rational frequency partitioning, due to the ineliminable large aliasing caused by the non-feasible permutation of rational sampling factors. In this study, the authors extend the efficient modulation technique to non-feasible partitioned NUFBs and then generalise the phase modification structure to the case of rational decimators to achieve the linear-phase (LP) property. Through a step-by-step analysis on the aliasing elimination of both feasible and non-feasible subbands, it is proved that when the symmetry of filters and phase modification factors are chosen to meet the derived matching conditions, the non-LP characteristic of shifted filters can be transferred to LP one and further the non-feasible partitioned NUFB is obtained with highly desired LP property. Compared with the existing typical NUFB designs, the proposed approach can achieve comparable performance with much lower system delay and implementation complexity.",dblp,llm,0.990,unreviewed,
discarded,Adaptive Fourier decomposition and rational approximation - Part II: Software system design and development.,Liming Zhang 0002; Wei Hong; Weixiong Mai; Tao Qian 0001,2014,Int. J. Wavelets Multiresolution Inf. Process.,10.1142/S0219691314610098,https://dblp.org/rec/journals/ijwmip/ZhangHMQ14,adjacent-subtopic,"This paper proposes a new software system which provides algorithms for three variations of adaptive Fourier decomposition (AFD), including Core AFD, Cyclic AFD and Unwending AFD. The related time frequency distributions (TFDs) are also provided. Remarks are made for the algorithms design and development. The software system can be used to analyze any signal with finite energy.",dblp,llm,0.940,unreviewed,
discarded,Design rationale capture for process improvement in the globalised enterprise: an industrial study.,Ann Nkwocha; Jon G. Hall; Lucia Rapanotti,2013,Softw. Syst. Model.,10.1007/S10270-011-0223-Y,https://dblp.org/rec/journals/sosym/NkwochaHR13,adjacent-subtopic,"Design rationale fills in the gaps between the original requirements of a system and the finished product encompassing decisions, constraints and other information that influenced the outcome. Existing research in Software Engineering corroborates the importance of design rationale to capture knowledge assets, particularly in the context of the global enterprise, with its increased reliance on IT systems, and risk of knowledge loss through staff movement and attrition. Despite this, the practice of design rationale capture is not as extensive as could be expected due to reasons which include time and budget constraints, the lack of standards and tools, and some uncertainty as to its actual added value. In this paper, we address the viability and benefits of capturing design rationale as a by-product of design in the context of a real-world global organisational setting. This was achieved through a study in which an emerging design approach-Problem Oriented Engineering-was applied in the context of a global financial institution to address a critical IT problem as part of its software supplier's client resolution process. The study provides some positive evidence that the approach-guided knowledge capture of key design rationale elements and that it combined well with existing practices within the organisation and even led to improvement to one of their key processes.",dblp,llm,0.970,unreviewed,
discarded,StdTrip+K: Design Rationale in the RDB-to-RDF Process.,Rita Berardi; Karin K. Breitman; Marco Antonio Casanova; Giseli Rabello Lopes; Adriana Pereira de Medeiros,2013,DEXA,10.1007/978-3-642-40285-2_26,https://dblp.org/rec/conf/dexa/BerardiBCLM13,adjacent-subtopic,,dblp,llm,0.950,unreviewed,
discarded,Design and rationale of a quality assurance process for a scientific framework.,Hanna Remmel; Barbara Paech; Christian Engwer; Peter Bastian,2013,SE-CSE@ICSE,10.1109/SECSE.2013.6615100,https://dblp.org/rec/conf/icse/RemmelPEB13,adjacent-subtopic,,dblp,llm,0.950,unreviewed,
discarded,Design of Two-Band Critically Sampled Rational Rate Filter Banks With Multiple Regularity Orders and Associated Discrete Wavelet Transforms.,Si Tran Nguyen Nguyen; Brian Wai-Him Ng,2012,IEEE Trans. Signal Process.,10.1109/TSP.2012.2194711,https://dblp.org/rec/journals/tsp/NguyenN12,off-topic-false-hit,"An approach for designing two-band rational rate critically sampled nonorthogonal filter banks with perfect reconstruction and multiple regularity orders is proposed. This approach relies on an updated result on the relationship between the filters in the filter bank to achieve all the desired properties. Filter responses are optimized to approximate ideal brick wall responses, subject to linear and nonlinear constraints derived from regularity and perfect reconstruction conditions, respectively. The obtained designs are approximately shift-invariant as a result of strong frequency selectivity and multiple regularity orders. Two methods for solving the nonconvex optimization design problem are presented and the results from the proposed approach are compared against existing designs in the literature.",dblp,llm,0.990,unreviewed,
