status,title,authors,year,venue,doi,url,tags,abstract,provider,decision_source,llm_confidence,llm_review_outcome,llm_change_direction
discarded,Time in Cyber-Physical Systems,"Shrivastava, Aviral; Derler, Patricia; Li Baboud, Ya-Shian; Stanton, Kevin; Khayatian, Mohammad; Andrade, Hugo A.; Weiss, Marc; Eidson, John; Chandhoke, Sundeep",2016,2016 INTERNATIONAL CONFERENCE ON HARDWARE/SOFTWARE CODESIGN AND SYSTEM SYNTHESIS (CODES+ISSS),10.1145/2968456.2974012,https://www.webofscience.com/wos/woscc/full-record/WOS:000390612700004,adjacent-subtopic,"Many modern cyber-physical systems (CPS), especially industrial automation systems, require the actions of multiple computational systems to be performed at much higher rates and more tightly synchronized than is possible with ad hoc designs. Time is the common entity that computing and physical systems in CPS share, and correct interfacing of that is essential to flawless functionality of a CPS. Fundamental research is needed on ways to synchronize clocks of computing systems to a high degree, and on design methods that enable building blocks of CPS to perform actions at specified times. To realize the potential of CPS in the coming decades, suitable ways to specify distributed CPS applications are needed, including their timing requirements, ways to specify the timing of the CPS components (e.g. sensors, actuators, computing platform), timing analysis to determine if the application design is possible using the components, confident top-down design methodologies that can ensure that the system meets its timing requirements, and ways and methodologies to test and verify that the system meets the timing requirements. Furthermore, strategies for securing timing need to be carefully considered at every CPS design stage and not simply added on. This paper exposes these challenges of CPS development, points out limitations of previous approaches, and provides some research directions towards solving these challenges.",wos,llm,0.780,unreviewed,
kept,Application of FOP and AOP Methodologies in Concert for Developing Insurance Software Using Eclipse-Based Open Source Environment,"Sharma, Amita; Sarangdevot, S. S.",2011,"ADVANCES IN COMPUTING AND COMMUNICATIONS, PT I",,https://www.webofscience.com/wos/woscc/full-record/WOS:000307258100058,supports-claim,"Feature-Oriented Programming (FOP) and Aspect-Oriented Programming (AOP) are complementary methodologies that can be combined to overcome their individual limitations. In the present study. usefulness of this approach has been investigated in developing Insurance Software: TG_Lifelnsurancesoft, using Eclipse-FeatureIDE-AJDT open source environment with Feature composition framework and enhanced tool chain: FeatureHouse. It is observed that integration of AOP concepts into stepwise refinement method of FOP enhances its capability of expressing and handling homogeneous as well as advanced dynamic crosscutting, thus reducing code redundancy, complexity, development time, maintainability and cost of the software system. The study concludes that combination of FOP and AOP methodologies using Eclipse-FeatureIDE-AJDT environment offers a powerful support for modular design and implementation of comprehensible. reusable, consistent, maintainable and cost effective insurance software system with user selected features.",wos,llm,0.890,unreviewed,
discarded,SimFaster: a modeling and simulation platform with multiple views for complex system,Ling Xuqiang; Huang Xiaodong; Li Bohu; Chai Xudong,2009,COMPEL-THE INTERNATIONAL JOURNAL FOR COMPUTATION AND MATHEMATICS IN ELECTRICAL AND ELECTRONIC ENGINEERING,10.1108/03321640910992074,https://www.webofscience.com/wos/woscc/full-record/WOS:000273285900014,adjacent-subtopic,"Purpose - Complex system modeling requires not only understanding of modeling framework but also domain knowledge of the system. The purpose of this paper is to present an approach which separates the domain knowledge from the modeling framework with different views.

Design/methodology/approach - By establishing the mechanism of association and fusion among the views, the description and characterization of system from different aspect and point of view can form a complete system model. Based on the approach, a modeling and simulation (M&S) platform named SimFaster is developed. Modeling environment and simulation engine are the most important parts of the platform. The modeling environment provides multi-views and multi-layers to help the developers to modeling the structure, layers, composition, behavior, and interactions of an application system. The simulation engine provides mechanism of integration and interaction for components and objects, and provides runtime support for the concepts and terms from modeling environment. The simulation engine organizes the objects in the memory of distributed system as reflective object database system, so it is repository centered architecturally.

Findings - Based on the approach of multi-views modeling, the platform is a flexible framework and supports top-down design, model reuse and interoperation, dynamic refinement of models, corporative design among different users in different stages, and the rebuilt of application rapidly.

Research limitations/implications - This paper deals with high-level models of the complex systems.

Practical implications - This platform helps to design, modeling, and simulation complex system (especially for weapon combat system). It can participate into all the stages of the development of complex product/system, and can support the validation, refinement, optimization of models, and systems.

Originality/value - This paper presents a multi-views modeling approach for the modeling of complex system.",wos,llm,0.720,unreviewed,
kept,Die Rolle von Features und Aspekten in der Softwareentwicklung,"Apel, Sven",2008,IT-INFORMATION TECHNOLOGY,10.1524/itit.2008.0474,https://www.webofscience.com/wos/woscc/full-record/WOS:000217810900008,supports-claim,"Feature-Oriented Programming (FOP) and Aspect-Oriented Programming (AOP) are complementary technologies. Though they aim at crosscutting modularity, they do so in different ways. We observed that FOP and AOP can be combined to overcome their individual limitations. Consequently, we propose with Aspectual Feature Modules (AFMs) and Aspect Refinement (AR) two techniques to unify FOP and AOP. We use AFMs and AR in a non-trivial case study to create a product line of overlay networks. We also present a set of guidelines to assist programmers in using FOP and AOP techniques for implementing product lines in a stepwise and generative manner. Finally, we answer the question of how FOP and AOP-related implementation techniques are used today by analyzing a representative set of eight AspectJ programs of different sizes.",wos,llm,0.900,unreviewed,
discarded,The Advanced Correlation Tracker in real-time,"Wong, Sebastien; Hennessy, Brendan",2008,"2008 4TH SOUTHERN CONFERENCE ON PROGRAMMABLE LOGIC, PROCEEDINGS",,https://www.webofscience.com/wos/woscc/full-record/WOS:000257195400029,adjacent-subtopic,"Real-time detection, tracking and classification of objects in images are some of the more computationally demanding tasks in computer vision. Tracking systems such as correlation trackers are notorious for computational demands. Real-time performance is not achievable on general purpose microprocessors. This paper details the architectural issues tackled to create a real time realisation of the Advanced Correlation Tracker (ACT) algorithm on an FPGA. The problem was tackled using top-down design and a software driven development cycle. It was found that a strong understanding of the nature and function of the algorithm, as well as the underlying strengths and limitations of the processing architecture, were needed for a successful transition from high-level algorithm to real-time realisation.",wos,llm,0.800,unreviewed,
discarded,How Matlab simplifies top-down design of closed-loop systems,"Bowhers, William",2007,EDN,,https://www.webofscience.com/wos/woscc/full-record/WOS:000245477900008,adjacent-subtopic,A top-down view of a closed-loop system's capabilities and performance limitations simplifies the task of system design. Readily available software can help you to obtain the needed view and construct the detailed models that lead to efficient designs.,wos,llm,0.740,unreviewed,
kept,Feature refinement,"Reeves, Steve; Streader, David",2007,"SEFM 2007: FIFTH IEEE INTERNATIONAL CONFERENCE ON SOFTWARE ENGINEERING AND FORMAL METHODS, PROCEEDINGS",10.1109/SEFM.2007.44,https://www.webofscience.com/wos/woscc/full-record/WOS:000251162400037,supports-claim,"Development by formal stepwise refinement offers a guarantee that an implementation satisfies a specification. But refinement is frequently defined in such a restrictive way as to disallow some useful development steps. Here we define feature refinement to overcome some limitations of refinement and show its usefulness by applying it to examples taken from the literature.

Using partial relations as a canonical state-based semantics and labelled transition systems as a canonical event-based semantics, we define functions formally linking the state- and event-based operational semantics. We can then use this link to move notions of refinement between the event- and state-based worlds.

An advantage of this abstract approach is that it is not restricted to a specific syntax or even a specific interpretation of the operational semantics.",wos,llm,0.960,unreviewed,
discarded,"Service in e-design A web ""top-down"" design tool for creating silicon micro-components","Jiang, Pingyu; Yan, Xiangtong; Liu, Yang",2007,JOURNAL OF MANUFACTURING TECHNOLOGY MANAGEMENT,10.1108/17410380710717661,https://www.webofscience.com/wos/woscc/full-record/WOS:000213441800007,adjacent-subtopic,"Purpose - The purpose of this research is to develop a kind of new service-driven MEMS ""top-down"" design method and implement the correspondent web-based software prototype as verification.

Design/methodology/approach - Bond graphs are used as the output of conceptual design. Feature modeling technology is just a bridge to perform the feature mapping from the conceptual model to the structure and geometric model of micro-components. To support design evaluations, a 3D whiteboard collaborative mechanism powered with networked VR service functions is put forward to visualize and operate small micro-components in a macro world. In addition, service-driven MEMS ""top-down"" design flow is modeled as a formalized ""AND/OR"" graph with which the design service scheduling is finished with the priority-in-depth searching algorithm.

Findings - Traditional MEMS CAD systems were developed on the basis of ""bottom-up"" design method mainly used in laboratory practice. Different from the above, this research presents a solution, which can outline a new service-driven MEMS CAD model and decrease designers' dependency to manufacturing knowledge.

Research limitations/implications - It is still necessary to study further how to create a much more efficient feature modeling mechanism to enable design evaluation for micro manufacturing.

Practical implications - The new design method and the correspondent software prototyping would potentially help industry to promote the development of new MEMS CAD systems.

Originality/value - The value is to identify a kind of new MEMS CAD implementation mode, which is suitable for general design uses on network.",wos,llm,0.840,unreviewed,
discarded,A HW/SW partitioner for multi-mode multi-task embedded applications,"Kim, Young-Jun; Kim, Taewhan",2006,JOURNAL OF VLSI SIGNAL PROCESSING SYSTEMS FOR SIGNAL IMAGE AND VIDEO TECHNOLOGY,10.1007/s11265-006-8539-5,https://www.webofscience.com/wos/woscc/full-record/WOS:000240538200005,off-topic-false-hit,"An embedded system is called a multi-mode embedded system if it performs multiple applications by dynamically reconfiguring the system functionality. Further, the embedded system is called a multi-mode multi-task embedded system if it additionally supports multiple tasks to be executed in a mode. In this paper, we address an important HW/SW partitioning problem, that is, HW/SW partitioning of multi-mode multi-task embedded applications with timing constraints of tasks. The objective of the optimization problem is to find a minimal total system cost of allocation/mapping of processing resources to functional modules in tasks together with a schedule that satisfies the timing constraints. The key success of solving the problem is closely related to the degree of the amount of utilization of the potential parallelism among the executions of modules. However, due to an inherently excessively large search space of the parallelism, and to make the task of schedulability analysis easy, the prior HW/SW partitioning methods have not been able to fully exploit the potential parallel execution of modules. To overcome the limitation, we propose a set of comprehensive HW/SW partitioning techniques which solve the three subproblems of the partitioning problem simultaneously: (1) allocation of processing resources, (2) mapping the processing resources to the modules in tasks, and (3) determining an execution schedule of modules. Specifically, based on a precise measurement on the parallel execution and schedulability of modules, we develop a stepwise refinement partitioning technique for single-mode multi-task applications, which aims to solve the subproblems 1, 2 and 3 effectively in an integrated fashion. The proposed techniques is then extended to solve the HW/SW partitioning problem of multi-mode multi-task applications (i.e., to find a globally optimized allocation/mapping of processing resources with feasible execution schedule of modules). From experiments with a set of real-life applications, it is shown that the proposed techniques are able to reduce the implementation cost by 19.0 and 17.0% for single- and multi-mode multi-task applications over that by the conventional method, respectively.",wos,llm,0.940,unreviewed,
discarded,FruitSim - A decision support system for apple and peach,"Maul, CR; Goodwin, I",2002,PROCEEDINGS OF THE 6TH INTERNATIONAL SYMPOSIUM ON COMPUTER MODELLING IN FRUIT RESEARCH AND ORCHARD MANAGEMENT,,https://www.webofscience.com/wos/woscc/full-record/WOS:000180071300022,adjacent-subtopic,"FruitSim is a fruit growth simulation system that is based on the PEACH model of Grossman and DeJong (1994). It has been separated into three layers: graphical user interface (GUI), error handling and initialisation, and the functional core. The functional core has been redesigned in an object-oriented fashion so that parts can be exchanged. The aim of the design is to enable a stepwise refinement of the system to add new knowledge of management systems without compromising robustness and stability. FruitSim is not only a system that calculates attainable yield under optimal conditions but also considers yield restricting factors. The Swagman/Destiny soil model has been integrated to describe possible limitations from the soil. The effects of soil salinity and soil water stress are described with this part of the model, however, implementation is not yet finished. The interaction between the two models will be kept very simple; that is, a lack of nutrients and water decreases the potential assimilation. This simplification has been chosen to keep testing to a minimum. The aim of the design is to separate the different parts and to keep interactions simple in order to easily develop improvements and add or exchange model parts. Thus, FruitSim has the potential to portray a multitude of factors in orchard management, to include other areas such as economy, to describe scenarios, and to support management decisions.",wos,llm,0.670,unreviewed,
discarded,Intraoperative planning and evaluation of permanent prostate brachytherapy: Report of the American Brachytherapy Society,"Nag, S; Ciezki, JP; Cormack, R; Doggett, S; DeWyngaert, K; Edmundson, GK; Stock, RG; Stone, NN; Yu, Y; Zelefsky, MJ",2001,INTERNATIONAL JOURNAL OF RADIATION ONCOLOGY BIOLOGY PHYSICS,,https://www.webofscience.com/wos/woscc/full-record/WOS:000172495200029,off-topic-false-hit,"Purpose: The preplanned technique used for permanent prostate brachytherapy has limitations that may be overcome by intraoperative planning. The goal of the American Brachytherapy Society (ABS) project was to assess the current intraoperative planning process and explore the potential for improvement in intraoperative treatment planning (ITP).

Methods and Materials: Members of the ABS with expertise in ITP performed a literature review, reviewed their clinical experience with ITP, and explored the potential for improving the technique.

Results: The ABS proposes the following terminology in regard to prostate planning process: Preplanning-Creation of a plan a few days or weeks before the implant procedure.

Intraoperative planning-Treatment planning in the operating room (OR): the patient and transrectal ultrasound probe are not moved between the volume study and the seed insertion procedure.

Intraoperative preplanning-Creation of a plan in the OR just before the implant procedure, with immediate execution of the plan.

Interactive planning-Stepwise refinement of the treatment plan using computerized dose calculations derived from image-based needle position feedback.

Dynamic dose calculation-Constant updating of dose distribution calculations using continuous deposited seed position feedback.

Both intraoperative preplanning and interactive planning are currently feasible and commercially available and may help to overcome many of the limitations of the preplanning technique. Dosimetric feedback based on imaged needle positions can be used to modify the ITP. However, the dynamic changes in prostate size and shape and in seed position that occur during the implant are not yet quantifiable with current technology, and ITP does not obviate the need for postimplant dosimetric analysis. The major current limitation of ITP is the inability to localize the seeds in relation to the prostate. Dynamic dose calculation can become a reality once these issues are solved. Future advances can be expected in methods of enhancing seed identification, in imaging techniques, and in the development of better source delivery systems. Additionally, ITP should be correlated with outcome studies, using dosimetric, toxicity, and efficacy endpoints.

Conclusion: ITP addresses many of the limitations of current permanent prostate brachytherapy and has some advantages over the preplanned technique. Further technologic advancement will be needed to achieve dynamic real-time calculation of dose distribution from implanted sources, with constant updating to allow modification of subsequent seed placement and consistent, ideal dose distribution within the target volume. (C) 2001 Elsevier Science Inc.",wos,llm,0.990,unreviewed,
discarded,A Review on Image Steganography Techniques: Evolution from Classical to Adaptive Methods,"Chaudhary, Shikha; Gupta, Gunjan; Mishra, Vikash Kumar; Balyan, Vipin; Soni, Pramod Kumar",2026,SIGNALS,10.3390/signals7040078,https://www.webofscience.com/wos/woscc/full-record/WOS:001859692300001,off-topic-false-hit,"Image steganography is an information-hiding technique, aiming to achieve confidentiality and data privacy while transmitting the data in a digital environment. Over the last two decades, steganography has evolved from classical spatial domain embedding to intelligent and adaptive steganographic systems capable of balancing imperceptibility, embedding capacity, robustness and security. This paper presents a review by categorizing the existing techniques into spatial domain-based, transform domain-based, hybrid and adaptive intelligent techniques. The review follows the PRISMA approach to make the selection process transparent for the inclusion and exclusion of papers in the study. Initially, the reviews include the spatial domain-based methods focusing on higher embedding capacity and simple embedding strategy, followed by transform-domain based techniques, including discrete cosine transform, discrete wavelet transform, and other multi-resolution wavelet transforms aiming to enhance robustness and imperceptibility by embedding the data into frequency coefficients. This paper further explores the methods that combine these techniques with other recent trends to develop adaptive and hybrid techniques. These techniques mainly integrate chaotic theory to enhance the security of secret data before embedding and optimization algorithms such as genetic algorithm, particle swarm optimization, Firefly, etc., for adaptive embedding to achieve an improved tradeoff. Finally, intelligent and adaptive techniques based on deep learning models such as convolutional neural networks, autoencoders, and generative adversarial networks are examined, highlighting their ability to learn intelligent embedding strategies and resist modern steganalysis. A comparative analysis is presented, including the technique, strengths, and limitations, together with the discussion of performance evaluation metrics and vulnerability analysis under image processing attacks. The review highlights the current trends and outlines the future direction to develop next-generation secure image steganographic systems.",wos,llm,0.990,unreviewed,
