status,title,authors,year,venue,doi,url,tags,abstract,provider,decision_source,llm_confidence,llm_review_outcome,llm_change_direction
discarded,Position statement: Can software design benefit from creative computing?,Hong Zhu,2012,2012 IEEE 36th Annual Computer Software and Applications Conference,10.1109/COMPSAC.2012.119,https://ieeexplore.ieee.org/document/6340162/,adjacent-subtopic,"Design is one of the most elusive tasks in any engineering or creative activity. Design problems have been recognized as wicked or ill-structured. Software design is even more difficult because software is the most complicated man-made artifact and system. One of the key characteristics of design is its creativeness. The question is, therefore, can design benefit from creative computing? In other words, can software design be a successful subject of the research on creative computing? For a long time, people have been search for design methodologies so that design can be mastered through education and learning, even become mechanical and automated. Researchers in the subject area of Computer Aided Design (CAD) have developed software tools to support various design activities in design process but the creativity, which still relies on human beings. The research on software design in the past decades has made some breakthroughs that may lead to a revolutionary new type of software design tools so that software developers can benefit from creative computing. These research results combined with the general theory of design methodologies may make creativity in software design benefit from automation. The following briefly examine such theories and research results in the light of creative computing.",ieee,llm,0.920,unreviewed,
discarded,Maintainability myth causes performance problems in SMP application,D. Haggander; P. Bengtsson; J. Bosch; L. Lundberg,1999,Proceedings Sixth Asia Pacific Software Engineering Conference (ASPEC'99) (Cat. No.PR00509),10.1109/APSEC.1999.809644,https://ieeexplore.ieee.org/document/809644/,adjacent-subtopic,"A challenge in software design is to find solutions that balance and optimize the quality attributes of the application. We present a case study of an application and the results of a design decision made on weak assumptions. The application has been assessed with respect to performance and maintainability. We present and evaluate an alternative design of a critical system component. Based on interviews with the involved designers we establish the design rationale. By analyzing the evaluation data of the two alternatives and the design rationale, we conclude that the design decision was based on a general assumption that an adaptable component design should increase the maintainability of the application. This case study is clearly a counter example to that assumption, and we therefore reject it as a myth. This study shows, however, that the myth is indeed responsible for the major performance problem in the application.",ieee,llm,0.950,unreviewed,
discarded,How Does Modern Code Review Impact Software Design Degradation? An In-depth Empirical Study,Anderson Uchôa; Caio Barbosa; Willian Oizumi; Publio Blenilio; Rafael Lima; Alessandro Garcia; Carla Bezerra,2020,2020 IEEE International Conference on Software Maintenance and Evolution (ICSME),10.1109/ICSME46990.2020.00055,https://ieeexplore.ieee.org/document/9240657/,adjacent-subtopic,"Software design is an important concern in modern code review through which multiple developers actively discuss and improve each single code change. However, there is little understanding of the impact of such developers' reviews on continuously reducing design degradation over time. It is even less clear to what extent and how design degradation is reversed during the process of each single code change's review. In summary, existing studies have not assessed how the process of design degradation evolution is impacted along: (i) within each single review, and (ii) across multiple reviews. As a consequence, one cannot understand how certain code review practices consistently contribute to either reduce or further increase design degradation as the project evolves. We aim at addressing these gaps through a multi-project retrospective study. By investigating 14,971 code reviews from seven software projects, we report the first study that characterizes how the process of design degradation evolves within each review and across multiple reviews. Moreover, we analyze a comprehensive suite of metrics to enable us to observe the influence of certain code review practices on combating or even accelerating design degradation. Our results show that the majority of code reviews had little to no design degradation impact in the analyzed projects. Even worse, this observation also applies, to some extent, to reviews with an explicit concern on design. Surprisingly, the practices of long discussions and high proportion of review disagreement in code reviews were found to increase design degradation. Finally, we also discuss how the study findings shed light on how to improve the research and practice of modern code review.",ieee,llm,0.960,unreviewed,
discarded,Empirical validation of object-oriented inheritance hierarchy modifiability metrics,Amos Orenyi Bajeh; Shuib Basri; Low Tan Jung; Malek Ahmad Almomani,2014,Proceedings of the 6th International Conference on Information Technology and Multimedia,10.1109/ICIMU.2014.7066628,https://ieeexplore.ieee.org/document/7066628/,adjacent-subtopic,"Since the proliferation of software product in the (semi)automation of business operations, most especially software product developed using the object-oriented methodology; the quality of the design of software becomes significant. The measurement of the quality attributes of software during and after development guides software developers in ensuring the production of software products that are maintainable. Several metrics have been proposed for the measurement of the inheritance hierarchy of object-oriented software designs. This paper presents an empirical validation of two inheritance-based metrics: Average Understandability (AU) and Average Modifiability (AM), for the estimation of the modifiability of object-oriented software inheritance hierarchies. Data collected from two open-source object-oriented software are used for the empirical validation of the metrics. The results of the study show that the two metrics are good indicators of the modifiability of object-oriented inheritance hierarchy from high level designs perspective.",ieee,llm,0.970,unreviewed,
discarded,Investigating the Impact of Software Design Patterns on Energy Consumption,Adel Noureddine; Olivier Le Goaer,2025,2025 IEEE 22nd International Conference on Software Architecture (ICSA),10.1109/ICSA65012.2025.00024,https://ieeexplore.ieee.org/document/10978939/,adjacent-subtopic,"GoF’s design patterns are popular structures designed for flexible and reusable object-oriented software. However, their energy impact is not well understood, with contradictory existing results. In this paper, we aim to answer the relation between design patterns and energy consumption through a multi-platform and multi-software stack empirical study, covering all design patterns, and multiple hardware, OS, languages and compilers. We found, with a high confidence level, that none of the GoF’s design patterns has a significant impact on energy consumption. Therefore, they can be considered energy-neutral, allowing eco-friendly developers to continue using them. We argue that software energy efficiency should rather be considered within the business logic embedded by a design pattern, and ultimately raised to a higher perspective of software development.",ieee,llm,0.980,unreviewed,
discarded,Replication of Empirical Studies in Software Engineering: Preliminary Findings from a Systematic Mapping Study,Fabio Q. B. da Silva; Marcos Suassuna; Rodrigo. F. Lopes; Tatiana B. Gouveia; A. Cesar A. Franca; Joao Paulo N. de Oliveira; Leonardo F.M. de Oliveira; Andre L. M. Santos,2011,2011 Second International Workshop on Replication in Empirical Software Engineering Research,10.1109/RESER.2011.14,https://ieeexplore.ieee.org/document/6148338/,adjacent-subtopic,"Our goal in this study is to review the research related to the replication of empirical studies in software engineering in terms of replications of empirical studies and conceptual or theoretical work about replications. In this article we present the preliminary findings of this review, concentrating on the studies reporting replications and the related original studies. We applied the systematic review method to perform a mapping study about the current state of the replication work of empirical studies performed in software engineering research. We analyzed 16,126 articles, from which we extracted 93 articles reporting 125 replications performed between 1994 and 2010, of 76 original studies. Over 60% of the replications were performed in the last six years and 71% percent of the studies were internal replications. The topics of software construction, testing, and maintenance concentrate nearly 50% of the replication work, while software design, configuration management and software tools and methods are the topics with least replications. The number of replications grew in the last few years, but the absolute number of replications is still very small, in particular considering the breadth of topics in software engineering. Incentive to perform external replications and better standards to report empirical studies and their replications are still needed.",ieee,llm,0.980,unreviewed,
discarded,Design Patterns Usage in Peer-to-Peer Systems--An Empirical Analysis,Markus Aleksy; Axel Korthaus; Christian Seifried,2006,2006 IEEE/WIC/ACM International Conference on Web Intelligence and Intelligent Agent Technology Workshops,10.1109/WI-IATW.2006.57,https://ieeexplore.ieee.org/document/4053292/,adjacent-subtopic,"In this paper, we present the results of an empirical analysis regarding the application and realization of established design patterns in existing peer-to-peer system implementations. Among the goals of our research were the identification of relevant design patterns that are particularly helpful and well suited for the implementation of peer-to-peer architectures and the discovery of potential shortfalls with respect to the capitalization on design patterns in that domain. We describe which design pattern realizations were encountered in the analyzed system implementations and how frequently they were applied, and finally we draw some conclusions from our findings",ieee,llm,0.970,unreviewed,
discarded,Verification of results in software maintenance through external replication,Daly; Brooks; Miller; Roper; Wood,1994,Proceedings 1994 International Conference on Software Maintenance,10.1109/ICSM.1994.336790,https://ieeexplore.ieee.org/document/336790/,adjacent-subtopic,"Empirical studies carried out to help understand the problems of software maintenance are widely held to be of value. A view perhaps less widely recognised within the software engineering domain is that experiments should be replicated both internally and externally to validate the results and build up a cohesive body of knowledge. This paper presents the external replication findings of an experiment which tested the benefits to maintenance of using modular code against nonmodular (monolithic) code. The results of our replication were strikingly different from those of the original which showed that a modular program could be maintained significantly faster than an equivalent monolithic version. An inductive analysis, undertaken to investigate the reasons for this, uncovered evidence of an ability effect and the suggestion that the experiment may have been too artificial.<>",ieee,llm,0.970,unreviewed,
discarded,Software quality's eight greatest myths,J. Voas,1999,IEEE Software,10.1109/52.795111,https://ieeexplore.ieee.org/document/795111/,adjacent-subtopic,"The software quality community has become too satisfied with the ""state of the practice"". We face the same problems today that we did a decade ago, but now the urgency for solutions is greater. Our present dilemma can be best explained by walking through the past decade's major software quality trends and their associated myths. By myths, I refer to the claims used to support the numerous software quality ""silver bullets"" that flourished and faded in the past decade. Although I could add lesser items to my list, I consider the following eight as the main culprits (because these fads are hard to compare fairly and quantitatively, they appear in no particular order): (1) software process improvement and maturity; (2) formal methods; (3) programming languages and object-oriented design; (4) software metrics and measurement; (5) software standards; (6) software testing; (7) computer-aided software engineering; and (8) total quality management.",ieee,llm,0.920,unreviewed,
discarded,Usability testing: where does it belong in software design?,L.E. Flamm,1989,"Conference Proceedings., IEEE International Conference on Systems, Man and Cybernetics",10.1109/ICSMC.1989.71288,https://ieeexplore.ieee.org/document/71288/,adjacent-subtopic,"The author describes Pacific Bell's Usability Laboratory and its position, both organizationally within Pacific Bell and in the activities associated with the software design process. It is suggested that as a 'neutral' centralized organization the laboratory brings objectivity to the multidisciplinary software design team, and it gains credibility and support with proven successes by using an empirical approach.<>",ieee,llm,0.950,unreviewed,
discarded,An approach for software design method comparison,Hung-Fu Chang; Stephen C-Y. Lu,2012,Proceedings of the 2012 IEEE 16th International Conference on Computer Supported Cooperative Work in Design (CSCWD),10.1109/CSCWD.2012.6221817,https://ieeexplore.ieee.org/document/6221817/,adjacent-subtopic,"Design is to create a product in the process that transforms “what you want” to “how you realize it”. Many design methods have been suggested in the software research community in the past. Hence, to know the differences between design methods or to understand the benefits of a single method, many papers about software design methods comparisons have been published. However, most of them are from subjective observations or designer's surveys. In other words, none of the past studies provided an objective basis for design comparison. In addition, there is no systematic and generic approach that can be applied universally to any design method or process in an empirical study. To remedy this, we proposed a Template-based Design Method Comparison Approach (TDMCA). In this paper, we explain TDMCA and demonstrate the evaluation of it. In our evaluation, we use Object-oriented (OO) system designs to validate TDMCA. Therefore, a graph-based similarity is created to measure the result. The evaluation result convinces us that TDMCA can provide the basis for objectively comparing any different design methods.",ieee,llm,0.950,unreviewed,
discarded,An Empirical Study of the Effects of Gestalt Principles on Diagram Understandability,Krystle Lemon; Edward B. Allen; Jeffrey C. Carver; Gary L. Bradshaw,2007,First International Symposium on Empirical Software Engineering and Measurement (ESEM 2007),10.1109/ESEM.2007.37,https://ieeexplore.ieee.org/document/4343743/,adjacent-subtopic,"Comprehension errors in software design must be detected at their origin to avoid propagation into later portions of the software lifecycle and also the final system. This research synthesizes software engineering and Gestalt principles of similarity, proximity, continuity for the purpose of discovering whether certain visual attributes of diagrams can affect the accuracy and efficiency of understanding the diagram. The experiment tested whether two dependent variables, accuracy and response time, were significantly affected by independent variables, diagram type (simple 1, simple2, complex), Gestalt principles (good vs. bad), and question order (forward/backward). The results of this study indicated that the Gestalt principles did affect the comprehension in the complex diagrams. Post-hoc analysis results indicated that number of bends per line, length of line in inches, number of lines crossing, boxes per diagram, and number of lines per diagram contributed to the ability of the subjects to comprehend the diagrams.",ieee,llm,0.960,unreviewed,
discarded,Myths and Facts About a Career in Software Testing: A Comparison Between Students’ Beliefs and Professionals’ Experience,Ronnie de Souza Santos; Luiz Fernando Capretz; Cleyton Magalhães; Rodrigo Souza,2023,IEEE Software,10.1109/MS.2023.3267296,https://ieeexplore.ieee.org/document/10264161/,off-topic-false-hit,"A career in software testing is reported to be unpopular among students in computer science. We demonstrate that a career in software testing is more exciting and rewarding, as reported by professionals working in the field, than students may believe.",ieee,llm,1.000,unreviewed,
discarded,Empirical validation of class diagram metrics,M. Genero; M. Piattini; C. Calero,2002,Proceedings International Symposium on Empirical Software Engineering,10.1109/ISESE.2002.1166940,https://ieeexplore.ieee.org/document/1166940/,adjacent-subtopic,"As a key early artefact in the development of OO software, the quality of class diagrams is crucial for all later design work and could be a major determinant for the quality of the software product that is finally delivered. Quantitative measurement instruments are useful to assess class diagram quality in an objective way, thus avoiding bias in the quality evaluation process. This paper presents a set of metrics - based on UML relationships $which measure UML class diagram structural complexity following the idea that it is related to the maintainability of such diagrams. Also summarized are two controlled experiments carried out in order to gather empirical evidence in this sense. As a result of all the experimental work, we can conclude that most of the metrics we proposed (NAssoc, NAgg, NaggH, MaxHAgg, NGen, NgenH and MaxDIT) are good indicators of class diagram maintainability. We cannot, however, draw such firm conclusions regarding the NDep metric.",ieee,llm,0.980,unreviewed,
discarded,Multi-skeleton model for top-down design of complex modular products,Dexin Chu; Xuening Chu; Guolin Lv; Yuliang Su; Dongping Chen,2014,2014 IEEE International Conference on Industrial Engineering and Engineering Management,10.1109/IEEM.2014.7058782,https://ieeexplore.ieee.org/document/7058782/,off-topic-false-hit,"To fulfill TDD(top-down design) strategy for efficient design of complex modular products supported by current CAD tools, building the unified information transmission mode is critical to solve the inconsistency of longitudinal strong constraints of TDD and horizontal flexibility of configuration modular products. Based on the recursive-execution and structure-evolvement of TDD and modular configuration design process, we put forward to replace constraints by published skeleton through inheritance information refinement and classification. Meanwhile, multi-skeleton model for one assembly is proposed to substitute one skeleton of traditional TDD. These skeletons are centralized by position skeleton in modular combination manner, which not only facilitate product cascading change automatically, also ease to reuse and modify module, and validate product and system. Crawler crane sample is elaborated to illustrate the multi-skeleton model application effects of entire products design process, design change and modular reuse. Finally, the conclusion of the work and future directions are given.",ieee,llm,0.930,unreviewed,
discarded,Concept analysis for module restructuring,P. Tonella,2001,IEEE Transactions on Software Engineering,10.1109/32.917524,https://ieeexplore.ieee.org/document/917524/,adjacent-subtopic,"Low coupling between modules and high cohesion inside each module are the key features of good software design. This paper proposes a new approach to using concept analysis for module restructuring, based on the computation of extended concept subpartitions. Alternative modularizations, characterized by high cohesion around the internal structures that are being manipulated, can be determined by such a method. To assess the quality of the restructured modules, the trade-off between encapsulation violations and decomposition is considered, and proper measures for both factors are defined. Furthermore, the cost of restructuring is evaluated through a measure of distance between the original and the new modularizations. Concept subpartitions were determined for a test suite of 20 programs of variable size: 10 public-domain and 10 industrial applications. The trade-off between encapsulation and decomposition was measured on the resulting module candidates, together with an estimate of the cost of restructuring. Moreover, the ability of concept analysis to determine meaningful modularizations was assessed in two ways. First, programs without encapsulation violations were used as oracles, assuming the absence of violations as an indicator of careful decomposition. Second, the suggested restructuring interventions were actually implemented in some case studies to evaluate the feasibility of restructuring and to deeply investigate the code organization before and after the intervention. Concept analysis was experienced to be a powerful tool supporting module restructuring.",ieee,llm,0.950,unreviewed,
