status,title,authors,year,venue,doi,url,tags,abstract,provider,decision_source,llm_confidence,llm_review_outcome,llm_change_direction
discarded,EagerlyElastic: Correct-by-Construction Eager Execution in Dynamically-Scheduled HLS,"Katsumi, Shun; Murphy, Emmet; Josipovic, Lana",2026,"PROCEEDINGS OF THE 2026 ACM/SIGDA INTERNATIONAL SYMPOSIUM ON FIELD PROGRAMMABLE GATE ARRAYS, FPGA 2026",10.1145/3748173.3779196,https://www.webofscience.com/wos/woscc/full-record/WOS:001722567700019,off-topic-false-hit,"Circuits generated through dynamically-scheduled high-level synthesis (also known as elastic circuits) are highly performant, as circuit execution can adjust at runtime to variable control flow or memory dependencies. While there are many promising opportunities for further optimization, the resulting circuits can be difficult to analyze-the challenge of maintaining circuit correctness forms a major obstacle to the optimization process. Seeking to increase performance, we introduce for the first time eager execution-speculatively executing both sides of a conditional branch in parallel, with results committed based on the branch condition-to elastic circuits. We build on recent work to present eager execution as a set of formally verified circuit rewrite patterns, localized transformations which we prove preserve correctness. This allows us to pursue high performance, while simultaneously guaranteeing that global circuit correctness is maintained at every stage. Our eager execution strongly increases performance using only slight alterations to the control path of the circuit: unlike the prohibitive resource cost of processor eager execution, elastic-circuit eager execution can be effectively enabled without additional computational units. On a set of selected kernels, we achieve an average speed-up of 3.2x, at an average increase of 1.2x in LUTs and 1.3x in FFs, compared to standard elastic circuits. Excitingly, elastic eager execution opens up a new design space of high-performance circuits, generated through correct-by-construction approaches, which we have only just begun to explore. EagerlyElastic is open-sourced under 10.5281/zenodo.17703725.",wos,llm,0.980,unreviewed,
discarded,Evolution-Aware Heuristics for GR(1) Realizability Checking,"Ma'ayan, Dor; Maoz, Shahar; Ringert, Jan Oliver",2025,"2025 40TH IEEE/ACM INTERNATIONAL CONFERENCE ON AUTOMATED SOFTWARE ENGINEERING, ASE",10.1109/ASE63991.2025.00030,https://www.webofscience.com/wos/woscc/full-record/WOS:001706323100022,adjacent-subtopic,"Reactive synthesis is an automated procedure to obtain a correct-by-construction reactive system from its temporal logic specification. Despite significant research progress over the past few decades, reactive synthesis is still in its early stages of practical adoption. One significant barrier to using reactive synthesis outside academia is the long realizability checking and synthesis time of specifications.

This paper introduces a novel, evolution-aware approach for realizability checking. Our approach leverages the key observation that realizability checking is an operation that developers frequently perform during iterative specification development; therefore, utilizing intermediate data from previous realizability checks can substantially improve running times. Our approach computes a local semantic diff between previous and current versions of the specification, and, based on the diff and the previous realizability checking result, applies a set of sound heuristics. These heuristics reuse intermediate data collected during the previous specification's realizability checking to accelerate the current specification's realizability checking. Our evaluation demonstrates that these heuristics are applicable in 70% of cases from a real-world dataset containing thousands of specifications, and that their application significantly improves the running time of realizability checking.",wos,llm,0.950,unreviewed,
discarded,Synergy of Formal Semantics and Industrial Data Analytics for Manufacturing Operation Management,"Chen, Sini; Zhu, Huibiao; Li, Ran; Xiao, Lili; Ge, Ning; Cao, Xinbin",2026,JOURNAL OF CIRCUITS SYSTEMS AND COMPUTERS,10.1142/S0218126626501628,https://www.webofscience.com/wos/woscc/full-record/WOS:001718557400001,adjacent-subtopic,"The integration of formal modeling and data-driven analysis is crucial for addressing complex challenges in Manufacturing Operations Management (MOM) systems under Industry 4.0. While our previously proposed refinement calculus of Object-Oriented Event-Graph (rCOE) offered a preliminary syntactic and semantic foundation for MOM modeling, its operational semantics were only briefly outlined. This paper extends our prior work by providing a complete and rigorous formal definition of rCOE's operational semantics, enabling precise executable specification and dynamic analysis. Furthermore, using a synthetic yet industrially realistic dataset, we apply the Isolation Forest algorithm to identify key high-risk processes-such as ""Matching Drill"" with excessively long duration and near-zero pass rate, and ""Straightening"" with high execution frequency-that threaten production efficiency and product quality. To demonstrate the practical synergy between data-driven discovery and formal modeling, we model these critical processes using rCOE and conduct a simulation based on the operational semantics. The simulation successfully replicates the possible resource contention and scheduling conflicts, validating its ability to replicate anomalies and evaluate mitigation strategies. This work establishes an integrated, empirically-grounded formal methodology for enhancing the robustness of MOM systems, moving from anomaly detection toward explainable diagnosis and mitigative analysis.",wos,llm,0.920,unreviewed,
discarded,Learning Verified Monitors for Hidden Markov Models,"van der Maas, Luko; Junges, Sebastian",2026,"AUTOMATED TECHNOLOGY FOR VERIFICATION AND ANALYSIS, ATVA 2025",10.1007/978-3-032-08707-2_0,https://www.webofscience.com/wos/woscc/full-record/WOS:001691615700009,off-topic-false-hit,"Runtime monitors assess whether a system is in an unsafe state based on a stream of observations. We study the problem where the system is subject to probabilistic uncertainty and described by a hidden Markov model. A stream of observations is then unsafe if the probability of being in an unsafe state is above a threshold. A correct monitor recognizes the set of unsafe observations. The key contribution of this paper is the first correct -by -construction synthesis method for such monitors, represented as finite automata. The contribution combines four ingredients: First, we establish the coNP-hardness of checking whether an automaton is a correct monitor, i.e., a monitor without misclassifications. Second, we provide a reduction that reformulates the search for misclassifications into a standard probabilistic system synthesis problem. Third, we integrate the verification routine into an active automata learning routine to synthesize correct monitors. Fourth, we provide a prototypical implementation that shows the feasibility and limitations of the approach on a series of benchmarks.",wos,llm,0.980,unreviewed,
discarded,from Partial Traces,"Ferreira, Margarida; Nicolet, Victor; Dodds, Joey; Kroening, Daniel",2025,PROCEEDINGS OF THE ACM ON PROGRAMMING LANGUAGES-PACMPL,10.1145/3729316,https://www.webofscience.com/wos/woscc/full-record/WOS:001638771600009,off-topic-false-hit,"We present the first technique to synthesize programs that compose side-effecting functions, pure functions, and control flow, from partial traces containing records of only the side-effecting functions. This technique can be applied to synthesize API composing scripts from logs of calls made to those APIs, or a script from traces of system calls made by a workload, for example. All of the provided traces are positive examples, meaning that they describe desired behavior. Our approach does not require negative examples. Instead, it generalizes over the examples and uses cost metrics to prevent over-generalization. Because the problem is too complex for traditional monolithic program synthesis techniques, we propose a new combination of optimizing rewrites and syntax-guided program synthesis. The resulting program is correct by construction, so its output will always be able to reproduce the input traces. We evaluate the quality of the programs synthesized when considering various optimization metrics and the synthesizer's efficiency on real-world benchmarks. The results show that our approach can generate useful real-world programs.",wos,llm,0.970,unreviewed,
discarded,Formal validation for microgrid reliability based on TLA,"Nasar, Muhammad; Csatar, Janos",2026,JOURNAL OF ELECTRICAL ENGINEERING-ELEKTROTECHNICKY CASOPIS,10.2478/jee-2026-0006,https://www.webofscience.com/wos/woscc/full-record/WOS:001692789700008,off-topic-false-hit,"Ensuring the reliability of modern microgrids requires verification beyond conventional simulations. This paper introduces the novel application of TLA+, a formal specification language to model and verify a cyber-physical microgrid with six DERs and four priority loads. Our approach formally defines critical safety invariants such as Margin of Safety (MoS) >= 0 and automatically uncovers subtle design flaws, including MoS violations undetected by conventional testing. Experimental verification on a 25 kV system shows TLA+ can explore 1.79 million states in under 3 minutes, mathematically proving correctness under normal (MoS = +28) and attack scenarios (MoS = -2). State-space exploration ranges efficiently from minimal configurations (3,332 states, 8 s) to full-load conditions (1.79 M states, 171 s) with predictable growth indicated by anomaly percentages (0.19 %-65 %). Although validated on a single topology, the method establishes a provably correct foundation for microgrid design, advancing the shift from test-and-fix to correct-by-construction methodologies in resilient smart grid engineering.",wos,llm,0.990,unreviewed,
discarded,Compositional training for Safe AI-based Cyber-Physical Systems,"Chatterjee, Sobhan; Shankar, Saumya; Roop, Partha",2025,"2025 23RD ACM/IEEE INTERNATIONAL SYMPOSIUM ON FORMAL METHODS AND MODELS FOR SYSTEM DESIGN, MEMOCODE 2025",10.1145/3742875.3754679,https://www.webofscience.com/wos/woscc/full-record/WOS:001676322000003,off-topic-false-hit,"Machine Learning (ML) models are increasingly adopted in Cyber-Physical Systems (CPS), yet monolithic architectures hinder interpretability, verification, and safety assurance. By decomposing a CPS into modular sub-models and embedding formally defined safety policies during training, we can construct systems that are correct-by-construction rather than relying on post-hoc falsification or unscalable static verification.

In this work, we introduce a policy-driven framework for compositional ML-based CPS. Using an autonomous vehicle as a representative case study, we show how to decompose a monolithic ML model into composable sub-models, mine meaningful safety properties from data, and use these policies to guide the training of each sub-model. To address unexpected or unseen scenarios where learned models may fail to comply with safety expectations, we employ a runtime enforcement mechanism that monitors model outputs and ensures policy adherence in real time. We test the approach through custom simulation of compositional designs, and through comparative analysis, we show how compositional property-based training and enforcement improve the safety of ML-based CPS.",wos,llm,0.970,unreviewed,
discarded,Formal design of safety-critical systems with MARS,"Yin, Yihao; Wu, Hao; Liu, Wan; Wang, Shuling; Xu, Xiong; Lin, Wang; Xu, Fanjiang; Zhan, Naijun",2026,JOURNAL OF SYSTEMS ARCHITECTURE,10.1016/j.sysarc.2026.103711,https://www.webofscience.com/wos/woscc/full-record/WOS:001690471000001,adjacent-subtopic,"MARS is a toolchain, supporting model-based design of cyber-physical systems (CPS), which integrates informal and formal design. With MARS, a system under development can be graphically modeled by the combination of AADL and Simulink/Stateflow, then the analysis of the graphical model can be conducted via simulation. Furthermore, the graphical model can be automatically transformed to Hybrid Communicating Sequential Processes (HCSP) for formal verification with HHLProver. Within HHLProver, both interactive and automated theorem proving of HCSP processes are supported, with the help of an invariant generator, which is used for automated synthesis of differential invariants of ordinary differential equations based on both numerical methods and neural networks. Finally, ANSI-C code or SystemC code can be generated from the verified HCSP formal model with the guarantee of correctness. As a case study of CPS, this paper applies the MARS toolchain to the design of an intelligent temperature control system, including its modeling, simulation, verification and code generation. This case study demonstrates the advantages of the design of CPS with MARS, including the integration of modeling, simulation, verification and code generation; the integration of informal and formal design, thus providing balance between efficiency and rigidity and enabling a correct-by-construction design flow.",wos,llm,0.900,unreviewed,
discarded,Formalizing Languages with Binding Operators in Rewriting Logic,"Fernandez, Maribel; Meseguer, Jose",2025,"PROCEEDINGS OF THE 27TH INTERNATIONAL SYMPOSIUM ON PRINCIPLES AND PRACTICE OF DECLARATIVE PROGRAMMING, PPDP 2025",10.1145/3756907.3756921,https://www.webofscience.com/wos/woscc/full-record/WOS:001672910800014,adjacent-subtopic,"Formalizing languages with binders (such as programming languages and logics) within a logical framework with zero representational distance (i.e., the calculus and its representation look the same) poses non-trivial challenges, including: faithful representation of syntax and binding operators; support for calculus-specific equivalences; faithful representation of the language dynamics (operational semantics); and generation of correct-by-construction implementations. We show how rewriting logic can meet these challenges. More precisely, we show how a general notion of binder signature can be axiomatized in rewriting logic and we propose a general methodology to specify languages with binders, including their structural congruences and operational semantics. We also show how rewriting logic methods provide executable specifications of languages with binders. We use the pi-calculus as a running example because it illustrates well the above-mentioned challenges.",wos,llm,0.900,unreviewed,
discarded,OpenSHMEM MLIR: A Dialect for Compile-Time Optimization of One-Sided Communications,"Beebe, Michael; Michalowicz, Benjamin; McNamara, Andrew; Kumar, Yash; Panda, Dhabaleswar K.; Chen, Yong; Poole, Wendy; Poole, Steve",2025,"PROCEEDINGS OF 2025 WORKSHOPS OF THE INTERNATIONAL CONFERENCE ON HIGH PERFORMANCE COMPUTING, NETWORK, STORAGE, AND ANALYSIS, SC25 WORKSHOPS",10.1145/3731599.3767483,https://www.webofscience.com/wos/woscc/full-record/WOS:001661298800123,off-topic-false-hit,"Communication increasingly limits performance in high-performance computing (HPC), yet mainstream compilers focus on computation because communication intent is lost early in compilation. OpenSHMEM offers a one-sided Partitioned Global Address Space (PGAS) model with symmetric memory and explicit synchronization, but lowering to opaque runtime calls hides these semantics from analysis.

We present an OpenSHMEM dialect for Multi-Level Intermediate Representation (MLIR) that preserves one-sided communication, symmetric memory, and team/context structure as first-class intermediate representation (IR) constructs. Retaining these semantics prior to lowering enables precise, correctness-preserving optimizations that are difficult to recover from LLVM IR. The dialect integrates with existing MLIR/LLVM passes while directly representing communication and synchronization intent.

We demonstrate four transformations: recording the number of processing elements, fusing compatible atomics, converting blocking operations to non-blocking forms when safe, and aggregating small messages. These examples show how explicit OpenSHMEM semantics enable communication-aware optimization and lay the groundwork for richer cross-layer analyses.",wos,llm,0.980,unreviewed,
kept,Event-B formalisation of a chat system: A case study,"Catano, Nestor",2026,SCIENCE OF COMPUTER PROGRAMMING,10.1016/j.scico.2025.103432,https://www.webofscience.com/wos/woscc/full-record/WOS:001659912700001,adjacent-subtopic,"This paper presents the formal modelling and refinement of a chat system using the Event-B formal method. We elicit software requirements as User Stories and manually map them into EventB. We model core chat functionalities, including user creation, chat session creation, message sending, message forwarding, and message deletion, while ensuring consistency via invariants and proof obligations in Rodin. We discuss challenges, lessons learnt, and propose several best modelling practices for the design and verification of similar event-driven messaging systems. Our work outlines directions for future integration with tool-supported code generation.",wos,llm,0.860,unreviewed,
discarded,Correct-by-Construction: Certified Individual Fairness through Neural Network Training,"Zhang, Ruihan; Sun, Jun",2025,PROCEEDINGS OF THE ACM ON PROGRAMMING LANGUAGES-PACMPL,10.1145/3763107,https://www.webofscience.com/wos/woscc/full-record/WOS:001632951100001,off-topic-false-hit,"Fairness in machine learning is more important than ever as ethical concerns continue to grow. Individual fairness demands that individuals differing only in sensitive attributes receive the same outcomes. However, commonly used machine learning algorithms often fail to achieve such fairness. To improve individual fairness, various training methods have been developed, such as incorporating fairness constraints as optimisation objectives. While these methods have demonstrated empirical effectiveness, they lack formal guarantees of fairness. Existing approaches that aim to provide fairness guarantees primarily rely on verification techniques, which can sometimes fail to produce definitive results. Moreover, verification alone does not actively enhance individual fairness during training. To address this limitation, we propose a novel framework that formally guarantees individual fairness throughout training. Our approach consists of two parts, i.e., (1) provably fair initialisation that ensures the model starts in a fair state, and (2) a fairness-preserving training algorithm that maintains fairness as the model learns. A key element of our method is the use of randomised response mechanisms, which protect sensitive attributes while maintaining fairness guarantees. We formally prove that this mechanism sustains individual fairness throughout the training process. Experimental evaluations confirm that our approach is effective, i.e., producing models that are empirically fair and accurate. Furthermore, our approach is much more efficient than the alternative approach based on certified training (which requires neural network verification during training).",wos,llm,0.980,unreviewed,
discarded,Staging Automatic Differentiation with Fusion,"Klumpers, Samuel; Schrijvers, Tom",2025,"PROCEEDINGS OF THE 18TH ACM SIGPLAN INTERNATIONAL SYMPOSIUM ON HASKELL, HASKELL 2025",10.1145/3759164.3759353,https://www.webofscience.com/wos/woscc/full-record/WOS:001612593600011,adjacent-subtopic,"Automatic differentiation (AD) is a family of algorithms with many applications in scientific computing and machine learning. They compute numerical derivatives by interpreting or transforming the source code of numeric expressions. The correctness and efficiency of such AD algorithms has been the subject of much research, in particular that of reversemode AD which is particularly efficient for computing large gradients, but the code it generates is highly non-obvious. In this paper, we build on the earlier approach of van den Berg et al. [Science of Computer Programming, 231 (2024)], reverse-engineering their algorithm in terms of established program transformation techniques from abstract algebra and functional programming. We transform the existing interpreter-based approach into an efficient code generator by means of staging with Template Haskell, and leverage a fold fusion variant for staging and algebraic preservation maps to perform correct-by-construction binding time improvements.

The resulting generated code achieves speedups of a factor of 110.",wos,llm,0.880,unreviewed,
kept,The Calculated Typer (Functional Pearl),"Garby, Zac; Bahr, Patrick; Hutton, Graham",2025,"PROCEEDINGS OF THE 18TH ACM SIGPLAN INTERNATIONAL SYMPOSIUM ON HASKELL, HASKELL 2025",10.1145/3759164.3759346,https://www.webofscience.com/wos/woscc/full-record/WOS:001612593600004,adjacent-subtopic,"We present a calculational approach to the design of type checkers, showing howthey can be derived from behavioural specifications using equational reasoning. We focus on languages whose semantics can be expressed as a fold, and show how the calculations can be simplified using fold fusion. This approach enables the compositional derivation of correct-by-construction type checkers based on solving and composing fusion preconditions. We introduce our approach using a simple expression language, to which we then add support for exception handling and checked exceptions.",wos,llm,0.700,unreviewed,
