status,title,authors,year,venue,doi,url,tags,abstract,provider,decision_source,llm_confidence,llm_review_outcome,llm_change_direction
Introduction : Cette & eacute;tude explore l'acquisition et l'application des comp & eacute;tences en sant & eacute; mentale ainsi que les connaissances s'y rapportant dans les familles des membres des Forces arm & eacute;es canadiennes (FAC), une population souvent n & eacute;glig & eacute;e dans le secteur de la recherche sur la sant & eacute; mentale et le bien-& ecirc;tre. Des comp & eacute;tences en sant & eacute; mentale, telles que l'& eacute;tablissement d'objectifs, le dialogue interne, l'imagerie, l'adaptation et la r & eacute;silience, ont & eacute;t & eacute; largement & eacute;tudi & eacute;es dans les populations & agrave; haute performance et chez les militaires, mais on conna & icirc;t peu de choses de leur pertinence ou de leur utilit & eacute; aupr & egrave;s des populations qui soutiennent les membres des FAC. M & eacute;thodologie : & Agrave; l'aide d'une m & eacute;thodologie mixte int & eacute;gr & eacute;e, les donn & eacute;es ont & eacute;t & eacute; recueillies aupr & egrave;s de 180 r & eacute;pondant.e.s au sondage et 11 participant.e.s au groupe de travail dans divers r & ocirc;les familiaux et divers contextes g & eacute;ographiques. R & eacute;sultats : Les r & eacute;sultats ont r & eacute;v & eacute;l & eacute; une connaissance et une compr & eacute;hension vari & eacute;es des comp & eacute;tences en sant & eacute; mentale, et les participant.e.s appliquent souvent leurs habilet & eacute;s de mani & egrave;re inconsciente, malgr & eacute; une formation ou un soutien limit & eacute;s. Les donn & eacute;es du groupe de travail ont r & eacute;v & eacute;l & eacute; quatre th & egrave;mes : 1) la confusion entre les comp & eacute;tences et la terminologie en sant & eacute; mentale, 2) l'acquisition de comp & eacute;tences tir & eacute;es de la vie r & eacute;elle, 3) l'insatisfaction g & eacute;n & eacute;rale envers le soutien et 4) l'utilisation interconnect & eacute;e des comp & eacute;tences en sant & eacute; mentale dans des contextes positifs et stimulants. Les participant. e.s ont exprim & eacute; un fort d & eacute;sir de soutien plus proactif, plus accessible et plus pertinent, adapt & eacute; aux exigences uniques de la vie familiale des militaires. La qualit & eacute; et l'accessibilit & eacute; h & eacute;t & eacute;rog & egrave;nes des ressources sur les comp & eacute;tences en sant & eacute; mentale au sein des FAC, qui incitent souvent les familles & agrave; demander de l'aide externe, repr & eacute;sentaient une inqui & eacute;tude r & eacute;currente. De plus, la stigmatisation et les obstacles logistiques ont limit & eacute; l'utilisation efficace des ressources & agrave; l'interne. Discussion : Cette & eacute;tude examine un ph & eacute;nom & egrave;ne important : les besoins de comp & eacute;tences en sant & eacute; mentale des familles des membres de FAC en fonction de leurs propres points de vue, afin d'apporter une perspective critique au d & eacute;veloppement des politiques et des programmes. Les r & eacute;sultats d & eacute;montrent l'importance d'inclure les familles des FAC parmi les utilisateur.rice.

s, et non seulement des b & eacute;n & eacute;ficiaires, de prodiguer une formation sur les comp & eacute;tences en sant & eacute; mentale et de pr & eacute;coniser un soutien sp & eacute;cialis & eacute; et sensible sur le plan contextuel pour autonomiser les familles dans leurs r & ocirc;les vitaux d'aidant.es et de facilitateur. trice.",wos,llm,1.000,unreviewed,
discarded,Conducting Delphi surveys in medical education research,"Homberg, Angelika",2026,GMS JOURNAL FOR MEDICAL EDUCATION,10.3205/zma001800,https://www.webofscience.com/wos/woscc/full-record/WOS:001734677900004,off-topic-false-hit,"Background: Delphi surveys are becoming increasingly important in medical education research, particularly in the development of curricula, assessment instruments, and recommendations for action. However, due to the flexibility and low standardisation of the method, researchers are faced with the challenge of making numerous methodological decisions before and during a Delphi survey. To ensure a structured and targeted approach, careful planning is essential prior to conducting a Delphi study. Planning Delphi studies: This article describes how to plan Delphi surveys in the following five steps: 1. Suitability and feasibility of the method, 2. Research question and persons involved, 3. Planning of the survey process up to the first round, 4. Evaluation strategies and planning the follow-up rounds, 5. Presentation and dissemination of the results. Each step is structured on the basis of central questions. The most important aspects are summarised in a checklist. Conclusion: This guide provides researchers with a comprehensive overview of the methodological possibilities and limitations of Delphi surveys, highlighting potential pitfalls. It supports strategic planning and helps researchers to make informed decisions. In the long run, the quality of Delphi studies in medical education research can thus be improved, enabling the method's potential to be realised more effectively.",wos,llm,1.000,unreviewed,
discarded,Privacy-Enhanced Software Design: Purpose-Aware UML Diagrams,"Vanezi, Evangelia; Kapitsaki, Georgia; Philippou, Anna",2026,"PRODUCT-FOCUSED SOFTWARE PROCESS IMPROVEMENT, PROFES 2025",10.1007/978-3-032-12089-2_28,https://www.webofscience.com/wos/woscc/full-record/WOS:001718768800028,adjacent-subtopic,"The General Data Protection Regulation (GDPR) was introduced and applied in the EU to help users protect their personal data. An important principle of the regulation is 'Purpose Limitation', stating that personal data should be processed only in ways (purposes) clearly stated and agreed upon between the system and the user. One major challenge in Software Engineering is the integration of processing purposes into the system design. Aiming to address this challenge, we present a software design methodology allowing to formulate the processing purposes of a system and integrate them with the functional requirements. We present a purpose-aware version of the UML Use Case and Sequence diagrams to assist engineers in visualising the purpose-aware requirements, and a prototype tool to automate this process. We furthermore present an evaluation of the methodology, gathering overall positive results, especially regarding users' confidence, simplicity, and ease of use.",wos,llm,0.970,unreviewed,
discarded,A data-driven method for modeling factors in ship fire accidents by integrating Decision-Making Trial and Evaluation Laboratory (DEMATEL) and Adversarial Interpretive Structural Modeling (AISM) based on Fuzzy Reachability Matrix (FR),"Liu, Kang; Fang, Cheng; Zhao, Zihan",2026,JOURNAL OF OCEAN ENGINEERING AND MARINE ENERGY,10.1007/s40722-026-00492-3,https://www.webofscience.com/wos/woscc/full-record/WOS:001728402400001,off-topic-false-hit,"Ship fire accidents represented a critical threat to maritime safety, yet the complex interrelationships among contributing factors remained insufficiently characterized due to methodological limitations in traditional analytical approaches. Conventional Decision-Making Trial and Evaluation Laboratory-Interpretive Structural Modeling (DEMATEL-ISM) methods relied on predetermined thresholds that might obscure the continuous nature of causal relationships and introduce subjective bias. Here a novel T-FR-AISM approach was developed that employs optimization algorithms to eliminate threshold dependency while preserving inherent uncertainty in expert assessments. By analyzing marine accident reports and publications from 2015 to 2023, 12 key influencing factors were identified across 6 dimensions: Person, Management, Equipment, Technology, Environment, and Psychology. Results revealed that Ship Management (B1), with the highest degree of centrality (M = 4.544), occupies the most fundamental position in the causal hierarchy. The optimized hierarchical structure identified a critical cross-dimensional intervention loop (A2-B2-C1) connecting management deficiencies to equipment failures and technical shortcomings. These findings provided actionable insights for maritime fire safety management, crew training program development, and regulatory framework enhancement.",wos,llm,1.000,unreviewed,
discarded,Cognitive Load Measurement Methods for Usability Testing: A Critical Analysis and Framework for Interface Evaluation,"Darejeh, Ali; Marcus, Nadine; Mohammadi, Gelareh; Sweller, John",2026,HUMAN FACTORS,10.1177/00187208261427867,https://www.webofscience.com/wos/woscc/full-record/WOS:001717931200001,adjacent-subtopic,"Objective This systematic review evaluates the use of cognitive load measurement methods in usability testing across diverse software interfaces. It provides guidance for researchers and practitioners by proposing a framework for selecting appropriate cognitive load measurement techniques.Background Cognitive Load Theory offers insights into software usability by addressing users' mental effort during task performance. Although cognitive load measurement methods are increasingly used in usability testing, no comprehensive analysis has focused specifically on various software interfaces.Method We systematically analysed 87 experimental studies published between 2001 and 2025. Databases searched included IEEE, ACM, ScienceDirect, SpringerLink, and Scopus. Inclusion criteria focused on studies applying cognitive load measurement to usability testing for different types of software interfaces.Results Cognitive load measurement methods were categorised as subjective (e.g., NASA-TLX and self-reports) or objective (e.g., EEG, eye-tracking, dual-task paradigms, and physiological sensors). The most frequently used methods were performance measures (19%), NASA-TLX (12%), and eye fixations (11%). Commonly evaluated platforms included websites, virtual reality systems, and productivity tools. Each method's applicability, strengths, and limitations were identified.Conclusion The review synthesises the relative merits of cognitive load measurement methods in usability evaluations and introduces a framework to guide the selection of techniques based on interface type and evaluation goals.Application The proposed framework operationalises CLT to support targeted, user-centred usability testing. It facilitates the selection of effective cognitive load measurement strategies, enhancing evaluation accuracy and informing better software design.",wos,llm,0.950,unreviewed,
discarded,A Robust Deep Learning Framework for Steganography in 1D and 2D Barcodes,"Sun, Yanfei; Chen, Yinuo; Wang, Junyu; Yin, Rui",2026,ELECTRONICS LETTERS,10.1049/ell2.70531,https://www.webofscience.com/wos/woscc/full-record/WOS:001707469000001,off-topic-false-hit,"Barcodes are a key IoT technology for product identification and supply chain traceability, yet they are limited in data capacity and security. To address these limitations, we propose a barcode steganography framework based on image embedding and deep learning. Experiments demonstrate robust information hiding, reliable retrieval and multi-target recognition under real-world conditions. Applied to both 1D and 2D barcodes, the method generates image-augmented codes with significantly enhanced capacity, security and practicality.",wos,llm,1.000,unreviewed,
discarded,From Adversity to Innovation: Six Decades of Pediatric Liver Transplantation in Japan,"Kasahara, Mureo; Sakamoto, Seisuke",2026,PEDIATRIC TRANSPLANTATION,10.1111/petr.70290,https://www.webofscience.com/wos/woscc/full-record/WOS:001703918300001,off-topic-false-hit,"Over the past six decades, liver transplantation (LT) in Japan has evolved from an experimental surgery to a globally recognized model of ethical and technical excellence. Following the world's first LT in 1963, Japan's early progress was impeded by the 1968 ""Wada heart transplant"" controversy, which suspended brain-dead donation for more than 30 years. This personal viewpoint reviews the historical development of LT in Japan, focusing on the emergence of living donor liver transplantation (LDLT), key technical innovations, legislative changes, and international contributions-particularly in pediatric transplantation. During this period, Japanese surgeons-many of whom were trained in Western centers-pioneered living donor liver transplantation (LDLT), introducing microsurgical techniques for hepatic artery anastomosis and innovative size-reduction procedures that enabled successful grafting even in infants weighing under 5 kg. Pediatric LDLT became the foundation for adult applications, achieving outstanding long-term outcomes. The Organ Transplant Law (1997) and its 2010 revision gradually permitted brain-dead and pediatric donation, but LDLT remains predominant. Japan's achievements, supported by advancements in tacrolimus immunosuppression, ABO-incompatible LT, and laparoscopic donor hepatectomy, have produced national survival rates comparable to leading Western programs. To date, over 4000 pediatric liver transplants have been performed, establishing Japan as a global leader in pediatric LDLT. Through sustained educational missions, National Center for Child Health and Development and its partner institutions have supported program development in over 20 countries, particularly in Southeast Asia and the Middle East. Despite limited experience with pediatric deceased-donor transplantation, Japan's balanced pursuit of donor safety, ethical integrity, and innovation continues to shape the international landscape. This personal viewpoint reflects on Japan's 60-year journey-progress born from limitation-and its ongoing commitment to advancing pediatric transplantation worldwide under the vision of the International Pediatric Transplant Association.",wos,llm,1.000,unreviewed,
discarded,A Systems Thinking Approach to Integrated STEM in School-Based Agricultural Education,"Knobloch, Neil A.; Eck, Christopher J.; McKim, Aaron J.; Wang, Hui-Hui",2026,EDUCATION SCIENCES,10.3390/educsci16020253,https://www.webofscience.com/wos/woscc/full-record/WOS:001703623200001,off-topic-false-hit,"The content and career cluster of agriculture, food, and natural resources (AFNR) provides opportunities for K-12 teachers to engage students to solve complex authentic problems that blend science, technology, engineering, and mathematics (STEM), yet limited research has been conducted on how to effectively leverage teaching and learning to integrate STEM using the context of AFNR through the school-based agricultural education program. This conceptual paper was developed through a collaborative sensemaking process focused on systems thinking as a way of knowing to integrate STEM within the contexts of AFNR, utilizing the SBAE program in the United States. A comprehensive career and technical education (CTE) program model of SBAE develops secondary education students' career readiness skills through classroom and laboratory instruction, leadership development, and supervised agricultural experiences. The literature was reviewed to describe the current status of integrated STEM in SBAE, including learning by doing, solving real-world problems, application of content knowledge in out-of-school and community-based settings, learner-centered pedagogies, and development of career readiness skills for the workforce. By employing systems thinking as the theoretical framework and integrated STEM as a conceptual framework, the authors engaged in collaborative sensemaking of their professional and scholarly experiences and proposed findings and discussion of a three-model framework (i.e., teacher, program, and learning approach) to support integrated STEM education through AFNR and SBAE. Limitations of the framework are also discussed. The AFNR career cluster was used as the context to discuss how the three-model framework (i.e., teacher, program, and learning approach) of integrated STEM through AFNR could be operationalized for SBAE. Discussion and implications of the three-model framework for other career clusters in career and technical education (CTE) and non-formal education in community settings are presented. Conclusions and recommendations are provided for advancing STEM integration in SBAE for teacher development, program development, and research.",wos,llm,1.000,unreviewed,
discarded,Research on the construction and application of an evaluation index system for vocational school teachers' professional competency,"Zhu, Maoyang; Wang, Lu; Zhang, Chaofeng; Song, Tingxin",2026,FRONTIERS IN EDUCATION,10.3389/feduc.2026.1710581,https://www.webofscience.com/wos/woscc/full-record/WOS:001690711000001,off-topic-false-hit,"This study focuses on the evaluation of vocational school teachers' professional competencies. By addressing current limitations such as narrow evaluation dimensions and single-subject assessment, it integrates diverse theoretical frameworks and policies-including teacher efficacy theory-to construct an evaluation system. Through qualitative interviews and the Delphi method, the system comprises 7 primary indicators, 25 secondary indicators, and 89 tertiary indicators. These encompass: Professional awareness and ethics, Foundational competencies, Theoretical instruction, Practical teaching, Program development, Educational Research and Reform, and Professional development capabilities. A multi-subject collaborative evaluation model was established by integrating subjective and objective weighting methods using the Analytic Hierarchy Process (AHP) and entropy method, and its empirical application was conducted at a vocational school in Hubei Province. Research findings indicate significant disparities in teachers' professional competencies, with higher scores in the dimension of professional ethics, while competencies in teaching research, practical teaching, and other areas remain relatively weak. Regression analysis reveals that factors such as years of teaching experience and corporate training programs exert differential impacts on competency development. Finally, we propose countermeasures such as tiered training, school-enterprise collaboration, and institutional optimization to provide practical references and support for evaluating vocational school teachers' competencies and advancing their professional development.",wos,llm,1.000,unreviewed,
discarded,Systematic Literature Review on the Use of Cluster Analysis in Software Design Activities,"Sanchez-Garcia, Angel J.; Barradas-Fernandez, Alvaro; Alonso-Ramirez, Oscar; Limon, Xavier",2026,INTERNATIONAL JOURNAL OF COMBINATORIAL OPTIMIZATION PROBLEMS AND INFORMATICS,10.61467/2007.1558.2026.v17i2.1262,https://www.webofscience.com/wos/woscc/full-record/WOS:001692772500002,adjacent-subtopic,"Cluster analysis is an unsupervised machine learning approach that groups data into homogeneous categories without the need for predefined labels. Although it was not originally developed for software engineering, this technique has increasingly been applied to support various activities in the software design phase. However, information about its use remains scattered across different studies. To address this gap, this work presents a systematic literature review synthesizing the state of the art on the application of cluster analysis in software design. Following a rigorous selection process, 14 primary studies published between 2019 and 2025 were identified from four digital ScienceDirect. This review highlights the contexts in which clustering has been applied, emphasizing its predominant role in class decomposition tasks and the frequent adoption of the Kmeans algorithm, while also documenting the algorithms and tools used during design activities. Furthermore, the analysis discusses the benefits and challenges of adopting cluster analysis in this stage of development. The findings provide software engineering researchers and practitioners with a consolidated overview of the role of cluster analysis in software design, offering insights into its potential, limitations, and directions for future research and practice.",wos,llm,0.960,unreviewed,
