status,title,authors,year,venue,doi,url,tags,abstract,provider,decision_source,llm_confidence,llm_review_outcome,llm_change_direction
kept,Predicate transformers and higher-order programs,David A. Naumann,1995,Theoretical Computer Science,10.1016/0304-3975(94)00247-g,https://openalex.org/W2024118925,adjacent-subtopic,"Example higher-order programs are presented in the style of Hoare logic and refinement calculus, as motivation for a study of weak (lax) coexponents in categories of predicate transformers. The preordered category of monotonic predicate transformers between powersets is shown to have weak components that give an operationally sound predicate transformer semantics to higher-order programs and designs. The semantics is for stored programs, orthogonal to (but compatible with) procedures and parameter passing. The weak coexponent is not unique, and may be chosen to represent all designs in refinement calculus, or to represent only feasible programs, or only total deterministic programs. For the latter alternative there is a complete axiomatization in terms of program level laws of refinement, for positively conjunctive predicate transformers. A different alternative makes all program specifications representable. The results exemplify both the benefits and the limitations of categorial axiomatizations of program constructs.",openalex,llm,0.860,unreviewed,
kept,Unifying semantic foundations for automated verification tools in Isabelle/UTP,Simon Foster; James Baxter; Ana Cavalcanti; Jim Woodcock; Frank Zeyda,2020,Science of Computer Programming,10.1016/j.scico.2020.102510,https://openalex.org/W3037207514,supports-claim,,openalex,llm,0.910,unreviewed,
discarded,Test-Case Calculation Through Abstraction,Bernhard K. Aichernig,2001,Lecture notes in computer science,10.1007/3-540-45251-6_33,https://openalex.org/W1525098545,adjacent-subtopic,,openalex,llm,0.610,unreviewed,
discarded,Correct-by-construction model composition: Application to the Invasive Software Composition method,Mounira Kezadri Hamiaz; Marc Pantel; Benoît Combemale; Xavier Thirioux,2014,Electronic Proceedings in Theoretical Computer Science,10.4204/eptcs.147.8,https://openalex.org/W2022505402,adjacent-subtopic,"Composition technologies improve reuse in the development of large-scale complex systems. Safety critical systems require intensive validation and verification activities. These activities should be compositional in order to reduce the amount of residual verification activities that must be conducted on the composite in addition to the ones conducted on each components. In order to ensure the correctness of compositional verification and assess the minimality of the residual verification, the contribution proposes to use formal specification and verification at the composition operator level. A first experiment was conducted in [15] using proof assistants to formalize the generic composition technology ISC and prove that type checking was compositional. This contribution extends our early work to handle full model conformance and study the mandatory residual verification. It shows that ISC operators are not fully compositional with respect to conformance and provides the minimal preconditions on the operators mandatory to ensure compositional conformance. The appropriate operators from ISC (especially bind) have been implemented in the COQ4MDE framework that provides a full implementation of MOF in the COQ proof assistant. Expected properties, respectively residual verification, are expressed as post, respectfully pre, conditions for the composition operators. The correctness of the compositional verification is proven in COQ.",openalex,llm,0.910,unreviewed,
kept,QbC: Quantum Correctness by Construction,Anurudh Peduri; Ina Schaefer; Michael Walter,2025,Proceedings of the ACM on Programming Languages,10.1145/3720433,https://openalex.org/W4409311254,adjacent-subtopic,"Thanks to the rapid progress and growing complexity of quantum algorithms, correctness of quantum programs has become a major concern. Pioneering research over the past years has proposed various approaches to formally verify quantum programs using proof systems such as quantum Hoare logic. All these prior approaches are post-hoc: one first implements a program and only then verifies its correctness. Here we propose Quantum Correctness by Construction (QbC) : an approach to constructing quantum programs from their specification in a way that ensures correctness. We use pre- and postconditions to specify program properties, and propose sound and complete refinement rules for constructing programs in a quantum while language from their specification. We validate QbC by constructing quantum programs for idiomatic problems and patterns. We find that the approach naturally suggests how to derive program details, highlighting key design choices along the way. As such, we believe that QbC can play a role in supporting the design and taxonomization of quantum algorithms and software.",openalex,llm,0.880,unreviewed,
kept,Refinement Concepts Formalized in Higher Order Logic.,Ralph‐Johan Back,1990,,,https://openalex.org/W2914550776,supports-claim,"A theory of commands with weakest precondition semantics is formalized using the HOL proof assistant system. The concept of refinement between commands is formalized, a number of refinement rules are proved and it is shown how the formalization can be used for proving refinements of actual program texts correct. 1 Introduction The refinement calculus is a theory of program transformations that preserve the total correctness of programs. It was first described in [Ba78, Ba80] and has been further elaborated in [Ba88a, Ba88b, MoRoGa88, Morr87]. It is based on the weakest precondition technique of [Di76]. The refinement calculus has been used as a tool for stepwise refinement of sequential algorithms, and recently also for the derivation of parallel algorithms from sequential algorithms [BaSe89, Wr89]. The HOL system (Higher Order Logic) is a theorem proving assistant, which can be used to formalize theories and verify proofs of theorems within these theories. It is based on the LCF syst...",openalex,llm,0.990,unreviewed,
discarded,"Von ADEPT zur AristaFlow® BPM Suite - eine Vision wird Realität: ""Correctness by Construction"" und flexible, robuste Ausführung von Unternehmensprozessen",Peter Dadam; Manfred Reichert; Stefanie Rinderle‐Ma; Kevin Göser; Ulrich Kreher; Martin Jurisch,2009,OPen Access Repositorium der Universität Ulm (OPARU) (Ulm University),10.18725/oparu-1048,https://openalex.org/W1540164196,adjacent-subtopic,"Angeregt durch ein Forschungsprojekt im Bereich klinischer Informationssysteme, wurde von uns Mitte der 90er Jahre das Forschungsprojekt ADEPT gestartet, welches im Bereich Prozess-Management das nahezu Unmögliche anstrebte und mittlerweile auch erreicht hat: Hochgradig flexible Ausführung von Unternehmensprozessen, Realisierung robuster prozessorientierter Anwendungen ""per Konstruktion"" sowie ein für alle Anwendergruppen (Prozess-Implementierer, Systemadministratoren, Endbenutzer) einfach zu benutzendes System. Dieser Beitrag beschreibt die Hintergründe des ADEPT-Projekts sowie unsere Motivation für die gesteckten Ziele, die von uns verfolgte Vision und deren vollständige Umsetzung in der nunmehr verfügbaren AristaFlow® BPM Suite.",openalex,llm,0.900,unreviewed,
discarded,The effects of preservation on fish tissue stable isotope signatures,Brianne Kelly; J. Brian Dempson; Michael Power,2006,Journal of Fish Biology,10.1111/j.1095-8649.2006.01226.x,https://openalex.org/W2097351935,off-topic-false-hit,"The effects of formalin and ethanol preservation on the δ13C and δ15N isotope signatures of Arctic charr Salvelinus alpinus muscle tissue were examined. The lipid content of the tissue samples studied ranged from 3·6 to 6·1% and was not correlated with the magnitude of observed isotopic shifts in preserved samples. Ethanol and formalin significantly depleted and enriched, respectively, the δ13C isotope signatures of preserved tissues when compared to control samples. Ethanol did not significantly enrich δ15N signatures in comparison to controls, whereas formalin did. A meta‐analysis of multiple species effects further demonstrated significant preservation effects in fish tissue. Statistical analysis of data obtained by correcting preserved tissue isotope signatures with literature, bootstrapped or meta‐analysis derived correction factors demonstrated significant differences between corrected and control sample isotope signatures or failure to produce a unity slope when the data sets were regressed against one another. Species‐specific, bootstrapped linear correction models resulted in no such errors. Results suggest that species‐specific correction methods should be used for fishes because of the known wide variation in fish tissue lipid content and composition. Accordingly, the use of pilot studies will be required to develop correction factors that properly adjust for preservation effects when interpreting temporal patterns in historic analyses of food webs.",openalex,llm,1.000,unreviewed,
kept,Integrating UML and Formal Methods,Rafael Magalhães Borges; Alexandre Mota,2007,Electronic Notes in Theoretical Computer Science,10.1016/j.entcs.2007.03.017,https://openalex.org/W2076043313,adjacent-subtopic,"UML is a widespread language used in both industry and academia, despite the fact that its semantics is still informal and allows ambiguities. On the other hand, OhCircus is a formal specification language which unifies Z, CSP, the refinement calculus of Morgan and object-oriented theories. In this work we integrate UML class diagrams and OhCircus by written UML elements in terms of OhCircus constructs. However, instead of a simply syntactical mapping, we also propose the concept of a class model to capture associations and global constraints. Finally, we use this integration to prove the refinement of associations as attributes, a result that relates analysis to design to implementation and which is very common in industry.",openalex,llm,0.840,unreviewed,
kept,Traits: Correctness-by-Construction for Free,Tobias Runge; Alex Potanin; Thomas Thüm; Ina Schaefer,2022,Lecture notes in computer science,10.1007/978-3-031-08679-3_9,https://openalex.org/W4293197076,adjacent-subtopic,". We demonstrate that traits are a natural way to support correctness-by-construction (CbC) in an existing programming language in the presence of traditional post-hoc veriﬁcation (PhV). With Correct-ness-by-Construction, programs are constructed incrementally along with a speciﬁcation that is inherently guaranteed to be satisﬁed. CbC is complex to use without specialized tool support, since it needs a set of re-ﬁnement rules of ﬁxed granularity which are additional rules on top of the programming language. In this work, we propose TraitCbC, an incremental program construction procedure that implements correctness-by-construction on the basis of PhV by using traits. TraitCbC enables program construction by trait composition instead of reﬁnement rules. It provides a programming guideline, which similar to CbC should lead to well-structured programs, and allows ﬂexible reuse of veriﬁed program building blocks. We introduce TraitCbC formally and prove the soundness of our veriﬁcation strategy. Additionally, we implement TraitCbC as a proof of concept.",openalex,llm,0.890,unreviewed,
discarded,Correct-by-construction policies for POMDPs,Nils Jansen; Sebastian Junges; Joost-Pieter Katoen; Tim Quatmann; Bernd Becker; Ralf Wimmer; Leonore Winterer,2019,,10.1145/3313149.3313366,https://openalex.org/W2944072504,adjacent-subtopic,"Summary. In this extended abstract, we discuss how to compute policies with finite memory---so-called finite-state controllers (FSCs)---for partially observable Markov decision processes (POMDPs) that are provably correct with respect to given specifications. In particular, for a POMDP M and a specification ϕ, we want to solve the decision problem whether there is a policy σ for M with k memory states, such that ϕ is satisfied by M and σ (Mσ |= ϕ). The underlying method is achieved via a marriage of formal verification and artificial intelligence. The key insight is that computing (randomized) FSCs on POMDPs is equivalent to---and computationally as hard as---synthesis for parametric Markov chains (pMCs). The parameter synthesis problem is to decide whether for a parametric Markov chain (pMC) M and a specification ϕ there is a parameter instantiation u such that in the Markov chain (MC) induced by u the specification is satisfied (M[u] |= ϕ). The correspondence---depicted in Figure 1---allows to utilize efficient tools for synthesis in pMCs to compute correct-by-construction FSCs on POMDPs.",openalex,llm,0.950,unreviewed,
discarded,Correct by Construction Language Implementations,Arjen Rouvoet,2021,Research Repository (Delft University of Technology),10.4233/uuid:f0312839-3444-41ee-9313-b07b21b59c11,https://openalex.org/W3200599048,adjacent-subtopic,"Programming language implementations bridge the gap between what the program developer sees and understands, and what the computer executes. Hence, it is crucial for the reliability of software that language implementations are correct. Correctness of an implementation is judged with respect to a criterion. In this thesis, we focus on the criterion type correctness, striking a balance between the difficulty of the assessment of the criterion and its usefulness to rule out errors throughout a programming language implementation. If both the front- and the back-end fulfill their role in maintaining the type contract between the programmer and the language implementation, then unexpected type errors will not occur when the program is executed. To verify type correctness throughout a language implementation, we want to establish it formally. That is, we aim to give a specification of program typing in a formal language, and to give a mathematical proof that every part of the language implementation satisfies the necessary property to make the whole implementation type-correct. Type checkers ought to be sound and only accept programs that are indeed typeable according to the specification of the language. Interpreters should be type safe, and reduce expressions to values of the same type. Program compilers should preserve well-typing when they transform programs. These properties are essential for implementations of typed programming languages, ensuring that the typing of the source program is a meaningful notion that can be trusted by the programmer to prevent certain errors from occurring during program execution. A conventional formal type-",openalex,llm,0.920,unreviewed,
kept,Refinement of Pipe-and-Filter Architectures,Jan Philipps; Bernhard Rumpe⋆,1999,,,https://openalex.org/W3098754475,adjacent-subtopic,". Software and hardware architectures are prone to modifications. We demonstrate how a mathematically founded powerful refinement calculus for a class of architectures, namely pipe and filter architectures, can be used to modify a system in a provably correct way. The calculus consists of basic rules to add and to remove filters (components) and pipes (channels) to a system. A networking example demonstrates some of the features of our calculus. The calculus is simple, flexible and compositional. Thus it allows us to build more complex and specific rules that e.g. embed models of existing architectures or define design patterns as transformation rules. 1 Introduction Only in recent years, fueled through the survey [10] and greatly enhanced by [16], notations to define software architectures have been developed (see [12] for an overview). One specific kind of architecture description style --- the pipe and filter approach ---, is especially useful for asynchronously communica...",openalex,llm,0.930,unreviewed,
kept,A Pedagogically-Focused Translation Pipeline for Designing Loops in Programming,"Crotts, L. Joshua; Shan, Chung-chieh; Tobin-Hochstadt, Sam",2025,"2025 IEEE FRONTIERS IN EDUCATION CONFERENCE, FIE",10.1109/FIE63693.2025.11328194,https://www.webofscience.com/wos/woscc/full-record/WOS:001792342800067,adjacent-subtopic,"This full innovative practice paper describes a step-by-step translation process for loop construction that beginning programming students can follow. Loops in programming languages are difficult for beginning students to correctly construct. At their core, the idea is simple: repeat a given task until a condition is falsified. Loops, however, have multiple possible points of failure and opportunities for mistakes. Via a series of correctness-preserving transformations, students engage with an fully-mechanical translation pipeline that tries to removes many instances of failure and frustration when designing loops. We perform two evaluative studies on students from the CS1 and CS2 population at a large R1 midwestern university to test our methodology against the traditional approach to teaching loops in a second-semester computer science course. The first study emphasized translating tail recursive functions into loops. The second study, which builds upon the results from the first, moves students from a problem statement, a recursive function, then to its loop counterpart. The results from our first study indicate that our translation pipeline method improves students' success in translating tail recursive functions to equivalent loops. The results of our second study indicate that more students appear to enjoy the presentation of the translation pipeline versus others' attitudes toward the traditional means of learning loops. Combining these facts together can potentially imply that students who use the translation pipeline perform better at writing loops than those trained by traditional lectures.",wos,llm,0.780,unreviewed,
discarded,Optimizing Sparse Matrix-Vector Multiplication on GPUs using the Mathematics of Arrays,"Thomas, Stephen; Mullin, Lenore",2025,"2025 IEEE HIGH PERFORMANCE EXTREME COMPUTING CONFERENCE, HPEC",10.1109/HPEC67600.2025.11196568,https://www.webofscience.com/wos/woscc/full-record/WOS:001818668300082,off-topic-false-hit,"We present a Mathematics of Arrays (MoA) and.-calculus derivation of the memory-optimal operational normal form for ELLPACK sparse matrix-vector multiplication (SpMV) on GPUs. Under the standard row-parallel schedule, MoA shows that column-major ELLPACK is the unique axis permutation that places the lane-varying index innermost at linearization, thereby producing unit-stride streams for the value and index arrays and maximizing coalesced loads (Proposition 1). The derivation is explicitly schedule-aware and predicts the dual result that, for k-parallel kernels with intra-warp reduction in the padded column index, row-major becomes optimal by the same criterion. We further obtain a reshape-permute refinement (SELL- C with C equal to wavefront width) that bounds padding by slice-local maxima while preserving unit stride across lanes, and we identify a correctness-preserving row permutation that reduces the dispersion of vector gathers. These transformations are semantics-preserving in MoA and directly target the reduction of memory reads on AMD Instinct MI300X-class devices. The analysis provides a principled path to multiplicative speedups in language-model and biomolecular AI workloads, with immediate consequences for cost, energy, and reproducibility.",wos,llm,0.970,unreviewed,
discarded,Laws of Quantum Programming,"Ying, Mingsheng; Zhou, Li; Barthe, Gilles",2026,ACM TRANSACTIONS ON SOFTWARE ENGINEERING AND METHODOLOGY,10.1145/3765903,https://www.webofscience.com/wos/woscc/full-record/WOS:001847479500001,adjacent-subtopic,"In this article, we investigate the fundamental laws of quantum programming. We extend a comprehensive set of Hoare et al.'s basic laws of classical programming to the quantum setting. These laws characterise the algebraic properties of quantum programs, such as the distributivity of sequential composition over (quantum) if-statements and the unfolding of nested (quantum) if-statements. At the same time, we clarify some subtle differences between certain laws of classical programming and their quantum counterparts. Additionally, we derive a fixpoint characterisation of quantum while-loops and a loop-based realisation of tail recursion in quantum programming. Furthermore, we establish two normal form theorems: one for quantum circuits and one for finite quantum programs. The theory in which these laws are established is formalised in the Coq proof assistant, and all of these laws are mechanically verified. As an application case of our laws, we present a formal derivation of the principle of deferred measurements in dynamic quantum circuits. We expect that these laws can be utilised in correctness-preserving transformation, compilation and automatic code optimisation in quantum programming. In particular, because these laws are formally verified in Coq, they can be confidently applied in quantum programme development.",wos,llm,0.740,unreviewed,
