status,title,authors,year,venue,doi,url,tags,abstract,provider,decision_source,llm_confidence,llm_review_outcome,llm_change_direction
discarded,Online control of discrete-event systems: A survey,"Moulton, Richard Hugh; Rudie, Karen",2022,ANNUAL REVIEWS IN CONTROL,10.1016/j.arcontrol.2022.08.002,https://www.webofscience.com/wos/woscc/full-record/WOS:000883623400002,adjacent-subtopic,"In control theory, as in other areas of engineering research, there is an inherent tension between the breadth of a technique's applicability and its mathematical tractability. For the area of discrete-event systems (DES), this manifested itself in a theory of supervisory control that originally provided correct-by-construction guarantees for offline solutions to a restricted kind of deterministic process. Follow-on work extended the reach of these techniques to a number of new settings, notably the development of online control without sacrificing any of the original DES performance guarantees. The ability to enact online control opened the door to applying DES techniques to the adaptive control processes presented by modern technologies: processes with dynamic and time-varying natures, whose characteristics may be understood poorly or not at all. Although many works have built on the seminal work of online control in DES, we believe that these ideas have not reached their full potential due to the difficulty in translating them to adjacent fields. In this survey, we look back at 30 years of research concerning the online control of DES and closely related limited lookahead policies with an eye to making the works accessible to practitioners in the broader control theory and artificial intelligence communities. We conclude with some thoughts on future research directions for the further development and application of online DES control techniques to problems requiring intelligent control in our modern world.",wos,llm,0.950,unreviewed,
discarded,Compiling Quantamorphisms for the IBM Q Experience,"Neri, Ana; Barbosa, Rui Soares; Oliveira, Jose N.",2022,IEEE TRANSACTIONS ON SOFTWARE ENGINEERING,10.1109/TSE.2021.3117515,https://www.webofscience.com/wos/woscc/full-record/WOS:000881981800006,adjacent-subtopic,"Based on the connection between the categorical derivation of classical programs from specifications and a category-theoretic approach to quantum information, this paper contributes to extending the laws of classical program algebra to quantum programming. This aims at building correct-by-construction quantum circuits to be deployed on quantum devices such as those available through the IBM Q Experience. Reversibility is ensured by minimal complements. Such complementation is extended inductively to encompass catamorphisms on lists (vulgo folds), giving rise to the corresponding recursion scheme in reversible computation. The same idea is then applied to the setting of quantum programming, where computation is expressed by unitary transformations. This yields the notion of 'quantamorphism', a structural form of quantum recursion implementing cycles and folds on lists with quantum control flow. By Kleisli correspondence, quantamorphisms can be written as monadic functional programs with quantum parameters. This enables the use of Haskell, a monadic functional programming language, to perform the experimental work. Such calculated quantum programs prepared in Haskell are pushed through Quipper and the Qiskit interface to IBM Q quantum devices. The generated quantum circuits - often quite large - exhibit the predicted behaviour. However, running them on real quantum devices naturally incurs a significant amount of errors. As quantum technology is rapidly evolving, an increase in reliability is likely in the future, allowing for our programs to run more accurately.",wos,llm,0.930,unreviewed,
discarded,Efficient Safe Control via Deep Reinforcement Learning and Supervisory Control - Case Study on Multi-Robot,"Konishi, Masahiro; Sasaki, Tomotake; Cai, Kai",2022,IFAC PAPERSONLINE,10.1016/j.ifacol.2022.10.318,https://www.webofscience.com/wos/woscc/full-record/WOS:000877003700003,adjacent-subtopic,"Safe control has recently attracted much attention due to its applications in safetycritical cyber-physical systems. Supervisory control theory (SCT) is a formal control method that provides correct-by-construction safety certificates, but is computationally inefficient when the number of system components is large. On the other hand, deep reinforcement learning (DRL) provides a toolbox of efficient algorithms to compute control decisions even for very large state space, but does not always guarantee safety. In this paper, we propose to synergize SCT and DRL into a new efficient safe control approach. Specifically, we first employ DRL algorithms to efficiently compute sub-optimal solutions which may be unsafe; then we convert the obtained solutions into a standard supervisory control problem with an automaton (plant model) and a set of unsafe states (safety specification); finally we use SCT to synthesize a supervisor with a safety certificate. A case study of multi-robot warehouse logistic automation is conducted to demonstrate the efficiency of this proposed approach. Copyright (C) 2022 The Authors.",wos,llm,0.970,unreviewed,
discarded,Supervisory control of roadside units,"Verbakel, Jeroen J.; de Wael, Marc E. W. Vos; van de Mortel-Fronczak, Joanna M.; Fokkink, Wan J.; Rooda, Jacobus E.",2022,IFAC PAPERSONLINE,10.1016/j.ifacol.2022.10.327,https://www.webofscience.com/wos/woscc/full-record/WOS:000877003700012,adjacent-subtopic,"A third of the Dutch highways is monitored and controlled by roadside units. These RSUs are safety-critical systems, as they safeguard roadworks and accidents. Therefore, it is essential to have guarantees on the correctness of the roadside unit controller. Using supervisory control theory, a correct-by-construction supervisor is obtained from a model of the system and its requirements. From the supervisor model, a controller implementation can be obtained automatically.

There are many roadside units sharing the same basic components, but in different numbers and configurations. To take advantage of this, parametric models are used. Subsequently, these models can be used to create different models for different configurations of an roadside unit. The purpose of this paper is to show the applicability of supervisory control theory to roadside units. To this end, parametrized models of the components of an roadside unit are presented. The models are used to synthesize a supervisor for a specific roadside unit, which is validated using simulation. After validation, a controller implementation is generated from the supervisor model. The implementation is then validated using hardware-in-the-loop simulation. Copyright (C) 2022 The Authors.",wos,llm,0.970,unreviewed,
discarded,SketchLib: Enabling Efficient Sketch-based Monitoring on Programmable Switches,"Namkung, Hun; Liu, Zaoxing; Kim, Daehyeok; Sekar, Vyas; Steenkiste, Peter",2022,PROCEEDINGS OF THE 19TH USENIX SYMPOSIUM ON NETWORKED SYSTEMS DESIGN AND IMPLEMENTATION (NSDI '22),,https://www.webofscience.com/wos/woscc/full-record/WOS:000876762200043,adjacent-subtopic,"Sketching algorithms or sketches enable accurate network measurement results with low resource footprints. While emerging programmable switches are an attractive target to get these benefits, current implementations of sketches are either inefficient and/or infeasible on hardware. Our contributions in the paper are: (1) systematically analyzing the resource bottlenecks of existing sketch implementations in hardware; (2) identifying practical and correct-by-construction optimization techniques to tackle the identified bottlenecks; and (3) designing an easy-to-use library called SketchLib to help developers efficiently implement their sketch algorithms in switch hardware to benefit from these resource optimizations. Our evaluation on state-of-the-art sketches demonstrates that SketchLib reduces the hardware resource footprint up to 96% without impacting fidelity.",wos,llm,0.990,unreviewed,
discarded,Correct-By-Construction Design of Adaptive Cruise Control with Control Barrier Functions Under Safety and Regulatory Constraints,"Waqas, Muhammad; Murtaza, Muhammad Ali; Nuzzo, Pierluigi; Ioannou, Petros",2022,"2022 AMERICAN CONTROL CONFERENCE, ACC",,https://www.webofscience.com/wos/woscc/full-record/WOS:000865458704112,adjacent-subtopic,"The safety-critical nature of adaptive cruise control (ACC) systems calls for systematic design procedures, e.g., based on formal methods or control barrier functions (CBFs), to provide strong guarantees of safety and performance under all driving conditions. However, existing approaches have mostly focused on fully verified solutions under smooth traffic conditions, with the exception of stop-and-go scenarios. Systematic methods for high-performance ACC design under safety and regulatory constraints like traffic signals are still elusive. A challenge for correct-by-construction approaches based on CBFs stems from the need to capture the constraints imposed by traffic signals, which lead to candidate time-varying CBFs (TV-CBFs) with finite jump discontinuities in bounded time intervals. This paper addresses this challenge by showing how traffic signal constraints can be effectively captured in the form of piecewise continuously differentiable TV-CBFs, from which we can generate switching-based controllers that are guaranteed to be safe and comply with regulatory signals. Simulation results show the effectiveness of the proposed approach.",wos,llm,0.970,unreviewed,
discarded,Interval Observer Synthesis for Locally Lipschitz Nonlinear Dynamical Systems via Mixed-Monotone Decompositions,"Khajenejad, Mohammad; Shoaib, Fatima; Yong, Sze Zheng",2022,"2022 AMERICAN CONTROL CONFERENCE, ACC",,https://www.webofscience.com/wos/woscc/full-record/WOS:000865458702123,adjacent-subtopic,"This paper proposes a novel unified intervalvalued observer synthesis approach for locally Lipschitz nonlinear continuous-time (CT) and discrete-time (DT) systems with nonlinear observations. A key feature of our proposed observer, which is derived using mixed-monotone decompositions, is that it is correct by construction (i.e., the true state trajectory of the system is framed by the states of the observer) without the need for imposing additional constraints and assumptions such as global Lipschitz continuity or contraction, as is done in existing approaches in the literature. Furthermore, we derive sufficient conditions for designing stabilizing observer gains in the form of Linear Matrix Inequalities (LMIs). Finally, we compare the performance of our observer design with some benchmark CT and DT observers in the literature.",wos,llm,0.980,unreviewed,
kept,An Automatic Refinement for Event-B Through Annotated Temporal Logic Patterns,"Siala, Badr; Bhiri, Mohamed T.",2022,"COMPUTATIONAL COLLECTIVE INTELLIGENCE, ICCCI 2022",10.1007/978-3-031-16014-1_49,https://www.webofscience.com/wos/woscc/full-record/WOS:000871920200049,adjacent-subtopic,"Traditionally, formal methods have been mostly concerned by producing correct and certified code. Recently, the use of formal methods has shifted to requirements. Actually, formal methods are more and more used to formalize as well high level requirements as well as domain specific skills. In this paper, we investigate how patterns could be used in order to generate Event-B refinements automatically through DSL(s) for temporal, timed or distribution patterns. We are interested in behavioural patterns formalized as Buchi automata. One of our major concern is to produce Event-B machines such that the user can refine them further. Our ultimate goal is to produce certified code for distributed platforms starting from high level requirements.",wos,llm,0.720,unreviewed,
discarded,Safety Controller Synthesis for a Mobile Manufacturing Cobot,"Stefanakos, Ioannis; Calinescu, Radu; Douthwaite, James; Aitken, Jonathan; Law, James",2022,"SOFTWARE ENGINEERING AND FORMAL METHODS, SEFM 2022",10.1007/978-3-031-17108-6_17,https://www.webofscience.com/wos/woscc/full-record/WOS:000869782600017,adjacent-subtopic,"We present a case study in which probabilistic model checking has been used to synthesise the correct-by-construction safety controller for a mobile collaborative robot (cobot) deployed in a prototype manufacturing cell alongside a human operator. The case study used an ICONSYS iAM-R mobile cobot responsible for the execution of a complex machining process comprising tasks requiring the use of multiple machines at different locations within the cell. Within this process, the role of the safety controller was to ensure that the cobot carried out its tasks and movements between task locations without harming the human operator responsible for its supervision and for performing additional tasks. The paper describes our generalisable approach to synthesising the mobile cobot safety controller, and its evaluation using a digital twin of our experimental manufacturing cell at the University of Sheffield Advanced Manufacturing Research Centre in the UK.",wos,llm,0.960,unreviewed,
discarded,Randomized Synthesis for Diversity and Cost Constraints with Control Improvisation,"Gittis, Andreas; Vin, Eric; Fremont, Daniel J.",2022,"COMPUTER AIDED VERIFICATION (CAV 2022), PT II",10.1007/978-3-031-13188-2_26,https://www.webofscience.com/wos/woscc/full-record/WOS:000870310500026,adjacent-subtopic,"In many synthesis problems, it can be essential to generate implementations which not only satisfy functional constraints but are also randomized to improve variety, robustness, or unpredictability. The recently-proposed framework of control improvisation (CI) provides techniques for the correct-by-construction synthesis of randomized systems subject to hard and soft constraints. However, prior work on CI has focused on qualitative specifications, whereas in robotic planning and other areas we often have quantitative quality metrics which can be traded against each other. For example, a designer of a patrolling security robot might want to know by how much the average patrol time needs to be increased in order to ensure that a particular aspect of the robot's route is sufficiently diverse and hence unpredictable. In this paper, we enable this type of application by generalizing the CI problem to support quantitative soft constraints which bound the expected value of a given cost function, and randomness constraints which enforce diversity of the generated traces with respect to a given label function. We establish the basic theory of labelled quantitative CI problems, and develop efficient algorithms for solving them when the specifications are encoded by finite automata. We also provide an approximate improvisation algorithm based on constraint solving for any specifications encodable as Boolean formulas. We demonstrate the utility of our problem formulation and algorithms with experiments applying them to generate diverse near-optimal plans for robotic planning problems.",wos,llm,0.960,unreviewed,
discarded,Aster: A DSL for Engineering Self-Adaptive Systems,"Kachi, Fatma; Bouanaka, Chafia",2022,ADVANCES IN COMPUTING SYSTEMS AND APPLICATIONS,10.1007/978-3-031-12097-8_4,https://www.webofscience.com/wos/woscc/full-record/WOS:000866273500004,adjacent-subtopic,"Software systems are now expected to operate in uncertain and dynamic contexts with constantly changing operational conditions. In order to maintain the requisite Quality of Service (QoS), self-adaptation has been proposed as a realistic and effective way to deal with the rising complexity, unpredictability, and dynamics of these systems. Therefore, self-adaptive systems (SASs) engineering requires innovative modeling and development approaches as model-driven development concepts. Moreover, designing SAS using formal methods is very beneficial since it provides a foundation for ensuring that the specification and implementation are consistent. They represent a promising and effective method for rigorously specifying mathematical models of software systems and analyzing their behavior. However, adopting and applying formal models is a hard task because they require great expertise and face some reticence from designers. An easiest and more comprehensible domain-specific language (DSL) will contribute considerably to remediate these difficulties by automatically generating the underlying formal specifications. This paper presents a DSL for SASs modelling, called Aster. The language is used to define the architectural pieces of a SAS and their interrelationships. It mainly offers the necessary concepts to define the SLA to be maintained by a SAS and additional artifacts to manage the intended qualities. Aster also includes principles for defining SAS's behavioral components, such as identifying and applying adaptive actions. Furthermore, the precise definition of the modeling concepts via corresponding meta-models enables the system specification to be correct by construction.",wos,llm,0.900,unreviewed,
discarded,Hardening Attack Surfaces with Formally Proven Binary Format Parsers,"Swamy, Nikhil; Ramananandro, Tahina; Rastogi, Aseem; Spiridonova, Irina; Ni, Haobin; Malloy, Dmitry; Vazquez, Juan; Tang, Michael; Cardona, Omar; Gupta, Arti",2022,PROCEEDINGS OF THE 43RD ACM SIGPLAN INTERNATIONAL CONFERENCE ON PROGRAMMING LANGUAGE DESIGN AND IMPLEMENTATION (PLDI '22),10.1145/3519939.3523708,https://www.webofscience.com/wos/woscc/full-record/WOS:000850435600003,adjacent-subtopic,"With an eye toward performance, interoperability, or legacy concerns, low-level system software often must parse binary encoded data formats. Few tools are available for this task, especially since the formats involve a mixture of arithmetic and data dependence, beyond what can be handled by typical parser generators. As such, parsers are written by hand in languages like C, with inevitable errors leading to security vulnerabilities.

Addressing this need, we present EVERPARSE3D, a parser generator for binary message formats that yields performant C code backed by fully automated formal proofs of memory safety, arithmetic safety, functional correctness, and even double-fetch freedom to prevent certain kinds of time-ofcheck/time-of-use errors. This allows systems developers to specify their message formats declaratively and to integrate correct-by-construction C code into their applications, eliminating several classes of bugs.

EVERPARSE3D has been in use in the Windows kernel for the past year. Applied primarily to the Hyper-V network virtualization stack, the formats of nearly 100 different messages spanning four protocols have been specified in EverParse3D and the resulting formally proven parsers have replaced prior handwritten code. We report on our experience in detail.",wos,llm,0.970,unreviewed,
discarded,Relational Compilation for Performance-Critical Applications Extensible Proof-Producing Translation of Functional Models into Low-Level Code,"Pit-Claudel, Clement; Philipoom, Jade; Jamner, Dustin; Erbsen, Andres; Chlipala, Adam",2022,PROCEEDINGS OF THE 43RD ACM SIGPLAN INTERNATIONAL CONFERENCE ON PROGRAMMING LANGUAGE DESIGN AND IMPLEMENTATION (PLDI '22),10.1145/3519939.3523706,https://www.webofscience.com/wos/woscc/full-record/WOS:000850435600061,adjacent-subtopic,"There are typically two ways to compile and run a purely functional program verified using an interactive theorem prover (ITP): automatically extracting it to a similar language (typically an unverified process, like Coq to OCaml) or manually proving it equivalent to a lower-level reimplementation (like a C program). Traditionally, only the latter produced both excellent performance and end-to-end proofs.

This paper shows how to recast program extraction as a proof-search problem to automatically derive correct-by-construction, high-performance code from purely functional programs. We call this idea relational compilation-it extends recent developments with novel solutions to loop-invariant inference and genericity in kinds of side effects.

Crucially, relational compilers are incomplete, and unlike traditional compilers, they generate good code not because of a fixed set of clever built-in optimizations but because they allow experts to plug in domain-specific extensions that give them complete control over the compiler's output.

We demonstrate the benefits of this approach with Rupicola, a new compiler-construction toolkit designed to extract fast, verified, idiomatic low-level code from annotated functional models. Using case studies and performance benchmarks, we show that it is extensible with minimal effort and that it achieves performance on par with that of handwritten C programs.",wos,llm,0.950,unreviewed,
