status,title,authors,year,venue,doi,url,tags,abstract,provider,decision_source,llm_confidence,llm_review_outcome,llm_change_direction
discarded,Application of Near-Infrared Topology Method in the Quality Analysis of Jujube of Southern Xinjiang,Luo Hua-ping; Lu Qi-peng,2012,SPECTROSCOPY AND SPECTRAL ANALYSIS,10.3964/j.issn.1000-0593(2012)03-0655-05,https://www.webofscience.com/wos/woscc/full-record/WOS:000301329300019,off-topic-false-hit,"In the present paper, both the physical characteristics and spectral signatures of southern Xinjiang jujube were studied. With the methods of repetitive adjustment and stepwise refinement, the analysis diagram of jujube quality subdivision and characteristic factors were obtained. In actual practice, the spectra repeatability and quality can be improved by setting an optimum acquisition parameter according to different experimental requirements. Through experiments the characteristic factors of crack browning, luster and compositions were obtained, which demonstrates a distinguishing downing characteristic spectral line at the wave number of 10 170 cm(-1). Through characteristic analysis of jujube NIR spectra, the correspondence between the jujube spectra and their qualities was established, which lays the foundation for jujube qualities' characteristic coding in the future. The application of near-infrared topology method in the quality analysis of southern Xinjiang jujube is cost saving, which has a broad application prospect in establishing the NIR analytical standard and model database sharing of the jujube's quality in the future.",wos,llm,0.990,unreviewed,
kept,Bounded Retransmission in Event-B||CSP: a Case Study,"Schneider, Steve; Treharne, Helen; Wehrheim, Heike",2011,ELECTRONIC NOTES IN THEORETICAL COMPUTER SCIENCE,10.1016/j.entcs.2011.11.019,https://www.webofscience.com/wos/woscc/full-record/WOS:000216917200007,supports-claim,"Event-B vertical bar vertical bar CSP is a combination of Event-B and CSP in which CSP controllers are used in conjunction with Event-B machines to allow a more explicit approach to control flow. Recent results have provided an approach to stepwise refinement of such combinations. This paper presents a simplified Bounded Retransmission Protocol case study, inspired by Abrial's treatment of this example, to illustrate several aspects new in the approach. The case study includes refinement steps to illustrate four different aspects of this approach to refinement: (1) splitting events; (2) introducing convergent looping behaviour; (3) the relationship between anticipated, convergent, and devolved events; and (4) converging anticipated events.",wos,llm,0.870,unreviewed,
kept,Proving Reachability in B using Substitution Refinement,"Frappier, Marc; Diagne, Fama; Mammar, Amel",2011,ELECTRONIC NOTES IN THEORETICAL COMPUTER SCIENCE,10.1016/j.entcs.2011.11.017,https://www.webofscience.com/wos/woscc/full-record/WOS:000216917200005,supports-claim,"This paper proposes an approach to prove reachability properties of the form AG (psi double right arrow EF phi) using substitution refinement in classical B. Such properties denote that there exists an execution path for each state satisfying psi to a state satisfying phi. These properties frequently occur in security policies and information systems. We show how to use Morgan's specification statement to represent a property and refinement laws to prove it. The idea is to construct by stepwise refinement a program whose elementary statements are operation calls. Thus, the execution of such a program provides an execution satisfying AG (psi double right arrow EF phi). Proof obligations are represented using assertions (ASSERTIONS clause of B) and can be discharged using Atelier B.",wos,llm,0.910,unreviewed,
discarded,Soundness-Preserving Refinements of Service Compositions,"van Hee, Kees M.; Mooij, Arjan J.; Sidorova, Natalia; van der Werf, Jan Martijn",2011,WEB SERVICES AND FORMAL METHODS,,https://www.webofscience.com/wos/woscc/full-record/WOS:000296679200009,adjacent-subtopic,"Soundness is one of the well-studied properties of processes; it denotes that a final state can be reached from every state that is reachable from the initial state. Soundness-preserving refinements are important for enabling the compositional design of systems.

In this paper we concentrate on refinements of service compositions. We model service compositions using Petri nets, and consider specific pairs of places that belong to different services. Starting from a sound service composition, we show how to check whether such a pair of places can be refined by another sound service composition, so that soundness is preserved through the refinement.",wos,llm,0.930,unreviewed,
discarded,HSM-based Change Impact Analysis of Object-Oriented Java Programs,Sun Xiaobing; Li Bixin; Tao Chuanqi; Zhang Sai,2011,CHINESE JOURNAL OF ELECTRONICS,,https://www.webofscience.com/wos/woscc/full-record/WOS:000291178100011,off-topic-false-hit,"Small changes to software are sometimes likely to cause unpredicted and negative effects on other parts of the software, especially for object-oriented Java programs due to the complicated relations between their components. Software Change impact analysis (CIA) is a key technique for identifying these potential effects. Most existing CIA techniques focus on method level without considering various changes at different granularity levels. In this article, we propose a new CIA technique, HSMImpact, which is performed in three steps: firstly, hierarchical change sets are defined at different granularity levels; then a CIA process is promoted based on the Hierarchical slicing model (HSM) technology; finally Hierarchical impact sets (HIS) are computed from package-level to statement-level, which show that precision can be improved at finer granularity level. Preliminary case studies demonstrate the effectiveness of our technique.",wos,llm,0.980,unreviewed,
discarded,Multi-dimensional Resilient Statistical En-Route Filtering in Wireless Sensor Networks,"Yang, Feng; Zhou, Xuehai; Zhang, Qiyuan",2011,JOURNAL OF INTERNET TECHNOLOGY,,https://www.webofscience.com/wos/woscc/full-record/WOS:000287064400009,off-topic-false-hit,"En-route filtering is an effective way to defeat false data injection attacks. Different from traditional one-dimensional en-route filtering mechanisms, we propose a multi-dimensional resilient statistical en-route filtering mechanism (MDSEF). In MDSEF, the overall key pool is divided into multiple sets and each set is composed then of a number of groups where each group is composed of a number of keys. Each node could join one group in each set and obtain some keys from these groups. Since each node obtains keys from multiple groups, the covering performance and filtering effectiveness of the mechanism can be improved simultaneously. An axis-rotation method is proposed to associate the terrain with multiple sets and implement location-based key derivation. Moreover, a stepwise refinement distributed group joining method is proposed for nodes' group selection. Analysis and simulation results show that MDSEF could significantly improve the covering performance and filtering effectiveness without losing the resiliency against node compromise.",wos,llm,0.980,unreviewed,
discarded,The Earlier the Better: A Theory of Timed Actor Interfaces,"Geilen, Marc; Tripakis, Stavros; Wiggers, Maarten",2011,HSCC 11: PROCEEDINGS OF THE 14TH INTERNATIONAL CONFERENCE ON HYBRID SYSTEMS: COMPUTATION AND CONTROL,,https://www.webofscience.com/wos/woscc/full-record/WOS:000290062600004,adjacent-subtopic,"Programming embedded and cyber-physical systems requires attention not only to functional behavior and correctness, but also to non-functional aspects and specifically timing and performance. A structured, compositional, model-based approach based on stepwise refinement and abstraction techniques can support the development process, increase its quality and reduce development time through automation of synthesis, analysis or verification. Toward this, we introduce a theory of timed actors whose notion of refinement is based on the principle of worst-case design that permeates the world of performance-critical systems. This is in contrast with the classical behavioral and functional refinements based on restricting sets of behaviors. Our refinement allows time-deterministic abstractions to be made of time-non-deterministic systems, improving efficiency and reducing complexity of formal analysis. We show how our theory relates to, and can be used to reconcile existing time and performance models and their established theories.",wos,llm,0.820,unreviewed,
kept,Tools and Behavioral Abstraction: A Direction for Software Engineering,"Leino, K. Rustan M.",2011,FUTURE OF SOFTWARE ENGINEERING,10.1007/978-3-642-15187-3_7,https://www.webofscience.com/wos/woscc/full-record/WOS:000395364800007,supports-claim,"As in other engineering professions, software engineers rely on tools. Such tools can analyze program texts and design specifications more automatically and in more detail than ever before. While many tools today are applied to find new defects in old code, I predict that more software-engineering tools of the future will be available to software authors at the time of authoring. If such analysis tools can be made to be fast enough and easy enough to use, they can help software engineers better produce and evolve programs.

A programming language shapes how software engineers approach problems. Yet the abstraction level of many popular languages today is not much higher than that of C programs several decades ago. Moreover, the abstraction level is the same throughout the program text, leaving no room for behavioral abstraction where the design of a program is divided up into stages that gradually introduce more details. A stronger arsenal of analysis tools can enable languages and development environments to give good support for behavioral abstraction.",wos,llm,0.840,unreviewed,
discarded,Model-Based Evaluation of Avionics Maintenance and Logistics Processes,"Zerbe, Volker; Schulz, Mario; Zimmermann, Armin; Marwedel, Stephan",2010,"2010 IEEE INTERNATIONAL CONFERENCE ON SYSTEMS, MAN AND CYBERNETICS (SMC 2010)",,https://www.webofscience.com/wos/woscc/full-record/WOS:000287606400060,adjacent-subtopic,"Model-based design using executable models has the potential to increase system design efficiency and accuracy significantly. In the paper we present an industrial application which covers system design issues in the area of avionics and airline operation, especially taking into account maintenance and logistics operations and their impact on fleet availability. Such a complex system needs to be modeled on a very abstract level of detail in the early phases of design, and undergoes a stepwise refinement throughout the further development. Executability of a model ensures that the model is a behavioral specification, and allows simulation runs for a performance evaluation of design alternatives. Decisions can thus be made with more confidence. We use the software tool MLDesigner in the paper, which is capable of modeling an evaluating hierarchical multi-domain models of complex systems. Different models of computation for submodels can be mixed, and an extensive library of predefined modules is available. We present parts of an abstract airline model from an ongoing project, which is used to evaluate, among others, resource availabilities.",wos,llm,0.760,unreviewed,
kept,Formal development of fault tolerant parallel systems,"Troubitsyna, Elena A.",2010,"IMCIC 2010: INTERNATIONAL MULTI-CONFERENCE ON COMPLEXITY, INFORMATICS AND CYBERNETICS, VOL II",,https://www.webofscience.com/wos/woscc/full-record/WOS:000391416900021,supports-claim,"Ensuring dependability of parallel systems is a complex task. Since parallel systems are usually large, testing and state exploring approaches are often inadequate for guarantying high degree of dependability. In this paper we propose a formal approach to developing fault tolerant parallel systems correct by construction. The approach is based on the action systems formalism and stepwise refinement. Application of the proposed approach allows us to achieve correct implementation of fault tolerance mechanisms in large parallel systems.",wos,llm,0.890,unreviewed,
discarded,Hierarchical states in the Compositional Interchange Format,"Beohar, H.; Agut, D. E. Nadales; van Beek, D. A.; Cuijpers, P. J. L.",2010,ELECTRONIC PROCEEDINGS IN THEORETICAL COMPUTER SCIENCE,10.4204/EPTCS.32.4,https://www.webofscience.com/wos/woscc/full-record/WOS:000219473300005,adjacent-subtopic,"CIF is a language designed for two purposes, namely as a specification language for hybrid systems and as an interchange format for allowing model transformations between other languages for hybrid systems. To facilitate the top-down development of a hybrid system and also to be able to express models more succinctly in the CIF formalism, we need a mechanism for stepwise refinement. In this paper, we add the notion of hierarchy to a subset of the CIF language, which we call hCIF(subset of) The semantic domain of the CIF formalism is a hybrid transition system, constructed using structural operational semantics. The goal of this paper is to present a semantics for hierarchy in such a way that only the SOS rules for atomic entities in hCIF(subset of) are redesigned in comparison to CIF. Furthermore, to be able to reuse existing tools like simulators of the CIF language, a procedure to eliminate hierarchy from an automaton is given.",wos,llm,0.850,unreviewed,
kept,Validation of Stepwise Refinement with Test Cases Generated from Formal Specification,"Yamada, Shinya; Keijiro, Araki; Kusakabe, Shigeru; Omori, Yoichi",2010,TENCON 2010: 2010 IEEE REGION 10 CONFERENCE,,https://www.webofscience.com/wos/woscc/full-record/WOS:000287978600413,supports-claim,"In software development, there is a problem that development cost increases by back track when bugs which are included in the phase of requirement definition are found in the after phases. As an effective method to solve the problem, we have a method with a formal specification language for requirement. A formal specification language can describe the functional requirement exactly with mathematical in and verifies the specification with tools. In formal method, we change the specification in a formal specification to executable program with stepwise refinement. At stepwise refinement step, we find bugs by proof of the specification. Herewith, we can get the program of the high level reliability. But, it is expensive to develop with proof. There is a method to verify specification with test cases generated by manpower. But, there are possibilities of including bugs in specification because of generating by manpower. We propose the method to validate stepwise refinement with lightweight method. We generate test cases from formal specification in VDM-SL before refinement, and test the specification after refinement. With this validation method, it is possible to validate of refinement focused state transition model. We implemented test case generator tool whose test case is executed with VDMUnit and VDMTools. We can confirm the availability of the validation of refinement with test case generator tool we implemented.",wos,llm,0.870,unreviewed,
kept,Developing Security Protocols by Refinement,"Sprenger, Christoph; Basin, David",2010,PROCEEDINGS OF THE 17TH ACM CONFERENCE ON COMPUTER AND COMMUNICATIONS SECURITY (CCS'10),,https://www.webofscience.com/wos/woscc/full-record/WOS:000397418100032,supports-claim,"We propose a development method for security protocols based on stepwise refinement. Our refinement strategy guides the transformation of abstract security goals into protocols that are secure when operating over an insecure channel controlled by a Dolev-Yao-style intruder. The refinement steps successively introduce local states, an intruder, communication channels with security properties, and cryptographic operations realizing these channels. The abstractions used provide insights on how the protocols work and foster the development of families of protocols sharing a common structure and properties. In contrast to post-hoc verification methods, protocols are developed together with their correctness proofs. We have implemented our method in Isabelle/HOL and used it to develop different entity authentication and key transport protocols.",wos,llm,0.930,unreviewed,
kept,The Thousand-and-One Cryptographers,"McIver, A. K.; Morgan, C. C.",2010,REFLECTIONS ON THE WORK OF C A R HOARE,10.1007/978-1-84882-912-1_12,https://www.webofscience.com/wos/woscc/full-record/WOS:000395597200012,supports-claim,"Chaum's Dining Cryptographers protocol crystallises the essentials of security just as other famous diners once demonstrated deadlock and livelock: it is a benchmark for security models and their associated verification methods.

Here we give a correctness proof of the Cryptographers in a new style, one in which stepwise refinement plays a prominent role. Furthermore, our proof applies to arbitrarily many diners: that is unusually general.

The proof is based on the Shadow Security Model, which integrates non-interference and program refinement: with it, we try to make a case that stepwise development of security protocols is not only possible but also actually to be recommended. It benefits from more than 3 decades of experience of how layers of abstraction can both simplify the design process and make its outcomes more likely to be correct.",wos,llm,0.900,unreviewed,
discarded,Design and Verification of Systems with Exogenous Coordination Using Vereofy,"Baier, Christel; Blechmann, Tobias; Klein, Joachim; Klueppelholz, Sascha; Leister, Wolfgang",2010,"LEVERAGING APPLICATIONS OF FORMAL METHODS, VERIFICATION, AND VALIDATION, PT II",,https://www.webofscience.com/wos/woscc/full-record/WOS:000289492800015,adjacent-subtopic,"The feasibility of formal methods for the analysis of complex systems crucially depends on a modeling framework that supports compositional design, stepwise refinement and abstractions. An important feature is the clear separation of coordination and computation which permits to apply various verification techniques for the computation performed by components and interactions as well as dependencies between the components. We report here on a model-checking approach using the tool Vereofy that is based on an exogenous coordination model, where the components are represented by their behavioral interfaces. Vereofy supports the verification of the components and their communication structure. Our approach is illustrated by means of a case study with a sensor network where Vereofy has been used to establish several properties of the sensor nodes and their routing procedures.",wos,llm,0.800,unreviewed,
discarded,Process Choreography Modeling,"Barros, Alistair; Hettel, Thomas; Flender, Christian",2010,"HANDBOOK ON BUSINESS PROCESS MANAGEMENT 1: INTRODUCTION, METHODS, AND INFORMATION SYSTEMS",10.1007/978-3-642-00416-2_12,https://www.webofscience.com/wos/woscc/full-record/WOS:000282018500012,adjacent-subtopic,"A significant development in business process modeling over recent years has involved the B2B choreography perspective, where message exchanges between collaborating partners are explicitly captured. Most of the proposals to date have focused on how message exchanges can be captured through a shared, global perspective between collaborating partners and used to enforce the ordering of individual message send and receive tasks within the processes of the partners. In the wider setting of analysis and design, the B2B perspective represents an important context through which requirements for information systems and their business processes are elicited, as seen through numerous informal methods and techniques. In this chapter, we address the gap between high-level analysis and detailed design concerning the B2B context, proposing extensions for choreography languages to allow for modeling of this context to be seamless across the analysis and design phases. Based on an example taken from the supply chain management domain, we identify three important requirements for extensions:functional scoping of different areas concerning a domain, which can then be modeled and related to each other in isolation; stepwise refinement of choreography models, reminiscent of classical analysis techniques; and the introduction of conversation semantics expressing the intent of logically related message exchanges of choreographies. Accordingly, we propose extensions to choreography modeling and an improved analysis of requirements, such as breakdowns in negotiations that take place between collaborating partners, using an adaptation of BPMN.",wos,llm,0.770,unreviewed,
