status,title,authors,year,venue,doi,url,tags,abstract,provider,decision_source,llm_confidence,llm_review_outcome,llm_change_direction
discarded,Robust top-down and bottom-up visual saliency for mobile robots using bio-inspired design principles.,Uziel Jaramillo-Avila; Jonathan M. Aitken; Kevin N. Gurney; Sean R. Anderson,2021,IROS,10.1109/IROS51168.2021.9636800,https://dblp.org/rec/conf/iros/Jaramillo-Avila21,off-topic-false-hit,"Modern camera systems in robotics tend to pro-duce overwhelming amounts of visual information due to their high resolutions and high frame rates. This raises a fundamental question of how robots should focus attention on a region of the visual scene, and how they should process information in the periphery. This is particularly an issue for mobile robots, where the computational resources of low-power embedded computing boards tend to be much less than for workstations. In this paper, we look to biological design in the primate brain for inspiration on how to solve this problem. We develop a novel computational fusion of bottom-up and top-down visual saliency information. The bottom-up saliency is produced using standard colour, intensity, and motion image processing methods. The top-down saliency is produced using a deep convolutional neural network for object detection and recognition, with foveated images for computational efficiency. Regions of attention are obtained using a computational model of the basal ganglia, thought to be involved in optimal decision making. The model of the basal ganglia is based on the multi-hypothesis sequential probability ratio test (MSPRT). The visual saliency scheme is evaluated on omnidirectional video feed highlighting a proximity to human behaviour.",dblp,llm,0.990,unreviewed,
discarded,Bottom-Up and Top-Down Neural Processing Systems Design: Neuromorphic Intelligence as the Convergence of Natural and Artificial Intelligence.,Charlotte Frenkel; David Bol; Giacomo Indiveri,2021,CoRR,,https://dblp.org/rec/journals/corr/abs-2106-01288,adjacent-subtopic,,dblp,llm,0.920,unreviewed,
discarded,Understanding top-down attention using task-oriented ablation design.,Freddie Bickford Smith; Brett D. Roads; Xiaoliang Luo; Bradley C. Love,2021,CoRR,,https://dblp.org/rec/journals/corr/abs-2106-11339,off-topic-false-hit,,dblp,llm,0.980,unreviewed,
discarded,Bottom-up and top-down neuromorphic processor design: Unveiling roads to embedded cognition.,Charlotte Frenkel,2020,,,https://dblp.org/rec/phd/basesearch/Frenkel20,adjacent-subtopic,,dblp,llm,0.900,unreviewed,
discarded,Judiciously Spreading Approximation Among Arithmetic Components with Top-Down Inexact Hardware Design.,Giovanni Ansaloni; Ilaria Scarabottolo; Laura Pozzi 0001,2020,ARC,10.1007/978-3-030-44534-8_2,https://dblp.org/rec/conf/arc/AnsaloniSP20,off-topic-false-hit,"Approximate logic synthesis is emerging as a promising avenue towards the development of efficient and high performance digital designs. Indeed, effective methodologies for the inexact simplification of arithmetic circuits have been introduced in recent years. Nonetheless, strategies enabling the integration of multiple approximate components to realise complex approximate hardware modules, able to maximise gains while controlling ensuing Quality-of-Service degradations, are still in their infancy. Against this backdrop, we herein describe a methodology to automatically distribute the error leeway assigned to a hardware design among its constituent operators. Our strategy is able to identify high-quality trade-offs among resource requirements, performance and exactness in digital implementations, across applications belonging to different domains, and without restrictions on the type and bit-width of their approximable arithmetic components.",dblp,llm,0.980,unreviewed,
discarded,A Top-Down Design Methodology for Synthesizing FPGA Fabrics Using Standard ASIC Flow.,Prashanth Mohan; Oguz Atli; Onur O. Kibar; Ken Mai,2020,FPGA,10.1145/3373087.3375383,https://dblp.org/rec/conf/fpga/MohanAKM20,off-topic-false-hit,"Design methodologies for synthesizing FPGA fabrics presented in the literature typically employ a bottom-up approach wherein individual tiles are synthesized in isolation and later stitched together to generate the large FPGA fabric. However, using a bottom-up methodology to ensure fabric-level performance targets is challenging due to the lack of a global timing view across multiple tiles spanning the FPGA fabric. While previous works address this problem with a combination of manual buffering and floorplanning, these additional steps introduce significant deviations from standard push-button ASIC flows. In this paper, a top-down synthesis methodology is proposed, which eliminates the need for floorplanning and manual buffering by providing a global timing view of the FPGA fabric. To evaluate the proposed design methodology, we developed an FPGA fabric generator using the Chisel hardware construction language. The fabric generator reads in the Verilog-to-Routing architecture file, describing the user-defined FPGA fabric, and generates the Verilog netlist and timing exceptions required to automatically place and route the FPGA fabric in any technology node with a standard cell library. Post layout timing analysis of placed and routed FPGA fabrics on a 28nm industrial CMOS process demonstrates that the top-down methodology can place and route fabrics without the need for any manual buffering or floorplanning while providing ~20% average improvement in performance across multiple benchmark designs.",dblp,llm,0.990,unreviewed,
discarded,A Top-Down Approach for Low Noise Amplifier Design using Verilog-A.,Renzo Nicolas Alsim; Anastacia Ballesil-Alvarez; Maria Theresa G. de Leon; Marc D. Rosales; Maria Patricia Rouelli Sabino-Santos; Christopher Santos; John Richard E. Hizon,2020,ISOCC,10.1109/ISOCC50952.2020.9333033,https://dblp.org/rec/conf/isocc/AlsimBLRSSH20,off-topic-false-hit,"A 2.4 GHz low noise amplifier (LNA) was designed in a 65nm CMOS process using a top-down design methodology. The gain, noise, linearity, and power consumption of the LNA were modeled using Verilog-A. The model provides an overview of the performance trade-offs along with the biasing and sizing parameters that satisfy a target specification. The designed LNA was measured to have a voltage gain of 18.56 dB, a noise figure of 0.94 dB, an IIP3 of -8.01 dBm, and a power consumption of 3.79 mW.",dblp,llm,0.990,unreviewed,
kept,A case study of systematic top-down design of cyber-physical models with integrated validation and formal verification.,Christoph Luckeneder; Hermann Kaindl,2019,SAC,10.1145/3297280.3297460,https://dblp.org/rec/conf/sac/LuckenederK19,supports-claim,"Abstract models are required to handle the complexity for designing and verifying large-scale systems. An open problem is to consistently and systematically derive a more concrete model from an abstract model with regard to verification of its behavior against certain properties. Based on our recently proposed workflow for systematic top-down design of models of a Cyber-physical System (CPS), we present an in-depth case study of Adaptive Cruise Control (ACC). It includes both verification through model checking and validation in the sense that a refined model is checked for its fit with reality. This approach works top-down for designing a concrete model by starting from an abstract model. The resulting concrete model was validated and indirectly verified in this case study. In addition, we made a cross-check by verifying it directly on the concrete level. Hence, our case study provides some empirical evidence on the feasibility of this new workflow for top-down design of models.",dblp,llm,0.840,unreviewed,
discarded,Symbolic Top-down Design Methodology of a Quadrature Bandpass Delta Sigma Modulator.,Oner Hanay; Renato Negra,2019,SMACD,10.1109/SMACD.2019.8795269,https://dblp.org/rec/conf/smacd/HanayN19,off-topic-false-hit,"This paper introduces a systematic top down design methodology for quadrature delta sigma modulators. The symbolic analyses of the modulator enables a systematic and mathematical design flow. Two different 3rd order feed-forward quadrature delta sigma modulators with a 3-level quantization are implemented. Where one is optimized to deliver best SNR in the signal band and the other designed to cancel signal and noise power at the image frequency. The calculated performance of the modulators in verified by a FPGA-based implementation and spectrum measurements. Both modulators are implemented on a FPGA. The measurements show great accuracy of the proposed design flow delivering 60 dB and 46 dB SNR in the passband. Furthermore, the symbolic design flow is used to calculate the effect of the quantization and mismatch of the coefficients which is conventionally done by time-consuming transient simulations.",dblp,llm,0.990,unreviewed,
discarded,Is software the result of top-down intelligent design or evolution?,Edward A. Lee,2018,Commun. ACM,10.1145/3213763,https://dblp.org/rec/journals/cacm/Lee18,adjacent-subtopic,Considering the potential danger to individuals of rapid coevolution.,dblp,llm,0.710,unreviewed,
discarded,Simplifying low-power SoC top-down design using the system-level abstraction and the increased automation.,Dominik Macko; Katarína Jelemenská; Pavel Cicák,2018,Integr.,10.1016/J.VLSI.2018.06.001,https://dblp.org/rec/journals/integration/MackoJC18,off-topic-false-hit,"Abstract Since power is the key aspect in modern systems on chips, many power-reduction techniques are adopted in the design process, mostly applied through power management. Its standard specification lacks the abstraction required by complex designs and therefore becomes difficult and error-prone. In this work, higher abstraction is introduced into the power-management specification and it is integrated with the functional model of the system. It simplifies the specification approximately 16.8 times and enables the automatic generation and verification of the equivalent standard specification. The error-prone nature of the power-management specification is thus alleviated and the difficult verification process is relieved.",dblp,llm,0.980,unreviewed,
discarded,Interleaved Training and Training-Based Transmission Design for Hybrid Massive Antenna Downlink.,Cheng Zhang 0004; Yindi Jing; Yongming Huang 0001; Luxi Yang,2018,IEEE J. Sel. Top. Signal Process.,10.1109/JSTSP.2018.2818648,https://dblp.org/rec/journals/jstsp/ZhangJHY18,off-topic-false-hit,"In this paper, we study the beam-based training design jointly with the transmission design for hybrid massive antenna single-user (SU) and multiple-user (MU) systems where outage probability is adopted as the performance measure. For SU systems, we propose an interleaved training design to concatenate the feedback and training procedures, thus making the training length adaptive to the channel realization. Exact analytical expressions are derived for the average training length and the outage probability of the proposed interleaved training. For MU systems, we propose a joint design for the beam-based interleaved training, beam assignment, and MU data transmissions. Two solutions for the beam assignment are provided with different complexity-performance tradeoff. Analytical results and simulations show that for both SU and MU systems, the proposed joint training and transmission designs achieve the same outage performance as the traditional full-training scheme but with significant saving in the training overhead.",dblp,llm,1.000,unreviewed,
kept,A synchronous program algebra: a basis for reasoning about shared-memory and event-based concurrency,"Hayes, Ian J.; Meinicke, Larissa A.; Winter, Kirsten; Colvin, Robert J.",2019,FORMAL ASPECTS OF COMPUTING,10.1007/s00165-018-0464-4,https://www.webofscience.com/wos/woscc/full-record/WOS:000466749400002,supports-claim,"In this paper we introduce an abstract algebra for reasoning about concurrent programs, that includes an abstract algebra of atomic steps, with sub-algebras of program and environment steps, and an abstract synchronisation operator. We show how the abstract synchronisation operator can be instantiated as a synchronous parallel operator with interpretations in rely-guarantee concurrency for shared-memory systems, and in process algebras CCS and CSP. It is also instantiated as a weak conjunction operator, an operator that is useful for the specification of rely and guarantee conditions in rely/guarantee concurrency. The main differences between the parallel and weak conjunction instantiations of the synchronisation operator are how they combine individual atomic steps. Lemmas common to these different instantiations are proved once using the axiomatisation of the abstract synchronous operator. Using the sub-algebras of program and environment atomic steps, rely and guarantee conditions, as well as Morgan-style specification commands, are defined at a high-level of abstraction in the program algebra. Lifting these concepts from rely/guarantee concurrency to a higher level of abstraction makes them more widely applicable. We demonstrate the practicality of the algebra by showing how a core law from rely-guarantee theory, the parallel introduction law, can be abstracted and verified easily in the algebra. In addition to proving fundamental properties for reasoning about concurrent shared-variable programs, the algebra is instantiated to prove abstract process synchronisation properties familiar from the process algebras CCS and CSP. The algebra has been encoded in Isabelle/HOL to provide a basis for tool support for concurrent program verification based on the rely/guarantee technique. It facilitates simpler, more general, proofs that allow a higher level of automation than what is possible in low-level, model-specific interpretations.",wos,llm,0.800,unreviewed,
kept,Refinement to Certify Abstract Interpretations: Illustrated on Linearization for Polyhedra,"Boulme, Sylvain; Marechal, Alexandre",2019,JOURNAL OF AUTOMATED REASONING,10.1007/s10817-018-9492-2,https://www.webofscience.com/wos/woscc/full-record/WOS:000462470500004,supports-claim,"Our concern is the modular development of a certified static analyzer in the Coq proof assistant. We focus on the extension of the Verified Polyhedra Librarya certified abstract domain of convex polyhedrawith a linearization procedure to handle polynomial guards. Based on ring rewriting strategies and interval arithmetic, this procedure partitions the variable space to infer precise affine terms which over-approximate polynomials. In order to help formal development, we propose a proof framework, embedded in Coq, that implements a refinement calculus. It is dedicated to the certification of parts of the analyzerlike our linearization procedurewhose correctness does not depend on the implementation of the underlying certified abstract domain. Like standard refinement calculi, it introduces data-refinement diagrams. These diagrams relate abstract states computed by the analyzer to concrete states of the input program. However, our notions of specification and implementation are exchanged w.r.t. standard uses: the specification (computing on concrete states) refines the implementation (computing on abstract states). Our stepwise refinements of specifications hide several low-level aspects of the computations on abstract domains. In particular, they ignore that the latter may use hints from external untrusted imperative oracles (e.g. a linear programming solver). Moreover, refinement proofs are naturally simplified thanks to computations of weakest preconditions. Using our refinement calculus, we elegantly define our partitioning procedure with a continuation-passing style, thus avoiding an explicit datatype of partitions. This illustrates that our framework is convenient to prove the correctness of such higher-order imperative computations on abstract domains.",wos,llm,0.870,unreviewed,
kept,Cylindric Kleene Lattices for Program Construction,"Dongol, Brijesh; Hayes, Ian; Meinicke, Larissa; Struth, Georg",2019,MATHEMATICS OF PROGRAM CONSTRUCTION,10.1007/978-3-030-33636-3_8,https://www.webofscience.com/wos/woscc/full-record/WOS:000716932700008,supports-claim,"Cylindric algebras have been developed as an algebraisation of equational first order logic. We adapt them to cylindric Kleene lattices and their variants and present relational and relational fault models for these. This allows us to encode frames and local variable blocks, and to derive Morgan's refinement calculus as well as an algebraic Hoare logic for while programs with assignment laws. Our approach thus opens the door for algebraic calculations with program and logical variables instead of domain-specific reasoning over concrete models of the program store. A refinement proof for a small program is presented as an example.",wos,llm,0.930,unreviewed,
kept,Towards a Model-Checker for <i>Circus</i>,"Gomes, Artur Oliveira; Butterfield, Andrew",2019,"FORMAL METHODS - THE NEXT 30 YEARS, FM 2019",10.1007/978-3-030-30942-8_14,https://www.webofscience.com/wos/woscc/full-record/WOS:001340704900014,supports-claim,"Among several approaches aiming at the correctness of systems, model-checking is one technique to formally assess system models regarding their desired/undesired behavioural properties. We aim at model-checking the Circus notation that combines Z, CSP, and Morgan's refinement calculus, based on the Unifying Theories of Programming. In this paper, we experiment with approaches for capturing Circus processes in CSP, and for each approach, we evaluate the impact of our decisions on the state-space explored as well as the time spent for such a checking using FDR. We also experimented with the consequences of model-checking CSP models that capture both state invariants and preconditions of Circus models.",wos,llm,0.820,unreviewed,
kept,Engineering a Theory of Concurrent Programming,"Hayes, Ian J.",2018,"FORMAL METHODS AND SOFTWARE ENGINEERING, ICFEM 2018",10.1007/978-3-030-02450-5_1,https://www.webofscience.com/wos/woscc/full-record/WOS:000672801600001,supports-claim,"Our original goal was to develop a refinement calculus for shared-memory concurrent programs to support Jones-style rely/guarantee developments. Our semantics was based on Aczel traces, which explicitly include environment steps as well as program steps, and were originally proposed as a basis for showing the rely/guarantee rules are sound. Where we have ended up is with a hierarchy of algebraic theories that provide a foundation for concurrent program refinement, which allows us to prove Jones-style rely/guarantee laws, as well as new laws. Our algebraic theory is based on a lattice of commands that includes a sub-lattice of test commands (similar to Kozen's Kleene Algebra with Tests) and a sub-algebra of atomic step commands (similar to Milner's SCCS) but with a structure that supports Aczel's program and environment steps as atomic step commands. The latter allows us to directly encode rely and guarantee commands to represent rely/guarantee specifications, and to encode fair execution of a command.",wos,llm,0.920,unreviewed,
kept,Designing a semantic model for a wide-spectrum language with concurrency,"Colvin, Robert J.; Hayes, Ian J.; Meinicke, Larissa A.",2017,FORMAL ASPECTS OF COMPUTING,10.1007/s00165-017-0416-4,https://www.webofscience.com/wos/woscc/full-record/WOS:000407933300004,supports-claim,"A wide-spectrum language integrates specification constructs into a programming language in a manner that treats a specification command just like any other command. The primary contribution of this paper is a semantic model for a wide-spectrum language that supports concurrency and a refinement calculus. A distinguishing feature of the language is that steps of the environment are modelled explicitly, alongside steps of the program. From these two types of steps a rich set of specification commands can be constructed, based on operators for nondeterministic choice, and sequential and parallel composition. We also introduce a novel operator, weak conjunction, which is used extensively to conjoin separate aspects of specifications, allowing us to take a separation-of-concerns approach to subsequent reasoning. We provide a denotational semantics for the language based on traces, which may be terminating, aborting, infeasible, or infinite. To demonstrate the generality and unifying strength of the language, we use it to express a range of concepts from the concurrency literature, including: a refinement theory for rely/guarantee reasoning; an abstract specification of local variables in a concurrent context; specification of an abstract, linearisable data structure; a partial encoding of temporal logic; and defining the relationships between notions of nonblocking programs. The novelty of the paper is that these diverse concepts build on the same theory. In particular, the rely concept from Jones' rely/guarantee framework, and a stronger demand concept that restricts the environment, are reused across the different domains to express assumptions about the environment. The language and model form an instance of an abstract concurrent program algebra, and this facilitates reasoning about properties of the model at a high level of abstraction.",wos,llm,0.940,unreviewed,
