status,title,authors,year,venue,doi,url,tags,abstract,provider,decision_source,llm_confidence,llm_review_outcome,llm_change_direction
discarded,Polyamine transporter potABCD is required for virulence of encapsulated but not nonencapsulated Streptococcus pneumoniae,Haley R. Pipkins; Jessica L. Bradshaw; Lance E. Keller; Edwin Swiatlo; Larry S. McDaniel,2017,PLoS ONE,10.1371/journal.pone.0179159,https://openalex.org/W2622731166,off-topic-false-hit; microbiology; encapsulated-bacteria,"Streptococcus pneumoniae is commonly found in the human nasopharynx and is the causative agent of multiple diseases. Since invasive pneumococcal infections are associated with encapsulated pneumococci, the capsular polysaccharide is the target of licensed pneumococcal vaccines. However, there is an increasing distribution of non-vaccine serotypes, as well as nonencapsulated S. pneumoniae (NESp). Both encapsulated and nonencapsulated pneumococci possess the polyamine oligo-transport operon (potABCD). Previous research has shown inactivation of the pot operon in encapsulated pneumococci alters protein expression and leads to a significant reduction in pneumococcal murine colonization, but the role of the pot operon in NESp is unknown. Here, we demonstrate deletion of potD from the NESp NCC1 strain MNZ67 does impact expression of the key proteins pneumolysin and PspK, but it does not inhibit murine colonization. Additionally, we show the absence of potD significantly increases biofilm production, both in vitro and in vivo. In a chinchilla model of otitis media (OM), the absence of potD does not significantly affect MNZ67 virulence, but it does significantly reduce the pathogenesis of the virulent encapsulated strain TIGR4 (serotype 4). Deletion of potD also significantly reduced persistence of TIGR4 in the lungs but increased persistence of PIP01 in the lungs. We conclude the pot operon is important for the regulation of protein expression and biofilm formation in both encapsulated and NCC1 nonencapsulated Streptococcus pneumoniae. However, in contrast to encapsulated pneumococcal strains, polyamine acquisition via the pot operon is not required for MNZ67 murine colonization, persistence in the lungs, or full virulence in a model of OM. Therefore, NESp virulence regulation needs to be further established to identify potential NESp therapeutic targets.",openalex,llm,1.000,unreviewed,
discarded,Beneficial Outcomes of Omega-6 and Omega-3 Polyunsaturated Fatty Acids on Human Health: An Update for 2021,Ivana Djuričić; Philip C. Calder,2021,Nutrients,10.3390/nu13072421,https://openalex.org/W3181573421,off-topic-false-hit; nutrition,"Oxidative stress and inflammation have been recognized as important contributors to the risk of chronic non-communicable diseases. Polyunsaturated fatty acids (PUFAs) may regulate the antioxidant signaling pathway and modulate inflammatory processes. They also influence hepatic lipid metabolism and physiological responses of other organs, including the heart. Longitudinal prospective cohort studies demonstrate that there is an association between moderate intake of the omega-6 PUFA linoleic acid and lower risk of cardiovascular diseases (CVDs), most likely as a result of lower blood cholesterol concentration. Current evidence suggests that increasing intake of arachidonic acid (up to 1500 mg/day) has no adverse effect on platelet aggregation and blood clotting, immune function and markers of inflammation, but may benefit muscle and cognitive performance. Many studies show that higher intakes of omega-3 PUFAs, especially eicosapentaenoic acid (EPA) and docosahexaenoic acid (DHA), are associated with a lower incidence of chronic diseases characterized by elevated inflammation, including CVDs. This is because of the multiple molecular and cellular actions of EPA and DHA. Intervention trials using EPA + DHA indicate benefit on CVD mortality and a significant inverse linear dose-response relationship has been found between EPA + DHA intake and CVD outcomes. In addition to their antioxidant and anti-inflammatory roles, omega-3 fatty acids are considered to regulate platelet homeostasis and lower risk of thrombosis, which together indicate their potential use in COVID-19 therapy.",openalex,llm,0.990,unreviewed,
discarded,The Circular Economy: An Interdisciplinary Exploration of the Concept and Application in a Global Context,Alan Murray; Keith R. Skene; Kathryn Haynes,2015,Journal of Business Ethics,10.1007/s10551-015-2693-2,https://openalex.org/W1622878345,off-topic-false-hit; circular-economy,,openalex,llm,0.990,unreviewed,
discarded,Advances and Challenges of Liposome Assisted Drug Delivery,Lisa Sercombe; Tejaswi Veerati; Fatemeh Moheimani; Sherry Y. Wu; Anil K. Sood; Susan Hua,2015,Frontiers in Pharmacology,10.3389/fphar.2015.00286,https://openalex.org/W2187976253,off-topic-false-hit; liposome-drug-delivery,"The application of liposomes to assist drug delivery has already had a major impact on many biomedical areas. They have been shown to be beneficial for stabilizing therapeutic compounds, overcoming obstacles to cellular and tissue uptake, and improving biodistribution of compounds to target sites in vivo. This enables effective delivery of encapsulated compounds to target sites while minimizing systemic toxicity. Liposomes present as an attractive delivery system due to their flexible physicochemical and biophysical properties, which allow easy manipulation to address different delivery considerations. Despite considerable research in the last 50 years and the plethora of positive results in preclinical studies, the clinical translation of liposome assisted drug delivery platforms has progressed incrementally. In this review, we will discuss the advances in liposome assisted drug delivery, biological challenges that still remain, and current clinical and experimental use of liposomes for biomedical applications. The translational obstacles of liposomal technology will also be presented.",openalex,llm,1.000,unreviewed,
discarded,A review on cyclodextrin encapsulation of essential oils and volatiles,Helena Cabral-Marques,2010,Flavour and Fragrance Journal,10.1002/ffj.2019,https://openalex.org/W2143455131,off-topic-false-hit; cyclodextrin-encapsulation,"Abstract Cyclodextrins (CyDs) are cyclic carbohydrates derived from starch. The parent CyDs contain six, seven and eight glucopyranose units and are referred as α ‐, β ‐ and γ ‐CyD, respectively. The most important property of the CyDs is the ability to establish specific interactions – molecular encapsulation – with various types of molecules through the formation of non‐covalently bonded entities, either in the solid phase or in aqueous solution. These nano‐encapsulating agents may form inclusion complexes with essential oils and volatiles, or their components, in order to improve their characteristics, such as transformation of liquid compounds into crystalline form; masking unpleasant smells and tastes of some compounds; improving the physical and/or chemical stability; and stabilizing volatile compounds by reducing or eliminating any losses through evaporation. Complexation has been used to avoid the destruction of certain flavours by processing or, on storage, allowing the use of minor amounts of flavours. The guest molecule is released in the warm moisture of the mouth. Examples are spices, essential oils of vegetable origin and plant flavours, chamomile oil and extract, eucalyptus oil, fennel oil, lemon oil, onion and garlic oil, camphor, menthol, thymol, etc. There are several methods for the preparation of inclusion complexes; kneading, co‐precipitation, freeze‐drying and spray‐drying the most commonly used. Evidence for a guest inclusion into the apolar CyD cavity may be proved by various analytical techniques, including NMR spectroscopy, UV–visible absorption spectroscopy, optical rotatory dispersion and circular dichroism, fluorescence, infrared/FT‐IR spectroscopy, thermo‐analysis, TLC, mass spectromety, and powder X‐ray diffractometry. Copyright © 2010 John Wiley & Sons, Ltd.",openalex,llm,1.000,unreviewed,
discarded,Massively parallel digital transcriptional profiling of single cells,Grace Zheng; Jessica M. Terry; Phillip Belgrader; Paul Ryvkin; Zachary Bent; Ryan J. Wilson; Solongo B. Ziraldo; Tobias D. Wheeler; Geoff P. McDermott; Junjie Zhu; Mark Gregory; Joe Shuga; Luz Montesclaros; Jason G. Underwood; Donald A Masquelier; Stefanie Y. Nishimura; Michael Schnall-Levin; Paul W. Wyatt; Christopher M. Hindson; Rajiv Bharadwaj; Alexander Wong; Kevin D. Ness; Lan Beppu; H. Joachim Deeg; Christopher McFarland; Keith R. Loeb; William J. Valente; Nolan G. Ericson; Emily A. Stevens; Jerald P. Radich; Tarjei S. Mikkelsen; Benjamin J. Hindson; Jason H. Bielas,2017,Nature Communications,10.1038/ncomms14049,https://openalex.org/W2951506174,off-topic-false-hit; single-cell-encapsulation,"Characterizing the transcriptome of individual cells is fundamental to understanding complex biological systems. We describe a droplet-based system that enables 3' mRNA counting of tens of thousands of single cells per sample. Cell encapsulation, of up to 8 samples at a time, takes place in ∼6 min, with ∼50% cell capture efficiency. To demonstrate the system's technical performance, we collected transcriptome data from ∼250k single cells across 29 samples. We validated the sensitivity of the system and its ability to detect rare populations using cell lines and synthetic RNAs. We profiled 68k peripheral blood mononuclear cells to demonstrate the system's ability to characterize large immune populations. Finally, we used sequence variation in the transcriptome data to determine host and donor chimerism at single-cell resolution from bone marrow mononuclear cells isolated from transplant patients.",openalex,llm,1.000,unreviewed,
discarded,Ruthenium-cobalt nanoalloys encapsulated in nitrogen-doped graphene as active electrocatalysts for producing hydrogen in alkaline media,Jianwei Su; Yang Yang; Guoliang Xia; Jitang Chen; Peng Jiang; Qianwang Chen,2017,Nature Communications,10.1038/ncomms14969,https://openalex.org/W2608649869,off-topic-false-hit; graphene-encapsulated-catalysts,"Abstract The scalable production of hydrogen could conveniently be realized by alkaline water electrolysis. Currently, the major challenge confronting hydrogen evolution reaction (HER) is lacking inexpensive alternatives to platinum-based electrocatalysts. Here we report a high-efficient and stable electrocatalyst composed of ruthenium and cobalt bimetallic nanoalloy encapsulated in nitrogen-doped graphene layers. The catalysts display remarkable performance with low overpotentials of only 28 and 218 mV at 10 and 100 mA cm−2, respectively, and excellent stability of 10,000 cycles. Ruthenium is the cheapest platinum-group metal and its amount in the catalyst is only 3.58 wt.%, showing the catalyst high activity at a very competitive price. Density functional theory calculations reveal that the introduction of ruthenium atoms into cobalt core can improve the efficiency of electron transfer from alloy core to graphene shell, beneficial for enhancing carbon–hydrogen bond, thereby lowing ΔGH* of HER.",openalex,llm,1.000,unreviewed,
discarded,A systematic review of evidence on the links between patient experience and clinical safety and effectiveness,Cathal Doyle; Laura Lennox; Derek Bell,2013,BMJ Open,10.1136/bmjopen-2012-001570,https://openalex.org/W2117278400,off-topic-false-hit; healthcare-systematic-review,"OBJECTIVE: To explore evidence on the links between patient experience and clinical safety and effectiveness outcomes. DESIGN: Systematic review. SETTING: A wide range of settings within primary and secondary care including hospitals and primary care centres. PARTICIPANTS: A wide range of demographic groups and age groups. PRIMARY AND SECONDARY OUTCOME MEASURES: A broad range of patient safety and clinical effectiveness outcomes including mortality, physical symptoms, length of stay and adherence to treatment. RESULTS: This study, summarising evidence from 55 studies, indicates consistent positive associations between patient experience, patient safety and clinical effectiveness for a wide range of disease areas, settings, outcome measures and study designs. It demonstrates positive associations between patient experience and self-rated and objectively measured health outcomes; adherence to recommended clinical practice and medication; preventive care (such as health-promoting behaviour, use of screening services and immunisation); and resource use (such as hospitalisation, length of stay and primary-care visits). There is some evidence of positive associations between patient experience and measures of the technical quality of care and adverse events. Overall, it was more common to find positive associations between patient experience and patient safety and clinical effectiveness than no associations. CONCLUSIONS: The data presented display that patient experience is positively associated with clinical effectiveness and patient safety, and support the case for the inclusion of patient experience as one of the central pillars of quality in healthcare. It supports the argument that the three dimensions of quality should be looked at as a group and not in isolation. Clinicians should resist sidelining patient experience as too subjective or mood-oriented, divorced from the 'real' clinical work of measuring safety and effectiveness.",openalex,llm,0.990,unreviewed,
discarded,Direct Evidence for Neutrino Flavor Transformation from Neutral-Current Interactions in the Sudbury Neutrino Observatory,Rushdy Ahmad; R. C. Allen; Thomas Andersen; J. D. Anglin; J. C. Barton; E. W. Beier; M. Bercovitch; J. Bigu; S. D. Biller; R. A. Black; I. Blevis; R. J. Boardman; J. Boger; E. Bonvin; M. G. Boulay; M. G. Bowler; T. J. Bowles; S. J. Brice; M. C. Browne; T. V. Bullard; G. Bühler; J. Cameron; Y. D. Chan; H. H. Chen; M. Chen; X. Chen; B. T. Cleveland; E. T. H. Clifford; J. H. M. Cowan; D. F. Cowen; G. A. Cox; X. Dai; F. Dalnoki‐Veress; W.F. Davidson; P. J. Doe; G. Doucas; M. R. Dragowsky; C. A. Duba; F. A. Duncan; M. Dunford; J. Dunmore; E. D. Earle; S. R. Elliott; H. C. Evans; G. T. Ewan; J. Farine; H. Fergani; A. P. Ferraris; R. Ford; J. A. Formaggio; M. M. Fowler; K. C. Frame; E.D. Frank; W. Frati; N. Gagnon; J. V. Germani; Salvador Gil; K. Graham; D. R. Grant; R. L. Hahn; A. L. Hallin; E. D. Hallman; A. S. Hamer; A. A. Hamian; W. B. Handler; Rizwan Haq; C. K. Hargrove; P. J. Harvey; R. Hazama; K. M. Heeger; W. J. Heintzelman; J. Heise; R. L. Helmer; J. D. Hepburn; H. Heron; JoAnne L. Hewett; A. Hime; M. Howe; J. G. Hykawy; M. C. Perillo Isaac; P. Jagam; N.A. Jelley; C. Jillings; G. Jonkmans; K. Kazkaz; P. Keener; J. R. Klein; A. Knox; R. J. Komar; R. T. Kouzes; T. Kutter; Christopher C. M. Kyba; J. Law; I. Lawson; M. Lay; H. W. Lee; K. T. Lesko; J. R. Leslie; I. Levine; W. Locke,2002,Physical Review Letters,10.1103/physrevlett.89.011301,https://openalex.org/W1983987483,off-topic-false-hit; physics,"Observations of neutral-current $\ensuremath{\nu}$ interactions on deuterium in the Sudbury Neutrino Observatory are reported. Using the neutral current (NC), elastic scattering, and charged current reactions and assuming the standard ${}^{8}\mathrm{B}$ shape, the ${\ensuremath{\nu}}_{e}$ component of the ${}^{8}\mathrm{B}$ solar flux is ${\ensuremath{\varphi}}_{e}{\phantom{\rule{0ex}{0ex}}=\phantom{\rule{0ex}{0ex}}1.76}_{\ensuremath{-}0.05}^{+0.05}(\mathrm{stat}{)}_{\ensuremath{-}0.09}^{+0.09}(\mathrm{syst})\ifmmode\times\else\texttimes\fi{}{10}^{6}\phantom{\rule{0ex}{0ex}}{\mathrm{cm}}^{\ensuremath{-}2}{\mathrm{s}}^{\ensuremath{-}1}$ for a kinetic energy threshold of 5 MeV. The non- ${\ensuremath{\nu}}_{e}$ component is ${\ensuremath{\varphi}}_{\ensuremath{\mu}\ensuremath{\tau}}{\phantom{\rule{0ex}{0ex}}=\phantom{\rule{0ex}{0ex}}3.41}_{\ensuremath{-}0.45}^{+0.45}(\mathrm{stat}{)}_{\ensuremath{-}0.45}^{+0.48}(\mathrm{syst})\ifmmode\times\else\texttimes\fi{}{10}^{6}\phantom{\rule{0ex}{0ex}}{\mathrm{cm}}^{\ensuremath{-}2}{\mathrm{s}}^{\ensuremath{-}1}$, $5.3\ensuremath{\sigma}$ greater than zero, providing strong evidence for solar ${\ensuremath{\nu}}_{e}$ flavor transformation. The total flux measured with the NC reaction is ${\ensuremath{\varphi}}_{\mathrm{NC}}{\phantom{\rule{0ex}{0ex}}=\phantom{\rule{0ex}{0ex}}5.09}_{\ensuremath{-}0.43}^{+0.44}(\mathrm{stat}{)}_{\ensuremath{-}0.43}^{+0.46}(\mathrm{syst})\ifmmode\times\else\texttimes\fi{}{10}^{6}\phantom{\rule{0ex}{0ex}}{\mathrm{cm}}^{\ensuremath{-}2}{\mathrm{s}}^{\ensuremath{-}1}$, consistent with solar models.",openalex,llm,0.990,unreviewed,
discarded,Essential Oils as Antimicrobial Agents—Myth or Real Alternative?,Katarzyna Wińska; Wanda Mączka; Jacek Łyczko; Małgorzata Grabarczyk; Anna Czubaszek; Antoni Szumny,2019,Molecules,10.3390/molecules24112130,https://openalex.org/W2948551030,off-topic-false-hit; essential-oils,"Herbs and the essential oils derived from them have been used from the beginning of human history for different purposes. Their beneficial properties have been applied to mask unpleasant odors, attract the attention of other people, add flavor and aroma properties to prepared dishes, perfumes, and cosmetics, etc. Herbs and essential oils (EOs) have also been used in medicine because of their biological properties, such as larvicidal action, analgesic and anti-inflammatory properties, antioxidant, fungicide, and antitumor activities, and many more. Many EOs exhibit antimicrobial properties, which is extremely important in fields of science and industry, such as medicine, agriculture, or cosmetology. Among the 250 EOs which are commercially available, about a dozen possess high antimicrobial potential. According to available papers and patents, EOs seem to be a potential alternative to synthetic compounds, especially because of the resistance that has been increasingly developed by pathogenic microorganisms. In this review we summarize the latest research studies about the most-active EOs that are known and used because of their antimicrobial properties. Finally, it is noteworthy that the antimicrobial activities of EOs are not preeminent for all strains. Further investigations should, thus, focus on targeting EOs and microorganisms.",openalex,llm,0.990,unreviewed,
discarded,An Assessment of Earth's Climate Sensitivity Using Multiple Lines of Evidence,Steven C. Sherwood; Mark J. Webb; J. D. Annan; Kyle C. Armour; Piers Forster; J. C. Hargreaves; Gabriele C. Hegerl; Stephen A. Klein; Kate Marvel; Eelco J. Rohling; Masahiro Watanabe; Timothy Andrews; Pascale Braconnot; Christopher S. Bretherton; Gavin L. Foster; Zeke Hausfather; Anna S. von der Heydt; Reto Knutti; Thorsten Mauritsen; Joel R. Norris; Cristian Proistosescu; Maria Rugenstein; Gavin A. Schmidt; Katarzyna Tokarska; Mark D. Zelinka,2020,Reviews of Geophysics,10.1029/2019rg000678,https://openalex.org/W3044698812,off-topic-false-hit; climate-science,"Abstract We assess evidence relevant to Earth's equilibrium climate sensitivity per doubling of atmospheric CO 2 , characterized by an effective sensitivity S . This evidence includes feedback process understanding, the historical climate record, and the paleoclimate record. An S value lower than 2 K is difficult to reconcile with any of the three lines of evidence. The amount of cooling during the Last Glacial Maximum provides strong evidence against values of S greater than 4.5 K. Other lines of evidence in combination also show that this is relatively unlikely. We use a Bayesian approach to produce a probability density function (PDF) for S given all the evidence, including tests of robustness to difficult‐to‐quantify uncertainties and different priors. The 66% range is 2.6–3.9 K for our Baseline calculation and remains within 2.3–4.5 K under the robustness tests; corresponding 5–95% ranges are 2.3–4.7 K, bounded by 2.0–5.7 K (although such high‐confidence ranges should be regarded more cautiously). This indicates a stronger constraint on S than reported in past assessments, by lifting the low end of the range. This narrowing occurs because the three lines of evidence agree and are judged to be largely independent and because of greater confidence in understanding feedback processes and in combining evidence. We identify promising avenues for further narrowing the range in S , in particular using comprehensive models and process understanding to address limitations in the traditional forcing‐feedback paradigm for interpreting past changes.",openalex,llm,0.990,unreviewed,
discarded,Polymer-based nanocapsules for drug delivery,Claudia Elizabeth Mora‐Huertas; Hatem Fessi; Abdelhamid Elaı̈ssari,2009,International Journal of Pharmaceutics,10.1016/j.ijpharm.2009.10.018,https://openalex.org/W2010908849,off-topic-false-hit; nanocapsules-drug-delivery,,openalex,llm,1.000,unreviewed,
