status,title,authors,year,venue,doi,url,tags,abstract,provider,decision_source,llm_confidence,llm_review_outcome,llm_change_direction,paper_id
discarded,Dynamic and Personalized Format Adaptation to Improve School Concentration Levels: A Literature Review,L. Cortés-López,2026,Lecture Notes in Networks and Systems,10.1007/978-3-032-05748-8_43,https://www.scopus.com/inward/record.uri?partnerID=HzOxMe3b&scp=105036661925&origin=inward,off-topic-false-hit,"The increasing use of digital tools in education has opened new opportunities to enhance student engagement, particularly for neurodivergent learners who face challenges with traditional instructional methods. Attention measurement is a critical aspect of adaptive learning, yet current approaches rely on static models that fail to capture real-time cognitive fluctuations. This paper presents a literature review on AI-driven attention tracking and adaptive learning systems. We analyse key methodologies, including eye-tracking, head-pose estimation, and machine learning-based engagement models, highlighting their advantages and limitations. Our findings emphasize the need for more robust, personalized AI systems that dynamically adjust content to improve student concentration. This review sets the foundation for future research on AI-driven adaptive education tailored to individual cognitive profiles.",scopus,llm,1.000,unreviewed,,doi:10.1007/978-3-032-05748-8_43
discarded,A Multidimensional Multichoice Knapsack Framework for Efficient Resource Allocation in LEO Satellite Networks,Y. Huang,2026,IEEE Internet of Things Journal,10.1109/JIOT.2025.3634354,https://www.scopus.com/inward/record.uri?partnerID=HzOxMe3b&scp=105022508733&origin=inward,off-topic-false-hit,"Large-scale Internet of Things (IoT) connections in dynamic low-Earth-orbit (LEO) satellite networks face significant challenges in uplink resource scheduling. This article proposes a framework for optimizing spectral efficiency. The framework satisfies heterogeneous quality-of-service (QoS) requirements and dynamic buffer constraints under time-varying IoT traffic bursts. It integrates three critical aspects. First, it considers the spatial geometric relationship between satellites and ground user equipment (UE), which determines the connection duration. Second, it achieves service-specific QoS priorities through an adaptive weighting mechanism. Third, it addresses time-varying traffic patterns. Under time-varying resource constraints, the high-dimensional scheduling optimization problem is modeled as a multidimensional multichoice knapsack problem (MMKP). A satellite selection scheme is proposed to efficiently solve the MMKP with mixed constraints. This scheme simplifies the 3-D knapsack problem (KP) into a 2-D one by taking connection duration into account. This reduction explicitly accounts for the space and time limitations of satellite–ground links. It also integrates service-specific priorities. Meanwhile, the scheme enables each satellite to handle its own computations and resource allocation independently. A binary split dynamic programming (BSDP) algorithm is developed to solve the 2-D KP. To compare performance, two large-scale integer optimization methods—the Lagrangian relaxation algorithm (LRA) and branch and bound (B&B)—were used to solve the KP. The results were compared with a perception-based greedy resource block (RB) allocation for the original resource allocation problem. Extensive simulations based on Starlink demonstrate the effectiveness of the proposed solution. When serving over 4000 UEs, the MMKP solution achieves a 46% gain in QoS compared to the greedy benchmark. It also achieves a 60.7% throughput gain. Additionally, BSDP performs almost as well as B&B. BSDP has approximately two orders of magnitude lower computational cost than the LRA.",scopus,llm,1.000,unreviewed,,doi:10.1109/jiot.2025.3634354
discarded,Fluxless TCB with in-situ Atmospheric Pressure Plasma Surface Treatment Enabling 25-micron Pitch Solder Micro-Bumps for 3D Integration,M. Alhendi,2026,Proceedings Electronic Components and Technology Conference,10.1109/ECTC51846.2026.00227,https://www.scopus.com/inward/record.uri?partnerID=HzOxMe3b&scp=105042990633&origin=inward,off-topic-false-hit,"As the semiconductor industry advances towards 3D heterogeneous integration and chiplet stacking, achieving fine-pitch, high-density bonding is increasingly challenging. For current High Bandwidth Memory (HBM), Thermocompression Bonding (TCB) with Non-Conductive Film (NCF) is widely adopted. Flux-assisted TCB offering enhanced solder joint quality is still required for higher performance HBM and high-end computing (HPC) due to reliability requirements. However, flux joining at fine pitches introduces significant challenges, including flux residue control, post-bonding cleaning, and underfill surface activation, all of which can pose long-term reliability issues. Consequently, fluxless TCB for microbump interconnects is highly desirable, addressing the critical aspect of achieving oxide-free bonding surfaces. Since both solder bumps and receiving pads oxidize upon ambient exposure, an effective in-situ oxide removal method is essential.In this study we demonstrate residue-free atmospheric pressure plasma surface activation method for fluxless TCB. Utilizing an Ar with 1-3% H2 mixture as the source, this gas plasma effectively removes oxide layers from joining surfaces. We successfully developed a novel TCB bonding process, achieving complete wetting and robust bonding of fine-pitch solder joins in die-to-die format. Reliability assessments, including deep thermal cycles (-50°C to 125°C) for 1000 cycles, showed no bonding defects or underfill voids attributable to the plasma cleaning. We conclude that such an integrated oxidation removal method is crucial for advancing heterogeneous integration and enabling reliable fine-pitch bonding in future 3D stacking applications.",scopus,llm,1.000,unreviewed,,doi:10.1109/ectc51846.2026.00227
discarded,Towards Secure and Adaptive AI Hardware: A Framework for Optimizing LLM-Oriented Architectures,S. Shtaiwi,2026,Computers,10.3390/computers15010010,https://www.scopus.com/inward/record.uri?partnerID=HzOxMe3b&scp=105028714032&origin=inward,off-topic-false-hit,"With the increasing computational demands of large language models (LLMs), there is a pressing need for more specialized hardware architectures capable of supporting their dynamic and memory-intensive workloads. This paper examines recent studies on hardware acceleration for AI, focusing on three critical aspects: energy efficiency, architectural adaptability, and runtime security. While notable advancements have been made in accelerating convolutional and deep neural networks using ASICs, FPGAs, and compute-in-memory (CIM) approaches, most existing solutions remain inadequate for the scalability and security requirements of LLMs. Our comparative analysis highlights two key limitations: restricted reconfigurability and insufficient support for real-time threat detection. To address these gaps, we propose a novel architectural framework grounded in modular adaptivity, memory-centric processing, and security-by-design principles. The paper concludes with a proposed evaluation roadmap and outlines promising future research directions, including RISC-V-based secure accelerators, neuromorphic co-processors, and hybrid quantum-AI integration.",scopus,llm,1.000,unreviewed,,doi:10.3390/computers15010010
discarded,A Multi-Phase Radiomic - Attention Fusion Network for Automated Lesion Segmentation and Cancer Classification Using Magnetic Resonance Imaging,D.F.D. Shahila,2026,Proceedings of the International Conference on Circuit Power and Computing Technologies Iccpct 2026,10.1109/ICCPCT70290.2026.11654943,https://www.scopus.com/inward/record.uri?partnerID=HzOxMe3b&scp=105049007074&origin=inward,off-topic-false-hit,"A critical aspect of treating cancer is the first and most reliable way of doing so is accurately detecting for the presence of cancerous lesions by using imaging tests. Traditionally, many radiologists utilize imaging tests and interpret the resulting images. Unfortunately, this can often lead to inconsistencies in interpretation and can take a significant amount of time before making any definitive decisions regarding the diagnosis, which has sparked the need for advanced diagnostic systems with the latest in Artificial Intelligence and Computer Technology. In this paper, we present a Multi-Phase Radiomic-Attention Fusion Network, or MP-RAFNet, that incorporates both traditional handcrafted Radiomic features with advanced techniques in AI and Computer Science through multi-phase Magnetic Resonance Imaging (MRI) series of images. Our MP-RAFNet uses an attention-enhanced 3D U-Net Architecture to segment the lesions, radiomic features, such as Texture, Shape, and Intensity statistics, are sourced from the segmented regions, and with a Transformer-based Fusion module that creates Deep Features, we can learn the interrelationships between different MRI phases. We employ Feature Selection and Late Fusion to better improve our classifier’s reliability. Our framework underwent evaluation using MATLAB on common MRI datasets, measuring performance using metrics such as Accuracy, Sensitivity, Specificity, Dice Coefficient and Area Under the Curve (AUC) values. Experimental results demonstrate the improved accuracy in classifying lesions compared to traditional CNN-based approaches and will therefore support potential clinical deployment of this tool as part of an automated cancer diagnostic.",scopus,llm,1.000,unreviewed,,doi:10.1109/iccpct70290.2026.11654943
discarded,Artificial Intelligence and Virtual Labs. A Controlled Study of a Teaching Experience in an ITS Academy Course,A. Sorbara,2026,Lecture Notes in Computer Science,10.1007/978-3-032-17604-2_4,https://www.scopus.com/inward/record.uri?partnerID=HzOxMe3b&scp=105031572292&origin=inward,off-topic-false-hit,"The integration of Artificial Intelligence in Higher Technical Education represents both a challenge and an opportunity to innovate educational processes. This study presents an experimental teaching model applied to an ITS Academy course, in which students simulated an experiment using a Virtual Labs platform, supported by integrative Artificial Intelligence tools. The experience was evaluated through rubrics, observational reports, and a questionnaire on the use of Artificial Intelligence, actively involving students and teachers. The results highlight how the informed use of Artificial Intelligence technologies can strengthen technical and scientific skills, promoting a Learning-by-Doing approach and fostering personalized learning. The research proposes a replicable teaching model and reflects on the methodological limitations and future prospects of systematically integrating Artificial Intelligence into Higher Technical Education curricula, highlighting the potential and critical aspects of this new educational approach. The results suggest that Artificial Intelligence, if used appropriately, can provide powerful cognitive and operational support in Higher Technical Education contexts.",scopus,llm,0.990,unreviewed,,doi:10.1007/978-3-032-17604-2_4
discarded,Optimizing Context-Aware Testing for Mobile Applications - Advanced Techniques for Effective Test Coverage,S.S. Priya,2026,2026 6th International Conference on Advances in Electrical Computing Communications and Sustainable Technologies Icaect 2026,10.1109/ICAECT68478.2026.11426038,https://www.scopus.com/inward/record.uri?partnerID=HzOxMe3b&scp=105035729689&origin=inward,off-topic-false-hit,"Context-awareness has become a critical aspect of mobile application development to enhance user experiences, yet testing these applications remains challenging due to the dynamic nature of context. This study presents a novel methodology to improve context-aware testing for mobile applications. Input contexts are categorized using scenario testing, with supervised machine learning techniques, including Support Vector Machine (SVM) and K-Nearest Neighbor (KNN), employed to determine appropriate test scenarios. Multiple scenario-based testing complexities are addressed using the Adaptive Dimensionality Reduction Optimizer (ADRO). A novel assessment metric combining individual fitness levels and resemblance between top-performing and alternative scenarios enables evaluation of both equilibrium and dynamic states, ensuring optimal testing outcomes. Factors influencing test generation are identified, analyzed, and classified to guide effective test design. Key metrics such as the number of tasks, execution time, and power consumption are considered to evaluate test coverage. By integrating machine learning, adaptive optimization, and advanced metrics, the framework enhances usability, reliability, and performance. Overall, the proposed approach provides a comprehensive solution for effective context-aware mobile application testing.",scopus,llm,1.000,unreviewed,,doi:10.1109/icaect68478.2026.11426038
discarded,Advances in Emotion Detection and Facial Expression Recognition: A Comprehensive Review of Machine Learning and Deep Learning Approaches,A.N. Salami,2026,Lecture Notes in Networks and Systems,10.1007/978-981-96-8901-9_26,https://www.scopus.com/inward/record.uri?partnerID=HzOxMe3b&scp=105021822525&origin=inward,off-topic-false-hit,,scopus,llm,1.000,unreviewed,,doi:10.1007/978-981-96-8901-9_26
discarded,Material grade-based task planning for robotic limestone mining,Y. Sugano,2026,Advanced Robotics,10.1080/01691864.2025.2599983,https://www.scopus.com/inward/record.uri?partnerID=HzOxMe3b&scp=105025397879&origin=inward,off-topic-false-hit,"This paper focuses on task planning for the robotization of wheel loaders in limestone mining to address growing material demands and workforce shortages by boosting the production rate. Wheel loaders repeatedly scoop and unload raw materials into trucks at extraction sites. Sustaining consistent and high production rates requires effective grade management and high vehicle operational efficiency. However, existing studies have not integrated material grade management into loading operations, a critical aspect of limestone mining. This paper addresses the limitation by proposing a novel task planning approach based on agent-centered search, called the Best First Search with Grade Estimation (BFSwGE) algorithm. The algorithm aims to maximize the extraction of high-grade material while minimizing vehicle travel distances during loading operations. It optimizes the sequence of the wheel loader's scooping poses on the material pile and unloading poses at which the vehicle dumps the material to a truck. By leveraging hyperspectral imaging to assess the material grade distributions of the pile surface, the algorithm estimates the material grade distribution of the pile volume using Laplace Interpolation, enabling a more effective search. Simulation results across various pile grade distributions demonstrate that the proposed algorithm outperforms a greedy search method in achieving these objectives. GRAPHICAL ABSTRACT",scopus,llm,1.000,unreviewed,,doi:10.1080/01691864.2025.2599983
discarded,Why Large Language Models Alone Fall Short for Responsible Learner Modeling in K-12 Tutoring: A Case Study,D. Hooshyar,2026,IEEE Access,10.1109/ACCESS.2026.3701047,https://www.scopus.com/inward/record.uri?partnerID=HzOxMe3b&scp=105041981989&origin=inward,off-topic-false-hit,"The rapid rise of large language model (LLM)-based tutors in K–12 education has led to the misconception that generative models can replace traditional learner modelling and act as general-purpose engines for adaptive instruction. This is especially problematic in K–12 settings, which the EU AI Act classifies as a high-risk domain requiring responsible design. Motivated by concerns surrounding the role of learner modelling in responsible AI-powered tutoring, this study synthesises existing research evidence on key limitations of LLM-based tutoring systems and then presents an empirical case study investigating one critical aspect of these concerns: the accuracy, reliability, and temporal coherence of assessing learners’ evolving knowledge over time. To this end, we compare a deep knowledge tracing (DKT) model with a widely used LLM (with and without fine-tuning) that has demonstrated competitive performance in tutoring-related tasks, using a large-scale open-access dataset. Our findings show that DKT achieves the highest discrimination performance (AUC = 0.83) on next-step correctness prediction and consistently outperforms the LLM across evaluation settings. Although fine-tuning improves the LLM’s AUC by about 8% over the zero-shot baseline, it still remains 6% below DKT and produces higher early-sequence errors, precisely where incorrect predictions would be most harmful for adaptive learner support. Temporal-coherence analyses further reveal that while DKT maintains stable, directionally correct mastery updates, LLM variants display substantial temporal weaknesses, including smooth but wrong-direction updates, and, even after fine-tuning, remain inconsistent and unable to match DKT’s temporal stability. We also illustrate that these issues persist even though fine-tuned LLMs required nearly 198 hours of continuous high-compute training, far exceeding the computational demands of the lightweight DKT model. Our qualitative analysis of multi-skill mastery estimation further shows that, even after fine-tuning, the LLM produced unstable and inconsistent mastery trajectories, whereas DKT maintained smooth and coherent multi-skill updates. Collectively, these findings suggest that LLMs alone are unlikely to achieve the same positive effect sizes observed in decades long intelligent tutoring systems literature. Rather than replacing learner modelling, LLMs may be more appropriately deployed as pedagogical interfaces or content generators paired with dedicated learner modelling components to ensure responsible, accurate, reliable, and pedagogically sound support.",scopus,llm,1.000,unreviewed,,doi:10.1109/access.2026.3701047
discarded,Analysing the Enacted Object of Learning in Lab Assignments in Programming Education,Anna Eckerdal; Michael Thuné,2013,2013 Learning and Teaching in Computing and Engineering,10.1109/LaTiCE.2013.25,https://ieeexplore.ieee.org/document/6542262/,adjacent-subtopic,"In this paper we propose a way to analyse the enacted object of learning in written instructions for lab assignments in programming. Moreover, we apply the proposed kind of analysis to empirical data. The data stem from a small pilot study where we studied instruction material for one specific lab session, concerning non-void methods in Java. The larger framework for the results presented here is a research project aimed at better understanding the relation between how novice students learn theory and how they learn practice in the computer lab.",ieee,llm,0.930,unreviewed,,doi:10.1109/latice.2013.25
discarded,Students' Experience and Use of Assessment in an Online Introductory Programming Course,Emma Riese,2017,2017 International Conference on Learning and Teaching in Computing and Engineering (LaTICE),10.1109/LaTiCE.2017.13,https://ieeexplore.ieee.org/document/8064428/,adjacent-subtopic,"Assessment has long been seen as an important part of teaching and has shown to have an impact on how students approach learning. In this study students' experience of assessment in an online introductory programming course is investigated. This is studied through semi-structured interviews, with seven students, which are analyzed using a phenomenographic research approach. The results consist of five categories in which the students experience the given assessment; the grading is important to the teacher, the grading is important to the student, assessment as guidance, assessment as an opportunity to learn and assessment as a way to communicate. This paper also shows that three categories, assessment as guidance, assessment as an opportunity to learn and assessment as a way to communicate, are the most desirable.",ieee,llm,0.980,unreviewed,,doi:10.1109/latice.2017.13
