status,title,authors,year,venue,doi,url,tags,abstract,provider,decision_source,llm_confidence,llm_review_outcome,llm_change_direction,paper_id
discarded,Learning and example selection for object and pattern detection,Kah Kay Sung; Tomaso Poggio,1996,DSpace@MIT (Massachusetts Institute of Technology),,https://openalex.org/W1554705102,off-topic-false-hit,"Thesis (Ph. D.)--Massachusetts Institute of Technology, Dept. of Electrical Engineering and Computer Science, 1996.",openalex,llm,1.000,unreviewed,,hash:de49b6d52af0cf0a
discarded,Generic decoding of seen and imagined objects using hierarchical visual features,Tomoyasu Horikawa; Yukiyasu Kamitani,2017,Nature Communications,10.1038/ncomms15037,https://openalex.org/W2963341661,off-topic-false-hit,"Object recognition is a key function in both human and machine vision. While brain decoding of seen and imagined objects has been achieved, the prediction is limited to training examples. We present a decoding approach for arbitrary objects using the machine vision principle that an object category is represented by a set of features rendered invariant through hierarchical processing. We show that visual features, including those derived from a deep convolutional neural network, can be predicted from fMRI patterns, and that greater accuracy is achieved for low-/high-level features with lower-/higher-level visual areas, respectively. Predicted features are used to identify seen/imagined object categories (extending beyond decoder training) from a set of computed features for numerous object images. Furthermore, decoding of imagined objects reveals progressive recruitment of higher-to-lower visual representations. Our results demonstrate a homology between human and machine vision and its utility for brain-based information retrieval.",openalex,llm,1.000,unreviewed,,doi:10.1038/ncomms15037
discarded,From objects-first to design-first with multimedia and intelligent tutoring,Sally H. Moritz; Wei Hua Fang; Shahida M. Parvez; Glenn David Blank,2005,,10.1145/1067445.1067475,https://openalex.org/W2045536097,adjacent-subtopic,"“Objects-first ” is an increasingly popular strategy for teaching object-oriented programming by introducing the concepts of objects, classes, and instances before procedural elements of a programming language. Still, this approach emphasizes coding rather than other critical aspects of software development, notably problem-solving and design. We propose a “design-first” curriculum, which subsumes an objects-first approach into lessons that also introduce object-oriented analysis and design, using elements of UML before implementing any code. We also present CIMEL ITS, an intelligent tutoring system that uses the design-first approach to help students of various learning styles in a CS1 course. It interfaces with an IDE we have chosen specifically to support the design-first curriculum, and CIMEL, multimedia courseware which has been shown to be effective in helping students learn object-oriented programming concepts.",openalex,llm,0.910,unreviewed,,doi:10.1145/1067445.1067475
discarded,Design of the Mneme persistent object store,J. Eliot B. Moss,1990,ACM Transactions on Information Systems,10.1145/96105.96109,https://openalex.org/W1967998883,off-topic-false-hit,"The Mneme project is an investigation of techniques for integrating programming language and database features to provide better support for cooperative, information-intensive tasks such as computer-aided software engineering. The project strategy is to implement efficient, distributed, persistent programming languages. We report here on the Mneme persistent object store, a fundamental component of the project, discussing its design and initial prototype. Mneme storesobjectsin a simple and general format, preserving object identity and object interrelationships. Specific goals for the store include portability, extensibility (especially with respect to object management policies), and performance. The model of memory that the store aims at is a single, cooperatively-shared heap, distributed across a collection of networked computers. The initial prototype is intended mainly to explore performance issues and to support object-oriented persistent programming languages. We include performance measurements from the prototype as well as more qualitative results.",openalex,llm,1.000,unreviewed,,doi:10.1145/96105.96109
discarded,''Bargaining'' and Gender Relations: Within and Beyond the Household,Bina Agarwal,1997,Feminist Economics,10.1080/135457097338799,https://openalex.org/W2042005398,off-topic-false-hit,"Highlighting the problems posed by a ''unitary'' conceptualization of the household, a number of economists have in recent years proposed alternative models. These models, especially those embodying the bargaining approach, provide a useful framework for analyzing gender relations and throwing some light on how gender asymmetries are constructed and contested. At the same time, the models have paid inadequate or no attention to some critical aspects of intra-household gender dynamics, such as: What factors (especially qualitative ones) affect bargaining power? What is the role of social norms and social perceptions in the bargaining process and how might these factors themselves be bargained over? Are women less motivated than men by self-interest and might this affect bargaining outcomes? Most discussions on bargaining also say little about gender relations beyond the household, and about the links between extra-household and intra-household bargaining power. This paper spells out the nature of these complexities and their importance in determining the outcomes of intra-household dynamics. It also extends the bargaining approach beyond the household to the interlinked arenas of the market, the community and the State.",openalex,llm,1.000,unreviewed,,doi:10.1080/135457097338799
discarded,Ranking of problems and solutions in the teaching and learning of object-oriented programming,Luz E Gutiérrez; Carlos A. Guerrero; Héctor López-Ospina,2022,Education and Information Technologies,10.1007/s10639-022-10929-5,https://openalex.org/W4210919934,adjacent-subtopic,"This study describes the most relevant problems and solutions found in the literature on teaching and learning of object-oriented programming (OOP). The identification of the problem was based on tertiary studies from the IEEE Xplore, Scopus, ACM Digital Library and Science Direct repositories. The problems and solutions identified were ranked through the multi-criteria decision methods DEMATEL and TOPSIS in order to determine the best solutions to the problems found and to apply these results in the academic context. The main contribution of this study was the categorization of OOP problems and solutions, as well as the proposal of strategies to improve the problem. Among the most relevant problems it was found: 1) difficulty in understanding, teaching and implementing object-orientation, 2) difficulties related to understanding classes and 3) difficulty in understanding object-oriented relationships. After doing the multicriteria analysis, it was found that the most important solutions to face the problems found in the teaching of OOP were: 1) use of active learning techniques and intrinsic rewards and 2) emphasize on basic programming concepts and introduce the object-oriented paradigm at an early point in the curriculum. As a conclusion, it was evidenced that there is coherence between the literary guarantee that gives support to the problems and solutions in the teaching of OOP presented in this study and the approaches that experts in the area of development highlight as relevant when they identify weaknesses in the process.",openalex,llm,0.910,unreviewed,,doi:10.1007/s10639-022-10929-5
discarded,Learnability and the Vapnik-Chervonenkis dimension,Anselm Blumer; Andrzej Ehrenfeucht; David H. Haussler; Manfred K. Warmuth,1989,Journal of the ACM,10.1145/76359.76371,https://openalex.org/W2154952480,off-topic-false-hit,"Valiant's learnability model is extended to learning classes of concepts defined by regions in Euclidean space E n . The methods in this paper lead to a unified treatment of some of Valiant's results, along with previous results on distribution-free convergence of certain pattern recognition algorithms. It is shown that the essential condition for distribution-free learnability is finiteness of the Vapnik-Chervonenkis dimension, a simple combinatorial parameter of the class of concepts to be learned. Using this parameter, the complexity and closure properties of learnable classes are analyzed, and the necessary and sufficient conditions are provided for feasible learnability.",openalex,llm,1.000,unreviewed,,doi:10.1145/76359.76371
discarded,An EMT–Driven Alternative Splicing Program Occurs in Human Breast Cancer and Modulates Cellular Phenotype,Irina M. Shapiro; Albert W. Cheng; Nicholas C. Flytzanis; Michele Balsamo; John S. Condeelis; Maja H. Oktay; Christopher B. Burge; Frank B. Gertler,2011,PLoS Genetics,10.1371/journal.pgen.1002218,https://openalex.org/W1540324232,off-topic-false-hit,"Epithelial-mesenchymal transition (EMT), a mechanism important for embryonic development, plays a critical role during malignant transformation. While much is known about transcriptional regulation of EMT, alternative splicing of several genes has also been correlated with EMT progression, but the extent of splicing changes and their contributions to the morphological conversion accompanying EMT have not been investigated comprehensively. Using an established cell culture model and RNA-Seq analyses, we determined an alternative splicing signature for EMT. Genes encoding key drivers of EMT-dependent changes in cell phenotype, such as actin cytoskeleton remodeling, regulation of cell-cell junction formation, and regulation of cell migration, were enriched among EMT-associated alternatively splicing events. Our analysis suggested that most EMT-associated alternative splicing events are regulated by one or more members of the RBFOX, MBNL, CELF, hnRNP, or ESRP classes of splicing factors. The EMT alternative splicing signature was confirmed in human breast cancer cell lines, which could be classified into basal and luminal subtypes based exclusively on their EMT-associated splicing pattern. Expression of EMT-associated alternative mRNA transcripts was also observed in primary breast cancer samples, indicating that EMT-dependent splicing changes occur commonly in human tumors. The functional significance of EMT-associated alternative splicing was tested by expression of the epithelial-specific splicing factor ESRP1 or by depletion of RBFOX2 in mesenchymal cells, both of which elicited significant changes in cell morphology and motility towards an epithelial phenotype, suggesting that splicing regulation alone can drive critical aspects of EMT-associated phenotypic changes. The molecular description obtained here may aid in the development of new diagnostic and prognostic markers for analysis of breast cancer progression.",openalex,llm,1.000,unreviewed,,doi:10.1371/journal.pgen.1002218
discarded,Boosting methods for multi-class imbalanced data classification: an experimental review,Jafar Tanha; Yousef Abdi; Negin Samadi; Nazila Razzaghi; Mohammad Asadpour,2020,Journal Of Big Data,10.1186/s40537-020-00349-y,https://openalex.org/W3082059448,off-topic-false-hit,"Abstract Since canonical machine learning algorithms assume that the dataset has equal number of samples in each class, binary classification became a very challenging task to discriminate the minority class samples efficiently in imbalanced datasets. For this reason, researchers have been paid attention and have proposed many methods to deal with this problem, which can be broadly categorized into data level and algorithm level. Besides, multi-class imbalanced learning is much harder than binary one and is still an open problem. Boosting algorithms are a class of ensemble learning methods in machine learning that improves the performance of separate base learners by combining them into a composite whole. This paper’s aim is to review the most significant published boosting techniques on multi-class imbalanced datasets. A thorough empirical comparison is conducted to analyze the performance of binary and multi-class boosting algorithms on various multi-class imbalanced datasets. In addition, based on the obtained results for performance evaluation metrics and a recently proposed criteria for comparing metrics, the selected metrics are compared to determine a suitable performance metric for multi-class imbalanced datasets. The experimental studies show that the CatBoost and LogitBoost algorithms are superior to other boosting algorithms on multi-class imbalanced conventional and big datasets, respectively. Furthermore, the MMCC is a better evaluation metric than the MAUC and G-mean in multi-class imbalanced data domains.",openalex,llm,1.000,unreviewed,,doi:10.1186/s40537-020-00349-y
discarded,Mechanisms of skill acquisition and the law of practice,Allen Newell; Paul S. Rosenbloom,2018,Figshare,10.1184/r1/6607199.v1,https://openalex.org/W1502491548,off-topic-false-hit,Computer Science Department,openalex,llm,0.980,unreviewed,,doi:10.1184/r1/6607199.v1
discarded,Object-based visual attention for computer vision,Yaoru Sun; Robert Bob Fisher,2003,Artificial Intelligence,10.1016/s0004-3702(02)00399-5,https://openalex.org/W1987794317,off-topic-false-hit,"In this paper, a novel model of object-based visual attention extending Duncan's Integrated Competition Hypothesis [Phil. Trans. R. Soc. London B 353 (1998) 1307-1317] is presented. In contrast to the attention mechanisms used in most previous machine vision systems which drive attention based on the spatial location hypothesis, the mechanisms which direct visual attention in our system are object-driven as well as feature-driven. The competition to gain visual attention occurs not only within an object but also between objects. For this purpose, two new mechanisms in the proposed model are described and analyzed in detail. The first mechanism computes the visual salience of objects and groupings; the second one implements the hierarchical selectivity of attentional shifts. The results of the new approach on synthetic and natural images are reported.",openalex,llm,1.000,unreviewed,,doi:10.1016/s0004-3702(02)00399-5
discarded,The Amphimedon queenslandica genome and the evolution of animal complexity,Mansi Srivastava; Oleg Simakov; Jarrod Chapman; Bryony Fahey; Marie E. A. Gauthier; Therese Mitros; Gemma S. Richards; Cecilia Conaco; Michael Dacre; Uffe Hellsten; Claire Larroux; Nicholas H. Putnam; Mario Stanke; Maja Adamska; Aaron Darling; Sandie M. Degnan; Todd H. Oakley; David C. Plachetzki; Yufeng Zhai; Marcin Adamski; Andrew Calcino; Scott F. Cummins; David M. Goodstein; Christina Harris; Daniel J. Jackson; Sally P. Leys; Shengqiang Shu; Ben J. Woodcroft; Michel Vervoort; Kenneth S. Kosik; Gerard Manning; Bernard M. Degnan; Daniel S. Rokhsar,2010,Nature,10.1038/nature09201,https://openalex.org/W340499956,off-topic-false-hit,"Sponges are an ancient group of animals that diverged from other metazoans over 600 million years ago. Here we present the draft genome sequence of Amphimedon queenslandica, a demosponge from the Great Barrier Reef, and show that it is remarkably similar to other animal genomes in content, structure and organization. Comparative analysis enabled by the sequencing of the sponge genome reveals genomic events linked to the origin and early evolution of animals, including the appearance, expansion and diversification of pan-metazoan transcription factor, signalling pathway and structural genes. This diverse 'toolkit' of genes correlates with critical aspects of all metazoan body plans, and comprises cell cycle control and growth, development, somatic- and germ-cell specification, cell adhesion, innate immunity and allorecognition. Notably, many of the genes associated with the emergence of animals are also implicated in cancer, which arises from defects in basic processes associated with metazoan multicellularity.",openalex,llm,1.000,unreviewed,,doi:10.1038/nature09201
discarded,Critical aspects and challenges for intervertebral disc repair and regeneration—Harnessing advances in tissue engineering,Conor Timothy Buckley; Judith Alison Hoyland; Kengo Fujii; Abhay S. Pandit; James C. Iatridis; Sibylle Grad,2018,JOR Spine,10.1002/jsp2.1029,https://openalex.org/W2881853507,off-topic-false-hit,"Low back pain represents the highest burden of musculoskeletal diseases worldwide and intervertebral disc degeneration is frequently associated with this painful condition. Even though it remains challenging to clearly recognize generators of discogenic pain, tissue regeneration has been accepted as an effective treatment option with significant potential. Tissue engineering and regenerative medicine offer a plethora of exploratory pathways for functional repair or prevention of tissue breakdown. However, the intervertebral disc has extraordinary biological and mechanical demands that must be met to assure sustained success. This concise perspective review highlights the role of the disc microenvironment, mechanical and clinical design considerations, function vs mimicry in biomaterial-based and cell engineering strategies, and potential constraints for clinical translation of regenerative therapies for the intervertebral disc.",openalex,llm,1.000,unreviewed,,doi:10.1002/jsp2.1029
discarded,PlexinD1 and Semaphorin Signaling Are Required in Endothelial Cells for Cardiovascular Development,Aaron D. Gitler; Min M. Lu; Jonathan A. Epstein,2004,Developmental Cell,10.1016/j.devcel.2004.06.002,https://openalex.org/W1964544654,off-topic-false-hit,"The identification of new signaling pathways critical for cardiac morphogenesis will contribute to our understanding of congenital heart disease (CHD), which remains a leading cause of mortality in newborn children worldwide. Signals mediated by semaphorin Iigands and plexin receptors contribute to the intricate patterning of axons in the central nervous system. Here, we describe a related signaling pathway involving secreted class 3 semaphorins, neuropilins, and a plexin receptor, PlexinD1, expressed by endothelial cells. Interruption of this pathway in mice results in CHD and vascular patterning defects. The type of CHD caused by inactivation of PlexinD1 has previously been attributed to abnormalities of neural crest. Here, we show that this form of CHD can be caused by cell-autonomous endothelial defects. Thus, molecular programs that mediate axon guidance in the central nervous system also function in endothelial cells to orchestrate critical aspects of cardiac morphogenesis.",openalex,llm,1.000,unreviewed,,doi:10.1016/j.devcel.2004.06.002
discarded,Coronavirus envelope protein: current knowledge,Dewald Schoeman; Burtram Clinton Fielding,2019,Virology Journal,10.1186/s12985-019-1182-0,https://openalex.org/W2947642275,off-topic-false-hit,"BACKGROUND: Coronaviruses (CoVs) primarily cause enzootic infections in birds and mammals but, in the last few decades, have shown to be capable of infecting humans as well. The outbreak of severe acute respiratory syndrome (SARS) in 2003 and, more recently, Middle-East respiratory syndrome (MERS) has demonstrated the lethality of CoVs when they cross the species barrier and infect humans. A renewed interest in coronaviral research has led to the discovery of several novel human CoVs and since then much progress has been made in understanding the CoV life cycle. The CoV envelope (E) protein is a small, integral membrane protein involved in several aspects of the virus' life cycle, such as assembly, budding, envelope formation, and pathogenesis. Recent studies have expanded on its structural motifs and topology, its functions as an ion-channelling viroporin, and its interactions with both other CoV proteins and host cell proteins. MAIN BODY: This review aims to establish the current knowledge on CoV E by highlighting the recent progress that has been made and comparing it to previous knowledge. It also compares E to other viral proteins of a similar nature to speculate the relevance of these new findings. Good progress has been made but much still remains unknown and this review has identified some gaps in the current knowledge and made suggestions for consideration in future research. CONCLUSIONS: The most progress has been made on SARS-CoV E, highlighting specific structural requirements for its functions in the CoV life cycle as well as mechanisms behind its pathogenesis. Data shows that E is involved in critical aspects of the viral life cycle and that CoVs lacking E make promising vaccine candidates. The high mortality rate of certain CoVs, along with their ease of transmission, underpins the need for more research into CoV molecular biology which can aid in the production of effective anti-coronaviral agents for both human CoVs and enzootic CoVs.",openalex,llm,1.000,unreviewed,,doi:10.1186/s12985-019-1182-0
