status,title,authors,year,venue,doi,url,tags,abstract,provider,decision_source,llm_confidence,llm_review_outcome,llm_change_direction,paper_id
discarded,Traffic Sign Categorization Using YOLO Algorithm: Leveraging Real-Time Object Detection for Improved Road Safety,Santha Sheela K; Jason Kingsly R; Bhalaji C K; C.B. Selvalakshmi; A. Radhika,2024,2024 9th International Conference on Communication and Electronics Systems (ICCES),10.1109/ICCES63552.2024.10860011,https://ieeexplore.ieee.org/document/10860011/,off-topic-false-hit,"Traffic signs, and navigation provide drivers with crucial information about speed limits, hazards and are essential for maintaining road safety. Detecting these signs and classifying in real-time plays a vital for autonomous driving systems, as timely information can prevent accidents and ensure compliance with traffic regulations. This paper presents a traffic sign detection system based on the YOLOv8 algorithm, known for its high-speed object detection capabilities, addressing challenges such as occlusion, small object detection, and adverse lighting conditions. The system is trained using a dataset of traffic signs sourced from Roboflow, capturing various types of traffic signs under different environmental conditions, such as lighting, weather, and occlusion scenarios. By using advanced feature extraction techniques, we have visualize the critical features that proposed for the model's classification decisions. The results confirm the efficacy and real-time applications in autonomous vehicles and smart traffic management systems of YOLOv8, indicating the intelligence potential for widespread adoption in the field of vehicles transportation systems.",ieee,llm,1.000,unreviewed,,doi:10.1109/icces63552.2024.10860011
discarded,On the design of tele-learning systems using genetic algorithms,M.R. Finley; H. Akimaru; K. Yamori,2000,WCC 2000 - ICCT 2000. 2000 International Conference on Communication Technology Proceedings (Cat. No.00EX420),10.1109/ICCT.2000.890889,https://ieeexplore.ieee.org/document/890889/,off-topic-false-hit,"A tele-learning system may be modeled using an object-oriented approach which lends to eventual simulation using object-oriented languages. In this study, the human users of the system are included as system components with their own respective characteristics, as described by such descriptive social-economic parameters as user satisfaction, user willingness to pay, and others. The current focus of the study is on the genesis of tele-learning systems, that is, a specification of fundamental descriptive parameters, somewhat akin to genes in genetics, that may be encoded as binary strings, and of a fitness function of these parameters which is to be optimized using genetic algorithms. The fitness function measures some critical aspects of the system's behaviour of interest to the system designer. The strings corresponding to the optimal value of this function then will specify an optimal system design.",ieee,llm,0.990,unreviewed,,doi:10.1109/icct.2000.890889
discarded,HybridBEV: Hybrid Encode and Distillation for Improved BEV 3D Object Detection,Junyin Wang; Chenghu Du; Huikai Liu; Zhenchang Xia; Bingyi Liu; Shengwu Xiong,2025,IEEE Transactions on Intelligent Transportation Systems,10.1109/TITS.2025.3599015,https://ieeexplore.ieee.org/document/11175584/,off-topic-false-hit,"The development of surround-view cameras is crucial for the advancement of autonomous driving. Utilizing depth information and image features to simulate LiDAR bird’s-eye-view (BEV) features can accomplish efficient 3D object detection tasks. Existing dense BEV generation methods heavily rely on the use of depth features, however, the suboptimal exploitation of these features often results in ambiguity in object location and feature representation during the BEV generation process. To address this, we have designed a hybrid encode and distillation method to enhance 3D object detection performance, termed HybridBEV. Initially, we designed the HybridEncode module, which employs a resampling strategy of depth features in voxel space to obtain BEV features that more accurately reflect the distribution of objects. Subsequently, we introduced multiple distillation methods to supervise the network’s voxel features and BEV feature representations, assisting the student network in learning critical features from the teacher model and ensuring that BEV features can more distinctly represent object distribution. Furthermore, during network training, we loaded pre-trained weights from the teacher network to guide network optimization and accelerate training. Extensive experiments on the nuScenes benchmark demonstrate that HybridBEV can effectively improve the performance of the student network and outperform previous state-of-the-art methods based on surround-view cameras. The code will be published at https://github.com/wjyxx/HybridBEV",ieee,llm,1.000,unreviewed,,doi:10.1109/tits.2025.3599015
discarded,FAR-Net: Fast Anchor Refining for Arbitrary-Oriented Object Detection,Chenwei Deng; Donglin Jing; Yuqi Han; Shuliang Wang; Hongshuo Wang,2022,IEEE Geoscience and Remote Sensing Letters,10.1109/LGRS.2022.3144513,https://ieeexplore.ieee.org/document/9684888/,off-topic-false-hit,"Compared with natural images, targets in remote-sensing images are often distributed with more flexible orientation, aspect ratio, and scale. Thus, anchor-based algorithms often employ plenty of preset anchors to encode the above-mentioned attributes in object detection tasks. However, they often suffer from the following issues: 1) significant computational burden caused by dense-sampling anchors; 2) serious background interference since many anchors only cover small parts of the actual target; and 3) feature misalignment between the targets with the preset anchors due to the absence of the most discriminant features for target extraction. Therefore, in this letter, a fast anchor refining network (FAR-Net) is advocated to address the remaining issues for arbitrary-oriented object detection in the remote-sensing field. To be specific, a rotation alignment module (RAM) and balanced regression loss function (BR-loss) are carefully designed in the FAR-Net. The RAM is capable of generating high-quality anchors based on a refinement convolution and adaptively aligning the convolutional features by complying with the anchor boxes to reduce redundant calculation. The BR-loss is designed by employing a balanced loss function to prevent misaligned anchors from causing major gradient descents, thereby achieving a more stable network training procedure. Extensive experiments on public remote-sensing datasets (HRSC2016 and UCAS-AOD) demonstrate the excellent detection performance of our algorithm in comparison with numerous existing detectors.",ieee,llm,1.000,unreviewed,,doi:10.1109/lgrs.2022.3144513
discarded,Software Product Effort Estimation with Sequence Diagrams and Regression Analysis,Pulak Sahoo; Nayan Ranjan Paul; Asit Kumar Das; Prateek Sahoo; J. R. Mohanty,2024,2024 International Conference on Intelligent Computing and Sustainable Innovations in Technology (IC-SIT),10.1109/IC-SIT63503.2024.10862048,https://ieeexplore.ieee.org/document/10862048/,off-topic-false-hit,"Software development effort prediction is a critical aspect of project management. In order to successfully complete a product within all the constraints, the forecasted effort must be fairly reliable. In this work, we have come up with a reasonably viable work-effort estimation for projects developed through Object Oriented Analysis and Design (OOAD) Approach. The approach proposed in this work uses a selected set of features present in the Unified Modeling Language (UML) Sequence diagrams and customized ‘Machine-Learning Regression-analysis (ML-RA)’ programs to come up with a viably accurate prediction. The ML techniques include: Extreme Gradient Boosting (EGB), Extreme Learning Machines (ELM), Decision Tree (DT), Bayesian Ridge Regression (BRR) and Gaussian Processes with Neural Network Kernels methods (GPNN). Based on the out-comes of our experiments, it was clearly evident that the GPNN approach provided the highest accuracy with respect to other ML models.",ieee,llm,0.990,unreviewed,,doi:10.1109/ic-sit63503.2024.10862048
discarded,Engaging students in creative learning tasks with social networks and video-based learning,Jaime Urquiza-Fuentes; Isidoro Hernán-Losada; Estefanía Martín,2014,2014 IEEE Frontiers in Education Conference (FIE) Proceedings,10.1109/FIE.2014.7044210,https://ieeexplore.ieee.org/document/7044210/,adjacent-subtopic,"Video-based learning is a widely used approach for teaching. This paper investigates how this approach could be improved with other well known methodology: computer supported collaborative learning (CSCL). The integration of both approaches results in a creative and engaging educational activity, collaborative film-making. This task is supported by a platform developed as a social network During the design of the platform, opinions of teachers and students were taken into account. Both, teachers and students, agreed that this approach helps students to understand threshold concepts. In addition, students identified useful facilities in the platform like group-private workspaces or commenting tools. Students' satisfaction was high, in fact they recommend the use of this approach in more subjects.",ieee,llm,0.880,unreviewed,,doi:10.1109/fie.2014.7044210
discarded,Work in Progress - Learning Community and Active Learning Study,Trudy Howles,2007,"2007 37th Annual Frontiers In Education Conference - Global Engineering: Knowledge Without Borders, Opportunities Without Passports",10.1109/FIE.2007.4417906,https://ieeexplore.ieee.org/document/4417906/,adjacent-subtopic,"Learning communities involve creating a positive learning environment and focusing on interaction with students, faculty and staff, all of which have been connected to retention. Rochester Institute of Technology (RIT) is in the third year of a learning community program and has seen first-to-second year retention of learning community students 25% higher than the control group consisting of students not participating in a learning community. The CS department sponsors six learning communities including a special-population community for Women in Computing. CS communities are limited to 20 students and are taught in a studio environment, making the learning community project very resource-intensive. Different learning community models are being studied to determine the impact of size, active vs studio (hands-on computer) learning, and the impact of the duration of the community on student success and retention. This paper documents the preliminary results of a year-long study examining the various learning community formats and pedagogical approaches.",ieee,llm,0.980,unreviewed,,doi:10.1109/fie.2007.4417906
discarded,Class-wise Attention Reinforcement for Semi-supervised Meta-Learning,Xiaohang Pan; Fanzhang Li,2022,2022 26th International Conference on Pattern Recognition (ICPR),10.1109/ICPR56361.2022.9956154,https://ieeexplore.ieee.org/document/9956154/,off-topic-false-hit,"Meta-learning aims to learn some common knowledge quickly from the limited labeled examples. Semi-supervised meta-learning is developed to improve the learning performance of the learner using limited labeled data and available unlabeled data. This paper proposes a new semi-supervised meta-learning method called the class-wise attention reinforcement (CWAR) method from the distinction of class representation and the credibility of pseudo-labeling. Firstly, we propose a class-wise attention (CWA) module to generate the class-wise attention weight vectors and apply them to prototype, query set, and unlabeled auxiliary set, reinforcing the attention on critical features in the task. Then, we use the random data augmentation method to assign pseudo labels to unlabeled data. Moreover, to mitigate the effects of misclassification and noise-influenced samples on the prototype, generating weight as the coefficient to calculate the new prototype. Experimental results on two popular benchmarks demonstrate the proposed method’s effectiveness and have highly competitive performance compared with the state-of-the-art.",ieee,llm,1.000,unreviewed,,doi:10.1109/icpr56361.2022.9956154
discarded,Adapting CERIF for a national CRIS: A case study,D. Kremenjaš; P. Udovičić; O. Orel,2020,"2020 43rd International Convention on Information, Communication and Electronic Technology (MIPRO)",10.23919/MIPRO48935.2020.9245344,https://ieeexplore.ieee.org/document/9245344/,off-topic-false-hit,"A development and implementation of a national Current Research Information System (CRIS) in Croatia is on its way. During the design of the system, global trends in the area of research information management and exchange were considered. The initiative to share knowledge among a broad variety of stakeholders in the national research community resulted, among other, with CERIF case study. CERIF is a research information data model recommended by the EU and governed by euro CRIS. From a broad point of view, it meets the initial requirements for the system. In the area of semantics and multilingualism CERIF is effective and valuable. Nevertheless, at the very beginning of implementation, functionality gaps emerged and it was necessary to make certain adjustments, especially regarding temporal aspects. With the intention to achieve the resolution of observed gaps within the model and to satisfy key stakeholders' concerns, architectural modifications and extensions of the model were made. This paper includes the presentation of Croatian CRIS, CERIF and the case study explaining what is needed to adapt CERIF for a national research information management system and vice versa, all this while paying attention to the critical aspects.",ieee,llm,1.000,unreviewed,,doi:10.23919/mipro48935.2020.9245344
kept,A comparison of the comprehension of object-oriented and procedural programs by novice programmers,Susan Wiedenbeck; Vennila Ramalingam; Suseela Sarasamma; Cynthia L. Corritore,1999,Interacting with Computers,10.1016/S0953-5438(98)00029-0,https://ieeexplore.ieee.org/document/8160317/,qualifies-claim,"This paper reports on two experiments comparing mental representations and program comprehension by novices in the object-oriented and procedural styles. The subjects were novice programmers enrolled in a second course in programming which taught either the object-oriented or the procedural paradigm. The first experiment compared the mental representations and comprehension of short programs written in the procedural and object-oriented styles. The second experiment extended the study to a larger program incorporating more advanced language features. For the short programs there was no significant difference between the two groups with respect to the total number of questions answered correctly, but the object-oriented subjects were superior to the procedural subjects at answering questions about program function. This suggests that function information was more readily available in their mental representations of the programs and supports an argument that the object-oriented notation highlights function at the level of the individual class. For the long program a corresponding effect was not found. The comprehension of procedural subjects was superior to object-oriented subjects on all types of question. The difficulties experienced by the object-oriented subjects in answering questions in a larger program suggest that they faced problems in marshaling information and drawing inferences from it. We suggest that this result may be related to a longer learning curve for novices of the object-oriented style, as well as to features of the OO style and the particular OO language notation.",ieee,llm,0.980,unreviewed,,doi:10.1016/s0953-5438(98)00029-0
discarded,Adaptive Intelligence for Enhancing Learning Productivity: A Design Framework Applied in Computer Programming (Diploma Level),John Michael V. Legaspi; Melvin P. Ballera,2025,2025 IEEE Symposium on Wireless Technology & Applications (ISWTA),10.1109/ISWTA68114.2025.11329535,https://ieeexplore.ieee.org/document/11329535/,adjacent-subtopic,"This research proposes and validates a design framework for an adaptive intelligence application courseware aim to enhance learning productivity in computer programming (JAVA) of students taking diploma courses. A mixed-methods approach was used to address critical gaps including on challenges encountered in technical concepts and the limitations of static Learning Management Systems (LMS) in resource-constrained environments. With participatory surveys, the initial analysis, algorithmic thinking are major concerns of the students in programming concepts. On clustering analysis results distinct students struggle on foundational concepts which are very important in first phase on learning programming like java. The developed proposed courseware framework, utilizing Java programming language is align on industry relevance, leverages an adaptive learning application to dynamically tailor on courseware content, efficient pacing, and feedback mechanism based on the student's real-time struggle profile. This research structured approach provides a scalable and validated solution for computer programming education toward personalized, competency-based IT industry standard in the Philippines.",ieee,llm,0.910,unreviewed,,doi:10.1109/iswta68114.2025.11329535
discarded,Designing Animation Programs for Teaching and Learning Programming by Following Principles of Multimedia Learning,Tlou J Ramabu; Ian Sanders; Marthie Schoeman,2025,2025 IST-Africa Conference (IST-Africa),10.23919/IST-Africa67297.2025.11060516,https://ieeexplore.ieee.org/document/11060516/,adjacent-subtopic,"There are many animation programs for teaching and learning programming concepts. There is, however, a lack of rigorous guidelines or a concrete basis for developing such animation programs. As a result, the use of such animation programs in teaching and learning can be detrimental to learning. This is because random design of the animation programs can do more harm than good in the purpose they have been designed for. The objective of this paper is to address the limitations of existing animation programs and demonstrate a way of designing animation programs. The main aspects of the methodology are literature review and application of Mayer's 12 principles of multimedia learning when designing animation programs for teaching and learning to program. We have designed and tested such animation programs and found them effective in teaching and learning. However, the focus of this paper is on the design principles of such animation programs.",ieee,llm,0.960,unreviewed,,doi:10.23919/ist-africa67297.2025.11060516
discarded,Introductory Programming Courses: Teachers Conceptions about the Object to be Taught,Ana María Piccin; Graciela Dora Susana Hadad,2021,2021 16th International Conference on Computer Science & Education (ICCSE),10.1109/ICCSE51940.2021.9569656,https://ieeexplore.ieee.org/document/9569656/,adjacent-subtopic,"Specialized literature shows evidence that students in introductory courses fail to develop basic programming skills, a circumstance that may contribute, to some extent, to the high early dropout rates in computing degree programs. Efforts to improve the introductory teaching of programming appear unsuccessful. It has been suggested that, in practice, teachers are guided by their opinions and personal theories, leaving aside proven teaching strategies. This paper presents a phenomenographic study, which offers a description of what computer science teachers believe they should teach in introductory programming courses. The study was carried out through a survey and interviews with teachers belonging to universities in a populous metropolitan city. Teachers' beliefs about their students, the discipline of programming, and the knowledge to be taught, were identified and organized. The object to be taught was constructed as a collective conception providing the essence of what teachers think they should teach. The components of the object to be taught, as expressed by the interviewed teachers, were contrasted against the curricula of computing degree programs. This triggered the outline of recommendations for educational management in terms of curricula design, content management, teacher training, and teaching practice. Due to the rigorous method followed in this study, its replication in different regions and with larger samples is easily feasible and highly recommended.",ieee,llm,0.800,unreviewed,,doi:10.1109/iccse51940.2021.9569656
