status,title,authors,year,venue,doi,url,tags,abstract,provider,decision_source,llm_confidence,llm_review_outcome,llm_change_direction
discarded,Object-oriented finite element analysis of thermo-hydro-mechanical (THM) problems in porous media,"Wang, Wenqing; Kolditz, Olaf",2007,INTERNATIONAL JOURNAL FOR NUMERICAL METHODS IN ENGINEERING,10.1002/nme.1770,https://www.webofscience.com/wos/woscc/full-record/WOS:000243550800006,adjacent-subtopic; application-paper; mentions-encapsulation,"The design, implementation and application of a concept for object-oriented in finite element analysis of multi-field problems is presented in this paper. The basic idea of this concept is that the underlying governing equations of porous media mechanics can be classified into different types of partial differential equations (PDEs). In principle, similar types of PDEs for diverse physical problems differ only in material coefficients. Local element matrices and vectors arising from the finite element discretization of the PDEs are categorized into several types, regardless of which physical problem they belong to (i.e. fluid flow, mass and heat transport or deformation processes). Element (ELE) objects are introduced to carry out the local assembly of the algebraic equations. The object-orientation includes a strict encapsulation of geometrical (GEO), topological (MSH), process-related (FEM) data and methods of element objects. Geometric entities of an element such as nodes, edges, faces and neighbours are abstracted into corresponding geometric element objects (ELE-GEO). The relationships among these geometric entities form the topology of element meshes (ELE-MSH). Finite element objects (ELE-FEM) are presented for the local element calculations, in which each classification type of the matrices and vectors is computed by a unique function. These element functions are able to deal with different element types (lines, triangles, quadrilaterals, tetrahedra, prisms, hexahedra) by automatically choosing the related element interpolation functions. For each process of a multi-field problem, only a single instance of the finite element object is required. The element objects provide a flexible coding environment for multi-field problems with different element types. Here, the C++ implementations of the objects are given and described in detail. The efficiency of the new element objects is demonstrated by several test cases dealing with then no-hydro-mechanical (THM) coupled problems for geotechnical applications. Copyright (c) 2006 John Wiley & Sons, Ltd.",wos,llm,0.890,unreviewed,
discarded,Cell modeling with reusable agent-based formalisms,"Webb, K; White, T",2006,APPLIED INTELLIGENCE,10.1007/s10489-006-6937-9,https://www.webofscience.com/wos/woscc/full-record/WOS:000236031800005,adjacent-subtopic; application-paper; mentions-encapsulation,"Biologists are building increasingly complex models and simulations of cells and other biological entities, and are looking at alternatives to traditional representations. Making use of the object-oriented (OO) paradigm, the Unified Modeling Language (UML) and Real-time Object-Oriented Modeling (ROOM) visual formalisms, and the Rational Rose RealTime (RRT) visual modeling tool, we summarize a previously-described multi-step process for constructing top-down models of cells. We first construct a simple model of a cell using an architecture in which all objects are containers, agents, or passive objects. We then reuse these architectural principles and components to extend our simple cell model into a more complex cell, the goal being to demonstrate that encapsulation familiar to artificial intelligence researchers can be employed by systems biologists in their models. A red blood cell is embedded in a straight-forward manner within a larger system, which is in turn iteratively embedded within still larger systems, including a blood vessel, a circulatory system, a human being, and a simple ecology. Each complexity increment reuses the same architectural principles, including the use of agents, each of which continuously either moves passive small molecules between containers, or transforms these passive objects from one type into another. We show how it is possible to start with a direct diagrammatic representation of a biological structure such as a cell, using terminology familiar to biologists, and by following a process of gradually adding more and more detail, arrive at a system with structure and behavior of arbitrary complexity that can run and be observed on a computer.",wos,llm,0.790,unreviewed,
discarded,Protecting representation with effect encapsulation,"Lu, Y; Potter, J",2006,ACM SIGPLAN NOTICES,,https://www.webofscience.com/wos/woscc/full-record/WOS:000235615800033,adjacent-subtopic; type-system; representation-exposure,"Representation exposure is a well-known problem in the object-oriented realm. Object encapsulation mechanisms have established a tradition for solving this problem based on a principle of reference containment. This paper proposes a novel type system which is based on a different principle, we call effect encapsulation, which confines side effects, rather than object references, according to an ownership structure. Compared to object encapsulation, effect encapsulation liberates us from the restriction on object referenceability and offers more flexibility. In this paper, we show that effect encapsulation can be statically type checked.",wos,llm,0.910,unreviewed,
kept,Reusing code for modernization of legacy systems,"Jha, Meena; Maheshwari, Piyush",2006,"13TH IEEE INTERNATIONAL WORKSHOP ON SOFTWARE TECHNOLOGY AND ENGINEERING PRACTICE, PROCEEDINGS",,https://www.webofscience.com/wos/woscc/full-record/WOS:000240798000013,supports-claim; information-hiding; legacy-modernization,"Modernizing scientific legacy system to object-oriented platforms has been a challenge for the research community over the past few years. It is infeasible to rewrite the entire software with new design rules. The practice of software development continues to shift towards the reuse of legacy systems to handle the complexities of software development. Object-oriented programming enables us to reuse the code by organizing the system into objects by information hiding, encapsulation, polymorphism and other techniques, which results in increased flexibility compared to non object-oriented systems. In this paper, we propose a new four phase process for modernization of legacy systems reusing the existing code. The paper proposes how the computing community can change programming paradigm to take an advantage of modern software design principles, particularly object-oriented programming. This process can be used to convert legacy FORTRAN code into a new object-oriented implementation written in a language such as C++.",wos,llm,0.920,unreviewed,
discarded,Combining the robustness of checked exceptions with the flexibility of unchecked exceptions using anchored exception declarations,"van Dooren, M; Steegmans, E",2005,ACM SIGPLAN NOTICES,,https://www.webofscience.com/wos/woscc/full-record/WOS:000233404900029,adjacent-subtopic; exceptions; mentions-encapsulation,"Ever since their invention 30 years ago, checked exceptions have been a point of much discussion. On the one hand, they increase the robustness of software by preventing the manifestation of unanticipated checked exceptions at run-time. On the other hand, they decrease the adaptability of software because they must be propagated explicitly, and must often be handled even if they cannot be signalled.

We show that the problems with checked exceptions are caused by a lack of expressiveness of the exceptional return type of a method, which currently dictates a copy & paste style. We add the required expressiveness by introducing anchored exception declarations, which allow the exceptional behavior of a method to be declared relative to that of others. We present the formal semantics of anchored exception declarations, along with the necessary rules for ensuring compile-time safety, and give a proof of soundness. We show that anchored exception declarations do not violate the principle of information hiding when used properly, and provide a guideline for when to use them.

We have implemented anchored exception declarations in Cappuccino, which is an extension to the ClassicJava programming language.",wos,llm,0.830,unreviewed,
discarded,Optimal design of object-oriented databases in automatic information-control systems. I. Analysis of problem domains,"Kul'ba, VV; Sirotyuk, VO",2005,AUTOMATION AND REMOTE CONTROL,,https://www.webofscience.com/wos/woscc/full-record/WOS:000232093000011,adjacent-subtopic; oodb; mentions-encapsulation,"Design of object-oriented databases for automatic information control systems is studied. A formal method of analysis and design of optimal structures for object-oriented databases is developed on the basis of sequential interconnected formalizations of user problem domains, clustering of user information and functional requirements, design and analysis of object models for user requirements and object canonical structure of databases and design of optimal logical structures for object-oriented databases. Methods of analysis of problem domains of database users and construction of effective object canonical database structures in the form of classes, objects, and their relations and satisfying principles of abstraction, encapsulation, modularity, and hierarchy are described.",wos,llm,0.860,unreviewed,
discarded,Mirrors: Design principles for meta-level facilities of object-oriented programming languages,"Bracha, G; Ungar, D",2004,ACM SIGPLAN NOTICES,,https://www.webofscience.com/wos/woscc/full-record/WOS:000228341400023,adjacent-subtopic; meta-level; different-sense,"We identify three design principles for reflection and metaprogramming facilities in object oriented programming languages. Encapsulation: meta-level facilities must encapsulate their implementation. Stratification: meta-level facilities must be separated from base-level functionality. Ontological correspondence: the ontology of meta-level facilities should correspond to the ontology of the language they manipulate. Traditional/mainstream reflective architectures do not follow these precepts. In contrast, reflective APIs built around the concept of mirrors are characterized by adherence to these three principles. Consequently, mirror-based architectures have significant advantages with respect to distribution, deployment and general purpose metaprogramming.",wos,llm,0.840,unreviewed,
kept,A new approach to component-oriented programming,"Al-Ahmad, W",2004,"SERP'04: PROCEEDINGS OF THE INTERNATIONAL CONFERENCE ON SOFTWARE ENGINEERING RESEARCH AND PRACTICE, VOLS 1 AND 2",,https://www.webofscience.com/wos/woscc/full-record/WOS:000225905800047,supports-claim; component-programming; encapsulation-key-principle,There is no doubt that components make a significant contribution to the solution of software engineering problems. Component-oriented programming is changing the way we think about programming in general and programming of distributed systems in particular. Encapsulation is a key software engineering principle that must be guaranteed in component-oriented programming. This paper presents an overview of the support that major object-oriented programming languages such as C# and Java offer to accommodate component programming. This paper then proposes a pure component abstraction that will better support the principle of encapsulation and develops requirements for full support of component programming using object-oriented concepts.,wos,llm,0.940,unreviewed,
discarded,Validating inter-object interaction in object-oriented designs,"Malhotra, V; Stanton, SC",2004,"Proceedings of the Fourth IASTED International Conference on Modelling, Simulation, and Optimization",,https://www.webofscience.com/wos/woscc/full-record/WOS:000228483700043,adjacent-subtopic; verification; mentions-encapsulation,"Object classes are the building blocks for object-oriented software. Design methodologies have focused on methods, tools and representations to build classes taking advantages of inheritance and encapsulation properties. The guiding principle being that if all classes are correctly constructed a system consisting of objects in these classes will be correct. Efforts to include object constraints in object-oriented programs have not attained the role commensurate with the role invariants play in traditional imperative programs in understanding the programs and in establishing correctness properties. The paper describes use of a model checker to establish the correctness of an object-oriented design.",wos,llm,0.910,unreviewed,
discarded,Quantifying the quality of object-oriented design: The factor-strategy model,"Marinescu, R; Ratju, D",2004,"11TH WORKING CONFERENCE ON REVERSE ENGINEERING, PROCEEDINGS",,https://www.webofscience.com/wos/woscc/full-record/WOS:000225596700022,adjacent-subtopic; design-quality; metrics,"The quality of a design has a decisive impact on the quality of a software product; but due to the diversity and complexity of design properties (e.g., coupling, encapsulation), their assessment and correlation with external quality attributes (e.g., maintenance, portability) is hard. In contrast to traditional quality models that express the ""goodness"" of design in terms of a set of metrics, the novel Factor-Strategy model proposed by this paper relates explicitly the quality of a design to its conformance with a set of essential principles, rules and heuristics. This model is based on a novel mechanism, called detection strategy, that raises the abstraction level in dealing with metrics, by allowing to formulate good-design rules and heuristics in a quantifiable manner and to detect automatically deviations from these rules. This quality model provides a twofold advantage: (i) an easier construction and understanding of the model as quality is put in connection with design principles rather than ""raw numbers""; and (ii) a direct identification of the real causes of quality flaws. We have validated the approach through a comparative analysis involving two versions of a industrial software system.",wos,llm,0.840,unreviewed,
discarded,Construction method of catchment hydrological model based on SuperflexPy,Wenpeng W.,2026,Journal of Hohai University Natural Sciences,10.3876/j.issn.1000-1980.2026.03.002,https://www.scopus.com/inward/record.uri?partnerID=HzOxMe3b&scp=105040966768&origin=inward,off-topic-false-hit; non-software-modular,,scopus,llm,0.970,unreviewed,
discarded,Optimization of Object-Oriented Modeling Methods for Complex Distributed Systems,Ma X.,2026,2026 6th International Symposium on Computer Technology and Information Science Isctis 2026,10.1109/ISCTIS70043.2026.11572373,https://www.scopus.com/inward/record.uri?partnerID=HzOxMe3b&scp=105044594843&origin=inward,adjacent-subtopic; insufficient-abstract,,scopus,llm,0.600,unreviewed,
discarded,A Framework for the Interoperable Specification and Verification of Encapsulated Data Structures,Pfeifer W.,2026,Lecture Notes in Computer Science,10.1007/978-3-032-26220-2_5,https://www.scopus.com/inward/record.uri?partnerID=HzOxMe3b&scp=105040716573&origin=inward,adjacent-subtopic; verification; encapsulated-data-structures,,scopus,llm,0.930,unreviewed,
discarded,Towards Governance of Socio-Technical System of Systems: Leveraging Lessons from Proven Engineering Principles,Mogahed M.,2025,Systems,10.3390/systems13121113,https://www.scopus.com/inward/record.uri?partnerID=HzOxMe3b&scp=105025956510&origin=inward,off-topic-false-hit; systems-engineering,,scopus,llm,0.950,unreviewed,
discarded,Object-oriented modeling mechanism for digital twin workshop elements,Liu X.,2025,Advanced Engineering Informatics,10.1016/j.aei.2025.103635,https://www.scopus.com/inward/record.uri?partnerID=HzOxMe3b&scp=105010066074&origin=inward,adjacent-subtopic; digital-twin; insufficient-abstract,,scopus,llm,0.710,unreviewed,
discarded,Exploring the Basic Principles of Functional and Object-Oriented Programming,Nikolaeva D.,2025,2025 34th International Scientific Conference Electronics Et 2025 Proceedings,10.1109/ET66806.2025.11204033,https://www.scopus.com/inward/record.uri?partnerID=HzOxMe3b&scp=105022597185&origin=inward,adjacent-subtopic; teaching; general-oop,,scopus,llm,0.790,unreviewed,
discarded,Design an Energy Management System for a Smart Home Application using Object-Oriented Programming Techniques,Kutty S.B.,2025,2025 IEEE 8th International Conference on Electrical Electronics and System Engineering Engineering Education 5 0 Innovation Intelligence and Impact Iceese 2025,10.1109/ICEESE66784.2025.11212715,https://www.scopus.com/inward/record.uri?partnerID=HzOxMe3b&scp=105022658686&origin=inward,adjacent-subtopic; application-paper; smart-home,,scopus,llm,0.820,unreviewed,
discarded,Object-Oriented Software Engineering Security Practices in Healthcare Analytics: Ensuring Data Integrity and Compliance,Gupta M.,2025,Lecture Notes in Networks and Systems,10.1007/978-981-96-4139-0_36,https://www.scopus.com/inward/record.uri?partnerID=HzOxMe3b&scp=105021000470&origin=inward,adjacent-subtopic; security-practices,,scopus,llm,0.770,unreviewed,
discarded,Pattern-Oriented Refactoring: Protecting the Template Method Behavior,Ramirez-Garcia E.A.,2025,Proceedings 2025 13th International Conference in Software Engineering Research and Innovation Conisoft 2025,10.1109/CONISOFT66928.2025.00018,https://www.scopus.com/inward/record.uri?partnerID=HzOxMe3b&scp=105034781962&origin=inward,adjacent-subtopic; refactoring,,scopus,llm,0.720,unreviewed,
discarded,Effort-Aware Fault-Proneness Prediction Using Non-API-Based Package-Modularization Metrics,Shaikh M.,2024,Mathematics,10.3390/math12142201,https://www.scopus.com/inward/record.uri?partnerID=HzOxMe3b&scp=85199515628&origin=inward,adjacent-subtopic; modularization-metrics,,scopus,llm,0.780,unreviewed,
discarded,A review on graph representation for object-oriented programming,Khattak U.F.,2024,Bio Web of Conferences,10.1051/bioconf/20249700131,https://www.scopus.com/inward/record.uri?partnerID=HzOxMe3b&scp=85190610680&origin=inward,adjacent-subtopic; review; general-oop,,scopus,llm,0.800,unreviewed,
discarded,OBJECT-ORIENTED ONLINE COURSE RECOMMENDATION SYSTEMS BASED ON DEEP NEURAL NETWORKS,Luo H.,2024,Journal of Theoretical and Applied Information Technology,,https://www.scopus.com/inward/record.uri?partnerID=HzOxMe3b&scp=85185524376&origin=inward,off-topic-false-hit; application-system,,scopus,llm,0.970,unreviewed,
discarded,An Empirical Evaluation of Design Smells and Code Smells Over Multiple Versions of Software Evolution,Sharma K.,2024,Lecture Notes in Networks and Systems,10.1007/978-981-97-2550-2_68,https://www.scopus.com/inward/record.uri?partnerID=HzOxMe3b&scp=85200942405&origin=inward,adjacent-subtopic; code-smells,,scopus,llm,0.760,unreviewed,
discarded,Design Patterns in .NET: Mastering design patterns to write dynamic and effective .NET Code,Yaroshenko T.,2024,Design Patterns in Net Mastering Design Patterns to Write Dynamic and Effective Net Code,,https://www.scopus.com/inward/record.uri?partnerID=HzOxMe3b&scp=105022957078&origin=inward,adjacent-subtopic; book; design-patterns,,scopus,llm,0.780,unreviewed,
discarded,Agent-Oriented Ontological Engineering for Multiagent Cyber-Physical Systems Utilizing Meta-Associative Graphs,Borisov V.V.,2024,Lecture Notes in Networks and Systems,10.1007/978-3-031-77411-9_13,https://www.scopus.com/inward/record.uri?partnerID=HzOxMe3b&scp=85214005791&origin=inward,off-topic-false-hit; agent-ontology,,scopus,llm,0.960,unreviewed,
discarded,"Object-Oriented Requirements: a Unified Framework for Specifications, Scenarios and Tests",Naumcheva M.,2023,Journal of Object Technology,10.5381/JOT.2023.22.1.3,https://www.scopus.com/inward/record.uri?partnerID=HzOxMe3b&scp=85164572493&origin=inward,adjacent-subtopic; requirements,,scopus,llm,0.800,unreviewed,
discarded,Object-Oriented Analysis of Frame 3D Textile Structures,Orlovsky B.V.,2023,Journal of Engineering Sciences Ukraine,10.21272/jes.2023.10(2).c4,https://www.scopus.com/inward/record.uri?partnerID=HzOxMe3b&scp=85174957067&origin=inward,off-topic-false-hit; textile-structures,,scopus,llm,0.990,unreviewed,
discarded,"A Survey on Microservices Architecture: Principles, Patterns and Migration Challenges",Velepucha V.,2023,IEEE Access,10.1109/ACCESS.2023.3305687,https://www.scopus.com/inward/record.uri?partnerID=HzOxMe3b&scp=85168269805&origin=inward,adjacent-subtopic; microservices,,scopus,llm,0.880,unreviewed,
discarded,Technique to enhance Modular Protection in Legacy Software Systems,Perez N.B.,2023,Applications in Software Engineering Proceedings of the 12th International Conference on Software Process Improvement Cimps 2023,10.1109/CIMPS61323.2023.10528853,https://www.scopus.com/inward/record.uri?partnerID=HzOxMe3b&scp=85194265780&origin=inward,adjacent-subtopic; legacy-software; modular-protection,,scopus,llm,0.710,unreviewed,
discarded,"Beginning Java Objects: From Concepts to Code, Third Edition",Barker J.,2023,Beginning Java Objects from Concepts to Code Third Edition,10.1007/978-1-4842-9060-6,https://www.scopus.com/inward/record.uri?partnerID=HzOxMe3b&scp=105007959080&origin=inward,adjacent-subtopic; teaching; book,,scopus,llm,0.840,unreviewed,
discarded,Does CAD Smell Like Code? A Mapping Between Violation of Object Oriented Programming Design Principles and Computer Aided Design Modelling,Rosso P.,2022,Proceedings of the Design Society,10.1017/pds.2022.176,https://www.scopus.com/inward/record.uri?partnerID=HzOxMe3b&scp=85131375984&origin=inward,adjacent-subtopic; design-principles-mapping,,scopus,llm,0.810,unreviewed,
