status,title,authors,year,venue,doi,url,tags,abstract,provider,decision_source,llm_confidence,llm_review_outcome,llm_change_direction
discarded,Using Postal Mail System to Teach Packet Switching in Computer Networks,"Zhang, Yongzhong; Yang, Jianhua",2018,2018 32ND INTERNATIONAL CONFERENCE ON ADVANCED INFORMATION NETWORKING AND APPLICATIONS WORKSHOPS (WAINA),10.1109/WAINA.2018.00054,https://www.webofscience.com/wos/woscc/full-record/WOS:000714957400001,off-topic-false-hit; network-packet-encapsulation; teaching,"In this paper, we propose an approach to use postal mail system to teach computer networking communication. From many years of teaching computer networking class in college, we found that most students are hard to understand some key concepts well in computer networking communication, such as packet, encapsulation, packet switching vs. circuit switching, routing, IP address, and MAC address. We explored to use postal mail system, esp. how a letter travels, to help students understand packet switching in computer network, and received positive feedback. In this paper, we first modeling postal mail system and packet switching computer network, then compare the two systems in terms of layering design, communication architecture, packet encapsulation, IP address, packet routing, datalink layer delivery, and AS. The whole idea is to help college students learn computer networking by referring to a real world system which can be easily understood.",wos,llm,1.000,unreviewed,
discarded,Impact of Static and Dynamic Visualization in Improving Object-Oriented Programming Concepts,"Earwood, Brandon; Yang, Jeong; Lee, Young",2016,2016 IEEE FRONTIERS IN EDUCATION CONFERENCE (FIE),,https://www.webofscience.com/wos/woscc/full-record/WOS:000392331500290,adjacent-subtopic; teaching; visualization,"In computer science education, the programming environment is just as crucial as the classroom environment. Students must be provided with adequate tools for developing an understanding of computer science paradigms. These paradigms include object-oriented programming (OOP) concepts, such as inheritance, polymorphism, and encapsulation. JavelinaCode is a web-based integrated development environment (IDE) for Java programming that provides students with both a static and dynamic visualization of code; the static structure of code at compile time and the dynamic execution of code at run time. The objective of this research is to present the differences between JavelinaCode and similar programming environment tools to demonstrate how JavelinaCode improves students' understanding of OOP concepts. Comparative analysis is conducted between JavelinaCode and programming environment tools, including BlueJ, Jeliot 3, AguiaJ, JIVE, and jGRASP. Each of these tools is evaluated on the basis of time constraints for download and installation, complexity of the download process and tool's interface, and the provision of static and dynamic visualizations. The results of the comparative analysis show that JavelinaCode provides students with a more effective tool for understanding OOP concepts than those considered. This is due to a simplified set up process and user interface and a better integrated set of visualizations. The combination of these factors contributes to a programming environment that emphasizes developing and running code.",wos,llm,0.910,unreviewed,
discarded,Towards a taxonomy of errors in PLC programming,"Duschl, Kerstin C.; Gramss, Denise; Obermeier, Martin; Vogel-Heuser, Birgit",2015,COGNITION TECHNOLOGY & WORK,10.1007/s10111-014-0307-x,https://www.webofscience.com/wos/woscc/full-record/WOS:000361174200009,adjacent-subtopic; plc-programming; education,"Based on previous studies on programming errors and their causes, the presented paper investigates errors that application engineers in the area of machine and plant automation make while creating either function block diagrams, plcML [an adaption of the unified modelling language (UML)] or modAT4rMS code (a newly developed modelling language that adapts and combines aspects of UML and SysML). A laboratory-based study with 52 mechatronics apprentices and electrical engineering technicians with knowhow in manufacturing system design but comparably undeveloped programming skills has been conducted, in which the subjects' errors and think-aloud statements during code creation were recorded. In a subsequent step, these data have been analysed by the cognitive causes of the coding errors applying the skill-rules-knowledge framework. As a result, a taxonomy of errors is presented. Results indicate that most of the errors in the subjects' code are due to insufficient understanding of the notation's syntax, problems with the rules of encapsulation, the creation of modules and finally with the creation of variants and aggregations, which are all located at the rule-based level. Errors at the skill-based level mainly occurred during behavioural modelling with modAT4rMS. It is argued that the provided insights can be used for improving education on programmable logic controller (PLC) languages and for the design of tools that support PLC programmers at detecting and fixing errors within their code.",wos,llm,0.820,unreviewed,
discarded,"Delegate, Decorate, State, and Illustrate in the OOP Course","Boshart, Mark A.; Kosa, Martha J.",2015,ITICSE'15: PROCEEDINGS OF THE 2015 ACM CONFERENCE ON INNOVATION AND TECHNOLOGY IN COMPUTER SCIENCE EDUCATION,10.1145/2729094.2754853,https://www.webofscience.com/wos/woscc/full-record/WOS:000714939400067,adjacent-subtopic; teaching; oop-course,"We regularly teach a required OOP course which serves as the bridge between the introductory CS1/CS2 sequence and the senior software engineering sequence. We stress the fundamental concepts of polymorphism, inheritance, and encapsulation. The students transition from writing small programs to larger programs with multiple classes and hierarchical structures. They learn and apply several of the original Gang of Four (GoF) design patterns [1]. We share practical and fun examples of applying the decorator, state, and model-view-controller (MVC) design patterns, along with the critical OOP concept of delegation, that we have used in the classroom and our weekly labs and programming assignments.",wos,llm,0.910,unreviewed,
discarded,"AN ANALYSIS OF JAVA PROGRAMMING BEHAVIORS, AFFECT, PERCEPTIONS, AND SYNTAX ERRORS AMONG LOW-ACHIEVING, AVERAGE, AND HIGH-ACHIEVING NOVICE PROGRAMMERS","Rodrigo, Ma Mercedes T.; Andallaza, Thor Collin S.; Castro, Francisco Enrique Vicente G.; Armenta, Marc Lester V.; Dy, Thomas T.; Jadud, Matthew C.",2013,JOURNAL OF EDUCATIONAL COMPUTING RESEARCH,10.2190/EC.49.3.b,https://www.webofscience.com/wos/woscc/full-record/WOS:000334900400002,adjacent-subtopic; education; novice-programmers,"In this article we quantitatively and qualitatively analyze a sample of novice programmer compilation log data, exploring whether (or how) low-achieving, average, and high-achieving students vary in their grasp of these introductory concepts. High-achieving students self-reported having the easiest time learning the introductory programming topics. In a quantitative analysis, though, high-aChieving and average students were: 1) more effective at debugging (on average, as quantified by Jadud's Error Quotient (EQ)) than low-achieving students; and 2) were least confused, as quantified using Lee's confusion metric. However, the differences in EQ and confusion between groups were not statistically significant. This implied that all groups struggled with programming to similar extents. This fmding was further supported by the qualitative analysis, in which we found that no group was immune to a particular error type. All groups had difficulties finding small errors, including: differences in capitalization and missing commas; recognizing the scope and lifetime of a variable; confusing the assignment operator with the equal comparator; misusing the variants of the print statement; misusing or failing to use parameters; and implementing principles of object-oriented design such as information hiding and encapsulation. For computer science researchers and educators, the findings suggest learning pitfalls against which teachers can guard during instruction. The findings also imply the need for more reactive and anticipatory support environments, and the usefulness of large scale data collection and analysis in the study of novice programmers.",wos,llm,0.920,unreviewed,
discarded,Designing Grace: Can an Introductory Programming Language Support the Teaching of Software Engineering?,"Noble, James; Homer, Michael; Bruce, Kim B.; Black, Andrew P.",2013,2013 IEEE 26TH INTERNATIONAL CONFERENCE ON SOFTWARE ENGINEERING EDUCATION AND TRAINING (CSEE&T),,https://www.webofscience.com/wos/woscc/full-record/WOS:000328540900023,adjacent-subtopic; teaching-language; information-hiding,"Many programming language constructs that support software engineering in the large - explicit variable declarations, explicit external dependencies, static types, information hiding, invariants - provide little benefit to the small programs written by novice programmers, where every extra syntactic token has to be explained and understood before novices can succeed in running even the simplest program. We are designing Grace, a new educational object-oriented language that we hope will prove useful for teaching both programming and software engineering. This paper describes some of the tradeoffs between teaching programming and teaching software engineering that we faced while designing Grace, and our attempts to address those tradeoffs.",wos,llm,0.910,unreviewed,
discarded,OUTDOORS VIRTUAL MUSEUM,"Kashtan, Yael; Forkosh-Baruch, Alona",2013,EDULEARN13: 5TH INTERNATIONAL CONFERENCE ON EDUCATION AND NEW LEARNING TECHNOLOGIES,,https://www.webofscience.com/wos/woscc/full-record/WOS:000346798300034,off-topic-false-hit; education-ict,"The information era is evident in the implementation of ICT (Information and Communication Technology) in schools. ICT may be used to collect information, organize it, store and share it, thereby mediating between students and world phenomena. On the verge of the 21st century we are witnessing the emergence of paperless schools, e.g. schools that utilize digital books, notebooks and virtual labs as a substitute for paper books, notebooks and physical labs. Accordingly, students deal mostly, not with the physical world, but rather with its representation. This creates a parallel world, rather than a merging of the two worlds: the virtual and the physical.

This may be linked to the core notion of Vygotsky's cultural-historical activity theory, which states that individuals do not act directly within the environment, but rather artifacts mediate relationships with objects in the physical world [1]. Hence, tools, as well as ICT applications and the Internet itself, may serve as artifacts, which facilitate higher order skills and thus mediate learning in schools and beyond. Engestrom [2] argues against the separation between schooling and other learning experiences; he refers to it as the encapsulation of school learning. To overcome this encapsulation, he offers emphasis on the role of mediating artifacts in human cognition and learning.

Environmental programs, being international in nature, may combine real-world experiences with ICT. According to Vygotsky's cultural-historical activity theory, educational design and evaluation, whether in-class or with relation to the virtual environment, should reflect cultural-historical aspects of human activity. Effects of these programs should include indicators measuring sustainable changes [3].

The project described herewith, ""Outdoors Virtual Museum"" was designed in the spirit of the cultural-historical activity theory. A section of the Tel Aviv coast (Israel), where Levinsky College of Education and Alterman High School are both located, includes a natural wild area with a sandstone ridge and a wetland with some vernal ponds. It is the habitat of several species of plants and animals, some rare and endangered. This region is planned to undergo massive development as part of the city plan high-rise buildings for housing, roads, shopping malls and entertainment quarters.

The project goals are to promote an activist-ecological agenda and to facilitate authentic learning in a technology-rich environment. Hence, by highlighting the natural value of the area, we achieve enhanced awareness among students, all of which are Tel-Aviv residents. The project involves 7th grade students and college education students documenting the nature life of the environment and changes due to the development process planned by the municipality. College and High school students, together with an ecologist and their science and science education teachers, toured the area several times and designed 7 stations representing diverse ecological niches. The exact locations were pinpointed using Google Earth. Each stop was then visited once a month by a group of students, measuring temperature and shadowing, and taking photos of the area, and documenting animals and plants. Each location was accompanied by a website constructed for displaying information, including photos. Websites were constructed using Google Sites by the students and updated on a monthly basis. In each physical location a QR code was incorporated, allowing visitors to access information on the websites.

This project tackles the encapsulation of school learning by using ICT tools to mediate between the environment and the students. The added value of the product is the exposure of data and information within the community, as the QR-codes in the real world are in open spaces. Allowing their scanning and entering the web pages by all community members.",wos,llm,0.990,unreviewed,
discarded,NASPOO: an Algorithmic Standard Notation for Object- Oriented Programming,"Ottogalli Fernandez, Kiara Alexandra; Martinez Morales, Amadis Antonio; Leon Guzman, Luis Guillermo",2011,TELEMATIQUE,,https://www.webofscience.com/wos/woscc/full-record/WOS:000215576100005,adjacent-subtopic; teaching; notation-for-oop,"In computer science many approaches to develop software exist and have evolved to become different programming paradigms, including the Object-Oriented Programming paradigm (OOP). This paradigm has proved to be important today for the design and development of applications, making it fundamental to the process of teaching computer science. When teaching OOP is desirable that the student knows the basic concepts, independently of the programming languages, reason why is recommended the use of a pseudoformal language or pseudocode. However, the absence of a standard pseudoformal language has made the student to focus more on learning different notations to represent the algorithmic structures than learning the structures themselves. Moreover, this leads reading and interpretation errors among different programmers that use different notations to represent algorithms. To solve this problem, a proposal of an algorithmic standard notation for teaching object-oriented programming (NASPOO) is presented. NASPOO complements the proposal of algorithmic standard notation for teaching imperative programming (NASPI), and offers structures that support the essential characteristics of the object-oriented model: abstraction, encapsulation, modularity and hierarchy.",wos,llm,0.890,unreviewed,
discarded,Pattern of Plagiarism in Novice Students' Generated Programs: An Experimental Approach,"Ahmadzadeh, Marzieh; Mahmoudabadi, Elham; Khodadadi, Farzad",2011,JOURNAL OF INFORMATION TECHNOLOGY EDUCATION-INNOVATIONS IN PRACTICE,,https://www.webofscience.com/wos/woscc/full-record/WOS:000214739500012,off-topic-false-hit; plagiarism-detection,"Anecdotal evidence shows that in computer programming courses plagiarism is a widespread problem. With the growing number of students in such courses, manual plagiarism detection is impractical. This requires instructors to use one of the many available plagiarism detection tools.

Prior to choosing one of such tools, a metric that assures the chosen plagiarism detection tool is effective for novice programmer plagiarism is required. It must be able to detect the difference between accidental similarities and plagiarized code.

In this research we looked for such metrics by an experimental approach that was carried out in three phases. In the first phase we learned the possible ways to plagiarize, which was done by interviewing students. Categorizing the known methods lead us to the most popular plagiarism approach that was applied by the students. Therefore an experiment was designed to simulate the real plagiarism situation. Data that was gathered in this phase were evaluated against real plagiarism data to ensure the results.

The result showed that object-orientation concepts were of little interest for students to plagiarize; instead converting basic structures and syntax were more popular. This means that a source code which is not original is less likely to be different in terms of inheritance structure, encapsulation, or polymorphism from its original source code. This implies that an effective plagiarism detection system that is used for undergraduate teaching purposes should be able to identify similar simple structures rather than focusing on some more advanced options of languages such as inheritance. It should be noted that the conducted experiments included both freshmen and senior students and the programming language that was used for the experiment was Java, which is an object-oriented language. Therefore the results can be generalized to all computer science undergraduates who program using an object oriented language.",wos,llm,0.980,unreviewed,
discarded,A PROGRAMMING PEDAGOGY FOR FIRST LEVEL PROGRAMMING COURSE USING REQUIREMENT DRIVEN APPROACH,"Goteti, Prakash; Vignan, Sunitha",2011,EDULEARN11: 3RD INTERNATIONAL CONFERENCE ON EDUCATION AND NEW LEARNING TECHNOLOGIES,,https://www.webofscience.com/wos/woscc/full-record/WOS:000326292906036,adjacent-subtopic; teaching; programming-pedagogy,"The thirteen week entry level training of our company focuses on transforming fresh students recruited from campuses into employees of the organization by imparting necessary knowledge and skills. Upon completion of the training, these fresh recruits are expected to play the role of developers in various business units identified. To bridge the gap between the academic prior knowledge of participants and the expected programming skills required for a developer, a programming course of five days duration is designed. Another important component is connecting the concepts of mathematics with programming where the participants should be able to use appropriate collection in higher programming languages. These include TreeSet, HashSet, Map etc. The purpose of this course is also to enable the students learn higher level technology stacks quickly by addressing the principles of programming like abstraction, encapsulation, reuse in terms of type and code that are being supported by higher level languages in a natural way. Abstract problems play vital role in building program logic and algorithm design skills among students. Hence a vending machine model is introduced in the class. The participants are expected to develop a simulator for the machine. The requirements are added incrementally to pose enough challenge and curiosity among the participants. The approach creates an opportunity to the facilitator to enable the participants identify appropriate data structure needed for the requirement. The concepts are taught in just-in-time manner integrating best coding practices identified for the training, using C language as vehicle. The pedagogy is based on thinking, coding and reflection. Explicit time slots are allocated for these three activities. The approach is built upon problem based learning incorporating the activities like learning by doing, learning by mistakes. A feedback form is designed on these areas and the collected feedback from the participants suggests that the present approach helped them in learning the necessary programming concepts and skills. In addition, the participants develop programming language independent thinking instead of language oriented thinking.",wos,llm,0.900,unreviewed,
discarded,Applying Problem-Based Learning in Course Design Teaching,"Xie, Yumin",2011,"ADVANCES IN COMPUTER SCIENCE AND EDUCATION APPLICATIONS, PT II",,https://www.webofscience.com/wos/woscc/full-record/WOS:000302337200014,adjacent-subtopic; teaching; java-course-design,"Puzzle-based learning, problem-based and project-based learning are main methods used by academics. When a teacher devises a course design plan with about half month duration, a puzzle-based plan may be too narrow while a projected-based plan may be too big at the same time. We talk about applying problem-based learning in course design in the paper. A winged-edge data structure is employed in our java course design plan in order to express a complex problem with a single data structure. With this complex problem, the plan can make students have great leeway to include as many as possible concepts, such as class, interface, encapsulation to their final work. Students are grouped in order to develop their team spirit in studying.",wos,llm,0.900,unreviewed,
