status,title,authors,year,venue,doi,url,tags,abstract,provider,decision_source,llm_confidence,llm_review_outcome,llm_change_direction
discarded,Flexible Toolbox of High-Precision Microfluidic Modules for Versatile Droplet-Based Applications,"Saupe, Mario; Wiedemeier, Stefan; Gastrock, Gunter; Roemer, Robert; Lemke, Karen",2024,MICROMACHINES,10.3390/mi15020250,https://www.webofscience.com/wos/woscc/full-record/WOS:001168494500001,off-topic-false-hit; microfluidic-modules,"Although the enormous potential of droplet-based microfluidics has been successfully demonstrated in the past two decades for medical, pharmaceutical, and academic applications, its inherent potential has not been fully exploited until now. Nevertheless, the cultivation of biological cells and 3D cell structures like spheroids and organoids, located in serially arranged droplets in micro-channels, has a range of benefits compared to established cultivation techniques based on, e.g., microplates and microchips. To exploit the enormous potential of the droplet-based cell cultivation technique, a number of basic functions have to be fulfilled. In this paper, we describe microfluidic modules to realize the following basic functions with high precision: (i) droplet generation, (ii) mixing of cell suspensions and cell culture media in the droplets, (iii) droplet content detection, and (iv) active fluid injection into serially arranged droplets. The robustness of the functionality of the Two-Fluid Probe is further investigated regarding its droplet generation using different flow rates. Advantages and disadvantages in comparison to chip-based solutions are discussed. New chip-based modules like the gradient, the piezo valve-based conditioning, the analysis, and the microscopy module are characterized in detail and their high-precision functionalities are demonstrated. These microfluidic modules are micro-machined, and as the surfaces of their micro-channels are plasma-treated, we are able to perform cell cultivation experiments using any kind of cell culture media, but without needing to use surfactants. This is even more considerable when droplets are used to investigate cell cultures like stem cells or cancer cells as cell suspensions, as 3D cell structures, or as tissue fragments over days or even weeks for versatile applications.",wos,llm,0.980,unreviewed,
discarded,Effect of Elastomeric Coating on the Properties and Performance of Myristic Acid (MA) Phase Change Material (PCM) Used for Photovoltaic Cooling,"Aldawood, Faisal Khaled; Munusamy, Yamuna; Kchaou, Mohamed; Alquraish, Mohammad",2023,COATINGS,10.3390/coatings13091606,https://www.webofscience.com/wos/woscc/full-record/WOS:001074388300001,off-topic-false-hit; phase-change-materials; coating,"Nitrile butadiene rubber (NBR) latex exhibits excellent tensile properties, chemical resistance, and thermal stability in applications such as gloves and safety shoes due to vulcanization. In this research work, attempts have been made to manipulate the vulcanization to produce thin and compact elastomeric NBR coating on myristic acid (MA) phase change material (PCM) to produce shape-stabilized PCM. The proposal for the use of latex-based elastomeric coating for PCM has been rarely considered in the literature due to a lack of understanding of the crosslink of elastomers. Thus, in this research, the effects of sulfur formulation on the coating performance of NBR on the PCM in terms of latent heat and thermal stability were determined. Leakage analysis indicates that the MA pellet coated with 0.5 phr of sulfur-cured NBR layer (MA/NBR-0.5) successfully eliminates the leakage issue. A tensile analysis revealed that a durable PCM coating layer must possess a combination of the following criteria: high tensile strength, ductility, and flexibility. Fourier transform infrared analysis (FTIR) and electron microscopy images showed the formation of thin, compact, and continuous NBR coating when 0.5 phr of sulfur was used. The further increment of sulfur loading between 1.0 and 1.5 phr causes the formation of defects on the coating layers, while non-vulcanized NBR layers seem to be very weak to withstand the phase-change process. The recorded latent heat values of melting and freezing of MA/NBR-0.5 are 142.30 & PLUSMN; 1.38 and 139.47 & PLUSMN; 1.23 J/g, respectively. The latent heat of the shape-stabilized MA/NBR-0.5 PCM is reduced by 32.24% from the pure MA latent heat density. This reduction is significantly lower than the reported latent heat reduction in shape-stabilized PCMs in other works. The thermal cycle test highlights the durability of the coated PCMs by withstanding up to 1000 thermal cycles (2.7 years) with less than 2% changes in latent heat value. Cooling performance test on photovoltaic (PV) module shows that the fabricated shape-stabilized PCM could reduce the temperature of the PV module up to 17 & DEG;C and increase the voltage generation by 7.92%. Actual performance analysis of shape-stabilized PCMs on the cooling of the PV module has been rarely reported and could be considered a strength of this work.",wos,llm,0.990,unreviewed,
discarded,Influence of interfacial interaction on the reliability of the bond between encapsulation epoxy and copper substrate,"Zhao, Shuaijie; Chen, Chuantong; Haga, Motoharu; Ueshima, Minoru; Suzuki, Hirose; Takenaka, Hiroto; Hirahara, Hidetoshi; Sang, Jing; Suganuma, Katsuaki",2023,MICROELECTRONICS RELIABILITY,10.1016/j.microrel.2023.115211,https://www.webofscience.com/wos/woscc/full-record/WOS:001070346600001,off-topic-false-hit; epoxy-encapsulation,"The need for power modules has been promoted by the emergence of electric vehicles. The requirements of small volume, high integrity, and high reliability for the next-generation power module lead to the change of encapsulation method from previous gel encapsulation to epoxy encapsulation. Efforts have been made to enhance epoxy materials, and commercialized high-end epoxy has shown excellent properties, but power module failures still exist. The possible reason may lie in the interfacial interaction between encapsulation epoxy and substrate, which is less noticed previously. This paper seeks to unveil the influence of interfacial interaction on the bonding reliability between encapsulation epoxy and copper substrate. Three reliability tests were performed: high-temperature storage test (HST), temperature cycling test (TCT), and pressure cooker test (PCT). The bonding strength after these reliability tests was evaluated, and the bonding interface and fracture surface were analyzed in a nanoscale. Our study discovered that interfacial interaction plays a vital role in encapsulation reliability. Copper can diffuse into the epoxy and catalyze epoxy thermal oxidative degradation, which results in bonding strength reduction after HST and PCT. The surface structure change caused by copper oxidation after HST and PCT also reduced the bonding strength. These findings will greatly benefit future power module design.",wos,llm,0.990,unreviewed,
discarded,Improvement of Encapsulation Technique of Organic Photovoltaics by UV-Curable Adhesive,"Cha, Hou-Chin; Sung, Yun-Ming; Yin, Ta-Chung; Liu, Tian-Cheng; Hsu, Cheng-Wei; Ma, Wei-Yang; Chou, Der-Gun; Tsao, Cheng-Si",2023,IEEE TRANSACTIONS ON DEVICE AND MATERIALS RELIABILITY,10.1109/TDMR.2023.3269443,https://www.webofscience.com/wos/woscc/full-record/WOS:001004188300014,off-topic-false-hit; organic-photovoltaics; encapsulation,"This study develops a low-cost UV adhesive as a sealant and the associated encapsulation architecture, highly improving the stability of organic photovoltaic (OPV) device. In detail, this present study demonstrates how the composition and additive in the UV adhesive as a sealant affect the OPV stability. The face sealing and UV adhesive enable the OPV device to successfully meet three industrial criteria of accelerated tests of OPV stability: (1) T-80 lifetime is more than 1000 h under the damp heat test of 65 degrees C/65% relative humidity (RH) environment, (2) T-80 lifetime is more than 1000 h under the damp heat test of 85 degrees C/85% RH environment, and (3) T-80 lifetime is larger than 1000 h under the continuous AM 1.5G solar illumination (i.e., light-soaking test).",wos,llm,0.990,unreviewed,
discarded,One-stone-for-two-birds strategy to attain beyond 25% perovskite solar cells,"Yang, Tinghuan; Gao, Lili; Lu, Jing; Ma, Chuang; Du, Yachao; Wang, Peijun; Ding, Zicheng; Wang, Shiqiang; Xu, Peng; Liu, Dongle; Li, Haojin; Chang, Xiaoming; Fang, Junjie; Tian, Wenming; Yang, Yingguo; Liu, Shengzhong (Frank); Zhao, Kui",2023,NATURE COMMUNICATIONS,10.1038/s41467-023-36229-1,https://www.webofscience.com/wos/woscc/full-record/WOS:000940806000012,off-topic-false-hit; photovoltaics; encapsulation,"Even though the perovskite solar cell has been so popular for its skyrocketing power conversion efficiency, its further development is still roadblocked by its overall performance, in particular long-term stability, large-area fabrication and stable module efficiency. In essence, the soft component and ionic-electronic nature of metal halide perovskites usually chaperonage large number of anion vacancy defects that act as recombination centers to decrease both the photovoltaic efficiency and operational stability. Herein, we report a one-stone-for-two-birds strategy in which both anion-fixation and associated undercoordinated-Pb passivation are in situ achieved during crystallization by using a single amidino-based ligand, namely 3-amidinopyridine, for metal-halide perovskite to overcome above challenges. The resultant devices attain a power conversion efficiency as high as 25.3% (certified at 24.8%) with substantially improved stability. Moreover, the device without encapsulation retained 92% of its initial efficiency after 5000 h exposure in ambient and the device with encapsulation retained 95% of its initial efficiency after >500 h working at the maximum power point under continuous light irradiation in ambient. It is expected this one-stone-for-two-birds strategy will benefit large-area fabrication that desires for simplicity.

Long-term stability and stable efficiency are essential for large-area fabrication of perovskite solar cells. Here, the authors achieve in situ anion-fixation and undercoordinated-Pb passivation using amidino-based ligand, realizing maximum power conversion efficiency of 25.3% with T95 over 500 h.",wos,llm,0.990,unreviewed,
discarded,Study on the calculational framework development of the advanced numerical reactor neutronics code SHARK,"Hongbo, Zhang; Wenbo, Zhao; Chen, Zhao; Bo, Wang; Zhang, Chen; Xingjie, Peng; Qing, Li; Yingrui, Yu; Zhaohu, Gong; Wei, Zeng",2023,FRONTIERS IN ENERGY RESEARCH,10.3389/fenrg.2022.1013004,https://www.webofscience.com/wos/woscc/full-record/WOS:000922187400001,adjacent-subtopic; scientific-code; mentions-encapsulation,"The SHARK program (Simulation-based High-fidelity Advanced Reactor physics Kit) is a high-fidelity heterogeneous neutronics code for the numerical reactor system being developed at the Nuclear Power Institute of China (NPIC). The program uses a Constructive Solid Geometry (CSG) framework to model various complex geometries. To enhance the flexibility and robustness during continuous development process, SHARK program attempts to support a rich set of methods, tools and library options within a unified general framework as a ""toolkit "". For the multi-core clustered supercomputer architectures that are commonly used today, the SHARK program adopts a hybrid parallel strategy of MPI and OpenMP to achieve complementary advantages between them. In addition, the framework of SHARK program is designed with a true object-oriented manner. Through reasonable abstraction, inheritance and encapsulation, the maintainability and extensibility of the code are improved, and long-term team development is facilitated. Up to now, key modules for cross-section generation, heterogeneous transport calculation and microscopic depletion have been developed under the general frameworks. The main features of SHARK's ""resonance-transport-depletion "" coupling system are elaborated in this paper, and some verification and validation (V & V) results in the current phase are presented and discussed.",wos,llm,0.880,unreviewed,
discarded,Metrics for modularity evaluation in modular ontologies,Ayadi Y.,2026,Automated Software Engineering,10.1007/s10515-026-00666-1,https://www.scopus.com/inward/record.uri?partnerID=HzOxMe3b&scp=105047575706&origin=inward,off-topic-false-hit; ontology-modularity,,scopus,llm,0.950,unreviewed,
discarded,Kilogram-scale one-pot synthesis of multicomponent fullerene composites for efficient inverted perovskite solar cells,Hou E.,2026,Nature Communications,10.1038/s41467-026-70022-0,https://www.scopus.com/inward/record.uri?partnerID=HzOxMe3b&scp=105037084976&origin=inward,off-topic-false-hit; photovoltaics,,scopus,llm,0.990,unreviewed,
discarded,Integration of artificial intelligence with information security: a systematic literature review,Negi L.,2026,Knowledge and Information Systems,10.1007/s10115-025-02613-0,https://www.scopus.com/inward/record.uri?partnerID=HzOxMe3b&scp=105026664458&origin=inward,off-topic-false-hit; security-slr,,scopus,llm,0.960,unreviewed,
discarded,"Engineering programmable floating wetlands: synthetic biology, sensing, and AI control for water quality",Berhanu A.,2026,Bioresource Technology,10.1016/j.biortech.2026.135561,https://www.scopus.com/inward/record.uri?partnerID=HzOxMe3b&scp=105046552351&origin=inward,off-topic-false-hit; synthetic-biology,,scopus,llm,0.970,unreviewed,
discarded,Post-quantum module-lattice multi-authority ciphertext-policy attribute-based encryption and context-bound hybrid key establishment for blockchain-enabled Internet of Things access control,Sezer B.B.,2026,Computers and Electrical Engineering,10.1016/j.compeleceng.2026.111377,https://www.scopus.com/inward/record.uri?partnerID=HzOxMe3b&scp=105044268188&origin=inward,off-topic-false-hit; cryptography; key-establishment,,scopus,llm,0.990,unreviewed,
discarded,Verification and Mitigation of Proton-Induced Non-Ionizing Damage in Perovskite Solar Cells for Space Applications,Byun J.,2026,Advanced Energy Materials,10.1002/aenm.71207,https://www.scopus.com/inward/record.uri?partnerID=HzOxMe3b&scp=105041939375&origin=inward,off-topic-false-hit; perovskite-solar-cells,,scopus,llm,0.990,unreviewed,
discarded,Combinatorial Delivery of Low-Dose Radiotherapy and Immunotherapy to Patients with Immune-Excluded Tumors Enhances CD8+ T-cell Functionality,Ochoa-De-olza M.,2026,Clinical Cancer Research,10.1158/1078-0432.CCR-25-2743,https://www.scopus.com/inward/record.uri?partnerID=HzOxMe3b&scp=105045541382&origin=inward,off-topic-false-hit; clinical-oncology,,scopus,llm,0.990,unreviewed,
discarded,"Ionic Gelation for Nano-Delivery of Sulforaphane in Animal Feed: A Conceptual Review of Stability, Efficacy, and Translation Potential",Wilson K.A.G.,2026,Biology,10.3390/biology15131045,https://www.scopus.com/inward/record.uri?partnerID=HzOxMe3b&scp=105044582534&origin=inward,off-topic-false-hit; nano-delivery; encapsulation,,scopus,llm,0.990,unreviewed,
discarded,Sustainable and Circular Materials for Photovoltaic Power Plants: A Comparative Life Cycle Assessment of Mono-Crystalline Silicon and Perovskite Module Scenarios,Piasecka I.,2026,Materials,10.3390/ma19142996,https://www.scopus.com/inward/record.uri?partnerID=HzOxMe3b&scp=105045950681&origin=inward,off-topic-false-hit; photovoltaic-modules,,scopus,llm,0.990,unreviewed,
discarded,Effect of software refactoring on code complexity: An exploratory study,Almogahed A.,2026,Aip Conference Proceedings,10.1063/5.0318456,https://www.scopus.com/inward/record.uri?partnerID=HzOxMe3b&scp=105041233238&origin=inward,adjacent-subtopic; refactoring,,scopus,llm,0.760,unreviewed,
discarded,Bio-based encapsulation materials enabling recyclable and stable perovskite solar cells,Ge C.,2026,Energy and Environmental Science,10.1039/d5ee07173a,https://www.scopus.com/inward/record.uri?partnerID=HzOxMe3b&scp=105036479256&origin=inward,off-topic-false-hit; perovskite-encapsulation,,scopus,llm,0.990,unreviewed,
kept,"The Opaque Pointer Design Pattern in Python: Towards a Pythonic PIMPL for Modularity, Encapsulation, and Stability",Saravanos A.,2026,Icsim 2026 Proceedings of 2026 the 9th International Conference on Software Engineering and Information Management,10.1145/3796315.3796328,https://www.scopus.com/inward/record.uri?partnerID=HzOxMe3b&scp=105039413585&origin=inward,supports-claim; design-pattern; modularity; encapsulation,,scopus,llm,0.860,unreviewed,
discarded,Study on a novel phase-change wood roof integrated with diurnal photovoltaic conversion and nocturnal sky radiative cooling,Wang W.,2026,Renewable Energy,10.1016/j.renene.2026.125442,https://www.scopus.com/inward/record.uri?partnerID=HzOxMe3b&scp=105031184121&origin=inward,off-topic-false-hit; photovoltaics,,scopus,llm,0.990,unreviewed,
discarded,Cell-to-module factors of perovskite/silicon tandem and silicon single junction mini modules for different module rear sides,Brockmann T.L.,2026,Solar Energy Materials and Solar Cells,10.1016/j.solmat.2025.114027,https://www.scopus.com/inward/record.uri?partnerID=HzOxMe3b&scp=105020904920&origin=inward,off-topic-false-hit; photovoltaic-modules,,scopus,llm,0.990,unreviewed,
discarded,Decentralized Encapsulated Anaerobic Biological Treatment System for Resource Recovery from High-Strength Wastewater: A Pilot Study,Johnson K.A.B.,2026,ACS Es and T Engineering,10.1021/acsestengg.5c00917,https://www.scopus.com/inward/record.uri?partnerID=HzOxMe3b&scp=105030039908&origin=inward,off-topic-false-hit; wastewater-treatment; encapsulated,,scopus,llm,0.990,unreviewed,
discarded,CCNETS: A Modular Causal Learning Framework for Pattern Recognition in Imbalanced Datasets,Park H.,2026,Applied Sciences Switzerland,10.3390/app16041998,https://www.scopus.com/inward/record.uri?partnerID=HzOxMe3b&scp=105031500033&origin=inward,off-topic-false-hit; machine-learning-framework,,scopus,llm,0.970,unreviewed,
discarded,"Green solvents for end-of-life photovoltaic module recycling: Mechanisms, applications, environmental and economic perspectives",Chowdhury P.,2026,Solar Energy Materials and Solar Cells,10.1016/j.solmat.2025.113964,https://www.scopus.com/inward/record.uri?partnerID=HzOxMe3b&scp=105015757231&origin=inward,off-topic-false-hit; photovoltaic-recycling; encapsulation,,scopus,llm,0.990,unreviewed,
discarded,Synthetic biology-driven advances in artificial blood research,Huang R.,2026,Synthetic Biology Journal,10.12211/2096-8280.2025-094,https://www.scopus.com/inward/record.uri?partnerID=HzOxMe3b&scp=105033613786&origin=inward,off-topic-false-hit; synthetic-biology,,scopus,llm,0.970,unreviewed,
discarded,Recent Enzyme Discovery: Engineering Strategies for Biocatalysis and Its Applications,Chokkareddy R.,2026,Nanotechnology in the Life Sciences,10.1007/978-3-032-08576-4_10,https://www.scopus.com/inward/record.uri?partnerID=HzOxMe3b&scp=105026572345&origin=inward,off-topic-false-hit; biocatalysis,,scopus,llm,0.970,unreviewed,
discarded,Post-quantum stealth address protocols,Mikić M.,2026,Journal of Cyber Security Technology,10.1080/23742917.2025.2611820,https://www.scopus.com/inward/record.uri?partnerID=HzOxMe3b&scp=105027954457&origin=inward,off-topic-false-hit; cryptography,,scopus,llm,0.990,unreviewed,
discarded,"Life-Cycle Assessment of Innovative Industrial Processes for Photovoltaic Production: Process-Level LCIs, Scale-Up Dynamics, and Recycling Implications",Kiskira K.,2026,Applied Sciences Switzerland,10.3390/app16010501,https://www.scopus.com/inward/record.uri?partnerID=HzOxMe3b&scp=105027321844&origin=inward,off-topic-false-hit; photovoltaic-production,,scopus,llm,0.990,unreviewed,
discarded,Research Progress on Heterogeneously Integrated Optical Modulators on Silicon (Invited),Su J.,2026,Guangxue Xuebao Acta Optica Sinica,10.3788/AOS261023,https://www.scopus.com/inward/record.uri?partnerID=HzOxMe3b&scp=105047799429&origin=inward,off-topic-false-hit; optical-modulators,,scopus,llm,0.980,unreviewed,
discarded,An evidence-based assessment of the potential for upscaling prefabricated timber modular building construction in Australia,Navaratnam S.,2025,Structures,10.1016/j.istruc.2025.110808,https://www.scopus.com/inward/record.uri?partnerID=HzOxMe3b&scp=105024755547&origin=inward,off-topic-false-hit; modular-building,,scopus,llm,0.990,unreviewed,
discarded,Scalable and durable module-sized artificial leaf with a solar-to-hydrogen efficiency over 10%,Hansora D.,2025,Nature Communications,10.1038/s41467-025-59597-2,https://www.scopus.com/inward/record.uri?partnerID=HzOxMe3b&scp=105004271430&origin=inward,off-topic-false-hit; artificial-leaf; module-sized,,scopus,llm,0.990,unreviewed,
discarded,Novel composite spacer layer for battery modules: Structural design with superior mechanics and thermal runaway resistance,Li H.,2025,Thermal Science and Engineering Progress,10.1016/j.tsep.2025.104208,https://www.scopus.com/inward/record.uri?partnerID=HzOxMe3b&scp=105020936580&origin=inward,off-topic-false-hit; battery-modules,,scopus,llm,0.990,unreviewed,
discarded,"Critical evaluation of technological, environmental, and economic recyclability for typical EOL PV cells considering technological iteration and temporal dynamics",He X.,2025,Waste Management,10.1016/j.wasman.2025.115143,https://www.scopus.com/inward/record.uri?partnerID=HzOxMe3b&scp=105017000031&origin=inward,off-topic-false-hit; pv-recyclability,,scopus,llm,0.980,unreviewed,
discarded,Modular Virus Capsid Coatings for Biocatalytic DNA Origami Nanoreactors,Seitz I.,2025,ACS Nano,10.1021/acsnano.5c10734,https://www.scopus.com/inward/record.uri?partnerID=HzOxMe3b&scp=105019072352&origin=inward,off-topic-false-hit; virus-capsid-coatings,,scopus,llm,0.990,unreviewed,
