status,title,authors,year,venue,doi,url,tags,abstract,provider,decision_source,llm_confidence,llm_review_outcome,llm_change_direction,paper_id
discarded,"Conception of a mobile health application targeting early postoperative physiotherapeutic care after total knee replacement, a qualitative study","Hakam, Hassan Tarek; Ramadanov, Nikolai; Garzuzi, Awda; Salzmann, Mikhail; Hofmann, Hannes; Muehlensiepen, Felix; Becker, Roland; Prill, Robert",2025,FRONTIERS IN SURGERY,10.3389/fsurg.2024.1283202,https://www.webofscience.com/wos/woscc/full-record/WOS:001416565200001,off-topic-false-hit,"Introduction Mobile applications targeting physiotherapeutic care after total joint replacements are increasing in popularity among end-users. However, these applications were primarily conceived out of financial interest and lack an evidence-based programs tailored to the specific needs of the target population. The primary objective of this study is to describe the conception of an evidence-based mobile health application that targets early postoperative physiotherapeutic care after total knee replacement (TKR).Methods A literature search of eHealth applications targeting physical therapy after TKR was carried out. Articles were then screened and suggestions as well as recommendations were extracted to inform the design of a new application. The beta version of the application was then passed onto experts for evaluation. Final changes were then undertaken to account for the expert's opinions.Results Several reviews with recommendations for the design of applications targeting patients after total joint replacement were identified. Primarily, mobile applications targeting rehabilitative care after TKR need to be tailored to the needs of the elderly population. Additionally, no unified rehabilitative physiotherapeutic (PT) program was found reflecting a discrepancy regarding what exercises are most useful. A comparison of different programs yielded no significant difference favoring one single exercise regimen.Discussion As the elderly population was shown to be less proficient regarding the use of new technologies, the application at hand was explicitly made simple. Elements of different PT programs were incorporated and quadriceps strengthening exercises were included. application was composed based on the findings of the reviewed literature and then subsequently modified to incorporate the expert's suggestions. Experts mainly expressed concerns regarding the safety of patients during unsupervised physical therapy as well as the safety of the recorded data. Thus, password protection and a split between the physician's and the patient's interface was created.",wos,llm,1.000,unreviewed,,doi:10.3389/fsurg.2024.1283202
discarded,S(X)OUNDSCAPE DESIGN BASED ON VIRTUAL AFFORDANCES,"Arlene, Vania; Gegana, Gregorius A. A.; Thio-Dore, Jacky",2024,"PROCEEDINGS OF THE 29TH INTERNATIONAL CONFERENCE OF THE ASSOCIATION FOR COMPUTER-AIDED ARCHITECTURAL DESIGN RESEARCH IN ASIA, CAADRIA 2024, VOL 3",,https://www.webofscience.com/wos/woscc/full-record/WOS:001248011200050,off-topic-false-hit,"Our spatial experience is bound to static spatiotemporal patterns, independent of user's changing but specific needs. Senior users, particularly, are at a disadvantage keeping pace with the fast-emerging interfaces due to physical and cognitive limitations. The intervention of VR opens a digital domain that disrupts the conception of space-time linearity as an embodiment of artificial environment, providing a range of spatial possibilities inclusive to users. Currently, acoustic ecology in architecture has the potential to reciprocate wellbeing in virtual reality. S(X) is an architectural VR project that incorporates Affordance Structure Matrix (ASM) as a user-centric design framework, integrating artefact-user affordances between VR attributes, spatial composition, and user flow. Consequently, the visual and auditory stimulated environments promote sensory and motoric coordination, while considering exposure challenges in VR for seniors. A series of research techniques are performed to collect data samples; literature review on design parameters, respondent survey (n=23) aged 60-90, and design exploration to configure program functions based on acoustic mapping. This includes streaming-masking and lateralization-localization as part of the acoustic exercises. S(X) manifests as a therapeutic mediation of sound that renders immersive and interactive experiences through calculated affordances in a digital frontier.",wos,llm,1.000,unreviewed,,hash:91fcfd2dda43e89d
discarded,Development of Inquiry Activity Materials for Visualizing Typhoon Track using GK-2A Satellite Images,"Lim, Chae-Young; Park, Kyung-Ae",2024,JOURNAL OF THE KOREAN EARTH SCIENCE SOCIETY,10.5467/JKESS.2024.45.1.48,https://www.webofscience.com/wos/woscc/full-record/WOS:001205661400004,off-topic-false-hit,"Typhoons are representative oceanic and atmospheric phenomena that cause interactions within the Earth's system with diverse influences. In recent decades, the typhoons have tended to strengthen due to rapidly changing climate. The 2022 revised science curriculum emphasizes the importance of teaching-learning activities using advanced science and technology to cultivate digital literacy as a citizen of the future society. Therefore, it is necessary to solve the temporal and spatial limitations of textbook illustrations and to develop effective instructional materials using global-scale big data covered in the field of earth science. In this study, according to the procedure of the PDIE (Preparation, Development, Implementation, Evaluation) model, the inquiry activity data was developed to visualize the track of the typhoon using the image data of GK-2A. In the preparatory stage, the 2015 and 2022 revised curriculum and the contents of the inquiry activities of the current textbooks were analyzed. In the development stage, inquiry activities were organized into a series of processes that can collect, process, visualize, and analyze observational data, and a GUI (Graphic User Interface)-based visualization program that can derive results with a simple operation was created. In the implementation and evaluation stage, classes were conducted with students, and classes using code and GUI programs were conducted respectively to compare the characteristics of each activity and confirm its applicability in the school field. The class materials presented in this study enable exploratory activities using actual observation data without professional programming knowledge which is expected to contribute to students' understanding and digital literacy in the field of earth science.",wos,llm,1.000,unreviewed,,doi:10.5467/jkess.2024.45.1.48
discarded,Language Policies and Professional and Technological Education: Portuguese Language and Humanizing Education,"Nunes, Rosana Helena; da Silva, Kleber Aparecido",2021,REVISTA DA ANPOLL,10.18309/ranpoll.v52i2.1561,https://www.webofscience.com/wos/woscc/full-record/WOS:000721149800009,off-topic-false-hit,"The article aims to discuss about linguistic policies related to Professional Technological Education, that is, the curricular guidelines that underlie technological higher education, as well as to present a proposal for humanizing education for the teaching of Portuguese Language. This investigation corresponds to research in a supervised postdoctoral internship, entitled ""Professional and Technological Education and teaching of Portuguese Language (LP) in times of crisis: perspectives, interfaces and challenges for a Humanizing Education. In section 1, the discussion about the educational paradigms (FAZENDA et al., 2008; BRASIL, 2000; 2017) that guided the teaching of Portuguese in the technological scenario is presented (Curriculum Guidelines for Professional and Technological Education, the LDB /71, LDB/2017, the National Human Rights Education Program (PNEDH). In section 2, the discussion refers to language policies (RAJAGOPALAN, 2003; 2013; LAGARES; 2018) to better elucidate a conception of linguistic education criticism in the teaching of mother tongue. In section 3, the objective is to highlight a proposal for a Humanizing Education, in the context of technological higher education, with a reformulation of the curricular matrices of technological courses for the Portuguese language. conception of critical linguistic education that is committed to diversity and human formation (BAKHTIN, 1992; FREIRE, 1987; 1992; 1997).",wos,llm,1.000,unreviewed,,doi:10.18309/ranpoll.v52i2.1561
discarded,The etiology of Down syndrome: Maternal MCM9 polymorphisms increase risk of reduced recombination and nondisjunction of chromosome 21 during meiosis I within oocyte,"Pal, Upamanyu; Halder, Pinku; Ray, Anirban; Sarkar, Sumantra; Dutta, Supratim; Ghosh, Papiya; Ghosh, Sujay",2021,PLOS GENETICS,10.1371/journal.pgen.1009462,https://www.webofscience.com/wos/woscc/full-record/WOS:000631965100001,off-topic-false-hit,"Altered patterns of recombination on 21q have long been associated withthe nondisjunction chromosome21within oocytes and the increased risk of having a child with Down syndrome. Unfortunately the genetic etiology of these altered patterns of recombination have yet to be elucidated. We for the first time genotyped the gene MCM9, a candidate gene for recombination regulation and DNA repair in mothers with or without children with Down syndrome. In our approach, we identified the location of recombination on the maternal chromosome 21 using short tandem repeat markers, then stratified our population by the origin of meiotic error and age at conception. We observed that twenty-five out of forty-one single nucleotide polymorphic sites within MCM9 exhibited an association with meiosis I error (N = 700), but not with meiosis II error (N = 125). This association was maternal age-independent. Several variants exhibited aprotective association with MI error, some were neutral. Maternal age stratified characterization of cases revealed that MCM9 risk variants were associated with an increased chance of reduced recombination on 21q within oocytes. The spatial distribution of single observed recombination events revealed no significant change in the location of recombination among women harbouring MCM9 risk, protective, or neutral variant. Additionally, we identified a total of six novel polymorphic variants and two novel alleles that were either risk imparting or protective against meiosis I nondisjunction. In silico analyses using five different programs suggest the risk variants either cause a change in protein function or may alter the splicing pattern of transcripts and disrupt the proportion of different isoforms of MCM9 products within oocytes. These observations bring us a significant step closer to understanding the molecular basis of recombination errors in chromosome 21 nondisjunction within oocytes that leads to birth of child with Down syndrome.

Author summary

We studied MCM9 variations in the genome of women with a Down syndrome child by stratifying the women based on MCM9 genotypes, meiotic error group, and their age of conception. Weidentified polymorphisms are associated with reduced recombination and nondisjunction of chromosome 21 at the meiosis I stage of oogenesis in a maternal age-independent manner. But these variants do not affecttheposition of chiasma formation. In Silico analyses revealed the presence of MCM9 variants that may cause alteration in protein function due to amino acid substitution. We also identified splice variants in MCM9. We hypothesize that the polymorphisms in MCM9 predispose women to experience reduced recombination on chromosome 21 in oocytes at meiosis I, which ultimately leads to the birth of a child with Down syndrome.",wos,llm,1.000,unreviewed,,doi:10.1371/journal.pgen.1009462
discarded,DNA sequencing of anatomy lab cadavers to provide hands-on precision medicine introduction to medical students,"Anandakrishnan, Ramu; Carpenetti, Tiffany L.; Samuel, Peter; Wasko, Breezy; Johnson, Craig; Smith, Christy; Kim, Jessica; Michalak, Pawel; Kang, Lin; Kinney, Nick; Santo, Arben; Anstrom, John; Garner, Harold R.; Varghese, Robin T.",2020,BMC MEDICAL EDUCATION,10.1186/s12909-020-02366-0,https://www.webofscience.com/wos/woscc/full-record/WOS:000594414800006,off-topic-false-hit,"Background Medical treatment informed by Precision Medicine is becoming a standard practice for many diseases, and patients are curious about the consequences of genomic variants in their genome. However, most medical students' understanding of Precision Medicine derives from classroom lectures. This format does little to foster an understanding for the potential and limitations of Precision Medicine. To close this gap, we implemented a hands-on Precision Medicine training program utilizing exome sequencing to prepare a clinical genetic report of cadavers studied in the anatomy lab. The program reinforces Precision Medicine related learning objectives for the Genetics curriculum. Methods Pre-embalmed blood samples and embalmed tissue were obtained from cadavers (donors) used in the anatomy lab. DNA was isolated and sequenced and illustrative genetic reports provided to the students. The reports were used to facilitate discussion with students on the implications of pathogenic genomic variants and the potential correlation of these variants in each ""donor"" with any anatomical anomalies identified during cadaver dissection. Results In 75% of cases, analysis of whole exome sequencing data identified a variant associated with increased risk for a disease/abnormal condition noted in the donor's cause of death or in the students' anatomical findings. This provided students with real-world examples of the potential relationship between genomic variants and disease risk. Our students also noted that diseases associated with 92% of the pathogenic variants identified were not related to the anatomical findings, demonstrating the limitations of Precision Medicine. Conclusion With this study, we have established protocols and classroom procedures incorporating hands-on Precision Medicine training in the medical student curriculum and a template for other medical educators interested in enhancing their Precision Medicine training program. The program engaged students in discovering variants that were associated with the pathophysiology of the cadaver they were studying, which led to more exposure and understanding of the potential risks and benefits of genomic medicine.",wos,llm,1.000,unreviewed,,doi:10.1186/s12909-020-02366-0
discarded,Beef heifer fertility: importance of management practices and technological advancements,"Moorey, Sarah E.; Biase, Fernando H.",2020,JOURNAL OF ANIMAL SCIENCE AND BIOTECHNOLOGY,10.1186/s40104-020-00503-9,https://www.webofscience.com/wos/woscc/full-record/WOS:000576907800001,off-topic-false-hit,"The development of replacement heifers is at the core of cow-calf beef production systems. In 2020, the USDA, National Agricultural Statistics Service reported 5.771 million beef heifers, 500 pounds and over, are under development for cow replacement. A compilation of data from several studies indicate that between 85% and 95% of these heifers will become pregnant in their first breeding season. Several thousands of heifers being raised for replacement may not deliver a calf on their first breeding season and result in economic losses to cow-calf producers. Many management procedures have been developed to maximize the reproductive potential of beef heifers. Such approaches include, but are not limited to the following: nutritional management for controlled weight gain, identification of reproductive maturity by physiological and morphological indicators, and the implementation of an estrous synchronization program. The implementation of management strategies has important positive impact(s) on the reproductive efficiency of heifers. There are limitations, however, because some heifers deemed ready to enter their first breeding season do not become pregnant. In parallel, genetic selection for fertility-related traits in beef heifers have not promoted major genetic gains on this particular area, most likely due to low heritability of female fertility traits in cattle. Technologies such as antral follicle counting, DNA genotyping and RNA profiling are being investigated as a means to aid in the identification of heifers of low fertility potential. To date, many polymorphisms have been associated with heifer fertility, but no DNA markers have been identified across herds. Antral follicle count is an indication of the ovarian reserve and is an indicator of the reproductive health of a heifer. We have been working on the identification of transcriptome profiles in heifers associated with pregnancy outcome. Our current investigations integrating protein-coding transcript abundance and artificial intelligence have identified the potential for bloodborne transcript abundance to be used as indicators of fertility potential in beef heifers. In summary, there is an ongoing pressure for reducing costs and increasing efficiency in cow-calf production systems, and new technologies can help reduce the long-standing limitations in beef heifer fertility.",wos,llm,1.000,unreviewed,,doi:10.1186/s40104-020-00503-9
discarded,Polymorphisms in the anti-oxidant paraoxonase-1 (PON1) gene associated with fertility of postpartum dairy cows,"Silva Silveira, Pedro Augusto; Butler, W. R.; LaCount, S. E.; Overton, T. R.; Barros, Carlos Castilho; Schneider, Augusto",2019,THERIOGENOLOGY,10.1016/j.theriogenology.2018.11.024,https://www.webofscience.com/wos/woscc/full-record/WOS:000455972500041,off-topic-false-hit,"Paraoxonase 1 (PON1) is a negative acute phase plasma protein synthesized by the liver that has antioxidant activity. The aim of this study was to evaluate the association of single nucleotide polymorphisms (SNPs) in the PON1 promoter region with plasma PON1 activity and fertility in Holstein dairy cows. Sixty-eighty Holstein cows were used in this initial investigative study. Blood samples were collected weekly beginning 28 days prior to expected calving, twice weekly in week 1 and 2 postpartum, and then once weekly through 6 weeks postpartum for plasma PON1 activity analysis. Cows were synchronized for ovulation and timed AI at 63-70 DIM using an Ovsynch program. Pregnancy diagnosis was confirmed by rectal palpation and reproductive performance data was recorded until 210 DIM. DNA was extracted from blood of each cow and a fragment of proximal PON1 gene promoter was sequenced. Seven single nucleotide polymorphisms (SNPs) were identified in the promoter region of the PON1 gene at positions -22, -105, -176, -221, -392, -611 and -676, six of which were significantly associated with plasma PON1 activity level. The SNPs -221 and -392 were significantly associated with both plasma PON1 activity and the calving to conception interval (P < 0.05) with no significant effect on calving to first ovulation interval. In conclusion, the genotypes associated with higher plasma PON1 activity in SNP locations -221 and -392 were also associated with a reduced calving to conception interval in this study set of cows. These SNPs may provide novel genetic markers for improved fertility in future larger studies in dairy cows. (C) 2018 Elsevier Inc. All rights reserved.",wos,llm,1.000,unreviewed,,doi:10.1016/j.theriogenology.2018.11.024
discarded,Genetic structure of Antioquia Holstein from two SNPs and association with dairy traits,"Madrid G, Stephania; Lopez H, Albeiro; Echeverri Z, Julian",2015,REVISTA MVZ CORDOBA,,https://www.webofscience.com/wos/woscc/full-record/WOS:000367468400012,off-topic-false-hit,"Objective. Analyze the structure and genetic differentiation of a population of Antioquia Holstein cows from the polymorphisms A192G of INHA and A-320T of FSHR, and explore the association of the genotypic combinations with milk traits. Materials and methods. 1240 lactations of 356 animals from 9 herds in 6 municipalities of Antioquia were analyzed. Genotyping was performed by PCR-RFLP. Structure and genetic diversity parameters were determined using GenAlex software. The association of genotypes combinations with productive and reproductive traits was explored through a linear mixed model. Results. SNP A192G showed a frequency of 0.534 and 0.466 for A and G alleles respectively and SNP A-320T had a frequency of 0.660 far A allele and 0.339 for T allele, this way the population is in HWE. The F-ST, F-IS and F-IT values were 0.059, 0.285 and 0.328 respectively indicating a moderate genetic differentiation between subpopulations. The A-320T SNP showed significant effect on milk yield. Fat and protein percentage, calving interval and services per conception were not affected by these polymorphisms or their interaction. Conclusions. Phenotypic selection made on this population has not been strong enough to generate noticeable changes in allele frequencies of these polymorphisms or deviations from Hardy-Weinberg equilibrium. The interaction of these polymorphisms has no significant effect on the characteristics of zootechnical interest, so its use in programs of molecular marker assisted selection is not recommended.",wos,llm,1.000,unreviewed,,hash:127c2f4b2bb8a809
