status,title,authors,year,venue,doi,url,tags,abstract,provider,decision_source,llm_confidence,llm_review_outcome,llm_change_direction,paper_id
discarded,Using human-model interaction heuristics to enable model-centric enterprise transformation,Donna H. Rhodes,2018,2018 Annual IEEE International Systems Conference (SysCon),10.1109/SYSCON.2018.8369585,https://ieeexplore.ieee.org/document/8369585/,off-topic-false-hit,"Transformation of engineering under the digital paradigm is progressing at a rapid pace. Significant advancements have been made in model-based engineering approaches and technologies, yet there has been relatively little investigation of the complexities of human-model interaction. The purpose of this paper is to discuss recent research on human-model interaction that has informed a set of heuristics. These heuristics are proposed as practical enablers that can be used in transforming model-centric engineering culture. Four potential applications areas have been proposed for the heuristics as practical enablers for model-centric engineering practice. These are: educating novices, conducting expert forums, conducting program team launches, and informing policy and practice.1.",ieee,llm,0.970,unreviewed,,doi:10.1109/syscon.2018.8369585
discarded,Sensing and Machine Learning for Automotive Perception: A Review,Ashish Pandharipande; Chih-Hong Cheng; Justin Dauwels; Sevgi Z. Gurbuz; Javier Ibanez-Guzman; Guofa Li; Andrea Piazzoni; Pu Wang; Avik Santra,2023,IEEE Sensors Journal,10.1109/JSEN.2023.3262134,https://ieeexplore.ieee.org/document/10089400/,off-topic-false-hit,"Automotive perception involves understanding the external driving environment and the internal state of the vehicle cabin and occupants using sensor data. It is critical to achieving high levels of safety and autonomy in driving. This article provides an overview of different sensor modalities, such as cameras, radars, and light detection and ranging (LiDAR) used commonly for perception, along with the associated data processing techniques. Critical aspects of perception are considered, such as architectures for processing data from single or multiple sensor modalities, sensor data processing algorithms and the role of machine learning techniques, methodologies for validating the performance of perception systems, and safety. The technical challenges for each aspect are analyzed, emphasizing machine learning approaches, given their potential impact on improving perception. Finally, future research opportunities in automotive perception for their wider deployment are outlined.",ieee,llm,1.000,unreviewed,,doi:10.1109/jsen.2023.3262134
discarded,"Micro State Management with React Hooks: Explore custom hooks libraries like Zustand, Jotai, and Valtio to manage global states",Daishi Kato,2022,"Micro State Management with React Hooks: Explore custom hooks libraries like Zustand, Jotai, and Valtio to manage global states",,https://ieeexplore.ieee.org/document/10162826/,off-topic-false-hit,"Explore global state management and select the best library for your applicationKey FeaturesUnderstand the essential concepts and features of micro state managementDiscover solutions to common problems faced while implementing micro state managementExplore the different libraries, their coding style, and the optimum approach to rendering optimizationBook DescriptionState management is one of the most complex concepts in React. Traditionally, developers have used monolithic state management solutions. Thanks to React Hooks, micro state management is something tuned for moving your application from a monolith to a microservice. This book provides a hands-on approach to the implementation of micro state management that will have you up and running and productive in no time. You’ll learn basic patterns for state management in React and understand how to overcome the challenges encountered when you need to make the state global. Later chapters will show you how slicing a state into pieces is the way to overcome limitations. Using hooks, you'll see how you can easily reuse logic and have several solutions for specific domains, such as form state and server cache state. Finally, you'll explore how to use libraries such as Zustand, Jotai, and Valtio to organize state and manage development efficiently. By the end of this React book, you'll have learned how to choose the right global state management solution for your app requirement.What you will learnUnderstand micro state management and how you can deal with global stateBuild libraries using micro state management along with React HooksDiscover how micro approaches are easy using React HooksUnderstand the difference between component state and module stateExplore several approaches for implementing a global stateBecome well-versed with concrete examples and libraries such as Zustand, Jotai, and ValtioWho this book is forIf you're a React developer dealing with complex global state management solutions and want to learn how to choose the best alternative based on your requirements, this book is for you. Basic knowledge of JavaScript programming, React Hooks and TypeScript is assumed.",ieee,llm,0.990,unreviewed,,hash:6b128e47823fc702
discarded,VHDL Critique,J.D. Nash; L.F. Saunders,1986,IEEE Design & Test of Computers,10.1109/MDT.1986.294917,https://ieeexplore.ieee.org/document/4069763/,off-topic-false-hit,"The hardware and software communities have reviewed VHDL extensively throughout its conception and development. This follows the 1970s example set during development of the Ada programming language. Analysis of language, like one's preference in clothing, is subjective. Nevertheless, an informed consensus acknowledges VHDL as having good aspects, deficient aspects, and controversial aspects. Additionally, VHDL has been criticized for lack of facilities outside the language contract's defined work scope; some criticisms have centered on the software support environment-particularly the simulator. We will present both positive and negative commentary made about VHDL, concentrating on issues associated only with the language. Comments and opinions presented here come from many sources, and are not necessarily those of our affiliated organizations.",ieee,llm,1.000,unreviewed,,doi:10.1109/mdt.1986.294917
discarded,Designing an Educational Omics Data Lake: A Multimodal Infrastructure for Technology-Enhanced Learning,Chia-Kai Chang; Kuei-Hao Li,2025,2025 7th International Conference on Modern Educational Technology (ICMET),10.1109/ICMET67594.2025.11452000,https://ieeexplore.ieee.org/document/11452000/,off-topic-false-hit,"The rapid rise of Generative Artificial Intelligence (GenAI) and multimodal sensing technologies has created new opportunities for transforming higher education. Traditional digital learning systems primarily capture limited traces such as test results or platform logs, leaving critical aspects of cognition, emotion, and engagement invisible. To address this limitation, this study introduces the Educational Omics Data Lake, a multimodal infrastructure designed to integrate speech, text, physiological signals, environmental data, and learner interactions into a unified framework. Drawing inspiration from the concept of “Omics” in the life sciences, the architecture emphasizes comprehensiveness, scalability, and sustainability in capturing complex learning processes. The system was implemented through the Uedu platform, which provides real-time data acquisition, cross-modal synchronization, and long-term storage for educational analytics. At the application layer, the infrastructure supports adaptive feedback, digital twin modeling, and generative AI—assisted tutoring. A case implementation in a Python programming course illustrates its practical value: students described generative AI tools—such as QuizGPT and Uedu MyGPTs—as their most supportive resources, helping them overcome debugging challenges, clarify difficult concepts, and build the confidence needed to transfer knowledge into authentic applications. One notable project involved the design of a cross-platform oscilloscope automation interface, where $A I$ functioned as a “problem-solving companion” throughout the development process. Beyond individual courses, usage records demonstrate that this framework has been actively employed across a wide spectrum of disciplines, including language and writing, education, economics, history, and engineering. Some classes integrated the tools into daily study practices, while others explored them in more experimental ways, reflecting diverse pedagogical approaches and disciplinary needs. These findings suggest that the Educational Omics Data Lake not only enhances technology-enhanced learning in specific classrooms but also provides robust, multimodal evidence of adoption across multiple dimensions of higher education. By integrating infrastructure-level design with broad, cross-course practice, this work positions Omics-based architectures as a foundation for data-driven, sustainable, and inclusive educational transformation.",ieee,llm,0.990,unreviewed,,doi:10.1109/icmet67594.2025.11452000
discarded,Conducting a social constructivist epistemology for students of computing disciplines,Brennen Frisque; Ankur Chattopadhyay,2017,2017 IEEE Frontiers in Education Conference (FIE),10.1109/FIE.2017.8190461,https://ieeexplore.ieee.org/document/8190461/,adjacent-subtopic,"There have been some social constructivist learning approaches used in computing sciences (CS) education, but none of them has actually validated the student reflection process, which is a critical component of the action learning associated with them. The step of reflection within the social constructivist pedagogy has a crucial role in building the learner's mental model and in refining the existing mental model. This paper presents a novel research case study on the employment of an innovative process of student reflection and analysis. This innovative process promotes a unique, non-traditional approach of employing a social interaction based dialogue of inquiry that helps engage each learner in a self-reflective assessment prior to the action learning. The process is in line with the social constructivist model that is based upon inquiry based knowledge building. It helps students debug their conceptual understandings, which make up their respective cognitive models. It also enables them to identify problems or limitations within that mental model before the actual knowledge assimilation or accommodation takes place. The presented case study strives to address a key issue of the social constructivist model i.e. how to ensure that students successfully self-reflect upon what they are learning. In order to so, this research performs a comparative analysis between the results obtained through the presented social constructivist self-reflection assessment and the outcomes of a software based traditional assessment. This paper discusses and analyzes learning analytics data collected over several semesters from multiple instances of social constructivist epistemology conducted for students of two different computer programming classes at the CS1 and CS2 levels respectively. The main contributions of this research experiment are evaluations of the process of student reflection, validations of student assumptions and presentation of an authentic action-learning problem for students in the form of their conceptual gaps. The experimental findings represent evidences of successful validation of student beliefs as well as knowledge discovery process though an epistemic investigation.",ieee,llm,0.870,unreviewed,,doi:10.1109/fie.2017.8190461
discarded,FTTrack: RGB-T Tracking With Frequency-Adaptive Fusion and Temporal Enhancement,Yutong Gu; Xin Zhou; Zichun Zhou; Hongwen Yu; Junjie Zhang,2026,IEEE Signal Processing Letters,10.1109/LSP.2026.3721062,https://ieeexplore.ieee.org/document/11643798/,off-topic-false-hit,"RGB-T tracking exploits complementary information from RGB and thermal infrared (TIR) modalities to achieve robust object tracking. Mainstream approaches exhibit limitations in two critical aspects: inadequate cross-modal feature fusion and insufficient temporal modeling, resulting in performance degradation during challenging scenarios such as rapid motion, occlusion, and significant appearance variations. To overcome these limitations, we introduce FTTrack, a novel RGB-T tracking framework incorporating two key components: Frequency-Adaptive Feature Fusion (FAFF) and Temporal Track Query Memory (TTQM). The FAFF module adaptively enhances high-frequency details in RGB features while preserving low-frequency contour information in TIR features through frequency-domain filtering, thereby facilitating more effective cross-modal interaction and complementary feature integration. The TTQM module employs learnable temporal query tokens to propagate and accumulate historical target states across consecutive frames, significantly enhancing temporal consistency and robust target representation. Comprehensive experiments conducted on the three benchmark datasets demonstrate that FTTrack achieves promising improvements over mainstream trackers.",ieee,llm,1.000,unreviewed,,doi:10.1109/lsp.2026.3721062
discarded,Resource-Constrained Dynamic Kernel Density Estimation for Data Streams Anomaly Detection,Xiange Hou; Wei Ru; Qing Zhang,2024,2024 Global Reliability and Prognostics and Health Management Conference (PHM-Beijing),10.1109/PHM-Beijing63284.2024.10874719,https://ieeexplore.ieee.org/document/10874719/,off-topic-false-hit,"With the rapid development of monitoring system and sensor technology, a large amount of data streams that continuously arrive with intensive data traffic have been generated in various fields. Anomaly detection is the core part of identifying the state changes of monitored objects. Considering that monitoring data streams is constantly generated in real time and not suitable for ex-post analysis, an anomaly detection method for data streams based on kernel density estimation is proposed to deal with the situation of limited computing resources. The method consists of dynamic kernel density estimation and dynamic threshold setting. In the dynamic kernel density estimation, a fusion mechanism for new data points based on the minimum distance constraint is established, and a merge strategy for buffer kernel functions based on the minimal spatial angle criterion is designed to realize the real-time probability density estimation of data streams under the limitations of storage and computation resources. In the dynamic threshold setting, the probability distribution fine-tuning strategy is adopted to update the initial thresholds online after the arrival of new data points. In view of the concept drift of data distribution, the increment and deletion strategy of the thresholds is set. In order to verify the validity of the method, simulation data, NAB standard data and industrial data were selected for analysis. The results show that the method can effectively and accurately perform online anomaly detection on large-scale data streams.",ieee,llm,1.000,unreviewed,,doi:10.1109/phm-beijing63284.2024.10874719
discarded,Efficient CIEDE2000-Based Color Similarity Decision for Computer Vision,Américo Pereira; Pedro Carvalho; Gil Coelho; Luís Côrte-Real,2020,IEEE Transactions on Circuits and Systems for Video Technology,10.1109/TCSVT.2019.2914969,https://ieeexplore.ieee.org/document/8708282/,off-topic-false-hit,"Color and color differences are critical aspects in many image processing and computer vision applications. A paradigmatic example is object segmentation, where color distances can greatly influence the performance of the algorithms. Metrics for color difference have been proposed in the literature, including the definition of standards such as CIEDE2000, which quantifies the change in visual perception of two given colors. This standard has been recommended for industrial computer vision applications, but the benefits of its application have been impaired by the complexity of the formula. This paper proposes a new strategy that improves the usability of the CIEDE2000 metric when a maximum acceptable distance can be imposed. We argue that, for applications where a maximum value, above which colors are considered to be different, can be established, then it is possible to reduce the amount of calculations of the metric, by preemptively analyzing the color features. This methodology encompasses the benefits of the metric while overcoming its computational limitations, thus broadening the range of applications of CIEDE2000 in both the computer vision algorithms and computational resource requirements.",ieee,llm,1.000,unreviewed,,doi:10.1109/tcsvt.2019.2914969
discarded,A New Model for Key Node Identification in Heterogeneous Multilayer Networks With Overlapping Communities,Xianghui Hu; Ruixia Jiang; Zhengyi An; Yichuan Jiang,2026,IEEE Transactions on Computational Social Systems,10.1109/TCSS.2025.3598232,https://ieeexplore.ieee.org/document/11165421/,off-topic-false-hit,"The identification of key nodes in multilayer networks has garnered significant attention in recent years. However, existing approaches often neglect two critical aspects: overlapping community structures and the heterogeneity of network layers. In practice, multilayer networks with overlapping communities more accurately capture the complexities of real-world systems, where nodes typically belong to multiple communities and may act as bridges between them, facilitating intercommunity interactions. Simultaneously, the impact of each network layer on node importance varies due to differences in topology and semantics, yet many existing studies assume uniformity across layers. To address these limitations, this article proposes a novel model for key node identification in heterogeneous multilayer networks with overlapping communities, termed overlapping communities and layer heterogeneity (OCLH). First, OCLH constructs a multilayer network model that explicitly incorporates overlapping community structures. It then introduces a community influence metric and employs overlapping modular centrality to segment each layer into local subnetworks and a global subnetwork. This segmentation enables the quantification of both local and global node influence. Next, OCLH calculates the intralayer influence of a node by considering its affiliated communities and the subnetworks it participates. Furthermore, the model evaluates the heterogeneity across layers by measuring each layer’s structural distinctiveness and its contribution to the overall network, thereby assigning an adaptive importance score to each layer. Finally, the overall node impact is computed by integrating the node’s intralayer influence with its corresponding layer-wise significance. Overall, the OCLH algorithm enhances key node identification by jointly modeling overlapping communities and interlayer heterogeneity. Extensive experiments on two synthetic and ten real-world datasets demonstrate that the nodes identified by OCLH exhibit superior performance in terms of diffusion capability and their impact on network connectivity, outperforming several state-of-the-art baseline methods.",ieee,llm,1.000,unreviewed,,doi:10.1109/tcss.2025.3598232
discarded,Attention-Mechanism-Based Anti-Jamming Detector With Generative Adversarial Training,Yu Zhang; Bo Jiu; Yu Zhao; Hongwei Liu; Junkun Yan; Maria Sabrina Greco,2024,IEEE Transactions on Aerospace and Electronic Systems,10.1109/TAES.2024.3420256,https://ieeexplore.ieee.org/document/10577225/,off-topic-false-hit,"Interrupted-sampling repeater jamming with convolution kernel modulation based on digital radio frequency memory technology usually enters from the main lobe of the radar antenna, exhibiting high levels of coherence and deception in both the time and frequency domains. Therefore, it is difficult for traditional radars to identify and suppress jamming while retaining the target signal, potentially leading to problems with target detection. In recent years, since the introduction of deep learning and the implementation of end-to-end target detection for anti-jamming, the field of radar signal processing has been revolutionized. However, existing end-to-end detectors encounters the limitations in information utilization and handling hard samples, leading to performance degradation in target detection. Therefore, an attention-mechanism-based anti-jamming detector with generative adversarial training is proposed, which works directly with radar echo information in both the time and time–frequency domains. First, the conception of generative adversarial is leveraged to model the framework to mitigate the impact of hard samples on network performance by confrontation interaction. The sample equalization factor is then introduced into the cross-entropy loss function to alleviate the influence of target and jamming overlap rate on detection performance. Finally, by drawing on the attention mechanism and the idea of multiscale feature extraction, the network structure is modified to introduce time–frequency domain information and enhance the feature extraction ability of the detector, which is insensitive to variations in the jamming-to-signal ratio. Experimental results demonstrate that the proposed detector outperforms the state-of-the-art methods in terms of detection performance and robustness.",ieee,llm,1.000,unreviewed,,doi:10.1109/taes.2024.3420256
