status,title,authors,year,venue,doi,url,tags,abstract,provider,decision_source,llm_confidence,llm_review_outcome,llm_change_direction
discarded,Culturally adapted psychotherapy and the legitimacy of myth: A direct-comparison meta-analysis.,Steven G. Benish; Stephen M. Quintana; Bruce E. Wampold,2011,Journal of Counseling Psychology,10.1037/a0023626,https://openalex.org/W2092691995,off-topic-false-hit; culturally-encapsulated,"Psychotherapy is a culturally encapsulated healing practice that is created from and dedicated to specific cultural contexts (Frank & Frank, 1993; Wampold, 2007; Wrenn, 1962). Consequently, conventional psychotherapy is a practice most suitable for dominant cultural groups within North America and Western Europe but may be culturally incongruent with the values and worldviews of ethnic and racial minority groups (e.g., D. W. Sue, Arredondo, & McDavis, 1992). Culturally adapted psychotherapy has been reported in a previous meta-analysis as more effective for ethnic and racial minorities than a set of heterogeneous control conditions (Griner & Smith, 2006), but the relative efficacy of culturally adapted psychotherapy versus unadapted, bona fide psychotherapy remains unestablished. Furthermore, one particular form of adaptation involving the explanation of illness-known in an anthropological context as the illness myth of universal healing practices (Frank & Frank, 1993)-may be responsible for the differences in outcomes between adapted and unadapted treatments for ethnic and racial minority clients. The present multilevel-model, direct-comparison meta-analysis of published and unpublished studies confirms that culturally adapted psychotherapy is more effective than unadapted, bona fide psychotherapy by d = 0.32 for primary measures of psychological functioning. Adaptation of the illness myth was the sole moderator of superior outcomes via culturally adapted psychotherapy (d = 0.21). Implications of myth adaptation in culturally adapted psychotherapy for future research, training, and practice are discussed.",openalex,llm,0.990,unreviewed,
discarded,Nanoparticle encapsulation improves oral bioavailability of curcumin by at least 9-fold when compared to curcumin administered with piperine as absorption enhancer,Jamaluddin Shaikh; D. D. Ankola; Vikas Beniwal; Desh Deepak Singh; M. N. V. Ravi Kumar,2009,European Journal of Pharmaceutical Sciences,10.1016/j.ejps.2009.02.019,https://openalex.org/W2088242076,off-topic-false-hit; nanoparticle-encapsulation,,openalex,llm,1.000,unreviewed,
discarded,"The MTT Assay: Utility, Limitations, Pitfalls, and Interpretation in Bulk and Single-Cell Analysis",Mahshid Ghasemi; Tyron Turnbull; Sonia Sebastian; Ivan M. Kempson,2021,International Journal of Molecular Sciences,10.3390/ijms222312827,https://openalex.org/W3216591159,off-topic-false-hit; cell-assay,"The MTT assay for cellular metabolic activity is almost ubiquitous to studies of cell toxicity; however, it is commonly applied and interpreted erroneously. We investigated the applicability and limitations of the MTT assay in representing treatment toxicity, cell viability, and metabolic activity. We evaluated the effect of potential confounding variables on the MTT assay measurements on a prostate cancer cell line (PC-3) including cell seeding number, MTT concentration, MTT incubation time, serum starvation, cell culture media composition, released intracellular contents (cell lysate and secretome), and extrusion of formazan to the extracellular space. We also assessed the confounding effect of polyethylene glycol (PEG)-coated gold nanoparticles (Au-NPs) as a tested treatment in PC-3 cells on the assay measurements. We additionally evaluated the applicability of microscopic image cytometry as a tool for measuring intracellular MTT reduction at the single-cell level. Our findings show that the assay measurements are a result of a complicated process dependant on many of the above-mentioned factors, and therefore, optimization of the assay and rational interpretation of the data is necessary to prevent misleading conclusions on variables such as cell viability, treatment toxicity, and/or cell metabolism. We conclude, with recommendations on how to apply the assay and a perspective on where the utility of the assay is a powerful tool, but likewise where it has limitations.",openalex,llm,0.990,unreviewed,
discarded,"Recent advances in encapsulation of curcumin in nanoemulsions: A review of encapsulation technologies, bioaccessibility and applications",Tian Jiang; Wei Liao; Catherine Charcosset,2020,Food Research International,10.1016/j.foodres.2020.109035,https://openalex.org/W3003210281,off-topic-false-hit; food-encapsulation; nanoemulsions,,openalex,llm,1.000,unreviewed,
discarded,Droplet-Based Microfluidic Platforms for the Encapsulation and Screening of Mammalian Cells and Multicellular Organisms,Jenifer Clausell-Tormos; Diana Lieber; Jean‐Christophe Baret; Abdeslam El-Harrak; Oliver J. Miller; Lucas Frenz; Joshua Blouwolff; Katherine J. Humphry; Sarah Köster; Honey Duan; Christian Holtze; David A. Weitz; Andrew D. Griffiths; Christoph A. Merten,2008,Chemistry & Biology,10.1016/j.chembiol.2008.04.004,https://openalex.org/W1975581000,off-topic-false-hit; microfluidic-encapsulation,,openalex,llm,1.000,unreviewed,
discarded,Controlled encapsulation of single-cells into monodisperse picolitre drops,Jon F.; Dino Di Carlo; Katherine J. Humphry; Sarah Köster; Daniel Irimia; David A. Weitz; Mehmet Toner,2008,Lab on a Chip,10.1039/b805456h,https://openalex.org/W2123398097,off-topic-false-hit; single-cell-encapsulation,Encapsulation of cells within picolitre-size monodisperse drops provides new means to perform quantitative biological studies on a single-cell basis for large cell populations. Variability in the number of cells per drop due to stochastic cell loading is a major barrier to these techniques. We overcome this limitation by evenly spacing cells as they travel within a high aspect-ratio microchannel; cells enter the drop generator with the frequency of drop formation.,openalex,llm,1.000,unreviewed,
discarded,Structural and physicochemical characterization of enzymatically hydrolyzed porous starch isolated from <i>Vigna unguiculata</i>,"Iswalal, Micael; Mohanlall, Viresh; Mellem, John J.",2026,JOURNAL OF FOOD MEASUREMENT AND CHARACTERIZATION,10.1007/s11694-026-04732-w,https://www.webofscience.com/wos/woscc/full-record/WOS:001861360200001,off-topic-false-hit; food-starch-encapsulation,"To overcome the limitations of native starch (NS), particularly its low surface area and limited adsorption capacity, porous starch (PS) has been utilized to enhance starch functionality. Porous starch from indigenous, underutilized, alternative sources such as cowpea (Vigna unguiculata), may provide an ideal medium for the adsorption and encapsulation of bioactive compounds. This study, therefore, focused on (i) synthesizing PS from cowpea through enzymatic hydrolysis utilizing amyloglucosidase and (ii) characterizing the structural and physicochemical properties of the PS produced. Scanning electron microscopy revealed that the treatment led to notable alterations in the surface characteristics of the PS33 and PS66 starch samples, exhibiting porous structures with a varied porosity distribution. The XRD analysis of NS and PS samples revealed a C-type crystalline pattern typically observed in legumes with two distinct peaks at 15 and 23 and dual peaks at 17 and 18 degrees. The DSC results obtained outlined a clear distinction between the PS and NS samples, with the PS66 sample exhibiting an increased onset, peak temperature and a greater gelatinization enthalpy. Enzymatic hydrolysis led to a notable increase in the water and oil adsorption capacity of the PS33 (234.67 +/- 13.26; 154.67 +/- 9.42) and PS66 (260.67 +/- 11.61; 159.33 +/- 8.57) samples when compared to the NS (96.67 +/- 3.46; 75.33 +/- 3.46). This improvement can be linked to the increased specific surface area and porosity, which effectively trap and retain water/oil. The findings from this study indicate that PS66 shows considerable promise as a carrier for active compounds.",wos,llm,1.000,unreviewed,
discarded,Machine learning approaches for enhancing paraffin based thermal energy storage systems: a critical review,"Suneetha, Sivavaram; Tarigonda, Hariprasad",2026,ENGINEERING RESEARCH EXPRESS,10.1088/2631-8695/ae840a,https://www.webofscience.com/wos/woscc/full-record/WOS:001862078800001,off-topic-false-hit; thermal-energy-storage; microencapsulation,"Thermal energy storage (TES) systems integrated with phase change materials (PCMs) have emerged as promising solutions for improving energy efficiency and thermal management in sustainable energy applications. Among all the paraffin-based PCMs have gained interest because of their high latent heats of fusion, chemical stability, non-corrosiveness, and ease of processing and mass production. Paraffin PCMs are very well suited for many thermal management applications. Despite many benefits, there are few limitations that hold back mass adoption. Some of these limits include low thermal conductivity, supercooling, phase-change leakage, and long-term degradation. These limitations have contributed to the slow adoption of PCM in TES systems. Recent developments in nano-engineering, advanced composite materials, and encapsulation technology have improved the performance of paraffin PCMs. The use of hybrid nano-additives greatly increases the thermal conductivity and use of microencapsulation prevents leakage while increasing structural stability. In parallel, machine learning (ML) approaches have emerged as effective tools for accelerating PCM material discovery, thermophysical property prediction, and TES system optimization with reduced experimental effort. This review critically examines recent developments in paraffin-based PCM technologies, emphasizing nano-enhancement strategies, encapsulation methods, ML-assisted prediction models, and emerging intelligent TES frameworks. Furthermore, the review discusses scalability challenges, sustainability concerns, and future research opportunities associated with advanced PCM systems for next-generation TES applications.",wos,llm,1.000,unreviewed,
discarded,"Low-temperature, vacuum-free deposition of N-DMBI-H enables high conductivities in organic semiconductors","Ferrari, Federico; Pokerznik, Oliver; Koster, L. Jan Anton",2026,RSC ADVANCES,10.1039/d6ra05776d,https://www.webofscience.com/wos/woscc/full-record/WOS:001862037200001,off-topic-false-hit; materials-processing; encapsulation,"Doping is an essential process for controlling the electronic properties of organic semiconductors. While n-type doping has advanced significantly in recent years, processability remains a critical bottleneck: conventional methods rely on inert atmospheres or vacuum systems, increasing complexity and costs. To overcome these limitations, we developed a low-temperature, atmospheric-pressure vapor doping method using the commercially available dopant N-DMBI-H. Optimized for the prototypical fullerene derivative PCBM, this approach yields conductivities exceeding 1 S cm-1, exceeding those achieved by traditional bulk doping. Critically, the mild deposition conditions enable entirely ambient processing, from doping to encapsulation, with only minimal performance trade-offs. This simplification reduces pipeline complexity, processing costs, and environmental impact, paving the way for scalable fabrication of high-performance n-type organic films.",wos,llm,1.000,unreviewed,
discarded,"Casein-derived functional layers for electronic memory, sensing and energy storage applications: A comprehensive review","Kiran, M. Raveendra; Agarwal, Hemant; Nayak, Santosh; Srijyothi, P.; Ulla, Hidayath; Yadav, Dibya; Hussain, Syed Arshad",2026,NEXT MATERIALS,10.1016/j.nxmate.2026.103244,https://www.webofscience.com/wos/woscc/full-record/WOS:001860185600001,off-topic-false-hit; materials-review,"This review provides a comprehensive overview of a casein-derived functional layer developed for nextgeneration electronic memory, sensing, and green energy applications. Moving beyond its traditional use as a passive structural matrix, this study evaluates the performance of a distinct biopolymer system, including Milk, Casein, Sodium Caseinate (NaCas), casein/polyvinyl alcohol (Casein/PVA), casein/polyacrylamide/carbon nanotube (CA/MWCNT/PAAm) hybrid networks. The added value of these casein-based function layers are established through the quantified performance milestones, highlight the potential of these sustainable materials: bio-memristors display non-volatile memory data retention exceeding 105 seconds with cyclic endurance over 6000 cycles, electric double-layer (EDL) synaptic transistors yield specific capacitances up to 3.58 mu F cm(- 2) operating under low-power regimes (< 1 V), and flexible double-network hydrogel strain sensors achieve gauge factors up to 12.46 with an extreme elongation at break of 2288%. To address the operational limitations such as moisture sensitivity and precursor instability, we evaluate thin-film encapsulation capping strategies (e.g., Ta2O5 or Al2O3 barriers) to suppress environmental degradation, alongside standardized microwave-assisted irradiation and enzymatic normalization to resolve precursor structural variance.",wos,llm,0.990,unreviewed,
discarded,Advances in Enzyme Immobilization and Its Application in the Degradation of Typical Emerging Contaminants,"Zhang, JiYue; Wang, Xin; Cui, YiBo; Liu, Yang; Bao, Jia; Yao, MengQin",2026,CLEAN-SOIL AIR WATER,10.1002/clen.70268,https://www.webofscience.com/wos/woscc/full-record/WOS:001862135600001,off-topic-false-hit; enzyme-immobilization,"Emerging contaminants (ECs), including pharmaceuticals and personal care products (PPCPs), endocrine-disrupting chemicals (EDCs), pesticides, and polycyclic aromatic hydrocarbons (PAHs), have attracted increasing attention due to their persistent occurrence and potential risks to ecosystems and human health. Enzymatic bioremediation has attracted increasing attention because of its high catalytic efficiency, substrate specificity, and environmental friendliness. However, the practical application of free enzymes is limited by poor stability, easy deactivation, and low reusability. Enzyme immobilization has emerged as an effective strategy to enhance enzyme stability, activity retention, and operational performance. This review summarizes recent advances in immobilized enzymes for the degradation of ECs, with a focus on laccase, peroxidases, catalase, and organophosphorus hydrolase. Different immobilization methods and support materials, including metal-organic frameworks (MOFs), covalent organic frameworks (COFs), magnetic nanomaterials, biochar, and carbon-based materials, are critically compared. Current challenges, such as mass-transfer limitations, by-product toxicity, and scale-up issues, are discussed. Future prospects, including AI-assisted carrier design and multienzyme catalytic systems, are also highlighted.",wos,llm,0.990,unreviewed,
discarded,"Chlorination-based resource utilization of chromium-bearing metallurgical solid wastes: Ferrochrome-slag evidence, mechanistic analogues, product recovery, and residue safety","Zhang, Ren-yun; Jia, Sheng-Zhe; Liu, Yan; Fan, Zhi-yu; Liu, Xiao-Qi; Wang, Bo; Wang, Long; Wang, Kun; Zhang, Ting-an",2026,PROCESS SAFETY AND ENVIRONMENTAL PROTECTION,10.1016/j.psep.2026.109494,https://www.webofscience.com/wos/woscc/full-record/WOS:001860577400002,off-topic-false-hit; metallurgical-waste; glassy-encapsulation,"Ferrochrome slag and related chromium-bearing metallurgical solid wastes occupy a precarious position between the opportunity for secondary resource utilization and the long-term environmental liabilities they pose. Their intrinsic value is derived from the presence of chromium, iron, manganese, vanadium, zinc, and other metals; however, their associated risks are governed by factors such as spinel-hosted chromium, glassy encapsulation, soluble salts, dust formation, and alkaline leaching behavior. This review systematically reorganizes the available literature into a comprehensive chlorination-resource-utilization framework, encompassing feedstock diagnosis, selective chlorination, volatilization and condensation, valuable metal recovery, residue stabilization, and chlorine-loop management. Particular emphasis is placed on parameter-performance evidence, including basicity, temperature, roasting time, chlorinating-agent dosage, gas atmosphere, molten-salt ratio, recovery rate, and leaching concentration. The findings indicate that chlorination can be effective only when thermodynamic feasibility is aligned with mineral accessibility and product capture. Notable examples include high zinc dissolution from ferrochrome converter dust, high chromium recovery from stainless-steel slag, molten-salt multimetal chlorination, and basicity-controlled chromium immobilization, which collectively illustrate both the potential and limitations of these processes. The primary bottleneck is not a singular reaction step but rather the lack of integrated datasets that concurrently report feedstock mineralogy, chloride conversion, condenser product distribution, residue leaching, and chlorine balance.",wos,llm,1.000,unreviewed,
discarded,Molecular Architecture and Predictive Performance of Polysaccharide Hydrocolloids in Sustainable Food Processing,"Tutu, Crossby Osei; Acheampong, Reuben; Akonor, Papa Toah; Asiedu, Bernard Kwabena; Obeng, Rexford; Ampah, Jonathan; Ulzen, Jacob; Wiafe-Kwagyan, Micheal; Kortei, Nii Korley",2026,JOURNAL OF FOOD PROCESS ENGINEERING,10.1111/jfpe.70755,https://www.webofscience.com/wos/woscc/full-record/WOS:001861070500001,off-topic-false-hit; food-processing; encapsulation,"Polysaccharide hydrocolloids are fundamental to modern food design because their molecular architecture dictates techno-functional performance. This review synthesizes current knowledge on sources, structural features and functional roles, establishing clear links between monomer identity, substitution patterns (degree of esterification, sulfation, acetylation), molar-mass distributions and hydration, rheology, gelation and interfacial behavior. Integrated characterization using SEC-MALS, HPAEC-PAD, 1D/2D NMR, scattering, rheology, tribology and interfacial measurements enables predictive performance specifications. Application spaces include beverages, cultured matrices, gel confectionery, emulsions, encapsulation and edible films. Performance is interpreted stepwise: viscosity facilitates product transport and stability during processing and storage, while gut fermentation of non-digestible fractions produces short-chain fatty acids with health implications. Stability and packaging are evaluated using accelerated protocols, acceptance criteria and barrier targets. Sustainability is assessed using life cycle metrics (ISO 14040/14044) and circular feedstocks from intensified extraction routes. Key industrial translation issues include mixing, heat transfer, fouling, membrane filtration, spray drying and biorefinery integration within techno-economic reality. Cross-cutting challenges encompass raw material variability, uneven reporting of analytical data, scale-up limitations of intensified processes, interaction complexity in multicomponent food products and long-term safety considerations for some modified polymers. Practical recommendations focus on performance-based specifications, harmonized analytics, shelf-life model integration with packaging, solvent loop closure verification for green processes and dataset standardization with sharing to enable predictive formulation and credible sustainability claims.",wos,llm,1.000,unreviewed,
discarded,Understanding <i>Mycobacterium tuberculosis</i> host immune responses and identifying synergistic autophagy-inducing compounds as potential nanomedicines for tuberculosis treatment,"Centane, Athembile; Maphasa, Retsepile Ephraim; Dube, Admire",2026,NANOMEDICINE,10.1080/17435889.2026.2721658,https://www.webofscience.com/wos/woscc/full-record/WOS:001861147200001,off-topic-false-hit; nanomedicine; encapsulation,"Tuberculosis (TB), caused by Mycobacterium tuberculosis (M. tb), poses a significant global health challenge and is currently the most fatal disease resulting from a single infectious agent. The development of drug-resistant strains, thin antibiotic pipeline, and limitations of current treatment regimens necessitate the development and exploration of new anti-TB treatmnt options. Host-directed therapies (HDTs) have emerged as a promising treatment option, due to their ability to modulate the host's immune system and target cellular processes vital for the replication and pathogenesis of invading pathogens. The keen focus on homeostatic medicines as HDTs that particularly induce autophagy and the synergism between these autophagy-inducing compounds remains an untapped therapeutic reservoir. However, limitations of current drug-delivery methods have proven to be a significant challenge. The encapsulation of autophagy-inducing compounds in nano-formulations can facilitate potential targeted delivery, enhanced efficacy, bioavailability, and sustained drug release, thus potentially reducing treatment durations. Systematic searches across PubMed and Google Scholar databases were conducted with inclusion of 154 articles published between December 2004 to June 2026. This review therefore explores the synergistic activity of autophagy-inducing compounds and how it can be leveraged to develop new nanomedicines as potential HDTs for the treatment of TB.",wos,llm,1.000,unreviewed,
