status,title,authors,year,venue,doi,url,tags,abstract,provider,decision_source,llm_confidence,llm_review_outcome,llm_change_direction,paper_id
discarded,"Meta-analysis of GWAS of over 16,000 individuals with autism spectrum disorder highlights a novel locus at 10q24.32 and a significant overlap with schizophrenia",Genotyping quality control and imputation of the 14 independent cohorts were performed by the PGC Statistical Analysis Group. Each dataset was processed separately. Experimental details are described in the Additional file,2017,Molecular Autism,10.1186/s13229-017-0137-9,https://openalex.org/W2623056867,off-topic-false-hit,"BACKGROUND: Over the past decade genome-wide association studies (GWAS) have been applied to aid in the understanding of the biology of traits. The success of this approach is governed by the underlying effect sizes carried by the true risk variants and the corresponding statistical power to observe such effects given the study design and sample size under investigation. Previous ASD GWAS have identified genome-wide significant (GWS) risk loci; however, these studies were of only of low statistical power to identify GWS loci at the lower effect sizes (odds ratio (OR) <1.15). METHODS: We conducted a large-scale coordinated international collaboration to combine independent genotyping data to improve the statistical power and aid in robust discovery of GWS loci. This study uses genome-wide genotyping data from a discovery sample (7387 ASD cases and 8567 controls) followed by meta-analysis of summary statistics from two replication sets (7783 ASD cases and 11359 controls; and 1369 ASD cases and 137308 controls). RESULTS: at 3p25.3, and a 'neurodevelopmental hub' on chromosome 8p11.23. CONCLUSIONS: , and",openalex,llm,1.000,unreviewed,,doi:10.1186/s13229-017-0137-9
discarded,"Epigenetic Inheritance: Concepts, Mechanisms and Perspectives",Irene Lacal; Rossella Ventura,2018,Frontiers in Molecular Neuroscience,10.3389/fnmol.2018.00292,https://openalex.org/W2892673223,off-topic-false-hit,"Parents' stressful experiences can influence an offspring's vulnerability to many pathological conditions, including psychopathologies, and their effects may even endure for several generations. Nevertheless, the cause of this phenomenon has not been determined, and only recently have scientists turned to epigenetics to answer this question. There is extensive literature on epigenetics, but no consensus exists with regard to how and what can (and must) be considered to study and define epigenetics processes and their inheritance. In this work, we aimed to clarify and systematize these concepts. To this end, we analyzed the dynamics of epigenetic changes over time in detail and defined three types of epigenetics: a direct form of epigenetics (DE) and two indirect epigenetic processes-within (WIE) and across (AIE). DE refers to changes that occur in the lifespan of an individual, due to direct experiences with his environment. WIE concerns changes that occur inside of the womb, due to events during gestation. Finally, AIE defines changes that affect the individual's predecessors (parents, grandparents, etc.), due to events that occur even long before conception and that are somehow (e.g., through gametes, the intrauterine environment setting) transmitted across generations. This distinction allows us to organize the main body of epigenetic evidence according to these categories and then focus on the latter (AIE), referring to it as a faster route of informational transmission across generations-compared with genetic inheritance-that guides human evolution in a Lamarckian (i.e., experience-dependent) manner. Of the molecular processes that are implicated in this phenomenon, well-known (methylation) and novel (non-coding RNA, ncRNA) regulatory mechanisms are converging. Our discussion of the chief methods that are used to study epigenetic inheritance highlights the most compelling technical and theoretical problems of this discipline. Experimental suggestions to expand this field are provided, and their practical and ethical implications are discussed extensively.",openalex,llm,1.000,unreviewed,,doi:10.3389/fnmol.2018.00292
discarded,Automatic acquisition of hyponyms from large text corpora,Marti A. Hearst,1992,,10.3115/992133.992154,https://openalex.org/W2068737686,off-topic-false-hit,"We describe a method for the automatic acquisition of the hyponymy lexical relation from unrestricted text. Two goals motivate the approach: (i) avoidance of the need for pre-encoded knowledge and (ii) applicability across a wide range of text. We identify a set of lexico-syntactic patterns that are easily recognizable, that occur frequently and across text genre boundaries, and that indisputably indicate the lexical relation of interest. We describe a method for discovering these patterns and suggest that other lexical relations will also be acquirable in this way. A subset of the acquisition algorithm is implemented and the results are used to augment and critique the structure of a large hand-built thesaurus. Extensions and applications to areas such as information retrieval are suggested.",openalex,llm,1.000,unreviewed,,doi:10.3115/992133.992154
discarded,Setting the future of digital and social media marketing research: Perspectives and research propositions,Yogesh Kumar Dwivedi; Elvira Ismagilova; D. Laurie Hughes; Jamie Carlson; Raffaele Filieri; Jenna Jacobson; Varsha Jain; Heikki Karjaluoto; Hajer Kéfi; Anjala Selena Krishen; Vikram Kumar; Mohammad M. Rahman; Ramakrishnan Raman; Philipp A. Rauschnabel; Jennifer Rowley; Jari Salo; Gina A. Tran; Yichuan Wang,2020,International Journal of Information Management,10.1016/j.ijinfomgt.2020.102168,https://openalex.org/W3035686316,off-topic-false-hit,"The use of the internet and social media have changed consumer behavior and the ways in which companies conduct their business. Social and digital marketing offers significant opportunities to organizations through lower costs, improved brand awareness and increased sales. However, significant challenges exist from negative electronic word-of-mouth as well as intrusive and irritating online brand presence. This article brings together the collective insight from several leading experts on issues relating to digital and social media marketing. The experts’ perspectives offer a detailed narrative on key aspects of this important topic as well as perspectives on more specific issues including artificial intelligence, augmented reality marketing, digital content management, mobile marketing and advertising, B2B marketing, electronic word of mouth and ethical issues therein. This research offers a significant and timely contribution to both researchers and practitioners in the form of challenges and opportunities where we highlight the limitations within the current research, outline the research gaps and develop the questions and propositions that can help advance knowledge within the domain of digital and social marketing.",openalex,llm,1.000,unreviewed,,doi:10.1016/j.ijinfomgt.2020.102168
discarded,Molecular Docking and Structure-Based Drug Design Strategies,Leonardo L. G. Ferreira; Ricardo Nascimento dos Santos; Glaucius Oliva; Adriano Defini Andricopulo,2015,Molecules,10.3390/molecules200713384,https://openalex.org/W1653739410,off-topic-false-hit,"Pharmaceutical research has successfully incorporated a wealth of molecular modeling methods, within a variety of drug discovery programs, to study complex biological and chemical systems. The integration of computational and experimental strategies has been of great value in the identification and development of novel promising compounds. Broadly used in modern drug design, molecular docking methods explore the ligand conformations adopted within the binding sites of macromolecular targets. This approach also estimates the ligand-receptor binding free energy by evaluating critical phenomena involved in the intermolecular recognition process. Today, as a variety of docking algorithms are available, an understanding of the advantages and limitations of each method is of fundamental importance in the development of effective strategies and the generation of relevant results. The purpose of this review is to examine current molecular docking strategies used in drug discovery and medicinal chemistry, exploring the advances in the field and the role played by the integration of structure- and ligand-based methods.",openalex,llm,1.000,unreviewed,,doi:10.3390/molecules200713384
discarded,Summary Indicators of Product Market Regulation with an Extension to Employment Protection Legislation,Giuseppe Nicoletti; Stéfano Scarpetta; Oliver Boylaud,2000,SSRN Electronic Journal,10.2139/ssrn.201668,https://openalex.org/W3121888420,off-topic-false-hit,,openalex,llm,0.990,unreviewed,,doi:10.2139/ssrn.201668
discarded,CB-SEM vs PLS-SEM methods for research in social sciences and technology forecasting,Ganesh Dash; Justin Paul,2021,Technological Forecasting and Social Change,10.1016/j.techfore.2021.121092,https://openalex.org/W3192855505,off-topic-false-hit,"This study compares the two widely used methods of Structural Equation Modeling (SEM): Covariance based Structural Equation Modeling (CB-SEM) and Partial Least Squares based Structural Equation Modeling (PLS-SEM). The first approach is based on covariance, and the second one is based on variance (partial least squares). It further assesses the difference between PLS and Consistent PLS algorithms. To assess the same, empirical data is used. Four hundred sixty-six respondents from India, Saudi Arabia, South Africa, the USA, and few other countries are considered. The structural model is tested with the help of both approaches. Findings indicate that the item loadings are usually higher in PLS-SEM than CB-SEM. The structural relationship is closer to CB-SEM if a consistent PLS algorithm is undertaken in PLS-SEM. It is also found that average variance extracted (AVE) and composite reliability (CR) values are higher in the PLS-SEM method, indicating better construct reliability and validity. CB-SEM is better in providing model fit indices, whereas PLS-SEM fit indices are still evolving. CB-SEM models are better for factor-based models like ours, whereas composite-based models provide excellent outcomes in PLS-SEM. This study contributes to the existing literature significantly by providing an empirical comparison of all the three methods for predictive research domains. The multi-national context makes the study relevant and replicable universally. We call for researchers to revisit the widely used SEM approaches, especially using appropriate SEM methods for factor-based and composite-based models.",openalex,llm,1.000,unreviewed,,doi:10.1016/j.techfore.2021.121092
discarded,Language trees support the express-train sequence of Austronesian expansion,Russell David Gray; Fiona M. Jordan,2000,Nature,10.1038/35016575,https://openalex.org/W1662043995,off-topic-false-hit,"Languages, like molecules, document evolutionary history. Darwin(1) observed that evolutionary change in languages greatly resembled the processes of biological evolution: inheritance from a common ancestor and convergent evolution operate in both. Despite many suggestions(2-4), few attempts have been made to apply the phylogenetic methods used in biology to linguistic data. Here we report a parsimony analysis of a large language data set. We use this analysis to test competing hypotheses - the ""express-train''(5) and the ""entangled-bank''(6,7) models - for the colonization of the Pacific by Austronesian-speaking peoples. The parsimony analysis of a matrix of 77 Austronesian languages with 5,185 lexical items produced a single most-parsimonious tree. The express-train model was converted into an ordered geographical character and mapped onto the language tree. We found that the topology of the language tree was highly compatible with the express-train model.",openalex,llm,1.000,unreviewed,,doi:10.1038/35016575
discarded,Habermas and the Project of Immanent Critique,Titus Stahl,2013,Constellations,10.1111/1467-8675.12057,https://openalex.org/W1495820933,off-topic-false-hit,"According to his own understanding, Jürgen Habermas' Theory of Communicative Action offers a new account of the normative foundations of critical theory. 1 Habermas' motivating insight is that neither a transcendental or metaphysical solution to the problem of normativity, nor a merely hermeneutic reconstruction of historically given norms, is sufficient to clarify the normative foundations of critical theory.In response to this insight, Habermas develops a novel account of normativity which locates the normative demands upon which critical theory draws within the socially instituted practice of communicative understanding.Although Habermas has claimed otherwise, this new foundation for critical theory constitutes a novel and innovative form of ""immanent critique"".To argue for and to clarify this claim, I offer, in section 1, a formal account of immanent critique and distinguish between two different ways of carrying out such a critique.In section 2, I examine Habermas' rejection of the first, hermeneutic option.Against this background, I then show, in section 3, that the Theory of Communicative Action attempts to formulate an immanent critique of contemporary societies according to a second, ""practice-based"" model.However, because Habermas, as I will argue in section 4, commits himself to an implausibly narrow view in regard to one central element of such a model -in regard to the social ontology of immanent normativity -his normative critique cannot develop its full potential (section 5). The Concept of Immanent CritiqueWhether a particular theoretical project should be described as ""immanent critique"" depends on the meaning of this term which, in spite of its importance, has rarely been clearly defined. Titus Stahl, ""Habermas and the Project of Immanent Critique""Pre-review version -not suitable for citation.Hence, before turning to Habermas' model, I will clarify what I mean by ""immanent critique,"" and the theoretical commitments I take such a project to entail.Critical theories -or at least, those varieties which locate themselves within the Frankfurt School tradition -generally derive some of their methodological commitments from Marx's early writings.Criticizing the Utopian tendencies of his time, Marx rejects all ""dogmatic"" forms of normative criticism, which postulate normative principles from a context-free, external vantage point. 2 However, criticizing Hegel, Marx also argues that social critique is not to be based on a reconstruction of ""reason in history"", but rather on an analysis of the material conditions of social reproduction.3 Thus, insofar as we can attribute any normative project to Marx, he must envisage a form of criticism that draws on norms which already exist in objective social reality.4 Many critical theorists have subsequently endorsed this broad strategy of justifying the normative standards of critique by reference to immanent potentials of social reality.In so doing, these theorists not only reject forms of moral constructivism and of moral realism that introduce norms from the ""outside"", but they also reject a merely ""internal"" application of those normative standards which are already accepted by their audience.5 However, any theory which attempts to draw on normative standards within objective social reality in this manner must solve three distinct problems: First, in order to justify a critical judgment by reference to immanent social standards, a theory must plausibly explain the sense in which such immanent standards ""exist.""Providing such an explanation requires a social ontology: a theoretical account that specifies the meaning of claims regarding the existence of particular social entities, and in this case, of socially immanent norms.Second, even given a justification for the assumption of immanent norms on the level of a social ontology, it is unclear what type of epistemic access social critics have to the relevant normative potentials immanent to social reality.Third and finally, it is an open question as to what kind of critical authority an immanent critique that draws upon them can aspire to.In summary, any model of immanent critique must clarify: the ontology of the immanent normative standards employed; its epistemology; and the consequences of its reliance upon those standards for its own critical capacity.Although these questions are seldom clearly distinguished, there have been numerous attempts to address the issues they raise.We can roughly divide these answers into two camps, which I will",openalex,llm,1.000,unreviewed,,doi:10.1111/1467-8675.12057
discarded,Season of Conception in Rural Gambia Affects DNA Methylation at Putative Human Metastable Epialleles,Robert A. Waterland; Richárd Kellermayer; Eleonora Laritsky; Pura Rayco‐Solon; Ronald Alan Harris; Michael Travisano; Wenjuan Zhang; Maria S. Torskaya; Jiexin Zhang; Lanlan Shen; MARK J. MANARY; Andrew M. Prentice,2010,PLoS Genetics,10.1371/journal.pgen.1001252,https://openalex.org/W2051330882,off-topic-false-hit,"Throughout most of the mammalian genome, genetically regulated developmental programming establishes diverse yet predictable epigenetic states across differentiated cells and tissues. At metastable epialleles (MEs), conversely, epigenotype is established stochastically in the early embryo then maintained in differentiated lineages, resulting in dramatic and systemic interindividual variation in epigenetic regulation. In the mouse, maternal nutrition affects this process, with permanent phenotypic consequences for the offspring. MEs have not previously been identified in humans. Here, using an innovative 2-tissue parallel epigenomic screen, we identified putative MEs in the human genome. In autopsy samples, we showed that DNA methylation at these loci is highly correlated across tissues representing all 3 embryonic germ layer lineages. Monozygotic twin pairs exhibited substantial discordance in DNA methylation at these loci, suggesting that their epigenetic state is established stochastically. We then tested for persistent epigenetic effects of periconceptional nutrition in rural Gambians, who experience dramatic seasonal fluctuations in nutritional status. DNA methylation at MEs was elevated in individuals conceived during the nutritionally challenged rainy season, providing the first evidence of a permanent, systemic effect of periconceptional environment on human epigenotype. At MEs, epigenetic regulation in internal organs and tissues varies among individuals and can be deduced from peripheral blood DNA. MEs should therefore facilitate an improved understanding of the role of interindividual epigenetic variation in human disease.",openalex,llm,1.000,unreviewed,,doi:10.1371/journal.pgen.1001252
discarded,A New Functional CYP3A4 Intron 6 Polymorphism Significantly Affects Tacrolimus Pharmacokinetics in Kidney Transplant Recipients,Laure Elens; Rachida Bouamar; Dennis Alexander Hesselink; Vincent Haufroid; Ilse P. van der Heiden; Teun van Gelder; Ron HN van Schaik,2011,Clinical Chemistry,10.1373/clinchem.2011.165613,https://openalex.org/W2032584539,off-topic-false-hit,"BACKGROUND: Tacrolimus (Tac) is a potent immunosuppressant with considerable toxicity. Tac pharmacokinetics varies between individuals and thus complicates its use in preventing rejection after kidney transplantation. This variability might be caused by genetic polymorphisms in metabolizing enzymes. METHODS: We used TaqMan analyses to evaluate the impact of a newly discovered CYP3A4 (cytochrome P450, family 3, subfamily A, polypeptide 4) single-nucleotide polymorphism (SNP) (rs35599367C>T; CYP3A4*22) on Tac pharmacokinetics in 185 renal transplant recipients who participated in an international randomized controlled clinical trial (fixed-dose, concentration-controlled study). RESULTS: The overall mean daily-dose requirement to reach the same predose Tac blood concentration was 33% lower for carriers of the T variant allele than for rs35599367CC patients (95% CI, -46% to -20%; P = 0.018). When combined with the *3 genotype of the CYP3A5 (cytochrome P450, family 3, subfamily A, polypeptide 5) gene, the rs35599367C>T SNP was also associated with a risk of supratherapeutic Tac concentrations (>15 μg/L) during the first 3 days after surgery, with an odds ratio of 8.7 for carriers of the CYP3A4 T allele plus CYP3A5*3/*3 (P = 0.027) and 4.2 for the CYP3A4 CC homozygotes plus CYP3A5*3/*3 (P = 0.002), compared with CYP3A4 CC homozygotes having 1 or 2 CYP3A5*1 alleles. The overall increase in the Tac dose-adjusted trough blood concentration was +179% for carriers of the CYP3A4 T allele with CYP3A5*3/*3 (P < 0.001), +101% for CYP3A4 CC homozygotes with CYP3A5*3/*3 (P < 0.001), and +64% for CYP3A4 T allele carriers with CYP3A5*1 (P = 0.020),compared with CYP3A4 CC homozygotes with CYP3A5*1. CONCLUSIONS: The CYP3A4 rs35599367C>T polymorphism is associated with a significantly altered Tac metabolism and therefore increases the risk of supratherapeutic Tac concentrations early after transplantation. Analysis of this CYP3A4*22 SNP may help in identifying patients at risk of Tac overexposure.",openalex,llm,1.000,unreviewed,,doi:10.1373/clinchem.2011.165613
