status,title,authors,year,venue,doi,url,tags,abstract,provider,decision_source,llm_confidence,llm_review_outcome,llm_change_direction
discarded,Programming Python,Mark Lutz,1996,,,https://openalex.org/W2340255158,off-topic-false-hit; python-book; programming-guide,"Already the industry standard for Python users, Programming Python from O'Reilly just got even better. This third edition has been updated to reflect current best practices and the abundance of changes introduced by the latest version of the language, Python 2.5. Whether you're a novice or an advanced practitioner, you'll find this refreshed book more than lives up to its reputation. Programming Python, 3rd Edition, teaches you the right way to code. It explains Python language syntax and programming techniques in a clear and concise manner, with numerous examples that illustrate both correct usage and common idioms. By reading this comprehensive guide, you'll learn how to apply Python in real-world problem domains such as:GUI programmingInternet scriptingParallel processingDatabase managementNetworked applicationsProgramming Python, Third Edition covers each of these target domains gradually, beginning with in-depth discussions of core concepts and then progressing toward complete programs. Large examples do appear, but only after you've learned enough to understand their techniques and code.Along the way, you'll also learn how to use the Python language in realistically scaled programs--concepts such as Object-Oriented Programming (OOP) and code reuse are recurring side themes throughout this text. If you're interested in Python programming, then this O'Reilly classic needs to be within arm's reach. The wealth of practical advice, snippets of code, and patterns of program design can all be put into use on a daily basis--making your life easier and more productive.Reviews of the second edition:...about as comprehensive as any book can be. --Dr. Dobb's JournalIf the language had manuals, they would undoubtedly be the texts from O'Reilly...'Learning Python' and 'Programming Python' are definitive treatments. --SD Times",openalex,llm,1.000,unreviewed,
discarded,Object-Oriented Metrics: A Review of Theory and Practice,Khaled El-Emam,2002,Advances in Software Engineering,10.1007/978-0-387-21599-0_2,https://openalex.org/W1536722722,off-topic-false-hit; metrics; oop-theory-practice,,openalex,llm,1.000,unreviewed,
kept,The Impact of Different Teaching Approaches and Languages on Student Learning of Introductory Programming Concepts,Wanda M. Kunkle; Robert B. Allen,2016,ACM Transactions on Computing Education,10.1145/2785807,https://openalex.org/W2314503383,qualifies-claim; teaching-approaches; language-comparison; teaching-order,"Learning to program, especially in the object-oriented paradigm, is a difficult undertaking for many students. As a result, computing educators have tried a variety of instructional methods to assist beginning programmers. These include developing approaches geared specifically toward novices and experimenting with different introductory programming languages. However, determining the effectiveness of these interventions poses a problem. The research presented here developed an instrument to assess student learning of fundamental and object-oriented programming concepts, then used that instrument to investigate the impact of different teaching approaches and languages on university students’ ability to learn those concepts. Extensive data analysis showed that the instrument performed well overall. Reliability of the assessment tool was statistically satisfactory and content validity was supported by intrinsic characteristics, question response analysis, and expert review. Preliminary support for construct validity was provided through exploratory factor analysis. Three components that at least partly represented the construct “understanding of fundamental programming concepts” were identified: methods and functions, mathematical and logical expressions, and control structures. Analysis revealed significant differences in student performance based on instructional language and approach. The analyses showed differences on the overall score and questions involving assignment, mathematical and logical expressions, and code completion. Instructional language and approach did not appear to affect student performance on questions addressing object-oriented concepts.",openalex,llm_reviewed,0.800,confirmed,
discarded,The effects of paradigm on cognitive activities in design,Adrienne Lee; Nancy Pennington,1994,International Journal of Human-Computer Studies,10.1006/ijhc.1994.1028,https://openalex.org/W2092478214,adjacent-subtopic; design-cognition; paradigm-effects,,openalex,llm,0.700,unreviewed,
discarded,An Implementation of Web-based Personal Platform for Programming Learning Assistant System with Instance File Update Function,"Aung, Soe Thandar; Aung, Lynn Htet; Funabiki, Nobuo; Yamaguchi, Shigo; Syaifudin, Yan Watequlis; Kao, Wen-Chung",2024,ENGINEERING LETTERS,,https://www.webofscience.com/wos/woscc/full-record/WOS:001163837300015,adjacent-subtopic; assistant-system; self-study-platform,"Java, recognized for its reliability and portability in object -oriented programming, has found application in diverse systems such as enterprise servers, smartphones, and embedded systems. To facilitate self -study in Java programming, we have developed Java Programming Learning Assistant System (JPLAS) that provides a range of exercise problems tailored to support novice students at different skill levels. In this paper, we implement the web -based personal platform for JPLAS using Node.js , named NPLAS. Docker is adopted for its easy and solid deployments to novice students. The instance file update function is incorporated to help a teacher to distribute the files of the new/updated problem instances to the students, using Angular and Laravel. In addition, we extend NPLAS to Python programming learning. For evaluations, we asked teachers and students in three universities in Japan and Indonesia, to install NPLAS , solve instances on it, and update instance files. Then, all of them could successfully complete them, which confirms the efficiency and validity of the proposal. marked understanding (VTP) element problem and based Tomcat browser platform where have gramming offers",wos,llm,0.820,unreviewed,
discarded,OBJECTIVE DESIGN IN THE NOVICE PROGRAMMING PROGRAMING COURSE IN THE TERTIARY EDUCATION,"Remes, Radim; Beranek, Ladislav",2019,PROCEEDINGS OF THE 16TH INTERNATIONAL CONFERENCE EFFICIENCY AND RESPONSIBILITY IN EDUCATION 2019 (ERIE),,https://www.webofscience.com/wos/woscc/full-record/WOS:000478861500030,adjacent-subtopic; design-phase; novice-oop,"In our research, we focused on the issue of the initial phase of teaching assignments in the context of object-oriented programming of beginners in tertiary education, i.e., of the design phase when the most important is the creation of e.g., a class diagram corresponding to the assigned task, etc. Generally, the ability to design and coding is a complex cognitive ability it is not easy to handle and requires a great deal of cognitive effort. Object-oriented programming has been designed to help designers handle complexity and build extensive systems. It was not designed with an emphasis on education. The fact that object orientation is often used as the first paradigm in teaching makes teaching methods and designing model examples for teaching more difficult and more important. In this paper we focus on gaining a deeper understanding of how beginners can learn to program with an emphasis on their cognitive development processes, especially when designing their applications, and to design appropriate examples and procedures for designing suitable examples for teaching newcomers in the field of the programing of some object oriented problem. Suggested procedures are briefly discussed and evaluated.",wos,llm,0.780,unreviewed,
discarded,jCAB: Making Java Class Design Easier for Novice Programmers,"Liu, Qian",2018,2018 IEEE FRONTIERS IN EDUCATION CONFERENCE (FIE),,https://www.webofscience.com/wos/woscc/full-record/WOS:000468396900069,adjacent-subtopic; class-design-tool; novice-programmers,"This Research Full Paper introduces a tool called Java Class Auto Builder (jCAB) that helps students to design Java custom classes, helps them to understand the core concepts in the class design, and helps them to develop Object-Oriented (OO) ideas efficiently.

When OO programming is introduced to students, its fundamental concepts are difficult for them to learn at first, and also impact them when they start to design their custom class templates. The existing UML (Unified Modeling Language) based tools could be served for educational purpose, but they are not suitable for novice Java students or programmers. Those tools generate class template code automatically from UML diagrams which must represent the class structures and functionalities clearly. That requires users to have a comprehensive view on the class structures. However, when they are first exposed to custom class design, novice programmers usually do not know what are necessary in the design and/or the relationships among classes if there are any. Therefore, it would be hard for them to develop UML diagrams which could represent class templates clearly. A tool that could help students in this stage is necessary.

The jCAB tool introduced in this paper is designed for Java CS1 course, and is a good start for novice programmers to learn how to implement custom classes. The tool divides the custom class design procedure into several steps in order to show students what are necessary in the class design clearly and how to do them in detail. Its GUI (Graphic User Interface) interacts with students, directs them step by step, and generates code in each step automatically, so that students will be aware of the class structure, the design procedures, and how each piece of code is related with OO concept, and they will have better grasp on the OO fundamentals and the custom class design procedures.",wos,llm,0.880,unreviewed,
discarded,"Extending the Object-Oriented Notional Machine Notation with Inheritance, Polymorphism, and GUI Events","Cuvic, Marin Aglic; Maras, Josip; Mladenovic, Sasa",2017,"2017 40TH INTERNATIONAL CONVENTION ON INFORMATION AND COMMUNICATION TECHNOLOGY, ELECTRONICS AND MICROELECTRONICS (MIPRO)",,https://www.webofscience.com/wos/woscc/full-record/WOS:000426903800142,adjacent-subtopic; notional-machine; visualization,"Learning to program is a challenging task. Novices need to have an accurate understanding of the program execution at the conceptual level provided by the programming language. This level of execution is often referred to as the notional machine, which is often easier to understand through program visualizations.

Currently one of the most popular programming paradigms is object-oriented programming, which introduces a number of advanced concepts. In addition, in order to increase student engagement, teachers have started to introduce graphical user interface (GUI) applications into programming courses. This brings its own set of challenges, mostly related to a significantly larger number of application states, which are more difficult to keep track of. However, most existing programming visualizations do not cover all necessary concepts for teaching object-oriented programming, nor have they considered visualizing complex GUI applications. For this reason, we present our own concept of a visualization system that addresses these shortcomings.

In this paper, we have: i) extended an existing notation for a notional machine to support learning of advanced object-oriented concepts inheritance and polymorphism; ii) presented our own concept of a visualization system that introduces the source code into the notional machine, thereby making the relationship between source code and the visual representation more concrete; and iii) proposed solutions for reducing the cognitive overload introduced by GUI applications.",wos,llm,0.840,unreviewed,
discarded,The implementation of a 2 user-proficiency level novice OOP software tool,"Hosanee, Yeeshtdevisingh; Panchoo, Shireen",2016,2016 IEEE INTERNATIONAL CONFERENCE ON EMERGING TECHNOLOGIES AND INNOVATIVE BUSINESS PRACTICES FOR THE TRANSFORMATION OF SOCIETIES (EMERGITECH),,https://www.webofscience.com/wos/woscc/full-record/WOS:000391537900014,adjacent-subtopic; software-tool; oop-learning,"Learning OOP for novice learners remains a major problem for many students at University level. Students still find OOP concepts difficult to grasp. They are not able to grasp the easiest OOP topic and they are asked to move to another topic. Therefore, this paper illustrates a concept which was tested with 10 students to ease OOP learning process for novice learners. The approach mainly consists of using a software which allows a student to focus on a particular OOP topic at a time. Upon answering successfully to a set of questions with respect to the particular topic, the learner can move to subsequent topics. The next topic will be more difficult than the previous one. In this way, the learner can increase his proficiency and understanding level at each topic level. For the evaluation purpose, a software application with two user proficiency levels was implemented. The first level teaches inheritance to the user and the second level teaches association to the user.",wos,llm,0.820,unreviewed,
discarded,Examining Effectiveness of Learning Object-Oriented Programming Paradigm Through Propriety Game-Based Learning Games,"Wong, Yoke Seng; Yatim, Maizatul Hayati Binti Mohammad; Tan, Wee Hoe",2016,PROCEEDINGS OF THE 10TH EUROPEAN CONFERENCE ON GAMES BASED LEARNING,,https://www.webofscience.com/wos/woscc/full-record/WOS:000389514500099,adjacent-subtopic; game-based-learning; oop-paradigm,"Learning object-oriented programming paradigm can be difficult and challenging for novices, especially the first year degree students who do not have any prior programming experience. The traditional learning and teaching methods are insufficient to support the learners or students. A game-based learning approach can be an efficient way for the students to learn object-oriented programming. This is because empirical evidence verifying computer games as educationally efficient tools for learning OOP is still absent from the literature. Thus, this paper proposes computer games that are developed according to the game-based learning design approach model for students to learn object-oriented programming paradigm. In the proposed game, several relevant theories are included to ensure the entire learning process is motivating and easy to learn. The game divides the learning content into several levels and quests. Students are required to communicate with the non-player character for learning purposes and complete the quests to proceed to the next level. Each quest adopts different gameplay mechanics to suit the learning objectives. Besides that, compared with other games for learning programming such as Alice 2D, Greenfoot, Darwin and CodeCombat, the proposed computer game only focuses on the game play to carry out the learning objective (no coding exercise type of game play needed). Most of the existing games for learning programming require coding practice type of game mechanics. All these games have their own approach and objective that could still be inefficient to support the learning process for novice in learning OOP. Playing is one of the most efficient ways for learners to gain whatever knowledge they require and computer games can be an engaging learning medium for the teaching and learning process. Thus, a computer game that focuses on the game play without coding practice will be an efficient tool for learning OOP.",wos,llm,0.860,unreviewed,
discarded,Odyssey of Phoenix: A Propriety Game Based Learning Game to Learn Object-Oriented Programming,"Wong, Yoke Seng; Yatim, Maizatul Hayati Binti Mohammad; Tan, Wee Hoe; Khoo, Li Jing",2017,PROCEEDINGS OF THE 11TH EUROPEAN CONFERENCE ON GAMES BASED LEARNING (ECGBL 2017),,https://www.webofscience.com/wos/woscc/full-record/WOS:000457844600094,adjacent-subtopic; game-based-learning; oop,"Object-oriented programming is a required fundamental skillset for all computer science related students. However, teaching object-oriented programming to undergraduate year one students is challenging and academician need to use a different approach to find suitable methods to enhance student understanding, self-interest and self-experimentation. However, the classroom-based learning and teaching methods are insufficient to support learners or students, especially in learning a programming related subject. A game-based learning approach could be an efficient way for the students to learn object-oriented programming. This is mainly because the empirical evidence that validates computer games is an efficient tool for learning object-oriented programming is still absent from the literature. The proposed computer game is developed according to the game-based learning design approach model, where several relevant theories, such as condition of learn, operant conditioning, constructive, hierarchy of needs and bloom taxonomy are included to ensure that the entire learning process is motivating and easy to learn. The game-based learning design model is divided to three layers, such as presentation layer, learning theory layer and core game-play layer. Each layer covers a different expect, where focus is on how to make the learning environment more effective for player to learn object-oriented programming. The proposed game is a role-playing game named Odyssey of Phoenix that motivates users to learn object-oriented programming in an easy and interactive environment. Players will play along the flow of each game quest and they will easily learn and pick up the object-oriented programming paradigm. Players are not required to have any coding practice and learn via the provided game-play with pseudo code support. A group of 20 students in the second year of Bachelor of Computer Science were offered to participate a pilot testing to evaluate the game. The respondents showed positive results, where most students agreed that the proposed game is efficient as a learning tool to help them understand the object-oriented programming paradigm better. Thus, the invention of this role-playing game for novice or beginner learners to learn object-oriented programming is necessary. The objective of this paper is to discuss the development of a propriety game-based learning game to learn the object-oriented programming paradigm and examine its acceptance as a learning tool among undergraduate computer science students in Malaysia.",wos,llm,0.860,unreviewed,
discarded,Business Programming with REXX: Bringing Programming to Business Students,"Gerger, Eva Katharina",2017,"2017 8TH INTERNATIONAL CONFERENCE ON INFORMATION, INTELLIGENCE, SYSTEMS & APPLICATIONS (IISA)",,https://www.webofscience.com/wos/woscc/full-record/WOS:000454859600027,adjacent-subtopic; business-students; intro-programming,"Programming is among the most feared subjects for undergraduate students, especially for business students. At the same time it is a truly useful skill not only for IT gurus, because it can help simplify a lot of tasks in very different occupational fields. There are many different ways of teaching programming, some of them being well suited to attracting students while others are not. Thus a good approach to teaching programming needs to be found to revise students mindset concerning programming. Business Programming 1 and 2 are courses which are part of a study specialization at the Vienna University of Economics and Business aiming at tackling that very issue. For this purpose, the programming language Rexx is the main language taught. Rexx is a particularly easy to learn, user centric scripting language which facilitates the first steps of novice programmers in the field of programming. This paper introduces the design of the Business Programming courses as well as the features of the Programming language Rexx and its object oriented version ooRexx.",wos,llm,0.970,unreviewed,
discarded,UML-test Application for Automated Validation of Students' UML Class Diagram,"Herout, Pavel; Brada, Premek",2016,2016 IEEE 29TH CONFERENCE ON SOFTWARE ENGINEERING EDUCATION AND TRAINING (CSEE&T),10.1109/CSEET.2016.33,https://www.webofscience.com/wos/woscc/full-record/WOS:000386327400029,adjacent-subtopic; uml-class-diagrams; automated-validation,"This article deals with the issue of how to semi-automatically validate novice programmers' UML class diagrams which document their software assignments. This problem is rather serious given the large numbers of students in the introductory programming courses. The article discusses a self-contained tool which makes it easy to prepare very detailed automated tests (hundreds of them) of UML class diagrams. The tool allows to run these tests and evaluate them both individually and statistically. The described tool, which is freely available, has been used for one year in an elementary course of object oriented programming based on the Java programming language, alongside with three other tools used for automatic validation of students' projects. The article discusses both the tool's principles including a technical solution and the experience gained from its use.",wos,llm,0.840,unreviewed,
