status,title,authors,year,venue,doi,url,tags,abstract,provider,decision_source,llm_confidence,llm_review_outcome,llm_change_direction,paper_id
Similar arguments concerning the need for solidarity activity to remedy structural injustices can be advanced in regard to other central national or global health problems: for example, the provision of clean water, as in the case of Flint, Michigan, or the protection of the water supplies from fracking, or from underwater pipelines as in the case of Standing Rock, where there was a substantial solidarity struggle in support of the affected Sioux indigenous people in 2016-2017. Internationally, the health challenges include the need for wider and cheaper provision of drugs to counter HIV-AIDS along with a host of other illnesses; ways of dealing with malaria and with preventable epidemics; providing clean water worldwide; and addressing the range of health issues that result from trafficking, child labor, and slave labor. In all these cases, solidarity movements would need to join up with others working to counter exploitation and the dominion of the profit motive, or struggling to rectify the deep inequalities in social and economic conditions, along with the effects of absolute poverty. Likewise, in regard to the overarching problem of climate change itself, we have already seen the emergence of major transnational solidarity movements, often taking the form of networks of local groups, and including the participation of numerous healthcare workers. Examples are the older Via Campesina, the People's Climate Movement, and 350.org, among many others. In the international context, mention should also be made of the way structural injustice frames medical problems arising from illness and other natural causes, but also those arising from war and other forms of violence. Some solidarity movements in those contexts have focused on offering aid to the injured, as with the 'White Helmets' operating in rebel-held areas of Syria, extracting the living from the rubble following Syrian government bombings. While this group is composed mainly of volunteers and is anti-authoritarian, it otherwise eschews any specific political affiliation. The Kurdish YPG (People's Defense Units) in northern Syria, which also has healthcare units operating in areas under attack, presents a somewhat different case, since it is explicitly anti-capitalist in orientation. However, a full discussion of these complex cases would take us beyond the scope of the present discussion. We can, in conclusion, return to two of the cases analyzed by Prainsack and Buyx and attempt to view them through the lens of structural injustice, with the resulting transformed interpretation of the solidaristic action required in those bioethical contexts. While less dramatic than the leading examples analyzed above, where solidarity needs to be directed explicitly towards countering structural injustices, the Prainsack and Buyx cases pose some interesting issues for consideration. The two applications of solidarity are those of governing health databases (as they put it), and personalized medicine and healthcare. As we have noted, in the course of their acute analysis, Prainsack and Buyx occasionally point to the dangers of the commercial uses of medical databases. But we can ask whether their recognition of these dangers fully informs their own account. Perhaps because they wish to make proposals that can be adopted immediately, the authors employ the notion of solidarity to recommend only modest restrictions on the use of these databases.

For example, they urge that their use contribute to some public good at the same time as they retain their commercial or profit-oriented purposes, where these latter can even remain primary. The authors also tend to accept the existing limits on public funding for research as a given, rather than strongly arguing for its expansion by way of solidarity actions, however difficult accomplishing this might be in the present. In fact, the use of health databases for the purpose of private profit is a social choice that a society need not endorse. Likewise, the scope and extent of public funding is also a matter of policy and legislation, even if alternative directions would be difficult to implement in the context of a capitalist political economy. It is constraints posed by the latter that I would highlight in an alternative structural perspective on solidarity, taking us beyond the commitment to assist others that these authors foreground in their analysis. Indeed, one can further argue that the solidarity that Prainsack and Buyx seek, as a willingness to share one's own data in large databases, can actually be undercut by structural injustices. This is evident especially in regard to the potential commercial use of the data. Informed people, aware of the dangers that this background structural feature poses, may well be resistant to taking a chance on acting in the solidaristic ways that these authors recommend. People may be wary of these commercial uses and indeed, may even come to expect them, so they would decide against contributing their own information, despite assurances of confidentiality. In this way, the existing tendency toward an overriding concern with private self-interest is reinforced by the very existence and continuation of these structural background conditions. In this context, efforts to eliminate structural injustice, if effective, could be expected to assist in promoting the sorts of solidarities that Prainsack and Buyx seek. Another specific difference I have with these authors' otherwise excellent account of databases and their governance has to do with their rather puzzling remarks about dealing with the risks that must be accepted by those who contribute their health data to the database. For Prainsack and Buyx, solidarity is supposed to motivate people to provide their own health data to these databases and they argue that only 'broad consent' is needed for the use of this data by researchers rather than more traditional forms of informed consent, which they regard as excessively demanding and costly in this context. The authors propose that less attention should be given to preventing the risks of re-identification (with the potential discrimination that might follow) and more attention given to mitigating or compensating for harms that may accrue to individuals from misuse of their data in the future. This includes, they suggest, making fewer efforts to assure individual consent in a strong sense, and instead placing more emphasis on putting funds aside to remedy harms or injuries arising from misidentification or, more generally, from the misuse of information. I believe that encouraging solidaristic actions and practices of the sort these authors seek to engender would instead be aided by focusing even more than is presently done on preventing and limiting the risks that inevitably attend contributing one's personal health data for use in medical databases.

This is so not only for instrumental reasons, namely, because otherwise people will not participate out of (largely rational) fear of these untoward consequences. A greater emphasis on limiting risk is also essential in recognition of the real structural problems that frame these databases, namely, the great commercial potential they hold and their openness to corporate use of the included health information in the interests of profits, along with the deep challenges involved in safeguarding privacy online. These structural features would not be meliorated by the authors' otherwise fine proposals to allow contributors to access their own raw data, and to be informed of possible health impacts on them personally that emerge from the research the databases facilitate. To adequately deal with the various social, technological, and medical challenges posed by these large databanks requires solidarity action in the interest of structural change besides the reforms the authors have sketched. Further, although Prainsack and Buyx helpfully suggest in passing that a few patients should be included among those who serve on the proposed governance boards for large databanks, it seems that the majority on these boards would be made up of standing groups of people whose only requirement is not to have conflicts of interest in regard to the potential uses of the databanks. This delimitation seems insufficient to assure the responsibility owed to the contributors of data, particularly in view of the background functioning of social and economic institutions that give managers and other elites the preponderance of power. Inasmuch as ethics boards are also ruled out by the authors as trustees (because they are overburdened, in their view, or may not be knowledgeable about the specific research in question), it is unclear how these governance boards would best be constituted on their approach. A strongly solidaristic view would require that a substantial number should be drawn from patients or their representatives, though it would clearly also be important to include a sizable number of scientists and other experts. We can see then that quasi-democratic requirements emerge for the governance of these databanks, such that those affected by them would have some say in overseeing them. This follows as well from the feature of deference, which I suggested is an important aspect of an adequate conception of solidarity. Deference is required toward those one is assisting, who should have a major role in specifying their needs and how they want to be assisted. Efforts must thus be made to hear from them systematically. This involves new forms of democratic, or perhaps quasi-democratic, input into the policies or actions in question. I use the qualification 'quasi' here to indicate that the input in question may not always have to be formal, though there is certainly a place for formal rights of participation on governance boards by some representatives of patients or even the public at large. This sort of deference to patients and democratic input by them also casts light on the final example of solidarity in action, drawing again from the Prainsack and Buyx account. They analyze the case of 'personalized medicine' or 'precision medicine,' which most often refers to the use of analytical software and databases to target medicine and healthcare to individuals in ways that are unique to them, e.g., by the use of genomics and through such software systems as IBM's Watson.

The authors rightly point out that group characteristics continue to be important to these analyses, since data about groups provide the parameters for evaluating the medical status of individuals. But in personalized or precision medicine, the focus comes to be on the intersection of these group findings within particular differentiated individuals. Moreover, the authors usefully propose to extend the characteristics that are taken into account in personalized practices to include also social ones, as well as individuals' cultural and personal preferences. In regard to the identification of group characteristics and their embodiment in unique ways in individuals, it is clearly important to adopt a socially critical perspective as to what constitutes a relevant group. That is, taking structure into account suggests the importance of becoming aware of social preconceptions and potential bias in the identification of a group. This holds not only for standard ascriptive group identifications along the lines of gender, race, etc., but also of newer sets of subgroups or emerging crosscutting groups. It would also affect the ways both researchers and clinicians identify the social background conditions and the social and cultural preferences of the individuals, if these are to be taken into account and added to personalized medicine and healthcare, as Prainsack and Buyx propose. We can delineate one final implication of the importance of participation in healthcare by those affected, which I have suggested follows from a conception of solidarity that includes deference and hearing from others as to how they want to be aided or assisted. Clearly, a fuller view of personalized medicine would not only look at evidence-based therapies targeted at individuals drawing from large databases of relevant research, but should be open to input from patients themselves about the aims and methods of therapy. Even the basic interpretation of health and wellness, both of which are clearly shared goals of patients and clinicians, can be open to patients' input. This sort of participation by those affected by the practice of medicine and healthcare need not be understood in a way that diminishes the role of science or expertise. Rather, it reflects the recognition that solidarity with patients requires openness to their own perspectives and goals, and ideally involves their participation in co-determining their own care. Given the range of research knowledge and existing therapies, a truly personalized medicine would not only home in on targeted precise therapies, but would involve an interactive and cooperative process of health building and health sustenance. As argued here, it would also require practices of attunement to, and solidarity with, a patient's social context, needs, and aspirations. Further, understanding that social context, in turn, requires a focus on the differential power and inequalities that result from prevailing political and economic institutions, that is, an attention to structural injustice. The author declares no conflict of interest. Carol C. Gould is Distinguished Professor in Philosophy at Hunter College and in the Doctoral Programs in Philosophy and Political Science at the Graduate Center of The City University of New York, where she is also Director of the Center for Global Ethics and Politics. She is Editor of the Journal of Social Philosophy. Her most recent book is Interactive democracy: The social roots of global justice (Cambridge University Press, 2014.) Prainsack, B., & Buyx, A. (2017).

Solidarity in biomedicine and beyond.

Cambridge: Cambridge University Press. See for example, Gunson, D. (2009). Solidarity and the universal declaration on bioethics and human rights. Journal of Medicine and Philosophy, 34, 241-260. I discuss this question in Gould, C. C. (2014). Interactive democracy: The social roots of global justice. Cambridge: Cambridge University Press. Prainsack & Buyx, op. cit. note 1; and Prainsack, B., & Buyx, A. (2011). Solidarity: Reflections on an emerging concept in bioethics. Retrieved February 25, 2018, from https://nuffieldbioethics.org/wp-content/uploads/2014/07/Solidarity_report_FINAL.pdf Prainsack & Buyx, op. cit. note 1, p. 52. Ibid., pp. 68, 77, 93. Ibid., pp. 76, 77, 93. Gould, C. C. (2007). Transnational solidarities. Journal of Social Philosophy, 38(1) (Special Issue on Solidarity, C. Gould & S. Scholz), 146-162; Gould, op. cit. note 3, pp. 99-131. Bayertz, K. (1999). Four uses of 'solidarity'. In K. Bayertz (Ed.), Solidarity (pp. 3-28). Dordrecht: Kluwer. More recent articulations of the Catholic notion of solidarity, in particular, have seen it as tied labor, e.g., in the Polish Solidarnosc movement or to Latin American social movements. See for example, Beyer, G. J. (2014). The meaning of solidarity in Catholic social teaching. Political Theology, 15(1), 7-25. Clearly, too, as Beyer points out, Christianity is not unique among religions in appealing to some conception of solidarity. See also Schoenfeld, E. & Mestrovic, S. G. (1989). Durkheim's concept of justice and its relationship to social solidarity. Sociology of Religion, 50(2), 111-127. For a discussion of the some of the meanings of solidarity in historical context, see Brunkhorst, H. (2005). Solidarity: From civic friendship to a global legal community. Cambridge, MA: MIT Press; Pensky, M. (2008). The ends of solidarity: Discourse theory in ethics and politics. Albany, NY: State University of New York Press. For a discussion of the distinction of solidarity from charity and from humanitarian aid, see Gould, op.cit. note 8. Gould, C. C. (1983). Beyond causality in the social sciences: Reciprocity as a model of non-exploitative social relations. In R. S. Cohen & M. W. Wartofsky (Eds.), Epistemology, methodology and the social sciences: Boston studies in the philosophy of science (Vol. 71, pp. 53-88). Boston: D. Reidel; Gould, C. C. (1988). Rethinking democracy: Freedom and social cooperation in politics, economy, and society (pp. 31-90). Cambridge: Cambridge University Press. Gould, op. cit. note 8. Note that Andrea Sangiovanni adds this sort of national solidarity as a third traditional root of the notion, in addition to those derived from the Christian and socialist traditions. See Sangiovanni, A. (2015). Solidarity as joint action. Journal of Applied Philosophy, 32, 340-359. Eckenwiler, L., Straehle, C., & Chung, R. (2012). Global solidarity, migration, and global health inequity. Bioethics, 26, 382-390. Gunson, op. cit. note 2, p. 247. Ibid. For an intensive discussion of the concept of political solidarity and its forms, see Scholz, S. J. (2008). Political solidarity. University Park: Penn State University Press. Gunson, op. cit. note 2, p. 248. Gould, C. C. (1978). Marx's social ontology: Individuality and community in Marx's theory of social reality. Cambridge, MA: MIT Press; Gould (1988), op. cit. note 13, pp. 91-132. For a development of the implications of this social ontology for understanding human rights and solidarity, see Gould, op. cit. note 3.

See especially Gould (1988), op. cit. note 13, pp. 31-90 and Gould, op. cit. note 3. Ibid. Ibid. For a related argument, see Young, I. M. (1990). Justice and the politics of difference. Princeton, NJ: Princeton University Press; Young, I. M. (2000). Inclusion and democracy. Oxford: Oxford University Press. On interdependence and vulnerability, see Held, V. (2006). The ethics of care: Personal, political, and global. New York, NY: Oxford University Press. For a discussion of the material and social conditions for human agency, including healthcare, see Gould, C. C. (2004). Globalizing democracy and human rights. Cambridge: Cambridge University Press. Regarding the connection of these conditions to economic and social human rights, see also Gould (1988), op. cit. note 13, pp. 190-214, and Gould, op. cit. note 3, pp. 13-57. My own treatment of the notion of negative and positive freedom was indebted especially to Macpherson, C. B. (1973). Democratic theory: Essays in retrieval. Oxford: Oxford University Press. See Gould, op. cit. note 13, pp. 18-20, 38-40, where I also discuss some differences from his view. Gould (1988), op. cit. note 13. Habermas, J. (1990). Justice and solidarity: On the discussion concerning Stage 6. Tr. S. W. Nicholson. In T. E. Wren (Ed.), The moral domain: Essays in the ongoing discussion between philosophy and the social sciences (pp. 244-245). Cambridge, MA: MIT Press. Gould (2004), op. cit. note 24; Gould, op. cit. note 8. Gould, op. cit. note 8. See also the account of solidarity and justice in Ferguson, A. (2009). Iris Young, global responsibility, and solidarity. In A. Ferguson & M. Nagel (Eds.), Dancing with Iris: Between phenomenology and the body politic in the political philosophy of Iris Marion Young (pp. 185-197). New York, NY: Oxford University Press. Gould, ibid: 157; Gould, op. cit. note 3, p. 111. Rippe, K. P. (1998). Diminishing solidarity. Ethical Theory and Moral Practice, 1(3), 355-373. I have discussed inclusiveness and democracy in social movements in Gould, op. cit. note 3, pp. 99-131. Giddens, A. (1984). The constitution of society. Cambridge: Polity Press. Young, I. M. (2003). Political responsibility and structural injustice. Lawrence: University of Kansas, p. 7. Ibid, p. 6. Young, I. M. (2006). Responsibility and global justice: A social connections model. Social Philosophy and Policy, 23(1), 102-130. I discuss Young's conception of responsibility for global justice in Gould, C. C. (2009). Varieties of global responsibility: Reflections on Iris Marion Young's last writings. In Ferguson & Nagel, op. cit. note 29, pp. 199-211. Ibid. Although the focus in this article is primarily on the injustice and exploitation resulting from capitalist structures, it is evident that political economic institutions serve to replicate racism and patriarchy in addition to economic exploitation. A fuller account would need to consider the interrelations among these various forms of systemic or structural injustice, and the ways they produce unequal access to healthcare, along with deeply problematic impacts on health and well-being. Durkheim, E. (1964). The division of labor in society. Tr. G. Simpson. New York, NY: The Free Press. For further discussion, see Gould, op. cit. note 3, chapter 6. For a discussion of a range of environmental injustices and movements to address them, see Bullard, R. D. (Ed.). (2005). The quest for environmental justice: Human rights and the politics of pollution. San Francisco, CA: Sierra Club Books.

