status,title,authors,year,venue,doi,url,tags,abstract,provider,decision_source,llm_confidence,llm_review_outcome,llm_change_direction
discarded,Political Power and Social Classes,Jeffrey C. Isaac,2016,Perspectives on Politics,10.1017/s1537592716000037,https://openalex.org/W2429380212,off-topic-false-hit; social-classes; politics,"An abstract is not available for this content. As you have access to this content, full HTML content is provided on this page. A PDF of this content is also available in through the ‘Save PDF’ action button.",openalex,llm,1.000,unreviewed,
discarded,The World Federation of ADHD International Consensus Statement: 208 Evidence-based conclusions about the disorder,Stephen V. Faraone; Tobias Banaschewski; David Coghill; Yi Zheng; Joseph Biederman; Mark A. Bellgrove; Jeffrey H. Newcorn; Martin Gignac; Nouf Mohammed Al Saud; Iris Manor; Luís Augusto Rohde; Li Yang; Samuele Cortese; Doron Almagor; Mark A. Stein; Turki H. Albatti; Haya F. Al-Joudi; Mohammed M. J. Alqahtani; Philip Asherson; Lukoye Atwoli; Sven Bölte; Jan K. Buitelaar; Cleo L. Crunelle; David Daley; Søren Dalsgaard; Manfred Döpfner; Stacey D. Espinet; Michael Fitzgerald; Barbara Franke; Manfred Gerlach; Jan Haavik; Catharina A. Hartman; Cynthia M. Hartung; Stephen P. Hinshaw; Pieter J. Hoekstra; Chris Hollis; Scott H. Kollins; J. J. Sandra Kooij; Jonna Kuntsi; Henrik Larsson; Tingyu Li; Jing Liu; Eugene Merzon; Gregory W. Mattingly; Paulo Mattos; Suzanne McCarthy; Amori Yee Mikami; Brooke S. G. Molina; Joel T. Nigg; Diane Purper‐Ouakil; Olayinka Omigbodun; Guilherme V. Polanczyk; Yehuda Pollak; Alison Poulton; Ravi Philip Rajkumar; Andrew Reding; Andreas Reif; Katya Rubia; Julia J. Rucklidge; Marcel Romanos; Josep Antoni Ramos‐Quiroga; Arnt Schellekens; Anouk Scheres; Renata Schoeman; Julie B. Schweitzer; Henal Shah; Mary V. Solanto; Edmund Sonuga‐Barke; César A. Soutullo; Hans-Christoph Steinhausen; James M. Swanson; Anita Thapar; Gail Tripp; Geurt van de Glind; Wim van den Brink; Saskia Van der Oord; André Venter; Benedetto Vitiello; Susanne Walitza; Yufeng Wang,2021,Neuroscience & Biobehavioral Reviews,10.1016/j.neubiorev.2021.01.022,https://openalex.org/W3128855809,off-topic-false-hit; adhd; misconceptions,"BACKGROUND: Misconceptions about ADHD stigmatize affected people, reduce credibility of providers, and prevent/delay treatment. To challenge misconceptions, we curated findings with strong evidence base. METHODS: We reviewed studies with more than 2000 participants or meta-analyses from five or more studies or 2000 or more participants. We excluded meta-analyses that did not assess publication bias, except for meta-analyses of prevalence. For network meta-analyses we required comparison adjusted funnel plots. We excluded treatment studies with waiting-list or treatment as usual controls. From this literature, we extracted evidence-based assertions about the disorder. RESULTS: We generated 208 empirically supported statements about ADHD. The status of the included statements as empirically supported is approved by 80 authors from 27 countries and 6 continents. The contents of the manuscript are endorsed by 366 people who have read this document and agree with its contents. CONCLUSIONS: Many findings in ADHD are supported by meta-analysis. These allow for firm statements about the nature, course, outcome causes, and treatments for disorders that are useful for reducing misconceptions and stigma.",openalex,llm,1.000,unreviewed,
discarded,Training ‘greeble’ experts: a framework for studying expert object recognition processes,L. Gauthier; Pepper Williams; Michael J. Tarr; James Tanaka,1998,Vision Research,10.1016/s0042-6989(97)00442-2,https://openalex.org/W2122633888,off-topic-false-hit; visual-cognition; object-recognition,"Twelve participants were trained to be experts at identifying a set of 'Greebles', novel objects that, like faces, all share a common spatial configuration. Tests comparing expert with novice performance revealed: (1) a surprising mix of generalizability and specificity in expert object recognition processes; and (2) that expertise is a multi-faceted phenomenon, neither adequately described by a single term nor adequately assessed by a single task. Greeble recognition by a simple neural-network model is also evaluated, and the model is found to account surprisingly well for both generalization and individuation using a single set of processes and representations.",openalex,llm,1.000,unreviewed,
discarded,The time to name disoriented natural objects,Pierre Jolicœur,1985,Memory & Cognition,10.3758/bf03202498,https://openalex.org/W2045224772,off-topic-false-hit; cognition; natural-objects,,openalex,llm,1.000,unreviewed,
discarded,Multiple analogies for complex concepts: antidotes for analogy-induced misconception in advanced knowledge acquisition,Rand J. Spiro; Paul J. Feltovich; Richard L. Coulson; Daniel Anderson,1989,Cambridge University Press eBooks,10.1017/cbo9780511529863.023,https://openalex.org/W2166632733,adjacent-subtopic; analogy; learning-theory,"Few would disagree that analogy is an important tool in the acquisition of new knowledge. Indeed, work in cognitive science and educational psychology in the last dozen years provides ample evidence of the usefulness of analogy in learning and has substantially advanced our understanding of the psychological mechanisms responsible for that utility (e.g., Burstein, 1986; Carbonell, 1986; Collins & Gentner, 1987; Gentner, 1983; Gentner & Gentner, 1983; Gick & Holyoak, 1980; Rumelhart & Norman, 1981; Vosniadou & Ortony, 1983). Yet, as this chapter will demonstrate, the use of analogies in learning is far from straightforward and, surprisingly, often results in deeply held erroneous knowledge. Our intention is to offer a more temporized and cautionary alternative to the general enthusiasm for learning by analogy, especially in its most common form: the use of a single mapping between a source and a target concept (the “topic”) – what we shall refer to as a single analogy . (For exceptions that address more complex uses of analogy, see Burstein, 1986; Collins & Gentner, 1987). We argue that simple analogies that help novices to gain a preliminary grasp of difficult, complex concepts may later become serious impediments to fuller and more correct understandings. Specifically, although simple analogies rarely if ever form the basis for a full understanding of a newly encountered concept, there is nevertheless a powerful tendency for learners to continue to limit their understanding to just those aspects of the new concept covered by its mapping from the old one. Analogies seduce learners into reducing complex concepts to a simpler and more familiar analogical core.",openalex,llm,0.920,unreviewed,
discarded,Researcher Positionality - A Consideration of Its Influence and Place in Qualitative Research - A New Researcher Guide,Andrew G D Holmes,2020,Shanlax International Journal of Education,10.34293/education.v8i4.3232,https://openalex.org/W3082121050,off-topic-false-hit; qualitative-research; positionality,"Masters and PhD student researchers in the social sciences are often required to explore and explain their positionality, as, in the social world, it is recognized that their ontological and epistemological beliefs influence their research. Yet novice researchers often struggle with identifying their positionality. This paper explores researcher positionality and its influence on and place in the research process. Its purpose is to help new postgraduate researchers better understand positionality so that they may incorporate a reflexive approach to their research and start to clarify their positionality.",openalex,llm,1.000,unreviewed,
discarded,HRSID: A High-Resolution SAR Images Dataset for Ship Detection and Instance Segmentation,Shunjun Wei; Xiangfeng Zeng; Qizhe Qu; Mou Wang; Hao Su; Jun Shi,2020,IEEE Access,10.1109/access.2020.3005861,https://openalex.org/W3038948729,off-topic-false-hit; ship-detection; instance-segmentation,"With the development of satellite technology, up to date imaging mode of synthetic aperture radar (SAR) satellite can provide higher resolution SAR imageries, which benefits ship detection and instance segmentation. Meanwhile, object detectors based on convolutional neural network (CNN) show high performance on SAR ship detection even without land-ocean segmentation; but with respective shortcomings, such as the relatively small size of SAR images for ship detection, limited SAR training samples, and inappropriate annotations, in existing SAR ship datasets, related research is hampered. To promote the development of CNN based ship detection and instance segmentation, we have constructed a High-Resolution SAR Images Dataset (HRSID). In addition to object detection, instance segmentation can also be implemented on HRSID. As for dataset construction, under the overlapped ratio of 25%, 136 panoramic SAR imageries with ranging resolution from 1m to 5m are cropped to 800 × 800 pixels SAR images. To reduce wrong annotation and missing annotation, optical remote sensing imageries are applied to reduce the interferes from harbor constructions. There are 5604 cropped SAR images and 16951 ships in HRSID, and we have divided HRSID into a training set (65% SAR images) and test set (35% SAR images) with the format of Microsoft Common Objects in Context (MS COCO). 8 state-of-the-art detectors are experimented on HRSID to build the baseline; MS COCO evaluation metrics are applicated for comprehensive evaluation. Experimental results reveal that ship detection and instance segmentation can be well implemented on HRSID.",openalex,llm,1.000,unreviewed,
discarded,Assumptions of Multiple Regression: Correcting Two Misconceptions,Matt N Williams; Carlos Alberto Gomez Grajales; Dason Kurkiewicz,2020,Scholarworks (University of Massachusetts Amherst),10.7275/55hn-wk47,https://openalex.org/W2151165687,off-topic-false-hit; statistics; misconceptions,"In 2002, an article entitled ""Four assumptions of multiple regression that researchers should always test"" by.Osborne and Waters was published in PARE. This article has gone on to be viewed more than 275,000 times.(as of August 2013), and it is one of the first results displayed in a Google search for ""regression assumptions"". While Osborne and Water's efforts in raising awareness of the need to check assumptions when using regression are laudable, we note that the original article contained at least two fairly important misconceptions about the assumptions of multiple regression: Firstly, that multiple regression requires the assumption of normally distributed variables; and secondly, that measurement errors necessarily cause underestimation of simple regression coefficients. In this article, we clarify that multiple regression models estimated using ordinary least squares require the assumption of normally distributed errors in order for trustworthy inferences, at least in small samples, but not the assumption of normally distributed response or predictor variables. Secondly, we point out that regression coefficients in simple regression models will be.biased (toward zero) estimates of the relationships between variables of interest when measurement error is uncorrelated across those variables, but that when correlated measurement error is present, regression coefficients may be either upwardly or downwardly biased. We conclude with a brief corrected summary of the assumptions of multiple regression when using ordinary least squares. Accessed 36,189 times on https://pareonline.net from September 06, 2013 to December 31, 2019. For downloads from January 1, 2020 forward, please click on the PlumX Metrics link to the right.",openalex,llm,1.000,unreviewed,
discarded,"The Willingness to Pay–Willingness to Accept Gap, the “Endowment Effect,” Subject Misconceptions, and Experimental Procedures for Eliciting Valuations",Charles R. Plott; Kathryn Zeiler,2005,American Economic Review,10.1257/0002828054201387,https://openalex.org/W4255816109,off-topic-false-hit; economics; subject-misconceptions,"We conduct experiments to explore the possibility that subject misconceptions, as opposed to a particular theory of preferences referred to as the “endowment effect,” account for reported gaps between willingness to pay (“WTP”) and willingness to accept (“WTA”). The literature reveals two important facts. First, there is no consensus regarding the nature or robustness of WTP-WTA gaps. Second, while experimenters are careful to control for subject misconceptions, there is no consensus about the fundamental properties of misconceptions or how to avoid them. Instead, by implementing different types of experimental controls, experimenters have revealed notions of how misconceptions arise. Experimenters have applied these controls separately or in different combinations. Such controls include ensuring subject anonymity, using incentive-compatible elicitation mechanisms, and providing subjects with practice and training on the elicitation mechanism before employing it to measure valuations. The pattern of results reported in the literature suggests that the widely differing reports of WTP-WTA gaps could be due to an incomplete science regarding subject misconceptions. We implement a “revealed theory” methodology to compensate for the lack of a theory of misconceptions. Theories implicit in experimental procedures found in the literature are at the heart of our experimental design. Thus, our approach to addressing subject misconceptions reflects an attempt to control simultaneously for all dimensions of concern over possible subject misconceptions found in the literature. To this end, our procedures modify the Becker-DeGroot-Marschak mechanism used in previous studies to elicit values. In addition, our procedures supplement commonly used procedures by providing extensive training on the elicitation mechanism before subjects provide WTP and WTA responses. Experiments were conducted using both lotteries and mugs, goods frequently used in endowment effect experiments. Using the modified procedures, we observe no gap between WTA and WTP. Therefore, our results call into question the interpretation of observed gaps as evidence of loss aversion or prospect theory. Further evidence is required before convincing interpretations of observed gaps can be advanced.",openalex,llm,1.000,unreviewed,
discarded,"STRUCTURAL RACISM, MEMORY, AND EMANCIPATION: ADULT EDUCATION AS A SPACE FOR TRANSFORMATION AND RESISTANCE","Goulart, Danielle Ribeiro; Marcelino, Brunna Terra; Luiz, Miria Lucia",2026,PERSPECTIVAS EM DIALOGO-REVISTA DE EDUCACAO E SOCIEDADE,,https://www.webofscience.com/wos/woscc/full-record/WOS:001784393300004,off-topic-false-hit; adult-education; racial-identity,"This article analyzes ethnic-racial relations in the context of Youth and Adult Education, understood as a space historically marked by processes of social, economic, and racial exclusion that have shaped Brazilian society since the colonial period. The research, conducted with a class at the Municipal School for Youth and Adult Education, located in a shelter in Vit & oacute;ria, Espirito Santo, aimed to understand how students in vulnerability construct their identities, memories, and historical consciousness through pedagogical practices grounded in ethnic-racial relations. The sources, produced through field observations, socioeconomic questionnaires, and students' autobiographical narratives, were examined from the perspective of Bloch (2001) and Ginzburg (2007), for whom every trace reveals something about men and women across different temporalities. The results show that the participants' experiences are shaped by structural racism, expressed both in experiences of prejudice and in difficulties of social and educational inclusion. The narratives reveal tensions, contradictions, and processes of racial awareness mediated by the teaching of History and by self-writing. The article concludes in this type of education, when guided by critical and anti-racist educational practices, can become a space of resistance, (re)existence, and identity affirmation, contributing to the democratization of the right to education and to confronting historical racial inequalities.",wos,llm,1.000,unreviewed,
discarded,Mapping engineering students' conceptions of responsibility in challenge-based learning: The agency gap,"Martin, Diana Adela; Bombaerts, Gunter",2026,JOURNAL OF ENGINEERING EDUCATION,10.1002/jee.70057,https://www.webofscience.com/wos/woscc/full-record/WOS:001752504100010,off-topic-false-hit; engineering-ethics; responsibility,"Background The complexity of engineering practice highlights the need to make students aware of their responsibility as future professionals. However, integrating this concept into the engineering curricula remains a challenge.Purpose The study explores how engineering students conceptualize their responsibilities as future professionals and identifies which challenge-based learning (CBL) course components they attribute to their current views.Methods Semi-structured interviews were conducted with 18 first-year engineering students following a CBL course on ethics and data analysis. Data were analyzed thematically using a conceptual lens that categorizes responsibilities by scope (micro/macro) and orientation (subject/object).Results Students articulated a broad range of responsibilities with notable balance between micro (n = 27) and macro (n = 28) dimensions, suggesting CBL's potential to address both scopes of professional obligation. However, a pronounced 4.5:1 asymmetry emerged between subject-oriented responsibilities (actions and values internal to individuals and the profession) and object-oriented responsibilities (structural reform and institutional change). Students showed limited conception of their role in transforming engineering practice itself. Influential CBL components included real-life challenges, stakeholder analysis, value-mapping, foresight exercises, and client sessions.Conclusion While CBL appears effective at fostering micro/macro balance, the subject/object asymmetry reveals an ""agency gap"" in engineering ethics education. The findings call for pedagogical approaches that prepare graduates not only to act ethically within existing structures but also to engage in individual and collective action for reforming engineering practice and the profession. The study contributes to broadening engineering ethics education.",wos,llm,1.000,unreviewed,
discarded,Unravelling the Relationship Between Social Class and Multiple Aspects of Success in Higher Education: A Cross-Institutional Study,"Naylor, Ryan; Rubin, Mark; Evans, Olivia; Burke, Penny Jane; Bennett, Anna; Allen, Kristen; Denson, Nida; Douglas, Heather E.; Gendi, Monica; Howley, Peter; Macqueen, Suzanne; Mills, Carmen; O'Shea, Sarah; Raciti, Maria",2026,STUDENT SUCCESS,10.63608/ssj.3874,https://www.webofscience.com/wos/woscc/full-record/WOS:001752028000001,off-topic-false-hit; social-class; higher-education,"Although previous research has found social class differences in students' academic performance at university, success in higher education is far more multi-faceted. This study surveyed 2,665 undergraduate students from six Australian universities to investigate mediators of class differences in success, where success was operationalised using diverse and comprehensive measures (e.g., academic self-efficacy, cognitive engagement). Importantly, class was operationalised as a continuous variable rather than arbitrary quartiles. Mediation analyses showed consistent relationships between class and sense of success. Economic capital was identified as the main mediator, followed by social connections, cultural expectations, and aspirations. Some criteria-particularly greater interdependent motivation to be a role model for their community and assist their families after university-were more important in success evaluations for students from backgrounds with lower measures of socioeconomic class. Interdependent motivations suppressed some of the negative effects of lower class, providing evidence of alternative capitals or personal motivational resources. We conclude that conceptions of educational success that elide non-academic forms of success and minimise student's motivations, especially community-based motivations, offer a limited and limiting understanding of the student experience.",wos,llm,1.000,unreviewed,
