status,title,authors,year,venue,doi,url,tags,abstract,provider,decision_source,llm_confidence,llm_review_outcome,llm_change_direction
kept,Traits,Sté́phane Ducasse; Oscar Nierstrasz; Nathanael Schärli; Roel Wuyts; Andrew P. Black,2006,ACM Transactions on Programming Languages and Systems,10.1145/1119479.1119483,https://openalex.org/W2111898165,supports-claim; traits; inheritance-problems; reuse,"Inheritance is well-known and accepted as a mechanism for reuse in object-oriented languages. Unfortunately, due to the coarse granularity of inheritance, it may be difficult to decompose an application into an optimal class hierarchy that maximizes software reuse. Existing schemes based on single inheritance, multiple inheritance, or mixins, all pose numerous problems for reuse. To overcome these problems we propose traits , pure units of reuse consisting only of methods. We develop a formal model of traits that establishes how traits can be composed, either to form other traits, or to form classes. We also outline an experimental validation in which we apply traits to refactor a nontrivial application into composable units.",openalex,llm,0.960,unreviewed,
discarded,Design Patterns and Contracts,Jean‐Marc Jezéquél; Michel Train; Christine Mingins,1999,Medical Entomology and Zoology,,https://openalex.org/W1516150563,adjacent-subtopic; design-patterns-contracts,Preface. I. DESIGN PATTERNS IN A SOFTWARE ENGINEERING CONTEXT. 1. A Software Engineering Perspective. Introduction to Design Patterns. Key Points. Understanding the Notion of Design Patterns. An Example: The Observer Pattern. Describing Design Patterns. Notions Related to Patterns. Design Patterns and Frameworks. Design Patterns in the Software Life Cycle. A Software Engineering Process. Modeling Problems and Solutions with UML. From Problems to Solutions with Patterns. Toward Formalizing a Pattern-Based Software Process. The Common Phases. Two Levels of Decision. Synthesis and Transformations. 2. Object-Oriented Design with Contracts. Supporting Design Patterns with Contracts. Choice of a Language. Covariant Typing. Controlled Multiple Inheritance. Supporting OO Design. Encapsulation and Information Hiding. Modularity and Coupling. Idioms for Implementing Design Patterns. Accessing the Original Version of a Redefined Feature. Implementing Inheritance and Delegation. Class Variables. Finalization. Low Complexity of Routines. Command-Query Distinction. Dealing with Optional Behaviors. Documenting the Use of Design Patterns. Importance of Documentation. Modeling Pattern Roles with Inheritance. Documenting the Use of Patterns with the Indexing Clause. Conclusion. II. GoF DESIGN PATTERNS WITH CONTRACTS. 3. Creational Patterns. The Maze Example. Creating Objects in Eiffel. Using Creational Design Patterns. Abstract Factory (GoF 87). Builder (GoF 97). Factory Method (GoF 107). Prototype (GoF 117). Singleton (GoF 127). 4. Structural Patterns. Adapter (GoF 139). Bridge (GoF 151). Composite (GoF 163). Decorator (GoF 175). Facade (GoF 185). Flyweight (GoF 195). Proxy. 5. Behavioral Patterns. Chain of Responsibility (GoF 223). Command (GoF 233). Interpreter (GoF 243). Iterator (GoF 257). Mediator (GoF 273). Memento (GoF 283). Observer (GoF 293). State (GoF 305). Strategy (GoF 315). Template Method (GoF 325). Visitor (GoF 331). III. BUILDING ON DESIGN PATTERNS. 6. Application to Software Configuration Management. Introduction. Software Configuration Management. Variants in Software Systems. Traditional Solutions. Using SCM Tools. Case Study: The Mercure Software System. Object-Oriented Modeling of Variants. Applying Creational Design Patterns. Compilation Technology. Principle of Type Inference and Code Specialization. The SmallEiffel Compiler. Living and Dead Code in SmallEiffel. Specialized Code Generation in SmallEiffel. Performance Results. Experimental Conditions. Compilation. Memory Footprint and Runtime Performance. Discussion. Bibliographic Notes. Conclusion. 7. Combining Patterns for Building User Interfaces. Problems and Strategies. Building a Model. The Interface Builder Approach. Modal or Nonmodal Interaction: Responsibility versus Forbidding. A Consistent Interface from Uniform Mechanisms. Models and Designs. Two Worlds and a Bridge: From Application to Interface. The Observer: Always the Same Always Different. Graphics Creation and Binding. Keeping Track of Model Path Changes. Triggering Actions: Passing Information Around. Combining and Grouping. Introducing Control: How to Stay Generic. Generating or Reusing: The Limits of Genericity. Analysis and Remarks. Exposing Properties for Further Uses. Reifying Collaborations. Designing Components Using Connection Protocols. Performance Issues. Leaving Room for Evolution. A. Glossary. B. Design Pattern and Design by Contract Pointers. Sources of Information. Frequently Asked Questions (FAQ) (with Answers). Mailing Lists. World Wide Web. USENET. Software Resources. SmallEiffel. Interactive Software Engineering Inc. Halstenbach ACT GmbH. Object Tools Inc. C Design by Contract in Other Languages. Design by Contract in Java. The iContract Tool. A Simple Example. Design by Contract in UML. Introduction to the OCL. A Simple Example. D. More Information about This Book. Bibliography. Index. 0201309599T04062001,openalex,llm,0.760,unreviewed,
discarded,An object-oriented language-database integration model: The composition-filters approach,Mehmet Akşit; Lodewijk Bergmans; Sinan Vural,2006,Lecture notes in computer science,10.1007/bfb0053047,https://openalex.org/W2114696172,adjacent-subtopic; composition-filters; database-integration,,openalex,llm,0.920,unreviewed,
discarded,"Encapsulation, delegation and inheritance in object-oriented languages",Mario Wolczko,1992,Software Engineering Journal,10.1049/sej.1992.0010,https://openalex.org/W2035908051,adjacent-subtopic; delegation; encapsulation; language-design,"For the reuse of software to become routine, it is essential that all modules have well defined interfaces and that all users of these modules respect these interfaces. This paper examines the interfaces in object-oriented programs. It uses the notion of delegation, which can be thought of as underlying all inheritance mechanisms, to provide a framework for the examination of encapsulation mechanisms in object-oriented languages. Using delegation, the encapsulation mechanisms in class-based languages are reviewed, and suggestions are made as to how they might be improved.",openalex,llm,0.900,unreviewed,
discarded,"Reification, polymorphism and reuse",Michel Beaudouin-Lafon; Wendy E. Mackay,2000,,10.1145/345513.345267,https://openalex.org/W2031482152,adjacent-subtopic; ui-design-principles,"This paper presents three design principles to support the development of large-scale applications and take advantage of recent research in new interaction techniques: Reification turns concepts into first class objects, polymorphism permits commands to be applied to objects of different types, and reuse makes both user input and system output accessible for later use. We show that the power of these principles lies in their combination. Reification creates new objects that can be acted upon by a small set of polymorphic commands, creating more opportunities for reuse. The result is a simpler yet more powerful interface.",openalex,llm,0.860,unreviewed,
discarded,How to preserve the benefits of design patterns,Ellen Agerbo; Aino Cornils,1998,,10.1145/286936.286952,https://openalex.org/W2025652990,adjacent-subtopic; design-patterns-general,"The rapid evolution of Design Patterns has hampered the benefits gained from using Design Patterns. The increase in the number of Design Patterns makes a common vocabulary unmanageable, and the tracing problem obscures the documentation that should be enhanced by using Design Patterns. We present an analysis of Design Patterns that will strongly reduce the number of Fundamental Design Patterns and show how strong language abstractions can solve the tracing problem and thereby enhance the documentation.",openalex,llm,0.830,unreviewed,
discarded,The open agent architecture: A framework for building distributed software systems,David L. Martin; Adam Cheyer; Douglas B. Moran,1999,Applied Artificial Intelligence,10.1080/088395199117504,https://openalex.org/W2033532845,adjacent-subtopic; agent-architecture,"The Open Agent Architecture (OAA), developed and used for several years at SRI International, makes it possible for software services to be provided through the cooperative efforts of distributed collections of autonomous agents. Communication and cooperation between agents are brokered by one or more facilitators, which are responsible for matching requests, from users and agents, with descriptions of the capabilities of other agents. Thus it is not generally required that a user or agent know the identities, locations, or number of other agents involved in satisfying a request. OAA is structured so as to minimize the effort involved in creating new agents and ""wrapping"" legacy applications, written in various languages and operating on various platforms; to encourage the reuse of existing agents; and to allow for dynamism and flexibility in the makeup ofagent communities. Distinguishing features of OAA as compared with related work include extreme flexibility in using facilitator-based delegation of complex goals, triggers, and data management requests; agent-based provision of multimodal user interfaces; and built-in support for including the user as a privileged member of the agent community. This article explains the structure and elements of agent-based systems constructed using OAA. The characteristics and use of each major component of OAA infrastructure are described, including the agent library, the Interagent Communication Language, capabilities declarations, service requests, facilitation, management of data repositories, and autonomous monitoring using triggers. To provide technical context, we describe the motivations for OAA's design, and situate its features within the realm ofalternative software paradigms. A summary is given of OAA-based systems built to date, and brief descriptions are given of several of these.",openalex,llm,0.930,unreviewed,
discarded,Real-time specification inheritance anomalies and real-time filters,Mehmet Akşit; Jan Bosch; William van der Sterren; Lodewijk Bergmans,1994,Lecture notes in computer science,10.1007/bfb0052193,https://openalex.org/W2118801004,adjacent-subtopic; inheritance-anomaly; real-time,,openalex,llm,0.870,unreviewed,
discarded,Functionality versus practicality: employing existing tools for recovering structural design patterns,"Lutz Prechelt; Kraemer, Christian",1998,Zenodo (CERN European Organization for Nuclear Research),10.5445/ir/7898,https://openalex.org/W1777838328,adjacent-subtopic; pattern-detection; reverse-engineering,": The object-oriented design community has recently begun to collect socalled software design patterns: descriptions of proven solutions common software design problems, packaged in a description that includes a problem, a context, a solution, and its properties. Design pattern information can improve the maintainability of software, but is often absent in program documentation. We present a system called Pat for localizing instances of structural design patterns in existing C ++ software. It relies extensively on a commercial CASE tool and a PROLOG interpreter, resulting in a simple and robust architecture that cannot solve the problem completely, but is industrial-strength; it avoids much of the brittleness that many reverse engineering tools exhibit when applied to realistic software. The contribution of our work is not so much in the engineering value represented by this concrete system, but in its methodological approach. To evaluate Pat, we quantify its performance in terms of...",openalex,llm,0.930,unreviewed,
discarded,Delegation versus concatenation or cloning is inheritance too,Antero Taivalsaari,1995,ACM SIGPLAN OOPS Messenger,10.1145/219260.219264,https://openalex.org/W2077830286,adjacent-subtopic; prototype-based; language-mechanisms,"In this paper a simple prototype-based model of object-oriented programming is introduced. Unlike previous prototype-based systems, which use delegation to achieve incremental modification of objects, the suggested model is based on concatenation: linear composition of object interfaces. The model eliminates the notions of delegation and parent slots from prototype-based programming, and shows that the essence of object-oriented programming can be captured using only a small number of user-level language constructs.",openalex,llm,0.950,unreviewed,
discarded,Extending ordinary inheritance schemes to include generalization,Claus Hougaard Pedersen,1989,,10.1145/74877.74920,https://openalex.org/W2153734583,adjacent-subtopic; inheritance-theory,"The arrangement of classes in a specialization hierarchy has proved to be a useful abstraction mechanism in class-based object oriented programming languages. The success of the mechanism is based on the high degree of code reuse that is offered, along with simple type conformance rules.",openalex,llm,0.920,unreviewed,
discarded,Reflective facilities in Smalltalk-80,Brian Foote; R. E. Johnson,1989,,10.1145/74877.74911,https://openalex.org/W2012031603,adjacent-subtopic; reflection; inheritance-schemes,"Computational reflection makes it easy to solve problems that are otherwise difficult to address in Smalltalk-80, such as the construction of monitors, distributed objects, and futures, and can allow experimentation with new inheritance, delegation, and protection schemes. Full reflection is expensive to implement. However, the ability to override method lookup can bring much of the power of reflection to languages like Smalltalk-80 at no cost in efficiency.",openalex,llm,0.880,unreviewed,
discarded,UML Extensions for Design Pattern Compositions.,Jing Dong,2002,The Journal of Object Technology,10.5381/jot.2002.1.5.a3,https://openalex.org/W1992152562,adjacent-subtopic; pattern-composition; uml,"Design patterns document good solutions to recurring problems in a particular context. Composing design patterns may achieve higher level of reuse by solving a set of problems. Design patterns and their compositions are usually modeled by UML diagrams. When a design pattern is applied or composed with other patterns, the pattern-related information may be lost because traditional UML diagrams do not track this information. Thus, it is hard for a designer to identify a design pattern when it is applied or composed. In this paper, we present notations to explicitly represent each pattern in the applications and compositions of design patterns. The notations allow us to maintain pattern-related information. Thus, a design pattern is identifiable and traceable from its application and composition with others.",openalex,llm,0.950,unreviewed,
discarded,Composition of Object-Oriented Software Design Models,Siobhán Clarke,2001,Arrow@dit (Dublin Institute of Technology),,https://openalex.org/W1514005814,adjacent-subtopic; design-model-composition,"In practice, object-oriented design models have been less useful throughout the lifetime of software systems than they should be Design models are often large and monolithic, and the structure of designs is generally quite different from that of requirements. As a result, developers tend to discard the design, especially as the system evolves, since it is too difficult to keep its relationship to requirements and code accurate, especially when both are changing. This thesis identifies a number of key, well-defined problems with current object-oriented design methods and proposes new techniques to solve them.\n\nThe new techniques present a different approach to designing systems, based on flexible decomposition and composition. The existing decomposition mechanisms of object-oriented designs (based on class, object, interface and method) are extended to include decomposing designs in a manner directly aligning design with requirements specifications. Composition mechanisms for designs are extended to support the additional decomposition mechanisms. The approach closely aligns designs with both requirements specifications and with code. It is illustrated how this approach permits the benefits of designs to be maintained throughout a system’ s lifetime.",openalex,llm,0.860,unreviewed,
discarded,Object Inheritance Without Classes,Timothy M. Jones; Michael Homer; James Noble; Kim B. Bruce,2016,DROPS (Schloss Dagstuhl – Leibniz Center for Informatics),10.4230/lipics.ecoop.2016.13,https://openalex.org/W2549844392,adjacent-subtopic; object-based-languages; inheritance-modeling,"Which comes first: the object or the class? Language designers enjoy the conceptual simplicity of object-based languages (such as Emerald or Self) while many programmers prefer the pragmatic utility of classical inheritance (as in Simula and Java). Programmers in object-based languages have a tendency to build libraries to support traditional inheritance, and language implementations are often contorted to the same end. In this paper, we revisit the relationship between classes and objects. We model various kinds of inheritance in the context of an object-oriented language whose objects are not defined by classes, and explain why class inheritance and initialisation cannot be easily modelled purely by delegation.",openalex,llm,0.930,unreviewed,
discarded,Atomic delegation: object-oriented transactions,Mehmet Akşit; J.W. Dijkstra; Aprna Tripathi,1991,IEEE Software,10.1109/52.73753,https://openalex.org/W2036632187,adjacent-subtopic; delegation-mechanism; transactions,"Atomic delegation, an object-oriented linguistic mechanism that allows the creation of dynamically defined classes of atomic actions is presented. When a type is modified, atomic delegation updates functionalities of the the types that delegate to the modified type. This mechanism permits dynamic binding and code reuse in atomic actions. The Sina language is used to illustrate the utility of atomic delegation in the modeling of a real-world problem, involving an office with a number of departments, using object-oriented techniques. Implementation issues are discussed.>",openalex,llm,0.900,unreviewed,
discarded,Software engineering for security,Prémkumar Dévanbu; Stuart G. Stubblebine,2000,,10.1145/336512.336559,https://openalex.org/W2144642244,adjacent-subtopic; security-engineering,"Integrating Security Considerations smoothly into early life-cycle activities: uniform application of cost-benefit analyses to both functional, and security requrements; unified modeling approaches to integrate the engineering of both functional requirements and security requirements. The development of architectures and designs that are easier to adapt to rapidly evolving security policies, and approaches to facilitate the integration of security features into legacy systems. The invention of cogent, flexible economic models of adversary behaviour which can underly the rational design of software copy-protection and watermarking techniques in different application contexts. Better techniques for formulating desirable security properties, and the development of scalable, predictable, static ancl dynamic verification tools to evaluate the security of software systems. The development of automated, robust, flexible infra-structures for post-deployment system administration, that can adapt to the organization's confidentiality, non-repudiation, and trust-delegation requirements.",openalex,llm,0.990,unreviewed,
discarded,"Software Frameworks, Architectural and Design Patterns",Njeru Mwendi Edwin,2014,Journal of Software Engineering and Applications,10.4236/jsea.2014.78061,https://openalex.org/W2021020958,adjacent-subtopic; patterns-frameworks-general,"Software systems can be among the most complex constructions in engineering disciplines and can span into years of development. Most software systems though implement in part what has already been built and tend to follow known or nearly known architectures. Although most software systems are not of the size of say Microsoft Windows 8, complexity of software development can be quick to increase. Thus among these methods that are the most important is the use of architectural and design patterns and software frameworks. Patterns provide known solutions to re-occurring problems that developers are facing. By using well-known patterns reusable components can be built in frameworks.Software frameworks provide developers with powerful tools to develop more flexible and less error-prone applications in a more effective way. Software frameworks often help expedite the development process by providing necessary functionality “out of the box”. Providing frameworks for reusability and separation of concerns is key to software development today. In this study I take a look at the state of art and the impact of frameworks and patterns in software development.",openalex,llm,0.840,unreviewed,
