status,title,authors,year,venue,doi,url,tags,abstract,provider,decision_source,llm_confidence,llm_review_outcome,llm_change_direction,paper_id
discarded,An Exercise and Wellness Behavior Change Program for Solid Organ Transplant: A Clinical Research Protocol for the Transplant Wellness Program,"Sim, Jenna A. P.; Perinpanayagam, Maneka A.; Bahry, Vanessa; Wytsma-Fisher, Kathryn; Burak, Kelly W.; Isaac, Debra L.; Mustata, Stefan; Culos-Reed, S. Nicole",2024,CANADIAN JOURNAL OF KIDNEY HEALTH AND DISEASE,10.1177/20543581241289196,https://www.webofscience.com/wos/woscc/full-record/WOS:001343250200001,off-topic-false-hit,"Background: Exercise prehabilitation is an evidence-based, safe, and effective method to increase quality of life, physical fitness and function, and post-surgical outcomes in solid organ transplant (SOT) patients. However, few prehabilitation programs for SOT patients exist in practice. Furthermore, there is a lack of multimodal prehabilitation programs that include behavior change support. To address this need, the Transplant Wellness Program (TWP) was designed.Objectives: The objective of the TWP is to assess both the effectiveness and implementation of a comprehensive and multimodal exercise and wellness behavior change intervention for patients undergoing kidney or liver transplant.Design: The TWP is a hybrid effectiveness-implementation trial consisting of exercise and wellness behavior change support.Patients: Individuals who are in evaluation or listed for kidney or liver transplant in Southern Alberta, Canada.Measurements: The primary outcomes of self-reported exercise and quality of life are assessed at intake, post-exercise intervention, 6 months post-intake, 12 weeks post-transplant, and annually for 5 years after program completion. Functional fitness measures will be assessed at intake, post-exercise intervention, 12 weeks post-transplant, 6 months post-intake, and 1-year post-intake. The reach, effectiveness, adoption, implementation, and maintenance (RE-AIM) framework is used to determine the impact of TWP at the individual and health care system level.Methods: Recruitment began in November 2023 and will continue until November 2028. Participants take part in a 12-week exercise intervention and are offered individualized and group behavior change support. Continued exercise support is offered through maintenance classes after the completion of the 12-week intervention.Limitations: The design of the hybrid effectiveness-implementation trial with a single experimental group will not allow for comparisons to a control or usual care group, potentially impacting internal validity. Differences in number of participants between organ groups (kidney vs liver) and cohorts (pre-transplant vs post-transplant) will likely be uneven, requiring consideration when running and interpreting analyses.Conclusions: The TWP aims to support patients throughout the transplant journey through a multimodal and comprehensive exercise and wellness behavior change program. Results from this study will determine the effectiveness of the program and inform future scale-up and sustainability.Trial registry number: NCT06367244.

Contexte: La pr & eacute;adaptation & agrave; l'exercice physique est une m & eacute;thode s & ucirc;re et efficace, fond & eacute;e sur des donn & eacute;es probantes, qui permet d'am & eacute;liorer la qualit & eacute; de vie, la condition physique fonctionnelle et les r & eacute;sultats post-chirurgicaux chez les patients transplant & eacute;s d'organes solides (TOS). Cependant, en pratique, il existe peu de programmes de pr & eacute;adaptation pour les patients TOS. Il manque & eacute;galement de programmes multimodaux de pr & eacute;adaptation avec soutien au changement de comportement. Pour r & eacute;pondre & agrave; ce besoin, le Transplant Wellness Program (TWP), un programme de mieux-& ecirc;tre en transplantation, a & eacute;t & eacute; con & ccedil;u.Objectif: L'objectif du TWP est d'& eacute;valuer la mise en oe uvre et l'efficacit & eacute; d'une intervention compl & egrave;te et multimodale visant & agrave; modifier les comportements en mati & egrave;re d'exercices et de bien-& ecirc;tre des patients subissant une greffe de rein ou de foie.Conception: Le TWP est un essai hybride d'efficacit & eacute; et de mise en oe uvre qui consiste & agrave; offrir du soutien au changement de comportement en mati & egrave;re d'exercices et de bien-& ecirc;tre.Sujets: Les personnes en & eacute;valuation ou inscrites pour une greffe de rein ou de foie dans le sud de l'Alberta (Canada).Mesures: Les principaux crit & egrave;res d'& eacute;valuation de l'exercice physique et de la qualit & eacute; de vie autod & eacute;clar & eacute;e sont mesur & eacute;s & agrave; l'adoption du programme, lors de l'intervention post-exercice, 6 mois apr & egrave;s l'adoption, 12 semaines apr & egrave;s la transplantation et annuellement pendant 5 ans apr & egrave;s la fin du programme. La condition physique fonctionnelle est & eacute;valu & eacute;e & agrave; l'adoption du programme, lors de l'intervention post-exercice, 12 semaines apr & egrave;s la transplantation, puis 6 mois et 1 an apr & egrave;s l'adoption. Le cadre RE-AIM (port & eacute;e, efficacit & eacute;, adoption, mise en oe uvre et maintenance) est utilis & eacute; pour d & eacute;terminer l'effet du TWP au niveau de l'individu et du syst & egrave;me de sant & eacute;.M & eacute;thodologie: Le recrutement s'est amorc & eacute; en novembre 2023 et se poursuivra jusqu'en novembre 2028. Les participants prennent part & agrave; une intervention d'exercices physiques de 12 semaines et se voient offrir un soutien individualis & eacute; et de groupe pour favoriser le changement de comportement. Un soutien continu & agrave; l'exercice physique est offert sous forme de cours visant le maintien des habitudes apr & egrave;s les 12 semaines de l'intervention.Limites: La conception de cet essai hybride d'efficacit & eacute; et de mise en oe uvre r & eacute;alis & eacute; aupr & egrave;s d'un seul groupe exp & eacute;rimental ne permettra pas de comparaisons avec un groupe t & eacute;moin ou de soins habituels, ce qui pourrait affecter la validit & eacute; interne. Les nombres de sujets dans les diff & eacute;rents groupes selon l'organe transplant & eacute; (rein c. foie) et les cohortes (pr & eacute;- c. post-transplantation) seront probablement in & eacute;gaux; ceci devra & ecirc;tre pris en compte lors de l'ex & eacute;cution et de l'interpr & eacute;tation des analyses.Conclusion: L'objectif du TWP est de soutenir les patients tout au long du parcours de transplantation par

Les r & eacute;sultats permettront de d & eacute;terminer l'efficacit & eacute; du programme et d'orienter son expansion et sa p & eacute;rennit & eacute;.",wos,llm,1.000,unreviewed,,doi:10.1177/20543581241289196
discarded,Pregnancy-related cardiac outcomes among patients with congenital heart disease after formalization of a cardio-obstetrics program,"McCoy, Jennifer A.; Kim, Yuli Y.; Nyman, Annique; Levine, Lisa D.",2024,AMERICAN JOURNAL OF OBSTETRICS & GYNECOLOGY MFM,10.1016/j.ajogmf.2024.101335,https://www.webofscience.com/wos/woscc/full-record/WOS:001220737800001,off-topic-false-hit,"BACKGROUND: The prevalence of pregnant patients with congenital heart disease (CHD) is increasing, and these patients are at high risk for cardiac morbidity. OBJECTIVE: This study aimed to examine the pregnancy outcomes in patients with congenital heart disease before and after the establishment of formal cardio-obstetrics collaboration between adult congenital heart disease and maternal-fetal medicine programs. STUDY DESIGN: : This was a retrospective cohort study of pregnant patients with congenital heart disease from 2002 to 2020 at a single urban academic institution in the United States. This study included patients with a singleton pregnancy who continued a pregnancy beyond 20 weeks of gestation. The primary outcome was a composite adverse maternal cardiac outcome, compared before (2002-2010) and after (2011-2020) the program. The secondary outcomes included gestational age at delivery, mode of delivery, rate of labor induction, use of diuresis after delivery, and a composite maternal morbidity outcome. RESULTS: The number of pregnant patients with congenital heart disease increased after formalization of the cardio-obstetrics program (200 [postprogram group] vs 84 [preprogram group]; 0.48% of all deliveries in the postprogram group vs 0.25% of all deliveries in the preprogram group; P<.001). The postprogram group was more likely to undergo labor induction than the preprogram group (126 [63%] vs 34 [41%], respectively; P<.001). There were fewer patients in the postprogram group than in the preprogram group who were New York Heart Association class II to IV (23 [12%] vs 17 [22%], respectively; P=.04) or with systemic ventricular dysfunction (8 [4%] vs 12 [16%], respectively; P=.001). There was no difference in the primary outcome (38 [19%] in the postprogram group vs 14 [17%] in the preprogram group; P=.64), even after adjusting for confounders, including New York Heart Association class >I and systemic ventricular dysfunction (adjusted odds ratio, 2.3; 95% confidence interval, 0.96-5.4). Patients in the postprogram group were more likely to receive diuresis after delivery than patients in the preprogram group, even in the absence of heart failure or pulmonary edema (9 [4.5%] vs 0 [0.0%], respectively; P=.04). CONCLUSION: In the period after the establishment of a formal cardio-obstetrics program between adult congenital heart disease and maternal-fetal medicine, the number of patients with congenital heart disease delivering at our institution increased significantly. Overall, fewer patients entered pregnancy with advanced-stage heart failure or systemic ventricular dysfunction, possibly suggesting improved prepregnancy cardiac care or improved preconception counseling. Composite maternal cardiac outcomes were similar, but the rates of postpartum diuresis increased significantly, suggesting increased attention to volume status in the postpartum period. Formalized collaboration between congenital heart disease and maternal-fetal medicine may help better optimize patients' care before conception, during pregnancy, and after delivery.",wos,llm,1.000,unreviewed,,doi:10.1016/j.ajogmf.2024.101335
discarded,Effectiveness of training parturition and dystocia management on days open of dairy cows in traditional farming systems: a field trial,"Keshipour, Hadi; Bahonar, Alireza; Vodjgani, Mehdi; Anassori, Ehsan",2024,VETERINARY RESEARCH FORUM,10.30466/vrf.2023.2007348.3945,https://www.webofscience.com/wos/woscc/full-record/WOS:001185619700008,off-topic-false-hit,"The interval between parturition and subsequent pregnancy is called the days open or calving to conception interval and is affected by several factors, especially dystocia. Dystocia is an abnormal or difficult calving that may require assistance during labor. This study is a field trial in health education and the research team developed a comprehensive training program for farmers to educate them about the normal process of parturition in dairy cows and when and how to assist in parturition or dystocia. A series of classes was held for farmers and the study covered 486 multi-parous dairy cows, with 173 belonging to the group of trained farms (educated farmers) and 313 to the control group (non-educated farmers). Although dystocia was lower in the educated group, there were no significant differences in retained placenta between two groups. However, cows in the educated group had a better conception rate (lower service per conception) in subsequent parturitions. Hence, the median number of days open for cows from trained farmers was significantly lower than other farmers (85 days compared to 120 days, respectively). Based on Cox regression analysis, uterine prolapse, retained placenta, and dystocia could significantly impact subsequent pregnancies. Dystocia affects days open, and training on parturition and dystocia management can effectively reduce the numbers of days open in dairy cows. (c) 2024 Urmia University. All rights reserved.",wos,llm,1.000,unreviewed,,doi:10.30466/vrf.2023.2007348.3945
discarded,KEeP ACTIVe Club Study: Kidney Transplant Recipients' Experiences of a Physical Activity and Social Interaction Virtual Group,"Malo, Marie-Francoise; Janaudis-Ferreira, Tania; Affdal, Aliya; Gallego, Fabian-Andres Ballesteros; Boulianne-Gref, Janie; Cantarovich, Marcelo; Ingram, Elizabeth; Mangahas, Lloyd; Tansey, Catherine M.; Sapir-Pichhadze, Ruth; Fortin, Marie-Chantal",2024,CANADIAN JOURNAL OF KIDNEY HEALTH AND DISEASE,10.1177/20543581241229254,https://www.webofscience.com/wos/woscc/full-record/WOS:001159468600001,off-topic-false-hit,"Background: It can be difficult for kidney transplant recipients (KTRs) to be physically active after their transplantation. Physical inactivity is a risk factor for cardiovascular disease, one of the leading cause of death among KTRs. To help KTRs start and maintain a physical activity routine, we developed the KEeP ACTIVe Club, a 6-month online intervention with access to a kinesiologist, a patient partner, and a private support group with an online platform (Facebook).Objective: The objective of this study was to capture the participants' experiences of the KEeP ACTIVe Club.Design: Individual interviews.Setting: The Center hospitalier de l'Universite de Montreal (CHUM) and the McGill University Health Center (MUHC) kidney transplant programs.Participants: Kidney transplant recipients who participated in the KEeP ACTIVe Club.Methods: Between October and December 2021, we conducted 11 individual semi-directed interviews with KTRs from 2 urban kidney transplant programs who participated in the KEeP ACTIVe Club. The interviews were digitally recorded and transcribed. Thematic analysis was conducted.Results: Participants' principal motivation to participate in the KEeP ACTIVe Club was to improve their physical fitness following their transplant in a pandemic period. One of the main benefits of the KEeP ACTIVe Club was the improvement of participant's self-confidence and the knowledge gained regarding exercises adapted to their reality as KTRs. However, the small number of participants and the schedules of classes offered were viewed as a pitfall of the current intervention. Finally, the peer mentoring and support gained by other participants were important and viewed as highly impactful aspects of the KEeP ACTIVe Club.Limitations: Only 11 of the 18 patients who participated in the KEeP ACTIVe Club took part in the interviews.Conclusion: Participants reported a positive experience with the KEeP ACTIVe Club. Peer mentoring and support gained from other participants seem to be essential aspects of the experience within the KEeP ACTIVe Club. This program is a good avenue to offer in post-transplant care to help KTRs to be more active and to connect with other patients.

Contexte: Il peut etre difficile pour les receveurs d'une greffe de rein d'etre actifs physiquement apres la transplantation. L'inactivite est un facteur de risque de maladie cardiovasculaire, une des principales causes de deces chez les greffes du rein. Afin d'aider ces patients a entreprendre une routine d'activite physique et a la maintenir, nous avons developpe le KEeP ACTIVe Club, une intervention en ligne d'une duree de six mois qui donne acces a un kinesiologue, a un patient partenaire et a un groupe prive de soutien par le biais d'une plateforme en ligne (Facebook).Objectifs: Connaitre l'experience des participants au KEeP ACTIVe Club.Conception: Entretiens individuels.Cadre: Les programme de transplantation renale du Center hospitalier de l'Universite de Montreal (CHUM) et du Centre universitaire de sante McGill (CUSM).Participants: Des receveurs d'une greffe de rein ayant participe au KEeP ACTIVe Club.Methodologie: Entre octobre et decembre 2021, nous avons mene 11 entretiens individuels semi-diriges avec des receveurs d'une greffe renale qui ont participe au KEeP ACTIVe Club dans deux programmes de transplantation en center urbain. Les entretiens ont ete enregistres en mode numerique, transcrits, puis une analyze thematique a ete realisee.Resultats: La principale motivation des receveurs a participer au KEeP ACTIVe Club etait d'ameliorer leur condition physique apres la greffe, en periode pandemique. Les principaux avantages d'avoir participe au KEeP ACTIVe Club ont ete l'augmentation de la confiance en soi et l'acquisition de connaissances sur des exercices adaptes a leur realite de greffes du rein. Le faible nombre de participants et l'horaire des cours proposes ont ete percus comme des faiblesses de l'intervention. Enfin, le mentorat par les pairs et le soutien recu des autres participants ont ete juges importants et percus comme des aspects tres positifs du KEeP ACTIVe Club.Limites: Sur les dix-huit patients inscrits au KEeP ACTIVe Club, seuls onze ont participe aux entrevues.Conclusion: Les participants ont declare avoir eu une experience positive avec le KEeP ACTIVe Club. Le mentorat par les pairs et le soutien recu des autres participants semblent etre des aspects essentiels de l'experience positive vecue au sein du KEeP ACTIVe Club. Ce programme est une bonne avenue a proposer dans les soins post-transplantation pour aider les greffes du rein a etre plus actifs physiquement et a echanger avec d'autres patients.",wos,llm,1.000,unreviewed,,doi:10.1177/20543581241229254
discarded,Language Ideologies and English for Academic Purposes Writing: A Case in Ontario,"Kinzie, Stephanie",2024,CANADIAN MODERN LANGUAGE REVIEW-REVUE CANADIENNE DES LANGUES VIVANTES,10.3138/cmlr-2023-001,https://www.webofscience.com/wos/woscc/full-record/WOS:001156254500001,off-topic-false-hit,"The field of language instruction is crucial in Canada, given the number of newcomers seeking to improve their English (or French) language skills after arrival. For those who plan to enter post-secondary education but do not meet required language proficiency scores, English for Academic Purposes (EAP) programs provide opportunities to strengthen linguistic and academic skills. These inarguably pragmatic goals are often unquestioned, yet EAP instruction is an ideological undertaking with social, economic, and political consequences. This qualitative study investigates language ideologies - rationalizations and justifications for language use and form - through interviews with EAP writing instructors. As participants discussed the material they teaught, the language skills students developed, and the consequences of studying EAP writing, ideologies regarding what forms of language should be taught, the purposes of academic writing (instruction), and the social and political dimensions of language were (re)produced and resisted. Formative influences on these ideologies included education, upbringing, and personal language learning experiences. Developing a critical awareness of the understandings of language that inform teaching and learning can make more transparent the linguistic and social discourses that circulate within and beyond EAP writing classrooms and help instructors, students, and other EAP community members (re)produce or resist them strategically.

Le domaine de l'enseignement des langues est crucial au Canada, etant donne le nombre de nouveaux arrivants qui cherchent a ameliorer leurs competences linguistiques en anglais (ou en francais) apres leur arrivee. Les programmes d'anglais a des fins educatives (English for Academic Purposes, EAP) permettent aux personnes qui envisagent d'entreprendre des etudes postsecondaires sans avoir les competences linguistiques requises de renforcer leurs competences linguistiques et scolaires. Cet objectif incontestablement pragmatique n'est presque jamais remis en question, meme si l'enseignement de l'EAP est une demarche ideologique qui a des consequences sociales, economiques et politiques. La presente etude qualitative examine les ideologies linguistiques - les rationalisations et justifications concernant l'utilisation et la forme de la langue - au moyen d'entretiens avec des formateurs a la redaction en EAP. La discussion sur la matiere enseignee, les competences linguistiques developpees par les etudiants et les consequences de l'apprentissage de la redaction en EAP a amene les participants a (re)produire ou a combattre des ideologies concernant les formes de langue a enseigner, les objectifs de la redaction academique (l'instruction) ainsi que les dimensions sociales et politiques de la langue. Ces ideologies subissent l'influence des etudes, de l'education et des experiences personnelles d'apprentissage des langues. Le developpement d'une conscience critique des conceptions de la langue qui sous-tendent l'enseignement et l'apprentissage peut accroitre la transparence des discours linguistiques et sociaux qui circulent tant a l'interieur qu'a l'exterieur des classes d'ecriture en EAP et aider les enseignants, les etudiants et les autres intervenants du domaine de l'EAP a les (re)produire ou a les combattre de facon strategique.",wos,llm,1.000,unreviewed,,doi:10.3138/cmlr-2023-001
