status,title,authors,year,venue,doi,url,tags,abstract,provider,decision_source,llm_confidence,llm_review_outcome,llm_change_direction
discarded,TEACHING PROGRAMMING BY DEVELOPING GAMES IN ALICE,"Florea, Adrian; Gellert, Arpad; Florea, Delilah; Florea, Adrian-Cristian",2016,"ELEARNING VISION 2020!, VOL I",10.12753/2066-026X-16-073,https://www.webofscience.com/wos/woscc/full-record/WOS:000385395900073,adjacent-subtopic; alice; teaching-games,"What do we teach? How do we teach? Who do we teach? These three interrelated questions are not necessarily new, but are fundamental in terms of reshaping the teaching-learning process in order to accomplish the educational needs of a digital native society. Current solutions rely on merging traditional ways of teaching with modern approaches such as e-Learning, interactive teaching, open-ended questions, collaborative team-work, professional challenges and competitions in order to require student's brainpower. The concept of learning by doing is extended to learning by gaming. The main goal of this paper is to propose a solution to a fundamental problem in Computer Engineering Education: attracting students, capturing the interest and retaining them in order to acquire a profession in this area. Specifically, students will learn the fundamental concepts of procedural and object-oriented programming in Java by developing games in Alice 3.0 - a 3D interactive animation environment which uses text-based programming in order to create visual programming blocks. Based on advanced hardware-software technologies, our game represents a pleasant learning alternative to the traditional education system. Although it is suitable for beginner learners of any age greater than 8, this software application may be especially engaging for girls. The software application is free, easy to extend, and additionally, being built as a game develops specific skills such as ambition, desire to win, strategic thinking, motivation and perseverance in order to improve player's performance, understanding the solving methods and the joy of discovering new things. The usefulness of this paper is twofold: first, for teachers who, starting from the John C. Dana quote's ""who dares to teach must never cease to learn"", will be able to implement new teaching methods, applying thus the concept of lifelong learning in their didactic, scientific and pedagogic activity; second, for students, who can become active in the learning process by creating interactive educational games.",wos,llm,0.840,unreviewed,
discarded,"AN ANALYSIS OF JAVA PROGRAMMING BEHAVIORS, AFFECT, PERCEPTIONS, AND SYNTAX ERRORS AMONG LOW-ACHIEVING, AVERAGE, AND HIGH-ACHIEVING NOVICE PROGRAMMERS","Rodrigo, Ma Mercedes T.; Andallaza, Thor Collin S.; Castro, Francisco Enrique Vicente G.; Armenta, Marc Lester V.; Dy, Thomas T.; Jadud, Matthew C.",2013,JOURNAL OF EDUCATIONAL COMPUTING RESEARCH,10.2190/EC.49.3.b,https://www.webofscience.com/wos/woscc/full-record/WOS:000334900400002,adjacent-subtopic; syntax-errors; java-programming-behaviors,"In this article we quantitatively and qualitatively analyze a sample of novice programmer compilation log data, exploring whether (or how) low-achieving, average, and high-achieving students vary in their grasp of these introductory concepts. High-achieving students self-reported having the easiest time learning the introductory programming topics. In a quantitative analysis, though, high-aChieving and average students were: 1) more effective at debugging (on average, as quantified by Jadud's Error Quotient (EQ)) than low-achieving students; and 2) were least confused, as quantified using Lee's confusion metric. However, the differences in EQ and confusion between groups were not statistically significant. This implied that all groups struggled with programming to similar extents. This fmding was further supported by the qualitative analysis, in which we found that no group was immune to a particular error type. All groups had difficulties finding small errors, including: differences in capitalization and missing commas; recognizing the scope and lifetime of a variable; confusing the assignment operator with the equal comparator; misusing the variants of the print statement; misusing or failing to use parameters; and implementing principles of object-oriented design such as information hiding and encapsulation. For computer science researchers and educators, the findings suggest learning pitfalls against which teachers can guard during instruction. The findings also imply the need for more reactive and anticipatory support environments, and the usefulness of large scale data collection and analysis in the study of novice programmers.",wos,llm,0.900,unreviewed,
discarded,Usability Inspection in Model-Driven Web Development: Empirical Validation in WebML,"Fernandez, Adrian; Abrahao, Silvia; Insfran, Emilio; Matera, Maristella",2013,MODEL-DRIVEN ENGINEERING LANGUAGES AND SYSTEMS,,https://www.webofscience.com/wos/woscc/full-record/WOS:000327240300048,off-topic-false-hit; web-development; usability-inspection,"There is a lack of empirically validated usability evaluation methods that can be applied to models in model-driven Web development. Evaluation of these models allows an early detection of usability problems perceived by the end-user. This motivated us to propose WUEP, a usability inspection method which can be integrated into different model-driven Web development processes. We previously demonstrated how WUEP can effectively be used when following the Object-Oriented Hypermedia method. In order to provide evidences about WUEP's generalizability, this paper presents the operationalization and empirical validation of WUEP into another well-known method: WebML. The effectiveness, efficiency, perceived ease of use, and satisfaction of WUEP were evaluated in comparison to Heuristic Evaluation (HE) from the viewpoint of novice inspectors. The results show that WUEP was more effective and efficient than HE when detecting usability problems on models. Also, inspectors were satisfied when applying WUEP, and found it easier to use than HE.",wos,llm,1.000,unreviewed,
discarded,Impact of Aspect-Oriented Programming on the Quality of Novices' Programs: A Comparative Study,"Katic, Marija; Boticki, Ivica; Fertalj, Kresimir",2013,JOURNAL OF INFORMATION AND ORGANIZATIONAL SCIENCES,,https://www.webofscience.com/wos/woscc/full-record/WOS:000409738000005,adjacent-subtopic; aspect-oriented-programming; comparative-study,"Aspect-oriented programming has been introduced in order to increase the modularity of object-oriented programs and is claimed to improve software quality. Although there are various researches on this claim, the question to what extent aspect-oriented programming improves the quality of programs depending on a developer's experience still remains. The purpose of this study is to investigate whether aspect-oriented programming used by novice programmers improves the quality of programs, in terms of software flexibility and readability (consequently reusability and maintainability as well). As a part of an undergraduate course in programming paradigms and languages, a systematic comparison between students' object oriented and aspect-oriented solutions of the same problem was driven. In order to drive this comparison we have established the basis for the development of the new quality assessment model consisting of software metrics for an objective evaluation and student survey for subjective evaluation. The results show that the use of aspect-oriented programming lead to novices' programs that are easier to change and read (flexible and readable) compared to object-oriented programs. What is more, administered survey showed that students perceive their programs as more flexible and readable.",wos,llm,0.940,unreviewed,
kept,Comparison of Two Approaches when Teaching Object-Orientated Programming to Novices,"Adair, Desmond; Jaeger, Martin; Stegen, Jonathan",2011,INTERNATIONAL JOURNAL OF ENGINEERING EDUCATION,,https://www.webofscience.com/wos/woscc/full-record/WOS:000295854600011,qualifies-claim; objects-first; teaching-order-comparison,"It has been stated several times in the literature that novice students must grasp object-orientated concepts immediately as the fundamental knowledge for programming using Java. Also, that introducing students to programming using the simpler procedural concepts early only compounds the difficulty of teaching object-orientated programming, as the need to always use some aspect of object-based code in Java cannot be avoided. Attempting to disguise this eventually causes frustration and confusion, even for good students. This paper presents the results of a comparison that evaluates, using a pre-test-post-test control group design, two approaches to teaching Java, where one approach uses objects first and the other uses a procedural followed by an objects approach. The results of the empirical study indicate that the students, who were first year engineers, using the objects first approach do indeed gain a better understanding of programming. This finding is supported by information gathered from a debriefing questionnaire, where the objects first approach was rated as easier for acquiring Java programming knowledge and skills.",wos,llm,0.980,unreviewed,
discarded,Students' Strategies for Exception Handling,"Rashkovits, Rami; Lavy, Ilana",2011,JOURNAL OF INFORMATION TECHNOLOGY EDUCATION-RESEARCH,,https://www.webofscience.com/wos/woscc/full-record/WOS:000210177200010,adjacent-subtopic; exception-handling; strategies,"This study discusses and presents various strategies employed by novice programmers concerning exception handling.The main contributions of this paper are as follows: we provide an analysis tool to measure the level of assimilation of exception handling mechanism; we present and analyse strategies to handle exceptions; we present and analyse solutions provided by novice programmers; we classify and analyse the participants' reflections concerning their solutions.Modern programming languages, such as Java, provide the programmer an elaborated object oriented exception mechanism; enable him to handle exceptions in a more convenient way.The aim of this study was to discover the strategies novice programmers are using to handle exceptions and whether they utilise the advantage of the modern exception handling mechanism.For that matter the participants (college students) had to provide a written solution to a given problem with a special focus on exception handling.In addition each of them was interviewed.The analysis of the solutions provided was carried out according to a set of software quality criteria (clarity, modularity and extensibility) adapted to exception handling characteristics.These criteria were used to explain the advantages and disadvantages of the solutions from a software engineering perspective.The solutions provided were also analysed according to a classification of levels of assimilation concerning the structure of exceptions, based on the SOLO taxonomy.The first level of assimilation refers to solutions in which no exception mechanism was used, and the errors were handled in the old fashion way (local handling or return of an error code).The fifth and last level refers to solutions that used adequate hierarchy of exception classes allowing easy extension according to future requirements and enabling the handling of multiple exception altogether or handle each separately.In between these levels there are strategies that used exception mechanisms without the exhausting of its advantages.The results obtained reveal that only few participants (7 out of 56) provided a solution that was classified to one of the two highest assimilation levels, while many (23 out of 56) did not use exception mechanism at all.The rest of the students (25 out of 56) used the exception mechanism poorly (i.e., used only Exception class or did not use hierarchy of exceptions).The participants had difficulties in utilising the advanced exception handling mechanisms and in exhibiting a high level of abstraction with regard to the proper design of a hierarchy of exceptions.The students' statements collected during the interviews were classified into the following categories: misconceptions concerning code quality; misconceptions concerning exception handling; difficulties in understanding the exception handling mechanism; the perceived importance of exception handling; and a lack of programming experience.During the interviews the students provided explanations concerning the reasons they were not fully utilized the exception mechanism.Among them are: lack of practice, too few demonstrated examples, focussing merely on providing a working solution without considering quality issues.Finally we recommend on some modifications to the curriculum, among them: to expose the students earlier to the exception mechanism; to throw built- in Java exception to address validation errors; and to put more attention to quality issues.",wos,llm,0.920,unreviewed,
discarded,Object-Oriented Design Process Model,"Din, Jamilah; Idris, Sufian",2009,INTERNATIONAL JOURNAL OF COMPUTER SCIENCE AND NETWORK SECURITY,,https://www.webofscience.com/wos/woscc/full-record/WOS:000217233400010,off-topic-false-hit; design-process-model; software-design,"Design is a first step in the development phase for any engineered product or system. It is defined as the process and strategies used to manage complexity. Software design process is an iterative process whereby the requirements are transformed into a ""blueprint"" for constructing the software. A design model is developed based on the combination of intuition and judgment, a set of principles and heuristics, and a process of iteration that leads to final design specifications. Without a proper design, a software system may fail to deliver its intended service and often will lead to some consuming maintenance activities. Therefore it is necessary for software developers to do the design process thoroughly before they start implementing the system. Object-oriented design is not an easy task. It is even difficult for a novice designer or for an experienced designer who wants to shift to object-oriented approach. Throughout literature, there are varying schools of thought on what constitutes object-oriented design. What is the process involved in this phase and what are components or structures? This paper presents four popular object-oriented design methods, and then a process model of object-oriented design for novice designer is proposed. The model consists of a process and four components. The process model is part of the model of a guidance system to assist novice designers in designing object-oriented systems.",wos,llm,0.960,unreviewed,
discarded,Local Entities Type Inference in the Microsoft Visual Basic 2008 language,"Kostal, Igor",2009,"6TH CONFERENCE ON MATHEMATICS AND PHYSICS AT TECHNICAL UNIVERSITIES, PTS 1 AND 2, PROCEEDINGS",,https://www.webofscience.com/wos/woscc/full-record/WOS:000279806500016,off-topic-false-hit; visual-basic; type-inference,"The object oriented programming language Microsoft Visual Basic 2008 that is the part of the development environment Microsoft Visual Studio 2008 that is designated for a development of managed applications for the software platform Microsoft.NET Framework, contains several syntactic-semantic innovations. One of them is the type inference of local entities, which simply means their data types inference by a machine (by a compiler) if they are not introduced in definition initializations of particular local entities in an application source code. This feature that makes creating an application source code in this language easier for total programming beginners, had built-in himself in previous versions of the Microsoft Visual Basic language (2005, 2002 etc.) too. However, only in the version Microsoft Visual Basic 2008 is a data type of local entities inferences really effectively. The paper explains an operation of a data type inference of local entities by specific examples of source codes created in the Microsoft Visual Basic 2008 language, compares an operation of this feature in the previous version of language, in Microsoft Visual Basic 2005 and on the base of this comparison illustrates its essentially effective operation in the Microsoft Visual Basic 2008 language. In the sample application that complete source code is the part of the paper is demonstrated the utilization of the type inference in a programming practice that enables considerable simplification of this code with its appropriate using. In Conclusion is summarized the sense of appropriate using effective type inference of local entities in a program source code created in the Microsoft Visual Basic 2008 language. For this and another features presented in Conclusion is possible to use this programming language in teaching Web technologies subject, but also in other programming subjects.",wos,llm,1.000,unreviewed,
discarded,Comparison of different documentation styles for frameworks of object-oriented code,"Ho, S. B.; Chai, I.; Tan, C. H.",2009,BEHAVIOUR & INFORMATION TECHNOLOGY,10.1080/01449290601152162,https://www.webofscience.com/wos/woscc/full-record/WOS:000265290900002,off-topic-false-hit; framework-documentation; software-engineering,"Frameworks are increasingly employed as a useful way to enable object-oriented reuse. However, understanding frameworks is not easy due to their size and complexity. Previous work concentrated on different ways to document frameworks, but it was unclear which ones were actually better. This paper presents a novel way of investigating the different philosophies for framework documentation. The philosophies include minimalist, patterns-style and extended javadoc (Jdoc) documentation. Using a survey of 140 novices engaged in Swing intensive coding work, this empirical study discovered some guidelines for effective framework documentation for the Swing framework. The results suggest that different documentation is better for different goals.",wos,llm,0.980,unreviewed,
discarded,The Effectiveness of Screencasts and Cognitive Tools as Scaffolding for Novice Object- Oriented Programmers,"Lee, Mark; Pradhan, Sunam; Dalgarno, Barney",2008,JOURNAL OF INFORMATION TECHNOLOGY EDUCATION-RESEARCH,,https://www.webofscience.com/wos/woscc/full-record/WOS:000210173900005,adjacent-subtopic; screencasts; objects-first,"Modern information technology and computer science curricula employ a variety of graphical tools and development environments to facilitate student learning of introductory programming concepts and techniques. While the provision of interactive features and the use of visualization can enhance students' understanding and assist them in grasping fundamental ideas, the real difficulty for many students lies in making the transition from relying on the graphical features of these tools, to actually writing programming code statements in accordance with a set of plain English instructions.

This article opens with a systematic review of the literature on alternative approaches to teaching object-oriented programming 9OOP) to novice programmers. It then describes the rationale behind an "" objects first, class user first"" approach to introducing OOP, arguing for the use of interactive GUI-based visualization tools such as BlueJ as cognitive tools to allow learners to represent and manipulate their mental models or schemas. Finally, it reports on a study involving a cohort of students undertaking an introductory OOP unit in Java. The study investigated the effectiveness of: 9i) the graphical features of BlueJ as a cognitive tool while performing coding tasks as part of a test; and 9ii) the use of screencasts 9video screen captures) of BlueJ to provide scaffolding during learning, which involves the provision of temporary support structures to assist learners in attaining the next stage or level in their development. The screencasts were used in conjunction with a series of structured exercises by providing an intermediate stepping stone to ease the transition to the writing of program code.

The study found no significant effect of screencasts during the learning phase of the study, and no significant effect of BlueJ during testing. This result runs counter to theoretical predictions and consequently is important both for researchers focusing on the pedagogy associated with learning programming as well as those interested in the broader applications of animated instructional resources and cognitive tools.

In the article, the authors postulate a number of reasons for the lack of significant effects to sup-port their hypotheses. Firstly, it is possible thatsome, or perhaps many, participants who had access to BlueJ during the testing phase did not actually use it to assist them in answering the test questions. Secondly, since the screencasts and BlueJ were intended to ease students' transition to code, the data collection was conducted immediately following the participants' initial exposure to code statements. This gave rise to the possibility that they may not have been ready to attempt the questions framed at a high level of abstraction, which accounted for a majority of the test marks. The authors had hypothesized that the most benefit in providing the screencast-based scaffolding and the use of BlueJ as a cognitive tool was likely to be gained in assisting students with writing code for English instructions at this high level of abstraction; however, at this point in the semester they may not have been adequately prepared to undertake these types of questions, which required them to interpret the high-level task requirements and decompose them into individual object and class operations that would achieve the desired outcome 9object state).

