status,title,authors,year,venue,doi,url,tags,abstract,provider,decision_source,llm_confidence,llm_review_outcome,llm_change_direction,paper_id
discarded,Object oriented data analysis: Sets of trees,Haonan Wang; James Stephen Marron,2007,The Annals of Statistics,10.1214/009053607000000217,https://openalex.org/W2076423950,off-topic-false-hit,"Object oriented data analysis is the statistical analysis of populations of complex objects. In the special case of functional data analysis, these data objects are curves, where standard Euclidean approaches, such as principal component analysis, have been very successful. Recent developments in medical image analysis motivate the statistical analysis of populations of more complex data objects which are elements of mildly non-Euclidean spaces, such as Lie groups and symmetric spaces, or of strongly non-Euclidean spaces, such as spaces of tree-structured data objects. These new contexts for object oriented data analysis create several potentially large new interfaces between mathematics and statistics. This point is illustrated through the careful development of a novel mathematical framework for statistical analysis of populations of tree-structured objects.",openalex,llm,0.990,unreviewed,,doi:10.1214/009053607000000217
discarded,Object oriented data analysis: Sets of trees,Haonan Wang; James Stephen Marron,2021,Carolina Digital Repository (University of North Carolina at Chapel Hill),10.17615/3a6s-fx18,https://openalex.org/W4300856877,off-topic-false-hit,"Object oriented data analysis is the statistical analysis of populations of complex objects. In the special case of functional data analysis, these data objects are curves, where standard Euclidean approaches, such as principal component analysis, have been very successful. Recent developments in medical image analysis motivate the statistical analysis of populations of more complex data objects which are elements of mildly non-Euclidean spaces, such as Lie groups and symmetric spaces, or of strongly non-Euclidean spaces, such as spaces of tree-structured data objects. These new contexts for object oriented data analysis create several potentially large new interfaces between mathematics and statistics. This point is illustrated through the careful development of a novel mathematical framework for statistical analysis of populations of tree-structured objects.",openalex,llm,0.990,unreviewed,,doi:10.17615/3a6s-fx18
kept,Novice students' learning of object-oriented programming,Anna Eckerdal,2006,,,https://openalex.org/W15797814,supports-claim; levels,"This thesis investigates students' experiences of learning to program. Learning to program is a complex activity. It involves elements of learning abstract concepts as well as both learning and using advanced resources like computers and compilers. The learning experience is affected by factors like students' motives to learn and their general understanding of what learning to program means. These issues form the basis for the four research themes addressed in this thesis, specifically: students' experiences of what learning to program means; how students understand central concepts in programming; how students use and experience help from resources; and students' motives to learn to program. The thesis presents a qualitative study on novice students' experiences of learning object-oriented programming. Data was collected via semi-structured interviews. The interviews were analysed mainly using a phenomenographic research approach. The analysis resulted in the formulation of categories of description of students' qualitatively different ways to understand what learning to program means. In addition, categories describing different ways to understand the concepts object and class in object-oriented programming were formulated. From an educational point of view, these results can be used to identify aspects of learning to program that are critical from the students' perspective. The analysis of students' use of resources revealed that some resources were mainly used in a search-for-meaning way that promotes good learning, while another group of resources were mainly used in a superficial way. The two groups of resources seem however to interact with each other when students take responsibility for their own learning, which in particular characterizes their work with the larger computer assignments. When working with those, the students describe that both groups of resources were important for the learning. The analysis of students' descriptions of their motives to learn pinpoints motives that can enhance learning. In the study there were students who expressed that they had problems to know how to go about to study computer programming. This might indicate problems about knowing how to use available resources efficiently. Students who do not know how to use resources like the compiler in an efficient way, will have difficulties to perform assignments, which is expressed by the students as very important for the learning of concepts. The results also indicate the importance for educators to provide a learning environment with a variety of resources which can connect to students' different motives to learn, pointed to in the study. In this way all four aspects of the learning experience examined in the present study are important for students' learning of object-oriented programming.",openalex,llm_reviewed,0.980,confirmed,,hash:1efce8856c9eb36f
kept,Research perspectives on the objects-early debate,Raymond Lister; Anders Berglund; Tony Clear; Joe Bergin; Kathy Garvin-Doxas; Brian Hanks; Lew Hitchner; Andrew Luxton-Reilly; Kate Sanders; Carsten Schulte; Jacqueline L. Whalley,2006,ACM SIGCSE Bulletin,10.1145/1189136.1189183,https://openalex.org/W2053553403,qualifies-claim,"In March 2004, SIGCSE members contributed to a mailing list discussion on the question of whether programming should be taught objects first or imperative first. We analyse that discussion, exploring how the CS community debates the issue and whether contributors' positions are supported by the research literature on novice programmers. We applied four distinct research methods to the discussion: cognitive science, rhetorical analysis in the critical tradition, phenomenography and biography. We identify the cognitive claims made in the email discussion and find there is not a consensus in the research literature as to whether the objects first approach or the imperative approach is harder to learn. From the rhetorical analysis, we find that the discussion was not so much a debate between OO-first versus imperative-first, but instead was more for and against OO-first. Our phenomenographic analysis identified and categorized the underlying complexity of the discussion. We also applied a biographical method to explore the extent to which the participants' views are shaped by their own prior experience. The paper concludes with some reflections upon paradigms, and the manner in which the CS discipline community defines itself.",openalex,llm,0.940,unreviewed,,doi:10.1145/1189136.1189183
discarded,Relations between teachers' approaches to teaching and students' approaches to learning,Keith Trigwell; Michael Prosser; Fiona Waterhouse,1999,Higher Education,10.1023/a:1003548313194,https://openalex.org/W1512850292,off-topic-false-hit,"This paper reports on an empirical study which shows that qualitatively different approaches to teaching are associated with qualitatively different approaches to learning. More specifically, the results indicate that in the classes where teachers describe their approach to teaching as having a focus on what they do and on transmitting knowledge, students are more likely to report that they adopt a surface approach to the learning of that subject. Conversely, but less strongly, in the classes where students report adopting significantly deeper approaches to learning, teaching staff report adopting approaches to teaching that are more oriented towards students and to changing the students conceptions. The study made use of a teaching approach inventory derived from interviews with academic staff, and a modified approach to learning questionnaire. These conclusions are derived from a factor and cluster analysis of 48 classes (involving 46 science teachers and 3956 science students) in Australian universities. The results complete a chain of relations from teacher thinking to the outcomes of student learning. Previous studies have shown relations between teachers' conceptions of teaching and learning and their approaches to teaching. Numerous studies have shown correlations between students' deeper approaches to learning and higher quality learning outcomes. The results reported here link these two sets of studies. They also highlight the importance, in attempts to improve the quality of student learning, of discouraging teacher-focused transmission teaching and encouraging higher quality, conceptual change/student-focused approaches to teaching.",openalex,llm,0.970,unreviewed,,doi:10.1023/a:1003548313194
kept,Students' understandings of storing objects,Juha Sorva,2007,,,https://openalex.org/W167446448,supports-claim; storing,"This paper reports a phenomenographic study of how in-troductory students view objects that have been created and stored by an object-oriented program. By analyz-ing student interviews, we identify five categories of de-scription, each representing a different kind of understand-ing of the phenomenon. Of these categories, some rep-resent viable understandings that we would like our stu-dents to have. Others are partially incorrect and indicate that some students mistakenly focus their awareness on as-pects that are unhelpful or even harmful for constructing a viable mental model of storing objects. This paper brings together two previously disjointed branches of computer science education research: the study of misconceptions and the phenomenographic research approach. The phe-nomenographic approach used in this study extends tradi-tional phenomenography by including partially incorrect understandings in a phenomenographic outcome space, and explicitly treating them as such. This approach offers a new way of studying misconceptions and linking them to correct understandings of a phenomenon.",openalex,llm_reviewed,0.990,confirmed,,hash:74eeb1cbf8737de6
discarded,Phenomenographic study of students’ problem solving approaches in physics,Laura Walsh; Robert Glenn Howard; Brian W. Bowe,2007,Physical Review Special Topics - Physics Education Research,10.1103/physrevstper.3.020108,https://openalex.org/W2077599165,off-topic-false-hit,This paper describes ongoing research investigating student approaches to quantitative and qualitative problem solving in physics. This empirical study was conducted using a phenomenographic approach to analyze data from individual semistructured problem solving interviews with 22 introductory college physics students. The main result of the study is a hierarchical set of categories that describe the students' problem solving approaches in the context of introductory physics.,openalex,llm,0.990,unreviewed,,doi:10.1103/physrevstper.3.020108
discarded,Learning Objects and E-Learning: an Informing Science Perspective,Eli Cohen; Malgorzata Ewa Nycz,2006,Interdisciplinary Journal of e-Skills and Lifelong Learning,10.28945/399,https://openalex.org/W2135671081,off-topic-false-hit,"An international association advancing the multidisciplinary study of informing systems. Founded in 1998, the Informing Science Institute (ISI) is a global community of academics shaping the future of informing science.",openalex,llm,0.990,unreviewed,,doi:10.28945/399
discarded,Object-Oriented Software Development Education: a Constructivist Framework,Said Hadjerrouit,2005,Informatics in Education,10.15388/infedu.2005.10,https://openalex.org/W17548582,adjacent-subtopic,"The paper argues for the importance of the constructivist learning theory to software development education. Constructivism frames learning less as the product of passive transmission than a process of active construction whereby learners construct their own knowledge based upon prior knowledge and experience. Now that a number of software development courses offer project-based teaching, it seems that the importance of a constructivist perspective has been implicitly well-taken in the current practice. What these approaches explicitly lack is a concrete methodology of how to carry out the constructivist perspective and its consequences for learning. This paper reports on a constructivist approach to object-oriented software development at the undergraduate level. It explores methodological aspects of the approach and discusses the results from its evaluation.",openalex,llm,0.860,unreviewed,,doi:10.15388/infedu.2005.10
discarded,Perturbed Algorithms and Sensitivity Analysis for a General Class of Variational Inclusions,Samir Adly,1996,Journal of Mathematical Analysis and Applications,10.1006/jmaa.1996.0277,https://openalex.org/W2036451537,off-topic-false-hit,"In the present paper, we study a perturbed iterative method for solving a general class of variational inclusions. An existence result which generalizes some known results in this field, a convergence result, and a new iterative method are given. We also prove the continuity of the perturbed solution to a parametric variational inclusion problem. Several special cases are discussed.",openalex,llm,0.990,unreviewed,,doi:10.1006/jmaa.1996.0277
discarded,The Playing Learning Child: Towards a pedagogy of early childhood,Ingrid Pramling Samuelsson; Maj Asplund Carlsson,2008,Scandinavian Journal of Educational Research,10.1080/00313830802497265,https://openalex.org/W2128213932,off-topic-false-hit,"From children's own perspective, play and learning are not always separate in practices during early years. The purpose of this article is, first, to scrutinise the background and character of early years education in terms of play and learning. Second, to elaborate the findings of several years of research about children's learning in preschool related to the curriculum of early years education and, finally, to propose a sustainable pedagogy for the future, which does not separate play from learning but draws upon the similarities in character in order to promote creativity in future generations. Introducing the notions of act and object of learning and play (by act we mean how children play and learn and with the object we mean what children play and learn) we will chisel out an alternative early childhood education approach, here called developmental pedagogy, based on recent research in the field of play and learning, but also related to earlier approaches to early education.",openalex,llm,0.990,unreviewed,,doi:10.1080/00313830802497265
discarded,Programming Is Hard - Or at Least It Used to Be,Brett A. Becker; Paul C. Denny; James Finnie-Ansley; Andrew Luxton-Reilly; James E. Prather; Eddie Antonio Santos,2023,,10.1145/3545945.3569759,https://openalex.org/W4323033785,adjacent-subtopic,"The introductory programming sequence has been the focus of much research in computing education. The recent advent of several viable and freely-available AI-driven code generation tools present several immediate opportunities and challenges in this domain. In this position paper we argue that the community needs to act quickly in deciding what possible opportunities can and should be leveraged and how, while also working on overcoming otherwise mitigating the possible challenges. Assuming that the effectiveness and proliferation of these tools will continue to progress rapidly, without quick, deliberate, and concerted efforts, educators will lose advantage in helping shape what opportunities come to be, and what challenges will endure. With this paper we aim to seed this discussion within the computing education community.",openalex,llm,0.980,unreviewed,,doi:10.1145/3545945.3569759
discarded,An iterative scheme for a class of quasi variational inequalities,Muhammad Aslam Noor,1985,Journal of Mathematical Analysis and Applications,10.1016/0022-247x(85)90308-7,https://openalex.org/W2167840529,off-topic-false-hit,,openalex,llm,0.990,unreviewed,,doi:10.1016/0022-247x(85)90308-7
discarded,Practicing resilience in family firms: An investigation through phenomenography,Elisa Conz; Peter Lamb; Alfredo De Massis,2020,Journal of Family Business Strategy,10.1016/j.jfbs.2020.100355,https://openalex.org/W3036860850,off-topic-false-hit,"Despite the growing interest in resilience in family business, the current literature overlooks the contribution of owners/managers in practicing resilience. We focus on the experiences and practices of owners/managers of family businesses, and apply phenomenography, an interpretive methodology, to capture variations in how owners/managers understand and practice resilience in longstanding Australian and Italian family wineries. The findings show that owners/managers’ resilience practices are determined by four qualitatively different understandings of resilience. Our understanding-based theory provides a novel interpretation of resilience in the family business field, challenging the rationalistic approach by demonstrating that resilience is not universal but multifarious, such that the owners/managers’ understanding of resilience determines how resilience is practiced.",openalex,llm,0.990,unreviewed,,doi:10.1016/j.jfbs.2020.100355
discarded,Phenomenographic Approaches in Research About Nursing,Martha M. Whitfield; Mike Mimirinis; Danielle Macdonald; Tracy Klein; Rosemary A. Wilson,2023,Global Qualitative Nursing Research,10.1177/23333936231212281,https://openalex.org/W4388999612,off-topic-false-hit,"We propose that phenomenography is well-suited to research about nursing, given its focus on identifying variation in individuals' experiences, and inclusion of diverse voices and perspectives. Phenomenography explores qualitatively different ways in which a group of people experience a phenomenon, often using semi-structured interviews. The use of phenomenography is especially relevant in research about nursing which provides accounts of the experiences of nurses and patients within complex practice settings. We consider the tenets of phenomenography and examine phenomenography's relationship to and differences from phenomenology. We review literature published about phenomenographic research in nursing and reflect on the potential benefits of phenomenographic research about nursing. This paper adds to knowledge about use of phenomenography in research about nursing.",openalex,llm,0.990,unreviewed,,doi:10.1177/23333936231212281
discarded,A class of differential hemivariational inequalities in Banach spaces,Stanisław Migórski; Shengda Zeng,2018,Journal of Global Optimization,10.1007/s10898-018-0667-5,https://openalex.org/W2803124550,off-topic-false-hit,"In this paper we investigate an abstract system which consists of a hemivariational inequality of parabolic type combined with a nonlinear evolution equation in the framework of an evolution triple of spaces which is called a differential hemivariational inequality [(DHVI), for short]. A hybrid iterative system corresponding to (DHVI) is introduced by using a temporally semi-discrete method based on the backward Euler difference scheme, i.e., the Rothe method, and a feedback iterative technique. We apply a surjectivity result for pseudomonotone operators and properties of the Clarke subgradient operator to establish existence and a priori estimates for solutions to an approximate problem. Finally, through a limiting procedure for solutions of the hybrid iterative system, the solvability of (DHVI) is proved without imposing any convexity condition on the nonlinear function $$u\mapsto f(t,x,u)$$ and compactness of $$C_0$$ -semigroup $$e^{A(t)}$$ .",openalex,llm,0.990,unreviewed,,doi:10.1007/s10898-018-0667-5
kept,"Novice Java programmers' conceptions of ""object"" and ""class"", and variation theory",Anna Eckerdal; Michael Thuné,2005,ACM SIGCSE Bulletin,10.1145/1151954.1067473,https://openalex.org/W2998612091,supports-claim; levels,"Problems with understanding concepts, so called misconceptions, have been investigated and reported in a number of studies regarding object-oriented programming [4], [3]. In a first programming course using an object-oriented language, it is of great importance that students get a good understanding of central concepts like object and class at an early stage of their education. We have, with a phenomenographic research approach, performed a study with first year university students, investigating what an understanding of the concepts object and class includes from a student perspective. By applying variation theory [8] to our results we are able to pin-point what the students need to be able to discern in order to gain a ""rich"" understanding of these concepts.",openalex,llm_reviewed,1.000,confirmed,,doi:10.1145/1151954.1067473
