status,title,authors,year,venue,doi,url,tags,abstract,provider,decision_source,llm_confidence,llm_review_outcome,llm_change_direction,paper_id
discarded,"The Impact of an Exam ""Safety Net"" Program in a Pre-Clinical ""Foundations"" Course on Test Scores, and Students' Perception of the Learning Environment","Ahmad, Khaqan; Azulai, Daniella; Hartnett, Katherine; Potluri, Rajiv; Konopasky, Abigail W.; Myers, Lawrence C.",2025,MEDICAL SCIENCE EDUCATOR,10.1007/s40670-025-02436-2,https://www.webofscience.com/wos/woscc/full-record/WOS:001500319900001,off-topic-false-hit,"IntroductionSince the first high-stakes exams of medical school can promote anxiety and impede assessment for learning, it is important to evaluate programs designed to address these issues. We studied the impact of an exam ""safety net"" program (SNP), which enabled low-scoring students to raise their score via a learning exercise, on class-wide exam performance and the student's perception of assessment for learning and wellness.MethodsA SNP was implemented in the AY22-23 and AY23-24 Foundations course for our two summative mid-term exams. The SNP was not offered for the comprehensive final exam. We compared class-wide aggregated non-adjusted Foundations exam data from the AY21-22 class (no intervention) to the intervention classes. The SNP's impact on students' perception of assessment and the learning environment was analyzed via anonymous surveys and two focus groups.ResultsNon-adjusted mean scores on Foundations mid-term and final exams for classes with the SNP were slightly higher than the AY21-22 class. Low-scoring students who participated in the SNP learning exercise exhibited an increase in scores on subsequent Foundations exams greater than the class as a whole. Students perceived the SNP to be associated with mastery learning, study strategy experimentation, a low-anxiety introduction to the testing process, and collaborative learning among students and faculty.DiscussionThe impact of remediation on struggling students has been well-studied. Less attention has been paid to the class-wide impact of SNPs on the learning environment. Our SNP was associated with favorable student perceptions of the learning environment in the transition to medical school, without compromising performance on exam-based knowledge metrics.",wos,llm,0.990,unreviewed,,doi:10.1007/s40670-025-02436-2
discarded,Failure evaluation of outdoor polymeric insulators based on statistical condition-assessment methods,"Fahimi, Navid; Goudarzi, Mohammad; Shayegani-Akmal, Amir Abbas",2025,ELECTRIC POWER SYSTEMS RESEARCH,10.1016/j.epsr.2024.111134,https://www.webofscience.com/wos/woscc/full-record/WOS:001333011600001,off-topic-false-hit,"Field aging of outdoor polymeric insulators results in unscheduled outages in power systems particularly in harsh climate conditions. In this paper, a strategic maintenance framework is proposed in order to prevent overhead line outages. The presented scheme is based on condition assessment of the real aged polymeric insulators. Data of tensile test, hardness test, thermogravimetric analysis (TGA), and Fourier transform infrared spectroscopy (FTIR) are used to extract critical features of the aged samples based on classification of fuzzy c-means clustering. Then, a lifetime prediction analysis is done based on Cox hazards analysis to develop further maintenance strategy. The proposed model is validated through numerical analyses on polymeric insulators for various validation evaluations including pollution severity analysis and hydrophobicity class (HC) measurement. Obtained results verify accuracy of the intelligent model to predict lifetime of the aged polymeric insulators. The presented strategic framework can be effectively applied to online monitoring, condition assessment and preventive maintenance programs of the power system utilities.",wos,llm,1.000,unreviewed,,doi:10.1016/j.epsr.2024.111134
discarded,A Case Study on The Evaluation of Maturity Class in Potato Breeding Trials Using UAV Imagery,"Samborski, Stanislaw Marek; Torres, Ubaldo; Bech, Aleksandra; Leszczynska, Renata; Bagavathiannan, Muthukumar V.",2024,AMERICAN JOURNAL OF POTATO RESEARCH,10.1007/s12230-024-09965-3,https://www.webofscience.com/wos/woscc/full-record/WOS:001310563400001,off-topic-false-hit,"In potato breeding, maturity class (MC) is a crucial selection criterion because this is a critical aspect of commercial potato production. Currently, the classification of potato genotypes into MCs is done visually, which is time- and labor-consuming. The objective of this research was to use vegetation indices (VIs) derived from unmanned aerial vehicle (UAV) imagery to remotely assign MCs to potato plants grown in trials, representing three different early stages within a multi-year breeding program. The relationships between VIs (GOSAVI - Green Optimized Soil Adjusted Vegetation Index, MCARI2 - Modified Chlorophyll Absorption Index-Improved, NDRE - Normalized Difference Red Edge, NDVI - Normalized Difference Vegetation Index, and OSAVI - Optimized Soil Adjusted Vegetation Index and WDVI - Weighted Difference Vegetation Index) and visual potato canopy status were determined. Further, this study aimed to identify factors that could improve the accuracy (decrease Mean Absolute Error - MAE) of potato MC estimation remotely. Results show that VIs derived from UAV imagery can be effectively used to remotely assign MCs to potato breeding lines, with higher accuracy for the potato B-clones (20 plants per plot) than the A-clones (6 plants per plot). Among the tested VIs, the NDRE allowed for potato MC evaluation with the lowest MAE. Applying NDRE for remote MC estimation using a validation dataset of potato B-clones (100 plants per plot), resulted in an MC estimate with a 0.81 MAE. However, the accuracy of potato MC estimation using UAV image-based methods should be improved by reducing the potato canopy's variability (increasing uniformity) within the plot. This could be achieved by minimizing 1) potato vines bending over the neighboring row, causing vine overlap between plots, and 2) plants damaged by tractor wheels during field operations.

En el mejoramiento de la papa, la clase de madurez (CM) es un criterio de selecci & oacute;n crucial porque este es un aspecto cr & iacute;tico de la producci & oacute;n comercial de papa. Actualmente, la clasificaci & oacute;n de los genotipos de papa en MC se realiza visualmente, lo que requiere mucho tiempo y trabajo. El objetivo de esta investigaci & oacute;n fue utilizar & iacute;ndices de vegetaci & oacute;n (VIs) derivados de im & aacute;genes de veh & iacute;culos a & eacute;reos no tripulados (UAV) para asignar de forma remota MCs a plantas de papa cultivadas en ensayos, representando tres etapas tempranas diferentes dentro de un programa de mejoramiento de varios a & ntilde;os. Se determinaron las relaciones entre los VIs (GOSAVI - & Iacute;ndice de Vegetaci & oacute;n Ajustado al Suelo Optimizado Verde, MCARI2 - & Iacute;ndice de Absorci & oacute;n de Clorofila Modificado-Mejorado, NDRE - Borde Rojo de Diferencia Normalizada, NDVI - & Iacute;ndice de Vegetaci & oacute;n de Diferencia Normalizada, y OSAVI - & Iacute;ndice de Vegetaci & oacute;n Ajustado al Suelo Optimizado y WDVI - & Iacute;ndice de Vegetaci & oacute;n de Diferencia Ponderada) y la visualizaci & oacute;n del dosel de la papa. Adem & aacute;s, este estudio tuvo como objetivo identificar factores que podr & iacute;an mejorar la precisi & oacute;n (disminuir el Error Absoluto Medio - MAE) de la estimaci & oacute;n de MC de papa de forma remota. Los resultados muestran que los VI derivados de las im & aacute;genes de UAV se pueden utilizar de manera efectiva para asignar MC de forma remota a las l & iacute;neas de mejoramiento de papa, con mayor precisi & oacute;n para los clones B de papa (20 plantas por parcela) que para los clones A (6 plantas por parcela). Entre los VI probados, el NDRE permiti & oacute; la evaluaci & oacute;n de la MC de papa con el MAE m & aacute;s bajo. La aplicaci & oacute;n de NDRE para la estimaci & oacute;n remota de MC utilizando un conjunto de datos de validaci & oacute;n de clones B de papa (100 plantas por parcela), result & oacute; en una estimaci & oacute;n de MC con un MAE de 0.81. Sin embargo, la precisi & oacute;n de la estimaci & oacute;n de la MC de la papa utilizando m & eacute;todos basados en im & aacute;genes UAV debe mejorarse reduciendo la variabilidad del dosel de la papa (aumentando la uniformidad) dentro de la parcela. Esto podr & iacute;a lograrse minimizando 1) los tallos de papa que se doblan sobre el surco vecino, lo que causa la superposici & oacute;n de follaje entre las parcelas, y 2) las plantas da & ntilde;adas por las ruedas de los tractores durante las operaciones de campo.",wos,llm,1.000,unreviewed,,doi:10.1007/s12230-024-09965-3
discarded,Learning Acoustic Assessment of Voice: An Action ResearchBased SoTL Project,"Walden, Patrick R.",2024,JOURNAL OF VOICE,10.1016/j.jvoice.2021.11.015,https://www.webofscience.com/wos/woscc/full-record/WOS:001270272300001,off-topic-false-hit,"The purpose of this action research, scholarship of teaching and learning study was to develop and integrate effective, student-informed teaching methods for voice acoustics instruction in a graduate speech-language pathology voice disorders course. An online focus group was used to determine what aspects of voice acoustics to include in the course as well as how these aspects were to be covered. A blend of face-to-face, technology-assisted, and practice-based teaching/learning activities resulted from the focused group and were employed in the course. An open-ended application question was used to measure student learning regarding application of voice acoustics to the understanding of human voice. A summative assessment of student recall and application of voice acoustics to speech-language pathology practice was also administered. Results showed signi ficant, positive change pre- to post-course on the open-ended application question. Results of the summative assessment revealed that the largest distribution of student scores was in the 90%-100% range. While individual classes in different programs will differ, this project provides instructors with a baseline format from which to work to tailor acoustics instruction in their own classrooms.",wos,llm,0.990,unreviewed,,doi:10.1016/j.jvoice.2021.11.015
discarded,Initial validation of the Health Environment Rating Scale-Early Childhood Consultation-Classroom (HERS-ECC-C),"Futterer, Jenna; Mullins, Casey; Bulotsky-Shearer, Rebecca J.; Guzman, Emperatriz; Hildago, Tatiana; Kolomeyer, Ellen; Howe, Elizabeth; Horen, Neal; Sanders, Lee M.; Natale, Ruby",2024,INFANT MENTAL HEALTH JOURNAL-INFANCY AND EARLY CHILDHOOD,10.1002/imhj.22116,https://www.webofscience.com/wos/woscc/full-record/WOS:001229540000001,off-topic-false-hit,"The present study validated a newly developed easy-to-use observational instrument, the Health Environment Rating Scale-Early Childhood Consultation-Classroom version (HERS-ECC-C), to measure the quality of the classroom environment within early care and education centers participating in a mental health consultation program in a diverse area of the southeastern United States. Using a confirmatory factor analysis, three factors emerged capturing critical aspects of a high-quality classroom environment and demonstrated good reliability: (1) Supportive Practices, Positive Socioemotional Practices, and Classroom Management (alpha = .88), (2) Health and Family Communication (alpha = .79), and (3) Individualizing to Children's Needs (alpha = .80). Criterion-related validity was established through concurrent associations between the three HERS-ECC-C subscales and the domains of the Classroom Assessment Scoring System (CLASS) and predictive associations with the Childcare Worker Job Stress Inventory. The HERS-ECC-C Supportive Practices and Health and Family Communication subscales were associated with all three CLASS domains, and the Individualizing to Children's Needs subscale was associated with the CLASS Instructional support domain. Higher HERS-ECC-C subscale scores were associated with lower teacher-reported job stress. Findings provide initial evidence to support the use and continued development of the HERS-ECC-C as a tool to evaluate programs and classrooms engaged in mental health consultation professional development interventions.",wos,llm,1.000,unreviewed,,doi:10.1002/imhj.22116
discarded,Relationship between multicultural experiences and multicultural counseling competencies among Malaysian counselor trainees,"Harun, Maizatul Mardiana; Jaafar, Wan Marzuki Wan; Ismail, Asmah; Kamaruddin, Mohd Shahrul",2023,INTERNATIONAL JOURNAL OF ADVANCED AND APPLIED SCIENCES,10.21833/ijaas.2023.10.021,https://www.webofscience.com/wos/woscc/full-record/WOS:001171853800012,off-topic-false-hit,"The multicultural counseling course attended by counselor trainees is expected to enrich their multicultural experience through the academic environment, as they come from different backgrounds and personal multicultural experiences. While most multicultural counseling courses focus on the three components of multicultural counseling competence, counselor trainees should be provided with more multicultural exposure and interactions during classes to develop skills to work with diverse clients. Therefore, this descriptive-correlational study explores the relationship between multicultural experiences (personal and academic) and multicultural counseling competencies (self-reported and observer-rated) among Malaysian counselor trainees. All four instruments had been adapted and translated into the Malay language before being completed by 208 randomly selected counselor trainees. This study reported that counselor trainees scored at low levels of personal multicultural experience, high levels of academic multicultural experience, moderate levels of self-perceived multicultural counseling competence, and high levels of observed multicultural counseling competence. The findings showed no significant relationships between personal and academic multicultural experience and self-perceived and observed multicultural counseling competence. In conclusion, the findings imply that there are practices of experiential pedagogy in delivering multicultural counseling courses in counselor education programs. However, more research is needed to identify the underlying variables, such as counseling self-efficacy or selfintrospectiveness, which may link the study variables, as this will serve as the most critical aspect in sustaining the counselor trainees' multicultural counseling competencies.",wos,llm,1.000,unreviewed,,doi:10.21833/ijaas.2023.10.021
discarded,Experimental and machine learning study on a novel high-performance hybrid steel-grout connector for cross-laminated timber panels under pre-yield cyclic loads,"Feujofack, K. Bleriot V.; Loss, Cristiano",2024,ENGINEERING STRUCTURES,10.1016/j.engstruct.2024.117530,https://www.webofscience.com/wos/woscc/full-record/WOS:001166633300001,off-topic-false-hit,"This work presents the results from quasi-static cyclic tests on a novel hybrid steel-grout connector for crosslaminated timber (CLT) panels. These test series are part of an experimental, analytical, and numerical research program to develop reliable and resilient connections for hybrid CLT mass timber structural assemblies. Each designated connector arrangement's cyclic loading step path has been anchored to the yield point; this latter was obtained as the average of the seven replicates of monotonic tests. From the cyclic test results, mechanical characteristics, namely, the secant stiffness and the residual slip, have been evaluated and discussed. Furthermore, machine learning (ML) models based on deep neural networks have been developed to predict the mechanical characteristics of connectors in the function of the mechanical and geometrical properties of each material used. The developed ML models proved to be able to predict the connector's stiffness and residual slip and were used to infer the effects of experimental variables on these performance parameters. It was shown that the steel rod and grout diameters are the most influencing parameters regarding the secant stiffness of connectors. As for the residual slip, it was found that the grout diameter and the steel rod strength class are the most influencing parameters. Furthermore, it was observed that a grout-to-rod diameter ratio of about 3.6 enables maximization of the secant stiffness while minimizing the residual slip. Lastly, polynomial equations were developed and found to be able to predict the secant stiffness and residual slip of connectors with a coefficient of determination of 0.99 and 0.98, respectively.",wos,llm,1.000,unreviewed,,doi:10.1016/j.engstruct.2024.117530
discarded,IFC-Based Algorithms for Automated Quantity Takeoff from Architectural Model: Case Study on Residential Development Project,"Akanbi, Temitope; Zhang, Jiansong",2023,JOURNAL OF ARCHITECTURAL ENGINEERING,10.1061/JAEIED.AEENG-1447,https://www.webofscience.com/wos/woscc/full-record/WOS:001083851900001,off-topic-false-hit,"The estimation of construction quantities is a critical aspect of any construction project, and accuracy in the quantity takeoff (QTO) process is an integral part in achieving project success. Accuracy can be improved by automating the QTO process. However, one of the gaps in automated QTO is found to be the lack of a platform-ignorant computing algorithm regarding different building information modeling (BIM) authoring tools. Available BIM-based commercial cost estimation software programs such as Autodesk Naviswork, Autodesk QTO, iTWO CostX, Innovaya Visual QTO, ConstrucSim, and so forth, are limited in terms of full automation, largely because full interoperability across all the different applications has not yet been achieved. This paper explores interoperable QTO algorithms using industry foundation classes (IFC)-based BIM. To evaluate the IFC-based QTO algorithms, a case study was conducted on a residential development project in Kalamazoo, MI. Comparing with commercial software used in practice, the IFC-based QTO algorithms showed consistent results, whereas were more powerful regarding their independence from BIM authoring tools in extracting the volumetric and areal quantities of building components. The IFC-based QTO algorithms processed the different types of building element configurations in the residential development project smoothly. Furthermore, the QTO algorithms are expected to reduce the manual input required in generating QTO through interfacing with IFC data which is the ISO international standard for BIM.",wos,llm,1.000,unreviewed,,doi:10.1061/jaeied.aeeng-1447
