status,title,authors,year,venue,doi,url,tags,abstract,provider,decision_source,llm_confidence,llm_review_outcome,llm_change_direction
discarded,Shifting the Blame : On Delegation and Responsibility,"Bartling, Björn; Fischbacher, Urs",2012,KOPS (University of Konstanz),10.1093/restud/rdr023,https://openalex.org/W3124967486,off-topic-false-hit; behavioral-economics-delegation,"To fully understand the motives for delegating a decision right, it is important to study responsibility attributions for outcomes of delegated decisions. We conducted laboratory experiments in which subjects could either choose a fair allocation or an unfair allocation or delegate the choice, and we used a punishment option to elicit responsibility attributions. Our results show that, first, responsibility attribution can be effectively shifted and, second, this can constitute a strong motive for the delegation of a decision right. Moreover, we propose a simple measure of responsibility and show that this measure outperforms measures based on inequity aversion or reciprocity in predicting punishment behaviour.",openalex,llm,1.000,unreviewed,
discarded,"The Limits of Delegation: Veto Players, Central Bank Independence, and the Credibility of Monetary Policy",Philip Keefer; David Stasavage,2003,American Political Science Review,10.1017/s0003055403000777,https://openalex.org/W2132773002,off-topic-false-hit; political-delegation,"Governments unable to make credible promises hinder economic development and effective policymaking. Scholars have focused considerable attention on checks and balances and the delegation of authority to independent agencies as institutional solutions to this problem. The political conditions under which these institutions enhance credibility, rather than policy stability, are still unclear, however. We show that checks—multiple veto players—enhance credibility, depending on the extent of uncertainty about the location of the status quo, on how agenda control is allocated among the veto players, and on whether veto players have delegated policymaking authority to independent agencies. In the context of monetary policy and independent central banks, we find evidence supporting the following predictions: Delegation is more likely to enhance credibility and political replacements of central bank governors are less likely in the presence of multiple political veto players; this effect increases with the polarization of veto players.We have benefited from the generous advice of many people, including Alberto Alesina, Tim Besley, Georgios Chortareas, Roberta Gatti, Simon Hug, Stephan Haggard, Witold Henisz, Aart Kraay, Francesca Recanatini, and Mary Shirley, and from comments of seminar participants at DELTA (Paris), George Mason, and Oxford. Three anonymous referees and the editor were especially helpful. This paper's findings, interpretations, and conclusions are entirely those of the authors and do not necessarily represent the views of The World Bank, its executive directors, or the countries they represent.",openalex,llm,1.000,unreviewed,
discarded,Two Logics of Indirect Governance: Delegation and Orchestration,Kenneth W. Abbott; Philipp Genschel; Duncan Snidal; Bernhard Zangl,2015,British Journal of Political Science,10.1017/s0007123414000593,https://openalex.org/W3121337987,off-topic-false-hit; governance-delegation,"This article introduces the concept of orchestration as the mobilization of an intermediary by an orchestrator on a voluntary basis in pursuit of a joint governance goal. Orchestrator-Intermediary theory then provides a model of indirect governance that supplements delegation models premised on principal-agent theory. Under both theories, governors enhance their governance capacity by drawing on the capabilities of third parties. Whereas delegation is premised on hard ‘contractual’ control over the agent, however, orchestration relies on the soft control of like-minded intermediaries through material and ideational support. The two models overlap, and governors mix them in practice, but distinguishing between them analytically can broaden and deepen analysis of indirect forms of governance. This article discusses the circumstances under which each model provides a better fit for real-world problems, as well as the key limitations of each model. Among other things, orchestration is relatively more likely in democratic than authoritarian systems, when governors have limited direct capacities of their own and when veto players are more numerous. Orchestration is not always more desirable than delegation, but it provides an important alternative in some circumstances. Multiple examples from both domestic and international settings are used to illustrate this claim. The article closes with key considerations regarding the effectiveness and legitimacy of orchestration.",openalex,llm,1.000,unreviewed,
discarded,Network Governance and Multi-level Delegation: European Networks of Regulatory Agencies,David Coen; Mark Thatcher,2007,Journal of Public Policy,10.1017/s0143814x08000779,https://openalex.org/W2030329605,off-topic-false-hit; regulatory-delegation,"ABSTRACT European networks of regulators in industries such as telecommunications, securities, energy and transport have been cited as important examples of the growth of network governance in Europe. Using a principal-agent perspective as a starting point, the article examines why a double delegation to networks of regulators has taken place. It looks at how and why the European Commission, national governments and independent regulatory agencies have driven the creation of networks, their institutional character and their implications for regulatory governance in Europe. It argues that problems of co-ordination were the main factor advanced to justify establishing networks of regulators. The new networks have been given a wide range of tasks and broad membership, but enjoy few formal powers or resources. They are highly dependent on the European Commission and face rivals for the task of co-ordinating European regulators. Thus in institutional terms the spread of network governance has in fact been limited.",openalex,llm,1.000,unreviewed,
discarded,The Position of the United States Delegation to the ISO Working Group 6 on the Use of HIC in the Automotive Environment,Priya Prasad; Harold J. Mertz,1985,SAE technical papers on CD-ROM/SAE technical paper series,10.4271/851246,https://openalex.org/W2255057923,off-topic-false-hit; delegation-automotive,"A review and analysis of existing cadaver head impact data has been conducted in this paper. The association of the Head Injury Criterion with experimental cadaver skull fracture and brain damage has been investigated, and risk curves of HIC versus skull fracture and brain damage have been developed. Limitation of the search for the maximum HIC duration to 15ms has been recommended for the proper use of HIC in the automotive crash environment.",openalex,llm,1.000,unreviewed,
discarded,Delegation-based authentication and authorization for the IP-based Internet of Things,René Hummen; Hossein Shafagh; Shahid Raza; Thiemo Voig; Klaus Wehrle,2014,,10.1109/sahcn.2014.6990364,https://openalex.org/W2019682598,off-topic-false-hit; iot-security-delegation,"IP technology for resource-constrained devices enables transparent end-to-end connections between a vast variety of devices and services in the Internet of Things (IoT). To protect these connections, several variants of traditional IP security protocols have recently been proposed for standardization, most notably the DTLS protocol. In this paper, we identify significant resource requirements for the DTLS handshake when employing public-key cryptography for peer authentication and key agreement purposes. These overheads particularly hamper secure communication for memory-constrained devices. To alleviate these limitations, we propose a delegation architecture that offloads the expensive DTLS connection establishment to a delegation server. By handing over the established security context to the constrained device, our delegation architecture significantly reduces the resource requirements of DTLS-protected communication for constrained devices. Additionally, our delegation architecture naturally provides authorization functionality when leveraging the central role of the delegation server in the initial connection establishment. Hence, in this paper, we present a comprehensive, yet compact solution for authentication, authorization, and secure data transmission in the IP-based IoT. The evaluation results show that compared to a public-key-based DTLS handshake our delegation architecture reduces the memory overhead by 64 %, computations by 97 %, network transmissions by 68 %.",openalex,llm,1.000,unreviewed,
discarded,Identity-Based Encryption with Outsourced Revocation in Cloud Computing,Jin Li; Jingwei Li; Xiaofeng Chen; Chunfu Jia; Wenjing Lou,2013,IEEE Transactions on Computers,10.1109/tc.2013.208,https://openalex.org/W2091291608,off-topic-false-hit; cryptography,"Identity-Based Encryption (IBE) which simplifies the public key and certificate management at Public Key Infrastructure (PKI) is an important alternative to public key encryption. However, one of the main efficiency drawbacks of IBE is the overhead computation at Private Key Generator (PKG) during user revocation. Efficient revocation has been well studied in traditional PKI setting, but the cumbersome management of certificates is precisely the burden that IBE strives to alleviate. In this paper, aiming at tackling the critical issue of identity revocation, we introduce outsourcing computation into IBE for the first time and propose a revocable IBE scheme in the server-aided setting. Our scheme offloads most of the key generation related operations during key-issuing and key-update processes to a Key Update Cloud Service Provider, leaving only a constant number of simple operations for PKG and users to perform locally. This goal is achieved by utilizing a novel collusion-resistant technique: we employ a hybrid private key for each user, in which an AND gate is involved to connect and bound the identity component and the time component. Furthermore, we propose another construction which is provable secure under the recently formulized Refereed Delegation of Computation model. Finally, we provide extensive experimental results to demonstrate the efficiency of our proposed construction.",openalex,llm,1.000,unreviewed,
discarded,Secure Proxy Signature Schemes for Delegation of Signing Rights,Alexandra Boldyreva; Adriana Palacio; Bogdan Warinschi,2010,Journal of Cryptology,10.1007/s00145-010-9082-x,https://openalex.org/W1976385711,off-topic-false-hit; proxy-signature,,openalex,llm,1.000,unreviewed,
discarded,Network management by delegation,G. Goldszmidt; Yechiam Yemini; Shaula Yemini,2010,,10.1145/1925805.1925810,https://openalex.org/W2174850086,off-topic-false-hit; network-management-delegation,"Network management systems built on a client/server model centralize responsibilities in client manager processes, with server agents playing restrictive support roles. As a result, managers must micro-manage agents through primitive steps, resulting in ineffective distribution of management responsibilities, failure-prone management bottlenecks, and limitations for real time responsiveness. We present a more flexible paradigm, the Manager-Agent Delegation (MAD) framework. It supports the ability to extend the functionality of servers (agents) at execution time, allowing flexible distribution of management responsibilities in a distributed environment. MAD can store and instantiate delegated scripts, and provides a concurrent runtime environment, where they can execute asynchronously without requiring the manager's intervention. A delegation protocol allows a manager to transfer programs, create process instances, and control their execution. We describe the delegation model, its application to network management, and the design of a prototype implementation.",openalex,llm,1.000,unreviewed,
discarded,Strategic Communication with Lying Costs,Navin Kartik,2009,The Review of Economic Studies,10.1111/j.1467-937x.2009.00559.x,https://openalex.org/W1993081922,off-topic-false-hit; economic-delegation,"I study a model of strategic communication between an uninformed Receiver and an informed but upwardly biased Sender. The Sender bears a cost of lying, or more broadly, of misrepresenting his private information. The main results show that inflated language naturally arises in this environment, where the Sender (almost) always claims to be of a higher type than he would with complete information. Regardless of the intensity of lying cost, there is incomplete separation, with some pooling on the highest messages. The degree of language inflation and how much information is revealed depend upon the intensity of lying cost. The analysis delivers a framework to span a class of cheap-talk and verifiable disclosure games, unifying the polar predictions they make under large conflicts of interest. I use the model to discuss how the degree of manipulability of information can affect the trade-off between delegation and communication.",openalex,llm,1.000,unreviewed,
discarded,De facto independence after delegation: A fuzzy‐set analysis,Martino Maggetti,2007,Regulation & Governance,10.1111/j.1748-5991.2007.00023.x,https://openalex.org/W2035088645,off-topic-false-hit; regulatory-delegation,"Abstract The phenomenon of delegating public authority from elected politicians (or ministries headed by elected politicians) to formally independent regulatory agencies (RAs) is becoming increasingly widespread. This paper examines the relation between formal independence, as prescribed in the constitutions of agencies, and de facto independence. Toward this end, it conceptualizes and assesses de facto independence of RAs, and discusses organizational, institutional, and political explanations for divergence from formal independence. The complex relations between de facto and formal independence are examined with a cross‐national, cross‐sectoral comparison of 16 Western European RAs using fuzzy‐set analysis. The results show that formal independence is neither a necessary nor a sufficient condition for explaining variations in the de facto independence of agencies. Other factors, such as the lifecycle of agencies, veto players, and European networks of agencies, have a decisive impact.",openalex,llm,1.000,unreviewed,
discarded,Conditional proxy re-encryption secure against chosen-ciphertext attack,Jian Weng; Robert H. Deng; Xuhua Ding; Cheng‐Kang Chu; Junzuo Lai,2009,,10.1145/1533057.1533100,https://openalex.org/W2050109441,off-topic-false-hit; proxy-re-encryption,"In a proxy re-encryption (PRE) system [4], a proxy, authorized by Alice, can convert a ciphertext for Alice into a ciphertext for Bob without seeing the underlying plaintext. PRE has found many practical applications requiring delegation. However, it is inadequate to handle scenarios where a fine-grained delegation is demanded. To overcome the limitation of existing PRE systems, we introduce the notion of conditional proxy re-encryption (C-PRE), whereby only ci-phertext satisfying a specific condition set by Alice can be transformed by the proxy and then decrypted by Bob. We formalize its security model and propose an efficient C-PRE scheme, whose chosen-ciphertext security is proven under the 3-quotient bilinear Diffie-Hellman assumption. We further extend the construction to allow multiple conditions with a slightly higher overhead.",openalex,llm,1.000,unreviewed,
discarded,The Organization of Supplier Networks: Effects of Delegation and Intermediation,Dilip Mookherjee; Masatoshi Tsumagari,2004,Econometrica,10.1111/j.1468-0262.2004.00529.x,https://openalex.org/W2067137993,off-topic-false-hit; supplier-networks-delegation,"In a one principal two-agent model with adverse selection and collusion among agents, we show that delegating to one agent the right to subcontract with the other agent always earns lower profit for the principal compared with centralized contracting. Delegation to an intermediary is also not in the principal’s interest if the agents supply substitutes. It can be beneficial if the agents produce complements and the intermediary is well informed. Earlier versions of this paper have previously been circulated under different",openalex,llm,1.000,unreviewed,
discarded,Art and Criticism: Must Understanding Be Interpretive?,Didier Maleuvre; Richard Shusterman,2001,SubStance,10.2307/3685765,https://openalex.org/W4205214717,off-topic-false-hit; art-criticism,"It has become--ironically--traditional to say that modernity hates tradition. Richard Shusterman joins an illustrious delegation of artists and philosophers (including Schelling, Nietzsche, Valéry, the Avant-Garde, the Futurists, Dewey, Heidegger, Merleau-Ponty) who want to break art away from the museum and the academy. Among these fellow art liberators, Shusterman focuses especially on the great American philosopher John Dewey, who lodged perhaps the most thoroughgoing philosophical objection to the cultural intellectualization of art. The first chapters of Pragmatist Aesthetics are a presentation of Dewey's socially integrated, holistic understanding of art. Against the abstract, cliquish consignment of art to the lofty reaches of both society and the intellect, Dewey advocates the unification of art and experience. In a rhetoric that puts one in mind of turn-of-the-century beachside gymnastics in baggy shorts, Dewey wants to recover the lost connection between aesthetic experience and our physical self. Art, he claims, appeals not just to the culturally refined intellect but to the whole spectrum of sensual and social life. It speaks to our living, breathing, moving, time- and space-bound persons and thus enhances our total perception of life. Aesthetics in Deweyan terms is the study of the manifold ways in which we can find pleasure in awareness of our receptive and perceptive nature. Against the internalist, Romantic idea that holds the work of art to be the spiritualization of matter, Dewey defends the notion of a work of art that is the full-blooded embodiment of an idea vibrant with the taste and touch of concrete experience. It is the product of an integrated experience of the living organism and its environment, a transcript of the artist's total immersion in the perceived world. A paradox of Shusterman's presentation, however, is that, like Dewey, it remains paradoxically abstract about the specifics of the artwork's organic holism. We understand that a work of art resonates with the physical experiences, the materials, cultural prejudices, politics, and realities of everyday life that went into making it. We need only compare a Fra Angelico mural with, say, a Turner, to feel ourselves immersed in two [End Page 120] different forms of human experience: the former speaks of a stratified life lit by objective truths that mete out to everything and everyone their place; the latter speaks of an intensely personal vision, of boundless uncertainty, of an odd hybrid of solipsism and panpsychism that proclaims the privatization of consciousness and the decline of socially objective laws--in short, the freedom-shouting bedlam of modern life. Art's inclusion in historical life is, at any rate, undeniable.",openalex,llm,1.000,unreviewed,
discarded,The role of critiquing in cooperative problem solving,Gerhard Fischer; Andreas Lemke; Thomas W. Mastaglio; A. Morch,1991,ACM Transactions on Information Systems,10.1145/123078.128727,https://openalex.org/W2165604170,off-topic-false-hit; critiquing-systems,"problem-solving systems help users design solutions themselves as opposed to having solutions designed for them, Critiquing-presenting a reasoned opinion about a user's product or action-is a major activity of a cooperative problem-solving system. Critics make the constructed artifact ""talk back"" to the user. Conditions under which critics are more appropriate than autonomous expert systems are discussed. Critics should be embedded in integrated design environments along with other components, such as an argumentative hypertext system, a specification component, and a catalog. Critics support learning as a by-product of problem solving. The major subprocesses of critiquing are goal acquisition, product analysis, critiquing strategies, adaptation capability, explanation and argumentation, and advisory capability. The generality of the critiquing approach is demonstrated by discussing critiquing systems developed in our group and elsewhere. Limitations of many current critics include their inability to learn about specific user goals and their intervention strategies.",openalex,llm,0.990,unreviewed,
