status,title,authors,year,venue,doi,url,tags,abstract,provider,decision_source,llm_confidence,llm_review_outcome,llm_change_direction
discarded,Understanding object-oriented: a unifying paradigm,Tim Korson; John D. McGregor,1990,Communications of the ACM,10.1145/83880.84459,https://openalex.org/W2056287941,adjacent-subtopic; oop-overview,"The need to develop and maintain large complex software systems in a competitive and dynamic environment has driven interest in new approaches to software design and development. The problems with the classical waterfall model have been cataloged in almost every software engineering text [19,23]. In response, alternative models such as the spiral [2], and fountain [9] have been proposed. Problems with traditional development using the classical life cycle include no iteration, no emphasis on reuse, and no unifying model to integrate the phases. The difference in point of view between following data flows in structured analysis and building hierarchies of tasks in structured design has always been a major problem [4]. Each system is built from scratch and maintenance costs account for a notoriously large share of total system costs. The object-oriented paradigm addresses each of these issues. A look at the object-oriented software life cycle, as described by Meyer [5], Coad and Yourdon [4], and Henderson-Sellers and Edwards [9], identifies the three traditional activities of analysis, design, and implementation. However, each of the referenced descriptions eliminates the distinct boundaries between the phases. The primary reason for this blurring of boundaries is that the items of interest in each phase are the same: objects. Objects and the relationships between objects are identified in both the analysis and design phases. Objects and relationships identified and documented in the analysis phase serve not only as input to the design phase, but as an initial layer in the design. This continuity provides for a much more seamless interface between the phases. Analysts, designers and programmers are working with a common set of items upon which to build. A second reason for the blurring of these boundaries is that the object-oriented development process is iterative. Henderson-Sellers and Edwards further refine this idea by replacing the waterfall model of software development with a fountain model. Development reaches a high level only to fall back to a previous level to begin the climb once again. As an example of the blurring of the traditional boundaries of the life cycle phases, Coad and Yourdon recommend that classification relationships between objects be captured and documented during the object-oriented analysis (OOA) phase. This classification will be directly reflected in the class inheritance structure developed in the design and in the code. This classification is in no way required in order to document the system requirements. In other words, Coad and Yourdon are recommending a traditional design activity in the analysis phase. The blurring of the traditional design and implementation phases has been fueled by the development of encapsulation and abstraction mechanisms in object-oriented and object-based languages. For example, Meyer claims [14] that Eiffel is both a design and an implementation language. He goes on to say that software design is sometimes mistakenly viewed as an activity totally secluded from actual implementation. From his point of view, much is to be gained from an approach that integrates both activities within the same conceptual framework. The object-oriented design paradigm is the next logical step in a progression that has led from a purely procedural approach to an object-based approach and now to the object-oriented approach. The progression has resulted from a gradual shift in point of view in the development process. The procedural design paradigm utilizes functional decomposition to specify the tasks to be completed in order to solve a problem. The object-based approach, typified by the techniques of Yourdon, Jackson and Booth, gives more attention to data specifications than the procedural approach but still utilizes functional decomposition to develop the architecture of a system. The object-oriented approach goes beyond the object-based technique in the emphasis given to data by utilizing the relationships between objects as a fundamental part of the system architecture. The goal in designing individual software components is to represent a concept in what will eventually be an executable form. The Abstract Data Type (ADT) is the object-based paradigm's technique for capturing this conceptual information. The class is the object-oriented paradigm's conceptual modeling tool. The design pieces resulting from the object-oriented design technique represent a tighter coupling of data and functionality than traditional ADTs. These artifacts of the design process used in conjunction with a modeling-based decomposition approach yield a paradigm, a technique, which is very natural and flexible. It is natural in the sense that the design pieces are closely identified with the real-world concepts which they model. It is flexible in the sense of quickly adapting to changes in the problem specifications. Object-oriented remains a term which is interpreted differently by different people. Before presenting an overview of a set of techniques for the design process, we will give our perspective so the reader may judge the techniques in terms of those definitions. Briefly, we adapt Wegner's [27] definition for object-oriented languages to object-oriented design. The pieces of the design are objects which are grouped into classes for specification purposes. In addition to traditional dependencies between data elements, an inheritance relation between classes is used to express specializations and generalizations of the concepts represented by the classes. As natural and flexible as the object-oriented technique is, it is still possible to produce a bad design when using it. We will consider a number of general design criteria and will discuss how the object-oriented approach assists the designer in meeting these criteria. We will refer to a number of design guidelines developed specifically for the object-oriented design paradigm and will discuss how these properties reinforce the concepts of good design. The paradigm sprang from language, has matured into design, and has recently moved into analysis. The blurring of boundaries between these phases has led us to include topics in this article that are outside the realm of design, but which we consider important to understanding the design process. Since the paradigm sprang from language, we define the concepts basic to object-oriented programming in the following section.",openalex,llm,0.960,unreviewed,
discarded,Empirical Study of Object-Oriented Metrics.,K.K. Aggarwal; Yogesh Singh; Arvinder Kaur; Ruchika Malhotra,2006,The Journal of Object Technology,10.5381/jot.2006.5.8.a5,https://openalex.org/W2157051058,adjacent-subtopic; metrics-empirical-study,"The increasing importance of software measurement has led to development of new software measures. Many metrics have been proposed related to various constructs like class, coupling, cohesion, inheritance, information hiding and polymorphism. But there is a little understanding of the empirical hypotheses and application of many of these measures. It is often difficult to determine which metric is more useful in which area. As a consequence, it is very difficult for project managers and practitioners to select measures for object-oriented systems. In this paper we investigate 22 metrics proposed by various researchers. The metrics are first defined and then explained using practical applications. They are applied on standard projects on the basis of which descriptive statistics, principal component analysis and correlation analysis is presented. Finally, a review of the empirical study concerning chosen metrics and subset of these measures that provide sufficient information is given and metrics providing overlapping information are excluded from the set.",openalex,llm,0.950,unreviewed,
discarded,Toward a method of object-oriented concurrent programming,Denis Caromel,1993,Communications of the ACM,10.1145/162685.162711,https://openalex.org/W2078862062,adjacent-subtopic; concurrent-oop-methodology,"PROGRAMMING hile there have been many attempts to provide objectoriented languages with a model of concurrency, few have dealt with reusability and methodology. Here we propose a concurrent model that takes into account such important concerns. Concept unifications are a necessity, and underlie the need to make object-oriented programming adaptable to concurrency. The model characteristics, especially reusability, permit definition of a concurrent object-oriented design method. The model, which makes extensive use of objectoriented techniques such as inheritance and polymorphism, is presented followed by development of the concurrent programming method. A real-time example of an automotive cruise control system illustrates and exercises the method.",openalex,llm,0.920,unreviewed,
discarded,Object-Oriented Software Engineering: Measuring And Controlling The Development Process,Fernando Brito e Abreu; Rogério Carapuça,1994,,10.5281/zenodo.1217608,https://openalex.org/W74649515,adjacent-subtopic; metrics-process-control,"Although the benefits of Object-Orientation are manifold and it is, for certain, one of the mainstays for software production in the future, it will only achieve widespread practical acceptance when the management aspects of the software development process using this technology are carefully addressed. Here, software metrics play an important role allowing, among other things, better planning, the assessment of improvements, the reduction of unpredictability, early identification of potential problems and productivity evaluation. This paper proposes a set of metrics suitable for evaluating the use of the main abstractions of the Object-Oriented paradigm such as inheritance, encapsulation, information hiding or polymorphism and the consequent emphasis on reuse that, together, are believed to be responsible for the increase in software quality and development productivity. Those metrics are aimed at helping to establish comparisons throughout the practitioners’ community and setting design recommendations that may eventually become organization standards. Some desirable properties for such a metrics set are also presented. Future lines of research are envisaged.",openalex,llm,0.930,unreviewed,
discarded,Power-Laws in a Large Object-Oriented Software System,Giulio Concas; Michele Marchesi; Sandro Pinna; Nicola Serra,2007,IEEE Transactions on Software Engineering,10.1109/tse.2007.1019,https://openalex.org/W1970656444,adjacent-subtopic; large-system-properties,"We present a comprehensive study of an implementation of the Smalltalk object oriented system, one of the first and purest object-oriented programming environment, searching for scaling laws in its properties. We study ten system properties, including the distributions of variable and method names, inheritance hierarchies, class and method sizes, system architecture graph. We systematically found Pareto - or sometimes log-normal - distributions in these properties. This denotes that the programming activity, even when modeled from a statistical perspective, can in no way be simply modeled as a random addition of independent increments with finite variance, but exhibits strong organic dependencies on what has been already developed. We compare our results with similar ones obtained for large Java systems, reported in the literature or computed by ourselves for those properties never studied before, showing that the behavior found is similar in all studied object oriented systems. We show how the Yule process is able to stochastically model the generation of several of the power-laws found, identifying the process parameters and comparing theoretical and empirical tail indexes. Lastly, we discuss how the distributions found are related to existing object-oriented metrics, like Chidamber and Kemerer's, and how they could provide a starting point for measuring the quality of a whole system, versus that of single classes. In fact, the usual evaluation of systems based on mean and standard deviation of metrics can be misleading. It is more interesting to measure differences in the shape and coefficients of the data?s statistical distributions.",openalex,llm,0.930,unreviewed,
discarded,On the notion of inheritance,Antero Taivalsaari,1996,ACM Computing Surveys,10.1145/243439.243441,https://openalex.org/W2170352783,adjacent-subtopic; inheritance-survey,"One of the most intriguing—and at the same time most problematic—notions in object-oriented programing is inheritance . Inheritance is commonly regarded as the feature that distinguishes object-oriented programming from other modern programming paradigms, but researchers rarely agree on its meaning and usage. Yet inheritance of often hailed as a solution to many problems hampering software development, and many of the alleged benefits of object-oriented programming, such as improved conceptual modeling and reusability, are largely credited to it. This article aims at a comprehensive understanding of inheritance, examining its usage, surveying its varieties, and presenting a simple taxonomy of mechanisms that can be seen as underlying different inheritance models.",openalex,llm,0.840,unreviewed,
discarded,Relations as semantic constructs in an object-oriented language,James Rumbaugh,1987,,10.1145/38765.38850,https://openalex.org/W2107145247,adjacent-subtopic; relations-in-language-design,"The relation as a semantic construct in an object-oriented language clearly expresses associations and constraints among objects which would otherwise be buried in implementation code. The externalization of references between objects permits a symmetric, non-redundant conceptual model which merits its own special notation and predefined operations. The object-relation model, which combines the object-oriented model with the entity-relationship model from data base theory, is particularly useful for designing and partitioning systems of interrelated objects. Relations can be implemented efficiently using hash tables. The model proposed here has been fully implemented in an object-oriented language written by the author which has been used to implement several production applications.",openalex,llm,0.950,unreviewed,
discarded,A research typology for object-oriented analysis and design,David E. Monarchi; Gretchen I. Puhr,1992,Communications of the ACM,10.1145/130994.130995,https://openalex.org/W1571717828,adjacent-subtopic; ooad-research-typology,"Typology for Object-Oriented Analysis and Design his article evaluates current research on object-oriented analysis and design (OOAD). Critical components in OOAD are identified and various OOAD techniques (i.e., processes or methods) and representations are compared based on these components. Strong and weak areas in OOAD are identified and areas for future research are discussed in this article.",openalex,llm,0.950,unreviewed,
discarded,Type theories and object-oriented programmimg,Scott Danforth; C. Tomlinson,1988,ACM Computing Surveys,10.1145/62058.62060,https://openalex.org/W2041042883,adjacent-subtopic; type-theory,"Object-oriented programming is becoming a popular approach to the construction of complex software systems. Benefits of object orientation include support for modular design, code sharing, and extensibility. In order to make the most of these advantages, a type theory for objects and their interactions should be developed to aid checking and controlled derivation of programs and to support early binding of code bodies for efficiency. As a step in this direction, this paper surveys a number of existing type theories and examines the manner and extent to which these theories are able to represent the ideas found in object-oriented programming. Of primary interest are the models provided by type theories for abstract data types and inheritance, and the major portion of this paper is devoted to these topics. Code fragments illustrative of the various approaches are provided and discussed. The introduction provides an overview of object-oriented programming and types in programming languages; the summary provides a comparative evaluation of the reviewed typing systems, along with suggestions for future work.",openalex,llm,0.980,unreviewed,
discarded,Incremental testing of object-oriented class structures,Mary Jean Harrold; John D. McGregor; Kevin J. Fitzpatrick,1992,,10.1145/143062.143093,https://openalex.org/W2164722319,adjacent-subtopic; testing-inheritance-hierarchies,"there is much interest in creating libraries of well-designed, thoroughly-tested classes that can be confidently reused for many applications, few class testing techniques have been developed. In this paper, we present a class testing technique that exploits the hierarchical nature of the inheritance relation to test related groups of classes by reusing the testing information for a parent class to guide the testing of a subclass. We initially test base classes having no parents by designing a test sui~e that tests each member fmction individually and also tests the interactions among member functions.",openalex,llm,0.910,unreviewed,
discarded,Class modification in the GemStone object-oriented DBMS,D. Jason Penney; Jacob Stein,1987,,10.1145/38765.38817,https://openalex.org/W1982731949,adjacent-subtopic; object-database-class-modification,"We are currently designing a class modification methodology for GemStone. We describe the current status of the design. We choose from two basic approaches and then introduce those aspects of GemStone necessary for an understanding of the paper. After defining a set of invariants for GemStone databases, we discuss specific class modification operations in terms of maintaining these invariants. We next discuss several issues that impact class modification. These issues include concurrency and authorization, and lead to difficult choices.",openalex,llm,0.970,unreviewed,
discarded,A comprehensive empirical validation of design measures for object-oriented systems,Lionel Briand; Jeanette M. Daly; V. Porter; Jürgen Wüst,1998,,10.1109/metric.1998.731251,https://openalex.org/W1698413860,adjacent-subtopic; fault-proneness-metrics,"This paper aims at empirically exploring the relationships between existing object-oriented coupling, cohesion, and inheritance measures and the probability of fault detection in system classes during testing. The underlying goal of such a study is to better understand the relationship between existing design measurement in OO systems and the quality of the software developed. Results show that many of the measures capture similar dimensions in the data set, thus reflecting the fact that many of them are based on similar principles and hypotheses. Besides the size of classes, the frequency of method invocations and the depth of inheritance hierarchies seem to be the main driving factors of fault-proneness.",openalex,llm,0.910,unreviewed,
discarded,CommonLoops: merging Lisp and object-oriented programming,Daniel G. Bobrow; Ken Kahn; Gregor Kiczales; Larry Masinter; Mark Stefik; Frank Zdybel,1986,ACM SIGPLAN Notices,10.1145/960112.28700,https://openalex.org/W2095219277,adjacent-subtopic; language-design; commonloops,"CommonLoops blends object-oriented programming smoothly and tightly with the procedure-oriented design of Lisp. Functions and methods are combined in a more general abstraction. Message passing is invoked via normal Lisp function call. Methods are viewed as partial descriptions of procedures. Lisp data types are integrated with object classes. With these integrations, it is easy to incrementally move a program between the procedure and object-oriented styles. One of the most important properties of CommonLoops is its extensive use of meta-objects. We discuss three kinds of meta-objects: objects for classes, objects for methods, and objects for discriminators. We argue that these meta-objects make practical both efficient implementation and experimentation with new ideas for object-oriented programming. CommonLoops' small kernel is powerful enough to implement the major object-oriented systems in use today.",openalex,llm,0.950,unreviewed,
discarded,Subject-oriented programming,William Harrison; Harold Ossher,1993,,10.1145/165854.165932,https://openalex.org/W2094282293,adjacent-subtopic; subject-oriented-programming,"Object-Oriented technology is often described in terms of an interwoven troika of themes: encapsulation, polymorphism, and inheritance. But these themes are firmly tied with the concept of identity. If object-oriented technology is to be successfully scaled from the development of independent applications to development of integrated suites of applications, it must relax its emphasis on the objecf. The technology must recognize more directly that a multiplicity of subjective views delocalizes the concept of object, and must emphasize more the binding concept of identity to tie them together. This paper explores this shift to a style of objectoriented technology that emphasizes the subjective views: Subject-",openalex,llm,0.930,unreviewed,
