status,title,authors,year,venue,doi,url,tags,abstract,provider,decision_source,llm_confidence,llm_review_outcome,llm_change_direction,paper_id
These participants may well be aware that their actions contribute to the processes that produce the outcomes, but for many it is not possible to trace the specific causal relation between their particular actions and some particular part of the outcome. This emphasis on structure, Young argues, turns our attention to 'how the institutions of a society work together to produce outcomes that support or minimize the threat of domination,' where these outcomes largely depend on the social positioning that conditions people's diverse life prospects. In later work, Young's emphasis turns more to the ways that practices that connect people to each other implicate them in these processes of social and structural reproduction. On her view, the connections in which people stand give rise to what she calls a 'forward looking' sense of political responsibility, and evoke the need to stand in solidarity with others. Leaving aside the difficult issue of responsibility, we can observe that focusing primarily on the amorphous practices of social life can lead us away from understanding the workings of contemporary political economy and its detrimental effects on those who lack the power to take any part in determining its direction. I have also criticized a view that would simply characterize everyone-whether workers or top executives-as implicated in these processes and practices, seeing these groups as distinguished only by degree. Rather, some have substantial control over the processes to which others are subjected. But for the purpose of the analysis here, we can take structural or systemic injustice to refer both to the operation of the formal political-economic institutions of capitalism (along with racism and patriarchy), and to the more informal practices and rules of social life, which also contribute to the production and reproduction of inequalities. How, then, are these structures and the injustices they produce connected to solidarity, as analyzed here? Without attempting a thorough account, we can observe that capitalist economic institutions have in fact disrupted earlier forms of solidarity, such as those characteristic of pre-capitalist political economies, marked by what Durkheim called mechanical solidarity. At the same time, new forms of solidarity have been created, e.g., through the division of labor (as described in Durkheim's term organic solidarity). In political contexts as well, older solidarities within local communities have tended to give way to national, or even transnational, forms. Yet, of greater relevance for us here are the ways in which political economic institutions, with the inequalities and forms of domination and exploitation they may generate, frame and motivate new solidarity movements to address these injustices. Recognizing how institutions and practices function in ways that assign differential power to various groups in society is essential if justice is to be constructed through solidaristic action. Even where solidarity actions aim only at relieving suffering and do not directly attempt to eliminate oppression or explanation, some understanding of the social and institutional context of those to be aided is needed if the solidarity actions are to be effective.

For example, efforts to address the aftermath of hurricanes and also to mitigate them going forward call for attention to the social conditions that lead impoverished or minority groups to be disproportionately affected by such natural events-by reason of where they live, or the ways they lack protection against excessive damage from these natural events. In such situations, empathy with the situation of others, and even specific action to assist them, however important they may be, are insufficient unless they are coupled with an understanding of the impacts of the structural features of political economy and the injustices to which the operations of these institutions give rise. This is even more evidently the case where solidarity movements aim directly at overcoming oppression and exploitation, e.g., ending sweatshop labor. In such cases, effective action must not only support workers individually or remedy their specific situation but requires a socially critical analysis of the prevailing context that gives rise to the exploitation in the first place, which may also provide indications of how to address it. We can grant that solidaristic practices, whether in healthcare or other contexts, may well have their own utility as an expression of our sociality and our enjoyment of acting in common, and in this sense solidarity can even be said to have some value apart from its functioning to help in constructing justice. But the argument here is that these practices can be truly effective in meeting their aims only if they go well beyond charity and also beyond practices that simply 'incur costs to assist others recognized as similar' (in the Prainsack/Buyx formulation). If they are to conduce toward justice, these solidarity practices and movements need to address the ways that social, economic, and political institutions systematically function to deny some groups of people the basic means of life, and give rise to pervasive inequalities in people's opportunities for self-development and for participating in processes of collective self-determination. This is the case most clearly for what I have called networking solidarities, but it can apply to solidarity within more unitary contexts like nation-states to the degree that the bonds involved (e.g., among citizens) are not merely pre-existing but affirmed and reinvented over time. Even more demandingly, at a normative level, we can say that solidaristic action needs to take seriously the requirement for deep social transformation in the direction of social, and indeed global, justice. In this way, as I have argued elsewhere, although solidarity remains particularistic in its orientation to specific problems and specific groups or individuals, it can keep in view the demands of universal human dignity. And solidarity movements can verify that their particular goals contribute (in however limited a way) to the broader goal of egalitarian social transformation. Thus, dispositions to empathy, deference, and mutual aid remain important components of solidaristic social action, but a critical analysis of the social context and concretely taking action oriented to alleviating structural injustices are needed as well. In addition, since the institutional context, with its given power relations, frames the various solidarity movements, sometimes the prevailing power formations are replicated within these movements themselves.

I suggest that this calls for groups and agents to be self-reflective about these effects of the structural context in which they function, and to be on guard about the dangers of their own possible complicity in its replication and perpetuation. An important proviso should be mentioned before returning to the case of healthcare and considering the impact of the notions of solidarity analyzed here. That is, although solidarity has here been related to justice, with the concomitant need to analyze and address the structural injustices that frame solidarity action, there is no implication that solidarity movements or other solidarity activities are sufficient for achieving the institutional changes that justice requires. For that, democratic legislation and various political and economic transformations are also needed. But solidarity, whether binding the members of a nation-state, or interpreted in newer networking forms, are one important way of constructing the conditions for these transformations, or even, in some cases of prefiguring more just relations within the social relations of solidarity themselves. There is no question that the new focus on solidarity holds considerable import for healthcare, as Prainsack and Buyx have effectively argued. But the issue for us is what further benefit would result from incorporating solidarity's connection to justice, holding in view the significance of countering structural or systemic injustices. Given the vast range and specifics of healthcare and the social and economic factors conducive to health, I will focus on only a few of the most obvious implications for the practice of healthcare and for the potentially solidaristic activities of practitioners. We can ask: what difference would it make if we take seriously the need to address the differential structural power of the individuals and groups involved in healthcare, whether as practitioners or those served by them? And what is the scope and nature of the solidarity thus required? I will suggest in this final section that understanding solidarity in relation to structural injustice can not only shed new light on the sorts of examples that Prainsack and Buyx consider, but also, more importantly perhaps, highlight an entirely different range of examples of healthcare solidarity from the ones those authors consider. It takes us beyond such cases as the readiness to assist others through participating in healthcare databases or biobanks to cases of active participation in social movements aimed at improving healthcare nationally or transnationally, or, more defensively, to protesting structural injustices that lead to the wrongful denial of healthcare or to deep inequalities in its allocation. An obvious case of structural injustice in healthcare is provided by the deficiencies evident in the U.S. health insurance system (or lack of a system). Europeans have long recognized the centrality of solidarity with fellow citizens needed to undergird a willingness to contribute through taxes to a universal healthcare system. The types of provision in fact vary considerably, from socialized medicine as in the UK to state-funded support for private insurance provision, as in the Netherlands, along with dual systems mixing public and private support. But the universality at which these systems aim reflects the recognition of people's shared vulnerabilities in matters of health, and even an understanding that healthcare is a human right required by justice.

There is also the acknowledgement that systematic or structural provision (or at least a guarantee) of healthcare is required in order to realize the universality at stake here. It is perhaps worth mentioning that despite their achievements, structural injustices do nonetheless persist in many of the European systems themselves. This is particularly the case where there are two tiers of provision such that private insurance is needed in order to gain superior care that (ideally at least) should be available to all. (Granted that in some European countries the public providers may actually be superior to private ones in some respects.) The lack of universal healthcare in the United States is evidently primarily due to the existence of structural injustice, rather than simply reflecting an absence of solidarity among compatriots. To state the obvious: the U.S. private insurance industry-and especially its leading large for-profit companies-is immensely powerful and, currently at least, enormously profitable. As part of the dominion of capitalist economic forms, these private firms also have inordinate influence over politics, as do the large drug companies. The activities of these companies exemplify the role of the 'power of money' that is widely prevalent in U.S. politics and society, which in turn circumscribes the possibilities for public policy and law. Corporate lobbying and campaign contributions from corporations and the wealthy notably undercut political equality in the United States and can also prevent attention to the basic tasks involved in meeting human needs in equitable ways. Beyond this, it can be argued that the systematic differences between people's starting positions, depending on their class and race, in large measure fall out of existing economic functioning, particularly given the resistance of the powerful to the redistributions that would be needed for genuinely equal opportunities. Moreover, these differential and deleterious starting positions conduce to worse health outcomes for children affected by them, and for many adults over the course of their lives. In view of this systemic injustice, the sort of solidarity needed, then, is not only an empathic identification with other citizens (or better, with all members of the political community, including non-citizens). Rather, for meaningful change, attention also needs to be paid to the structural barriers to equal and universal healthcare. Although improvements and reforms can probably be made even without fundamental changes in these background structural economic and political conditions, realizing the goal of genuinely equal treatment would require transforming those basic economic structures themselves. And this in turn calls for social movements aimed at these transformations. In the case of the United States, some healthcare workers in fact have taken the lead in solidarity actions to preserve the existing limited forms of health insurance against efforts to strip vulnerable people of their coverage altogether. This represents an example of a type of solidarity action in the service of justice. Needless to say, much more needs to be done to develop a fully critical solidarity movement of the sort required. Indeed, some healthcare worker groups-notably National Nurses United and Physicians for Universal Healthcare-have taken the lead in spearheading the movement for Medicare for All, going considerably beyond the efforts to prevent repeal of the Affordable Care Act.

They originally argued for a public option when that healthcare law was under development, and have gone on to organize healthcare consumers in various locales across the United States, including rural areas and those with large industries, to press for systemic changes in health insurance and in healthcare delivery, such as through establishing non-profit community health centers. In both domestic contexts and more global ones, connecting solidarity to structural injustice has been important for understanding and addressing the social and economic factors that greatly magnify the health impacts of natural disasters, e.g., of hurricanes or tsunamis or volcanic eruptions. Whereas solidarity with affected people has most often been episodic and motivated by empathy with them, attention to the structural factors that exacerbate the impact of these disasters on vulnerable populations expands the scope of what needs to be done in a forward-looking justice-oriented perspective. As suggested earlier, structural injustices that lead impoverished people to live in weak dwellings or in insecure geographical areas also expose them differentially to the health and other effects of weather or environmental catastrophes. Beyond the specific catastrophes, we can see that climate change itself has greater impacts on those groups as well, effects that will only increase over time. Cases that illustrate the ways that structural injustices intensify natural disasters (if not also contributing to causing them) are manifold, and the solidarity movements that have responded to these disasters are instructive for our purposes. A well known case is Hurricane Katrina in New Orleans in 2005, where African Americans made up 80% of the people in flooded low-lying communities, sometimes residing in inadequate housing like trailers, and without the means to escape the rising waters (especially due to low rates of car ownership). Not only did these minority communities bear the large part of the deaths and injuries from the hurricane, but also they experienced abiding health problems, e.g., those due to mold. Yet, despite the grossly inadequate federal response to this disaster, residents offered each other mutual assistance and were also aided by solidarity groups like Common Ground, which helped with community rebuilding, including founding a free health clinic, and aiding with wetlands restoration. A related example is the response to Hurricane Sandy in the New York/New Jersey area, where healthcare workers set up free clinics in trucks, and helped to raise money for much needed medical supplies for the various communities that lacked adequate resources of their own to deal with the storm aftermath. Internationally, structural injustices significantly contributed to the grave impact of the 2010 Haiti Earthquake, in which over 200,000 people were killed and over 300,000 injured, with more than 1.5 million rendered homeless. Before the quake, many Haitians were impoverished and lived in slum conditions, leaving them highly vulnerable to floods and other natural disasters. The International Monetary Fund had implemented austerity programs in the preceding decades, which contributed to an evisceration of the public health systems and in turn to the health crisis following the earthquake, where there were radically insufficient medical supplies available.

In the period that preceded the quake, an estimated 75% of Haiti's healthcare services had been provided by multinational and faith-based non-governmental organizations (NGOs), and its entire health supply system was externally run. The aid following the quake likewise involved a massive influx of international non-governmental organizations (INGOs), but Haitian NGOs were marginalized, as were the Haitian authorities, and over 90% of the aid money went to international actors, including the UN and INGOs, and to the private sector. This aid, too, was unequally distributed between the capital and rural areas, and between well-off and less well-off areas of Port-au-Prince itself. In contrast, more adequately addressing the medical needs arising from the quake, some international healthcare NGOs succeeded in working in solidarity with local Haitians, in particular, the INGO Partners in Health, which explicitly incorporated a focus on the impacts of structural factors in their efforts. A more recent case is provided by Hurricane Maria, which devastated Puerto Rico in the summer of 2017. This natural disaster likewise calls attention to political economic and social structural factors that greatly aggravated the situation. Years of austerity, this time managed by the U.S. government and banks, along with massive debt, left hospitals without many doctors and with inadequate medical supplies needed to deal with injuries following the storm. Puerto Rico's defective electrical grid also hampered the recovery from the hurricane. The inadequacies of this grid were exacerbated by the freeze imposed on a public infrastructure fund, which was instead used to funnel support to public-private partnerships under the same restructuring program. Moreover, in Puerto Rico, as in Haiti, we observe inequalities in the response to affected communities in the capital vs. in poorer rural areas. Solidarity work by healthcare workers, including doctors from Cuba, along with aid from the Puerto Rican diaspora, has been important in recovery and rebuilding efforts, but has not been able to make up for the lack of support from the U.S. government. It is evident, then, that effective action requires understanding the economic and social factors that condition people's life chances and their health, including the limitations imposed by their places of residence. Indeed, the economic functioning of capitalism seems to be a major causal factor not only in these discrete natural events but also in climate change itself. While no single solidarity movement can counter these structural or systemic effects, establishing a linkage between a particular event and the deeper structural conditions for its differential impact on impoverished or vulnerable populations is important for adequate public policy going forward, and for the provision of the right forms of assistance in the present. It suggests the need for aid that not only restores the situation to the one that preceded the environmental event in question but that establishes a better, and more resilient, situation going forward. Clearly, an interlinking and networking of solidarity movements and of civil society organizations, as well as of public policy, would be necessary for the social transformative changes required.

