status,title,authors,year,venue,doi,url,tags,abstract,provider,decision_source,llm_confidence,llm_review_outcome,llm_change_direction
discarded,Ionizable Cholesterol-Integrated Lipid Nanoparticles for Efficient siRNA Delivery to Solid Tumors,"Kang, Suyoung; Nguyen, Duc-Toan; Jon, Sangyong",2026,CHEMMEDCHEM,10.1002/cmdc.70464,https://www.webofscience.com/wos/woscc/full-record/WOS:001857901400001,off-topic-false-hit; lipid-nanoparticles; siRNA-encapsulation,"Lipid nanoparticles (LNPs) are clinically validated platform for the delivery of small interfering RNA (siRNA) therapeutics. However, conventional LNPs typically consist of multiple lipid components, which complicates formulation optimization and limits compositional flexibility. Furthermore, efficient delivery of siRNA to extrahepatic tissues, including solid tumors, remains a major challenge. To address these limitations, we developed a class of ionizable cholesterol derivatives by conjugating biocompatible dimethylated amino acids to cholesterol through a cleavable linker, thereby integrating the structural role of cholesterol and the pH-responsive ionization of ionizable lipids into a single molecule. Five i-Chol derivatives were synthesized and formulated into LNPs, which demonstrated efficient siRNA encapsulation and delivery in cancer cells. The resulting siRNA@i-Chol LNPs exhibited uniform particle size and near-neutral surface charge, indicating favorable physicochemical properties for systemic administration. Notably, phenylalanine-based cholesterol LNPs (Phe-Chol LNPs) loaded with siRNA targeting kinesin spindle protein (KIF11) achieved the most potent in vitro gene knockdown in PC3 prostate cancer cells and induced significant dose-dependent antitumor activity in a xenograft model without observable systemic toxicity. Collectively, this study establishes a simplified i-Chol LNP platform that maintains high siRNA delivery efficiency to solid tumors and provides a versatile framework for further LNP engineering and scalable manufacturing.",wos,llm,1.000,unreviewed,
discarded,A theoretical study of face-specific alkali-metal-decorated gold (Au<sub>8</sub>) tetrad clusters with enhanced electrical and nonlinear optical properties,"Salba; Zeshan, Muhammad; Ayub, Ali Raza; Abdellah, Hammad; Afzal, Fatima; Taj, Anee; Shaheen, Mahvish; Shahid, Ammara",2026,JOURNAL OF MATERIALS CHEMISTRY C,10.1039/d6tc01756h,https://www.webofscience.com/wos/woscc/full-record/WOS:001857056500001,off-topic-false-hit; materials-chemistry,"In this work, the electronic, optical, and nonlinear optical (NLO) properties of pristine Au8 and exohedrally alkali-metal-decorated Au8 clusters are investigated using density functional theory (DFT) and time-dependent DFT (TD-DFT) calculations. The notations M@Au8 and 2M@Au8 (M = Li, Na, K) are used to denote surface adsorption/decoration rather than substitutional alloy decoration. To assess the reliability of our NLO trends, geometry optimizations and electronic analyses were performed using three functionals (B3LYP, CAM-B3LYP, and wB97XD) with the LANL2DZ effective core potential for Au. For improved accuracy, the Au8 and alkali-metal-doped clusters were re-optimized using a diffuse-augmented basis set (6-311++G(d,p)) for lighter atoms while retaining LANL2DZ for gold, allowing us to evaluate the sensitivity of the results to the exchange-correlation functional. Alkali-metal decoration decreases the HOMO-LUMO energy gap relative to pristine Au8 and promotes charge redistribution from the electropositive alkali atoms toward the Au8 framework. The range-corrected functional benchmarks confirm that the absolute hyperpolarizability values are method-dependent, but the qualitative enhancement of the NLO response after alkali-metal decoration remains evident. The results are therefore presented as a theoretical structure-property analysis of exohedral Au8 complexes, with explicit discussion of basis-set limitations, practical cluster stabilization, and possible experimental realization through ligand protection, immobilization on solid supports, or encapsulation. These findings provide a cautious but useful design rationale for gold-cluster-based NLO materials.",wos,llm,0.990,unreviewed,
discarded,"Piezoelectric Nanocoatings on Bio-Interfaces: Microenvironment Remodeling, Biofilm Disruption, and Immunomodulatory Integration","Li, Yuemeng; Tang, Lixin; Gao, Pengfei; Li, Jinhang; Sun, Xiaolin; Fang, Jiao",2026,MICROORGANISMS,10.3390/microorganisms14081822,https://www.webofscience.com/wos/woscc/full-record/WOS:001859551600001,off-topic-false-hit; biofilm-encapsulation,"Implant-associated infections (IAIs) persist as a critical complication in biomaterial transplantation, driven by rapid microbial colonization, biofilm encapsulation, and escalating antibiotic resistance. Conventional antibiotic-based treatments and passive antimicrobial coatings often fail to achieve long-term infection control due to limited biofilm penetration, localized cytotoxicity, and active agent depletion. To overcome these limitations, piezoelectric nanocomposite coatings utilize a dynamic, stimulus-responsive framework that converts physiological mechanical forces or external ultrasound into localized electrical signals. These surface-bound electric fields systematically mitigate bacterial adhesion, eradicate mature biofilms via targeted reactive oxygen species (ROS) generation, disrupt microbial metabolic pathways, and favorably modulate the peri-implant immune microenvironment while supporting host tissue repair. This review evaluates the material design principles and classifications of inorganic, organic, and hybrid piezoelectric nanocoatings. We detail their multifaceted antibacterial mechanisms and trace their therapeutic potential in orthopedic and dental implants, as well as wound management. Lastly, we analyze current engineering bottlenecks to chart a clear trajectory for their clinical translation.",wos,llm,1.000,unreviewed,
discarded,Electrospinning research in food systems: A comprehensive review and bibliometric analysis of nanofiber development and processing trends,"Tan, Sin Yi; Thani, Nurfatimah Mohd; Azmi, Azima; Watanabe, Masaru",2026,FOOD BIOSCIENCE,10.1016/j.fbio.2026.109795,https://www.webofscience.com/wos/woscc/full-record/WOS:001857620600001,off-topic-false-hit; electrospinning; nanoencapsulation,"Electrospinning is an electrohydrodynamic processing technology capable of producing nanofibrous materials with tunable physicochemical properties and growing relevance in food-related research. This review provides a comprehensive assessment of recent advances in electrospinning research within food systems by integrating bibliometric mapping with critical analysis of processing technologies, materials, and emerging applications. This study presents a comprehensive bibliometric analysis of electrospinning in food systems from 2011 to 2025 using Scopus-indexed data and science-mapping analysis. Results indicate an exponential increase in publications, led by China, India, and Iran. The thematic evolution reveals a clear paradigm shift from fundamental proof-of-concept studies toward application-oriented biomaterial research, specifically focusing on antimicrobial active packaging and the nanoencapsulation of bioactives for functional food fortification. Findings highlight the growing adoption of green electrospinning using sustainable biopolymers and aqueous-based systems to protect sensitive phytochemicals and enhance their target delivery. However, significant biological and translational gaps persist, particularly regarding the lack of in vivo physiological validation, insufficient understanding of longterm stability within complex food matrices, and challenges with industrial scalability. A future research roadmap is proposed, emphasizing the integration of electrospun nanofibers with green extraction technologies, such as supercritical carbon dioxide and subcritical water extraction. This review provides a structured synthesis of current progress and limitations, supporting the advancement of electrospinning as a food-compliant processing technology.",wos,llm,1.000,unreviewed,
discarded,Lycopene Nanoencapsulation and Cancer Treatment: A Systematic Review of Preclinical Evidence,"Ortigosa-Palomo, Alba; Ortiz, Raul; Prados, Jose; Melguizo, Consolacion",2026,APPLIED SCIENCES-BASEL,10.3390/app16168159,https://www.webofscience.com/wos/woscc/full-record/WOS:001858569500001,off-topic-false-hit; nanoencapsulation; cancer-treatment,"Lycopene is a natural compound with significant antitumor potential, although its poor bioavailability restricts its clinical application. To address this limitation, diverse nanoparticle-based delivery systems have been developed. This systematic review evaluated whether encapsulation improves the antitumoral efficacy of lycopene. Following PRISMA guidelines, a comprehensive search was performed in PubMed, Scopus, and Web of Science in April 2026 to identify original studies investigating the antitumoral effects of encapsulated lycopene. Included studies were original English articles evaluating encapsulated lycopene for antitumor effects against any cancer. Excluded were non-encapsulated lycopene, non-original studies, those using lycopene solely as a stabilizer, non-English texts, unavailable full-texts, or those lacking anticancer evaluation. Twenty-three eligible articles were included. Quality and risk of bias were assessed using the SciRAPnano (in vitro) and SYRCLE (in vivo) tools. Data extraction covered encapsulation system, lycopene source, in vitro and in vivo models, cytotoxicity, nanoparticle characterization, and biological activity. Encapsulated lycopene demonstrated enhanced antitumor activity across multiple cancer types, with breast cancer being the most extensively investigated (13 in vitro and 3 in vivo studies). A variety of nanocarriers were employed, including polymeric and protein-based, lipid-based, hybrid, and inorganic nanoparticles, as well as inclusion complexes. Polymeric and protein-based delivery systems were the most frequently employed (10 studies), while tomato was the most commonly used natural source of lycopene, reported in 7 studies. The main reported mechanisms involved apoptosis induction, cell cycle arrest, and antioxidant effects. Despite substantial heterogeneity among studies, the findings provide an updated overview of the current evidence supporting the antitumoral potential of encapsulated lycopene. Funding: CPP2022-009967 and DGP-PIDI-2024-00886.",wos,llm,1.000,unreviewed,
discarded,PLGA-based nanomedicines for cancer therapy: From synthesis and surface functionalization to clinical translation,"Jameie, Leila; Abbaslou, Delaram Malek; Nategi, Tannaz; Keikhosrowkiani, Nazanin; Shahshahanipour, Marzie; Sadeghi-Kaji, Fatemeh-Sadat; Najafi, Nahid; Bigham, Ashkan; Rafienia, Mohammad",2026,JOURNAL OF DRUG DELIVERY SCIENCE AND TECHNOLOGY,10.1016/j.jddst.2026.108828,https://www.webofscience.com/wos/woscc/full-record/WOS:001856670400001,off-topic-false-hit; nanomedicines; encapsulation,"Cancer remains a leading cause of global mortality, underscoring the urgent need for innovative, precise therapeutic strategies. Conventional modalities, particularly systemic chemotherapy and radiotherapy, are often limited by restricted bioavailability, high systemic toxicity, and poor tumor specificity, which collectively compromise clinical efficacy. Poly(lactic-co-glycolic acid) (PLGA) nanoparticles have long been a cornerstone of biomedical engineering, distinguished by their superior biodegradability, biocompatibility, and tunable physicochemical properties. These versatile carriers enable the encapsulation of diverse therapeutic agents, protecting them from premature degradation and leveraging the enhanced permeability and retention effect to maximize intratumoral accumulation. This review critically examines recent advances in synthesis methodologies, including electrospray and microfluidics, which have significantly optimized drug-loading efficiency and release kinetics. Furthermore, we highlight innovations in surface engineering, focusing on hybrid material integration and ligand conjugation strategies designed to enhance active targeting precision while minimizing off-target adverse effects. Additionally, emerging research on the co-delivery of multiple agents to foster synergistic outcomes and combat multidrug resistance is explored. Despite the growing number of clinically approved formulations, challenges with residual organic solvents, incomplete release, and deep-tissue penetration persist. Consequently, this review outlines future perspectives on optimizing PLGA formulations to overcome these limitations, with the ultimate goal of expanding their therapeutic utility beyond oncology into broader biomedical applications.",wos,llm,1.000,unreviewed,
discarded,Citrinin-controlled quinoa bioactivation and phenolic stabilization via<i> mixed-Monascus</i> fermentation and whey protein encapsulation,"Liu, Lijia; Deng, Ailing; Su, Xiaochun; Li, Shubo; Guo, Yuan",2026,FOOD BIOSCIENCE,10.1016/j.fbio.2026.109804,https://www.webofscience.com/wos/woscc/full-record/WOS:001859413500001,off-topic-false-hit; food-encapsulation,"In this study, the bio-conversion and stability limitations of quinoa bioactives were systematically investigated through integration of solid-state fermentation (SSF) with macromolecular encapsulation. Among the 52 Monascus screened, LS4 (high bioactivity, high citrinin risk) and H1 (high pigment yield, lower citrinin production) exhibited pronounced phenotypic complementation. Mixed-SSF (H1:LS4 = 2:1) was rationally designed to effectively decrease citrinin accumulation by 64%, and enhance total phenolic content 2.85-fold and total antioxidant capacity by 97%. The fermented extract was encapsulated within a whey protein concentrate (WPC) matrix via non-covalent interactions. The nanocomplexes (1:6 ratio, 182.8 nm) exhibited robust photostability (92.03% phenolic retention). More importantly, the WPC steric barrier effectively restrained premature gastric degradation (30.63% phenolic release), thereby enabling intestinal delivery (77.94% cumulative release). Therefore, the fermentation-encapsulation strategy simultaneously enhanced bioactivity, mitigated toxicity risks, and enabled controlled delivery, thus providing an effective strategy for developing quinoa-based functional foods.",wos,llm,1.000,unreviewed,
discarded,Amikacin Liposomal Inhalation Suspension: Advances in Application Against Refractory<i> Mycobacterium</i><i> avium</i> Complex,"Li, Xin; Li, Dan; Guo, Shuliang; Li, Yuanchun",2026,INFECTION AND DRUG RESISTANCE,10.2147/IDR.S627337,https://www.webofscience.com/wos/woscc/full-record/WOS:001857039900001,off-topic-false-hit; liposomal-encapsulation; medicine,"Mycobacterium avium complex (MAC) is the most prevalent pathogen among slow-growing Nontuberculous mycobacteria (NTM), and the global incidence of MAC pulmonary disease (MAC-PD) continues to rise steadily. Its intrinsic resistance to conventional anti-mycobacterial agents poses a major therapeutic obstacle. Currently, macrolide-based multidrug regimens remain the standard of care; however, treatment options for macrolide-resistant MAC-PD are critically limited, leading to poor outcomes. Refractory MAC-PD is conventionally defined as persistent sputum culture positivity after at least six months of guideline-based macrolide-containing therapy. As a novel targeted preparation, amikacin liposome inhalation suspension (ALIS) utilizes liposomal encapsulation technology to deliver high and sustained intracellular drug concentrations within alveolar macrophages, while significantly reducing systemic toxic and side effects. It is currently the first and only approved inhaled formulation specifically indicated for refractory MAC-PD, and the addition of ALIS to guideline-based therapy significantly improved sputum culture conversion (Phase III CONVERT trial: 29.0% versus 8.9%,). This review systematically dissects the pharmacological rationale, summarizes pivotal clinical trials, including Phase 2/3 clinical trial data and post-marketing real-world evidence, and further discusses the existing limitations and unresolved clinical challenges. Based on the latest research advances, this review aims to provide a comprehensive and practical reference for clinical decision-making in refractory MAC-PD management.",wos,llm,1.000,unreviewed,
discarded,Rapid construction of multi-interface metal selenide composites and high-efficiency sodium storage mechanism,"Liu, Chao; Wang, Hongyu; Zhang, Yadi; Liu, Fayu; Shi, Gaofeng; Wang, Guoying",2026,JOURNAL OF ENERGY STORAGE,10.1016/j.est.2026.124269,https://www.webofscience.com/wos/woscc/full-record/WOS:001857602300001,off-topic-false-hit; materials-energy-storage; encapsulated,"To address the limitations imposed by a single heterointerface on the enhancement of sodium storage performance in composite materials, this study successfully synthesized an O/C-CoSe2/FeSe2@NC nanocomposite encapsulated within a nitrogen-doped carbon framework using a metal salt-induced polymer foaming strategy combined with a microwave selenization process. The material features a dual heterointerface structure comprising FeSe2/O-CoSe2 and FeSe2/C-CoSe2. The encapsulation effect of the carbon framework effectively buffers volume changes during charge and discharge, thereby ensuring structural stability. Meanwhile, the dual built-in electric fields induced by the two heterointerfaces synergistically lower the Na+ diffusion energy barrier and optimize diffusion kinetics. Electrochemical tests demonstrate that in a half-cell configuration, the material delivers a high reversible specific capacity of 289.44 mAh g-1 after 5000 cycles at a current density of 10.0 A g-1. Furthermore, a full cell assembled with O/C-CoSe2/FeSe2@NC as the anode and NVP@C as the cathode retains a stable specific capacity of 315.83 mAh g-1 after 100 cycles at 0.2 A g-1, exhibiting excellent cycling stability. The metal salt-induced foaming combined with microwave selenization strategy proposed in this work provides a novel route for constructing advanced heterostructure materials with multiple interfaces and offers significant guidance for the design of high-performance anode materials for sodium-ion batteries.",wos,llm,1.000,unreviewed,
discarded,Porphyrin-copper (II) covalent organic framework nanoplatform with intrinsic bifunctional photodynamic and chemodynamic activities for synergistic multimodal cancer therapy,"Mo, Yongjie; Hou, Jie; Li, Hongli; Wang, Lijuan; Zhao, Linlu; Zhu, Linhua; Dai, Chunyan",2026,MATERIALS TODAY BIO,10.1016/j.mtbio.2026.103579,https://www.webofscience.com/wos/woscc/full-record/WOS:001857074500001,off-topic-false-hit; nanoplatform; dox-encapsulation,"Photodynamic therapy (PDT) efficacy is severely compromised by tumor hypoxia and the scarcity of efficient type-I photosensitizers, necessitating multimodal therapeutic strategies. Herein, we report a porphyrin-Cu (II) covalent organic framework (TBCOF) with intrinsic bifunctional photodynamic and chemodynamic activities. Sequential DOX encapsulation and hyaluronic acid (HA) surface functionalization afford HA-TBCOF@DOX, a tumor-targeted nanoplatform integrating four synergistic therapeutic modalities. Under 660 nm laser irradiation, the nanoplatform generates ROS signatures consistent with both type-I and type-II pathways for PDT, while the intrinsic Cu2+ centers are proposed to catalyze a Fenton-like reaction consistent with center dot OH generation for CDT. Concurrently, observations of O2 evolution suggest catalase-like activity that may decompose endogenous H2O2 into O2, alleviating hypoxia and potentiating oxygen-dependent PDT. Efficient photothermal conversion and pHtriggered DOX release contribute to photothermal and chemotherapeutic effects, respectively, while HAmediated CD44 targeting enhances cellular uptake and therapeutic specificity. In vitro and in vivo studies demonstrate that laser-activated HA-TBCOF@DOX effectively suppresses tumor growth, induces apoptosis, and exhibits no apparent systemic toxicity under the tested experimental conditions. This work establishes a multifunctional COF-based nanoplatform that addresses PDT limitations observed in this study by integrating intrinsic PDT and CDT, providing a robust strategy for synergistic multimodal cancer therapy.",wos,llm,1.000,unreviewed,
