status,title,authors,year,venue,doi,url,tags,abstract,provider,decision_source,llm_confidence,llm_review_outcome,llm_change_direction
discarded,Object oriented programming,Tim Rentsch,1982,ACM SIGPLAN Notices,10.1145/947955.947961,https://openalex.org/W4300655963,adjacent-subtopic; oop-general,"Recently I had the opportunity to read the Intel manual introducing the iAPX 432 architecture. The manual is an amalgam of an informal overview of the hardware, a quick tutorial review of computer architectures in general, an introduction to the advanced concepts of the 432 in particular, and marketing hype proclaiming the advantages of the 432 over its competition. The 432's architecture has many interesting, unusual characteristics, and Intel is wise to introduce them in a form which is quickly assimilable. What most caught my interest is the claim that the 432 supports the ""object oriented design methodology.""",openalex,llm,0.970,unreviewed,
discarded,Precise concrete type inference for object-oriented languages,John Plevyak; Andrew A. Chien,1994,,10.1145/191080.191130,https://openalex.org/W2091909330,adjacent-subtopic; type-inference; optimization,"Concrete type information is invaluable for program optimization. The determination of concrete types in object-oriented languages is a flow sensitive global data flow problem. It is made difficult by dynamic dispatch (virtual function invocation) and first class functions (and selectors)—the very program structures for whose optimization its results are most critical. Previous work has shown that constraint-based type inference systems can be used to safely approximate concrete types [15], but their use can be expensive and their results imprecise.",openalex,llm,0.980,unreviewed,
discarded,Exclusive use and evaluation of inheritance metrics viability in software fault prediction an experimental study,"Aziz, Syed Rashid; Khan, Tamim Ahmed; Nadeem, Aamer",2021,PEERJ COMPUTER SCIENCE,10.7717/peerj-cs.563,https://www.webofscience.com/wos/woscc/full-record/WOS:000658889800001,adjacent-subtopic; inheritance-metrics; fault-prediction,"Software Fault Prediction (SFP) assists in the identification of faulty classes, and software metrics provide us with a mechanism for this purpose. Besides others, metrics addressing inheritance in Object-Oriented (OO) are important as these measure depth, hierarchy, width, and overriding complexity of the software. In this paper, we evaluated the exclusive use, and viability of inheritance metrics in SFP through experiments. We perform a survey of inheritance metrics whose data sets are publicly available, and collected about 40 data sets having inheritance metrics. We cleaned, and filtered them, and captured nine inheritance metrics. After preprocessing, we divided selected data sets into all possible combinations of inheritance metrics, and then we merged similar metrics. We then formed 67 data sets containing only inheritance metrics that have nominal binary class labels. We performed a model building, and validation for Support Vector Machine(SVM). Results of Cross-Entropy, Accuracy, F-Measure, and AUC advocate viability of inheritance metrics in software fault prediction. Furthermore, ic, noc, and dit metrics are helpful in reduction of error entropy rate over the rest of the 67 feature sets.",wos,llm,0.920,unreviewed,
discarded,Efficacy of Inheritance Aspect in Software Fault Prediction-A Survey Paper,"Aziz, Syed Rashid; Khan, Tamim Ahmed; Nadeem, Aamer",2020,IEEE ACCESS,10.1109/ACCESS.2020.3022087,https://www.webofscience.com/wos/woscc/full-record/WOS:000573028700001,adjacent-subtopic; inheritance-metrics-survey,"Software fault prediction (SFP) is a research area that helps development and testing process deliver software of good quality. Software metrics are of various types and are used in SFP for measurements. Inheritance is a prominent feature, which measures the depth, breadth, and complexity of object-oriented software. A few studies exclusively addressed the efficacy of inheritance in SFP. This provokes the need to identify the potential ingredients associated with inheritance, which can be helpful in SFP. In this paper, our aim is to collecting, organizing, categorizing, and investigating published fault prediction studies. Findings include identification of 54 inheritance metrics, 78 public datasets with various combinations of 10 inheritance metrics, 60% use of method level & use of private datasets, an increased number of studies using machine learning approaches. This study will facilitate scholars to studying previous literature on software fault prediction having software metrics, with their methods, public data sets, performance evaluation of machine learning algorithms, and findings of experimental results in a comfortable, and efficient way, emphasizing the inherited aspect specifically.",wos,llm,0.920,unreviewed,
discarded,How effective are maintainability metrics in estimating maintenance efforts? An empirical study,"Reddy, B. Ramachandra; Ojha, Aparajita",2019,INTERNATIONAL JOURNAL OF SYSTEM ASSURANCE ENGINEERING AND MANAGEMENT,10.1007/s13198-019-00828-3,https://www.webofscience.com/wos/woscc/full-record/WOS:000502002800010,adjacent-subtopic; maintainability-metrics,"Software maintainability is often estimated by software developers and experts at the design phase to reduce maintenance efforts of software products. It is believed that the maintainability metrics help in throwing some light on the maintenance efforts of a software system. This paper studies the effectiveness of metrics of two maintainability components, namely modifiability and understandability in assessing maintenance efforts at the early design phase. To perform the empirical study, first of all, modifiability and understandability are estimated using certain design level metrics. A dataset of 776 class hierarchies from 20 different Java open source projects is considered with 12 different design level metrics as the independent variables and modifiability and understandability metrics as the dependent variables. Homogeneous as well as heterogeneous ensembles of MLR, MLP, ANN, and M5P methods are employed to predict maintainability of class hierarchies using design level metric dataset and the metric dataset of the two maintainability metrics. The concept of ROC curve for regression, ROC space and AOC introduced recently by Hernandez-Orallo (Pattern Recogn 46:3395-3411, 2013) is used to determine the under/overestimation of individual models and their ensembles. It is concluded that most of the methods underestimate software maintainability that may lead to higher maintenance cost at a later stage and may also adversely affect the reputation of software companies. While modifiability is mostly underestimated, nothing could be concluded for understandability. The study is validated with the help of two available real datasets QUES and UIMS containing records of actual maintenance efforts and design level metrics dataset. These studies suggest that the definition of software modifiability metric needs a review.",wos,llm,0.910,unreviewed,
discarded,Design By Contract Methodology - <i>A Step Towards Zero-defect Programming</i>,"Murthy, P. V. R.",2018,"2018 INTERNATIONAL CONFERENCE ON ADVANCES IN COMPUTING, COMMUNICATIONS AND INFORMATICS (ICACCI)",,https://www.webofscience.com/wos/woscc/full-record/WOS:000455682100079,adjacent-subtopic; design-by-contract,"Software components are still considered the weakest link when it comes to addressing reliability of a system. We argue that a systematic application of Bertrand Meyer's design by contract methodology improves reliability quite significantly. In the perspective of design by contract methodology, reliability is viewed as correctness and robustness. The concept of Reliability by Construction is dealt with in detail. Process steps to introduce or integrate design by contract methodology into existing SDLC of a product or system are discussed. The notion of sufficiently strong contracts is dealt with along with their advantages in defect prevention. Composition of function calls or services and the properties that contract specifications of successive functions(calls) need satisfy are stated. The process of contract refinement during successive phases of SDLC is discussed. Contract specification rules in the presence of inheritance in object-oriented programs are also discussed. Finally, we argue that design by contract methodology is a step towards zero-defect programming.",wos,llm,0.890,unreviewed,
discarded,Automatic Software Refactoring via Weighted Clustering in Method-Level Networks,"Wang, Ying; Yu, Hai; Zhu, Zhiliang; Zhang, Wei; Zhao, Yuli",2018,IEEE TRANSACTIONS ON SOFTWARE ENGINEERING,10.1109/TSE.2017.2679752,https://www.webofscience.com/wos/woscc/full-record/WOS:000427678400001,adjacent-subtopic; refactoring; cohesion-coupling,"In this study, we describe a system-level multiple refactoring algorithm, which can identify the move method, move field, and extract class refactoring opportunities automatically according to the principle of ""high cohesion and low coupling."" The algorithm works by merging and splitting related classes to obtain the optimal functionality distribution from the system-level. Furthermore, we present a weighted clustering algorithm for regrouping the entities in a system based on merged method-level networks. Using a series of preprocessing steps and preconditions, the ""bad smells"" introduced by cohesion and coupling problems can be removed from both the non-inheritance and inheritance hierarchies without changing the code behaviors. We rank the refactoring suggestions based on the anticipated benefits that they bring to the system. Based on comparisons with related research and assessing the refactoring results using quality metrics and empirical evaluation, we show that the proposed approach performs well in different systems and is beneficial from the perspective of the original developers. Finally, an open source tool is implemented to support the proposed approach.",wos,llm,0.900,unreviewed,
discarded,Discrimination of Inheritance Patterns: An Improved Metric,"Reddy, B. Rarnachandra; Ojha, Aparajita",2018,"PROCEEDINGS OF THE 8TH INTERNATIONAL CONFERENCE CONFLUENCE 2018 ON CLOUD COMPUTING, DATA SCIENCE AND ENGINEERING",,https://www.webofscience.com/wos/woscc/full-record/WOS:000571162600115,adjacent-subtopic; inheritance-metrics,"Many inheritance metrics are introduced with a view to understand structural complexity of class hierarchies and their impact on software performance and maintainability. To some extent they help understanding class hierarchies for their modifiability, reusability and testability. Design level metrics can play an important role in discriminating class hierarchies with respect to their understandability. Unfortunately, inheritance metrics do not provide any insight on structural differences in different types of class hierarchies, as different class inheritance hierarchies result to the same of some the inheritance metrics, leading in lack of discrimination anomaly (LOA) [1]. To address this problem, present authors have proposed a vector approach based on discrimination of class inheritance hierarchies in [2]. In this paper, we introduce an improved metric for discrimination of class hierarchies using a linear combination of existing inheritance metrics. The empirical study indicates that different inheritance hierarchies can be differentiate applying the metrics method inheritance factors, Average Depth of Inheritance, attribute inheritance factors and reuse ratio. Discrimination power of the new metric is analyzed and is shown to be useful in prediction of maintainability and testability.",wos,llm,0.920,unreviewed,
discarded,Identifying threshold values of an open source software using Receiver Operating Characteristics curve (ROC),"Malhotra, Ruchika; Bansal, Ankita",2017,JOURNAL OF INFORMATION & OPTIMIZATION SCIENCES,10.1080/02522667.2015.1135592,https://www.webofscience.com/wos/woscc/full-record/WOS:000396659800003,adjacent-subtopic; metric-thresholds,"Software metrics are widely used to predict the classes in a software that are comparatively more change prone than others. Developers construct various prediction models which are used for the prediction of change prone classes. Thus, focussed attention can be laid on such classes leading to saving of lots of resources in terms of money, manpower and cost. But construction and usage of the prediction models using metrics is not always efficient and practical for developers. Thus, the alternative approach can be to identify certain alarming values of metrics above which a class is said to be at high risk. These alarming values are known as thresholds of the metrics. The main focus of this study is to identify metric threshold values using receiver operating characteristic curves. We have used threshold values to identify change prone classes (or classes that may lead to some risk in future) so that developers can carefully examine and pay attention on those classes. The study has used five releases of an open source, widely used operating system, Android. To predict change prone classes in any release of software, the threshold values of its immediate predecessor release are used. For example, to predict change prone classes in Android 4.0, the threshold values of Android 2.3 are used. In addition to this, the threshold methodology based on receiver operating characteristics curve is compared with the traditional statistical methodology based on logistic regression. We conclude that researchers may use the methodology based on receiver operating characteristics curve to calculate the thresholds.",wos,llm,0.940,unreviewed,
discarded,Reliability by Construction using Design by Contract Methodology,"Murthy, P. V. R.",2016,PROCEEDINGS OF THE 9TH INDIA SOFTWARE ENGINEERING CONFERENCE,10.1145/2856636.2856663,https://www.webofscience.com/wos/woscc/full-record/WOS:000390296600029,adjacent-subtopic; design-by-contract,"Software components are still considered the weakest link when it comes to addressing reliability of a system. We argue that a systematic application of Bertrand Meyer's design by contract methodology improves reliability quite significantly. In the perspective of design by contract methodology, reliability is viewed as correctness and robustness. The concept of Reliability by Construction is dealt with in detail. Process steps to introduce or integrate design by contract methodology into existing SDLC of a product or system are discussed. The notion of sufficiently strong contracts is dealt with along with their advantages in defect prevention. Composition of function calls or services and the properties that contract specifications of successive functions(calls) need satisfy are stated. The process of contract refinement during successive phases of SDLC is discussed. Contract specification rules in the presence of inheritance in object-oriented programs are also discussed. Finally, we argue that design by contract methodology aids in zero-defect programming.",wos,llm,0.880,unreviewed,
discarded,Software Maintainability: Systematic Literature Review and Current Trends,"Malhotra, Ruchika; Chug, Anuradha",2016,INTERNATIONAL JOURNAL OF SOFTWARE ENGINEERING AND KNOWLEDGE ENGINEERING,10.1142/S0218194016500431,https://www.webofscience.com/wos/woscc/full-record/WOS:000387490200003,adjacent-subtopic; maintainability-slr,"Software maintenance is an expensive activity that consumes a major portion of the cost of the total project. Various activities carried out during maintenance include the addition of new features, deletion of obsolete code, correction of errors, etc. Software maintainability means the ease with which these operations can be carried out. If the maintainability can be measured in early phases of the software development, it helps in better planning and optimum resource utilization. Measurement of design properties such as coupling, cohesion, etc. in early phases of development often leads us to derive the corresponding maintainability with the help of prediction models. In this paper, we performed a systematic review of the existing studies related to software maintainability from January 1991 to October 2015. In total, 96 primary studies were identified out of which 47 studies were from journals, 36 from conference proceedings and 13 from others. All studies were compiled in structured form and analyzed through numerous perspectives such as the use of design metrics, prediction model, tools, data sources, prediction accuracy, etc. According to the review results, we found that the use of machine learning algorithms in predicting maintainability has increased since 2005. The use of evolutionary algorithms has also begun in related subfields since 2010. We have observed that design metrics is still the most favored option to capture the characteristics of any given software before deploying it further in prediction model for determining the corresponding software maintainability. A significant increase in the use of public dataset for making the prediction models has also been observed and in this regard two public datasets User Interface Management System (UIMS) and Quality Evaluation System (QUES) proposed by Li and Henry is quite popular among researchers. Although machine learning algorithms are still the most popular methods, however, we suggest that researchers working on software maintainability area should experiment on the use of open source datasets with hybrid algorithms. In this regard, more empirical studies are also required to be conducted on a large number of datasets so that a generalized theory could be made. The current paper will be beneficial for practitioners, researchers and developers as they can use these models and metrics for creating benchmark and standards. Findings of this extensive review would also be useful for novices in the field of software maintainability as it not only provides explicit definitions, but also lays a foundation for further research by providing a quick link to all important studies in the said field. Finally, this study also compiles current trends, emerging sub-fields and identifies various opportunities of future research in the field of software maintainability.",wos,llm,0.940,unreviewed,
discarded,Dynamic Metrics are Superior than Static Metrics in Maintainability Prediction : An Empirical Case Study,"Sharma, Hemlata; Chug, Anuradha",2015,"2015 4TH INTERNATIONAL CONFERENCE ON RELIABILITY, INFOCOM TECHNOLOGIES AND OPTIMIZATION (ICRITO) (TRENDS AND FUTURE DIRECTIONS)",,https://www.webofscience.com/wos/woscc/full-record/WOS:000381473700155,adjacent-subtopic; dynamic-metrics,"Software metrics help us to make meaningful estimates for software products and guide us in taking managerial and technical decisions like budget planning, cost estimation, quality assurance testing, software debugging, software performance optimization, and optimal personnel task assignments. Many design metrics have proposed in literature to measure various constructs of Object Oriented (OO) paradigm such as class, coupling, cohesion, inheritance, information hiding and polymorphism and use them further in determining the various aspects of software quality. However, the use of conventional static metrics have found to be inadequate for modern OO software due to the presence of run time polymorphism, templates class, template methods, dynamic binding and some code left unexecuted due to specific input conditions. This gap gave a cue to focus on the use of dynamic metrics instead of traditional static metrics to capture the software characteristics and further deploy them for maintainability predictions. As the dynamic metrics are more precise in capturing the execution behavior of the software system, in the current empirical investigation with the use of open source code, we validate and verify the superiority of dynamic metrics over static metrics. Four machine learning models are used for making the prediction model while training is performed simultaneously using static as well as dynamic metric suite. The results are analyzed using prevalent prediction accuracy measures which indicate that predictive capability of dynamic metrics is more concise than static metrics irrespective of any machine learning prediction model. Results of this would be helpful to practitioners as they can use the dynamic metrics in maintainability prediction in order to achieve precise planning of resource allocation.",wos,llm,0.940,unreviewed,
