status,title,authors,year,venue,doi,url,tags,abstract,provider,decision_source,llm_confidence,llm_review_outcome,llm_change_direction,paper_id
discarded,Identification of Threshold Concepts for Biochemistry,Jennifer A. Loertscher; David A. Green; Jennifer E. Lewis; Sara Lin; Vicky Minderhout,2014,CBE—Life Sciences Education,10.1187/cbe.14-04-0066,https://openalex.org/W2025133745,off-topic-false-hit,"Threshold concepts (TCs) are concepts that, when mastered, represent a transformed understanding of a discipline without which the learner cannot progress. We have undertaken a process involving more than 75 faculty members and 50 undergraduate students to identify a working list of TCs for biochemistry. The process of identifying TCs for biochemistry was modeled on extensive work related to TCs across a range of disciplines and included faculty workshops and student interviews. Using an iterative process, we prioritized five concepts on which to focus future development of instructional materials. Broadly defined, the concepts are steady state, biochemical pathway dynamics and regulation, the physical basis of interactions, thermodynamics of macromolecular structure formation, and free energy. The working list presented here is not intended to be exhaustive, but rather is meant to identify a subset of TCs for biochemistry for which instructional and assessment tools for undergraduate biochemistry will be developed.",openalex,llm,1.000,unreviewed,,doi:10.1187/cbe.14-04-0066
discarded,Development of the Radiocarbon Calibration Program,Christopher Bronk Ramsey,2001,Radiocarbon,10.1017/s0033822200038212,https://openalex.org/W1575688672,off-topic-false-hit,"This paper highlights some of the main developments to the radiocarbon calibration program, OxCal. In addition to many cosmetic changes, the latest version of OxCal uses some different algorithms for the treatment of multiple phases. The theoretical framework behind these is discussed and some model calculations demonstrated. Significant changes have also been made to the sampling algorithms used which improve the convergence of the Bayesian analysis. The convergence itself is also reported in a more comprehensive way so that problems can be traced to specific parts of the model. The use of convergence data, and other techniques for testing the implications of particular models, are described.",openalex,llm,1.000,unreviewed,,doi:10.1017/s0033822200038212
discarded,Sustainable Tourism Development: A Critique,Zhenhua Liu,2003,Journal of Sustainable Tourism,10.1080/09669580308667216,https://openalex.org/W2163818467,off-topic-false-hit,"Sustainable tourism has become an increasingly popular field of research since the late 1980s. However, the sustainable tourism debate is patchy, disjointed and often flawed with false assumptions and arguments. This paper is a brief critique of some of the weaknesses in the sustainable tourism literature. In particular, it explores six issues that are often overlooked but must be addressed in research: the role of tourism demand, the nature of tourism resources, the imperative of intra-generational equity, the role of tourism in promoting sociocultural progress, the measurement of sustainability, and forms of sustainable development. Finally, it is argued that in order to transform research on sustainable tourism to a more scientific level, a systems perspective and an interdisciplinary approach are indispensable.",openalex,llm,1.000,unreviewed,,doi:10.1080/09669580308667216
discarded,"Dynamic functional connectivity: Promise, issues, and interpretations",R. Matthew Hutchison; Thilo Womelsdorf; Elena A. Allen; Peter A. Bandettini; Vince D. Calhoun; Maurizio Corbetta; Stefania Della Penna; Jeff H. Duyn; Gary H. Glover; Javier González-Castillo; Daniel A. Handwerker; Shella Dawn Keilholz; Vesa J. Kiviniemi; David A. Leopold; Francesco de Pasquale; Olaf Sporns; Martin Walter; Catie E. Chang,2013,NeuroImage,10.1016/j.neuroimage.2013.05.079,https://openalex.org/W1976623182,off-topic-false-hit,"The brain must dynamically integrate, coordinate, and respond to internal and external stimuli across multiple time scales. Non-invasive measurements of brain activity with fMRI have greatly advanced our understanding of the large-scale functional organization supporting these fundamental features of brain function. Conclusions from previous resting-state fMRI investigations were based upon static descriptions of functional connectivity (FC), and only recently studies have begun to capitalize on the wealth of information contained within the temporal features of spontaneous BOLD FC. Emerging evidence suggests that dynamic FC metrics may index changes in macroscopic neural activity patterns underlying critical aspects of cognition and behavior, though limitations with regard to analysis and interpretation remain. Here, we review recent findings, methodological considerations, neural and behavioral correlates, and future directions in the emerging field of dynamic FC investigations.",openalex,llm,1.000,unreviewed,,doi:10.1016/j.neuroimage.2013.05.079
kept,Phenomenography: From Critical Aspects to Knowledge Claim,Brandon I. Collier-Reed; Åke Ingerman,2013,Theory and method in higher education research,10.1108/s1479-3628(2013)0000009016,https://openalex.org/W2484940969,qualifies-claim; method,"Abstract In this description of phenomenography, we take a functional view of the theoretical underpinnings that have traditionally been used to support its trustworthiness as a qualitative research approach. The chapter has two objectives, first to serve as an introduction for those considering embarking on research with a phenomenographic framing, and second to enable the recognition of the quality and scope of the knowledge claim inherent in phenomenographic outcomes.",openalex,llm_reviewed,0.960,changed,discarded->kept,doi:10.1108/s1479-3628(2013)0000009016
discarded,Reliability and validity of the PAS‐ADD Checklist for detecting psychiatric disorders in adults with intellectual disability,S Moss; Helen Prosser; Helen Costello; Neill Simpson; Pradip Patel; S. Rowe; S. Turner; Chris Hatton,1998,Journal of Intellectual Disability Research,10.1046/j.1365-2788.1998.00116.x,https://openalex.org/W1970445205,off-topic-false-hit,"The PAS-ADD Checklist is a screening instrument specifically designed to help staff recognize mental health problems in the people with intellectual disability for whom they care, and to make informed referral decisions. The instrument consists of a life-events checklist and 29 symptom items scored on a four-point scale. Scores are combined to provide three threshold scores. The crossing of any of these thresholds indicates the need for a fuller assessment. The items are worded in everyday language, making the Checklist suitable for use by individuals who do not have a background in psychopathology. The present paper presents the results of a number of studies evaluating the reliability and validity of the Checklist. Factor analysis of Checklists completed on a community sample of 201 individuals yielded eight factors, of which seven were readily interpretable in diagnostic terms. Internal consistency of the scales was generally acceptable. Inter-rater reliability in respect to individual items gave a fairly low average Kappa of 0.42. However, agreement on case identification, the main purpose of the Checklist, was quite good, with 83% of the decision being in agreement. Validity in relation to clinical opinion was also satisfactory, case detection rising appropriately with the clinically judged severity of disorder. The PAS-ADD Checklist is published and distributed by the Hester Adrian Research Centre, Manchester, England, from where further information and order forms are available on request.",openalex,llm,1.000,unreviewed,,doi:10.1046/j.1365-2788.1998.00116.x
discarded,Using Phenomenography to Tackle Key Challenges in Science Education,Feifei Han; Robert A. Ellis,2019,Frontiers in Psychology,10.3389/fpsyg.2019.01414,https://openalex.org/W2955151025,adjacent-subtopic,"This article describes how phenomenography, as a qualitative research method, can be used to tackle key challenges in science education. It begins with an overview of the development of phenomenography. It then describes the philosophical underpinnings of phenomenographic inquiry, including ontological and epistemological roots, and its unique second-order perspective. From theoretical background to practicality, the paper uses rich examples to describe in detail the procedures of conducting a phenomenographic study, including sampling and data collection, analyzing phenomenographic data, and communicating key findings. The paper concludes by showing how the phenomenographic method can be used to develop students' conceptual understanding of scientific concepts, to inform effective instructional design in science teaching, and to identify and improve evidence-based factors in student learning to enhance learning outcomes in science.",openalex,llm,0.980,unreviewed,,doi:10.3389/fpsyg.2019.01414
discarded,Computer Aided Phenomenography: The Role of Leximancer Computer Software in Phenomenographic Investigation,Sorrek Penn-Edwards,2014,The Qualitative Report,10.46743/2160-3715/2010.1150,https://openalex.org/W2115079142,adjacent-subtopic,"The qualitative research methodology of phenomenography has traditionally required a manual sorting and analysis of interview data. In this paper I explore a potential means of streamlining this procedure by considering a computer aided process not previously reported upon. Two methods of lexicological analysis, manual and automatic, were examined from a phenomenographical perspective and compared. It was found that the computer aided process - Leximancer - was a valid investigative tool for use in phenomenography. Using Leximancer was more efficacious than manual operation; the researcher was able to deal with large amounts of data without bias, identify a broader span of syntactic properties, increase reliability, and facilitate reproducibility. The introduction of a computer aided methodology might also encourage other qualitative researchers to engage with phenomenography.",openalex,llm,0.970,unreviewed,,doi:10.46743/2160-3715/2010.1150
discarded,Working memory span tasks: A methodological review and user’s guide,Andrew R. A. Conway; Michael J. Kane; Michael F. Bunting; D. Zach Hambrick; Oliver Wilhelm; Randall W Engle,2005,Psychonomic Bulletin & Review,10.3758/bf03196772,https://openalex.org/W2164740960,off-topic-false-hit,"Working memory (WM) span tasks-and in particular, counting span, operation span, and reading span tasks-are widely used measures of WM capacity. Despite their popularity, however, there has never been a comprehensive analysis of the merits of WM span tasks as measurement tools. Here, we review the genesis of these tasks and discuss how and why they came to be so influential. In so doing, we address the reliability and validity of the tasks, and we consider more technical aspects of the tasks, such as optimal administration and scoring procedures. Finally, we discuss statistical and methodological techniques that have commonly been used in conjunction with WM span tasks, such as latent variable analysis and extreme-groups designs.",openalex,llm,1.000,unreviewed,,doi:10.3758/bf03196772
discarded,Kokkos 3: Programming Model Extensions for the Exascale Era,Christian Robert Trott; Damien Lebrun-Grandié; Daniel Arndt; Jan Ciesko; Vinh Dang; Nathan Ellingwood; Rahulkumar Gayatri; Evan Harvey; Daisy S. Hollman; Daniel Ibanez; Nevin Liber; Jonathan Madsen; Jeff Miles; David Poliakoff; Amy Powell; Sivasankaran Rajamanickam; Mikael Simberg; Dan Sunderland; Bruno Turcksin; Jeremiah J Wilke,2021,IEEE Transactions on Parallel and Distributed Systems,10.1109/tpds.2021.3097283,https://openalex.org/W3195293013,off-topic-false-hit,"As the push towards exascale hardware has increased the diversity of system architectures, performance portability has become a critical aspect for scientific software. We describe the Kokkos Performance Portable Programming Model that allows developers to write single source applications for diverse high-performance computing architectures. Kokkos provides key abstractions for both the compute and memory hierarchy of modern hardware. We describe the novel abstractions that have been added to Kokkos version 3 such as hierarchical parallelism, containers, task graphs, and arbitrary-sized atomic operations to prepare for exascale era architectures. We demonstrate the performance of these new features with reproducible benchmarks on CPUs and GPUs.",openalex,llm,1.000,unreviewed,,doi:10.1109/tpds.2021.3097283
discarded,Computing Teachers' Perspectives on Threshold Concepts,Maria Kallia; Sue Sentance,2017,,10.1145/3137065.3137085,https://openalex.org/W2767983637,adjacent-subtopic,"With the introduction of the new computing curriculum in England, teachers are facing many challenges, among them the teaching of computer programming. Literature suggests that the conceptual understanding of this subject contributes to its difficulty and that threshold concepts, as a source of troublesome knowledge, have a significant role in this. This paper explores computing teachers' perspectives on the Threshold Concept framework and suggests potential threshold concepts in the area of Functions and, more generally, in Procedural Abstraction. A study was conducted, using the Delphi method, including both computing teachers with experience teaching at upper secondary/high school and computing teachers with experience practicing programming in a professional environment for more than 7 years. The results indicate that the majority of the participants support that the Threshold Concept framework can explain students' difficulties in programming and agreed on 11 potential threshold concepts in the area of Functions and Procedural Abstraction. The participants focused more on the troublesome characteristic of threshold concepts and less on the transformative and integrative. Most of the participants also specified that they would change the way they teach a concept if they knew that this is a threshold one. Finally, the paper discusses the findings and how these will shape our future research.",openalex,llm,0.940,unreviewed,,doi:10.1145/3137065.3137085
discarded,Modeling and simulation of scalable Cloud computing environments and the CloudSim toolkit: Challenges and opportunities,Rajkumar Buyya; Rajiv Kumar Ranjan; Rodrigo Neves Calheiros,2009,,10.1109/hpcsim.2009.5192685,https://openalex.org/W1541079541,off-topic-false-hit,"Cloud computing aims to power the next generation data centers and enables application service providers to lease data center capabilities for deploying applications depending on user QoS (Quality of Service) requirements. Cloud applications have different composition, configuration, and deployment requirements. Quantifying the performance of resource allocation policies and application scheduling algorithms at finer details in Cloud computing environments for different application and service models under varying load, energy performance (power consumption, heat dissipation), and system size is a challenging problem to tackle. To simplify this process, in this paper we propose CloudSim: an extensible simulation toolkit that enables modelling and simulation of Cloud computing environments. The CloudSim toolkit supports modelling and creation of one or more virtual machines (VMs) on a simulated node of a Data Center, jobs, and their mapping to suitable VMs. It also allows simulation of multiple Data Centers to enable a study on federation and associated policies for migration of VMs for reliability and automatic scaling of applications.",openalex,llm,1.000,unreviewed,,doi:10.1109/hpcsim.2009.5192685
discarded,Foundations of computer science,Viera K. Proulx; Richard Rasala; Harriet J. Fell,1996,ACM SIGCSE Bulletin,10.1145/237477.237523,https://openalex.org/W3196389106,adjacent-subtopic,"Computer science as a discipline is changing rapidly.New developments in software and hardware are changing the way we write programs, design systems, and create applications.The role of the first year curriculum in computer science is to lay the foundations for becoming a professional in the field.We examine the ways in which the changing nature of computer science influences our teaching methods, our view of which concepts are fundamental, and the overall sense of what it takes to become a successful computer scientist.We propose a first year curriculum model that has a strong emphasis on design, on programming in a structured project based environment, and on the extensive use of tools, libraries, and templates.We illustrate this model by describing a collection of graphicsbased exercises that apply computing across the disciplines.",openalex,llm,0.970,unreviewed,,doi:10.1145/237477.237523
discarded,Embedding Threshold Concepts: from theory to pedagogical principles to learning activities,Peter Davies; Jean Mangan,2008,,10.1163/9789460911477_004,https://openalex.org/W825200684,adjacent-subtopic,"Book Description: \n \nThreshold Concepts within the Disciplines brings together leading writers from various disciplines and national contexts in an important and readable volume for all those concerned with teaching and learning in higher education. The foundational principle of threshold concepts is that there are, in each discipline, ‘conceptual gateways’ or ‘portals’ that must be negotiated to arrive at important new understandings. In crossing the portal, transformation occurs, both in knowledge and subjectivity. Such transformation involves troublesome knowledge, a key concern for contributors to this book, who identify threshold concepts in their own fields and suggest how to deal with them.Part One extends and enhances the threshold concept framework, containing chapters that articulate its qualities, its links to other social theories of learning and other traditions in educational research.Part Two encompasses the disciplinary heart of the book with contributions from a diversity of areas including computing, engineering, biology, design, modern languages, education and economics. In the many empirical case studies educators show how they have used the threshold concept framework to inform and evaluate their teaching contexts. Other chapters emphasise the equally important ‘being and becoming’ dimension of learning. Part Three suggests pedagogic directions for those at the centre of the education project with contributions focusing on the socialisation of academics and their continuing quest to be effective teachers.The book will be of interest to disciplinary teachers, educational researchers and educational developers. It also is of relevance to issues in quality assurance and professional accreditation.",openalex,llm,0.960,unreviewed,,doi:10.1163/9789460911477_004
discarded,Threshold concepts within the disciplines,John Bradbeer,2006,Planet,10.11120/plan.2006.00170016,https://openalex.org/W2336535396,adjacent-subtopic,Threshold concepts and a related notion of troublesome knowledge have become the recent focus of some interesting developments in research and thinking about learning and teaching in higher educati...,openalex,llm,0.960,unreviewed,,doi:10.11120/plan.2006.00170016
discarded,Threshold Concepts in Medical Education,Virginia F. Randall; Robert Brooks; Agnes S. Montgomery; Lauren McNally,2018,MedEdPublish,10.15694/mep.2018.0000176.1,https://openalex.org/W2888522895,adjacent-subtopic,"This article was migrated. The article was marked as recommended. Background - The theory of Threshold Concepts (TC) proposes that there are ideas necessary for a student to learn which enable them to think like a professional. Studies of TC in higher education have appeared since 2003. Studies in medical education are more recent. Method - We studied TC using a qualitative analysis approach (grounded theory and constant comparison) to produce a thematic analysis of 135 de-identified reflective practice essays from students in the pediatric clerkship at our medical school. Summary of results - Seven themes met our criteria for a threshold concept; transformative (ontological shift) and troublesome (causes angst). 2 TC in our students' work were identical with those found by authors from the UK (""Medicine isn't black and white,"" and ""Sometimes there isn't a right answer,"") 4 TC were similar and 2 were distinct. Discussion - Our findings suggest that there are some TC inherent (maybe essential) in personal and professional identify formation for a student moving from layperson to physician-hood, regardless of the setting of the medical school.",openalex,llm,0.980,unreviewed,,doi:10.15694/mep.2018.0000176.1
discarded,A threshold concepts focus to curriculum design: supporting student learning through application of variation theory,Gerlese S. Åkerlind; Jo McKenzie; Mandy Lupton,2011,QUT ePrints (Queensland University of Technology),,https://openalex.org/W24346462,adjacent-subtopic,The report describes the development and testing of a research-informed curriculum model aimed at improving students' learning of threshold concepts. The project used phenomenographic action research and the variation theory of learning to develop and trial the model with collaboration from three institutional partners.,openalex,llm,0.950,unreviewed,,hash:f72f5bccf52444a8
