status,title,authors,year,venue,doi,url,tags,abstract,provider,decision_source,llm_confidence,llm_review_outcome,llm_change_direction,paper_id
discarded,A digital archive reveals how a funding agency cooperated with academics to support the nascent field of genomics,"Hong, Spencer S.; Utz, Zachary; Hosseini, Mohammad; Zanchettin, Cleber; Tejedor Navarro, Heliodoro; Holmes, Kristi; Wetterstrand, Kris A.; Bates, Sarah A.; Nunes Amaral, Luis A.; Donohue, Christopher R.; Stoeger, Thomas",2026,NATURE COMMUNICATIONS,10.1038/s41467-026-71700-9,https://www.webofscience.com/wos/woscc/full-record/WOS:001753632600001,off-topic-false-hit,"State-supported research funding agencies are critical to the scientific enterprise. However, it remains unclear how funding agencies cooperate with academic communities to realize common scientific goals. Here, we present a fully digital archive assembled by the National Human Genome Research Institute (NHGRI), focusing on the nascent stages of ""genomics"" as a scientific field and the everyday workings of the Human Genome Project and subsequent major genomics projects. We identify early events behind the conception of genome-wide association studies, clarify hitherto obscured factors around funding decisions, and how NHGRI and academics outside NHGRI ensured continuity in technical expertise across projects. The computational models we developed correctly recapitulate how academic experts and NHGRI increased adoption of genomics by jointly deciding which organisms' genomes to sequence. Taken together, these findings reveal how a funding agency contributed to scientific innovation in a nascent field of science by repeatedly cooperating with the broader scientific community.",wos,llm,1.000,unreviewed,,doi:10.1038/s41467-026-71700-9
discarded,University Students' Perceptions of AI Programming Tutors: A Chatbot Integration Study in Programming Education,"Seeam, Amar; Butgereit, Laurie",2025,"CULTIVATING DIGITAL SKILLS FOR GLOBAL RELEVANCE, DIGITAL 2024",10.1007/978-981-95-0687-3_11,https://www.webofscience.com/wos/woscc/full-record/WOS:001717060800011,adjacent-subtopic,"This study delves into the integration of chatbots in programming education, focusing on their potential to facilitate interactive and personalized learning experiences in key programming languages: Java, Python, and C. Using a mixed-methods approach, including questionnaires and analysis of interaction logs, the research assesses chatbots' effectiveness in improving students' understanding, problem-solving abilities, and engagement. Findings indicate a positive reception among students, who value the chatbots for their clarity, helpfulness, and personalized learning. The study also notes a shift from traditional learning resources to more interactive digital tools, highlighting the potential of chatbots to revolutionize educational practices. However, challenges such as the need for improved user interfaces and response mechanisms were identified, suggesting areas for future development. Overall, it has been demonstrated that there is significant potential in advancing programming education, pointing to broader applications of AI in educational settings to enhance learning outcomes and student empowerment.",wos,llm,0.940,unreviewed,,doi:10.1007/978-981-95-0687-3_11
discarded,An Engineer-Oriented Teaching Practice of Industrial Process Control Systems,"Lu, Shaowen; Wang, Liangyong; Yang, Tao; Wu, Yongjian",2025,"2025 IEEE GLOBAL ENGINEERING EDUCATION CONFERENCE, EDUCON",10.1109/EDUCON62633.2025.11016402,https://www.webofscience.com/wos/woscc/full-record/WOS:001533112700111,off-topic-false-hit,"China has revealed her ambition to become a strong manufacturing power in the ""Made in China 2025"" strategy plant. This requires a large force of high-level process control engineers who are proficient in both control theory and engineering practices. However, there is a gap in the demand and what the universities are providing. In China, control engineering is an independent subject found in the programs of many universities at multiple levels. Currently, the graduate level education in the control engineering major is emphasized more on theory and less on engineering practice. This has resulted graduates who lack the essential abilities to be competent for engineering tasks. This paper introduces the teaching practice of the new course, ""Design and Implementation of Industrial Process Computer Control System"" in the National Key Laboratory of Synthetical Process Automation which is part of the teaching reform initiative of Northeastern University in responding to the above problem. We introduce the concepts of the design of the teaching contents and the relative teaching methods. The teaching contents of the course extends the traditional automatic control principle course, including object modeling, controller design, control effect analysis, with the complete life cycle of the control system, such as the design and development of the logical control of equipment, HMI, control system testing, and more. Also, a comprehensive experimental system is developed to facilitate the teaching. Based on the field bus technology, the physical experiment system is developed to facilitate students to carry out the experiment of the corresponding course contents. During teaching, each theoretical knowledge point is combined with experiment on the industrial process control system. The system features online experimental capabilities, supporting students in both online and offline practical learning. Judging from the actual teaching effects for the last three years, the new course has obviously improved students' enthusiasm for engineering practice and improved students' understanding and mastery of the concept of control system from a system perspective.",wos,llm,0.980,unreviewed,,doi:10.1109/educon62633.2025.11016402
discarded,Detecting and characterizing copy number variation in a large commercial US Holstein cattle population,"Ladeira, Giovanni C.; Pinedo, Pablo J.; Santos, Jose E. P.; Thatcher, William W.; Rezende, Fernanda M.",2025,BMC GENOMICS,10.1186/s12864-025-11536-7,https://www.webofscience.com/wos/woscc/full-record/WOS:001470225800003,off-topic-false-hit,"BackgroundCopy number variations (CNVs) are an important source of genomic variation that play an active role in modulating biological processes by altering gene expression and dosage. These structural variants involve duplications and deletions of segments usually exceeding 1 kilobase in size, dispersed throughout the genome of humans and livestock individuals. We mapped CNVs from high-density single-nucleotide polymorphism (SNP) genotyping array data on 3,601 Holsteins. Following, we explored their association with reported quantitative trait loci (QTLs), genes, and biological pathways, unveiling the potential biological contributions of CNVs to economically important traits in the dairy industry and breeding programs.ResultsWe identified 4,113 non-redundant high-confidence CNVs, of which 78% were deletions and 22% duplications, distributed across all bovine autosomal chromosomes (BTA). Out of the 1,184 compiled CNV regions (CNVRs) covering 3.02% of the autosomal genome, 199 novel CNVRs were mapped. QTLs overlapping with CNVRs detected in this study were enriched for 140 economically important traits, such as milk yield, conception and pregnancy rates, susceptibility to diseases and length of productive life, indicating that CNVs likely underlie productive, reproductive and health performance in Holstein dairy cattle. Moreover, detected CNVRs overlapped with 2,788 annotated genes, including those linked to milk production, fertility, and immune response in cattle, such as DGAT1, AFF1, and ADAMTS13 genes. Furthermore, the gene set analysis revealed GO terms related to metabolic processes, immune system, response to stimulus, and cellular binding activities. Notably, enriched GO terms highlighted relevant genes to cattle health and reproduction overlapping CNVRs, such as DEFB4A, GATA3, GNB1, and PPP1R1B.ConclusionsWe mapped and demonstrated the characteristics of genome-wide distributed CNVs in a large commercial Holstein population genotyped with a high-density SNP array. Collectively, the results emphasize the role of CNVs as a valuable resource of genetic variation and contribute to better understand the genetic architecture of economic complex traits in dairy cattle. Furthermore, these findings may provide opportunities for the development of novel and enhanced genomic selection strategies in Holstein cattle.",wos,llm,1.000,unreviewed,,doi:10.1186/s12864-025-11536-7
discarded,Polimorphism in the PAPPA2 gene associated with postpartum fertility in Holstein milking cows managed under warm conditions in southern Sonora Mexico,"Luna-Nevarez, Pablo; Alvarez-Tavares, Isabel; Simental, Jose Torres; Leyva-Corona, Jose; Medrano, Juan F.; Thomas, Milton G.; Zamorano-Algandar, Ricardo; Nieblas-Lopez, Manuel",2024,BIOTECNIA,10.18633/biotecnia.v26.2261,https://www.webofscience.com/wos/woscc/full-record/WOS:001460936500002,off-topic-false-hit,"Reproductive management in dairy cows in southern Sonora is a challenge due to the characteristic hot climate, thus, genetic selection for fertility is desirable. Our objective was to study the association between single nucleotide polymorphisms (SNPs) from the PAPPA2 gene and postpartum fertility traits in lactating Holstein cows. A total of 362 cows were included in this study. Individual blood samples were collected on FTA cards, which were used for DNA extraction and genotyping of two PAPPA2 gene SNPs. An associative study was then performed between the genotypes of the SNPs and postpartum reproductive traits using a statistical mixed-effects model. Only the SNP rs109952914 was associated with all fertility traits and retained for allele substitution analysis. The favorable allele of the SNP rs109952914 was the Tallele (P < 0.05), as it increased the percentage of pregnancy at first service (+ 12.60), and reduced services per conception (- 0.16) and days open (- 19.52). In conclusion, a SNP within the PAPPA2 gene was a predictor of postpartum fertility in Holstein dairy cows; then, it was recommended to be used as genetic marker in animal breeding programs to increase reproductive efficiency in Holstein dairy cattle managed under warm environmental conditions.",wos,llm,1.000,unreviewed,,doi:10.18633/biotecnia.v26.2261
discarded,Strong associations between the FGF-2 gene and productivity traits of Holstein-Friesian dairy cattle,"Kibar, Mustafa; Aytekin, Brahim",2025,GENE,10.1016/j.gene.2024.149027,https://www.webofscience.com/wos/woscc/full-record/WOS:001422725700001,off-topic-false-hit,"Sustainability in dairy cattle farms depends on the efficiency of milk yield and reproductive traits. Thus, this study aimed to investigate the effect of the FGF-2/Csp6I gene and major environmental factors on these traits in Holstein-Friesian cattle. A total of 212 whole blood samples were collected from the Vena coccygea of cattle and the data obtained from these samples were used in all statistical analyses. Then, the restriction fragment length polymorphism (RFLP) method (determination of genotypes) was conducted and programs including PopGene (allele and genotype frequencies), Minitab (association analyses) and MTDFREML (variance components and genetic parameters) were used. Alleles A (0.4269) and G (0.5731) as well as genotypes AA (0.174), AG (0.505) and GG (0.321) were found, indicating that the population is polymorphic and in Hardy-Weinberg equilibrium (P > 0.05). The effect of the Csp6I polymorphism of FGF-2 gene on peak milk yield (PMY) (P < 0.01); lactation milk yield (LMY), milking time (MT), 305-day and 200-day lactation milk yield (LMY305 and LMY200), average daily milk yield (ADMY) (P < 0.05); 100-day lactation milk yield (LMY100), age of using in first breeding (AUFB) and number of inseminations per conception (NIPC) (P < 0.10) were significant. The heritability of milk yield traits and the correlation between direct and maternal heritability for reproductive traits were high. Furthermore, the breeding value of PMY was higher for the AA genotype (0.745 +/- 0.292) than for the AG genotype (-0.268 +/- 0.171) (P < 0.05). As a result, the A allele and AA genotype for the FGF-2/Csp6I gene had an increasing effect on milk yield without compromising reproductive performance in Holstein-Friesian dairy cattle.",wos,llm,1.000,unreviewed,,doi:10.1016/j.gene.2024.149027
discarded,E-DESIGNATION FOR COMPRESSIBLE AERODYNAMICS COURSE,"Milanovic, Ivana; Eppes, Tom A.; Goparaju, Kalyan",2022,"PROCEEDINGS OF ASME 2022 FLUIDS ENGINEERING DIVISION SUMMER MEETING, FEDSM2022, VOL 1",,https://www.webofscience.com/wos/woscc/full-record/WOS:001221657600031,off-topic-false-hit,"The US Air Force has added the 'e' designation to denote an aircraft or satellite having been designed using computer modeling and simulation, as well as interface technologies like virtual and augmented reality. This new digital aerospace engineering process, i.e. using computers to design, model, and test aircraft before an actual prototype is built, is so important that it drives the need for a different approach to the engineering curriculum. In response, our students are provided an opportunity to create and analyze throughout a lecture-based course. The availability of sophisticated software and its use outside of the classroom without prior training facilitates non-linear learning, promotes exploration of alternative resources, from written material to the human network, and ultimately brings it all back to the theoretical underpinnings.

The Compressible Aerodynamics course in its first iteration featured the following simulation projects: (1) Incompressible flow through the converging nozzle, (2) Flying on earth, (3) Pitot tube, (4) Compressible flow over an airfoil, (5) Airfoil in different flow regimes, and (6) Rayleigh flows. They were chosen from six ANSYS Fluids Engineering Innovation Courses that are available free online. Each project originally included a video, handout, and pre-generated mesh, and was further customized with specifically focused grading criteria.

This study built on the authors' previous work on the use of simulations in the individual courses and course sequences in the mechanical engineering program. The goals were to bring the elements of the new digital aerospace engineering process to standard lecture-based courses, ensure students' engagement from the beginning, and increase the time students invest in studying. The anticipated challenges (from the perspective of Bloom's Taxonomy) were (1) non-hierarchal structure of learning where students create and analyze while mastering the use of the tool, (2) integrated and balanced process of learning where every element of the framework is equally important, and (3) the differences that each learner brings, from motivation to the cognitive processing.

The significance of our approach and its success are illustrated with qualitative and quantitative evidence. Qualitative data provide examples of student work, while quantitative assessment of students' understanding and confidence in comprehension of select concepts includes grades, student surveys, and course evaluations.",wos,llm,0.990,unreviewed,,hash:f35a84c8a38f3da2
discarded,Urban Interaction Design Supports Modular Design Practice for Urban Public Space,"Wang, Huan; Yan, Ming; Xie, Han; Fu, Zhiyong",2019,"CROSS-CULTURAL DESIGN-CULTURE AND SOCIETY, CCD 2019, PT II",10.1007/978-3-030-22580-3_18,https://www.webofscience.com/wos/woscc/full-record/WOS:001292840600018,off-topic-false-hit,"Multiple-dimensional structured urban space directs to an interdisciplinary considers on public space utilization. The people-users are consciously and unconsciously in the communicative activities with the city, where urban interactive design establishes cross-design accessibility in the virtual and physical public context. This paper introduces an approach that the Human-centered Design as a fundamental perspective and Interaction Design frames the program and motivates design elements for urban interaction design. Following a Smart Pavilion design practice for Baoding New City Plan in China. Particularly conception of this design is the four modules creation of Information Block, Pavilion Block, Interior Block, Information Platform Block, and the attempt on organizing the modules to constitute three prototypes for different scenarios. People's real-time requirement, reflection, and emotion can be captured by interfaces and delivered to the information platform towards a transfer qualitative symbols into data essentially design and improvement materials, and react to the Smart Pavilion to enable the Human Interactions in the 21st-century networked city.",wos,llm,1.000,unreviewed,,doi:10.1007/978-3-030-22580-3_18
discarded,A Multi-Agent Computer Program for Automatic Investigation the Behavior of a Nonlinear Dynamic System in Real-Time,"Ruchkin, Alexander; Ruchkin, Constantin",2024,"PERSPECTIVES IN DYNAMICAL SYSTEMS II-NUMERICAL AND ANALYTICAL APPROACHES, DSTA 2021",10.1007/978-3-031-56496-3_32,https://www.webofscience.com/wos/woscc/full-record/WOS:001289530700032,off-topic-false-hit,"In this paper the general conception of the intellectual investigation of the regular and chaotic behavior of the dynamical systems with Hamilton structure are investigated. The computer system of the analysis of behavior of nonlinear dynamic system in real-time are developed. The computer system of multi-agents are implementing functions of an interface with user, an processing of data, a scheduling and a control of calculation, a control of time and special functions of recognition. The specification of the multi-agent system, its agents and database, the structure, functions and operation of the system are presented and are discussed.",wos,llm,0.990,unreviewed,,doi:10.1007/978-3-031-56496-3_32
discarded,Estimation of genetic correlations and genomic prediction accuracy for reproductive and carcass traits in Hanwoo cows,"Haque, M. D. Azizul; Iqbal, Asif; Alam, Mohammad Zahangir; Lee, Yun-Mi; Ha, Jae-Jung; Kim, Jong-Joo",2024,JOURNAL OF ANIMAL SCIENCE AND TECHNOLOGY,10.5187/jast.2023.e75,https://www.webofscience.com/wos/woscc/full-record/WOS:001292598200004,off-topic-false-hit,"This study estimated the heritabilities (h2) 2 ) and genetic and phenotypic correlations between reproductive traits, including calving interval (CI), age at first calving (AFC), gestation length (GL), number of artificial inseminations per conception (NAIPC), and carcass traits, including carcass weight (CWT), eye muscle area (EMA), backfat thickness (BF), and marbling score (MS) in Korean Hanwoo cows. In addition, the accuracy of genomic predictions of breeding values was evaluated by applying the genomic best linear unbiased prediction (GBLUP) and the weighted GBLUP (WGBLUP) method. The phenotypic data for reproductive and carcass traits were collected from 1,544 Hanwoo cows, and all animals were genotyped using Illumina Bovine 50K single nucleotide polymorphism (SNP) chip. The genetic parameters were estimated using a multi-trait animal model using the MTG2 program. The estimated h2 2 for CI, AFC, GL, NAIPC, CWT, EMA, BF, and MS were 0.10, 0.13, 0.17, 0.11, 0.37, 0.35, 0.27, and 0.45, respectively, according to the GBLUP model. The GBLUP accuracy estimates ranged from 0.51 to 0.74, while the WGBLUP accuracy estimates for the traits under study ranged from 0.51 to 0.79. Strong and favorable genetic correlations were observed between GL and NAIPC (0.61), CWT and EMA (0.60), NAIPC and CWT (0.49), AFC and CWT (0.48), CI and GL (0.36), BF and MS (0.35), NAIPC and EMA (0.35), CI and BF (0.30), EMA and MS (0.28), CI and AFC (0.26), AFC and EMA (0.24), and AFC and BF (0.21). The present study identified low to moderate positive genetic correlations between reproductive and CWT traits, suggesting that a heavier body weight may lead to a longer CI, AFC, GL, and NAIPC. The moderately positive genetic correlation between CWT and AFC, and NAIPC, with a phenotypic correlation of nearly zero, suggesting that the genotype-environment interactions are more likely to be responsible for the phenotypic manifestation of these traits. As a result, the inclusion of these traits by breeders as selection criteria may present a good opportunity for developing a selection index to increase the response to the selection and identification of candidate animals, which can result in significantly increased profitability of production systems.",wos,llm,1.000,unreviewed,,doi:10.5187/jast.2023.e75
