status,title,authors,year,venue,doi,url,tags,abstract,provider,decision_source,llm_confidence,llm_review_outcome,llm_change_direction,paper_id
discarded,Metamodel based approach to generate user interface mockup from UML class diagram,Thomas Mahatody; Mihaela Ilie; Rapatsalahy Miary Andrianjaka; Dimbisoa William Germain; Ilie Sorin,2021,Procedia Computer Science,10.1016/j.procs.2021.03.096,https://openalex.org/W3162317111,off-topic-false-hit,"Interface and interaction design take up most of the times in software creation. Human Computer Interaction (HCI) is mainly the best way to interact with a computer. During software development, class diagram is the only required step and process to design an information system according to UML notation. In addition, creating class diagram is a mandatory activity during the software creation process. The aim of this paper is to automatically generate the HCI mockup from class diagram to make easy and extremely fast software design. For example, the SEF (Schéma d’Enchaînement de Fenêtre), is an interface model allowing to create a new interface mockup. It offers more widgets to design the HCI. And MACAO (Méthode d’Analyse et de Conception d’Applications Orientées-objets) is one of the methods which helps computer scientist to easily create software. The model transformation is based on Model Driven Engineering (MDE). We use UML notation to design the class diagrams. We also adopt MDA architecture to create the model-based transformation process. Transformation rules are created using Atlas Transformation Language (ATL) to automatically generate a specific interface from the class diagram.",openalex,llm,0.990,unreviewed,,doi:10.1016/j.procs.2021.03.096
discarded,Exploring middle school students' conceptions of the relationship between genetic inheritance and cell division,Michelle Williams; Angela Haydel DeBarger; Beronda L. Montgomery; Xuechun Zhou; Erika D. Tate,2011,Science Education,10.1002/sce.20465,https://openalex.org/W2142732095,off-topic-false-hit,"Abstract This study examines students' understanding of the normative connections between key concepts of cell division, including both mitosis and meiosis, and underlying biological principles that are critical for an in‐depth understanding of genetic inheritance. Using a structural equation modeling method, we examine middle school students' understanding of these relationships. A total of 209 seventh‐grade students participated in this study and completed a technology‐enhanced unit on genetics. Content‐based assessments were administered to all students. Findings from a confirmatory factor analysis supplemented with an analysis of students' responses revealed a strong relationship between the concepts of genetic inheritance and cell division and provided evidence of the nature of the difficulties that students have when trying to understand these concepts. Specifically, students were challenged to demonstrate an integrated understanding of the differences between mitosis and meiosis processes. Also some students struggled to explain the importance of these processes as they relate to passage of genetic information. This study offers the science education field further insight into younger students' learning about genetic inheritance and informs the design of effective science learning materials at the middle school level. © 2011 Wiley Periodicals, Inc. Sci Ed 96:78–103, 2012",openalex,llm,1.000,unreviewed,,doi:10.1002/sce.20465
discarded,Building personas from phenomenography: a method for user-centered design in education,Trà Huỳnh; Adrian Madsen; Sarah B. McKagan; Eleanor C. Sayre,2021,Information and Learning Sciences,10.1108/ils-12-2020-0256,https://openalex.org/W3195154222,adjacent-subtopic,"Purpose Personas are lifelike characters that are driven by potential or real users’ personal goals and experiences when interacting with a product. Personas support user-centered design by focusing on real users’ needs. However, the use of personas in educational research and design requires certain adjustments from its original use in human-computer interface design. This paper aims to propose a process of creating personas from phenomenographic studies, which helps us create data-grounded personas effectively. Design/methodology/approach Personas have features that can help address design problems in educational contexts. The authors compare the use of personas with other common methodologies in education research, including phenomenology and phenomenography. Then, this study presents a six-step process of building personas using phenomenographic study as follows: articulate a design problem, collect user data, assemble phenomenographic categories, build personas, check personas and solve the design problem using personas. The authors illustrate this process with two examples, including the redesign of a professional development website and an undergraduate research program design. Findings The authors find that personas are valuable tools for educational design websites and programs. Phenomenography can productively help educational designers and researchers build sets of personas following the process the authors propose. Originality/value The use and method of personas in educational contexts are scarce and vague. Using the example contexts, the authors provide educational designers and researchers a clear method of creating personas that are relatable and applicable for their design problems.",openalex,llm,0.980,unreviewed,,doi:10.1108/ils-12-2020-0256
discarded,Introductory programming: a systematic literature review,Andrew Luxton-Reilly; Simon; Ibrahim Albluwi; Brett A. Becker; Michail N. Giannakos; Amruth N. Kumar; Linda M. Ott; James H. Paterson; Michael Scott; Judy Sheard; Claudia Szabo,2018,,10.1145/3293881.3295779,https://openalex.org/W2910880405,adjacent-subtopic,"As computing becomes a mainstream discipline embedded in the school curriculum and acts as an enabler for an increasing range of academic disciplines in higher education, the literature on introductory programming is growing. Although there have been several reviews that focus on specific aspects of introductory programming, there has been no broad overview of the literature exploring recent trends across the breadth of introductory programming.",openalex,llm,0.980,unreviewed,,doi:10.1145/3293881.3295779
discarded,OverCode,Elena Leah Glassman; Jeremy Scott; Rishabh Kumar Singh; Philip J. Guo; Robert C. Miller,2015,ACM Transactions on Computer-Human Interaction,10.1145/2699751,https://openalex.org/W2076771354,adjacent-subtopic,"In MOOCs, a single programming exercise may produce thousands of solutions from learners. Understanding solution variation is important for providing appropriate feedback to students at scale. The wide variation among these solutions can be a source of pedagogically valuable examples and can be used to refine the autograder for the exercise by exposing corner cases. We present OverCode, a system for visualizing and exploring thousands of programming solutions. OverCode uses both static and dynamic analysis to cluster similar solutions, and lets teachers further filter and cluster solutions based on different criteria. We evaluated OverCode against a nonclustering baseline in a within-subjects study with 24 teaching assistants and found that the OverCode interface allows teachers to more quickly develop a high-level view of students' understanding and misconceptions, and to provide feedback that is relevant to more students' solutions.",openalex,llm,0.950,unreviewed,,doi:10.1145/2699751
discarded,Blending Problem Based Learning with Scientific Argumentation to Enhance Students’ Understanding of Basic Genetics,Tashi Choden; Sirinapa Kijkuakul,2019,International Journal of Instruction,10.29333/iji.2020.13129a,https://openalex.org/W2996139569,off-topic-false-hit,"Genetics can be a difficult topic to teach and learn in a traditional classroom.The objective of this qualitative classroom action research was to examine the effectiveness of a blend of problem-based learning (PBL) with scientific argumentation to improve student understanding of basic genetics.The research participants were grade 9 Bhutanese students accustomed to rote learning placed in small groups to competitively achieve a solution utilizing PBL and scientific argumentation.The six-week teaching intervention process was teacher evaluated daily and at the end of each unit followed by strategy and lesson adjustments by applying the cycles of action research: planning, acting, observing, and reflecting while considering the pre-and post-genetic tests, lesson plans, semi-structured observations, pre-and post-semi structured interviews, reflective journals, and, student learning tasks.Content analysis and method triangulation were used to confirm that the blending approach was effective in helping students to acquire basic knowledge and to eliminate most misconceptions about five central subtopics in the study of genetics: inheritance, variation, genetic engineering, cloning and evolution.An assessment of teacher journals and outsider evaluations of teacher lessons and presentations revealed an increasing teacher appreciation for the blended method.This intervention helped students become independent and active learners.",openalex,llm,1.000,unreviewed,,doi:10.29333/iji.2020.13129a
discarded,Environmentally Induced Epigenetic Transgenerational Inheritance of Ovarian Disease,Eric E. Nilsson; Ginger Larsen; Mohan Manikkam; Carlos Guerrero‐Bosagna; Marina I. Savenkova; Michael K. Skinner,2012,PLoS ONE,10.1371/journal.pone.0036129,https://openalex.org/W2025613570,off-topic-false-hit,"The actions of environmental toxicants and relevant mixtures in promoting the epigenetic transgenerational inheritance of ovarian disease was investigated with the use of a fungicide, a pesticide mixture, a plastic mixture, dioxin and a hydrocarbon mixture. After transient exposure of an F0 gestating female rat during embryonic gonadal sex determination, the F1 and F3 generation progeny adult onset ovarian disease was assessed. Transgenerational disease phenotypes observed included an increase in cysts resembling human polycystic ovarian disease (PCO) and a decrease in the ovarian primordial follicle pool size resembling primary ovarian insufficiency (POI). The F3 generation granulosa cells were isolated and found to have a transgenerational effect on the transcriptome and epigenome (differential DNA methylation). Epigenetic biomarkers for environmental exposure and associated gene networks were identified. Epigenetic transgenerational inheritance of ovarian disease states was induced by all the different classes of environmental compounds, suggesting a role of environmental epigenetics in ovarian disease etiology.",openalex,llm,1.000,unreviewed,,doi:10.1371/journal.pone.0036129
discarded,"Child Health, Developmental Plasticity, and Epigenetic Programming",Ze’ev Hochberg; Robert Feil; Miguel Constância; Mario F. Fraga; Claudine Junien; Jean‐Claude Carel; Pascal Boileau; Yves Le Bouc; Cheri Deal; Karen A. Lillycrop; Raphaël Scharfmann; A. Sheppard; Michelle A. Skinner; Moshe Szyf; Robert A. Waterland; David J. Waxman; E. Whitelaw; K. Ong; Kerstin G. Albertsson-Wikland,2010,Endocrine Reviews,10.1210/er.2009-0039,https://openalex.org/W2076472141,off-topic-false-hit,"Plasticity in developmental programming has evolved in order to provide the best chances of survival and reproductive success to the organism under changing environments. Environmental conditions that are experienced in early life can profoundly influence human biology and long-term health. Developmental origins of health and disease and life-history transitions are purported to use placental, nutritional, and endocrine cues for setting long-term biological, mental, and behavioral strategies in response to local ecological and/or social conditions. The window of developmental plasticity extends from preconception to early childhood and involves epigenetic responses to environmental changes, which exert their effects during life-history phase transitions. These epigenetic responses influence development, cell- and tissue-specific gene expression, and sexual dimorphism, and, in exceptional cases, could be transmitted transgenerationally. Translational epigenetic research in child health is a reiterative process that ranges from research in the basic sciences, preclinical research, and pediatric clinical research. Identifying the epigenetic consequences of fetal programming creates potential applications in clinical practice: the development of epigenetic biomarkers for early diagnosis of disease, the ability to identify susceptible individuals at risk for adult diseases, and the development of novel preventive and curative measures that are based on diet and/or novel epigenetic drugs.",openalex,llm,1.000,unreviewed,,doi:10.1210/er.2009-0039
discarded,Obesity as disruptor of the female fertility,Erica Silvestris; Giovanni De Pergola; Raffaele Rosania; Giuseppe Loverro,2018,Reproductive Biology and Endocrinology,10.1186/s12958-018-0336-z,https://openalex.org/W2800554476,off-topic-false-hit,"Both obesity and overweight are increasing worldwide and have detrimental influences on several human body functions including the reproductive health. In particular, obese women undergo perturbations of the 'hypothalamic pituitary ovarian axis', and frequently suffer of menstrual dysfunction leading to anovulation and infertility. Besides the hormone disorders and subfertility that are common in the polycystic ovary syndrome (PCOS), in obesity the adipocytes act as endocrine organ. The adipose tissue indeed, releases a number of bioactive molecules, namely adipokines, that variably interact with multiple molecular pathways of insulin resistance, inflammation, hypertension, cardiovascular risk, coagulation, and oocyte differentiation and maturation. Moreover, endometrial implantation and other reproductive functions are affected in obese women with complications including delayed conceptions, increased miscarriage rate, reduced outcomes in assisted conception treatments.On the contrary, weight loss programs through lifestyle modification in obese women, have been proven to restore menstrual cyclicity and ovulation and improve the likelihood of conception.",openalex,llm,1.000,unreviewed,,doi:10.1186/s12958-018-0336-z
discarded,The influence of core teaching conceptions on teachers' use of inquiry teaching practices,Christine R. Lotter; William S. Harwood; J. José Bonner,2007,Journal of Research in Science Teaching,10.1002/tea.20191,https://openalex.org/W2109129681,off-topic-false-hit,"Abstract This article investigates three teachers' conceptions and use of inquiry‐based instructional strategies throughout a professional development program. The professional development program consisted of a 2‐week summer inquiry institute and research experience in university scientists' laboratories, as well as three academic year workshops. Insights gained from an in‐depth study of these three secondary teachers resulted in a model of teacher conceptions that can be used to direct future inquiry professional development. Teachers' conceptions of inquiry teaching were established through intensive case–study research that incorporated extensive classroom observations and interviews. Through their participation in the professional development experience, the teachers gained a deeper understanding of how to implement inquiry practices in their classrooms. The teachers gained confidence and practice with inquiry methods through developing and presenting their institute‐developed inquiry lessons, through observing other teachers' lessons, and participating as students in the workshop inquiry activities. Data analysis revealed that a set of four core conceptions guided the teachers' use of inquiry‐based practices in their classrooms. The teachers' conceptions of science, their students, effective teaching practices, and the purpose of education influenced the type and amount of inquiry instruction performed in the high school classrooms. The research findings suggest that to be successful inquiry professional development must not only teach inquiry knowledge, but it must also assess and address teachers' core teaching conceptions. © 2007 Wiley Periodicals, Inc. J Res Sci Teach 44: 1318–1347, 2007",openalex,llm,1.000,unreviewed,,doi:10.1002/tea.20191
discarded,Sex differences in human mate preferences: Evolutionary hypotheses tested in 37 cultures,David Michael Buss,1989,Behavioral and Brain Sciences,10.1017/s0140525x00023992,https://openalex.org/W2157338817,off-topic-false-hit,"Abstract Contemporary mate preferences can provide important clues to human reproductive history. Little is known about which characteristics people value in potential mates. Five predictions were made about sex differences in human mate preferences based on evolutionary conceptions of parental investment, sexual selection, human reproductive capacity, and sexual asymmetries regarding certainty of paternity versus maternity. The predictions centered on how each sex valued earning capacity, ambition— industriousness, youth, physical attractiveness, and chastity. Predictions were tested in data from 37 samples drawn from 33 countries located on six continents and five islands (total N = 10,047). For 27 countries, demographic data on actual age at marriage provided a validity check on questionnaire data. Females were found to value cues to resource acquisition in potential mates more highly than males. Characteristics signaling reproductive capacity were valued more by males than by females. These sex differences may reflect different evolutionary selection pressures on human males and females; they provide powerful cross-cultural evidence of current sex differences in reproductive strategies. Discussion focuses on proximate mechanisms underlying mate preferences, consequences for human intrasexual competition, and the limitations of this study.",openalex,llm,1.000,unreviewed,,doi:10.1017/s0140525x00023992
discarded,Three pillars of sustainability: in search of conceptual origins,Ben Purvis; Yong Jian Mao; Darren Robinson,2018,Sustainability Science,10.1007/s11625-018-0627-5,https://openalex.org/W2888940799,off-topic-false-hit,"The three-pillar conception of (social, economic and environmental) sustainability, commonly represented by three intersecting circles with overall sustainability at the centre, has become ubiquitous. With a view of identifying the genesis and theoretical foundations of this conception, this paper reviews and discusses relevant historical sustainability literature. From this we find that there is no single point of origin of this three-pillar conception, but rather a gradual emergence from various critiques in the early academic literature of the economic status quo from both social and ecological perspectives on the one hand, and the quest to reconcile economic growth as a solution to social and ecological problems on the part of the United Nations on the other. The popular three circles diagram appears to have been first presented by Barbier (Environ Conserv 14:101, doi: 10.1017/s0376892900011449, 1987), albeit purposed towards developing nations with foci which differ from modern interpretations. The conceptualisation of three pillars seems to predate this, however. Nowhere have we found a theoretically rigorous description of the three pillars. This is thought to be in part due to the nature of the sustainability discourse arising from broadly different schools of thought historically. The absence of such a theoretically solid conception frustrates approaches towards a theoretically rigorous operationalisation of ‘sustainability’.",openalex,llm,1.000,unreviewed,,doi:10.1007/s11625-018-0627-5
discarded,Views of nature of science questionnaire: Toward valid and meaningful assessment of learners' conceptions of nature of science,Norm G. Lederman; Fouad Abd‐El‐Khalick; Randy L. Bell; Reneé Schwartz,2002,Journal of Research in Science Teaching,10.1002/tea.10034,https://openalex.org/W2140176804,off-topic-false-hit,"Abstract Helping students develop informed views of nature of science (NOS) has been and continues to be a central goal for kindergarten through Grade 12 (K–12) science education. Since the early 1960s, major efforts have been undertaken to enhance K–12 students and science teachers' NOS views. However, the crucial component of assessing learners' NOS views remains an issue in research on NOS. This article aims to (a) trace the development of a new open‐ended instrument, the Views of Nature of Science Questionnaire (VNOS), which in conjunction with individual interviews aims to provide meaningful assessments of learners' NOS views; (b) outline the NOS framework that underlies the development of the VNOS; (c) present evidence regarding the validity of the VNOS; (d) elucidate the use of the VNOS and associated interviews, and the range of NOS aspects that it aims to assess; and (e) discuss the usefulness of rich descriptive NOS profiles that the VNOS provides in research related to teaching and learning about NOS. The VNOS comes in response to some calls within the science education community to go back to developing standardized forced‐choice paper and pencil NOS assessment instruments designed for mass administrations to large samples. We believe that these calls ignore much of what was learned from research on teaching and learning about NOS over the past 30 years. The present state of this line of research necessitates a focus on individual classroom interventions aimed at enhancing learners' NOS views, rather than on mass assessments aimed at describing or evaluating students' beliefs. © 2002 Wiley Periodicals, Inc. J Res Sci Teach 39: 497–521, 2002",openalex,llm,1.000,unreviewed,,doi:10.1002/tea.10034
