status,title,authors,year,venue,doi,url,tags,abstract,provider,decision_source,llm_confidence,llm_review_outcome,llm_change_direction
discarded,Examining Science Teachers' Conceptions of Student Interest as a Consideration in Designing Assessments,"Penuel, William R.; O'Connor, Keelin; Allen, Anna-Ruth; Jacobs, Jennifer K.; Lo, Abraham S.",2025,JOURNAL OF SCIENCE TEACHER EDUCATION,10.1080/1046560X.2024.2435747,https://www.webofscience.com/wos/woscc/full-record/WOS:001374831700001,off-topic-false-hit; science-teachers; interest-conceptions,"A key goal of science education articulated in A Framework for K-12 Science Education is to create opportunities for students to answer questions about the world that connect to their interests, experiences, and identities. Interest can be seen as a malleable relationship between a person and object (such a phenomenon students might study). In this paper, we analyzed data from a design study of an online course focused on preparing 11 secondary teachers to design three-dimensional tasks that align to the Next Generation Science Standards and that connect to students' interests. Our data sources were teachers' descriptions of their design decisions about what phenomena to use to anchor assessment, designed assessment tasks, and interviews with them about those decisions. We found that interest was an important consideration for assessment design, but teachers considered student interests in different ways. Some teachers shifted their views of what it meant to engage student interests in the context of assessment design over the course of their participation in professional learning. Most teachers made decisions about what they believed their students were interested in based on their knowledge of students or beliefs about their students' interests. In supporting teachers to design summative assessments that link to students' interest, it is critical to assume teachers bring a range of conceptions of interest and to consider the feasibility and utility of task design tools from teachers' point of view.",wos,llm,1.000,unreviewed,
discarded,"IMMIGRANT CHILDREN IN THE ""UEMS ACOLHE"" PROGRAM: NARRATIVES OF EVERYDAY LIFE IN THE PEDAGOGY COURSE IN DOURADOS","Yamin, Giana Amaral; Campos, Miria Izabel; Pizatto, Adriana Mendonca; de Souza, Kamila Gabriela Dias",2024,PERSPECTIVAS EM DIALOGO-REVISTA DE EDUCACAO E SOCIEDADE,,https://www.webofscience.com/wos/woscc/full-record/WOS:001372958100010,off-topic-false-hit; pedagogy-course; immigrant-children,"The recovery of pedagogical documentation, constructed through mini-stories, supports the presentation of an experience whose objective was to analyze the conceptions that guided students' actions from the Pedagogy course at the State University of Mato Grosso do Sul, Dourados Unit. The actions were developed in 20 meetings - from April to November 2023 - and involved babies and children from immigrant families who followed the adults during weekly Portuguese language classes, offered by the UEMS Program called ACOLHE. The act of playing- considered the universal language of children- revealed itself as the trigger for experiences carried out in a non-formal space for education. The methodological construction and the analysis of narratives were supported by official documents of Education, Sociology of Childhood, and Visual Arts, among other scholars of children and childhood. Responsive planning fostered individualities and interests. The evaluation did not seek results, but rather understanding the children and planning experiences for them. In order to question the conception of the child as a consumer, the Pedagogy students restricted the offering of industrialized toys. They valued the act of playing and the toys as cultural constructions that guide values, actions, and behaviors. They also avoided exploring books and music disseminated in the media, which generate models of belonging desires and interfere in the construction of their identity. The results indicate that boys and girls are brave, they do not perceive stairs or slopes as obstacles, but rather as possibilities to live life in motion. The experience concludes the importance of teacher training that ignites perspectives and fosters an aesthetic sense in dialogue with ethical and political principles.",wos,llm,1.000,unreviewed,
discarded,Vertical networks in Architectural Projects: Architecture and Water,"De la Cova-Morillo Velarde, Miguel A.",2022,"X JORNADAS SOBRE INNOVACION DOCENTE EN ARQUITECTURA, JIDA 2022",10.5821/jida.2022.11528,https://www.webofscience.com/wos/woscc/full-record/WOS:001234598100007,off-topic-false-hit; architecture; teaching-methods,"Architectural Projects is the only area present throughout the Degree in Fundamentals of Architecture. Compared to other areas that figure their training as a ladder of knowledge, Architectural Projects has a more intertwined relationship in time, with recurring themes seen from different perspectives. Thus, all the groups of the Taller F collective have agreed on a common theme -Architecture and Waterthat has served as a claim to apply methodologies and instruments of mixtification, with its difficulties and successes: collective classes and workshops with students and teachers from all levels, some foreigners, face-to-face and virtual, thorough verified and new devices.",wos,llm,1.000,unreviewed,
discarded,CoreKD: Adaptive core-aware knowledge distillation for tiny object detection in remote sensing imagery,Zhou Z.,2027,Expert Systems with Applications,10.1016/j.eswa.2026.133869,https://www.scopus.com/inward/record.uri?partnerID=HzOxMe3b&scp=105046976419&origin=inward,off-topic-false-hit; object-detection; remote-sensing,,scopus,llm,1.000,unreviewed,
discarded,Making sense of student STEM identity: an ontological approach,Jiang Z.,2026,International Journal of Stem Education,10.1186/s40594-026-00625-y,https://www.scopus.com/inward/record.uri?partnerID=HzOxMe3b&scp=105044926380&origin=inward,off-topic-false-hit; stem-identity; ontology,,scopus,llm,1.000,unreviewed,
discarded,ACQUISITION OF THE SYSTEM OF PERSONAL PRONOUNS AND DIFFICULTIES IN LEARNING AND TEACHING CROATIAN AS A FOREIGN LANGUAGE,Frleta T.,2026,Croatica Et Slavica Iadertina,10.15291/csi.5073,https://www.scopus.com/inward/record.uri?partnerID=HzOxMe3b&scp=105046065811&origin=inward,off-topic-false-hit; language-learning; croatian,,scopus,llm,1.000,unreviewed,
discarded,Before the bedside: Exploring student perceptions of nursing to strengthen career commitment,Henderson K.W.,2026,Teaching and Learning in Nursing,10.1016/j.teln.2026.03.007,https://www.scopus.com/inward/record.uri?partnerID=HzOxMe3b&scp=105034667471&origin=inward,off-topic-false-hit; nursing; student-perceptions,,scopus,llm,1.000,unreviewed,
discarded,Exploring the student tariff disconnect: Support does not mean willingness to pay,Zhang C.,2026,International Journal of Management Education,10.1016/j.ijme.2026.101384,https://www.scopus.com/inward/record.uri?partnerID=HzOxMe3b&scp=105030264219&origin=inward,off-topic-false-hit; management-education; willingness-to-pay,,scopus,llm,1.000,unreviewed,
discarded,A Design-based Research Approach to Developing a Freshman EMI Compulsory Course: Selection and Application of Teaching Materials,Tang S.H.,2026,Journal of Research in Education Sciences,10.6209/JORIES.202606_71(2).0005,https://www.scopus.com/inward/record.uri?partnerID=HzOxMe3b&scp=105045508995&origin=inward,off-topic-false-hit; emi-course; teaching-materials,,scopus,llm,1.000,unreviewed,
discarded,"Preliminary Effects of ""One-on-One Tutorial System"" in Clinical Internship Teaching of Obstetrics and Gynecology Department",Liu Q.,2026,Medical Journal of Peking Union Medical College Hospital,10.12290/xhyxzz.2024-0849,https://www.scopus.com/inward/record.uri?partnerID=HzOxMe3b&scp=105043155389&origin=inward,off-topic-false-hit; clinical-internship; medical-education,,scopus,llm,1.000,unreviewed,
discarded,Weakly supervised 3D object detection based on depth completion and cross-modal distillation,Cao H.,2026,Chang an Daxue Xuebao Ziran Kexue Ban Journal of Chang an University Natural Science Edition,10.19721/j.cnki.1671-8879.2026.03.009,https://www.scopus.com/inward/record.uri?partnerID=HzOxMe3b&scp=105043048574&origin=inward,off-topic-false-hit; 3d-object-detection; computer-vision,,scopus,llm,1.000,unreviewed,
discarded,Advancing Problem-Based Learning in Biomedical Engineering in the Era of Generative AI,Nnamdi M.C.,2026,IEEE Transactions on Education,10.1109/TE.2026.3658007,https://www.scopus.com/inward/record.uri?partnerID=HzOxMe3b&scp=105031663829&origin=inward,off-topic-false-hit; biomedical-engineering; problem-based-learning,,scopus,llm,1.000,unreviewed,
discarded,The Phenomenon of Student Press in the Early 20th Century as an Object of Historical Anthropology: Toward a Reading of “Texts from Below” (“Artichokes and Almonds” and “Anopheles”),Tleptsok R.A.,2026,Bylye Gody,10.13187/bg.2026.1.469,https://www.scopus.com/inward/record.uri?partnerID=HzOxMe3b&scp=105032151164&origin=inward,off-topic-false-hit; historical-anthropology; student-press,,scopus,llm,1.000,unreviewed,
discarded,Digital Game Making and Game Templates Promotes Learner Engagement in Non-computing Based Classroom Teaching,Hughes-Roberts T.,2026,Technology Knowledge and Learning,10.1007/s10758-023-09654-w,https://www.scopus.com/inward/record.uri?partnerID=HzOxMe3b&scp=85160815253&origin=inward,adjacent-subtopic; game-making; non-computing-classroom,,scopus,llm,0.900,unreviewed,
discarded,Music and the imaging of culture: Afrikaans and South African perspectives,Muller S.,2026,Tydskrif Vir Geesteswetenskappe,10.17159/TGW.2026.66.1.4321,https://www.scopus.com/inward/record.uri?partnerID=HzOxMe3b&scp=105035918211&origin=inward,off-topic-false-hit; music; culture,,scopus,llm,1.000,unreviewed,
discarded,"Correction to: Students’ experiences with school reintegration after psychiatric hospitalization: a scoping review (European Child & Adolescent Psychiatry, (2025), 10.1007/s00787-025-02813-7)",Sainsbury K.,2026,European Child and Adolescent Psychiatry,10.1007/s00787-025-02830-6,https://www.scopus.com/inward/record.uri?partnerID=HzOxMe3b&scp=105018097850&origin=inward,off-topic-false-hit; erratum; psychiatric-hospitalization,,scopus,llm,1.000,unreviewed,
discarded,Addressing Chemical Misconceptions Based on Multi-Representation with the PIMOTS Multimedia-Assisted Inquiry Learning Model,Sukarmin ,2026,Perspektivy Nauki I Obrazovania,10.32744/pse.2026.1.20,https://www.scopus.com/inward/record.uri?partnerID=HzOxMe3b&scp=105043382925&origin=inward,off-topic-false-hit; chemistry-misconceptions; multimedia,,scopus,llm,1.000,unreviewed,
discarded,Feedback with BERT: When Detecting Students’ Misconceptions Becomes Automatic,Steveny G.,2026,Communications in Computer and Information Science,10.1007/978-3-032-25305-7_38,https://www.scopus.com/inward/record.uri?partnerID=HzOxMe3b&scp=105040177957&origin=inward,adjacent-subtopic; automatic-misconception-detection; general-education-tech,,scopus,llm,0.700,unreviewed,
discarded,Factors associated with career decision-making difficulties among undergraduate nursing students: a latent profile analysis,Zhou H.,2026,Frontiers in Medicine,10.3389/fmed.2025.1644508,https://www.scopus.com/inward/record.uri?partnerID=HzOxMe3b&scp=105027873561&origin=inward,off-topic-false-hit; nursing; career-decision,,scopus,llm,1.000,unreviewed,
discarded,Adaptively Hard-Aware Temperature Scaling for Multi-Label Distillation,Li C.,2026,IEEE Transactions on Circuits and Systems for Video Technology,10.1109/TCSVT.2026.3694911,https://www.scopus.com/inward/record.uri?partnerID=HzOxMe3b&scp=105039641585&origin=inward,off-topic-false-hit; knowledge-distillation; multi-label,,scopus,llm,1.000,unreviewed,
discarded,Consumer-Level Tai-Chi Teaching Assistance System: Feedback-Based Teaching of Traditional Chinese Sports in University Environments Integrating Visual Information and Virtual Reality,Zhang W.,2026,International Journal of Human Computer Interaction,10.1080/10447318.2025.2532709,https://www.scopus.com/inward/record.uri?partnerID=HzOxMe3b&scp=105012482861&origin=inward,off-topic-false-hit; tai-chi; teaching-assistance,,scopus,llm,1.000,unreviewed,
discarded,Genetic Decomposition for Teaching Recursive Algorithms,Guaña C.E.S.,2026,Lecture Notes in Networks and Systems,10.1007/978-3-032-09074-4_48,https://www.scopus.com/inward/record.uri?partnerID=HzOxMe3b&scp=105027151892&origin=inward,adjacent-subtopic; recursion; teaching-algorithms,,scopus,llm,0.950,unreviewed,
discarded,Loss of Self in Survivors of Narcissistic Abuse: A Psychodynamic Study of Relational Trauma,Mohd Ali F.R.,2026,Psychoanalytic Social Work,10.1080/15228878.2026.2699629,https://www.scopus.com/inward/record.uri?partnerID=HzOxMe3b&scp=105044249844&origin=inward,off-topic-false-hit; psychodynamic-study; identity,,scopus,llm,1.000,unreviewed,
discarded,An LLM-Assisted Framework for Ontology Construction from UCSY Research Papers,Thaw T.Z.,2026,Proceedings of the 23rd IEEE International Conference on Computer Applications Icca 2026,10.1109/ICCA69280.2026.11485647,https://www.scopus.com/inward/record.uri?partnerID=HzOxMe3b&scp=105040724626&origin=inward,off-topic-false-hit; ontology-construction; research-papers,,scopus,llm,1.000,unreviewed,
discarded,Improving Crowded Head Detection with Task-Aware Focal Modulation and Feature-Crossing Knowledge Distillation,Sui Y.,2026,IEEE Access,10.1109/ACCESS.2026.3690800,https://www.scopus.com/inward/record.uri?partnerID=HzOxMe3b&scp=105038631142&origin=inward,off-topic-false-hit; head-detection; knowledge-distillation,,scopus,llm,1.000,unreviewed,
discarded,Core Ideas of Intersectional Frameworks,Collins P.H.,2026,Readings for Diversity and Social Justice Fifth Edition,10.4324/9781003296645-9,https://www.scopus.com/inward/record.uri?partnerID=HzOxMe3b&scp=105032361533&origin=inward,off-topic-false-hit; intersectionality; social-justice,,scopus,llm,1.000,unreviewed,
discarded,Climate Justice Principles,,2026,Readings for Diversity and Social Justice Fifth Edition,10.4324/9781003296645-10,https://www.scopus.com/inward/record.uri?partnerID=HzOxMe3b&scp=105032360247&origin=inward,off-topic-false-hit; climate-justice; social-justice,,scopus,llm,1.000,unreviewed,
discarded,Two-stage knowledge distillation method for lightweight face recognition,Tang X.,2026,Journal of Image and Graphics,10.11834/jig.250454,https://www.scopus.com/inward/record.uri?partnerID=HzOxMe3b&scp=105047736388&origin=inward,off-topic-false-hit; face-recognition; knowledge-distillation,,scopus,llm,1.000,unreviewed,
discarded,Factors that influence teaching and learning in Police Schools in Colombia,Pachón Gutiérrez R.,2025,Revista Tecnologica Espol,10.37815/rte.v37n2.1375,https://www.scopus.com/inward/record.uri?partnerID=HzOxMe3b&scp=105037076217&origin=inward,off-topic-false-hit; police-schools; teaching-learning,,scopus,llm,1.000,unreviewed,
discarded,Breaking the limitations of scenes and sensors variability: A novel unsupervised domain adaptive instance segmentation framework for agricultural field extraction,Wei R.,2025,Remote Sensing of Environment,10.1016/j.rse.2025.115051,https://www.scopus.com/inward/record.uri?partnerID=HzOxMe3b&scp=105027628317&origin=inward,off-topic-false-hit; instance-segmentation; remote-sensing,,scopus,llm,1.000,unreviewed,
discarded,Wicked Problems: Graduate Students’ Experiences in A Convergent Research Environment,Jones M.G.,2025,Research in Science Education,10.1007/s11165-025-10249-x,https://www.scopus.com/inward/record.uri?partnerID=HzOxMe3b&scp=105002172603&origin=inward,off-topic-false-hit; graduate-students; science-education,,scopus,llm,1.000,unreviewed,
discarded,"Erratum regarding missing Informed Consent statements in previously published articles in Volumes 9C and 10C (Ampersand (2022) 9, (S2215039021000096), (10.1016/j.amper.2021.100081))",,2025,Ampersand,10.1016/j.amper.2025.100230,https://www.scopus.com/inward/record.uri?partnerID=HzOxMe3b&scp=105011070417&origin=inward,off-topic-false-hit; erratum; not-relevant,,scopus,llm,1.000,unreviewed,
discarded,Navigating Gender Identity in India: Social and Cultural Perspectives on Gender Sustainability,Pannikot D.,2025,Navigating Gender Identity in India Social and Cultural Perspectives on Gender Sustainability,10.1108/978-1-83708-194-3,https://www.scopus.com/inward/record.uri?partnerID=HzOxMe3b&scp=105024737492&origin=inward,off-topic-false-hit; gender-identity; social-cultural,,scopus,llm,1.000,unreviewed,
discarded,‘Do I have to go through all of that again?’ Class and rurality as barriers in the higher education pathways of queer students,Shannon B.,2025,Australian Educational Researcher,10.1007/s13384-025-00879-5,https://www.scopus.com/inward/record.uri?partnerID=HzOxMe3b&scp=105013215408&origin=inward,off-topic-false-hit; higher-education; queer-students,,scopus,llm,1.000,unreviewed,
discarded,"“Learn, practice, test” integrated dynamic generation method for software security course experiments",Xu F.,2025,Experimental Technology and Management,10.16791/j.cnki.sjg.2025.11.026,https://www.scopus.com/inward/record.uri?partnerID=HzOxMe3b&scp=105032791043&origin=inward,adjacent-subtopic; software-security-course; assessment-generation,,scopus,llm,0.930,unreviewed,
discarded,Relationships between borderline personality disorder features and client variables: Insights from variable- and person-centered analyses,Karimi S.,2025,Acta Psychologica,10.1016/j.actpsy.2025.105838,https://www.scopus.com/inward/record.uri?partnerID=HzOxMe3b&scp=105020071842&origin=inward,off-topic-false-hit; psychology; person-centered-analysis,,scopus,llm,1.000,unreviewed,
discarded,The Power of Tentative Truth: The Impacts of Enhanced Science Instruction on Student Paranormal Beliefs,Basir M.,2025,Science and Education,10.1007/s11191-024-00552-w,https://www.scopus.com/inward/record.uri?partnerID=HzOxMe3b&scp=85200948069&origin=inward,off-topic-false-hit; science-instruction; paranormal-beliefs,,scopus,llm,1.000,unreviewed,
discarded,Challenges of Pronouncing and Applying Thai Tone Rules Faced by Vietnamese Learners,Linh P.P.,2025,Journal of Arts and Thai Studies,10.69598/artssu.2025.4810,https://www.scopus.com/inward/record.uri?partnerID=HzOxMe3b&scp=105027676530&origin=inward,off-topic-false-hit; thai-tone-rules; language-learning,,scopus,llm,1.000,unreviewed,
discarded,'Golden Bridge' and 'Educational Experiment': Exploring the Experiences of Students and Teachers in Preferential Classes for Ethnic Minority Students in China,Liu X.,2025,Ethnic Minorities Cultural Perspectives Stereotypes and Social Challenges,,https://www.scopus.com/inward/record.uri?partnerID=HzOxMe3b&scp=105021076178&origin=inward,off-topic-false-hit; ethnic-minority-students; education-experiences,,scopus,llm,1.000,unreviewed,
discarded,Inventory of Galilean Transformation of uniform linear motion in position-time graphs,Merki E.B.,2025,Physical Review Physics Education Research,10.1103/ww1x-kr12,https://www.scopus.com/inward/record.uri?partnerID=HzOxMe3b&scp=105023426151&origin=inward,off-topic-false-hit; physics-education; inventory,,scopus,llm,1.000,unreviewed,
discarded,Language teaching in the 21st century: Incorporating culturally sustaining pedagogies for social and cognitive justice in education,Perales-Fernández-De-Gamboa A.,2025,Applied Linguistics Review,10.1515/applirev-2024-0208,https://www.scopus.com/inward/record.uri?partnerID=HzOxMe3b&scp=85206325038&origin=inward,off-topic-false-hit; language-teaching; pedagogy,,scopus,llm,1.000,unreviewed,
discarded,Design for the future: optimizing mediations in L2 dynamic assessment,Jin C.,2025,Elt Journal,10.1093/elt/ccaf001,https://www.scopus.com/inward/record.uri?partnerID=HzOxMe3b&scp=105008142437&origin=inward,off-topic-false-hit; l2-assessment; language-learning,,scopus,llm,1.000,unreviewed,
discarded,Confucian Culture: The Scapegoat of Chinese EFL Students’ Unwillingness to Communicate,Yu F.X.,2025,3l Language Linguistics Literature,10.17576/3L-2025-3101-22,https://www.scopus.com/inward/record.uri?partnerID=HzOxMe3b&scp=105002776662&origin=inward,off-topic-false-hit; efl-students; communication,,scopus,llm,1.000,unreviewed,
kept,"Understanding the &quot;this&quot; reference in object oriented programming: Misconceptions, conceptions, and teaching recommendations.",Ronit Shmallo; Noa Ragonis,2021,Educ. Inf. Technol.,10.1007/S10639-020-10265-6,https://dblp.org/rec/journals/eait/ShmalloR21,supports-claim; this-reference; misconceptions,,dblp,llm,0.960,unreviewed,
kept,On the Students&apos; Misconceptions in Object-Oriented Language Constructs.,Pasquale Ardimento; Mario Luca Bernardi; Marta Cimitile,2019,HELMeTO,10.1007/978-3-030-31284-8_8,https://dblp.org/rec/conf/helmeto/ArdimentoBC19,supports-claim; language-constructs; misconceptions,,dblp,llm,0.870,unreviewed,
kept,A Diagnostic Tool for Assessing Students&apos; Perceptions and Misconceptions Regards the Current Object &quot;this&quot;.,Noa Ragonis; Ronit Shmallo,2018,ISSEP,10.1007/978-3-030-02750-6_7,https://dblp.org/rec/conf/issep/NoaR18,supports-claim; this-reference; diagnostic-tool,,dblp,llm,0.930,unreviewed,
kept,Checklists for grading object-oriented CS1 programs: concepts and misconceptions.,Kate Sanders 0001; Lynda Thomas,2007,ITiCSE,10.1145/1268784.1268834,https://dblp.org/rec/conf/iticse/SandersT07,supports-claim; class-object-misconceptions; cs1; object-concept,,dblp,llm_reviewed,0.950,confirmed,
kept,Avoiding object misconceptions.,Simon Holland; Robert Griffiths 0002; Mark Woodman,1997,SIGCSE,10.1145/268084.268132,https://dblp.org/rec/conf/sigcse/HollandGW97,supports-claim; object-misconceptions; teaching,,dblp,llm,0.880,unreviewed,
