status,title,authors,year,venue,doi,url,tags,abstract,provider,decision_source,llm_confidence,llm_review_outcome,llm_change_direction,paper_id
discarded,A Metaphor-Based Approach for Introducing Programming Concepts,Colin Chibaya,2019,2019 International Multidisciplinary Information Technology and Engineering Conference (IMITEC),10.1109/IMITEC45504.2019.9015888,https://ieeexplore.ieee.org/document/9015888/,adjacent-subtopic,"Comprehending programming concepts is challenging to most first-time programming students. It calls for subtle logical thinking and elusive reflection capabilities for students to grasp the technical jargon in textbooks. Lecturers are, therefore, challenged to dig deep for relevant examples and metaphors with which to satisfactorily explain programming concepts. However, it is a daunting task for lecturers to gather cumbersome phenomena which carter for demographically diverse groups of students found in universities. Therefore, student success is subjectively dependent on lecturers' dynamics in the classrooms. Metaphors are figurative speeches used to alike one object to something else. They are representative of literals. Use of metaphors to describe programming concepts is possible. However, the effectiveness of metaphors would depend on the contexts from which they are formulated. Metaphors formulated by students, aligned to students' contexts, can be a compelling resource in the teaching and learning of programming concepts. Such metaphors, often, cross between curricula and, usually, cutthrough students' demographic boundaries. Student-devised metaphors bring dreaded technical jargon closer to theirworlds. Misinterpretations of metaphoric views are habitually immediately attended to through peer-initiated forums. This paper investigates, as a case study and proof of concept, the design, implementation and evaluation of a student-articulated metaphor-based model forthe teaching and learning of specific programming concepts. A few concepts are used in the study. However, the bigger picture is visible. Three groups of students participated. Eighty students who already completed a programming course partook to share their learning stylesand toelucidate metaphoric views of their understanding of the concepts under study. A control group of 100 programming students in first year is included in the study following traditional procedures of learning the same concepts. Anexperimental group of 100 followed the metaphor-based model. A common test was administered at the end of a set study period. The experimental group out-performed the control group. Apart from presenting an alternative teaching and learning model, the metaphor-based approach fosters deep learning.",ieee,llm,0.940,unreviewed,,doi:10.1109/imitec45504.2019.9015888
discarded,About Adaptive Coding on Countable Alphabets: Max-Stable Envelope Classes,Stéphane Boucheron; Elisabeth Gassiat; Mesrob I. Ohannessian,2015,IEEE Transactions on Information Theory,10.1109/TIT.2015.2455058,https://ieeexplore.ieee.org/document/7163339/,off-topic-false-hit,"In this paper, we study the problem of lossless universal source coding for stationary memoryless sources on countably infinite alphabets. This task is generally not achievable without restricting the class of sources over which universality is desired. Building on our prior work, we propose natural families of sources characterized by a common dominating envelope. We particularly emphasize the notion of adaptivity, which is the ability to perform as well as an oracle knowing the envelope, without actually knowing it. This is closely related to the notion of hierarchical universal source coding, but with the important difference that families of envelope classes are not discretely indexed and not necessarily nested. Our contribution is to extend the classes of envelopes over which adaptive universal source coding is possible, namely by including max-stable (heavy-tailed) envelopes which are excellent models in many applications, such as natural language modeling. We derive a minimax lower bound on the redundancy of any code on such envelope classes, including an oracle that knows the envelope. We then propose a constructive code that does not use knowledge of the envelope. The code is computationally efficient and is structured to use an expanding threshold for auto-censoring (ETAC), and we therefore dub it the ETAC-code. We prove that the ETAC-code achieves the lower bound on the minimax redundancy within a factor logarithmic in the sequence length, and can be therefore qualified as a near-adaptive code over families of heavy-tailed envelopes. For finite and light-tailed envelopes, the penalty is even less, and the same code follows closely previous results that explicitly made the light-tailed assumption. Our technical results are founded on methods from regular variation theory and concentration of measure.",ieee,llm,1.000,unreviewed,,doi:10.1109/tit.2015.2455058
kept,Novice comprehension of Object-Oriented OO programs: An empirical study,Ahmed S Alardawi; Agil M Agil,2015,2015 World Congress on Information Technology and Computer Applications (WCITCA),10.1109/WCITCA.2015.7367057,https://ieeexplore.ieee.org/document/7367057/,supports-claim,"Class structure represents one of the essential concepts of Object-Oriented paradigm and therefore, a good understanding of this concept will positively affect the effectiveness of novice programmers. Comprehension underpins many programming activities such as program design and program implementation. Program comprehension represents in this context a mental model approach that involves interesting theoretical frameworks of program comprehension. Our starting point is Burkhardt cognitive model for OO program comprehension [1]. The model considers two distinct but interacting models: program and situation. Our focus does not rely primarily in distinguishing between these models, but use both of them to assess the influence on novices of class structure on program comprehension. We report on an empirical study that aims of to investigate the effect of class structure on program comprehension for novices using controlled experimentation in which the treatments were a simple program without class structure versus the same program with classes present; they are termed respectively as: Non-Class based program and as Class based program. Data was collected from three different sets of experiments comprising of a total of 211 undergraduate first year computer science students from different institutions. Preliminary findings of this investigation are reported, in particular results indicate that Class based programs were more understandable, readable, and accessible than the corresponding Non-Class based programs. Our findings align with and support those works that claim the cognitive benefits of the OO paradigm. Directions for future research are highlighted.",ieee,llm,0.960,unreviewed,,doi:10.1109/wcitca.2015.7367057
kept,Object-Oriented Programming: Diagnosis Understanding by Identifying and Describing Novice Perceptions,Henry Julie; Dumas Bruno; Heymans Patrick; Leclercq Tony,2020,2020 IEEE Frontiers in Education Conference (FIE),10.1109/FIE44824.2020.9273990,https://ieeexplore.ieee.org/document/9273990/,supports-claim,"This work in progress focuses on oriented-object programming (OOP) education. The purpose of this contribution is to validate a methodology for building a concept inventory (CI) dedicated to OOP. The long-term study presented here concerns the variable programming concept. Teaching programming is a major issue due to the misconceptions of the students, notably in the OOP paradigm. Teachers need to be aware of the existence of these misconceptions, their variety and when they appear in order to quickly and efficiently correct them. A CI can measure students' understanding of a set of concepts at a precise time. To measure the evolution of student's understanding over a semester, the CI has to be administrated several times along a specific timeline. In the context of a 60-hour OOP course, a preliminary qualitative study was conducted during the 2018-2019 academic year. Semi-structured interviews were conducted with 13 students following the OOP course. Each student was interviewed three times over a semester: Before the course, at mid-term over the semester, and after the course. Six students' perceptions of the variable programming concept were identified and used to build the OOP CI. During the 2019-2020 academic-year, the CI was administred to 107 students following the OOP course. Three administrations were organized according to a specific timeline, aiming both to confirm the results of the preliminary study and to quantify the occurrence of the six perceptions in a class of students. Based on the results obtained, the methodology appears to be effective in building a OOP CI.",ieee,llm,0.900,unreviewed,,doi:10.1109/fie44824.2020.9273990
discarded,DAVE: A Dynamic Algorithm Visualization Environment for Novice Learners,Euripides Vrachnos; Athanassios Jimoyiannis,2008,2008 Eighth IEEE International Conference on Advanced Learning Technologies,10.1109/ICALT.2008.148,https://ieeexplore.ieee.org/document/4561697/,adjacent-subtopic,"Acquiring knowledge about algorithms and programming skills is a difficult and complex process in particular. Various algorithm visualization systems have been developed, using animation techniques to illustrate the behavior of basic algorithms, to facilitate studentspsila learning and skills development. This paper presents DAVE, an interactive dynamic algorithm visualization system for the introductory lessons in algorithm design and programming. DAVE allows studentspsila experimentation not only with sample algorithms, constructed by the designer, but, mainly, with the automatic animation of their own algorithms.",ieee,llm,0.980,unreviewed,,doi:10.1109/icalt.2008.148
discarded,The Effects of Prior Computer Experience and Gender on High School Students' Learning of Computer Science Concepts from Instructional Simulations,Ming-Puu Chen,2010,2010 10th IEEE International Conference on Advanced Learning Technologies,10.1109/ICALT.2010.173,https://ieeexplore.ieee.org/document/5572576/,adjacent-subtopic,"The purpose of this study was to examine the effects of prior computer knowledge and gender on high school novices' learning of computer science concepts from instructional simulations designed based an experiential-based pedagogical perspective. There were 94 10th-graders taking the introductory course on computer science identified as the low and high prior computer knowledge in this study. Participants' motivation and perceived-usefulness toward the employed instructional simulations and performance were evaluated. A quasi-experimental study was employed to examine the effects of prior computer knowledge and gender on dependent measures. The results indicated that (a) the high-prior-knowledge learners possessed higher motivation and perceived-usefulness toward the employed instructional simulations, (b) males revealed higher motivation and perceived-usefulness than females, (c) females outperformed males on the performance evaluation, and finally, (d) the low prior computer knowledge learners performed as well as the high-prior-knowledge learners while learning from instructional simulations.",ieee,llm,0.970,unreviewed,,doi:10.1109/icalt.2010.173
discarded,An Object Oriented Floating Fuzzy Decision Model for Evaluating the Student Performance,Ditdit Nugeraha Utama,2023,2023 6th International Seminar on Research of Information Technology and Intelligent Systems (ISRITI),10.1109/ISRITI60336.2023.10467360,https://ieeexplore.ieee.org/document/10467360/,off-topic-false-hit,"The concept of object-oriented (OO) serves is a fundamental approach in the development of models. The stages associated with this method contribute significantly to ensuring that the resulting model is both lucid and transparent. The primary objective of the study is to create a decision model for evaluating student performance. Floating fuzzy logic (FFL) is employed as a technique to handle fluctuating data within the model. Moreover, OO conception plays a central role in analyzing, designing, and constructing the model through the utilization of four distinct types of Unified Modeling Language (UML) diagrams: object, activity, state-machine, and sequence diagrams. The model itself is crafted using the Python programming language and executed in the Google Colab platform. Additionally, this model has the capability to simulate changes in students' performance on a semester-by -semester basis, exhibiting a variance of 15 % when compared to the conventional fuzzy logic model.",ieee,llm,1.000,unreviewed,,doi:10.1109/isriti60336.2023.10467360
kept,Thinking in imperative or objects? A study on how novice programmer thinks when it comes to designing an application,Sim Tze Ying,2019,"2019 IEEE International Conference on Engineering, Technology and Education (TALE)",10.1109/TALE48000.2019.9225966,https://ieeexplore.ieee.org/document/9225966/,supports-claim,"Novice programming is a challenging subject to teach and learn. However, programming is an essential skill that is required by many majors apart from Computer Science. The challenges in a novice programming subject change according to the programming language used. At the beginning of the 90s, the object-oriented programming was introduced. Detienne claimed that it is easier for programmers to program using the object-first approach as humans think naturally in objects. The IEEE and ACM joint task force on Computing Curriculum proposed two tracks of curriculum, one for imperative-first and the other for object-first implementation. However, most of the work conducted on novice programming focused on the issues of syntax errors, reducing the possibilities of syntax error through a new or adapted programming environment. This paper will present the preliminary work to investigate if students will naturally think in objects or a series of steps. Three intervention methods were implemented in three different workshops. The intervention methods are the object-first, the imperative-first and the problem-solving-first. The students are then requested to design an application. Through the design, the research will identify if the students use the object-first or the imperative-first design. Assuming that the object-first intervention group will design primarily in objects, and the imperative-first intervention group in a series of steps, the problem-solving intervention will be the “neutral” group. The object-first design is reflected through the attributes and methods of a particular object. The imperative-first design is identified if the solution contains a series of steps. The findings show that most of the students designed the application using a series of steps reflecting the imperative-first design. This finding should be included when considering if imperative-first or object-first should be the way forward for a novice programming subject.",ieee,llm,0.910,unreviewed,,doi:10.1109/tale48000.2019.9225966
kept,The impact of experience on individual performance and workload differences using object-oriented and process-oriented systems analysis techniques,M.G. Morris; C. Speier; J.A. Hoffer,1996,Proceedings of HICSS-29: 29th Hawaii International Conference on System Sciences,10.1109/HICSS.1996.495404,https://ieeexplore.ieee.org/document/495404/,qualifies-claim,"Interest in object oriented analysis (OOA) and object oriented design (OOD) has increased over the last several years. Proponents of OOA and OOD have called the shift to these methods ""revolutionary"" and have cited a number of impressive claims with respect to their use. However, empirical research investigating these claims remains in its infancy. This research study was conducted to test theoretical hypotheses designed to better understand the findings of previous research. The paper presents the results of an empirical study which examined both experienced and novice systems analysts using both procedural and object oriented techniques. This research examined whether experience in using procedural methods helped or hindered performance using OOA and compared procedural and OOA methods on the subjective mental workload induced. A cognitive processing model adapted from DeSanctis (1984) and Huchins, Hollan, and Norman (1985) provided the theoretical framework for this study. Dependent variables include subjective mental workload time to perform task, and attitudinal measures. While some of these dependent variables have been used in past research, we believe this is the first time that subjective mental workload (SMW) has been examined in an IS context. Our results indicate that both novice and experienced subjects demonstrate higher SMW when using OOA. However as a group, novices prefer object oriented techniques and find these techniques easier as compared to experienced subjects.",ieee,llm,0.980,unreviewed,,doi:10.1109/hicss.1996.495404
kept,Teaching sequence diagrams to programming beginners: And the change of algorithmic conceptions,Philipp Shah; Peter Hubwieser,2017,2017 IEEE Global Engineering Education Conference (EDUCON),10.1109/EDUCON.2017.7942863,https://ieeexplore.ieee.org/document/7942863/,supports-claim,Computer science students could have different concepts and misconceptions about the order of statements of object-oriented programming code and their effects. This paper shows the positive influence of early teaching UML sequence diagrams to programming beginners to their concepts of programming statements and the order thereof.,ieee,llm,0.960,unreviewed,,doi:10.1109/educon.2017.7942863
discarded,Investigating Mental Models of Mechanical Engineering Students,Frieder Loch; Birgit Vogel-Heuser; Frank Reinhold; Saskia Böck; Sarah Hofer; Kristina Reiss,2019,2019 18th International Conference on Information Technology Based Higher Education and Training (ITHET),10.1109/ITHET46829.2019.8937356,https://ieeexplore.ieee.org/document/8937356/,off-topic-false-hit,"Today's innovation processes are interdisciplinary and require communication between stakeholders from different domains. The compatibility of mental models, which determine how individuals think about technical problems, decides the success of this communication. Previous research indicates that mechanical engineering students prefer procedural over structural approaches. However, structured research into the source of this preference is rare. This paper presents a study (n = 67) that investigates the mental models of mechanical engineering students of technical systems. Results indicate that mental models may depend on the presentation of a problem. A questionnaire yielded a preference for a procedural approach, while questions prompting verbal information instead yield a structural preference.",ieee,llm,0.990,unreviewed,,doi:10.1109/ithet46829.2019.8937356
discarded,The GOBSTONES method for teaching computer programming,Pablo E. Martínez López; Daniel Ciolek; Gabriela Arévalo; Denise Pari,2017,2017 XLIII Latin American Computer Conference (CLEI),10.1109/CLEI.2017.8226428,https://ieeexplore.ieee.org/document/8226428/,adjacent-subtopic,"Within the context of Argentina universities that have computer science degrees in their curricula, one of the major challenges is to teach an introductory programming course for the first semester. The problem appears because the students come with serious deficiencies from their previous education level (secondary schools). Among these deficiencies, we identify their lack of abstraction capabilities and mathematical skills, which are usually considered as prerrequisites to take a programming course. This article introduces the GOBSTONES method for teaching an introductory programming course. The method was developed at the Universidad Nacional de Quilmes in Argentina, taking into account the described background of the students, and has shown a positive impact by improving the passing rate of those students. GOBSTONES method's main goal was to foster abstraction and abstract thinking to students that have not developed good abstraction skills. A programming language, also called GOB-STONES, was developed to implement the ideas presented herein. The method focuses on the representation of information, both at the level of code in the form of procedures to express abstraction, and at the level of the universe of discourse, which is a concrete one, but allowing the representation of information in a simple way. Moreover, the tools implementing GOBSTONES have a feature that enables the student to see a visualization of the represented elements.",ieee,llm,0.980,unreviewed,,doi:10.1109/clei.2017.8226428
