status,title,authors,year,venue,doi,url,tags,abstract,provider,decision_source,llm_confidence,llm_review_outcome,llm_change_direction,paper_id
discarded,Markov Decision Processes for Scheduling Lunar PNT Services,G.C. Vila,2024,Proceedings of the International Technical Meeting of the Satellite Division of the Institute of Navigation Ion Gnss,10.33012/2024.19850,https://www.scopus.com/inward/record.uri?partnerID=HzOxMe3b&scp=105012764049&origin=inward,off-topic-false-hit,"The renewed focus on lunar exploration, highlighted by over a hundred planned missions in the coming decade, calls for developing a dedicated lunar Positioning, Navigation, and Timing (PNT) and communication infrastructure. This need led to the conception of LunaNet, a collaborative network that facilitates interoperability among commercial and governmental entities through standard protocols and interfaces. Given the expected use of small satellite constellations with limited resources for initial lunar PNT infrastructure, the efficient scheduling of tasks and resources becomes paramount for ensuring reliable and timely services. Furthermore, the increased autonomy of future missions necessitates the development of User-Initiated Services (UIS) to allow assets to autonomously access network services, highlighting the dynamic nature of scheduling needs. This work introduces a novel scheduling framework for optimizing lunar PNT and communication services within the context of LunaNet. Relying on a Semi-Markov Decision Process (SMDP) formulation to incorporate multiple satellites while considering the dynamics of user requests and operational constraints, the proposed approach aims to optimize satellite task scheduling to ensure efficient resource use and service delivery. This framework considers various operational constraints, including onboard power and data limits, and is designed to adapt schedules dynamically to user requests. The proposed method is benchmarked against traditional approaches, such as rule-based and Integer Linear Programming (ILP) methods, to demonstrate its effectiveness in optimizing service delivery and resource utilization. The main contribution of this work is a flexible, efficient solution for scheduling lunar PNT services, accommodating the dynamic nature of lunar missions, and enhancing the autonomy of future lunar exploration efforts.",scopus,llm,1.000,unreviewed,,doi:10.33012/2024.19850
discarded,Smart solutions for veterans: Enhancing amputee self-care through mobile technology,A. Khatib,2024,Frontiers in Health Informatics,10.30699/fhi.v13i0.563,https://www.scopus.com/inward/record.uri?partnerID=HzOxMe3b&scp=85185321927&origin=inward,off-topic-false-hit,"Introduction: Disability arising from amputation is intricately shaped by both social factors and rehabilitative care. The efficacy of veterans' self-care emerges as a pivotal factor in effectively managing, controlling, and reducing complications, thereby augmenting and enriching their overall quality of life. This research delves into the creation, execution, and assessment of a comprehensive self-care software tailored for amputees, with a focus on harnessing the practical utility of smartphones and their manifest capabilities in the realm of healthcare.Material and Methods: In 2023, an applied developmental study was conducted, encompassing the evaluation, design, development, implementation, and assessment of a mobile application dedicated to the self-care management of veterans with amputations. The mobile application's conception unfolded within the Android Studio environment, utilizing the Java programming language within the Android operating system. A user interface satisfaction questionnaire was used to gauge the app's usability, with feedback from 20 veterans experiencing amputations.Results: The needs assessment for a comprehensive self-care software tailored for amputation veterans identified requisites across four distinct sectors. Building upon these insights, a holistic self-care software solution was meticulously designed. Evaluating usability and user satisfaction revealed that veterans rated the app at a ""good"" level, with an average score of 7.88±1.03 (out of 9).Conclusion: The mobile application proved apt in content, functionality, and quality, presenting a valuable tool for enhancing the lifestyle, education, and self-care practices of veterans with amputations. This conclusion stems from a thorough usability evaluation from the end-users' perspective.",scopus,llm,1.000,unreviewed,,doi:10.30699/fhi.v13i0.563
discarded,Advanced parental age affects cardiometabolic risk in offspring,A. Malamitsi-Puchner,2023,Acta Paediatrica International Journal of Paediatrics,10.1111/apa.16902,https://www.scopus.com/inward/record.uri?partnerID=HzOxMe3b&scp=85165288128&origin=inward,off-topic-false-hit,"Advanced age at conception usually refers to human mothers aged 35 years plus and fathers aged 40 years plus. Advanced parental age may be responsible for genetic and/or epigenetic alterations and may affect the health of offspring. Limited epidemiological and experimental studies have addressed the effect of advanced parental age on cardio‐metabolic functions in human and rodent offspring. This mini review aimed to present the knowledge by focusing on adverse and favourable outcomes related to sex‐specific risks and intergenerational inheritance. The outcomes identified by this review were mainly negative, but there were also some positive results.",scopus,llm,1.000,unreviewed,,doi:10.1111/apa.16902
discarded,Book-Bot: An AI Companion for Library Assistance,M. Nimbarte,2026,17th International Conference on Advances in Computing Control and Telecommunication Technologies Act 2026,,https://www.scopus.com/inward/record.uri?partnerID=HzOxMe3b&scp=105047259593&origin=inward,off-topic-false-hit,,scopus,llm,0.960,unreviewed,,hash:ce7349f7f2b4df94
discarded,An Extended Concept of Delegation and its Implementation within a Modeling and Programming Language Architecture,T. Clark,2024,Enterprise Modelling and Information Systems Architectures,10.18417/emisa.19.2,https://www.scopus.com/inward/record.uri?partnerID=HzOxMe3b&scp=85185127157&origin=inward,adjacent-subtopic,"Object-oriented modeling languages provide various concepts to express abstractions, which foster reuse and integrity. Among these concepts, generalization/specialization is of specific relevance. However, in many cases where generalization/specialization seems to be a natural choice, its use is likely to jeopardize a system’s integrity. Delegation has for long been known as an alternative that allows preventing the accidental damage caused by the inproper use of specialization. Nevertheless, delegation is ignored by most tools for object-oriented modeling as well as by many textbooks, which may be caused by the fact that there is no unified conception of delegation, and that delegation is not supported by most object-oriented programming languages. This paper aims at a revival of delegation. To that end, the need for delegation is motivated by the analysis of counter-intuitive effects of specialization. Based on an extensive requirements analysis, a new, extended conception of delegation is presented. It allows for using delegation between classes on any (meta-) level and introduces the ""delegation to class"" pattern. Delegation in multi-level environments enables an additional reduction of redundancy and, hence, promotes integrity. The paper also presents design guidelines to foster the appropriate use of delegation. With respect to the implementation of delegation with object-oriented programming languages, two alternative flavours of delegation are analyzed. Finally, a prototypical implementation within a language engineering and execution environment does not only demonstrate the use of delegation in a modeling tool, but also its seamless implementation, by featuring a common representation of models and code at runtime.",scopus,llm,0.960,unreviewed,,doi:10.18417/emisa.19.2
discarded,Towards Smart Ports : Design and Prototyping of an IoT-Based Ship-Generated Oily Waste Collection System,B. Abdellaoui,2024,Proceedings 10th International Conference on Ubiquitous Networking Unet 2024,10.1109/UNet62310.2024.10794730,https://www.scopus.com/inward/record.uri?partnerID=HzOxMe3b&scp=85216424482&origin=inward,off-topic-false-hit,"Modern technologies are evolving considerably and are used more and more frequently in a variety of industries. Their functionalities are of general interest, and information on specific use cases is still scarce. On the other hand, environmental issues are complex and traditional approaches revealed their limitations. This situation raises a series of questions on the integration of cutting-edge technologies into traditional environment management systems. Ship-generated oily waste is a hot topic because of the adverse effects it has on the maritime area and its high recoverable value. Following this logic, this study intends to shed light on the specific use of the Internet of Things (IoT) in collecting ship-generated oily wastes from ports. It proceeds through the conception and realisation of an end-to-end prototype based on the three-layer IoT architecture model. The system is based on physical hardware and programming software components. The instructions will help to perform the primary functions of data encapsulation, data exchange, network integration, web page design and information display. The innovative concepts behind this prototype are arranged around the asynchronous web server and the Server-Sent Events. The results adduce evidence of the implementation of IoT technology to an environmental issue of concern. The decision-makers in ports are thus well-informed and prepared to make decisions based on a small-scale system. The first research findings are promising. They indicate the refinement of the process procedures and the avoidance of the slow flow caused by the heavy bureaucracy.",scopus,llm,0.990,unreviewed,,doi:10.1109/unet62310.2024.10794730
discarded,INTERNET LIVENESS AND THE ART MUSEUM,I. Zouli,2022,Networked Image in Post Digital Culture,10.4324/9781003095019-12,https://www.scopus.com/inward/record.uri?partnerID=HzOxMe3b&scp=85141499715&origin=inward,off-topic-false-hit,"This chapter discusses the art museums’ hesitance to take flight into networked ecologies and their attachment to a broadcasting logic when it comes to online cultural programming. It departs from the realisation that the unexpected conditions of the Covid-19 pandemic and the necessary move of cultural programming to online spaces revealed the limitations of the model of the digital that museums pivot on. The complications that emerged during this period have their roots in pre-existent institutional structures and practices. The chapter brings forward the BMW Tate Live: Performance Room programme as a case in point; the first time that Tate staged live performance art on YouTube, available only for the online audience. Through this example, the chapter examines institutional conceptions about the digital in both the levels of strategy and practice. It further looks into Internet liveness as an element that museums want to address through online projects but also as one of their biggest challenges when confronting online audiences. Museums’ show a difficulty to disconnect the production of cultural value from their physical facilities and collections and have yet to explore the production and dissemination of art in the performative context of online interfaces.",scopus,llm,1.000,unreviewed,,doi:10.4324/9781003095019-12
discarded,Maternal atopy and offspring epigenome-wide methylation signature,H. Danielewicz,2021,Epigenetics,10.1080/15592294.2020.1814504,https://www.scopus.com/inward/record.uri?partnerID=HzOxMe3b&scp=85090445555&origin=inward,off-topic-false-hit,"The increase in the prevalence of allergic diseases is believed to partially depend on environmental changes. DNA methylation is a major epigenetic mechanism, which is known to respond to environmental factors. A number of studies have revealed that patterns of DNA methylation may potentially predict allergic diseases.Here, we examined how maternal atopy is associated with methylation patterns in the cord blood of neonates.We conducted an epigenome-wide association study in a cohort of 96 mother-child pairs. Pregnant women aged not more than 35 years old, not currently smoking or exposed to environmental tobacco smoke, who did not report obesity before conception were considered eligible. They were further tested for atopy. Converted DNA from cord blood was analysed using Infinium MethylationEPIC; for statistical analysis, RnBeads software was applied. Gestational age and sex were included as covariates in the final analysis.83 DM sites were associated with maternal atopy. Within the top DM sites, there were CpG sites which mapped to genes SCD, ITM2C, NT5C3A and NPEPL1. Regional analysis revealed 25 tiling regions, 4 genes, 3 CpG islands and 5 gene promoters, (including PIGCP1, ADAM3A, ZSCAN12P1) associated with maternal atopy. Gene content analysis revealed pointwise enrichments in pathways related to purine-containing compound metabolism, the G1/S transition of the mitotic cell cycle, stem cell division and cellular glucose homoeostasis.These findings suggest that maternal atopy provides a unique intrauterine environment that may constitute the first environment in which exposure is associated with methylation patterns in newborn.",scopus,llm,1.000,unreviewed,,doi:10.1080/15592294.2020.1814504
discarded,Elucidation of de novo small insertion/deletion biology with parent-of-origin phasing,A.H. Seiden,2020,Human Mutation,10.1002/humu.23971,https://www.scopus.com/inward/record.uri?partnerID=HzOxMe3b&scp=85078068248&origin=inward,off-topic-false-hit,"The mechanisms underlying de novo insertion/deletion (indel) genesis, such as polymerase slippage, have been hypothesized but not well characterized in the human genome. We implemented two methodological improvements, which were leveraged to dissect indel mutagenesis. We assigned de novo variants to parent‐of‐origin (i.e., phasing) with low‐coverage long‐read whole‐genome sequencing, achieving better phasing compared to short‐read sequencing (medians of 84% and 23%, respectively). We then wrote an application programming interface to classify indels into three subtypes according to sequence context. Across three cohorts with different phasing methods (Ntrios = 540, all cohorts), we observed that one de novo indel subtype, change in copy count (CCC), was significantly correlated with father's (p = 7.1 × 10−4) but not mother's (p = .45) age at conception. We replicated this effect in three cohorts without de novo phasing (ppaternal = 1.9 × 10−9, pmaternal = .61; Ntrios = 3,391, all cohorts). Although this is consistent with polymerase slippage during spermatogenesis, the percentage of variance explained by paternal age was low, and we did not observe an association with replication timing. These results suggest that spermatogenesis‐specific events have a minor role in CCC indel mutagenesis, one not observed for other indel subtypes nor for maternal age in general. These results have implications for indel modeling in evolution and disease.",scopus,llm,1.000,unreviewed,,doi:10.1002/humu.23971
discarded,Computer Programming With Pre-K Through First-Grade Students With Intellectual Disabilities,M.S. Taylor,2018,Journal of Special Education,10.1177/0022466918761120,https://www.scopus.com/inward/record.uri?partnerID=HzOxMe3b&scp=85044019445&origin=inward,adjacent-subtopic,"Researchers suggest students in early elementary grade levels are active learners and creators and need to be exposed to science, technology, engineering, and mathematics (STEM) curriculum. The need for student understanding in STEM curriculum is well-documented, and positive results in robotics and computer programming are leading researchers and policy makers to introduce new standards in education. The purpose of this single-case design study is to research the potential for PreK-1st grade students with intellectual disabilities (ID) to learn skills in computer programming through explicit instruction, concrete manipulatives, and tangible interfaces. Students were assessed through baseline, treatment, and generalization phases. The students with ID were found to successfully program the robot, following explicit instruction, although they had difficulty generalizing skills to tablet application. Discussion of results, future research, and limitations is provided.",scopus,llm,0.980,unreviewed,,doi:10.1177/0022466918761120
discarded,Virtual robot kinematic learning system: A new teaching approach,H. Arshad,2012,Journal of Convergence Information Technology,10.4156/jcit.vol7.issue14.7,https://www.scopus.com/inward/record.uri?partnerID=HzOxMe3b&scp=84864993958&origin=inward,off-topic-false-hit,"Computer assisted learning systems for robotics can assist students to understand topics on robot modeling, direct and inverse kinematics, join motions, trajectories, and also workspace limitations. This paper presents a virtual robotic kinematic learning system as a new teaching approach of robotics class which will assist and promote better students’ understanding of robotics. From the virtual system’s interface, basic structure and movement of Cartesian, Cylindrical, Spherical and Articulated robot can be visualized. The transformation matrix exercises allow students to write down the formula of translation and rotation matrix and then see the movements of the virtual robot based on the input. In this virtual system, a Lynxmotion Arm Robot was used to teach kinematics for the manipulator movement using Denavit Hartenberg representation. The system is developed using Unity 3D for the animation and for the calculation of robot kinematic, C-Sharp and Java script programming language were used. The system will be evaluated with the students to determine its effectiveness in providing a new teaching approach.",scopus,llm,0.980,unreviewed,,doi:10.4156/jcit.vol7.issue14.7
discarded,Testing the effects of prior coursework and gender on geoscience learning with Google Earth,J. Gobert,2012,Special Paper of the Geological Society of America,10.1130/2012.2492(35),https://www.scopus.com/inward/record.uri?partnerID=HzOxMe3b&scp=84876785691&origin=inward,off-topic-false-hit,"Two sets of learning activities in Google Earth were developed for use by geoscience majors and non-science majors. The first activity aimed to foster undergraduate students' understanding of the geography and basic geology of Iceland. We tested the efficacy of this activity for learning with 300 undergraduates from a university in the southeastern part of the United States. In terms of post- versus pre-test scores we found: (1) overall learning gains when collapsing over type of prior knowledge and gender, (2) no differences in learning gains when comparing those with prior coursework in geology or geography to other students without such prior coursework, and (3) no differences in learning gains when comparing males and females. In terms of items completed during the lab exercise, again we found no differences by prior coursework (prior geology, prior geography, or none), and no differences by gender. Lastly, moderate positive correlations were found between students' pre-test and post-test scores, as well as between students' embedded lab scores and post-test scores.",scopus,llm,1.000,unreviewed,,doi:10.1130/2012.2492(35)
discarded,"Learnability, usability, and educational effectiveness in an authoring tool for computer program code animation",M. Dixon,2011,Proceedings of the 14th IASTED International Conference on Computers and Advanced Technology in Education Cate 2011,10.2316/P.2011.734-062,https://www.scopus.com/inward/record.uri?partnerID=HzOxMe3b&scp=82455192607&origin=inward,adjacent-subtopic,,scopus,llm,0.910,unreviewed,,doi:10.2316/p.2011.734-062
discarded,A different approach of teaching introductory visual basic course,K. Jiang,2004,Sigite 2004 Conference,10.1145/1029533.1029586,https://www.scopus.com/inward/record.uri?partnerID=HzOxMe3b&scp=23944470824&origin=inward,adjacent-subtopic,"Microsoft Visual Basic has been widely used in developing business applications. Traditionally, the language has been taught using the Graphical User Interface (GUI) first approach due to the limitation of the language itself. The full support of object orientation in the release of .NET versions of the language and the wide proliferation of component-based application development demand a different approach of teaching Visual Basic. Based upon the new editions of the language, we devised a different approach of teaching Visual Basic by introducing basic procedural programming and object-oriented programming concepts using console applications, and complementarily blending GUI and object-oriented programming techniques together to enhance students' understanding of different programming techniques. During the course, we also introduce the Unified Modeling Language (UML) class diagram to our students to help them visualize and formulate Object-Oriented Programming (OOP) concepts. At the end of the course, each student is assigned to a project of creating a GUI program that consumes some Web service by applying programming techniques they learned in the course. Responses from a student survey on the course demonstrate the plausibility and the encouraging outcome of the approach.",scopus,llm,0.900,unreviewed,,doi:10.1145/1029533.1029586
