status,title,authors,year,venue,doi,url,tags,abstract,provider,decision_source,llm_confidence,llm_review_outcome,llm_change_direction
discarded,"The making of everyday conflict during Francoist Developmentalism. An alternative to James Scott' everyday resistances (Madrid, 1960-1977)","Manglano, Diego Latorre",2026,VINCULOS DE HISTORIA,10.18239/vdh_2026.15.22,https://www.webofscience.com/wos/woscc/full-record/WOS:001813847100022,off-topic-false-hit; history-politics,"This article explores the construction of everyday conflict in Madrid as a means of measuring the degree of coercion at work during Franco's developmentalism. Starting from James Scott's conceptual framework, the article proposes a methodologically more effective alternative for this context: the notion of everyday conflict. This approach enables the broadening of the focus to a complex network of interactions between the state, workers and capitalists that dialectically shape power relations in labour through a series of basis, determinations and limits. The article opens with a section that addresses some of the critiques against James Scott's concept of resistance and justifies the analysis of everyday conflict. The second section analyses the activity of capitalists in everyday conflict first through public sanctions and subsequently through hidden forms of discipline. Finally, the third section analyse workers' practices among those institutionally managed, first, and then, those that were totally autonomous. The research is based on to the files of the labour lawyers' offices addressed to the Labour Courts and the Provincial Labour Delegation and stored in the Labour History Archive (Archivo de Historia del Trabajo) of the 1 degrees de Mayo Foundation (Fundaci & oacute;n 1 degrees de Mayo).",wos,llm,1.000,unreviewed,
discarded,From prompts to programmes: natural language programming as a metacognitive scaffold for GenAI-assisted problem solving,"Adorni, Giovanni E.; Grosso, Daniele",2026,DIGITAL LIBRARY PERSPECTIVES,10.1108/DLP-01-2026-0026,https://www.webofscience.com/wos/woscc/full-record/WOS:001810061500001,off-topic-false-hit; education-ai-delegation,"Purpose Generative artificial intelligence (GenAI) can support programming education but may also encourage cognitive offloading when learners request complete solutions instead of developing problem-solving competence. This paper aims to frame natural language programming (NLPg) as a metacognitive scaffold prioritising problem framing, decomposition and verification over answer production. The contribution is primarily pedagogical, positioning NLPg as a competence-oriented practice for human-centred AI-supported learning in digital and cyber humanities contexts.Design/methodology/approach The study reports an exploratory pilot in a master's digital humanities course. Thirteen student prompt logs (439 prompts) were analysed using cue dictionaries and three trace-based indicators capturing metacognitive regulation, delegation versus co-reasoning and decomposition with explicit validation. Trace data were complemented by rubric-based outcomes from oral project defences.Findings Prompt logs reveal a characteristic ""build-and-check"" pattern: planning and monitoring cues are frequent, while reflection is the least stable NLPg component. Rubric evidence shows weaker evaluation in the baseline cohort and higher scores for framing, decomposition and validation in the GenAI-enabled cohort despite increased task complexity.Research limitations/implications The study is exploratory and context-specific; findings rely on a small cohort and do not support causal claims, calling instead for longitudinal and cross-institutional validation.Practical implications Assessment in AI-rich learning environments should prioritise traceable reasoning through specifications, decomposition artefacts, validation evidence and brief reflection notes.Social implications Competence-oriented NLPg can strengthen learner agency and reflective engagement in AI-mediated learning and knowledge environments.Originality/value The study links NLPg routines, competence frameworks and trace-based evidence to support competence-oriented GenAI pedagogy aligned with DigComp 3.0 and emerging cyber humanities perspectives.",wos,llm,1.000,unreviewed,
discarded,Institutional trust and public support for AI-driven governance: implications for democratic resilience,"Nugmanova, Akniyet; Gabdulina, Bagysh",2026,TRANSFORMING GOVERNMENT- PEOPLE PROCESS AND POLICY,10.1108/TG-03-2026-0125,https://www.webofscience.com/wos/woscc/full-record/WOS:001811343100001,off-topic-false-hit; ai-governance-delegation,"Purpose With the growing use of artificial intelligence (AI) in public governance, understanding public willingness to delegate decision-making authority to algorithmic systems has become a key issue. While prior research has examined the relationship between trust in public institutions and trust in AI, the role of institutional trust in shaping willingness to delegate high-stakes decisions to AI remains understudied. This study aims to address this gap using nationally representative survey data from Wave 152 of the Pew Research Center's American Trends Panel (August 2024, n = 5,410).Design/methodology/approach The study uses weighted logistic regression to assess whether confidence in the US federal government's ability to effectively regulate AI predicts citizens' willingness to entrust AI with important decision-making responsibilities. The analysis is based on 2,940 valid responses after excluding non-substantive answers. Findings The findings demonstrate that institutional trust is a statistically significant predictor of support for algorithmic delegation. Higher levels of confidence in governmental AI regulation were associated with substantially higher odds of supporting the delegation of important decisions to AI systems (OR = 1.33; 95% CI [1.19, 1.50]; p < 0.001). Although utilitarian evaluations of personal benefit exert the strongest influence, institutional trust remains significant even after controlling for sociodemographic, informational, affective factors and political predispositions. Research limitations/implications The cross-sectional design and reliance on self-reported measures limit causal inference. The dependent variable captures normative willingness to delegate rather than the observed behavior, which is appropriate given that institutional-level AI use in higher domains is still emerging. Nevertheless, the use of national survey weights and extensive controls enhances the robustness of the findings. The results contribute to the literature on digital governance by identifying institutional trust as an independent legitimacy mechanism in the acceptance of algorithmic authority. Practical implications For policymakers, the findings suggest that public support for AI-driven governance depends not only on the performance or perceived benefits of AI systems but also on citizens' confidence in governmental regulatory capacity. Given that AI awareness was independently associated with higher support for delegation (OR = 1.36), strengthening institutional transparency, regulatory credibility and public AI literacy may be essential for sustainable AI implementation.Social implications As governments increasingly rely on algorithmic systems in high-stakes domains, the findings suggest that institutional trust may be an important condition for the democratic legitimacy and public acceptance of digital transformations. Originality/value This study advances research on AI governance by empirically demonstrating that institutional trust in regulatory competence functions as an independent political condition for delegating authority to algorithmic systems. Unlike prior work that examines institutional trust as one predictor among many or that measures cross-national trust differences without testing the delegation pathway, this paper theorizes institutional regulatory trust as the central legitimacy mechanism and uses normative willingness to delegate, rather than abstract approval, as the outcome.",wos,llm,1.000,unreviewed,
discarded,Siniel: Distributed Privacy-Preserving zkSNARK,"Yang, Yunbo; Cheng, Yuejia; Wang, Kailun; Li, Xiaoguo; Sun, Jianfei; Shen, Jiachen; Dong, Xiaolei; Cao, Zhenfu; Yang, Guomin; Deng, Robert H.",2025,"NETWORK AND DISTRIBUTED SYSTEM SECURITY SYMPOSIUM, NDSS 2025",10.14722/ndss.2025.240152,https://www.webofscience.com/wos/woscc/full-record/WOS:001753028500038,off-topic-false-hit; zkproof-delegation,"Zero-knowledge Succinct Non-interactive Argument of Knowledge (zkSNARK) is a powerful cryptographic primitive, in which a prover convinces a verifier that a given statement is true without leaking any additional information. However, existing zkSNARKs suffer from high computation overhead in the proof generation. This limits the applications of zkSNARKs, such as private payments, private smart contracts, and anonymous credentials. Private delegation has become a prominent way to accelerate proof generation. In this work, we propose Siniel, an efficient private delegation framework for zkSNARKs constructed from polynomial interactive oracle proof (PIOP) and polynomial commitment scheme (PCS). Our protocol allows a computationally limited prover (a.k.a. delegator) to delegate its expensive prover computation to several workers without leaking any information about the private witness. Most importantly, compared with the recent work EOS (USENIX'23), the state-of-the-art zkSNARK prover delegation framework, a prover in Siniel needs not to engage in the MPC protocol after sending its shares of private witness. This means that a Siniel prover can outsource the entire computation to the workers. We compare Siniel with EOS and show significant performance advantages of the former. The experimental results show that, under low bandwidth conditions (10MBps), Siniel saves about 16% time for delegators than that of EOS, whereas under high bandwidth conditions (1000MBps), Siniel saves about 80% than EOS.",wos,llm,1.000,unreviewed,
discarded,Digital Product Development with Multi-agent Systems: A Premium Pen Creation Case Study,"Gomes, Goncalo; Ribeiro, Emanuel; Pilarski, Leonardo; Pinto, Tiago; Reis, Arsenio; Barroso, Joao",2026,"DISTRIBUTED COMPUTING AND ARTIFICIAL INTELLIGENCE, SPECIAL SESSIONS II, 22ND INTERNATIONAL CONFERENCE",10.1007/978-3-032-05748-8_35,https://www.webofscience.com/wos/woscc/full-record/WOS:001791144900035,off-topic-false-hit; multi-agent-product-design,"The design and development of consumer products require an interdisciplinary approach, often constrained by time-consuming prototyping and manual decision-making processes. As product complexity increases and market demands evolve, the need for automation and intelligent collaboration becomes evident. This paper presents a case study on the design and virtual validation of a premium pen using a multi-agent system, leveraging the integration of large language models (LLMs) and software agents. This combination enables a rational representation of human expertise and interactions, streamlining the design process while enhancing adaptability. Using CrewAI, agents were configured with specialized tasks, collaborating to optimize design, select sustainable materials, and establish quality standards. The agents generated a markdown report and a 3D simulation using Blender and Python, ensuring efficient coordination for an ergonomic, sustainable, high-quality pen. By modeling the rational behavior of human experts, the system demonstrated how LLMs and multi-agent coordination can reduce decision overhead and improve collaboration. The results show that multi-agent systems streamline product development by reducing decision overhead, improving task delegation, and enhancing collaboration. The final design met strict virtual quality standards and aligned with market preferences. This study demonstrates the role of multi-agent systems and LLM integration in Industry 4.0, supporting digital prototyping and virtual simulations to replace traditional physical prototyping.",wos,llm,1.000,unreviewed,
discarded,Thinking in Times of Noise: Critical Thinking Between Philosophical Attitude and Emancipatory Theories,"Juliao-Vargas, Carlos German",2026,NUEVO PENSAMIENTO-REVISTA DE FILOSOFIA,,https://www.webofscience.com/wos/woscc/full-record/WOS:001806422800002,off-topic-false-hit; philosophy-ai-delegation,"This article proposes a philosophical reflection on critical thinking that goes beyond its classical definitions in the Anglo-Saxon tradition (Ennis, Paul), situating it at the intersection of the genealogy of critique (Foucault, Leal), contemporary emancipatory theories (Horkheimer, Keucheyan), and the conditions of possibility that the present offers-or denies-to its practice. It argues that critical thinking today faces a structural crisis generated by three converging phenomena: infocracy and digital psychopolitics (Han), the eclipse of truth as a regulative horizon (post-truth), and the delegation of cognitive power to artificial intelligence. In response, the article proposes understanding critical thinking not only as a set of skills and attitudes (which tradition has done well) but as a practice of resistance that articulates the cognitive, the existential, and the political. Nietzsche's philosophical journey, particularly his break with Wagnerism, can be read as an exemplary case of what could be a radical existential critique: not so much improving reasoning skills, but transforming the reasoning subject.",wos,llm,1.000,unreviewed,
discarded,Eliciting operational requirements for transparent adaptive automation strategies in air traffic control,"Veyrie, Alexandre; Kebir, Sara; Truong, Guillaume; Marsman, Laurie; Hurter, Christophe",2026,COGNITION TECHNOLOGY & WORK,10.1007/s10111-026-00884-3,https://www.webofscience.com/wos/woscc/full-record/WOS:001800145300001,off-topic-false-hit; adaptive-automation-delegation,"Adaptive automation is increasingly explored in air traffic control as a means to manage variability in operational demand while preserving controller engagement, situation awareness, and authority. This paper reports the COntroller adaptive Digital Assistant (CODA) contribution on making adaptive task delegation governable in supervisory work. We specify an adaptive automation strategy for non-critical air traffic control support tasks that combines explicit mode logic, authority contracts, and interface mechanisms that render delegation inspectable at the point of action. Adaptation is formalised as a closed-loop policy driven by three trigger classes-traffic demand, task/load demand, and an operator-readiness dimension-computed over both current and short-horizon predicted states to anticipate demand peaks and to support timely, bounded transitions. The strategy operationalises three graduated proactivity modes with explicit authority management: Manual (monitor-and-inform), Proactive-Light (recommend-and-confirm), and Proactive-Strong (initiate-and-notify with veto), designed to support appropriate reliance and maintain continuous legibility of task ownership. We detail delegation rules that constrain automation to supportive functions, and we present a human-machine interface that externalises automation state, proposed actions, and ownership while incorporating concise, actionable rationale cues intended to support controllability with minimal overhead. Finally, structured workshops with expert controllers are synthesised to derive operational acceptability constraints on delegation boundaries, transition timing, preview horizons, and explanation selectivity, grounding the design in the realities of air traffic control work.",wos,llm,1.000,unreviewed,
discarded,Efficient Multi-receiver Certificate-Based Proxy Re-encryption Plus Scheme for Cloud Data Sharing,"Yang, Changsong; Feng, Mengqi; Liu, Yueling; Song, Bowen; Ding, Yong; Liang, Hai",2026,"ALGORITHMS AND ARCHITECTURES FOR PARALLEL PROCESSING, ICA3PP 2025, PT V",10.1007/978-981-95-8414-7_10,https://www.webofscience.com/wos/woscc/full-record/WOS:001763398100010,off-topic-false-hit; proxy-re-encryption,"Cloud storage data sharing represents a fundamental capability of modern cloud computing, yet raises critical concerns regarding data confidentiality and privacy in untrusted environments. While proxy re-encryption (PRE) enables secure delegation of decryption rights, existing schemes face three major limitations: inability to prevent unauthorized key redistribution, inefficient support for multiple receivers, and lack of fine-grained message-level access control. This paper presents MR-CBPRE+, a novel Certificate-Based Multi-Receiver Proxy Re-Encryption Plus scheme that simultaneously addresses these challenges through three key innovations: a non-transferable delegation mechanism preventing malicious proxy-key redistribution, an efficient single-rekey multi-receiver architecture reducing computational and communication costs, and messagelevel conditional access control implemented through ephemeral randomness binding. The scheme's IND-CCA security is formally proven under the (q, n +1, f, g) GDDHE assumption in the random oracle model. Comprehensive performance evaluations demonstrate that MR-CBPRE+ achieves 37% lower computational cost during re-encryption and 28% smaller ciphertext size compared to state-of-the-art multi-receiver PRE schemes while maintaining critical security features. Implementation results show practical execution times of 42 ms for 10-receiver scenarios on standard hardware, advancing the practical deployment of secure cloud data sharing systems as the first certificate-based solution combining multi-receiver efficiency with strong non-transferability guarantees and fine-grained access control.",wos,llm,1.000,unreviewed,
discarded,Beyond consent: Reconstructing ethical justification in medical adaptive machine learning systems,"Yamamoto, Keiichiro; Udagawa, Makoto; Nakazawa, Eisuke",2026,GLOBAL HEALTH & MEDICINE,10.35772/ghm.2026.01047,https://www.webofscience.com/wos/woscc/full-record/WOS:001794833800001,off-topic-false-hit; medical-ai-ethics,"Medical Adaptive Machine Learning Systems (MAMLS) that continuously update their models using clinical data blur the conventional boundary between therapy and research, prompting the argument that their use should be classified as research and governed by informed consent requirements. Although informed consent remains normatively and legally important, this paper contends that consent-centered ethics faces two structural limitations in the context of MAMLS. First, the irreversibility inherent in deep learning models substantially undermines withdrawability-an important ancillary right of consent-thereby suggesting that consent may be transformed from an instrument of ongoing self-determination into a form of delegation to institutions. Second, the problem of data representativeness and bias shifts the unit of ethical analysis from the individual to the population, creating an ""autonomy dilemma"" in which respect for individual consent can paradoxically undermine the protection of autonomy at the collective level. Under these conditions, ethical justification must be complemented by, and in some contexts repositioned toward, public trust in institutions. The paper concludes that the ethical challenges surrounding MAMLS cannot be adequately addressed within the framework of research ethics alone, but must instead be taken up within the broader framework of public health ethics, with particular attention to transparency, accountability, and participatory governance.",wos,llm,1.000,unreviewed,
discarded,Monitoring Ethical Tensions Encountered When Using Digital Health Solutions : Implementation of an Ethicovigilance Platform,"Cherchem, Nadia; Williatte, Lina; Godart, Elsa; Seroussi, Brigitte",2025,MEDINFO 2025 - HEALTHCARE SMART * MEDICINE DEEP,10.3233/SHTI251058,https://www.webofscience.com/wos/woscc/full-record/WOS:001753056600269,off-topic-false-hit; digital-health-ethics,"Digital health is transforming healthcare by enhancing accessibility, efficiency, and personalized care. It facilitates telemedicine, provides clinicians with data-driven insights, and streamlines administrative processes to reduce costs and improve patient care. However, challenges persist, including privacy concerns, data security issues, and the risk of exacerbating inequalities. To address these challenges, France ' s Digital Health Delegation (DNS) developed a Framework for Ethics in Digital Health (CENS), emphasizing principles such as accessibility, transparency, trustworthy AI, and sustainability. Despite this initiative, achieving consistent ethical compliance remains difficult. In response, the DNS launched the Ethicovigilance platform in late 2023, enabling users to report ethical concerns when using digital health solutions. By 2024, 27 reports were collected, with 11 fully investigated. Key issues included unauthorized access to health data, lack of transparency, and insufficient user autonomy. These cases highlight systemic vulnerabilities, such as data misuse and inequitable access. Promoting trust, transparency, inclusivity, and accountability, alongside clear stakeholder responsibilities, is essential to align digital health with ethical standards and improve patient outcomes.",wos,llm,1.000,unreviewed,
