status,title,authors,year,venue,doi,url,tags,abstract,provider,decision_source,llm_confidence,llm_review_outcome,llm_change_direction
discarded,The RAST Server: Rapid Annotations using Subsystems Technology,Ramy K. Aziz; Daniela Bartels; Aaron A. Best; Matthew DeJongh; T. Disz; Robert A. Edwards; Kevin Formsma; Svetlana Gerdes; Elizabeth M. Glass; Michael Kubal; Folker Meyer; Gary J. Olsen; Robert Olson; Andrei L. Osterman; Ross Overbeek; Leslie Klis McNeil; Daniel Paarmann; Tobias Paczian; Bruce Parrello; Gordon D. Pusch; Claudia I. Reich; Rick Stevens; Olga Vassieva; Veronika Vonstein; Andreas Wilke; Olga Zagnitko,2008,BMC Genomics,10.1186/1471-2164-9-75,https://openalex.org/W2004548026,adjacent-subtopic; bioinformatics-server,"BACKGROUND: The number of prokaryotic genome sequences becoming available is growing steadily and is growing faster than our ability to accurately annotate them. DESCRIPTION: We describe a fully automated service for annotating bacterial and archaeal genomes. The service identifies protein-encoding, rRNA and tRNA genes, assigns functions to the genes, predicts which subsystems are represented in the genome, uses this information to reconstruct the metabolic network and makes the output easily downloadable for the user. In addition, the annotated genome can be browsed in an environment that supports comparative analysis with the annotated genomes maintained in the SEED environment. The service normally makes the annotated genome available within 12-24 hours of submission, but ultimately the quality of such a service will be judged in terms of accuracy, consistency, and completeness of the produced annotations. We summarize our attempts to address these issues and discuss plans for incrementally enhancing the service. CONCLUSION: By providing accurate, rapid annotation freely to the community we have created an important community resource. The service has now been utilized by over 120 external users annotating over 350 distinct genomes.",openalex,llm,0.940,unreviewed,
discarded,Module-lattice-based key-encapsulation mechanism standard,R. (Roberto) Avanzi; J. (Jeroen) van den Bos; L. (Léo) Ducas; E. (Eike) Kiltz; T. (Tancrède) Lepoint; V. (Vadim) Lyubashevsky; J.M. Schanck; P. (Peter) Schwabe; G. (Gregor) Seiler; D. (Damien) Stehlé,2024,,10.6028/nist.fips.203,https://openalex.org/W4401459825,off-topic-false-hit; cryptographic-key-encapsulation,"A key-encapsulation mechanism (KEM) is a set of algorithms that, under certain conditions, can be used by two parties to establish a shared secret key over a public channel. A shared secret key that is securely established using a KEM can then be used with symmetric-key cryptographic algorithms to perform basic tasks in secure communications, such as encryption and authentication. This standard specifies a key-encapsulation mechanism called ML-KEM. The security of ML-KEM is related to the computational difficulty of the Module Learning with Errors problem. At present,ML-KEM is believed to be secure, even against adversaries who possess a quantum computer. This standard specifies three parameter sets for ML-KEM. In order of increasing security strength and decreasing performance, these are ML-KEM-512, ML-KEM-768, and ML-KEM-1024.",openalex,llm,1.000,unreviewed,
discarded,Expressive Pointcuts for Increased Modularity,Klaus Ostermann; Mira Mezini; Christoph Bockisch,2005,Lecture notes in computer science,10.1007/11531142_10,https://openalex.org/W1553047397,adjacent-subtopic; aop; modularity,,openalex,llm,0.860,unreviewed,
discarded,Human and automatic modularizations of process models to enhance their comprehension,Hajo A. Reijers; Jan Mendling; Remco Dijkman,2011,Information Systems,10.1016/j.is.2011.03.003,https://openalex.org/W2097168248,off-topic-false-hit; process-models; modularizations,,openalex,llm,0.980,unreviewed,
discarded,The New Modularization Framework for the FAST Wind Turbine CAE Tool,Jason Jonkman,2013,51st AIAA Aerospace Sciences Meeting including the New Horizons Forum and Aerospace Exposition,10.2514/6.2013-202,https://openalex.org/W2333304154,off-topic-false-hit; engineering-tool; data-encapsulation,"NREL has recently put considerable effort into improving the overall modularity of its FAST wind turbine aero-hydro-servo-elastic tool to (1) improve the ability to read, implement, and maintain source code; (2) increase module sharing and shared code development across the wind community; (3) improve numerical performance and robustness; and (4) greatly enhance flexibility and expandability to enable further developments of functionality without the need to recode established modules. The new FAST modularization framework supports module-independent inputs, outputs, states, and parameters; states in continuous-time, discrete-time, and in constraint form; loose and tight coupling; independent time and spatial discretizations; time marching, operating-point determination, and linearization; data encapsulation; dynamic allocation; and save/retrieve capability. This paper explains the features of the new FAST modularization framework, as well as the concepts and mathematical background needed to understand and apply it correctly. It is envisioned that the new modularization framework will transform FAST into a powerful, robust, and flexible wind turbine modeling tool with a large number of developers and a range of modeling fidelities across the aerodynamic, hydrodynamic, servo-dynamic, and structural-dynamic components.",openalex,llm,0.970,unreviewed,
discarded,"Concepts in developmental theories of reading skill: Cognitive resources, automaticity, and modularity",Keith E. Stanovich,1990,Developmental Review,10.1016/0273-2297(90)90005-o,https://openalex.org/W1975191519,off-topic-false-hit; reading-theory; modularity,,openalex,llm,0.990,unreviewed,
discarded,"MRtrix3: A fast, flexible and open software framework for medical image processing and visualisation",J-Donald Tournier; Robert E. Smith; David Raffelt; Rami Tabbara; Thijs Dhollander; Maximilian Pietsch; Daan Christiaens; Ben Jeurissen; Chun‐Hung Yeh; Alan Connelly,2019,NeuroImage,10.1016/j.neuroimage.2019.116137,https://openalex.org/W2970898057,adjacent-subtopic; software-framework,,openalex,llm,0.880,unreviewed,
discarded,Towards a theory of ecosystems,Michael G. Jacobides; Carmelo Cennamo; Annabelle Gawer,2018,Strategic Management Journal,10.1002/smj.2904,https://openalex.org/W2799670133,off-topic-false-hit; economic-modularity,"Research Summary: The recent surge of interest in “ecosystems” in strategy research and practice has mainly focused on what ecosystems are and how they operate. We complement this literature by considering when and why ecosystems emerge, and what makes them distinct from other governance forms. We argue that modularity enables ecosystem emergence as it allows a set of distinct yet interdependent organizations to coordinate without full hierarchical fiat. We show how ecosystems address multilateral dependences based on various types of complementarities—supermodular or unique, unidirectional or bidirectional—which determine the ecosystem's value‐add. We argue that at the core of ecosystems lie nongeneric complementarities, and the creation of sets of roles that face similar rules. We conclude with implications for mainstream strategy and suggestions for future research. Managerial Summary: We consider what makes ecosystems different from other business constellations, including markets, alliances, or hierarchically managed supply chains. Ecosystems, we posit, are interacting organizations, enabled by modularity, not hierarchically managed, bound together by the nonredeployability of their collective investment elsewhere. Ecosystems add value as they allow managers to coordinate their multilateral dependence through sets of roles that face similar rules, thus obviating the need to enter into customized contractual agreements with each partner. We explain how different types of complementarities (unique or supermodular, generic or specific, uni‐ or bi‐directional) shape ecosystems and offer a “theory of ecosystems” that can explain what they are, when they emerge, and why alignment occurs. Finally, we outline the critical factors affecting ecosystem emergence, evolution, and success—or failure.",openalex,llm,0.990,unreviewed,
discarded,Disrupted Modularity and Local Connectivity of Brain Functional Networks in Childhood-Onset Schizophrenia,Aaron Alexander‐Bloch; Nitin Gogtay; David Meunier; Rasmus M. Birn; Liv Clasen; François Lalonde; Rhoshel Lenroot; Jay N. Giedd; Edward T. Bullmore,2010,Frontiers in Systems Neuroscience,10.3389/fnsys.2010.00147,https://openalex.org/W2084009541,off-topic-false-hit; brain-networks; modularity,"Modularity is a fundamental concept in systems neuroscience, referring to the formation of local cliques or modules of densely intra-connected nodes that are sparsely inter-connected with nodes in other modules. Topological modularity of brain functional networks can quantify theoretically anticipated abnormality of brain network community structure - so-called dysmodularity - in developmental disorders such as childhood-onset schizophrenia (COS). We used graph theory to investigate topology of networks derived from resting-state fMRI data on 13 COS patients and 19 healthy volunteers. We measured functional connectivity between each pair of 100 regional nodes, focusing on wavelet correlation in the frequency interval 0.05-0.1 Hz, then applied global and local thresholding rules to construct graphs from each individual association matrix over the full range of possible connection densities. We show how local thresholding based on the minimum spanning tree facilitates group comparisons of networks by forcing the connectedness of sparse graphs. Threshold-dependent graph theoretical results are compatible with the results of a k-means unsupervised learning algorithm and a multi-resolution (spin glass) approach to modularity, both of which also find community structure but do not require thresholding of the association matrix. In general modularity of brain functional networks was significantly reduced in COS, due to a relatively reduced density of intra-modular connections between neighboring regions. Other network measures of local organization such as clustering were also decreased, while complementary measures of global efficiency and robustness were increased, in the COS group. The group differences in complex network properties were mirrored by differences in simpler statistical properties of the data, such as the variability of the global time series and the internal homogeneity of the time series within anatomical regions of interest.",openalex,llm,0.990,unreviewed,
discarded,Slot-die coating large-area formamidinium-cesium perovskite film for efficient and stable parallel solar module,Zhichun Yang; Wenjun Zhang; Shaohang Wu; Hongmei Zhu; Zonghao Liu; Zhiyang Liu; Zhiyang Liu; Zhiyang Liu; Zhaoyi Jiang; Rui Chen; Jing Zhou; Qian Lu; Zewen Xiao; Lei Shi; Han Chen; Luis K. Ono; Shasha Zhang; Liyuan Han; Yabing Qi; Liyuan Han; Wei Chen,2021,Science Advances,10.1126/sciadv.abg3749,https://openalex.org/W3159483471,off-topic-false-hit; photovoltaic-encapsulation,"The encapsulated modules maintained 97 and 95% of their initial efficiencies after 10,000 and 1187 hours under day/night cycling and 1-sun equivalent white-light light-emitting diode array illumination with maximum power point tracking at 50°C, respectively.",openalex,llm,1.000,unreviewed,
discarded,Multifunctional zero-dimensional hybrid halide for multiscale buried interface planarization in perovskite solar cells,"Wang, Shuo; Bai, Dongliang; Li, ZhenHua; Yang, Shaoan; Chen, Huanyu; Guan, Zhen; Zhu, Xuejie; Yang, Dong; Jin, Zhiwen",2026,NANO ENERGY,10.1016/j.nanoen.2026.111770,https://www.webofscience.com/wos/woscc/full-record/WOS:001684078900001,off-topic-false-hit; photovoltaics,"The buried interface between electron transport layer (ETL) and perovskite absorber often induce the awful properties of perovskite film such as interfacial defects, trenched structure and ion migration, hindering improving efficiency and stability of perovskite solar cells (PSCs). Here, we present a multiscale planarized interface regulation (MPIR) strategy by introducing it-conjugated zero-dimensional (0D) metal halide, BPP2MnBr4 (BPP+ = C25H22P+), as multifunctional interlayer on SnO2. The it-conjugated multi-phenyl framework enables strong coupling with adjacent functional layers, while the 0D configuration provides quantum confinement and structural robustness. Theoretical and experimental analyses reveal that BPP2MnBr4 increases the formation energy of non-photovoltaic phase (delta-FAPbI3), thus improving phase purity. Additionally, buried interface modified by BPP2MnBr4 flattens grain boundary trenches to release residual stress for perovskite film. Benefiting from MPIR achieves a high efficiency of 25.88 %, and good stability for maintaining 92.0 % of initial efficiency after 1000 h of continuous light irradiation in N2 without encapsulation of perovskite devices. Besides, the resulted solar module with an active area of 25.74 cm2 (6.5 cm x 6.5 cm x 9 sub-cells) exhibits a PCE of 22.37 % with excellent uniformity. These results establish it-conjugated 0D metal halides as multifunctional interlayers capable of simultaneously improving structural robustness and operational reliability in perovskite photovoltaics.",wos,llm,0.990,unreviewed,
discarded,Phase change materials in thermal management of Li-ion batteries: A state-of-the-art review,"Talebizadehsardari, Pouyan; Hosseinzadeh, Khashayar; Mohammed, Hayder I.; Maarof, Hiwa Abdlla; Rashid, Farhan Lafta; Togun, Hussein; Biswas, Nirmalendu; Al Miaari, Ahmad; Ali, Hafiz Muhammad; La Rocca, Antonino; Sen, Surojit; Cairns, Alasdair",2026,JOURNAL OF ENERGY STORAGE,10.1016/j.est.2025.119782,https://www.webofscience.com/wos/woscc/full-record/WOS:001643968700001,off-topic-false-hit; phase-change-materials; encapsulation,"The widespread adoption of lithium-ion batteries (LIBs) in electric vehicles, portable electronics, and renewable energy systems has intensified the demand for effective thermal management strategies to ensure safety, performance, and longevity. Among emerging solutions, phase change materials (PCMs) have attracted significant interest for their passive thermal regulation capabilities, particularly their high latent heat and isothermal behavior. However, the research landscape is fragmented, with varied materials, configurations, and integration strategies explored across the literature. This review aims to provide a comprehensive synthesis of recent advances in PCM-based battery thermal management systems (BTMS), highlighting their thermal performance, structural innovations, and hybrid configurations with active cooling methods. Drawing on experimental, numerical, and theoretical studies, the review identifies key design parameters affecting efficiency, including PCM composition, nano-enhancements, encapsulation techniques, and system architecture. The review examines emerging research trends such as the use of machine learning for BTMS optimization, development of multifunctional PCMs with flame-retardant and structural properties, and cost-benefit analyses supporting commercial viability. Despite notable progress, challenges remain in material stability, scalability, and integration complexity. This review concludes by outlining future research directions, including the standardization of performance metrics, exploration of bio-based PCMs, and adaptive control strategies.",wos,llm,0.990,unreviewed,
discarded,Methodology and results of phase change material integration in photovoltaic-thermal systems for enhanced energy production in domestic settings: A review,"Awai, Kar R.; King, Peter; Patchigolla, Kumar",2026,JOURNAL OF ENERGY STORAGE,10.1016/j.est.2025.119800,https://www.webofscience.com/wos/woscc/full-record/WOS:001642042200001,off-topic-false-hit; phase-change-materials; encapsulation,"This review explores the use of phase change materials (PCMs) in photovoltaic/thermal (PV/T) systems to improve temperature control and energy storage. It provides a comprehensive overview of current PV/T systems integrated with PCMs, highlighting their potential to increase domestic energy production. The paper covers fundamental principles, benefits, and limitations of PVT technology, the role of PCM applications, and methods of integration. It also examines efficiency gains in power and thermal output, discusses challenges, and suggests future research directions for sustainable energy. Incorporating PCMs into PV/T systems marks notable progress in balancing electrical and thermal efficiencies. Finned serpentine heat exchangers improve heat transfer to PCMs, with more fins increasing surface area and cooling efficiency, while optimised flow rates balance electrical gains against thermal losses. Encapsulation prevents leakage and enhances thermal conductivity. Design factors such as a 25 degrees inclination, insulation, and using dual PCMs in cold regions further improve performance. Economically, PV-T/PCM systems can have shorter payback periods than conventional PV panels if they are used for dual energy and in regions with high solar radiation. However, their viability depends on solar radiation, energy prices, and system costs, which vary by location.",wos,llm,0.990,unreviewed,
discarded,A comprehensive review on recycling end of life solar photovoltaic panels,"Celep, Oktay; Deveci, Haci; Yazici, Ersin Yener",2025,WASTE MANAGEMENT,10.1016/j.wasman.2025.115092,https://www.webofscience.com/wos/woscc/full-record/WOS:001565517900002,off-topic-false-hit; photovoltaic-encapsulation,"Significant advancements in solar cell technology, including thin-film, tandem, and traditional silicon-based cells, have driven the widespread adoption of solar photovoltaic (PV) panels. Global installed PV capacity is projected to grow from 400 GW in 2017 to 4500 GW by 2050, increasing demand for critical materials like In (38-286 times), Ag (4-27 times), and others (2-20 times). With solar panels having a 25-year lifespan, end-of-life (EoL) PV waste is expected to reach 78 million tons by 2050, posing a major environmental challenge without effective recycling. Recycling methods for crystalline silicon panels are advanced, while thin-film technologies lag slightly. Key challenges include removing ethylene-vinyl acetate (EVA) encapsulation and extracting metals without releasing toxic gases or effluents. High-value recycling focuses on recovering critical (e.g., Si, Ga), strategic (e.g., Cu), and precious metals (e.g., Ag) through hydrometallurgical methods after delamination (physical, thermal, or chemical). Thermal methods like pyrolysis can emit harmful gases, whereas chemical treatments (e.g., HNO3) offer cleaner, high-quality material recovery. Innovative recycling technologies support the circular economy, reduce waste, lower CO2 emissions, and provide economic benefits. This review outlines solar panel structures, evaluates current EoL recycling processes, and presents industrial-scale methodologies, emphasizing the need for sustainable solutions to manage growing PV waste to become a significant environmental challenge in the coming decades.",wos,llm,0.990,unreviewed,
discarded,Analysis and Assessment of Multi-Agent Systems for Production Planning and Control,"Huckert, Julia Lena; Sidorenko, Aleksandr; Wagner, Achim",2024,"FLEXIBLE AUTOMATION AND INTELLIGENT MANUFACTURING: ESTABLISHING BRIDGES FOR MORE SUSTAINABLE MANUFACTURING SYSTEMS, FAIM 2023, VOL 1",10.1007/978-3-031-38241-3_77,https://www.webofscience.com/wos/woscc/full-record/WOS:001447306500077,adjacent-subtopic; industrial-modules; autonomous-manufacturing,"Industrial manufacturing systems are controlled by a large number of components hierarchically organized into a so called automation pyramid. Changes to systems' dynamic and structure are difficult to manage because of many technological interdependencies that might be broken during reconfiguration. Recent requirements for fast adaptation to customer demands and volatility of supply chains demand for new modular reconfigurable production lines. While at the moment Industry 4.0 focuses more on standardized information access and sharing, flexible control technology is still weak. Encapsulation of production functions within autonomous manufacturing modules enables new control architectures and strategies. In this work we reviewed the existing Multi-Agent Systems (MASs) for Production Planning and Control to access their applicability to the Industry 4.0 scenarios. From a big corpus of identified publications in the field of industrial MAS applications we picked only the solution-based MAS approaches that focus on production planning and control. For this paper five MAS architectures were selected for analysis and comparison according to the specified classification criteria. Though all the analyzed architectures are applicable to modular production, non of them was implemented as a standard in an actual industrial enterprise. This shows that further work on maturing the agent-based technologies in real industrial environments is needed.",wos,llm,0.870,unreviewed,
