status,title,authors,year,venue,doi,url,tags,abstract,provider,decision_source,llm_confidence,llm_review_outcome,llm_change_direction,paper_id
discarded,"Why Minimal Guidance During Instruction Does Not Work: An Analysis of the Failure of Constructivist, Discovery, Problem-Based, Experiential, and Inquiry-Based Teaching",Paul A. Kirschner; John Sweller; Richard E. Clark,2006,Educational Psychologist,10.1207/s15326985ep4102_1,https://openalex.org/W1976637107,off-topic-false-hit,"Evidence for the superiority of guided instruction is explained in the context of our knowledge of human cognitive architecture, expert–novice differences, and cognitive load. Although unguided or minimally guided instructional approaches are very popular and intuitively appealing, the point is made that these approaches ignore both the structures that constitute human cognitive architecture and evidence from empirical studies over the past half-century that consistently indicate that minimally guided instruction is less effective and less efficient than instructional approaches that place a strong emphasis on guidance of the student learning process. The advantage of guidance begins to recede only when learners have sufficiently high prior knowledge to provide ""internal"" guidance. Recent developments in instructional research and instructional design models that support guidance during instruction are briefly described.",openalex,llm,0.980,unreviewed,,doi:10.1207/s15326985ep4102_1
discarded,Object-Oriented Metrics: A Review of Theory and Practice,Khaled El-Emam,2002,Advances in Software Engineering,10.1007/978-0-387-21599-0_2,https://openalex.org/W1536722722,off-topic-false-hit,"In today’s business environment, competitive pressures demand the production of reliable software with shorter and shorter release intervals. This is especially so in commercial high-reliability domains such as telecommunications and the aerospace industry. One recipe for success is to increase process capability. There is recent compelling evidence that process capability is positively associated with productivity and quality. (Clark, 1997; El-Emam and Birk, 2000a, 2000b; Flowe and Thordahl, 1994; Goldenson and Herbsleb, 1995; Jones, 1999; Krishnan and Kellner, 1999). Quantitative management of software quality is a hallmark of high-process capability (EI-Emam et al., 1998; Software Engineering Institute, 1995).",openalex,llm,1.000,unreviewed,,doi:10.1007/978-0-387-21599-0_2
discarded,Cognitive design elements to support the construction of a mental model during software exploration,M.-A. Storey; F. David Fracchia; Hausi A. Müller,1999,Journal of Systems and Software,10.1016/s0164-1212(98)10055-9,https://openalex.org/W2173434715,adjacent-subtopic,"The scope of software visualization tools which exist for the navigation, analysis and presentation of software information varies widely. One class of tools, which we refer to as Software exploration tools, provides graphical representations of static software structures linked to textual views of the program source code and documentation. This paper describes a hierarchy of cognitive issues which should be considered during the design of a software exploration tool. The hierarchy of cognitive design elements is derived through the examination of program comprehension cognitive models. Examples of how existing tools address each of these issues are provided. In addition, this paper demonstrates how these cognitive design elements may be applied to the design of an effective interface for software exploration. (C) 1999 Published by Elsevier Science Inc. All rights reserved.",openalex,llm,0.910,unreviewed,,doi:10.1016/s0164-1212(98)10055-9
discarded,A Model-Driven Approach on Object-Oriented PLC Programming for Manufacturing Systems with Regard to Usability,Martin Obermeier; Steven Braun; Birgit Vogel‐Heuser,2014,IEEE Transactions on Industrial Informatics,10.1109/tii.2014.2346133,https://openalex.org/W1999051224,adjacent-subtopic,"This paper presents the modular automation for reuse in manufacturing systems (modAT4rMS) approach to support the model-driven engineering (MDE) of object-oriented manufacturing automation software with regard to its usability and software modularity. With usability, we refer to the aspects' effectiveness, efficiency, and user acceptance as defined by ISO 9241-11. The modAT4rMS notations are based on selected features from the unified modeling language (UML) and the systems modeling language (SysML), and iteratively further developed by a series of empirical studies with industrial practitioners, as well as mechatronics trainees. With modAT4rMS, an MDE approach for programmable logic controller (PLC) programming was developed with the goal to facilitate modular object-oriented programming of PLC software by improving the representation of the relationships between the structure and behavior diagram types, and by reducing the level of abstraction in the structure model. modAT4rMS notations for PLC software structure and software behavior modeling are presented and illustrated with a modeling example using a modAT4rMS editor prototype. For the evaluation of the developed notations, the results from a study with 168 participants are presented, showing the benefits of this new approach in comparison with the classic procedural paradigm (IEC 61131-3) and the domain-specific UML profile (plcML) in regard to programming performance and usability aspects. Finally, the advantages and limitations of the approach are discussed, and an outlook for further development is given.",openalex,llm,0.880,unreviewed,,doi:10.1109/tii.2014.2346133
discarded,Learning Theories: An Educational Perspective,Dale H. Schunk,1991,,,https://openalex.org/W1568871075,off-topic-false-hit,"Chapter 1 -- Learning: Introduction, Issues, Historical Perspectives Learning Defined Learning Theory and Research Functions of theory Conducting research Methods of Assessing Learning Direct observations Written responses Oral responses Ratings by others Self-reports Precursors of Modern Learning Theories Learning theory and philosophy Beginnings of the psychological study of learning Structuralism and functionalism Critical Issues in the Study of Learning Which processes affect learning? What is the role of memory? What is the role of motivation? How does transfer occur? Which processes are involved in self-regulation? What are the implications for instruction? Relation of Learning and Instruction Historical perspective Instructional commonalities Integration of theory and practice Three Learning Scenarios Kathy Stone's third-grade class Jim Marshall's U. S. History class Gina Brown's educational psychology class Summary Further Reading Chapter 2 -- Conditioning Theories Connectionism Trial-and-error learning Laws of exercise and effect Other principles Revisions to Thorndike's theory Instructional applications Classical Conditioning Basic processes Informational variables Biological influences Conditioned emotional reactions Watson's Behaviorism Basic processes Little Albert experiment Contiguous Conditioning Acts and movements Associative strength Rewards and punishments Habit formation and change Operant Conditioning Conceptual framework Basic processes Behavioral change Behavior modification Verbal behavior Self-regulation Self-monitoring Self-instruction Self-reinforcement Instructional Applications Behavioral objectives Programmed instruction Contingency contracts Keller Plan Summary Further Reading Chapter 3 -- Social Cognitive Theory Conceptual Framework for Learning Reciprocal interactions Enactive and vicarious learning Learning and performance Modeling Processes Theories of imitation Functions of modeling Cognitive skill learning Rule learning Influences on Learning and Performance Developmental status of learners Model prestige and competence Vicarious consequences to models Goals and Expectations Goals Outcome expectations Self-Efficacy Conceptual overview Self-efficacy in achievement situations Models and self-efficacy Motor skills Instructional self-efficacy Health and therapeutic activities Self-Regulation Conceptual framework Social cognitive processes Cyclical nature of self-regulation Instructional Applications Models Self-efficacy Self-regulation Summary Further Reading Chapter 4 -- Cognitive Information Processing Theory Cognitive Information Processing System Assumptions Two-store (dual-memory) model Critique Levels of processing Activation level Attention Theories of attention Attention and learning Attention and reading Perception Gestalt theory Sensory registers Long term memory comparisons Two-Store Memory Model Verbal learning Short-term (working) memory Long-term memory Influences on encoding Long-Term Memory: Storage Propositions Storage of declarative knowledge Storage of procedural knowledge Production Systems and Connectionist Models Production systems Connectionist models Long-Term Memory: Retrieval Retrieval strategies Encoding specificity Retrieval of declarative knowledge Retrieval of procedural knowledge Long-Term Memory: Forgetting Verbal learning Information processing Mental Imagery Representation of spatial information Imagery in LTM Individual differences Summary Further Reading Chapter 5 -- Cognitive Learning Processes Conditional Knowledge and Metacognition Conditional knowledge Metacognition and learning Variables influencing metacognition Metacognition and behavior Concept Learning The nature of concepts Concept attainment Teaching of concepts Motivational processes Problem Solving Problem solving defined Historical influences Heuristics Information processing model Problem-solving strategies Problem solving and learning Experts and novices Implications for instruction Transfer Historical views Activation of knowledge in memory Types of transfer Strategy transfer Instructional applications Self-Regulation and Motivation Model of self-regulation Learning strategies Critique of strategy instruction Academic studying Summary Further Reading Chapter 6 -- Constructivist Theory Constructivist Assumptions and Perspectives Overview Perspectives Situated cognition Contributions and applications Vygotsky's Sociocultural Theory Background Basic principles Zone of Proximal Development Applications Critique Social Processes and Private Speech Private speech Verbalization and achievement Socially mediated learning Motivation Contextual factors Implicit theories Teachers' expectations Self-Regulation Sociocultural influences Implicit theories of self-regulation Constructivist Learning Environments Key features APA Learner-Centered Principles Instructional methods Reflective teaching Summary Further Reading Chapter 7 -- Cognition and Instruction Discovery Learning The process of discovery Teaching for discovery Meaningful Reception Learning Meaningfulness and expository teaching Advance organizers Conditions of Learning Learning outcomes Learning events Learning hierarchies Phases of learning Models of Instruction Learning time Mastery learning Inquiry teaching Instruction with worked examples Cognitive load Peer-assisted learning Research on Teaching Teacher planning and decision making Instructional practices Learner Characteristics Aptitude-treatment interactions Cognitive styles Learners' resource allocations Adapting instruction Technology and Instruction Functions of technology Technological applications Future directions Summary Further Reading Chapter 8 -- Development and Learning Beginnings of the Scientific Study of Development Historical foundations Philosophical foundations The Child Study Movement Perspectives on Human Development Issues relevant to learning Types of developmental theories Structural theories Piaget's Theory of Cognitive Development Developmental processes Implications for instruction Bruner's Theory of Cognitive Growth Cognitive growth and knowledge representation Spiral curriculum Contemporary Themes in Development and Learning Developmental changes Developmentally appropriate instruction Transitions in schooling Familial Influences SES Home environment Parental involvement Motivation and Development Developmental changes Implications Development and Instruction Case's model of instruction Teacher-student interactions Summary Further Reading Chapter 9 -- Neuroscience of Learning Organization and Structures Neural organization Brain structures Localization and interconnections Brain research methods Neurophysiology of Learning Information processing system Memory networks Language learning Brain Development Influential factors Phases of development Critical periods Language development Motivation and Emotions Motivation Emotions Implications for Teaching and Learning Relevance of brain research Educational issues Brain-based educational practices Summary Further Reading Chapter 10 -- Content-Area Learning Skill Acquisition General and specific skills Novice-to-Expert Research Methodology Language Comprehension Components of comprehension Parsing Utilization Reading Decoding Comprehension Writing Composition Processes Reviewing Processes Motivation and self-regulation Mathematics Computation skills Problem-solving skills Constructivism Individual differences Science Expert-novice differences Reasoning Constructivism and scientific beliefs Social Studies History Geography Summary Further Reading Chapter 11 -- Motivation Model of Motivated Learning Pretask During task Posttask Historical Perspectives Drive theory Conditioning theory Cognitive consistency theory Humanistic theory Achievement Motivation Expectancy-value theory Familial influences Fear of success Contemporary model of achievement motivation Self-worth theory Task and ego involvement Achievement motivation training Attribution Theory Locus of control Naive analysis of action Attribution theory of achievement Attribution change programs Social Cognitive Theory Goals and expectations Social comparison Goal Theory Goal orientations Conceptions of ability Implications for teaching Perceptions of Control Control beliefs Learned helplessness Students with learning problems Self-Concept Dimensions and development Self-concept and learning Intrinsic motivation Theoretical perspectives Overjustification and reward Motivation and Self-Regulation Volition Values Self-schemas Help seeking Summary Further Reading Chapter 12 -- Next Steps Learning Questions Which processes affect learning? What is the role of memory? What is the role of motivation? How does transfer occur? Which processes are involved in self-regulation? What are the implications for instruction Learning Theories Conditioning Social cognitive Cognitive information processing Constructivist Conclusion Glossary References Author Index Subject Index",openalex,llm,0.990,unreviewed,,hash:f1809bc5d09d9422
discarded,Threshold Concepts within the Disciplines,Ray Land; Jan H. F. Meyer; Jan Smith,2008,,10.1163/9789460911477,https://openalex.org/W1528558039,adjacent-subtopic,"Threshold Concepts within the Disciplines brings together leading writers from various disciplines and national contexts in an important and readable volume for all those concerned with teaching and learning in higher education. The foundational principle of threshold concepts is that there are, in each discipline, ‘conceptual gateways’ or ‘portals’ that must be negotiated to arrive at important new understandings. In crossing the portal, transformation occurs, both in knowledge and subjectivity. Such transformation involves troublesome knowledge, a key concern for contributors to this book, who identify threshold concepts in their own fields and suggest how to deal with them. Part One extends and enhances the threshold concept framework, containing chapters that articulate its qualities, its links to other social theories of learning and other traditions in educational research. Part Two encompasses the disciplinary heart of the book with contributions from a diversity of areas including computing, engineering, biology, design, modern languages, education and economics. In the many empirical case studies educators show how they have used the threshold concept framework to inform and evaluate their teaching contexts. Other chapters emphasise the equally important ‘being and becoming’ dimension of learning. Part Three suggests pedagogic directions for those at the centre of the education project with contributions focusing on the socialisation of academics and their continuing quest to be effective teachers. The book will be of interest to disciplinary teachers, educational researchers and educational developers. It also is of relevance to issues in quality assurance and professional accreditation.",openalex,llm,0.970,unreviewed,,doi:10.1163/9789460911477
discarded,Student-faculty partnership in explorations of pedagogical practice: a threshold concept in academic development,Alison Cook‐Sather,2013,The International Journal for Academic Development,10.1080/1360144x.2013.805694,https://openalex.org/W1989701683,off-topic-false-hit,"Student-faculty partnerships position students as informants, participants, and change agents in collaboration with faculty members. Enacting one form of such collaboration, Bryn Mawr College’s SaLT program pairs faculty members and undergraduate students in explorations of pedagogical practice. The program provides both context and case study for this form of Student-faculty partnership as a threshold concept in academic development. Like all threshold concepts, the notion of Student-faculty partnership is troublesome, transformative, irreversible, and integrative. This article draws on faculty reflections to explore what constitutes this threshold, the insights and practices that are possible if faculty cross it, and implications for academic developers.",openalex,llm,0.990,unreviewed,,doi:10.1080/1360144x.2013.805694
discarded,CloudSim: a toolkit for modeling and simulation of cloud computing environments and evaluation of resource provisioning algorithms,Rodrigo Neves Calheiros; Rajiv Kumar Ranjan; Anton Beloglazov; César A. F. De Rose; Rajkumar Buyya,2010,Software Practice and Experience,10.1002/spe.995,https://openalex.org/W2045287414,off-topic-false-hit,"Abstract Cloud computing is a recent advancement wherein IT infrastructure and applications are provided as ‘services’ to end‐users under a usage‐based payment model. It can leverage virtualized services even on the fly based on requirements (workload patterns and QoS) varying with time. The application services hosted under Cloud computing model have complex provisioning, composition, configuration, and deployment requirements. Evaluating the performance of Cloud provisioning policies, application workload models, and resources performance models in a repeatable manner under varying system and user configurations and requirements is difficult to achieve. To overcome this challenge, we propose CloudSim: an extensible simulation toolkit that enables modeling and simulation of Cloud computing systems and application provisioning environments. The CloudSim toolkit supports both system and behavior modeling of Cloud system components such as data centers, virtual machines (VMs) and resource provisioning policies. It implements generic application provisioning techniques that can be extended with ease and limited effort. Currently, it supports modeling and simulation of Cloud computing environments consisting of both single and inter‐networked clouds (federation of clouds). Moreover, it exposes custom interfaces for implementing policies and provisioning techniques for allocation of VMs under inter‐networked Cloud computing scenarios. Several researchers from organizations, such as HP Labs in U.S.A., are using CloudSim in their investigation on Cloud resource provisioning and energy‐efficient management of data center resources. The usefulness of CloudSim is demonstrated by a case study involving dynamic provisioning of application services in the hybrid federated clouds environment. The result of this case study proves that the federated Cloud computing model significantly improves the application QoS requirements under fluctuating resource and service demand patterns. Copyright © 2010 John Wiley & Sons, Ltd.",openalex,llm,1.000,unreviewed,,doi:10.1002/spe.995
discarded,Putting threshold concepts into context in computer science education,Anna Eckerdal; Robert McCartney; Jan Erik Moström; Mark Ratcliffe; Kate Sanders; Carol Zander,2006,ACM SIGCSE Bulletin,10.1145/1140123.1140154,https://openalex.org/W2138639010,adjacent-subtopic,"This paper describes Threshold Concepts, a theory of learning that distinguishes core concepts whose characteristics can make them troublesome in learning. With an eye to applying this theory in computer science, we consider this notion in the context of related topics in computer science education.",openalex,llm,0.940,unreviewed,,doi:10.1145/1140123.1140154
discarded,Putting threshold concepts into context in computer science education,Anna Eckerdal; Robert McCartney; Jan Erik Moström; Mark Ratcliffe; Kate Sanders; Carol Zander,2006,Proceedings of the 11th annual SIGCSE conference on Innovation and technology in computer science education,10.1145/1140124.1140154,https://openalex.org/W4248642291,adjacent-subtopic,"This paper describes Threshold Concepts, a theory of learning that distinguishes core concepts whose characteristics can make them troublesome in learning. With an eye to applying this theory in computer science, we consider this notion in the context of related topics in computer science education.",openalex,llm,0.940,unreviewed,,doi:10.1145/1140124.1140154
