status,title,authors,year,venue,doi,url,tags,abstract,provider,decision_source,llm_confidence,llm_review_outcome,llm_change_direction
discarded,Enzyme Encapsulation in Mesoporous Metal–Organic Frameworks for Selective Biodegradation of Harmful Dye Molecules,Effrosyni Gkaniatsou; Clémence Sicard; Rémy Ricoux; Linda Benahmed; Flavien Bourdreux; Qi Zhang; Christian Serre; Jean‐Pierre Mahy; Nathalie Steunou,2018,Angewandte Chemie International Edition,10.1002/anie.201811327,https://openalex.org/W2896139019,off-topic-false-hit; enzyme-encapsulation; mof,"Microperoxidase-8, a small, peroxidase-type enzyme was immobilized into nanoparticles of the mesoporous and ultra-stable metal-organic framework (MOF) MIL-101(Cr). The immobilized enzyme fully retained its catalytic activity and exhibited enhanced resistance to acidic conditions. The biocatalyst was reusable and showed a long-term stability. By exploiting the properties of the MOF's framework, we demonstrated, for the first time, that the MOF matrix could act in synergy with the enzyme (Microperoxidase-8) and enhance selectivity the oxidation reaction of dyes. The oxidation rate of the harmful negatively charged dye (methyl orange) was significantly increased after enzyme immobilization, probably as a result of the pre-concentration of the methyl orange reactant owing to a charge matching between this dye and the MOF.",openalex,llm,1.000,unreviewed,
discarded,Type theories and object-oriented programmimg,Scott Danforth; C. Tomlinson,1988,ACM Computing Surveys,10.1145/62058.62060,https://openalex.org/W2041042883,adjacent-subtopic; type-theory; benefits-of-oo,"Object-oriented programming is becoming a popular approach to the construction of complex software systems. Benefits of object orientation include support for modular design, code sharing, and extensibility. In order to make the most of these advantages, a type theory for objects and their interactions should be developed to aid checking and controlled derivation of programs and to support early binding of code bodies for efficiency. As a step in this direction, this paper surveys a number of existing type theories and examines the manner and extent to which these theories are able to represent the ideas found in object-oriented programming. Of primary interest are the models provided by type theories for abstract data types and inheritance, and the major portion of this paper is devoted to these topics. Code fragments illustrative of the various approaches are provided and discussed. The introduction provides an overview of object-oriented programming and types in programming languages; the summary provides a comparative evaluation of the reviewed typing systems, along with suggestions for future work.",openalex,llm,0.900,unreviewed,
discarded,A survey of structured and object-oriented software specification methods and techniques,Roel Wieringa,1998,ACM Computing Surveys,10.1145/299917.299919,https://openalex.org/W2124970417,adjacent-subtopic; survey; specification-methods,"This article surveys techniques used in structured and object-oriented software specification methods. The techniques are classified as techniques for the specification of external interaction and internal decomposition. The external specification techniques are further subdivided into techniques for the specification of functions, behavior, and communication. After surveying the techniques, we summarize the way they are used in structured and object-oriented methods and indicate ways in which they can be combined. This article ends with a plea for simplicity in diagram techniques and for the use of formal semantics to define these techniques. The appendices show how the reviewed techniques are used in 6 structured and 19 object-oriented specification methods.",openalex,llm,0.880,unreviewed,
discarded,Skylines: Visualizing Object-Oriented Software Systems Through Class Contours,Giannaccari M.,2025,Proceedings 2025 IEEE Working Conference on Software Visualization Vissoft 2025,10.1109/VISSOFT67405.2025.00015,https://www.scopus.com/inward/record.uri?partnerID=HzOxMe3b&scp=105018915302&origin=inward,adjacent-subtopic; software-visualization,,scopus,llm,0.740,unreviewed,
discarded,"A tested semantics for getters, setters, and eval in JavaScript.",Joe Gibbs Politz; Matthew J. Carroll; Benjamin S. Lerner; Justin Pombrio; Shriram Krishnamurthi,2012,DLS,10.1145/2384577.2384579,https://dblp.org/rec/conf/dls/PolitzCLPK12,adjacent-subtopic; javascript-semantics; getters-setters,,dblp,llm,0.780,unreviewed,
