status,title,authors,year,venue,doi,url,tags,abstract,provider,decision_source,llm_confidence,llm_review_outcome,llm_change_direction,paper_id
Discussion and Conclusions: Consistent attendance and exercise performance at moderate to high intensities are feasible in the context of a community-based Pedaling for Parkinson's class. Consistency and intensity of aerobic exercise have been proposed as critical features to elicit potential disease modification benefits associated with exercise. Community-based fitness programs that bring laboratory protocols to the ""real world"" are a feasible intervention to augment current Parkinson disease treatment approaches.",wos,llm,1.000,unreviewed,,doi:10.1097/npt.0000000000000370
discarded,"Competing off-loading mechanisms of meropenem from an L,D-transpeptidase reduce antibiotic effectiveness","Zandi, Trevor A.; Townsend, Craig A.",2021,PROCEEDINGS OF THE NATIONAL ACADEMY OF SCIENCES OF THE UNITED STATES OF AMERICA,10.1073/pnas.2008610118,https://www.webofscience.com/wos/woscc/full-record/WOS:000685026600025,off-topic-false-hit,"The carbapenem family of beta-lactam antibiotics displays a remarkably broad spectrum of bactericidal activity, exemplified by meropenem's phase II clinical trial success in patients with pulmonary tuberculosis, a devastating disease for which beta-lactam drugs historically have been notoriously ineffective. The discovery and validation of L,Dtranspeptidases (Ldts) as critical drug targets of bacterial cell-wall biosynthesis, which are only potently inhibited by the carbapenem and penem structural classes, gave an enzymological basis for the effectiveness of the first antitubercular beta-lactams. Decades of study have delineated mechanisms of beta-lactam inhibition of their canonical targets, the penicillin-binding proteins; however, open questions remain regarding the mechanisms of Ldt inhibition that underlie programs in drug design, particularly the optimization of kinetic behavior and potency. We have investigated critical features of mycobacterial Ldt inhibition and demonstrate here that the covalent inhibitor meropenem undergoes both reversible reaction and nonhydrolytic off-loading reactions from the cysteine transpeptidase LdtMt2 through a high-energy thioester adduct. Next-generation carbapenem optimization strategies should minimize adduct loss from unproductive mechanisms of Ldt adducts that reduce effective drug concentration.",wos,llm,1.000,unreviewed,,doi:10.1073/pnas.2008610118
discarded,Qualitatively different ways of unpacking visual representations when teaching intermolecular forces in upper secondary school,"Patron, Emelie; Linder, Cedric; Wikman, Susanne",2021,SCIENCE EDUCATION,10.1002/sce.21662,https://www.webofscience.com/wos/woscc/full-record/WOS:000655924900001,adjacent-subtopic,"Since visual representations play a particularly important role in the teaching and learning of chemistry, the exploration described in this article focuses on them. This is an explorative study of the qualitatively different ways that visual representations can be unpacked by Swedish upper secondary school chemistry teachers dealing with intermolecular forces. Unpacking is characterized as the ways that visual representations get used to open up the possibility of having the critical aspects and features of an intended object of learning being brought into focal awareness, initially on their own and then simultaneously. The analysis, which combines a phenomenographic and a social semiotic approach, leads to the characterizations of five qualitatively different ways that visual representations may be unpacked. These outcome categories are presented in terms of a conceptual hierarchy, where two of these ways of unpacking are characterized as being teacher-centered and the other three as student-centered. This leads to a case being made that if teachers use student-centered ways of unpacking visual representations, then their students will be more likely to gain greater access to critical aspects and features of the enacted object of learning. We argue that in terms of making theoretical and practical contributions to the phenomenographic perspective on learning, the results can be used as a tool for researchers wishing to explore how visual representations can be used effectively in science education and also provide a useful basis for discussion in teacher education and in teacher professional development programs.",wos,llm,0.990,unreviewed,,doi:10.1002/sce.21662
discarded,BEYOND THE OBSERVATIONS OF ENGLISH CLASSES IN COLOMBIA,"Martinez-Luengas, Miguel",2021,PANORAMA,,https://www.webofscience.com/wos/woscc/full-record/WOS:000648915300005,off-topic-false-hit,"This present text is a reflection based on the classroom observation practices of English classes in Colombia. There is a need to highlight that classroom observations are not just practices evaluating, criticize or judge: at the same time, these practices are important processes where the reflection and the critical aspects play a relevant role. Also, an analysis from 2012 until 2019 of a strategy called classroom observations of English classes in Colombia was made in data sources such as Bilingualism programs, Strengthening English plans, and news on Colombian journals. The author inquiries into the hidden aspects of this practice, the unseen of this topic in research and probably something which should not be shown when the observer and the observed are interacting in this observation dynamic. The findings expose a different/critical stand about the classroom observations of English classes in Colombia through some categories proposed and then, the reader will be able to identify some aspects which are probably beyond in this practice and has still carried out during education processes in this country.",wos,llm,0.990,unreviewed,,hash:f28f9005dd9d3c72
discarded,On the Benefits of Using Object-Oriented Programming for the Objective Evaluation of Vehicle Dynamic Performance in Concurrent Simulations,"Perrelli, Michele; Cosco, Francesco; Carbone, Giuseppe; Lenzo, Basilio; Mundo, Domenico",2021,MACHINES,10.3390/machines9020041,https://www.webofscience.com/wos/woscc/full-record/WOS:000622737000001,off-topic-false-hit,"Assessing passenger cars' dynamic performance is a critical aspect for car industries, due to its impact on the overall vehicle safety evaluation and the subjective nature of the involved handling and comfort metrics. Accordingly, ISO standards, such as ISO 4138 and ISO 3888, define several specific driving tests to assess vehicle dynamics performance objectively. Consequently, proper evaluation of the dynamic behaviour requires measuring several physical quantities, including accelerations, speed, and linear and angular displacements obtained after instrumenting a vehicle with multiple sensors. This experimental activity is highly demanding in terms of hardware costs, and it is also significantly time-consuming. Several approaches can be considered for reducing vehicle development time. In particular, simulation software can be exploited to predict the approximate behaviour of a vehicle using virtual scenarios. Moreover, motion platforms and detail-scalable numerical vehicle models are widely implemented for the purpose. This paper focuses on a customized simulation environment developed in C++, which exploits the advantages of object-oriented programming. The presented framework strives to perform concurrent simulations of vehicles with different characteristics such as mass, tyres, engine, suspension, and transmission systems. Within the proposed simulation framework, we adopted a hierarchical and modular representation. Vehicles are modelled by a 14 degree-of-freedom (DOF) full-vehicle model, capable of capturing the dynamics and complemented by a set of scalable-detail models for the remaining sub-systems such as tyre, engine, and steering system. Furthermore, this paper proposes the usage of autonomous virtual drivers for a more objective evaluation of vehicle dynamic performances. Moreover, to further evaluate our simulator architecture's efficiency and assess the achieved level of concurrency, we designed a benchmark able to analyse the scaling of the performances with respect to the number of different vehicles during the same simulation. Finally, the paper reports the proposed simulation environment's scalability resulting from a set of different and varying driving scenarios.",wos,llm,1.000,unreviewed,,doi:10.3390/machines9020041
discarded,Iranian-Style Cohabitation and Living in a State of Suspension and Rupture,"Ghahi, Mohammadtaghi Karami; Khazaei, Tahereh",2026,FAMILY RELATIONS,10.1111/fare.70360,https://www.webofscience.com/wos/woscc/full-record/WOS:001877237700001,off-topic-false-hit,"Objective To comprehend the experience of cohabitation and the attractions of this lifestyle within a context of experiential limitations and the possibility of its rupture in the short term.Background Cohabitation's significance lies in its contradiction with the cultural values of society and its singularity in the particularities of the Iranian family. The conceptual framework of this study is formulated based on the institutional conditions of the family in relation to the reflexive subject with an emphasis on individuality, sexuality, and embodiment.Method This study was conducted through thematic analysis using semi-structured in-depth interviews with 15 Iranian women and men from the urban middle class. Strict ethical considerations were maintained, with a strong emphasis on the anonymity of the participants.Result Five dominant semantic patterns emerged: unplanned beginning, cohabitation as a transition-period lifestyle, escape from rituals and resistance self-distortion, ennui and flight from conjugal malaise, and sexuality and the centrality of the erotic body.Conclusion Iranian-style cohabitation remains influenced by the conception of the Iranian family in its institutional status.Implications First, a legal framework could be developed based on endogenous and culturally accepted forms of short-term or temporary unions, such as the registration of private or civil contracts aimed at providing legal protection for the partners. Second, economic and cultural support for formal marriage and family formation should be strengthened. Third, dialog-based educational and cultural programs should be designed within a non-ideological framework to promote interpersonal communication skills and informed decision-making.",wos,llm,1.000,unreviewed,,doi:10.1111/fare.70360
discarded,Preconception lifestyle interventions for women-a systematic review and meta-analysis of intervention characteristics and behaviour change techniques,"Torkel, Sophia; Mantzioris, Evangeline; Villani, Anthony; Kellow, Nicole J.; Bhatnagar, Dhruv; Osei-Safo, Elaine K.; McGowan, Margaret; Jafar, Nur K. Abdul; Bogatzke, Nadia; Alesi, Simon; Astarcioglu, Tuba; Mol, Ben W.; Norman, Robert J.; Cowan, Stephanie; Wang, Rui; Moran, Lisa",2026,HUMAN REPRODUCTION UPDATE,10.1093/humupd/dmaf021,https://www.webofscience.com/wos/woscc/full-record/WOS:001556155400001,off-topic-false-hit,"BACKGROUND: The time before conception is an important opportunity to improve maternal lifestyle, and hence improve fertility and health. However, the components of effective preconception lifestyle interventions are unclear. OBJECTIVE AND RATIONALE: This review aimed to assess the association of intervention characteristics and behaviour change techniques with the effect of lifestyle interventions on fertility, obstetric, foetal, anthropometric, and metabolic outcomes in women planning a pregnancy. Understanding the optimal components of preconception lifestyle interventions is essential to improve success of future interventions. SEARCH METHODS: We searched Ovid MEDLINE, PsycINFO, Embase, Emcare, Scopus, Cochrane Central Register of Controlled Trials, and CINAHL (6 December 2024). We included randomized controlled trials on women planning a pregnancy which assessed the effect of lifestyle intervention compared to standard minimal care or no intervention on fertility, obstetric, foetal, anthropometric, and metabolic outcomes. We performed random-effects meta-analysis with subgroup analysis based on participant characteristics, intervention characteristics (using the Template for Intervention Description and Replication (TIDieR) framework), and behaviour change techniques (using the Behaviour Change Taxonomy v1). We assessed trustworthiness (using the Trustworthiness in Randomised Controlled Trials (TRACT) checklist), risk of bias (using the Cochrane Risk of Bias 2.0 tool), and certainty of the evidence (using the GRADE approach). OUTCOMES: Following eligibility screening and trustworthiness assessments, we included 24 studies (n = 7795 women), of which the majority were conducted in high-income countries (79%) and studied women with infertility (67%). Risk of bias was low for seven studies, some concerns for 15 studies and high for two studies. Overall, there was no difference in clinical pregnancy (odds ratio [95% CI]: 1.06 [0.84, 1.35], I-2 = 24.22%) or live birth (odds ratio [95% CI]: 1.17 [0.82, 1.67], I-2 = 48.73%) with lifestyle intervention. Odds of clinical pregnancy were higher for interventions delivered over >= 10 sessions (2.17 [1.21, 3.86] vs 0.88 [0.72, 1.07], P = 0.004 for subgroup differences) and with the behaviour change technique Adding objects to the environment (e.g. provision of intervention-compliant food and/or exercise equipment) (3.51 [1.70, 7.23] vs 0.90 [0.75, 1.08], P < 0.001 for subgroup differences). Lifestyle interventions reduced weight (mean difference [95% CI]: -3.87 kg [-5.76, -1.97], I-2 = 95.03%) and fasting blood glucose (mean difference [95% CI]: -0.15 mM [-0.25, -0.04], I-2 = 0%). Greater weight loss was observed for interventions with a weight loss aim (-4.19 kg [-6.30, -1.92] vs -0.81 kg [-1.48, -0.14], P = 0.003 for subgroup differences). Greater weight loss was observed for interventions delivered solely via face-to-face (-6.02 kg [-8.96, -3.07]) compared to those delivered via a combination of face-to-face and technology (-2.21 kg [-3.62, -0.81], P = 0.02 for subgroup differences). WIDER IMPLICATIONS: Effectiveness of preconception lifestyle interventions aiming to enhance fertility may be improved by a structured, intensive approach. Preconception lifestyle interventions reduce weight, particularly face-to-face interventions with a weight loss aim.

However, these findings based on subgroup analyses should be interpreted with caution and warrant further investigation due to the exploratory nature of the analysis, limited number of studies included, and potential aggregation bias of study-level subgroup effects. Selection of intervention characteristics for future preconception lifestyle interventions should consider patient preferences and practical considerations.",wos,llm,1.000,unreviewed,,doi:10.1093/humupd/dmaf021
discarded,EDUCATION AND SOCIAL CONTRADICTIONS: AN ANALYSIS OF THE GOIAS HIGHSCHOOL PROGRAMS IN LIGHT OF THE LEGISLATIVE DISCOURSE AND THE EVERYDAY REPRESENTATIONS,"da Silva, Edmilson Borges; Pinheiro, Veralucia",2025,PERSPECTIVAS EM DIALOGO-REVISTA DE EDUCACAO E SOCIEDADE,10.55028/pdres.v12i31.22641,https://www.webofscience.com/wos/woscc/full-record/WOS:001546070100028,off-topic-false-hit,"In this article, we analyze the demands placed on education in a society marked by class conflicts, divergent interests, and the predominance of ideologies that sustain structural inequalities. Our focus was on government programs implemented over two decades in secondary education in Goi & aacute;s, aiming to analyze, in light of legislative discourse and everyday representations, the adopted educational practices. We conclude that education, as a tool for social reproduction, reflects the contradictions of the capitalist system, leaving social transformation through resistance and the construction of critical and emancipatory education as the only viable solution. This approach seeks to overcome the limitations imposed by pedagogical conceptions exported to regional education, shaped by national legislation and the interests of those who control the productive sector.",wos,llm,1.000,unreviewed,,doi:10.55028/pdres.v12i31.22641
discarded,Zoom in on learning with a virtual microscope: A convergent parallel mixed-method study,"Chow, Ava K.; Sharmin, Nazlee",2025,PLOS ONE,10.1371/journal.pone.0323412,https://www.webofscience.com/wos/woscc/full-record/WOS:001488716300031,off-topic-false-hit,"Knowledge of histology is essential for many disciplines in professional health education. Virtual Microscopes (VMs) are increasingly becoming popular as a cost-effective teaching tool for histology. However, a lack of hands-on experience with traditional light microscopes and glass slides concerns many educators. Although studies have reported improvement or no difference in students' knowledge and/or performance using either virtual or optical microscopes, reports on the impact of VMs on students' understanding of magnification and orientation are scarce. We conducted a convergent, parallel mixed-method study to assess dental students' understanding of magnification and orientation after using a virtual microscope to study oral histology. Six hours of mandatory lab sessions and critical thinking assignment questions were designed for the 1st year students in the Doctor of Dental Surgery (DDS) program. Quantitative data were collected from students' performance in orientation and magnification-related questions in the summative assessments. Students' written responses to reflective questions were the qualitative data, analyzed using manifest content analysis. All 32 students accurately answered 3 out of 5 questions, requiring them to apply the knowledge of magnification and orientation. 30 and 29 students correctly answered the remaining questions, respectively. 97% of the class agreed to improve their understanding of magnification and orientation after using the VM. All (100%) students (n = 32) completed the reflective assignment, generating 64 meaning units. 17 codes were generated and compiled into seven subcategories, which were further condensed into two categories: refinement of mental models and enhanced learning. Although our study is limited by a small sample size, it sheds light on the strategies adopted by dental students to improve their senses of magnification and orientation while using a VM.",wos,llm,1.000,unreviewed,,doi:10.1371/journal.pone.0323412
discarded,"The Veiled Problem of ""Problem Solution"": Problem Definition as Necessary but not Sufficient","Kleine, Marie stettler; Nieusma, Dean; Salinas, Chelsea; Wigner, Aubrey",2024,INTERNATIONAL JOURNAL OF ENGINEERING EDUCATION,,https://www.webofscience.com/wos/woscc/full-record/WOS:001418786100016,off-topic-false-hit,"In this paper, we provoke a discussion regarding how engineering educators perceive and frame engineering problem solving and its central role in engineer education's pervasive narrowing of perspectives. We catalyze dialogue about equipping our students with the engineering judgment necessary to assess their institutional, professional, and epistemological positionality. We aim to empower students to open the black box of problem definition, yes, but we also want them to be attuned to the power and limits of traditional engineering problem solving as such, so they can effectively deploy traditional engineering methods when generative and, when too restrictive, move beyond them. The paper draws attention to engineers' predilection for objects/artifacts, pragmatism, and quantitative approximation as specific examples that frame what engineering work has been, hoping that engineers (as counter examples) can expand beyond these traditional conceptions of technical work. The authors, critical participants in forming a new degree program in Design Engineering, first describe what is at stake if engineers focus too narrowly. Next, literature from engineering studies, a subfield of science and technology studies, contextualizes how an expansion of engineering jurisdiction is appropriate. This jurisdiction expansion is described by moving from simple problem solving to problem definition and solution, to further include ""problem framing.""This paper then details our academic program, Design Engineering at Colorado School of Mines, where we have attempted to overcome narrowly defined conceptions of engineering work through problem framing. We reflect on our curriculum and program building as a generative site for defining what engineering judgment is and ought to be. Rather than attempting to provide a series of best practices, this provocation seeks to promote a deeper conversation on how we frame engineering work. Intermittent attention to problem definition, however effectively executed, is not adequate to the task of challenging narrow techno-solutionist educational frameworks. We aim to spark conversations about the solutionism embedded into engineering, questioning engineers' limitations and opportunities for growth in key areas, including learning how to implement problem definition and solution while simultaneously critiquing its boundaries and expanding its utility.",wos,llm,0.990,unreviewed,,hash:15f591a017cb9a25
