status,title,authors,year,venue,doi,url,tags,abstract,provider,decision_source,llm_confidence,llm_review_outcome,llm_change_direction
discarded,Assessing the Effectiveness of Coverage-Based Fault Localizations Using Mutants,Xue X.,2018,International Journal of Software Engineering and Knowledge Engineering,10.1142/S0218194018500316,https://www.scopus.com/inward/record.uri?partnerID=HzOxMe3b&scp=85052643697&origin=inward,adjacent-subtopic; fault-localization,,scopus,llm,0.970,unreviewed,
discarded,Theoretical and Empirical Validation of Coupling Metrics for Object-Oriented Data Warehouse Design,Aggarwal G.,2018,Arabian Journal for Science and Engineering,10.1007/s13369-017-2692-y,https://www.scopus.com/inward/record.uri?partnerID=HzOxMe3b&scp=85040365291&origin=inward,adjacent-subtopic; coupling-metrics-validation,,scopus,llm,0.960,unreviewed,
discarded,Validation of object-oriented software GA metric selection model using domain experts,Diwani A.,2018,Journal of Engineering and Applied Sciences,10.3923/jeasci.2018.7.10,https://www.scopus.com/inward/record.uri?partnerID=HzOxMe3b&scp=85042510369&origin=inward,adjacent-subtopic; metric-selection-model,,scopus,llm,0.960,unreviewed,
kept,Inheritance Usage Patterns in Open-Source Systems,Stevenson J.,2018,Proceedings International Conference on Software Engineering,10.1145/3180155.3180168,https://www.scopus.com/inward/record.uri?partnerID=HzOxMe3b&scp=85064756456&origin=inward,qualifies-claim; inheritance-usage-empirical; practice,,scopus,llm_reviewed,0.780,confirmed,
discarded,On architecture specification,Broy M.,2018,Lecture Notes in Computer Science Including Subseries Lecture Notes in Artificial Intelligence and Lecture Notes in Bioinformatics,10.1007/978-3-319-73117-9_2,https://www.scopus.com/inward/record.uri?partnerID=HzOxMe3b&scp=85041806762&origin=inward,adjacent-subtopic; architecture-specification,,scopus,llm,0.980,unreviewed,
discarded,Empirical Evaluation of the Impact of Object-Oriented Code Refactoring on Quality Attributes: A Systematic Literature Review,Al Dallal J.,2018,IEEE Transactions on Software Engineering,10.1109/TSE.2017.2658573,https://www.scopus.com/inward/record.uri?partnerID=HzOxMe3b&scp=85040724898&origin=inward,adjacent-subtopic; refactoring-slr,,scopus,llm,0.900,unreviewed,
discarded,Empirical comparison of machine learning algorithms for bug prediction in open source software,Malhotra R.,2017,Proceedings of the 2017 International Conference on Big Data Analytics and Computational Intelligence Icbdaci 2017,10.1109/ICBDACI.2017.8070806,https://www.scopus.com/inward/record.uri?partnerID=HzOxMe3b&scp=85040201132&origin=inward,adjacent-subtopic; bug-prediction,,scopus,llm,0.970,unreviewed,
discarded,Early evaluation of implementation alternatives of composite data structures toward maintainability,Karanikolas C.,2017,ACM Transactions on Software Engineering and Methodology,10.1145/3132731,https://www.scopus.com/inward/record.uri?partnerID=HzOxMe3b&scp=85032974011&origin=inward,adjacent-subtopic; composite-data-structures; maintainability,,scopus,llm,0.800,unreviewed,
kept,"Fragile base-class problem, problem?",Sabané A.,2017,Empirical Software Engineering,10.1007/s10664-016-9448-2,https://www.scopus.com/inward/record.uri?partnerID=HzOxMe3b&scp=84981169487&origin=inward,qualifies-claim; fragile-base-class; empirical-reassessment; empirics,,scopus,llm_reviewed,0.930,confirmed,
discarded,Stepping towards dynamic measurement for object oriented software,Jain A.,2017,India International Conference on Information Processing Iicip 2016 Proceedings,10.1109/IICIP.2016.7975323,https://www.scopus.com/inward/record.uri?partnerID=HzOxMe3b&scp=85027448730&origin=inward,adjacent-subtopic; dynamic-metrics,,scopus,llm,0.940,unreviewed,
discarded,Software quality predictive modeling: An effective assessment of experimental data,Malhotra R.,2017,ACM International Conference Proceeding Series,10.1145/3021460.3021491,https://www.scopus.com/inward/record.uri?partnerID=HzOxMe3b&scp=85054259406&origin=inward,adjacent-subtopic; quality-predictive-modeling,,scopus,llm,0.960,unreviewed,
discarded,Empirical analysis on effectiveness of source code metrics for predicting change-proneness,Kumar L.,2017,ACM International Conference Proceeding Series,10.1145/3021460.3021461,https://www.scopus.com/inward/record.uri?partnerID=HzOxMe3b&scp=85042677838&origin=inward,adjacent-subtopic; change-proneness-metrics,,scopus,llm,0.960,unreviewed,
discarded,Fuzzy inferencing to identify degree of interaction in the development of fault prediction models,Goyal R.,2017,Journal of King Saud University Computer and Information Sciences,10.1016/j.jksuci.2014.12.008,https://www.scopus.com/inward/record.uri?partnerID=HzOxMe3b&scp=85006791416&origin=inward,adjacent-subtopic; fault-prediction-modeling,,scopus,llm,0.960,unreviewed,
kept,Exploring the Impact of Inheritance on Test Code Maintainability.,Dong Jae Kim; Tse-Hsun Chen,2024,ICSE Companion,10.1145/3639478.3643522,https://dblp.org/rec/conf/icse/KimC24,qualifies-claim; test-code-maintainability; inheritance,,dblp,llm,0.830,unreviewed,
discarded,Metrics for maintainability of class inheritance hierarchies.,Frederick T. Sheldon; Kshamta Jerath; Hong Chung,2002,J. Softw. Maintenance Res. Pract.,10.1002/SMR.249,https://dblp.org/rec/journals/smr/SheldonJC02,adjacent-subtopic; inheritance-maintainability-metrics,,dblp,llm,0.920,unreviewed,
kept,Experimental assessment of the effect of inheritance on the maintainability of object-oriented systems.,Rachel Harrison; Steve Counsell; Reuben V. Nithi,2000,J. Syst. Softw.,10.1016/S0164-1212(99)00144-2,https://dblp.org/rec/journals/jss/HarrisonCN00,qualifies-claim; inheritance-maintainability; empirical; empirics,,dblp,llm_reviewed,0.950,confirmed,
kept,Evaluating inheritance depth on the maintainability of object-oriented software.,John W. Daly; Andrew Brooks; James Miller 0001; Marc Roper; Murray Wood,1996,Empir. Softw. Eng.,10.1007/BF00368701,https://dblp.org/rec/journals/ese/DalyBMRW96,qualifies-claim; inheritance-depth; maintainability; empirical; empirics,,dblp,llm_reviewed,0.950,confirmed,
kept,A Modified Inheritance Mechanism Enhancing Reusability and Maintainability in Object-Oriented Languages.,Xuandong Li; Guoliang Zheng,1996,APSEC,10.1109/APSEC.1996.566744,https://dblp.org/rec/conf/apsec/XuanDongG96,qualifies-claim; modified-inheritance; reusability; maintainability,,dblp,llm,0.830,unreviewed,
kept,The effect of inheritance on the maintainability of object-oriented software: an empirical study.,John W. Daly; Andrew Brooks; James Miller 0001; Marc Roper; Murray Wood,1995,ICSM,10.1109/ICSM.1995.526524,https://dblp.org/rec/conf/icsm/DalyBMRW95,qualifies-claim; inheritance-maintainability; empirical,,dblp,llm,0.950,unreviewed,
discarded,Attribute-based encryption for fine-grained access control of encrypted data,Vipul Goyal; Omkant Pandey; Amit Sahai; Brent Waters,2006,,10.1145/1180405.1180418,https://openalex.org/W2138001464,off-topic-false-hit; cryptography; delegation,"As more sensitive data is shared and stored by third-party sites on the Internet, there will be a need to encrypt data stored at these sites. One drawback of encrypting data, is that it can be selectively shared only at a coarse-grained level (i.e., giving another party your private key). We develop a new cryptosystem for fine-grained sharing of encrypted data that we call Key-Policy Attribute-Based Encryption (KP-ABE). In our cryptosystem, ciphertexts are labeled with sets of attributes and private keys are associated with access structures that control which ciphertexts a user is able to decrypt. We demonstrate the applicability of our construction to sharing of audit-log information and broadcast encryption. Our construction supports delegation of private keys which subsumesHierarchical Identity-Based Encryption (HIBE).",openalex,llm,1.000,unreviewed,
discarded,Theory and Practice of Delegation to Non-Majoritarian Institutions,Mark Thatcher; Alec Stone Sweet,2002,West European Politics,10.1080/713601583,https://openalex.org/W1966358148,off-topic-false-hit; political-delegation,"The article summarises the analytical frameworks, questions, and empirical findings of the volume. It defines the key concepts used. It then sets out the principal-agent framework that explains delegation to NMIs through functional logics for principals. It sets out alternative explanations based on sociological and historical institutionalism. Thereafter, it relates the empirical findings of the volume to these wider debates about delegation. It argues that although functional demands for delegation can almost always be identified, purely functional accounts of delegation to NMIs are inadequate. Explaining the decision to delegate and the institutional forms of that delegation involves including and specifying interests, policy learning/institutional isomorphism and institutional inheritances. Delegation has also had major consequences on the distribution of power, policy making processes and substantive policy choices, both through its direct effects, and via feedback effects. Finally, delegation has raised questions about the legitimacy and accountability of NMIs.",openalex,llm,1.000,unreviewed,
discarded,TaintDroid,William Enck; Peter Gilbert; Seungyeop Han; Vasant Tendulkar; Byung-Gon Chun; Landon P. Cox; Jaeyeon Jung; Patrick McDaniel; Anmol Sheth,2014,ACM Transactions on Computer Systems,10.1145/2619091,https://openalex.org/W2060692877,adjacent-subtopic; security-system,"Today’s smartphone operating systems frequently fail to provide users with visibility into how third-party applications collect and share their private data. We address these shortcomings with TaintDroid, an efficient, system-wide dynamic taint tracking and analysis system capable of simultaneously tracking multiple sources of sensitive data. TaintDroid enables realtime analysis by leveraging Android’s virtualized execution environment. TaintDroid incurs only 32% performance overhead on a CPU-bound microbenchmark and imposes negligible overhead on interactive third-party applications. Using TaintDroid to monitor the behavior of 30 popular third-party Android applications, in our 2010 study we found 20 applications potentially misused users’ private information; so did a similar fraction of the tested applications in our 2012 study. Monitoring the flow of privacy-sensitive data with TaintDroid provides valuable input for smartphone users and security service firms seeking to identify misbehaving applications.",openalex,llm,0.990,unreviewed,
discarded,"The Logic of Delegation: Congressional Parties and the Appropriations Process, by D. Roderick Kiewiet and Mathew D. McCubbins",Joseph White,1992,Political Science Quarterly,10.2307/2152152,https://openalex.org/W1993452298,off-topic-false-hit; political-delegation,"Why do majority congressional parties seem unable to act as an effective policy-making force? They routinely delegate their power to others internally to standing committees and subcommittees within each chamber, externally to the president and to the bureaucracy. Conventional wisdom in political science insists that such delegation leads inevitably to abdication usually by degrees, sometimes precipitously, but always completely. In Logic of Delegation, however, D. Roderick Kiewiet and Mathew D. McCubbins persuasively argue that political scientists have paid far too much attention to what congressional parties can't do. The authors draw on economic and management theory to demonstrate that the effectiveness of delegation is determined not by how much authority is delegated but rather by how well it is delegated. In the context of the appropriations process, the authors show how congressional parties employ committees, subcommittees, and executive agencies to accomplish policy goals. This innovative study will force a complete rethinking of classic issues in American politics: the autonomy of congressional committees; the reality of runaway federal bureaucracy; and the supposed dominance of the presidency in legislative-executive relations.",openalex,llm,1.000,unreviewed,
discarded,Delegation and Incentive Compensation,Venky Nagar,2002,The Accounting Review,10.2308/accr.2002.77.2.379,https://openalex.org/W2169651540,off-topic-false-hit; organizational-delegation,"Top management faces two key organizational design choices: (1) how much authority to delegate to lower-level managers, and (2) how to design incentive compensation to ensure that these managers do not misuse their discretion. Theoretical accounting literature emphasizes that top management makes these two choices jointly, but there is little empirical evidence on this assertion. Capitalizing on a unique database of branch manager practices in retail banks, this study provides some of the first evidence on the joint nature of the delegation and incentive compensation choices for lower-level managers. A simultaneous model of these two choices indicates that high-growth, volatile, and innovative banks delegate more authority to branch managers. In turn, branch managers with more authority receive more incentive-based pay. However, in contrast with principal-agent theory, I find no evidence that the extent of incentive compensation plays a significant role in explaining the extent of delegation.",openalex,llm,1.000,unreviewed,
discarded,Optimal Delegation,Ricardo Alonso; Niko Matouschek,2008,The Review of Economic Studies,10.1111/j.1467-937x.2007.00471.x,https://openalex.org/W4233255451,off-topic-false-hit; economic-delegation,"We analyse the design of decision rules by a principal who faces an informed but biased agent and who is unable to commit to contingent transfers. The contracting problem reduces to a delegation problem in which the principal commits to a set of decisions from which the agent chooses his preferred one. We characterize the optimal delegation set and perform comparative statics on the principal's willingness to delegate and the agent's discretion. We also provide conditions for interval delegation to be optimal and show that they are satisfied when the agent's preferences are sufficiently aligned. Finally, we apply our results to the regulation of a privately informed monopolist and to the design of legislatives rules.",openalex,llm,1.000,unreviewed,
discarded,"Dynamic Delegation: Shared, Hierarchical, and Deindividualized Leadership in Extreme Action Teams",Katherine J. Klein; Jonathan C. Ziegert; Andrew P. Knight; Yan Xiao,2006,Administrative Science Quarterly,10.2189/asqu.51.4.590,https://openalex.org/W1604050394,off-topic-false-hit; leadership-delegation,"This paper examines the leadership of extreme action teams—teams whose highly skilled members cooperate to perform urgent, unpredictable, interdependent, and highly consequential tasks while simultaneously coping with frequent changes in team composition and training their teams' novice members. Our qualitative investigation of the leadership of extreme action medical teams in an emergency trauma center revealed a hierarchical, deindividualized system of shared leadership. At the heart of this system is dynamic delegation: senior leaders' rapid and repeated delegation of the active leadership role to and withdrawal of the active leadership role from more junior leaders of the team. Our findings suggest that dynamic delegation enhances extreme action teams' ability to perform reliably while also building their novice team members' skills. We highlight the contingencies that guide senior leaders' delegation and withdrawal of the active leadership role, as well as the values and structures that motivate and enable the shared, ongoing practice of dynamic delegation. Further, we suggest that extreme action teams and other “improvisational” organizational units may achieve swift coordination and reliable performance by melding hierarchical and bureaucratic role-based structures with flexibility-enhancing processes. The insights emerging from our findings at once extend and challenge prior leadership theory and research, paving the way for further theory development and research on team leadership in dynamic settings.",openalex,llm,1.000,unreviewed,
discarded,The Next Generation of Research on IS Use: A Theoretical Framework of Delegation to and from Agentic IS Artifacts,Aaron Baird; Likoebe M. Maruping,2021,MIS Quarterly,10.25300/misq/2021/15882,https://openalex.org/W3142805939,off-topic-false-hit; is-artifacts-delegation,"Information systems (IS) use, the dominant theoretical paradigm for explaining how users apply IS artifacts toward goal attainment, gives primacy to human agency in the user–IS artifact relationship. Models and theorizing in the IS use research stream tend to treat the IS artifact as a passive tool; lacking in the ability to initiate action and accept rights and responsibilities for achieving optimal outcomes under uncertainty. We argue that a new generation of “agentic” IS artifacts requires revisiting the human agency primacy assumption. Agentic IS artifacts are no longer passive tools waiting to be used, are no longer always subordinate to the human agent, and can now assume responsibility for tasks with ambiguous requirements and for seeking optimal outcomes under uncertainty. To move our theorizing forward, we introduce delegation, based on agent interaction theories, as a foundational and powerful lens through which to understand and explain the human– agentic IS artifact relationship. While delegation has always been central to human–IS artifact interactions, it has yet to be explicitly recognized in IS use theorizing. We explicitly theorize IS delegation by developing an IS delegation theoretical framework. This framework provides a scaffolding which can guide future IS delegation theorizing and focuses on the human–agentic IS artifact dyad as the elemental unit of analysis. The framework specifically reveals the importance of agent attributes relevant to delegation (endowments, preferences, and roles) as well as foundational mechanisms of delegation (appraisal, distribution, and coordination). Guidelines are proposed to demonstrate how this theoretical framework can be applied toward generation of testable models. We conclude by outlining a roadmap for mobilizing future research.",openalex,llm,1.000,unreviewed,
discarded,"ChatGPT in education: Methods, potentials, and limitations",Bahar Memarian; Tenzin Doleck,2023,Computers in Human Behavior Artificial Humans,10.1016/j.chbah.2023.100022,https://openalex.org/W4387643322,off-topic-false-hit; education-ai-delegation,"ChatGPT has been under the scrutiny of public opinion including in education. Yet, less work has been done to analyze studies conducted on ChatGPT in educational contexts. This review paper examines where ChatGPT is employed in educational literature and areas of potential, challenges, and future work. A total of 64 publications were included in this review using the general framework of open and axial coding. We coded and summarized the methods, and reported potentials, limitations, and future work of each study. Thematic analysis of reviewed studies revealed that most extant studies in the education literature explore ChatGPT through a commentary and non-empirical lens. The potentials of ChatGPT include but are not limited to the development of personalized and complex learning, specific teaching and learning activities, assessments, asynchronous communication, and feedback, accuracy in research, personas, and task delegation and cognitive offload. Several areas of challenge that ChatGPT is or will be facing in education are also shared. Examples include but are not limited to plagiarism deception, misuse lack of learning, accountability, and privacy. There thus are both concerns and optimism about the use of ChatGPT in education, yet the most pressing need is to ensure student learning and academic integrity are not sacrificed. Our review provides a summary of studies conducted on ChatGPT in education literature. We further provide a comprehensive and unique discussion on future considerations for ChatGPT in education.",openalex,llm,0.990,unreviewed,
discarded,Distributed management by delegation,G. Goldszmidt; Y. Yemini,2002,,10.1109/icdcs.1995.500036,https://openalex.org/W2103038289,off-topic-false-hit; network-management-delegation,"This paper introduces a novel approach to distributed computing based on delegation-agents, and describes its applications to decentralize network management. Delegation agents are programs that can be dispatched to remote processes, dynamically linked and executed under local or remote control. Unlike scripted agents, delegation agent programs may be written in arbitrary languages, interpreted or compiled. They can thus be more broadly applied to handle such tasks as real-time monitoring, analysis and control of network resources. Distributed management by delegation (MbD) uses this to manage remote elements and domains. MbD provides a paradigm for distributed, flexible, scalable and robust network management that overcomes the key limitations of current centralized management schemes.",openalex,llm,1.000,unreviewed,
