status,title,authors,year,venue,doi,url,tags,abstract,provider,decision_source,llm_confidence,llm_review_outcome,llm_change_direction
discarded,Efficacy and Safety of the mRNA-1273 SARS-CoV-2 Vaccine,Lindsey R. Baden; Hana M. El Sahly; Brandon Essink; Karen Kotloff; Sharon Frey; Rick Novak; David Diemert; Stephen A. Spector; Nadine Rouphael; C. Buddy Creech; John McGettigan; Shishir Khetan; Nathan Segall; Joel Solis; Adam Brosz; Carlos Fierro; Howard Schwartz; Kathleen Neuzil; Lawrence Corey; Peter Gilbert; Holly Janes; Dean Follmann; Mary Marovich; John Mascola; Laura Polakowski; Julie Ledgerwood; Barney S. Graham; Hamilton Bennett; Rolando Pajon; Conor Knightly; Brett Leav; Weiping Deng; Honghong Zhou; Shu Han; Melanie Ivarsson; Jacqueline Miller; Tal Zaks,2020,New England Journal of Medicine,10.1056/nejmoa2035389,https://openalex.org/W3113734454,off-topic-false-hit; lipid-nanoparticle-encapsulated-mrna,"BACKGROUND: Vaccines are needed to prevent coronavirus disease 2019 (Covid-19) and to protect persons who are at high risk for complications. The mRNA-1273 vaccine is a lipid nanoparticle-encapsulated mRNA-based vaccine that encodes the prefusion stabilized full-length spike protein of the severe acute respiratory syndrome coronavirus 2 (SARS-CoV-2), the virus that causes Covid-19. METHODS: This phase 3 randomized, observer-blinded, placebo-controlled trial was conducted at 99 centers across the United States. Persons at high risk for SARS-CoV-2 infection or its complications were randomly assigned in a 1:1 ratio to receive two intramuscular injections of mRNA-1273 (100 μg) or placebo 28 days apart. The primary end point was prevention of Covid-19 illness with onset at least 14 days after the second injection in participants who had not previously been infected with SARS-CoV-2. RESULTS: The trial enrolled 30,420 volunteers who were randomly assigned in a 1:1 ratio to receive either vaccine or placebo (15,210 participants in each group). More than 96% of participants received both injections, and 2.2% had evidence (serologic, virologic, or both) of SARS-CoV-2 infection at baseline. Symptomatic Covid-19 illness was confirmed in 185 participants in the placebo group (56.5 per 1000 person-years; 95% confidence interval [CI], 48.7 to 65.3) and in 11 participants in the mRNA-1273 group (3.3 per 1000 person-years; 95% CI, 1.7 to 6.0); vaccine efficacy was 94.1% (95% CI, 89.3 to 96.8%; P<0.001). Efficacy was similar across key secondary analyses, including assessment 14 days after the first dose, analyses that included participants who had evidence of SARS-CoV-2 infection at baseline, and analyses in participants 65 years of age or older. Severe Covid-19 occurred in 30 participants, with one fatality; all 30 were in the placebo group. Moderate, transient reactogenicity after vaccination occurred more frequently in the mRNA-1273 group. Serious adverse events were rare, and the incidence was similar in the two groups. CONCLUSIONS: The mRNA-1273 vaccine showed 94.1% efficacy at preventing Covid-19 illness, including severe disease. Aside from transient local and systemic reactions, no safety concerns were identified. (Funded by the Biomedical Advanced Research and Development Authority and the National Institute of Allergy and Infectious Diseases; COVE ClinicalTrials.gov number, NCT04470427.).",openalex,llm,1.000,unreviewed,
discarded,STRENGTH OF EVIDENCE FOR DENSITY DEPENDENCE IN ABUNDANCE TIME SERIES OF 1198 SPECIES,Barry W. Brook; Corey J. A. Bradshaw,2006,Ecology,10.1890/0012-9658(2006)87[1445:soefdd]2.0.co;2,https://openalex.org/W2162335786,off-topic-false-hit; ecology,"Population limitation is a fundamental tenet of ecology, but the relative roles of exogenous and endogenous mechanisms remain unquantified for most species. Here we used multi-model inference (MMI), a form of model averaging, based on information theory (Akaike's Information Criterion) to evaluate the relative strength of evidence for density-dependent and density-independent population dynamical models in long-term abundance time series of 1198 species. We also compared the MMI results to more classic methods for detecting density dependence: Neyman-Pearson hypothesis-testing and best-model selection using the Bayesian Information Criterion or cross-validation. Using MMI on our large database, we show that density dependence is a pervasive feature of population dynamics (median MMI support for density dependence = 74.7-92.2%), and that this holds across widely different taxa. The weight of evidence for density dependence varied among species but increased consistently, with the number of generations monitored. Best-model selection methods yielded similar results to MMI (a density-dependent model was favored in 66.2-93.9% of species time series), while the hypothesis-testing methods detected density dependence less frequently (32.6-49.8%). There were no obvious differences in the prevalence of density dependence across major taxonomic groups under any of the statistical methods used. These results underscore the value of using multiple modes of analysis to quantify the relative empirical support for a set of working hypotheses that encompass a range of realistic population dynamical behaviors.",openalex,llm,0.990,unreviewed,
discarded,Review of solid–liquid phase change materials and their encapsulation technologies,Weiguang Su; Jo Darkwa; Georgios Kokogiannakis,2015,Renewable and Sustainable Energy Reviews,10.1016/j.rser.2015.04.044,https://openalex.org/W2034217076,off-topic-false-hit; phase-change-materials; encapsulation-technologies,,openalex,llm,1.000,unreviewed,
discarded,A Novel Nanoparticle Drug Delivery System: The Anti-inflammatory Activity of Curcumin Is Enhanced When Encapsulated in Exosomes,Dongmei Sun; Xiaoying Zhuang; Xiaoyu Xiang; Yuelong Liu; Shuangyin Zhang; Cunren Liu; Stephen Barnes; William E. Grizzle; Donald R. Miller; Huang-Ge Zhang,2010,Molecular Therapy,10.1038/mt.2010.105,https://openalex.org/W2166846320,off-topic-false-hit; drug-delivery; encapsulated-in-exosomes,"Monocyte-derived myeloid cells play vital roles in inflammation-related autoimmune/inflammatory diseases and cancers. Here, we report that exosomes can deliver anti-inflammatory agents, such as curcumin, to activated myeloid cells in vivo. This technology provides a means for anti-inflammatory drugs, such as curcumin, to target the inflammatory cells as well as to overcome unwanted off-target effects that limit their utility. Using exosomes as a delivery vehicle, we provide evidence that curcumin delivered by exosomes is more stable and more highly concentrated in the blood. We show that the target specificity is determined by exosomes, and the improvement of curcumin activity is achieved by directing curcumin to inflammatory cells associated with therapeutic, but not toxic, effects. Furthermore, we validate the therapeutic relevance of this technique in a lipopolysaccharide (LPS)-induced septic shock mouse model. We further show that exosomes, but not lipid alone, are required for the enhanced anti-inflammatory activity of curcumin. The specificity of using exosomes as a drug carrier creates opportunities for treatments of many inflammation-related diseases without significant side effects due to innocent bystander or off-target effects.",openalex,llm,1.000,unreviewed,
discarded,Designing hydrogels for controlled drug delivery,Jianyu Li; David Mooney,2016,Nature Reviews Materials,10.1038/natrevmats.2016.71,https://openalex.org/W2539107597,off-topic-false-hit; hydrogels; drug-delivery,,openalex,llm,0.990,unreviewed,
discarded,2015 American Thyroid Association Management Guidelines for Adult Patients with Thyroid Nodules and Differentiated Thyroid Cancer: The American Thyroid Association Guidelines Task Force on Thyroid Nodules and Differentiated Thyroid Cancer,Bryan R. Haugen; Erik K. Alexander; Keith C. Bible; Gerard M. Doherty; Susan J. Mandel; Yuri E. Nikiforov; Furio Pacini; Gregory W. Randolph; Anna M. Sawka; Martin Schlumberger; Kathryn G. Schuff; Steven I. Sherman; Julie Ann Sosa; David L. Steward; R. Michael Tuttle; Leonard Wartofsky,2015,Thyroid,10.1089/thy.2015.0020,https://openalex.org/W2145150141,off-topic-false-hit; medical-guidelines,"BACKGROUND: Thyroid nodules are a common clinical problem, and differentiated thyroid cancer is becoming increasingly prevalent. Since the American Thyroid Association's (ATA's) guidelines for the management of these disorders were revised in 2009, significant scientific advances have occurred in the field. The aim of these guidelines is to inform clinicians, patients, researchers, and health policy makers on published evidence relating to the diagnosis and management of thyroid nodules and differentiated thyroid cancer. METHODS: The specific clinical questions addressed in these guidelines were based on prior versions of the guidelines, stakeholder input, and input of task force members. Task force panel members were educated on knowledge synthesis methods, including electronic database searching, review and selection of relevant citations, and critical appraisal of selected studies. Published English language articles on adults were eligible for inclusion. The American College of Physicians Guideline Grading System was used for critical appraisal of evidence and grading strength of recommendations for therapeutic interventions. We developed a similarly formatted system to appraise the quality of such studies and resultant recommendations. The guideline panel had complete editorial independence from the ATA. Competing interests of guideline task force members were regularly updated, managed, and communicated to the ATA and task force members. RESULTS: The revised guidelines for the management of thyroid nodules include recommendations regarding initial evaluation, clinical and ultrasound criteria for fine-needle aspiration biopsy, interpretation of fine-needle aspiration biopsy results, use of molecular markers, and management of benign thyroid nodules. Recommendations regarding the initial management of thyroid cancer include those relating to screening for thyroid cancer, staging and risk assessment, surgical management, radioiodine remnant ablation and therapy, and thyrotropin suppression therapy using levothyroxine. Recommendations related to long-term management of differentiated thyroid cancer include those related to surveillance for recurrent disease using imaging and serum thyroglobulin, thyroid hormone therapy, management of recurrent and metastatic disease, consideration for clinical trials and targeted therapy, as well as directions for future research. CONCLUSIONS: We have developed evidence-based recommendations to inform clinical decision-making in the management of thyroid nodules and differentiated thyroid cancer. They represent, in our opinion, contemporary optimal care for patients with these disorders.",openalex,llm,0.990,unreviewed,
discarded,"Encapsulation, protection, and release of hydrophilic active components: Potential and limitations of colloidal delivery systems",David Julian McClements,2015,Advances in Colloid and Interface Science,10.1016/j.cis.2015.02.002,https://openalex.org/W2010187187,off-topic-false-hit; colloidal-delivery-systems; encapsulation,,openalex,llm,1.000,unreviewed,
discarded,Determinants of young firms’ innovative performance: Empirical evidence from Europe,Αιμιλία Πρωτόγερου; Yannis Caloghirou; Nicholas S. Vonortas,2017,Research Policy,10.1016/j.respol.2017.05.011,https://openalex.org/W2625989575,off-topic-false-hit; innovation-economics,,openalex,llm,0.990,unreviewed,
discarded,"Anti-Inflammatory Effects of Curcumin in the Inflammatory Diseases: Status, Limitations and Countermeasures",Ying Peng; Mingyue Ao; Dong BaoHua; Yunxiu Jiang; Lingying Yu; Zhimin Chen; C. Hu; Runchun Xu,2021,Drug Design Development and Therapy,10.2147/dddt.s327378,https://openalex.org/W3210141429,off-topic-false-hit; curcumin-pharmacology,"Curcumin is a natural compound with great potential for disease treatment. A large number of studies have proved that curcumin has a variety of biological activities, among which anti-inflammatory effect is a significant feature of it. Inflammation is a complex and pervasive physiological and pathological process. The physiological and pathological mechanisms of inflammatory bowel disease, psoriasis, atherosclerosis, COVID-19 and other research focus diseases are not clear yet, and they are considered to be related to inflammation. The anti-inflammatory effect of curcumin can effectively improve the symptoms of these diseases and is expected to be a candidate drug for the treatment of related diseases. This paper mainly reviews the anti-inflammatory effect of curcumin, the inflammatory pathological mechanism of related diseases, the regulatory effect of curcumin on these, and the latest research results on the improvement of curcumin pharmacokinetics. It is beneficial to the further study of curcumin and provides new ideas and insights for the development of curcumin anti-inflammatory preparations.",openalex,llm,0.990,unreviewed,
discarded,Encapsulation of Natural Polyphenolic Compounds; a Review,Aude Munin; Florence Edwards‐Lévy,2011,Pharmaceutics,10.3390/pharmaceutics3040793,https://openalex.org/W2138575795,off-topic-false-hit; polyphenol-encapsulation,"Natural polyphenols are valuable compounds possessing scavenging properties towards radical oxygen species, and complexing properties towards proteins. These abilities make polyphenols interesting for the treatment of various diseases like inflammation or cancer, but also for anti-ageing purposes in cosmetic formulations, or for nutraceutical applications. Unfortunately, these properties are also responsible for a lack in long-term stability, making these natural compounds very sensitive to light and heat. Moreover, polyphenols often present a poor biodisponibility mainly due to low water solubility. Lastly, many of these molecules possess a very astringent and bitter taste, which limits their use in food or in oral medications. To circumvent these drawbacks, delivery systems have been developed, and among them, encapsulation would appear to be a promising approach. Many encapsulation methods are described in the literature, among which some have been successfully applied to plant polyphenols. In this review, after a general presentation of the large chemical family of plant polyphenols and of their main chemical and biological properties, encapsulation processes applied to polyphenols are classified into physical, physico-chemical, chemical methods, and other connected stabilization methods. After a brief description of each encapsulation process, their applications to polyphenol encapsulation for pharmaceutical, food or cosmetological purposes are presented.",openalex,llm,1.000,unreviewed,
discarded,Nanoprecipitation process: From encapsulation to drug delivery,Claudia Janeth Martínez Rivas; Mohamad Tarhini; Waisudin Badri; Karim Miladi; Hélène Greige‐Gerges; Qand Agha Nazari; Sergio Arturo Galindo-Rodríguez; Rocío Álvarez-Román; Hatem Fessi; Abdelhamid Elaı̈ssari,2017,International Journal of Pharmaceutics,10.1016/j.ijpharm.2017.08.064,https://openalex.org/W2742287127,off-topic-false-hit; drug-delivery; nanoprecipitation,,openalex,llm,0.990,unreviewed,
discarded,An overview of encapsulation technologies for food applications,Viktor Nedović; Ana Kalušević; Verica Manojlović; Steva Lević; Branko Bugarski,2011,Procedia Food Science,10.1016/j.profoo.2011.09.265,https://openalex.org/W2082732127,off-topic-false-hit; food-encapsulation,"Encapsulation is a process to entrap active agents within a carrier material and it is a useful tool to improve delivery of bioactive molecules and living cells into foods. Materials used for design of protective shell of encapsulates must be food-grade, biodegradable and able to form a barrier between the internal phase and its surroundings. Among all materials, the most widely used for encapsulation in food applications are polysaccharides. Proteins and lipids are also appropriate for encapsulation. Spray drying is the most extensively applied encapsulation technique in the food industry because it is flexible, continuous, but more important an economical operation. Most of encapsulates are spray-dried ones, rest of them are prepared by spray-chilling, freeze-drying, melt extrusion and melt injection. Molecular inclusion in cyclodextrins and liposomal vesicles are more expensive technologies, and therefore, less exploited. There are number of reasons why to employ an encapsulation technology and this paper reviews some of them. For example, this technology may provide barriers between sensitive bioactive materials and the environment, and thus, to allow taste and aroma differentiation, mask bad tasting or smelling, stabilize food ingredients or increase their bioavailability. One of the most important reasons for encapsulation of active ingredients is to provide improved stability in final products and during processing. Another benefit of encapsulation is less evaporation and degradation of volatile actives, such as aroma. Furthermore, encapsulation is used to mask unpleasant feelings during eating, such as bitter taste and astringency of polyphenols. Also, another goal of employing encapsulation is to prevent reaction with other components in food products such as oxygen or water. In addition to the above, encapsulation may be used to immobilize cells or enzymes in food processing applications, such as fermentation process and metabolite production processes. There is an increasing demand to find suitable solutions that provide high productivity and, at the same time, satisfy an adequate quality of the final food products. This paper aims to provide a short overview of commonly used processes to encapsulate food actives.",openalex,llm,1.000,unreviewed,
discarded,Cognition does not affect perception: Evaluating the evidence for “top-down” effects,Chaz Firestone; Brian J. Scholl,2015,Behavioral and Brain Sciences,10.1017/s0140525x15000965,https://openalex.org/W2129245434,off-topic-false-hit; cognitive-encapsulation,"What determines what we see? In contrast to the traditional ""modular"" understanding of perception, according to which visual processing is encapsulated from higher-level cognition, a tidal wave of recent research alleges that states such as beliefs, desires, emotions, motivations, intentions, and linguistic representations exert direct, top-down influences on what we see. There is a growing consensus that such effects are ubiquitous, and that the distinction between perception and cognition may itself be unsustainable. We argue otherwise: None of these hundreds of studies - either individually or collectively - provides compelling evidence for true top-down effects on perception, or ""cognitive penetrability."" In particular, and despite their variety, we suggest that these studies all fall prey to only a handful of pitfalls. And whereas abstract theoretical challenges have failed to resolve this debate in the past, our presentation of these pitfalls is empirically anchored: In each case, we show not only how certain studies could be susceptible to the pitfall (in principle), but also how several alleged top-down effects actually are explained by the pitfall (in practice). Moreover, these pitfalls are perfectly general, with each applying to dozens of other top-down effects. We conclude by extracting the lessons provided by these pitfalls into a checklist that future work could use to convincingly demonstrate top-down effects on visual perception. The discovery of substantive top-down effects of cognition on perception would revolutionize our understanding of how the mind is organized; but without addressing these pitfalls, no such empirical report will license such exciting conclusions.",openalex,llm,1.000,unreviewed,
