status,title,authors,year,venue,doi,url,tags,abstract,provider,decision_source,llm_confidence,llm_review_outcome,llm_change_direction,paper_id
discarded,"Empirical Scoring Functions for Structure-Based Virtual Screening: Applications, Critical Aspects, and Challenges",Isabella Alvim Guedes; Felipe Siconha S. Pereira; Laurent E. Dardenne,2018,Frontiers in Pharmacology,10.3389/fphar.2018.01089,https://openalex.org/W2893435209,off-topic-false-hit,"Structure-based virtual screening (VS) is a widely used approach that employs the knowledge of the three-dimensional structure of the target of interest in the design of new lead compounds from large-scale molecular docking experiments. Through the prediction of the binding mode and affinity of a small molecule within the binding site of the target of interest, it is possible to understand important properties related to the binding process. Empirical scoring functions are widely used for pose and affinity prediction. Although pose prediction is performed with satisfactory accuracy, the correct prediction of binding affinity is still a challenging task and crucial for the success of structure-based VS experiments. There are several efforts in distinct fronts to develop even more sophisticated and accurate models for filtering and ranking large libraries of compounds. This paper will cover some recent successful applications and methodological advances, including strategies to explore the ligand entropy and solvent effects, training with sophisticated machine-learning techniques, and the use of quantum mechanics. Particular emphasis will be given to the discussion of critical aspects and further directions for the development of more accurate empirical scoring functions.",openalex,llm,1.000,unreviewed,,doi:10.3389/fphar.2018.01089
discarded,Applying phenomenography in guidance and counselling research,Jaana Kettunen; Päivi Tynjälä,2017,British Journal of Guidance and Counselling,10.1080/03069885.2017.1285006,https://openalex.org/W2588287843,adjacent-subtopic,"This paper examines phenomenography as a viable qualitative approach in guidance and counselling research. A phenomenographic study maps the qualitatively different ways in which people experience a specific phenomenon and helps researchers to describe the aspects that make one way of experiencing a certain phenomenon qualitatively distinct from another. This paper presents an overview of phenomenographic research, encompassing theoretical, methodological and practical considerations. The application of this approach in guidance and counselling studies is illustrated with examples.",openalex,llm,0.980,unreviewed,,doi:10.1080/03069885.2017.1285006
discarded,Guidelines on security and privacy in public cloud computing,Wayne Jansen; T Grance,2011,,10.6028/nist.sp.800-144,https://openalex.org/W2512503597,off-topic-false-hit,"The Information Technology Laboratory (ITL) at the National Institute of Standards and Technology (NIST) promotes the U.S. economy and public welfare by providing technical leadership for the Nation's measurement and standards infrastructure.ITL develops tests, test methods, reference data, proof of concept implementations, and technical analysis to advance the development and productive use of information technology.ITL's responsibilities include the development of technical, physical, administrative, and management standards and guidelines for the cost-effective security and privacy of sensitive unclassified information in Federal computer systems.This Special Publication discusses ITL's research, guidance, and outreach efforts in computer security, and its collaborative activities with industry, government, and academic organizations.Certain commercial entities, equipment, or materials may be identified in this document in order to describe an experimental procedure or concept adequately.Such identification is not intended to imply recommendation or endorsement by the National Institute of Standards and Technology, nor is it intended to imply that the entities, materials, or equipment are necessarily the best available for the purpose.",openalex,llm,1.000,unreviewed,,doi:10.6028/nist.sp.800-144
discarded,Revisiting variation affordance: applying variation theory in the design of educational software,"Lam, Ho Cheong",2022,INTERACTIVE LEARNING ENVIRONMENTS,10.1080/10494820.2019.1668812,https://www.webofscience.com/wos/woscc/full-record/WOS:000487639200001,adjacent-subtopic,"Variation theory, which is a theory of learning developed by Marton and others, has quickly become popular in education research. Our purpose of this paper is to articulate the application of variation theory in the form of a number of concrete design principles that offer prescriptive and practical guidelines for improving the designs of educational software programs. To achieve this, we analyzed a wide range of educational software programs produced over the years in our previous projects for learning Chinese characters. From this analysis, we identified four design principles, namely, (i) not aiming to test but to bring about learning, (ii) focusing on a specific object of learning, (iii) allowing learners to explore variation to be learned, and (iv) keeping all other aspects invariant. These design principles are specialized for designing how learners interact with educational software programs, which is the major practical contribution of this paper.",wos,llm,0.990,unreviewed,,doi:10.1080/10494820.2019.1668812
discarded,The spoken Portuguese in Nova Iguacu: proposal for he constitution of an oral language corpus,"de Segadas Vianna, Juliana Barbosa",2019,LABORHISTORICO,10.24206/lh.v5iEspecial.25359,https://www.webofscience.com/wos/woscc/full-record/WOS:000486095900003,off-topic-false-hit,"Nova Iguacu sob o vies da Sociolinguistica Project intended to carry out the organization of a large database with oral language interviews collected from native informants of Nova Iguacu city, to enable future research on Variation and Change Theory and the dialogue with others projects established in the State of Rio de Janeiro. Since the 1970s, the language of the Rio de Janeiro city, capital of the Rio de Janeiro state, has been the object of numerous studies that take into account the theoretical-methodological perspective of Labovian Sociolinguistics. This is due, fundamentally, to the existence of important databases that were produced based on such a city: the database of the Norma Urbana Culta Project of the city of Rio de Janeiro (NURC-RJ), the database of the Censo da Variacao linguistica Project in the state of Rio de Janeiro and Estudos do Uso da Lingua Program (CENSO-PEUL), and, more recently, Estudo comparado dos padroes de concordancia em variedades africanas, brasileiras e europeias do portugues Project. Concerning the other regions of the Rio de Janeiro state, Brazil, differently, from what is observed in the capital (city of Rio de Janeiro), there is a great lack of databases organized according to the Labovian Methodology. Nova Iguacu is a city near the Rio de Janeiro city.",wos,llm,1.000,unreviewed,,doi:10.24206/lh.v5iespecial.25359
discarded,Conceptualizing the margins in science education: the limits of multicultural analyses,"Boda, Phillip A.",2019,CULTURAL STUDIES OF SCIENCE EDUCATION,10.1007/s11422-019-09926-x,https://www.webofscience.com/wos/woscc/full-record/WOS:000471011900018,adjacent-subtopic,"Using a phenomenographic design, this research reports on a study of a cohort (N=22) of graduate students' conceptualizations of difference as they progressed through the only required diversity course in a science education program at a large, urban university in the American northeast. Data collection included biweekly course reflections, a modified Pedagogy of Science Teaching Test designed with students labeled with disabilities within its contextual framing, and biweekly science for all' lessons created by the participants that were not explicitly framed to address disability. Mixed-methods data analyses addressed to what extent these graduate students developed a critical lens toward difference (i.e., expressed, imagined, and/or imposed variations in human behavior and potential) and explored to what extent these theoretical elements transferred into pragmatic applications by the participants, for example in their lesson planning, that addressed multiple interpretations of difference to provide evidence of their capabilities to bridge theory to practice. Additionally, the case of disability as a marker of difference was also paid special attention to in light of lacking analyses in multicultural science education around issues of disability exclusion and teacher biases toward this marker of difference. The data suggest that while students in this urban and multicultural science education' course appear to be able to theorize critically about multicultural issues in urban science education (as per the goal of the course), their capacities to reflect on their pedagogical decisions within contexts that contain students labeled with disabilities, and plan comprehensive science for all' classroom learning environments, remained disciplinary focused, no matter if the students labeled with disabilities were the focal marker of difference within these contexts' demographics or not. Emergent data analysis also suggests that disability was the least recognized and interpreted marker of difference, which led to limited ways that students took up this concept in comparison with other forms of difference such as race, class, and gender. Moreover, rather than emphasizing critical pedagogies that are pertinent for transformative change in science education for all diverse populations, the participants remained focused on narrowly defined, content-specific ways of teaching and learning science. Implications for this research include focusing on the goals of courses such as this one, attending to the unique case of disability as a liminal realm of conceptualizing difference, and supporting graduate students' needs to aid in bridging the divide between theory and practice for both more traditional markers of difference taken up by multicultural science education (e.g., race, class, and gender) as well as disability as a marker of difference that is under theorized and lacking pragmatic application within such diversity requirement courses.",wos,llm,0.980,unreviewed,,doi:10.1007/s11422-019-09926-x
discarded,Taiwanese high school teachers' conceptions of mobile learning,"Hsieh, Wen-Min; Tsai, Chin-Chung",2017,COMPUTERS & EDUCATION,10.1016/j.compedu.2017.07.013,https://www.webofscience.com/wos/woscc/full-record/WOS:000412785900006,adjacent-subtopic,"This qualitative study describes the results of a phenomenographic analysis of teachers' conceptions of mobile learning. Fifteen senior high school (Grades 10-12) teachers from five schools in northern Taiwan involved in a national mobile learning program participated in this study. Data were collected through semi-structured interviews. Through data analysis, six qualitatively different conceptions of mobile learning were obtained: 1) meeting students' preferences, 2) conducting classes with efficiency, 3) invigorating and enhancing learning, 4) parting from traditional teaching, 5) focusing on student ownership, and 6) extending learning beyond school. The conception categories form a hierarchy and show a trajectory moving from teacher-/content-oriented to learner-/learning-oriented conceptions. In addition, technology was almost invisible in the more sophisticated conceptions. Finally, juxtaposing the conception categories with the replacement, amplification, and transformation framework revealed that teachers' central ideas regarding mobile learning fell within the amplification category, suggesting the use of technology mainly to increase efficiency and productivity. It is concluded that for mobile devices to exert transformative power on learning, it might be necessary to cultivate the more sophisticated conceptions of mobile learning among teachers. (C) 2017 Elsevier Ltd. All rights reserved.",wos,llm,0.990,unreviewed,,doi:10.1016/j.compedu.2017.07.013
discarded,Experiences from the teacher-researcher's perspective on learning study Challenges and opportunities,"Johansson, Patrik; Thorsten, Anja",2017,INTERNATIONAL JOURNAL FOR LESSON AND LEARNING STUDIES,10.1108/IJLLS-09-2016-0030,https://www.webofscience.com/wos/woscc/full-record/WOS:000395669000005,adjacent-subtopic,"Purpose - The purpose of this paper is to analyze and discuss experiences, in terms of challenges and opportunities, of teacher-researchers who engage in research on the learning study approach. The following two questions will be addressed: how can the teaching experience influence, and become an asset, in the research process and what challenges do teachers face when they enter the research practice?

Design/methodology/approach - Each question will be explored through some empirically grounded themes. The analysis is based on experiences from participation in a PhD program, where learning study was used as a method and variation theory was the main theoretical framework. One learning study was focusing on creative writing in primary school and the other was focusing on historical primary source analysis in upper secondary school.

Findings - The first question is addressed through the following themes: choosing and identifying research problems; planning and conducting research lessons; analyzing research lessons and students' learning; and process of self-reflection, and the second question through: teaching as an object of research; to use and develop theories; and communication and review in research. The findings indicate that learning study is a practice-based research approach where teaching experience and academic skills are intertwined in many ways. Both approaches bring opportunities as well as challenges.

Originality/value - The paper is expected to contribute insights and knowledge about the advantages, as well as hindrances to overcome, for teacher-researchers who use learning study as a research method. The results can also be related to the performing of action research in teachers' classroom practice.",wos,llm,0.980,unreviewed,,doi:10.1108/ijlls-09-2016-0030
discarded,Secondary school students' attitudes towards numeracy: an Australian investigation based on the National Assessment Program-Literacy and Numeracy (NAPLAN),"Parnis, Amanda J.; Petocz, Peter",2016,AUSTRALIAN EDUCATIONAL RESEARCHER,10.1007/s13384-016-0218-3,https://www.webofscience.com/wos/woscc/full-record/WOS:000387691300003,off-topic-false-hit,"International and national testing of numerical and language skills has become a regular part of educational systems in many countries. In Australia, the National Assessment Program-Literacy and Numeracy (NAPLAN) has been used since 2008 to carry out regular tests of literacy and numeracy amongst school students nationally. Since the numeracy components of this program are based on work carried out in school mathematics classes, it seems reasonable that tests represent an evaluation of mathematical ability, albeit at the simpler and introductory levels. However, there has been little investigation of students' ideas about numeracy, and the role that their attitudes towards numeracy may have on their results on the numeracy components of NAPLAN tests. This study carries out an empirical investigation of ideas about and attitudes towards numeracy, and their relation to NAPLAN scores for a sample of 735 lower secondary students from two schools in New South Wales, Australia. Attitudes are measured using a modified form of the Students' Attitudes Towards Statistics, (SATS-36) test (Schau in Survey of attitudes towards statistics, , 2003), and conceptions of numeracy are obtained from phenomenographic analysis of an open-ended response item. The overall conclusion, that students' understanding of the concept of numeracy and their attitudes towards numeracy are related to their performance in numeracy tests, represents a potentially important result both for students and their teachers.",wos,llm,1.000,unreviewed,,doi:10.1007/s13384-016-0218-3
discarded,"THE CLASS PLAN, A PROFESSIONAL GENRE: HOW BEGINNING TEACHERS NARRATE AND LEGITIMATE IT FROM THE MULTIMODALITY PARADIGM","Figueroa, Beatriz; Aillon, Mariana; Kloss, Steffanie",2016,ATENEA,,https://www.webofscience.com/wos/woscc/full-record/WOS:000382272300015,adjacent-subtopic,"This study describes from a qualitative phenomenographic research model how a group of students finishing their training program in Spanish Teaching at the Universidad de Concepcion, Chile, perceives the nature and function of the class plan as a professional discursive genre. In speech framework, hypertext stands out, which operates with a metalanguage made up of multimodal codes, linking a series of pedagogic/disciplinary speeches in a process of complex intertextuality. The analysis enables us to see the plan configuration as an active cultural factor that makes the traditional symbolic school university interaction change, thus providing a new meaning to the construction of the learning phenomenon, which is the essence of the teaching praxis.",wos,llm,0.990,unreviewed,,hash:790e99a8d551dc66
discarded,UNIVERSITY TEACHERS' PERCEPTION OF THE APPLICATION CAPABILITY OF PRACTICES LEARNED IN A SELF-REGULATED LEARNING TRAINING PROGRAM,"Bruna, D.; Herrera, C.; Perez, M. V.",2015,"ICERI2015: 8TH INTERNATIONAL CONFERENCE OF EDUCATION, RESEARCH AND INNOVATION",,https://www.webofscience.com/wos/woscc/full-record/WOS:000377304002103,off-topic-false-hit,"Self- regulated learning has appeared as an important ability to promote in students. Several arguments support this idea. For example, it is one of the variables that best explains academic results and adjustment in higher education. This evidence has lead to an important research area, all around the world, related to the enhancement of self- regulated learning in students of all academic levels.

In higher education there have been great efforts to understand what characterizes self- regulated learners in order to train all students to achieve this aim. Nevertheless, the importance of the teachers in this process has been neglected, and there is a lack in research that looks for understanding classroom teachers' practices, which help to develop this ability. Teachers can act as a role model of self- regulated learning for students. The way they plan their lessons, analyze each class learning outcomes, and its accomplishment, use teaching strategies, beyond contents, and use assessment for learning, giving feedback about student's performance, has great effect in their learning experience. In fact, all of these practices can help students to prepare themselves for learning activities, monitor their performance and self- asses their results.

In this context, a teacher's training program for the enhancement of self- regulated learning in the university was designed, applied and evaluated, in a teachers', and a students' level. This programs focus on planning, teaching and learning assessment practices which can be applied by teachers in their classrooms. 20 teachers, of all knowledge areas, participated, in a program that lasted 21 hours, distributed in 4 sessions.

This oral presentation shows the results of the follow up phase, done with the first group of trained teachers (N=5). The design was qualitative and phenomenographic. The aim was to understand the perceptions of the participant teachers related to the application of the trained practices in the classroom. To achieve this aim, individual focal interviews where applied, 8 weeks after the end of program, to the all the teachers which participated in the intervention. All the information was literally transcribed, and then analyzed using deductive content analysis.

The results showed that the teachers found that the training program was useful and applicable to their reality. Also, they describe how they used the planning, teaching, and learning assessment practices which they learned in the intervention.",wos,llm,0.990,unreviewed,,hash:7b3ef21f0c1ff235
discarded,Strengths weaknesses opportunities and threats of blended learning: Students perceptions,"Hande, S.",2014,ANNALS OF MEDICAL AND HEALTH SCIENCES RESEARCH,10.4103/2141-9248.133455,https://www.webofscience.com/wos/woscc/full-record/WOS:000218459900008,adjacent-subtopic,"Background: Blended learning (BL) in a cell biology course of the premedical program at the Kasturba Medical College International Centre, Manipal, India, commenced in 2006. The program provides training in basic sciences to students, especially from the United States and Canada. The approach to the study was phenomenographic, with a qualitative study design using an open-ended questionnaire, focused interviews and empirical observations. Aim: The aim of this study was to identify the strengths, weaknesses, opportunities and threats (SWOT) of BL in a premedical class. Subjects and Methods: It was a cross-sectional study. Ninety six students in a premedical cell biology class participated in the study. SWOT analysis of students perceptions was conducted manually. Statistical analysis included content analysis of qualitative data to classify data and aligning them into the SWOT analysis matrix. Results: The outcomes of the study revealed student perceptions in terms of SWOT of BL and the potential uses of this strategy. Conclusions: The study provides background for educators and curriculum experts to plan their modules while incorporating a BL approach.",wos,llm,0.990,unreviewed,,doi:10.4103/2141-9248.133455
