status,title,authors,year,venue,doi,url,tags,abstract,provider,decision_source,llm_confidence,llm_review_outcome,llm_change_direction,paper_id
discarded,"""in the Beginning, i Couldn't Necessarily Do Anything with It"": Links between Compiler Error Messages and Sense of Belonging",M. Dornbusch,2024,Icer 2024 ACM Conference on International Computing Education Research,10.1145/3632620.3671105,https://www.scopus.com/inward/record.uri?partnerID=HzOxMe3b&scp=85202851384&origin=inward,adjacent-subtopic,"Motivation and Objectives. Sense of belonging has been recognized as a construct that influences diversity, retention, and – to a lesser degree – learning outcomes in computer science classes. Prior studies on the construct of sense of belonging have shown that certain demographic groups, including but not limited to female students and first-generation academics, experience a low level of sense of belonging and consider it a barrier. On the other hand, previous research has also highlighted the importance of designing compiler error messages in a way that enhances their readability and, thus, improves effectiveness, particularly for novice programmers. In this study, we set out to investigate whether, and if so how, these two constructs interact. Methods. We conducted a phenomenographic study to explore experiences with compiler error messages and the possible effects of such experiences. For this, we conducted and analyzed twelve interviews with undergraduate students, graduate students, and professionals. Results. Our analysis of the data shows that the phenomenon under investigation occurs between two actors: the person and the compiler error message. In particular, the themes derived from the data describe the encounter of a person with a compiler error message, the response of the person to this encounter, and the effect of encountering and responding to a compiler error message on the person. Moreover, these mutual interactions can be moderated by the person’s experience and the characteristics of the cohort or group the person is part of. Discussion. Interaction with compiler error messages is described as a dynamic process that can evoke both positive and negative emotions and, ultimately, can affect a person’s sense of belonging. While group dynamics were also found to moderate interactions with compiler error messages, dealing with a compiler error message was consistently described as a competence that evolves over time. In light of this, fostering a supportive group climate and explicitly addressing the development of such competences could help support learners with low incoming confidence and sense of belonging.",scopus,llm,0.960,unreviewed,,doi:10.1145/3632620.3671105
discarded,Students’ Conceptions of Programmed Technological Solutions: A Basis for Organising Teaching,A.M. Cederqvist,2024,International Technology Education Studies,10.1163/9789004687912_014,https://www.scopus.com/inward/record.uri?partnerID=HzOxMe3b&scp=105003964450&origin=inward,adjacent-subtopic,"Educational content with respect to programming and Programmed Technological Solutions (PTS) is commonly contextualised in practical activities such as analysing and designing PTS using instructional materials, e.g. BBC micro:bit. However, we still know little of how teaching regarding this content could be organised in order for students to progress in learning. The aim of this chapter is to analyse the synthesised results from two phenomenographic studies on ways students, aged 10–14, conceptualise PTS in order to shed light on PTS as a learning object, as well as what and how to teach about PTS in technology education. The two included studies are conducted in a Swedish school context. The first study investigates the different ways students, aged 11–12, conceptualise PTS in the process of analysing structure and function in PTS. The second study investigates the different ways students, aged 10 and 14, conceptualise PTS in the process of designing and coding PTS. In the studies, the instructional material BBC micro:bit was used together with PTS from everyday life. The synthesised results have been further analysed from a learning progression perspective based on the phenomenographic view of learning. The results show variations in students’ ways of conceptualising PTS. In keeping with the phenomenographic perspective, learning can be described as students initially seeing PTS as an undifferentiated whole, which they gradually learn to discern from its structural and functional parts. However, in the processes, there is a complexity of conceptualising PTS in relation to the changing contexts of everyday life and the instructional material BBC micro:bit. Based on the results, it is suggested that students should initially learn to analyse the structure and function of existing PTS in different contexts. This will provide them with the necessary conditions to progress their learning in activities where they design and code PTS.",scopus,llm,0.910,unreviewed,,doi:10.1163/9789004687912_014
kept,Using variation theory as a guiding principle in an OOP assisted syntax correction learning system,M.C. Lee,2020,International Journal of Emerging Technologies in Learning,10.3991/ijet.v15i14.14191,https://www.scopus.com/inward/record.uri?partnerID=HzOxMe3b&scp=85090785237&origin=inward,supports-claim; teaching,"Object-oriented programming skill is important for the software professionals. It has become a mandatory course in information science and computer engineering departments of universities. However, it is hard for novice learners to understand the syntax and semantics of the language while learning object-oriented programming, and that makes them feel frustrated. The purpose of this study is to build an object-oriented programming assistant system that gives syntax error feedback based the variation theory. We established the syntax correction module on the basis of the Virtual Teaching Assistant (VTA). While compiling codes, the system will display syntax errors, if any, with feedbacks that are designed according to the variation theory in different levels (the generation, contrast, separation, and fusion levels) to help them correcting the errors. The experiment design of this study splits the participants, who are university freshmen, into two groups by the S-type method based on the result of a mid-term test. The learning performances and questionnaires were used for surveying, followed by in-depth inter-views, to evaluate the feasibility of the proposed assistant system. The findings indicate that the learners in the experimental group achieved better learning outcomes than their counterparts in the control group. This can also prove that the strategy of using the variation theory in implementing feed-back for object-oriented programming is effective.",scopus,llm_reviewed,0.930,confirmed,,doi:10.3991/ijet.v15i14.14191
discarded,Entire large solutions to semilinear elliptic equations with rapidly or regularly varying nonlinearities,H. Wan,2019,Nonlinear Analysis Real World Applications,10.1016/j.nonrwa.2018.07.021,https://www.scopus.com/inward/record.uri?partnerID=HzOxMe3b&scp=85050798822&origin=inward,off-topic-false-hit,"Abstract In this paper, we first show some necessary and sufficient conditions to the rapidly and regularly varying functions defined in Appendix A; in particular, we find that the rapidly varying function classes ℜ ∞ and G ∞ given in Definition A.4 , Definition A.5 , respectively, are not equivalent, i.e., ℜ ∞ ⫋ G ∞ . Thereafter, we establish the asymptotic behavior and uniqueness of entire large solutions to the semilinear elliptic equation Δ u = b ( x ) f ( u ) , x ∈ R N ( N ≥ 3 ) , where b ∈ C ( R N ) is positive in R N , f ∈ C [ 0 , ∞ ) is positive and non-decreasing on ( 0 , ∞ ) , and belongs to a more general class of functions. Additionally, we also study the asymptotic behavior and uniqueness of entire large solutions when f ∈ G ∞ ∖ ℜ ∞ .",scopus,llm,1.000,unreviewed,,doi:10.1016/j.nonrwa.2018.07.021
discarded,Bridging a gap: in search of an analytical tool capturing teachers’ perceptions of their own teaching,L. Rolandsson,2017,International Journal of Technology and Design Education,10.1007/s10798-016-9353-4,https://www.scopus.com/inward/record.uri?partnerID=HzOxMe3b&scp=84954485729&origin=inward,adjacent-subtopic,"Computing and computers are introduced in school as important examples of technology, sometimes as a subject matter of their own, and sometimes they are used as tools for other subjects. All in all, one might even say that learning about computing and computers is part of learning about technology. Lately, many countries have implemented programming in their curricula as a means to address society's dependence on, and need for programming knowledge and code. Programming is a fairly new school subject without educational traditions and, due to the rapid technological development, in constant change. This means that most programming teachers must decide for themselves what and how to teach. In this study, programming teachers' teaching is studied. With the aim of exploring the connection/possible gap between teacher's intentions and the teacher's instructional practice, an expansion of the conceptual apparatus of phenomenography and variation theory is tested. In the article, phenomenography and variation theory and the suggested supplementary theoretical tool (Georg Henrik von Wright's model of logic of events) are briefly presented and then deployed upon one selected case. Findings reveal that teachers' intentions (reflected in their actions) include an emphasis (of teachers' side) on the importance of balancing theory and practice, using different learning strategies, encouraging learning by trial-and-error and fostering collaboration between students for a deeper understanding of concepts. In conclusion, logic of events interpretations proves to be useful as a complementary tool to the conceptual apparatus of phenomenography.",scopus,llm,0.940,unreviewed,,doi:10.1007/s10798-016-9353-4
discarded,Second order expansion for the solution to a singular Dirichlet problem,L. Mi,2015,Applied Mathematics and Computation,10.1016/j.amc.2015.08.036,https://www.scopus.com/inward/record.uri?partnerID=HzOxMe3b&scp=84940534287&origin=inward,off-topic-false-hit,"In this paper, we analyze the second order expansion for the unique solution near the boundary to the singular Dirichlet problem -Delta u = b(x)g(u), u > 0, x is an element of Omega, u/(partial derivative pi) = 0, where Omega is a bounded domain with smooth boundary in R-N, g is an element of E C-1((0, infinity), (0, infinity)), g is decreasing on (0, infinity) with lim g(s) = infinity and g is normalized regularly varying at zero with index -gamma (gamma > 1), b is an element of C-loc(alpha)(Omega)(S -> 0+) (0 < alpha < 1), is positive in Omega, may be vanishing or singular on the boundary and belongs to the Kato class K(Omega). Our analysis is based on the sub-supersolution method and Karamata regular variation theory. (C) 2015 Elsevier Inc. All rights reserved.",scopus,llm,1.000,unreviewed,,doi:10.1016/j.amc.2015.08.036
kept,Students' different understandings of class diagrams,J. Boustedt,2012,Computer Science Education,10.1080/08993408.2012.665210,https://www.scopus.com/inward/record.uri?partnerID=HzOxMe3b&scp=84859322842&origin=inward,supports-claim; relations,"The software industry needs well-trained software designers and one important aspect of software design is the ability to model software designs visually and understand what visual models represent. However, previous research indicates that software design is a difficult task to many students. This article reports empirical findings from a phenomenographic investigation on how students understand class diagrams, Unified Modeling Language (UML) symbols, and relations to object-oriented (OO) concepts. The informants were 20 Computer Science students from four different universities in Sweden. The results show qualitatively different ways to understand and describe UML class diagrams and the “diamond symbols” representing aggregation and composition. The purpose of class diagrams was understood in a varied way, from describing it as a documentation to a more advanced view related to communication. The descriptions of class diagrams varied from seeing them as a specification of classes to a more advanced view, where they were described to show hierarchic structures of classes and relations. The diamond symbols were seen as “relations” and a more advanced way was seeing the white and the black diamonds as different symbols for aggregation and composition. As a consequence of the results, it is recommended that UML should be adopted in courses. It is briefly indicated how the phenomenographic results in combination with variation theory can be used by teachers to enhance students’ possibilities to reach advanced understanding of phenomena related to UML class diagrams. Moreover, it is recommended that teachers should put more effort in assessing skills in proper usage of the basic symbols and models and students should be provided with opportunities to practise collaborative design, e.g. using whiteboards.",scopus,llm_reviewed,1.000,confirmed,,doi:10.1080/08993408.2012.665210
kept,The nature of an object-oriented program: How do practitioners understand the nature of what they are creating?,E. Thompson,2011,Computer Science Education,10.1080/08993408.2011.607010,https://www.scopus.com/inward/record.uri?partnerID=HzOxMe3b&scp=80052842353&origin=inward,supports-claim; relations,Object-oriented programming is seen as a difficult skill to master. There is considerable debate about the most appropriate way to introduce novice programmers to object-oriented concepts. Is it possible to uncover what the critical aspects or features are that enhance the learning of object-oriented programming? Practitioners have differing understandings of the nature of an object-oriented program. Uncovering these different ways of understanding leads to agreater understanding of the critical aspects and their relationship tothe structure of the program produced. A phenomenographic studywas conducted to uncover practitioner understandings of the nature of an object-oriented program. The study identified five levels of understanding and three dimensions of variation within these levels. These levels and dimensions of variation provide a framework for fostering conceptual change with respect to the nature of an object-oriented program.,scopus,llm_reviewed,1.000,confirmed,,doi:10.1080/08993408.2011.607010
kept,Relationship between text and action conceptions of programming: A phenomenographic and quantitative perspective,A. Eckerdal,2011,Iticse 11 Proceedings of the 16th Annual Conference on Innovation and Technology in Computer Science,10.1145/1999747.1999760,https://www.scopus.com/inward/record.uri?partnerID=HzOxMe3b&scp=79960309656&origin=inward,qualifies-claim; text-action,"Phenomenographic research studies have identified different understandings of the concepts class and object by novice programmers. Aspects of understanding include a focus on artefacts of text, syntax and structure (text), as active agents in a program (action) and as models of an external reality (model). We explore the hypothesis that these aspects of conceptual understanding form a hierarchy in which mastery of the text aspect is a necessary precondition for understanding objects as active agents and the action aspect is a precondition for model understandings. We use empirical data from the final examination of an introductory programming course to test the relationship between the text and action aspects. Our findings do not support the hypothesis of a hierarchy but rather suggest that text and action understandings develop in parallel.",scopus,llm_reviewed,1.000,confirmed,,doi:10.1145/1999747.1999760
discarded,Phenomenography as a tool for investigating understanding of computing concepts,G. Bucks,2011,ASEE Annual Conference and Exposition Conference Proceedings,,https://www.scopus.com/inward/record.uri?partnerID=HzOxMe3b&scp=85029118668&origin=inward,adjacent-subtopic,,scopus,llm,0.840,unreviewed,,hash:7d389b0adc501c83
discarded,"12th Australasian Computing Education Conference, ACE 2010",,2010,Conferences in Research and Practice in Information Technology Series,,https://www.scopus.com/inward/record.uri?partnerID=HzOxMe3b&scp=84872782042&origin=inward,adjacent-subtopic,,scopus,llm,0.960,unreviewed,,hash:7ba564212f64c6b0
kept,From phenomenography study to planning teaching,E. Thompson,2010,Iticse 10 Proceedings of the 2010 ACM SIGCSE Annual Conference on Innovation and Technology in Computer Science Education,10.1145/1822090.1822096,https://www.scopus.com/inward/record.uri?partnerID=HzOxMe3b&scp=77955169154&origin=inward,supports-claim; teaching,"A phenomenographic study uncovers variations in the way that the subjects are aware of a phenomenon. In the categories of description that represent the variations in awareness there are features that, through their variation, define the characteristics of the categories. Teaching seeks to foster a change in the way that the learner is aware of a phenomenon through opening up a space of learning. This paper outlines the way that the outcome spaces from a phenomenographic study can be used to plan a teaching programme that utilises variations in the features. It discusses a strategy for teaching programming based on a phenomenographic study of practitioner conceptions of an object-oriented program. The strategy covers features related to the nature of an object-oriented program.",scopus,llm_reviewed,0.990,confirmed,,doi:10.1145/1822090.1822096
discarded,Holistic approach to learning and teaching introductory object-oriented programming,N. Thota,2010,Computer Science Education,10.1080/08993408.2010.486260,https://www.scopus.com/inward/record.uri?partnerID=HzOxMe3b&scp=79959652725&origin=inward,adjacent-subtopic,"This article describes a holistic approach to designing an introductory, object-oriented programming course. The design is grounded in constructivism and pedagogy of phenomenography. We use constructive alignment as the framework to align assessments, learning, and teaching with planned learning outcomes. We plan learning and teaching activities, and media with an understanding of variation theory and the ways in which students learn to program. We outline the implementation of the course, and discuss the findings from the first cycle of an action research study with a small sample of undergraduate students. An investigation of the preferred (deep/surface) learning approaches of the students led us to believe that these approaches can be influenced through course design. Personal constructs of the students, elicited through the repertory grid technique, revealed that rich inventories of learning resources are highly valued. We comment on the transformational processes of the experience of the participants, and identify areas for further refinement and investigation in the next action research cycle.",scopus,llm,0.880,unreviewed,,doi:10.1080/08993408.2010.486260
discarded,A methodology for exploring students' experiences and interaction with large-scale software through role-play and phenomenography,J. Boustedt,2008,Icer 08 Proceedings of the ACM Workshop on International Computing Education Research,10.1145/1404520.1404524,https://www.scopus.com/inward/record.uri?partnerID=HzOxMe3b&scp=59249085420&origin=inward,adjacent-subtopic,"Traditional interview methods within qualitative research often capture the purely academic perspective on phenomena. To address this problem, an innovative research method, combining role-playing with phenomenography is proposed. The approach suggested in this paper aims to stimulate participants to widen their perspectives by encouraging them to a deeper engagement with a specific activity, thereby enabling them to re ect actively on their actions and on concepts involved in a specific situated context. In the outlined strategy, the role-playing involved realistic work with large-scale software. This was immediately followed by a debriefing using phenomenographic research interviews when the participants still had the experience fresh in mind. The phenomenographic analysis of the interview transcripts confirmed that the method was successful. The subjects frequently expressed their understanding of theoretical concepts in relation to their experiences from working with the software. The more advanced ways to experience the phenomena was often expressed - and sometimes inspired - by the software's way to take advantage of the concepts. The specific use of the described method resulted in empirical insights into how students experience object-oriented concepts in software engineering, such as the Java Interface.",scopus,llm,0.850,unreviewed,,doi:10.1145/1404520.1404524
