status,title,authors,year,venue,doi,url,tags,abstract,provider,decision_source,llm_confidence,llm_review_outcome,llm_change_direction
discarded,WOMEN IN THE CLASSROOM: school cultural practices and the formation of student identities,"Santos, Marina Bachini; Luna, Adriana Freita; Stentzler, Marcia Marlene",2026,PERIFERIA,10.12957/periferia.2026.95531,https://www.webofscience.com/wos/woscc/full-record/WOS:001709138800001,off-topic-false-hit; student-identities; classroom-culture,"This article aims to analyze how school cultural practices are decisive in shaping female identities within the classroom. The study, of bibliographic nature, was developed based on theorists of the New Cultural History, as this framework allows us to examine more specific issues of everyday life, such as norms, practices, and pedagogical discourses that take place in the educational setting. Our focus turns to the specificities of female education, particularly the routines enacted throughout the schooling process, which permeate the construction of habitus, in Bourdieu's (2009) conception, intertwined with the social context. The study engages with authors such as Certeau (1998), Perrot (2017), and Louro (1997-2004), among others, and contributes to discussions through both macro and micro-historical perspectives. This approach enables us to explore how representations embedded in school material culture contributed to the dissemination of models of femininity and how female students interacted with them. We conclude that the school, while a space of normalization and reproduction of feminine habitus, is also a site of tactics, where students resignify daily life and construct diverse identities, marked by intersections of class, race, religion, and other social categories.",wos,llm,1.000,unreviewed,
discarded,TAKING NOTES IN THE UNIVERSITY CONTEXT: A COMPARISON OF HABITS AND STRATEGIES OF NATIVE AND INTERNATIONAL STUDENTS,"Samu, Borbala",2026,FOLIA LINGUISTICA ET LITTERARIA,10.31902/fll.53.2025.12,https://www.webofscience.com/wos/woscc/full-record/WOS:001699537900012,off-topic-false-hit; note-taking; university-students,"Note-taking is a crucial skill in education, particularly in university education, where it proves to be a ubiquitous practice and fundamental to learning. According to van der Meer, the ability to take notes is a defining characteristic of higher education, widespread in all disciplines. Lectures are the main teaching method, and most university students take notes, even without an explicit instruction to do so. In a large-scale study by Morehead et al., 96% of 577 university students reported taking notes regularly, and 88% believed it was essential for effective learning. Similar patterns have been observed among Italian students: data from the UniverS-ITA project, which involved 2,137 second-year undergraduates, showed that 81.7% of students always take notes. Notetaking is a form of functional writing. Students often rely on their notes to prepare for exams and write assignments. Research suggests that in preparing for difficult assessments, students tend to focus heavily on memorizing their notes (Karpicke, Butler, and Roediger; Morehead, Rhodes, and DeLozier). The educational benefits of notetaking have been recognized since as early as 1925, when Crawford demonstrated its impact on quiz scores. Numerous subsequent studies (e.g., Kobayashi; Liu and Hu) have reinforced the idea that notetaking positively influences academic performance. Given the importance of note content for learning, it is vital to understand how and when students take notes and what strategies they use. However, in Italy, research on academic literacy has mostly overlooked notetaking. While there has been significant attention to reading comprehension and academic writing, notetaking techniques have received little instructional focus, despite their potential benefit. Studies conducted in both L1 and L2 contexts reveal that notetaking is a frequently underestimated challenge. For example, in a large-scale survey in Japan (n = 739), just over half of the students said they had received formal instruction in notetaking during high school English classes. Many students expressed a strong desire for more explicit training in this skill (Teng; Crawford et al.; Ipek; Siegel 2021). This study aims to present preliminary data on notetaking habits among university students in Italy, compare these habits with best practices from Anglo-American literature, and explore differences between L1 and L2 students' approaches to offer practical insights for educators. Despite its importance, the functional complexity of notetaking is often overlooked. It is commonly assumed to be self-acquired skill through trial and error. Yet, notetaking is cognitively demanding: it requires simultaneous use of receptive skills (listening comprehension, identifying key information) and productive skills (summarizing, organizing, and writing). As Piolat, Olive and Kellogg define it, notetaking involves generating shortened versions of a source material while simultaneously listening. The notetaker must follow the lecture, store information in working memory, select what is important, and write it down quickly-all while maintaining continuity with what the speaker is saying. This process becomes even more difficult in a second language, depending on the learner's proficiency. The Common European Framework of Reference for Languages: Learning, teaching, assessment. Companion Volume with new descriptors classifies notetaking as a form of mediation for oneself-a process of rephrasing or summarizing input for personal use.

This type of mediation aids memory, learning, reflection, and even writing skills. However, the B2-level descriptor for notetaking reveals limitations. A B2 learner can follow a well-structured lecture on a familiar topic and take notes on perceived important points, but often focuses on individual words and misses parts of the content. They can take accurate notes in meetings and seminars on topics related to their field of interest. This highlights the difficulties learners face-even those with strong general comprehension and writing skills-when encountering unfamiliar concepts or engaging with long, complex university lectures. Previous studies on note-taking have explored different aspects of this practice, especially in contexts of learning L1 and L2 English. The main findings of the research can be presented in four key areas: (1) the primary functions of notetaking, (2) the strategies adopted by students, (3) the conditions for effective notetaking, and (4) the variables that influence students' notetaking habits and approaches. Notes perform two main functions: encoding and storage. Encoding involves the act of writing notes during lectures, while storage refers to how students later use these notes to learn. Although encoding strategies vary, most students adopt simpler methods, such as direct reproduction of content, rather than more complex reformulation and interpretation techniques, which are associated with more risk. Students themselves report multiple motivations for taking notes, primarily aiming to succeed academically. They cite reasons such as maintaining attention during lectures, organizing information, and using notes as study aids. While some believe note-taking enhances focus, others see it as a distraction. Interestingly, many students admit to taking notes to avoid reading textbooks. Given the mismatch between lecture speed and writing speed-professors speak much faster than students can write-learners develop intuitive strategies. Most opt for a linear format aiming to remain faithful to the instructor's words. However, research shows that matrix and outline-based note structures lead to better learning outcomes than the linear format. Using structured formats helps students grasp hierarchical relationships between ideas. L2 English academic note-taking textbooks often advocate methods like the Cornell system or outlines. Generative notes, involving summarization or paraphrasing, prove more beneficial than verbatim transcription because they require higher cognitive engagement. The choice of format also depends on lecture content and delivery. Classes using diagrams or images may benefit more from graphic-based notes. Students often adapt their strategies based on discipline, instructor style, or the availability of digital materials. Reviewing and reorganizing notes further supports long-term memory consolidation, especially when it includes active cognitive tasks like highlighting or summarizing. Various verbal and non-verbal cues during lectures influence note-taking behavior. These include blackboard writing, the teacher's dictation tone, headings, definitions, or discourse markers. Conversely, parenthetical comments, fast speech, or teacher movement in class may discourage note-taking. Technology has transformed note-taking habits. While many students still take handwritten notes, others use laptops or tablets. Research suggests that digital note-taking enables greater quantity and recall due to faster typing speed.

Although some earlier studies favored handwriting for comprehension, more recent ones challenge this view, showing comparable results across handwritten, digital, and eWriter formats. Apps like Evernote also enhance note quality and student satisfaction. Previous research has consistently linked note-taking to key cognitive variables such as writing speed, language comprehension, and sustained attention. Note-taking demands a focused engagement with input, requiring the organization and encoding of information-an effort far more intense than simply listening or reading (Piolat, Olive, and Kellogg). Gender differences in note-taking behavior have also been observed. In a study involving 139 university students, Reddington, Peverly, and Block found that female students recorded significantly more information in their notes than male students. Metacognitive skills are also important, including planning, monitoring, and reflecting on the note-taking process. Planning involves knowing various note formats and tools (e.g., specific pens, apps), while monitoring includes assessing effectiveness, managing anxiety, and maintaining focus. The first language is a crucial variable, especially when the lecture is delivered in a language other than the learner's L1. Studies show that L2 students often miss structural cues in lectures that native speakers capture. Some prefer taking notes in their L1 for better clarity, while others favor staying in the L2 to reduce mental load. Translanguaging, involving the creative use of all the languages known by the learner, is increasingly recognized as a valid method to optimize comprehension and expression. The study presents an initial analysis of a corpus of notes collected at the University for Foreigners of Perugia during the 2023/24 academic year. The participants include both Italian and international students enrolled in various degree programs and attending lectures across different disciplines. Data was collected through two instruments: a Google Forms-based questionnaire and samples of students' handwritten or digital lecture notes. The questionnaire comprised two sections. The first gathered demographic and linguistic information, including age, gender, country of origin, mother tongue, and self-assessed proficiency in Italian. The second section focused on students' note-taking habits, strategies, and use of technology, drawing on the four criteria listed above, drawn from existing literature to ensure comparability with previous research. A total of 68 students participated: 27 Italians (40%) and 41 international students (60%), predominantly female (77.9%), and mostly aged between 22 and 25. The international cohort was linguistically diverse, including speakers of French, Arabic, Mandarin, Vietnamese, Russian, Spanish, and others. Most had studied Italian for at least four years, with 66% reporting proficiency at B2 or C1 CEFR levels. Note-taking emerged as a widespread academic practice, though international students were less consistent than Italian peers. The primary reasons for taking notes were to retain concepts (66.2%), prepare for exams (66.2%), and maintain focus during lectures (39.7%). While most students revisited their notes for exam preparation, fewer reorganized or summarized them using visual methods. Note-taking strategies varied: 54.4% used abbreviations, 44.1% favored full sentences, and 32.4% employed visual structures. International students more frequently used shorthand and technological aids (e.g., voice recorders), while Italians preferred laptops or tablets.

Language background influenced not only strategy but also the language of the notes-43% of international students wrote entirely in Italian, 13% used both L1 and L2, and 4% used only their L1. Challenges to effective note-taking included rapid lecture pace, lack of clear slides, and teachers' delivery style. Conversely, clarity, effective slide design, and lecture fluency were seen as facilitators. Overall, the data highlights the importance of linguistic background in shaping students' note-taking behaviors and suggests a need for targeted pedagogical support to address diverse learner needs. Although all students completed the questionnaire, only 79% agreed to share their notes. Of these, 10 submitted notes from previous (sometimes revised) lessons, and 4 sent unrelated photos or comments. The notes varied in length and completeness, preventing quantitative analysis but allowing for qualitative observations. Forty sets were from humanities courses, and 14 from scientific disciplines. Students generally preferred a discursive format, regardless of whether they used paper or laptops. Lists (bulleted, numbered, or symbolic) were common across all formats, while few adopted highly schematic structures. Some used concept maps. Technologies were often employed to photograph content from the board or slides, which was later integrated into notes, occasionally with added personal comments. Voice recognition software was less effective, especially for international students with limited Italian proficiency, as it often led to unfiltered transcriptions. Translanguaging appeared in some foreign students' notes, involving the use of their L1 alongside Italian. Note-taking conventions often diverged from standard writing norms, with international students showing notable issues in spelling, syntax, and vocabulary. Italian universities are experiencing a growing presence of international students, prompting a need to better understand how lectures affect linguistically diverse learners. Although some teachers offer supports such as diagrams or slides, the responsibility for taking notes largely falls on the students. However, research on self-regulated learning has shown that students' choices of study strategies are not always optimal. Moreover, instructors often underestimate the role of language as a medium that can either support or hinder learning. For instance, Flowerdew and Miller's study on EMI lecturers in Hong Kong revealed that none of the participants were aware of language acquisition theories or their own potential role in offering modified input to support comprehension. Crawford (2016) further emphasized the importance of teaching note-taking strategies-such as abbreviations and highlighting-especially in L2 contexts, advocating for structured guidance rather than leaving students to navigate these skills alone. In light of this, it is essential to investigate the perceptions and attitudes of university instructors in Italy regarding the linguistic aspects of their teaching. Understanding their awareness of how language impacts comprehension, especially in increasingly multilingual classrooms, could inform better pedagogical practices. Currently, research on L2 note-taking remains limited, and both students and instructors lack sufficient awareness of its cognitive and linguistic dimensions. Therefore, both Italian and international students would benefit from targeted training programs introducing a range of note-taking methods.

For L2 learners in particular, guided reflection on the hierarchical organization of information and strategies to distinguish key from secondary content is crucial. Such training should also include awareness of translanguaging practices and the strategic use of technology to compensate for oral comprehension challenges. Enhancing students' autonomy, combined with greater instructor awareness, could ultimately support more inclusive and effective teaching practices in Italian higher education.",wos,llm,1.000,unreviewed,
discarded,Learner perceptions of multiculturalism in English language classrooms: A novel ecological framework,"Morady Moghaddam, Mostafa; Ranjbaran Madiseh, Fatemeh; Esmaeilpour, Faeze",2026,LANGUAGE TEACHING RESEARCH,10.1177/13621688251414382,https://www.webofscience.com/wos/woscc/full-record/WOS:001690743300001,off-topic-false-hit; multiculturalism; language-classrooms,"This qualitative inquiry into lived experiences of multiculturalism among students of English as a foreign language (EFL) is based on an ecological perspective by Bronfenbrenner, which incorporates a person-process-context model along with a development-in-context conception. Conducted through semi-structured interviews with 40 Iranian EFL learners, this research highlights the complexities of navigating cultural diversity in a context where local cultural values are deeply rooted. Participants reported a predominantly positive view of multiculturalism, emphasizing its role in enhancing intercultural competence, motivation, and language learning. However, they also articulated concerns regarding the challenges of multiculturalism, revealing a critical tension between embracing multicultural elements and the disturbance of the cultural ecosystem. This study introduces the concept of 'transitional ecology', reflecting how learners' interactions with the ecosystem are shaped by their shifting positions within the ecosystem, reflecting the younger generation's detachment from the macrosystem over the passage of time. The findings advocate an 'eco-multiculturalism' approach to language pedagogy, which values the transitional nature of learners' perceptions of multiculturalism. Through eco-multiculturalism, this research contributes to the understanding of inclusive language education practices in foreign language classes, specifically in a context where English language policies are framed within a discourse of tolerance rather than one of embrace.",wos,llm,1.000,unreviewed,
discarded,The Role of Limited Emotion Regulation Strategies on Nonsuicidal Self-injury and Suicide Attempts among Chinese Adolescents: A Network Analysis Based on Jiangxi Province,"Xu, Hao; Xu, Xuejing; Chen, Yan; Qu, Wei; Tan, Yunlong; Wang, Zhiren; Zhao, Yanli; Tan, Shuping; Liu, Dianying",2026,HEALTH DATA SCIENCE,10.34133/hds.0195,https://www.webofscience.com/wos/woscc/full-record/WOS:001678547600001,off-topic-false-hit; mental-health; adolescents,"Background: Nonsuicidal self-injuries (NSSIs) are an important contributing factor to adolescent suicide, and various shared factors influence the risk of both NSSIs and suicide attempts (SAs). Both are important predictors of suicide and are part of a continuum of suicidal behaviors. Further exploration of the relationship between adolescent NSSI and SA may facilitate suicide prevention efforts. Methods: An online survey was conducted among 9,140 participants. Network analysis methods were used to explore expected influence (EI), bridge expected influence (BEI), edge weights, and differences between adolescents that have and have not attempted suicide (NSSI-SA and NSSI-NoSA, respectively). Results: Of the 9,140 participants, 7,030 completed the questionnaire, yielding a participation rate of 76.91%. Participants with at least one NSSI were retained, with 2,496 (35.50%) included in the network analysis. The strongest EI node for both networks was ""emotion regulation strategies"" (E = 1.389 and 1.393), and that for BEI was ""personal distress"" (Interpersonal Reactivity Index-personal distress; E = 0.497 and 0.492). Network comparisons revealed significant differences in NSSI 4 (""intentionally hitting walls, tables, and other hard objects""; E-(Delta) = -0.384, P < 0.001), significant differences in BEI with regard to ""perspective taking"" (Interpersonal Reactivity Index-perspective taking; E-(Delta) = -0.215, P < 0.001), and significant differences in edge weights between NSSI 4 and NSSI 5 (""intentionally hurting oneself by hitting with a fist, palm, or hard object""; E-(Delta r) = -0.173, P < 0.001). Conclusions: Our study suggests that interventions in the form of emotion regulation strategies can alleviate symptoms throughout the entire network. Attention should be paid to instances when NSSI 4 and NSSI 5 behaviors co-occur frequently.",wos,llm,1.000,unreviewed,
