status,title,authors,year,venue,doi,url,tags,abstract,provider,decision_source,llm_confidence,llm_review_outcome,llm_change_direction
discarded,Cognitive complexity as a quantifier of version to version Java-based source code change: An empirical probe,"Kaur, Loveleen; Mishra, Ashutosh",2019,INFORMATION AND SOFTWARE TECHNOLOGY,10.1016/j.infsof.2018.09.002,https://www.webofscience.com/wos/woscc/full-record/WOS:000454381300002,off-topic-false-hit; software-maintenance; cognitive-complexity,"Context It has been often argued that it is challenging to modify code fragments from existing software that contains files that are difficult to comprehend. Since systematic software maintenance includes an extensive human activity, cognitive complexity is one of the intrinsic factors that could potentially contribute to or impede an efficient software maintenance practice, the empirical validation of which remains vastly unaddressed.

Objective: This study conducts an experimental analysis in which the software developer's level of difficulty in comprehending the software: the cognitive complexity, is theoretically computed and empirically evaluated for estimating its relevance to actual software change.

Method: For multiple successive releases of two Java-based software projects, where the source code of a previous release has been substantively used in a novel release, we calculate the change results and the values of the cognitive complexity for each of the version's source code Java files. We construct eight datasets and build predictive models using statistical analysis and machine learning techniques.

Results: The pragmatic comparative examination of the estimated cognitive complexity against prevailing metrics of software change and software complexity clearly validates the cognitive complexity metric as a noteworthy measure of version to version source code change.",wos,llm,1.000,unreviewed,
discarded,CONSIDERATIONS ABOUT AN EFFECTIVE LEARNING OF THE OBJECT ORIENTED PARADIGM IN THE TRANSITION OF THE PROCEDURAL PARADIGM BY COMPUTER PROFESSIONALS,"Pinto, Rodrigo Vieira; Alcantara de Oliveira, Ivan Carlos",2017,9TH INTERNATIONAL CONFERENCE ON EDUCATION AND NEW LEARNING TECHNOLOGIES (EDULEARN17),,https://www.webofscience.com/wos/woscc/full-record/WOS:000491356000095,adjacent-subtopic; procedural-to-oo-transition; literature-review,"The need for professionals who know the object-oriented paradigm (OO) is increasing in the area of software development. For beginners, knowledge can be acquired through graduation courses or even technical courses, and most studies seek to teach programmers at this stage of maturity. However, there are programmers who have accumulated experience in the procedural paradigm, which implies a transition from one paradigm to the other, with few studies that have them as a target audience.

For several factors, this transition can become a costly task and result in learning that does not utilize the characteristics and power of the OO paradigm. In this transition, the programmer can opt for a hybrid programming style (also called procedural-object-oriented), which, in addition to not bringing the benefits of OO, can bring the disadvantages of both paradigms.

In this sense, this article presents a review of the literature considering the period from 1953 to 2016 regarding this transition, involving aspects associated with effective learning of the object-oriented paradigm, as well as obtaining information about the difficulties of this learning and identifying possibilities that can improvement.

This research was rooted in several research bases and were carried out through keywords obtained from a conceptual map and guiding questions elaborated at the beginning of this research. Selected papers have been quantified, read and the most significant aspects are highlighted in this article.

Among the results, it was possible to observe that there are: a) the evolutionary and revolutionary approaches, when thinking about the learning and understanding during this transition, being the evolutionary approach favorable to the teaching of the object oriented paradigm as an evolution of the procedural paradigm, and the revolutionary approach advocating an object-oriented paradigm of teaching that has little or no relation to the procedural paradigm; b) factors that may hinder learning and generate misunderstandings, among them the proactive interference, which can occur when a leaner intends to learn some concept with little or no connection with concepts already known by he or she; And c) some indications of techniques for learning the object-oriented paradigm, such as the use of so-called big problems, which involve a significant amount of classes to be solved, otherwise learners return to the procedural paradigm in their programs.

Also, it was observed that for an effective learning, it is suggested first to teach the fundamentals of the object-oriented paradigm with the use of technological tools that show written objects graphically and, in parallel with this, to seek to break the proactive interference by the apprentice, and only work later with a purely object-oriented programming language. These graphical tools, as well as other materials available on the Internet, can be used as educational resources in the form of learning objects, guaranteeing their classification in appropriate repositories and facilitating their use by both the transition programmers and teachers, both of which can be used in the teaching of certain concepts and in the assembly of entire courses.",wos,llm,0.780,unreviewed,
discarded,Proposing a 3D Interactive Visualization Tool for Learning OOP Concepts,"Moussa, Wejdan Eissa; Alamoudi, Maryam Abdulrahman; Almalki, Raniyah Mutlaq; Allinjawi, Arwa",2016,2016 13TH LEARNING AND TECHNOLOGY CONFERENCE (L&T),,https://www.webofscience.com/wos/woscc/full-record/WOS:000389235700005,adjacent-subtopic; visualization-tool; oop-concepts,"Object Oriented Programming (OOP) recently became the most influential programming paradigm. Several studies [2, 3, 4] indicated deficiencies in learning introductory OOP courses. In King Abdulaziz University - Saudi Arabia, based on a survey that had been designed and distributed to female students of introductory OOP course, results showed that students faced difficulties in understanding OOP, specifically 47% of students faced difficulties in Polymorphism. Visualization tools visualize the execution of programs, using visual hints, and interactivity to improve the students' understanding in programming concepts. This paper proposes the development of ""OOPVisual"", a 3D interactive visualization tool that will simulate OOP concepts to help students with their understanding.",wos,llm,0.900,unreviewed,
discarded,The Online Test Bank Management System in Integration Model,"Tapsai, Chalermpol",2015,7TH WORLD CONFERENCE ON EDUCATIONAL SCIENCES,10.1016/j.sbspro.2015.07.619,https://www.webofscience.com/wos/woscc/full-record/WOS:000380613100396,off-topic-false-hit; test-bank-system; general-education-tech,"Good quality Test is an important part of learning system. That can be used to evaluate student achievement according to each subject objectives. Moreover, it can be used by students to self-determine their content understanding at the end of each chapter and report weaknesses of each student. This research, The Online Test Bank Management System in Integration Model not only creating an online test bank management system to enable the creation and analysis of tests, but also integrated with online lessons to provide the contents which are not understood by students to help them improve their achievement effectively. The Online Test Bank Management System in Integration Model consists of two parts: 1) Website management, and 2) Test bank management. The population of this study is instructors and all students study in Traimitrwittayaram of Suan Sunandha Rajabhat University who have registered in the year 2014, which has a total of 102 students and 4 instructors. The user of this system is divided into three types: 1) The Administrator who manage the site and assign each user's right. 2) The Instructor who make the test and related online lesson. and 3) The Student who learn subject contents and tested by the system. There are 4 subjects in this research which are Data Communication and Networking, Operating System, Object-Oriented Software Development and Advanced Database. Each subject test has 150 items with 5 choices and was used to test students in both before and after learning. Then each subject test was analyzed and the result show that: There are 126 136 126 and 132 good quality items in 4 subject tests respectively. The difficulty index and discriminant index of each subject test is good or very good with validity value higher than 0.9 and the value of reliability ranged from 0.96 to 0.98. Students with low achievement score are reported and suggested to review the online lessons related to their weakness and after the students has reviewed the suggested online lesson they were tested again and result show that their achievement was improved significantly. (C) 2015 Published by Elsevier Ltd.",wos,llm,1.000,unreviewed,
discarded,EXAF: A search engine for sample applications of object-oriented framework-provided concepts,"Noei, Ehsan; Heydarnoori, Abbas",2016,INFORMATION AND SOFTWARE TECHNOLOGY,10.1016/j.infsof.2016.03.007,https://www.webofscience.com/wos/woscc/full-record/WOS:000376840100010,off-topic-false-hit; framework-comprehension; software-engineering,"Context: Object-oriented application frameworks, such as Java Swing, provide reusable code and design for implementing domain-specific concepts, such as Context Menu, in software applications. Hence, use of such frameworks not only can decrease the time and the cost of developing new software applications, but also can increase their maintainability. However, the main problems of using object-oriented application frameworks are their large and complex APIs, and often incomplete user manuals. To mitigate these problems, developers often try to learn how to implement their desired concepts from available sample applications. Nonetheless, this introduces another hard and time-consuming challenge which is finding proper sample applications.

Objective: To address this difficulty, we introduce EXAF (EXample Applications Finder) that helps developers find sample applications which implement their desired framework-provided concepts.

Method: The majority of existing framework comprehension approaches can only help programmers to get familiar with the usage of particular fine-grained API elements of the desired framework such as its classes and methods. Nevertheless, our approach is able to find sample applications that implement a particular framework-provided concept. To this end, EXAF benefits from the Latent Semantic Indexing (LSI) information retrieval technique. We evaluated the approach using 24 concepts on top of the Microsoft .Net, Qt, and Java Swing frameworks.

Results: Based on our evaluations, the precision of EXAF is more than 79%. Besides, it can find some sample applications that could not be found by common code search engines such as the ones which are used in SourceForge and Google Code.

Conclusions: The results of our evaluations indicate that EXAF is effective in practice, and yields better search results because it considers various artifacts of a project like user reviews and bug reports. (C) 2016 Elsevier B.V. All rights reserved.",wos,llm,0.980,unreviewed,
kept,Object-Oriented Design and Programming: An Investigation of Novices' Conceptions on Objects and Classes,"Xinogalos, Stelios",2015,ACM TRANSACTIONS ON COMPUTING EDUCATION,10.1145/2700519,https://www.webofscience.com/wos/woscc/full-record/WOS:000362663600002,supports-claim; object-class-conceptions; undergraduates; class-vs-template,"The Object-Oriented Programming (OOP) technique is nowadays the most popular programming technique among tertiary education institutions. However, learning OOP is a cognitively demanding task for undergraduate students. Several difficulties and misconceptions have been recorded in the literature for both OOP concepts and languages, mainly Java. This article focuses on reviewing and advancing research on the most fundamental OOP concepts, namely, the concepts of ""object"" and ""class"" and their role during program execution. The results of a long-term investigation on the subject are presented, focusing on a study exploring undergraduate students' conceptions on ""objects"" and ""classes."" The study advances related research on categories of conceptions on ""objects"" and ""classes"" by providing quantitative results, in addition to qualitative results, regarding the frequency of the recorded conceptions. Nearly half the students seem to comprehend the modeling and static/dynamic aspects of the concepts ""object"" and ""class."" Implications for achieving a deep conceptual understanding of text, action, and modeling aspects of these fundamental concepts are also discussed. Information regarding the programming environments utilized in the course and key features of the applied teaching approach are presented, in order to facilitate both a better understanding of the context and a better employment of the results of the presented study. Finally, proposals for enhancing the contribution of this and similar studies are made.",wos,llm_reviewed,0.990,confirmed,
discarded,Research on Networked Video Courseware System Based on Object-Oriented Method,"Zhu, Yuanfang; Song, Ye; Li, Xiaoping; Liu, Qiongxin; Li, Hui",2015,PROCEEDINGS OF 2015 6TH IEEE INTERNATIONAL CONFERENCE ON SOFTWARE ENGINEERING AND SERVICE SCIENCE,,https://www.webofscience.com/wos/woscc/full-record/WOS:000380587400119,off-topic-false-hit; courseware-system; object-oriented-method,"Networked video courseware(NVC) provides a new research perspective for resource development in education technology field by combining education technology and film arts knowledge. Teachers often have difficulty in fulfilling complex courseware designs due to the lack of sufficient film arts knowledge. This paper presents a systematic object-oriented knowledge modeling which is developed and described in Unified Modeling Language (UML) for NVC design by summarizing and analyzing the expertise, cognitive rules and practices of various video elements applied in teaching. In the NVC system model, associations between entities and the NVC template structure is discussed in detail. A case study is given to demonstrate the procedure of how the NVC knowledge is expressed.",wos,llm,1.000,unreviewed,
discarded,Role of unified modelling language in software development in Greece - results from an exploratory study,"Fitsilis, Panos; Gerogiannis, Vassilis C.; Anthopoulos, Leonidas",2014,IET SOFTWARE,10.1049/iet-sen.2013.0031,https://www.webofscience.com/wos/woscc/full-record/WOS:000340568300001,off-topic-false-hit; uml; software-development,"The Unified Modelling Language (UML) is a language for specifying, visualising, constructing and documenting software systems. The UML proved to be extremely successful and it has achieved tremendous popularity making it the de facto industry standard for object oriented system development. As such, many researchers presented empirical studies on the practical usage of UML but as well criticisms for UML complexity, difficulty to be learnt, etc. Even though a large number of articles and books are devoted to various aspects of UML language, there is little evidence on how UML is used. This study attempts to identify the profile of persons using UML, to pinpoint UML diagrams that are being used and their effectiveness, to discover whether CASE tools are being used and to record the perceived usefulness of UML language. For conducting the study a survey was developed and it was distributed to mailing lists of Greek IT professionals and to university students. The findings indicate that UML is used successfully in the majority of software development projects and that most users perceive UML positively since it supports faster system building, development of higher quality software systems, and for specific cases, it leads to software development cost-decrease.",wos,llm,0.970,unreviewed,
discarded,Active Learning Methods for Teaching OOAD Course,"Kanakaraddi, Suvarna G.; Naragund, Jayalaxmi G.; Chikaraddi, Ashok K.",2013,"PROCEEDINGS OF THE 2013 IEEE INTERNATIONAL CONFERENCE IN MOOC, INNOVATION AND TECHNOLOGY IN EDUCATION (MITE)",,https://www.webofscience.com/wos/woscc/full-record/WOS:000349797400010,adjacent-subtopic; ooad; active-learning,"Designing is a prominent process in engineering field to build prototype model of a system. In Software Engineering approach, Object-oriented analysis and design (OOAD) models a system as a group of interacting objects. The aim of OOAD is to understand the problem utterly and all its inferences for its potential users. It is one of the designing courses that the students are learning in their curriculum and it is also used throughout the software development life cycle. Since OOAD has involved completely theoretical concepts and the tutor may face difficulty while teaching. The main issues to understand the course by students are recognizing the objects, analyzing and mapping objects to the real world. These issues provoked the authors to use pioneer approaches to teach effectively this course. This paper discusses few pedagogical tools to teach the course efficiently for Post Graduate (PG) students. Since OOAD course is also associated with laboratory, different open-ended problem statements are given for each student to carry out the experiments using Rational Rose tool. The group of two students is assigned to learn an open source tool to design a given application. Some of the open source tools learnt by the students are Pace Star, E-draw, UMEet, AgroUML, Astah etc. Each student have selected different concepts of OOAD to do the survey of conference/journal papers and presented the work as a part of Continuous Internal Evaluation (CIE). These novel methods improved analysis, design, implementation and learning ability of OOAD concepts, These activities enhanced their confidence level, communication and presentation skills.",wos,llm,0.880,unreviewed,
discarded,THE ROLE OF MOODLE IN THE LEARNING TECHNIQUES OF CONSTRUCTION AND BUILDING MATERIALS,"Enfedaque, A.; Reyes, E.; Galvez, J. C.; Sanchez-Rey, A.; Alaejos, M. P.",2013,EDULEARN13: 5TH INTERNATIONAL CONFERENCE ON EDUCATION AND NEW LEARNING TECHNOLOGIES,,https://www.webofscience.com/wos/woscc/full-record/WOS:000346798300022,off-topic-false-hit; moodle; construction-materials,"Over the last six years the learning techniques used in the Construction and Building Materials module, which forms part of the Civil Engineering Degree offered at the Universidad Politecnica de Madrid (UPM), have evolved as they have become adapted to the new environment in European higher education. This has seen the creation of a new assessment tool that uses the Course Management System (CMS) application Moodle (or Modular Object-Oriented Dynamic Learning Environment). Assessment of students is based 80% on examination results and 20% on coursework. Of the total coursework mark, 5% is obtained from two tests performed in Moodle, with one being a multiple-choice assessment and the other a true-false exercise (incorrect answers in the true-false are penalised). The questions are randomly chosen from a database of 100 and divided into three groups according to their difficulty. After sitting the test, the students complete a survey that asks their opinion about the use of Moodle and how it contributed to their marks. The results showed that over 60% of the students obtained better marks in the true-false test than in the multiple-choice one. After comparing the marks with the opinions, it became evident that although the students found the tests difficult over 60% achieved a pass mark. Moreover, results indicated that the students believed Moodle to be a learning tool that should be implemented further in the course.",wos,llm,1.000,unreviewed,
discarded,Experience in Teaching OOAD to Various Students,"Boberic-Krsticev, Danijela; Tesendic, Danijela",2013,INFORMATICS IN EDUCATION,,https://www.webofscience.com/wos/woscc/full-record/WOS:000210172200004,adjacent-subtopic; ooad; teaching-experience,"The paper elaborates on experiences and lessons learned from the course on object oriented analyses and design at the Faculty of Sciences, Novi Sad. The course on OOAD is taught to students of computer science and to the students of mathematical programme. Conclusions made in this paper are based on results of students' assignments as well as results of conducted survey. In the paper we identify a set of issues concerning teaching modelling and UML. It is noticed that difficulties in mastering OOAD arise primarily from the absence of appropriate real case studies from the field of designing information systems. In order to overcome this problem, students worked on their own homework projects which include all phases of software development. Concerning the results of survey it is noticed that OOAD course should be taught in different manners regarding previous knowledge of students. Suggestions how to teach OOAD to students of computer science and to students of other programmes are given in this paper.",wos,llm,0.800,unreviewed,
