status,title,authors,year,venue,doi,url,tags,abstract,provider,decision_source,llm_confidence,llm_review_outcome,llm_change_direction
discarded,Revealing the state space of turbulence using machine learning,Page J.,2021,Physical Review Fluids,10.1103/PhysRevFluids.6.034402,https://www.scopus.com/inward/record.uri?partnerID=HzOxMe3b&scp=85103459609&origin=inward,off-topic-false-hit; turbulence; machine-learning,,scopus,llm,1.000,unreviewed,
discarded,WHY IS THIS COURSE PUSHING FUNCTIONAL PROGRAMMING? – EDUCATING WELLROUNDED WEB DEVELOPERS WITH FUNCTIONAL JAVASCRIPT,Nurminen M.,2021,Proceedings Sefi 49th Annual Conference Blended Learning in Engineering Education Challenging Enlightening and Lasting,,https://www.scopus.com/inward/record.uri?partnerID=HzOxMe3b&scp=85122937262&origin=inward,adjacent-subtopic; functional-programming; web-development,,scopus,llm,0.970,unreviewed,
discarded,Analysis of learning difficulties in object oriented programming in systems engineering students at UNTELS,Diaz-Leyva T.,2020,Advances in Science Technology and Engineering Systems,10.25046/AJ0506203,https://www.scopus.com/inward/record.uri?partnerID=HzOxMe3b&scp=85099967564&origin=inward,adjacent-subtopic; learning-difficulties; oop-broad,,scopus,llm,0.750,unreviewed,
discarded,Performance evaluation of global hydrological models in six large Pan-Arctic watersheds,Gädeke A.,2020,Climatic Change,10.1007/s10584-020-02892-2,https://www.scopus.com/inward/record.uri?partnerID=HzOxMe3b&scp=85096484035&origin=inward,off-topic-false-hit; hydrological-models; climate,,scopus,llm,1.000,unreviewed,
discarded,GaoFen-1 Remote Sensing Image Forest Extraction Using Object-based CNN,Huang J.,2020,Iop Conference Series Earth and Environmental Science,10.1088/1755-1315/502/1/012039,https://www.scopus.com/inward/record.uri?partnerID=HzOxMe3b&scp=85086271996&origin=inward,off-topic-false-hit; forest-extraction; object-based-cnn,,scopus,llm,1.000,unreviewed,
discarded,Research progress on methods of automatic coastline extraction based on remote sensing images,Wu Y.,2019,Yaogan Xuebao Journal of Remote Sensing,10.11834/jrs.20197410,https://www.scopus.com/inward/record.uri?partnerID=HzOxMe3b&scp=85070722502&origin=inward,off-topic-false-hit; remote-sensing; coastline-extraction,,scopus,llm,1.000,unreviewed,
discarded,Combining Analogies and Virtual Reality for Active and Visual Object-Oriented Programming,Tanielu T.,2019,Comped 2019 Proceedings of the ACM Conference on Global Computing Education,10.1145/3300115.3309513,https://www.scopus.com/inward/record.uri?partnerID=HzOxMe3b&scp=85065987639&origin=inward,adjacent-subtopic; analogies; virtual-reality,,scopus,llm,0.840,unreviewed,
discarded,Exploring Novel Methodology for Classifying Cognitive Workload,Siriya S.,2019,Lecture Notes of the Institute for Computer Sciences Social Informatics and Telecommunications Engineering Lnicst,10.1007/978-3-030-16447-8_11,https://www.scopus.com/inward/record.uri?partnerID=HzOxMe3b&scp=85065039808&origin=inward,off-topic-false-hit; cognitive-workload; classification,,scopus,llm,1.000,unreviewed,
discarded,Using evolutionary computation for discovering spam patterns from e-mail samples,Ruano-Ordás D.,2018,Information Processing and Management,10.1016/j.ipm.2017.12.001,https://www.scopus.com/inward/record.uri?partnerID=HzOxMe3b&scp=85037677727&origin=inward,off-topic-false-hit; spam-detection; evolutionary-computation,,scopus,llm,1.000,unreviewed,
discarded,A competency structure model of object-oriented programming,Kramer M.,2016,Proceedings 2016 International Conference on Learning and Teaching in Computing and Engineering Latice 2016,10.1109/LaTiCE.2016.24,https://www.scopus.com/inward/record.uri?partnerID=HzOxMe3b&scp=85002990659&origin=inward,adjacent-subtopic; competency-model; oop,,scopus,llm,0.830,unreviewed,
discarded,Proposing a 3d interactive visualization tool for learning oop concepts,Moussa W.E.,2016,2016 13th Learning and Technology Conference L and T 2016,10.1109/LT.2016.7562861,https://www.scopus.com/inward/record.uri?partnerID=HzOxMe3b&scp=84991234114&origin=inward,adjacent-subtopic; visualization-tool; oop-concepts,,scopus,llm,0.900,unreviewed,
discarded,Research on networked video courseware system based on object-oriented method,Zhu Y.,2015,Proceedings of the IEEE International Conference on Software Engineering and Service Sciences Icsess,10.1109/ICSESS.2015.7339112,https://www.scopus.com/inward/record.uri?partnerID=HzOxMe3b&scp=84958236442&origin=inward,off-topic-false-hit; courseware-system; software-method,,scopus,llm,1.000,unreviewed,
discarded,Which programming language should students learn first? A comparison of Java and python,Lo C.A.,2015,Proceedings 2015 International Conference on Learning and Teaching in Computing and Engineering Latice 2015,10.1109/LaTiCE.2015.15,https://www.scopus.com/inward/record.uri?partnerID=HzOxMe3b&scp=84942774455&origin=inward,adjacent-subtopic; language-comparison; introductory-programming,,scopus,llm,0.880,unreviewed,
discarded,Visualization of concepts and algorithms in programming education - A design theoretic multimodal perspective,Olsson M.,2015,Proceedings of the International Conference on E Learning Icel,,https://www.scopus.com/inward/record.uri?partnerID=HzOxMe3b&scp=84940657052&origin=inward,adjacent-subtopic; visualization; programming-education,,scopus,llm,0.900,unreviewed,
discarded,Construction and validation of a distance learning module on premedication antisepsis for nursing professionals,Pereira B.J.D.C.,2013,CIN Computers Informatics Nursing,10.1097/CIN.0000000000000012,https://www.scopus.com/inward/record.uri?partnerID=HzOxMe3b&scp=84892142356&origin=inward,off-topic-false-hit; nursing; distance-learning-module,,scopus,llm,1.000,unreviewed,
discarded,Notional machines and introductory programming education,Sorva J.,2013,ACM Transactions on Computing Education,10.1145/2483710.2483713,https://www.scopus.com/inward/record.uri?partnerID=HzOxMe3b&scp=84880204596&origin=inward,adjacent-subtopic; notional-machines; intro-programming,,scopus,llm,0.920,unreviewed,
discarded,Visualization: A tool for enhancing students' concept images of basic object-oriented concepts,Cetin I.,2013,Computer Science Education,10.1080/08993408.2012.760903,https://www.scopus.com/inward/record.uri?partnerID=HzOxMe3b&scp=84877579617&origin=inward,adjacent-subtopic; visualization; basic-oop-concepts,,scopus,llm,0.860,unreviewed,
discarded,Active learning methods for teaching OOAD course,Kanakaraddi S.G.,2013,Proceedings of the 2013 IEEE International Conference in Mooc Innovation and Technology in Education Mite 2013,10.1109/MITE.2013.6756303,https://www.scopus.com/inward/record.uri?partnerID=HzOxMe3b&scp=84897532492&origin=inward,adjacent-subtopic; ooad; active-learning,,scopus,llm,0.880,unreviewed,
discarded,Online math word problem test system based on dynamic item generation mechanism,Chang K.Y.,2010,Ics 2010 International Computer Symposium,10.1109/COMPSYM.2010.5685489,https://www.scopus.com/inward/record.uri?partnerID=HzOxMe3b&scp=79851505840&origin=inward,off-topic-false-hit; math-word-problems; test-system,,scopus,llm,1.000,unreviewed,
discarded,A discussion of video capturing to assist in distance learning,Conlon M.,2009,Lecture Notes in Computer Science Including Subseries Lecture Notes in Artificial Intelligence and Lecture Notes in Bioinformatics,10.1007/978-3-642-02774-1_47,https://www.scopus.com/inward/record.uri?partnerID=HzOxMe3b&scp=76649084533&origin=inward,adjacent-subtopic; distance-learning; java-teaching,,scopus,llm,0.910,unreviewed,
discarded,Improving analogy software effort estimation using fuzzy feature subset selection algorithm,Azzeh M.,2008,Proceedings International Conference on Software Engineering,10.1145/1370788.1370805,https://www.scopus.com/inward/record.uri?partnerID=HzOxMe3b&scp=57049166142&origin=inward,off-topic-false-hit; software-effort-estimation; analogy,,scopus,llm,1.000,unreviewed,
discarded,The Unified Modeling Language reference manual,James Rumbaugh; Ivar Jacobson; Grady Booch,1999,,,https://openalex.org/W1998017916,off-topic-false-hit; uml-reference; book,"Written by the three pioneers behind the Unified Modeling Language (UML) standard, The Unified Modeling Language Reference Manual provides an excellent real-world guide to working with UML. This title provides expert knowledge on all facets of today's UML standard, helping developers who are encountering UML on the job for the first time to be more productive. The book begins with a history of UML, from structured design methods of the '60s and '70s to the competing object-oriented design standards that were unified in 1997 to create UML. For the novice, the authors illustrate key diagram types such as class, use case, state machine, activity, and implementation. (Of course, learning these basic diagram types is what UML is all about. The authors use an easy-to-understand ticket-booking system for many of their examples.) After a tour of basic document types, The Unified Modeling Language Reference Manual provides an alphabetical listing of more than 350 UML terms. Entries range from a sentence or two to several pages in length. (Class, operation, and use case are just a few of the important terms that are covered.) Though you will certainly need to be acquainted with software engineering principles, this reference will serve the working software developer well. As the authors note, this isn't UML for Dummies, but neither is it an arcane academic treatise. The authors succeed in delivering a readable reference that will answer any UML question, no matter how common or obscure. --Richard Dragan",openalex,llm,1.000,unreviewed,
discarded,An object-oriented 3D graphics toolkit,Paul S. Strauss; Rikk Carey,1992,,10.1145/133994.134089,https://openalex.org/W1989952968,off-topic-false-hit; 3d-graphics-toolkit; software-development,This paper presents an object-oriented toolkit for developers of interactive 3D graphics applications. The primary goal of the toolkit is (o make it easier for programmers to create 3D graphics applications that employ direct manipulation techniques in addition to conventional 2D-widgets. Such techniques have generally been ignored in previous graphics packages and systems.,openalex,llm,1.000,unreviewed,
discarded,PHENIX : building new software for automated crystallographic structure determination,Paul D. Adams; Ralf W. Grosse‐Kunstleve; Li‐Wei Hung; Thomas R. Ioerger; Airlie J. McCoy; Nigel W. Moriarty; Randy J. Read; James C. Sacchettini; Nicholas K. Sauter; Thomas C. Terwilliger,2002,Acta Crystallographica Section D Biological Crystallography,10.1107/s0907444902016657,https://openalex.org/W2109184569,off-topic-false-hit; crystallography-software; novice-users,Structural genomics seeks to expand rapidly the number of protein structures in order to extract the maximum amount of information from genomic sequence databases. The advent of several large-scale projects worldwide leads to many new challenges in the field of crystallographic macromolecular structure determination. A novel software package called PHENIX (Python-based Hierarchical ENvironment for Integrated Xtallography) is therefore being developed. This new software will provide the necessary algorithms to proceed from reduced intensity data to a refined molecular model and to facilitate structure solution for both the novice and expert crystallographer.,openalex,llm,1.000,unreviewed,
discarded,Towards automated crystallographic structure refinement with phenix.refine,Pavel V. Afonine; Ralf W. Grosse‐Kunstleve; Nathaniel Echols; Jeffrey J. Headd; Nigel W. Moriarty; Marat Mustyakimov; Thomas C. Terwilliger; Alexandre Urzhumtsev; Peter H. Zwart; Paul D. Adams,2012,Acta Crystallographica Section D Biological Crystallography,10.1107/s0907444912001308,https://openalex.org/W2154197653,off-topic-false-hit; crystallography; software-tool,"phenix.refine is a program within the PHENIX package that supports crystallographic structure refinement against experimental data with a wide range of upper resolution limits using a large repertoire of model parameterizations. It has several automation features and is also highly flexible. Several hundred parameters enable extensive customizations for complex use cases. Multiple user-defined refinement strategies can be applied to specific parts of the model in a single refinement run. An intuitive graphical user interface is available to guide novice users and to assist advanced users in managing refinement projects. X-ray or neutron diffraction data can be used separately or jointly in refinement. phenix.refine is tightly integrated into the PHENIX suite, where it serves as a critical component in automated model building, final structure refinement, structure validation and deposition to the wwPDB. This paper presents an overview of the major phenix.refine features, with extensive literature references for readers interested in more detailed discussions of the methods.",openalex,llm,1.000,unreviewed,
discarded,Object oriented application frameworks,Ted G. Lewis,1995,Manning Publications Co. eBooks,,https://openalex.org/W1500989550,off-topic-false-hit; application-frameworks; book,"From the Publisher:
Frameworks are object-oriented programming environments for vertical application areas. This book is the first to survey this exciting new technology, its concepts, and practical applications. Considered the next step in the evolution of OOP, framework technology is at the center stage of the software strategies of Taligent, IBM, HP, Microsoft, and Apple, among others. In spite of that, frameworks remain poorly understood, and are rarely covered in the literature. This book condenses practical experience and research ideas; explains exotic terminology so that a novice computer professional can quickly absorb it; is easy to read and conceptually crisp; and will be useful to many types of readers, from programmers to technical managers.",openalex,llm,1.000,unreviewed,
discarded,MDAnalysis: A Python Package for the Rapid Analysis of Molecular Dynamics Simulations,Richard Gowers; Max Linke; Jonathan Barnoud; Tyler Reddy; Manuel N. Melo; Sean L. Seyler; Jan Domański; David Dotson; Sébastien Buchoux; Ian M. Kenney; Oliver Beckstein,2016,Proceedings of the Python in Science Conferences,10.25080/majora-629e541a-00e,https://openalex.org/W2510475640,off-topic-false-hit; molecular-dynamics; python-package,"MDAnalysis (http://mdanalysis.org) is a library for structural and temporal analysis of molecular dynamics (MD) simulation trajectories and individual protein structures. MD simulations of biological molecules have become an important tool to elucidate the relationship between molecular structure and physiological function. Simulations are performed with highly optimized software packages on HPC resources but most codes generate output trajectories in their own formats so that the development of new trajectory analysis algorithms is confined to specific user communities and widespread adoption and further development is delayed. MDAnalysis addresses this problem by abstracting access to the raw simulation data and presenting a uniform object-oriented Python interface to the user. It thus enables users to rapidly write code that is portable and immediately usable in virtually all biomolecular simulation communities. The user interface and modular design work equally well in complex scripted work flows, as foundations for other packages, and for interactive and rapid prototyping work in IPython / Jupyter notebooks, especially together with molecular visualization provided by nglview and time series analysis with pandas. MDAnalysis is written in Python and Cython and uses NumPy arrays for easy interoperability with the wider scientific Python ecosystem. It is widely used and forms the foundation for more specialized biomolecular simulation tools.",openalex,llm,1.000,unreviewed,
discarded,The Bioperl Toolkit: Perl Modules for the Life Sciences,Jason Stajich; David E. Block; Kris Boulez; Steven E. Brenner; Stephen A. Chervitz; Chris Dagdigian; Georg Fuellen; James Gilbert; Ian Korf; Hilmar Lapp; Heikki Lehväslaiho; Chad Matsalla; Chris Mungall; Brian I. Osborne; Matthew Pocock; Peter Schattner; Martin Senger; Lincoln Stein; Elia Stupka; Mark D. Wilkinson; Ewan Birney,2002,Genome Research,10.1101/gr.361602,https://openalex.org/W2150934173,off-topic-false-hit; bioinformatics; perl-modules,"The Bioperl project is an international open-source collaboration of biologists, bioinformaticians, and computer scientists that has evolved over the past 7 yr into the most comprehensive library of Perl modules available for managing and manipulating life-science information. Bioperl provides an easy-to-use, stable, and consistent programming interface for bioinformatics application programmers. The Bioperl modules have been successfully and repeatedly used to reduce otherwise complex tasks to only a few lines of code. The Bioperl object model has been proven to be flexible enough to support enterprise-level applications such as EnsEMBL, while maintaining an easy learning curve for novice Perl programmers. Bioperl is capable of executing analyses and processing results from programs such as BLAST, ClustalW, or the EMBOSS suite. Interoperation with modules written in Python and Java is supported through the evolving BioCORBA bridge. Bioperl provides access to data stores such as GenBank and SwissProt via a flexible series of sequence input/output modules, and to the emerging common sequence data storage format of the Open Bioinformatics Database Access project. This study describes the overall architecture of the toolkit, the problem domains that it addresses, and gives specific examples of how the toolkit can be used to solve common life-sciences problems. We conclude with a discussion of how the open-source nature of the project has contributed to the development effort. [Supplemental material is available online at www.genome.org . Bioperl is available as open-source software free of charge and is licensed under the Perl Artistic License ( http://www.perl.com/pub/a/language/misc/Artistic.html ). It is available for download at http://www.bioperl.org . Support inquiries should be addressed to bioperl-l@bioperl.org .]",openalex,llm,1.000,unreviewed,
discarded,Evaluating the effect of a delegated versus centralized control style on the maintainability of object-oriented software,Erik Arisholm; Dag I. K. Sjøberg,2004,IEEE Transactions on Software Engineering,10.1109/tse.2004.43,https://openalex.org/W2160182024,off-topic-false-hit; maintainability; professional-consultants,"A fundamental question in object-oriented design is how to design maintainable software. According to expert opinion, a delegated control style, typically a result of responsibility-driven design, represents object-oriented design at its best, whereas a centralized control style is reminiscent of a procedural solution, or a ""bad"" object-oriented design. We present a controlled experiment that investigates these claims empirically. A total of 99 junior, intermediate, and senior professional consultants from several international consultancy companies were hired for one day to participate in the experiment. To compare differences between (categories of) professionals and students, 59 students also participated. The subjects used professional Java tools to perform several change tasks on two alternative Java designs that had a centralized and delegated control style, respectively. The results show that the most skilled developers, in particular, the senior consultants, require less time to maintain software with a delegated control style than with a centralized control style. However, more novice developers, in particular, the undergraduate students and junior consultants, have serious problems understanding a delegated control style, and perform far better with a centralized control style. Thus, the maintainability of object-oriented software depends, to a large extent, on the skill of the developers who are going to maintain it. These results may have serious implications for object-oriented development in an industrial context: having senior consultants design object-oriented systems may eventually pose difficulties unless they make an effort to keep the designs simple, as the cognitive complexity of ""expert"" designs might be unmanageable for less skilled maintainers.",openalex,llm,0.990,unreviewed,
