status,title,authors,year,venue,doi,url,tags,abstract,provider,decision_source,llm_confidence,llm_review_outcome,llm_change_direction
discarded,Counterfeit Object-oriented Programming: On the Difficulty of Preventing Code Reuse Attacks in C++ Applications,Félix Schuster; Thomas Tendyck; Christopher Liebchen; Lucas Davi; Ahmad‐Reza Sadeghi; Thorsten Holz,2015,,10.1109/sp.2015.51,https://openalex.org/W1538332098,off-topic-false-hit; security-attack; counterfeit-oop,"Code reuse attacks such as return-oriented programming (ROP) have become prevalent techniques to exploit memory corruption vulnerabilities in software programs. A variety of corresponding defenses has been proposed, of which some have already been successfully bypassed -- and the arms race continues. In this paper, we perform a systematic assessment of recently proposed CFI solutions and other defenses against code reuse attacks in the context of C++. We demonstrate that many of these defenses that do not consider object-oriented C++ semantics precisely can be generically bypassed in practice. Our novel attack technique, denoted as counterfeit object-oriented programming (COOP), induces malicious program behavior by only invoking chains of existing C++ virtual functions in a program through corresponding existing call sites. COOP is Turing complete in realistic attack scenarios and we show its viability by developing sophisticated, real-world exploits for Internet Explorer 10 on Windows and Fire fox 36 on Linux. Moreover, we show that even recently proposed defenses (CPS, T-VIP, vfGuard, and VTint) that specifically target C++ are vulnerable to COOP. We observe that constructing defenses resilient to COOP that do not require access to source code seems to be challenging. We believe that our investigation and results are helpful contributions to the design and implementation of future defenses against control flow hijacking attacks.",openalex,llm,0.920,unreviewed,
discarded,An approach to prioritize code smells for refactoring,Santiago Vidal; Claudia Marcos; J. Andrés Díaz‐Pace,2014,Automated Software Engineering,10.1007/s10515-014-0175-x,https://openalex.org/W2101526741,adjacent-subtopic; code-smells; refactoring,,openalex,llm,0.820,unreviewed,
discarded,Toward a method of object-oriented concurrent programming,Denis Caromel,1993,Communications of the ACM,10.1145/162685.162711,https://openalex.org/W2078862062,adjacent-subtopic; concurrent-oop; reusability,"PROGRAMMING hile there have been many attempts to provide objectoriented languages with a model of concurrency, few have dealt with reusability and methodology. Here we propose a concurrent model that takes into account such important concerns. Concept unifications are a necessity, and underlie the need to make object-oriented programming adaptable to concurrency. The model characteristics, especially reusability, permit definition of a concurrent object-oriented design method. The model, which makes extensive use of objectoriented techniques such as inheritance and polymorphism, is presented followed by development of the concurrent programming method. A real-time example of an automotive cruise control system illustrates and exercises the method.",openalex,llm,0.800,unreviewed,
discarded,On the impact of code smells on the energy consumption of mobile applications,Fabio Palomba; Dario Di Nucci; Annibale Panichella; Andy Zaidman; Andrea De Lucia,2018,Information and Software Technology,10.1016/j.infsof.2018.08.004,https://openalex.org/W2509415277,adjacent-subtopic; code-smells; energy-consumption,,openalex,llm,0.840,unreviewed,
discarded,Updatable views in object-oriented databases,Marc H. Scholl; Christian Laasch; Markus Tresch,1991,Lecture notes in computer science,10.1007/3-540-55015-1_10,https://openalex.org/W2112691528,adjacent-subtopic; oodb; views,,openalex,llm,0.820,unreviewed,
discarded,Static Detection of Atomicity Violations in Object-Oriented Programs.,Christoph von Praun; Thomas Groß,2004,The Journal of Object Technology,10.5381/jot.2004.3.6.a5,https://openalex.org/W2125533170,adjacent-subtopic; verification; atomicity,"Violations of atomicity are possible sources of errors in parallel programs. A violation occurs if the effect of a method depends on the execution of concurrent threads that operate on the same shared data. Such unwanted thread interference can occur even if access to shared data is ordered through synchronization, hence common techniques for data race detection are not able to find such errors. We have developed a static analysis that infers atomicity constraints and identifies potential violations. The analysis is based on an abstract model of threads and data. A symbolic execution tracks object locking and access and provides information that is finally used to determine potential violations of atomicity. We provide a detailed evaluation of our algorithm for several Java programs. Although the algorithm does not guarantee to find all violations of atomicity, our experience shows that the method is efficient and effective in determining several known synchronization problems in a number of applications and the Java library. The problem of overreporting that is commonly encountered due to conservatism in static analyses is moderate.",openalex,llm,0.960,unreviewed,
discarded,CommonLoops: merging Lisp and object-oriented programming,Daniel G. Bobrow; Ken Kahn; Gregor Kiczales; Larry Masinter; Mark Stefik; Frank Zdybel,1986,ACM SIGPLAN Notices,10.1145/960112.28700,https://openalex.org/W2095219277,adjacent-subtopic; object-oriented-language-design,"CommonLoops blends object-oriented programming smoothly and tightly with the procedure-oriented design of Lisp. Functions and methods are combined in a more general abstraction. Message passing is invoked via normal Lisp function call. Methods are viewed as partial descriptions of procedures. Lisp data types are integrated with object classes. With these integrations, it is easy to incrementally move a program between the procedure and object-oriented styles. One of the most important properties of CommonLoops is its extensive use of meta-objects. We discuss three kinds of meta-objects: objects for classes, objects for methods, and objects for discriminators. We argue that these meta-objects make practical both efficient implementation and experimentation with new ideas for object-oriented programming. CommonLoops' small kernel is powerful enough to implement the major object-oriented systems in use today.",openalex,llm,0.830,unreviewed,
kept,Data abstraction and information hiding,K. Rustan M. Leino; Greg Nelson,2002,ACM Transactions on Programming Languages and Systems,10.1145/570886.570888,https://openalex.org/W2136371406,supports-claim; data-abstraction; information-hiding; modular-soundness,"This article describes an approach for verifying programs in the presence of data abstraction and information hiding, which are key features of modern programming languages with objects and modules. This article draws on our experience building and using an automatic program checker, and focuses on the property ofmodular soundness: that is, the property that the separate verifications of the individual modules of a program suffice to ensure the correctness of the composite program. We found this desirable property surprisingly difficult to achieve. A key feature of our methodology for modular soundness is a new specification construct: theabstraction dependency, which reveals which concrete variables appear in the representation of a given abstract variable, without revealing the abstraction function itself. This article discusses in detail two varieties of abstraction dependencies: static and dynamic. The article also presents a new technical definition of modular soundness as a monotonicity property of verifiability with respect to scope and uses this technical definition to formally prove the modular soundness of a programming discipline for static dependencies.",openalex,llm,0.980,unreviewed,
discarded,Composite object support in an object-oriented database system,Won Kim; Jay Banerjee; Hong‐Tai Chou; Jorge F. Garza; Darrel Woelk,1987,,10.1145/38765.38818,https://openalex.org/W2089365354,adjacent-subtopic; oodb; composite-objects,"Many applications in such domains as computer-aided design require the capability to define, store and retrieve as a single unit a collection of related objects known as a composite object. A composite object explicitly captures and enforces the IS-PART-OF integrity constraint between child and parent pairs of objects in a hierarchical collection of objects. Further, it can be used as a unit of storage and retrieval to enhance the performance of a database system.",openalex,llm,0.870,unreviewed,
discarded,Antipattern and Code Smell False Positives: Preliminary Conceptualization and Classification,Francesca Arcelli Fontana; Jens Dietrich; Bartosz Walter; Aiko Yamashita; Marco Zanoni,2016,,10.1109/saner.2016.84,https://openalex.org/W2403793401,adjacent-subtopic; code-smells; false-positives,"Anti-patterns and code smells are archetypes used for describing software design shortcomings that can negatively affect software quality, in particular maintainability. Tools, metrics and methodologies have been developed to identify these archetypes, based on the assumption that they can point at problematic code. However, recent empirical studies have shown that some of these archetypes are ubiquitous in real world programs, and many of them are found not to be as detrimental to quality as previously conjectured. We are therefore interested in revisiting common anti-patterns and code smells, and building a catalogue of cases that constitute candidates for ""false positives"". We propose a preliminary classification of such false positives with the aim of facilitating a better understanding of the effects of anti-patterns and code smells in practice. We hope that the development and further refinement of such a classification can support researchers and tool vendors in their endeavour to develop more pragmatic, context-relevant detection and analysis tools for anti-patterns and code smells.",openalex,llm,0.860,unreviewed,
discarded,Systematic concurrent object-oriented programming,Bertrand Meyer,1993,Communications of the ACM,10.1145/162685.162705,https://openalex.org/W1966037709,adjacent-subtopic; concurrent-oop,"udging by the looks of the two parties, the marriage between concurrent computation and object-oriented programming-a union much desired by practitioners in such fields as telecommunications, highperformance computing, banking and operating systems--appears easy enough to arrange. This appearance, however, is deceptive: the problem is a hard one. This article points the way toward a pos,;ible solution. The precise problem examined here is restricted to:",openalex,llm,0.800,unreviewed,
discarded,The updated Consolidated Framework for Implementation Research based on user feedback,Laura J. Damschroder; Caitlin M. Reardon; Marilla A. Opra Widerquist; Julie C. Lowery,2022,Implementation Science,10.1186/s13012-022-01245-0,https://openalex.org/W4307846395,off-topic-false-hit; implementation-science,"BACKGROUND: Many implementation efforts fail, even with highly developed plans for execution, because contextual factors can be powerful forces working against implementation in the real world. The Consolidated Framework for Implementation Research (CFIR) is one of the most commonly used determinant frameworks to assess these contextual factors; however, it has been over 10 years since publication and there is a need for updates. The purpose of this project was to elicit feedback from experienced CFIR users to inform updates to the framework. METHODS: User feedback was obtained from two sources: (1) a literature review with a systematic search; and (2) a survey of authors who used the CFIR in a published study. Data were combined across both sources and reviewed to identify themes; a consensus approach was used to finalize all CFIR updates. The VA Ann Arbor Healthcare System IRB declared this study exempt from the requirements of 38 CFR 16 based on category 2. RESULTS: The systematic search yielded 376 articles that contained the CFIR in the title and/or abstract and 334 unique authors with contact information; 59 articles included feedback on the CFIR. Forty percent (n = 134/334) of authors completed the survey. The CFIR received positive ratings on most framework sensibility items (e.g., applicability, usability), but respondents also provided recommendations for changes. Overall, updates to the CFIR include revisions to existing domains and constructs as well as the addition, removal, or relocation of constructs. These changes address important critiques of the CFIR, including better centering innovation recipients and adding determinants to equity in implementation. CONCLUSION: The updates in the CFIR reflect feedback from a growing community of CFIR users. Although there are many updates, constructs can be mapped back to the original CFIR to ensure longitudinal consistency. We encourage users to continue critiquing the CFIR, facilitating the evolution of the framework as implementation science advances.",openalex,llm,0.990,unreviewed,
discarded,Class modification in the GemStone object-oriented DBMS,D. Jason Penney; Jacob Stein,1987,,10.1145/38765.38817,https://openalex.org/W1982731949,adjacent-subtopic; oodb; class-modification,"We are currently designing a class modification methodology for GemStone. We describe the current status of the design. We choose from two basic approaches and then introduce those aspects of GemStone necessary for an understanding of the paper. After defining a set of invariants for GemStone databases, we discuss specific class modification operations in terms of maintaining these invariants. We next discuss several issues that impact class modification. These issues include concurrency and authorization, and lead to difficult choices.",openalex,llm,0.850,unreviewed,
discarded,Some Code Smells Have a Significant but Small Effect on Faults,Tracy Hall; Min Zhang; David Bowes; Yi Sun,2014,ACM Transactions on Software Engineering and Methodology,10.1145/2629648,https://openalex.org/W2060561050,adjacent-subtopic; code-smells; faults,"We investigate the relationship between faults and five of Fowler et al.'s least-studied smells in code: Data Clumps, Switch Statements, Speculative Generality, Message Chains, and Middle Man. We developed a tool to detect these five smells in three open-source systems: Eclipse, ArgoUML, and Apache Commons. We collected fault data from the change and fault repositories of each system. We built Negative Binomial regression models to analyse the relationships between smells and faults and report the McFadden effect size of those relationships. Our results suggest that Switch Statements had no effect on faults in any of the three systems; Message Chains increased faults in two systems; Message Chains which occurred in larger files reduced faults; Data Clumps reduced faults in Apache and Eclipse but increased faults in ArgoUML; Middle Man reduced faults only in ArgoUML, and Speculative Generality reduced faults only in Eclipse. File size alone affects faults in some systems but not in all systems. Where smells did significantly affect faults, the size of that effect was small (always under 10 percent). Our findings suggest that some smells do indicate fault-prone code in some circumstances but that the effect that these smells have on faults is small. Our findings also show that smells have different effects on different systems. We conclude that arbitrary refactoring is unlikely to significantly reduce fault-proneness and in some cases may increase fault-proneness.",openalex,llm,0.870,unreviewed,
discarded,Aging and Cumulative Inequality: How Does Inequality Get Under the Skin?,Kenneth F. Ferraro; Tetyana Shippee,2009,The Gerontologist,10.1093/geront/gnp034,https://openalex.org/W2096130724,off-topic-false-hit; aging-theory,"PURPOSE: This article draws from cumulative disadvantage and life course theories to develop a new theory for the social scientific study of aging. DESIGN AND METHODS: Five axioms of cumulative inequality (CI) theory are articulated to identify how life course trajectories are influenced by early and accumulated inequalities but can be modified by available resources, perceived trajectories, and human agency. RESULTS: Although the concept of CI has attracted considerable attention among social scientists, it holds promise for integrating additional disciplinary approaches to the study of aging including, but not limited to, biology, epidemiology, and immunology. The applicability of CI theory to gerontology is illustrated in research on the early origins of adult health. IMPLICATIONS: Primary contributions of the theory to gerontology include greater attention to family lineage as a source of inequality; genes, gestation, and childhood as critical to early and enduring inequalities; the onset, duration, and magnitude of exposures to risk and opportunity; and constraints on generalizations arising from cohort-centric studies.",openalex,llm,0.990,unreviewed,
discarded,Static conflict analysis for multi-threaded object-oriented programs,Christoph von Praun; Thomas R. Gross,2003,ACM SIGPLAN Notices,10.1145/780822.781145,https://openalex.org/W2102731275,adjacent-subtopic; static-analysis; multithreading,"A compiler for multi-threaded object-oriented programs needs information about the sharing of objects for a variety of reasons: to implement optimizations, to issue warnings, to add instrumentation to detect access violations that occur at runtime. An Object Use Graph (OUG) statically captures accesses from different threads to objects. An OUG extends the Heap Shape Graph (HSG), which is a compile-time abstraction for runtime objects (nodes) and their reference relations (edges). An OUG specifies for a specific node in the HSG a partial order of events relevant to the corresponding runtime object(s). Relevant events include read and write access, object escape, thread start and join.OUGs have been implemented in a Java compiler. Initial experience shows that OUGs are effective to identify object accesses that potentially conflict at runtime and isolate accesses that never cause a problem at runtime. The capabilities of OUGs are compared with an advanced program analysis that has been used for lock elimination. For the set of benchmarks investigated here, OUGs report only a fraction of shared objects as conflicting and reduce the number of compile-time reports in terms of allocation sites of conflicting objects by 28--92% (average 64%). For benchmarks of up to 30 KLOC, the time taken to construct OUGs is, with one exception, in the order of seconds.The information collected in the OUG has been used to instrument Java programs with checks for object races. OUGs provide precise information about object sharing and static protection, so runtime instrumentation that checks those cases that cannot be disambiguated at compile-time is sparse, and the total runtime overhead of checking for object races is only 3--86% (average 47%).",openalex,llm,0.940,unreviewed,
discarded,Static conflict analysis for multi-threaded object-oriented programs,Christoph von Praun; Thomas Groß,2003,,10.1145/781131.781145,https://openalex.org/W4247660350,adjacent-subtopic; static-analysis; duplicate,"A compiler for multi-threaded object-oriented programs needs information about the sharing of objects for a variety of reasons: to implement optimizations, to issue warnings, to add instrumentation to detect access violations that occur at runtime. An Object Use Graph (OUG) statically captures accesses from different threads to objects. An OUG extends the Heap Shape Graph (HSG), which is a compile-time abstraction for runtime objects (nodes) and their reference relations (edges). An OUG specifies for a specific node in the HSG a partial order of events relevant to the corresponding runtime object(s). Relevant events include read and write access, object escape, thread start and join.OUGs have been implemented in a Java compiler. Initial experience shows that OUGs are effective to identify object accesses that potentially conflict at runtime and isolate accesses that never cause a problem at runtime. The capabilities of OUGs are compared with an advanced program analysis that has been used for lock elimination. For the set of benchmarks investigated here, OUGs report only a fraction of shared objects as conflicting and reduce the number of compile-time reports in terms of allocation sites of conflicting objects by 28--92% (average 64%). For benchmarks of up to 30 KLOC, the time taken to construct OUGs is, with one exception, in the order of seconds.The information collected in the OUG has been used to instrument Java programs with checks for object races. OUGs provide precise information about object sharing and static protection, so runtime instrumentation that checks those cases that cannot be disambiguated at compile-time is sparse, and the total runtime overhead of checking for object races is only 3--86% (average 47%).",openalex,llm,0.940,unreviewed,
