status,title,authors,year,venue,doi,url,tags,abstract,provider,decision_source,llm_confidence,llm_review_outcome,llm_change_direction,paper_id
discarded,An Experimental Study on UML Modeling Errors and their Causes in the Education of Model Driven PLC Programming,"Duschl, Kerstin; Obermeier, Martin; Vogel-Heuser, Birgit",2014,2014 IEEE GLOBAL ENGINEERING EDUCATION CONFERENCE (EDUCON),,https://www.webofscience.com/wos/woscc/full-record/WOS:000343764100021,adjacent-subtopic,"Based on previous studies on programming errors and their causes, the presented study examines UML modeling failures in the area of teaching machine and plant automation that were made by 102 mechanical engineering students and analyzes their reasons. Though poor concentration, misunderstandings and overlooking of key aspects within the task have been mentioned by about one third to one fifth of the subjects, they could not explain the objective modeling performance. Instead, the main reason for the shortcomings in the subjects' UML models seems to be difficulties to ""translate"" their mental model of the system into an UML model. In particular, structure modeling was quite difficult to handle. Lack of time also was a problem, but resulted primarily from starting with the rather complicated structure modeling part instead of the behavior modeling part.",wos,llm_reviewed,0.840,changed,kept->discarded,hash:4afa84033784e125
discarded,Organizational schemata of e-portfolios for fostering higher-order thinking,"Wang, Shouhong; Wang, Hai",2012,INFORMATION SYSTEMS FRONTIERS,10.1007/s10796-010-9262-0,https://www.webofscience.com/wos/woscc/full-record/WOS:000303460800018,off-topic-false-hit,"The information technology of online e-portfolio systems have been widely used during the past several years along with the diffusion of electronic teaching-learning systems. However, for the time being e-portfolio is viewed more as an assessment tool or a showcase tool, but less as an active learning tool. The current generic e-portfolio systems store artifacts in the chronological order on the course basis, providing few facets for active thinking. The question of how we can make e-portfolio a useful learning tool to improve students' learning outcomes is still open to research. Among various students' learning outcomes, higher-order thinking has become an important outcome of education. One vision of education evolution is to change the modes of thinking of students. This study is to meet the challenge of e-portfolios by investigating a significant research question: how e-portfolios can be used as a learning tool for students to foster higher-order thinking. Specifically, this study proposes an ontological approach to organizational schema of e-portfolios so that e-portfolios can be logically and dynamically organized into thinking-driven networks. The ontological schemata can serve as visible maps for the virtual e-portfolios repository shared by all teachers and students to foster higher-order thinking. A case study that implements a prototype of organizational schemata of e-portfolios demonstrates the usefulness of the proposed approach for fostering higher-order thinking.",wos,llm,0.990,unreviewed,,doi:10.1007/s10796-010-9262-0
discarded,Teaching Object Oriented Database with Db4o,"Zhang, Yongbin; Liang, Ronghua; Zheng, Yanying; Berry, Michael; Wang, Yan; Li, Yeli",2011,EDUCATION AND EDUCATIONAL TECHNOLOGY,,https://www.webofscience.com/wos/woscc/full-record/WOS:000302381000038,adjacent-subtopic,"Databases are used in many facets of society by an array of people. While the obvious platform for most database applications has been a relational Data Base management Systems (DBMS), the object-oriented programming languages which are widely used in software development are not well matched to their development. In many ways it is obvious that there is an 'object-relational' impedance and mismatch. There are currently only a few courses about object-oriented database development in universities. In this paper, an object-oriented database named db4o is introduced as a viable alternative to traditional database development methods. It is now used in our newly developed object-oriented database course. With a visual object management viewer, db4o helps students to understand basic object-oriented database conception and to grasp programming with the object-oriented programming language.",wos,llm,0.910,unreviewed,,hash:68d54404410e198b
kept,THE EFFECTS OF INTEGRATING VARIATION THEORY ON A WEB-BASED OBJECT-ORIENTED PROGRAMMING LEARNING,"Chang, Cheng-Chin; Su, Chien-Yuan; Wang, Tzone-I",2012,EDULEARN12: 4TH INTERNATIONAL CONFERENCE ON EDUCATION AND NEW LEARNING TECHNOLOGIES,,https://www.webofscience.com/wos/woscc/full-record/WOS:000326239306099,supports-claim; teaching,"The purpose of this study is to implement the variation theory in the learning material of a web-based e-learning system in order to help students clear their misconceptions about object-oriented programming and boost their learning effectiveness. Variation theory is based on the Phenomenography methodology and uses teaching modes of generalization, contrast, separation, and fusion to help students discern and explore the difference between concepts and phenomena of the real world. It has been proved useful in concept cognition and misconception correction in traditional classrooms for almost all subjects. Yet, it is still to be explored how well its effectiveness will be if used in web-based e-learning environments. This study initiates the hypothesis that implementing the variation theory in the course contexts of a web-based e-learning system for object-oriented programming should enable learners to clear confusions on various concepts, such as objects and variables, as well as objects and classes, and setups experiments to prove it. The experiments involved fifty-nine freshmen of the Engineering Science Department of a university in southern Taiwan. The participants split randomly into two groups and learned how to program in object-oriented style from a web-based e-learning system; the experimental group used learning material that are complied with the variation theory, while the control group used ordinary ones that are not biased by the variation theory. The analysis of the experiment results uses descriptive statistics and the results of the independent sample T-tests to compare the learning effectiveness of the two groups. The findings indicate that the learners in the experimental group achieved better learning outcomes than their counterparts in the control group, in terms of concept comprehension, concept clarification, and, most important, misconception corrections in the object-oriented programming context.",wos,llm_reviewed,0.960,confirmed,,hash:c372ac0ac38fd702
discarded,Phenomenography as a Tool for Investigating Understanding of Computing Concepts,"Bucks, Gregory; Oakes, William C.",2011,2011 ASEE ANNUAL CONFERENCE & EXPOSITION,,https://www.webofscience.com/wos/woscc/full-record/WOS:000378522703001,adjacent-subtopic,"Computing has become a foundational subject across the engineering disciplines and offers significant opportunities both in practice and from an educational perspective. Maximizing this potential requires deep understanding of how students learn and apply computing concepts. There has been a great deal of work exploring understanding in computing education, focused primarily on what constitutes knowledge in computing and the processes engaged to utilize this knowledge in solving computing problems. There is also a sizable body of work exploring the misconceptions held by novices in computing education. However, little work has been done exploring the types of conceptions that computing students hold for the fundamental computing concepts apart from identifying misconceptions. Uncovering the different types of conceptions held by students independent of specific computing languages or environments is essential to understanding how students learn computing concepts and ultimately to develop better pedagogical and assessment techniques.

Phenomenography is a research methodology uniquely designed to uncover the different conceptions held by individuals about a given concept because the main tenet of phenomenography is that any phenomenon can be understood or experienced in a limited number of qualitatively different ways. Thus, the goal of phenomenography is to uncover those different ways of understanding. In recent years, phenomenography has begun to be used to explore the way that students experience the act of learning to program, both from a procedural and object-oriented perspective. However, it has not been used to explore the understanding held by individuals of specific concepts in computing. This paper describes how phenomenography was employed to explore the fundamental computing concepts of conditional and repetition structures. In addition, a discussion will be presented on how the results of this study, along with follow-on studies employing this methodology exploring additional fundamental programming concepts, can lay the groundwork for the development of language and computing environment independent assessment instruments. These instruments are needed for valid assessment and comparison of the pedagogical variations inherent in using the variety of programming languages, environments, and paradigms available today.",wos,llm,0.860,unreviewed,,hash:a29ece5cbbc5e8d7
discarded,INTERACTION PROCESSING OF A COGNITIVE EDUCATIONAL SYSTEM,"Caravantes, Arturo",2010,"CSEDU 2010: PROCEEDINGS OF THE 2ND INTERNATIONAL CONFERENCE ON COMPUTER SUPPORTED EDUCATION, VOL 1",,https://www.webofscience.com/wos/woscc/full-record/WOS:000392459100063,off-topic-false-hit,"This paper briefly describes some of the modelling work of intelligent web-based educational systems with cognitive monitoring. Specifically, it focuses on the interaction process consisting of a processor based on mental models and several interaction environments related to interface devices. Both systems work together to regulate the student learning process through controlling working memory load, focusing attention and presenting knowledge in conceptual-semantic format. These features require an object oriented rich web interface.",wos,llm,0.990,unreviewed,,hash:89fc6a051fffb637
discarded,The constructivist' approach to teaching computing,"Appavoo, Paramasiven",2010,INTERNATIONAL JOURNAL OF CONTINUING ENGINEERING EDUCATION AND LIFE-LONG LEARNING,10.1504/IJCEELL.2010.037055,https://www.webofscience.com/wos/woscc/full-record/WOS:000216500700011,adjacent-subtopic,"Constructivism ensures the survival of computer science graduates in the industry. According to Moore's Law, the number of active devices that can be placed over a given area of silicon doubles every 18 months. It is becoming a known fact that the existing computerised systems may become obsolete even before a user has completed his training to fully utilising the former. The pace at which computing technologies are evolving today knows no bound. Recently, IBM created a graphene-based transistor which operates over twice the speed of silicon chips. New sets of solutions need to be devised (a) to optimise the use of new hardware capabilities and (b) to cater the emerging issues. Computer science students need to be given the appropriate tools, together with a probing mindset, to develop self capacity-building and tackle emerging problems. This paper highlights the constructivist's approaches to teaching computing subjects at the tertiary level to develop the inquisitive minds of prospective computer scientists.",wos,llm,0.980,unreviewed,,doi:10.1504/ijceell.2010.037055
discarded,The Effectiveness of Screencasts and Cognitive Tools as Scaffolding for Novice Object- Oriented Programmers,"Lee, Mark; Pradhan, Sunam; Dalgarno, Barney",2008,JOURNAL OF INFORMATION TECHNOLOGY EDUCATION-RESEARCH,,https://www.webofscience.com/wos/woscc/full-record/WOS:000210173900005,adjacent-subtopic,"Modern information technology and computer science curricula employ a variety of graphical tools and development environments to facilitate student learning of introductory programming concepts and techniques. While the provision of interactive features and the use of visualization can enhance students' understanding and assist them in grasping fundamental ideas, the real difficulty for many students lies in making the transition from relying on the graphical features of these tools, to actually writing programming code statements in accordance with a set of plain English instructions.

This article opens with a systematic review of the literature on alternative approaches to teaching object-oriented programming 9OOP) to novice programmers. It then describes the rationale behind an "" objects first, class user first"" approach to introducing OOP, arguing for the use of interactive GUI-based visualization tools such as BlueJ as cognitive tools to allow learners to represent and manipulate their mental models or schemas. Finally, it reports on a study involving a cohort of students undertaking an introductory OOP unit in Java. The study investigated the effectiveness of: 9i) the graphical features of BlueJ as a cognitive tool while performing coding tasks as part of a test; and 9ii) the use of screencasts 9video screen captures) of BlueJ to provide scaffolding during learning, which involves the provision of temporary support structures to assist learners in attaining the next stage or level in their development. The screencasts were used in conjunction with a series of structured exercises by providing an intermediate stepping stone to ease the transition to the writing of program code.

The study found no significant effect of screencasts during the learning phase of the study, and no significant effect of BlueJ during testing. This result runs counter to theoretical predictions and consequently is important both for researchers focusing on the pedagogy associated with learning programming as well as those interested in the broader applications of animated instructional resources and cognitive tools.

In the article, the authors postulate a number of reasons for the lack of significant effects to sup-port their hypotheses. Firstly, it is possible thatsome, or perhaps many, participants who had access to BlueJ during the testing phase did not actually use it to assist them in answering the test questions. Secondly, since the screencasts and BlueJ were intended to ease students' transition to code, the data collection was conducted immediately following the participants' initial exposure to code statements. This gave rise to the possibility that they may not have been ready to attempt the questions framed at a high level of abstraction, which accounted for a majority of the test marks. The authors had hypothesized that the most benefit in providing the screencast-based scaffolding and the use of BlueJ as a cognitive tool was likely to be gained in assisting students with writing code for English instructions at this high level of abstraction; however, at this point in the semester they may not have been adequately prepared to undertake these types of questions, which required them to interpret the high-level task requirements and decompose them into individual object and class operations that would achieve the desired outcome 9object state).

Further research will need to be carried out to determine whether these hypothesized reasons for the lack of an identifiable difference between conditions can be supported, whether other factors are responsible, or whether in fact neither BlueJ screencasts nor the use of BlueJ as a cognitive tool actually enhance learning. One possible approach to a follow-up study would involve using a smaller number of students, but carrying out intensive observation during the experiment in order to determine the degree to which, and ways in which, BlueJ is used. This may include an oral component incorporating think-aloud protocols 9Ericson & Simon, 1993) and/ or follow-up interviews to gain deeper insight into and understanding of the participants' thought processes as they attempt the various questions in the test, as well as to identify gaps in their understanding in relation to the test questions. In addition to informing on the value of screencasts and cognitive tools for the learning of programming, such a study would also reveal in greater depth the nature of the cognitive stages involved in learning to write object-oriented program code from English instructions.",wos,llm,0.840,unreviewed,,hash:5910312ec3f95b83
discarded,Battleship - A senior design preparatory experience,"Resnick, Brian J.",2007,"2007 37TH ANNUAL FRONTIERS IN EDUCATION CONFERENCE, GLOBAL ENGINEERING : KNOWLEDGE WITHOUT BORDERS - OPPORTUNITIES WITHOUT PASSPORTS, VOLS 1- 4",,https://www.webofscience.com/wos/woscc/full-record/WOS:000256621900135,adjacent-subtopic,"The senior design capstone project can be overwhelming for some electrical and computer engineering technology students. In addition to selecting a topic and then actually designing something, it may be the first time that a student has had to execute all aspects of a project from conception to completion. In preparation for this challenge, students could benefit from practice on a somewhat predefined project. This paper presents a series of homework and laboratory assignments that guide the student through the development of a large object-oriented programming project: an Internet enabled version of the game Battleship. Project elements include rules of play, a graphical user interface for ship placement, another for battle, and a communications protocol for play over the Internet. While the overall scope of project is fixed, there are many opportunities for the students, as a team, to impose variations on the theme during the specification process. This customization activity promotes a sense of ownership and commitment. Student feedback has been positive and the paper includes a summary of their comments.",wos,llm,0.980,unreviewed,,hash:88e60237070dd6aa
discarded,Mental Models and Programming Aptitude,"Caspersen, Michael E.; Bennedsen, Jens; Larsen, Kasper Dalgaard",2007,ITICSE 2007: 12TH ANNUAL CONFERENCE ON INNOVATION & TECHNOLOGY IN COMPUTER SCIENCE EDUCATION,,https://www.webofscience.com/wos/woscc/full-record/WOS:000267363900042,adjacent-subtopic,"Predicting the success of students participating in introductory programming courses has been an active research area for more than 25 years. Until recently, no variables or tests have had ally significant predictive power. However, Dehnadi and Bornat claim to have found a simple test for programming aptitude to cleanly separate programming sheep from non-programming goats. We briefly present their theory and test instrument.

We have repeated their test in our local context in order to verify and perhaps generalise their findings, but we could not show that the test predicts students' success in our introductory programming course.

Based on this failure of the test instrument, we discuss various explanations for our differing results and suggest a research method from which it may be possible to generalise local results in this area. Furthermore, we discuss and criticize Dehnadi and Bornat's programming aptitude test and devise alternative test instruments.",wos,llm,0.940,unreviewed,,hash:4768d6a7bc301ab8
kept,A Long-Term Investigation of the Comprehension of OOP Concepts by Novices,"Ragonis, Noa; Ben-Ari, Mordechai",2005,COMPUTER SCIENCE EDUCATION,10.1080/08993400500224310,https://www.webofscience.com/wos/woscc/full-record/WOS:000211742200004,supports-claim,"This article describes research on the learning of object-oriented programming (OOP) by novices. During two academic years, we taught OOP to high school students, using Java and BlueJ. Our approach to teaching featured: objects-first, teaching composed classes relatively early, deferring the teaching of main methods, and focusing on class structure before algorithms. The research used a constructivist qualitative research methodology using observations and field notes, audio and video recordings, and an analysis of artifacts such as homework assignments. The findings were divided into four primary categories: class vs. object, instantiation and constructors, simple vs. composed classes, and program flow. In total, 58 conceptions and difficulties were identified. Nevertheless, at the end of the courses, the students understood the basic principles of OOP. The two main contributions of this research are: (i) the breadth and depth of its investigation into the concepts held by novices studying OOP, and (ii) the nature of the constructivist qualitative research methodology.",wos,llm,1.000,unreviewed,,doi:10.1080/08993400500224310
kept,Variation in students' conceptions of object-oriented information system development,"Box, I; Lister, R",2005,"Information Systems Development: Advances in Theory, Practice, and Education",,https://www.webofscience.com/wos/woscc/full-record/WOS:000231245900038,supports-claim,,wos,llm,0.970,unreviewed,,hash:e185192f81fcada9
