status,title,authors,year,venue,doi,url,tags,abstract,provider,decision_source,llm_confidence,llm_review_outcome,llm_change_direction,paper_id
The obligation to provide a social system of protection against the harms caused by disease and injury extends to persons irrespective of their class, heritage, or belonging. Meeting this basic demand does not mark the solidarity of a society, but its decency. It is not something that must be justified by reference to an additional condition like a morally significant commonality. Second, relations of solidarity provide extremely important normative and motivational resources of social engagement. The preceding argument does not imply that solidarity is dispensable when it comes to analyzing and posing moral demands and corresponding obligations that are related to health. Beyond this, solidarity as a social relation and the obligations that it generates can be argued to be particularly relevant in times of crisis. Solidarity is less likely to be invoked in societies that manage to avoid the emergence of grave inequalities, discrimination, or injustice, than in societies that are unwilling or unable to provide adequate frameworks for just cooperation. The normative and motivational force of the ties invoked by solidarity is particularly relevant when basic moral demands are not met, and all non-ideal societies are in need of these kinds of solidarities. When Greece was hit by economic crisis and austerity, food solidarity centers, social kitchens, and solidarity clinics emerged throughout the country to countervail the gaps left after the retreat of government from the provision of welfare. In this manner, local solidarities may prove crucial in mitigation the effects of social regression. Similarly, the civil society in the United States may be forced revert to these mechanisms of social protection when those with no or low income and those vulnerable to disease and infirmity - i.e. the poor and the poor-risks - are effectively deprived of access to health care through market expansion and government retreat. The call for the emergence of solidarity in these contexts, however, should be strictly distinguished from the indignation about the absence of justice. It is in these contexts that a precise notion of solidarity is required so that it can unfold its full normative potential and the motivational force of union's inspiration. The main concern of the previous argument is that a notion of universal solidarity is employed at the cost of the ability to give expression to a different moral idea of a wide but nonetheless thick communality. Ralph Chaplin considered solidarity to be able to summon a power greater than hoarded gold and greater than the might of armies, and it seems like the power of establishing this form of communality is one of the reasons for the ubiquity of references to solidarity. The actual relations of solidarity may not vanish due to a lack of vocabulary to refer to them, but their potential to generate moral action may decrease as a result of our inability to discern them. The author declares no conflict of interest. See e.g. Stjerno, S. (2005). Solidarity in Europe. The history of an idea. Cambridge, UK: Cambridge University Press. A topography of the term is offered in Bayertz, K. (1999). Four uses of ""solidarity"". In K. Bayertz (Ed.), Solidarity (pp. 3-28). Dordrecht, The Netherlands: Kluwer Academic.See e.g. ter Meulen, R., Arts, W., & Muffels, R. (Eds.). (2001). Solidarity in health and social care in Europe. Dordrecht, The Netherlands: Kluwer Academic.

The famous first lines run as follows: 'When the union's inspiration through the workers' blood shall run, there can be no power greater anywhere beneath the sun. Yet what force on earth is weaker than the feeble strength of one, for the union makes us strong'. Chaplin, of course, does not just refer to a principle of unity or union, but to the union as a form of political organization. However, union - qua relation of unity - is a defining principle of the type of organizations - like trade unions or cooperatives - that Chaplin praises.A similar argument can be found in Butler, S. (2012). A dialectic of cooperation and competition: Solidarity and universal health care provision. Bioethics, 26, 351-360. Butler understands solidarity as one of the four tiers of social competition and cooperation. His conclusion is that 'whatever justifications might exist for universal health care provision, none of them are properly referred to as being based in solidarity' (ibid: p. 351). Another defense of a partisan conception of solidarity is advanced in Heyd, D. (2015). Solidarity:A local, partial and reflective emotion. Diametros, 43, 55-64.For the distinction between prescriptive and descriptive notions of solidarity in bioethics, see Prainsack, B., & Buyx, A. (2012). Solidarity in contemporary bioethics - Towards a new approach. Bioethics, 26, 343-350. See also Kolers, A. (2016). A moral theory of solidarity. Oxford, UK: Oxford University Press, p. 28.This implies that solidarity's role in moral philosophy amounts to more than that of a 'shaping sensibility'. See Jennings, B., & Dawson, A. (2015). Solidarity in the moral imagination of bioethics. Hastings Center Report, 45, 31-38.On this dilemma, see Prainsack & Buyx, op. cit. note 5, p. 344.This does not only mean that solidarity must be distinguishable from other norms, but it also excludes accounts of solidarity that consider it a mere instrument in the pursuit of superordinate objects like justice or non-discrimination. While some forms of solidarity may be embedded in struggles for justice, this does not warrant the strong claim that 'justice implicates solidarity', as suggested in Jennings & Dawson, op. cit. note 6, p. 38. If solidarity was merely instrumental to justice, there would be nothing wrong with breaches of solidarity, as long as they promote - or are intended to promote - overall justice.For a discussion of Wiggins, see Nagel, T. (2010). Wiggins on human solidarity. In T. Nagel (Ed.), Secular philosophy and the religious temperament: Essays 2002-2008 (pp. 147-152). New York, NY: Oxford University Press. See also Derpmann, S. (2014). Solidarity, moral recognition, and communality. In A. Laitinen & A. Pessi (Eds.), Solidarity: Theory and practice (pp. 105-125). Lanham, MD: Lexington Books.Wiggins, D. (2009). Solidarity and the root of the ethical. Tijdschrift voor Filosofie, 71, 239-269.Habermas, J. (1990). Justice and solidarity: On the discussion concerning stage 6. In T. E. Wren (Ed.), The moral domain (pp. 224-251). Cambridge, MA: MIT Press, p. 244. A critical reflection of the universality entailed in Habermas' account can be found in Wildt, A. (1999). Solidarity: Its history and contemporary definition. In K. Bayertz (Ed.), Solidarity (pp. 209-220). Dordrecht, The Netherlands: Kluwer Academic, p. 216.Regarding the extension of solidarity in Habermas' conception, see Rehg, W. (1994). Insight and solidarity.

A study in the discourse ethics of Jurgen Habermas. Berkeley, CA: University of California Press, pp. 107-111. Rehg does not reject this account, but he criticizes that Habermas does not sufficiently distinguish moral solidarity from more concrete lifeworld solidarities. Beyond this, I argue that the admission of a notion of moral, i.e. universal solidarity undermines the crucial structure of 'lifeworld solidarities' as essentially partial.Wildt, op. cit. note 11, p. 218.Both Axel Honneth and Rainer Forst observe that the point of solidarity is lost in Habermas's conception due to the absence of an element of 'particularism'. See Honneth, A. (2007). Disrespect. The normative foundations of critical theory (pp. 99-128). Cambridge, UK: Polity Press and Forst, R. (2002). Contexts of justice. Political philosophy beyond liberalism and communitarianism (p. 304, note 21). Berkeley, CA: University of California Press.Richard Rorty places this morally significant 'we' at the heart of his conception of solidarity: 'The force of ""us"" is typically contrastive in the sense that it contrasts with a ""they"", which is also made up of human beings'. See Rorty, R. (1989). Contingency, irony, and solidarity. New York, NY: Cambridge University Press. A distinction of different meanings of this 'we' can be found in Dean, J. (1995). Reflective solidarity. Constellations, 2, 114-140, 124 ff.This is why Heyd rejects ter Meulen's notion of a 'humanitarian solidarity' based 'on identification with the values of humanity and responsibility for the other'. See Heyd, op. cit. note 4, p. 57.For the limits to universal solidarity and the relation between local, national, and cosmopolitan solidarities, see Derpmann, S. (2009). Solidarity and cosmopolitanism. Ethical Theory and Moral Practice, 12, 303-315.Ronald Dworkin defines these obligations as '[ horizontal ellipsis ] the special responsibilities social practice attaches to membership in some biological or social group, like the responsibilities of family or friends or neighbors'. See Dworkin, R. (1986). Law's empire. Cambridge, MA: Harvard University Press, p. 196. A similar terminology is given by Scheffler, S. (2001). Boundaries and allegiances: Problems of justice and responsibility in liberal thought. New York, NY: Oxford University Press, pp. 48-49.See Heyd, op. cit. note 4, p. 59. In a similar manner, Jodi Dean defends a 'reflective' understanding of solidarity. See Dean, op. cit. note 15. Avery Kolers highlights this aspect as well, as he understands solidarity - as distinguished from loyalty - to be primarily based on a reason, not on a prior connection to a group. See Kolers, op. cit. note 5, p. 44 ff.Problematic examples may be those where the common commitment itself is exclusionary. While anyone may join the cause of suffragettes and suffragists, tax resisters, guerrilla gardeners, or dadaists, specific groups are excluded in the very content of the ideologies that unite White supremacists, sexists, etc.WHO. (2016). Fact sheet: Universal health coverage (UHC). Retrieved from http://www.who.int/mediacentre/factsheets/fs395/en/. Accessed on March 6, 2018.See e.g. Borner, S. (2013). Belonging, solidarity and expansion in social policy. Basingstoke, Hampshire, UK: Palgrave Macmillan, p. 35 ff. and Weale, A. (1990). Equality, social solidarity, and the welfare state. Ethics, 100, 473-488.

In many cases, this form of insurance solidarity, however, is far from being universal. If individuals are granted the opportunity to opt out of insurance schemes that host high-cost risks, thereby reducing their own fees as well as the socially available funds for redistribution, there is no solidarity in a comprehensive sense but rather solidarity within coexisting social groups.For a systematic account of solidarity with regard to its relation to health care, see Jaeggi, R. (2011). Solidarity and indifference. In R. ter Meulen, W. Arts, & R. Muffels (Eds.), Solidarity in health and social care in Europe (pp. 287-308). Dordrecht, The Netherlands: Kluwer Academic.There is a general problem concerning the term 'universal' in this context, as the universalism of moral theory is contradicted by the localism of its implementation in national health systems. Even though quite a number of moral demands are spelled out in universal terms, the moral claim to health is primarily implemented through the rights of citizens or residents of nation states. Thus, one could object that all existing health systems are partial toward the members of specific societies, and that they may be regarded to be morally based in national solidarity. The recognition of a universal demand to health is not exhausted in the protection and promotion of health of citizens of a particular state but would require the consideration of any moral subject. I will widely bypass this fundamental complexity that affects all theories of political justice and focus on universal health-related moral claims within given societies. The following section reconstructs the normative foundation of health systems by reference to a universal right to health as it is formulated in UN conventions, while its implementation is de facto translated to the fragmented responsibilities of nation states.This argument is also made by Heyd, op. cit. note 4, pp. 62-63.For institutional formulations - and interpretations of this right, see Committee on Economic, Social and Cultural Rights. (2000). Substantive issues arising in the implementation of the international covenant on economic, social and cultural rights. General comment No. 14. ""The right to the highest attainable standard of health."" Retrieved from http://www.refworld.org/docid/4538838d0.html. Accessed on March 6, 2018.On this argument, see Hessler, K., & Buchanan, A. (2002). Specifying the content of the human right to health care. In R. Rhodes, M. Battin, & A. Silvers (Eds.), Medicine and social justice: Essays on the distribution of health (pp. 84-101). New York, NY: Oxford University Press.See CESCR, op. cit. note 27, art. 12, sec 9.Daniels recognizes the need for this extension of his initial account. See Daniels, N. (2008). Just health. New York, NY: Cambridge University Press, pp. 2-3. On this topic, see also Wolff, J. (2012). The human right to health. New York, NY: W. W. Norton & Company, pp. 13-34. INTRODUCTION: FORGING 'SOLIDARITY' SOLIDARITY AS A MORAL IDEA Solidarity as a relation sui generis Solidarity as a form of communal obligation THE MORALS OF HEALTH CARE Solidarity and universal health care Health and human rights SOLIDARITY AND HEALTH POLICY The relationality of solidarity The importance of telling solidarity and justice apart CONFLICT OF INTEREST Footnotes Solidarity is commonly invoked in the justification of public health care.

This is understandable, as calls for and appeals to solidarity are effective in the mobilization of unison action and the willingness to incur sacrifices for others. However, the reference to solidarity as a moral notion requires caution, as there is no agreement on the meaning of solidarity. The article argues that the reference to solidarity as a normative notion is relevant to health-related moral claims, but that it does not provide a convincing foundation of claims to universal health care. References to universal solidarity obliterate an important distinction between those moral demands that are founded on principles like justice, recognition, or humanity, and those demands that stem from partisan relations in communities. While there is no 'separate essence' of solidarity that could be referred to in order to argue for the conceptual necessity of solidarity's partiality, some features may reasonably be stipulated as being essential to solidarity with a view to its systematic function within moral philosophy. The normative and motivational force of the ties invoked by solidarity is particularly relevant when basic moral demands are not met, and societies are in need of significant forms of communal relatedness.",wos,llm,1.000,unreviewed,,doi:10.1111/bioe.12444
discarded,A new insight into alumni satisfaction model for Islamic higher education institutions (IHEI),"Rafik, Abdur; Priyono, Anjar",2018,MANAGEMENT RESEARCH REVIEW,10.1108/MRR-01-2017-0005,https://www.webofscience.com/wos/woscc/full-record/WOS:000448129400004,off-topic-false-hit,"Purpose The purpose of this study is to explore and decompose a satisfaction model using alumni's perspective for Islamic-based higher education institutions (IHEI) with the antecedent of perceived quality and value and the consequence of loyalty.

Design/methodology/approach A study was used, using 44-item, a ten-point Likert-scale questionnaire administered to 360 alumni from various classes started from the 1970s till 2000s. Theoretical-based, national qualification framework of Indonesian higher education and management-based considerations were involved in developing a survey. Data were analyzed using partial least square-structural equation model and decomposed into strategic management map using importance-performance matrix analysis.

Findings The most important determinants of alumni satisfaction and loyalty in IHEI is the IHEI's ability to develop career capability through enriching knowledge. Moreover, the presence of good environment and Islamic value embodiment supporting learning programs on campus is the most significant trigger for the knowledge development.

Research limitations/implications The results were generated from a specific department. Additional studies are needed to test if the results are not department (institution)-specific.

Practical implications This study provides strategic directions for management to improve the critical aspects of the system by providing the inputs to the extent to which the service quality delivered may contribute to end-customers' satisfaction.

Originality/value It contributes to the literature on satisfaction and service quality issues by incorporating ideological aspect, by investigating the feasible model of customer satisfaction in the perspective of alumni for IHEI.",wos,llm,1.000,unreviewed,,doi:10.1108/mrr-01-2017-0005
discarded,The frame problem and the debate on human rationality in cognitive psychology: Standard rationality vs. Ecological rationality,"Ines Silenzi, Maria",2018,INTERDISCIPLINARIA,,https://www.webofscience.com/wos/woscc/full-record/WOS:000508111200012,off-topic-false-hit,"The frame problem (Mc Carthy & Hayes, 1969) arose within the field of Artificial Intelligence research, more precisely within the calculation of situations, as the problem about how to represent, in the most succinct way possible, the fact that in a particular situation most properties of objects remain the same or are not disturbed by the performance of a particular action. Despite its logical origin, it did not take long for this problem to be addressed by several philosophers becoming the subject of major discussions that still surround the frame problem. One of the key difficulties that this problem tries to solve is the so-called difficulty of the vastness of the infotmation: it would seem impossible to analyze each of the pieces of information from a vast set of information and evaluate, in each case, if it is or not relevant to carry out the task in question. Of course, exploring a vast amount of information with very limited cognitive and temporal resources is one of the main computational limitations that the frame problem must overcome.

Currently, the resolution of the frame problem has awakened a renewed interest in recent years, and its resolution has been taken up again. Proof of this is Fodor's (2000) treatment of the frame problem by criticizing some current strategies for its solution, such as the use of heuristics. The use of heuristics as strategies to explain cognitive processes is a subject of great relevance at present and especially of great interest in the area of psychology. Generally, the heuristics understood, prima facie, as practical rules that, with little information, offer reasonable solutions to problems or questions would solve the computational limitations of the frame problem by providing the computational processing sought. It must be considered that, as the difficulty of the vastness of information reflects, the determination of relevance is not computationally easy since it is necessary to evaluate large amounts of information and that is why the use of heuristics would appear as the main candidate to limit the computational load in the determination of relevance.

The problem is that there are two research programs that work on heuristics: the Heuristics and Biases program and the Heuristics Fast and Frugal program. In literature of the area, the rivalry between these programs with respect to the methodology and way of working is often highlighted, but also in terms of the scope and limits of the rationality that each of these programs postulates. More particularly, both programs have faced a great debate about human rationality, postulating different conceptions of rationality. Taking into account that it has been proposed to interpret the frame problem as a problem of rationality, the general objective of this paper is to investigate how the frame problem relates to such a debate on rationality; more specifically, it will be questioned which of these conceptions of rationality would be better articulated with the fundamental phenomenon of the frame problem

First, in this work we will analyze, the standard conception of rationality, considering some o the main criticisms that it has faced. These objections will allow us to introduce later the ecological conception of rationality postulated by the program of Fast and Frugal Heuristics. Finally, it will be evaluated which of these two concepts would be more linked to the fundamental phenomenon of the frame problem, in order to finally present the conclusions. We argue that the fundamental phenomenon of the frame problem is better articulated to an optimistic view of human rationality and it would be closer to the concept of ecological rationality proposed by the Heuristic Fast and Frugal program.",wos,llm,1.000,unreviewed,,hash:38c296188c43658d
