status,title,authors,year,venue,doi,url,tags,abstract,provider,decision_source,llm_confidence,llm_review_outcome,llm_change_direction
discarded,Basics of python programming: A quick guide for beginners,Mohbey K.K.,2023,Basics of Python Programming A Quick Guide for Beginners,10.2174/97898151796371230101,https://www.scopus.com/inward/record.uri?partnerID=HzOxMe3b&scp=85204226704&origin=inward,off-topic-false-hit; python-book; beginners,,scopus,llm,1.000,unreviewed,
discarded,A Feasibility Study on Learning of Object-Oriented Programming Based on Fairy Tales,Miura M.,2023,IFIP Advances in Information and Communication Technology,10.1007/978-3-031-43393-1_52,https://www.scopus.com/inward/record.uri?partnerID=HzOxMe3b&scp=85174483979&origin=inward,adjacent-subtopic; fairy-tales; oop-learning,,scopus,llm,0.760,unreviewed,
discarded,IDEAS FOR CREATING SIMPLE GAMES USING THE BUTTON COMPONENT TO INTRODUCE OBJECT - ORIENTED PROGRAMMING,Végh L.,2023,Elearning and Software for Education Conference,10.12753/2066-026X-23-005,https://www.scopus.com/inward/record.uri?partnerID=HzOxMe3b&scp=85218252995&origin=inward,adjacent-subtopic; simple-games; introducing-oop,,scopus,llm,0.820,unreviewed,
discarded,Mastering Scala: A Beginner's Guide,Uzayr S.B.,2023,Mastering Scala A Beginner S Guide,10.1201/9781003358527,https://www.scopus.com/inward/record.uri?partnerID=HzOxMe3b&scp=85174125946&origin=inward,off-topic-false-hit; scala-book; beginners-guide,,scopus,llm,1.000,unreviewed,
discarded,TypeScript Basics: Learn TypeScript from Scratch and Solidify Your Skills with Projects,Biswas N.,2023,Typescript Basics Learn Typescript from Scratch and Solidify Your Skills with Projects,10.1007/978-1-4842-9523-6,https://www.scopus.com/inward/record.uri?partnerID=HzOxMe3b&scp=105005018190&origin=inward,off-topic-false-hit; typescript-book; beginners,,scopus,llm,1.000,unreviewed,
discarded,Robot Operating System (ROS) for absolute beginners: Robotics programming made easy,Joseph L.,2022,Robot Operating System Ros for Absolute Beginners Robotics Programming Made Easy,10.1007/978-1-4842-7750-8,https://www.scopus.com/inward/record.uri?partnerID=HzOxMe3b&scp=85165697053&origin=inward,off-topic-false-hit; ros-book; beginners,,scopus,llm,1.000,unreviewed,
discarded,An Implementation of Java Programming Learning Assistant System Platform Using Node.js,Aung S.T.,2022,2022 10th International Conference on Information and Education Technology Iciet 2022,10.1109/ICIET55102.2022.9779047,https://www.scopus.com/inward/record.uri?partnerID=HzOxMe3b&scp=85132151304&origin=inward,adjacent-subtopic; assistant-system; nodejs-platform,,scopus,llm,0.840,unreviewed,
discarded,Python for Engineers and Scientists: Concepts and Applications,Nayak R.,2022,Python for Engineers and Scientists Concepts and Applications,10.1201/9781003219125,https://www.scopus.com/inward/record.uri?partnerID=HzOxMe3b&scp=85218039869&origin=inward,off-topic-false-hit; python-book; engineers-scientists,,scopus,llm,1.000,unreviewed,
discarded,Mastering Flutter: A Beginner’s Guide,Uzayr S.B.,2022,Mastering Flutter A Beginners Guide,10.1201/9781003299363,https://www.scopus.com/inward/record.uri?partnerID=HzOxMe3b&scp=85163533024&origin=inward,off-topic-false-hit; flutter-book; beginners-guide,,scopus,llm,1.000,unreviewed,
discarded,Beginning Rust: Get Started with Rust 2021 Edition,Milanesi C.,2022,Beginning Rust Get Started with Rust 2021 Edition,10.1007/978-1-4842-7208-4,https://www.scopus.com/inward/record.uri?partnerID=HzOxMe3b&scp=85162700982&origin=inward,off-topic-false-hit; rust-book; beginners,,scopus,llm,1.000,unreviewed,
discarded,Parallel Design Patterns vs Parallel Object Compositions. Two Proposals for Parallelization of the Divide & Conquer Technique,Rossainz-López M.,2021,European Modeling and Simulation Symposium Emss,10.46354/i3m.2021.emss.004,https://www.scopus.com/inward/record.uri?partnerID=HzOxMe3b&scp=85143159808&origin=inward,off-topic-false-hit; parallelization; object-compositions,,scopus,llm,1.000,unreviewed,
discarded,Design Patterns in Modern C++20: Reusable Approaches for Object-Oriented Software Design: Second Edition,Nesteruk D.,2021,Design Patterns in Modern C 20 Reusable Approaches for Object Oriented Software Design Second Edition,10.1007/978-1-4842-7295-4,https://www.scopus.com/inward/record.uri?partnerID=HzOxMe3b&scp=85152818990&origin=inward,off-topic-false-hit; design-patterns; c++20-book,,scopus,llm,1.000,unreviewed,
discarded,Image-to-Code: Assisting Engineering Students in Relating to OOP,Eden M.,2021,9th Research in Engineering Education Symposium and 32nd Australasian Association for Engineering Education Conference Rees Aaee 2021 Engineering Education Research Capability Development,10.52202/066488-0119,https://www.scopus.com/inward/record.uri?partnerID=HzOxMe3b&scp=85146119363&origin=inward,adjacent-subtopic; relating-to-oop; instructional-support,,scopus,llm,0.740,unreviewed,
discarded,The effect of turtle graphics approach on students' motivation to learn programming: A case study in a malaysian university,Bakar M.A.,2020,International Journal of Information and Education Technology,10.18178/ijiet.2020.10.4.1378,https://www.scopus.com/inward/record.uri?partnerID=HzOxMe3b&scp=85082537815&origin=inward,adjacent-subtopic; motivation; turtle-graphics,,scopus,llm,0.960,unreviewed,
discarded,Can programmers escape the gentle tyranny of call/return?,Weiher M.,2020,ACM International Conference Proceeding Series,10.1145/3397537.3397546,https://www.scopus.com/inward/record.uri?partnerID=HzOxMe3b&scp=85090111025&origin=inward,off-topic-false-hit; programming-language-theory; call-return,,scopus,llm,0.980,unreviewed,
discarded,Orbitize!: A Comprehensive Orbit-fitting Software Package for the High-contrast Imaging Community,Blunt S.,2020,Astronomical Journal,10.3847/1538-3881/ab6663,https://www.scopus.com/inward/record.uri?partnerID=HzOxMe3b&scp=85086517314&origin=inward,off-topic-false-hit; astronomy-software; orbit-fitting,,scopus,llm,1.000,unreviewed,
discarded,Modern C++ for Absolute Beginners: A Friendly Introduction to C++ Programming Language and C++11 to C++20 Standards,Dmitrovic S.,2020,Modern C for Absolute Beginners A Friendly Introduction to C Programming Language and C 11 to C 20 Standards,10.1007/978-1-4842-6047-0,https://www.scopus.com/inward/record.uri?partnerID=HzOxMe3b&scp=85162719674&origin=inward,off-topic-false-hit; c++-book; absolute-beginners,,scopus,llm,1.000,unreviewed,
kept,Thinking in imperative or objects? A study on how novice programmer thinks when it comes to designing an application,Sim ,2019,Tale 2019 2019 IEEE International Conference on Engineering Technology and Education,10.1109/TALE48000.2019.9225966,https://www.scopus.com/inward/record.uri?partnerID=HzOxMe3b&scp=85096522798&origin=inward,supports-claim; imperative-vs-objects-thinking; design-thinking,,scopus,llm,0.720,unreviewed,
discarded,Fostering the comprehension of the object-oriented programming paradigm by a virtual lab exercise,Thurner V.,2019,Proceedings of the 2019 5th Experiment at International Conference Exp at 2019,10.1109/EXPAT.2019.8876484,https://www.scopus.com/inward/record.uri?partnerID=HzOxMe3b&scp=85074349353&origin=inward,adjacent-subtopic; virtual-lab; oop-comprehension,,scopus,llm,0.800,unreviewed,
discarded,Towards a Mobile Serious Game for Learning Object Oriented Programming Paradigms,Lotfi E.,2019,Lecture Notes in Intelligent Transportation and Infrastructure,10.1007/978-3-030-11196-0_38,https://www.scopus.com/inward/record.uri?partnerID=HzOxMe3b&scp=85147801934&origin=inward,adjacent-subtopic; serious-game; oop-learning,,scopus,llm,0.830,unreviewed,
discarded,JCAB: Making Java class design easier for novice programmers,Liu Q.,2018,Proceedings Frontiers in Education Conference Fie,10.1109/FIE.2018.8658507,https://www.scopus.com/inward/record.uri?partnerID=HzOxMe3b&scp=85063494246&origin=inward,adjacent-subtopic; class-design-tool; novice-programmers,,scopus,llm,0.880,unreviewed,
discarded,On parallel software engineering education using python,Marowka A.,2018,Education and Information Technologies,10.1007/s10639-017-9607-0,https://www.scopus.com/inward/record.uri?partnerID=HzOxMe3b&scp=85018668324&origin=inward,adjacent-subtopic; parallel-software-engineering-education; python,,scopus,llm,0.980,unreviewed,
discarded,"Objective-C for Absolute Beginners: iPhone, iPad and Mac Programming Made Easy",Kaczmarek S.,2018,Objective C for Absolute Beginners Iphone Ipad and Mac Programming Made Easy,10.1007/978-1-4842-3429-7,https://www.scopus.com/inward/record.uri?partnerID=HzOxMe3b&scp=105011435605&origin=inward,off-topic-false-hit; objective-c-book; beginners,,scopus,llm,1.000,unreviewed,
discarded,Beginning Rust: From Novice to Professional,Milanesi C.,2018,Beginning Rust from Novice to Professional,10.1007/978-1-4842-3468-6,https://www.scopus.com/inward/record.uri?partnerID=HzOxMe3b&scp=85168922567&origin=inward,off-topic-false-hit; rust-book; novice-to-professional,,scopus,llm,1.000,unreviewed,
discarded,Introducing programming using “scratch” and “greenfoot”,Chandrashekar H.S.,2018,Journal of Engineering Education Transformations,10.16920/jeet/2018/v0i0/120957,https://www.scopus.com/inward/record.uri?partnerID=HzOxMe3b&scp=85058409092&origin=inward,adjacent-subtopic; scratch-greenfoot; introducing-programming,,scopus,llm,0.880,unreviewed,
discarded,BEGINNING: C# 7 Programming with Visual Studio® 2017,Perkins B.,2018,Beginning C 7 Programming with Visual Studio® 2017,,https://www.scopus.com/inward/record.uri?partnerID=HzOxMe3b&scp=85097328441&origin=inward,off-topic-false-hit; csharp-book; beginners,,scopus,llm,1.000,unreviewed,
discarded,"Extending the object-oriented notional machine notation with inheritance, polymorphism, and GUI events",Cuvic M.A.,2017,2017 40th International Convention on Information and Communication Technology Electronics and Microelectronics Mipro 2017 Proceedings,10.23919/MIPRO.2017.7973530,https://www.scopus.com/inward/record.uri?partnerID=HzOxMe3b&scp=85027684558&origin=inward,adjacent-subtopic; notional-machine; visualization,,scopus,llm,0.840,unreviewed,
discarded,Business programming with REXX: Bringing programming to business students,Gerger E.K.,2017,2017 8th International Conference on Information Intelligence Systems and Applications Iisa 2017,10.1109/IISA.2017.8316397,https://www.scopus.com/inward/record.uri?partnerID=HzOxMe3b&scp=85047934186&origin=inward,adjacent-subtopic; business-students; intro-programming,,scopus,llm,0.970,unreviewed,
discarded,Alice in Oman: A study on object-first approaches in computer science education,Hayat K.,2017,Education and Information Technologies,10.1007/s10639-016-9499-4,https://www.scopus.com/inward/record.uri?partnerID=HzOxMe3b&scp=85021264135&origin=inward,adjacent-subtopic; object-first; computer-science-education,,scopus,llm,0.740,unreviewed,
discarded,macOS programming for absolute beginners: Developing apps using Swift and Xcode,Wang W.,2017,Macos Programming for Absolute Beginners Developing Apps Using Swift and Xcode,10.1007/978-1-4842-2662-9,https://www.scopus.com/inward/record.uri?partnerID=HzOxMe3b&scp=105001659080&origin=inward,off-topic-false-hit; swift-book; beginners,,scopus,llm,1.000,unreviewed,
discarded,Odyssey of phoenix: A propriety game based learning game to learn object-oriented programming,Wong Y.S.,2017,Proceedings of the 11th European Conference on Games Based Learning Ecgbl 2017,,https://www.scopus.com/inward/record.uri?partnerID=HzOxMe3b&scp=85036470865&origin=inward,adjacent-subtopic; game-based-learning; oop,,scopus,llm,0.860,unreviewed,
discarded,Students’ Misconceptions and Other Difficulties in Introductory Programming,Yizhou Qian; James Daniel Lehman,2017,ACM Transactions on Computing Education,10.1145/3077618,https://openalex.org/W2766624855,adjacent-subtopic; review; introductory-programming-misconceptions,"Efforts to improve computer science education are underway, and teachers of computer science are challenged in introductory programming courses to help learners develop their understanding of programming and computer science. Identifying and addressing students’ misconceptions is a key part of a computer science teacher's competence. However, relevant research on this topic is not as fully developed in the computer science education field as it is in mathematics and science education. In this article, we first review relevant literature on general definitions of misconceptions and studies about students’ misconceptions and other difficulties in introductory programming. Next, we investigate the factors that contribute to the difficulties. Finally, strategies and tools to address difficulties including misconceptions are discussed. Based on the review of literature, we found that students exhibit various misconceptions and other difficulties in syntactic knowledge, conceptual knowledge, and strategic knowledge. These difficulties experienced by students are related to many factors including unfamiliarity of syntax, natural language, math knowledge, inaccurate mental models, lack of strategies, programming environments, and teachers’ knowledge and instruction. However, many sources of students’ difficulties have connections with students’ prior knowledge. To better understand and address students’ misconceptions and other difficulties, various instructional approaches and tools have been developed. Nevertheless, the dissemination of these approaches and tools has been limited. Thus, first, we suggest enhancing the dissemination of existing tools and approaches and investigating their long-term effects. Second, we recommend that computing education research move beyond documenting misconceptions to address the development of students’ (mis)conceptions by integrating conceptual change theories. Third, we believe that developing and enhancing instructors’ pedagogical content knowledge (PCK), including their knowledge of students’ misconceptions and ability to apply effective instructional approaches and tools to address students’ difficulties, is vital to the success of teaching introductory programming.",openalex,llm,0.900,unreviewed,
discarded,Logical foundations of object-oriented and frame-based languages,Michael Kifer; Georg Lausen; James C. Wu,1995,Journal of the ACM,10.1145/210332.210335,https://openalex.org/W2084130127,off-topic-false-hit; logic; object-oriented-languages,"We propose a novel formalism, calledFrame Logic(abbr., F-logic), that accounts in a clean and declarative fashion for most of the structural aspects of object-oriented and frame-based languages. These features include object identity, complex objects, inheritance, polymorphic types, query methods, encapsulation, and others. In a sense, F-logic stands in the same relationship to the object-oriented paradigm as classical predicate calculus stands to relational programming. F-logic has a model-theoretic semantics and a sound and complete resolution-based proof theory. A small number of fundamental concepts that come from object-oriented programming have direct representation in F-logic; other, secondary aspects of this paradigm are easily modeled as well. The paper also discusses semantic issues pertaining to programming with a deductive object-oriented language based on a subset of F-logic.",openalex,llm,1.000,unreviewed,
discarded,Object-Oriented Bayesian Networks,Daphne Koller; Avi Pfeffer,2013,arXiv (Cornell University),10.48550/arxiv.1302.1554,https://openalex.org/W1581645897,off-topic-false-hit; bayesian-networks; object-oriented,"Bayesian networks provide a modeling language and associated inference algorithm for stochastic domains. They have been successfully applied in a variety of medium-scale applications. However, when faced with a large complex domain, the task of modeling using Bayesian networks begins to resemble the task of programming using logical circuits. In this paper, we describe an object-oriented Bayesian network (OOBN) language, which allows complex domains to be described in terms of inter-related objects. We use a Bayesian network fragment to describe the probabilistic relations between the attributes of an object. These attributes can themselves be objects, providing a natural framework for encoding part-of hierarchies. Classes are used to provide a reusable probabilistic model which can be applied to multiple similar objects. Classes also support inheritance of model fragments from a class to a subclass, allowing the common aspects of related classes to be defined only once. Our language has clear declarative semantics: an OOBN can be interpreted as a stochastic functional program, so that it uniquely specifies a probabilistic model. We provide an inference algorithm for OOBNs, and show that much of the structural information encoded by an OOBN--particularly the encapsulation of variables within an object and the reuse of model fragments in different contexts--can also be used to speed up the inference process.",openalex,llm,1.000,unreviewed,
discarded,Counterfeit Object-oriented Programming: On the Difficulty of Preventing Code Reuse Attacks in C++ Applications,Félix Schuster; Thomas Tendyck; Christopher Liebchen; Lucas Davi; Ahmad‐Reza Sadeghi; Thorsten Holz,2015,,10.1109/sp.2015.51,https://openalex.org/W1538332098,off-topic-false-hit; security; code-reuse-attacks,"Code reuse attacks such as return-oriented programming (ROP) have become prevalent techniques to exploit memory corruption vulnerabilities in software programs. A variety of corresponding defenses has been proposed, of which some have already been successfully bypassed -- and the arms race continues. In this paper, we perform a systematic assessment of recently proposed CFI solutions and other defenses against code reuse attacks in the context of C++. We demonstrate that many of these defenses that do not consider object-oriented C++ semantics precisely can be generically bypassed in practice. Our novel attack technique, denoted as counterfeit object-oriented programming (COOP), induces malicious program behavior by only invoking chains of existing C++ virtual functions in a program through corresponding existing call sites. COOP is Turing complete in realistic attack scenarios and we show its viability by developing sophisticated, real-world exploits for Internet Explorer 10 on Windows and Fire fox 36 on Linux. Moreover, we show that even recently proposed defenses (CPS, T-VIP, vfGuard, and VTint) that specifically target C++ are vulnerable to COOP. We observe that constructing defenses resilient to COOP that do not require access to source code seems to be challenging. We believe that our investigation and results are helpful contributions to the design and implementation of future defenses against control flow hijacking attacks.",openalex,llm,1.000,unreviewed,
discarded,Concepts and paradigms of object-oriented programming,Peter Wegner,1990,ACM SIGPLAN OOPS Messenger,10.1145/382192.383004,https://openalex.org/W2012408028,off-topic-false-hit; oop-concepts; theory,"We address the following questions for object-oriented programming: What is it? What are its goals? What are its origins? What are its paradigms? What are its design alternatives? What are its models of concurrency? What are its formal computational models? What comes after object-oriented programming? Starting from software engineering goals, we examine the origins and paradigms of object-oriented programming, explore its language design alternatives, consider its models of concurrency, and review its mathematical models to make them accessible to nonmathematical readers. Finally, we briefly speculate on what may come after object-oriented programming and conclude that it is a robust component-based modeling paradigm that is both effective and fundamental. This paper expands on the OOPSLA 89 keynote talk.",openalex,llm,0.970,unreviewed,
kept,A comparison of the comprehension of object-oriented and procedural programs by novice programmers,Susan Wiedenbeck; V. Ramalingam; Suseela T. Sarasamma; CynthiaL Corritore,1999,Interacting with Computers,10.1016/s0953-5438(98)00029-0,https://openalex.org/W2057136105,qualifies-claim; oo-vs-procedural; program-comprehension; comprehension,"This paper reports on two experiments comparing mental representations and program comprehension by novices in the object-oriented and procedural styles. The subjects were novice programmers enrolled in a second course in programming which taught either the object-oriented or the procedural paradigm. The first experiment compared the mental representations and comprehension of short programs written in the procedural and object-oriented styles. The second experiment extended the study to a larger program incorporating more advanced language features. For the short programs there was no significant difference between the two groups with respect to the total number of questions answered correctly, but the object-oriented subjects were superior to the procedural subjects at answering questions about program function. This suggests that function information was more readily available in their mental representations of the programs and supports an argument that the object-oriented notation highlights function at the level of the individual class. For the long program a corresponding effect was not found. The comprehension of procedural subjects was superior to object-oriented subjects on all types of question. The difficulties experienced by the object-oriented subjects in answering questions in a larger program suggest that they faced problems in marshaling information and drawing inferences from it. We suggest that this result may be related to a longer learning curve for novices of the object-oriented style, as well as to features of the OO style and the particular OO language notation.",openalex,llm_reviewed,0.980,confirmed,
