status,title,authors,year,venue,doi,url,tags,abstract,provider,decision_source,llm_confidence,llm_review_outcome,llm_change_direction,paper_id
discarded,KiSThelP: A program to predict thermodynamic properties and rate constants from quantum chemistry results†,Sébastien Canneaux; Frédéric Bohr; Éric Hénon,2013,Journal of Computational Chemistry,10.1002/jcc.23470,https://openalex.org/W2109492863,off-topic-false-hit,"Kinetic and Statistical Thermodynamical Package (KiSThelP) is a cross-platform free open-source program developed to estimate molecular and reaction properties from electronic structure data. To date, three computational chemistry software formats are supported (Gaussian, GAMESS, and NWChem). Some key features are: gas-phase molecular thermodynamic properties (offering hindered rotor treatment), thermal equilibrium constants, transition state theory rate coefficients (transition state theory (TST), variational transition state theory (VTST)) including one-dimensional (1D) tunnelling effects (Wigner, and Eckart) and Rice-Ramsperger-Kassel-Marcus (RRKM) rate constants, for elementary reactions with well-defined barriers. KiSThelP is intended as a working tool both for the general public and also for more expert users. It provides graphical front-end capabilities designed to facilitate calculations and interpreting results. KiSThelP enables to change input data and simulation parameters directly through the graphical user interface and to visually probe how it affects results. Users can access results in the form of graphs and tables. The graphical tool offers customizing of 2D plots, exporting images and data files. These features make this program also well-suited to support and enhance students learning and can serve as a very attractive courseware, taking the teaching content directly from results in molecular and kinetic modelling.",openalex,llm,1.000,unreviewed,,doi:10.1002/jcc.23470
discarded,Sex and gender differences in developmental programming of metabolism,Laura Dearden; Sébastien G. Bouret; Susan Elizabeth Ozanne,2018,Molecular Metabolism,10.1016/j.molmet.2018.04.007,https://openalex.org/W2802890706,off-topic-false-hit,"BACKGROUND: The early life environment experienced by an individual in utero and during the neonatal period is a major factor in shaping later life disease risk-including susceptibility to develop obesity, diabetes, and cardiovascular disease. The incidence of metabolic disease is different between males and females. How the early life environment may underlie these sex differences is an area of active investigation. SCOPE OF REVIEW: The purpose of this review is to summarize our current understanding of how the early life environment influences metabolic disease risk in a sex specific manner. We also discuss the possible mechanisms responsible for mediating these sexually dimorphic effects and highlight the results of recent intervention studies in animal models. MAJOR CONCLUSIONS: Exposure to states of both under- and over-nutrition during early life predisposes both sexes to develop metabolic disease. Females seem particularly susceptible to develop increased adiposity and disrupted glucose homeostasis as a result of exposure to in utero undernutrition or high sugar environments, respectively. The male placenta is particularly vulnerable to damage by adverse nutritional states and this may underlie some of the metabolic phenotypes observed in adulthood. More studies investigating both sexes are needed to understand how changes to the early life environment impact differently on the long-term health of male and female individuals.",openalex,llm,1.000,unreviewed,,doi:10.1016/j.molmet.2018.04.007
discarded,Novel subgroups of adult-onset diabetes and their association with outcomes: a data-driven cluster analysis of six variables,Emma Ahlqvist; Petter Storm; Annemari Käräjämäki; Mats Martinell; Mozhgan Dorkhan; Annelie K. Carlsson; Petter J Vikman; Rashmi B. Prasad; Dina Mansour Aly; Peter Almgren; Ylva Wessman; Nael Shaat; Peter Spégel; Hindrik Mulder; Eero Lindholm; Olle Melander; Ola Hansson; Ulf P. Malmqvist; Åke Lernmark; Kaj Lahti; Tom J Forsén; Jaakko Tuomilehto; Anders H. Rosengren; Leif Groop,2018,The Lancet Diabetes & Endocrinology,10.1016/s2213-8587(18)30051-2,https://openalex.org/W2790501791,off-topic-false-hit,"Background Diabetes is presently classified into two main forms, type 1 and type 2 diabetes, but type 2 diabetes in particular is highly heterogeneous. A refined classification could provide a powerful tool to individualise treatment regimens and identify individuals with increased risk of complications at diagnosis.

Methods We did data-driven cluster analysis (k-means and hierarchical clustering) in patients with newly diagnosed diabetes (n=8980) from the Swedish All New Diabetics in Scania cohort. Clusters were based on six variables (glutamate decarboxylase antibodies, age at diagnosis, BMI, HbA(1c), and homoeostatic model assessment 2 estimates of beta-cell function and insulin resistance), and were related to prospective data from patient records on development of complications and prescription of medication. Replication was done in three independent cohorts: the Scania Diabetes Registry (n=1466), All New Diabetics in Uppsala (n=844), and Diabetes Registry Vaasa (n=3485). Cox regression and logistic regression were used to compare time to medication, time to reaching the treatment goal, and risk of diabetic complications and genetic associations.

Findings We identified five replicable clusters of patients with diabetes, which had significantly different patient characteristics and risk of diabetic complications. In particular, individuals in cluster 3 (most resistant to insulin) had significantly higher risk of diabetic kidney disease than individuals in clusters 4 and 5, but had been prescribed similar diabetes treatment. Cluster 2 (insulin deficient) had the highest risk of retinopathy. In support of the clustering, genetic associations in the clusters differed from those seen in traditional type 2 diabetes.

Interpretation We stratified patients into five subgroups with differing disease progression and risk of diabetic complications. This new substratification might eventually help to tailor and target early treatment to patients who would benefit most, thereby representing a first step towards precision medicine in diabetes.",openalex,llm,1.000,unreviewed,,doi:10.1016/s2213-8587(18)30051-2
discarded,A Beginner's Guide to Structural Equation Modeling,Randall E. Schumacker; Tiffany A. Whittaker,2015,,10.4324/9781003640219,https://openalex.org/W1836311887,off-topic-false-hit,"Noted for its crystal clear explanations, this book is considered the most comprehensive introductory text to structural equation modeling (SEM). Noted for its thorough review of basic concepts and a wide variety of models, this book better prepares readers to apply SEM to a variety of research questions. Programming details and the use of algebra are kept to a minimum to help readers easily grasp the concepts so they can conduct their own analysis and critique related research. Featuring a greater emphasis on statistical power and model validation than other texts, each chapter features key concepts, examples from various disciplines, tables and figures, a summary, and exercises. Highlights of the extensively revised 4th edition include: -Uses different SEM software (not just Lisrel) including Amos, EQS, LISREL, Mplus, and R to demonstrate applications. -Detailed introduction to the statistical methods related to SEM including correlation, regression, and factor analysis to maximize understanding (Chs. 1 – 6). -The 5 step approach to modeling data (specification, identification, estimation, testing, and modification) is now covered in more detail and prior to the modeling chapters to provide a more coherent view of how to create models and interpret results (ch. 7). -More discussion of hypothesis testing, power, sampling, effect sizes, and model fit, critical topics for beginning modelers (ch. 7). - Each model chapter now focuses on one technique to enhance understanding by providing more description, assumptions, and interpretation of results, and an exercise related to analysis and output (Chs. 8 -15). -The use of SPSS AMOS diagrams to describe the theoretical models. -The key features of each of the software packages (Ch. 1). -Guidelines for reporting SEM research (Ch. 16). -www.routledge.com/9781138811935 which provides access to data sets that can be used with any program, links to other SEM examples, related readings, and journal articles, and more. Reorganized, the new edition begins with a more detailed introduction to SEM including the various software packages available, followed by chapters on data entry and editing, and correlation which is critical to understanding how missing data, non-normality, measurement, and restriction of range in scores affects SEM analysis. Multiple regression, path, and factor models are then reviewed and exploratory and confirmatory factor analysis is introduced. These chapters demonstrate how observed variables share variance in defining a latent variables and introduce how measurement error can be removed from observed variables. Chapter 7 details the 5 SEM modeling steps including model specification, identification, estimation, testing, and modification along with a discussion of hypothesis testing and the related issues of power, and sample and effect sizes.Chapters 8 to 15 provide comprehensive introductions to different SEM models including Multiple Group, Second-Order CFA, Dynamic Factor, Multiple-Indicator Multiple-Cause, Mixed Variable and Mixture, Multi-Level, Latent Growth, and SEM Interaction Models. Each of the 5 SEM modeling steps is explained for each model along with an application. Chapter exercises provide practice with and enhance understanding of the analysis of each model. The book concludes with a review of SEM guidelines for reporting research. Designed for introductory graduate courses in structural equation modeling, factor analysis, advanced, multivariate, or applied statistics, quantitative techniques, or statistics II taught in psychology, education, business, and the social and healthcare sciences, this practical book also appeals to researchers in these disciplines. Prerequisites include an introduction to intermediate statistics that covers correlation and regression principles.",openalex,llm,1.000,unreviewed,,doi:10.4324/9781003640219
discarded,On blockchain and its integration with IoT. Challenges and opportunities,Ana Reyna; Cristian Martín; Jaime Chen; Enrique Soler; Manuel Díáz,2018,Future Generation Computer Systems,10.1016/j.future.2018.05.046,https://openalex.org/W2803371618,off-topic-false-hit,"In the Internet of Things (IoT) vision, conventional devices become smart and autonomous. This vision is turning into a reality thanks to advances in technology, but there are still challenges to address, particularly in the security domain e.g., data reliability. Taking into account the predicted evolution of the IoT in the coming years, it is necessary to provide confidence in this huge incoming information source. Blockchain has emerged as a key technology that will transform the way in which we share information. Building trust in distributed environments without the need for authorities is a technological advance that has the potential to change many industries, the IoT among them. Disruptive technologies such as big data and cloud computing have been leveraged by IoT to overcome its limitations since its conception, and we think blockchain will be one of the next ones. This paper focuses on this relationship, investigates challenges in blockchain IoT applications, and surveys the most relevant work in order to analyze how blockchain could potentially improve the IoT.",openalex,llm,1.000,unreviewed,,doi:10.1016/j.future.2018.05.046
discarded,"Sex differences in metabolic homeostasis, diabetes, and obesity",Franck Mauvais‐Jarvis,2015,Biology of Sex Differences,10.1186/s13293-015-0033-y,https://openalex.org/W1783727169,off-topic-false-hit,"There are fundamental aspects of the control of metabolic homeostasis that are regulated differently in males and females. This sex asymmetry represents an evolutionary paradigm for females to resist the loss of energy stores. This perspective discusses the most fundamental sex differences in metabolic homeostasis, diabetes, and obesity. Together, the role of genetic sex, the programming effect of testosterone in the prenatal period in males, and the activational role of sex hormones at puberty produce two different biological systems in males and females that need to be studied separately. These sex-specific differences in energy homeostasis and metabolic dysfunction represent an untested source of factors that can be harnessed to develop relevant sex-based therapeutic avenues for diabetes, metabolic syndrome, and obesity.",openalex,llm,1.000,unreviewed,,doi:10.1186/s13293-015-0033-y
discarded,DNA methylation differences after exposure to prenatal famine are common and timing- and sex-specific,Elmar W. Tobi; Lambert H. Lumey; Rudolf P. Talens; Dennis Kremer; Hein Putter; Aryeh D. Stein; P. Eline Slagboom; Bastiaan T. Heijmans,2009,Human Molecular Genetics,10.1093/hmg/ddp353,https://openalex.org/W2167015768,off-topic-false-hit,"Prenatal famine in humans has been associated with various later-life consequences, depending on the gestational timing of the insult and the sex of the exposed individual. Epigenetic mechanisms have been proposed to underlie these associations. Indeed, animal studies and our early human data on the imprinted IGF2 locus indicated a link between prenatal nutritional and DNA methylation. However, it remains unclear how common changes in DNA methylation are and whether they are sex- and timing-specific paralleling the later-life consequences of prenatal famine exposure. To this end, we investigated the methylation of 15 loci implicated in growth and metabolic disease in individuals who were prenatally exposed to a war-time famine in 1944-45. Methylation of INSIGF was lower among individuals who were periconceptionally exposed to the famine (n = 60) compared with their unexposed same-sex siblings (P = 2 x 10(-5)), whereas methylation of IL10, LEP, ABCA1, GNASAS and MEG3 was higher (all P < 10(-3)). A significant interaction with sex was observed for INSIGF, LEP and GNASAS. Next, methylation of eight representative loci was compared between 62 individuals exposed late in gestation and their unexposed siblings. Methylation was different for GNASAS (P = 1.1 x 10(-7)) and, in men, LEP (P = 0.017). Our data indicate that persistent changes in DNA methylation may be a common consequence of prenatal famine exposure and that these changes depend on the sex of the exposed individual and the gestational timing of the exposure.",openalex,llm,1.000,unreviewed,,doi:10.1093/hmg/ddp353
discarded,Regulation of the Immune Response by TGF-β: From Conception to Autoimmunity and Infection,Shomyseh Sanjabi; Soyoung A. Oh; Ming O. Li,2017,Cold Spring Harbor Perspectives in Biology,10.1101/cshperspect.a022236,https://openalex.org/W2574998181,off-topic-false-hit,"Transforming growth factor b (TGF-b) is a pleiotropic cytokine involved in both suppressive and inflammatory immune responses.After 30 years of intense study, we have only begun to elucidate how TGF-b alters immunity under various conditions.Under steady-state conditions, TGF-b regulates thymic T-cell selection and maintains homeostasis of the naı ¨ve T-cell pool.TGF-b inhibits cytotoxic T lymphocyte (CTL), Th1-, and Th2-cell differentiation while promoting peripheral ( p)Treg-, Th17-, Th9-, and Tfh-cell generation, and T-cell tissue residence in response to immune challenges.Similarly, TGF-b controls the proliferation, survival, activation, and differentiation of B cells, as well as the development and functions of innate cells, including natural killer (NK) cells, macrophages, dendritic cells, and granulocytes.Collectively, TGF-b plays a pivotal role in maintaining peripheral tolerance against self-and innocuous antigens, such as food, commensal bacteria, and fetal alloantigens, and in controlling immune responses to pathogens.I n mammals, the innate and adaptive arms of the immune system orchestrate host -defense and inflammatory responses.For example, leukocytes of the myeloid cell lineage use germlineencoded receptors to detect conserved molecular patterns associated with pathogens, which allows them to alert and activate the rest of the immune system, including adaptive immunity.Alternatively, lymphocytes of the adaptive immune system express antigen-specific receptors that distinguish small differences in macromolecules and establish long-term immunity by forming immunological memory.The coupling of these innate and adaptive recognition pathways, and their precise modes of communication provide a robust mechanism that stimulates immunity and protects the host against pathogens.Nevertheless, the immune system tolerates antigens originating from self-, commensal organisms, and the allogeneic fetus.By maintaining this balance between immunity and tolerance, the immune system can promote the physiological well-being of an individual.A pivotal and pleiotropic regulator of immune responses is transforming growth factor b (TGF-b), which was first reported to control 4 These authors contributed equally to this work.",openalex,llm,1.000,unreviewed,,doi:10.1101/cshperspect.a022236
discarded,How Well Do Multiple Choice Tests Evaluate Student Understanding in Computer Programming Classes,William L. Kuechler Jr.; Mark Simkin,2003,Journal of the Association for Information Systems,,https://openalex.org/W2913195549,adjacent-subtopic,"Despite the wide diversity of formats with which to construct class examinations, there are many reasons why both university students and instructors prefer multiple-choice tests over other types of exam questions. The purpose of the present study was to examine this multiple-choice/constructed-response debate within the context of teaching computer programming classes. This paper reports the analysis of over 150 test scores of students who were given both multiple-choice and short-answer questions on the same midterm examination. We found that, while student performance on these different types of questions was statistically correlated, the scores on the coding questions explained less than half the variability in the scores on the multiple choice questions. Gender, graduate status, and university major were not significant. This paper also provides some caveats in interpreting our results, suggests some extensions to the present work, and perhaps most importantly in light of the uncovered weak statistical relationship, addresses the question of whether multiple-choice tests are “good enough.”",openalex,llm,0.970,unreviewed,,hash:b3c907f174e30c41
discarded,Fat and female fecundity: prospective study of effect of body fat distribution on conception rates.,Boukje M. Zaadstra; Jacob C. Seidell; P A van Noord; Egbert R. te Velde; J. Dik F. Habbema; Baukje Vrieswijk; Jan Karbaat,1993,BMJ,10.1136/bmj.306.6876.484,https://openalex.org/W2138987454,off-topic-false-hit,"OBJECTIVES: To study the effect of body fat distribution in women of reproductive age on fecundity. DESIGN: Prospective cohort study of all women who had entered a donor insemination programme. SETTING: One fertility clinic serving a large part of the midwest of the Netherlands. SUBJECTS: Of 542 women attending the clinic for artificial insemination for the first time, 500 women were eligible for study. MAIN OUTCOME MEASURES: Probability of conception per cycle and number of insemination cycles before pregnancy or stopping treatment. RESULTS: A 0.1 unit increase in waist-hip ratio led to a 30% decrease in probability of conception per cycle (hazard ratio 0.706; 95% confidence interval 0.562 to 0.887) after adjustment for age, fatness, reasons for artificial insemination, cycle length and regularity, smoking, and parity. Increasing age was significantly related to lower fecundity (p < 0.05); very lean and obese women were less likely to conceive (p < 0.10) as were women with subfertile partners (p < 0.10). All other exposure variables were not significantly related to fecundity. CONCLUSIONS: Increasing waist-hip ratio is negatively associated with the probability of conception per cycle, before and after adjustment for confounding factors. Body fat distribution in women of reproductive age seems to have more impact on fertility than age or obesity.",openalex,llm,1.000,unreviewed,,doi:10.1136/bmj.306.6876.484
