status,title,authors,year,venue,doi,url,tags,abstract,provider,decision_source,llm_confidence,llm_review_outcome,llm_change_direction
discarded,Ethics of AI in Education: Towards a Community-Wide Framework,W. Holmes; Kaśka Porayska‐Pomsta; Ken Holstein; Emma Sutherland; Toby T. Baker; Simon Buckingham Shum; Olga C. Santos; Ma. Mercedes T. Rodrigo; Mutlu Cukurova; Ig Ibert Bittencourt; Kenneth R. Koedinger,2021,International Journal of Artificial Intelligence in Education,10.1007/s40593-021-00239-1,https://openalex.org/W3155263273,off-topic-false-hit; ai-education-ethics,"While Artificial Intelligence in Education (AIED) research has at its core the desire to support student learning, experience from other AI domains suggest that such ethical intentions are not by themselves sufficient. There is also the need to consider explicitly issues such as fairness, accountability, transparency, bias, autonomy, agency, and inclusion. At a more general level, there is also a need to differentiate between doing ethical things and doing things ethically , to understand and to make pedagogical choices that are ethical, and to account for the ever-present possibility of unintended consequences. However, addressing these and related questions is far from trivial. As a first step towards addressing this critical gap, we invited 60 of the AIED community’s leading researchers to respond to a survey of questions about ethics and the application of AI in educational contexts. In this paper, we first introduce issues around the ethics of AI in education. Next, we summarise the contributions of the 17 respondents, and discuss the complex issues that they raised. Specific outcomes include the recognition that most AIED researchers are not trained to tackle the emerging ethical questions. A well-designed framework for engaging with ethics of AIED that combined a multidisciplinary approach and a set of robust guidelines seems vital in this context.",openalex,llm,0.990,unreviewed,
discarded,Encapsulation of parallelism in the Volcano query processing system,Goetz Graefe,1990,,10.1145/93597.98720,https://openalex.org/W2126583885,off-topic-false-hit; database-parallelism-encapsulation,"Volcano is a new dataflow query processing system we have developed for database systems research and education. The uniform interface between operators makes Volcano extensible by new operators. All operators are designed and coded as if they were meant for a single-process system only. When attempting to parallelize Volcano, we had to choose between two models of parallelization, called here the bracket and operator models. We describe the reasons for not choosing the bracket model, introduce the novel operator model, and provide details of Volcano's exchange operator that parallelizes all other operators. It allows intra-operator parallelism on partitioned datasets and both vertical and horizontal inter-operator parallelism. The exchange operator encapsulates all parallelism issues and therefore makes implementation of parallel database algorithms significantly easier and more robust. Included in this encapsulation is the translation between demand-driven dataflow within processes and data-driven dataflow between processes. Since the interface between Volcano operators is similar to the one used in “real,” commercial systems, the techniques described here can be used to parallelize other query processing engines.",openalex,llm,0.990,unreviewed,
discarded,An empirical study of novice program comprehension in the imperative and object-oriented styles,V. Ramalingam; Susan Wiedenbeck,1997,,10.1145/266399.266411,https://openalex.org/W2093017147,adjacent-subtopic; program-comprehension; education,"The objective of this study was to determine whether the mental representation of object-oriented programs differs from imperative programs for novice programmers. In our study novices who had little or no previous programming experience studied and answered questions about three imperative and three object-oriented programs. The questions targeted information categories making up the program model and the domain model representations of the programs. It was found that there was a sharp contrast between the mental representations of the imperative and object-oriented programs. While the comprehension of the imperative programs was better overall than that of the object-oriented programs, the mental representations of the imperative programs focused on program-level knowledge. On the other hand, the mental representations of the objectoriented programs focused more strongly on domain-level knowledge. The results tend to support the view that language notations differ in how well they support the extraction of various kinds of information.",openalex,llm,0.880,unreviewed,
discarded,Transitioning to E-Learning during the COVID-19 pandemic: How have Higher Education Institutions responded to the challenge?,Darren Turnbull; Ritesh Chugh; Jo Luck,2021,Education and Information Technologies,10.1007/s10639-021-10633-w,https://openalex.org/W3176777483,off-topic-false-hit; e-learning,,openalex,llm,0.990,unreviewed,
discarded,OOFEM — an Object-oriented Simulation Tool for Advanced Modeling of Materials and Structures,B. Patzák,2012,Acta Polytechnica,10.14311/1678,https://openalex.org/W2561446551,adjacent-subtopic; simulation-tool,"The aim of this paper is to describe the object-oriented design of the finite element based simulation code. The overall, object-oriented structure is described, and the role of the fundamental classes is discussed. The paper discusses the advanced parallel, adaptive, and multiphysics capabilities of the OOFEM code, and illustrates them on the basis of selected examples.",openalex,llm,0.840,unreviewed,
discarded,Algebraic reasoning for object-oriented programming,Paulo Borba; Augusto Sampaio; Ana Cavalcanti; Márcio Cornélio,2004,Science of Computer Programming,10.1016/j.scico.2004.03.003,https://openalex.org/W2002295687,adjacent-subtopic; formal-reasoning,,openalex,llm,0.880,unreviewed,
discarded,Student understanding of object-oriented programming as expressed in concept maps,Kate Sanders; Jonas Boustedt; Anna Eckerdal; Robert McCartney; Jan Erik Moström; Lynda Thomas; Carol Zander,2008,,10.1145/1352135.1352251,https://openalex.org/W1991116808,adjacent-subtopic; education; students-dont-mention-encapsulation,"In this paper, we present the results of an experiment in which we sought to elicit students' understanding of object-oriented (OO) concepts using concept maps. Our analysis confirmed earlier research indicating that students do not have a firm grasp on the distinction between ""class"" and ""instance."" Unlike earlier research, we found that our students generally connect classes with both data and behavior. Students rarely included any mention of the hardware/software context of programs, their users, or their real-world domains. Students do mention inheritance, but not encapsulation or abstraction. And the picture they draw of OO is a static one: we found nothing that could be construed as referring to interaction among objects in a program. We then discuss the implications for teaching introductory OO programming.",openalex,llm,0.910,unreviewed,
discarded,Position paper: Moving task-based language teaching forward,Rod Ellis,2017,Language Teaching,10.1017/s0261444817000179,https://openalex.org/W2754116647,off-topic-false-hit; language-teaching; object-oriented-view,"The advocacy of task-based language teaching (TBLT) has met with resistance. The critiques of TBLT and the misconceptions that underlie them have already been addressed in Ellis (2009) and Long (2016). The purpose of this article is to move forward by examining a number of real problems that TBLT faces – such as how a ‘task’ should be defined, the nature and timing of the ‘focus-on-form’ required, how to determine task complexity and sequence tasks, the role of explicit instruction, the timing of focus on form and the teacher training needed to ensure effective uptake of TBLT – and to also consider what solutions are possible. Disagreements exist regarding the relative merits of task-based and task-supported language teaching. I will propose that a hybrid/modular syllabus that allows for a balance between an object-oriented and a tool-oriented view of language teaching offers the most promising way forward.",openalex,llm,0.990,unreviewed,
discarded,Computer Game as Learning and Teaching Tool for Object Oriented Programming in Higher Education Institution,Wong Yoke Seng; Maizatul Hayati Mohamad Yatim,2014,Procedia - Social and Behavioral Sciences,10.1016/j.sbspro.2014.01.1417,https://openalex.org/W2069281849,adjacent-subtopic; teaching; game-based-learning,"The purpose of this study is to identify and evaluate how the computer game could apply as a tool for teaching and learning object-oriented programming in higher education institution. Nowadays, computer games have widely applied in learning process due to the burgeoning computer use in the market. Therefore it is necessary to conduct a study on these matters to propose an efficient and effective educational computer game for higher institution learning and teaching process.",openalex,llm,0.900,unreviewed,
discarded,Insights into teaching quantum mechanics in secondary and lower undergraduate education,K. Krijtenburg-Lewerissa; Hendrik Jan Pol; Alexander Brinkman; Wouter van Joolingen,2017,Physical Review Physics Education Research,10.1103/physrevphyseducres.13.010109,https://openalex.org/W2588853009,off-topic-false-hit; physics-education,"This study presents a review of the current state of research on teaching quantum mechanics in secondary and lower undergraduate education. A conceptual approach to quantum mechanics is being implemented in more and more introductory physics courses around the world. Because of the differences between the conceptual nature of quantum mechanics and classical physics, research on misconceptions, testing, and teaching strategies for introductory quantum mechanics is needed. For this review, 74 articles were selected and analyzed for the misconceptions, research tools, teaching strategies, and multimedia applications investigated. Outcomes were categorized according to their contribution to the various subtopics of quantum mechanics. Analysis shows that students have difficulty relating quantum physics to physical reality. It also shows that the teaching of complex quantum behavior, such as time dependence, superposition, and the measurement problem, has barely been investigated for the secondary and lower undergraduate level. At the secondary school level, this article shows a need to investigate student difficulties concerning wave functions and potential wells. Investigation of research tools shows the necessity for the development of assessment tools for secondary and lower undergraduate education, which cover all major topics and are suitable for statistical analysis. Furthermore, this article shows the existence of very diverse ideas concerning teaching strategies for quantum mechanics and a lack of research into which strategies promote understanding. This article underlines the need for more empirical research into student difficulties, teaching strategies, activities, and research tools intended for a conceptual approach for quantum mechanics.",openalex,llm,0.990,unreviewed,
discarded,The Emerging Middle Class in Developing Countries,Homi Kharas,2010,OECD Development Centre working papers,10.1787/5kmmp8lncrns-en,https://openalex.org/W2139345294,off-topic-false-hit; economics,"The shift in global goods production towards Asia is well documented. But global consumer demand has so far been concentrated in the rich economies of the OECD. Will that also shift towards Asia as these countries get richer? This paper defines a global middle class as all those living in households with daily per capita incomes of between USD10 and USD100 in PPP terms. By combining household survey data with growth projections for 145 countries, it shows that Asia accounts for less than one-quarter of today’s middle class. By 2020, that share could double. More than half the world’s middle class could be in Asia and Asian consumers could account for over 40 per cent of global middle class consumption. This is because a large mass of Asian households have incomes today that position them just below the global middle class threshold and so increasingly large numbers of Asians are expected to become middle class in the next ten years. The paper explores how this can help sustain global growth in the medium term, driven by product differentiation, branding and marketing in the new growth markets of Asia.",openalex,llm,0.990,unreviewed,
discarded,GPT-3 vs Object Oriented Programming Assignments: An Experience Report,Bruno Pereira Cipriano; Pedro Alves,2023,,10.1145/3587102.3588814,https://openalex.org/W4382652859,adjacent-subtopic; education; llm-code-generation,"Recent studies show that AI-driven code generation tools, such as Large Language Models, are able to solve most of the problems usually presented in introductory programming classes. However, it is still unknown how they cope with Object Oriented Programming assignments, where the students are asked to design and implement several interrelated classes (either by composition or inheritance) that follow a set of best-practices. Since the majority of the exercises in these tools' training dataset are written in English, it is also unclear how well they function with exercises published in other languages.",openalex,llm,0.800,unreviewed,
discarded,Blended learning in higher education: Three different design approaches,Ali Alammary; Judy Sheard; Angela Carbone,2014,Australasian Journal of Educational Technology,10.14742/ajet.693,https://openalex.org/W1668326340,off-topic-false-hit; blended-learning,"Blended learning has been growing in popularity as it has proved to be an effective approach for accommodating an increasingly diverse student population whilst adding value to the learning environment through incorporation of online teaching resources. Despite this growing interest, there is ongoing debate about the definition of the concept of blended learning. As a result, teachers in higher education have developed different understandings of the term and different design approaches have evolved. Selecting the most appropriate design approach for a blended course is a major challenge for many teachers in higher education institutions who are new to the idea of blended learning. This paper aims to provide guidance to help teachers of traditional face-to-face courses in selecting the most appropriate approach to use when designing their blended courses. Firstly, it discusses the different definitions of the term blended learning and how they have resulted in a number of design approaches. It then classifies these approaches into: low-impact, medium-impact and high-impact blends according to the potential changes to the existing teaching program and student learning experience. Finally, it describes the benefits and the challenges of applying each approach and provides recommendations about when and how each approach should be used.",openalex,llm,0.990,unreviewed,
discarded,CasADi: a software framework for nonlinear optimization and optimal control,Joel A.E. Andersson; Joris Gillis; Greg Horn; James B. Rawlings; Moritz Diehl,2018,Mathematical Programming Computation,10.1007/s12532-018-0139-4,https://openalex.org/W2842089854,adjacent-subtopic; software-framework,,openalex,llm,0.900,unreviewed,
discarded,Review of Vocational Education - The Wolf Report,Alison Wolf,2011,Digital Education Resource Archive (University College London),,https://openalex.org/W2105334947,off-topic-false-hit; vocational-education,"In England, today, around two and a half million young people are aged 14 to 19. The vast majority are engaged full or part time in education and they are growing up in a world where long periods of study and formal credentials are the norm. Vocational education is an important part of that world. Most English young people now take some vocational courses before they are 16; and post-16 the majority follow courses which are largely or entirely vocational. This review considers how vocational education for 14- to 19-year-olds can be improved in order to promote successful progression into the labour market and into higher level education and training routes, and provides practical recommendations to help inform future policy direction, taking into account current financial constraints. The review has been informed by over 400 pieces of evidence from the public, a number of visits to colleges, academies and training providers, and interviews and discussion sessions with key partners in the sector. Underlying it are three very clear organising principles for reform: any young person’s programme of study, whether ‘academic’ or ‘vocational’, should provide for labour market and educational progress; provide people with accurate and useful information, so that they can make decisions accordingly; the system needs to be simplified dramatically, as a precondition for giving people good and accurate information, to free up resources for teaching and learning, and to encourage innovation and efficiency.",openalex,llm,0.990,unreviewed,
discarded,Medical education today: all that glitters is not gold,L. Maximilian Buja,2019,BMC Medical Education,10.1186/s12909-019-1535-9,https://openalex.org/W2944518496,off-topic-false-hit; medical-education,"BACKGROUND: The medical education system based on principles advocated by Flexner and Osler has produced generations of scientifically grounded and clinically skilled physicians whose collective experiences and contributions have served medicine and patients well. Yet sweeping changes launched around the turn of the millennium have constituted a revolution in medical education. In this article, a critique is presented of the new undergraduate medical education (UME) curricula in relationship to graduate medical education (GME) and clinical practice. DISCUSSION: Medical education has changed and will continue to change in response to scientific advances and societal needs. However, enthusiasm for reform needs to be tempered by a more measured approach to avoid unintended consequences. Movement from novice to master in medicine cannot be rushed. An argument is made for a shoring up of biomedical science in revised curricula with the beneficiaries being nascent practitioners, developing physician-scientists --and the public. CONCLUSION: Unless there is further modification, the new integrated curricula are at risk of produce graduates deficient in the characteristics that have set physicians apart from other healthcare professionals, namely high-level clinical expertise based on a deep grounding in biomedical science and understanding of the pathologic basis of disease. The challenges for education of the best possible physicians are great but the benefits to medicine and society are enormous.",openalex,llm,0.990,unreviewed,
discarded,Test‐enhanced learning in medical education,Douglas P. Larsen; Andrew C. Butler; Henry L. Roediger,2008,Medical Education,10.1111/j.1365-2923.2008.03124.x,https://openalex.org/W2152957004,off-topic-false-hit; medical-education,"CONTEXT: In education, tests are primarily used for assessment, thus permitting teachers to assess the efficacy of their curriculum and to assign grades. However, research in cognitive psychology has shown that tests can also directly affect learning by promoting better retention of information, a phenomenon known as the testing effect. COGNITIVE PSYCHOLOGY RESEARCH: Cognitive psychology laboratory studies show that repeated testing of information produces superior retention relative to repeated study, especially when testing is spaced out over time. Tests that require effortful retrieval of information, such as short-answer tests, promote better retention than tests that require recognition, such as multiple-choice tests. The mnemonic benefits of testing are further enhanced by feedback, which helps students to correct errors and confirm correct answers. APPLICATION TO MEDICAL EDUCATION: Medical educational research has focused extensively on assessment issues. Such assessment research permits the conclusion that clinical expertise is founded on a broad fund of knowledge and effective memory networks that allow easy access to that knowledge. Test-enhanced learning can potentially strengthen clinical knowledge that will lead to improved expertise. CONCLUSIONS: Tests should be given often and spaced out in time to promote better retention of information. Questions that require effortful recall produce the greatest gains in memory. Feedback is crucial to learning from tests. Test-enhanced learning may be an effective tool for medical educators to use in promoting retention of clinical knowledge.",openalex,llm,0.990,unreviewed,
