status,title,authors,year,venue,doi,url,tags,abstract,provider,decision_source,llm_confidence,llm_review_outcome,llm_change_direction
discarded,Data model issues for object-oriented applications,Jay Banerjee; Hong‐Tai Chou; Jorge F. Garza; Won Bae Kim; Darrell Woelk; Nat Ballou; Hyoung-Joo Kim,1987,ACM Transactions on Information Systems,10.1145/22890.22945,https://openalex.org/W2026735162,adjacent-subtopic; oodb,"Presented in this paper is the data model for ORION, a prototype database system that adds persistence and sharability to objects created and manipulated in object-oriented applications. The ORION data model consolidates and modifies a number of major concepts found in many object-oriented systems, such as objects, classes, class lattice, methods, and inheritance. These concepts are reviewed and three major enhancements to the conventional object-oriented data model, namely, schema evolution, composite objects, and versions, are elaborated upon. Schema evolution is the ability to dynamically make changes to the class definitions and the structure of the class lattice. Composite objects are recursive collections of exclusive components that are treated as units of storage, retrieval, and integrity enforcement. Versions are variations of the same object that are related by the history of their derivation. These enhancements are strongly motivated by the data management requirements of the ORION applications from the domains of artificial intelligence, computer-aided design and manufacturing, and office information systems with multimedia documents.",openalex,llm,0.860,unreviewed,
discarded,Heat Shock Protein A12B Protects Vascular Endothelial Cells Against Sepsis-Induced Acute Lung Injury in Mice,Yi Chen; Lei Wang; Qiuxiang Kang; Xu Zhang; Guifang Yu; Xiaojian Wan; Jiafeng Wang; Keming Zhu,2017,Cellular Physiology and Biochemistry,10.1159/000477308,https://openalex.org/W2620241325,off-topic-false-hit; medical-biology,"BACKGROUND: Pulmonary endothelial injury is a critical process in the pathogenesis of acute lung injury (ALI) during sepsis. Heat shock protein A12B (HSPA12B) is mainly expressed in endothelial cells and protects against several harmful factors. However, the effects of HSPA12B in sepsis-induced ALI and its potential mechanisms of action remain unclear. METHODS: For in vivo experiments, C57BL/6 mice were randomly divided into four groups (n=15): a sham operation group, a cecal ligation and puncture (CLP) group, a HSPA12B siRNA-CLP group and a negative control (NC) siRNA-CLP group. The mice were treated by nasal inhalation of 2-OMe-modified HSPA12B siRNA or NC siRNA. Sepsis was induced by CLP. Samples were harvested 24 and 48 hours post-CLP surgery. Pathological changes and scoring of lung tissue samples were monitored using hematoxylin and eosin staining. Levels of pro-inflammatory cytokines (e.g., interleukin (IL)-1β, tumor necrosis factor (TNF)-α, and IL-6) and myeloperoxidase activity in bronchoalveolar lavage fluid were analyzed by ELISA. Pulmonary edema was assessed using a wet-to-dry weight ratio. Neutrophils and alveolar macrophages were counted using flow cytometry. Pulmonary endothelial cell apoptosis was detected by TUNEL staining. Expression levels of MAPK family signaling molecules and caspase-3 were measured by Western blot analysis. In addition, 7-day survival was recorded. For in vitro experiments, human umbilical vein endothelial cells were pre-transfected with HSPA12B siRNA or pIRES2-EGFP-HSPA12B-Flag plasmid and treated with lipopolysaccharide; subsequently, the expression levels of MAPK family signaling molecules and caspase-3 were measured by Western blotting. RESULTS: Nasal inhalation of nano-polymer-encapsulated HSPA12B siRNA specifically downregulated mRNA and protein expression levels of HSPA12B in lung tissues. The administration of HSPA12B siRNA aggravated lung pathological injury, upregulated pro-inflammatory cytokine (e.g., IL-1β, TNF-α, and IL-6) expression, and increased myeloperoxidase activity, neutrophil infiltration, pulmonary edema, and pulmonary endothelial cell apoptosis. Additionally, HSPA12B knockdown worsened survival after CLP surgery. The potential protective mechanisms of HSPA12B may involve the inhibition of ERK phosphorylation and caspase-3 activation in vivo and in vitro. CONCLUSION: HSPA12B protected against sepsis-induced ALI. The potential mechanism may be partly due to the inhibition of ERK phosphorylation and caspase-3 activation. These findings provide a potential therapeutic target for treating sepsis.",openalex,llm,0.990,unreviewed,
kept,Concepts and paradigms of object-oriented programming,Peter Wegner,1990,ACM SIGPLAN OOPS Messenger,10.1145/382192.383004,https://openalex.org/W2012408028,supports-claim; origins; oop-paradigms; robust-paradigm,"We address the following questions for object-oriented programming: What is it? What are its goals? What are its origins? What are its paradigms? What are its design alternatives? What are its models of concurrency? What are its formal computational models? What comes after object-oriented programming? Starting from software engineering goals, we examine the origins and paradigms of object-oriented programming, explore its language design alternatives, consider its models of concurrency, and review its mathematical models to make them accessible to nonmathematical readers. Finally, we briefly speculate on what may come after object-oriented programming and conclude that it is a robust component-based modeling paradigm that is both effective and fundamental. This paper expands on the OOPSLA 89 keynote talk.",openalex,llm,0.920,unreviewed,
discarded,The Ponder Policy Specification Language,Nicodemos Damianou; Naranker Dulay; Emil Lupu; Morris Sloman,2001,Lecture notes in computer science,10.1007/3-540-44569-2_2,https://openalex.org/W2168884369,adjacent-subtopic; policy-language,,openalex,llm,0.770,unreviewed,
discarded,A systematic literature review: Refactoring for disclosing code smells in object oriented software,Satwinder Singh; Sharanpreet Kaur,2017,Ain Shams Engineering Journal,10.1016/j.asej.2017.03.002,https://openalex.org/W2601190106,adjacent-subtopic; systematic-review; code-smells,"Reusing a design pattern is not always in the favor of developers. Thus, the code starts smelling. The presence of “Code Smells” leads to more difficulties for the developers. This racket of code smells is sometimes called Anti-Patterns. The paper aimed at a systematic literature review of refactoring with respect to code smells. However the review of refactoring is done in general and the identification of code smells and anti-patterns is performed in depth. A systematic literature survey has been performed on 238 research items that includes articles from leading Conferences, Workshops and premier journals, theses of researchers and book chapters. Several data sets and tools for performing refactoring have been revealed under the specified research questions. The work done in the paper is an addition to prior systematic literature surveys. With the study of paper the attentiveness of readers about code smells and anti-patterns will be enhanced.",openalex,llm,0.850,unreviewed,
discarded,Object-Oriented Reengineering Patterns,"Serge Demeyer; Ducasse, Stéphane; Oscar Nierstrasz",2003,Elsevier eBooks,10.1016/b978-1-55860-639-5.x5000-7,https://openalex.org/W2121898992,adjacent-subtopic; reengineering-patterns,,openalex,llm,0.810,unreviewed,
discarded,Verification of Object-Oriented Programs with Invariants.,Mike Barnett; Robert DeLine; Manuel Fähndrich; K. Rustan M. Leino; Wolfram Schulte,2004,The Journal of Object Technology,10.5381/jot.2004.3.6.a2,https://openalex.org/W2151131364,adjacent-subtopic; verification; object-invariants,"An object invariant defines what it means for an object's data to be in a consistent state.Object invariants are central to the design and correctness of objectoriented programs.This paper defines a programming methodology for using object invariants.The methodology, which enriches a program's state space to express when each object invariant holds, deals with owned object components, ownership transfer, and subclassing, and is expressive enough to allow many interesting object-oriented programs to be specified and verified.Lending itself to sound modular verification, the methodology also provides a solution to the problem of determining what state a method is allowed to modify.",openalex,llm,0.970,unreviewed,
discarded,Ontological anthropology and the deferral of critique,Lucas Bessire; David Bond,2014,American Ethnologist,10.1111/amet.12083,https://openalex.org/W1840767353,off-topic-false-hit; anthropology,"ABSTRACT What does ontological anthropology promise, what does it presume, and how does it contribute to the formatting of life in our present? Drawing from our respective fieldwork on how Indigenous alterity is coenvisioned and how the lively materiality of hydrocarbons is recognized, we develop an ethnographic and theoretical critique of ontological anthropology. This essay, then, provides an empirical counterweight to what the ontological turn celebrates of Native worlds and what it rejects of modernity. In it, we examine the methodological and conceptual investments of ontological anthropology. The figure of the ontological as commonly invoked, we argue, often narrows the areas of legitimate concern and widens the scope of acceptable disregard within social research. We chart how this paradigm's analytical focus on the future redefines the coordinates of the political as well as anthropology's relation to critique. Finally, we formulate three conceptual theses that encapsulate our criticism and open this discussion to further debate.",openalex,llm,0.990,unreviewed,
discarded,On the diffuseness and the impact on maintainability of code smells: a large scale empirical investigation,Fabio Palomba; Gabriele Bavota; Massimiliano Di Penta; Fausto Fasano; Rocco Oliveto; Andrea De Lucia,2017,Empirical Software Engineering,10.1007/s10664-017-9535-z,https://openalex.org/W2742512005,adjacent-subtopic; code-smells; maintainability,"Code smells are symptoms of poor design and implementation choices that may hinder code comprehensibility and maintainability. Despite the effort devoted by the research community in studying code smells, the extent to which code smells in software systems affect software maintainability remains still unclear. In this paper we present a large scale empirical investigation on the diffuseness of code smells and their impact on code change- and fault-proneness. The study was conducted across a total of 395 releases of 30 open source projects and considering 17,350 manually validated instances of 13 different code smell kinds. The results show that smells characterized by long and/or complex code (e.g., Complex Class ) are highly diffused, and that smelly classes have a higher change- and fault-proneness than smell-free classes.",openalex,llm,0.840,unreviewed,
discarded,Understanding object-oriented: a unifying paradigm,Tim Korson; John D. McGregor,1990,Communications of the ACM,10.1145/83880.84459,https://openalex.org/W2056287941,adjacent-subtopic; oo-paradigm; software-lifecycle,"The need to develop and maintain large complex software systems in a competitive and dynamic environment has driven interest in new approaches to software design and development. The problems with the classical waterfall model have been cataloged in almost every software engineering text [19,23]. In response, alternative models such as the spiral [2], and fountain [9] have been proposed. Problems with traditional development using the classical life cycle include no iteration, no emphasis on reuse, and no unifying model to integrate the phases. The difference in point of view between following data flows in structured analysis and building hierarchies of tasks in structured design has always been a major problem [4]. Each system is built from scratch and maintenance costs account for a notoriously large share of total system costs. The object-oriented paradigm addresses each of these issues. A look at the object-oriented software life cycle, as described by Meyer [5], Coad and Yourdon [4], and Henderson-Sellers and Edwards [9], identifies the three traditional activities of analysis, design, and implementation. However, each of the referenced descriptions eliminates the distinct boundaries between the phases. The primary reason for this blurring of boundaries is that the items of interest in each phase are the same: objects. Objects and the relationships between objects are identified in both the analysis and design phases. Objects and relationships identified and documented in the analysis phase serve not only as input to the design phase, but as an initial layer in the design. This continuity provides for a much more seamless interface between the phases. Analysts, designers and programmers are working with a common set of items upon which to build. A second reason for the blurring of these boundaries is that the object-oriented development process is iterative. Henderson-Sellers and Edwards further refine this idea by replacing the waterfall model of software development with a fountain model. Development reaches a high level only to fall back to a previous level to begin the climb once again. As an example of the blurring of the traditional boundaries of the life cycle phases, Coad and Yourdon recommend that classification relationships between objects be captured and documented during the object-oriented analysis (OOA) phase. This classification will be directly reflected in the class inheritance structure developed in the design and in the code. This classification is in no way required in order to document the system requirements. In other words, Coad and Yourdon are recommending a traditional design activity in the analysis phase. The blurring of the traditional design and implementation phases has been fueled by the development of encapsulation and abstraction mechanisms in object-oriented and object-based languages. For example, Meyer claims [14] that Eiffel is both a design and an implementation language. He goes on to say that software design is sometimes mistakenly viewed as an activity totally secluded from actual implementation. From his point of view, much is to be gained from an approach that integrates both activities within the same conceptual framework. The object-oriented design paradigm is the next logical step in a progression that has led from a purely procedural approach to an object-based approach and now to the object-oriented approach. The progression has resulted from a gradual shift in point of view in the development process. The procedural design paradigm utilizes functional decomposition to specify the tasks to be completed in order to solve a problem. The object-based approach, typified by the techniques of Yourdon, Jackson and Booth, gives more attention to data specifications than the procedural approach but still utilizes functional decomposition to develop the architecture of a system. The object-oriented approach goes beyond the object-based technique in the emphasis given to data by utilizing the relationships between objects as a fundamental part of the system architecture. The goal in designing individual software components is to represent a concept in what will eventually be an executable form. The Abstract Data Type (ADT) is the object-based paradigm's technique for capturing this conceptual information. The class is the object-oriented paradigm's conceptual modeling tool. The design pieces resulting from the object-oriented design technique represent a tighter coupling of data and functionality than traditional ADTs. These artifacts of the design process used in conjunction with a modeling-based decomposition approach yield a paradigm, a technique, which is very natural and flexible. It is natural in the sense that the design pieces are closely identified with the real-world concepts which they model. It is flexible in the sense of quickly adapting to changes in the problem specifications. Object-oriented remains a term which is interpreted differently by different people. Before presenting an overview of a set of techniques for the design process, we will give our perspective so the reader may judge the techniques in terms of those definitions. Briefly, we adapt Wegner's [27] definition for object-oriented languages to object-oriented design. The pieces of the design are objects which are grouped into classes for specification purposes. In addition to traditional dependencies between data elements, an inheritance relation between classes is used to express specializations and generalizations of the concepts represented by the classes. As natural and flexible as the object-oriented technique is, it is still possible to produce a bad design when using it. We will consider a number of general design criteria and will discuss how the object-oriented approach assists the designer in meeting these criteria. We will refer to a number of design guidelines developed specifically for the object-oriented design paradigm and will discuss how these properties reinforce the concepts of good design. The paradigm sprang from language, has matured into design, and has recently moved into analysis. The blurring of boundaries between these phases has led us to include topics in this article that are outside the realm of design, but which we consider important to understanding the design process. Since the paradigm sprang from language, we define the concepts basic to object-oriented programming in the following section.",openalex,llm,0.770,unreviewed,
discarded,An object-oriented language-database integration model: The composition-filters approach,Mehmet Akşit; Lodewijk Bergmans; Sinan Vural,2006,Lecture notes in computer science,10.1007/bfb0053047,https://openalex.org/W2114696172,adjacent-subtopic; language-database-integration,,openalex,llm,0.790,unreviewed,
discarded,Fragmentation considered harmful,Christopher A. Kent; Jeffrey C. Mogul,1995,ACM SIGCOMM Computer Communication Review,10.1145/205447.205456,https://openalex.org/W2023366662,off-topic-false-hit; network-fragmentation,"Internetworks can be built from many different kinds of networks, with varying limits on maximum packet size. Throughput is usually maximized when the largest possible packet is sent; unfortunately, some routes can carry only very small packets. The IP protocol allows a gateway to fragment a packet if it is too large to be transmitted. Fragmentation is at best a necessary evil; it can lead to poor performance or complete communication failure. There are a variety of ways to reduce the likelihood of fragmentation; some can be incorporated into existing IP implementations without changes in protocol specifications. Others require new protocols, or modifications to existing protocols.",openalex,llm,1.000,unreviewed,
discarded,Design for testability in object-oriented systems,Robert V. Binder,1994,Communications of the ACM,10.1145/182987.184077,https://openalex.org/W1964497219,adjacent-subtopic; testability,Object-Oriented Systems estability is the relative ease and expense of revealing software faults. This article maps the testability terrain for object-oriented development to assist the reader in finding relatively shorter and cheaper paths to high reliability.,openalex,llm,0.840,unreviewed,
discarded,The prediction of faulty classes using object-oriented design metrics,Khaled El Emam; Walcélio L. Melo; Javam C. Machado,2001,Journal of Systems and Software,10.1016/s0164-1212(00)00086-8,https://openalex.org/W2135250985,adjacent-subtopic; design-metrics; fault-prediction,,openalex,llm,0.830,unreviewed,
discarded,Relations as semantic constructs in an object-oriented language,James Rumbaugh,1987,,10.1145/38765.38850,https://openalex.org/W2107145247,adjacent-subtopic; object-relations,"The relation as a semantic construct in an object-oriented language clearly expresses associations and constraints among objects which would otherwise be buried in implementation code. The externalization of references between objects permits a symmetric, non-redundant conceptual model which merits its own special notation and predefined operations. The object-relation model, which combines the object-oriented model with the entity-relationship model from data base theory, is particularly useful for designing and partitioning systems of interrelated objects. Relations can be implemented efficiently using hash tables. The model proposed here has been fully implemented in an object-oriented language written by the author which has been used to implement several production applications.",openalex,llm,0.840,unreviewed,
kept,Simple type-theoretic foundations for object-oriented programming,Benjamin C. Pierce; David N. Turner,1994,Journal of Functional Programming,10.1017/s0956796800001040,https://openalex.org/W2138839382,supports-claim; formal-foundations; definition-of-encapsulation,"Abstract We develop a formal, type-theoretic account of the basic mechanisms of object-oriented programming: encapsulation, message passing, subtyping and inheritance. By modelling object encapsulation in terms of existential types instead of the recursive records used in other recent studies, we obtain a substantial simplification both in the model of objects and in the underlying typed λ-calculus.",openalex,llm,0.980,unreviewed,
