status,title,authors,year,venue,doi,url,tags,abstract,provider,decision_source,llm_confidence,llm_review_outcome,llm_change_direction,paper_id
discarded,Re-Imagining Peace Education: Using Critical Pedagogy as a Transformative Tool,"Nicoson, Christie; Teixeira, Barbara Magalhaes; Martensson, Alva",2023,INTERNATIONAL STUDIES PERSPECTIVES,10.1093/isp/ekad023,https://www.webofscience.com/wos/woscc/full-record/WOS:001100620400001,off-topic-false-hit,"Existing studies demonstrate that although peace and conflict studies (PCS) emerged from a deep connection between political activism and research, the field has increasingly moved toward promoting liberal ideals of peace that sustain the status quo. Amidst this trend, many scholars have pushed research and education programs to explore beyond a hegemonic liberal peace, for example by diversifying reading lists and drawing on decolonial frameworks. This paper adds to such efforts: through the case study of a higher education PCS classroom, we use narratives from two course conveners and a student to explore challenges and opportunities of realizing a critical pedagogy approach to peace education. This approach recenters the classroom not necessarily in terms of what students ought to think, but how; critical theory provides a basis for fostering curiosity, using query as a tool of learning, and focusing class structure on students' needs. Our findings suggest that using critical pedagogy in PCS addresses calls for a greater understanding of peace beyond the absence of violence, fosters active envisioning of peace, and works toward decolonizing and demystifying peace work. Ultimately, we call for PCS classrooms to foster critical thinking and radical imagination for a pedagogy of peace praxis.

Resumen: Los estudios existentes demuestran que, aunque los estudios en materia de paz y de conflictos (PCS, por sus siglas en ingles) surgieron de la profunda conexion existente entre el activismo politico y la investigacion, este campo se ha ido dirigiendo, cada vez en mayor medida, hacia la promocion de ideales liberales de paz que contribuyen a sostener el statu quo. En medio de esta tendencia, muchos academicos han impulsado programas de investigacion y educacion con el fin de poder estudiar mas alla de una paz liberal hegemonica mediante, por ejemplo, la diversificacion de las listas de lectura o recurriendo a marcos decoloniales. Este articulo se suma a estos esfuerzos: a traves del estudio de caso de un aula de PCS de educacion superior, utilizamos las narrativas de dos coordinadores del curso y de un estudiante con el fin de estudiar los desafios y oportunidades derivados de llevar a cabo un enfoque pedagogico critico en materia de educacion para la paz. Este enfoque centra la atencion en el aula, pero no necesariamente en terminos de lo que los estudiantes deben pensar, sino de como deben pensarlo. La teoria critica proporciona una base para fomentar la curiosidad, para utilizar las consultas como herramienta de aprendizaje y para enfocar la estructura de la clase en las necesidades de los estudiantes. Nuestras conclusiones sugieren que el uso de la pedagogia critica en los PCS aborda aquellas demandas relativas a una mayor comprension de la paz mas alla de la ausencia de violencia, fomenta la vision activa de la paz y trabaja hacia la descolonizacion y desmitificacion del trabajo por la paz. En ultima instancia, hacemos un llamamiento a que las aulas de los PCS fomenten el pensamiento critico y la imaginacion radical con el objetivo de alcanzar una pedagogia de la praxis de la paz.

Resume: Les etudes existantes montrent que bien que les etudes relatives a la paix et aux conflits (EPC) soient nees d'une connexion profonde entre l'activisme politique et la recherche, la discipline tend de plus en plus a promouvoir les ideaux liberaux de paix qui entretiennent le statu quo. Face a cette tendance, de nombreux chercheurs ont pousse les programmes de recherche et d'education a s'aventurer au-dela de la paix liberale hegemonique, par exemple en diversifiant les listes de lecture et en s'appuyant sur les cadres de decolonisation. Cet article vient renforcer ces efforts : par le biais de l'etude de cas d'une salle de classe d'EPC de l'enseignement superieur, nous utilisons les recits de deux organisateurs de cours et d'un etudiant pour examiner les defis et opportunites lies a la concretisation d'une approche pedagogique critique de l'education a la paix. Cette approche recentre la salle de classe pas necessairement en termes de ce que les etudiants devraient penser, mais de comment ils le devraient : la theorie critique offre une base pour encourager a la curiosite, en utilisant la question comme outil d'apprentissage et en concentrant la structure de cours sur les besoins des etudiants. Nos conclusions indiquent que l'utilisation de la pedagogie critique en EPC repond aux demandes d'enrichissement de la comprehension de la paix au-dela de l'absence de violence, encourage une conception active de la paix et oe uvre en faveur de la decolonisation et de la demystification de l'action pacifique. En definitive, nous appelons les salles de classe d'EPC a encourager la pensee critique et l'imagination radicale en vue d'une pedagogie de la pratique de la paix.",wos,llm,1.000,unreviewed,,doi:10.1093/isp/ekad023
discarded,Teachers' conceptions about physical education mediated by ICT in times of COVID-19,"Quilindo, Victor Hugo",2023,RETOS-NUEVAS TENDENCIAS EN EDUCACION FISICA DEPORTE Y RECREACION,,https://www.webofscience.com/wos/woscc/full-record/WOS:001067615400001,off-topic-false-hit,"The confinement caused in Colombia by the health emergency of COVID-19, forced the replacement of face-to-face pedagogical practices by remote education mediated by communication and information technologies (ICT). Physical education teachers had the challenge of adapting the contents of a generally practical subject to the new reality in which digital media are protagonists. Adaptations that are complicated because students widely in public institutions in urban and rural contexts have difficulties in connecting to the Internet or availability of electronic equipment. The objective was to understand the conceptions of the pedagogical practice of seven physical education teachers in training, belonging to the Bachelor's degree program in Physical Education, Recreation and Sports of the University of Cauca - Colombia under the remote modality with high school students. Reflections on the ICT mediated teaching-learning process in two public educational institutions with the intrinsic case study methodology and research techniques such as observation and educational workshops are presented. It was found that the physical education class mediated by ICT requires configuring the contents according to the needs of the health emergency context, that there are strengths in the digital tools for the teaching-learning process, as well as weaknesses of the teachers in their management, it is evident that there are students with accessibility and limitation for the connection, which affects the monitoring of progress both in synchronous and asynchronous phases.",wos,llm,1.000,unreviewed,,hash:5990cdccddb8671d
discarded,"CONCEPTIONS, SCIENCE ENGAGEMENT AND MISCONCEPTIONS OF UNDERGRADUATE STUDENTS IN STEM","Bahtaji, Michael Allan A.",2023,JOURNAL OF BALTIC SCIENCE EDUCATION,10.33225/jbse/23.22.10,https://www.webofscience.com/wos/woscc/full-record/WOS:000993417200002,off-topic-false-hit,"Exploring students' physics conceptions, science engagement and misconceptions in physics together with their association to certain variables (gender, educational background, and program of study) are essential in improving physics teaching and learning. However, few studies have been conducted to explore these three measures and almost none among STEM undergraduate students in the domain of Newtonian mechanics. To explore these measures, the Force Concept Inventory (FCI) and the Science Engagement Survey (SES) were administered to 281 STEM undergraduate students. Various statistical tools (ANOVA, t-test, correlations, etc.) have been utilized in the data analyses. The result revealed that gender and previous upper-secondary school strand have no significant effect on physics conceptions but have a significant effect on science engagement. The results also revealed a weak correlation between physics conceptions and science engagement, suggesting that interest becomes more effective when it was developed during the learning process. Finally, the results also revealed that more than 80% of the participants have a misunderstanding about the force direction of a thrown object, confirming that the dominant features of force and motion students have less conform to problems that involve non-contact force.",wos,llm,1.000,unreviewed,,doi:10.33225/jbse/23.22.10
discarded,"SCIENTIFIC PERSPECTIVISM: REALISM, ANTIREALISM, OR A NEW PARADIGM?","Chaly, Vadim A.",2022,VESTNIK TOMSKOGO GOSUDARSTVENNOGO UNIVERSITETA-FILOSOFIYA-SOTSIOLOGIYA-POLITOLOGIYA-TOMSK STATE UNIVERSITY JOURNAL OF PHILOSOPHY SOCIOLOGY AND POLITICAL SCIENCE,10.17223/1998863X/70/7,https://www.webofscience.com/wos/woscc/full-record/WOS:000942123100007,off-topic-false-hit,"The current state of philosophy of science is characterized by stasis in the struggle between realism and antirealism. In recent years, a number of authors have come out with a program of scientific perspectivism that claims to sublate this great collision and gain the status of a new epistemological paradigm: ""perspectivism, or, better, perspectival realism, is one of the newest attempts to find a middle ground between scientific realism and antirealism"" [1. P. 2]. Important milestones of the perspective movement were the works of Ronald Giere, Francois Recanati, Bas van Fraassen, Michela Massimi, and others. The thesis of the article is that perspectivism has not yet realized its claims to autonomy, although it has become an important new arena for discussions between realists and antirealists who try to appropriate perspectivist concepts and arguments. The ""middle ground,"" when thought out consistently and thoroughly, turns out to lie not ""between,"" but either in the territory of realism or in the territory of antirealism, depending on the presumptions of the author of a particular perspectivist conception. This is demonstrated by the analysis of the conceptions of Giere, Massimi, and Recanati. Giere's perspectivism is based on the metaphor of color vision, and for him only some (secondary) qualities of real objects turn out to be perspectival, i.e., subject-dependent. Massimi's perspectivism attempts, on the basis of a visual arts metaphor, to combine the phenomenon of the plurality of scientific theories (""perspectival disagreement"" about what an object is) with the general realist attitude of science (agreement about that there is an object). Recanati's perspectivism syncretizes realism about ordinary objects and relativism about other things. The first two versions of perspectivism rely on a perceptual metaphor: perspective is conditioned by the perceptual constitution of the observer, that is, it arises at the mental or cognitive level. Recanati's version attempts to derive perspective from contextuality, that is, it is semantic. However, it does not show exactly how perceptual categories are superimposed on theories or how scientific concepts reveal their perspectival character. The isomorphism of perception and theoretical thinking, sensibility and understanding, remains undemonstrated. On the one hand, perspectivist efforts are motivated by an important concern to account for antirealist critique (lack of access to the "" view from nowhere,"" factual and semantic underdetermination, difficulties with the idea of approaching the truth, the historicity of knowledge, the activeness of the constructing subject, etc.) while preserving the scientific commitment to universality, validity, and truthfulness. On the other hand, the ontological question remains fundamental and unavoidable, and perspectivism (yet?) fails to circumvent it. As we see, all three versions of perspectivism considered in this article turn out to be varieties of realism: Giere and Massimi recognize this explicitly, while Recanati de facto assumes a quite respectable and conservative position of selective realism with respect to ordinary objects.",wos,llm,1.000,unreviewed,,doi:10.17223/1998863x/70/7
discarded,"Roles of technologies for future teaching in a pandemic: activity, agency, and humans-with-media","Alexander Villa-Ochoa, Jhony; Fernando Molina-Toro, Juan; Borba, Marcelo C.",2023,ZDM-MATHEMATICS EDUCATION,10.1007/s11858-022-01429-4,https://www.webofscience.com/wos/woscc/full-record/WOS:000850400300002,off-topic-false-hit,"Research literature on the role of mathematics teachers during the COVID-19 crisis shows that teacher preparation for emergency situations is required. In reporting on this exploratory study, we present and analyse lesson plans created by seven future teachers for mathematics classes during the pandemic. Data were collected between April and October 2021 from 16 four-hour class sessions in a Mathematics Degree Program at a public university in Medellin, Colombia. The notion of Humans-with-Media and the Learning by Expanding theory were used as frameworks to understand what roles prospective mathematics teacher (PMTs) assign to technologies for teaching in pandemic conditions. The PMTs' uses of technology for teaching mathematics during a pandemic were categorized. The results show that technology was used to reorganize and reproduce mathematics teaching practices. This report addresses the impact of technology on the activity system, and we conclude with a discussion of opportunities and limitations of students' conceptions about teaching and technology during a pandemic.",wos,llm,1.000,unreviewed,,doi:10.1007/s11858-022-01429-4
discarded,Editing reality in the brain,"Walsh, Eamonn; Oakley, David A.",2022,NEUROSCIENCE OF CONSCIOUSNESS,10.1093/nc/niac009,https://www.webofscience.com/wos/woscc/full-record/WOS:000829109600001,off-topic-false-hit,"Recent information technologies such as virtual reality (VR) and augmented reality (AR) allow the creation of simulated sensory worlds with which we can interact. Using programming language, digital details can be overlaid onto displays of our environment, confounding what is real and what has been artificially engineered. Natural language, particularly the use of direct verbal suggestion (DVS) in everyday and hypnotic contexts, can also manipulate the meaning and significance of objects and events in ourselves and others. In this review, we focus on how socially rewarding language can construct and influence reality. Language is symbolic, automatic and flexible and can be used to augment bodily sensations e.g. feelings of heaviness in a limb or suggest a colour that is not there. We introduce the term 'suggested reality' (SR) to refer to the important role that language, specifically DVS, plays in constructing, maintaining and manipulating our shared reality. We also propose the term edited reality to encompass the wider influence of information technology and linguistic techniques that results in altered subjective experience and review its use in clinical settings, while acknowledging its limitations. We develop a cognitive model indicating how the brain's central executive structures use our personal and linguistic-based narrative in subjective awareness, arguing for a central role for language in DVS. A better understanding of the characteristics of VR, AR and SR and their applications in everyday life, research and clinical settings can help us to better understand our own reality and how it can be edited.",wos,llm,1.000,unreviewed,,doi:10.1093/nc/niac009
discarded,Improving Preservice Primary Teachers' Understanding of the Nature of Methods of Science Through Reflective Reading of News Articles,"Garcia-Carmona, Antonio",2023,SCIENCE & EDUCATION,10.1007/s11191-022-00338-y,https://www.webofscience.com/wos/woscc/full-record/WOS:000795020600001,adjacent-subtopic,"A study is presented that analyzed the pedagogical efficacy of reading opinion articles about methods of science, published in the media, in order to improve the meta-scientific understanding of 52 preservice primary teachers (PPTs) with regard to the topic. To this end, an activity was designed taking an explicit and reflective approach. The design of the activity required a short teaching intervention when being implemented in class in order to facilitate its integration into the program of the subject of science teaching. Before doing the activity, the PPTs' prior conceptions about the nature of methods of science were diagnosed using the Opinions about Science, Technology and Society Questionnaire (COCTS, in its Spanish acronym). The activity consisted of reading the articles, and then responding in small work groups to a series of questions for reflection and debate on the topic. The groups' responses were then shared and discussed in class. Once the activity had finished, the PPTs responded to the questionnaire again (post-test) in order to evaluate how their conceptions had progressed. There was an improvement in their understanding of various aspects of the nature of methods of science (e.g., scientists use a variety of methods in their research depending on the object of study, the context, and the resources available, or that the scientific method is an idealized, simplistic, and therefore poor representation of how scientists do research). These results show that the activity was effective in getting the PPTs to reflect and learn about the topic. Finally, the limitations of the study are discussed (e.g., the limited time frame to implement the activity and evaluate results), and some future research perspectives are given to improve the understanding of PPTs about the nature of methods of science.",wos,llm,0.990,unreviewed,,doi:10.1007/s11191-022-00338-y
discarded,Train the trainers in industry 4.0: a model for the development of competencies in non-synchronous environments,"Ahuett-Garza, Horacio; Urbina Coronado, Pedro Daniel; Noriega Velasco, Julio; de Leon Lopez, Enrique Diaz; Markert, Bernd; Kurfess, Thomas R.",2022,INTERNATIONAL JOURNAL OF INTERACTIVE DESIGN AND MANUFACTURING - IJIDEM,10.1007/s12008-022-00901-5,https://www.webofscience.com/wos/woscc/full-record/WOS:000794077000002,off-topic-false-hit,"Manufacturing is a critical component of the economy of industrialized nations. Training of the workforce is vital for the survival and competitiveness of manufacturing. New paradigms are needed to satisfy the demand for knowledge workers in this field. This paper presents the development of a training program for teachers who are trainers of competencies for Industry 4.0. Given the pace of technological change, the challenge was to reach the highest number of individuals in the shortest possible time. The program was divided into three stages. In the first one, conception stage, professors from different Tecnologico de Monterrey (Tec) campuses were selected to take an Industry 4.0 course that was adapted from existing courses at RWTH Aachen. In the second stage, training, the Tec teachers designed a course for other instructors that was adapted to the conditions in Mexico. In the third stage, replication, two more groups of professors were trained. To facilitate dissemination, we created a series of videos to facilitate non synchronous learning. The course was delivered using CANVAS. A laboratory session complemented the activities, and participants developed a project as part of their course work. This work describes the design and implementation of the program. In all, this program has helped 68 professors develop competencies related to the needs of Industry 4.0. Results of surveys show that participants felt that the program helped them develop competences that were later introduced in classes and projects.",wos,llm,0.990,unreviewed,,doi:10.1007/s12008-022-00901-5
discarded,Collective Belonging or Individual Calling: Language and Ethnic Identity of Minorities in China,"Wang, Liping",2022,COMPARATIVE EDUCATION REVIEW,10.1086/717680,https://www.webofscience.com/wos/woscc/full-record/WOS:001069788700002,off-topic-false-hit,"Minority education in contemporary China consists of two systems: a bilingual education system that greatly emphasizes the ethnic minority language, and a monolingual education system with instruction only in the Chinese language. These two different language-based programs have a significant influence on self-identity. This article, which is based on 57 in-depth interviews with young Mongols, Tibetans, and Uyghurs, examines the distinct conceptions of ethnicity held by ethnic-language-educated and Chinese-language-educated minorities and their distinct paths of ethnic identity formation. Language is central to the former group's self-identity, which is nurtured in community life and conferred by their ancestors. They revere tradition and have moral pride in preserving their ethnic culture. In contrast, the ethnic minorities educated in Chinese often view ethnicity as an individual calling. Their ethnic consciousness is enhanced through reflective learning, not communal participation. Education experiences, conditioned by social factors, result in the acquisition of different social and cultural capitals and largely explain this divergence. This study offers a reflection on the limitations of the two dominant paradigms-namely, cultural assimilation and linguistic nativism-that shape the study of language, education, and ethnic identity formation.",wos,llm,1.000,unreviewed,,doi:10.1086/717680
