status,title,authors,year,venue,doi,url,tags,abstract,provider,decision_source,llm_confidence,llm_review_outcome,llm_change_direction,paper_id
discarded,A Replication Study on Student Expectations on CS Tutors: Understanding Roles and Labors of Tutors,Y. Kim,2026,SIGCSE TS 2026 Proceedings of the 57th ACM Technical Symposium on Computer Science Education V 1,10.1145/3770762.3772568,https://www.scopus.com/inward/record.uri?partnerID=HzOxMe3b&scp=105031909360&origin=inward,adjacent-subtopic,"Understanding what students expect from undergraduate teaching assistants (tutors) is essential to improving the effectiveness of student-tutor interactions. Building on the work of Lim et al. (2023), this study replicates and extends prior research by conducting 23 semi-structured interviews across four institutions to further examine the expectations students have on tutors in university CS2 courses. The original study was scoped within a single institution; by expanding beyond a single-institution sample, we examine the generalizability of previously identified student expectations and explore new perspectives on the tutor's role during tutoring hours. Our findings reveal a large set of roles tutors are expected to play. These roles can be categorized into tutors as solutionists, diagnosticians, and facilitators. Tutors are expected to play these roles, switch between them, or at times take on multiple roles at once. We detail the expectations associated with each category and surface both confirmed and novel findings relative to Lim et al.'s work. Our discussion highlights the emotional labors involved in tutoring, identifies implicit and sometimes unreasonable student expectations, and provides a practical framework for supporting tutors in aligning their efforts with student needs. Implications and limitations of our categorization of roles are discussed alongside directions for future research.",scopus,llm,0.980,unreviewed,,doi:10.1145/3770762.3772568
discarded,Integrating ChatGPT for Unlocking Threshold Concepts in Engineering Education at a South African University of Technology,E.D. Markus,2026,Lecture Notes in Networks and Systems,10.1007/978-3-032-18888-5_27,https://www.scopus.com/inward/record.uri?partnerID=HzOxMe3b&scp=105038909311&origin=inward,off-topic-false-hit,"This study explores the pedagogical potential of integrating ChatGPT as an AI-driven support for second- and third-year Electronics modules within an Engineering faculty at a university of technology in South Africa. As generative AI becomes increasingly sophisticated, there is growing interest in their application to technical education. Engineering students have since adopted this technology as part of their learning. The paper investigates how ChatGPT and other generative AI technologies can accelerate students learning by enhancing their understanding of complex electronics concepts, facilitating problem-solving in circuit design, and fostering computational thinking in electronics, a foundational area in engineering. The paper further discusses how ChatGPT can facilitate the unlocking of threshold concepts in Engineering modules. By using quantitative and qualitative approach, the study assesses ChatGPT's effectiveness in helping students tackle technical challenges specific to the electronics module, such as amplifier design, circuit analysis, and troubleshooting electronic circuits. Situated within constructivist learning theories, this study examines both the opportunities and challenges of adopting and integrating ChatGPT into an educational context where resource limitations and diverse skill levels pose unique challenges. The mixed methods approach further focuses on ChatGPT's potential to offer immediate, individualized assistance, interactive explanations of electronics theories, and feedback on complex problems, thereby enhancing comprehension and engagement in the Electronics module. Challenges that arise while using these AI tools including students' over-reliance on AI, potential ethical concerns, and the need for foundational AI literacy to ensure responsible tool use are also addressed. Responses from 100 Students offering Electronics across two semesters (Electronics II and III) were captured. The responses included capturing students' experiences and voices on GenAI use. The findings indicate that while ChatGPT can significantly enhance learning experiences in electronics module by offering real-time support and tailored learning, its successful implementation requires an approach that balances AI assistance with hands-on learning and critical thinking. The study provides insights for educators on integrating generative AI tools in a way that complements traditional teaching and learning methods, especially for unlocking threshold and complex engineering concepts.",scopus,llm,0.990,unreviewed,,doi:10.1007/978-3-032-18888-5_27
discarded,Reflections on an ERP Curriculum: Insights from Three Enterprise Systems Courses,S. Hacks,2026,Ceur Workshop Proceedings,,https://www.scopus.com/inward/record.uri?partnerID=HzOxMe3b&scp=105042373525&origin=inward,off-topic-false-hit,,scopus,llm,0.980,unreviewed,,hash:e782e7a7aebb1012
discarded,"Cloud Quantum Computing for AI: Innovations, Challenges, and Applications",J. Singh,2026,Quantum Enhanced Cloud AI the Next Frontier in Machine Learning and Deep Learning,10.2174/9798898813215126010007,https://www.scopus.com/inward/record.uri?partnerID=HzOxMe3b&scp=105037099348&origin=inward,off-topic-false-hit,"Cloud Quantum Computing (CQC) is a paradigm shift in computer science that has the potential to revolutionize Artificial Intelligence (AI) by utilizing the computational capabilities of quantum mechanics. The primary objective of this chapter is to examine the architectural framework of CQC, assess its impact on AIdriven applications, and analyze key challenges and innovations shaping its development. It focuses on critical aspects of CQC, such as qubit fidelity, quantum error correction, and hybrid quantum-classical models. The chapter also incorporates the practical uses of CQC, highlighting its benefits in areas such as optimization, cryptography, and machine learning. The key findings of this chapter are that although CQC offers significant advantages in computational efficiency and problem-solving capabilities, it is still hindered by hardware limitations, noise interference, and algorithmic complexity. Innovations in error correction techniques and hybrid models are crucial for overcoming these barriers. By leveraging the power of quantum computing through cloud platforms, CQC has the potential to revolutionize AI and computational science.",scopus,llm,1.000,unreviewed,,doi:10.2174/9798898813215126010007
discarded,High-Fidelity Simulation of Aggregate Computing Systems with Collektivity,F. Gurioli,2026,Lecture Notes in Computer Science,10.1007/978-3-032-28358-0_13,https://www.scopus.com/inward/record.uri?partnerID=HzOxMe3b&scp=105043178951&origin=inward,off-topic-false-hit,,scopus,llm,1.000,unreviewed,,doi:10.1007/978-3-032-28358-0_13
discarded,"Reliability, Test, and Security of Compute-In-Memories",S.T. Ahmed,2026,Proceedings of the European Test Workshop,10.1109/ETS69887.2026.11591683,https://www.scopus.com/inward/record.uri?partnerID=HzOxMe3b&scp=105045272786&origin=inward,off-topic-false-hit,"Compute-in-Memory (CiM) devices have several attributes that make them of interest especially for accelerating artificial intelligence workloads and, at the same time, reduce power consumption. Both are critical aspects of edge computing. This paper summarizes a 3-topic special session held at the European Test Symposium 2026 on the topic of CiMs: (a) concerning the reliability of CiMs, (b) the testing of CiMs, and finally (c) on the security of CiMs.",scopus,llm,1.000,unreviewed,,doi:10.1109/ets69887.2026.11591683
discarded,CyberSecurity Performance Evaluation Through Attack Block Diagrams,S. Distefano,2026,Lecture Notes in Computer Science,10.1007/978-3-032-16345-5_11,https://www.scopus.com/inward/record.uri?partnerID=HzOxMe3b&scp=105031298947&origin=inward,off-topic-false-hit,"Security modeling is a critical aspect in protecting computing systems. Different techniques, such as attack trees and attack graphs, among others, have been developed to visualize and analyze potential threats and vulnerabilities. However, these techniques have limitations in capturing the complexity and dynamics of current computing systems, often distributed, networked, virtualized and software defined. To address these limitations, this paper introduces a novel security modeling technique, Attack Block Diagrams (ABD), aiming to provide a more flexible and comprehensive approach to security modeling and performance evaluation. ABD combine elements of attack trees, attack graphs, and reliability block diagrams (RBD) into a novel framework for investigating and assessing potential attack paths in complex computing systems. In this paper a formal definition of ABD and some examples taken from the literature are provided to show the advantages of the proposed formalism against other techniques such as attack trees and attack graphs.",scopus,llm,1.000,unreviewed,,doi:10.1007/978-3-032-16345-5_11
discarded,Applying task and data parallelism to the exact MP-based reliability evaluation algorithms,M. Forghani-elahabad,2026,Reliability Assessment of Flow Networks and Industrial Systems Bridging Theory and Applications,10.1016/B978-0-443-33883-0.00004-8,https://www.scopus.com/inward/record.uri?partnerID=HzOxMe3b&scp=105032946939&origin=inward,off-topic-false-hit,,scopus,llm,1.000,unreviewed,,doi:10.1016/b978-0-443-33883-0.00004-8
discarded,A bi-objective two-stage stochastic programming model for the resilient and consistent vehicle routing problem: a hybrid learning-based metaheuristic algorithm,R. Heidari,2026,Engineering Optimization,10.1080/0305215X.2025.2464856,https://www.scopus.com/inward/record.uri?partnerID=HzOxMe3b&scp=105005843268&origin=inward,off-topic-false-hit,"The vehicle routing problem is fundamental to the fields of transportation and logistics management, where maintaining consistent service is crucial for customer satisfaction. However, improving service consistency can lead to higher routing costs. To address this, a bi-objective two-stage stochastic programming model called the consistent vehicle routing problem is proposed, aiming to minimize total costs and service inconsistency. In the first stage, a priori routing decisions are made, while in the second stage, revealed values of uncertain parameters such as demand and transport capacity are used to adjust the prior routing solution. One critical aspect of the model is ensuring service consistency through resilience, which involves the ability to absorb and withstand disruptions. Given that the optimization problem is NP hard, a hybrid algorithm is developed that combines multi-objective particle swarm optimization with a learning-based local search. Computational experiments confirm the validity and effectiveness of the model and hybrid algorithm.",scopus,llm,1.000,unreviewed,,doi:10.1080/0305215x.2025.2464856
discarded,A Truthful Resource Allocation and Task Offloading Mechanism of Internet of Vehicles Edge Computing Based on Joint Optimization,X. He,2026,Communications in Computer and Information Science,10.1007/978-981-95-3643-6_8,https://www.scopus.com/inward/record.uri?partnerID=HzOxMe3b&scp=105020688759&origin=inward,off-topic-false-hit,"Vehicular Edge Computing (VEC) integrates edge computing with the Internet of Vehicles (IoV) to provide low-latency, high-reliability data processing near vehicles. While existing VEC resource allocation research often maximizes social welfare or minimizes delay, the critical aspect of energy consumption, which significantly impacts user Quality of Experience (QoE), is frequently overlooked. This paper addresses the joint resource allocation and task offloading problem in VEC, aiming to simultaneously optimize social welfare and minimize energy consumption. We formulate this as a mechanism design problem and decompose it into two sub-problems: Winner Determination (selecting which Vehicle Devices (VDs) offload tasks) and Offloading Decision (assigning tasks to specific Mobile Edge Computing (MEC) servers). For winner determination, we propose a truthful greedy algorithm that ranks VDs based on a weighted combination of their bid (representing social welfare contribution) and potential energy savings. For the offloading decision, we employ an approximation algorithm based on local search to minimize energy usage among selected VDs. The proposed overall mechanism is truthful, guaranteeing that VDs are incentivized to report their true valuations. Simulation results demonstrate that, compared to recent algorithms, our approach improves energy savings by 8%-12% in high-competition scenarios with only a minor (1%-2.5%) reduction in social welfare. In low-competition environments, our mechanism enhances energy savings by approximately 6% while concurrently increasing social welfare by about 2%.",scopus,llm,1.000,unreviewed,,doi:10.1007/978-981-95-3643-6_8
discarded,A Systematic Mapping Study on Toolchain Support for Quantum Computing as a Service,M.T. Sabzevari,2026,Communications in Computer and Information Science,10.1007/978-3-032-08977-9_31,https://www.scopus.com/inward/record.uri?partnerID=HzOxMe3b&scp=105027114348&origin=inward,off-topic-false-hit,,scopus,llm,1.000,unreviewed,,doi:10.1007/978-3-032-08977-9_31
discarded,An Architectural Evaluation of Actor based Concurrency in Swift 6 Applications,P. Sinha,2026,Proceedings of the 2026 6th International Conference on Image Processing and Capsule Networks Icipcn 2026,10.1109/ICIPCN67432.2026.11436010,https://www.scopus.com/inward/record.uri?partnerID=HzOxMe3b&scp=105036523210&origin=inward,off-topic-false-hit,"Concurrency is a critical aspect of modern software development that enhances an application's ability to execute multiple tasks simultaneously, improving its overall performance and responsiveness. Swift 6 introduces an advanced actor-based concurrency model designed to increase safety and performance within multi-threaded environments. This paper provides an in-depth exploration of the actor-based concurrency model in Swift 6, emphasizing its architectural benefits and challenges. Also examine how the actor model improves concurrent programming by mitigating issues such as data races and simplifying the management of shared mutable state. Through detailed case studies, performance benchmarking, and architectural evaluations, this study outlines the practical advantages of adopting actors in Swift-based applications, including enhanced reliability, scalability, and developer productivity. And further discuss the impact of the actor model on application architecture and its potential for optimizing the concurrency model in large-scale systems.",scopus,llm,1.000,unreviewed,,doi:10.1109/icipcn67432.2026.11436010
discarded,Robust Adaptive Beamforming for Radar Target Polarization Scattering Matrix Estimation,H. Chen,2026,IEEE Transactions on Signal Processing,10.1109/TSP.2025.3646485,https://www.scopus.com/inward/record.uri?partnerID=HzOxMe3b&scp=105025811289&origin=inward,off-topic-false-hit,"Polarimetric phased array radar (PPAR) has the capability to suppress mainlobe and sidelobe interferences by fully utilizing multiple polarization channels. However, adaptive beamforming technique for PPAR, which generates nulls in the space-polarization domain, causes the received signals from multiple polarization channels to be weighted into one. This results in an inherent loss of target polarization, preventing the measurement of target polarization scattering matrix (PSM). In this paper, a robust adaptive beamforming (RAB) approach for PPAR is proposed to estimate the PSM while suppressing the mainlobe and sidelobe interferences. In our solution, dual-beams characterized by a pair of optimal orthogonal polarizations are adaptively formed to reconstruct the polarization channels. Furthermore, multiple uncertainty sets are devised, including a spatial uncertainty set and a pair of polarization-associated uncertainty sets, which respectively improve performance in beam polarization stability and mainlobe interference suppression. This problem is then formulated as a non-convex quadratically constrained quadratic programming (QCQP), which is transformed into a difference of convex (DC) programming problem. Subsequently, it is efficiently solved via a sequential convex programming (SCP) algorithm, incorporating an initial point selection strategy. We further conduct a thorough performance analysis focusing on three critical aspects. As a result, the dual-beams can suppress mainlobe and sidelobe interferences in the space-polarization domain while estimating the target PSM accurately. Simulation results demonstrate the validity of the proposed method.",scopus,llm,1.000,unreviewed,,doi:10.1109/tsp.2025.3646485
discarded,A Novel Hybrid Quantum-Classical Approach to Enhanced Speaker Emotion,H. Verma,2026,Lecture Notes in Networks and Systems,10.1007/978-3-032-06250-5_38,https://www.scopus.com/inward/record.uri?partnerID=HzOxMe3b&scp=105031563097&origin=inward,off-topic-false-hit,,scopus,llm,1.000,unreviewed,,doi:10.1007/978-3-032-06250-5_38
discarded,Aspect-Oriented Fault Injection for the Non-Intrusive Resilience Evaluation of Cryptographic Hardware Models,H. Mestiri,2026,Engineering Technology and Applied Science Research,10.48084/etasr.17646,https://www.scopus.com/inward/record.uri?partnerID=HzOxMe3b&scp=105038141930&origin=inward,off-topic-false-hit,"Evaluating the resilience of sophisticated cryptographic hardware against fault injection attacks necessitates high-speed simulation environments. At the Electronic System Level (ESL), SystemC provides a valuable framework for constructing fast functional models. However, traditional fault injection techniques require direct and intrusive code modifications to these models, which complicates the security assessment process. This paper proposes a novel methodology that circumvents this limitation by leveraging Aspect-Oriented Programming (AOP). A non-intrusive fault injection and detection environment is introduced, where faults are woven into SystemC cryptographic models using AspectC++, eliminating the need for source code alterations and offering a practical alternative to complex physical cryptanalysis. This approach is validated through a thorough case study on a SystemC model of the LED lightweight algorithm, focusing on two critical aspects: the efficacy of AOP for accurate fault detection and its overhead regarding simulation performance and executable size. The results demonstrate that the proposed method effectively evaluates a design's efficiency against fault attacks. It is also confirmed that AOP integration imposes a negligible impact on simulation time, preserving the speed advantages of ESL simulation while enabling seamless security analysis.",scopus,llm,1.000,unreviewed,,doi:10.48084/etasr.17646
discarded,An Enhanced Lattice Rule with an Optimized Generating Vector for High-Dimensional Sensitivity Analysis,V. Todorov,2026,Lecture Notes in Networks and Systems,10.1007/978-3-032-15743-0_14,https://www.scopus.com/inward/record.uri?partnerID=HzOxMe3b&scp=105029736766&origin=inward,off-topic-false-hit,"This paper presents an advanced stochastic method based on a lattice rule with an optimized generating vector, which has been developed and thoroughly analyzed. A central component of the study is the Unified Danish Eulerian Model (UNI-DEM), a large-scale mathematical model that accurately represents complex physical and chemical processes in the atmosphere. The research compares the proposed lattice rule with the one of the best available methods for the problem under consideration- the modified Sobol sequence, and also the bijectional lattice rule and the Fibonacci-based lattice rule, demonstrating its advantageous in estimating multidimensional integrals. The enhanced approach proves to be robust and computationally efficient, making it highly effective for computing sensitivity indices, a critical aspect of scientific computing. Additionally, variance-based sensitivity analysis techniques, particularly the Sobol' method, have been employed to quantify the influence of input parameters on model outputs. A comprehensive experimental study has been conducted, integrating advanced Monte Carlo algorithms with scrambling stochastic techniques to improve computational efficiency. The study also investigates the impact of emission levels on key atmospheric pollutants such as ammonia, ozone, ammonium sulfate, and ammonium nitrate, focusing on major European cities with diverse geographical conditions. The results underscore the importance of sensitivity analysis in evaluating model reliability and understanding the intricate relationships between input parameters and environmental outcomes.",scopus,llm,1.000,unreviewed,,doi:10.1007/978-3-032-15743-0_14
