status,title,authors,year,venue,doi,url,tags,abstract,provider,decision_source,llm_confidence,llm_review_outcome,llm_change_direction,paper_id
discarded,Comparative study of classifier performance using automatic feature construction by M3GP,J.E. Batista,2022,2022 IEEE Congress on Evolutionary Computation CEC 2022 Conference Proceedings,10.1109/CEC55065.2022.9870343,https://www.scopus.com/inward/record.uri?partnerID=HzOxMe3b&scp=85138708171&origin=inward,off-topic-false-hit,"The M3GP algorithm, originally designed to per-form multiclass classification with genetic programming, is also a powerful feature construction method. Here we explore its ability to evolve hyper-features that are tailored not only to the problem to be solved, but also to the learning algorithm that is used to solve it. We pair M3GP with six different machine learning algorithms and study its performance in eight classification problems from different scientific domains, with substantial variety in the number of classes, features and samples. The results show that automatic feature construction with M3GP, when compared to using the standalone classifiers without feature construction, achieves statistically significant improvements in the majority of the test cases, sometimes by a very large margin, while degrading the weighted f-measure in only one out of 48 cases. We observe the differences in the number and size of the hyper-features evolved for each case, hypothesising that the simpler the classifier, the larger the amount of problem complexity is being captured in the hyper-features. Our results also reveal that the M3GP algorithm can be improved, both in execution time and in model quality, by replacing its default classifier with support vector machines or random forest classifiers.",scopus,llm,1.000,unreviewed,,doi:10.1109/cec55065.2022.9870343
discarded,Explainable OOHRI: Communicating Robot Capabilities and Limitations as Augmented Reality Affordances,L.W. Wang,2026,Hri 2026 Proceedings of the 21st ACM IEEE International Conference on Human Robot Interaction,10.1145/3757279.3785569,https://www.scopus.com/inward/record.uri?partnerID=HzOxMe3b&scp=105035836836&origin=inward,off-topic-false-hit,"Human interaction is essential for issuing personalized instructions and assisting robots when failure is likely. However, robots remain largely black boxes, offering users little insight into their evolving capabilities and limitations. To address this gap, we present explainable object-oriented HRI (X-OOHRI), an augmented reality (AR) interface that conveys robot action possibilities and constraints through visual signifiers, radial menus, color coding, and explanation tags. Our system encodes object properties and robot limits into object-oriented structures using a vision-language model, allowing explanation generation on the fly and direct manipulation of virtual twins spatially aligned within a simulated environment. We integrate the end-to-end pipeline with a physical robot and showcase diverse use cases ranging from low-level pick-and-place to high-level instructions. Finally, we evaluate X-OOHRI through a user study and find that participants effectively issue object-oriented commands, develop accurate mental models of robot limitations, and engage in mixed-initiative resolution.",scopus,llm,1.000,unreviewed,,doi:10.1145/3757279.3785569
discarded,"Foundations of population-based SHM, Part V: Network, framework and database",D.S. Brennan,2025,Mechanical Systems and Signal Processing,10.1016/j.ymssp.2024.111602,https://www.scopus.com/inward/record.uri?partnerID=HzOxMe3b&scp=85201472051&origin=inward,off-topic-false-hit,"This paper represents the final part of a sequence on the foundations of Population-Based Structural Health Monitoring (PBSHM). The previous papers presented detailed analyses of how PBSHM can extend the functionality of ‘classical’ single-structure SHM by leveraging information and data available across a population of structures. Two main concepts were critical in establishing the basic methodology. In the first place, it was assumed that the uplift from considering a population would only be truly present if a structure of interest could be shown to be ‘similar’ in some sense to at least one other structure in the population. This requirement of similarity demanded the development of a principled means of measuring the degree of said similarity; this was accomplished by the proposal and design of Irreducible Element (IE) and Attributed Graph (AG) models of structures, which naturally resided in a metric space. The second key concept in PBSHM was the idea of moving inferences between structures, and the natural methodology for this was established as transfer learning . This final paper is concerned with showing how the main ideas of PBSHM can be embedded in software; in fact, this proved to be non-trivial and not a simple matter of programming. In order to embed the concepts of PBSHM within a computational framework, a number of new concepts needed to be developed – the network , framework and database – and these ideas are introduced within the paper. Furthermore, the development of the computational architecture revealed a number of limitations inherent in the previously-proposed base PBSHM ideas, notably in the conception of the IE model. This paper therefore provides a radical reformulation of the IE-model concept, presenting it in a new form appropriate to embedding in software. The development of new theoretical constructs proved to be so entwined with the software development issues that they are not easily separable, so new concepts and software implementation are both presented here. To avoid interrupting the narrative flow of the conceptual material, the details of many of the software ‘objects’ are presented in a substantial appendix.",scopus,llm,1.000,unreviewed,,doi:10.1016/j.ymssp.2024.111602
discarded,THE ILLIBERALISM OF FOX NEWS: Theorizing Nationalism and Populism through the Case of Conservative America’s Number One News Source,R. Peck,2023,Oxford Handbook of Illiberalism,10.1093/oxfordhb/9780197639108.013.17,https://www.scopus.com/inward/record.uri?partnerID=HzOxMe3b&scp=85218016252&origin=inward,off-topic-false-hit,"Abstract This chapter theorizes the similarities and differences between populism and nationalism through the case of Fox News, conservative America’s main news source. The first sections chart the Fox News careers of Donald Trump and Tucker Carlson to explain the rise of ethno-nationalist discourse in the United States. The nativist logic at the core of their ethno-nationalist politics puts these conservative icons at odds with liberal conceptions of nationhood. The following sections reveal the discursive processes through which Fox pundits like Carlson articulate ethno-nationalist political appeals with populist class critiques. The goal of this programming strategy is, I argue, to create a cross-connotation between ethno-nationalism and populism. Consequently, one type of politics seems to evoke the other. But it is a mistake for analysts to fall for this strategy in their own analysis by conflating populism with ethno-nationalism a priori, a tendency that is all too common in writing on populism.",scopus,llm,1.000,unreviewed,,doi:10.1093/oxfordhb/9780197639108.013.17
discarded,Identifying students' mental model for Java programming subject,R.I. Rokhmawati,2019,ACM International Conference Proceeding Series,10.1145/3345120.3345146,https://www.scopus.com/inward/record.uri?partnerID=HzOxMe3b&scp=85074801976&origin=inward,adjacent-subtopic,"Since the beginning of learning programming, the first-year student felt intimidated when learning to programme. Coding ability is a basic competency as a programmer, especially for Computer Science students. The limitation of class study time requires a self-learning. This study will identify students' Mental Model to help define the design of tailored e-learning in programming subject. This study was exploratory research involving 100 students that were purposively sampling from five departments. They answered an online questionnaire containing 16 questions about motivation to learn, competency levels, reasons/constraints in learning, efforts to learn, and expectations about the proposed systems. In the second session data collection, 20 students were selected who had detailed answers, and they represented each department. These twenty students were involved in the Focus Group Discussion to produce a mutually agreed mental model. The results are students believe that the programming logic is difficult to understand; the syntax is hard to remember, the logic is difficult to implement into coding, the students feel overwhelmed and the unsupported environment. The solution was found through a mental model in the form of the grouping of features that consider cognitive, behavioral, and student competency levels in programming subject, especially in Java Programming. The future work of this research is the simplification of learning material to provide the right portion for students by applying the three levels of mental models, so that proposed e-learning can accommodate learning needs of various user needs.",scopus,llm,0.870,unreviewed,,doi:10.1145/3345120.3345146
discarded,Transformative and troublesome? Students' and professional programmers' perspectives on difficult concepts in programming,L. Yeomans,2019,ACM Transactions on Computing Education,10.1145/3283071,https://www.scopus.com/inward/record.uri?partnerID=HzOxMe3b&scp=85061212207&origin=inward,adjacent-subtopic,"Programming skills are an increasingly desirable asset across disciplines; however, learning to program continues to be difficult for many students. To improve pedagogy, we need to better understand the concepts that students find difficult and which have the biggest impact on their learning. Threshold-concept theory provides a potential lens on student learning, focusing on concepts that are troublesome and transformative. However, there is still a lack of consensus as to what the most relevant threshold concepts in programming are. The challenges involved are related to concept granularity and to evidencing some of the properties expected of threshold concepts. In this article, we report on a qualitative study aiming to address some of these concerns. The study involved focus groups with undergraduate students of different-year groups as well as professional software developers so as to gain insights into how perspectives on concepts change over time. Four concepts emerged from the data, where the majority of participants agreed on their troublesome nature—including abstract classes and data structures. Some of these concepts are considered transformative, too, but the evidence base is weaker. However, even though these concepts may not be considered transformative in the “big” sense of threshold concept theory, we argue the “soft” transformative effect of such concepts means they can provide important guidance for pedagogy and the design of programming courses. Further analysis of the data identified additional concepts that may hinder rather than help the learning of these threshold concepts, which we have called “accidental complexities.” We conclude the article with a critique of the use of threshold concepts as a lens for studying students’ learning of programming.",scopus,llm,0.800,unreviewed,,doi:10.1145/3283071
kept,Statistical frequency-analysis of misconceptions in object-oriented-programming - Regularized PCR models for frequency analysis across OOP concepts and related factors,R. Kelter,2018,ACM International Conference Proceeding Series,10.1145/3279720.3279727,https://www.scopus.com/inward/record.uri?partnerID=HzOxMe3b&scp=85061301172&origin=inward,qualifies-claim; method,"The object-oriented programming (OOP) paradigm is quite prominent in German secondary schools. To challenge and overcome possible difficulties in the learning process it is vital for educators to have knowledge about possible (mis-)conceptions. Traditionally, these are gathered by investigating the mental models of students, e.g. towards object-orientation. While on the one side lots of misconceptions could not be reproduced in replication studies, on the other side most of ten students are asked, while teachers could provide an overview on one or several courses. To tackle both aspects at once, this paper describes the investigation of teachers views on occurring student misconceptions regarding OOP in their lessons. Therefore misconceptions were gathered from literature and were condensed into a survey. The answers of 79 teachers are analysed regarding the frequency with which teachers register misconceptions, which of those are possibly new and by fitting linear and quadratic regression models it is investigated, which external factors, such as teaching approach, work experience or educational degree, might influence the perceived frequency of registered misconceptions. All aspects show promising results for further investigations towards the research of misconceptions in OOP.",scopus,llm_reviewed,0.990,confirmed,,doi:10.1145/3279720.3279727
discarded,Optimizing Implantable Cardioverter-Defibrillator Remote Monitoring: A Practical Guide,S. Ploux,2017,Jacc Clinical Electrophysiology,10.1016/j.jacep.2017.02.007,https://www.scopus.com/inward/record.uri?partnerID=HzOxMe3b&scp=85018420683&origin=inward,off-topic-false-hit,,scopus,llm,1.000,unreviewed,,doi:10.1016/j.jacep.2017.02.007
discarded,Optimal deployment of eventually-serializable data services,L. Michel,2011,Annals of Operations Research,10.1007/s10479-010-0684-3,https://www.scopus.com/inward/record.uri?partnerID=HzOxMe3b&scp=79952282295&origin=inward,off-topic-false-hit,"Providing consistent and fault-tolerant distributed object services is among the fundamental problems in distributed computing. To achieve fault-tolerance and to increase throughput, objects are replicated at different networked nodes. However, replication induces significant communication costs to maintain replica consistency. Eventually-Serializable Data Service (ESDS) has been proposed to reduce these costs and enable fast operations on data, while still providing guarantees that the replicated data will eventually be consistent. This paper reconsiders the deployment phase of ESDS, in which a particular implementation of communicating software components must be mapped onto a physical architecture. This deployment aims at minimizing the overall communication costs, while satisfying the constraints imposed by the protocol. Both MIP (Mixed Integer Programming) and CP (Constraint Programming) models are presented and applied to realistic ESDS instances. The experimental results indicate that both models can find optimal solutions and prove optimality. The CP model, however, provides orders of magnitude improvements in efficiency. The limitations of the MIP model and the critical aspects of the CP model are discussed. Symmetry breaking and parallel computing are also shown to bring significant benefits.",scopus,llm,1.000,unreviewed,,doi:10.1007/s10479-010-0684-3
discarded,Modifying the metaphor in order to improve understanding of control languages - The little-person becomes a cast of actors,P. Whalley,2007,British Journal of Educational Technology,10.1111/j.1467-8535.2006.00642.x,https://www.scopus.com/inward/record.uri?partnerID=HzOxMe3b&scp=34249979292&origin=inward,adjacent-subtopic,"Abstract The instructional metaphor is an important bridge to understanding, particularly when students are undertaking tasks that are conceptually difficult and outside their previous experience. It is suggested that the limitations of the implicit metaphor of the procedural control languages are the main cause of the problems experienced with delivering the control topic within the Information and Communication Technology (ICT) curriculum. These continue to dominate classroom practice despite Papert warning more than 25 years ago of the conceptual restrictions that they place on children’s thinking. It is also claimed that the procedural control languages do not provide an adequate representation of the underlying input–process–output model of control, and that this contributes to a systematic pattern of misunderstanding. Classroom trials of a graphic object‐orientated language are related to a prior study made with the procedural control language Control Logo . The relatively more sophisticated mental models developed by students working with actor‐lab are discussed in terms of the different underlying metaphors and the problem representation provided.",scopus,llm_reviewed,0.910,changed,kept->discarded,doi:10.1111/j.1467-8535.2006.00642.x
discarded,"Trustworthiness in AutoML: a multi-query systematic review of frameworks, tools, ethical dimensions, and research gaps",A.S. Albahri,2026,International Journal of Data Science and Analytics,10.1007/s41060-025-00919-4,https://www.scopus.com/inward/record.uri?partnerID=HzOxMe3b&scp=105033402387&origin=inward,off-topic-false-hit,"Automated machine learning (AutoML) has emerged as a successful approach for addressing various fields by applying ML models to real-world problems through automation and increasing accessibility for organisations without specialised data scientists. The development of AutoML involves data preparation, feature engineering, model selection, hyperparameter tuning, and model deployment. However, challenges remain in ensuring these models are trustworthy, explainable, fair, privacy preserving, and robust. Therefore, how literature addresses the automated process and the trustworthiness considerations remains unclear. This paper provides a comprehensive overview of the contributions of traditional AutoML methods and those specific to trustworthy-based AutoML, exploring critical aspects of design and development within these frameworks. This aim has been achieved using two keyword queries, capturing research across traditional AutoML methods and newer trust-focused innovations. We conducted a structured search and filtering process across five major databases-ScienceDirect, IEEE Xplore, Scopus, the Association for Computing Machinery, and Web of Science-between 2019 and 2025. We applied a multi-query systematic review process and analysed 86 peer-reviewed studies (71 traditional and 15 trustworthy focused) through qualitative synthesis and taxonomy development. We identified nine categories from 71 retrieved studies to formulate a specific taxonomy of traditional AutoML. The identification of trustworthy AutoML innovations was attributed to only 15 studies in three categories. This study is coupled with an in-depth discussion of new taxonomies, motivations, challenges, and recommendations. To evaluate these studies, we incorporated performance indicators such as method type, use of explainability tools, fairness measures, robustness handling, and application domains. The findings highlight the relative scarcity of research specifically targeting trustworthiness in AutoML, indicating key gaps in the literature. Our work highlights six research gaps related to AutoML from different perspectives. Furthermore, it critically assesses the state-of-the-art advancements of trustworthy artificial intelligence requirements in AutoML literature. This study analyses existing AutoML methods using dataset examples, then proposes protection strategies against adversarial attacks, and how to implement a multicriteria decision making (MCDM) approach enhanced by expert input. The results are discussed using both qualitative synthesis and structured comparison tables, highlighting specific capabilities, limitations, and opportunities across included studies. Researchers will benefit from this examination because it demonstrates techniques to build trustworthiness in AutoML technology, which will help advance future trustworthy AutoML investigations.",scopus,llm,1.000,unreviewed,,doi:10.1007/s41060-025-00919-4
