status,title,authors,year,venue,doi,url,tags,abstract,provider,decision_source,llm_confidence,llm_review_outcome,llm_change_direction,paper_id
discarded,Nursing history as philosophytowards a critical history of nursing,"Foth, Thomas; Lange, Jette; Smith, Kylie",2018,NURSING PHILOSOPHY,10.1111/nup.12210,https://www.webofscience.com/wos/woscc/full-record/WOS:000434643300002,off-topic-false-hit,"Mainstream nursing history often positions itself in opposition to philosophy and many nursing historians are reticent of theorizing. In the quest to illuminate the lives of nurses and women current historical approaches are driven by reformist aspirations but are based on the conception that nursing or caring is basically good and the timelessness of universal values. This has the effect of essentialising political categories of identity such as class, race and gender. This kind of history is about affirmation rather than friction and about the conservation of memory and musealization. In contrast, we will focus on how we imagine nursing history could be used as a philosophical, critical perspective to challenge the ongoing transformations of our societies. Existing reality must be confronted with strangeness and the historically different can assume the function of this counterpart, meaning present and past must continuously be set in relation to each other. Thus, critical history is always the history of the present but not merely the pre-history of the present - critique must rather present different realities and different certainties. In this paper, we use this approach to discuss the implementation of the nursing process (NP) in Germany. The nursing process appears to be a technology that helped to set up an infrastructure - or assemblage - to transform nursing interventions into a commodity exchangable between consumers and nurses in a free market. In our theoretical perspective, we argue that NP was a step in the realization of the German ordoliberal program, a specific variety of neoliberalism. In order to implement market-orientation in the healthcare system it was necessary to transform hospitals into calculable spaces and to make all performances in the hospital calculable. This radically transformed not just the systems, but the ways in which nurses and patients conveived of themselves.",wos,llm,1.000,unreviewed,,doi:10.1111/nup.12210
discarded,Teaching values in physical education classes: the perception of Brazilian teachers,"Freire, Elisabete dos Santos; Marques, Bruna Gabriela; de Jesus Miranda, Maria Luiza",2018,SPORT EDUCATION AND SOCIETY,10.1080/13573322.2016.1213715,https://www.webofscience.com/wos/woscc/full-record/WOS:000432219700005,off-topic-false-hit,"The contribution of Physical Education (PE) and School Sport to learning of values has been identified by teachers and researchers. However, we know little about how that teaching takes place during classes. This study aimed to understand the perceptions of teachers on teaching values in their classes and to analyse the conception of values that have guided their professional intervention. To do this, a qualitative study was conducted with a sample of three teachers, using class observations and interviews with the teachers as research tools. For all these teachers, teaching values is a central goal of PE classes; for two of the teachers, it is the main goal. Because of this conviction, their pedagogies prioritize the teaching of moral values over others that can be taught in PE. A belief in the possibility of teaching values in the classroom is part of the habitus of the PE teacher; it can sometimes be characterized as an illusio. For these reasons, teachers can set unrealistic expectations, disregarding their own limitations as well as the conflicts and complexity involved in the construction of value systems.",wos,llm,1.000,unreviewed,,doi:10.1080/13573322.2016.1213715
discarded,"Modernity, guilty? The role of architecture in social housing. Pruitt-Igoe as a symbol","Rosero, Veronica",2017,RITA-REVISTA INDEXADA DE TEXTOS ACADEMICOS,,https://www.webofscience.com/wos/woscc/full-record/WOS:000424587300018,off-topic-false-hit,"Taking as a reference the social housing project Pruitt-Igoe, which has been uncountably named and extensively studied since its demolition in 1972, the study approaches to an analysis of the disjunction between space, program and action, as Bernard Tschumi sets. He questions whether the relationship between architecture and user is symmetrical or asymmetric, based on the observation of events, as an unavoidable fundamental fact. In the determination if one of them dominates another, there is debate about the role of architectural design, as well as the role of the profession in social housing processes. Although it is essential to create spaces of dignified habitability and appropriate architectural design, an asymmetric relationship between action and space is evidenced. In Pruitt-Igoe's analysis there was a necessity to overcome the biased criticisms of the object (and its iconic guilt based on its conception of the modern movement) to analyse the context in which it was built, inhabited and demolished. In this perspective, Pruitt-Igoe is a widely symbolic project in the discussion about the real extent in which architecture is able to achieve social changes, being fundamental to avoid entrenched dogmas and to glimpse that social and political structures have more causal power than the architectural design.",wos,llm,1.000,unreviewed,,hash:6bf7b0f94ee7ebdf
discarded,Parenting in the Age of High-Stakes Testing: Gifted and Talented Admissions and the Meaning of Parenthood,"Roda, Allison",2017,TEACHERS COLLEGE RECORD,,https://www.webofscience.com/wos/woscc/full-record/WOS:000412872700003,off-topic-false-hit,"Background/Context: This work contributes to the growing body of scholarly and popular literature on middle-class parental anxiety and competition to ensure their children's academic success. Specifically, this study provides a better understanding of the measures parents will take to obtain high status gifted and talented (G&T) placements that advantage their own children at the expense of others, which is somewhat contradictory given the growing uneasiness they feel about putting their children through the testing process-and paying for test prep-that the system ultimately rewards. By analyzing the different ways in which White parents and parents of color conceive of good parenting in the era of high-stakes testing, I demonstrate the processes in our current educational system that help to produce inequities related to race, class, and G&T identification.

Purpose/Objective: This paper examines White parents' beliefs about parenting as it relates to their school choice preferences in the segregated and stratified New York City school system. It also compares the parenting styles and school choices of lower income general education (Gen Ed) parents of color. It explores how parents' social constructions of where their children belong in school are tied to their beliefs about parenting and doing what is best for their children in a highly competitive society and city.

Research Design: A qualitative case study was utilized to examine how a diverse group of 52 New York City parents make sense of and interact with an elementary school that offers both a segregated G&T and a Gen Ed program. The semistructured parent interview data was triangulated with school observations, a professional school-choice consultant interview, and an observation of a public school choice workshop for incoming kindergarten parents led by the consultant.

Findings/Results: The data show that White parents believe that paying for test prep, going through the ""hassle of getting your child tested for G&T,"" and receiving a high test score are symbolic of being a good parent in the system. In comparison, parents of color had different conceptions of good parenting that did not include prepping for the G&T test or getting into the G&T program, where their children would be in the minority. White parents had social networks of like-minded parents pressuring them to get into the G&T program. Black and Latino parents did not have the same G&T pressure from friends or family, nor did they view a G&T placement as giving their children extra advantages in terms of test scores or future schooling opportunities.

Conclusions/Recommendations: The findings suggest that the pressure for children to succeed on a single test feeds into parental anxiety and competition regarding getting their children into the high-status G&T program. Instead of trying to avoid an overly anxious parenting culture, the White advantaged parents in this setting get swept up in the test-prepping fad because everyone else is doing it and because of the competitive nature of obtaining a G&T seat. If policy officials want to attack the root of the G&T segregation problem, the city should consider phasing out district G&T programs altogether and instituting school-wide G&T magnets instead.",wos,llm,1.000,unreviewed,,hash:85bb04f33f90b091
discarded,Changes in milk urea around insemination are negatively associated with conception success in dairy cows,"Albaaj, A.; Foucras, G.; Raboisson, D.",2017,JOURNAL OF DAIRY SCIENCE,10.3168/jds.2016-12080,https://www.webofscience.com/wos/woscc/full-record/WOS:000396643300074,off-topic-false-hit,"Dietary protein levels are a risk factor for poor reproductive performance. Conception is particularly impaired in cases of high blood or milk urea. The objective of this study was to investigate the association between conception and low milk urea or changes in milk urea around artificial insemination (AI). Data were obtained from the French Milk Control Program for a 4-yr period (2009-2012). Milk urea values between 250 and 450 mg/kg (4.3 and 7.7 mM) were considered intermediate (I), and values <= 150 mg/kg (2.6 mM) were considered low (L). Milk urea values before and after each AI were allocated into 4 classes representing the dynamics of milk urea (before-after; I-I, I-L, L-I, and L-L). Subclinical ketosis was defined using milk fat and protein contents before AI as proxies. A logistic regression with a Poisson correction and herd as a random variable was then performed on data from Holstein or all breeds of cows. The success of conception was decreased [relative risk (95% confidence interval) = 0.96 (0.94-0.99)] in low urea cows compared with intermediate-urea cows after AI; no significant association was found for urea levels before AI. When combining data on urea before and after AI, I-L urea cows exhibited a 5 to 9% decrease in conception compared with I-I urea cows, and L-I urea cows showed no difference in conception success compared with I-I urea cows. A decreased conception success for L-L urea cows compared with I-I urea cows was observed for the analysis with cows of all breeds. This work revealed that a decrease in urea from intermediate (before AI) to low (after AI) is a risk factor for conception failure. Surveys of variation in milk urea in dairy cows close to breeding are highly recommended.",wos,llm,1.000,unreviewed,,doi:10.3168/jds.2016-12080
discarded,Cornelius Castoriadis and Claude Lefort about the Soviet Union Manageability: Political and Educational Dilemmas of the Left wing.,"Gashkov, Sergey; Rubtsova, Maria V.",2017,DILEMAS CONTEMPORANEOS-EDUCACION POLITICA Y VALORES,,https://www.webofscience.com/wos/woscc/full-record/WOS:000397337900046,off-topic-false-hit,"Nowadays, sociology put the question about the manageability: how the working class is to be managed in such a way as to avoid the domination. It is to remember, that after the Russian Socialist Revolution in 1917, the bureaucracy in Russia took place of the dominating class. The French New-Marxism was especially interested in critique and disillusionment of the bureaucratic state capitalism, and was looking for theoretical solutions of the problem of domination by the political management. In our paper, we consider the conception of psyche by Castoriadis as the demand to a social individual to be creative by management. Our study tends to prove that the managers are to be educated in such a way as to promote the autonomous society.",wos,llm,1.000,unreviewed,,hash:7cd4b7a6861674d4
discarded,Tillich on Spiritual Presence and Principled Theonomous Political Action,"Slater, Peter",2017,AMBIGUITES DE LA VIE SELON PAUL TILLICH,10.1515/9783110486254-015,https://www.webofscience.com/wos/woscc/full-record/WOS:000465299100014,off-topic-false-hit,"Tillich despaired of transposing to an Anglo-American English-speaking context his ""beliefully realistic"" Germanic conception of Geist. This essay revisits his doctrine of the Spirit in Systematic Theology, Volume III, for his philosophico-theological conception of theonomous culture in response to the ambiguity of all moral and political programs, referring also to The Socialist Decision (1933), his expositions of the Protestant Principle, and Love, Power, and Justice (1954), where he discusses how principles promote creative justice in different kairoi. In his usage, 'theonomy' avoids dualism and supernaturalism in political philosophy, seeming to privilege divine law. But his Lutheran Kerygma of anti-idolatry mostly results in negative critiques of the status quo. His subject-object accounts of existential meaning inhibit religious articulation of specific moral or political proposals. Later liberation theologians challenge Tillich on this point.",wos,llm,1.000,unreviewed,,doi:10.1515/9783110486254-015
discarded,Learning Mental Models of Human Cognitive Processing by Creating Cognitive Models,"Miwa, Kazuhisa; Kanzaki, Nana; Terai, Hitoshi; Kojima, Kazuaki; Nakaike, Ryuichi; Morita, Junya; Saito, Hitomi",2015,"ARTIFICIAL INTELLIGENCE IN EDUCATION, AIED 2015",10.1007/978-3-319-19773-9_29,https://www.webofscience.com/wos/woscc/full-record/WOS:000365041100029,adjacent-subtopic,"We investigated how creating cognitive models enhances learners' construction of mental models on human cognitive information processing. Two class practices for undergraduates and graduates were performed, in which participants were required to construct a computational running model of solving subtraction problems and then develop a bug model that simulated students' arithmetic errors. Analyses showed that by creating cognitive models, participants learned to identify buggy procedures that produce systematic errors and predict expected erroneous answers by mentally simulating the mental model. The limitation is that this benefit of creating cognitive models was observed only in participants who successfully programmed a computational model.",wos,llm,0.950,unreviewed,,doi:10.1007/978-3-319-19773-9_29
discarded,Use of gonadorelin[6-D-Phe] at day 0 or 12 after insemination to increase the conception rate in a large dairy herd in Saxony/Germany,"Freick, M.; Weber, O.; Passarge, O.; Neubert, T.",2014,TIERAERZTLICHE PRAXIS AUSGABE GROSSTIERE NUTZTIERE,,https://www.webofscience.com/wos/woscc/full-record/WOS:000346695900001,off-topic-false-hit,"Objective: To increase conception rates in lactating dairy cows by the application of a gonadotropin-releasing-hormone (GnRH)-agonist after insemination. Material and methods: A total of 3125 inseminations of 1634 cows were included in this study. The animals were randomized into three groups at the time of insemination (day 0) using the final numeral of the ear-tag number: The cows of the GnRH0 group were treated using 100 mu g gonadorelin[6-D-Phe] intramuscularly immediately after insemination (day 0), while those of the GnRH12 group were treated similarly at day 12. The cows of the control group received no hormonal treatment after insemination. An examination for pregnancy was performed at day 28 using transrectal ultrasonography. Analysis of the data sets was conducted for the number of inseminations (NI) 1-4 and for the last observed insemination of the respective cow during the experimental period, respectively. In a second step, statistical analysis was performed for the first service of cows with a lactation number of 1 versus > 1, with emphasis on the daily milk yield. In addition, a metritis diagnosed after the previous parturition was investigated as a possible factor influencing NI 1. Results: Pregnancy risk at day 28 was decreased for NI 2 (n = 792) in the GnRH0 group compared to the control group (odds ratio [OR] = 0.69; 95% confidence interval [CI95] = 0.5-1.0; p = 0.04). A similar observation was found for NI 3 (n = 495) for the GnRH12 group (OR = 0.54; CI95 = 0.3-0.9; p = 0.01). In contrast, the pregnancy risk was increased for cows with a lactation number >= 2 and with a daily milk yield >= 42.5 kg (7-day-mean at day 0) at the first service (n = 364) by treatment with gonadorelin immediately after insemination (OR = 2.0; CI95 = 1.2-3.4; p = 0.01). No significant differences in the pregnancy risk were observed for the remaining analysed classes. Conclusion: An increased conception rate was only achieved for the first service of high-yield dairy cows (lactation number >= 2) by gonadorelin treatment at day 0. Presumably, the higher incidence of delayed ovulations in this group was treated successfully by gonadorelin administration.",wos,llm,1.000,unreviewed,,hash:4b4d6f320ab6c5b7
discarded,Game of Coding: Enabling Sybil Resistant Decentralized Machine Learning,"Akbarinodehi, Hanzaleh; Cadambe, Viveck R.; Maddah-Ali, Mohammad Ali",2025,"2025 IEEE INTERNATIONAL SYMPOSIUM ON INFORMATION THEORY, ISIT",10.1109/ISIT63088.2025.11195407,https://www.webofscience.com/wos/woscc/full-record/WOS:001821502600197,off-topic-false-hit,"Decentralized machine learning (DeML) has emerged as a promising paradigm that democratizes access to AI, and motivates a wide range of users to participate and benefit from its applications. However, DeML faces fundamental challenges, particularly the computational limitations of underlying blockchain-based decentralized computing platforms. Verifiable computing solutions have been proposed to address this issue, but their applicability is limited due to the resource-intensive proof generation process and their reliance on exact computations within finite fields. Similarly, leveraging redundancy through error-correcting codes is constrained by significant trust assumption in coding theory, which requires the number of honest nodes to exceed adversarial nodes by a certain margin-a condition that is difficult to achieve and guarantee in decentralized systems. To address these challenges, the game of coding framework has been introduced, providing valuable insights for decentralized applications like DeML within trust-minimized, incentive-driven environments. In such environments, participant nodes are rewarded as long as the system remains functional (live). This incentivizes adversaries to maximize their rewards (utility) by ensuring that the decoder, as the data collector (DC), successfully recovers the data, preferably with a high estimation error. This rational behavior is leveraged in a game-theoretic framework, where the equilibrium leads to a robust and resilient system, referred to as the game of coding. In this paper, we generalize the game of coding framework to scenarios with N >= 2 nodes, exploring critical aspects of system behavior. Specifically, we (i) demonstrate that the adversary's utility at equilibrium is non-increasing with additional adversarial nodes, ensuring no gain for the adversary and no pain for the DC, thus establishing the game of coding framework's Sybil resistance; (ii) show that increasing the number of honest nodes does not always enhance the DC's utility, providing examples and proposing an algorithm to identify and mitigate this counterintuitive effect; and (iii) outline the optimal strategies for both the DC and the adversary, demonstrating that the system achieves enhanced liveness at equilibrium, in contrast to conventional coding theory, which results in zero liveness in trust-minimized settings.",wos,llm,1.000,unreviewed,,doi:10.1109/isit63088.2025.11195407
