status,title,authors,year,venue,doi,url,tags,abstract,provider,decision_source,llm_confidence,llm_review_outcome,llm_change_direction
discarded,Animation Metaphors for Object-Oriented Concepts,Jorma Sajaniemi; Pauli Byckling; Petri Gerdt,2007,Electronic Notes in Theoretical Computer Science,10.1016/j.entcs.2007.01.037,https://openalex.org/W2118014692,adjacent-subtopic; teaching; animation-metaphors,"Program visualization and animation has traditionally been done at the level of the programming language and its implementation in a computer. However, novices do not know these concepts and visualizations that build upon programming language implementation may easily fail in helping novices to learn programming concepts. Metaphor, on the contrary, involves the presentation of a new idea in terms of a more familiar one and can facilitate active learning. This paper applies a metaphor approach to object-oriented programming by presenting new metaphors for such concepts as class, object, object instantiation, method invocation, parameter passing, object reference, and garbage collection. The use of these metaphors in introductory programming education is also discussed.",openalex,llm,0.900,unreviewed,
discarded,Teaching and learning introductory programming : a model-based approach,Jens Bennedsen,2008,Duo Research Archive (University of Oslo),,https://openalex.org/W2466857371,adjacent-subtopic; teaching; objects-first,"The dissertation identifies and discusses impact of a model-based approach to teaching and learning introductory object-oriented programming both for practitioners and for computer science education research.Learning to program is notoriously difficult. This dissertation investigates ways to teach introductory object-oriented programming at the university level. It focuses on a model-based approach, describes and argues for this approach and investigates several of its aspects. It gives an overview of the research in teaching introductory programming in an objects-first way. The dissertation also investigates ways for university teachers to share and document best practices in teaching introductory object-oriented programming through pedagogical patterns. The dissertation addresses both traditional young full-time students and experienced programmers (although not in object-orientation) participating in part-time education. It examines whether the same success factors for learning programming apply to a model-based approach as to introductory programming courses in general for full-time students and gives a general overview of research in success factors for introductory programming. Some factors are the same, because students‘ math competence is positively correlated with their success. The dissertation examines how experienced programmers link a model-based programming course to their professional practices. The general answer is that the part-time students do not need to have a direct link to their specific work-practice, they expect to create the link themselves; but the teacher must be aware of the conditions facing the part-time students in industry. Furthermore, the dissertation addresses interaction patterns for part-time students learning model-based introductory programming in a net-based environment. A previously prepared solution to an exercise is found to mediate the interaction in three different ways. Design patterns have had a major impact on the quality of object-oriented software. Inspired by this, researchers have suggested pedagogical patterns for sharing best practices in teaching introductory object-oriented programming. It was expected that university teachers‘ knowledge of pedagogical patterns was limited, but this research proved that to be wrong; about half of the teachers know pedagogical patterns. One of the problems this dissertation identifies is the lack of a structuring principle for pedagogical patterns; potential users have problems identifying the correct patterns to apply. An alternative structuring principle based on a constructivist learning theory is suggested and analysed.",openalex,llm,0.900,unreviewed,
discarded,Education Technology: An Evidence-Based Review,Maya Escueta; Vincent Quan; Andre Nickow; Philip Oreopoulos,2017,National Bureau of Economic Research,10.3386/w23744,https://openalex.org/W2753127894,off-topic-false-hit; education-technology-review,"In recent years, there has been widespread excitement around the potential for technology to transform learning. As investments in education technology continue to grow, students, parents, and teachers face a seemingly endless array of education technologies from which to choosefrom digital personalized learning platforms to educational games to online courses. Amidst the excitement, it is important to step back and understand how technology can help-or in some cases hinder-how students learn. This review paper synthesizes and discusses experimental evidence on the effectiveness of technology-based approaches in education and outlines areas for future inquiry. In particular, we examine RCTs across the following categories of education technology: (1) access to technology, (2) computer-assisted learning, (3) technology-enabled behavioral interventions in education, and (4) online learning. While this review focuses on literature from developed countries, it also draws upon extensive research from developing countries. We hope this literature review will advance the knowledge base of how technology can be used to support education, outline key areas for new experimental research, and help drive improvements to the policies, programs, and structures that contribute to successful teaching and learning.",openalex,llm,0.990,unreviewed,
discarded,Transition to object-oriented software development,Mohamed E. Fayad; Wei‐Tek Tsai; Milton L. Fulghum,1996,Communications of the ACM,10.1145/230798.230811,https://openalex.org/W2012103853,adjacent-subtopic; transition-to-oo,"article Free Access Share on Transition to object-oriented software development Authors: Mohamed E. Fayad Computer Science/171, University of Nevada, Reno, NV Computer Science/171, University of Nevada, Reno, NVView Profile , Wei-Tek Tsai Computer Science Department, University of Minnesota, Minneapolis, MN Computer Science Department, University of Minnesota, Minneapolis, MNView Profile , Milton L. Fulghum Flight Safety International, St. Louis, MO Flight Safety International, St. Louis, MOView Profile Authors Info & Claims Communications of the ACMVolume 39Issue 2Feb. 1996pp 108–121https://doi.org/10.1145/230798.230811Published:01 February 1996Publication History 41citation1,961DownloadsMetricsTotal Citations41Total Downloads1,961Last 12 Months58Last 6 weeks14 Get Citation AlertsNew Citation Alert added!This alert has been successfully added and will be sent to:You will be notified whenever a record that you have chosen has been cited.To manage your alert preferences, click on the button below.Manage my AlertsNew Citation Alert!Please log in to your account Save to BinderSave to BinderCreate a New BinderNameCancelCreateExport CitationPublisher SiteeReaderPDF",openalex,llm,0.750,unreviewed,
discarded,"Creativity, Critical Thinking, Communication, and Collaboration: Assessment, Certification, and Promotion of 21st Century Skills for the Future of Work and Education",Branden Thornhill-Miller; Anaëlle Camarda; Maxence Mercier; Jean‐Marie Burkhardt; Tiffany Morisseau; Samira Bourgeois‐Bougrine; Florent Vinchon; Stephanie El Hayek; Myriam Augereau-Landais; Florence Mourey; Cyrille Feybesse; Daniel Sundquist; Todd Lubart,2023,Journal of Intelligence,10.3390/jintelligence11030054,https://openalex.org/W4327597860,off-topic-false-hit; education-skills,"This article addresses educational challenges posed by the future of work, examining “21st century skills”, their conception, assessment, and valorization. It focuses in particular on key soft skill competencies known as the “4Cs”: creativity, critical thinking, collaboration, and communication. In a section on each C, we provide an overview of assessment at the level of individual performance, before focusing on the less common assessment of systemic support for the development of the 4Cs that can be measured at the institutional level (i.e., in schools, universities, professional training programs, etc.). We then present the process of official assessment and certification known as “labelization”, suggesting it as a solution both for establishing a publicly trusted assessment of the 4Cs and for promoting their cultural valorization. Next, two variations of the “International Institute for Competency Development’s 21st Century Skills Framework” are presented. The first of these comprehensive systems allows for the assessment and labelization of the extent to which development of the 4Cs is supported by a formal educational program or institution. The second assesses informal educational or training experiences, such as playing a game. We discuss the overlap between the 4Cs and the challenges of teaching and institutionalizing them, both of which may be assisted by adopting a dynamic interactionist model of the 4Cs—playfully entitled “Crea-Critical-Collab-ication”—for pedagogical and policy-promotion purposes. We conclude by briefly discussing opportunities presented by future research and new technologies such as artificial intelligence and virtual reality.",openalex,llm,0.990,unreviewed,
discarded,Authentication and Data Hiding Using a Hybrid ROI-Based Watermarking Scheme for DICOM Images,Osamah M. Al-Qershi; Bee Ee Khoo,2009,Journal of Imaging Informatics in Medicine,10.1007/s10278-009-9253-1,https://openalex.org/W1975242935,off-topic-false-hit; watermarking; data-hiding,,openalex,llm,0.990,unreviewed,
discarded,Requirements for a first year object-oriented teaching language,Michael Kölling; Bett Koch; John Rosenberg,1995,,10.1145/199688.199770,https://openalex.org/W2003254916,adjacent-subtopic; teaching-language; general-oop,"Interest in teaching object-oriented programming in first year computer science courses has increased substantially over the last few years. While the theoretical advantages are clear, it is not obvious that the available object-oriented languages are suitable for this purpose. None of the existing languages is appropriate for teaching object-oriented principles. In this paper we discuss the requirements for an object-oriented teaching language and draw attention to the deficiencies of existing languages. In particular, the paper examines C++, Smalltalk, Eiffel and Sather. Finally we outline characteristics of a new language, specifically designed for teaching purposes.",openalex,llm,0.900,unreviewed,
discarded,"DYNAMICS OF RUSSIAN STUDENTS' TIME BUDGETS IN THE CONDITIONS OF CLASSROOM-BASED, REMOTE AND ""HYBRID"" FORMS OF LEARNING","Shtompel, Liudmila A.; Shtompel, Oleg M.; Tikhomirova, Ekaterina G.; Kostromitskaya, Anna, V",2022,VESTNIK TOMSKOGO GOSUDARSTVENNOGO UNIVERSITETA-FILOSOFIYA-SOTSIOLOGIYA-POLITOLOGIYA-TOMSK STATE UNIVERSITY JOURNAL OF PHILOSOPHY SOCIOLOGY AND POLITICAL SCIENCE,10.17223/1998863X/69/18,https://www.webofscience.com/wos/woscc/full-record/WOS:000942121700018,off-topic-false-hit; education-sociology,"The transfer of education in universities to distance and ""hybrid"" (which combines remote and classroom forms) models was carried out as part of the introduction of antiCOVID restrictions (the 2020-2021 academic year). The conditions of necessary selfisolation influenced all the aspects of students' life: from study sessions and work during extracurricular hours to ways of communication and spending free time. In this regard, an urgent problem is to determine changes in students' time budgets in the conditions of self-isolation in comparison with the "" pre-COVID"" period. For this purpose, a study was conducted, the object of which was 205 students of three universities (Southern Federal University, Don State Technical University (Rostov- on-Don), and V.I. Vernadsky Crimean Federal University (Simferopol) over the period from November 2019 to March 2021. The method of self-photographing with the help of chronocards was chosen as the main research method. The accuracy of measurements was 15 minutes; the term for filling one chronocard was one week. An essay about the most memorable day and a written analysis of the subjective assessment of students' satisfaction with their time management were also used. The main conclusions of the study are as follows. First, the time allotted for studies at universities in the ""pre-COVID"" and ""COVID"" periods did not change significantly, since all three surveyed universities (within the studied areas of training) were ready to transfer to the distance teaching and learning mode. The difference in the time of university classes was preserved, due to the difference in the Master's and Bachelor's degree programs. Second, during the pandemic period, there was a contradictory tendency for further individualization and, to a certain extent, ""encapsulation"", isolation of individual time and, at the same time, expansion, increase, ""verification"" of time in the virtual space of the Internet. Third, the border between study, work, self-education, leisure and current everyday practices was destriyed during the pandemic due to the simultaneous implementation of various types of activities and increased use of distance learning, remote work and communication. Fourth, during the period of ""anti-COVID"" restrictions, the time that students spent on self-education increased, although mainly in the remote mode. The tendency for students to combine paid work with university learning continued. Fifth, everyday current household practices transformed into the hygiene of the home space and tended to take more time, due to a longer stay at home during partial isolation.",wos,llm,0.990,unreviewed,
discarded,Model-Oriented Programming as a Consequence of the Structural Theory of Multi-Component Complex Systems,"Brodsky, Yury, I; Kruglov, Leonid, V",2021,INTERNATIONAL JOURNAL OF EDUCATION AND INFORMATION TECHNOLOGIES,10.46300/9109.2021.15.1,https://www.webofscience.com/wos/woscc/full-record/WOS:000644871500001,adjacent-subtopic; new-programming-paradigm; mentions-encapsulation,"The paper offers a new programming paradigm, which implements CAD methods in programming, The level of encapsulation in model-oriented programming is higher than in the object-oriented approach. The key features of the MO-programming are declarative style (no imperative programs), and focusing on the distributed and high-performance calculations. The method proposed is based on the structural theory of multi-component complex systems, and is applicable for a rather wide class of tasks including the elaboration of simulation models of such systems.",wos,llm,0.850,unreviewed,
discarded,Development of a Web-based Support System for Object Oriented Programming Exercises with Graphics Programming,"Asano, Yuya; Kagawa, Koji",2019,2019 18TH INTERNATIONAL CONFERENCE ON INFORMATION TECHNOLOGY BASED HIGHER EDUCATION AND TRAINING (ITHET 2019),,https://www.webofscience.com/wos/woscc/full-record/WOS:000526385500021,adjacent-subtopic; teaching; learning-support,"Learners of object-oriented programming (OOP) languages need to understand several OOP concepts such as encapsulation, polymorphism and inheritance. Procedural languages often learned in the introductory programming course do not have these concepts. Even when learners understand these concepts through examples, they generally do not always appreciate their usefulness. Besides, learners need to understand several design techniques of OOP as well as the basic concepts of OOP. This paper proposes a Web -based learning support system using graphics programming for understanding concepts and design techniques of OOP.",wos,llm,0.900,unreviewed,
discarded,A Propriety Multiplatform Game-based Learning Game to Learn Object-Oriented Programming,"Seng, Wong Yoke; Yatim, Maizatul Hayati Mohamad",2018,2018 7TH INTERNATIONAL CONGRESS ON ADVANCED APPLIED INFORMATICS (IIAI-AAI 2018),10.1109/IIAI-AAI.2018.00060,https://www.webofscience.com/wos/woscc/full-record/WOS:000494425300049,adjacent-subtopic; teaching; game-based-learning,"In order to understand the important of object-oriented programming in tertiary level, a propriety game-based learning multiplatform game has been designed and develops as a learning tool to improve the student understanding toward object-oriented programming paradigm such as encapsulation, abstraction, inheritance and polymorphism. The proposed game is a 2D role-playing game in computer and mobile platform that allow players to learn Object-Oriented programming in an interaction way. Players will play along the flow of each game world and they will learn object-oriented programming paradigm subconsciously. Total of 214 undergraduate year one student had been participate to this research to determine the proposed game that design based on game-based learning approach is able to improve their understanding toward object-oriented programming paradigm compare to the traditional teaching and learning method. Thus, this paper is a research paper of an academic who worked with game designers, game developer to design and develop a propriety game-based learning game for learning object-oriented programming.",wos,llm,0.900,unreviewed,
discarded,Peer Review in CS2: Conceptual Learning and High-Level Thinking,"Turner, Scott Alexander; Perez-Quinones, Manuel A.; Edwards, Stephen H.",2018,ACM TRANSACTIONS ON COMPUTING EDUCATION,10.1145/3152715,https://www.webofscience.com/wos/woscc/full-record/WOS:000455984600003,adjacent-subtopic; teaching; peer-review,"In computer science, students could benefit from exposure to critical programming concepts from multiple perspectives. Peer review is one method to allow students to experience authentic uses of the concepts in an activity that is not itself programming. In this work, we examine how to implement the peer review process in early, object-oriented computer science courses as a way to increase the students' knowledge of programming concepts, specifically Abstraction, Decomposition, and Encapsulation, and to develop their higher-level thinking skills. We are exploring the peer review process, the effects of the type of review on the reviewers, and the results this has on the students' learning.

To study these ideas, we used peer review activities in CS2 classes at two universities over the course of a semester. Using three groups (one reviewing their peers, one reviewing the instructor, and one completing small design or coding assignments), we measured the students' conceptual understanding throughout the semester with concept maps and the reviews they completed. We found that reviewing helped students learn Decomposition, especially those reviewing the instructor's programs, but we did not find that it improved the students' level of thinking. Overall, reviews (peer or otherwise) are beneficial for teaching Decomposition to CS2 students and can be used as an alternative method for teaching other object-oriented programming concepts.",wos,llm,0.920,unreviewed,
discarded,A propriety game based learning mobile game to learn Object-Oriented Programming - Odyssey of Phoenix,"Wong, Yoke Seng; Hayati, Maizatul; Yatim, Mohamad; Hoe, Tan Wee",2017,"PROCEEDINGS OF 2017 IEEE 6TH INTERNATIONAL CONFERENCE ON TEACHING, ASSESSMENT, AND LEARNING FOR ENGINEERING (TALE)",,https://www.webofscience.com/wos/woscc/full-record/WOS:000426450300072,adjacent-subtopic; teaching; game-based-learning,"In order to understand the significant of object-oriented programming, a propriety game-based learning mobile game has been designed and develops as a learning tool to improve the student understanding toward object-oriented programming paradigm such as encapsulation, abstraction, inheritance and polymorphism. The proposed game is a 2D role-playing mobile game named Odyssey of Phonies that allow players to learn Object-Oriented programming in an easy and interaction platform. Players will play along the flow of each game world and they will learn object-oriented programming paradigm easily. A group of 20 undergraduate degree year 1 student had been selected to participate the pilot study to determine the proposed game is able to improve their understanding toward object-oriented programming paradigm and determine the significant different between the traditional teaching and traditional teaching with game-based learning approach. Thus, this paper is a case study of an academic who worked with game designers, game developer to design and develop a propriety game-based learning game for learning object-oriented programming.",wos,llm,0.900,unreviewed,
