status,title,authors,year,venue,doi,url,tags,abstract,provider,decision_source,llm_confidence,llm_review_outcome,llm_change_direction
discarded,Bioactivity and Bioavailability of Tea (Camelia sinensis) and its Possible Effect on Disease Prevention and Health Promotion: A Narrative Review,"Benabdallah, Amina; Ben Miri, Yamina; Nouasri, Ahmed; Kirkin, Celale; Tacer-Caba, Zeynep; Topkaya, Cansu; Kandyliari, Aikaterini; Dogu-Baykut, Esra; Elcik, Berfin Eda; Koutelidakis, Antonios E.",2026,CURRENT PHARMACEUTICAL BIOTECHNOLOGY,10.2174/0113892010460843260622050826,https://www.webofscience.com/wos/woscc/full-record/WOS:001854788500001,off-topic-false-hit; tea-bioavailability; encapsulation,"Tea (Camellia sinensis) is a major dietary source of bioactive polyphenols, particularly catechins, which have been extensively investigated for their potential health-promoting properties. This narrative review provides a critical and integrative assessment of the current evidence, systematically differentiating mechanistic findings from preclinical and clinical data, with particular emphasis on bioavailability and translational relevance. While experimental studies consistently demonstrate strong biological activity under controlled conditions, clinical outcomes in humans remain heterogeneous and, in some cases, contradictory. Variability in dose, formulation, intervention duration, population characteristics, and the limited systemic availability of catechins appear to contribute substantially to these inconsistencies. By comparatively analyzing conventional and nano-enabled delivery strategies, this review highlights key factors of encapsulation efficiency, stability, release behavior, safety, and regulatory considerations that influence clinical application. The main contribution of this review lies in bridging mechanistic evidence with clinical translation, identifying methodological limitations across study types, and outlining critical research gaps that must be addressed to support evidence-based therapeutic or preventive applications of tea polyphenols.",wos,llm,1.000,unreviewed,
discarded,Smart pH-Responsive Itaconic Acid/β-Cyclodextrin Microgels: Revolutionizing Ticagrelor Solubility and Delivery,Imtiaz R.,2027,Journal of Pharmaceutical Innovation,10.1007/s12247-026-10801-w,https://www.scopus.com/inward/record.uri?partnerID=HzOxMe3b&scp=105043711053&origin=inward,off-topic-false-hit; drug-delivery-microgels,,scopus,llm,0.990,unreviewed,
discarded,Physical decoupling and kinetic mechanisms of the combustion inertness of pressurized coal gasification fine slag,Yang X.,2027,Fuel,10.1016/j.fuel.2026.140804,https://www.scopus.com/inward/record.uri?partnerID=HzOxMe3b&scp=105045468246&origin=inward,off-topic-false-hit; coal-gasification,,scopus,llm,0.980,unreviewed,
discarded,"Innovative Nanocarrier-Based Topical Delivery of Phytoconstituents for Atopic Dermatitis: Formulation Advances, Clinical Evidence, and Patent Landscape",Sahu A.,2027,Journal of Pharmaceutical Innovation,10.1007/s12247-026-10924-0,https://www.scopus.com/inward/record.uri?partnerID=HzOxMe3b&scp=105047405022&origin=inward,off-topic-false-hit; nanocarrier-delivery,,scopus,llm,0.990,unreviewed,
discarded,Electronegativity-driven electron modulation of Pt active sites in bimetallic heterostructured catalysts for enhanced liquid organic hydrogen carriers dehydrogenation,Gong X.,2027,Applied Catalysis B Environmental,10.1016/j.apcatb.2026.127318,https://www.scopus.com/inward/record.uri?partnerID=HzOxMe3b&scp=105046813478&origin=inward,off-topic-false-hit; catalysis,,scopus,llm,0.980,unreviewed,
discarded,An immunomodulatory hydrogel encapsulating dental follicle stem cell-derived small extracellular vesicles promotes neutrophil clearance and periodontal bone regeneration,Li M.,2027,Biomaterials,10.1016/j.biomaterials.2026.124522,https://www.scopus.com/inward/record.uri?partnerID=HzOxMe3b&scp=105046721345&origin=inward,off-topic-false-hit; hydrogel-encapsulating-vesicles,,scopus,llm,1.000,unreviewed,
discarded,Nanoscale copper ethoxide enables immunologically enhanced hepatoma radio-immunotherapy via synergistic cuproptosis and metabolic oxidative stress,Liu S.,2027,Biomaterials,10.1016/j.biomaterials.2026.124532,https://www.scopus.com/inward/record.uri?partnerID=HzOxMe3b&scp=105046592115&origin=inward,off-topic-false-hit; nanomedicine,,scopus,llm,0.980,unreviewed,
discarded,DNA nanoreactor-programmed interface modulation of Schottky junctions via etching for ultrasensitive dual-modal biosensing,Zhang H.,2027,Talanta,10.1016/j.talanta.2026.130481,https://www.scopus.com/inward/record.uri?partnerID=HzOxMe3b&scp=105047850339&origin=inward,off-topic-false-hit; biosensing,,scopus,llm,0.980,unreviewed,
discarded,Carbon dots/covalent organic framework composites: From architecture design to advanced versatile applications,Li Z.,2027,Carbon,10.1016/j.carbon.2026.122016,https://www.scopus.com/inward/record.uri?partnerID=HzOxMe3b&scp=105048245037&origin=inward,off-topic-false-hit; materials-applications,,scopus,llm,0.980,unreviewed,
discarded,Robust chaos-driven thumbnail-preserving encryption for medical diagnosis platforms,Fan Z.,2027,Expert Systems with Applications,10.1016/j.eswa.2026.134000,https://www.scopus.com/inward/record.uri?partnerID=HzOxMe3b&scp=105047832947&origin=inward,off-topic-false-hit; encryption,,scopus,llm,0.990,unreviewed,
discarded,Long-lived thermally activated delayed fluorescence by oxygen defect-assisted exciton recombination in boric oxide-based composites incorporated with benzimidazole-derived carbon dots,Rao X.,2027,Spectrochimica Acta Part A Molecular and Biomolecular Spectroscopy,10.1016/j.saa.2026.128482,https://www.scopus.com/inward/record.uri?partnerID=HzOxMe3b&scp=105045569444&origin=inward,off-topic-false-hit; spectroscopy-materials,,scopus,llm,0.980,unreviewed,
discarded,Design of potato protein–maltodextrin complexes as wall materials for linseed oil microencapsulation,Wachowicz M.,2027,Powder Technology,10.1016/j.powtec.2026.123033,https://www.scopus.com/inward/record.uri?partnerID=HzOxMe3b&scp=105046512261&origin=inward,off-topic-false-hit; microencapsulation; food-materials,,scopus,llm,1.000,unreviewed,
discarded,Defining biomaterial-driven design principles for bioabsorbable flow diverters: current state and perspectives,Di Lorenzo A.,2027,Bioactive Materials,10.1016/j.bioactmat.2026.07.045,https://www.scopus.com/inward/record.uri?partnerID=HzOxMe3b&scp=105046008917&origin=inward,off-topic-false-hit; biomaterials-design,,scopus,llm,0.980,unreviewed,
discarded,"Engineering thiolated food-grade biopolymers as redox-adaptive materials: A systematic investigation of mechanisms, techno-functional performance, and translational frontiers",Joolaei Ahranjani P.,2027,Food Hydrocolloids,10.1016/j.foodhyd.2026.113123,https://www.scopus.com/inward/record.uri?partnerID=HzOxMe3b&scp=105044494746&origin=inward,off-topic-false-hit; food-biopolymers,,scopus,llm,0.980,unreviewed,
discarded,Dual confinement by a mesoporous CeO2 shell in a sintering- and coking-resistant Ni-CaO material for hydrogen production via sorption-enhanced steam gasification of biomass,Gao P.,2027,Biomass and Bioenergy,10.1016/j.biombioe.2026.109685,https://www.scopus.com/inward/record.uri?partnerID=HzOxMe3b&scp=105041466702&origin=inward,off-topic-false-hit; biomass-gasification,,scopus,llm,0.990,unreviewed,
discarded,The Cryptographic Layer of Biometric Authentication,Chen K.Y.,2027,Lecture Notes in Computer Science,10.1007/978-3-032-32575-4_11,https://www.scopus.com/inward/record.uri?partnerID=HzOxMe3b&scp=105047050894&origin=inward,off-topic-false-hit; biometric-authentication,,scopus,llm,0.990,unreviewed,
discarded,Toward autonomous food preservation through essential oil-based nanoformulations coupled with AI and foodomics for real-time safety and shelf-life prediction,Bhuiyan M.N.I.,2027,Food Control,10.1016/j.foodcont.2026.112455,https://www.scopus.com/inward/record.uri?partnerID=HzOxMe3b&scp=105043845505&origin=inward,off-topic-false-hit; food-preservation; nanoformulations,,scopus,llm,0.980,unreviewed,
discarded,A Comprehensive Literature Review on Image Steganography Based on CNN and GAN Architectures,Gupta R.,2027,Lecture Notes in Networks and Systems,10.1007/978-3-032-31523-6_10,https://www.scopus.com/inward/record.uri?partnerID=HzOxMe3b&scp=105048243857&origin=inward,off-topic-false-hit; image-steganography-review,,scopus,llm,1.000,unreviewed,
discarded,Blockchain-Assisted Policy-Hiding Attribute-Based Multi-Keyword Searchable Encryption for Web 3.0 Data Sharing,Ding G.,2027,Lecture Notes in Computer Science,10.1007/978-981-92-3381-6_2,https://www.scopus.com/inward/record.uri?partnerID=HzOxMe3b&scp=105046489300&origin=inward,off-topic-false-hit; policy-hiding-encryption,,scopus,llm,1.000,unreviewed,
discarded,A bifunctional ZIF-8 nanoprobe with spatially decoupled ratiometric channels for hydrogel-based portable detection of Staphylococcus aureus,Liang J.,2026,Spectrochimica Acta Part A Molecular and Biomolecular Spectroscopy,10.1016/j.saa.2026.128441,https://www.scopus.com/inward/record.uri?partnerID=HzOxMe3b&scp=105044859371&origin=inward,off-topic-false-hit; hydrogel-portable-detection,,scopus,llm,0.990,unreviewed,
discarded,"Synthesis, photophysical and docking studies of a novel isoxazolidine–benzimidazole hybrid and preliminary cytotoxic evaluation: Binding interactions with DNA and β-cyclodextrin",Alrthea M.,2026,Journal of Molecular Structure,10.1016/j.molstruc.2026.147106,https://www.scopus.com/inward/record.uri?partnerID=HzOxMe3b&scp=105044979284&origin=inward,off-topic-false-hit; cyclodextrin-binding,,scopus,llm,0.990,unreviewed,
discarded,Dynamic in-situ reconstruction of soft-rigid Fe3Se4/MnSe heterostructures: self-adaptive interfaces and d-band center engineering for high-rate Li/Na-ion storage,Huang C.,2026,Journal of Colloid and Interface Science,10.1016/j.jcis.2026.141165,https://www.scopus.com/inward/record.uri?partnerID=HzOxMe3b&scp=105044996718&origin=inward,off-topic-false-hit; materials-energy-storage,,scopus,llm,0.990,unreviewed,
discarded,Influence of β-cyclodextrin on the release mechanism of genistein from poly(vinyl alcohol) matrices,Kujawski W.,2026,Spectrochimica Acta Part A Molecular and Biomolecular Spectroscopy,10.1016/j.saa.2026.128455,https://www.scopus.com/inward/record.uri?partnerID=HzOxMe3b&scp=105044991376&origin=inward,off-topic-false-hit; release-mechanism; cyclodextrin,,scopus,llm,0.990,unreviewed,
discarded,"Eugenia caryophyllata Thunb.: A comprehensive review of the traditional uses, phytochemistry, pharmacology, and quality control",Yang X.,2026,Journal of Ethnopharmacology,10.1016/j.jep.2026.122073,https://www.scopus.com/inward/record.uri?partnerID=HzOxMe3b&scp=105042598764&origin=inward,off-topic-false-hit; ethnopharmacology,,scopus,llm,0.980,unreviewed,
discarded,Overcoming thermal barriers in DSPC liposome manufacturing through temperature-controlled microfluidics: Process optimization and physicochemical and biological evaluation,Akar S.,2026,Colloids and Surfaces A Physicochemical and Engineering Aspects,10.1016/j.colsurfa.2026.141554,https://www.scopus.com/inward/record.uri?partnerID=HzOxMe3b&scp=105047659369&origin=inward,off-topic-false-hit; liposome-manufacturing,,scopus,llm,0.990,unreviewed,
discarded,Encapsulation techniques for targeted delivery of probiotics and nutrients in gut health and metabolism enhancement,Elumalai M.,2026,Discover Food,10.1007/s44187-026-01141-2,https://www.scopus.com/inward/record.uri?partnerID=HzOxMe3b&scp=105047659222&origin=inward,off-topic-false-hit; probiotics-delivery; encapsulation,,scopus,llm,1.000,unreviewed,
discarded,"Polyethylene glycol encapsulation enhances phytol-induced oxidative stress, mitochondrial dysfunction and apoptotic death in oral carcinoma cells",Murugan P.,2026,Toxicology in Vitro,10.1016/j.tiv.2026.106293,https://www.scopus.com/inward/record.uri?partnerID=HzOxMe3b&scp=105047040572&origin=inward,off-topic-false-hit; polyethylene-glycol-encapsulation,,scopus,llm,1.000,unreviewed,
discarded,"Tea tree essential oil as a natural food preservative: Advances in extraction, bioactivity, and encapsulation strategies",Qin J.,2026,Food Control,10.1016/j.foodcont.2026.112367,https://www.scopus.com/inward/record.uri?partnerID=HzOxMe3b&scp=105041197766&origin=inward,off-topic-false-hit; food-encapsulation; essential-oil,,scopus,llm,1.000,unreviewed,
discarded,Encapsulation of marjoram essential oil in gellan gum-whey protein nanocomplex embedded in inulin-kappa-carrageenan hydrogel: Physicochemical and rheological properties as a fat substitute,Asadi G.,2026,Applied Food Research,10.1016/j.afres.2026.102345,https://www.scopus.com/inward/record.uri?partnerID=HzOxMe3b&scp=105043682627&origin=inward,off-topic-false-hit; nanocomplex-encapsulation; food,,scopus,llm,1.000,unreviewed,
discarded,Intelligent label-free droplet microfluidic sorting system for single-cell encapsulation and morphology-guided screening,Guo K.,2026,Microsystems and Nanoengineering,10.1038/s41378-026-01349-3,https://www.scopus.com/inward/record.uri?partnerID=HzOxMe3b&scp=105041066182&origin=inward,off-topic-false-hit; single-cell-encapsulation; microfluidics,,scopus,llm,1.000,unreviewed,
discarded,"Supramolecular encapsulation of indigo with β-cyclodextrin and Hydroxypropyl-β-cyclodextrin: a sustainable strategy for enhanced solubility, stability, and reducing agent-free dyeing processes",Devi K.M.,2026,Bioresources and Bioprocessing,10.1186/s40643-026-01065-w,https://www.scopus.com/inward/record.uri?partnerID=HzOxMe3b&scp=105039517733&origin=inward,off-topic-false-hit; supramolecular-encapsulation,,scopus,llm,1.000,unreviewed,
discarded,"Computational Screening, Nano-Zeolite Formulation, and In Vitro Evaluation of 8-Hydroxyergotamine Against SARS-CoV-2 3CLpro",Elbas M.A.,2026,Journal of Pharmaceutical Innovation,10.1007/s12247-026-10862-x,https://www.scopus.com/inward/record.uri?partnerID=HzOxMe3b&scp=105043284884&origin=inward,off-topic-false-hit; nano-zeolite-formulation,,scopus,llm,0.990,unreviewed,
discarded,Integrating machine learning and physics-based modeling for predictive design of gemcitabine-loaded nanocomposites,Rahdar A.,2026,Scientific Reports,10.1038/s41598-026-37098-6,https://www.scopus.com/inward/record.uri?partnerID=HzOxMe3b&scp=105030084294&origin=inward,off-topic-false-hit; nanocomposites; drug-loading,,scopus,llm,0.990,unreviewed,
discarded,Methods for the fabrication of polyelectrolyte capsules for different biomedical applications,Roy S.,2026,Discover Nano,10.1186/s11671-025-04345-0,https://www.scopus.com/inward/record.uri?partnerID=HzOxMe3b&scp=105029279945&origin=inward,off-topic-false-hit; polyelectrolyte-capsules,,scopus,llm,1.000,unreviewed,
discarded,Post-quantum cryptographic authentication protocol for industrial IoT using lattice-based cryptography,Shahid A.B.,2026,Scientific Reports,10.1038/s41598-025-28413-8,https://www.scopus.com/inward/record.uri?partnerID=HzOxMe3b&scp=105034309741&origin=inward,off-topic-false-hit; cryptography; industrial-iot,,scopus,llm,0.990,unreviewed,
discarded,Multilayer plant-based carriers as sustainable delivery systems for functional foods: A critical review,Yousefi M.,2026,Food Hydrocolloids for Health,10.1016/j.fhfh.2026.100299,https://www.scopus.com/inward/record.uri?partnerID=HzOxMe3b&scp=105044300002&origin=inward,off-topic-false-hit; functional-foods; delivery-systems,,scopus,llm,0.990,unreviewed,
discarded,Magnetic artificial spores for robust interfacial biodesulfurization in pickering emulsions,Yang X.,2026,Bioresource Technology,10.1016/j.biortech.2026.135582,https://www.scopus.com/inward/record.uri?partnerID=HzOxMe3b&scp=105046623154&origin=inward,off-topic-false-hit; biodesulfurization,,scopus,llm,0.980,unreviewed,
discarded,"Nutraceuticals for health: Evidence, emerging delivery systems, and current trends",Saleena L.A.K.,2026,Food and Humanity,10.1016/j.foohum.2026.101451,https://www.scopus.com/inward/record.uri?partnerID=HzOxMe3b&scp=105048220274&origin=inward,off-topic-false-hit; nutraceutical-delivery,,scopus,llm,0.980,unreviewed,
discarded,Synthesis of model composite mineral particles for flotation studies: A review,Nyarko D.,2026,Minerals Engineering,10.1016/j.mineng.2026.110741,https://www.scopus.com/inward/record.uri?partnerID=HzOxMe3b&scp=105046537413&origin=inward,off-topic-false-hit; mineral-particles; encapsulation,,scopus,llm,0.980,unreviewed,
discarded,"Oral Insulin Delivery: Biological Barriers, Advanced Delivery Strategies, and Translational Limitations",Mageshkumar H.,2026,SN Comprehensive Clinical Medicine,10.1007/s42399-026-02258-2,https://www.scopus.com/inward/record.uri?partnerID=HzOxMe3b&scp=105031732087&origin=inward,off-topic-false-hit; oral-insulin-delivery,,scopus,llm,0.990,unreviewed,
discarded,Stimuli-responsive chitosan-coated ferrite nanocarriers for targeted capsaicin delivery and core-dependent HepG2-selective bioactivity,Bakr E.,2026,Scientific Reports,10.1038/s41598-026-40433-6,https://www.scopus.com/inward/record.uri?partnerID=HzOxMe3b&scp=105033533443&origin=inward,off-topic-false-hit; nanocarriers; targeted-delivery,,scopus,llm,0.990,unreviewed,
kept,Encapsulation and inheritance in object-oriented programming languages,Alan Snyder,1986,ACM SIGPLAN Notices,10.1145/960112.28702,https://openalex.org/W1997522747,qualifies-claim; inheritance-vs-encapsulation; requirements-for-support; definition,"Object-oriented programming is a practical and useful programming methodology that encourages modular design and software reuse. Most object-oriented programming languages support data abstraction by preventing an object from being manipulated except via its defined external operations. In most languages, however, the introduction of inheritance severely compromises the benefits of this encapsulation. Furthermore, the use of inheritance itself is globally visible in most languages, so that changes to the inheritance hierarchy cannot be made safely. This paper examines the relationship between inheritance and encapsulation and develops requirements for full support of encapsulation with inheritance.",openalex,llm_reviewed,1.000,confirmed,
kept,Encapsulation and inheritance in object-oriented programming languages,Alan Snyder,1986,,10.1145/28697.28702,https://openalex.org/W4255667787,qualifies-claim; inheritance-vs-encapsulation; duplicate; definition,"Object-oriented programming is a practical and useful programming methodology that encourages modular design and software reuse. Most object-oriented programming languages support data abstraction by preventing an object from being manipulated except via its defined external operations. In most languages, however, the introduction of inheritance severely compromises the benefits of this encapsulation. Furthermore, the use of inheritance itself is globally visible in most languages, so that changes to the inheritance hierarchy cannot be made safely. This paper examines the relationship between inheritance and encapsulation and develops requirements for full support of encapsulation with inheritance.",openalex,llm_reviewed,1.000,confirmed,
discarded,A theory of lexical access in speech production [target paper],Willem J. M. Levelt; Ardi Roelofs; Antje S. Meyer,1999,Radboud Repository (Radboud University),10.1017/s0140525x99001776,https://openalex.org/W2974832207,off-topic-false-hit; psycholinguistics,Contains fulltext : 121229.pdf (Publisher’s version ) (Open Access),openalex,llm,0.990,unreviewed,
discarded,Object-Oriented Bayesian Networks,Daphne Koller; Avi Pfeffer,2013,arXiv (Cornell University),10.48550/arxiv.1302.1554,https://openalex.org/W1581645897,adjacent-subtopic; object-oriented-bayesian-networks,"Bayesian networks provide a modeling language and associated inference algorithm for stochastic domains. They have been successfully applied in a variety of medium-scale applications. However, when faced with a large complex domain, the task of modeling using Bayesian networks begins to resemble the task of programming using logical circuits. In this paper, we describe an object-oriented Bayesian network (OOBN) language, which allows complex domains to be described in terms of inter-related objects. We use a Bayesian network fragment to describe the probabilistic relations between the attributes of an object. These attributes can themselves be objects, providing a natural framework for encoding part-of hierarchies. Classes are used to provide a reusable probabilistic model which can be applied to multiple similar objects. Classes also support inheritance of model fragments from a class to a subclass, allowing the common aspects of related classes to be defined only once. Our language has clear declarative semantics: an OOBN can be interpreted as a stochastic functional program, so that it uniquely specifies a probabilistic model. We provide an inference algorithm for OOBNs, and show that much of the structural information encoded by an OOBN--particularly the encapsulation of variables within an object and the reuse of model fragments in different contexts--can also be used to speed up the inference process.",openalex,llm,0.880,unreviewed,
