status,title,authors,year,venue,doi,url,tags,abstract,provider,decision_source,llm_confidence,llm_review_outcome,llm_change_direction,paper_id
At any rate, other terms than 'solidarity', which is commonly associated with a much more specific meaning, may be conceived as fitting to describe such a fundamental form of moral relatedness. Similarly, one may concede that Habermas makes a valid material point to emphasize positive obligations between all members of society. Yet, there may be alternative notions, like care, mutual concern, or civility, that capture what Habermas has in mind. If using the term solidarity to describe universal moral relations leaves a specific form of moral obligation without a label, more needs to be said about the distinctiveness of the communality that is supposed to be entailed in this form of moral obligation. Solidarity is often regarded as an inherently inclusive ideal to counter the narrowness of commitments to blood, soil, and nation. This appears to be incompatible with the defense of an essentially partial, and thus exclusive, notion of solidarity. However, solidarity cannot only be distinguished from universally inclusive obligations, but also from immediate and exclusive forms of moral relatedness like patriotism, friendship, or loyalty. Thus conceived, solidarity comprises a very specific strain of a wider set of what may be considered associative obligations. These obligations, in turn, belong to a wider class of special obligations comprising contractual duties, reparative duties, and duties of gratitude. Solidarity's normative force depends on meaningful commonalities like a joint struggle, a common ideal of a good life, or a social utopia, in relation to which a solidary subject positions herself, while being aware that others do the same. Solidarity is special insofar as it contains a shared partisan involvement with a group that is not strategic, but that is nonetheless 'mediated by thought and belief'. Due to its normative foundation in reflected commitments, solidarity tends to be more inclusive than immediate ties of kith and kin. Even though solidarity is - inevitably - more exclusive than humanity, it allows for inclusion of those who are willing to join with an identificatory commitment. If solidarity relations pertain to a specific form of communal obligation which holds some significance in moral life, and for the description of which moral philosophy possesses no viable alternative, then abandoning this notion noticeably impoverishes moral language. This pragmatic argument about philosophical terminology does not question the existence of universal obligations, but it suggests that the term solidarity is misplaced in the denotation of universal obligations or affiliations; or at least that the decision to understand solidarity as universal is accompanied by a systematic disadvantage to moral philosophy. In the remainder, I am interested in the possible normative role of this account of solidarity within bioethics and health justice. The previous argument does not, by itself, show that the term solidarity is misplaced in the formulation of moral demands for universal health care. In order to substantiate this thesis, more needs to be said about the vindication of health-related claims and obligations. My terminological suggestion presupposes that public health care is not - or at least not primarily - a matter of communal or partisan obligation, even though the prevalent vocabulary of health care entails some conceptual vicinity to notions like solidarity.

The extent to which the moral demand to universal health care can be argued to be based on solidarity depends on the general nature of the normative foundation of the provision of public health care. According to the broad WHO definition, universal health care or coverage exists when 'all individuals and communities receive the health services they need without suffering financial hardship'. Beyond safeguarding access to health services, which can be realized through different types of government interventions from providing health services to structuring public and private insurance schemes, universal health coverage also extends to public health measures addressing disease prevention or health equality. In the first instance, universality is defined in relation to existing societies, requiring all members, citizens, or residents to be adequately protected against the contingency of disease and infirmity. Solidarity is often invoked in this context because it is considered to be closely connected to core mechanisms of health protection, such as the mutual assistance and the socialization of the costs of health protection and health services. Depending on the extent of commodification, i.e. on the absence of government intervention regarding premiums, redistribution, coverage, compulsory membership, etc., some health care regimes rely on conventional insurance models, while others operate through different forms of government intervention. The fundamental distinction to be made concerns different ideas of the socialization of health-related burdens and risks. Many forms of protection against disability, fire, theft, debt default, etc. are covered through insurance policies that are privately offered on markets. In these schemes, individuals pay risk-equivalent premiums to a common fund in order to pool resources that are distributed to individuals suffering the harm covered by the respective scheme of collective protection. The principle underlying these forms of insurance - an idea that increasingly governs systems of private health insurance as well - does not rest on a moral notion of solidarity at all, as the rationale for participation is fully reducible to a non-moral motivation of self-interest. In fact, one of the major criticisms of the privatization of health insurance is directed at the loss of solidarity involved in individualization and the crowding out of poor-risk patients. In contrast to the market model of health insurance, most forms of state-regulated or state-run health care are not organized in the form of a collection of risk-equivalent premiums but entail some redistributive measures, such as the provision or support of social health insurance or tax-based financing of health services. Public health systems deliberately ignore factors like age, gender, social status, or pre-existing health conditions that have an impact on the estimated costs of health services to be covered in the case of maternity, illness, or injury. This renunciation to select, isolate, and exclude poor risks may be considered an institutionalization of a genuinely moral form of solidarity. This moral notion of solidarity as a measure to socialize risk and burdens is ubiquitous in the development of the welfare state. Thus, references to solidarity in the context of health provision may be considered rudiments of the normative frameworks of initial efforts to establish social health care that were conceived to replace vanishing traditional forms of social protection.

Toward the establishment of universal public health care, local protective institutions like the family, tribe, or village are gradually supplemented or replaced by initially delineated communities of a company's workforce, the members of a cooperative, a union, craft, or class. The history of the development of public health care is permeated with references to solidarity as an ideal of moral inclusion. Thus, the historic achievement of the modern welfare state could be seen in its incorporation of numerous local solidarities into a single all-encompassing system of solidarity as it may be found in programs of social health insurance and tax-based health systems. If original forms of social protection are describable as forms of solidarity, then the public provision in systems of universal health care may be argued to be an extension of the initially limited forms of group solidarity toward a universal solidarity within society as a whole. One could argue that the development of a separation of privately organized insurance schemes from a universal system of health care runs contrary to the modern process of expanding health insurance and solidarity instead of fragmenting or restricting it. Thus conceived, solidarity would be an adequate normative reference condemning trends toward atomization and self-reliance, and away from the collectivization of health risks. Despite the initial plausibility of this description, the previous distinctions suggest that the relations of solidarity within initially separate schemes of insurance and social protection undergo a substantial transformation by being universalized, thus possibly calling for a description in a different moral vocabulary. The normative innovation that is entailed in the shift from communal toward universal inclusion in health care provision is decisive to the present argument regarding moral terminology. It suggests that universal health care is better justified in a different vocabulary than that of solidarity. There is a fundamental argument that casts conceptual doubt on the idea of understanding solidarity as a foundation of universal health coverage. Even though many factual instances of health care provision may be described as based on solidarity, there is a decisive difference to the moral foundation of universal health care. In order to conform with the previous understanding, the reference to solidarity in arguments supporting universal health care would require a commonality that serves as the solidum substantiating health-related obligations of solidarity. However, the principle of universal inclusion appears to contradict the supposition of a solidum that would substantiate a distinction between members and non-members. One evident candidate for such a commonality would be the human vulnerability to disease, infirmity, or injury. In this line of argument, health claims could be considered to be based on a shared vulnerability that transcends individual claims of justice stemming from general attributes. However, the attempt to base health-related moral claims on a commonality of human vulnerability that unites all human individuals is not convincing. Rather than some form of a commonality, the universal presence of a morally relevant feature appears to do the normative work here. It is hard to comprehend how the universal vulnerability to disease and infirmity would serve as an identificatory point of reference to substantiate moral obligations toward others beyond their significance as moral subjects.

In contrast to the universal fragility, the commonality of the specific situation of persons with AIDS or cancer can be conceived as such a point of reference, which is reflected in the membership of patient associations. Another problem of accounts of health-related universal solidarity is that they seem unable to show what this basal identification would add to our idea of moral obligation. If all humans share this vulnerability to disease and infirmity, then all that they could be said to owe to one another as vulnerable subjects is already encompassed in their obligations toward one another as human beings. The alternative to understanding moral demands on health care as stemming from some morally significant commonality is to devise them as universally dispersed entitlements of justice. In this understanding, claims to health do not go beyond the basic forms of moral obligation, and thus require no special obligation. They are neither supererogatory nor are they based in some special form of communality. This idea is reflected as a right to health, which - even though more has to be said about its peculiar object - is widely regarded as a fundamental human right. While the borders of nation-states inevitably set a frame for the political implementation of moral demands to health, the justification of these demands does not depend on the reference to this contingent frame. The reference to a 'human right' to health suggests that moral claims to health are not morally based in membership, or citizenship, but in the status of moral persons. There are two conceptual advantages to conceiving of claims to health in terms of justice, rather than solidarity. First, based on the distinction between communal and universal forms of obligation, solidarity remains available as a powerful reference to a specific form of communal obligation that obliges members of specific groups like unions, civil rights movements, political associations, cultural collectives, etc. toward each other beyond neutral morality. Second, the moral significance of health-related claims is reflected in the fact that they are not inferred from a commonality complementing the fundamental demands of morality, but they are situated at the center of social morality. Condemning the absence of sufficient health services by bemoaning a lack of solidarity may not be misconceived entirely, but it does not address the gravity of the moral offense entailed in violating or neglecting demands of justice. The rights-based argument for universal health care can be approached in different ways. It can be interpreted as stemming from a right to a specific health status, as a right to a range of health care services, or as the right to the opportunity to participate in an adequate system of health protection. While these distinctions are of importance when it comes to evaluating health systems, the point in the context of the present analysis is that there is a vindication of moral claims to the provision of health care that is independent of considerations of solidarity, because these claims are independent of a normatively relevant solidum. In theories of justice, health is widely understood as a universally valued good that is worthy of protection, and whose importance generates strong obligations for society, obligations to corresponding rights. However, the reference to a right to health, if understood as a right to be healthy, arguably contains a mistake about the possible objects of moral entitlements.

The crucial issue is that the adequate object corresponding to a right cannot be a status, but it must be an action, or a set of rules or an institution. While societies do have an impact on population health through measures of environmental awareness, workplace safety, education, etc., health is something that cannot be unconditionally owed to a person. The right to a certain health status at any rate poses an unreasonable, or even an unrealizable demand. This problem leads to the assumption that there is no right to health, but only to health-related resources and services like vaccines and vaccinations, X-rays, counseling, appendectomies, etc. Accordingly, legal interpretations of the right to health acknowledge that it 'must be understood as a right to the enjoyment of a variety of facilities, goods, services, and conditions necessary for the realization of the highest attainable standard of health'. This further criterion regarding the range of health services by reference to their adequacy to achieve the 'highest attainable standard' of health is particularly instructive, because it shows that the mere reference to a right to health care is incomplete. The modified reference to a health status that is not absolute but relative to specific personal and social conditions serves the purpose of delineating a reasonable, but possibly comprehensive, standard of what can be reasonably required in the promotion of health. The reason not to understand the right to health by reference to a fixed catalogue of health services is that the legitimate requirements on health systems depend on the available resources. The right to health as a right to the highest attainable standard of health can thus be understood as a right to the opportunity to achieve a standard of health that is realizable under the prevailing social circumstances. The point that is crucial to the present inquiry is that these justifications of the provision of public health care may - or even should - forgo references to a form of solidarity that is based on significant commonalities. Basic health care can be argued to be a demand of justice, and should not be translated to a demand of solidarity, as this shift of terminology has moral implications. There is a justified demand for universal health care that does not appeal to our specific commonality as beings that are vulnerable to disease and injury or to our membership in specific communities, but that is simply based on the fundamental intrinsic and instrumental importance of health. As the main topic of the present inquiry is moral terminology, my primary aim is not to substantiate the material commitments regarding health-related moral claims that have been incurred along the way but to specify the role of solidarity in the justification of public health care. An admittedly surprising result is that the foundation of moral claims to health via health rights may be subsumed under the Habermasian conception of solidarity. However, my disagreement with Habermas does not concern his substantiation of universal claims to positive measures of assistance but the choice of terminology relative to the functions of moral theory. Thus, my concern regarding the universalization of the term solidarity, and its subsequent suitability to communal obligations, remains.

The problem of the universal notion of solidarity in this context consists of the dilemma of either providing an insufficient substantiation of fundamental health-related moral claims or of diluting a notion of communal relatedness that is relevant in other situations. Two more points should be made in order to better grasp the potential role of references to a moral notion of solidarity. The previous characterization of solidarity indicates that philosophical conceptions of solidarity remain relative in at least three regards. First, the field of obligations associated with solidarity depends on normative background assumptions incurred in philosophical accounts of morality. Relations of partial solidarity do not necessarily replace or outweigh universal forms of moral obligation. They constitute merely one dimension in a complex fabric of interpersonal moral relations. If solidarity is conceived of as a type of a special duty, i.e. as a form of obligation that exceeds the demands of neutral morality, then the potential range of obligations of solidarity depends upon what is included in the sphere of general moral obligation, and what is not. This points to a second relativity of solidarity as a moral notion. As indicated before, the moral force of obligations of solidarity depends on the moral legitimacy of the commonalities generating solidarity relations. On the one hand, moral obligations stemming from solidarity can be overridden by demands of justice, but, on the other hand, they also have to meet an internal criterion of moral adequacy. The partisan conception of solidarity does not imply that any form of commonality can be invoked to establish a special obligation toward the members of a group. From a sociological perspective, the cohesion within the mafia or among White supremacists may be described as solidarity, but in virtue of the repulsiveness of their ideological foundation, these relations do not have to be accounted for as morally binding because the immoral content of a common conviction can operate as a defeating reason to the moral validity of its role as an identificatory commonality. In this sense, solidarity is normatively dependent without being reducible to neutral morality. Finally, the importance of relations of solidarity is dependent on the social environment in which they arise. This may, in part, explain the current social reversion to the vocabulary of solidarity. Within just societies, solidarity provides a reference point in the self-location of individuals within identificatory communities. This function is important to the generation and embedding of individual personalities. However, under non-ideal circumstances, solidarity may assume a core function in the enforcement of basic moral claims, and in the compensation of the shortfalls of social institutions. Two reasons appear to be pressing for conceptual clarity when making reference to solidarity. First, there is a danger of underrating the moral weight of claims to health care. In the understanding defended above, solidarity is imprinted with the idea that its obligations are special insofar as they go beyond what persons owe one another as moral subjects. Overstretching this notion opens the possibility of understanding the inadequate provision of health care as something that is regrettable, but that is outside the domain of justice. Solidarity marks those obligations that stem from their relatedness as members of morally significant communities.

