status,title,authors,year,venue,doi,url,tags,abstract,provider,decision_source,llm_confidence,llm_review_outcome,llm_change_direction,paper_id
discarded,Academic Emotions in Students' Self-Regulated Learning and Achievement: A Program of Qualitative and Quantitative Research,Reinhard H. Pekrun; Thomas Goetz; Wolfram Titz; Raymond P. Perry,2002,Educational Psychologist,10.1207/s15326985ep3702_4,https://openalex.org/W2063898208,off-topic-false-hit,"Academic emotions have largely been neglected by educational psychology, with the exception of test anxiety. In 5 qualitative studies, it was found that students experience a rich diversity of emotions in academic settings. Anxiety was reported most often, but overall, positive emotions were described no less frequently than negative emotions. Based on the studies in this article, taxonomies of different academic emotions and a self-report instrument measuring students' enjoyment, hope, pride, relief, anger, anxiety, shame, hopelessness, and boredom (Academic Emotions Questionnaire [AEQ]) were developed. Using the AEQ, assumptions of a cognitive-motivational model of the achievement effects of emotions, and of a control/value theory of their antecedents (Pekrun, 1992b, 2000), were tested in 7 cross-sectional, 3 longitudinal, and 1 diary study using samples of university and school students. Results showed that academic emotions are significantly related to students' motivation, learning strategies, cognitive resources, self-regulation, and academic achievement, as well as to personality and classroom antecedents. The findings indicate that affective research in educational psychology should acknowledge emotional diversity in academic settings by addressing the full range of emotions experienced by students at school and university.",openalex,llm,0.990,unreviewed,,doi:10.1207/s15326985ep3702_4
discarded,Mental Models: An Interdisciplinary Synthesis of Theory and Methods,Natalie A. Jones; Helen S. Ross; Timothy Lynam; Pascal Perez; Anne Leitch,2011,Ecology and Society,10.5751/es-03802-160146,https://openalex.org/W1585584998,off-topic-false-hit,"Jones, N. A., H. Ross, T. Lynam, P. Perez, and A. Leitch. 2011. Mental models: an interdisciplinary synthesis of theory and methods. Ecology and Society 16(1): 46. https://doi.org/10.5751/ES-03802-160146",openalex,llm,0.980,unreviewed,,doi:10.5751/es-03802-160146
discarded,Prince of Networks: Bruno Latour and Metaphysics,Graham Harman,2009,Digital Library - Books MetaLibrary,,https://openalex.org/W2165673991,off-topic-false-hit,"""Prince of Networks is the first treatment of Bruno Latour specifically as a philosopher. Part One covers four key works that display Latours underrated contributions to metaphysics: Irreductions, Science in Action, We Have Never Been Modern, and Pandoras Hope. Harman contends that Latour is one of the central figures of contemporary philosophy, with a highly original ontology centered in four key concepts: actants, irreduction, translation, and alliance. In Part Two, Harman summarizes Latours most important philosophical insights, including his status as the first secular occasionalist. Working from his own object-oriented perspective, Harman also criticizes the Latourian focus on the relational character of actors at the expense of their cryptic autonomous reality. This book forms a remarkable interface between Latours Actor-Network Theory and the Speculative Realism of Harman and his confederates."" -- Book cover.",openalex,llm,1.000,unreviewed,,hash:d721bfd480f4ec30
discarded,An object-oriented approach to the design of fluid mechanics software,Christophe Calvin; O. Cueto; Philippe Emonot,2002,ESAIM Mathematical Modelling and Numerical Analysis,10.1051/m2an:2002038,https://openalex.org/W2112252805,off-topic-false-hit,"This article presents the guiding principles of the architecture of Trio_U, a new generation of software for thermohydraulic calculations. Trio_U is designed to serve as a thermohydraulic development platform. Its basic conception is object-oriented and it is written in C++. The article demonstrates how this type of design enables an open, modular software architecture.",openalex,llm,1.000,unreviewed,,doi:10.1051/m2an:2002038
discarded,A Scientific Conception of Animal Welfare that Reflects Ethical Concerns,David J. Fraser; Daniel Martin Weary; Edmond Anthony Pajor; B N Milligan,1997,Animal Welfare,10.1017/s0962728600019795,https://openalex.org/W99759837,off-topic-false-hit,"Abstract Scientific research on ‘animal welfare’ began because of ethical concerns over the quality of life of animals, and the public looks to animal welfare research for guidance regarding these concerns. The conception of animal welfare used by scientists must relate closely to these ethical concerns if the orientation of the research and the interpretation of the findings is to address them successfully. At least three overlapping ethical concerns are commonly expressed regarding the quality of life of animals: (1) that animals should lead natural lives through the development and use of their natural adaptations and capabilities, (2) that animals should feel well by being free from prolonged and intense fear, pain, and other negative states, and by experiencing normal pleasures, and (3) that animals should function well, in the sense of satisfactory health, growth and normal functioning of physiological and behavioural systems. Various scientists have proposed restricted conceptions of animal welfare that relate to only one or other of these three concerns. Some such conceptions are based on value positions about what is truly important for the quality of life of animals or about the nature of human responsibility for animals in their care. Others are operational claims: (1) that animal welfare research must focus on the functioning of animals because subjective experiences fall outside the realm of scientific enquiry, or (2) that studying the functioning of animals is sufficient because subjective experiences and functioning are closely correlated. We argue that none of these positions provides fully satisfactory guidance for animal welfare research. We suggest instead that ethical concerns about the quality of life of animals can be better captured by recognizing three classes of problems that may arise when the adaptations possessed by an animal do not fully correspond to the challenges posed by its current environment. (I) If animals possess adaptations that no longer serve a significant function in the new environment, then unpleasant subjective experiences may arise, yet these may not be accompanied by significant disruption to biological functioning. Thus, a bucket-fed calf may experience a strong, frustrated desire to suck, even though it obtains adequate milk. (2) If the environment poses challenges for which the animal has no corresponding adaptation, then functional problems may arise, yet these may not be accompanied by significant effects on subjective feelings. Thus, a pig breathing polluted air may develop lung damage without appearing to notice or mind the problem. (3) Where animals have adaptations corresponding to the kinds of environmental challenges they face, problems may still arise if the adaptations prove inadequate. For example, an animal's thermoregulatory adaptations may be insufficient in a very cold environment such that the animal both feels poorly and functions poorly. We propose that all three types of problems are causes of ethical concern over the quality of life of animals and that they together define the subject matter of animal welfare science.",openalex,llm,1.000,unreviewed,,doi:10.1017/s0962728600019795
kept,An empirical study of novice program comprehension in the imperative and object-oriented styles,Vennila Ramalingam; Susan Wiedenbeck,1997,,10.1145/266399.266411,https://openalex.org/W2093017147,qualifies-claim,"The objective of this study was to determine whether the mental representation of object-oriented programs differs from imperative programs for novice programmers.In our study novices who had little or no previous programming experience studied and answered questions about three imperative and three object-oriented programs.The questions targeted information categories making up the program model and the domain model representations of the programs.It was found that there was a sharp contrast between the mental representations of the imperative and object-oriented programs.While the comprehension of the imperative programs was better overall than that of the object-oriented programs, the mental representations of the imperative programs focused on program-level knowledge.On the other hand, the mental representations of the objectoriented programs focused more strongly on domain-level knowledge.The results tend to support the view that language notations differ in how well they support the extraction of various kinds of information.",openalex,llm,0.990,unreviewed,,doi:10.1145/266399.266411
discarded,Computer Support for Knowledge-Building Communities,Marlene Scardamalia; Carl Bereiter,1994,Journal of the Learning Sciences,10.1207/s15327809jls0303_3,https://openalex.org/W2133052656,off-topic-false-hit,"In this article we focus on educational ideas and enabling technology for knowledge-building discourse. The conceptual bases of computer-supported intentional learning environments (CSILE) come from research on intentional learning, process aspects of expertise, and discourse in knowledge-building communities. These bases combine to support the following propositions: Schools need to be restructured as communities in which the construction of knowledge is supported as a collective goal, and the role of educational technology should be to replace classroom discourse patterns with those having more immediate and natural extensions to knowledge-building communities outside school walls. CSILE is described as a means for refraining classroom discourse to support knowledge building in ways extensible to out-of-school knowledgeadvancing enterprises. Some of the most fundamental problems are logistic, and it is in solving these logistic problems that we see the greatest potential for educational technology.",openalex,llm,0.990,unreviewed,,doi:10.1207/s15327809jls0303_3
discarded,DOLFIN,Anders Logg; Garth N. Wells,2010,ACM Transactions on Mathematical Software,10.1145/1731022.1731030,https://openalex.org/W2128095813,off-topic-false-hit,"We describe here a library aimed at automating the solution of partial differential equations using the finite element method. By employing novel techniques for automated code generation, the library combines a high level of expressiveness with efficient computation. Finite element variational forms may be expressed in near mathematical notation, from which low-level code is automatically generated, compiled, and seamlessly integrated with efficient implementations of computational meshes and high-performance linear algebra. Easy-to-use object-oriented interfaces to the library are provided in the form of a C++ library and a Python module. This article discusses the mathematical abstractions and methods used in the design of the library and its implementation. A number of examples are presented to demonstrate the use of the library in application code.",openalex,llm,1.000,unreviewed,,doi:10.1145/1731022.1731030
kept,Assessing the cognitive consequences of the object-oriented approach: A survey of empirical research on object-oriented design by individuals and teams,Françoise Détienne,1997,Interacting with Computers,10.1016/s0953-5438(97)00006-4,https://openalex.org/W2040307845,qualifies-claim,"This paper presents a state-of-the-art review of empirical research on object-oriented (OO) design. Many claims about the cognitive benefits of the OO paradigm have been made by its advocates. These claims concern the ease of designing and reusing software at the individual level as well as the benefits of this paradigm at the team level. Since these claims are cognitive in nature, it seems important to assess them empirically. After a brief presentation of the main concepts of the OO paradigm, the claims about the superiority of OO design are outlined. The core of this paper consists of a review of empirical studies of OO design (OOD). We first discuss results concerning OOD by individuals. On the basis of empirical work, we (1) analyse the design activity of novice OO designers, (2) compare OOD with procedural design and (3) discuss a typology of problems relevant for the OO approach. Then we assess the claims about naturalness and ease of OOD. The next part discusses results on OO software reuse. On the basis of empirical work, we (1) compare reuse in the OO versus the procedural paradigm, (2) discuss the potential for OO software reuse and (3) analyse reuse activity in the OO paradigm. Then we assess claims on reusability. The final part reviews empirical work on OOD by teams. We present results on communication, coordination, knowledge dissemination and interactions with clients. Then we assess claims about OOD at the software design team level. In a general conclusion, we discuss the limitations of these studies and give some directions for future research.",openalex,llm,0.950,unreviewed,,doi:10.1016/s0953-5438(97)00006-4
discarded,"Working-Class Power, Capitalist-Class Interests, and Class Compromise",Erik Olín Wright,2000,American Journal of Sociology,10.1086/210397,https://openalex.org/W2055321771,off-topic-false-hit,"This article proposes a general theoretical framework for understanding the concept of ""class compromise"" in terms of a ""reverse-J"" model of the relationship between the associational power of workers and the interests of capitalists: increases in working-class power adversely affect capitalist-class interests until such power crosses some intermediate threshold beyond which further increases in working-class power are potentially beneficial to capitalists' interests. This article argues that the reverse-J curve is itself the result of two distinct kinds of effects of workers' power on capitalists' interests: one, a negative effect, in which workers' power undermines the capacity of capitalists to unilaterally make various kinds of decisions, and the second, a positive effect, in which workers' power helps capitalists solve the various kinds of collective action problems they face.",openalex,llm,1.000,unreviewed,,doi:10.1086/210397
discarded,"Open, Closed, and Mixed Networks of Queues with Different Classes of Customers",Forest Baskett; K. Mani Chandy; Richard R. Muntz; Fernando G. Palacios,1975,Journal of the ACM,10.1145/321879.321887,https://openalex.org/W2094055697,off-topic-false-hit,"The joint equihbrmm distribution of queue sizes in a network of queues containing N service centers and R classes of customers m derived The equilibrium state probabillUes have the general form P(S) = Cd(S) fl(xl)f2(x2) .fN(x~), where S is the state of the system, x, is the configuration of customers at the ~th service center, d(S) is a function of the state of the model, f, is a function that depends on the type of the zth service center, and C is a normalizing constant It is assumed that the eqmhbrlum probabfl~tles exmt and are unique Four types of service centers to model central processors, data channels, terminals, and routing delays are considered The queuemg dlSclphnes associated with these service centers include first-come-first-served, processor sharing, no queueing, and last-come-first-served Each customer belongs to a single class of customers while awaiting or receiving serwce at a service center, but may change classes and service centers according to fixed probabditms at the completion of a service request For open networks, state dependent arrival processes are considered Closed networks are those with no exogenous arrivals A network may be closed with respect to some classes of customers and open with respect to other classes of customers At three of the four types of serwce centers, the service times of customers are governed by probablhty dmtrlbutions hawng ratmnM Laplace transforms, different classes of customers hawng different distributions At first-come-first-served-type service centers, the service time distribution must be identical and exponentml for all classes of customers.Examples show how different classes of customers can affect models of computer systems.",openalex,llm,1.000,unreviewed,,doi:10.1145/321879.321887
discarded,An object-oriented model of measurement systems,Qingping Yang; C. Butler,1998,IEEE Transactions on Instrumentation and Measurement,10.1109/19.728800,https://openalex.org/W2132752207,off-topic-false-hit,"This paper presents a general object-oriented model for measurement systems. The limitations of the conventional function-oriented models are examined in the light of the generalized concept of measurement and its theoretical framework proposed previously by the authors. The proposed model identifies five classes of objects, i.e., measured object, measuring instrument, reference standard, human observer, and operating environment. Each is characterized by its own attributes and operations or functions at three levels, i.e., internal, operational, and environmental. The interactions between them are also modeled, including the coupling between the measured object and the measuring instrument, the human-instrument interface, the calibration, and the interference. It serves as both a modeling framework and a practical tool for description, analysis and design, and, in particular, for computer-aided analysis and design of a measuring system. It will find applications in instrumentation engineering and measurement research and education.",openalex,llm,1.000,unreviewed,,doi:10.1109/19.728800
discarded,The Replication Recipe: What makes for a convincing replication?,Mark John Brandt; Hans IJzerman; Ap Dijksterhuis; Frank J. Farach; Jason Geller; Roger Giner‐Sorolla; James A. Grange; Marco Perugini; Jeffrey Robert Spies; Anna van 't Veer,2013,Journal of Experimental Social Psychology,10.1016/j.jesp.2013.10.005,https://openalex.org/W3124580540,off-topic-false-hit,"Psychological scientists have recently started to reconsider the importance of close replications in building a cumulative knowledge base; however, there is no consensus about what constitutes a convincing close replication study. To facilitate convincing close replication attempts we have developed a Replication Recipe, outlining standard criteria for a convincing close replication. Our Replication Recipe can be used by researchers, teachers, and students to conduct meaningful replication studies and integrate replications into their scholarly habits.",openalex,llm,0.990,unreviewed,,doi:10.1016/j.jesp.2013.10.005
discarded,Sex differences in developmental programming models,Catherine Aiken; Susan Elizabeth Ozanne,2012,Reproduction,10.1530/rep-11-0489,https://openalex.org/W1988596878,off-topic-false-hit,"The theory of developmental programming suggests that diseases such as the metabolic syndrome may be 'programmed' by exposure to adverse stimuli during early development. The developmental programming literature encompasses the study of a wide range of suboptimal intrauterine environments in a variety of species and correlates these with diverse phenotypic outcomes in the offspring. At a molecular level, a large number of variables have been measured and suggested as the basis of the programmed phenotype. The range of both dependent and independent variables studied often makes the developmental programming literature complex to interpret and the drawing of definitive conclusions difficult. A common, though under-explored, theme of many developmental programming models is a sex difference in offspring outcomes. This holds true across a range of interventions, including dietary, hypoxic, and surgical models. The molecular and phenotypic outcomes of adverse in utero conditions are often more prominent in male than female offspring, although there is little consideration given to the basis for this observation in most studies. We review the evidence that maternal energy investment in male and female conceptuses may not be equal and may be environment dependent. It is suggested that male and female development could be viewed as separate processes from the time of conception, with differences in both timing and outcomes.",openalex,llm,1.000,unreviewed,,doi:10.1530/rep-11-0489
discarded,Information processing in visual search: A continuous flow conception and experimental results,Charles W. Eriksen; Derek W. Schultz,1979,Perception & Psychophysics,10.3758/bf03198804,https://openalex.org/W1987830056,off-topic-false-hit,,openalex,llm,1.000,unreviewed,,doi:10.3758/bf03198804
