status,title,authors,year,venue,doi,url,tags,abstract,provider,decision_source,llm_confidence,llm_review_outcome,llm_change_direction
discarded,Dostoevsky in Argentina: A Chronicle of the 19th IDS Symposium,"Andrianova, Irina S.",2026,NEIZVESTNYI DOSTOEVSKII-THE UNKNOWN DOSTOEVSKY,10.15393/j10.art.2026.8661,https://www.webofscience.com/wos/woscc/full-record/WOS:001847307900010,off-topic-false-hit; literary-symposium,"The article presents an overview of the 19th Symposium of the International Dostoevsky Society (IDS), which was held for the first time in Latin America - in Buenos Aires, in June 2026. This event became the culmination of many years of work by the Argentine Dostoevsky Society (SAD) and a clear testament to the profound interest in the works of the Russian writer in a region where he has long been perceived not as a ""foreign"" but as a ""native"" author. The article traces the history of Dostoevsky's reception in Argentina, beginning with the first publication in the year of his death (1881), and analyzes the reasons for the particular affinity of his ideas with the Argentine worldview - vast spaces, multinationality, existential concerns. Special attention is paid to the writer's influence on key figures of Latin American literature: R. Arlt, E. Sabato, J. L. Borges, and J. Cort & aacute;zar. The symposium program, structured along regional lines, is described in detail. The article examines the main areas of contemporary research: translation issues (Brazilian and Argentine schools), comparative analysis and the history of reception in Latin American countries, Colombia, and Europe; the application of digital humanities (Chinese and American projects); philosophical and religious aspects of Dostoevsky's work. For the first time in the history of IDS symposia, several papers from different countries were devoted to Anna Grigorievna Dostoevskaya, presenting her not merely as a wife and biographer, but as an independent publisher, bibliographer, and active participant in the cultural process. The presentations of the Russian delegation are reviewed, including studies of the textual criticism of ""The Citizen,"" the poetics of ""The Adolescent,"" as well as questions of Dostoevsky's reception in the West. The author concludes that holding the forum in Buenos Aires confirms Dostoevsky's global status as a writer whose ideas remain relevant to a wide variety of cultures, and that Argentina is becoming one of the world's leading centers of Dostoevsky studies.",wos,llm,1.000,unreviewed,
discarded,KRAKENGUARD: Towards Fine-Grained eBPF Isolation,"Patel, Jainil; Buhl-Nielsen, Lucas Graeff; Ghosn, Adrien; Kogias, Marios",2026,"23RD USENIX SYMPOSIUM ON NETWORKED SYSTEMS DESIGN AND IMPLEMENTATION, NSDI 2026",,https://www.webofscience.com/wos/woscc/full-record/WOS:001812437100146,off-topic-false-hit; ebpf-security,"eBPF is a powerful in-kernel virtual machine that enables dynamic, safe extensions to operating system kernels. Despite the guarantees provided by its in-kernel verifier, eBPF's access control model remains coarse-grained, relying on broad Linux capabilities, such as CAP_BPF. Once granted, these allow unrestricted loading of eBPF programs to different kernel hooks. This poses serious security risks in multi-tenant or untrusted environments, where a compromised or malicious process can misuse eBPF to trace sensitive activity, access kernel memory, or disrupt system behavior. While existing verification ensures safety properties, it cannot enforce fine-grained constraints on what programs can do.

We present KRAKENGUARD, a trusted user-space manager that enforces fine-grained, policy-driven constraints on eBPF bytecode at load time. Using symbolic execution, it checks all program paths for compliance with policies on helper usage, memory accesses, and return values. It enables safe delegation of program loading by unprivileged processes and detects cross-program interference to ensure safe co-location of eBPF programs on the same host.

We show that KRAKENGUARD can block the misuse of restricted helpers, unauthorized memory and map access, and unsafe packet modifications in real-world eBPF programs, while also being able to detect existing CVEs. As a use case, we implement an XDP-as-a-Service application that securely runs XDP programs belonging to different tenants directly on the host interface after guaranteeing they cannot do anything malicious and that they do not interfere with each other.",wos,llm,1.000,unreviewed,
discarded,Visits by Foreign Delegations and Tourists to Churches of Rostov Oblast in 1950s-1960s,"Shadrina, Alla, V",2026,NAUCHNYI DIALOG,10.24224/2227-1295-2026-15-6-531-548,https://www.webofscience.com/wos/woscc/full-record/WOS:001842662600027,off-topic-false-hit; foreign-delegations-history,"This article examines the history of visits by foreign delegations and tourists to churches in Rostov Oblast between 1954 and the late 1960s within the context of state-church relations during the ""Khrushchev Thaw."" The study aims to demonstrate that these events became a characteristic phenomenon of the era's new paradigm of state-religious policy. This framework was defined by a distinct duality: while public demonstrations of religious freedom were staged for Western audiences, internal pressure on the believing population simultaneously intensified. The research is conducted based on unpublished archival materials from the office records of the Plenipotentiary for the Council for Russian Orthodox Church Affairs for Rostov Oblast, publications in regional periodicals of the 1950s, as well as through the synthesis and systematization of findings presented in recent monographs and scholarly articles. As the analysis reveals, such excursions into the USSR by foreign groups became feasible only due to the Soviet leadership's tactical retreat from aggressive Cold War confrontation policies. Using the case of Rostov Oblast, the author demonstrates that guided tours of active parishes and direct communication with clergy did not always succeed in persuading foreign delegates of the absence of governmental coercion against the Church. Nevertheless, it is noted that visitors consistently displayed profound reverence toward both the sanctuaries and their ministers. Furthermore, the paper reports that local diocesan hierarchs skillfully exploited the situation surrounding these high-profile international visits to secure official permission for urgent restoration work at the Ascension Cathedral (Voznesensky Sobor) in Novocherkassk.",wos,llm,1.000,unreviewed,
discarded,Lineage: A UMA2.0 Protocol Extension for Multi-Hop LLM Agent Delegation,"Stefanescu, Stefania; Aciobanitei, Iulian",2026,IEEE ACCESS,10.1109/ACCESS.2026.3708618,https://www.webofscience.com/wos/woscc/full-record/WOS:001841541500042,off-topic-false-hit; authorization-delegation,"Autonomous Large Language Model (LLM) agents in enterprise and compliance-sensitive systems delegate authority to sub-agents to decompose complex tasks. OAuth 2.0 and User-Managed Access (UMA) 2.0 support delegated authorization between a single requesting party and a resource server, but they lack primitives for the multi-hop authority propagation typical of agent chains. This produces ad hoc permission models and audit gaps incompatible with regulations such as the EU Digital Operational Resilience Act (DORA). This paper presents Lineage, an authorization architecture that extends UMA 2.0 with a cryptographically verifiable delegation-chain primitive: every protected request carries a signed record of its full delegation ancestry, validated at the resource server without an additional authorization-server round-trip. Scope monotonicity and bounded delegation depth are enforced by construction, and every authorization decision is recorded in a tamper-detecting audit log. These properties directly implement the technical controls that DORA Article 9 mandates: least-privilege access (Art. 9(4)(c)), data integrity and authenticity (Art. 9(2)), and continuous ICT monitoring (Art. 9(1)). Full DORA compliance requires broader institutional governance beyond any software protocol; Lineage addresses the protocol-layer subset. We validated the design end-to-end on a reference implementation running live LLM agents under DORA-representative scenarios. One test involved an active prompt-injection attempt; the protocol layer blocked it independently of model behavior, which is precisely the property a deployment operator needs to rely on. Per-request overhead remained negligible relative to the UMA baseline. Lineage maintains full OAuth 2.0 and UMA 2.0 conformance. It extends an existing resource server with two chain-signing endpoints and a signing secret, requiring no changes to the authorization server or the UMA token flow.",wos,llm,1.000,unreviewed,
discarded,KNOWLEDGE IN THE DIGITAL AGE: THE REDUNDANCY OF ROMANTICISM,"Faul, Bogdan, V",2026,EPISTEMOLOGY & PHILOSOPHY OF SCIENCE-EPISTEMOLOGIYA I FILOSOFIYA NAUKI,10.5840/eps202663221,https://www.webofscience.com/wos/woscc/full-record/WOS:001837777600004,off-topic-false-hit; cognitive-delegation,"In the article ""Knowledge in the Digital Age: The Redundancy of Romanticism"", a critical analysis is offered of Konstantin Ocheretyany's argumentation as presented in his essay ""Epistemic Nihilism and Existential Romanticism: Knowledge in the Digital Age"". Two scenarios proposed by the author-techno-pessimistic and techno-optimistic-are examined, and it is shown that the conclusion regarding the transformation of the status of knowledge under the influence of artificial intelligence remains insufficiently substantiated. Special attention is paid to critiquing the thesis that cognitive delegation to AI destroys the ""epistemic contract"" between man and the world and leads to a loss of the value of experience. An analysis of the ""romantic"" alternative reveals its reliance on an implicit assumption: that the epistemological value of knowledge depends on its unique human realizability. By drawing a distinction between epistemological and existential value, the article demonstrates that the loss of a monopoly over certain cognitive functions does not entail a devaluation of propositional knowledge nor necessitate a revision of its normative status. In the concluding section, an alternative model for the development of the epistemological environment in the context of AI's expanding capabilities is proposed. It is emphasized that the transformation of the digital space is accompanied by an institutional response-the formation of new mechanisms of regulation and filtration. Artificial intelligence is considered as a factor in the reorganization of the infrastructure of access to knowledge, but not as a basis for revising the value of knowledge. In this context, epistemological romanticism appears either as an unlikely program for the future or as a redundant normative project.",wos,llm,1.000,unreviewed,
discarded,Shifting memories in vignettes: Depictions of World War II in <i>gakushū</i> manga and their impact on Japanese nationalism and pacifism,"Cordoba-Arroyo, Esteban",2025,"MEMORY, MIND & MEDIA",10.1017/mem.2025.10024,https://www.webofscience.com/wos/woscc/full-record/WOS:001827888600001,off-topic-false-hit; historical-memory,"This study examines the role of gakush & umacr; manga, or educational Japanese comics, in shaping collective memory narratives of World War II. It explores whether these works diverge from or perpetuate Japan-centric interpretations of World War II by analysing thematic trends, representational strategies, and selective memory frameworks. The findings reveal a dominant emphasis on Japanese victimhood, mainly through graphic depictions of civilian suffering, while representations of foreign victims, such as Chinese and Korean civilians, remain abstract or marginalised. The responsibility of those in positions of leadership is selectively portrayed, often exonerating figures like Emperor Hirohito, and the actions of such militaristic leaders are contextualised within broader systemic ideologies.These manga replicate postwar narratives by foregrounding societal complicity, deliberate omission, and the delegation of the 'Other' to the periphery, in line with broader patterns of media-driven nationalism. They provide nuanced critiques of Japan's wartime conduct but simultaneously maintain a selective focus that minimises Japan's responsibilities as an aggressor. This research underscores the need for a balanced collective memory to foster reconciliation and a more inclusive understanding of wartime legacies in East Asia.",wos,llm,1.000,unreviewed,
discarded,"""Listening to everyone"": School counselors' governance, mental health and family education change in Amazon schools","Maciel, Lucas A.; Xu, Hui",2026,REVISTA BRASILEIRA DE EDUCACAO DO CAMPO-BRAZILIAN JOURNAL OF RURAL EDUCATION,,https://www.webofscience.com/wos/woscc/full-record/WOS:001822927800001,off-topic-false-hit; education-governance,". Rural education in the Amazon faces context-specific challenges in school mental health support, amplified by transformations in family education (FE). This exploratory qualitative case study investigates how school counselors (SCs) in a Roraima rural high school perceive and enact their role amid FE transformations, using Ethics of Care and Educational Governance frameworks. The research question is: ""How do SCs perceive, assess, and rationalize their role as mental health caregivers in a context of a changing FE?"" Semi-structured interviews were conducted with SCs and auxiliary teachers (n=8 participants). Data were analyzed using content analysis, organized into six dimensions: perceived family transformations, effects on students, counselor functions, care practices, educational governance, and institutional barriers. Results show SCs perceive a delegation of FE to schools, driven by parents' lack of time and unregulated smartphone usage. Consequently, impacts on cognitive skills and mental health are perceived. SCs respond via an integration of educational governance (as the basis), conflict management and care practices. However, interventions are constrained by a lack of specialized staff, half-day shift limitations, and excess of bureaucratic work. In conclusion, there is a need to restructure SC roles, reduce administrative burdens, and of full-day schooling. SCs could become managers of holistic education.",wos,llm,1.000,unreviewed,
discarded,A Secure DID/VC Access Control Framework for Named Data Networking,"Alshahrani, Fatimah Saif; Alzahrani, Bander A.; Ramzan, Muhammad Sher",2026,IEEE ACCESS,10.1109/ACCESS.2026.3707565,https://www.webofscience.com/wos/woscc/full-record/WOS:001821036400018,off-topic-false-hit; access-control,"Named data networking (NDN) is considered one of the most promising networking models today. This paradigm relies on the Interest/Data packets routing mechanism to request and receive specific content. This characteristic, along with the in-network caching feature, constitutes a critical security vulnerability, making the network resources susceptible to unauthorized access. In this work, we propose a decentralized access control framework that leverages decentralized identifiers (DIDs) and verifiable credentials (VCs) to establish a self-verified consumer identity without the need for a trusted third party. Thus, we restructured the Interest packet to embed the consumer's DID, DID document (DIDDoc), and VC with updated attributes to provide greater granularity in access control. Furthermore, consumers' revocations and attribute changes are other gaps that persist in recent research on DIDs/VCs. Therefore, we propose an updated VCList at each NDN node to continuously verify the consumer's authority. We also leverage the proxy re-encryption (PRE) mechanism to provide an additional layer of authorization and improve the confidentiality of cached content. Using OMNeT++, we built the network configuration from scratch to enhance node structures and management and to customize the naming and forwarding strategies. Using a set of evaluation metrics, the results demonstrate the proposed framework's efficiency in improving the network's performance and security, even under increased load conditions. The experimental evaluation indicates that the proposed framework achieves an average latency of approximately 74 ms while maintaining access control effectiveness, with access success and denial accuracy exceeding 91%. The framework introduces a verification overhead of about 0.2 ms and a VCList synchronization overhead of up to 9 ms. It also achieves approximately 99% delegation accuracy with a re-encryption overhead of around 0.09 ms. In this work, we seek to address unsolved security gaps in the data-centric networking research domain.",wos,llm,1.000,unreviewed,
discarded,Agentic AI as a dynamic capability in Operational Excellence 5.0: advancing SDG performance in Ibero-American operations,"Francis, Ann Mary; Patri, Rojalin",2026,INTERNATIONAL JOURNAL OF LEAN SIX SIGMA,10.1108/IJLSS-02-2026-0097,https://www.webofscience.com/wos/woscc/full-record/WOS:001817132100001,off-topic-false-hit; agentic-ai-governance,"Purpose This study aims to develop a governance-based explanation of how agentic artificial intelligence (AI) can be embedded within lean six sigma systems without undermining statistical discipline. It introduces agentic operational capability to explain how firms design and supervise bounded autonomy within statistical control routines and identifies the conditions under which recursive adjustment stabilizes or destabilizes operational performance. Design/methodology/approach The paper adopts a conceptual theory building approach. It integrates lean six sigma principles, dynamic capabilities theory and research on algorithmic governance to construct a capability cascade model. Propositions specify how bounded operational autonomy influences orchestration, Operational Excellence 5.0 maturity and sustainability aligned performance under varying governance and institutional conditions. Findings When detection and corrective adjustment occur within the same operational loop, statistical control becomes partially endogenous. Sigma stability then depends not only on process variance but also on supervision of recalibration logic. Agentic operational capability enables delegation of decision authority within defined statistical limits. Its effects are conditional. Strong governance of thresholds and escalation rules can preserve stability and embed sustainability constraints within operational routines. Weak oversight or regulatory volatility may instead amplify variation and coordination instability. Research limitations/implications As a conceptual study, the framework requires empirical validation. It reframes statistical control as a recursive governance problem and identifies moderators that shape stability outcomes under bounded autonomy. Practical implications Managers must treat AI integration as a control design challenge. Policymakers should support transparency and stable institutional environments. Originality/value The study positions governance design, rather than technological intensity, as central to Operational Excellence 5.0.",wos,llm,1.000,unreviewed,
discarded,The strategic matching between manufacturers and streamers in live-streaming e-commerce,"Xin, Yucheng; Fan, Tijun; Xia, Haiyang",2026,INDUSTRIAL MANAGEMENT & DATA SYSTEMS,10.1108/IMDS-07-2025-0987,https://www.webofscience.com/wos/woscc/full-record/WOS:001817421900001,off-topic-false-hit; e-commerce-strategy,"Purpose-This paper investigates how manufacturers with different market bases should strategically match with a high- or low-influence streamer in live-streaming e-commerce. It aims to reveal how horizontal asymmetry in market size and vertical asymmetry in pricing power jointly shape optimal cooperation strategies and profit outcomes. Design/methodology/approach-A game-theoretic model is developed featuring two asymmetric manufacturers choosing between two types of streamers. Four cooperation scenarios are analyzed under a two-stage game structure, where the pricing party differs based on streamer influence. Closed-form equilibrium are derived under linear demand. Optimal prices and profits are compared across different scenarios. Findings-Our analysis shows that the equilibrium price when cooperating with a high-influence streamer is higher than the price when cooperating with a low-influence streamer. Moreover, the large manufacturer does not always charge higher than the small manufacturer. Manufacturers' strategic cooperation choices depend on the commission rate of the high-influence streamer and the relative influence gap between the two streamers. When the rate is low and the gap is large, both manufacturers prefer the high-influence streamer. As the commission rate increases or the influence gap narrows, manufacturers begin to shift to the low-influence streamer based on cost-benefit trade-offs. Originality/value-This study offers a novel framework integrating dual asymmetries (market base and pricing power) into the live-streaming supply chain literature. It provides strategic insights for manufacturers on effective streamer collaboration and pricing delegation in digital retail environments.",wos,llm,1.000,unreviewed,
