status,title,authors,year,venue,doi,url,tags,abstract,provider,decision_source,llm_confidence,llm_review_outcome,llm_change_direction,paper_id
discarded,Power of the mentor and potential of the mentee: how mentoring relationships support or thwart mentees' aspirations,"Taylor, Adam John; Samson, Amanda",2026,INTERNATIONAL JOURNAL OF MENTORING AND COACHING IN EDUCATION,10.1108/IJMCE-08-2025-0121,https://www.webofscience.com/wos/woscc/full-record/WOS:001774744700001,adjacent-subtopic,"Purpose This study investigates how power dynamics operate within teacher mentoring relationships, addressing the tension between mentoring's developmental aspirations and regulatory functions. The research applies Foucault's concept of pastoral power to examine how mentoring relationships simultaneously nurture and constrain emerging teacher identities.Design/methodology/approach A secondary analysis of data from two complementary empirical studies collectively highlights teachers' conviction that dispositions constitute the heart of great teachers. The studies employed different methodologies: phenomenographic interviews with 71 teachers in an Australian urban school system, and convergent parallel mixed methods with 58 survey respondents and 10 focus group participants from a university mentoring program.Findings Mentors can unwittingly function as unconscious gatekeepers; potentially supportive relationships can be limited by the performative compliance required by regulatory technologies, disadvantaging mentees despite mentors' collaborative intentions.Research limitations/implications The findings are limited by their Australian school education context and may require further investigation to establish generalizability.Practical implications The findings highlight the importance of mentor education that explicitly addresses unconscious power dynamics and suggests future research should investigate pastoral power mechanisms across diverse cultural and educational contexts.Originality/value This study provides a novel application of Foucault's pastoral power concept to educational mentoring relationships. The integrated mentoring framework presented addresses both the epistemological and ontological dimensions of teacher development, offering pathways toward more equitable mentoring practices. Such recognition can contribute to greater justice and equity in mentoring relationships.",wos,llm,0.990,unreviewed,,doi:10.1108/ijmce-08-2025-0121
discarded,A lightweight deduplicated auditing scheme for encrypted cloud data,"Zhang, Hongyuan; Guo, Zifan; Yang, Anjia",2025,"2025 IEEE 19TH INTERNATIONAL CONFERENCE ON BIG DATA SCIENCE AND ENGINEERING, BIGDATASE",10.1109/BigDataSE66491.2025.00017,https://www.webofscience.com/wos/woscc/full-record/WOS:001819355500009,off-topic-false-hit,"In the era of cloud computing, outsourced storage has become increasingly prevalent. To comply with legal regulations, such services are required to store sensitive data in encrypted form, which poses significant challenges for data deduplication and substantially increases storage costs for enterprises. Moreover, the growing demand for data auditing introduces additional complexities. However, existing solutions that support both encrypted data deduplication and public auditing suffer from high computational overhead during the file preprocessing phase, reliance on fully trusted third-party servers, and performance bottlenecks and maintainability issues caused by non-personalized tags. To address these limitations, this paper proposes a novel lightweight scheme for auditing encrypted cloud data with deduplication support. By incorporating signature ownership transfer technology and designing personalized tags, our scheme achieves an effective balance across three critical aspects: security, performance, and maintainability. The proposed solution is inherently compatible with ciphertext deduplication. Experimental results show that the processing time for duplicate files remains constant, with only an additional overhead of 5 milliseconds.",wos,llm,1.000,unreviewed,,doi:10.1109/bigdatase66491.2025.00017
discarded,Effects of a Short Mobile Intervention on Digital Health Literacy in Adolescents and Teachers: Randomized Controlled Trial,"Schroder, Rebekka; Hamer, Tim; Kruzewitz, Victoria; Suhr, Ralf; Konig, Lars",2026,JOURNAL OF MEDICAL INTERNET RESEARCH,10.2196/96284,https://www.webofscience.com/wos/woscc/full-record/WOS:001835247700001,off-topic-false-hit,"Background: Digital health literacy is an essential skill for processing health-related information in today's technology-driven society. Recent literature highlights deficits in digital health literacy among adolescents and legislative initiatives to secure its promotion have been introduced (eg, in the German Social Code Book V). However, few interventions target adolescents; existing programs often overlook critical aspects like graph literacy or lack applicability in schools and rigorous scientific evaluation. To overcome these limitations, short mobile interventions-optimized for mobile devices and flexible deployment in schools-were developed to promote digital health literacy. Objective: This study aimed to evaluate the effectiveness of one of these interventions (focusing on graph-based health information) and to assess its quality and applicability within educational settings as a proof-of-concept for the further development of similar interventions for adolescents. Methods: A randomized-controlled pre-post trial with an active control group was conducted across two independent samples in a web-based survey: adolescents in secondary schools (14-17 years) and teachers. Participants in each sample were randomly assigned (1:1 allocation) to the experimental or control group. Following baseline data collection (T1), participants completed their assigned interventions, immediately followed by postassessments (T2). The experimental intervention is a mobile-friendly e-learning module (approximately 10 minutes) featuring interactive tasks focused on interpreting graph-based health information. The control intervention followed the same design and logic but covered a different topic. The primary outcome was subjective knowledge regarding the intervention's topics. Secondary outcomes included objective knowledge (quiz scores) and 2 adapted subscales of the Digital Health Literacy Instrument (DHLI: ""evaluating reliability"" and ""determining relevance""). Educational quality, visual aesthetics, and practical applicability were also assessed at T2. Results:Among adolescents (experimental group: n=251; control group: n=249), a significant interaction effect was observed only for objective knowledge (F-1,F-498=70.42, eta & sup2;(p)=.124; P<.001), but not for the other three outcomes (subjective knowledge: F-1,F-498=2.04, eta & sup2;(p)=.004; P=.15; evaluating reliability: F-1,F-498=0.28, eta & sup2;(p)<.001; P=.60; determining relevance: F-1,F-498=0.25, eta & sup2;(p)<.001; P=.62), meaning that the intervention improved fact-based but not subjective knowledge and no broader health literacy related skills. For teachers (experimental group: n=301; control group: n=302), the results showed significant interaction effects for subjective knowledge (F-1,F-601=32.42, eta & sup2;(p)=.051; P<.001), objective knowledge (F-1,F-601=128.79, eta & sup2;(p)=.177; P<.001), and one facet of digital health literacy (evaluating reliability: F-1,F-601=6.21, eta & sup2;(p)=.010; P=.01), while the interaction effect for ""determining relevance"" was not significant (F-1,F-601=1.97, eta & sup2;(p)=.003; P=.16), suggesting that the intervention improved teachers' knowledge and one facet of digital health literacy. Both samples evaluated the visual and educational quality of the intervention as positive.

Conclusions: This study demonstrates that short mobile interventions hold significant promise for the promotion of digital health literacy (eg, graph literacy) within school environments. These interventions can effectively teach objective knowledge to adolescents and teachers, but improving their digital health literacy may require more comprehensive or multimodule approaches.",wos,llm,1.000,unreviewed,,doi:10.2196/96284
discarded,'Lightbulb moments': a qualitative study of psychology trainees' perspectives on learning CBT,"O'Shea, Melissa; Laing, Tara; Sheen, Jade; Nicola-Richmond, Kelli; Turner, Megan",2026,AUSTRALIAN PSYCHOLOGIST,10.1080/00050067.2026.2671121,https://www.webofscience.com/wos/woscc/full-record/WOS:001766885200001,adjacent-subtopic,"Objective: Cognitive Behavioural Therapy (CBT) is the most evidence based psychological intervention for a wide range of mental disorders and is central to clinical psychology training. Although several methods support trainees in developing CBT skills, little research has explored their experiences of learning CBT. This study examines which CBT tools and concepts postgraduate clinical psychology students find challenging and which they view as essential to<br /> understanding CBT theory and practice. Materials and Methods: A qualitative, phenomenological approach was used to explore the<br /> learning experiences of 29 postgraduate trainees enrolled in a 2 year Master or 3 year Doctor of Psychology (Clinical) program at an Australian university. Five focus groups were conducted using semi structured questions to identify troublesome, integrative, and transformative CBT concepts, guided by the threshold concepts framework. Data were analysed using thematic template analysis.<br /> Results: Students identified core CBT tools and concepts across four domains: the CBT model, CBT characteristics, CBT techniques, and practising CBT.<br /> Conclusions: Findings provide insight into how trainees developmentally acquire CBT knowledge and skills. Experiential and reflective learning activities that promote authentic engagement with CBT are recommended.<br /> RET POINTS<br /> What is already known about this topic:<br /> (1) Training in CBT remains a prominent feature in clinical psychology education preparing students to deliver it competently and optimise client outcomes.<br /> (2) Few studies explore the views of clinical psychology trainees as to how they acquire CBT knowledge and skills.<br /> (3) Incorporating the views and experiences of students is a valuable means of improving the relevance and effectiveness of education and training.<br /> What this topic adds:<br /> (1) An understanding of the CBT skills and concepts that students describe as both challenging and transformative at different stages of their learning.<br /> (2) Support to clinical psychology educators to better attune to students stuck points and avoid their rote application of CBT.<br /> (3) Stronger emphasis on experiential CBT training methods that may help trainees grasp the practical importance of key CBT concepts for effective practice.",wos,llm,1.000,unreviewed,,doi:10.1080/00050067.2026.2671121
discarded,A scoping review of 50 years of school-based mindfulness programs for children and adolescents,"O'neal, C. Shannon; Begeny, John; Smith, Bradley",2026,CHILDREN AND YOUTH SERVICES REVIEW,10.1016/j.childyouth.2026.108840,https://www.webofscience.com/wos/woscc/full-record/WOS:001707619500001,off-topic-false-hit,"The use of mindfulness has gained popularity as a promising approach for improving mental health outcomes in children and adolescents. However, several gaps remain in our understanding of how these practices are defined, implemented, and contextualized in school settings. This scoping review examines 150 school-based mindfulness program (SBMP) studies published from 1973 to 2022, focusing on study characteristics (e.g., participant demographics, targeted outcomes, operational definitions of mindfulness), intervention features, and the extent to which studies acknowledge the historical and cultural foundations of mindfulness practices. Over the past 50 years, there have been modest methodological improvements, particularly in reporting interventionist training, while critical aspects such as implementation fidelity measurement and operational definition clarity have seen little change. Additionally, only 21% of studies acknowledged the Eastern origins of mindfulness. Implications for future research and practice include strengthening methodological rigor, clarifying conceptual frameworks, and increasing cultural transparency in SBMP implementation.",wos,llm,1.000,unreviewed,,doi:10.1016/j.childyouth.2026.108840
discarded,Identification of threshold concepts in the undergraduate orthodontics curriculum: a modified Delphi study,"Sher, Aisha; Yasmeen, Rahila; Bashir, Ulfat",2026,BMC MEDICAL EDUCATION,10.1186/s12909-025-08516-6,https://www.webofscience.com/wos/woscc/full-record/WOS:001682978000001,adjacent-subtopic,"Background Orthodontics is acknowledged as an integral clinical subspecialty in undergraduate dental programs. Mastering such an extensive and multifaceted theoretical knowledge and its implementation into practice is challenging. The student experiences tension, difficulty and frequently lacks preparedness and confidence when performing different orthodontic procedures. Threshold concepts (TCs) can offer a potential solution to this problem. The transforming nature of threshold concepts can significantly influence student learning and curriculum development. A number of learning theories resonate with the concept of TCs. The study aimed to explore TCs and associated teaching strategies (TS) and assessment strategies (AS) in the undergraduate orthodontic curriculum through expert consensus, offering reforms in dental education. Methodology Phase 1 of the study comprised a thorough literature review followed by a preliminary online session with experts to outline the curriculum and assess their understanding of TCs. Two orientation sessions for participants and three FGDs were conducted in two different institutes of twin cities in Pakistan. Qualitative analysis of data was done to formulate questionnaire for Modified Delphi Round 1. In phase 2, the Modified Delphi technique was used to obtain consensus on 39 proposed TCs, their 26 teaching and 26 assessment strategies under nine domains of orthodontics. 41 experts with postgraduate degrees in orthodontics and a minimum of 2 years of teaching experience in the field participated in round 1, 38 in round 2 and 35 in round 3. Prior termination criteria were set with 3 Delphi rounds, >= 80% agreement and stability. Items with >= 80% agreement and stability of responses between two consecutive rounds reached consensus. Results 34 out of 39 TCs reached consensus. 5 TS and 4 AS were identified for (domains I and II) patient assessment. Similarly, 2 TS and 4 AS for growth and development (domain III), 6 TS and 5 AS for diagnosis (domains IV & V), 6 TS and 5 AS for treatment of orthodontic patients (domains VI, VII & VIII), 3 TS and 1 AS for recent advances (domain IX) reached consensus. Conclusion The identified TCs have highlighted specific areas in orthodontics that may pose challenges for students and prevent learning. Due consideration to these TCs and appropriate TS and AS can transform students from novices to experts. The study offered a comprehensive TC framework that can guide undergraduate orthodontic curriculum and practices.",wos,llm,1.000,unreviewed,,doi:10.1186/s12909-025-08516-6
discarded,An improved numerical model for ice crystal sticking under mixed-phase icing condition,"Ma, Yijian; Chai, Delin; Wang, Qiang; Wang, Xian; Yi, Xian",2026,INTERNATIONAL JOURNAL OF HEAT AND MASS TRANSFER,10.1016/j.ijheatmasstransfer.2025.127981,https://www.webofscience.com/wos/woscc/full-record/WOS:001606539600001,off-topic-false-hit,"This study addressed the limitations of existing ice crystal sticking models for mixed-phase ice accretion regarding insufficient factor comprehensiveness. We proposed an enhanced ice crystal sticking model incorporating three critical parameters: ice crystal impact velocity, liquid water mass fraction during surface impingement, and surface temperature. A corresponding ice accretion computation method was developed and implemented within the NNW-ICE icing simulation platform. The method employed Monte Carlo simulations to compute the collection efficiencies of ice crystals and water droplets. When integrated with the proposed sticking model, it enabled accurate predictions of both ice crystal sticking rates and catching collection coefficients during mixed-phase ice accretion processes. Concurrently, mixed-phase ice accretion experiments were conducted in the vertical wind tunnel at the China Aerodynamics Research and Development Center (CARDC). These experimental results, combined with those from mixed-phase ice accretion tests in the Cox wind tunnel documented in the literature, validated the numerical computation methodology. The results demonstrated that the numerical method proposed in this study effectively simulated ice crystal sticking and accretion phenomena across varying inflow velocities, temperatures, and cloud conditions. The simulated ice shapes exhibited strong agreement with experimental results in three critical aspects: upper/lower ice accretion limits, overall ice shape characteristics, and maximum ice thickness at the stagnation point. Both experimental and simulation results demonstrated that under mixed-phase icing conditions, ice crystals with higher impact velocities exhibited reduced capture probabilities by the surface. Conversely, increased liquid water mass fraction during surface impingement enhanced ice crystal sticking. Furthermore, when the surface temperature fell below the water freezing temperature, the ice crystal sticking ratio decreased proportionally with declining temperatures. Additionally, when the incoming flow temperature was relatively high (Ta,infinity > - 9.8 degrees C ) and the incoming liquid water mass fraction was significant (LWC/TWC >0.6), minor increments in the incoming LWC/TWC ratio exhibited limited influence on ice shape.",wos,llm,1.000,unreviewed,,doi:10.1016/j.ijheatmasstransfer.2025.127981
discarded,Non-enhancing bowel dilatation and secondary ileus on CT as a surgical red flag in geriatric patients with atypical presentations,"Wang, Xirang; Kang, Jian; Li, Yuxiang; Sun, Xiaofeng; Wu, Yunpeng; Zhang, Jun; Tao, Hehui; Wang, Li; Rong, Ruizhou; Wang, Miao; Liu, Kang; Ban, Zhen",2025,BMC GERIATRICS,10.1186/s12877-025-06431-5,https://www.webofscience.com/wos/woscc/full-record/WOS:001586085700009,off-topic-false-hit,"BackgroundIschemic bowel disease represents a critical diagnostic challenge in emergency surgical practice. Despite its relatively low incidence in patients presenting with abdominal pain, this condition demands urgent attention due to its potentially fatal outcomes when management is delayed.Case presentationWe present a clinically instructive case of a nonagenarian female initially diagnosed with colonic pneumatosis through imaging studies. Subsequent diagnostic reevaluation revealed progressive colonic necrosis requiring emergent surgical intervention. The patient underwent successful segmental colectomy with colostomy, achieving full recovery and discharge within 14 postoperative days.ConclusionThis case highlights three critical aspects in managing geriatric patients with acute abdominal emergencies: The inherent diagnostic limitations posed by atypical presentations in elderly populations, including unreliable history-taking and attenuated physical signs; The insufficient sensitivity of conventional laboratory markers (leukocytosis, NEUT%, PCT, lactate elevation) for detecting intestinal ischemia; The pivotal role of contrast-enhanced computed tomography (CT) in surgical decision-making, particularly the prognostic significance of non-enhancing bowel wall dilatation as a radiographic hallmark of transmural necrosis. Early surgical consultation and protocolized CT interpretation are paramount for optimizing outcomes in this high-risk patient cohort.",wos,llm,1.000,unreviewed,,doi:10.1186/s12877-025-06431-5
