status,title,authors,year,venue,doi,url,tags,abstract,provider,decision_source,llm_confidence,llm_review_outcome,llm_change_direction
kept,Class Inheritance Structures and Software Maintenance Activities - An Empirical Analysis,"Kaur, Kuljit",2015,2015 1ST INTERNATIONAL CONFERENCE ON NEXT GENERATION COMPUTING TECHNOLOGIES (NGCT),,https://www.webofscience.com/wos/woscc/full-record/WOS:000380503400138,qualifies-claim; inheritance-maintenance; deep-hierarchies; empirical,"In an object oriented design, organization of classes in an inheritance hierarchy is believed to ease the understandability, reusability, and maintainability of the design. However, a lot of empirical analysis is required to confirm this. This research work is another attempt in this direction. Previous research experiments show that programmers do not prefer deep inheritance hierarchies. They find it difficult to perform maintenance tasks on classes deep in the hierarchy. This paper reports results of an experiment which studies the maintenance activity at various levels of the inheritance hierarchy of an open source reusable software component across its various releases. It analyzes changes in inheritance hierarchy by keeping track of the classes added, removed, changed, and unchanged in four successive releases of the software product. It is found that classes that undergo change are more evenly distributed at various levels of the hierarchy rather than classes that are retained as such in the next release. New classes are added at shallow levels of hierarchy most of the times, but unwanted classes are removed from different levels of the hierarchy. The paper also focuses on changes in the inheritance hierarchy as the design evolves.",wos,llm,0.950,unreviewed,
discarded,Stepping Towards Dynamic Measurement for Object Oriented Software,"Jain, Ashu; Chug, Anuradha",2016,2016 1ST INDIA INTERNATIONAL CONFERENCE ON INFORMATION PROCESSING (IICIP),,https://www.webofscience.com/wos/woscc/full-record/WOS:000431862700024,adjacent-subtopic; dynamic-metrics,"Software metrics are very helpful in measuring the different aspects of software like cohesion, coupling, polymorphism, inheritance etc. The objective of measuring software metrics are quality assurance, defect prediction, maintainability prediction, cost estimation, debugging, etc. Many authors proposed the use of static metrics for the software maintainability prediction (SMP) and were successful, but static metrics don't take into account the run-time behavior of software. Hence, to capture this dynamic behavior, dynamic metrics are necessary to be evaluated. This paper presents the empirical investigation of dynamic metrics for SMP and also compares them with static metrics. Six machine learning algorithms are used to build the prediction models for both the static and dynamic metrics. The performance of all models is compared using prevalent accuracy measures. Results show that dynamic metrics perform better than static metrics, and can be used as a sound alternative for SMP.",wos,llm,0.940,unreviewed,
discarded,Discrimination of Class Inheritance Hierarchies - A Vector Approach,"Reddy, B. Ramachandra; Ojha, Aparajita",2014,"NEW PERSPECTIVES IN INFORMATION SYSTEMS AND TECHNOLOGIES, VOL 2",10.1007/978-3-319-05948-8_12,https://www.webofscience.com/wos/woscc/full-record/WOS:000354299300012,adjacent-subtopic; inheritance-metrics,"Numerous inheritance metrics have been proposed and studied in the literature with a view to understand the effect of inheritance on software performance and maintainability. These metrics are meant to depict the inheritance structures of classes and related issues. However, in spite of a large number of inheritance metrics introduced by researchers, there is no standard set of metrics that could discriminate the class hierarchies to decipher or predict the change-proneness, defect-proneness of classes or issues that could effectively address maintainability, testability and reusability of class hierarchies. In fact, very different hierarchical structures lead to the same values of some standard inheritance metrics, resulting in lack of discrimination anomaly (LDA). In an effort to address this problem, three specific metrics have been studied from the point of view of providing an insight into inheritance patterns present in the software systems and their effect on maintainability. Empirical analysis shows that different class hierarchies can be distinguished using the trio - average depth of inheritance, specialization ratio and reuse ratio.",wos,llm,0.930,unreviewed,
discarded,Empirical evidence on the link between object-oriented measures and external quality attributes: a systematic literature review,"Jabangwe, Ronald; Borstler, Jurgen; Smite, Darja; Wohlin, Claes",2015,EMPIRICAL SOFTWARE ENGINEERING,10.1007/s10664-013-9291-7,https://www.webofscience.com/wos/woscc/full-record/WOS:000354480800003,adjacent-subtopic; metrics-slr,"There is a plethora of studies investigating object-oriented measures and their link with external quality attributes, but usefulness of the measures may differ across empirical studies. This study aims to aggregate and identify useful object-oriented measures, specifically those obtainable from the source code of object-oriented systems that have gone through such empirical evaluation. By conducting a systematic literature review, 99 primary studies were identified and traced to four external quality attributes: reliability, maintainability, effectiveness and functionality. A vote-counting approach was used to investigate the link between object-oriented measures and the attributes, and to also assess the consistency of the relation reported across empirical studies. Most of the studies investigate links between object-oriented measures and proxies for reliability attributes, followed by proxies for maintainability. The least investigated attributes were: effectiveness and functionality. Measures from the C&K measurement suite were the most popular across studies. Vote-counting results suggest that complexity, cohesion, size and coupling measures have a better link with reliability and maintainability than inheritance measures. However, inheritance measures should not be overlooked during quality assessment initiatives; their link with reliability and maintainability could be context dependent. There were too few studies traced to effectiveness and functionality attributes; thus a meaningful vote-counting analysis could not be conducted for these attributes. Thus, there is a need for diversification of quality attributes investigated in empirical studies. This would help with identifying useful measures during quality assessment initiatives, and not just for reliability and maintainability aspects.",wos,llm,0.940,unreviewed,
discarded,Fault prediction considering threshold effects of object-oriented metrics,"Malhotra, Ruchika; Bansal, Ankita Jain",2015,EXPERT SYSTEMS,10.1111/exsy.12078,https://www.webofscience.com/wos/woscc/full-record/WOS:000352546200004,adjacent-subtopic; fault-prediction-thresholds,"Software product quality can be enhanced significantly if we have a good knowledge and understanding of the potential faults therein. This paper describes a study to build predictive models to identify parts of the software that have high probability of occurrence of fault. We have considered the effect of thresholds of object-oriented metrics on fault proneness and built predictive models based on the threshold values of the metrics used. Prediction of fault prone classes in earlier phases of software development life cycle will help software developers in allocating the resources efficiently. In this paper, we have used a statistical model derived from logistic regression to calculate the threshold values of object oriented, Chidamber and Kemerer metrics. Thresholds help developers to alarm the classes that fall outside a specified risk level. In this way, using the threshold values, we can divide the classes into two levels of risk - low risk and high risk. We have shown threshold effects at various risk levels and validated the use of these thresholds on a public domain, proprietary dataset, KC1 obtained from NASA and two open source, Promise datasets, IVY and JEdit using various machine learning methods and data mining classifiers. Interproject validation has also been carried out on three different open source datasets, Ant and Tomcat and Sakura. This will provide practitioners and researchers with well formed theories and generalised results. The results concluded that the proposed threshold methodology works well for the projects of similar nature or having similar characteristics.",wos,llm,0.940,unreviewed,
discarded,Predicting object-oriented class reuse-proneness using internal quality attributes,"Al Dallal, Jehad; Morasca, Sandro",2014,EMPIRICAL SOFTWARE ENGINEERING,10.1007/s10664-012-9239-3,https://www.webofscience.com/wos/woscc/full-record/WOS:000336388500001,adjacent-subtopic; reuse-proneness-metrics,"Class reuse-proneness is the likelihood that a class can be reused and is a key quality characteristic in object-oriented design. Because it is clearly impossible to know with certainty when, where, how, and how often a class will be reused, this likelihood can only be estimated when a class is developed. At that stage, the internal quality attributes of a class such as cohesion, coupling, and size can be measured. In this paper, we empirically study the ability of 29 internal class quality measures, individually and in combination, to estimate class reuse-proneness. Specifically, we take into account both class inheritance and class instantiation, which are two ways in which a class can be reused. Our results show that most of the considered measures are predictors for the considered reuse-proneness attributes to some degree. The capability of the considered internal quality measures to predict class reuse-proneness is enhanced when the measures are combined using an optimized multivariate statistical model. The results also show that the size and coupling attributes of a class have positive impacts on its reuse-proneness via inheritance and instantiation. The cohesion of a class has a negative impact on its inheritance reuse-proneness and a positive impact on its instantiation reuse-proneness. The overall results of the empirical study show that software developers can use a number of predictors to assess the reuse-proneness of classes and possibly improve the reuse-proneness of the classes by controlling their internal quality attributes. Our results contribute to the evaluation of the quality of a class, but a comprehensive evaluation of the quality of a class should take into account many more qualities. Also, not all classes in a software system are built with reuse-proneness in mind, so our results should be applied only to those that are designed and implemented to be reusable.",wos,llm,0.900,unreviewed,
discarded,Empirical Validation of Object-Oriented Inheritance Hierarchy Modifiability Metrics,"Bajeh, Amos Orenyi; Basri, Shuib; Jung, Low Tan; Almomani, Malek Ahmad",2014,PROCEEDINGS OF THE 2014 6TH INTERNATIONAL CONFERENCE ON INFORMATION TECHNOLOGY AND MULTIMEDIA (ICIM),,https://www.webofscience.com/wos/woscc/full-record/WOS:000410571300036,adjacent-subtopic; inheritance-modifiability-metrics,"Since the proliferation of software product in the (semi) automation of business operations, most especially software product developed using the object-oriented methodology; the quality of the design of software becomes significant. The measurement of the quality attributes of software during and after development guides software developers in ensuring the production of software products that are maintainable. Several metrics have been proposed for the measurement of the inheritance hierarchy of object-oriented software designs. This paper presents an empirical validation of two inheritance-based metrics: Average Understandability (AU) and Average Modifiability (AM), for the estimation of the modifiability of object-oriented software inheritance hierarchies. Data collected from two open-source object-oriented software are used for the empirical validation of the metrics. The results of the study show that the two metrics are good indicators of the modifiability of object-oriented inheritance hierarchy from high level designs perspective.",wos,llm,0.940,unreviewed,
discarded,Complexity Estimator: A Comprehensive Tool for Measuring Software Complexity in Object-Oriented Systems,Jayakuru H.E.,2025,Proceedings International Research Conference on Smart Computing and Systems Engineering Scse 2025,10.1109/SCSE65633.2025.11030957,https://www.scopus.com/inward/record.uri?partnerID=HzOxMe3b&scp=105009459725&origin=inward,adjacent-subtopic; complexity-tool,,scopus,llm,0.950,unreviewed,
discarded,Code Visualization through Clothing Metaphor: An Empirical Software Comprehension Study,Stefan-Octavian C.,2025,Procedia Computer Science,10.1016/j.procs.2025.09.313,https://www.scopus.com/inward/record.uri?partnerID=HzOxMe3b&scp=105024066768&origin=inward,adjacent-subtopic; software-comprehension,,scopus,llm,0.950,unreviewed,
discarded,Supplier selection strategies evaluation: a multi-agent based simulation,Athamena B.,2025,International Journal of Economics and Business Research,10.1504/IJEBR.2025.146967,https://www.scopus.com/inward/record.uri?partnerID=HzOxMe3b&scp=105010521050&origin=inward,off-topic-false-hit; delegation-in-economics,,scopus,llm,1.000,unreviewed,
discarded,A First Look at the Inheritance-Induced Redundant Test Execution,Kim D.J.,2024,Proceedings International Conference on Software Engineering,10.1145/3597503.3639166,https://www.scopus.com/inward/record.uri?partnerID=HzOxMe3b&scp=85196865347&origin=inward,adjacent-subtopic; testing-inheritance,,scopus,llm,0.870,unreviewed,
discarded,On the adoption and effects of source code reuse on defect proneness and maintenance effort,Giordano G.,2024,Empirical Software Engineering,10.1007/s10664-023-10408-6,https://www.scopus.com/inward/record.uri?partnerID=HzOxMe3b&scp=85179738716&origin=inward,adjacent-subtopic; source-code-reuse,,scopus,llm,0.900,unreviewed,
kept,Blessing or Curse? Investigating Test Code Maintenance Through Inheritance and Interface,Kim D.J.,2024,Proceedings 2024 IEEE International Conference on Software Maintenance and Evolution Icsme 2024,10.1109/ICSME58944.2024.00031,https://www.scopus.com/inward/record.uri?partnerID=HzOxMe3b&scp=85215528810&origin=inward,qualifies-claim; test-code-maintenance; inheritance-vs-interface,,scopus,llm,0.820,unreviewed,
discarded,A tertiary study on links between source code metrics and external quality attributes,Iftikhar U.,2024,Information and Software Technology,10.1016/j.infsof.2023.107348,https://www.scopus.com/inward/record.uri?partnerID=HzOxMe3b&scp=85174715019&origin=inward,adjacent-subtopic; metrics-tertiary-study,,scopus,llm,0.950,unreviewed,
discarded,Object coverage criteria for supporting object-oriented testing,Ghoreshi M.,2023,Software Quality Journal,10.1007/s11219-023-09643-3,https://www.scopus.com/inward/record.uri?partnerID=HzOxMe3b&scp=85163708511&origin=inward,adjacent-subtopic; testing-coverage-criteria,,scopus,llm,0.950,unreviewed,
discarded,Study on the calculational framework development of the advanced numerical reactor neutronics code SHARK,Hongbo Z.,2023,Frontiers in Energy Research,10.3389/fenrg.2022.1013004,https://www.scopus.com/inward/record.uri?partnerID=HzOxMe3b&scp=85146999047&origin=inward,adjacent-subtopic; scientific-code-framework,,scopus,llm,0.880,unreviewed,
discarded,Advancements in Code Restructuring: Enhancing System Quality through Object-Oriented Coding Practices,Ngetich M.K.Y.,2023,Ines 2023 27th IEEE International Conference on Intelligent Engineering Systems 2023 Proceedings,10.1109/INES59282.2023.10297764,https://www.scopus.com/inward/record.uri?partnerID=HzOxMe3b&scp=85178577734&origin=inward,adjacent-subtopic; code-restructuring,,scopus,llm,0.860,unreviewed,
discarded,Do Bad Smells Lead to Defects?,Topuz F.N.,2023,Proceedings 2023 13th International Conference on Software Technology and Engineering Icste 2023,10.1109/ICSTE61649.2023.00020,https://www.scopus.com/inward/record.uri?partnerID=HzOxMe3b&scp=85182951154&origin=inward,adjacent-subtopic; bad-smells-defects,,scopus,llm,0.950,unreviewed,
discarded,An Object-Oriented Database Design for Effective Classification,Satheesh A.,2022,International Journal of Intelligent Systems and Applications in Engineering,,https://www.scopus.com/inward/record.uri?partnerID=HzOxMe3b&scp=85164779296&origin=inward,adjacent-subtopic; object-database-design,,scopus,llm,0.960,unreviewed,
discarded,SBQS 2021 - Proceedings of the 20th Brazilian Symposium on Software Quality,,2022,ACM International Conference Proceeding Series,,https://www.scopus.com/inward/record.uri?partnerID=HzOxMe3b&scp=85147657787&origin=inward,adjacent-subtopic; proceedings-volume,,scopus,llm,1.000,unreviewed,
discarded,Software Design of Hall Electric Propulsion Control System based on Embedded Object-oriented Design Method,Jin T.,2022,Imcec 2022 IEEE 5th Advanced Information Management Communicates Electronic and Automation Control Conference,10.1109/IMCEC55388.2022.10019789,https://www.scopus.com/inward/record.uri?partnerID=HzOxMe3b&scp=85147670318&origin=inward,adjacent-subtopic; embedded-design-method,,scopus,llm,0.880,unreviewed,
kept,On the Evolution of Inheritance and Delegation Mechanisms and Their Impact on Code Quality,Giordano G.,2022,Proceedings 2022 IEEE International Conference on Software Analysis Evolution and Reengineering Saner 2022,10.1109/SANER53432.2022.00113,https://www.scopus.com/inward/record.uri?partnerID=HzOxMe3b&scp=85135795681&origin=inward,qualifies-claim; inheritance-and-delegation; code-quality-evolution,,scopus,llm,0.900,unreviewed,
discarded,An empirical study to investigate the impact of data resampling techniques on the performance of class maintainability prediction models,Malhotra R.,2021,Neurocomputing,10.1016/j.neucom.2020.01.120,https://www.scopus.com/inward/record.uri?partnerID=HzOxMe3b&scp=85089357744&origin=inward,adjacent-subtopic; maintainability-prediction,,scopus,llm,0.940,unreviewed,
discarded,Inheritance metrics feats in unsupervised learning to classify unlabeled datasets and clusters in fault prediction,Aziz S.R.,2021,Peerj Computer Science,10.7717/PEERJ-CS.722,https://www.scopus.com/inward/record.uri?partnerID=HzOxMe3b&scp=85124792372&origin=inward,adjacent-subtopic; inheritance-metrics; fault-prediction,,scopus,llm,0.940,unreviewed,
discarded,How does object-oriented code refactoring influence software quality? Research landscape and challenges,Kaur S.,2019,Journal of Systems and Software,10.1016/j.jss.2019.110394,https://www.scopus.com/inward/record.uri?partnerID=HzOxMe3b&scp=85071483107&origin=inward,adjacent-subtopic; refactoring-quality-review,,scopus,llm,0.900,unreviewed,
discarded,Feature-oriented contract composition,Thüm T.,2019,ACM International Conference Proceeding Series,10.1145/3336294.3342374,https://www.scopus.com/inward/record.uri?partnerID=HzOxMe3b&scp=85123041866&origin=inward,adjacent-subtopic; feature-contract-composition,,scopus,llm,0.970,unreviewed,
discarded,Analysis of refactoring effect on software quality of object-oriented systems,Malhotra R.,2019,Lecture Notes in Networks and Systems,10.1007/978-981-13-2354-6_22,https://www.scopus.com/inward/record.uri?partnerID=HzOxMe3b&scp=85063490920&origin=inward,adjacent-subtopic; refactoring-quality,,scopus,llm,0.900,unreviewed,
discarded,Object Oriented Dynamic Coupling and Cohesion Metrics: A Review,Kaur N.,2019,Lecture Notes in Networks and Systems,10.1007/978-981-13-1217-5_85,https://www.scopus.com/inward/record.uri?partnerID=HzOxMe3b&scp=85063495121&origin=inward,adjacent-subtopic; dynamic-metrics-review,,scopus,llm,0.950,unreviewed,
discarded,Fault-proneness prediction of object-oriented classes using reusability measures,Al Dallal J.,2019,ACM International Conference Proceeding Series,10.1145/3323933.3324079,https://www.scopus.com/inward/record.uri?partnerID=HzOxMe3b&scp=85066787600&origin=inward,adjacent-subtopic; fault-prediction-reusability,,scopus,llm,0.890,unreviewed,
discarded,Composable actor behaviour,Van den Vonder S.,2019,Lecture Notes in Computer Science Including Subseries Lecture Notes in Artificial Intelligence and Lecture Notes in Bioinformatics,10.1007/978-3-030-22496-7_4,https://www.scopus.com/inward/record.uri?partnerID=HzOxMe3b&scp=85067484407&origin=inward,adjacent-subtopic; actor-composition,,scopus,llm,0.950,unreviewed,
discarded,Reusable and interactive classes: A new way of object composition,Masoumi S.,2019,Turkish Journal of Electrical Engineering and Computer Sciences,10.3906/elk-1812-164,https://www.scopus.com/inward/record.uri?partnerID=HzOxMe3b&scp=85072595442&origin=inward,adjacent-subtopic; object-composition-technique,,scopus,llm,0.760,unreviewed,
discarded,Design by Contract Methodology,Murthy P.,2018,2018 International Conference on Advances in Computing Communications and Informatics Icacci 2018,10.1109/ICACCI.2018.8554801,https://www.scopus.com/inward/record.uri?partnerID=HzOxMe3b&scp=85060065082&origin=inward,adjacent-subtopic; design-by-contract,,scopus,llm,0.880,unreviewed,
discarded,Discrimination of Inheritance Patterns: An Improved Metric,Reddy B.R.,2018,Proceedings of the 8th International Conference Confluence 2018 on Cloud Computing Data Science and Engineering Confluence 2018,10.1109/CONFLUENCE.2018.8442763,https://www.scopus.com/inward/record.uri?partnerID=HzOxMe3b&scp=85053666069&origin=inward,adjacent-subtopic; inheritance-metrics,,scopus,llm,0.930,unreviewed,
