status,title,authors,year,venue,doi,url,tags,abstract,provider,decision_source,llm_confidence,llm_review_outcome,llm_change_direction,paper_id
discarded,Economic Simulations in Swarm: 20 Years On,S.H. Chen,2026,New Mathematics and Natural Computation,10.1142/S1793005726500572,https://www.scopus.com/inward/record.uri?partnerID=HzOxMe3b&scp=105009428940&origin=inward,off-topic-false-hit,"At the start of this century, Francesco Luna and Benedikt Stefansson published the first edited volume on agent-based computational economics. By addressing three critical aspects of agent-based modeling (ABM) — “Esperanto”, computability, and object-oriented programming — this volume established a landmark vision for the future development of agent-based modeling in the 21st century. In this paper, we trace the evolution of these three foundational concepts over the past two decades and present an overview of three key developments in ABM since then. First, NetLogo has emerged as the “English” of ABM, replacing Swarm, while the pursuit of an “Esperanto” for ABM remains elusive. Second, agent-based computational economics has largely avoided concerns of uncomputability, a critical issue that continues to challenge mainstream analytical economics. Third, the rise of object-oriented programming as an alternative to procedurals and declarative programming, alongside ABM’s emergence as an alternative to equation-based modeling, reflects a deeper shared pursuit: the conceptualization of autonomous agents. This focus on autonomous agents serves as a bridge of consilience between C.P. Snow’s “two cultures”, uniting the sciences and the humanities.",scopus,llm,1.000,unreviewed,,doi:10.1142/s1793005726500572
discarded,"Telecom customer churn prediction: a detailed systematic review of data, methodology, and evaluation methods",H. Jain,2026,Telecommunication Systems,10.1007/s11235-026-01491-3,https://www.scopus.com/inward/record.uri?partnerID=HzOxMe3b&scp=105046144841&origin=inward,off-topic-false-hit,"Customer churn prediction is an essential research topic in the telecommunications industry, as the market is becoming saturated, fierce competition is prevalent, and the financial cost of losing customers is high. It is much cheaper to retain existing customers than to acquire new ones, and therefore, predictive analytics is a strategic requirement for telecom operators. Churn prediction methodologies have developed significantly in the last 20 years, moving beyond traditional statistical modeling techniques to state-of-the-art artificial intelligence-based systems with the ability to scale to large volumes and high dimensions of telecom data and time-warped telecom data. This is a review paper that gives a comprehensive, systematic analysis of the state-of-the-art techniques that are used in predicting telecom churn. The systematic search was carried out in three major academic databases (Scopus, ACM Digital Library, IEEE Xplore) from January 2010 to December 2024. The Boolean search string used was (telecom* OR telecommunication* OR mobile) AND (churn OR attrition OR ""customer retention"") AND (predict* OR classif* OR ""machine learning"" OR ""deep learning""). Studies were selected if they (i) introduced or tested a model that could predict customer churn in a telecom firm, (ii) provided quantitative performance indicators, and (iii) were published in peer-reviewed sources. Non-English publications, as well as books and patents, were not included. After full-text review, 199 of 299 candidate studies were included. The research summarizes the results of benchmark datasets, including Orange, Cell2cell, IBM/Kaggle Telecom datasets, and actual operator billing and usage data. It shows a critical overview of classical machine learning models such as the Logistic Regression, Decision Trees, Support Vector Machines, Random Forests, and Gradient Boosting before proceeding to deep learning architectures such as the Convolutional Neural Network (CNN), Recurrent Neural Networks (RNN), Long Short-Term Memory (LSTM) networks, Autoencoders, and hybrid deep machine learning models. Besides, the review points out to new evolutionary computation methods, such as genetic programming-based models, which focus on automated feature evolution and cost-sensitive optimization. Among the main problems discussed in the literature, there are the imbalance in classes, high-dimensional information about customer behavior, a model of temporal dependency, asymmetry of misclassification cost, constraints in interpretability, and the problem of scalability in the real-time telecom setting. Performance metrics employed in the study to predict churn, including Accuracy, Precision, Recall, F1-score, AUC-ROC, G-mean, cost-sensitive metrics, and profit-based ones, are also extensively evaluated, with limitations of the accuracy-focused evaluation of imbalanced and business-critical problems highlighted. The results demonstrate a distinct change in methodology to hybrid, cost-conscious, and explainable models that optimize the goal of predictive modelling with telecom revenue optimization policies. Deep learning models are better at extracting nonlinear features, whereas the ensemble and evolutionary methods are more robust and financially aligned. The review concludes with future research directions and with a discussion on explainable AI, federated learning, multi-objective optimization, graph-based churn models, and research protocols based on profit.

The piece suggests a systematic approach to designing smart, scalable, and economically viable churn prediction systems for today's telecom environment.",scopus,llm,1.000,unreviewed,,doi:10.1007/s11235-026-01491-3
discarded,MSGHNet: multi-scale gradient-aware hypergraph network for remote sensing small object detection,Z. Zhai,2026,Measurement Science and Technology,10.1088/1361-6501/ae599d,https://www.scopus.com/inward/record.uri?partnerID=HzOxMe3b&scp=105035857311&origin=inward,off-topic-false-hit,"In the application scenarios of drone vision technology, accurate and efficient small object detection is a core demand driving technological advancement. Despite progress in existing methods, key challenges persist, including feature loss during subsampling, insufficient multi-scale fusion, and weak modeling of object relationships in complex scenes. To address these issues, this paper proposes an improved high-resolution small object detection model MSGHNet: it integrates a small-object-oriented subsampling module PRDown to preserve critical feature integrity, designs a PMSCF module for enhanced cross-scale feature expression, and innovatively embeds an adaptive hypergraph computation module into the neck network. Collaborating with PMSCF, the edge-aware hypergraph module leverages its strong capability in modeling complex relationships to adaptively capture spatial topologies, semantic similarities, and dynamic interactions between objects, effectively enhancing detection performance and generalization for small objects in complex scenarios. Experimental results demonstrate significant performance improvements on both Dior and VisDrone2019 mainstream drone image datasets. Compared to baseline model YOLOv11s, the proposed method achieves 3.04% and 2.48% gains in mAP@50, respectively, while maintaining real-time inference speed, providing an effective solution for precise small object detection in drone scenarios.",scopus,llm,1.000,unreviewed,,doi:10.1088/1361-6501/ae599d
discarded,JaKtA: Closing the Tooling Gap for Mainstream BDI,M. Baiardi,2026,Agents and Multi Agent Systems Development Platforms Toolkits Technologies,10.1007/978-3-032-01082-7_6,https://www.scopus.com/inward/record.uri?partnerID=HzOxMe3b&scp=105031700331&origin=inward,off-topic-false-hit,,scopus,llm,0.990,unreviewed,,doi:10.1007/978-3-032-01082-7_6
discarded,Coypu and Phausto: accessible live sound coding with Pharo,D. Cipriani,2026,Proceedings of the International Conference on New Interfaces for Musical Expression,,https://www.scopus.com/inward/record.uri?partnerID=HzOxMe3b&scp=105051059081&origin=inward,off-topic-false-hit,,scopus,llm,0.980,unreviewed,,hash:4162853c41bbd7a4
discarded,Evaluation of Initial Programming Learning Prototype Based on Student Performance,G.C. Nhadumbuque,2026,IEEE Global Engineering Education Conference Educon,10.1109/EDUCON67543.2026.11574458,https://www.scopus.com/inward/record.uri?partnerID=HzOxMe3b&scp=105044414300&origin=inward,adjacent-subtopic,"Programming learning for students in the initial phase is seen as one of the biggest challenges in engineering courses, with reports of failures and dropouts as the most critical aspects. The use of learning tools to promote greater interactivity and simplify the teaching and learning process has been seen as an alternative. This study aims to evaluate the experience of using a tool for initial programming learning in programming classes, particularly in the field of Electronic Engineering. It was developed using a qualitative-quantitative approach with an emphasis on a quasi-experimental study. The prototype was tested in a real environment in two Electronic Engineering classes. Each class was divided into two subgroups: control (without using the prototype) and experimental (with the prototype) during four weekly two-hour practice sessions. Data collection included observation of performance during classroom activities and the corresponding interactions. The analysis compared the groups using statistical tests. Furthermore, content analysis was used to identify learning patterns and motivation during the tool's application. The results indicate improved performance in the experimental group and a significant difference in the acquisition of the concepts of constants and variables. In addition, the prototype has the potential to complement traditional teaching practices, making teaching more interactive and accessible.",scopus,llm,0.980,unreviewed,,doi:10.1109/educon67543.2026.11574458
discarded,Automated Hybrid Speech Recognition System for End-to-End Cross Languages using Deep Waveform,N. Radha,2026,2026 International Conference on Data Science and Business Systems Icdsbs 2026,10.1109/ICDSBS69077.2026.11634709,https://www.scopus.com/inward/record.uri?partnerID=HzOxMe3b&scp=105047918169&origin=inward,off-topic-false-hit,"Automated Hybrid Speech Recognition (ASR) system continues to present significant research challenges despite years of study and development. Factors such as contextual variations, diverse speakers, and changing environments contribute to the complexity of achieving high accuracy. When designing a speech recognition system, several critical aspects must be addressed, including speech classification methods, feature extraction techniques, databases, performance evaluation metrics, and the definition of distinct speech class types. This paper proposes a novel Automated Hybrid Speech Recognition System for End-to-End Cross-Language Processing based on Deep Waveform Modeling to overcome these problems. The proposed workflow combines deep waveform-based acoustic feature extraction, Mel-spectrogram representation, hybrid neural network modeling, and cross-language transfer learning, which will enhance the robustness of speech recognition and its generalization. The system is based on convolutional feature encoding and hybrid learning strategies that allow the capture of both spectral and temporal features of speech signals. Moreover, the multilingual corpus integration and transfer learning approach are introduced to improve the recognition accuracy in low-resource language scenarios. In computer science, speech recognition remains one of the most demanding tasks. Despite extensive research efforts, an ideal approach for speech recognition has yet to be discovered. This is mainly because of the great variety of the natural languages and each of them has its unique characteristics and complications. This paper will offer a detailed insight into the different methods that are used in the speech recognition field through a detailed analysis of the available literature.",scopus,llm,1.000,unreviewed,,doi:10.1109/icdsbs69077.2026.11634709
discarded,Performance of Heavyweight EAFS-Geopolymer Concrete Under Thermal and Radiation Exposure: Experimental and Machine Learning Study,A. DarvishaliNezhad,2026,Nuclear Technology,10.1080/00295450.2026.2694010,https://www.scopus.com/inward/record.uri?partnerID=HzOxMe3b&scp=105048515593&origin=inward,off-topic-false-hit,"This study investigates the mechanical and radiation shielding performance of heavyweight geopolymer concrete incorporating electric arc furnace slag (EAFS) as both coarse and fine aggregates after exposure to elevated temperatures (200°C to 600°C) for durations of 30 to 120 min. Ground granulated blast furnace slag served as the aluminosilicate precursor, activated by sodium hydroxide and sodium silicate.The results showed that the compressive strength decreased by up to 52% at 600°C after 120 min, primarily due to dehydration, microcracking, and geopolymer matrix degradation. Despite this, the concrete retained ~48% of its original strength, outperforming many conventional heavyweight concretes.Gamma radiation shielding, evaluated using a 60Co source, revealed a 35% reduction in the linear attenuation coefficient (from 0.083 to 0.054 cm−1), while neutron shielding (via an Am-Be source) showed a 21% drop in the effective removal cross section (from 0.228 to 0.179 cm−1). These declines correlated strongly with density loss (up to 14%) and increased porosity, as confirmed by X-ray diffraction/X-ray fluorescence analyses showing phase transformations (e.g. wollastonite formation) and reduced crystallinity. A life cycle assessment indicated a 40% to 50% reduction in embodied CO2 (0.35 t CO2/t) compared to ordinary Portland cement concrete, highlighting significant environmental benefits.Machine learning models (artificial neural networks and support vector machines) accurately predicted the compressive strength (R2 ≈ 0.997), enabling performance extrapolation. This research bridges a critical gap by evaluating the effect of prior high-temperature exposure on subsequent radiation shielding performance, conditions typical in nuclear and medical facilities, demonstrating that EAFS-based geopolymer concrete is a sustainable, dual-functional material with robust performance under multihazard exposure.",scopus,llm,1.000,unreviewed,,doi:10.1080/00295450.2026.2694010
discarded,AI-Driven Analysis of APK Features for Android Malware Detection and Classification,T.T. Huynh,2026,Recent Advances in Computer Science and Communications,10.2174/0126662558388089250720111710,https://www.scopus.com/inward/record.uri?partnerID=HzOxMe3b&scp=105037053884&origin=inward,off-topic-false-hit,"

This study aims to develop an innovative framework that enhances
Android malware detection by integrating static analysis with artificial intelligence (AI) methods.
The primary goal is to identify critical features from application packages and use them to
achieve high-accuracy classification.



A static analysis framework was employed to extract comprehensive features—such
as manifest data, API calls, permissions, and bytecode patterns—from Android application
packages. For optimal feature selection, the Analysis of Variance (ANOVA) technique was applied
to group 120 distinct features into meaningful categories, yielding robust feature vectors.
A machine learning classifier was then trained on the CICMalDroid2020 dataset to evaluate the
effectiveness of this approach.



The proposed Android malware classifier attained an accuracy of 94.22%, outperforming
several recent studies on the same dataset. This demonstrates the advantage of combining an
ANOVA-based feature selection strategy with an AI-driven classification model.



According to experiments, our method is effective for both on-demand (online)
malware scanning services, allowing users to upload APK files to a server for quick inspection,
and offline batch processing in enterprise malware analysis tasks. The system requires low
hardware resources and can run as a background process on dedicated servers, enabling efficient
and scalable malware detection across large Android app repositories without impacting resources.
While our static analysis approach demonstrates good detection and classification capabilities,
it faces limitations when APKs use string encryption, control-flow flattening, or dynamic
class loading, which can cause some sophisticated malware to be missed.



The findings confirm that an advanced static feature extraction method, coupled
with a suitable AI classifier, can significantly enhance Android malware detection. By systematically
grouping features using ANOVA and focusing on the most discriminative characteristics,
the proposed framework achieves both high accuracy and practical applicability in real-world
malware analysis scenarios.
",scopus,llm,1.000,unreviewed,,doi:10.2174/0126662558388089250720111710
kept,Teaching Object-Oriented Threshold Concepts Using the Learning-from-Errors Approach,R. Shmallo,2025,ACM Transactions on Computing Education,10.1145/3770064,https://www.scopus.com/inward/record.uri?partnerID=HzOxMe3b&scp=105028890057&origin=inward,supports-claim; threshold,"Studies for more than two decades have uncovered a variety of difficulties and misconceptions that novice programmers have with object-oriented programming (OOP). Particularly challenging are the threshold concepts of program dynamics. Studies show that engaging learning approaches may be helpful. One such approach is that of capitalizing on errors, which has been successfully applied in mathematics and physics education. The learning-from-errors approach embedded in an OOP course may improve novices’ comprehension of OOP program dynamics notions and promote the embedment of such an approach in teaching. An instructional approach capitalizing on cognitive conflicts and conflict resolution was designed, applied, and evaluated. The approach involved declarative specifications of the fundamental, challenging notions of object creation and object access. The specifications embodied the mental models at which the instruction was aimed. Focused learning-from-errors activities based on minimalism principles were developed and applied. A comparative evaluation of an experimental group and a control group showed that the experimental-group students were more successful, particularly with the assimilation of the notions of object creation, object identifiers, static elements, and encapsulation. The learning-from-errors approach may be applied in additional domains, including other programming paradigms.",scopus,llm_reviewed,1.000,confirmed,,doi:10.1145/3770064
discarded,Choreographic Quick Changes: First-Class Location (Set) Polymorphism,A. Samuelson,2025,Proceedings of the ACM on Programming Languages,10.1145/3763114,https://www.scopus.com/inward/record.uri?partnerID=HzOxMe3b&scp=105018667177&origin=inward,off-topic-false-hit,"Choreographic programming is a promising new paradigm for programming concurrent systems where a developer writes a single centralized program that compiles to individual programs for each node. Existing choreographic languages, however, lack critical features integral to modern systems, like the ability of one node to dynamically compute who should perform a computation and send that decision to others. This work addresses this gap with λ QC, the first typed choreographic language with first class process names and polymorphism over both types and (sets of) locations. λ QC also improves expressive power over previous work by supporting algebraic and recursive data types as well as multiply-located values. We formalize and mechanically verify our results in Rocq, including the standard choreographic guarantee of deadlock freedom.",scopus,llm,1.000,unreviewed,,doi:10.1145/3763114
discarded,Computer Science Education in Secondary School: A Real-Life Approach to Teaching Students Technology-Critical Aspects of AI,E.N. Caeli,2025,Annual Conference on Innovation and Technology in Computer Science Education Iticse,10.1145/3724389.3731271,https://www.scopus.com/inward/record.uri?partnerID=HzOxMe3b&scp=105011824629&origin=inward,off-topic-false-hit,"In this paper, we present a teaching material designed as part of a research project aiming to investigate approaches to teaching lower secondary school students technology-critical aspects of AI, specifically machine learning. The approach is scenario-based, meaning that students act in real-life roles, in this case in a fictional company that develops apps. The material has been tested in four classes in 2024, and analysis of the results is still ongoing. As part of our research, we examine whether and how a scenario-based approach contributes to understanding machine learning and its' use in the real world. Preliminary analysis suggests that participating students perceive the approach differently.",scopus,llm,1.000,unreviewed,,doi:10.1145/3724389.3731271
