status,title,authors,year,venue,doi,url,tags,abstract,provider,decision_source,llm_confidence,llm_review_outcome,llm_change_direction,paper_id
discarded,Preferred reporting items for systematic review and meta-analysis protocols (PRISMA-P) 2015: elaboration and explanation,Larissa Shamseer; David Moher; Mike J Clarke; Davina Ghersi; Alessandro Liberati; Mark P. Petticrew; Paul Shekelle; Lesley A. Stewart; the PRISMA-P Group,2015,BMJ,10.1136/bmj.g7647,https://openalex.org/W2169205464,off-topic-false-hit,"Protocols of systematic reviews and meta-analyses allow for planning and documentation of review methods, act as a guard against arbitrary decision making during review conduct, enable readers to assess for the presence of selective reporting against completed reviews, and, when made publicly available, reduce duplication of efforts and potentially prompt collaboration. Evidence documenting the existence of selective reporting and excessive duplication of reviews on the same or similar topics is accumulating and many calls have been made in support of the documentation and public availability of review protocols. Several efforts have emerged in recent years to rectify these problems, including development of an international register for prospective reviews (PROSPERO) and launch of the first open access journal dedicated to the exclusive publication of systematic review products, including protocols (BioMed Central's Systematic Reviews). Furthering these efforts and building on the PRISMA (Preferred Reporting Items for Systematic Reviews and Meta-analyses) guidelines, an international group of experts has created a guideline to improve the transparency, accuracy, completeness, and frequency of documented systematic review and meta-analysis protocols--PRISMA-P (for protocols) 2015. The PRISMA-P checklist contains 17 items considered to be essential and minimum components of a systematic review or meta-analysis protocol.This PRISMA-P 2015 Explanation and Elaboration paper provides readers with a full understanding of and evidence about the necessity of each item as well as a model example from an existing published protocol. This paper should be read together with the PRISMA-P 2015 statement. Systematic review authors and assessors are strongly encouraged to make use of PRISMA-P when drafting and appraising review protocols.",openalex,llm,0.990,unreviewed,,doi:10.1136/bmj.g7647
discarded,The Role of Placental Hormones in Mediating Maternal Adaptations to Support Pregnancy and Lactation,Tina Napso; Hannah E. J. Yong; Jorge López‐Tello; Amanda Nancy Sferruzzi-Perri,2018,Frontiers in Physiology,10.3389/fphys.2018.01091,https://openalex.org/W2887739248,off-topic-false-hit,"and during the subsequent lactation. These include changes in the cardiovascular, pulmonary, immune and metabolic systems of the mother. Failure to appropriately adjust maternal physiology to the pregnant state may result in pregnancy complications, including gestational diabetes and abnormal birth weight, which can further lead to a range of medically significant complications for the mother and baby. The placenta, which forms the functional interface separating the maternal and fetal circulations, is important for mediating adaptations in maternal physiology. It secretes a plethora of hormones into the maternal circulation which modulate her physiology and transfers the oxygen and nutrients available to the fetus for growth. Among these placental hormones, the prolactin-growth hormone family, steroids and neuropeptides play critical roles in driving maternal physiological adaptations during pregnancy. This review examines the changes that occur in maternal physiology in response to pregnancy and the significance of placental hormone production in mediating such changes.",openalex,llm,1.000,unreviewed,,doi:10.3389/fphys.2018.01091
discarded,Brainstorm: A User-Friendly Application for MEG/EEG Analysis,François Tadel; Sylvain Baillet; John C. Mosher; Dimitrios Pantazis; Richard M. Leahy,2011,Computational Intelligence and Neuroscience,10.1155/2011/879716,https://openalex.org/W2014502281,off-topic-false-hit,"Brainstorm is a collaborative open-source application dedicated to magnetoencephalography (MEG) and electroencephalography (EEG) data visualization and processing, with an emphasis on cortical source estimation techniques and their integration with anatomical magnetic resonance imaging (MRI) data. The primary objective of the software is to connect MEG/EEG neuroscience investigators with both the best-established and cutting-edge methods through a simple and intuitive graphical user interface (GUI).",openalex,llm,1.000,unreviewed,,doi:10.1155/2011/879716
discarded,Students’ Misconceptions and Other Difficulties in Introductory Programming,Yizhou Qian; James Daniel Lehman,2017,ACM Transactions on Computing Education,10.1145/3077618,https://openalex.org/W2766624855,adjacent-subtopic,"Efforts to improve computer science education are underway, and teachers of computer science are challenged in introductory programming courses to help learners develop their understanding of programming and computer science. Identifying and addressing students’ misconceptions is a key part of a computer science teacher's competence. However, relevant research on this topic is not as fully developed in the computer science education field as it is in mathematics and science education. In this article, we first review relevant literature on general definitions of misconceptions and studies about students’ misconceptions and other difficulties in introductory programming. Next, we investigate the factors that contribute to the difficulties. Finally, strategies and tools to address difficulties including misconceptions are discussed. Based on the review of literature, we found that students exhibit various misconceptions and other difficulties in syntactic knowledge, conceptual knowledge, and strategic knowledge. These difficulties experienced by students are related to many factors including unfamiliarity of syntax, natural language, math knowledge, inaccurate mental models, lack of strategies, programming environments, and teachers’ knowledge and instruction. However, many sources of students’ difficulties have connections with students’ prior knowledge. To better understand and address students’ misconceptions and other difficulties, various instructional approaches and tools have been developed. Nevertheless, the dissemination of these approaches and tools has been limited. Thus, first, we suggest enhancing the dissemination of existing tools and approaches and investigating their long-term effects. Second, we recommend that computing education research move beyond documenting misconceptions to address the development of students’ (mis)conceptions by integrating conceptual change theories. Third, we believe that developing and enhancing instructors’ pedagogical content knowledge (PCK), including their knowledge of students’ misconceptions and ability to apply effective instructional approaches and tools to address students’ difficulties, is vital to the success of teaching introductory programming.",openalex,llm,0.840,unreviewed,,doi:10.1145/3077618
discarded,An APOS Analysis of students’ understanding of the concept of a limit of a function,Aneshkumar Maharaj,2010,Pythagoras,10.4102/pythagoras.v0i71.6,https://openalex.org/W2109444288,off-topic-false-hit,"This article reports on a study which used the APOS (Action‐Process‐Object‐Schema) theory framework to investigate university students’ understanding of limits of functions. The relevant limit concepts were taught to undergraduate science students at a university in Kwazulu‐Natal in South Africa. This paper reports on the analysis of students’ responses to four types of questions on limits of functions. The findings of this study confirmed that the limit concept is one that students find difficult to understand, and suggests that this is possibly the result of many students not having appropriate mental structures at the process, object and schema levels.",openalex,llm,1.000,unreviewed,,doi:10.4102/pythagoras.v0i71.6
discarded,Supporting Novice to Expert Transitions in User Interfaces,Andy Cockburn; Carl A. Gutwin; Joey Scarr; Sylvain Malacria,2014,ACM Computing Surveys,10.1145/2659796,https://openalex.org/W1986841213,off-topic-false-hit,"Interface design guidelines encourage designers to provide high-performance mechanisms for expert users. However, research shows that many expert interface components are seldom used and that there is a tendency for users to persistently fail to adopt faster methods for completing their work. This article summarizes and organizes research relevant to supporting users in making successful transitions to expert levels of performance. First, we provide a brief introduction to the underlying human factors of skill acquisition relevant to interaction with computer systems. We then present our focus, which is a review of the state of the art in user interfaces that promote expertise development. The review of interface research is based around four domains of performance improvement: intramodal improvement that occurs as a factor of repetition and practice with a single method of interaction; intermodal improvement that occurs when users switch from one method to another that has a higher performance ceiling; vocabulary extension , in which the user broadens his or her knowledge of the range of functions available; and task mapping , which examines the ways in which users perform their tasks. The review emphasizes the relationship between interface techniques and the human factors that explain their relative success.",openalex,llm,0.990,unreviewed,,doi:10.1145/2659796
discarded,Genome-wide association analysis reveals genetic architecture of fertility traits in Sahiwal heifers and cows,"Pal, Pritam; Das, Pradyut; Mahar, Karan; Sahana, V. N.; Lalremruati, Phoebe C.; Bhat, Ubaidullah; Gowane, Gopal R.; Vohra, Vikas; Alex, Rani",2026,TROPICAL ANIMAL HEALTH AND PRODUCTION,10.1007/s11250-026-05362-6,https://www.webofscience.com/wos/woscc/full-record/WOS:001883243000004,off-topic-false-hit,"Fertility traits are pivotal to the productivity and sustainability of dairy production systems; however, their genetic improvement remains constrained due to complex polygenic control and low heritability. Genome-wide association studies (GWAS) offer a powerful approach to identify genomic regions underlying reproductive traits, particularly in tropically adapted indigenous breeds like Sahiwal cattle, which exhibit resilience to environmental stress. This study aimed to elucidate the genetic basis of 8 fertility traits in 303 Sahiwal animals using 50 K SNP genotyping. Animals were genotyped with the Illumina BovineSNP50 BeadChip, and 26,267 high-quality SNPs were retained post quality control. Fertility traits analyzed in heifers included age at first calving (HAFC), interval between first and last insemination (HIFL), and number of services per conception (HNSPC); in cows, traits included cow pregnancy rate (CPR), number of services per conception (CNSPC), interval between first and last insemination (CIFL), service period (CSP), and calving-to-first insemination interval (CICAI). Phenotypic records were pre-adjusted for non-genetic factors such as year and season of birth or calving, and population structure was corrected using principal components. A total of 31 single-nucleotide polymorphisms (SNPs) were identified as significantly associated with these fertility traits, 13 in heifers and 18 in cows. Gene annotation of associated loci revealed several biologically relevant candidates, including DMXL2, SCG3, SIX2, CELSR1, and TRNAE-UUC for heifers, and PLA2G7, ADGRF5, RSRC1, TBC1D21, SPRED1, and FAM98B for cows. Evidence of shared SNPs across various traits indicates pleiotropic genetic control of fertility, with CNSPC-associated genes (SPRED1, RASGRP1, FAM98B), implicating Ras-MAPK-ERK signaling, immune regulation, and RNA processing in conception efficiency. These genes are involved in neuroendocrine regulation, gametogenesis, lipid metabolism, and early embryonic development. These findings provide candidate genomic regions for further validation and potential incorporation into fertility-focused genomic selection programs in tropical dairy cattle.",wos,llm,1.000,unreviewed,,doi:10.1007/s11250-026-05362-6
discarded,Enhancing Computer Science Transfer Pathways with an AI Chatbot in Program Pathways Mapper,"Kanemoto, Kathleen",2026,"PROCEEDINGS OF THE 31ST ACM CONFERENCE ON INNOVATION AND TECHNOLOGY IN COMPUTER SCIENCE EDUCATION V. 2, ITICSE 2026",10.1145/3803401.3812041,https://www.webofscience.com/wos/woscc/full-record/WOS:001862733500114,adjacent-subtopic,"Community college students often face challenges planning transfer pathways to four-year universities due to complex prerequisite chains, inconsistent advising, and unclear articulation requirements. Program Pathways Mapper (PPM), developed as part of the California Community Colleges Chancellor's Office guided pathways initiative, provides visual maps of degree and transfer requirements to support student planning. Despite this resource, many students still struggle to interpret pathway information and determine appropriate course sequences, particularly at institutions serving historically underserved populations in Hispanic Serving Institutions (HSIs) in California's Central Valley. This study investigates whether embedding a context-aware chatbot within the PPM interface can improve students' understanding of pathway requirements. Using a design-based research approach, we developed and iteratively tested three chatbot prototypes integrated with the PPM visualization webpage. The chatbot allows students to ask advising questions while interacting with the pathway map and provides conversational explanations linked to visual program requirements. Three cycles of student focus groups involving community college students from different majors were conducted to examine usability, trust, and advising support. Focus groups consisted of approximately 2-5 students per session, with approximately 25 students participating across the evaluation cycles. Preliminary results suggest that students reported increased clarity in understanding course sequences and greater confidence when planning their next term. These findings highlight the potential for conversational AI to complement human advising within complex academic pathway planning.",wos,llm,0.980,unreviewed,,doi:10.1145/3803401.3812041
discarded,Exploring Subjective Well-being of Smallholder Farmers in an Agriculture-Conservation Interface in Costa Rica,"Espinoza-Cisneros, Edgar",2026,JOURNAL OF RURAL AND COMMUNITY DEVELOPMENT,,https://www.webofscience.com/wos/woscc/full-record/WOS:001869006300011,off-topic-false-hit,"Sustainable small-scale production systems are vital for addressing long-standing socio-ecological challenges and for advancing transformative change. Beyond their significant contribution to global food security, these systems may enhance ecological integrity and support the livelihoods of millions. However, critical knowledge gaps remain regarding the determinants of smallholder well-being and its context-specific conceptualizations that can help guide decision-making. Utilizing a mixed-methods approach combining statistical and qualitative analysis, this research helps address these gaps by exploring influencing factors behind subjective well-being (SWB) and its distinct conceptions among smallholders in the Alexander Skutch Biological Corridor (ASBC) in Costa Rica, a microcosm of socioecological tensions common across Latin America. Results indicate that smallholders who perceive higher pro-environmental performance on their farms report significantly higher SWB. Age also emerged as a significant factor in explaining SWB variations. Moreover, ASBC smallholders conceive well-being as primarily related to good overall health, tranquility, and good social relations. Food self-provisioning was the most significant livelihood dimension contributing to smallholder well-being, followed by being in nature and having tranquility. Finally, respondents identified the amelioration of rural extension programs and increased institutional support as key for well-being improvement. This study contributes to a more nuanced understanding of rural well-being, which is essential for the realization of the Sustainable Development Goals (SDGs) and for informing development strategies that increasingly use well-being as a core principle.",wos,llm,1.000,unreviewed,,hash:22aa0bb1dc128a32
discarded,Development of an Alternative Remote Laboratory for Testing RLC Circuits in Engineering Education,"Suarez, Gaston; Lerro, Federico",2026,"SMART TECHNOLOGIES FOR AN ALL-ELECTRIC SOCIETY, STE2025, VOL 3",10.1007/978-3-032-07333-4_10,https://www.webofscience.com/wos/woscc/full-record/WOS:001842351400010,off-topic-false-hit,"Engineering education in electronics faces significant challenges, particularly in practical environments. Within this context, RLC circuits are essential for the design and analysis of electrical systems. However, the limited access to conventional laboratories has led to the search for solutions based on remote laboratories. VISIR remote laboratory, available at our university, allows for experiments with RLC circuits. Nonetheless, the extensive use of coil-based circuits caused damage to its equipment, with replacements proving highly expensive. To address this issue, a final-year project proposed the implementation of an alternative laboratory with similar functionality. The aim of this project is to develop a remote laboratory for experimenting with RLC circuits in the ""Circuit Theory I"" course of the Electronic Engineering program. Its capabilities are designed to be comparable to those of VISIR, offering students accessible experimentation to complement theoretical knowledge. Additionally, the project seeks to evaluate the effectiveness of remote laboratories in strengthening students' understanding of concepts such as resonance, impedance, and circuit analysis, while promoting self-learning and experimentation in a safe environment. Students access the laboratory through a web interface without the need to install additional software. They can assemble circuits by selecting components and configuring input parameters, such as signal type, frequency, and amplitude, while observing responses through an oscilloscope. The system is controlled by a Raspberry Pi 400, which selects the circuit, configures the signal generator, and captures measurements from a digital oscilloscope. In this initial phase, the development of a functional first version of the laboratory is expected.",wos,llm,0.990,unreviewed,,doi:10.1007/978-3-032-07333-4_10
discarded,The Subjectivity and Conformity Issues in Contemporary Practices of Algorithmic Creativity,"Sovhyra, Tetiana; Babushka, Larisa; Andrushchenko, Tetiana; Onischenko, Olena; Brovko, Mykola",2026,JOURNAL OF URBAN CULTURE RESEARCH,,https://www.webofscience.com/wos/woscc/full-record/WOS:001799205100008,off-topic-false-hit,"This article examines the issue of subjectivity and conformism in algorithmic cultural practices (robotic performances and neurocomputer installations ""A3 K3 Dragan Ilic,"" ""Alone Together,"" ""NOOR"" and ""AIBO""). The focus is on the technological features of algorithmic creativity, which is based on machine learning, stylistic imitation and computational data processing. In this context, ethical and legal issues related to copyright and the recognition of artistic works created by artificial intelligence are analyzed. In particular, mechanized artistic practices create the illusion of autonomous creativity, whilst retaining the decisive role of human subjectivity in the organization and interpretation of cultural processes. Algorithmic creativity remains dependent on human programming, technological mediation and artistic conception. However, the creative process involving BCI may take on characteristics of subjectivity. This is evidenced by court rulings on the determination of subjectivity and copyright in works created through algorithmic computations.",wos,llm,0.990,unreviewed,,hash:f89acf3e1f5ac369
discarded,"INTERFACES BETWEEN BIOECONOMICS, PUBLIC POLICIES FOR FAMILY FARMING AND CLIMATE CHANGE IN PARA: the necessary construction of adaptive measures","Azeredo, Raoni Fernandes; Szlafsztein, Claudio Fabian",2025,REVISTA POS CIENCIAS SOCIAIS,,https://www.webofscience.com/wos/woscc/full-record/WOS:001770224700005,off-topic-false-hit,"The article analyzes three public policies that structure the bioeconomy in the state of Par & aacute; as a sustainable development strategy: the National Program for the Strengthening of Family Agriculture, the Food Acquisition Program, and the National School Feeding Program. Starting from a conception of development based on natural solutions, we sought to understand how these policies are being operationalized and what actions they incorporate into their legal frameworks, in the face of climate change. As a result, it was found that in the Lower Amazon Integration Region, water resources, fish stocks, agricultural products, and the livelihoods of fishermen and farmers are severely affected by droughts. That access to such public policies is fragile. In the end, six adaptive measures are presented, created from a focus group in the Fishermen's Colony of Alenquer and, subsequently, validated by the Fishermen's Colonies of Juruti and Santar & eacute;m, to ensure the maintenance of the productive activity of artisanal fishing, the survival of fishermen, and the preservation of the riverside cultural identity.",wos,llm,1.000,unreviewed,,hash:934c0216423e29e0
