status,title,authors,year,venue,doi,url,tags,abstract,provider,decision_source,llm_confidence,llm_review_outcome,llm_change_direction
discarded,Generating Context-Sensitive Responses to Object-Related Misconceptions.,Kathleen F. McCoy,1989,Artif. Intell.,10.1016/0004-3702(89)90009-X,https://dblp.org/rec/journals/ai/McCoy89,off-topic-false-hit; nlp; object-related-misconceptions,,dblp,llm,0.900,unreviewed,
discarded,The ROMPER System: Responding to Object-Related Misconceptions using Perspective.,Kathleen F. McCoy,1986,ACL,10.3115/981131.981147,https://dblp.org/rec/conf/acl/McCoy86,off-topic-false-hit; nlp; object-related-misconceptions,,dblp,llm,0.920,unreviewed,
discarded,Correcting Object-Related Misconceptions: How Should The System Respond?,Kathleen F. McCoy,1984,COLING,10.3115/980491.980581,https://dblp.org/rec/conf/coling/McCoy84,off-topic-false-hit; nlp; misconception-response,,dblp,llm,0.920,unreviewed,
discarded,Gradient-based learning applied to document recognition,Yann LeCun; Léon Bottou; Yoshua Bengio; Patrick Haffner,1998,Proceedings of the IEEE,10.1109/5.726791,https://openalex.org/W2112796928,off-topic-false-hit; machine-learning; document-recognition,"Multilayer neural networks trained with the back-propagation algorithm constitute the best example of a successful gradient based learning technique. Given an appropriate network architecture, gradient-based learning algorithms can be used to synthesize a complex decision surface that can classify high-dimensional patterns, such as handwritten characters, with minimal preprocessing. This paper reviews various methods applied to handwritten character recognition and compares them on a standard handwritten digit recognition task. Convolutional neural networks, which are specifically designed to deal with the variability of 2D shapes, are shown to outperform all other techniques. Real-life document recognition systems are composed of multiple modules including field extraction, segmentation recognition, and language modeling. A new learning paradigm, called graph transformer networks (GTN), allows such multimodule systems to be trained globally using gradient-based methods so as to minimize an overall performance measure. Two systems for online handwriting recognition are described. Experiments demonstrate the advantage of global training, and the flexibility of graph transformer networks. A graph transformer network for reading a bank cheque is also described. It uses convolutional neural network character recognizers combined with global training techniques to provide record accuracy on business and personal cheques. It is deployed commercially and reads several million cheques per day.",openalex,llm,1.000,unreviewed,
discarded,Automatic differentiation in machine learning: a survey,Atılım Güneş Baydin; Barak A. Pearlmutter; Alexey Radul; Jeffrey Mark Siskind,2017,Maynooth University ePrints and eTheses Archive (Maynooth University),,https://openalex.org/W2962727772,off-topic-false-hit; automatic-differentiation; machine-learning,"Derivatives, mostly in the form of gradients and Hessians, are ubiquitous in machine learning. Automatic differentiation (AD) is a technique for calculating derivatives of numeric functions expressed as computer programs efficiently and accurately, used in fields such as computational fluid dynamics, nuclear engineering, and atmospheric sciences. Despite its advantages and use in other fields, machine learning practitioners have been little influenced by AD and make scant use of available tools. We survey the intersection of AD and machine learning, cover applications where AD has the potential to make a big impact, and report on some recent developments in the adoption of this technique. We aim to dispel some misconceptions that we contend have impeded the use of AD within the machine learning community.",openalex,llm,0.980,unreviewed,
discarded,The effect of games and simulations on higher education: a systematic literature review,Dimitrios Vlachopoulos; Agoritsa Makri,2017,International Journal of Educational Technology in Higher Education,10.1186/s41239-017-0062-1,https://openalex.org/W2626812977,adjacent-subtopic; games-simulations; higher-education-review,"The focus of higher education institutions is the preparation of future professionals. To achieve this aim, innovative teaching methods are often deployed, including games and simulations, which form the subject of this paper. As the field of digital games and simulations is ever maturing, this paper attempts to systematically review the literature relevant to games and simulation pedagogy in higher education. Two researchers collaborate to apply a qualitative method, coding and synthesizing the results using multiple criteria. The main objective is to study the impact of games and simulations with regard to achieving specific learning objectives. On balance, results indicate that games and/or simulations have a positive impact on learning goals. The researchers identify three learning outcomes when integrating games into the learning process: cognitive, behavioural, and affective. As a final step, the authors consolidate evidence for the benefit of academics and practitioners in higher education interested in the efficient use of games and simulations for pedagogical purposes. Such evidence also provides potential options and pathways for future research.",openalex,llm,0.980,unreviewed,
discarded,Object oriented programming,Tim Rentsch,1982,ACM SIGPLAN Notices,10.1145/947955.947961,https://openalex.org/W4300655963,off-topic-false-hit; oop-overview; sigplan,"Recently I had the opportunity to read the Intel manual introducing the iAPX 432 architecture. The manual is an amalgam of an informal overview of the hardware, a quick tutorial review of computer architectures in general, an introduction to the advanced concepts of the 432 in particular, and marketing hype proclaiming the advantages of the 432 over its competition. The 432's architecture has many interesting, unusual characteristics, and Intel is wise to introduce them in a form which is quickly assimilable. What most caught my interest is the claim that the 432 supports the ""object oriented design methodology.""",openalex,llm,0.980,unreviewed,
discarded,Object-oriented application frameworks,Mohamed E. Fayad; Douglas C. Schmidt,1997,Communications of the ACM,10.1145/262793.262798,https://openalex.org/W1985757471,off-topic-false-hit; application-frameworks; software-engineering,"Object-oriented application frameworks are a promising technology for reifying proven software designs and implementations in order to reduce the cost and improve the quality of software. A framework is a reusable, ""semi-complete'' application that can be specialized to produce custom applications In contrast to earlier OO reuse techniques based on class libraries, frameworks are targeted for particular business units (such as data processing or cellular communications) and application domains (such as user interfaces or real-time avionics) Frameworks like MacApp, ET++, Interviews, ACE, Microsoft's MFC and DCOM, JavaSoft's RMI, and implementations of OMG's CORBA play an increasingly important role in contemporary software development.",openalex,llm,1.000,unreviewed,
discarded,Object-oriented mapping of landslides using Random Forests,André Stumpf; Norman Kerle,2011,Remote Sensing of Environment,10.1016/j.rse.2011.05.013,https://openalex.org/W2081620141,off-topic-false-hit; remote-sensing; object-oriented-mapping,,openalex,llm,1.000,unreviewed,
discarded,A systematic literature review of personalized learning terms,Atikah Shemshack; J. Michael Spector,2020,Smart Learning Environments,10.1186/s40561-020-00140-9,https://openalex.org/W3093893125,adjacent-subtopic; systematic-review; personalized-learning,"Abstract Learning is a natural human activity that is shaped by personal experiences, cognitive awareness, personal bias, opinions, cultural background, and environment. Learning has been defined as a stable and persistent change in what a person knows and can do. Learning is formed through an individual’s interactions, including the conveyance of knowledge and skills from others and experiences. So, learning is a personalized experience that allows one to expand their knowledge, perspective, skills, and understanding. Therefore, personalized learning models can help to meet individual needs and goals. Furthermore, to personalize the learning experience, technology integration can play a crucial role. This paper provides a review of the recent research literature on personalized learning as technology is changing how learning can be effectively personalized. The emphasis is on the terms used to characterize learning as those can suggest a framework for personalized and will eventually be used in meta-analyses of research on personalized learning, which is beyond the scope of this paper.",openalex,llm,0.990,unreviewed,
discarded,GIS‐based multicriteria decision analysis: a survey of the literature,Jacek Malczewski,2006,International Journal of Geographical Information Systems,10.1080/13658810600661508,https://openalex.org/W2136050606,off-topic-false-hit; gis; survey,The integration of GIS and multicriteria decision analysis has attracted significant interest over the last 15 years or so. This paper surveys the GIS‐based multicriteria decision analysis (GIS‐MCDA) approaches using a literature review and classification of articles from 1990 to 2004. An electronic search indicated that over 300 articles appeared in refereed journals. The paper provides taxonomy of those articles and identifies trends and developments in GIS‐MCDA.,openalex,llm,1.000,unreviewed,
discarded,A review of statistically-based landslide susceptibility models,Paola Reichenbach; Mauro Rossi; Bruce D. Malamud; Monika Mihir; Fausto Guzzetti,2018,Earth-Science Reviews,10.1016/j.earscirev.2018.03.001,https://openalex.org/W2793831793,off-topic-false-hit; landslide-models; review,"In this paper, we do a critical review of statistical methods for landslide susceptibility modelling and associated terrain zonations. Landslide susceptibility is the likelihood of a landslide occurring in an area depending on local terrain conditions, estimating “where” landslides are likely to occur. Since the first attempts to assess landslide susceptibility in the mid-1970s, hundreds of papers have been published using a variety of approaches and methods in different geological and climatic settings. Here, we critically review the statistically-based landslide susceptibility assessment literature by systematically searching for and then compiling an extensive database of 565 peer-review articles from 1983 to 2016. For each article in the literature database, we noted 31 categories/sub-categories of information including study region/extent, landslide type/number, inventory type and period covered, statistical model used, including variable types, model fit/prediction performance evaluation method, and strategy used to assess the model uncertainty. We present graphical visualisations and discussions of commonalities and differences found as a function of region and time, revealing a significant heterogeneity of thematic data types and scales, modelling approaches, and model evaluation criteria. We found that the range of thematic data types used for susceptibility assessment has not changed significantly with time, and that for a number of studies the geomorphological significance of the thematic data used is poorly justified. We also found that the most common statistical methods for landslide susceptibility modelling include logistic regression, neural network analysis, data-overlay, index-based and weight of evidence analyses, with an increasing preference towards machine learning methods in the recent years. Although an increasing number of studies in recent years have assessed the model performance, in terms of model fit and prediction performance, only a handful of studies have evaluated the model uncertainty. Adopting a Susceptibility Quality Level index, we found that the quality of published models has improved over the years, but top-quality assessments remain rare. We identified a clear geographical bias in susceptibility study locations, with many studies in China, India, Italy and Turkey, and only a few in Africa, South America and Oceania. Based on previous literature reviews, the analysis of the information collected in the literature database, and our own experience on the subject, we provide recommendations for the preparation, evaluation, and use of landslide susceptibility models and associated terrain zonations.",openalex,llm,1.000,unreviewed,
discarded,Introductory programming: a systematic literature review,Andrew Luxton-Reilly; Simon; Ibrahim Albluwi; Brett A. Becker; Michail N. Giannakos; Amruth N. Kumar; Linda Ott; James H. Paterson; Michael Scott; Judy Sheard; Claudia Szabo,2018,,10.1145/3293881.3295779,https://openalex.org/W2910880405,adjacent-subtopic; systematic-review; introductory-programming-broad,"As computing becomes a mainstream discipline embedded in the school curriculum and acts as an enabler for an increasing range of academic disciplines in higher education, the literature on introductory programming is growing. Although there have been several reviews that focus on specific aspects of introductory programming, there has been no broad overview of the literature exploring recent trends across the breadth of introductory programming.",openalex,llm,0.900,unreviewed,
discarded,The application of AI technologies in STEM education: a systematic review from 2011 to 2021,Weiqi Xu; Fan Ouyang,2022,International Journal of STEM Education,10.1186/s40594-022-00377-5,https://openalex.org/W4296369454,adjacent-subtopic; ai-stem; systematic-review,"Abstract Background The application of artificial intelligence (AI) in STEM education (AI-STEM), as an emerging field, is confronted with a challenge of integrating diverse AI techniques and complex educational elements to meet instructional and learning needs. To gain a comprehensive understanding of AI applications in STEM education, this study conducted a systematic review to examine 63 empirical AI-STEM research from 2011 to 2021, grounded upon a general system theory (GST) framework. Results The results examined the major elements in the AI-STEM system as well as the effects of AI in STEM education. Six categories of AI applications were summarized and the results further showed the distribution relationships of the AI categories with other elements (i.e., information, subject, medium, environment) in AI-STEM. Moreover, the review revealed the educational and technological effects of AI in STEM education. Conclusions The application of AI technology in STEM education is confronted with the challenge of integrating diverse AI techniques in the complex STEM educational system. Grounded upon a GST framework, this research reviewed the empirical AI-STEM studies from 2011 to 2021 and proposed educational, technological, and theoretical implications to apply AI techniques in STEM education. Overall, the potential of AI technology for enhancing STEM education is fertile ground to be further explored together with studies aimed at investigating the integration of technology and educational system.",openalex,llm,0.990,unreviewed,
discarded,Model-based Reinforcement Learning: A Survey,Thomas M. Moerland; Joost Broekens; Aske Plaat; Catholijn M. Jonker,2023,Foundations and Trends® in Machine Learning,10.1561/2200000086,https://openalex.org/W3038822267,off-topic-false-hit; reinforcement-learning; survey,"Sequential decision making, commonly formalized as Markov Decision Process (MDP) optimization, is an important challenge in artificial intelligence. Two key approaches to this problem are reinforcement learning (RL) and planning. This survey is an integration of both fields, better known as model-based reinforcement learning. Model-based RL has two main steps. First, we systematically cover approaches to dynamics model learning, including challenges like dealing with stochasticity, uncertainty, partial observability, and temporal abstraction. Second, we present a systematic categorization of planning-learning integration, including aspects like: where to start planning, what budgets to allocate to planning and real data collection, how to plan, and how to integrate planning in the learning and acting loop. After these two sections, we also discuss implicit model-based RL as an end-to-end alternative for model learning and planning, and we cover the potential benefits of model-based RL. Along the way, the survey also draws connections to several related RL fields, like hierarchical RL and transfer learning. Altogether, the survey presents a broad conceptual overview of the combination of planning and learning for MDP optimization.",openalex,llm,1.000,unreviewed,
discarded,On the notion of inheritance,Antero Taivalsaari,1996,ACM Computing Surveys,10.1145/243439.243441,https://openalex.org/W2170352783,off-topic-false-hit; inheritance; oop-theory,"One of the most intriguing—and at the same time most problematic—notions in object-oriented programing is inheritance . Inheritance is commonly regarded as the feature that distinguishes object-oriented programming from other modern programming paradigms, but researchers rarely agree on its meaning and usage. Yet inheritance of often hailed as a solution to many problems hampering software development, and many of the alleged benefits of object-oriented programming, such as improved conceptual modeling and reusability, are largely credited to it. This article aims at a comprehensive understanding of inheritance, examining its usage, surveying its varieties, and presenting a simple taxonomy of mechanisms that can be seen as underlying different inheritance models.",openalex,llm,0.960,unreviewed,
discarded,Automated Grading and Feedback Tools for Programming Education: A Systematic Review,Marcus Messer; Neil C. C. Brown; Michael Kölling; Miaojing Shi,2023,ACM Transactions on Computing Education,10.1145/3636515,https://openalex.org/W4381586920,adjacent-subtopic; automated-grading; systematic-review,"We conducted a systematic literature review on automated grading and feedback tools for programming education. We analysed 121 research papers from 2017 to 2021 inclusive and categorised them based on skills assessed, approach, language paradigm, degree of automation, and evaluation techniques. Most papers assess the correctness of assignments in object-oriented languages. Typically, these tools use a dynamic technique, primarily unit testing, to provide grades and feedback to the students or static analysis techniques to compare a submission with a reference solution or with a set of correct student submissions. However, these techniques’ feedback is often limited to whether the unit tests have passed or failed, the expected and actual output, or how they differ from the reference solution. Furthermore, few tools assess the maintainability, readability, or documentation of the source code, with most using static analysis techniques, such as code quality metrics, in conjunction with grading correctness. Additionally, we found that most tools offered fully automated assessment to allow for near-instantaneous feedback and multiple resubmissions, which can increase student satisfaction and provide them with more opportunities to succeed. In terms of techniques used to evaluate the tools’ performance, most papers primarily use student surveys or compare the automatic assessment tools to grades or feedback provided by human graders. However, because the evaluation dataset is frequently unavailable, it is more difficult to reproduce results and compare tools to a collection of common assignments.",openalex,llm,0.980,unreviewed,
discarded,Artificial Intelligence for Student Assessment: A Systematic Review,Víctor González Calatayud; María Paz Prendes Espinosa; Rosabel Roig-Vila,2021,Applied Sciences,10.3390/app11125467,https://openalex.org/W3171148899,adjacent-subtopic; ai-assessment; systematic-review,"Artificial Intelligence (AI) is being implemented in more and more fields, including education. The main uses of AI in education are related to tutoring and assessment. This paper analyzes the use of AI for student assessment based on a systematic review. For this purpose, a search was carried out in two databases: Scopus and Web of Science. A total of 454 papers were found and, after analyzing them according to the PRISMA Statement, a total of 22 papers were selected. It is clear from the studies analyzed that, in most of them, the pedagogy underlying the educational action is not reflected. Similarly, formative evaluation seems to be the main use of AI. Another of the main functionalities of AI in assessment is for the automatic grading of students. Several studies analyze the differences between the use of AI and its non-use. We discuss the results and conclude the need for teacher training and further research to understand the possibilities of AI in educational assessment, mainly in other educational levels than higher education. Moreover, it is necessary to increase the wealth of research which focuses on educational aspects more than technical development around AI.",openalex,llm,0.990,unreviewed,
