status,title,authors,year,venue,doi,url,tags,abstract,provider,decision_source,llm_confidence,llm_review_outcome,llm_change_direction,paper_id
discarded,ezFS: A Pedagogical Linux File System,E. Nieh,2025,SIGCSE TS 2025 Proceedings of the 56th ACM Technical Symposium on Computer Science Education,10.1145/3641554.3701884,https://www.scopus.com/inward/record.uri?partnerID=HzOxMe3b&scp=86000270675&origin=inward,adjacent-subtopic,"Hands-on programming experience is crucial for students to learn about operating systems, but implementing key concepts such as file systems is perceived as being too hard to do for a real operating system in an introductory course on operating systems. To overcome these barriers, we introduce ezFS, a Linux file system that supports standard file system operations to persistent disk storage, yet is simple enough for students in an introductory operating systems course to implement in a couple weeks. ezFS takes advantage of file system and block storage interfaces in Linux that simplify file system implementation, such that its implementation requires only a few hundred lines of C code. We leverage standard file system interfaces to also develop an ezFS grader that can automatically grade ezFS implementations so that it is easy to scale its use for teaching a large course. We have successfully used ezFS as a programming assignment in an introductory operating systems course for hundreds of college students. ezFS significantly enhanced students' understanding of how file systems work in real operating systems, was simpler to implement than even pseudo Linux file systems, and was less difficult to complete than other programming assignments typically assigned for the course.",scopus,llm,0.980,unreviewed,,doi:10.1145/3641554.3701884
discarded,Railway quest: A gamified teaching platform for concurrent and parallel programming,M. Babazadeh,2025,Proceedings of the European Conference on Games Based Learning,10.34190/ecgbl.19.1.4082,https://www.scopus.com/inward/record.uri?partnerID=HzOxMe3b&scp=105030139075&origin=inward,adjacent-subtopic,"Teaching concurrent and parallel programming presents substantial challenges, primarily due to its conceptual complexity and the required paradigm shift from sequential programming. Railway Quest is a gamified digital platform designed to facilitate students' learning of multithreaded programming concepts through an interactive approach. The platform translates abstract programming challenges into train locomotion scenarios, wherein trains represent threads that must move along tracks while avoiding crashes, resource access conflicts, and indefinite delays. By leveraging game-based learning and gamification principles, Railway Quest enhances students’ motivation and engagement through a visual and interactive representation of multithreaded executions and concurrency issues. The platform allows students to develop and execute code-based solutions, immediately observing their impact in real-time simulations presented through a low-poly isometric interface. Such approach significantly helps in conceptualizing threading constructs and synchronization mechanisms. Railway Quest supports both integrated and remote learning environments, making it an effective educational tool, especially for distance learning. The platform has been deployed in a university course in Spring 2025, with the aim to bridge the gap between theoretical knowledge and practical problem-solving in concurrent and parallel programming. Preliminary data from 45 students suggests a positive impact on students' understanding of key concurrency problems such as race conditions, deadlocks, and starvation, as well as their proficiency in utilizing synchronization tools like mutexes and conditional variables.",scopus,llm,0.980,unreviewed,,doi:10.34190/ecgbl.19.1.4082
discarded,PAST and PRESENT of LabVIEW in Knowledge and Education,D. Ursutiu,2025,Lecture Notes in Networks and Systems,10.1007/978-3-031-83520-9_57,https://www.scopus.com/inward/record.uri?partnerID=HzOxMe3b&scp=105001333023&origin=inward,adjacent-subtopic,"This article explores the multifaceted role of Laboratory Virtual Instrument Engineering Workbench (LabVIEW) in education, industry, and research. LabVIEW, developed by National Instruments, revolutionized programming by introducing a graphical interface, making it accessible for diverse applications such as data acquisition, instrument control, and industrial automation. Its evolution since the late 1980s has led to widespread adoption in educational institutions, particularly in engineering and computer science disciplines. LabVIEW's intuitive visual programming paradigm simplifies learning and fosters practical skill development from high school to university levels. Collaborations between schools and universities have led to the creation of educational materials and real-world applications using LabVIEW, enhancing students' understanding and competency. Furthermore, LabVIEW's integration into industrial projects and research endeavors highlights its versatility and relevance in practical engineering challenges. By bridging the gap between theoretical knowledge and practical implementation, LabVIEW prepares students for careers in engineering and research. The article underscores the importance of early engagement in scientific research, industrial collaborations, and interdisciplinary techniques facilitated by LabVIEW, shaping the future of education and innovation in engineering and science.",scopus,llm,0.970,unreviewed,,doi:10.1007/978-3-031-83520-9_57
discarded,Upper Robotic Extremity for the Development of Diagnostic Skills and Medical Training,P. Martín-Sánchez,2025,Lecture Notes in Educational Technology,10.1007/978-981-96-5658-5_32,https://www.scopus.com/inward/record.uri?partnerID=HzOxMe3b&scp=105011483574&origin=inward,off-topic-false-hit,,scopus,llm,0.950,unreviewed,,doi:10.1007/978-981-96-5658-5_32
discarded,Developing a Socratic Evaluation Software Using Argumentation and Graph-Based Open Student Modeling,J. Raj,2025,2025 IEEE MIT Undergraduate Research Technology Conference Urtc 2025 Conference Proceedings,10.1109/URTC68753.2025.11532968,https://www.scopus.com/inward/record.uri?partnerID=HzOxMe3b&scp=105041914817&origin=inward,off-topic-false-hit,"This project aims to develop Argumentation and Graph-based Open Student Modeling Software (ARGOS), an Intelligent Tutoring System (ITS) that constructs a dynamic Open Student Model (OSM) based on real-time conversation. Researchers have explored multiple methods to model student understanding. However, none provide real-time Socratic dialogue while continuously updating a quantitative representation of the student's knowledge. This paper presents two pre-experiments performed to determine the best Socratic tutor for ARGOS and its capabilities. The initial pre-experiment tested the ability of ChatGPT 4o, Claude Sonnet 4, Grok 3, Gemini 2.5 Pro, and Meta AI to guide students and found that Gemini 2.5 Pro scored the highest (26.625/30) on a custom rubric evaluating educational quality, factual precision, and instructional adherence. A pre-experiment was then conducted to assess whether Gemini can accurately assess a student's understanding through rubric-based grading in the areas of accuracy, clear reasoning, clarity, relevance, and effort. Gemini and four researchers graded eight mock conversations in math and history, with the scores showing a strong correlation with human graders ($r=0.837$). However, Gemini applied stricter grading standards and deviated more from human grading patterns in the humanities. These findings guide the development of ARGOS. The system features a knowledge tracking engine, powered by the Gemini 2.5 Pro API, which evaluates learning progress through a rubric-based assessment using Socratic dialogue. This is supported by an architecture using a React front-end, a FastAPI back-end, and a Firestore database.",scopus,llm,0.920,unreviewed,,doi:10.1109/urtc68753.2025.11532968
discarded,Development and Evaluation of an AI Chatbot for Educational Support Utilizing Lecture Materials,M. Takushima,2025,International Conference on Intelligent Informatics and Biomedical Sciences Iciibms,10.1109/ICIIBMS66230.2025.11316694,https://www.scopus.com/inward/record.uri?partnerID=HzOxMe3b&scp=105031912336&origin=inward,adjacent-subtopic,"In modern university education, managing diverse student inquiries poses a significant burden on instructors, highlighting the increasing importance of personalized support. To address this challenge, we developed an AI chatbot capable of providing responses tailored to specific course content, utilizing lecture materials and lecture video transcripts. The system is built upon OpenAI API (GPT-5), and integrates RetrievalAugmented Generation (RAG) technology. The developed chatbot is deployed in two courses, “Requirements Engineering” and “Career Design for IT Engineers,” and evaluated with 80 university students. Evaluation results indicate that approximately 80% of the students positively rated the chatbot’s responses as “helpful”, confirming its high utility in aspects such as organizing and re-presenting lecture content, suggesting future actions, and offering diverse perspectives. Furthermore, the utilization of past student comments and instructor responses as learning data proved highly valuable as a supplementary learning tool for enhancing student understanding. This research shows AI chatbots are practical tools for personalized support and reducing instructor workload. Future work aims to build a more personalized and effective learning support environment by incorporating features such as tracking individual student learning progress and enabling instructors to analyze conversation logs.",scopus,llm,0.940,unreviewed,,doi:10.1109/iciibms66230.2025.11316694
discarded,Intergenerational Impact of Paternal Low-Protein Diet on Offspring Bone Health in Mice,S. Sirovica,2025,Function,10.1093/function/zqaf051,https://www.scopus.com/inward/record.uri?partnerID=HzOxMe3b&scp=105021468789&origin=inward,off-topic-false-hit,"Abstract Our bone health as an adult is defined by patterns of development in early life, with perturbed growth during fetal and neonatal periods predisposing individuals to poor bone health in adulthood. Studies have identified poor maternal diet during pregnancy as a critical factor in shaping offspring bone development, with significant impacts on adult bone structure and health. However, the association between a father’s diet and the bone health of his offspring remains poorly defined. To address this knowledge gap, we fed male C57BL/6 mice either a control normal protein diet (NPD; 18% protein) or an isocaloric low-protein diet (LPD; 9% protein) for a minimum of 8 wk. Using these males, we generated offspring through artificial insemination, in combination with vasectomized male mating. Using this approach, we derived offspring from either NPD or LPD sperm but in the presence of NPD or LPD seminal plasma. Using micro-computed tomography and synchrotron X-ray diffraction, we observed significant changes in offspring femur morphology and hydroxyapatite crystallographic parameters from just 3 wk of age in offspring derived from LPD sperm or seminal plasma. We also observed that differential femur morphology and hydroxyapatite crystallographic parameters were maintained into adulthood and into a second generation. Analysis of paternal sperm identified a down regulation of 26 osteogenic genes associated with extracellular matrix levels and maintenance, transcription and growth factors, and bone ossification. These observations indicate that poor paternal diet at the time of conception affects offspring bone development and morphology in an age and generation specific manner.",scopus,llm,1.000,unreviewed,,doi:10.1093/function/zqaf051
discarded,"Paternal DDT exposure induces sex-specific programming of fetal growth, placenta development and offspring’s health phenotypes in a mouse model",E. Chen,2024,Scientific Reports,10.1038/s41598-024-58176-7,https://www.scopus.com/inward/record.uri?partnerID=HzOxMe3b&scp=85188899927&origin=inward,off-topic-false-hit,"Mounting evidence suggests that environmentally induced epigenetic inheritance occurs in mammals and that traits in the progeny can be shaped by parental environmental experiences. Epidemiological studies link parental exposure to environmental toxicants, such as the pesticide DDT, to health phenotypes in the progeny, including low birth and increased risk of chronic diseases later in life. Here, we show that the progeny of male mice exposed to DDT in the pre-conception period are born smaller and exhibit sexual dimorphism in metabolic function, with male, but not female, offspring developing severe glucose intolerance compared to controls. These phenotypes in DDT offspring were linked to reduced fetal growth and placenta size as well as placenta-specific reduction of glycogen levels and the nutrient sensor and epigenetic regulator OGT, with more pronounced phenotypes observed in male placentas. However, placenta-specific genetic reduction of OGT only partially replicates the metabolic phenotype observed in offspring of DDT-exposed males. Our findings reveal a role for paternal pre-conception environmental experiences in shaping placenta development and in fetal growth restriction. While many questions remain, our data raise the tantalizing possibility that placenta programming could be a mediator of environmentally induced intergenerational epigenetic inheritance of phenotypes and needs to be further evaluated.",scopus,llm,1.000,unreviewed,,doi:10.1038/s41598-024-58176-7
discarded,"Erratum regarding missing Declaration of Competing Interest statements in previously published articles (International Journal of Child-Computer Interaction (2021) 30, (S2212868921000544), (10.1016/j.ijcci.2021.100335))",,2024,International Journal of Child Computer Interaction,10.1016/j.ijcci.2024.100678,https://www.scopus.com/inward/record.uri?partnerID=HzOxMe3b&scp=85199434344&origin=inward,off-topic-false-hit,,scopus,llm,1.000,unreviewed,,doi:10.1016/j.ijcci.2024.100678
discarded,"Erratum regarding missing Declaration of Competing Interest statements in previously published articles (International Journal of Child-Computer Interaction (2019) 21 (89–103), (S2212868918300552), (10.1016/j.ijcci.2019.06.001))",,2024,International Journal of Child Computer Interaction,10.1016/j.ijcci.2024.100673,https://www.scopus.com/inward/record.uri?partnerID=HzOxMe3b&scp=85199203893&origin=inward,off-topic-false-hit,,scopus,llm,1.000,unreviewed,,doi:10.1016/j.ijcci.2024.100673
discarded,Optimizing Attendance Management in Educational Institutions Through Mobile Technologies: A Machine Learning and Cloud Computing Approach,N.E. Caytuiro-Silva,2024,International Journal of Interactive Mobile Technologies,10.3991/ijim.v18i12.46917,https://www.scopus.com/inward/record.uri?partnerID=HzOxMe3b&scp=85197546884&origin=inward,off-topic-false-hit,"The primary goal of the study is to optimize and streamline the attendance recording and monitoring process for learning sessions by leveraging advanced technologies such as machine learning and cloud computing. The methodology employed is based on the extreme programming (XP) project management approach. Throughout its phases, the entire implementation process of the application, from conception to launch, is described in detail. Firebase is used as the database manager to ensure the efficiency and security of student information and attendance records. Additionally, the Firebase machine learning kit is used to verify attendance registration through QR codes. The application was tested with fifth-year high school students from an educational institution. The user interface has been designed to be attractive, intuitive, and easy to use for both teachers and students. The study results demonstrate that the use of this application significantly reduces the time spent on attendance recording compared to traditional methods. There has been a high level of satisfaction and acceptance of the “ASYS” application among teachers and students. In conclusion, this study has successfully implemented a mobile application that revolutionizes attendance recording and monitoring in educational institutions. It harnesses the power of machine learning and cloud computing to enhance efficiency and the user experience.",scopus,llm,0.990,unreviewed,,doi:10.3991/ijim.v18i12.46917
discarded,A gene expression programming-based model to predict water inflow into tunnels,A. Mahmoodzadeh,2024,Geomechanics and Engineering,10.12989/gae.2024.37.1.065,https://www.scopus.com/inward/record.uri?partnerID=HzOxMe3b&scp=85190769643&origin=inward,off-topic-false-hit,"Water ingress poses a common and intricate geological hazard with profound implications for tunnel construction's speed and safety. The project's success hinges significantly on the precision of estimating water inflow during excavation, a critical factor in early -stage decision -making during conception and design. This article introduces an optimized model employing the gene expression programming (GEP) approach to forecast tunnel water inflow. The GEP model was refined by developing an equation that best aligns with predictive outcomes. The equation's outputs were compared with measured data and assessed against practical scenarios to validate its potential applicability in calculating tunnel water input. The optimized GEP model excelled in forecasting tunnel water inflow, outperforming alternative machine learning algorithms like SVR, GPR, DT, and KNN. This positions the GEP model as a leading choice for accurate and superior predictions. A state-of-the-art machine learning -based graphical user interface (GUI) was innovatively crafted for predicting and visualizing tunnel water inflow. This cutting -edge tool leverages ML algorithms, marking a substantial advancement in tunneling prediction technologies, providing accuracy and accessibility in water inflow projections.",scopus,llm,1.000,unreviewed,,doi:10.12989/gae.2024.37.1.065
discarded,Student Teachers' Experiences of Programmed Technological Artefacts Range of Understanding and Ideas for Development,A. Perez,2024,International Technology Education Studies,10.1163/9789004687912_010,https://www.scopus.com/inward/record.uri?partnerID=HzOxMe3b&scp=105004039796&origin=inward,adjacent-subtopic,"The starting point for developing teaching abilities is the experiences that you have of the object of learning. To prepare student teachers for teaching technology in a digital society, research related to their experiences of phenomena such as programmed technological artefacts is important. As future teachers, they must be able to prepare teaching about programmed technological artefacts as objects of learning. Therefore, more knowledge is needed about student teachers’ understanding of them in everyday life. To describe the different ways in which student teachers experience programmed technological artefacts, such as elevators, tumble dryers, traffic lights, and keyboards, we used a phenomenographic approach. Semi-structured interviews with eight student teachers in primary teacher education were conducted to find the variation in their experiences. This resulted in experiences described as: (1) the physical interface, (2) components as parts of a process, (3) connected, controlled, and regulated components, and (4) components as and in a system. Aspects essential for understanding programmed technological artefacts are related to three dimensions; computational thinking, systems thinking and the dual nature of technology. For student teachers to understand these artefacts, aspects from all three dimensions need to be discerned. A problem is that student teachers in this study discerned only a few aspects of the phenomenon that they themselves will be teaching about.",scopus,llm,0.960,unreviewed,,doi:10.1163/9789004687912_010
discarded,Paternal impact on the developmental programming of sexual dimorphism,S.M. Aljabali,2024,Frontiers in Cell and Developmental Biology,10.3389/fcell.2024.1520783,https://www.scopus.com/inward/record.uri?partnerID=HzOxMe3b&scp=85212584764&origin=inward,off-topic-false-hit,"Sexual dimorphism involves distinct anatomical, physiological, behavioral, and developmental differences between males and females of the same species, influenced by factors prior to conception and during early development. These sex-specific traits contribute to varied phenotypes and individual disease risks within and across generations and understanding them is essential in mammalian studies. Hormones, sex chromosomes, and imprinted genes drive this dimorphism, with over half of quantitative traits in wildtype mice showing sex-based variation. This review focuses on the impact of paternal non-genetic factors on sexual dimorphism. We synthesize current research on how paternal health before conception affects offspring phenotypes in a sex-specific manner, examining mechanisms such as DNA methylation, paternally imprinted genes, sperm RNA, and seminal plasma. Additionally, we explore how paternal influences indirectly shape offspring through maternal behavior, uterine environment, and placental changes, affecting males and females differently. We propose mechanisms modulating sexual dimorphism during development, underscoring the need for sex-specific documentation in animal studies.",scopus,llm,1.000,unreviewed,,doi:10.3389/fcell.2024.1520783
