status,title,authors,year,venue,doi,url,tags,abstract,provider,decision_source,llm_confidence,llm_review_outcome,llm_change_direction,paper_id
discarded,Natural compounds for cancer treatment and prevention,Stefania Nobili; Donatella Lippi; Ewa J. Witort; Martino Donnini; Letizia Bausi; Enrico Mini; Sergio Capaccioli,2009,Pharmacological Research,10.1016/j.phrs.2009.01.017,https://openalex.org/W2136460234,off-topic-false-hit,"We describe here the main natural compounds used in cancer therapy and prevention, the historical aspects of their application and pharmacognosy. Two major applications of these compounds are described: as cancer therapeutics and as chemopreventive compounds. Both natural compounds, extracted from plants or animals or produced by microbes (antibiotics), and synthetic compounds, derived from natural prototype structures, are being used. We also focus on the molecular aspects of interactions with their recognized cellular targets, from DNA to microtubules. Some critical aspects of current cancer chemotherapy are also discussed, focusing on genetics and genomics, and the recent revolutionary theory of cancer: aneuploidy as the primum movens of cancer. (C) 2009 Elsevier Ltd. All rights reserved.",openalex,llm,1.000,unreviewed,,doi:10.1016/j.phrs.2009.01.017
discarded,Position paper: Moving task-based language teaching forward,Rod Ellis,2017,Language Teaching,10.1017/s0261444817000179,https://openalex.org/W2754116647,off-topic-false-hit,"The advocacy of task-based language teaching (TBLT) has met with resistance. The critiques of TBLT and the misconceptions that underlie them have already been addressed in Ellis (2009) and Long (2016). The purpose of this article is to move forward by examining a number of real problems that TBLT faces – such as how a ‘task’ should be defined, the nature and timing of the ‘focus-on-form’ required, how to determine task complexity and sequence tasks, the role of explicit instruction, the timing of focus on form and the teacher training needed to ensure effective uptake of TBLT – and to also consider what solutions are possible. Disagreements exist regarding the relative merits of task-based and task-supported language teaching. I will propose that a hybrid/modular syllabus that allows for a balance between an object-oriented and a tool-oriented view of language teaching offers the most promising way forward.",openalex,llm,1.000,unreviewed,,doi:10.1017/s0261444817000179
discarded,Using Planned Adaptation to Implement Evidence‐Based Programs with New Populations,Shawna J. Lee; Inna Altschul; Carol Thiessen Mowbray,2008,American Journal of Community Psychology,10.1007/s10464-008-9160-5,https://openalex.org/W2045022795,off-topic-false-hit,"The Interactive Systems Framework (ISF) for Dissemination and Implementation (Wandersman et al. 2008) elaborates the functions and structures that move evidence-based programs (EBPs) from research to practice. Inherent in that process is the tension between implementing programs with fidelity and the need to tailor programs to fit the target population. We propose Planned Adaptation as one approach to resolve this tension, with the goal of guiding practitioners in adapting EBPs so that they maintain core components of program theory while taking into account the needs of particular populations. Planned Adaptation is a form of capacity building within the Prevention Support System that provides a framework to guide practitioners in adapting programs while encouraging researchers to provide information relevant to adaptation as a critical aspect of dissemination research, with the goal of promoting wider dissemination and better implementation of EBPs. We illustrate Planned Adaptation using the JOBS Program (Caplan et al. 1989), which was developed for recently laid-off, working- and middle-class workers and subsequently implemented with welfare recipients.",openalex,llm,1.000,unreviewed,,doi:10.1007/s10464-008-9160-5
discarded,A Market-Oriented Programming Environment and its Application to Distributed Multicommodity Flow Problems,Michael P. Wellman,1993,Journal of Artificial Intelligence Research,10.1613/jair.2,https://openalex.org/W2159314501,off-topic-false-hit,"Market price systems constitute a well-understood class of mechanisms that under certain conditions provide effective decentralization of decision making with minimal communication overhead. In a market-oriented programming approach to distributed problem solving, we derive the activities and resource allocations for a set of computational agents by computing the competitive equilibrium of an artificial economy. WALRAS provides basic constructs for defining computational market structures, and protocols for deriving their corresponding price equilibria. In a particular realization of this approach for a form of multicommodity flow problem, we see that careful construction of the decision process according to economic principles can lead to efficient distributed resource allocation, and that the behavior of the system can be meaningfully analyzed in economic terms.",openalex,llm,0.990,unreviewed,,doi:10.1613/jair.2
discarded,"Ceph: a scalable, high-performance distributed file system",Sage A. Weil; Scott Brandt; Ethan L. Miller; Darrell D. E. Long; Carlos Maltzahn,2006,eScholarship (California Digital Library),10.5555/1298455.1298485,https://openalex.org/W1999984505,off-topic-false-hit,"We have developed Ceph, a distributed file system that provides excellent performance, reliability, and scalability. Ceph maximizes the separation between data and metadata management by replacing allocation tables with a pseudo-random data distribution function (CRUSH) designed for heterogeneous and dynamic clusters of unreliable object storage devices (OSDs). We leverage device intelligence by distributing data replication, failure detection and recovery to semi-autonomous OSDs running a specialized local object file system. A dynamic distributed metadata cluster provides extremely efficient metadata management and seamlessly adapts to a wide range of general purpose and scientific computing file system workloads. Performance measurements under a variety of workloads show that Ceph has excellent I/O performance and scalable metadata management, supporting more than 250,000 metadata operations per second. 1",openalex,llm,1.000,unreviewed,,doi:10.5555/1298455.1298485
discarded,Modeling behavior of Geographic Objects: An experience with the Object Modeling Technique,Nectaria Tryfona; Dieter Pfoser; Thanasis Hadzilacos,1997,Notes on numerical fluid mechanics and multidisciplinary design,10.1007/3-540-63107-0_25,https://openalex.org/W1554384670,off-topic-false-hit,,openalex,llm,0.970,unreviewed,,doi:10.1007/3-540-63107-0_25
discarded,Subject-oriented programming,William Harrison; Harold L. Ossher,1993,,10.1145/165854.165932,https://openalex.org/W2094282293,off-topic-false-hit,"Object-Oriented technology is often described in terms of an interwoven troika of themes: encapsulation, polymorphism, and inheritance.But these themes are firmly tied with the concept of identity.If object-oriented technology is to be successfully scaled from the development of independent applications to development of integrated suites of applica-tions, it must relax its emphasis on the objecf.The technology must recognize more directly that a multiplicity of subjective views delocalizes the concept of object, and must emphasize more the binding concept of identity to tie them together.This paper explores this shift to a style of objectoriented technology that emphasizes the subjective views: Subject-Oriented Programming.",openalex,llm,0.990,unreviewed,,doi:10.1145/165854.165932
discarded,A research typology for object-oriented analysis and design,David E. Monarchi; Gretchen I. Puhr,1992,Communications of the ACM,10.1145/130994.130995,https://openalex.org/W1571717828,off-topic-false-hit,"and Design his article evaluates current research on object-oriented analysis and design (OOAD).Critical components in OOAD are identified and various OOAD techniques (i.e., processes or methods) and representations are compared based on these components.Strong and weak areas in OOAD are identified and areas for future research are discussed in this article.• • • • • • • • • • • • • • • • • • • Research ReviewThe existing research can be divided into three broad categories: 1) processes only; 2) representations only; and 3) processes and representations.The first category, processes, refers to procedural methods for performing object-COMMUNICATION8",openalex,llm,0.990,unreviewed,,doi:10.1145/130994.130995
discarded,A survey of structured and object-oriented software specification methods and techniques,Roel J. Wieringa,1998,ACM Computing Surveys,10.1145/299917.299919,https://openalex.org/W2124970417,off-topic-false-hit,"This article surveys techniques used in structured and object-oriented software specification methods. The techniques are classified as techniques for the specification of external interaction and internal decomposition. The external specification techniques are further subdivided into techniques for the specification of functions, behavior, and communication. After surveying the techniques, we summarize the way they are used in structured and object-oriented methods and indicate ways in which they can be combined. This article ends with a plea for simplicity in diagram techniques and for the use of formal semantics to define these techniques. The appendices show how the reviewed techniques are used in 6 structured and 19 object-oriented specification methods.",openalex,llm,1.000,unreviewed,,doi:10.1145/299917.299919
discarded,Reconciling responsiveness with performance in pure object-oriented languages,Urs Hölzle; David Ungar,1996,ACM Transactions on Programming Languages and Systems,10.1145/233561.233562,https://openalex.org/W1979823255,off-topic-false-hit,"Dynamically dispatched calls often limit the performance of object-oriented programs, since opject-oriented programming encourages factoring code into small, reusable units, thereby increasing the frequency of these expensive operations. Frequent calls not only slow down execution with the dispatch overhead per se, but more importantly they hinder optimization by limiting the range and effectiveness of standard global optimizations. In particular, dynamically dispatched calles prevent standard interprocedual optimizations that depend on the availability of a static call graph. The SELF implementation described here offers tow novel approaches to optimization. Type feedback speculatively inlines dynamically dispatched calls based on profile information that predicts likely receiver classes. Adaptive optimization reconciles optimizing compilation with interactive performance by incrementally optimizing only the frequently executed parts of a program. When combined, these two techniques result in a system that can execute programs significantly faster than previous systems while retaining much of the interactiveness of an interpreted system.",openalex,llm,1.000,unreviewed,,doi:10.1145/233561.233562
discarded,An object-oriented language-database integration model: The composition-filters approach,Mehmet Akşit; Lodewijk Bergmans; Sinan Vural,2006,Lecture notes in computer science,10.1007/bfb0053047,https://openalex.org/W2114696172,off-topic-false-hit,,openalex,llm,1.000,unreviewed,,doi:10.1007/bfb0053047
discarded,"Feminism without Borders: Decolonizing Theory, Practicing Solidarity",Chandra Talpade Mohanty,2003,Project Muse (Johns Hopkins University),,https://openalex.org/W123399014,off-topic-false-hit,"Bringing together classic and new writings of the trailblazing feminist theorist Chandra Talpade Mohanty, Feminism without Borders addresses some of the most pressing and complex issues facing contemporary feminism. Forging vital links between daily life and collective action and between theory and pedagogy, Mohanty has been at the vanguard of Third World and international feminist thought and activism for nearly two decades. This collection highlights the concerns running throughout her pioneering work: the politics of difference and solidarity, decolonizing and democratizing feminist practice, the crossing of borders, and the relation of feminist knowledge and scholarship to organizing and social movements. Mohanty offers here a sustained critique of globalization and urges a reorientation of transnational feminist practice toward anticapitalist struggles.Feminism without Borders opens with Mohanty's influential critique of western feminism (""Under Western Eyes"") and closes with a reconsideration of that piece based on her latest thinking regarding the ways that gender matters in the racial, class, and national formations of globalization. In between these essays, Mohanty meditates on the lives of women workers at different ends of the global assembly line (in India, the United Kingdom, and the United States); feminist writing on experience, identity, and community; dominant conceptions of multiculturalism and citizenship; and the corporatization of the North American academy. She considers the evolution of interdisciplinary programs like Women's Studies and Race and Ethnic Studies; pedagogies of accommodation and dissent; and transnational women's movements for grassroots ecological solutions and consumer, health, and reproductive rights. Mohanty's probing and provocative analyses of key concepts in feminist thought-""home,"" ""sisterhood,"" ""experience,"" ""community""-lead the way toward a feminism without borders, a femi",openalex,llm,1.000,unreviewed,,hash:864fa2e8b7f14600
discarded,Visualizing interactions in program executions,Dean Frederick Jerding; John Stasko; Thomas Ball,1997,,10.1145/253228.253356,https://openalex.org/W2024291102,off-topic-false-hit,"Implementing, validating, modifying, or reengineering an object-oriented system requires an understanding of the object and class interactions which occur as a program executes.This work seeks to identify, visualize, and analyze interactions in object-oriented program executions as a means for examining and understanding dynamic behavior.We have discovered recurring interaction scenarios in program executions that can be used as abstractions in the understanding process, and have developed a means for identifying these interaction patterns.Our visualizations focus on supporting design recovery, validation, and reengineering tasks, and can be applied to both object-oriented and procedural programs.",openalex,llm,0.990,unreviewed,,doi:10.1145/253228.253356
discarded,Some strategies of reuse in an object-oriented programming environment,B. M. Lange; Thomas G. Moher,1989,,10.1145/67449.67465,https://openalex.org/W2056617761,adjacent-subtopic,"In a single-subject study of a software developer working in an object-oriented programming environment, we found evidence of a development style characterized by pervasive software reuse. The subject employed regular strategies for template selection and coding in her work, and avoided techniques requiring deep understanding of code details or symbolic execution whenever possible. Within the limits of the design of the study, the subject's performance is related to attributes of object-oriented programming and our interpretation of the mature mental model with which she approached her task.",openalex,llm_reviewed,0.880,changed,kept->discarded,doi:10.1145/67449.67465
discarded,The multi-layered nature of small-group learning: Productive interactions in object-oriented collaboration,Crina I. Damşa,2014,International Journal of Computer-Supported Collaborative Learning,10.1007/s11412-014-9193-8,https://openalex.org/W2041647219,off-topic-false-hit,"This article presents a study of small-group interaction in the context of collaborative learning in undergraduate education. The student groups participated in collaborative projects, which involved setting-up, conducting, and reporting on empirical research studies. This study sheds light on the nature of productive interactions, the joint efforts to co-construct knowledge and the shared epistemic agency expected to emerge when groups are addressing ill-structured, complex problems in a collaboration over time. In-depth qualitative analysis and descriptive statistics were used to analyze and interpret interaction data and developing knowledge objects (i.e., research reports) collected during a 20-week project period. The findings show that productive interactions can take different forms, with discourse-based and object-oriented being the most relevant patterns arising. In the latter case, the emergent knowledge objects also influence the course and productivity of the interaction. Finally, groups manifesting shared epistemic agency produce knowledge objects more complex and suitable to the problems addressed. These findings contribute to a better understanding of the collaborative learning process that includes work on knowledge objects over time. The implications for the educational practice and further research point towards the need for a better understanding of the way groups function when challenged to address complex problems and to participate in knowledge production, how these processes can benefit learning, and what is needed in terms of pedagogical and technological support, to enable students to be more than mere course-takers, but also producers of knowledge.",openalex,llm,0.990,unreviewed,,doi:10.1007/s11412-014-9193-8
discarded,"Social Factors in Psychopathology: Stress, Social Support, and Coping Processes",Ronald C. Kessler; Richard H. Price; Camille B. Wortman,1985,Annual Review of Psychology,10.1146/annurev.ps.36.020185.002531,https://openalex.org/W2108505178,off-topic-false-hit,"Our review has focused centrally on the etiologic significance of social factors in the development of psychopathology. Our implicit assumption has been that social factors in general, and stressors in particular, may play a causal role in the development of psychopathology. Yet the evidence is clear that the vast majority of people who are exposed to stressful life events or to chronic stress situations do not develop significant psychiatric impairments. For this reason, research interest over the past decade has shifted to factors like social support and coping strategies that may ameliorate the impact of stress. We have examined some of the important empirical results from recent studies of stress, support, and coping, and we have discussed ways in which these new understandings have informed long-standing attempts to explain group differences in emotional functioning. In each section of the review we have attempted not only to summarize existing results but also to provide some evaluation of the literature and suggestions for future research. It is important to recognize that the contributors to the work reviewed here do not all share a common research agenda. Some of them are primarily committed to unraveling the psychosocial determinants of a particular clinical disorder. Others are mainly concerned with the effects of a particular stressor. Still others are interested in the processes that link stress to health across a broad array of stress situations and health outcomes. In the face of these diverse interests, it is little wonder that our understanding of social factors in psychopathology is uneven. There is good reason to believe, however that these diverse strands of research are beginning to converge on a common conception of the stress process and on a common research design. The conception at present is only in rough form, but its outlines are nonetheless capable of description. At its center is the notion that stress exposure sets off a process of adaptation. It recognizes that this process unfolds over time, and it acknowledges that this process is modified by structural factors as well as by personal dispositions and vulnerabilities. There is growing recognition that the analysis of this process requires longitudinal methods. Also, it is becoming increasingly clear that experimental interventions are required to unravel the parts of this process that link stress and health. It is too early to know if this nascent convergence will lead to an integrative theory of adaptation, yet it is almost certain to promote methodological and conceptual rigor and facilitate replication and cumulation of findings.(ABSTRACT TRUNCATED AT 400 WORDS)",openalex,llm,1.000,unreviewed,,doi:10.1146/annurev.ps.36.020185.002531
