status,title,authors,year,venue,doi,url,tags,abstract,provider,decision_source,llm_confidence,llm_review_outcome,llm_change_direction,paper_id
discarded,An Adaptive Access Method for Edge Clusters of Distribution Automation Terminals Based on Cloud-Edge Fusion,"Zeng, Ruijiang; Li, Zhiyong",2025,IET COMMUNICATIONS,10.1049/cmu2.70057,https://www.webofscience.com/wos/woscc/full-record/WOS:001576545800001,off-topic-false-hit,"As massive distribution automation terminals connect and data is acquired at high frequencies, the demand for low-latency processing of distribution service data has increased dramatically. Edge clusters, integrating multiple edge servers, can effectively mitigate transmission delays. Cloud-edge fusion leverages its data processing capabilities and the real-time responsiveness of edge computing to meet the needs of efficient data processing and optimal resource allocation. However, existing access methods for distribution automation terminals in cloud-edge fusion architectures exclusively depend on either cloud or edge computing for data processing. These conventional approaches fail to incorporate critical aspects such as: adaptive access mechanisms for edge clusters of distribution automation terminals, flexible strategies including data offloading, knowledge sharing among edge clusters, and load awareness capabilities. Consequently, they demonstrate significant limitations in achieving deep fusion between cloud and edge computing paradigms. Additionally, they lack consideration for the perception of global information and queue backlog, making it difficult to meet the low-latency data transmission requirements of distribution automation services in dynamic environments. To address these issues, we propose an adaptive access method for edge clusters of distribution automation terminals based on cloud-edge fusion. Firstly, a data processing architecture for adaptive access of distribution automation terminal edge clusters are designed to coordinate terminal access, data processing distribution, and decision optimization for computing resource allocation, enabling efficient data transmission and processing. Secondly, an optimization problem for adaptive access in edge clusters of distribution automation terminals is formulated, aiming to minimize the weighted sum of total queuing delay and load balancing degree. Finally, a federated twin delayed deep deterministic policy gradient (federated TD3)-based edge cluster adaptive access method for distribution automation terminal is proposed. This approach integrates model parameters from edge servers at the cloud level and distributes them to the edge cluster level, learning strategies for terminal access, data processing allocation, and computing resource allocation based on queue backlog fluctuations. This enhances load balancing between the distribution terminal layer and edge layer, achieving collaborative optimization of load balancing and delay under massive distribution terminal access. Simulation results demonstrate that the proposed method significantly reduces system queuing delay, optimizes load balancing, and enhances overall operation efficiency.",wos,llm,1.000,unreviewed,,doi:10.1049/cmu2.70057
discarded,Locality-optimized Forward-secure Dynamic Searchable Symmetric Encryption,"Guo, Yutao; Liu, Feng; Wang, Feng; Xue, Kaiping",2025,JOURNAL OF ELECTRONICS & INFORMATION TECHNOLOGY,10.11999/JEIT250107,https://www.webofscience.com/wos/woscc/full-record/WOS:001570729100012,off-topic-false-hit,"Objective With the rapid development of cloud computing, more individuals and enterprises are outsourcing data storage, raising significant concerns regarding data privacy. Traditional encryption methods preserve confidentiality but render the data unsearchable, severely limiting usability. Searchable Symmetric Encryption (SSE) addresses this limitation by enabling efficient keyword searches over encrypted data, and dynamic SSE further enhances practicality by supporting data updates. However, a critical challenge in dynamic SSE is the trade-off between forward security-ensuring that past queries cannot retrieve results from newly added data-and locality. Locality, defined as the number of non-contiguous storage accesses during a search, is a key metric for I/O efficiency and directly affects search performance. Poor locality causes search latency to increase linearly with keyword frequency, creating a significant performance bottleneck. Existing schemes either constrain the number of updates between searches or degrade update and read efficiency, limiting real-world applicability. This study proposes a novel scheme that transforms existing forward-secure dynamic SSE into locality-optimized variants without compromising key performance metrics such as update and read efficiency. Methods The proposed scheme improves locality by reorganizing SSE updates into batched operations. Instead of uploading each update individually, the client temporarily stores updates in a local buffer. Once a predefined threshold is reached, the accumulated updates are uploaded as a single package. Within each package, updates corresponding to the same keyword are stored contiguously to minimize non-contiguous storage accesses, thereby enhancing locality. The transformed scheme retains the use of the underlying forward-secure dynamic SSE to store essential metadata required for extracting the contents of each package during a search, thereby preserving forward security. However, search operations may reveal the storage positions of updates for some keywords within a package, potentially constraining the inferred distribution of updates for other keywords. To address this issue, a secure packaging algorithm is designed to mitigate such leakage and maintain the overall security of the scheme. Results and Discussion By implementing client-side buffering and batched updating, the proposed scheme transforms compatible forward-secure dynamic SSE schemes into locality-optimized variants. The integration of a secure packaging algorithm into the batching process ensures that forward security is preserved, as confirmed by a formal security proof, without introducing additional information leakage. A comprehensive evaluation is conducted, comparing a typical forward-secure dynamic SSE scheme (referred to as the original scheme), its transformed variants under various buffer sizes, and an existing locality-optimized forward-secure dynamic SSE scheme. Both theoretical and experimental analyses are performed. Theoretical analysis indicates that although the transformed scheme imposes an upper bound on locality, it maintains similar computational complexity to the original scheme in other critical aspects, such as update and read efficiency. Moreover, its update complexity and read performance outperform those of the existing locality-optimized scheme (Table 1). Experimental results yield three main findings. (1) Although client-side buffering requires additional storage, the overall client storage remains comparable to that of the original scheme (Table 2).

(2) Update times are similar to the original scheme and are reduced to between 1% and 10% of those observed in the existing locality-optimized solution (Fig. 4). (3) For low-frequency keywords, search latency moderately increases-by up to 70%-relative to the original scheme. In contrast, for high-frequency keywords, latency is substantially reduced, ranging from 23.1% to 3.5% of that in the original scheme. Overall, the transformed scheme consistently achieves lower search latency than the existing solution (Fig. 5). Conclusions This study proposes a novel scheme that transforms forward-secure dynamic SSE into locality-optimized variants through client-side buffering and batched updating, without degrading core performance metrics (e.g., update and read efficiency). A secure packaging algorithm is introduced, and a formal security proof demonstrates that the scheme preserves forward security without incurring additional information leakage. Both theoretical and experimental results show that the scheme significantly improves locality and search efficiency for high-frequency keywords, while maintaining comparable update and read performance for other keywords. A notable limitation is that the scheme requires predefining the total number or an upper bound on different keywords, which restricts flexibility in dynamic environments. Addressing this limitation remains a key direction for future research. Additionally, extending the scheme to operate under malicious server assumptions or to support further security properties, such as backward security, also warrants investigation.",wos,llm,1.000,unreviewed,,doi:10.11999/jeit250107
discarded,Instructor Experiences with Alternative Grading at the University of British Columbia,"Rodrigues, Serene; Milner-Bolotin, Marina; Moosvi, Firas",2025,"PROCEEDINGS OF THE 30TH ACM CONFERENCE ON INNOVATION AND TECHNOLOGY IN COMPUTER SCIENCE EDUCATION VOL 2, ITICSE 2025",10.1145/3724389.3730804,https://www.webofscience.com/wos/woscc/full-record/WOS:001540559800072,adjacent-subtopic,"Grades have power in education. While motivating some students, they can pose barriers for others. Research indicates that traditional grading practices impact student retention, self-efficacy, and STEM identity [7]. In computer science, higher failure rates exacerbate these concerns [3]. Additionally, inconsistencies in grading across instructors [2] and the failure of grades to accurately represent learning [4] call into question the robustness of traditional grading methods. Alternative grading (AG) offers a potential solution by prioritizing clear standards, meaningful feedback, progress-based evaluation, and reassessment opportunities [4]. However, the implementation of AG in higher education faces challenges, including time constraints, resource limitations, and institutional barriers [6]. To explore the adoption of AG in higher education, we conducted a phenomenographic study involving 15 faculty members across several disciplines at the University of British Columbia. Through in-depth 60 minute interviews, a pre-interview survey, and course syllabi analysis, we examined instructors' AG practices, motivations, and the benefits and challenges they encountered. Our study aims to provide a structured research framework that can be replicated by other institutions and to serve as a practical guide for instructors interested in AG but uncertain about its implementation. By shifting the focus from grades to learning, we hope to foster assessment practices that accurately represent student performance and provide students with an opportunity for growth. The findings of this study will contribute to the broader conversation on AG, offering insights into its feasibility, benefits, and areas for further research.",wos,llm,0.980,unreviewed,,doi:10.1145/3724389.3730804
discarded,Recent Progress on Silicon Photonics Heterogeneous Integration Lasers Based on Bonding Technology (Invited),"Wu, Beibei; Zhou, Jiajun; Hu, Changyu; Ding, Qichao",2025,CHINESE JOURNAL OF LASERS-ZHONGGUO JIGUANG,10.3788/CJL250747,https://www.webofscience.com/wos/woscc/full-record/WOS:001558093000002,off-topic-false-hit,"Significance In the context of global digital transformation, silicon photonics has achieved significant advancements in optical communications, interconnects, and computing, owing to its CMOS compatibility, superior integration capability, and cost advantages, demonstrating substantial market potential. The development of integrated lasers on silicon photonics platforms has been constrained by silicon's inherently low luminescence efficiency as an indirect bandgap material. Heterogeneous integration technology, which combines high-efficiency luminescent materials with established silicon platforms, has emerged as the most promising solution to overcome laser performance limitations. Bonding technology presents notable advantages, enabling the integration of high-quality epitaxial materials onto large-scale silicon photonic wafers while eliminating complex alignment requirements. Molecular bonding enables the formation of robust covalent interfacial bonds at relatively low annealing temperatures, making it particularly appropriate for silicon photonics/ III - V material heterogeneous integration. This technique has demonstrated technological maturity through successful implementation in commercial optical module products. Silicon heterogeneous integrated lasers have developed through various technological pathways, maintaining significant research interest. Substantial progress has been achieved in critical aspects including on-chip architecture design, material preparation, and integration methodology. This paper presents a comprehensive review of current developments in bonding-based silicon heterogeneous integrated lasers, innovative research, and recent progress in domestic research initiatives. Progress First, we discuss the implementation scheme of silicon heterogeneous integrated single longitudinal mode lasers and the research progress of three types of lasers, including distributed feedback (DFB) lasers, Bragg grating reflection (DBR) lasers, and broadband tunable laser with cascaded micro-ring resonators. By incorporating both direct phase fluctuations and indirect carrier-density-fluctuation-induced quantum noise from spontaneous emission and using the modified Schawlow-Towns-Henry equation, an explicit analytical relationship between the laser linewidth and the physical parameters of practical laser cavity designs are established. The implementation of high-Q optical cavities enables substantial linewidth reduction in semiconductor lasers. This approach is particularly advantageous for silicon heterogeneous integrated lasers, where the optical mode distribution both the undoped silicon waveguide and III -V gain region synergistically reduces optical losses. Silicon photonics offers unique advantages for implementing low-loss, large-scale optical structures, including broadband tunable reflectors and high-Q grating cavities, which are critical for achieving laser linewidth compression. The DFB laser represents a fundamental photonic device architecture that utilizes a spatially periodic Bragg grating structure integrated throughout the active gain medium to achieve simultaneous optical feedback and spectral mode selection. This configuration exhibits distinctive operational advantages of single-mode operation, spectral stability, and high coherence. In heterogeneous integrated DFB lasers, the Bragg gratings are typically patterned either directly on or adjacent to the silicon rib waveguides.

Control of the optical mode distribution through waveguide geometry optimization to realize minimize optical loss while maintaining sufficient modal gain enables high-power narrow-linewidth operation. In the DBR lasers, the gratings are located at both ends of the active optical gain region. Thus, long grating can be designed to realize narrow linewidth emission. The mismatch in thermo-optic coefficients between the active and passive regions induces mode hopping during operation, necessitating real-time feedback control of the output optical power for stable performance. The incorporation of cascaded silicon micro-ring resonators as laser cavities enables wavelength-tunable operation. The design of cascaded micro rings also involves a trade-off between insertion loss and filtering bandwidth. Second, we introduce the quantum dot (QD) heterogeneous integrated laser that exhibits superior performance characteristics owing to its low linewidth enhancement factor. Compared to conventional quantum well lasers, the QD lasers experience narrower linewidth, lower threshold current, enhanced temperature stability, defect tolerance, and inherent feedback insensitivity. Third, we analyze narrow-linewidth heterogeneously integrated lasers incorporating ultra-low loss silicon nitride waveguides and the challenges in the customized fabrication process. Then, we examine emerging research frontiers in silicon heterogeneous integrated laser that are attracting significant academic attention. Recent advances in heteroepitaxial III-V/Si lasers are examined, focusing on both vertical and lateral epitaxial integration approaches. The micro-transfer printing (mu TP) fabrication methodology and resulting photonic device characteristics are examined. The Ge/Si laser employing strain engineering and n-type doping are discussed. Finally, we introduce the research progress of domestic universities and research institutions in the field of heterogeneous integrated lasers, including low-temperature bonding processes, heteroepitaxial growth techniques, and Ge/Si lasers. Conclusions and Prospects Through sustained research and development efforts, silicon heterogeneous integrated laser technology has evolved from fundamental research to commercial implementation, establishing a comprehensive technological framework encompassing novel material integration, advanced micro-nanofabrication, and photonic device engineering. This article presents a thorough review of current developments in heterogeneous integrated light source technology. Heterogeneous integration technology is experiencing a transformative phase of development. The silicon photonics industry is transitioning from 8-inch to 12-inch wafer platforms, driven by enhanced process capabilities, 3D integration compatibility, and economic advantages. The integration of multiple optoelectronic materials on a common substrate to achieve multifunctional photonic chips represents a significant development trend. While silicon photonics maintains dominance in optical modules for various applications, heterogeneous integration is overcoming critical performance limitations, enabling expansion into emerging fields including optical computing, lidar, and integrated optical gyroscopes. Heterogeneous integration technology is anticipated to become the fundamental enabling technology for future photonic integrated circuits, providing essential technical support for significant applications of next-generation silicon photonics technology.",wos,llm,1.000,unreviewed,,doi:10.3788/cjl250747
discarded,A Novel Consistency Index CI-G: Recruiting Compatibility Index G for Consistency Analysis,"Garuti, Claudio; Mu, Enrique",2025,MATHEMATICS,10.3390/math13162666,https://www.webofscience.com/wos/woscc/full-record/WOS:001558076200001,off-topic-false-hit,"Consistency indices quantify the degree of transitivity and proportionality violations in a pairwise comparison matrix (PCM), forming a cornerstone of the Analytic Hierarchy Process (AHP) and Analytic Network Process (ANP). Several methods have been proposed to compute consistency, including those based on the maximum eigenvalue, dot product, Jaccard index, and the Bose index. However, these methods often overlook two critical aspects: (i) vector projection or directional alignment, and (ii) the weight or importance of individual elements within a pointwise evaluative structure. The first limitation is particularly impactful. Adjustments made during the consistency improvement process affect the final priority vector disproportionately when heavily weighted elements are involved. Although consistency may improve numerically through such adjustments, the resulting priority vector can deviate significantly, especially when the true vector is known. This indicates that approaches neglecting projection and weighting considerations may yield internally consistent yet externally incompatible vectors, thereby compromising the validity of the analysis. This study builds on the idea that consistency and compatibility are intrinsically related; they are two sides of the same coin and should be considered complementary. To address these limitations, it introduces a novel metric, the Consistency Index G (CI-G) based on the compatibility index G. This measure evaluates how well the columns of a PCM align with its principal eigenvector, using CI-G as a diagnostic component. The proposed approach not only refines consistency measurement but also enhances the accuracy and reliability of derived priorities.",wos,llm,1.000,unreviewed,,doi:10.3390/math13162666
