status,title,authors,year,venue,doi,url,tags,abstract,provider,decision_source,llm_confidence,llm_review_outcome,llm_change_direction,paper_id
discarded,Digital Twin Based Health Monitoring of Converter in Grid Integrated PV Systems Using State Space Modeling and Advanced Control and Optimization Techniques,K. Dutt,2026,IEEE Transactions on Industry Applications,10.1109/TIA.2025.3623079,https://www.scopus.com/inward/record.uri?partnerID=HzOxMe3b&scp=105019579700&origin=inward,off-topic-false-hit,"This research examines the application of an emerging technology known as the Digital Twin (DT) for the real-time health assessment of diverse grid-integrated photovoltaic (PV) system components. This study outlines the conception process, mathematical representation, and experimental validation of the newly constructed digital twin. The Digital Twin (DT) operates in conjunction with the physical system hardware, serving as an accurate mathematical model that offers insights for monitoring and regulation based on data obtained from the hardware’s sensors. An innovative Rank-based Adaptive Artificial Electric Field Optimization (RAAEFO) algorithm is employed to match data gathered from the digital model with sensor readings from the actual system for data analysis. This paper introduces a novel Unit Vector Integrated Power Efficient Multi Constraint-Model Predictive Control (UVIPEMC-MPC) methodology utilizing Adaptive Robust Cascaded Second-Order Generalized Integrator (AR-CSOGI) for regulating the transformation of energy within the specified system across multiple scenarios of operation. The computing environment utilized to execute the defined DT paradigm is OPAL-RT (OP4512). LABVIEW is utilized to execute the hardware prototype setup, operating on the NIsbRIO-9636 FPGA control board. Health depreciation evaluations of system components, including converter switches, interface inductors, and DC link capacitors, are conducted by assessing the effects of deterioration on various system characteristics. The efficacy of the created DT is assessed under multiple degradation levels. The recommended approach is executed on the hardware test product of the grid-integrated solar module.",scopus,llm,1.000,unreviewed,,doi:10.1109/tia.2025.3623079
discarded,Teaching an introductory course on parallel and distributed computing: A case study using OpenMP and MPI APIs in Jordan,A. Qawasmeh,2026,Aip Conference Proceedings,10.1063/5.0318221,https://www.scopus.com/inward/record.uri?partnerID=HzOxMe3b&scp=105031589575&origin=inward,adjacent-subtopic,,scopus,llm,0.950,unreviewed,,doi:10.1063/5.0318221
discarded,A StarUML Plugin to Support Learning of SOLID Principles through UML Class Diagram Verification,O. Picus,2026,International Conference on Computer Supported Education Csedu Proceedings,10.5220/0014660100004021,https://www.scopus.com/inward/record.uri?partnerID=HzOxMe3b&scp=105045070451&origin=inward,adjacent-subtopic,": While being one of the most important phases within the software development life cycle, software design and its various guidelines such as the SOLID principles pose learning difficulties for students, due to their high levels of abstraction. Therefore, the goal of this paper is to propose a tool for assisting students in better understanding the SOLID principles. In order to achieve our objective, we have implemented a StarUML plugin which automatically verifies these principles in the Unified Modeling Language (UML) class diagrams developed by the students. We evaluated our implementation from multiple perspectives, with direct feedback about the tool from a group of educators and through questionnaires pre-and post-use of the plugin, assessing students’ self-perceived understanding. The educators responded positively to the plugin, recognizing its potential for integration with other teaching materials. In addition, with the exception of Single Responsibility Principle, we have observed statistically significant improvements in students’ understanding, with them now being able to analyze and evaluate these principles. This demonstrates the tool’s capabilities of fostering critical thinking and illustrating the concepts behind the principles, such as abstraction or encapsulation.",scopus,llm_reviewed,0.870,changed,kept->discarded,doi:10.5220/0014660100004021
discarded,AI-Driven Framework for Enhancing Understanding of Object-Oriented Programming Concepts Among Novice Learners,J. Dominguez,2026,Communications in Computer and Information Science,10.1007/978-981-92-0202-7_8,https://www.scopus.com/inward/record.uri?partnerID=HzOxMe3b&scp=105041213051&origin=inward,adjacent-subtopic,,scopus,llm,0.620,unreviewed,,doi:10.1007/978-981-92-0202-7_8
discarded,AI-Powered Student Learning Assistant,A. Kalal,2026,2026 International Conference on Emerging Technologies and Future Innovations Etfi 2026,10.1109/ETFI68128.2026.11484083,https://www.scopus.com/inward/record.uri?partnerID=HzOxMe3b&scp=105040734846&origin=inward,adjacent-subtopic,,scopus,llm,0.750,unreviewed,,doi:10.1109/etfi68128.2026.11484083
discarded,Environmental and Genetic Perturbations of the Sperm Epigenome,A. de la Iglesia,2026,Advances in Experimental Medicine and Biology,10.1007/978-3-032-18376-7_7,https://www.scopus.com/inward/record.uri?partnerID=HzOxMe3b&scp=105037331630&origin=inward,off-topic-false-hit,,scopus,llm,0.990,unreviewed,,doi:10.1007/978-3-032-18376-7_7
discarded,Reframing metabolic disease prevention through the preconception window,Y. Zhang,2026,Trends in Endocrinology and Metabolism,10.1016/j.tem.2026.04.002,https://www.scopus.com/inward/record.uri?partnerID=HzOxMe3b&scp=105037047264&origin=inward,off-topic-false-hit,,scopus,llm,1.000,unreviewed,,doi:10.1016/j.tem.2026.04.002
discarded,The Subjectivity and Conformity Issues in Contemporary Practices of Algorithmic Creativity,T. Sovhyra,2026,Journal of Urban Culture Research,10.14456/jucr.2026.7,https://www.scopus.com/inward/record.uri?partnerID=HzOxMe3b&scp=105042635222&origin=inward,off-topic-false-hit,,scopus,llm,0.990,unreviewed,,doi:10.14456/jucr.2026.7
discarded,Collaborative Robots (Cobots) in Hyperautomation,B. Boaz,2026,Implementing Hyper Automation Strategies Best Practices and Case Studies,10.2174/9798898813000126010010,https://www.scopus.com/inward/record.uri?partnerID=HzOxMe3b&scp=105031193493&origin=inward,off-topic-false-hit,"Cobots revolutionize industrial operations as part of hyperautomation because they allow humans to work with robots without disruption. The chapter explains that cobots provide superior safety mechanisms in addition to adjustable capabilities and simple programming interfaces, which allows them to operate with human operators instead of replacing them. This chapter examines cobot development since the conception of cobots in the 1990s, including their deployment in Industry 5.0- driven smart factories. Owing to rapid advancements in Artificial Intelligence (AI), Machine Learning (ML), 5G technology, and the Internet of Things (IoT), collaborative robots or cobots have evolved into smart, autonomous systems. They can now handle complex tasks on their own, streamline workflows, and enhance workplace safety such as never before. This chapter explains human‒cobot collaborative modes, including autonomous, progressive, concurrent, and supportive modes, and highlights their implementation in the food, plastics, electronics, pharmaceuticals, and automotive industries. In addition to presenting implementation challenges, this chapter evaluates workforce adaptation, ethical dilemmas, and standard requirements while outlining directions for cognitive and socially aware robotic systems. This research highlights how AI-powered cobots lay the foundation for modern industrial automation by offering scalable, sustainable, and intelligent solutions that enhance the efficiency of today’s industrial systems.",scopus,llm,0.990,unreviewed,,doi:10.2174/9798898813000126010010
discarded,Case study: creating an ‘AI for Academic Writing Skills’ induction session for postgraduate life science courses,J. Carter,2025,Emerging Topics in Life Sciences,10.1042/ETLS20253026,https://www.scopus.com/inward/record.uri?partnerID=HzOxMe3b&scp=105025171827&origin=inward,off-topic-false-hit,"Student use of generative artificial intelligence (GenAI) technology in university is as ubiquitous as it is controversial, and students and staff need guidance on how to use it effectively, responsibly, ethically and critically. In this case study, we present the conception, design and evaluation of a pilot 'AI for Academic Writing Skills' induction session designed for postgraduate taught (PGT) students in Medical Sciences. The induction session was designed by an institution-wide collaboration between Master of Science (MSc) programme directors, senior learning technologists and senior business technologists in AI competency to provide approximately 100 PGT students with structured, practical training on ethical GenAI use in academic writing. To ensure equitable access for all students in the pilot, this initiative integrated ChatGPT4 via a paid application programming interface into the institution's virtual learning environment, Canvas, ensuring all the students had access to the latest version of the chatbot. Evaluation of the 'AI for Academic Writing Skills' induction session demonstrated that 100% of survey respondents rated the training positively, 86% found the academic writing lecture beneficial, and 100% found the lecture on general GenAI skills helpful. Furthermore, 82% appreciated interacting with the chatbot in group work, and 70% reported significantly reduced uncertainty about using GenAI in their academic work. This case study details our approach, which first surveyed students to assess current levels of engagement and confidence with GenAI tools. Based on these findings, we developed a scalable, evidence-based induction session on the ethical use of GenAI in academic writing. This report describes the process of creating this training, its impact on student confidence, and our reflections on how we will continue to refine the programme in future academic years.",scopus,llm,0.990,unreviewed,,doi:10.1042/etls20253026
discarded,Programming of the endometrial immune milieu by interferon gamma during early pregnancy in pigs,M. Sponchiado,2025,Biology of Reproduction,10.1093/biolre/ioaf221,https://www.scopus.com/inward/record.uri?partnerID=HzOxMe3b&scp=105025059291&origin=inward,off-topic-false-hit,"Release of interferon-gamma (IFNG), a pro-inflammatory type II interferon, by the early conceptus is critical for pregnancy establishment in the pig. Yet, the cellular and molecular mechanisms underpinning conceptus-derived IFNG actions in maternal peripheral immune cells and at the embryo-maternal interface remain unclear. Here we show that pregnancy status up-regulates expression of IRF1, an IFNG target-gene, in peripheral blood mononuclear cells on day 15 of pregnancy in the pig. In a second study, loss-of-function IFNG (IFNG-/-) embryos were generated by using CRISPR/Cas9 gene editing and somatic cell nuclear transfer. Single-nuclei RNA sequencing of endometrium from gilts carrying wild-type (Control) or IFNG-/- conceptuses on day 15 of pregnancy revealed cell-type-specific signatures at the embryo-maternal interface in response to conceptus IFNG. Changes in the transcriptome of epithelial and IFNG receptor-expressing immune cells were evident between Control and IFNG-/- samples, along with a downregulation of IFNG target-genes involved in chemotaxis and immune cell differentiation in IFNG-/- recipient endometria. A notable reduction in monocytes and macrophages was observed in IFNG-/- samples, confirmed by immunohistochemistry for AIF1. Differential gene expression (DEG) analysis revealed 391 DEGs in monocytes, implicating IFNG in macrophage polarization, with evidence suggesting a shift toward an M2 phenotype. The study concludes that conceptus IFNG plays an important role in monocyte recruitment and macrophage polarization at the embryo-maternal interface for regulation of inflammation upon conceptus attachment. Insufficient numbers or skewed IFNG-activated macrophages within the endometrium may contribute to pregnancy failure in the IFNG-/- pig model.",scopus,llm,1.000,unreviewed,,doi:10.1093/biolre/ioaf221
discarded,A ChatGPT-based dynamic assessment chatbot,Y.T. Chuang,2025,Journal of Computer Languages,10.1016/j.cola.2025.101366,https://www.scopus.com/inward/record.uri?partnerID=HzOxMe3b&scp=105017117023&origin=inward,adjacent-subtopic,"Research on information tools for learning support is abundant, with many studies integrating natural language analysis and chatbots. However, existing research still struggles to provide differentiated instructional guidance tailored to the varying levels of student understanding. Therefore, this study introduces a chatbot named ChatDAC designed as educational material for university programming classes. The system utilizes a GPT-4 model, the same model as ChatGPT, to progressively provide learners with tiered hints based on categorized response types representing different levels of understanding during practice sessions, rather than solely assessing right or wrong answers conventionally. Analysis of the data revealed a significant increase in average post-test scores compared to pre-test scores for all participants, indicating that ChatDAC effectively enhances students' programming skills. Additionally, a notable positive correlation was found between the proportion of positive responses and post-test scores. Finally, insights from questionnaires and interviews with students about ChatDAC were gathered, along with suggestions for future improvements.",scopus,llm,0.920,unreviewed,,doi:10.1016/j.cola.2025.101366
discarded,Dad's Diet Shapes the Future: How Paternal Nutrition Impacts Placental Development and Childhood Metabolic Health,D.A. Skerrett-Byrne,2025,Molecular Nutrition and Food Research,10.1002/mnfr.70261,https://www.scopus.com/inward/record.uri?partnerID=HzOxMe3b&scp=105014957329&origin=inward,off-topic-false-hit,"Early‐life programming is a major determinant of lifelong metabolic health, yet current preventive strategies focus almost exclusively on maternal factors. Emerging experimental and preclinical data reveal that a father's diet before conception, particularly high‐fat intake, also shapes offspring physiology. Here, we synthesize the latest evidence on how such diets remodel the sperm epigenome during two discrete windows of vulnerability: (i) testicular spermatogenesis, via DNA methylation and histone modifications, and (ii) post‐testicular epididymal maturation, where small non‐coding RNAs are selectively gained. We examine how these epigenetic signals influence pregnancy, placental development, and ultimately, metabolic trajectories in progeny. To extend published work, we sourced publicly available diet‐induced sperm epigenome datasets and provide new potential connections of these changes to genes governing placental development, vascularization and size using the International Mouse Phenotyping Consortium data. Moreover, we further interrogate these overlaps with intricate in‐silico analyses to examine their potential consequences. To foster meaningful interactions with these findings, we have developed a web application for ease (ShinySpermPlacenta). Collectively, these findings support a biparental model of preconception care and position the sperm epigenome as a promising tractable biomarker platform for personalized paternal nutrition counselling aimed at improving fertility and reducing intergenerational metabolic disease risk.",scopus,llm,1.000,unreviewed,,doi:10.1002/mnfr.70261
discarded,Developing and Evaluating a Digital Pathology Platform for Veterinary Students: A Case Study in Romania,B.G. Fuerea,2025,Veterinary Sciences,10.3390/vetsci12080769,https://www.scopus.com/inward/record.uri?partnerID=HzOxMe3b&scp=105014280666&origin=inward,off-topic-false-hit,"Simple Summary Many veterinary students benefit from innovative teaching tools that enhance their learning experience, especially in complex subjects such as pathology, where visual study materials are essential. Inspired by the potential of digital resources to support and motivate students, we developed an affordable digital platform that provides permanent, 24/7 access to high-quality virtual slides on students’ own devices. This platform was introduced to evaluate how greater flexibility and accessibility influence students’ engagement and understanding. Feedback showed that students valued the opportunity to study at their own pace and found the digital slides helpful in clarifying challenging concepts. They also reported increased motivation. This study highlights how integrating digital tools can enrich veterinary education and support students in building deeper knowledge and skills. Such approaches contribute to advancing the quality and inclusiveness of veterinary training, preparing future veterinarians for success.",scopus,llm,1.000,unreviewed,,doi:10.3390/vetsci12080769
discarded,International Symposium on Ruminant Physiology: Developmental epigenetics—Understanding genetic and sexually dimorphic responses to parental diet and outcomes following assisted reproduction,K.D. Sinclair,2025,Journal of Dairy Science,10.3168/jds.2024-25811,https://www.scopus.com/inward/record.uri?partnerID=HzOxMe3b&scp=105008319354&origin=inward,off-topic-false-hit,"The developmental integrity and wellbeing of offspring are influenced by events that occur in utero, particularly around the time of conception. While extraneous factors such as environmental temperature and exposure to environmental chemicals can each have a bearing on these events, the epigenetic mechanisms that direct cellular differentiation during early development in ruminants are best described for studies which have investigated the effects of parental nutrition or pregnancy outcomes following assisted reproduction. In this article the case is made that the genetic constitution of an individual directs epigenetic responses to environmental stimuli, and consideration in this regard is also given to the origins of sexual dimorphism and mechanisms of germline intergenerational inheritance. These aspects are considered in the context of epigenetic modifications that take place during the normal course of gametogenesis and embryogenesis, and again following either dietary or procedural interventions such as embryo culture. A recurring feature of such interventions, irrespective of species, is that one carbon metabolic pathways are invariably disrupted, and this affects the provision of methyl groups for chromatin and RNA methylation. Inter-specific variation in how these pathways operate, both within the liver and in germ cells, indicates that ruminants may be particularly sensitive in this regard. Recent advances in genomic technologies should enable rapid progress in these areas. Knowledge gained can be integrated into breed improvement programs and used to tailor management practices to specific breeds and strains (including sexes) within breeds. Ultimately, consideration should be given to integrating metagenomics into analyses of genetic-directed epigenetic programming of animal development.",scopus,llm,1.000,unreviewed,,doi:10.3168/jds.2024-25811
discarded,Design and Implementation of a Musical System for the Development of Creative Activities Through Electroacoustics in Educational Contexts,E. Peris,2025,Signals,10.3390/signals6020016,https://www.scopus.com/inward/record.uri?partnerID=HzOxMe3b&scp=105008924055&origin=inward,off-topic-false-hit,"In the field of music education, the incorporation of technology originally designed for professionals presents both significant opportunities and challenges. These technologies, although advanced and powerful, are often not adapted to meet the specific needs of the educational environment. Therefore, this study details the design and implementation process of a system consisting of a hardware device called “Play Box” and associated software “Imaginary Play Box”. The design sciences research methodology (DSRM) specifically adapted to software development was used to structure the project. The three phases shown in this study ranged from the conception of an initial prototype to the realisation of working software. During the design phase, a questionnaire was developed to evaluate various aspects of the software, such as the visual interface, the programming of components, and the sound interactivity provided by the Play Box. The technique of panels of experts in music pedagogy and programming in MAX-MSP was used to obtain critical feedback. This expert evaluation was crucial to iterate and polish the process of iteration and refining the software, culminating in a beta version optimised for the creation of electroacoustic music for music education.",scopus,llm,0.990,unreviewed,,doi:10.3390/signals6020016
discarded,A Multi-Aspect Visualization Framework for Advancing STEM Pedagogy and SDG4: Digital India's Computer Science OLabs,J. Swaminathan,2025,SN Computer Science,10.1007/s42979-025-03735-6,https://www.scopus.com/inward/record.uri?partnerID=HzOxMe3b&scp=105000036864&origin=inward,adjacent-subtopic,,scopus,llm,0.830,unreviewed,,doi:10.1007/s42979-025-03735-6
