status,title,authors,year,venue,doi,url,tags,abstract,provider,decision_source,llm_confidence,llm_review_outcome,llm_change_direction,paper_id
discarded,Ways of Experiencing the Act of Learning to Program: A Phenomenographic Study of Introductory Programming Students at University,Christine Susan Bruce; Lawrence Buckingham; John Hynd; Camille A. McMahon; Mike Roggenkamp; Ian D. Stoodley,2004,Journal of Information Technology Education Research,10.28945/294,https://openalex.org/W1522895577,adjacent-subtopic,"An international association advancing the multidisciplinary study of informing systems. Founded in 1998, the Informing Science Institute (ISI) is a global community of academics shaping the future of informing science.",openalex,llm,0.980,unreviewed,,doi:10.28945/294
discarded,"How to measure wisdom: content, reliability, and validity of five measures",Judith Glück; Susanne König; Katja Naschenweng; Uwe Redzanowski; Lara Dorner; Irene Straßer; Wolfgang Wiedermann,2013,Frontiers in Psychology,10.3389/fpsyg.2013.00405,https://openalex.org/W2046086527,off-topic-false-hit,"Wisdom is a field of growing interest both inside and outside academic psychology, and researchers are increasingly interested in using measures of wisdom in their work. However, wisdom is a highly complex construct, and its various operationalizations are based on quite different definitions. Which measure a researcher chooses for a particular research project may have a strong influence on the results. This study compares four well-established measures of wisdom-the Self-Assessed Wisdom Scale (Webster, 2003, 2007), the Three-Dimensional Wisdom Scale (Ardelt, 2003), the Adult Self-Transcendence Inventory (Levenson et al., 2005), and the Berlin Wisdom Paradigm (Baltes and Smith, 1990; Baltes and Staudinger, 2000)-with respect to content, reliability, factorial structure, and construct validity (relationships to wisdom nomination, interview-based wisdom ratings, and correlates of wisdom). The sample consisted of 47 wisdom nominees and 123 control participants. While none of the measures performed ""better"" than the others by absolute standards, recommendations are given for researchers to select the most suitable measure for their substantive interests. In addition, a ""Brief Wisdom Screening Scale"" is introduced that contains those 20 items from the three self-report scales that were most highly correlated with the common factor across the scales.",openalex,llm,1.000,unreviewed,,doi:10.3389/fpsyg.2013.00405
discarded,Learning Portals: Analyzing Threshold Concept Theory for LIS Education.,Virginia M. Tucker; Judith Weedman; Christine Susan Bruce; Sylvia Lauretta Edwards,2014,QUT ePrints (Queensland University of Technology),,https://openalex.org/W1532651906,adjacent-subtopic,"This paper explores the theoretical framework of threshold concepts and its potential for LIS education. Threshold concepts are key ideas, often troublesome and counter-intuitive, that are critical to profound understanding of a domain. Once understood, they allow mastery of significant aspects of the domain, opening up new, previously inaccessible ways of thinking. The paper is developed in three parts. First, threshold concept theory is introduced and studies of its use in higher education are described, including emergent work related to LIS. Second, results of a recent study on learning experiences integral to learning to search are presented along with their implications for search expertise and search education, forming a case illustration of what threshold concept theory may contribute to this and other areas of LIS education. Third, the potential of threshold concept theory for LIS education is discussed. The paper concludes that threshold concept theory has much to offer LIS education, particularly for researching critical concepts and competencies, and considerations for a research agenda are put forth.",openalex,llm,0.990,unreviewed,,hash:39990b0eceb45475
discarded,An analysis of security issues for cloud computing,Keiko Hashizume; David G. Rosado; Eduardo Fernández‐Medina; Eduardo B. Fernández,2013,Journal of Internet Services and Applications,10.1186/1869-0238-4-5,https://openalex.org/W2112967367,off-topic-false-hit,"Cloud Computing is a flexible, cost-effective, and proven delivery platform for providing business or consumer IT services over the Internet. However, cloud Computing presents an added level of risk because essential services are often outsourced to a third party, which makes it harder to maintain data security and privacy, support data and service availability, and demonstrate compliance. Cloud Computing leverages many technologies (SOA, virtualization, Web 2.0); it also inherits their security issues, which we discuss here, identifying the main vulnerabilities in this kind of systems and the most important threats found in the literature related to Cloud Computing and its environment as well as to identify and relate vulnerabilities and threats with possible solutions.",openalex,llm,1.000,unreviewed,,doi:10.1186/1869-0238-4-5
discarded,A phenomenographic approach on teacher conceptions of teaching Artificial Intelligence (AI) in K-12 schools,King Woon Yau; Ching Sing Chai; Thomas K. F. Chiu; Helen Meng; Irwin King; Yeung Yam,2022,Education and Information Technologies,10.1007/s10639-022-11161-x,https://openalex.org/W4285587929,adjacent-subtopic,"Abstract Artificial intelligence (AI) education for K-12 students is an emerging necessity, owing to the rapid advancement and deployment of AI technologies. It is essential to take teachers’ perspectives into account when creating ecologically valid AI education programmes for K-12 settings. However, very few studies investigated teacher perception of AI education. Phenomenography is an empirical research method that was widely used to understand teacher’s interpretive understanding of new phenomenon, in this study, the teaching of AI in secondary school. Therefore, the present study investigated teachers’ conceptions of teaching AI using a phenomenographic approach. Twenty-eight in-service teachers from 17 secondary schools in Hong Kong were invited to participate in an interview after implementing an AI curriculum. Six categories of teacher conceptions were identified: (1) technology bridging, (2) knowledge delivery, (3) interest stimulation, (4) ethics establishment, (5) capability cultivation, and (6) intellectual development. The hierarchical relationships of the six concepts were organised as an outcome space. The space shows a range of surface to deep conceptions and offers an understanding of how teachers perceive AI education through their teaching experience. Two learning paths have been suggested for cultivating technical and non-technical teachers for teaching AI. These learning paths provide insights for teacher educators and policymakers to enhance teachers’ competence in teaching AI and promote general AI education for K-12 students.",openalex,llm,0.980,unreviewed,,doi:10.1007/s10639-022-11161-x
kept,What makes the difference? An empirical comparison of critical aspects identified in phenomenographic and variation theory analyses,Mona Holmqvist; Per Selin,2019,Humanities and Social Sciences Communications,10.1057/s41599-019-0284-z,https://openalex.org/W2959346724,qualifies-claim; method,"Abstract This study investigated differences and similarities in outcomes of analyses based on phenomenography and variation theory. We used the same data for both analyses to highlight the assumptions of each approach. Participants were 198 students (grades 7–9) who provided written answers to the question ‘What is learning?’. The phenomenographic analysis identified qualitatively different categories representing different ways participants’ conceptualised learning, separated by critical aspects that distinguished each category. This analysis found six categories, seeing learning as: extended skills, process, investment, feelings, object-knowledge, relationships, and feelings. The variation theory analysis identified aspects constituting the object of learning, with critical aspects being those not yet discerned by the learner. Aspects and features identified in this analysis were: learner (skills, abilities, pre-knowledge, attitudes), learning activities (brain, listen, repeat, practicing), learning source (teacher, school, learning materials, friends, Internet, places/persons outside school), content/object of learning (facts, information, activity), and outcomes (job, enhanced future, development, performance, widening knowledge). Aspects and features not yet discerned are critical, and must be made discernable for the learner to enhance their understanding. This use of critical aspects differs from phenomenography, in which critical aspects identified qualitatively different ways of seeing learning (i.e., categories of collective experiences). In variation theory, aspects (dimensions) and features (values of the dimension) relate to individuals’ understanding in specific contexts (e.g., a school class). A major difference between phenomenography and variation theory is the perspective of collective- and individual-expressed discernments. In phenomenography, a person may belong to several categories, whereas in variation theory, the aspects an individual has discerned reflect the way that person understands the phenomenon. This means the outcome of variation theory can be used to design and test the outcome of instruction, whereas the outcome of phenomenography provides information about general assumptions of how a phenomenon can be discerned.",openalex,llm_reviewed,0.980,confirmed,,doi:10.1057/s41599-019-0284-z
discarded,Quantile regression for longitudinal data,Roger W. Koenker,2004,Journal of Multivariate Analysis,10.1016/j.jmva.2004.05.006,https://openalex.org/W1981463702,off-topic-false-hit,"The penalized least squares interpretation of the classical random effects estimator suggests a possible way forward for quantile regression models with a large number of “fixed effects”. The introduction of a large number of individual fixed effects can significantly inflate the variability of estimates of other covariate effects. Regularization, or shrinkage of these individual effects toward a common value can help to modify this inflation effect. A general approach to estimating quantile regression models for longitudinal data is proposed employing ℓ1 regularization methods. Sparse linear algebra and interior point methods for solving large linear programs are essential computational tools.",openalex,llm,1.000,unreviewed,,doi:10.1016/j.jmva.2004.05.006
discarded,Critical Aspects of Electric Motor Drive Controllers and Mitigation of Torque Ripple—Review,Deepak Mohanraj; Janaki Gopalakrishnan; C. Bharatiraja; Lucian Mihet‐Popa,2022,IEEE Access,10.1109/access.2022.3187515,https://openalex.org/W4285131136,off-topic-false-hit,"Electric vehicles (EVs) are playing a vital role in sustainable transportation. It is estimated that by 2030, Battery EVs will become mainstream for passenger car transportation. Even though EVs are gaining interest in sustainable transportation, the future of EV power transmission is facing vital concerns and open research challenges. Considering the case of torque ripple mitigation and improved reliability control techniques in motors, many motor drive control algorithms fail to provide efficient control. To efficiently address this issue, control techniques such as Field Orientation Control (FOC), Direct Torque Control (DTC), Model Predictive Control (MPC), Sliding Mode Control (SMC), and Intelligent Control (IC) techniques are used in the motor drive control algorithms. This literature survey exclusively compares the various advanced control techniques for conventionally used EV motors such as Permanent Magnet Synchronous Motor (PMSM), Brushless Direct Current Motor (BLDC), Switched Reluctance Motor (SRM), and Induction Motors (IM). Furthermore, this paper discusses the EV-motors history, types of EV-motors, EV-motor drives powertrain mathematical modelling, and design procedure of EV-motors. The hardware results have also been compared with different control techniques for BLDC and SRM hub motors. Future direction towards the design of EV by critical selection of motors and their control techniques to minimize the torque ripple and other research opportunities to enhance the performance of EVs are also presented.",openalex,llm,1.000,unreviewed,,doi:10.1109/access.2022.3187515
discarded,Testing Intrusion detection systems,John McHugh,2000,ACM Transactions on Information and System Security,10.1145/382912.382923,https://openalex.org/W1988918299,off-topic-false-hit,"In 1998 and again in 1999, the Lincoln Laboratory of MIT conducted a comparative evaluation of intrusion detection systems (IDSs) developed under DARPA funding. While this evaluation represents a significant and monumental undertaking, there are a number of issues associated with its design and execution that remain unsettled. Some methodologies used in the evaluation are questionable and may have biased its results. One problem is that the evaluators have published relatively little concerning some of the more critical aspects of their work, such as validation of their test data. The appropriateness of the evaluation techniques used needs further investigation. The purpose of this article is to attempt to identify the shortcomings of the Lincoln Lab effort in the hope that future efforts of this kind will be placed on a sounder footing. Some of the problems that the article points out might well be resolved if the evaluators were to publish a detailed description of their procedures and the rationale that led to their adoption, but other problems would clearly remain./par>",openalex,llm,1.000,unreviewed,,doi:10.1145/382912.382923
discarded,Repeatability and predictive value of lactate threshold concepts in endurance sports,Jules A. A. C. Heuberger; Pim Gal; Frederik E. Stuurman; Wouter A. S. de Muinck Keizer; Yuri Mejia Miranda; Adam F. Cohen,2018,PLoS ONE,10.1371/journal.pone.0206846,https://openalex.org/W2901659139,off-topic-false-hit,"INTRODUCTION: Blood lactate concentration rises exponentially during graded exercise when muscles produce more lactate than the body can remove, and the blood lactate-related thresholds are parameters based on this curve used to evaluate performance level and help athletes optimize training. Many different concepts of describing such a threshold have been published. This study aims to compare concepts for their repeatability and predictive properties of endurance performance. METHODS: Forty-eight well-trained male cyclists aged 18-50 performed 5 maximal graded exercise tests each separated by two weeks. Blood lactate-related thresholds were calculated using eight different representative concepts. Repeatability of each concept was assessed using Cronbach's alpha and intra-subject CV and predictive value with 45 minute time trial tests and a road race to the top of Mont Ventoux was evaluated using Pearson correlations. RESULTS: Repeatability of all concepts was good to excellent (Cronbach's alpha of 0.89-0.96), intra-subject CVs were low with 3.4-8.1%. Predictive value for performance in the time trial tests and road race showed significant correlations ranging from 0.65-0.94 and 0.53-0.76, respectively. CONCLUSION: All evaluated concepts performed adequate, but there were differences between concepts. One concept had both the highest repeatability and the highest predictability of cycling performance, and is therefore recommended to be used: the Dmax modified method. As an easier to apply alternative, the lactate threshold with a fixed value of 4 mmol/L could be used as it performed almost as well. TRIAL REGISTRATION: Dutch Trial Registry NTR5643.",openalex,llm,1.000,unreviewed,,doi:10.1371/journal.pone.0206846
discarded,Threshold Concepts and Introductory Electronics,Jonathan  Brereton Scott; Ann Harlow; Mira Peter; Bronwen Cowie,2010,Research Commons (University of Waikato),,https://openalex.org/W2141204274,adjacent-subtopic,"Electronics and circuit theory are acknowledged as troublesome subjects when \nfirst introduced to students. This leads to low student retention into later electronics courses, especially in universities that offer a common first year where students are free to change streams after the first year. We report on a detailed study of the application of Threshold Concept Theory to an introductory electronics course. We identify some Threshold Concepts, explicit and tacit. We postulate that a high density of Threshold Concepts accounts for the reputation for troublesome learning in, and low retention following, these courses. We further suggest that the bimodal distribution of marks that is commonly observed in electronics teaching is a hallmark of a Thresold Concept. This may have significant impact on assessment.",openalex,llm,0.990,unreviewed,,hash:1c82abe85da32cb1
discarded,Navigating Learning Journeys of Online Teachers: Threshold Concepts and Self-efficacy,Maria T Northcote; Kevin P. Gosselin; Daniel Reynaud; Peter W Kilgour; Malcolm Ikin Anderson,2015,,,https://openalex.org/W1834373679,adjacent-subtopic,"Higher education institutions are developing more and more online courses to supplement and augment the courses they offer in on-campus modes. In fact, some universities now offer the majority of their courses through online contexts. However, for academic staff who design and teach these courses, the transition from teaching on-campus courses to teaching in online learning environments is not always speedy or smooth. Academic teaching staff require support, mentoring and professional learning programs to develop their existing capacities and apply them to an online context. This paper reports on Phase 2 of a research project, which takes into consideration the cumulative effect of tailored professional development measures implemented in response to findings in Phase 1. The three aims were: 1) to identify the threshold concepts that teaching staff develop when they learn about online learning and teaching; 2) to compare self-efficacy levels and threshold concepts of staff who are experienced or inexperienced in online learning and teaching; and 3) to develop customised professional learning programs and resources to extend the online teaching and course design skills of academic staff. Findings from the study are outlined by identifying threshold concepts,",openalex,llm,0.980,unreviewed,,hash:1e8d2a425422e769
discarded,"The reality of STEM education, design and technology teachers’ perceptions: a phenomenographic study",Dawne Irving-Bell,2015,International Journal of Technology and Design Education,10.1007/s10798-015-9300-9,https://openalex.org/W2095071269,adjacent-subtopic,"The supply of highly qualified scientists, technologists, engineers and mathematicians is perceived by governments globally as being vital in securing economic prosperity, but somewhere along the line pupils are being ‘switched off’, and disengage with the study of science, technology, engineering and mathematics (STEM) beyond compulsory schooling. Improved STEM Education is presented as a way forward, and the supply of well qualified teachers is perceived as integral to achieving this vision. However in England and Wales, as government funded teacher training bursaries rise for those seeking to pursue a career in mathematics or science, funding for those wishing to train to teach engineering or design and technology is less lucrative. As individual disciplines both hold enormous potential to contribute to the STEM agenda, however currently this is not wholly realised. Set against a background of policy reform and curriculum change, this paper seeks to explore the ways teachers of design and technology perceive STEM, and how the range in variation of perception, relates to design and technology pedagogy. Phenomenography is the adopted methodology, and as such this paper explores participant’s pedagogical understanding and perceptions from a non-dualistic ontological stance. The primary research tool was interview, which following data analysis, categories of description were formed to create empirically grounded outcome spaces. Outcomes from this study show that teacher’s perception of STEM, their personal knowledge, and understanding of that knowledge, is intrinsically linked to the effectiveness of STEM delivery in their own classroom practice. In conclusion, findings from this study would support, in order for learners (pupils) to become STEM literate, that teachers of all STEM subjects be supported to explore ways in which they can best foster mutually reciprocal arrangements with their STEM counterparts.",openalex,llm,0.980,unreviewed,,doi:10.1007/s10798-015-9300-9
