status,title,authors,year,venue,doi,url,tags,abstract,provider,decision_source,llm_confidence,llm_review_outcome,llm_change_direction,paper_id
Background: While software development methodologies are a standard approach to structured and traceable problem solving in commercial software development, educational methodologies for inexperienced learners remain a neglected area of research due to their assumption of prior programming knowledge. This research aims to address this deficit by conducting an integrative review to produce a template for such a methodology.

Methodology: An integrative review was conducted on the key components of Teaching Software Development Education, Problem Solving, Threshold Concepts, and Computational Thinking. Systematic reviews were conducted on Computational Thinking and Software Development Education by employing the Preferred Reporting Items for Systematic Reviews and Meta-Analyses (PRISMA) process. Narrative reviews were conducted on Problem Solving and Threshold Concepts.

Contribution: This research provides a comprehensive analysis of problem solving, software development education, computational thinking, and threshold concepts in computing in the context of undergraduate software development education. It also synthesizes review findings from these four areas and combines them to form a research-based foundational template methodology for use by educators and researchers interested in software development undergraduate education.

Findings: This review identifies seven skills and four concepts required by novice learners. The skills include the ability to perform abstraction, data representation, decomposition, evaluation, mental modeling, pattern recognition, and writing algorithms. The concepts include state and sequential flow, non-sequential flow control, modularity, and object interaction. 

The teaching of these skills and concepts is combined into a spiral learning framework and is joined by four development stages to guide software problem solving: understanding the problem, breaking into tasks, designing, coding, testing, and integrating, and final evaluation and reflection. This produces the principal finding, which is a research-based foundational template for educational software development methodologies.

Recommendations for Practitioners: Focusing introductory undergraduate computing courses on a programming syllabus without giving adequate support to problem solving may hinder students in their attainment of development skills. Therefore, providing a structured methodology is necessary as it equips students with essential problem-solving skills and ensures they develop good development practices from the start, which is crucial to ensuring undergraduate success in their studies and beyond.

Recommendation for Researchers: The creation of educational software development methodologies with tool support is an under-researched area in undergraduate education. The template produced by this research can serve as a foundational conceptual model for researchers to create concrete tools to better support computing undergraduates.

Impact on Society: Improving the educational value and experience of software development undergraduates is crucial for society once they graduate. They drive innovation and economic growth by creating new technologies, improving efficiency in various industries, and solving complex problems.

Future Research: Future research should concentrate on using the template produced by this research to create a concrete educational methodology adapted to suit a specific programming paradigm, with an associated learning tool that can be used with first-year computing undergraduates. 

",scopus,llm,0.970,unreviewed,,doi:10.28945/5374
discarded,Path Planning for Autonomous Vacuum Cleaning Robot Using ROS,R.K. Megalingam,2024,Lecture Notes in Networks and Systems,10.1007/978-981-97-6684-0_29,https://www.scopus.com/inward/record.uri?partnerID=HzOxMe3b&scp=85215675640&origin=inward,off-topic-false-hit,,scopus,llm,1.000,unreviewed,,doi:10.1007/978-981-97-6684-0_29
discarded,An Approach for Precise Robotic Sanding Applications of Uneven Surfaces Based on Improved Point Cloud Registration Methods,X. Xu,2024,IEEE International Conference on Automation Science and Engineering,10.1109/CASE59546.2024.10711628,https://www.scopus.com/inward/record.uri?partnerID=HzOxMe3b&scp=85208217218&origin=inward,off-topic-false-hit,"In a robotic sanding operation, three critical aspects require attention: precise identification of the sanding locations, accurate calculation of the necessary sanding amount, and strategic planning for the robot’s sanding trajectory. We introduce a purely mathematical approach to achieve exceptionally precise detection of uneven surfaces under the millimeter level. Our approach entails capturing point cloud images from both sanded and unsanded objects. A best-fit method is employed to enhance the accuracy of Iterative Closest Point (ICP) method matching. The ICP method is then applied iteratively until a high level of accuracy is achieved. By implementing the Angle Criterion method the edge noise in the point cloud, which can arise due to misalignment, are filtered out. The point cloud data representing uneven surfaces is transformed into the robot’s base coordinate system to facilitate the preparation of the robotic sanding path planning. The concept was validated on a ceramic wash basin using a 3D camera, a laser line sensor, and a sensitive robot with the ability to perform force-controlled applications like sanding.",scopus,llm,1.000,unreviewed,,doi:10.1109/case59546.2024.10711628
discarded,Difficulties in Object-Oriented Design and its relationship with Abstraction: A Systematic Review of Literature,P.C. Flores,2023,ACM International Conference Proceeding Series,10.1145/3651640.3651643,https://www.scopus.com/inward/record.uri?partnerID=HzOxMe3b&scp=85198743510&origin=inward,adjacent-subtopic,"Object-oriented approach represents a different way of thinking about software development in terms of modularity and abstraction of concepts through the modeling of system components. Within this context, it is essential to address the challenges encountered by students and novices, who often struggle with fundamental object-oriented design concepts. Specifically, from a cognitive point of view, a notable deficiency lies in their grasp of abstraction—a fundamental cognitive pillar that supports software design. There is an evident need to refine research efforts to correct the lack of knowledge revealed by these difficulties in software design, specifically, those related to abstraction. To rectify this knowledge gap, it has been carried out a literature review through qualitative research that is based on the Kitchenham methodology. This study is dedicated to understanding and mitigating the difficulties that novice designers encounter when modeling software systems, with a particular focus on the concept of abstraction. Our research efforts led to the classification of difficulties in software design, as gleaned from the existing literature. Furthermore, we sought to elucidate the varying levels of abstraction perceived by different authors in this context. Among the identified challenges are students’ limited perception of classes as real-world entities, the transition from structural to object-oriented programming paradigms, and the navigation across different levels of abstraction. This study contributes to the field by shedding light on the specific challenges faced by novices in the realm of object-oriented design, with a particular emphasis on the critical aspect of abstraction.",scopus,llm,0.780,unreviewed,,doi:10.1145/3651640.3651643
discarded,Digital twin model-based smart assembly strategy design and precision evaluation for PCB kit-box build,X. Li,2023,Journal of Manufacturing Systems,10.1016/j.jmsy.2023.09.010,https://www.scopus.com/inward/record.uri?partnerID=HzOxMe3b&scp=85172373272&origin=inward,off-topic-false-hit,"Research concerning microelectronics assembly has attracted increasing attention from the manufacturing industry. In this context, achieving precise placement of the printed circuit board (PCB) inside the enclosure is the most critical aspect of the kit-box build assembly task. However, automating the PCB kit-box build assembly (PKBA) process remains a challenging work. This study presents a Digital Twin (DT) model that enables accurate perception of object pose for intelligent PKBA assembly, facilitating real-time monitoring and evaluation of its service status. In our system, a symmetry-drive method is proposed to optimize the initial pose in 6-DoF matching during DT assembly. Based on the developed technology, a three-stage learning method is established to achieve grasping point localization and robotic assembly trajectory planning. To ensure accurate and robust robot assembly, we developed a PKBA quality prediction model based on the DT system, which predicts the uncertainty of actual PCB assembly positioning by small displacement torsor (SDT) theory and Monte Carlo methods. Particularly, the assembly quality of the actual product is effectively monitored when the state of the virtual simulation model corresponds to the physical assembly object. Finally, a prototype system and a case study involving dexterous assembly tasks are conducted to verify the effectiveness and feasibility of the proposed method. The results indicate that the proposed PKBA strategy achieves an 82% assembly success rate. By employing well-designed strategies, our method ensures that the majority of errors are below 0.8 mm and 0.6 degrees.",scopus,llm,1.000,unreviewed,,doi:10.1016/j.jmsy.2023.09.010
discarded,"Pedestrian Detection and Tracking System Based on Deep-SORT, YOLOv5, and New Data Association Metrics",M. Razzok,2023,Information Switzerland,10.3390/info14040218,https://www.scopus.com/inward/record.uri?partnerID=HzOxMe3b&scp=85153681611&origin=inward,off-topic-false-hit,"Pedestrian tracking and detection have become critical aspects of advanced driver assistance systems (ADASs), due to their academic and commercial potential. Their objective is to locate various pedestrians in videos and assign them unique identities. The data association task is problematic, particularly when dealing with inter-pedestrian occlusion. This occurs when multiple pedestrians cross paths or move too close together, making it difficult for the system to identify and track individual pedestrians. Inaccurate tracking can lead to false alarms, missed detections, and incorrect decisions. To overcome this challenge, our paper focuses on improving data association in our pedestrian detection system’s Deep-SORT tracking algorithm, which is solved as a linear optimization problem using a newly generated cost matrix. We introduce a set of new data association cost matrices that rely on metrics such as intersections, distances, and bounding boxes. To evaluate trackers in real time, we use YOLOv5 to identify pedestrians in images. We also perform experimental evaluations on the Multiple Object Tracking 17 (MOT17) challenge dataset. The proposed cost matrices demonstrate promising results, showing an improvement in most MOT performance metrics compared to the default intersection over union (IOU) data association cost matrix.",scopus,llm,1.000,unreviewed,,doi:10.3390/info14040218
discarded,A ratcheting mechanism-based numerical model to predict damage initiation in twin-disc tests of premium rail steels,Y. Li,2023,Engineering Failure Analysis,10.1016/j.engfailanal.2023.107066,https://www.scopus.com/inward/record.uri?partnerID=HzOxMe3b&scp=85146564579&origin=inward,off-topic-false-hit,"This work presents a ratcheting mechanism-based numerical model to study the initiation loca-tion and initiation life of rolling contact fatigue (RCF) or wear damage and the initial wear rate of premium rail steels under the laboratory twin-disc test conditions. Twin-disc tests are widely used in the studies of rail steels due to their ability to reproduce critical aspects of full-scale wheel-on-rail contact under controlled conditions and a relatively short test period compared to field tests. This study introduces a computational model to simulate the cyclic rolling contact for three premium rail steels (HE1, HE2, and LAHT) against wheel steel AAR Class-C under twin-disc test conditions. The cyclic rolling contact is achieved by repeatedly moving a non-Hertzian distri-bution of contact pressure and the calculated longitudinal surface traction upon a segment of the circumferential surface of the lower disc until a stabilized maximum ratcheting strain rate is reached. The RCF or wear damage initiation location is determined by the location showing the stabilized maximum ratcheting strain rate, and the damage initiation life is estimated by applying the ratcheting failure mechanism. Wear and RCF damages are distinguished by the depth of the damage initiation location. Wear damage is dominant when the location is near the surface. Otherwise, the damage will be RCF-dominated. The initial wear rate due to wear-dominated damage is estimated by identifying a critical profile and affected volume of worn material within the ratcheting strain rate field. The predicted initial wear rate is compared with the experimental result of the examined contact pair. This research can assist in a more profound understanding of the experiment results of a twin-disc test and provide a numerical basis for an experimental twin-disc test design. Furthermore, it may provide significant references for choosing rail steels.",scopus,llm,1.000,unreviewed,,doi:10.1016/j.engfailanal.2023.107066
discarded,Astute Approach to Handling Memory Layouts of Regular Data Structures,A. Šmelko,2023,Lecture Notes in Computer Science Including Subseries Lecture Notes in Artificial Intelligence and Lecture Notes in Bioinformatics,10.1007/978-3-031-22677-9_27,https://www.scopus.com/inward/record.uri?partnerID=HzOxMe3b&scp=85148692977&origin=inward,off-topic-false-hit,,scopus,llm,0.990,unreviewed,,doi:10.1007/978-3-031-22677-9_27
discarded,Dynamic Stochastic Matching Under Limited Time,A. Aouad,2022,Operations Research,10.1287/opre.2022.2293,https://www.scopus.com/inward/record.uri?partnerID=HzOxMe3b&scp=85137167164&origin=inward,off-topic-false-hit,"In “Dynamic Stochastic Matching Under Limited Time,” Aouad and Sarıtaç analyze the design of matching policies in dynamic markets such as carpooling platforms and kidney exchange schemes. A crucial distinction with previous literature is that the agents’ arrivals and departures are fully dynamic. The demand and supply side are constantly replenished; each market participant remains available for potential matches during a limited period of time. Specifically, the authors formulate a general dynamic matching model over edge-weighted graphs, where the agents' arrivals and abandonments are stochastic and heterogeneous. The platform controls how long each agent waits and whom s/he is matched with. These decisions are subject to a fundamental tradeoff between increasing market thickness and mitigating the risk of abandonments from certain participants. The authors’ main contribution is to devise simple matching algorithms with strong performance guarantees for a broad class of networks. In contrast, they show that widely used batching algorithms have an arbitrary bad performance on certain graph-theoretic structures. Their analysis involves novel techniques including linear programming benchmarks, value function approximations, and proxies for continuous-time Markov chains, which may be of broader interest. Extensive simulations on real-world taxi demand data demonstrate that the newly developed algorithms can significantly improve cost efficiency against batching algorithms.",scopus,llm,1.000,unreviewed,,doi:10.1287/opre.2022.2293
discarded,"An extensive study of C-SMOTE, a Continuous Synthetic Minority Oversampling Technique for Evolving Data Streams",A. Bernardo,2022,Expert Systems with Applications,10.1016/j.eswa.2022.116630,https://www.scopus.com/inward/record.uri?partnerID=HzOxMe3b&scp=85124597667&origin=inward,off-topic-false-hit,"Streaming Machine Learning (SML) studies algorithms that update their models, given an unbounded and often non-stationary flow of data performing a single pass. Online class imbalance learning is a branch of SML that combines the challenges of both class imbalance and concept drift. In this paper, we investigate the binary classification problem by rebalancing an imbalanced stream of data in the presence of concept drift, accessing one sample at a time. We propose an extensive comparative study of Continuous Synthetic Minority Oversampling Technique (C-SMOTE), inspired by the popular sampling technique SMOTE, as a meta-strategy to pipeline with SML classification algorithms. We benchmark C-SMOTE pipelines on both synthetic and real data streams, containing different types of concept drifts, different imbalance levels, and different class distributions. We bring statistical evidence that models learnt with C-SMOTE pipelines improve the minority class performance concerning both the baseline models and the state-of-the-art methods. We also perform a sensitivity analysis to detect the C-SMOTE impact on the majority class performance for the three types of concept drift and several class distributions. Moreover, we show a computational cost analysis in terms of time and memory consumption.",scopus,llm,1.000,unreviewed,,doi:10.1016/j.eswa.2022.116630
discarded,Tailoring sheet resistance through laser fluence and study of the critical impact of a V-shaped plasma plume on the properties of PLD-deposited DLC films for micro-pattern gaseous detector applications,M. Cesaria,2022,Diamond and Related Materials,10.1016/j.diamond.2022.108909,https://www.scopus.com/inward/record.uri?partnerID=HzOxMe3b&scp=85124569441&origin=inward,off-topic-false-hit,"Diamond-like carbon (DLC) is an attractive inexpensive alternative to diamond. The control of the C (sp(3))/C(sp(2)) ratio, influencing the material properties, is fundamental for its use in dedicated applications like, for example, the fabrication of a particular class of gas detectors for ionizing particles termed Micro-Pattern Gaseous Detectors (MPGDs).

A deposition technique enabling control on the amount of C(sp(3)) hybridized bonds, hydrogen content and disorder is pulsed lased deposition (PLD).

In this paper, we report on the preparation of hydrogen-free DLC films by nanosecond excimer laser-based ablation of a graphite target correlating the laser fluence with the electrical properties of the DLC films to be used as protective resistive layers in MPGD detectors.

Moreover, unprecedented physical insight and discussion are provided about the critical aspects of both occurrence of a V-branched plume and its composition on the spatial distribution of C(sp(3)) bonds and film uniformity. Improvement strategies are demonstrated by comparing and discussing two classes of PLD experiments: ON-axis (coaxial plasma expansion axis and substrate symmetry axis) and OFF-axis (substrate-axis shifted with respect to the plume-axis and rotating substrate). Optimally working OFF-axis configuration conditions are shown to lead to fine tuning of resistivity and uniformity of composition of C(sp(3)) bonding over a few cm(2) extended areas. Sheet resistance (3.1 +/- 0.3) x 10(9) Omega/sq., corresponding to C(sp3) bonding concentration of similar to 86%, is reported in OFF-axis experiments at a fluence of 5.5 J/cm(2) onto kapton substrates which are used for the realization of MPGDs.",scopus,llm,1.000,unreviewed,,doi:10.1016/j.diamond.2022.108909
discarded,Object Detection for Autonomous Vehicles with Sensor-based Technology Using YOLO,N.M.A.A. Dazlee,2022,International Journal of Intelligent Systems and Applications in Engineering,10.18201/ijisae.2022.276,https://www.scopus.com/inward/record.uri?partnerID=HzOxMe3b&scp=85128167980&origin=inward,off-topic-false-hit,"The year 2020 has been a tough year with the global pandemic situation, and the utmost priority is to live in a clean, green, and safe environment.One of the areas that the governments are emphasizing for the readiness of our ecosystem is autonomous and contactless environments in adapting to the new norm.Thus, Autonomous Vehicle (AV) is a promising technology to bring forward.One of the critical aspects of Autonomous Navigation is object detection.Most AV use multiple sensors to detect objects, such as cameras, radar and Light Detection and Ranging sensor (LiDAR).Nowadays, the LiDAR sensor is widely implemented due to the ability to detect objects in the form of pulsed lasers, benefiting in low-light object detection.However, even with advanced technology, poor programming can affect the performance of object detection system.Thus, the study explores the state-of-the-art of You Only Look Once (YOLO) algorithms namely Tiny-YOLO and Complex-YOLO for object detection on KITTI dataset.Their performances were compared based on accuracy, precision, and recall metrics.The results showed that the Complex-YOLO has better performance as the mean average precision is higher than the Tiny-YOLO model when tested with equal parameters.",scopus,llm,1.000,unreviewed,,doi:10.18201/ijisae.2022.276
