status,title,authors,year,venue,doi,url,tags,abstract,provider,decision_source,llm_confidence,llm_review_outcome,llm_change_direction
kept,Statistical frequency-analysis of misconceptions in object-oriented-programming - Regularized PCR models for frequency analysis across OOP concepts and related factors,Kelter R.,2018,ACM International Conference Proceeding Series,10.1145/3279720.3279727,https://www.scopus.com/inward/record.uri?partnerID=HzOxMe3b&scp=85061301172&origin=inward,supports-claim; misconception-frequency; oop-concepts,,scopus,llm,0.810,unreviewed,
discarded,"A PBL-Based, Integrated Learning Experience of Object-Oriented Programming, Data Structures and Software Design",Ribeiro A.L.,2018,Proceedings Frontiers in Education Conference Fie,10.1109/FIE.2018.8659261,https://www.scopus.com/inward/record.uri?partnerID=HzOxMe3b&scp=85063528663&origin=inward,adjacent-subtopic; integrated-curriculum; pbl,,scopus,llm,0.840,unreviewed,
discarded,Integration of virtual programming lab in a process of teaching programming EduScrum based,Cardoso M.,2018,Iberian Conference on Information Systems and Technologies Cisti,10.23919/CISTI.2018.8399261,https://www.scopus.com/inward/record.uri?partnerID=HzOxMe3b&scp=85049915342&origin=inward,adjacent-subtopic; virtual-programming-lab; teaching-programming,,scopus,llm,0.930,unreviewed,
discarded,The Jigsaw technique to teach object-oriented design: A replication study with graduate students,Pow-Sang J.A.,2016,IEEE Global Engineering Education Conference Educon,10.1109/EDUCON.2016.7474711,https://www.scopus.com/inward/record.uri?partnerID=HzOxMe3b&scp=84994672082&origin=inward,adjacent-subtopic; jigsaw-technique; object-oriented-design,,scopus,llm,0.800,unreviewed,
discarded,An achievement degree analysis approach to identifying learning problems in object-oriented programming,Allinjawi A.A.,2014,ACM Transactions on Computing Education,10.1145/2648794,https://www.scopus.com/inward/record.uri?partnerID=HzOxMe3b&scp=84914095567&origin=inward,adjacent-subtopic; identifying-learning-problems; oop-broad,,scopus,llm,0.760,unreviewed,
discarded,An experience in the use of the jigsaw technique to teach object-oriented design,Pow-Sang J.A.,2014,Proceedings of 2014 International Conference on Interactive Collaborative Learning Icl 2014,10.1109/ICL.2014.7017930,https://www.scopus.com/inward/record.uri?partnerID=HzOxMe3b&scp=84922894956&origin=inward,adjacent-subtopic; jigsaw-technique; object-oriented-design,,scopus,llm,0.800,unreviewed,
discarded,CAI of flowchart (CAIFlow) development using object-oriented methodology,Rahayu N.,2012,2012 International Conference on Computer and Information Science Iccis 2012 A Conference of World Engineering Science and Technology Congress Estcon 2012 Conference Proceedings,10.1109/ICCISci.2012.6297143,https://www.scopus.com/inward/record.uri?partnerID=HzOxMe3b&scp=84867859562&origin=inward,off-topic-false-hit; flowchart-cai; object-oriented-methodology,,scopus,llm,1.000,unreviewed,
discarded,An investigation of difficulties experienced by students developing unified modelling language (UML) class and sequence diagrams,Sien V.Y.,2011,Computer Science Education,10.1080/08993408.2011.630127,https://www.scopus.com/inward/record.uri?partnerID=HzOxMe3b&scp=84858788098&origin=inward,adjacent-subtopic; uml-diagrams; student-difficulties,,scopus,llm,0.830,unreviewed,
discarded,Integrating concept mapping techniques into object-oriented analysis and design curriculum,Sien V.Y.,2010,International Journal of Learning,10.18848/1447-9494/cgp/v17i02/46855,https://www.scopus.com/inward/record.uri?partnerID=HzOxMe3b&scp=77957299261&origin=inward,adjacent-subtopic; concept-mapping; ooad-curriculum,,scopus,llm,0.880,unreviewed,
discarded,The jigsaw technique: Experiences teaching analysis class diagrams,Portillo J.A.P.S.,2009,Proceedings of the Mexican International Conference on Computer Science,10.1109/ENC.2009.31,https://www.scopus.com/inward/record.uri?partnerID=HzOxMe3b&scp=77952717975&origin=inward,adjacent-subtopic; jigsaw-technique; analysis-class-diagrams,,scopus,llm,0.840,unreviewed,
discarded,Using concept maps to produce sequence diagrams,Sien V.Y.,2008,Proceedings of the IASTED International Conference on Software Engineering Se 2008,,https://www.scopus.com/inward/record.uri?partnerID=HzOxMe3b&scp=62849110154&origin=inward,adjacent-subtopic; concept-maps; sequence-diagrams,,scopus,llm,0.900,unreviewed,
discarded,"A comparison of implementing a single problem in Relational, Object-Relational and Object-Oriented database systems",Wilkes F.,2008,ASEE Annual Conference and Exposition Conference Proceedings,,https://www.scopus.com/inward/record.uri?partnerID=HzOxMe3b&scp=85029027812&origin=inward,off-topic-false-hit; database-systems; comparison,,scopus,llm,1.000,unreviewed,
discarded,Generic code-memory diagram animation creator: An aid for effective computer-programming teaching,Dixon M.,2004,Proceedings of the Seventh IASTED International Conference on Computers and Advanced Technology in Education,,https://www.scopus.com/inward/record.uri?partnerID=HzOxMe3b&scp=11144313086&origin=inward,adjacent-subtopic; diagram-animation; programming-teaching,,scopus,llm,0.900,unreviewed,
discarded,Cad smart objects: Potentials and limitations,Ibrahim M.,2003,Proceedings of the International Conference on Education and Research in Computer Aided Architectural Design in Europe,,https://www.scopus.com/inward/record.uri?partnerID=HzOxMe3b&scp=84891994989&origin=inward,off-topic-false-hit; cad; smart-objects,,scopus,llm,1.000,unreviewed,
discarded,A generic architecture for the development of intelligent programming tutors,Pillay N.,2000,International Journal of Continuing Engineering Education and Life Long Learning,,https://www.scopus.com/inward/record.uri?partnerID=HzOxMe3b&scp=0034538744&origin=inward,adjacent-subtopic; intelligent-programming-tutors; architecture,,scopus,llm,0.920,unreviewed,
discarded,Improved human interface for computer-based log interpretation,Skolnakorn J.,1993,Proceedings Petroleum Computer Conference,10.2523/26241-ms,https://www.scopus.com/inward/record.uri?partnerID=HzOxMe3b&scp=0027269196&origin=inward,off-topic-false-hit; petroleum; human-interface,,scopus,llm,1.000,unreviewed,
discarded,Student misconceptions of dynamic programming: a replication study.,Michael Shindler; Natalia Pinpin; Mia Markovic; Frederick Reiber; Jee Hoon Kim; Giles Pierre Nunez Carlos; Mine Dogucu; Mark Hong; Michael Luu; Brian Anderson; Aaron Cote; Matthew Ferland; Palak Jain 0005; Tyler Labonte; Leena Mathur; Ryan Moreno; Ryan Sakuma,2022,Comput. Sci. Educ.,10.1080/08993408.2022.2079865,https://dblp.org/rec/journals/csedu/ShindlerPMRKCDH22,adjacent-subtopic; dynamic-programming; misconceptions-not-oop,,dblp,llm,0.980,unreviewed,
