status,title,authors,year,venue,doi,url,tags,abstract,provider,decision_source,llm_confidence,llm_review_outcome,llm_change_direction
kept,"Novice Java programmers' conceptions of ""object"" and ""class"", and variation theory",Eckerdal A.,2005,Proceedings of the 10th Annual SIGCSE Conference on Innovation and Technology in Computer Science Education,10.1145/1067445.1067473,https://www.scopus.com/inward/record.uri?partnerID=HzOxMe3b&scp=29844436349&origin=inward,supports-claim; object-class-conceptions; novices; class-vs-template,,scopus,llm_reviewed,0.980,confirmed,
kept,Is there any difference in novice comprehension of a small program written in the event-driven and object-oriented styles?,Khazaei B.,2002,Proceedings IEEE 2002 Symposia on Human Centric Computing Languages and Environments Hcc 2002,10.1109/HCC.2002.1046336,https://www.scopus.com/inward/record.uri?partnerID=HzOxMe3b&scp=26844571745&origin=inward,qualifies-claim; oo-vs-event-driven; novice-comprehension,,scopus,llm,0.720,unreviewed,
discarded,Objects from the beginning - With GUIs,Proulx V.K.,2002,Proceedings of the Annual SIGCSE Conference on Innovation and Technology in Computer Science Education Itisce,,https://www.scopus.com/inward/record.uri?partnerID=HzOxMe3b&scp=4944253916&origin=inward,adjacent-subtopic; objects-first; curriculum,,scopus,llm,0.680,unreviewed,
discarded,Identifying the difficulties of object-oriented development,Sheetz S.D.,2002,Journal of Systems and Software,10.1016/S0164-1212(02)00019-5,https://www.scopus.com/inward/record.uri?partnerID=HzOxMe3b&scp=0037110429&origin=inward,off-topic-false-hit; oo-development; software-engineering,,scopus,llm,0.980,unreviewed,
discarded,"Object-oriented program comprehension: Effect of expertise, task and phase",Burkhardt J.M.,2002,Empirical Software Engineering,10.1023/A:1015297914742,https://www.scopus.com/inward/record.uri?partnerID=HzOxMe3b&scp=0036605445&origin=inward,off-topic-false-hit; program-comprehension; software-engineering,,scopus,llm,0.860,unreviewed,
discarded,Difficulties in learning and teaching programming - Views of students and tutors,Milne I.,2002,Education and Information Technologies,10.1023/A:1015362608943,https://www.scopus.com/inward/record.uri?partnerID=HzOxMe3b&scp=11144283135&origin=inward,adjacent-subtopic; general-programming-difficulties; not-oop-specific,,scopus,llm,0.880,unreviewed,
discarded,Employing object technology to expose fundamental object concepts,Woodman M.,1999,Proceedings of the Conference on Technology of Object Oriented Languages and Systems TOOLS,,https://www.scopus.com/inward/record.uri?partnerID=HzOxMe3b&scp=0032591883&origin=inward,adjacent-subtopic; pedagogy; object-concepts,,scopus,llm,0.820,unreviewed,
discarded,Introducing object orientation to experienced procedural programmers,Turk M.,1997,ACM International Conference Proceeding Series,10.1145/299359.299379,https://www.scopus.com/inward/record.uri?partnerID=HzOxMe3b&scp=33847048422&origin=inward,adjacent-subtopic; procedural-to-oo-transition; experienced-programmers,,scopus,llm,0.750,unreviewed,
discarded,Making Dynamic Modeling Accessible to Precollege Science Students,Jackson S.L.,1994,Interactive Learning Environments,10.1080/1049482940040305,https://www.scopus.com/inward/record.uri?partnerID=HzOxMe3b&scp=84953464888&origin=inward,off-topic-false-hit; science-education; dynamic-modeling,,scopus,llm,0.950,unreviewed,
discarded,A hypersimulation‐based learning environment for operator understanding of complex phenomena in power systems,Yoshizawa J.,1993,Electrical Engineering in Japan,10.1002/eej.4391130404,https://www.scopus.com/inward/record.uri?partnerID=HzOxMe3b&scp=0027615343&origin=inward,off-topic-false-hit; power-systems; simulation,,scopus,llm,1.000,unreviewed,
discarded,The Pascal Visual Object Classes Challenge: A Retrospective,Mark Everingham; S. M. Ali Eslami; Luc Van Gool; Christopher K. I. Williams; John Winn; Andrew Zisserman,2014,International Journal of Computer Vision,10.1007/s11263-014-0733-5,https://openalex.org/W2037227137,off-topic-false-hit; computer-vision; object-classes,,openalex,llm,1.000,unreviewed,
discarded,Features and development of Coot,Paul Emsley; Bernhard Lohkamp; W. G. Scott; Kevin Cowtan,2010,Acta Crystallographica Section D Biological Crystallography,10.1107/s0907444910007493,https://openalex.org/W2124026197,off-topic-false-hit; molecular-graphics; novice-users,"Coot is a molecular-graphics application for model building and validation of biological macromolecules. The program displays electron-density maps and atomic models and allows model manipulations such as idealization, real-space refinement, manual rotation/translation, rigid-body fitting, ligand search, solvation, mutations, rotamers and Ramachandran idealization. Furthermore, tools are provided for model validation as well as interfaces to external programs for refinement, validation and graphics. The software is designed to be easy to learn for novice users, which is achieved by ensuring that tools for common tasks are 'discoverable' through familiar user-interface elements (menus and toolbars) or by intuitive behaviour (mouse controls). Recent developments have focused on providing tools for expert users, with customisable key bindings, extensions and an extensive scripting interface. The software is under rapid development, but has already achieved very widespread use within the crystallographic community. The current state of the software is presented, with a description of the facilities available and of some of the underlying methods employed.",openalex,llm,1.000,unreviewed,
discarded,Object based image analysis for remote sensing,Thomas Blaschke,2009,ISPRS Journal of Photogrammetry and Remote Sensing,10.1016/j.isprsjprs.2009.06.004,https://openalex.org/W1984792953,off-topic-false-hit; remote-sensing; object-based-image-analysis,"Remote sensing imagery needs to be converted into tangible information which can be utilised in conjunction with other data sets, often within widely used Geographic Information Systems (GIS). As long as pixel sizes remained typically coarser than, or at the best, similar in size to the objects of interest, emphasis was placed on per-pixel analysis, or even sub-pixel analysis for this conversion, but with increasing spatial resolutions alternative paths have been followed, aimed at deriving objects that are made up of several pixels. This paper gives an overview of the development of object based methods, which aim to delineate readily usable objects from imagery while at the same time combining image processing and GIS functionalities in order to utilize spectral and contextual information in an integrative way. The most common approach used for building objects is image segmentation, which dates back to the 1970s. Around the year 2000 GIS and image processing started to grow together rapidly through object based image analysis (OBIA - or GEOBIA for geospatial object based image analysis). In contrast to typical Landsat resolutions, high resolution images support several scales within their images. Through a comprehensive literature review several thousand abstracts have been screened, and more than 820 OBIA-related articles comprising 145 journal papers, 84 book chapters and nearly 600 conference papers, are analysed in detail. It becomes evident that the first years of the OBIA/GEOBIA developments were characterised by the dominance of ‘grey’ literature, but that the number of peer-reviewed journal articles has increased sharply over the last four to five years. The pixel paradigm is beginning to show cracks and the OBIA methods are making considerable progress towards a spatially explicit information extraction workflow, such as is required for spatial planning as well as for many monitoring programmes.",openalex,llm,1.000,unreviewed,
discarded,Survey on deep learning with class imbalance,Justin Johnson; Taghi M. Khoshgoftaar,2019,Journal Of Big Data,10.1186/s40537-019-0192-5,https://openalex.org/W2936503027,off-topic-false-hit; machine-learning; class-imbalance,"The purpose of this study is to examine existing deep learning techniques for addressing class imbalanced data. Effective classification with imbalanced data is an important area of research, as high class imbalance is naturally inherent in many real-world applications, e.g., fraud detection and cancer detection. Moreover, highly imbalanced data poses added difficulty, as most learners will exhibit bias towards the majority class, and in extreme cases, may ignore the minority class altogether. Class imbalance has been studied thoroughly over the last two decades using traditional machine learning models, i.e. non-deep learning. Despite recent advances in deep learning, along with its increasing popularity, very little empirical work in the area of deep learning with class imbalance exists. Having achieved record-breaking performance results in several complex domains, investigating the use of deep neural networks for problems containing high levels of class imbalance is of great interest. Available studies regarding class imbalance and deep learning are surveyed in order to better understand the efficacy of deep learning when applied to class imbalanced data. This survey discusses the implementation details and experimental results for each study, and offers additional insight into their strengths and weaknesses. Several areas of focus include: data complexity, architectures tested, performance interpretation, ease of use, big data application, and generalization to other domains. We have found that research in this area is very limited, that most existing work focuses on computer vision tasks with convolutional neural networks, and that the effects of big data are rarely considered. Several traditional methods for class imbalance, e.g. data sampling and cost-sensitive learning, prove to be applicable in deep learning, while more advanced methods that exploit neural network feature learning abilities show promising results. The survey concludes with a discussion that highlights various gaps in deep learning from class imbalanced data for the purpose of guiding future research.",openalex,llm,1.000,unreviewed,
discarded,"Why Minimal Guidance During Instruction Does Not Work: An Analysis of the Failure of Constructivist, Discovery, Problem-Based, Experiential, and Inquiry-Based Teaching",Paul A. Kirschner; John Sweller; Richard E. Clark,2006,Educational Psychologist,10.1207/s15326985ep4102_1,https://openalex.org/W1976637107,adjacent-subtopic; instructional-theory; general-education,"Evidence for the superiority of guided instruction is explained in the context of our knowledge of human cognitive architecture, expert–novice differences, and cognitive load. Although unguided or minimally guided instructional approaches are very popular and intuitively appealing, the point is made that these approaches ignore both the structures that constitute human cognitive architecture and evidence from empirical studies over the past half-century that consistently indicate that minimally guided instruction is less effective and less efficient than instructional approaches that place a strong emphasis on guidance of the student learning process. The advantage of guidance begins to recede only when learners have sufficiently high prior knowledge to provide ""internal"" guidance. Recent developments in instructional research and instructional design models that support guidance during instruction are briefly described.",openalex,llm,0.990,unreviewed,
discarded,Economics and Identity*,George A. Akerlof; Rachel Kranton,2000,The Quarterly Journal of Economics,10.1162/003355300554881,https://openalex.org/W2121005211,off-topic-false-hit; economics; identity,"This paper considers how identity, a person's sense of self, affects economic outcomes. We incorporate the psychology and sociology of identity into an economic model of behavior. In the utility function we propose, identity is associated with different social categories and how people in these categories should behave. We then construct a simple game-theoretic model showing how identity can affect individual interactions. The paper adapts these models to gender discrimination in the workplace, the economics of poverty and social exclusion, and the household division of labor. In each case, the inclusion of identity substantively changes conclusions of previous economic analysis.",openalex,llm,1.000,unreviewed,
discarded,Chapter 12: What does the Anthropocene hold for citizenship?,B. Lamizana; O. Mahjoub; C. Caucci; C. Mafuta; E. Guenther; G. Cissé; K. Andersson; F. Hernández-Sancho,2022,edoc (University of Basel),10.1007/978-3,https://openalex.org/W4391285994,off-topic-false-hit; citizenship; anthropocene,,openalex,llm,1.000,unreviewed,
discarded,"The novel object recognition memory: neurobiology, test procedure, and its modifications",Marcelo B. Antunes; Grażyna Biała,2011,Cognitive Processing,10.1007/s10339-011-0430-z,https://openalex.org/W2003966687,off-topic-false-hit; neuroscience; object-recognition,"Animal models of memory have been considered as the subject of many scientific publications at least since the beginning of the twentieth century. In humans, memory is often accessed through spoken or written language, while in animals, cognitive functions must be accessed through different kind of behaviors in many specific, experimental models of memory and learning. Among them, the novel object recognition test can be evaluated by the differences in the exploration time of novel and familiar objects. Its application is not limited to a field of research and enables that various issues can be studied, such as the memory and learning, the preference for novelty, the influence of different brain regions in the process of recognition, and even the study of different drugs and their effects. This paper describes the novel object recognition paradigms in animals, as a valuable measure of cognition. The purpose of this work was to review the neurobiology and methodological modifications of the test commonly used in behavioral pharmacology.",openalex,llm,1.000,unreviewed,
discarded,A Review and Comparison of Diagnostic Instruments to Identify Students’ Misconceptions in Science,Derya Kaltakci-Gurel; Ali Eryılmaz; Lillian C. McDermott,2015,Eurasia Journal of Mathematics Science and Technology Education,10.12973/eurasia.2015.1369a,https://openalex.org/W2472851532,off-topic-false-hit; science-education; misconception-assessment,"Different diagnostic tools have been developed and used by researchers to identify students' conceptions. The present study aimed to provide an overview of the common diagnostic instruments in science to assess students' misconceptions. Also the study provides a brief comparison of these common diagnostic instruments with their strengths and weaknesses. A total of 273 articles published (from the year 1980 to 2014) in main journals were investigated thoroughly through document analysis method. The study reveals interviews (53%), open-ended tests (34%), multiple-choice tests (32%) and multiple tier tests (13%) as the most commonly used diagnostic tools. However, each tool has some advantages as well as disadvantages over the others that should be kept in mind in their usages. A careful user of a diagnostic instrument such as a classroom teacher or a researcher would be aware of the diagnostic instruments and selects the most effective one for his/her purposes.",openalex,llm,0.990,unreviewed,
discarded,‘Fitting in’ or ‘standing out’: Working‐class students in UK higher education,Diane Reay; Gill Crozier; John Clayton,2009,British Educational Research Journal,10.1080/01411920902878925,https://openalex.org/W2135435159,off-topic-false-hit; social-class; higher-education,"Drawing on case studies of 27 working‐class students across four UK higher education institutions, this article attempts to develop a multilayered, sociological understanding of student identities that draws together social and academic aspects. Working with a concept of student identity that combines the more specific notion of learner identity with more general understandings of how students are positioned in relation to their discipline, their peer group and the wider university, the article examines the influence of widely differing academic places and spaces on student identities. Differences between institutions are conceptualised in terms of institutional habitus, and the article explores how the four different institutional habituses result in a range of experiences of fitting in and standing out in higher education. For some this involves combining a sense of belonging in both middle‐class higher education and working‐class homes, while others only partially absorb a sense of themselves as students.",openalex,llm,1.000,unreviewed,
discarded,Beyond “identity”,Rogers Brubaker; Frederick Cooper,2000,Theory and Society,10.1023/a:1007068714468,https://openalex.org/W4243971884,off-topic-false-hit; identity-theory; sociology,,openalex,llm,1.000,unreviewed,
discarded,Error feedback in L2 writing classes,Dana R. Ferris; Barrie Roberts,2001,Journal of Second Language Writing,10.1016/s1060-3743(01)00039-x,https://openalex.org/W1552099543,off-topic-false-hit; language-learning; writing-feedback,,openalex,llm,1.000,unreviewed,
discarded,Geographic Object-Based Image Analysis – Towards a new paradigm,Thomas Blaschke; Geoffrey J. Hay; Maggi Kelly; Stefan Lang; Peter Hofmann; Elisabeth A. Addink; Raul Queiroz Feitosa; F.D. van der Meer; H.M.A. van der Werff; Frieke Van Coillie; Dirk Tiede,2013,ISPRS Journal of Photogrammetry and Remote Sensing,10.1016/j.isprsjprs.2013.09.014,https://openalex.org/W2103079830,off-topic-false-hit; remote-sensing; object-based-image-analysis,"The amount of scientific literature on (Geographic) Object-based Image Analysis – GEOBIA has been and still is sharply increasing. These approaches to analysing imagery have antecedents in earlier research on image segmentation and use GIS-like spatial analysis within classification and feature extraction approaches. This article investigates these development and its implications and asks whether or not this is a new paradigm in remote sensing and Geographic Information Science (GIScience). We first discuss several limitations of prevailing per-pixel methods when applied to high resolution images. Then we explore the paradigm concept developed by Kuhn (1962) and discuss whether GEOBIA can be regarded as a paradigm according to this definition. We crystallize core concepts of GEOBIA, including the role of objects, of ontologies and the multiplicity of scales and we discuss how these conceptual developments support important methods in remote sensing such as change detection and accuracy assessment. The ramifications of the different theoretical foundations between the ‘per-pixel paradigm’ and GEOBIA are analysed, as are some of the challenges along this path from pixels, to objects, to geo-intelligence. Based on several paradigm indications as defined by Kuhn and based on an analysis of peer-reviewed scientific literature we conclude that GEOBIA is a new and evolving paradigm.",openalex,llm,1.000,unreviewed,
discarded,R: A Language and Environment for Statistical Computing,R Core Team,2000,,10.32614/r.manuals,https://openalex.org/W2582743722,off-topic-false-hit; statistical-computing; r-language,This introduction to R is derived from an original set of notes describing the S and S-Plus environments written in 1990-2 by Bill Venables and David M,openalex,llm,1.000,unreviewed,
discarded,Neuromyths in Education: Prevalence and Predictors of Misconceptions among Teachers,Sanne Dekker; Nikki Lee; Paul Howard‐Jones; Jelle Jolles,2012,Frontiers in Psychology,10.3389/fpsyg.2012.00429,https://openalex.org/W2162885276,off-topic-false-hit; education-misconceptions; brain-neuromyths,"The OECD's Brain and Learning project (2002) emphasized that many misconceptions about the brain exist among professionals in the field of education. Though these so-called ""neuromyths"" are loosely based on scientific facts, they may have adverse effects on educational practice. The present study investigated the prevalence and predictors of neuromyths among teachers in selected regions in the United Kingdom and the Netherlands. A large observational survey design was used to assess general knowledge of the brain and neuromyths. The sample comprised 242 primary and secondary school teachers who were interested in the neuroscience of learning. It would be of concern if neuromyths were found in this sample, as these teachers may want to use these incorrect interpretations of neuroscience findings in their teaching practice. Participants completed an online survey containing 32 statements about the brain and its influence on learning, of which 15 were neuromyths. Additional data was collected regarding background variables (e.g., age, sex, school type). Results showed that on average, teachers believed 49% of the neuromyths, particularly myths related to commercialized educational programs. Around 70% of the general knowledge statements were answered correctly. Teachers who read popular science magazines achieved higher scores on general knowledge questions. More general knowledge also predicted an increased belief in neuromyths. These findings suggest that teachers who are enthusiastic about the possible application of neuroscience findings in the classroom find it difficult to distinguish pseudoscience from scientific facts. Possessing greater general knowledge about the brain does not appear to protect teachers from believing in neuromyths. This demonstrates the need for enhanced interdisciplinary communication to reduce such misunderstandings in the future and establish a successful collaboration between neuroscience and education.",openalex,llm,1.000,unreviewed,
