status,title,authors,year,venue,doi,url,tags,abstract,provider,decision_source,llm_confidence,llm_review_outcome,llm_change_direction,paper_id
discarded,Battleship - A senior design preparatory experience,Brian J Resnick,2007,"2007 37th Annual Frontiers In Education Conference - Global Engineering: Knowledge Without Borders, Opportunities Without Passports",10.1109/FIE.2007.4417989,https://ieeexplore.ieee.org/document/4417989/,adjacent-subtopic,"The senior design capstone project can be overwhelming for some electrical and computer engineering technology students. In addition to selecting a topic and then actually designing something, it may be the first time that a student has had to execute all aspects of a project from conception to completion. In preparation for this challenge, students could benefit from practice on a somewhat predefined project. This paper presents a series of homework and laboratory assignments that guide the student through the development of a large object-oriented programming project: an Internet enabled version of the game battleship. Project elements include rules of play, a graphical user interface for ship placement, another for battle, and a communications protocol for play over the Internet. While the overall scope of project is fixed, there are many opportunities for the students, as a team, to impose variations on the theme during the specification process. This customization activity promotes a sense of ownership and commitment. Student feedback has been positive and the paper includes a summary of their comments.",ieee,llm,0.980,unreviewed,,doi:10.1109/fie.2007.4417989
discarded,Novis: A Notional Machine Implementation for Teaching Introductory Programming,Michael Berry; Michael Kölling,2016,2016 International Conference on Learning and Teaching in Computing and Engineering (LaTICE),10.1109/LaTiCE.2016.5,https://ieeexplore.ieee.org/document/7743153/,adjacent-subtopic,"Comprehension of programming and programs is known to be a difficult task for many beginning students, with many computing courses showing significant drop out and failure rates. In this paper, we present a notional machine implementation, Novis, to help with understanding of programming and its dynamics for beginning learners. The notional machine offers an abstraction of the physical machine designed for comprehension and learning purposes. Novis provides a real-time visualisation of this notional machine, and is integrated into BlueJ.",ieee,llm,0.950,unreviewed,,doi:10.1109/latice.2016.5
discarded,ClaRA (C++ learning at RWTH Aachen) Change from classical teaching to e-learing,Annette Hermanns; Verena Jaenen; Andrea Heide; Kaus Henning,2006,2006 7th International Conference on Information Technology Based Higher Education and Training,10.1109/ITHET.2006.339763,https://ieeexplore.ieee.org/document/4141626/,adjacent-subtopic,"Within the scope of the course Computer Science in Mechanical Engineering, a blended learning concept is used in order to teach students of mechanical engineering the basic principles of computer science. This concept comprises of classical lectures and tutorials, project work and an e-learning platform and is designed for about 1400 students per semester. Basic elements of the e-learning platform are multimedia learning applications, a message board, live recordings of the lectures and in the future ClaRA, an interactive e-learning unit. ClaRA is web-based and supports the tutoring of the basics of object-oriented programming using the programming language C++. It substitutes courses with compulsory attendance, providing the students a chance to teach themselves C++ irrespective of the factors like time and place. The paper describes on one hand the new e-learning unit ClaRa and the implementation and evaluation of the project, on the other hand, the actual experiences with the change in the blended learning concept.",ieee,llm,0.970,unreviewed,,doi:10.1109/ithet.2006.339763
discarded,Conveying Conceptions of Quality through Instruction,Arnold Pears,2010,2010 Seventh International Conference on the Quality of Information and Communications Technology,10.1109/QUATIC.2010.10,https://ieeexplore.ieee.org/document/5655415/,adjacent-subtopic,"Building up an understanding of aspects of quality, and how to critically assess them, is a complex problem. This paper provides an overview of research on student conceptions of what constitutes quality in different programming domains. These conceptions are linked to tertiary education and computing education research results. Using this literature as a background we discuss how to develop and use instructional approaches that might assist students in developing a better understanding of software quality.",ieee,llm,0.940,unreviewed,,doi:10.1109/quatic.2010.10
discarded,"""What First?"" Addressing the Critical Initial Weeks of CS-1",Jody Paul,2006,Proceedings. Frontiers in Education. 36th Annual Conference,10.1109/FIE.2006.322382,https://ieeexplore.ieee.org/document/4116862/,adjacent-subtopic,"This paper identities reasons why the initial experiences in an ""Introduction to Computer Science"" (""CS Intro"") course have critical impact on students and, as a consequence, recommends alternatives to traditional pedagogy. The beginning of a CS Intro course has profound influence on the success of students, both in that course and in future CS courses. The field of cognitive science provides insight into the underlying mechanisms responsible for the disproportionate consequences of the initial learning experiences and explanations why educators cannot rely on introspection to discover appropriate and effective pedagogy. This paper includes observations from a cognitive science perspective and recommendations - based on cognitive science principles, current pedagogical practices, and direct experience -for modifications to the pedagogy typically used during the critical first few weeks of a CS Intro course",ieee,llm,0.980,unreviewed,,doi:10.1109/fie.2006.322382
discarded,Moving Towards Program Comprehension in Software Development: A Case Study,Abdelaziz Fellah; Ajay Bandi; Mahmoud Yousef,2020,2020 Fourth International Conference on Computing Methodologies and Communication (ICCMC),10.1109/ICCMC48092.2020.ICCMC-000122,https://ieeexplore.ieee.org/document/9076470/,adjacent-subtopic,"The goal of this paper aims at promoting program comprehension in computer science, in particular software engineering and object-oriented programming courses. The research methodology is evaluated through an empirical study which involves an active participation audience of undergraduate and graduate computer science students. With no previous knowledge on program comprehension, participants were explicitly instructed to use their computing skills and own strategies to comprehend a set of Java programs of different difficulty levels. We did not impose on the participants any specific paradigm to comprehend the source code. We conducted three case studies with two groups of students, and the results were promising, despite of the fact that students had no previous knowledge of program comprehension. The results of this study shows that participants identified four dimensions to comprehend the source code - namely input/output activities, visual scanning, computer science knowledge, and application domain. In addition, the results provided strong evidence for the validation of the hypotheses that we formulated earlier before conducting the case studies. Another factor worth mentioning is the indentation of the code which might play a role in debugging.",ieee,llm,0.930,unreviewed,,doi:10.1109/iccmc48092.2020.iccmc-000122
discarded,IPSExpert: an expert system for tactical C3I training,S.E. Reynolds,1988,"MILCOM 88, 21st Century Military Communications - What's Possible?'. Conference record. Military Communications Conference",10.1109/MILCOM.1988.13489,https://ieeexplore.ieee.org/document/13489/,off-topic-false-hit,"The IPSExpert Intelligent Training System is an expert system scenario-based application that delivers individualized training for both novice and experienced operators. The complex IPSE (integral patching and switching equipment) domain is captured with object-oriented programming (OOP) and rule-based reasoning presented to the operator through a graphics-oriented mouse and menu interface. The author discusses such issues as the tactical environment, the IPSE tactical training requirements, the learning environment of the IPSExpert, the IPSExpert prototype, and the implementation of the IPSExpert.<>",ieee,llm,0.990,unreviewed,,doi:10.1109/milcom.1988.13489
discarded,A Case Study of an Integrated Programming Course Based on PBL,Ayala L. Ribeiro; Roberto A. Bittencourt,2019,2019 IEEE Frontiers in Education Conference (FIE),10.1109/FIE43999.2019.9028579,https://ieeexplore.ieee.org/document/9028579/,adjacent-subtopic,"This Research to Practice Full Paper describes a case study of a course that uses problem-based learning (PBL) to integrate the subjects of Object-Oriented Programming, Data Structures and Software Design. We aimed to explore student learning when this teaching-learning approach was applied in the second term of a Computer Engineering undergraduate program. Data collection and analysis was qualitative, using semi-structured interviews and both open and axial coding. Results were organized in terms of qualitative themes describing course organization, problem conception, learned concepts and skills. This thorough exploration of such issues allows course developers to reflect on the impact of PBL and curriculum integration in student learning.",ieee,llm,0.820,unreviewed,,doi:10.1109/fie43999.2019.9028579
discarded,A learning methodology for object oriented programming with effective support from the PA3P automatic evaluation platform,Jorge López Reguera; Yussef Farrán Leiva,2017,2017 36th International Conference of the Chilean Computer Science Society (SCCC),10.1109/SCCC.2017.8405111,https://ieeexplore.ieee.org/document/8405111/,adjacent-subtopic,"This article presents a methodology that uses the Platform for Active Programming Learning Support PA3P in the first stage of an Object Programming (OOP) course. The platform tests online the Java Programs that students write as exercises, enabling testing and personalized feedback generation for students. PA3P is a new version of a previous platform developed for introductory programming course in languages such as C, Java and Matlab, but with evaluation mechanisms adapted for handling Java projects and carry at automated evaluation of OOP concepts. This work presents the criteria used for creating didactic problem sequences and effectively applying them through automatic evaluation. The results obtained after two semesters of use show that that automatic evaluation positively affects students and performance. To obtain preliminary information about de effectiveness of platform, a qualitative and quantitative was carried out. The qualitative aspects where extracted by observing students behavior during the learning process, while quantitative analysis is based on data registered by platform and the evolution of students grades.",ieee,llm,0.910,unreviewed,,doi:10.1109/sccc.2017.8405111
discarded,Development and evaluation of a mental model forming support ITS-the qualitative diagnosis simulator for the SCS operation activity,T. Okamoto; A. Cristea; T. Matsui; T. Miwata,2000,Proceedings International Workshop on Advanced Learning Technologies. IWALT 2000. Advanced Learning Technology: Design and Development Issues,10.1109/IWALT.2000.890588,https://ieeexplore.ieee.org/document/890588/,off-topic-false-hit,"We built an educational Qualitative Diagnosis simulator (QUAD) to model SCS (Space Collaboration System) conferences. Our research aim is supporting SCS beginner users in forming correct SCS mental models and in understanding SCS essentials. Therefore, we use a logical circuit, to model the possible computations. The system diagnoses the student's conceptual understanding mistakes about the SCS system and explains their cause.",ieee,llm,0.980,unreviewed,,doi:10.1109/iwalt.2000.890588
discarded,Enhancing an object-oriented curriculum: metacognitive assessment and training,W.J. Staats; T. Blum,1999,FIE'99 Frontiers in Education. 29th Annual Frontiers in Education Conference. Designing the Future of Science and Engineering Education. Conference Proceedings (IEEE Cat. No.99CH37011,10.1109/FIE.1999.840397,https://ieeexplore.ieee.org/document/840397/,adjacent-subtopic,"In this paper we describe the development and analysis of a computer science curriculum that fully embraces the object-oriented (OO) paradigm. The curriculum addresses the three components that the ACM has recommended for a computer science curriculum: concepts, skills, and abilities. Our vision for the curriculum moves beyond a scheme of integrated courses to incorporate research from the field of cognitive psychology with the idea of retaining more students by bolstering their cognitive skills. Good object-oriented design (OOD) requires such critical skills as strategic planning, analogical problem solving, and mental modeling. Past approaches have assumed either that these skills are learned as an incidental by-product of traditional training approaches or that they are inherent to the individual student. We suggest specific ways in which the assessment and training of these key metacognitive skills can be incorporated into the curriculum.",ieee,llm,0.910,unreviewed,,doi:10.1109/fie.1999.840397
discarded,The development and usability of Malaysian sexuality education (MSE) courseware,S.L. Chan; Azizah Jaafar,2010,2010 International Conference on User Science and Engineering (i-USEr),10.1109/IUSER.2010.5716741,https://ieeexplore.ieee.org/document/5716741/,off-topic-false-hit,"An initial study related to the perception of teachers and students toward the sexuality education was carried out in 2008. The study showed that there are big gaps between the perception of the teachers and students towards Malaysia sexuality education today. As a result Malaysia Sexuality Education (MSE) courseware was designed based on learning, instructional design and human computer interaction theories approach. The MSE was developed through a comprehensive methodology which ADDIE model integrated with usage-centered design models to achieve highly usable courseware. There are four constructs in usability evaluation of MSE, namely effectiveness, efficiency, satisfaction and learnability. Result shows that MSE not just increase students' performance in sexuality education, but students and teachers are also satisfied with the error-free interactive of MSE.",ieee,llm,1.000,unreviewed,,doi:10.1109/iuser.2010.5716741
discarded,A Pedagogical Framework of Gamified Interactive Visualization for Enhancing Learning Outcomes in Programming Styles and Paradigms Education,Shukhrat Kayumov; Durdona Xaitbayeva; Uktam Madaminov; Azamat Kakhorov; Munisa Otaboyeva; Zulayxo Marasulova,2026,2026 IEEE 27th International Conference of Young Professionals in Electron Devices and Materials (EDM),10.1109/EDM69524.2026.11631937,https://ieeexplore.ieee.org/document/11631937/,adjacent-subtopic,"Teaching Programming Styles and Paradigms remains a significant challenge in engineering education due to its abstract concepts and diverse cognitive requirements. Traditional lecture-based approaches often fail to fully engage students or ensure deep comprehension of imperative, objectoriented, functional, and logical paradigms. This paper proposes a pedagogical framework that integrates gamification elements with interactive visualizers to enhance both student motivation and learning outcomes in the course of Programming Styles and Paradigms. The framework combines game-based mechanisms such as points, badges, and progress tracking with paradigm-specific visualization tools that illustrate code execution processes, data flow, and program behavior in real time. By aligning the design with established motivational models and learning theories, the framework aims to increase student engagement, support active learning, and improve conceptual understanding. A conceptual analysis suggests that this integration can create a more immersive and effective learning environment, especially for technical university students. The paper contributes by presenting a novel pedagogical model that addresses the gap between abstract programming theory and practical comprehension, while outlining directions for future empirical validation. Unlike existing studies, this research introduces a unified pedagogical framework that simultaneously integrates gamification and interactive visualization specifically for multi-paradigm programming education. Furthermore, the framework proposes a layered architecture combining visualization, motivation, feedback, and analytics, along with a multidimensional evaluation perspective. This integrated approach distinguishes the present work from prior studies that typically address these components in isolation.",ieee,llm,0.980,unreviewed,,doi:10.1109/edm69524.2026.11631937
discarded,Method dispatching and type safety for objects with multiple roles,R.K. Wong; H.L. Chau,1997,"Proceedings. Technology of Object-Oriented Languages and Systems, TOOLS 25 (Cat. No.97TB100239)",10.1109/TOOLS.1997.681877,https://ieeexplore.ieee.org/document/681877/,off-topic-false-hit,"The association between an instance and a class is exclusive and permanent in many class based, object oriented database systems. Therefore, these systems have serious difficulties for applications in which objects take on different and multiple roles over time. Recently, some researchers have proposed the use of roles to tackle these problems. Although many of them have realized the importance and difficulties to solve the type problems caused by roles, formal semantics and type issues of roles have not been addressed. We develop an expressive yet semantically sound type calculus for objects with multiple roles. While the rich role modeling constructs are introduced, the calculus can still be expressed in a neat way by using the polymorphism of overloaded functions. We show the important properties of the calculus which include Subject Reduction, Strong Normalization and Confluence. The calculus described in the paper provides a foundation for object-with-role models. We show that the calculus is general enough to be applied to various role models with little modification.",ieee,llm,0.990,unreviewed,,doi:10.1109/tools.1997.681877
discarded,Developing a Concept Inventory for Computer Science 2: What should it focus on and what makes it challenging?,Lea Wittie; Anastasia Kurdia; Judy Peng; James Kelly; Meriel Huggard,2020,2020 IEEE Frontiers in Education Conference (FIE),10.1109/FIE44824.2020.9273941,https://ieeexplore.ieee.org/document/9273941/,adjacent-subtopic,"This Work-In-Progress Research Paper reports on an international study that is being undertaken in order to develop a validated concept inventory for the second introductory computer science course (CS2).A concept inventory is a research-based multiple-choice test that measures a student's knowledge of a set of concepts while also capturing conceptions and misconceptions they may have about the topic under consideration. Development of a concept inventory for a course requires identifying course topics that are both difficult and important. This paper details how the Delphi method is being used to develop a concept inventory for CS2; in particular, it focuses on the initial process of identifying the set of topics that should be covered by a concept inventory for CS2.",ieee,llm,0.890,unreviewed,,doi:10.1109/fie44824.2020.9273941
discarded,Java learning object ontology,Ming-Che Lee; Ding Yen Ye; Tzone I Wang,2005,Fifth IEEE International Conference on Advanced Learning Technologies (ICALT'05),10.1109/ICALT.2005.185,https://ieeexplore.ieee.org/document/1508750/,adjacent-subtopic,"This paper presents an ontology, the Java learning object ontology - JLOO, for organizing learning objects of Java courses in an adaptive e-learning environment. The classification is based on the computing curricula CC2001 of the ACM and IEEE/CS. Using the curriculum as a guideline, the ontology defines the atomic knowledge units (i.e. learning objects) for an introductory course of Java programming. The most significant contributions of JLOO are: 1) defining the atomic knowledge units of introductory courses of Java language, and the relationships among them, 2) making the knowledge units of JLOO sharable and reusable, 3) allowing different learning strategies of a e-learning environment to choose dynamically, using JLOO as a guideline, different learning paths, and 4) making the realization of adaptive learning easy.",ieee,llm,0.970,unreviewed,,doi:10.1109/icalt.2005.185
