status,title,authors,year,venue,doi,url,tags,abstract,provider,decision_source,llm_confidence,llm_review_outcome,llm_change_direction
discarded,OOP-AR: Learn Object Oriented Programming Using Augmented Reality,Zulhafiza Zainal Abidin; Muhammad Asyraf Abdullah Zawawi,2020,International Journal of Multimedia and Recent Innovation (IJMARI),10.36079/lamintang.ijmari-0201.83,https://openalex.org/W3019838098,adjacent-subtopic; augmented-reality; oop-learning,"Object-Oriented Programming (OOP) is one of the challenging concept in computer science education especially for novice programmers. To help students understand this concept, this research try to blend OOP with Augmented Reality (AR). The reason because AR can give fun aspect to the learner, which can also help learner to focus longer without distraction. For this research purpose, the target audience is 20 university students with different ability in programming and augmented reality experience. The overall results of this research show that OOP-AR received positive feedback from users. It also proved that OOP-AR is a necessary product for students who need to improvise their knowledge in OOP and its concepts and gain interest in using AR application",openalex,llm,0.830,unreviewed,
discarded,A constructivist approach to object-oriented design and programming,Said Hadjerrouit,1999,,10.1145/305786.305910,https://openalex.org/W2058030722,adjacent-subtopic; constructivist-approach; teaching-oop,"Computer science education is greatly affected by the object-oriented approach. This can be seen in the numerous new teachers being attracted to programming languages such as Java. Learning the object-oriented approach is however difficult for novice students, mostly because it requires a new way of thinking about computing and more depth to grasp. Thus, to promote the object-oriented approach at the introductory level, a re-examination of the teaching method is recommended. This article describes a pedagogical framework rooted in the constructivist epistemology for teaching object-oriented design and programming.",openalex,llm,0.840,unreviewed,
discarded,The multi-layered nature of small-group learning: Productive interactions in object-oriented collaboration,Crina Damşa,2014,International Journal of Computer-Supported Collaborative Learning,10.1007/s11412-014-9193-8,https://openalex.org/W2041647219,off-topic-false-hit; collaborative-learning; object-oriented-collaboration,"This article presents a study of small-group interaction in the context of collaborative learning in undergraduate education. The student groups participated in collaborative projects, which involved setting-up, conducting, and reporting on empirical research studies. This study sheds light on the nature of productive interactions, the joint efforts to co-construct knowledge and the shared epistemic agency expected to emerge when groups are addressing ill-structured, complex problems in a collaboration over time. In-depth qualitative analysis and descriptive statistics were used to analyze and interpret interaction data and developing knowledge objects (i.e., research reports) collected during a 20-week project period. The findings show that productive interactions can take different forms, with discourse-based and object-oriented being the most relevant patterns arising. In the latter case, the emergent knowledge objects also influence the course and productivity of the interaction. Finally, groups manifesting shared epistemic agency produce knowledge objects more complex and suitable to the problems addressed. These findings contribute to a better understanding of the collaborative learning process that includes work on knowledge objects over time. The implications for the educational practice and further research point towards the need for a better understanding of the way groups function when challenged to address complex problems and to participate in knowledge production, how these processes can benefit learning, and what is needed in terms of pedagogical and technological support, to enable students to be more than mere course-takers, but also producers of knowledge.",openalex,llm,0.980,unreviewed,
discarded,What do we know about audit quality?,Jere R. Francis,2004,The British Accounting Review,10.1016/j.bar.2004.09.003,https://openalex.org/W2133986828,off-topic-false-hit; audit-quality; accounting,,openalex,llm,1.000,unreviewed,
discarded,Factors Contributing to the Difficulties in Teaching and Learning of Computer Programming: A Literature Review,Chin Soon Cheah,2020,Contemporary Educational Technology,10.30935/cedtech/8247,https://openalex.org/W3021341584,adjacent-subtopic; literature-review; programming-difficulties,"This paper reviews the literature relating to the factors that contribute to the difficulties in learning of computer programming. Programming has been a difficult subject to learn and master even at the early stage of education. It has been a global problem and continues to worsen at the local level. Although, there are many education tools available to complement the teaching and learning of computer programming. The problem persists until present day. Even at the initial stage of computer introduction courses, there were high failure rates and high drop out. One of the rationalism behind this scenario is from the students’ lack of problem solving abilities. However, the problem does not only lie within the students’ level of efficacy. It involves the effective use of teaching and learning material as well. Therefore, the focus of this review is on the factors concerning the students learning method and the effectiveness of the teaching material. Based on plethora of literature review, it is vital that these two aspects need to be consider simultaneously to overcome the difficulties of learning computer programming. A much more comprehensive, effective and universal teaching and learning tools need to be design to address the severity of this problem.",openalex,llm,0.920,unreviewed,
discarded,"The Problem of Teaching Object-Oriented Programming, Part 1: Languages",Michael Kölling,1999,Kent Academic Repository (University of Kent),,https://openalex.org/W1489226807,adjacent-subtopic; teaching-oop; languages,"Object-oriented programming has, in recent years, become the most influential programming paradigm. It is widely used in education and industry, and almost every university teaches object-orientation somewhere in its curriculum. The software community more or less agrees that teaching object-oriented programming is a good thing. It elegantly supports the concepts that we have been trying to teach for many years, such as well structured programming, modularisation and program design. It also supports techniques for approaching problems that have only more recently made their way into the curriculum: programming in teams, maintenance of large systems and software reuse. In short, object-oriented programming seems to be a good tool for teaching those programming methodologies that we consider important.",openalex,llm,0.830,unreviewed,
discarded,"OOP-Anim, a system to support learning of basic object oriented programming concepts",Micaela Esteves; António José Mendes,2003,,10.1145/973620.973716,https://openalex.org/W2091415713,adjacent-subtopic; program-animation; basic-oop-concepts,"This paper presents OOP-Anim, a system to support learning of basic object oriented programming (OOP) concepts. For several reasons, programming is a difficult subject for many students, even in computer science courses. This happens independently of languages and paradigms used. Our system uses program animation to help students overcome some of the difficulties they usually feel to master OOP concepts and associated program dynamic.",openalex,llm,0.870,unreviewed,
discarded,QwikMD — Integrative Molecular Dynamics Toolkit for Novices and Experts,João V. Ribeiro; Rafael C. Bernardi; Till Rudack; John E. Stone; J. C. Phillips; Peter L. Freddolino; Klaus Schulten,2016,Scientific Reports,10.1038/srep26536,https://openalex.org/W2397547384,off-topic-false-hit; molecular-dynamics; novices-and-experts,"The proper functioning of biomolecules in living cells requires them to assume particular structures and to undergo conformational changes. Both biomolecular structure and motion can be studied using a wide variety of techniques, but none offers the level of detail as do molecular dynamics (MD) simulations. Integrating two widely used modeling programs, namely NAMD and VMD, we have created a robust, user-friendly software, QwikMD, which enables novices and experts alike to address biomedically relevant questions, where often only molecular dynamics simulations can provide answers. Performing both simple and advanced MD simulations interactively, QwikMD automates as many steps as necessary for preparing, carrying out, and analyzing simulations while checking for common errors and enabling reproducibility. QwikMD meets also the needs of experts in the field, increasing the efficiency and quality of their work by carrying out tedious or repetitive tasks while enabling easy control of every step. Whether carrying out simulations within the live view mode on a small laptop or performing complex and large simulations on supercomputers or Cloud computers, QwikMD uses the same steps and user interface. QwikMD is freely available by download on group and personal computers. It is also available on the cloud at Amazon Web Services.",openalex,llm,1.000,unreviewed,
discarded,Assessing the cognitive consequences of the object-oriented approach: A survey of empirical research on object-oriented design by individuals and teams,Françoise Détienne,1997,Interacting with Computers,10.1016/s0953-5438(97)00006-4,https://openalex.org/W2040307845,adjacent-subtopic; review; oo-design-cognition,"This paper presents a state-of-the-art review of empirical research on object-oriented (OO) design. Many claims about the cognitive benefits of the OO paradigm have been made by its advocates. These claims concern the ease of designing and reusing software at the individual level as well as the benefits of this paradigm at the team level. Since these claims are cognitive in nature, it seems important to assess them empirically. After a brief presentation of the main concepts of the OO paradigm, the claims about the superiority of OO design are outlined. The core of this paper consists of a review of empirical studies of OO design (OOD). We first discuss results concerning OOD by individuals. On the basis of empirical work, we (1) analyse the design activity of novice OO designers, (2) compare OOD with procedural design and (3) discuss a typology of problems relevant for the OO approach. Then we assess the claims about naturalness and ease of OOD. The next part discusses results on OO software reuse. On the basis of empirical work, we (1) compare reuse in the OO versus the procedural paradigm, (2) discuss the potential for OO software reuse and (3) analyse reuse activity in the OO paradigm. Then we assess claims on reusability. The final part reviews empirical work on OOD by teams. We present results on communication, coordination, knowledge dissemination and interactions with clients. Then we assess claims about OOD at the software design team level. In a general conclusion, we discuss the limitations of these studies and give some directions for future research.",openalex,llm,0.840,unreviewed,
discarded,Queries and query processing in object-oriented database systems,David D. Straube; M. TAMER ÖZSU,1990,ACM Transactions on Information Systems,10.1145/102675.102678,https://openalex.org/W1985464228,off-topic-false-hit; object-oriented-databases; query-processing,"Object-oriented database mangement systems (OODBMS) combine the data abstraction and computational models of object-oriented programming languages with the query and performance capabilities of database management systems. A concise, formal data model for OODBMS has not been universally accepted, preventing detailed investigation of various system issues such as query processing. We define a data model that captures the essence of classification-based object-oriented systems and formalize concepts such as object identity, inheritence, and methods. The main topic of the paper is the presentation of a query processing methodology complete with an object calculus to object algebra translation are discussed in detail. The paper concludes with a discussion of equivalence-preserving transformation rules for object algebra expressions.",openalex,llm,1.000,unreviewed,
discarded,Position paper: Moving task-based language teaching forward,Rod Ellis,2017,Language Teaching,10.1017/s0261444817000179,https://openalex.org/W2754116647,off-topic-false-hit; language-teaching; object-oriented-view,"The advocacy of task-based language teaching (TBLT) has met with resistance. The critiques of TBLT and the misconceptions that underlie them have already been addressed in Ellis (2009) and Long (2016). The purpose of this article is to move forward by examining a number of real problems that TBLT faces – such as how a ‘task’ should be defined, the nature and timing of the ‘focus-on-form’ required, how to determine task complexity and sequence tasks, the role of explicit instruction, the timing of focus on form and the teacher training needed to ensure effective uptake of TBLT – and to also consider what solutions are possible. Disagreements exist regarding the relative merits of task-based and task-supported language teaching. I will propose that a hybrid/modular syllabus that allows for a balance between an object-oriented and a tool-oriented view of language teaching offers the most promising way forward.",openalex,llm,1.000,unreviewed,
discarded,Bioconductor: open software development for computational biology and bioinformatics,Robert Gentleman; Vincent J. Carey; Douglas M. Bates; Ben Bolstad; Marcel Dettling; Sandrine Dudoit; Byron Ellis; Laurent Gautier; Yongchao Ge; Jeff Gentry; Kurt Hornik; Torsten Hothorn; Wolfgang Huber; Stefano M. Iacus; Rafael A. Irizarry; Friedrich Leisch; Cheng Li; Martin Maechler; Anthony Rossini; Günther Sawitzki; Colin A. Smith; Gordon K. Smyth; Luke Tierney; Jean Yang; Jianhua Zhang,2004,Genome biology,10.1186/gb-2004-5-10-r80,https://openalex.org/W2160697532,off-topic-false-hit; bioinformatics-software; open-development,"The Bioconductor project is an initiative for the collaborative creation of extensible software for computational biology and bioinformatics. The goals of the project include: fostering collaborative development and widespread use of innovative software, reducing barriers to entry into interdisciplinary scientific research, and promoting the achievement of remote reproducibility of research results. We describe details of our aims and methods, identify current challenges, compare Bioconductor to other open bioinformatics projects, and provide working examples.",openalex,llm,1.000,unreviewed,
discarded,The Effectiveness of Screencasts and Cognitive Tools as Scaffolding for Novice Object-Oriented Programmers,Mark J.W. Lee; Sunam Pradhan; Barney Dalgarno,2008,Journal of Information Technology Education Research,10.28945/179,https://openalex.org/W1576547779,adjacent-subtopic; screencasts; scaffolding,"An international association advancing the multidisciplinary study of informing systems. Founded in 1998, the Informing Science Institute (ISI) is a global community of academics shaping the future of informing science.",openalex,llm,0.860,unreviewed,
discarded,"A multi-national, multi-institutional study of assessment of programming skills of first-year CS students",M. McCracken; Vicki L. Almstrum; Danny Diaz; Mark Guzdial; Dianne Hagan; Yifat Ben‐David Kolikant; Cary Laxer; Lynda Thomas; Ian Utting; Tadeusz Wilusz,2001,,10.1145/572133.572137,https://openalex.org/W2033086912,adjacent-subtopic; assessment; first-year-programming-skills,"In computer science, an expected outcome of a student's education is programming skill. This working group investigated the programming competency students have as they complete their first one or two courses in computer science. In order to explore options for assessing students, the working group developed a trial assessment of whether students can program. The underlying goal of this work was to initiate dialog in the Computer Science community on how to develop these types of assessments. Several universities participated in our trial assessment and the disappointing results suggest that many students do not know how to program at the conclusion of their introductory courses. For a combined sample of 216 students from four universities, the average score was 22.89 out of 110 points on the general evaluation criteria developed for this study. From this trial assessment we developed a framework of expectations for first-year courses and suggestions for further work to develop more comprehensive assessments.",openalex,llm,0.930,unreviewed,
discarded,The effect of using Kahoot! for learning – A literature review,Alf Inge Wang; Rabail Tahir,2020,Computers & Education,10.1016/j.compedu.2020.103818,https://openalex.org/W3003825427,adjacent-subtopic; kahoot; literature-review,"Kahoot! is a game-based learning platform used to review students' knowledge, for formative assessment or as a break from traditional classroom activities. It is among the most popular game-based learning platforms, with 70 million monthly active unique users and used by 50% of US K-12 students. Since the platform was released in 2013, many studies have been published on the effect of using Kahoot! in the classroom, but so far, no systematic analysis of the results. This article presents the results of a literature review on the effect of using Kahoot! for learning and, more specifically, on how Kahoot! affects learning performance, classroom dynamics, students' and teachers' attitudes and perceptions, and students' anxiety. The literature review includes 93 studies, and the main conclusion is that Kahoot! can have a positive effect on learning performance, classroom dynamics, students' and teachers' attitudes, and students’ anxiety. However, there are also studies where Kahoot! has little or no effect. The main challenges mentioned by students include technical problems such as unreliable internet connections, hard to read questions and answers on a projected screen, not being able to change answer after submission, stressful time-pressure for giving answers, not enough time to answer, afraid of losing, and hard to catch up if an incorrect answer had been given. Further, the main challenges mentioned by teachers include getting the difficulty level of questions and answers right, problems related to network connectivity, scoring based on how quickly the students answer reducing student reflection and cause some students to guess without thinking, that some students can have a problem with failing a quiz, and some teachers find it challenging to use the technology.",openalex,llm,1.000,unreviewed,
discarded,Developing an object-oriented software testing and maintenance environment,David Chenho Kung; Jerry Gao; Pei Hsia; Y. Toyoshima; Christopher S. Chen; Young-Si Kim; Young-Kee Song,1995,Communications of the ACM,10.1145/226239.226256,https://openalex.org/W2033250216,off-topic-false-hit; software-testing; maintenance-environment,"The object-oriented (OO) paradigm is rapidly gaining acceptance in the software industry. However, the powerful features of this new paradigm also introduce a new set of OO software testing and maintenance problems. The pioneering work in identifying these new problems includes [7, 10-12, 14, 16, 18]. The problems can be summarized as: 1) the understanding problem; 2) the complex interdependency problem; 3) the object state behavior testing problem; and 4) the tool support problem. Detailed discussions of these problems will be provided later. Our industrial experience confirms these discoveries.",openalex,llm,1.000,unreviewed,
discarded,Programming pedagogy—a psychological overview,Leon E. Winslow,1996,ACM SIGCSE Bulletin,10.1145/234867.234872,https://openalex.org/W2038598927,adjacent-subtopic; psychology-of-programming; pedagogy-overview,"Can we turn novices into experts in a four year undergraduate program? If so, how? If not, what is the best we can do? While every teacher has his/her own opinion on these questions, psychological studies over the last twenty years have started to furnish scientific answers. Unfortunately, little of these results have been incorporated into curricula or textbooks. This report is a brief overview of some of the more important results concerning computer programming and how they can affect course design.",openalex,llm,0.920,unreviewed,
