status,title,authors,year,venue,doi,url,tags,abstract,provider,decision_source,llm_confidence,llm_review_outcome,llm_change_direction
discarded,Challenges and strategic solutions in heritage language instruction: an evaluation from teachers' perspectives,"Sonmez L. Le Gac, Hulya",2026,INTERNATIONAL JOURNAL OF MULTILINGUALISM,10.1080/14790718.2026.2623528,https://www.webofscience.com/wos/woscc/full-record/WOS:001676476500001,off-topic-false-hit; heritage-language; teacher-perspectives,"This study aims to identify the characteristics of Heritage Language (HL) teaching free from challenges, based on teachers' recommendations, after identifying the difficulties encountered in HL instruction. Data on the HL teaching process were collected from 17 Turkish language teachers working in France. In the first stage, teachers' observations on difficulties stemming from HL learning experiences and environments, lesson content, and assessment procedures were gathered. In the second stage, teachers provided recommendations to overcome the identified challenges, including designing lesson content, organizing teaching processes, adapting activities for multigrade classrooms, improving assessment methods, and implementing sibling-class applications. The findings, conclusions were drawn regarding the current state of Turkish HL teaching in France and how the instructional process should be structured. The results indicated that HL didactics in France exhibits a multilayered structure that is not only pedagogical but also deeply intertwined with social, cultural, and individual contexts. These findings were classified into two main dimensions: (i) factors forming the internal components of HL education, and (ii) external factors that, while not inherently part of HL didactics, exert a significant influence. Recommendations were proposed to enhance the functionality and visibility of key factors supporting the sustainability of Turkish teaching in EILE classrooms.",wos,llm,1.000,unreviewed,
discarded,SmolLab_SEU at BEA 2025 Shared Task: A Transformer-Based Framework for Multi-Track Pedagogical Evaluation of AI-Powered Tutors,"Rahman, Md. Abdur; Al Amin, Md; Aftahee, Sabik; Junayed, Muhammad; Rahman, Md Ashiqur",2025,"PROCEEDINGS OF THE 20TH WORKSHOP ON INNOVATIVE USE OF NLP FOR BUILDING EDUCATIONAL APPLICATIONS, BEA 2025",,https://www.webofscience.com/wos/woscc/full-record/WOS:001616250100088,off-topic-false-hit; ai-tutors; class-imbalance,"The rapid adoption of AI in educational technology is changing learning settings, making the thorough evaluation of AI tutor pedagogical performance is quite important for promoting student success. This paper describes our solution for the BEA 2025 Shared Task on Pedagogical Ability Assessment of AI-powered tutors, which assesses tutor replies over several pedagogical dimensions. We developed transformer-based approaches for five diverse tracks: mistake identification, mistake location, providing guidance, actionability, and tutor identity prediction using the MRBench dataset of mathematical dialogues. We evaluated several pre-trained models including DeBERTa-V3, RoBERTa-Large, SciBERT, and EduBERT. Our approach addressed class imbalance problems by incorporating strategic fine-tuning with weighted loss functions. The findings show that, for all tracks, DeBERTa architectures have higher performances than the others, and our models have obtained in the competitive positions, including 9(th) of Tutor Identity (Exact F1 of 0.8621), 16(th) of Actionability (Exact F1 of 0.6284), 19(th) of Providing Guidance (Exact F1 of 0.4933), 20(th) of Mistake Identification (Exact F1 of 0.6617) and 22(nd) of Mistake Location (Exact F1 of 0.4935). The difference in performance over tracks highlights the difficulty of automatic pedagogical evaluation, especially for tasks whose solutions require a deep understanding of educational contexts. This work contributes to ongoing efforts to develop robust automated tools for assessing.",wos,llm,1.000,unreviewed,
discarded,Feature Reconstruction via Reverse Distillation for Multi-class Anomaly Detection,"Wang, Jiaxiang; Xu, Haodi; Cai, Zheyuan; Tu, Xiaotong",2025,"ADVANCED INTELLIGENT COMPUTING TECHNOLOGY AND APPLICATIONS, ICIC 2025, PT XVI",10.1007/978-981-96-9921-6_26,https://www.webofscience.com/wos/woscc/full-record/WOS:001568983600026,off-topic-false-hit; anomaly-detection; multi-class,"Unsupervised anomaly detection has attracted considerable attention in industry due to its broad applicability and practical significance. However, most existing methods are based on a one-class-one-model paradigm, which poses significant challenges in model management and incurs high computational and storage costs. In this paper, we target the more challenging yet practical task of multi-class unsupervised anomaly detection. Following the multi-class-onemodel paradigm, we propose a simple and effective anomaly detection framework based on knowledge distillation, termed FRRD. To improve the accuracy and precision of feature reconstruction, we introduce a teacher knowledge injection module, where a student model is guided by knowledge transferred from a teacher model, enabling more precise reconstruction. In addition, to enable multilevel feature integration while preventing trivial identity mapping, we design a feature compression module that compresses and fuses multi-level features into low-dimensional representations. This not only increases the reconstruction difficulty during training but also mitigates shortcut learning. Finally, we employ a dynamic hard-mining loss to further encourage the model to focus on regions that are more difficult to reconstruct, thereby enhancing anomaly localization performance. Extensive experiments demonstrate the effectiveness of our approach, achieving superior performance in both anomaly detection and localization tasks across the MVTec AD, VisA, and Uni-Medical datasets.",wos,llm,1.000,unreviewed,
discarded,Supporting Identity-Based Motivation: Next-Year Continuation Effects of High-Fidelity <i>Pathways-to-Success</i>,"Oyserman, Daphna; Lai, Mark; Burbidge, Alysia; Sorensen, Nicholas",2025,JOURNAL OF EXPERIMENTAL EDUCATION,10.1080/00220973.2025.2565170,https://www.webofscience.com/wos/woscc/full-record/WOS:001589355200001,off-topic-false-hit; identity-based-motivation; school-intervention,"We document the next-year carryover effects on grades and risk of course failure (N = 875) of Pathways-to-Success, a whole-class, teacher-trained, and teacher-led universal intervention. Structural equation modeling reveals that higher fidelity is associated with higher identity-based motivation. Through identity-based motivation, higher fidelity is associated with better 8th-grade academic outcomes, and through 8th-grade outcomes, 9th-grade outcomes. Providing support for the theorized process model, effects are robust across tools for coding and modeling the identity-based motivation construct. Pathways-to-Success supports school-focused identity-based motivation and hence, academic attainment, via activities that bolster students' existing identity-based motivation in three ways. Activities help students see that they and their peers all (1) have skills and abilities to succeed in school this year and into the future, (2) imagine some future as an adult with school as the path to get there, and (3) interpret difficulties and setbacks as indicators of importance, not only of low odds or impossibility. Our results contribute to studies documenting the effects of Pathways-to-Success on 8th-grade outcomes by extending effects to 9th-grade and suggesting the robustness of the key mediating construct, increasing confidence in the effects and process model.",wos,llm,1.000,unreviewed,
discarded,Dramatherapy in an adapted school: what identity boxes reveal,"Porrovecchio, Alessandro; Pruvost, Berenice Mai",2025,FRONTIERS IN EDUCATION,10.3389/feduc.2025.1603207,https://www.webofscience.com/wos/woscc/full-record/WOS:001569634600001,off-topic-false-hit; dramatherapy; identity,"Background Dramatherapy is increasingly used in special education contexts to support young people facing academic, emotional, and social challenges. In France, Regional Institutions for Adapted Education (EREA-Etablissement R & eacute;gional d'Enseignement Adapt & eacute;) serve vulnerable adolescents, often stigmatized and marginalized in mainstream schooling. This study explores the use of identity boxes as both a research method and a therapeutic tool in such a context.Aims The study investigates how identity boxes, integrated into a dramatherapy program, can foster emotional expression, self-reflection, and improved peer relationships among students in an adapted education setting.Methods Conducted as part of a research project, the intervention involved ten dramatherapy workshops led by a certified dramatherapist and conducted with two groups of final- and penultimate-year students. A control group, who did not take part in the workshops, nonetheless participated in two sessions dedicated to the construction of identity boxes, delivered as part of their visual arts classes. The study adopted an ethnographic approach, combining participant observation, semi-structured interviews, and the analysis of identity boxes and the associated narratives.Results Students in the dramatherapy group demonstrated enhanced emotional introspection, more positive peer interactions, and a stronger sense of Self, while the control group showed fewer developments. The identity boxes served both as expressive objects and as reflective instruments, offering deep insights into students' evolving self-perception and experiences of inclusion.Conclusions This study highlights the value of combining dramatherapy and creative visual methods in special educational settings. It underscores the importance of arts-based interventions in fostering emotional wellbeing and inclusion for students with disabilities and social difficulties, suggesting future applications in similar institutional contexts.",wos,llm,1.000,unreviewed,
discarded,Trajectories and predictors of racial authenticity challenges among adolescents from multicultural intermarried families in a National Sample of South Korea,"Choi, Jayoon; Jang, Hye In; Hong, Jeeyeon; Park, Ju Hee",2025,JOURNAL OF APPLIED DEVELOPMENTAL PSYCHOLOGY,10.1016/j.appdev.2025.101833,https://www.webofscience.com/wos/woscc/full-record/WOS:001534995300001,off-topic-false-hit; racial-authenticity; adolescents,"Background: The increase in multicultural intermarriages in South Korea has led to a growing population of adolescents from multicultural families, many of whom encounter unique social challenges. Racial Authenticity Challenges (RAC) refer to the difficulties these adolescents experience when they seek their identity and continue to interact with their social environment. This study aimed to explore the trajectories of RAC among adolescents from intermarried families in Korea and examine both adolescent-and mother-related predictors that influence these trajectories over time. Method: This study used four waves of data from the Multicultural Adolescents Panel Study (MAPS) conducted from 2012 to 2015, including 784 adolescents (377 boys, 48.1 %, aged 10-15 years) and their immigrant mothers. The mothers' rational backgrounds were as follows: Japan (37.9 %), the Philippines (28.1 %), China (24.7 %), Thailand (3.7 %), Vietnam (1.8 %), and other countries (3.8 %). Latent growth modeling and latent class growth modeling were performed to determine the number and patterns of RAC trajectories among adolescents. Additionally, multinomial logistic regression analysis was conducted to examine the influence of adolescents-and mother-related predictors. Results: Four distinct RAC trajectories were identified: (1) high and stable (i.e., consistently high RAC levels over time), (2) low and stable (i.e., consistently low RAC levels over time over time), (3) low to high (i.e., initially low RAC levels that increase over time), (4) high to low (i.e., initially high RAC levels that decrease over time). Significant predictors of RAC trajectory membership were found, including adolescents' Korean proficiency, support from friends, academic achievement, and immigrant mothers' acculturative stress. Conclusion: This study found that adolescents from intermarried families in Korea, despite being born and raised in the country for over a decade, continue to face significant challenges with social integration and a sense of belonging. Four distinct trajectories of RAC trajectories were identified, each influenced by specific factors. These findings underscore the importance of customized interventions that consider the diversity in RAC trajectories and address the unique needs for each group. By considering key predictors, such as language skills and social support, it is possible to reduce RAC and improve the social integration of adolescents from multicultural families.",wos,llm,1.000,unreviewed,
discarded,Newly Arrived Migrant Students' perceptions of second language learning conditions in Emergency Remote Teaching: The case of Flanders,"Seynhaeve, Shauny",2025,DUTCH JOURNAL OF APPLIED LINGUISTICS,10.51751/dujal18339,https://www.webofscience.com/wos/woscc/full-record/WOS:001523097300001,off-topic-false-hit; second-language-learning; remote-teaching,"When Newly Arrived Migrant Students (NAMS) enter their country of arrival, they are expected to get familiarized with the new educational system, while simultaneously acquiring the language of instruction. Within this context, comprehensible input and meaningful interaction are needed to effectively acquire a second language. While educational systems worldwide switched to Emergency Remote Teaching due to the outbreak of COVID-19 in 2020, such online learning environments often fail to meet these language learning conditions adequately. We investigated NAMS' perceptions of second language learning conditions during online learning through six semi-structured focus groups with 23 NAMS. Results show that participants encountered greater difficulties in understanding their teachers' input in online classes. Although alternative input channels, such as video recordings, reportedly did not entirely compensate the lack of interaction in the online environment, participants believed that processing alternative sources of input enabled them to maintain their Dutch proficiency through Emergency Remote Teaching.",wos,llm,1.000,unreviewed,
discarded,'Things haven't gone the way I thought they'd go': secondary mathematics teachers talk about trialling a problem-solving pedagogy,"Wilkie, Karina J.",2025,JOURNAL OF MATHEMATICS TEACHER EDUCATION,10.1007/s10857-025-09709-y,https://www.webofscience.com/wos/woscc/full-record/WOS:001509299800001,off-topic-false-hit; mathematics-teachers; pedagogy,"To gain insights into teachers' professional growth and identities over time, researchers have pointed to the importance of investigating the mechanisms that shape teachers' actions and reactions. This study of 10 practising secondary mathematics teachers drew on a theoretical framing of narrative-defined identities and four dimensions of student engagement to explore their professional learning experiences in response to their school's initiative to incorporate student-centred problem solving. Four identities drawn from their collected narratives about trialling the 'teaching-through-problem-solving' approach for more a year are shared: Teacher as performer, inspirer, trouble-shooter, and tinkerer. Overall, the teachers reflected on the surprising unpredictability of their students' reactions. They shared stories of high teacher enjoyment from intriguing their students, pleasant surprise from seeing unexpected cognitive and social engagement, and confusing disappointment from seeing unexpected difficulties and disengagement. Teachers' experiences of facilitating class discussions using student sharing of solutions were considerably diverse. Some challenges for schools and implications for professional learning facilitators in the context of teachers being asked to make such pedagogical shifts are discussed.",wos,llm,1.000,unreviewed,
discarded,"The class as an encounter and as a project of relationships ""outside identity""","Ponzio, Augusto",2025,REVISTA ESTUDOS POLITICOS,,https://www.webofscience.com/wos/woscc/full-record/WOS:001462267300028,off-topic-false-hit; identity; political-philosophy,"This essay aims to reflect on the courses offered by Professor Augusto Ponzio, Professor Emeritus at the Universit & agrave; degli Studi di Bari, based on the political demands of Italian students, in May of this year, in Rome and Bari, Italian cities. Calling into question the relationships we ordinarily establish with texts, the professor and philosopher weaves his lessons, called Seminars, between the years 2019 and 2024, calling for the decentralization of relationships between teachers and students around content-based and abstract teaching. In the Seminars, the very texts that make up the reflections-the critique of identity, the text in ordinary communication and in art, the analysis of globalization as a readable text, literary language, the contemporary languages of digital media-are intertwined with dialogical relationships between master and students, composing a philosophy of language in an educational act. By sharing the planning of the meetings, we glimpse the conception of the world that the teacher assumes, taking the class as a tense, experimental surface, as a dialogical arena in which the many ways of thinking, saying and acting in culture are translated, configuring itself as critical basis against neoliberal ideology in student education.",wos,llm,1.000,unreviewed,
discarded,An Implementation of Java Programming Assistant System in University Course,"Aung, Soe Thandar; Funabiki, Nobuo; Lu, Xiqin; Wai, Khaing Hsu; Jing, Yanhui; Kao, Wen-Chung",2024,"2024 11TH INTERNATIONAL CONFERENCE ON CONSUMER ELECTRONICS-TAIWAN, ICCE-TAIWAN 2024",10.1109/ICCE-Taiwan62264.2024.10674115,https://www.webofscience.com/wos/woscc/full-record/WOS:001324532300284,adjacent-subtopic; assistant-system; java-course,"Nowadays, Java is highly prevalent due to its portability and object-oriented design. To aid novice learners, we have developed Java Programming Learning Assistant System (JPLAS) with the Node.js-based platform. Currently, JPLAS offers seven problem types at different levels, allowing automatic marking of answers through string matching. In this paper, we present the implementation of JPLAS in the 2023 Java programming course at Okayama University, Japan. For this course, we generated 133 problem instances aligned with its curriculum and assigned them to 56 third-year students. The solution results highlight difficulty variations across the problem types and affirm the effectiveness in the course.",wos,llm,0.830,unreviewed,
discarded,Dual Teacher: Improving the Reliability of Pseudo Labels for Semi-Supervised Oriented Object Detection,"Fang, Zhenyu; Ren, Jinchang; Zheng, Jiangbin; Chen, Rongjun; Zhao, Huimin",2025,IEEE TRANSACTIONS ON GEOSCIENCE AND REMOTE SENSING,10.1109/TGRS.2024.3519173,https://www.webofscience.com/wos/woscc/full-record/WOS:001389581000036,off-topic-false-hit; object-detection; remote-sensing,"Oriented object detection in remote sensing is a critical task for accurately location and measurement of the interested targets. Despite of its success in object detection, deep learning-based detectors rely heavily on extensive data annotation. However, variations in object appearance significantly increase the difficulty and the cost of creating large-scale annotated datasets. Semi-supervised learning (SSL) aims to utilize unlabeled data to enhance object detectors. Among these, pseudo-label-based methods have shown promising results recently. Nonetheless, as training progresses, the accumulation of errors in pseudo labels leads to prediction bias without corrections. To tackle this particular challenge, we present a SSL pipeline, named ""dual teacher,"" for improving the reliability of pseudo labels in the semi-supervised oriented object detection. First, to mitigate the bias caused by limited annotated data, a global burn-in (GBI) strategy is introduced at the beginning of training, which guides the student detector to learn the feature extraction on a global scale. In addition, an online bounding box (bbox) correction module is proposed to decrease the occurrence of mislabeled instances and enhance the reliability of detection. These improvements are facilitated by an additional detector, instead of a single teacher model in the teacher-student architecture. Dual teacher reduces the dependency on the quality of pseudo labels related to the model complexity and combines the strengths of both the two-stage and one-stage detectors. With only 20% labeled data, dual teacher outperforms fully supervised rotated fully convolutional one-stage object detection (R-FCOS), you only look once X-small (YOLOX-s), and rotated region-based convolutional neural network (R-RCNN) by up to 2% on both a large-scale dataset for object detection in aerial images (DOTA) and SODA-A datasets. This reveals its potential in reducing labor-intensive tasks and enhancing robustness against environmental interference and noisy labels. The code is available at: https://github.com/ZYFFF-CV/DualTeacher-semisup.git.",wos,llm,1.000,unreviewed,
