status,title,authors,year,venue,doi,url,tags,abstract,provider,decision_source,llm_confidence,llm_review_outcome,llm_change_direction,paper_id
discarded,Measuring the Effects of Precollege Engineering Education,"Salzman, Noah; Ohland, Matthew W.; Cardella, Monica E.",2014,2014 ASEE ANNUAL CONFERENCE,,https://www.webofscience.com/wos/woscc/full-record/WOS:000383779804046,off-topic-false-hit,"The deployment of co-curricular and extracurricular K-12 engineering programs has expanded dramatically in recent years. Many states now explicitly or implicitly include engineering as part of their education standards, reflecting the increasing acceptance of engineering at the K-12 level and its potential value to students. In addition to promoting outcomes that benefit all students regardless of career aspirations such as increased math and science achievement and greater technological literacy, K-12 engineering programs have been identified as a means of recruiting and retaining potential students in engineering.

The growth of precollege engineering programs means that increasing numbers of incoming engineering students will have had some exposure to engineering prior to their enrollment in engineering programs. However, the impact of precollege engineering experiences on undergraduate engineering students is relatively unexplored. To address this lack of understanding, this study uses a mixed-methods exploratory approach to examine how exposure to precollege engineering programs affects the experiences of university engineering students. Phenomenographic interviews with cohorts of first year engineering students are currently being analyzed to identify the qualitatively different ways undergraduate engineering students experience the effects of precollege engineering. These results will then be used to develop an instrument to measure the extent of these effects in the larger population of undergraduate engineering students at multiple institutions.

Although a limited number of prior studies have demonstrated that exposure to precollege engineering can have a positive impact on students' performance in undergraduate engineering programs, much less is known about how these programs increase achievement and how students utilize the knowledge and experience gained from participation in precollege engineering programs in their undergraduate engineering classes. This research seeks to address this gap by describing both the extent of alignment between precollege and university engineering programs as identified by students and how misalignments can negatively affect students' experiences and their decision to persist in a university engineering program. Examining the demographics of the participants will demonstrate who has access to or is taking advantage of precollege engineering programs, and if the effects of precollege engineering vary across different demographic groups.

To date, most undergraduate engineering programs assume little to no formal exposure to engineering prior to matriculation. With the growth of precollege engineering programs, this is no longer a valid assumption. The results of this research will help engineering administrators, instructors and designers of undergraduate and precollege curricula adapt to students' changing needs and abilities. Research results will also guide undergraduate engineering programs in developing retention and instructional strategies to adapt to increasing numbers of students with engineering experiences prior to matriculation.",wos,llm,0.990,unreviewed,,hash:b3be88d3eb1fddd9
discarded,Constraints to Changing Pedagogical Practices in Higher Education: An example from Japanese lesson study,"Demir, Kadir; Sutton-Brown, Camille; Czerniak, Charlene",2012,INTERNATIONAL JOURNAL OF SCIENCE EDUCATION,10.1080/09500693.2011.645514,https://www.webofscience.com/wos/woscc/full-record/WOS:000306973100004,off-topic-false-hit,"This article describes a qualitative study of college mathematics and science faculty (n = 6) and their engagement in a reform-based program, Japanese lesson study (LS), to change their teaching practices. LS is a process in which a team of four to six teachers jointly design, teach, observe, analyze, and revise a single class lesson. A series of semi-structured, open-ended, interviews was completed with each of the faculty participants. Two sets of assertions were developed from analyses of the data and examples and explanations corroborating each assertion are provided. The results of the study identified issues related to organizational and faculty changes that need to be addressed if faculty responses to pedagogical innovations are to succeed. Implications of the findings for practice and future research are discussed.",wos,llm,0.980,unreviewed,,doi:10.1080/09500693.2011.645514
discarded,Illustrations in multi-media programs: A way to understand science?,"Ljung-Djarf, Agneta",2010,"IMSCI 10: 4TH INTERNATIONAL MULTI-CONFERENCE ON SOCIETY, CYBERNETICS AND INFORMATICS, VOL II (POST-CONFERENCE EDITION)",,https://www.webofscience.com/wos/woscc/full-record/WOS:000391343600058,adjacent-subtopic,This paper reports on a pilot study within a Swedish Research Council Project called Illustrations making meaning? Young pupils encountering explanatory pictures and models in science and mathematics education in primary school and pre-school. The aim of the pilot study was to give an example of how children may meet science illustrations through encounters with an electronic multi-media program that is quite widely used at pre-school. The pilot study developed on the basis of an inventory of educational illustrations that was carried out at ten preschool departments. This inventory showed that a CD-ROM program called Ants in the pants (Myror i brallan (c)) is frequently used and the pilot study set out to explore its use at one specific preschool site. A variation theory analysis of the software was made. The conclusions were that there is a gap between natural science content and the play content and a clear absence of integrated educational content due mainly to the simplified design of the program. This design mimics assumptions about pre-school teaching and the idea that preschool teachers try to make content more childish by using other words than the official or by letting the content become an educational background whilst fantasy and play are pushed into the foreground. This tends to make key elements of content invisible. The natural science models are also found to be simplified and decontextualized and could be significantly improved by offering opportunities to discern important aspects related to the object of learning.,wos,llm,0.990,unreviewed,,hash:2e72225384cc1e94
kept,From Phenomenography Study to Planning Teaching,"Thompson, Errol",2010,ITICSE 2010: PROCEEDINGS OF THE 2010 ACM SIGCSE ANNUAL CONFERENCE ON INNOVATION AND TECHNOLOGY IN COMPUTER SCIENCE EDUCATION,,https://www.webofscience.com/wos/woscc/full-record/WOS:000286906900005,supports-claim; teaching,"A phenomenographic study uncovers variations in the way that the subjects are aware of a phenomenon. In the categories of description that represent the variations in awareness there are features that, through their variation, define the characteristics of the categories. Teaching seeks to foster a change in the way that the learner is aware of a phenomenon through opening up a space of learning. This paper outlines the way that the outcome spaces from a phenomenographic study can be used to plan a teaching programme that utilises variations in the features. It discusses a strategy for teaching programming based on a phenomenographic study of practitioner conceptions of an object-oriented program. The strategy covers features related to the nature of an object-oriented program.",wos,llm_reviewed,0.990,confirmed,,hash:e83afaf92b2d0d15
discarded,"Synthesizing research on programmers' mental models of programs, tasks and concepts-A systematic literature review","Heinonen, Ava; Lehtela, Bettina; Hellas, Arto; Fagerholm, Fabian",2023,INFORMATION AND SOFTWARE TECHNOLOGY,10.1016/j.infsof.2023.107300,https://www.webofscience.com/wos/woscc/full-record/WOS:001052429900001,adjacent-subtopic,"Context: Programmers' mental models represent their knowledge and understanding of programs, programming concepts, and programming in general. They guide programmers' work and influence their task performance. Understanding mental models is important for designing work systems and practices that support programmers.Objective: Although the importance of programmers' mental models is widely acknowledged, research on mental models has decreased over the years. The results are scattered and do not take into account recent developments in software engineering. In this article, we analyze the state of research on programmers' mental models and provide an overview of existing research. We connect results on mental models from different strands of research to form a more unified knowledge base on the topic.Method: We conducted a systematic literature review on programmers' mental models. We analyzed literature addressing mental models in different contexts, including mental models of programs, programming tasks, and programming concepts. Using nine search engines, we found 3678 articles (excluding duplicates). Of these, 84 were selected for further analysis. Using the snowballing technique, starting from these 84, we obtained a final result set containing 187 articles.Results: We show that the literature shares a kernel of shared understanding of mental models. By collating and connecting results on mental models from different fields of research, we provide a comprehensive synthesis of results related to programmers' mental models.Conclusion: The research field on programmers' mental models faces many challenges arising from a lack of a shared knowledge base and poorly defined constructs. By creating a unified knowledge base on the topic, this work provides a basis for future work on mental models. We also point to directions for future studies. In particular, we call for studies that examine programmers working with modern practices and tools.",wos,llm,0.720,unreviewed,,doi:10.1016/j.infsof.2023.107300
discarded,EEG Activities During Program Comprehension: An Exploration of Cognition,"Lin, Yu-Tzu; Liao, Yi-Zhi; Hu, Xiao; Wu, Cheng-Chih",2021,IEEE ACCESS,10.1109/ACCESS.2021.3107795,https://www.webofscience.com/wos/woscc/full-record/WOS:000692565000001,adjacent-subtopic,"This study attempts to explore cognition during program comprehension through physiological evidence by recording and comparing electroencephalogram (EEG) activities in different frequency bands and the eye movements of the participants with high or low programming abilities. An experiment was conducted with thirty-three undergraduate students majoring in Computer Science. We recorded their EEG activities when they were reading two programs with three types of program constructs. At the same time, the participants' eye movements were recorded by an eye tracker to further understand the relationship between the program comprehension process and EEG activities. Experimental results show that the high-performance participants displayed higher performance for working memory (theta power), attention resource allocation (lower alpha power), and interaction between working memory and semantic memory (upper alpha power) in program comprehension tasks of complex constructs, which proves related theories proposed in the existing research on programming and cognition. The results of this study not only offer objective evidence of the roles cognition plays in program comprehension but also provide educators with suggestions for designing suitable pedagogical strategies.",wos,llm,0.940,unreviewed,,doi:10.1109/access.2021.3107795
kept,Teaching Sequence Diagrams To Programming Beginners And The Change Of Algorithmic Conceptions,"Shah, Philipp; Hubwieser, Peter",2017,PROCEEDINGS OF 2017 IEEE GLOBAL ENGINEERING EDUCATION CONFERENCE (EDUCON2017),,https://www.webofscience.com/wos/woscc/full-record/WOS:000405192300049,supports-claim,Computer science students could have different concepts and misconceptions about the order of statements of object-oriented programming code and their effects. This paper shows the positive influence of early teaching UML sequence diagrams to programming beginners to their concepts of programming statements and the order thereof.,wos,llm,0.920,unreviewed,,hash:4fb6a2243a5588a9
discarded,Verbal communication and object-oriented activity: interrelation and interdependence,"Nechayev, N. N.; Reznitskaya, G. I.",2016,VOPROSY PSIKHOLOGII,,https://www.webofscience.com/wos/woscc/full-record/WOS:000395721600002,off-topic-false-hit,"The authors' view of the relationship between verbal communication and object-oriented activity is presented. Taken as the methodological basis of this relationship are some substantial Marxist ideas of an individual's place within the system of human relations, of human activity as social practice, of human language as practical consciousness as well as the ideas introduced by L.S. Vygotsky and his followers on relationship of speech and mind. The Russian psycho-linguistic studies (A.A. Leontiev) developed within the paradigm of the activity-based approach are viewed as essential for justifying the interrelations between verbal communication and object transformations. Object-oriented activity is treated by the authors as joint activity directed at transformations of the object and resulting in some new notions shared by those involved in the process. Also traced is the role of verbal communication directed to subjects' activity organization and development of their relations formed within the joint activity. It is demonstrated that from this perspective the well-known models of communication: informational and interactional appear to be insufficient.

The conception of dual nature of joint activity viewed as comprising two different aspects: the objective and the communicative is suggested by the authors. Either objective or communicative goals will dominate within the system ofjoint activity generated by the appropriate motives thus providing interrelation and interdependence between object-oriented activity andverbal communication. The suggested approach is then discussed on a more concrete level of a speech act (an utterance) viewed as the basic unit of verbal communication. The status of a verbal act as well as the conditions of its usage in a situation of intercultural communication are also outlined. The concept of language ""consciousness"" (P.Ya. Galperin) is specified by the authors in connection with their conception of duality of joint activity, substitution of this term for ""communicative consciousness"" is justified as more relevant in the context of the discussed conception. Communicative consciousness based on ordinary consciousness of a social individual is considered as related to other specialized forms of social consciousness (scientific, etc.), thus determining choice of appropriate language means. The fundamental role of communicative consciousness as a psychological mechanism of the subject's practical orientation in the process of verbal communication is discussed as well.

Special attention is paid to the necessity of specifying the character of communicative consciousness connected with a second language a subject is mastering a transition to a new communicative consciousness that should be a necessary first step in the conscious choice of an adequate language form of a verbal act. Some examples of empirical research illustrating the potential of the authors' approach to the process of students' learning a second language as a means of intercultural communication are presented.",wos,llm,1.000,unreviewed,,hash:5b00c5227cc90fa9
discarded,Approach to the Origin of the Notion of Learning Object: Historical and Bibliographic Review,"Jardey Suarez, Oscar",2016,INGE CUC,10.17981/ingecuc.12.2.2016.03,https://www.webofscience.com/wos/woscc/full-record/WOS:000390566400003,adjacent-subtopic,"The aim of this article is an approach to the understanding of the concept of Learning Object (LO) from a historical perspective, in which it is clear that this notion derived from the evolution of the paradigm of object-oriented programming; thence reflect the consequences of this on the education field. This work is part of the doctoral research entitled ""Learning objects as cultural artifacts: conceptions of physics teachers working in the engineering faculty."" The bibliographic study goes to primary and secondary sources for the construction of the arguments presented. For the organization two transcendent facts were took into account: the concept of classes and subclasses and the proposed LO. The conclusions of this study shown that the idea of LO is not spontaneous, but is the result of all engineering development around the classes and subclasses concepts, which eventually became into a paradigm that fosters a favorable context from which emerges as notion. Additionally further reflection for the incorporation of this concept in the field of education is proposed.",wos,llm,0.980,unreviewed,,doi:10.17981/ingecuc.12.2.2016.03
discarded,A Learning Methodology for Object Oriented Programming with Effective Support from the PA3P Automatic Evaluation Platform,"Lopez Reguera, Jorge; Farran Leiva, Yussef",2017,2017 36TH INTERNATIONAL CONFERENCE OF THE CHILEAN COMPUTER SCIENCE SOCIETY (SCCC),,https://www.webofscience.com/wos/woscc/full-record/WOS:000455184200006,adjacent-subtopic,"This article presents a methodology that uses the Platform for Active Programming Learning Support PA3P in the first stage of an Object Programming (OOP) course. The platform tests online the Java Programs that students write as exercises, enabling testing and personalized feedback generation for students. PA3P is a new version of a previous platform developed for introductory programming course in languages such as C, Java and Matlab, but with evaluation mechanisms adapted for handling Java projects and carry at automated evaluation of OOP concepts. This work presents the criteria used for creating didactic problem sequences and effectively applying them through automatic evaluation. The results obtained after two semesters of use show that that automatic evaluation positively affects students and performance. To obtain preliminary information about de effectiveness of platform, a qualitative and quantitative was carried out. The qualitative aspects where extracted by observing students behavior during the learning process, while quantitative analysis is based on data registered by platform and the evolution of students grades.",wos,llm,0.910,unreviewed,,hash:782cc44e9548bc0c
kept,Novice Comprehension of Object-Oriented OO Programs: An Empirical Study,"Alardawi, Ahmed S.; Agil, Agil M.",2015,2015 WORLD CONGRESS ON INFORMATION TECHNOLOGY AND COMPUTER APPLICATIONS (WCITCA),,https://www.webofscience.com/wos/woscc/full-record/WOS:000380511000044,supports-claim,"Class structure represents one of the essential concepts of Object-Oriented paradigm and therefore, a good understanding of this concept will positively affect the effectiveness of novice programmers. Comprehension underpins many programming activities such as program design and program implementation. Program comprehension represents in this context a mental model approach that involves interesting theoretical frameworks of program comprehension. Our starting point is Burkhardt cognitive model for OO program comprehension [1]. The model considers two distinct but interacting models: program and situation. Our focus does not rely primarily in distinguishing between these models, but use both of them to assess the influence on novices of class structure on program comprehension.

We report on an empirical study that aims of to investigate the effect of class structure on program comprehension for novices using controlled experimentation in which the treatments were a simple program without class structure versus the same program with classes present; they are termed respectively as: Non-Class based program and as Class based program. Data was collected from three different sets of experiments comprising of a total of 211 undergraduate first year computer science students from different institutions.

Preliminary findings of this investigation are reported, in particular results indicate that Class based programs were more understandable, readable, and accessible than the corresponding Non-Class based programs. Our findings align with and support those works that claim the cognitive benefits of the OO paradigm. Directions for future research are highlighted.",wos,llm,0.890,unreviewed,,hash:2de23de17a1b44ae
