status,title,authors,year,venue,doi,url,tags,abstract,provider,decision_source,llm_confidence,llm_review_outcome,llm_change_direction,paper_id
discarded,A data model and semantics of objects with dynamic roles,R.K. Wong; H.L. Chau; F.H. Lochovsky,1997,Proceedings 13th International Conference on Data Engineering,10.1109/ICDE.1997.581963,https://ieeexplore.ieee.org/document/581963/,off-topic-false-hit,"Although the concept of roles is becoming a popular research issue in object oriented databases and has been proven to be useful for dynamic and evolving applications, it has only been described conceptually in most of the previous work. Moreover, the important issues such as the semantics of roles (e.g., message passing) are seldom discussed. Furthermore, none of the previous work has investigated the idea of role player qualification, which models the fact that not every object is qualified to play a particular role. We present a data model and the semantics of roles. We discuss each of the above issues and illustrate the ideas with examples. From these examples, we can easily see that the problems we discussed are fundamental and indeed exist in many complex applications.",ieee,llm,0.990,unreviewed,,doi:10.1109/icde.1997.581963
discarded,Experiences in Developing and Using a Remote Lab in Teaching Robotics,Christian Bunse; Torsten Wieck,2022,2022 IEEE German Education Conference (GeCon),10.1109/GeCon55699.2022.9942749,https://ieeexplore.ieee.org/document/9942749/,off-topic-false-hit,"For STEM education, traditional presence laboratory courses (labs) are an essential component. They allow students to build on the knowledge they have acquired and apply it to solving specific problems. However, these kind of labs are known for their resource problems (personnel, time, and equipment). This work in progress paper presents the DistLab project at Stralsund University of Applied Sciences, Germany. DistLab aims to introduce and investigate a transferable concept for generic, hybrid remote laboratories in STEM education. Hybrid remote labs are the combination of off-campus work on remotely controllable systems that takes place on-campus. Students start working with a virtual simulation of the lab and test their solution in the real-world lab. Real-time interaction between students and lab allows immediate response and resolution to errors as they occur. Initial feedback has shown that the resource independence of this lab concept makes learning more flexible and unconstrained for students. However, this flexibility requires a high degree of self-discipline and self-organization.",ieee,llm,0.990,unreviewed,,doi:10.1109/gecon55699.2022.9942749
discarded,"Motivating Students to Understand, Rather Than Consume, Knowledge",Andreas Riener,2019,IEEE Pervasive Computing,10.1109/MPRV.2019.2898537,https://ieeexplore.ieee.org/document/8705021/,off-topic-false-hit,"How can a university lecturer inspire students in pervasive computing? In the interdisciplinary undergraduate program “User Experience Design” (tripartition of computer science, conception and design, and usability) at Technische Hochschule Ingolstadt, we have demonstrated how appropriate didactic concepts generate value in contrast to “purely transferring information.” We discuss our experiences and how selected modules in the curriculum help students to gradually acquire a holistic understanding of pervasive computing and how we inspire them to work in scientific fields by incorporating current findings from research into teaching After the industrial revolution in the 19th century, the digital revolution (i.e., information technology, networking, Industry 4.0) is considered the most profound change of the 21st century. Tailor-made/individual manufacturing, ubiquitous systems, on-demand customer service, global networking (“Internet of things”), mobile communication, social networks, and automated driving are examples of topics that have far-reaching implications for the economy, as well as the professional and private everyday lives of people.",ieee,llm,0.970,unreviewed,,doi:10.1109/mprv.2019.2898537
discarded,An operational approach for analyzing ICT-based constructivist and adaptive learning systems,Vu Minh Chieu; Dao Thi Viet Anh; Pham Khac Hung,2006,"2006 International Conference onResearch, Innovation and Vision for the Future",10.1109/RIVF.2006.1696435,https://ieeexplore.ieee.org/document/1696435/,off-topic-false-hit,"Constructivism is a learning theory that states that people learn best when they actively construct their own knowledge. Adaptability is the ability to adapt learning ex- periences to different kinds of learners. A significant number of ICT-based constructivist learning systems and ICT-based adaptive learning systems have been proposed in recent years. A critical problem related to the design and use of these kinds of systems has been the lack of a practical means for evaluat- ing the conformity of existing systems with constructivist prin- ciples and with adaptability principles. Our research aims to design truly constructivist and adap- tive learning environments. For that purpose, we have pro- posed a set of operational criteria for certain aspects of con- structivism and a set of criteria for adaptability from a con- structivist point of view, and we have used them as a useful framework both for designing learning systems and for ana- lyzing learning systems. In this paper, we present a new approach using operational criteria for analyzing existing learning systems with respect to support for constructivism and support for adaptability. We also outline several promising directions for future research on how to make existing learning systems more constructivist and adaptive.",ieee,llm,0.970,unreviewed,,doi:10.1109/rivf.2006.1696435
discarded,Report on a Field Experiment of the Comprehension Strategies of Computer Science MSc Students,Anett Fekete; Zoltán Porkolab,2022,2022 IEEE 16th International Scientific Conference on Informatics (Informatics),10.1109/Informatics57926.2022.10083413,https://ieeexplore.ieee.org/document/10083413/,adjacent-subtopic,"Program comprehension takes up a significant amount of the average developer's work time. Most development tasks require broad understanding of the code base. Modern integrated development environments (IDEs) possess a basic program comprehension toolset, but the primary goal of such tools is supporting program development, not comprehension. Standalone or built-in code comprehension tools provide a wider function set. Such tools could be especially important for junior programmers who lack experience with understanding large foreign codebase. In this paper, we describe an experiment we conducted with the participation of a group of Computer Science MSc students. The participants were given a simple programming task to solve which required understanding the software they modified. The students used CodeCompass, an open-source comprehension framework. During the experiment we collected various data on the students' comprehension strate-gies. We compare the results to previous comprehension models, considering the amount of programming experience and feedback from students.",ieee,llm,0.910,unreviewed,,doi:10.1109/informatics57926.2022.10083413
discarded,An experimental study on UML Modeling errors and their causes in the education of model driven PLC programming,Kerstin Duschl; Martin Obermeier; Birgit Vogel-Heuser,2014,2014 IEEE Global Engineering Education Conference (EDUCON),10.1109/EDUCON.2014.6826078,https://ieeexplore.ieee.org/document/6826078/,adjacent-subtopic,"Based on previous studies on programming errors and their causes, the presented study examines UML modeling failures in the area of teaching machine and plant automation that were made by 102 mechanical engineering students and analyzes their reasons. Though poor concentration, misunderstandings and overlooking of key aspects within the task have been mentioned by about one third to one fifth of the subjects, they could not explain the objective modeling performance. Instead, the main reason for the shortcomings in the subjects' UML models seems to be difficulties to “translate” their mental model of the system into an UML model. In particular, structure modeling was quite difficult to handle. Lack of time also was a problem, but resulted primarily from starting with the rather complicated structure modeling part instead of the behavior modeling part.",ieee,llm_reviewed,0.840,changed,kept->discarded,doi:10.1109/educon.2014.6826078
discarded,Work in progress - evolution of code reusing practices during a sequence of three CS courses,Osvaldo Clua; Maria Feldgen; Rosita Wachenchauzer,2007,"2007 37th Annual Frontiers In Education Conference - Global Engineering: Knowledge Without Borders, Opportunities Without Passports",10.1109/FIE.2007.4417922,https://ieeexplore.ieee.org/document/4417922/,adjacent-subtopic,"A certain amount of reuse practices are embedded in the CS courses. Some languages have also incorporated reuse as part of their design. We had the opportunity of teaching a group of students in three sequential programming courses ranging from the first notions (imperative programming) to a medium sized programming project in the third course (Java). During the three courses, different kinds and amounts of reuse were required from students, such as stepwise refinement of instructor's code and the use of design patterns. In this work in progress we present the first results of revisiting the code production of a group of students from the reuse point of view. We linked the reuse quality of students practice to some program comprehension parameters.",ieee,llm,0.940,unreviewed,,doi:10.1109/fie.2007.4417922
discarded,Analyse of American academic game courses in computer science education and guidance for domestic universities,Qi Yue; Wang Shan,2010,2010 International Conference on E-Health Networking Digital Ecosystems and Technologies (EDT),10.1109/EDT.2010.5496483,https://ieeexplore.ieee.org/document/5496483/,adjacent-subtopic,"Computer games are more and more popular and have grown to be a large industry, but game talents are lack and training mechanism is not yet perfect in our country. In order to solve this problem, it is necessary to develop game courses or specialty in domestic universities. In this paper, we analyze ways for integrating games into computer science curricula in several world-famous universities whose experience can be used for reference to us. With the guidance, some advices and conceptions are given for developing games in domestic universities, taking Beihang University as an example.",ieee,llm,0.970,unreviewed,,doi:10.1109/edt.2010.5496483
discarded,Integrating Parallel and Distributed Computing Topics into an Undergraduate CS Curriculum at UESTC,Guoming Lu; Jie Xu; Jieyan Liu; Bo Dai; Shenglin Gui; Siyu Zhan,2015,2015 IEEE International Parallel and Distributed Processing Symposium Workshop,10.1109/IPDPSW.2015.66,https://ieeexplore.ieee.org/document/7284390/,adjacent-subtopic,"In Fall 2013, we began participation in NSF/IEEE TCPP 2013 Early Adopters Program. This paper presents our efforts to incorporate parallel and distributed computing topics into our undergraduate computer science and engineering curriculum with the guide of the IEEE-TCPP model Curriculum. So far, TCPP recommended curriculum has been integrated eight courses, evaluations show our integration effort is successful. Evaluation also shows that practices such as lab/homework assignment effective improve students' conception, and contest club is a necessary complementarity of in-class courses.",ieee,llm,0.980,unreviewed,,doi:10.1109/ipdpsw.2015.66
discarded,Empirical Investigations on Curriculum Framing on the Basis of Academic Performance Analysis,Kavita S. Oza; Rajanish K. Kamat,2016,2016 IEEE 6th International Conference on Advanced Computing (IACC),10.1109/IACC.2016.158,https://ieeexplore.ieee.org/document/7544947/,off-topic-false-hit,"In the wake of refurbishment of basic teaching-learning paradigm owing to renaissance of online media we report empirical investigations relating to the curriculum framing. We argue that, no matter how well the instructional model is designed, unless we pay equal consideration towards curriculum, the overall transformational effect will be a void. Based on the scholarly literature survey, we showcase that there are not many studies undertaken in the direction of using curriculum as a change agent in the higher education. We put forth a new model of curriculum framing based on the student academic performance metrics as an input for a meaningful student centric curriculum as an output. Grounded on the conception of Choice based Credit System (CBCS) and prerequisites for the choice, our results evidence, association between the student performances at various subjects as one of the vital parameters for curriculum framing. We adopt the designed framework for a real case study of postgraduate program in Computer Science.",ieee,llm,0.990,unreviewed,,doi:10.1109/iacc.2016.158
discarded,A categorical model of Adaptive Educational Hypermedia Systems in Biomedical Engineering Project,Maria Aparecida Fernandes Almeida; Fernando Mendes de Azevedo,2008,2008 International Conference on Information Technology and Applications in Biomedicine,10.1109/ITAB.2008.4570609,https://ieeexplore.ieee.org/document/4570609/,off-topic-false-hit,"This paper presents a formal model to specification of Adaptive Educational Hypermedia Systems (AEHS) in Biomedical Engineering Project. This approach use Categories Theory (CT) that offers a high generality degree and abstraction inside the resolution of problems in any domain of hypermedia applications. The AEHS categorization is realized in several levels, with formalism in different structures can be considered; therefore the categorical language simplifies the abstraction, assisting in uniform formulation definition at conception of these systems.",ieee,llm,0.990,unreviewed,,doi:10.1109/itab.2008.4570609
discarded,Identification of Threshold Concepts for Intermediate Computer Science Students,Brian M. McSkimming; Sean Mackay; Adrienne Decker,2023,2023 IEEE Frontiers in Education Conference (FIE),10.1109/FIE58773.2023.10343211,https://ieeexplore.ieee.org/document/10343211/,adjacent-subtopic,"WIP Research Paper: The ability to identify threshold concepts within a discipline recognizes key components within a curriculum which, when learned, enables an individual to demonstrate as a member of that community. Within computer science, potential threshold concepts have sparked debates among researchers. According to the original definition by Meyer and Land, threshold concepts result in an individual being placed into a state of uncertainty or liminality and successful traversal of this liminal state results in a potentially irreversible transformation. When seeking to identify threshold concept, researchers often search for what concepts students feel are ‘troublesome’ or ‘difficult to learn’ since this state is often difficult to describe or understand when currently inside it or just past it. While threshold concepts have been identified for the beginning stages of programming, there is little to no work on the intermediate years of university computing education (years 2 & 3) and what potential threshold concepts exist during that time for computer science students. Our goal with this research is to help address this gap by answering the following research question: What concepts do intermediate students identify as being troublesome and/or ‘uncomfortable to learn’ within their computer science coursework?",ieee,llm,0.810,unreviewed,,doi:10.1109/fie58773.2023.10343211
discarded,jCAB: Making Java Class Design Easier for Novice Programmers,Qian Liu,2018,2018 IEEE Frontiers in Education Conference (FIE),10.1109/FIE.2018.8658507,https://ieeexplore.ieee.org/document/8658507/,adjacent-subtopic,"This Research Full Paper introduces a tool called Java Class Auto Builder (jCAB) that helps students to design Java custom classes, helps them to understand the core concepts in the class design, and helps them to develop Object-Oriented (OO) ideas efficiently. When OO programming is introduced to students, its fundamental concepts are difficult for them to learn at first, and also impact them when they start to design their custom class templates. The existing UML (Unified Modeling Language) based tools could be served for educational purpose, but they are not suitable for novice Java students or programmers. Those tools generate class template code automatically from UML diagrams which must represent the class structures and functionalities clearly. That requires users to have a comprehensive view on the class structures. However, when they are first exposed to custom class design, novice programmers usually do not know what are necessary in the design and/or the relationships among classes if there are any. Therefore, it would be hard for them to develop UML diagrams which could represent class templates clearly. A tool that could help students in this stage is necessary. The jCAB tool introduced in this paper is designed for Java CS1 course, and is a good start for novice programmers to learn how to implement custom classes. The tool divides the custom class design procedure into several steps in order to show students what are necessary in the class design clearly and how to do them in detail. Its GUI (Graphic User Interface) interacts with students, directs them step by step, and generates code in each step automatically, so that students will be aware of the class structure, the design procedures, and how each piece of code is related with OO concept, and they will have better grasp on the OO fundamentals and the custom class design procedures.",ieee,llm,0.790,unreviewed,,doi:10.1109/fie.2018.8658507
discarded,An object-oriented concurrent programming model for simulation applications on distributed memory processors network,B. Moisan; Y. Duthen; R. Caubet,1993,1993 Euromicro Workshop on Parallel and Distributed Processing,10.1109/EMPDP.1993.336417,https://ieeexplore.ieee.org/document/336417/,off-topic-false-hit,"We first explain our motivations to develop parallel architectures and software for realistic rendering and simulation applications. Then, after a brief summary of the results obtained with a previous prototype on a Transputer network with a classical programming approach (whose aim is to clearly explain the existing problems for the classical critical aspects of load balancing, deadlock, etc.), we explain why and how an object-oriented approach associated with an SPMD (single process, multiple data) programming model and its implementation appears to be well suited and more efficient. This demonstration is made on both sides of the problem: the data distribution and the communication model.<>",ieee,llm,0.990,unreviewed,,doi:10.1109/empdp.1993.336417
discarded,WIP: Object-Oriented Design Education: A Systematic Mapping Study,Héctor G. Pérez-González; Reyes Juárez-Ramírez; César Guerra-García; Alberto Núñez-Varela; Sandra Nava-Muñoz; Francisco J Torres Reyes; Francisco Martínez Pérez; Joshua Chibuike Nwokeji,2024,2024 IEEE Frontiers in Education Conference (FIE),10.1109/FIE61694.2024.10893398,https://ieeexplore.ieee.org/document/10893398/,adjacent-subtopic,"This WIP paper performs a systematic mapping study to investigate the evolution and trends in object-oriented design education (OOD), a critical aspect in software engineering curriculum. Based on 228 publications, the study illuminates significant pedagogical shifts in object-oriented design (OOD), distinguishing it from object-oriented programming (OOP). It also identified areas lacking in-depth research coverage. The research questions guiding this investigation include: 1) Which publication channels predominantly disseminate OODE research? 2) What teaching approaches are most reported in OODE research, and how have these approaches evolved over time? Our findings indicate a trend towards interactive and student-centered teaching methods yet underscore a pressing need for empirical studies to validate these educational strategies. This study aims to provide actionable insights for educators and curriculum developers to refine OOD teaching practices, aligning them more closely with evolving industry standards. Our future work will focus on in-depth analysis of our primary studies to gain insights on the impact of emerging technologies such as AI and VR on learning outcomes in OOD. We also plan to develop guidelines for effective integration of OOD in software engineering curriculum.",ieee,llm,0.960,unreviewed,,doi:10.1109/fie61694.2024.10893398
