status,title,authors,year,venue,doi,url,tags,abstract,provider,decision_source,llm_confidence,llm_review_outcome,llm_change_direction,paper_id
discarded,The Design of an Object-Oriented Environment and Language for Teaching,Michael Kölling,1999,Kent Academic Repository (University of Kent),,https://openalex.org/W2102872330,adjacent-subtopic,"While object-orientation has been widely accepted as an important programming paradigm, teaching object-orientation remains difficult.Experience reports suggest that some problems can be avoided by teaching object-orientation as the first language in an introductory course.However, other problems remain, in particular languages and environments are regularly criticised as unsuitable and overly complex.This thesis discusses aspects of object-oriented languages and environments that affect their suitability for first year teaching.General requirements for languages and environments are identified and used as a means to judge the suitability of the most popular systems in use today.The discussion shows that none of the currently available systems is suitable for object-oriented first year teaching.I have to thank my good friends Detlef Rudolph, who first introduced me to computers and awoke my interest in these machines, and Axel Schmolitzky, who helped a great deal in maintaining the fun of it while we were studying.Axel also gave valuable comments on a first draft of this thesis.Damien Watkins read large parts of this work, and gave helpful feedback.I am grateful to Professor J. L. Keedy who has opened many doors for me that have turned out to be important in my life, one of which was the one to Australia.Very special thanks go to Professor John Rosenberg who, as my supervisor, not only provided the most excellent help and supervision I could wish for, but also was of great importance to me privately when I arrived in this then foreign country.His support enabled me to find my way and build a new life",openalex,llm,0.980,unreviewed,,hash:6e45c78a4c40df0e
discarded,Automated Grading and Feedback Tools for Programming Education: A Systematic Review,Marcus Messer; Neil C. C. Brown; Michael Kölling; Miaojing Shi,2023,ACM Transactions on Computing Education,10.1145/3636515,https://openalex.org/W4381586920,adjacent-subtopic,"We conducted a systematic literature review on automated grading and feedback tools for programming education. We analysed 121 research papers from 2017 to 2021 inclusive and categorised them based on skills assessed, approach, language paradigm, degree of automation, and evaluation techniques. Most papers assess the correctness of assignments in object-oriented languages. Typically, these tools use a dynamic technique, primarily unit testing, to provide grades and feedback to the students or static analysis techniques to compare a submission with a reference solution or with a set of correct student submissions. However, these techniques’ feedback is often limited to whether the unit tests have passed or failed, the expected and actual output, or how they differ from the reference solution. Furthermore, few tools assess the maintainability, readability, or documentation of the source code, with most using static analysis techniques, such as code quality metrics, in conjunction with grading correctness. Additionally, we found that most tools offered fully automated assessment to allow for near-instantaneous feedback and multiple resubmissions, which can increase student satisfaction and provide them with more opportunities to succeed. In terms of techniques used to evaluate the tools’ performance, most papers primarily use student surveys or compare the automatic assessment tools to grades or feedback provided by human graders. However, because the evaluation dataset is frequently unavailable, it is more difficult to reproduce results and compare tools to a collection of common assignments.",openalex,llm,0.990,unreviewed,,doi:10.1145/3636515
kept,Internal representation and rule development in object-oriented design,Jinwoo Kim; F. Javier Lerch; Herbert A. Simon,1995,ACM Transactions on Computer-Human Interaction,10.1145/212430.212450,https://openalex.org/W2039265450,supports-claim,"This article proposes a cognitive framework describing the software development process in object-oriented design (OOD) as building internal representations and developing rules. Rule development (method construction) is performed in two problem spaces: a rule space and an instance space. Rules are generated, refined, and evaluated in the rule space by using three main cognitive operations: Infer, Derive, and Evoke. Cognitive activities in the instance space are called mental simulations and are used in conjunction with the Infer operation in the rule space. In an empirical study with college students, we induced different representations to the same problem by using problem isomorphs. Initially, subjects built a representation based on the problem description. As rule development proceeded, the initial internal representation and designed objects were refined, or changed if necessary, to correspond to knowledge gained during rule development. Differences in rule development processes among groups created final designs that are radically different in terms of their level of abstraction and potential reusability. The article concludes by discussing the implications of these results for object-oriented design.",openalex,llm,0.930,unreviewed,,doi:10.1145/212430.212450
discarded,Identifying SQL Misconceptions of Novices: Findings from a Think-Aloud Study,Daphne Miedema; Efthimia Aivaloglou; George Fletcher,2021,,10.1145/3446871.3469759,https://openalex.org/W3193751197,adjacent-subtopic,"SQL is the most commonly taught database query language. While previous research has investigated the errors made by novices during SQL query formulation, the underlying causes for these errors have remained unexplored. Understanding the basic misconceptions held by novices which lead to these errors would help improve how we teach query languages to our students. In this paper we aim to identify the misconceptions that might be the causes of documented SQL errors that novices make. To this end, we conducted a qualitative think-aloud study to gather information on the thinking process of university students while solving query formulation problems. With the queries in hand, we analyzed the underlying causes for the errors made by our participants. In this paper we present the identified SQL misconceptions organized into four top-level categories: misconceptions based in previous course knowledge, generalization-based misconceptions, language-based misconceptions, and misconceptions due to an incomplete or incorrect mental model. A deep exploration of misconceptions can uncover gaps in instruction. By drawing attention to these, we aim to improve SQL education.",openalex,llm,0.990,unreviewed,,doi:10.1145/3446871.3469759
discarded,Posthumanism and Design,Laura Forlano,2017,She ji,10.1016/j.sheji.2017.08.001,https://openalex.org/W2766818677,off-topic-false-hit,"Since at least the mid-1980s, design has been dominated by a human-centered and user-centered paradigm. Currently, the implications of technological and environmental transformations are challenging designers to focus on complex socio-technical systems. This article traces emergent discussions around posthumanism from across a range of disciplines and perspectives, and considers examples from emerging design practices that emphasize the interrelations between human and nonhuman actors. Specifically, this article reviews literature from actor-network theory (ANT), feminist new materialism, object-oriented ontology, non-representational theory, and transhumanism to inform the development of new methodologies and practices in the field of design. Finally, this article presents critiques of posthumanism from critical race theory and decolonial theory to consider how emergent design perspectives might better support values such as equality and justice for humans and nonhumans that have been traditionally ignored in design processes.",openalex,llm,1.000,unreviewed,,doi:10.1016/j.sheji.2017.08.001
discarded,Eye Movements in Code Reading: Relaxing the Linear Order,Teresa Busjahn; Roman Bednarik; Andrew Begel; Martha E. Crosby; James H. Paterson; Carsten Schulte; Bonita Sharif; Sascha Tamm,2015,,10.1109/icpc.2015.36,https://openalex.org/W4214843451,adjacent-subtopic,"Code reading is an important skill in programming. Inspired by the linearity that people exhibit while natural language text reading, we designed local and global gaze-based measures to characterize linearity (left-to-right and top-to-bottom) in reading source code. Unlike natural language text, source code is executable and requires a specific reading approach. To validate these measures, we compared the eye movements of novice and expert programmers who were asked to read and comprehend short snippets of natural language text and Java programs. Our results show that novices read source code less linearly than natural language text. Moreover, experts read code less linearly than novices. These findings indicate that there are specific differences between reading natural language and source code, and suggest that non-linear reading skills increase with expertise. We discuss the implications for practitioners and educators.",openalex,llm,0.980,unreviewed,,doi:10.1109/icpc.2015.36
discarded,Software Analytics to Support Students in Object-Oriented Programming Tasks: An Empirical Study,Pasquale Ardimento; Mario Luca Bernardi; Marta Cimitile,2020,IEEE Access,10.1109/access.2020.3010172,https://openalex.org/W3042224241,adjacent-subtopic,"The computing education community has shown a long-time interest in how to analyze the Object-Oriented (OO) source code developed by students to provide them with useful formative tips. Instructors need to understand the student's difficulties to provide precise feedback on most frequent mistakes and to shape, design and effectively drive the course. This paper proposes and evaluates an approach allowing to analyze student's source code and to automatically generate feedback about the more common violations of the produced code. The approach is implemented through a cloud-based tool allowing to monitor how students use language constructs based on the analysis of the most common violations of the Object-Oriented paradigm in the student source code. Moreover, the tool supports the generation of reports about student's mistakes and misconceptions that can be used to improve the students' education. The paper reports the results of a quasi-experiment performed in a class of a CS1 course to investigate the effects of the provided reports in terms of coding ability (concerning the correctness and the quality of the produced source code). Results show that after the course the treatment group obtained higher scores and produced better source code than the control group following the feedback provided by the teachers.",openalex,llm,0.880,unreviewed,,doi:10.1109/access.2020.3010172
kept,Threshold concepts in computer science,Jonas Boustedt; Anna Eckerdal; Robert McCartney; Jan Erik Moström; Mark Ratcliffe; Kate Sanders; Carol Zander,2007,ACM SIGCSE Bulletin,10.1145/1227504.1227482,https://openalex.org/W3002809031,supports-claim; threshold,"Yes, and Yes.We are currently undertaking an pirical investigation of ""Threshold Concepts"" in Computer Science, with input from both instructors and students. We have found good pirical evidence that at least two concepts---Object-oriented programming and pointers--are Threshold Concepts, and that there are potentially many more others.In this paper, we present results gathered using various experimental techniques, and discuss how Threshold Concepts can affect the learning process.",openalex,llm_reviewed,0.990,confirmed,,doi:10.1145/1227504.1227482
kept,Threshold concepts in computer science,Jonas Boustedt; Anna Eckerdal; Robert McCartney; Jan Erik Moström; Mark Ratcliffe; Kate Sanders; Carol Zander,2007,,10.1145/1227310.1227482,https://openalex.org/W2166305034,supports-claim; threshold,"Yes, and Yes.We are currently undertaking an pirical investigation of ""Threshold Concepts"" in Computer Science, with input from both instructors and students. We have found good pirical evidence that at least two concepts---Object-oriented programming and pointers--are Threshold Concepts, and that there are potentially many more others.In this paper, we present results gathered using various experimental techniques, and discuss how Threshold Concepts can affect the learning process.",openalex,llm_reviewed,0.990,confirmed,,doi:10.1145/1227310.1227482
discarded,Selecting critical features for data classification based on machine learning methods,Rung-Ching Chen; Christine Dewi; Su-Wen Huang; Rezzy Eko Caraka,2020,Journal Of Big Data,10.1186/s40537-020-00327-4,https://openalex.org/W3044853528,off-topic-false-hit,"Abstract Feature selection becomes prominent, especially in the data sets with many variables and features. It will eliminate unimportant variables and improve the accuracy as well as the performance of classification. Random Forest has emerged as a quite useful algorithm that can handle the feature selection issue even with a higher number of variables. In this paper, we use three popular datasets with a higher number of variables (Bank Marketing, Car Evaluation Database, Human Activity Recognition Using Smartphones) to conduct the experiment. There are four main reasons why feature selection is essential. First, to simplify the model by reducing the number of parameters, next to decrease the training time, to reduce overfilling by enhancing generalization, and to avoid the curse of dimensionality. Besides, we evaluate and compare each accuracy and performance of the classification model, such as Random Forest (RF), Support Vector Machines (SVM), K-Nearest Neighbors (KNN), and Linear Discriminant Analysis (LDA). The highest accuracy of the model is the best classifier. Practically, this paper adopts Random Forest to select the important feature in classification. Our experiments clearly show the comparative study of the RF algorithm from different perspectives. Furthermore, we compare the result of the dataset with and without essential features selection by RF methods varImp(), Boruta, and Recursive Feature Elimination (RFE) to get the best percentage accuracy and kappa. Experimental results demonstrate that Random Forest achieves a better performance in all experiment groups.",openalex,llm,1.000,unreviewed,,doi:10.1186/s40537-020-00327-4
kept,Reflections on threshold concepts in computer programming and beyond,Juha Sorva,2010,,10.1145/1930464.1930467,https://openalex.org/W2015646345,supports-claim; threshold,"I comment on and extend prior work that searches for threshold concepts in computer programming. I argue that explicitly linking threshold concepts to Brunerian fundamental ideas gives structure to the ongoing debate on threshold concepts. Program dynamics, information hiding and object interaction appear three strong candidates for threshold concepts in introductory programming, while abstraction and state seem to qualify as fundamental ideas. I further propose that the threshold concepts debate could benefit from the notion of transliminal concepts -- concepts that require an understanding of a threshold concept and can 'lure' students to and across thresholds.",openalex,llm_reviewed,0.900,confirmed,,doi:10.1145/1930464.1930467
discarded,Bipolar disorders: an update on critical aspects,Vincenzo Oliva; Giovanna Fico; Michele De Prisco; Xénia Gonda; Adriane Ribeiro Rosa; Eduard Vieta,2024,The Lancet Regional Health - Europe,10.1016/j.lanepe.2024.101135,https://openalex.org/W4404845165,off-topic-false-hit,"Bipolar disorders are chronic psychiatric conditions characterized by recurrent episodes of mania and depression. Affecting over 1% of the global population, these disorders contribute significantly to disability and mortality, often due to suicide and cardiovascular disease. Diagnostic challenges arise from symptom overlap with unipolar depression, frequently leading to delays. Bipolar disorders are driven by complex genetic, neurobiological, and environmental factors and are commonly accompanied by psychiatric and medical comorbidities, further complicating diagnosis and treatment. Standard management strategies include mood stabilizers, antipsychotics, and selective use of antidepressants, complemented by psychosocial interventions like cognitive-behavioral therapy and psychoeducation, which are vital for relapse prevention. Despite recent advancements, the management of bipolar disorders remains challenging, constrained by clinical variability, an absence of specific biomarkers, and differences in approved treatments and treatment guidelines across regions. Emerging research underscores the potential of precision psychiatry and digital health tools to enhance diagnosis and treatment. Nonetheless, critical gaps persist, particularly in implementing equitable care worldwide. This review offers a comprehensive update on bipolar disorders, examining clinical presentation, early diagnosis, pathogenesis, therapeutic strategies, and future perspectives to guide clinicians and researchers in addressing these ongoing challenges in research and clinical practice. Funding: None.",openalex,llm,1.000,unreviewed,,doi:10.1016/j.lanepe.2024.101135
discarded,Phase-change random access memory: A scalable technology,Simone Raoux; Geoffrey W. Burr; M. Breitwisch; Charles T. Rettner; Y.C. Chen; Robert M. Shelby; Martin Salinga; Daniel Krebs; S.-H. Chen; H.L. Lung; C. Lam,2008,IBM Journal of Research and Development,10.1147/rd.524.0465,https://openalex.org/W1987201308,off-topic-false-hit,"Nonvolatile RAM using resistance contrast in phase-change materials [or phase-change RAM (PCRAM)] is a promising technology for future storage-class memory. However, such a technology can succeed only if it can scale smaller in size, given the increasingly tiny memory cells that are projected for future technology nodes (i.e., generations). We first discuss the critical aspects that may affect the scaling of PCRAM, including materials properties, power consumption during programming and read operations, thermal cross-talk between memory cells, and failure mechanisms. We then discuss experiments that directly address the scaling properties of the phase-change materials themselves, including studies of phase transitions in both nanoparticles and ultrathin films as a function of particle size and film thickness. This work in materials directly motivated the successful creation of a series of prototype PCRAM devices, which have been fabricated and tested at phase-change material cross-sections with extremely small dimensions as low as 3 nm × 20 nm. These device measurements provide a clear demonstration of the excellent scaling potential offered by this technology, and they are also consistent with the scaling behavior predicted by extensive device simulations. Finally, we discuss issues of device integration and cell design, manufacturability, and reliability.",openalex,llm,1.000,unreviewed,,doi:10.1147/rd.524.0465
discarded,Signature pedagogies in the professions,Lee S. Shulman,2005,Daedalus,10.1162/0011526054622015,https://openalex.org/W2116257273,off-topic-false-hit,"Daedalus Summer 2005 The psychoanalyst Erik Erikson once observed that if you wish to understand a culture, study its nurseries. There is a similar principle for the understanding of professions: if you wish to understand why professions develop as they do, study their nurseries, in this case, their forms of professional preparation. When you do, you will generally detect the characteristic forms of teaching and learning that I have come to call signature pedagogies. These are types of teaching that organize the fundamental ways in which future practitioners are educated for their new professions. In these signature pedagogies, the novices are instructed in critical aspects of the three fundamental dimensions of professional work –to think, to perform, and to act with integrity. But these three dimensions do not receive equal attention across the professions. Thus, in medicine many years are spent learning to perform like a physician; medical schools typically put less emphasis on learning how to act with professional integrity and caring. In contrast, most legal education involves learning to think like a lawyer; law schools show little concern for learning to perform like one. We all intuitively know what signature pedagogies are. These are the forms of instruction that leap to mind when we 1⁄2rst think about the preparation of members of particular professions–for example, in the law, the quasi-Socratic interactions so vividly portrayed in The Paper Chase. The 1⁄2rst year of law school is dominated by the case dialogue method of teaching, in which an authoritative and often authoritarian instructor engages individual students in a large class of many dozens in dialogue about an appellate court case of some complexity. In medicine, we immediately think of the phenomenon of bedside teaching, in which a senior physician or a resident leads a group of novices through the daily clinical rounds, engaging them in discussions about the diagnosis and management of patients’ diseases. I would argue that such pedagogical signatures can teach us a lot about the personalities, dispositions, and cultures Lee S. Shulman",openalex,llm,0.990,unreviewed,,doi:10.1162/0011526054622015
