status,title,authors,year,venue,doi,url,tags,abstract,provider,decision_source,llm_confidence,llm_review_outcome,llm_change_direction
discarded,Object-Oriented Reengineering Patterns,"Serge Demeyer; Ducasse, Stéphane; Oscar Nierstrasz",2003,Elsevier eBooks,10.1016/b978-1-55860-639-5.x5000-7,https://openalex.org/W2121898992,off-topic-false-hit; reengineering-patterns; software-engineering,,openalex,llm,1.000,unreviewed,
discarded,Extending object-oriented systems with roles,Georg Gottlob; Michael Schrefl; Brigitte Röck,1996,ACM Transactions on Information Systems,10.1145/230538.230540,https://openalex.org/W1965695377,off-topic-false-hit; object-oriented-databases; roles,"In many class-based object-oriented systems the association between as instance and a class is exclusive and permanent. Therefore these systems have serious difficulties in representing objects taking on different roles over time. Such objects must be reclassified any time they evolve (e.g., if a person becomes a student and later an employee). Class hierarchies must be planned carefully and may grow exponentially if entities may take on serveral independent roles. The problem is even more servere for object-oriented databases than for common object-oriented programming. Databases store objects over longer periods, during which the represented entities evolve. This article shows how class-based object-oriented systems can be extended to handle evolving objects well. Class hierarchies are complemented by role hierarchies, whose nodes represent role types an object classified in the root may take on. At any point in time, an entity is represented by an instance of the root and an instance of every role type whose role it currently plays. In a natural way, the approach extends traditional object-oriented concepts, such as classification, object identity, specialization, inheritance, and polymorphism in a natural way. The practicability of the approach is demonstrated by an implementation in Smalltalk. Smalltalk was chosen because it is widely known, which is not true for any particular class-based object-oriented database programming language. Roles can be provided in Smalltalk by adding a few classes. There is no need to modify the semantics of Smalltalk itself. Role hierarchies are mapped transparently onto ordinary classes. The presented implementation can easily be ported to object-oriented database programming languages based on Smalltalk, such as Gemstone's OPAL hierarchies are complemented by role hierarchies, whose nodes represent role types an object classified in the root may take on. At any point in time, an entity is represented by an instance of the root and an instance of every role type whose role in currently plays.",openalex,llm,1.000,unreviewed,
discarded,Studying the effect of AI Code Generators on Supporting Novice Learners in Introductory Programming,Majeed Kazemitabaar; Justin Chow; Carl Ka To; Barbara Ericson; David Weintrop; Tovi Grossman,2023,,10.1145/3544548.3580919,https://openalex.org/W4321162272,adjacent-subtopic; ai-code-generators; intro-programming,"AI code generators like OpenAI Codex have the potential to assist novice programmers by generating code from natural language descriptions, however, over-reliance might negatively impact learning and retention. To explore the implications that AI code generators have on introductory programming, we conducted a controlled experiment with 69 novices (ages 10-17). Learners worked on 45 Python code-authoring tasks, for which half of the learners had access to Codex, each followed by a code-modification task. Our results show that using Codex significantly increased code-authoring performance (1.15x increased completion rate and 1.8x higher scores) while not decreasing performance on manual code-modification tasks. Additionally, learners with access to Codex during the training phase performed slightly better on the evaluation post-tests conducted one week later, although this difference did not reach statistical significance. Of interest, learners with higher Scratch pre-test scores performed significantly better on retention post-tests, if they had prior access to Codex.",openalex,llm,0.900,unreviewed,
discarded,An empirical investigation of an object-oriented software system,Michelle Cartwright; Martin Shepperd,2000,IEEE Transactions on Software Engineering,10.1109/32.879814,https://openalex.org/W2139085711,off-topic-false-hit; industrial-software; empirical-investigation,"The paper describes an empirical investigation into an industrial object oriented (OO) system comprised of 133000 lines of C++. The system was a subsystem of a telecommunications product and was developed using the Shlaer-Mellor method (S. Shlaer and S.J. Mellor, 1988; 1992). From this study, we found that there was little use of OO constructs such as inheritance, and therefore polymorphism. It was also found that there was a significant difference in the defect densities between those classes that participated in inheritance structures and those that did not, with the former being approximately three times more defect-prone. We were able to construct useful prediction systems for size and number of defects based upon simple counts such as the number of states and events per class. Although these prediction systems are only likely to have local significance, there is a more general principle that software developers can consider building their own local prediction systems. Moreover, we believe this is possible, even in the absence of the suites of metrics that have been advocated by researchers into OO technology. As a consequence, measurement technology may be accessible to a wider group of potential users.",openalex,llm,1.000,unreviewed,
discarded,How reuse influences productivity in object-oriented systems,Victor R. Basili; Lionel Briand; Walcélio L. Melo,1996,Communications of the ACM,10.1145/236156.236184,https://openalex.org/W2077229393,off-topic-false-hit; software-reuse; productivity,"LTHOUGH reuse is assumed to be especially valuable in building high-quality software, as well as in OO development, limited empirical evidence connects reuse with productivity and quality gains. The authors' eight-system study begins to define such benefits in an OO framework, most notably in terms of reduced defect density and rework, as well as in increased productivity.",openalex,llm,1.000,unreviewed,
discarded,Investigating quality factors in object-oriented designs,Lionel Briand; Jürgen Wüst; Stefan V. Ikonomovski; Hakim Lounis,1999,,10.1145/302405.302654,https://openalex.org/W1990259865,off-topic-false-hit; quality-factors; object-oriented-designs,"S.345-354 : Ill., Lit.",openalex,llm,1.000,unreviewed,
discarded,Class modification in the GemStone object-oriented DBMS,D. Jason Penney; Jacob Stein,1987,,10.1145/38765.38817,https://openalex.org/W1982731949,off-topic-false-hit; dbms; class-modification,"We are currently designing a class modification methodology for GemStone. We describe the current status of the design. We choose from two basic approaches and then introduce those aspects of GemStone necessary for an understanding of the paper. After defining a set of invariants for GemStone databases, we discuss specific class modification operations in terms of maintaining these invariants. We next discuss several issues that impact class modification. These issues include concurrency and authorization, and lead to difficult choices.",openalex,llm,1.000,unreviewed,
discarded,Learning challenges faced by novice programming students studying high level and low feedback concepts,Matthew Butler; Michael J. Morgan,2007,ASCILITE Publications,10.65106/apubs.2007.2829,https://openalex.org/W2188822067,adjacent-subtopic; general-programming-difficulties; oop-principles,"This paper describes an investigation into the nature of the academic problems that face novice programming students. These learners are required to demonstrate competencies in high-level abstract principles of programming and logic, such as program design and OOP principles, which are conceptually difficult. During the programming task learners receive relatively high levels of feedback on low level issues, such as syntax rules, but tend to receive low levels of feedback on conceptually more difficult issues. This problem tends to be exacerbated by the trend of learners to study independently, outside the classroom or in online modes, which further reduces the options available for quality feedback on high-level issues. This paper analyses the results of a survey given to students enrolled in an introductory programming unit across three campuses at Monash University in 2007. The survey focused on student perceptions of the relative difficulty in understanding and implementing both low level-programming concepts, such as syntax and variables, and high-level concepts, such as OOP principles and efficient program design. An analysis of the approximately 150 responses has indicated that a significant percentage of students experienced difficulties in high-level concepts. Also while many students may indicate an understanding of the principles of many high level concepts more students reported experiencing difficulty in implementing such concepts. This indicates that many students may achieve a level of understanding allowing near transfer of domain knowledge but fail to reach a level of understanding that enables far transfer.",openalex,llm,0.780,unreviewed,
kept,Exploring the Difficulties of Learning Object-Oriented Techniques,Steven D. Sheetz; Gretchen Irwin; David P. Tegarden; H. James Nelson; David E. Monarchi,1997,Journal of Management Information Systems,10.1080/07421222.1997.11518167,https://openalex.org/W2132650784,supports-claim; basic-object-concepts; learning-difficulties,":Object-oriented (OO) analysis, design, and programming techniques have emerged as potential solutions to the software crisis. However, learning OO techniques can be a difficult process. This study investigates students’ perceptions of the difficulties in learning and using OO techniques. Two groups of students who had recently completed a sixteen-week course on OO systems development participated in the study. Cognitive mapping techniques implemented with group support system (GSS) technology were used to gather information on the students’ perceptions. The groups used the GSS to identify what was difficult about learning and using OO techniques, classify these concepts into categories, rank the relative importance of each category, and determine the relationships among the categories. Importance rankings of the categories show that learning basic object concepts was most important to and most difficult for the students, followed by design issues, and programming techniques. Composite cognitive maps of the shared perceptions of group members suggest that educators and industry trainers can reduce the difficulties of learning OO concepts by teaching simplified methodologies and controlling difficulties of the programming environment.",openalex,llm,0.950,unreviewed,
discarded,Type theories and object-oriented programmimg,Scott Danforth; C. Tomlinson,1988,ACM Computing Surveys,10.1145/62058.62060,https://openalex.org/W2041042883,off-topic-false-hit; type-theory; oop-survey,"Object-oriented programming is becoming a popular approach to the construction of complex software systems. Benefits of object orientation include support for modular design, code sharing, and extensibility. In order to make the most of these advantages, a type theory for objects and their interactions should be developed to aid checking and controlled derivation of programs and to support early binding of code bodies for efficiency. As a step in this direction, this paper surveys a number of existing type theories and examines the manner and extent to which these theories are able to represent the ideas found in object-oriented programming. Of primary interest are the models provided by type theories for abstract data types and inheritance, and the major portion of this paper is devoted to these topics. Code fragments illustrative of the various approaches are provided and discussed. The introduction provides an overview of object-oriented programming and types in programming languages; the summary provides a comparative evaluation of the reviewed typing systems, along with suggestions for future work.",openalex,llm,1.000,unreviewed,
discarded,Systematic concurrent object-oriented programming,Bertrand Meyer,1993,Communications of the ACM,10.1145/162685.162705,https://openalex.org/W1966037709,off-topic-false-hit; concurrency; oop-theory,"udging by the looks of the two parties, the marriage between concurrent computation and object-oriented programming-a union much desired by practitioners in such fields as telecommunications, highperformance computing, banking and operating systems--appears easy enough to arrange. This appearance, however, is deceptive: the problem is a hard one. This article points the way toward a pos,;ible solution. The precise problem examined here is restricted to:",openalex,llm,1.000,unreviewed,
discarded,Teaching Tip: The Flipped Classroom.,Heng Ngee Mok,2014,Singapore Management University Institutional Knowledge (InK) (Singapore Management University),,https://openalex.org/W1600322996,adjacent-subtopic; flipped-classroom; general-pedagogy,"1. INTRODUCTION In a traditional instructor-centered classroom, the teacher lectures during class time and gives students homework to be done after class. In a flipped, or inverted, classroom, things are done the other way round: the teacher delivers lectures before class in the form of pre-recorded videos, and spends class time engaging students in learning activities that involve collaboration and interaction. Passive learning activities such as unidirectional lectures are pushed to outside class hours, to be replaced with active learning activities in class. The term inverted appeared in the literature as early as 2000 (Lage, Platt and Treglia, 2000) and was made popular by Chemistry teachers Bergmann and Sams in recent years (Bergmann and Sams, 2012, 2012a). With successful similar implementations of web-based lecture technologies--the often quoted success stories being the Khan Academy and Massive Open Online Courses--the flipped classroom gained traction at educational institutions in North America across a spectrum of disciplines and at different levels of instruction. This pedagogy has also been consistently rated as one of the top trends in educational technology (for example, Watters, 2012). Some educators have reported lower failure rates (Michigan Radio, 2013), greater flexibility, lesser stress (NBC, 2013), improved student attitudes and even better test scores (Flipped Learning Network, 2012) for classes that adopted this model. However, being a relatively new trend, most implementations of the flipped classroom are reported in blogs, online magazines and newspapers instead of academic papers and conferences. There seems to be little rigorous research done to measure the effects of this pedagogy (Goodwin and Miller, 2013), and what has been published so far seems far from conclusive. Whilst a 3-year long study of flipped learning for a pharmaceutics course reported a 5.1% improvement in student performance (Meyer, 2013), contradictory preliminary data from another 3-year study at Harvey Mudd College suggest that flipping may not cause any difference in student outcomes (Atteberry, 2013). Adding to the debate, a recent study (Schneider, Wallace, Blikstein and Pea, 2013) concludes that students who engage in open-ended exploration outperformed those who used traditional textbook materials first, and implies that video lectures and textbooks should come after exploration, and not before (Plotnikoff, 2013). Despite the controversy, this pedagogy's raising popularity has motivated the author to run a trial on a class of 46 Information Systems (IS) undergraduates during a special term in 2013. The course that this class was taking is a second course in programming that covered object-oriented design and advanced programming. In previous years, this course was usually conducted in seminar style: instructors taught a new concept and reinforced what they had just taught via short hands-on programming exercises performed on students' laptops. Instructors then moved on to the next concept and the cycle was repeated. Longer programming exercises would then be given as optional homework that could be submitted for feedback from teaching assistants. Whilst such interactive seminars were more effective than traditional monologue-style lectures (Steinert and Snell, 1999), the author observed that some students were still not engaged. Many students were updating their Facebook pages during the teaching sessions. Students who visited the washroom could miss a critical part of the lecture. Slower students who had difficulty picking up the concepts during the first parse were consequently unable to successfully complete the hands-on exercises that followed. For these students, the course rapidly snowballed into a vicious cycle of disengagement, poor performance, lack of confidence, and further disengagement. It was hoped that the flipped classroom could increase students' engagement with the content and improve their overall experience with the course. …",openalex,llm,0.990,unreviewed,
kept,An empirical study of novice program comprehension in the imperative and object-oriented styles,V. Ramalingam; Susan Wiedenbeck,1997,,10.1145/266399.266411,https://openalex.org/W2093017147,qualifies-claim; oo-vs-imperative; novice-comprehension,"The objective of this study was to determine whether the mental representation of object-oriented programs differs from imperative programs for novice programmers. In our study novices who had little or no previous programming experience studied and answered questions about three imperative and three object-oriented programs. The questions targeted information categories making up the program model and the domain model representations of the programs. It was found that there was a sharp contrast between the mental representations of the imperative and object-oriented programs. While the comprehension of the imperative programs was better overall than that of the object-oriented programs, the mental representations of the imperative programs focused on program-level knowledge. On the other hand, the mental representations of the objectoriented programs focused more strongly on domain-level knowledge. The results tend to support the view that language notations differ in how well they support the extraction of various kinds of information.",openalex,llm,0.950,unreviewed,
discarded,An introduction to object-oriented programming with a didactic microworld: objectKarel,Stelios Xinogalos; Maya Satratzemi; Vassilios Dagdilelis,2004,Computers & Education,10.1016/j.compedu.2004.09.005,https://openalex.org/W2083433145,adjacent-subtopic; didactic-microworld; teaching-oop,,openalex,llm,0.820,unreviewed,
discarded,What do teachers teach in introductory programming?,Carsten Schulte; Jens Bennedsen,2006,,10.1145/1151588.1151593,https://openalex.org/W2042876500,adjacent-subtopic; teacher-survey; intro-programming,"In this article, we try to create a general, worldwide picture of teachers' opinion about what should be taught in introductory programming courses. We focus on the debate about restructuring CS1. The study explores what teachers believe is important to teach, what they actually teach, and what students find most difficult (according to their teachers). what is the general approach to teaching (programming language, IDE, object-orientation or not, type of institution), what topics are taught, and what role do the areas that novices find difficult play in introductory programming course.In addition, we explore how these specific topics fit into a larger conceptual classification: Earlier studies of topics taught in introductory programming focuses only on one dimension of a given topic - either relevance or difficulty. In this study, we evaluate each topic regarding three dimensions: relevance, difficulty and the cognitive level (according to Bloom's taxonomy). This allows giving a more faceted picture of teachers' beliefs in teaching introductory programming courses.Furthermore, we assess the role of findings from the eighties in today's teaching: The need to understand five different areas of programming. Are these areas still in focus; are they relevant, and what is the connection to the topics taught - especially object-oriented (OO) topics?A special focus is given on students' understanding of the execution of a (OO) program; one of the five areas. In order to connect the ideas of a notional machine to OO concepts we present a four levelled competence hierarchy for object-interaction.Teachers assessed the area 'understanding the notional machine' as least important. Despite this, they assessed the herachy of object-interaction - meant as basis for a notional machine for the OO-paradigm - as an important aspect.Although teachers stress the importance of teaching general abstract structures, teaching seems to focus on concrete programming issues. A conclusion for further research on teaching OO programming and concerning the hierarchy of object interaction is that teaching is not only a matter of topics, but also a matter of perspective on teaching the topics.",openalex,llm,0.910,unreviewed,
