status,title,authors,year,venue,doi,url,tags,abstract,provider,decision_source,llm_confidence,llm_review_outcome,llm_change_direction,paper_id
discarded,Toward the future of psychiatric diagnosis: the seven pillars of RDoC,Bruce N. Cuthbert; Thomas R. Insel,2013,BMC Medicine,10.1186/1741-7015-11-126,https://openalex.org/W2158282570,off-topic-false-hit,"BACKGROUND: Current diagnostic systems for mental disorders rely upon presenting signs and symptoms, with the result that current definitions do not adequately reflect relevant neurobiological and behavioral systems--impeding not only research on etiology and pathophysiology but also the development of new treatments. DISCUSSION: The National Institute of Mental Health began the Research Domain Criteria (RDoC) project in 2009 to develop a research classification system for mental disorders based upon dimensions of neurobiology and observable behavior. RDoC supports research to explicate fundamental biobehavioral dimensions that cut across current heterogeneous disorder categories. We summarize the rationale, status and long-term goals of RDoC, outline challenges in developing a research classification system (such as construct validity and a suitable process for updating the framework) and discuss seven distinct differences in conception and emphasis from current psychiatric nosologies. SUMMARY: Future diagnostic systems cannot reflect ongoing advances in genetics, neuroscience and cognitive science until a literature organized around these disciplines is available to inform the revision efforts. The goal of the RDoC project is to provide a framework for research to transform the approach to the nosology of mental disorders.",openalex,llm,1.000,unreviewed,,doi:10.1186/1741-7015-11-126
discarded,Deciphering the biology of Mycobacterium tuberculosis from the complete genome sequence,Stewart Thomas Cole; Roland Brosch; Julian Parkhill; T. Garnier; Carol M. Churcher; David Harris; Stephen Vincent Gordon; Karin Eiglmeier; Shahinaz Gas; Clifton E. Barry; Fredj Tekaia; K. Badcock; D. Basham; D. Brown; Tracey Chillingworth; R. Connor; Robert M. Davies; Karen Devlin; Theresa Feltwell; Simone Gentles; N. Hamlin; Simon A. Holroyd; T. Hornsby; Kay Jagels; Anders Krogh; J. McLean; Sharon Moule; Lee Murphy; Karen L. Oliver; Jason W. Osborne; Michael Andrew Quail; M.-A. Rajandream; Jane Rogers; Simon Rutter; Kathy Seeger; Jason Skelton; Rob Squares; S. Squares; John Sulston; Kate Taylor; Sally Whitehead; B. G. Barrell,1998,Nature,10.1038/31159,https://openalex.org/W2158023121,off-topic-false-hit,"Countless millions of people have died from tuberculosis, a chronic infectious disease caused by the tubercle bacillus. The complete genome sequence of the best-characterized strain of Mycobacterium tuberculosis, H37Rv, has been determined and analysed in order to improve our understanding of the biology of this slow-growing pathogen and to help the conception of new prophylactic and therapeutic interventions. The genome comprises 4,411,529 base pairs, contains around 4,000 genes, and has a very high guanine + cytosine content that is reflected in the biased amino-acid content of the proteins. M. tuberculosis differs radically from other bacteria in that a very large portion of its coding capacity is devoted to the production of enzymes involved in lipogenesis and lipolysis, and to two new families of glycine-rich proteins with a repetitive structure that may represent a source of antigenic variation.",openalex,llm,1.000,unreviewed,,doi:10.1038/31159
discarded,Epigenetic inheritance and the missing heritability,Marco Trerotola; Valeria Relli; Pasquale Simeone; Saverio Alberti,2015,Human Genomics,10.1186/s40246-015-0041-3,https://openalex.org/W1580250799,off-topic-false-hit,"Genome-wide association studies of complex physiological traits and diseases consistently found that associated genetic factors, such as allelic polymorphisms or DNA mutations, only explained a minority of the expected heritable fraction. This discrepancy is known as ""missing heritability"", and its underlying factors and molecular mechanisms are not established. Epigenetic programs may account for a significant fraction of the ""missing heritability."" Epigenetic modifications, such as DNA methylation and chromatin assembly states, reflect the high plasticity of the genome and contribute to stably alter gene expression without modifying genomic DNA sequences. Consistent components of complex traits, such as those linked to human stature/height, fertility, and food metabolism or to hereditary defects, have been shown to respond to environmental or nutritional condition and to be epigenetically inherited. The knowledge acquired from epigenetic genome reprogramming during development, stem cell differentiation/de-differentiation, and model organisms is today shedding light on the mechanisms of (a) mitotic inheritance of epigenetic traits from cell to cell, (b) meiotic epigenetic inheritance from generation to generation, and (c) true transgenerational inheritance. Such mechanisms have been shown to include incomplete erasure of DNA methylation, parental effects, transmission of distinct RNA types (mRNA, non-coding RNA, miRNA, siRNA, piRNA), and persistence of subsets of histone marks.",openalex,llm,1.000,unreviewed,,doi:10.1186/s40246-015-0041-3
discarded,"Sequencing of 53,831 diverse genomes from the NHLBI TOPMed Program",Daniel Taliun; Daniel Harris; Michael D. Kessler; Jedidiah Carlson; Zachary A. Szpiech; Raul Torres; Sarah A. Gagliano Taliun; André Corvelo; Stephanie M. Gogarten; Hyun Min Kang; Achilleas Pitsillides; Jonathon LeFaive; Seung‐been Lee; Xiaowen Tian; Brian L. Browning; Sayantan Das; Anne‐Katrin Emde; Wayne E. Clarke; Douglas P. Loesch; Amol Carl Shetty; Thomas W. Blackwell; Albert V. Smith; Quenna Wong; Xiaoming Liu; Matthew P. Conomos; Dean Bobo; François Aguet; Christine M. Albert; Álvaro Alonso; Kristin Ardlie; Dan E. Arking; Stella Aslibekyan; Paul Livermore Auer; John Barnard; R. Graham Barr; Lucas Barwick; Lewis C. Becker; Rebecca L. Beer; Emelia J. Benjamin; Lawrence F. Bielak; John Blangero; Michael Boehnke; Donald W. Bowden; Jennifer A. Brody; Esteban G. Burchard; Brian E. Cade; James F. Casella; Brandon Chalazan; Daniel I. Chasman; Yii‐Der Ida Chen; Michael H. Cho; Seung Hoan Choi; Mina K. Chung; Clary B. Clish; Adolfo Correa; Joanne E. Curran; Brian Custer; Dawood Darbar; Michelle Daya; Mariza de Andrade; Dawn Lisa DeMeo; Susan K. Dutcher; Patrick T. Ellinor; Leslie S. Emery; Celeste S. Eng; Diane Fatkin; Tasha E. Fingerlin; Lukas Forer; Myriam Fornage; Nora Franceschini; Christian Fuchsberger; Stephanie Malia Fullerton; Søren Germer; Mark T. Gladwin; Daniel J. Gottlieb; Xiuqing Guo; Michael E. Hall; Jiang He; Nancy L. Heard‐Costa; Susan R. Heckbert; Marguerite R. Irvin; Jill M. Johnsen; Andrew D. Johnson; Robert C. Kaplan; Sharon L. R. Kardia; Tanika N. Kelly; Shannon Kelly; Eimear E. Kenny; Douglas P. Kiel; Robert Klemmer; Barbara A. Konkle; Charles L Kooperberg; Anna Köttgen; Leslie A. Lange; Jessica Ann Lasky-Su; Daniel A Levy; Xihong Lin; Keng‐Han Lin; Chunyu Liu; Ruth J. F. Loos,2021,Nature,10.1038/s41586-021-03205-y,https://openalex.org/W3126160703,off-topic-false-hit,"Abstract The Trans-Omics for Precision Medicine (TOPMed) programme seeks to elucidate the genetic architecture and biology of heart, lung, blood and sleep disorders, with the ultimate goal of improving diagnosis, treatment and prevention of these diseases. The initial phases of the programme focused on whole-genome sequencing of individuals with rich phenotypic data and diverse backgrounds. Here we describe the TOPMed goals and design as well as the available resources and early insights obtained from the sequence data. The resources include a variant browser, a genotype imputation server, and genomic and phenotypic data that are available through dbGaP (Database of Genotypes and Phenotypes) 1 . In the first 53,831 TOPMed samples, we detected more than 400 million single-nucleotide and insertion or deletion variants after alignment with the reference genome. Additional previously undescribed variants were detected through assembly of unmapped reads and customized analysis in highly variable loci. Among the more than 400 million detected variants, 97% have frequencies of less than 1% and 46% are singletons that are present in only one individual (53% among unrelated individuals). These rare variants provide insights into mutational processes and recent human evolutionary history. The extensive catalogue of genetic variation in TOPMed studies provides unique opportunities for exploring the contributions of rare and noncoding sequence variants to phenotypic variation. Furthermore, combining TOPMed haplotypes with modern imputation methods improves the power and reach of genome-wide association studies to include variants down to a frequency of approximately 0.01%.",openalex,llm,1.000,unreviewed,,doi:10.1038/s41586-021-03205-y
discarded,The Circular Economy: An Interdisciplinary Exploration of the Concept and Application in a Global Context,Alan Murray; Keith Ronald Skene; Kathryn Haynes,2015,Journal of Business Ethics,10.1007/s10551-015-2693-2,https://openalex.org/W1622878345,off-topic-false-hit,"There have long been calls from industry for guidance in implementing strategies for sustainable development. The Circular Economy represents the most recent attempt to conceptualize the integration of economic activity and environmental wellbeing in a sustainable way. This set of ideas has been adopted by China as the basis of their economic development (included in both the 11th and the 12th 'Five Year Plan'), escalating the concept in minds of western policymakers and NGOs. This paper traces the conceptualisations and origins of the Circular Economy, tracing its meanings, and exploring its antecedents in economics and ecology, and discusses how the Circular Economy has been operationalized in business and policy. The paper finds that while the Circular Economy places emphasis on the redesign of processes and cycling of materials, which may contribute to more sustainable business models, it also encapsulates tensions and limitations. These include an absence of the social dimension inherent in sustainable development that limits its ethical dimensions, and some unintended consequences. This leads us to propose a revised definition of the Circular Economy as ""an economic model wherein planning, resourcing, procurement, production and reprocessing are designed and managed, as both process and output, to maximize ecosystem functioning and human well-being"".",openalex,llm,1.000,unreviewed,,doi:10.1007/s10551-015-2693-2
discarded,TURBOMOLE: Modular program suite for ab initio quantum-chemical and condensed-matter simulations,Sree Ganesh Balasubramani; Guo P. Chen; Sonia Coriani; Michael Diedenhofen; Marius S. Frank; Yannick J. Franzke; Filipp Furche; Robin Grotjahn; Michael E. Harding; Christof Hättig; Arnim Hellweg; Benjamin Helmich‐Paris; Christof Holzer; Uwe Huniar; Martin Kaupp; Alireza Marefat Khah; Sarah Karbalaei Khani; Thomas Müller; Fabian Mack; Brian D. Nguyen; Shane M. Parker; Eva Perlt; Dmitrij Rappoport; Kevin Reiter; Saswata Roy; Matthias Rückert; Gunnar Alexander Schmitz; Marek Sierka; Enrico Tapavicza; David P. Tew; Christoph van Wüllen; Vamsee K. Voora; Florian Weigend; Artur Wodyński; Jason M. Yu,2020,The Journal of Chemical Physics,10.1063/5.0004635,https://openalex.org/W3025424660,off-topic-false-hit,"TURBOMOLE is a collaborative, multi-national software development project aiming to provide highly efficient and stable computational tools for quantum chemical simulations of molecules, clusters, periodic systems, and solutions. The TURBOMOLE software suite is optimized for widely available, inexpensive, and resource-efficient hardware such as multi-core workstations and small computer clusters. TURBOMOLE specializes in electronic structure methods with outstanding accuracy-cost ratio, such as density functional theory including local hybrids and the random phase approximation (RPA), GW-Bethe-Salpeter methods, second-order Møller-Plesset theory, and explicitly correlated coupled-cluster methods. TURBOMOLE is based on Gaussian basis sets and has been pivotal for the development of many fast and low-scaling algorithms in the past three decades, such as integral-direct methods, fast multipole methods, the resolution-of-the-identity approximation, imaginary frequency integration, Laplace transform, and pair natural orbital methods. This review focuses on recent additions to TURBOMOLE's functionality, including excited-state methods, RPA and Green's function methods, relativistic approaches, high-order molecular properties, solvation effects, and periodic systems. A variety of illustrative applications along with accuracy and timing data are discussed. Moreover, available interfaces to users as well as other software are summarized. TURBOMOLE's current licensing, distribution, and support model are discussed, and an overview of TURBOMOLE's development workflow is provided. Challenges such as communication and outreach, software infrastructure, and funding are highlighted.",openalex,llm,1.000,unreviewed,,doi:10.1063/5.0004635
discarded,Cleavage-stage biopsy significantly impairs human embryonic implantation potential while blastocyst biopsy does not: a randomized and paired clinical trial,Richard Thomas Scott; Kathleen M. Upham; Eric J. Forman; Tian Zhao; Nathan R. Treff,2013,Fertility and Sterility,10.1016/j.fertnstert.2013.04.039,https://openalex.org/W1963813674,off-topic-false-hit,"Objective: To determine if cleavage- or blastocyst-stage embryo biopsy affects reproductive competence.

Design: Paired randomized clinical trial.

Setting: Academic-assisted reproduction program.

Patient(s): Attempting conception through IVF.

Intervention(s): After selecting two embryos for transfer, one was randomized to biopsy and the other to control. Both were transferred within shortly thereafter. The biopsy was submitted for microarray analysis and single-nucleotide polymorphism (SNP) profiling. Buccal DNA obtained from the neonate after delivery had microarray analysis and SNP profile compared with that of the embryonic DNA. A match confirmed that the biopsied embryo implanted and developed to term, whereas a nonmatch indicated that the control embryo had led to the delivery.

Main Outcome Measure(s): Paired analysis of the delivery rates of the transferred embryos. Either twin delivery or failure to deliver represents equivalent outcomes for the biopsied and control embryos. In contrast, singletons were determined to be from the biopsied or the control embryo.

Result(s): Blastomere biopsy on day 3 of development resulted in a significant reduction in sustained implantation. Only 30% of biopsied embryos had sustained implantation and ultimately developed into live-born infants versus 50% of unbiopsied controls, a relative reduction of 39%. In contrast, sustained implantation rates were equivalent (51% vs. 54%) for biopsied and control blastocysts.

Conclusion(s): Cleavage-stage biopsy markedly reduced embryonic reproductive potential. In contrast, trophectoderm biopsy had no measurable impact and may be used safely when embryo biopsy is indicated.",openalex,llm,1.000,unreviewed,,doi:10.1016/j.fertnstert.2013.04.039
discarded,Beyond the scientific method: Model‐based inquiry as a new paradigm of preference for school science investigations,Mark Windschitl; Jessica J. Thompson; Melissa Braaten,2008,Science Education,10.1002/sce.20259,https://openalex.org/W2034946585,off-topic-false-hit,"Abstract One hundred years after its conception, the scientific method continues to reinforce a kind of cultural lore about what it means to participate in inquiry. As commonly implemented in venues ranging from middle school classrooms to undergraduate laboratories, it emphasizes the testing of predictions rather than ideas, focuses learners on material activity at the expense of deep subject matter understanding, and lacks epistemic framing relevant to the discipline. While critiques of the scientific method are not new, its cumulative effects on learners' conceptions of science have not been clearly articulated. We discuss these effects using findings from a series of five studies with degree‐holding graduates of our educational system who were preparing to enter the teaching profession and apprentice their own young learners into unproblematic images of how science is done. We then offer an alternative vision for investigative science—model‐based inquiry (MBI)—as a system of activity and discourse that engages learners more deeply with content and embodies five epistemic characteristics of scientific knowledge: that ideas represented in the form of models are testable, revisable, explanatory, conjectural, and generative. We represent MBI as an interconnected set of classroom conversations and provide examples of its implementation and its limitations. © 2008 Wiley Periodicals, Inc. Sci Ed 92: 941–967, 2008",openalex,llm,1.000,unreviewed,,doi:10.1002/sce.20259
discarded,Fostering Conceptual Change by Cognitive Conflict Based Instruction on Students' Understanding of Heat and Temperature Concepts,Mustafa Başer,2006,Eurasia Journal of Mathematics Science and Technology Education,10.12973/ejmste/75458,https://openalex.org/W2590830527,off-topic-false-hit,"The purpose of this study was to investigate the effectiveness of cognitive conflict based physics instruction over traditionally designed physics instruction on preservice primary school teachers at grade 2. The subjects were 82 (27 boys, 55 girls) second grade pre-service teachers in two classes. One of the classes (42 students) was randomly assigned as experimental and the other class (40 students) assigned as control group. Both groups were taught by the same instructor. While the experimental group received cognitive conflict based physics instruction, control group were taught by traditionally designed physics instruction. The data were obtained through Thermal Concept Evaluation test (TCE). Prior to instruction, students in both groups were pre-tested by TCE in order to determine their initial understanding of heat and temperature at the beginning of instruction. The same tests were applied as posttest after the instruction. Independent samples t-test on pre-test scores showed that there was no statistical significant difference between experimental and control group at the beginning of the instruction in terms of understanding of heat and temperature concepts. ANCOVA results showed that mean scores on the post-TCE of students in experimental group were significantly higher than those of the control group. While interaction between gender difference and treatment made a significant contribution to the variation in achievement, gender difference did not.",openalex,llm,1.000,unreviewed,,doi:10.12973/ejmste/75458
discarded,Free the Victim: A Critique of the Western Conception of Victimhood,Jan van Dijk,2009,International Review of Victimology,10.1177/026975800901600101,https://openalex.org/W2099506401,off-topic-false-hit,"In Western languages those affected by crime are universally labelled as ‘victims’, meaning the sacrificed ones. According to the author this practice seems to originate from the association of the plight of victims with the suffering of Jesus Christ. In his view, the victim label, although eliciting compassion for victims, assigns to them a social role of passivity and forgiveness that they may increasingly find to be restraining. He analyses the narratives of eleven high-profile victims such as Natascha Kampusch, the couple McCann and Reemtsma to illustrate this thesis. The article continues with a critical review of biases deriving from the unreflexive adoption of the victim label in various schools of thought in victimology and criminal law. Finally, the author argues for the introduction of stronger procedural rights for crime victims in criminal trials and for a new focus within victimology on processes of victim labelling.",openalex,llm,1.000,unreviewed,,doi:10.1177/026975800901600101
