status,title,authors,year,venue,doi,url,tags,abstract,provider,decision_source,llm_confidence,llm_review_outcome,llm_change_direction
discarded,Real-time monitoring of student procrastination in a PSI first-year programming course,"Pryor, Mitchell",2012,2012 ASEE ANNUAL CONFERENCE,,https://www.webofscience.com/wos/woscc/full-record/WOS:000380253703019,adjacent-subtopic; procrastination; first-year-programming,"Procrastination is the intentional deferment of a scheduled task and is most often attributed (by the procrastinator) to a lack of available time prior to a deadline. Although the impact of the procrastination on student learning is widely debated, it has been correlated with a lack of external (or self) regulation, motivation, and performance anxiety. These contributors stand in contrast to the commonly asserted issue: lack of time. A lecture-centric course provides limited observations for evaluating actual student procrastination. Evidence is often subjective or anecdotal. In self-paced Personalized System of Instruction (PSI) courses, observational opportunities can be further limited.

Yet PSI can be an effective teaching strategy for course material such as that in a first-year, web-based, introductory programming course. Students (particularly first-year students) have diverse backgrounds and a varied technical literacy. In this particular course, students complete 18 units following a traditional PSI s-curve (reviewed below) in terms of content difficulty over the course of one semester. The content introduces students to two syntaxes and three programming paradigms (compiled, interpreted, and object-oriented languages). The PSI format allows individuals to invest the appropriate amount of time without overwhelming new programmers or underwhelming the more experienced. Most importantly, a well-designed PSI course may instill time management skills (though often as a hard lesson learned), thus countering procrastination habits.

In this paper, we present a system developed to monitor and succinctly quantify student procrastination in real-time and evaluate its use for evaluating new course implementations, material, and instructor strategies. The web-based system uses formulated procrastination metrics to succinctly visualize student progress. Real-time monitoring of procrastination in tandem with student profile data (previous programming experience, etc.) are examined to correlate the impact of instructor encouragement, unit difficulty, external events (mid-terms, sporting events, etc.) and other activities. The system can be used to examine the collective procrastination of the class as well as individual students or demographic categories. If effective, real-time procrastination monitoring becomes another tool for objectively evaluating new strategies in a given semester also allowing for immediate adjustments benefitting current instead of just future students.",wos,llm,0.980,unreviewed,
discarded,Model-based design of integrated production systems: a review,"Ould-Sidi, Mohamed-Mahmoud; Lescourret, Francoise",2011,AGRONOMY FOR SUSTAINABLE DEVELOPMENT,10.1007/s13593-011-0002-8,https://www.webofscience.com/wos/woscc/full-record/WOS:000291882200012,off-topic-false-hit; agriculture; model-based-design,"Pest resistance and water pollution are major issues caused by the excessive use of pesticides in intensive agriculture. The concept of integrated production system (IPS) has been thus designed to solve those issues and also to meet the need for better food quality and production. Methodologies such as agronomic diagnosis-based design, prototyping, and model-based design have been developed. Here we review the model-based design of IPS. We identify tools for the development of comprehensive models. Once comprehensive models have been developed, model-based design of IPS can be formulated as an optimization problem to be solved using different approaches. Thus, we review the choice of corresponding criteria, constraints, and mathematical formulations found in the literature. We analyze successful model-based design in transportation and drug development. We learn from these areas to overcome the inherent difficulties involved in the model-based design of IPS. We recommend the following major points: IPS model-based design should use integrative modeling platforms, process-oriented modeling, and object-oriented techniques to improve the genericity, modularity, reuse of crop models, and the data sharing. The spatial dimension of IPS has to be accounted for by making crop models spatially explicit. The design evaluation criteria have to be standardized and carefully chosen by promoting stakeholders involvement. The design of IPS should be formulated as a multiobjective optimization problem, for which non-aggregative approaches should be preferred. Finally, it is necessary to establish a true dialogue between prototyping and model-based design practitioners in order to test, and if necessary to improve, the proposed systems.",wos,llm,1.000,unreviewed,
discarded,INNOVATION IN HIGHER EDUCATION WITH SLOODLE: LEARNING ENVIRONMENT MOODLE INTEGRATED WITH SECOND LIFE,"Prats i Fernandez, Miquel A.; Gandol i Casado, Ferran; Ferreira de Andrade, Adja",2010,EDULEARN10: INTERNATIONAL CONFERENCE ON EDUCATION AND NEW LEARNING TECHNOLOGIES,,https://www.webofscience.com/wos/woscc/full-record/WOS:000318781705057,off-topic-false-hit; virtual-learning-environment; second-life,"This paper discusses a survey by research group PSITIC (Social Pedagogy and Information Technology and Communication) using Virtual Learning Environment (VLE) in conjunction with a Multi-User Virtual Environment in 3D (Second Life), at an institution of higher education. The aim of this study is formulated on two levels: refers to the technological characteristics and psychopedagogical needed by teachers and students in the use of virtual media, and the other hand, try to understand the interaction from the description, analysis and observation of the facilitators and difficulties encountered by students and teachers in these new virtual models of social interaction. The results allow us to draw a guide for teachers to move these new types of environment and identify issues such as: attitudes, skills, actions, interactions, difficulties, fears, questions, threats, and motivations, among others. The research is designated the evaluative case study. The require data are collected through questionnaires, interviews and observation of teachers, students, group members PSITIC and system administrator. As a result of research, the work presents a comparative table in the outline of the main advantages and disadvantages of the platform Sloodle (Simulation Linked Object Oriented Dynamic Learning), a result of the integration of a VLE, and Second Life to university teaching. The findings suggest that offer to the teachers and students, technologies such as learning environment integrated virtual domains such as Second Life is a challenge and it is impossible to integrate them into university without a technological, pedagogical-didactic and sociocritical training.",wos,llm,0.980,unreviewed,
discarded,OPERATIONS WITH NEGATIVE INTEGERS IN A DYNAMIC GEOMETRY ENVIRONMENT,"Ekol, George",2010,"PME 34 BRAZIL: PROCEEDINGS OF THE 34TH CONFERENCE OF THE INTERNATIONAL GROUP FOR THE PSYCHOLOGY OF MATHEMATICS EDUCATION, VOL 2",,https://www.webofscience.com/wos/woscc/full-record/WOS:000281697600153,off-topic-false-hit; mathematics-education; negative-integers,"We review difficulties elementary students (and teachers) face with the concepts of and operations with negative numbers and zero (Davidson 1992; Streefland 1996; Lincheveski & Williams, 1999). We then examine how the dynamic geometry environment(DGE),through use of the Geometer's Sketchpad software contributes to the understanding of the integer operations in general, but negative numbers, and zero in particular. We extend Davidson's (1992) object oriented framework, and Lincheveski & Williams's (1999) semiotic activity framework in a dynamic geometry environment and hypothesize that use of dynamic learning activities changes the way integers, in particular, negative numbers are perceived, and that dynamic learning environment contributes to an action oriented thinking.",wos,llm,1.000,unreviewed,
discarded,A Discussion of Video Capturing to Assist in Distance Learning,"Conlon, Michael; Pavlika, Vasos",2009,"ONLINE COMMUNITIES AND SOCIAL COMPUTING, PROCEEDINGS",,https://www.webofscience.com/wos/woscc/full-record/WOS:000269304600047,adjacent-subtopic; distance-learning; java-teaching,"This paper discusses video capture as a medium for transferring and reinforcing knowledge using Distance Learning (to be denoted by DL for the remainder of this paper). The area of teaching delivered is computer programming in particular, to the Object Oriented language known as Java, however the techniques introduced are not limited to this sub-discipline of computer science and can be applied to lectures on the theory of databases, formal methods and/or algorithms etc. The software used in this paper is Camtasia which can be applied to the traditional programming languages, including: Java, C++, Visual Basic, C and to the mark-up languages i.e. the Hypertext Markup Language (HTML) and to Javascript. The paper highlights ways of partitioning a teaching demonstration video into different components to achieve multiple views of a particular topic being discussed. This means that students and lecturers are able to view the demonstration repeatedly and more importantly whilst not in a lecture theatre. Once a video has been produced learners are able to follow lecture notes along with the lecturer's discussions at their leisure thus making this method of education a Distance Learning mode, capable of reinforcing learner knowledge. The authors have found that this continual exposure to the lecture material greatly enhances student comprehension, enjoyment and participation. These conclusions were ascertained by conducting experiments in which a comparison of student views (on lectures) were determined i.e. a comparison was made between students taking a class in which Camtasia was used with a class in which Camtasia was not used and the results of the questionnaire/survey are summarised in the conclusions. It was found that the students responded favourably to lectures delivered using the Camtasia environment as the programming ideas could be viewed repeatedly thus reinforcing their knowledge. This was mentioned by the majority of the students (in fact 72% of the students from a sample size of sixty students stated this) and it was felt by the authors that this statistic alone would make the creation and research into further applications of the Camtasia software a suitable, appropriate and worthwhile pursuit. In this paper many programming clips are included with the hope that this illustrates the versatility of Camtasia. The lectures delivered and consequently discussed were presented to a first year undergraduate class in Computer Science studying a variety of Computer Science disciplines including: Artificial Intelligence, Multimedia, Business Computing and e-Commerce. The paper commences with a discussion of two DL environments that the authors are associated with, highlighting points and facilities that are common to both, such as peer-peer discussions, lecturer-student discussions and chat rooms. The paper then goes on to include actual lecture material with associated screenshots using the Camtasia software. The screenshots commence with a demonstration of how to set up the JCreator editor on the University of Westminster server, followed by a demonstration of how the required paths must be set to enable the Java platform to locate all the required classes and libraries to function properly. This is followed by screenshots demonstrating the compilation procedure necessary to successfully run a Java program followed by screenshots on how to debug a typical Java program. In the ""Time honoured"" fashion the traditional HelloWorld program is also demonstrated and run.

This is further complimented by demonstrating the recursive add functon using the NetBeans editor. More advanced programming techniques are discussed later in the paper including: the creation of a singleton class with a private constructor and the illustration of the concept of inheritance in Java. Thus the programming techniques introduced are of the 00 nature (where the 00 denotes Object Oriented) subsequently after these topics have been introduced and discussed feedback from the students is obtained as to the success (or not as the case be) of the effectiveness of using such a method for the delivery of the afore mentioned topics. A discussion of a select few applications of each of these DL environments are also included. The paper reviews the advantages and disadvantages for both students and lecturers alike and the paper also considers many of the difficulties in the recording process that arose. Resource implications are also mentioned relative to the production, i.e. the recording, the delivery and the viewing of the demonstration. The paper concludes with comments from lecturers and students as to the suitability of Camtasia as a teaching method.",wos,llm,0.910,unreviewed,
discarded,Software design patterns for information visualization,"Heer, Jeffrey; Agrawala, Maneesh",2006,IEEE TRANSACTIONS ON VISUALIZATION AND COMPUTER GRAPHICS,,https://www.webofscience.com/wos/woscc/full-record/WOS:000241383300026,off-topic-false-hit; visualization-software; design-patterns,"Despite a diversity of software architectures supporting information visualization, it is often difficult to identify, evaluate, and re-apply the design solutions implemented within such frameworks. One popular and effective approach for addressing such difficulties is to capture successful solutions in design patterns, abstract descriptions of interacting software components that can be customized to solve design problems within a particular context. Based upon a review of existing frameworks and our own experiences building visualization software, we present a series of design patterns for the domain of information visualization. We discuss the structure, context of use, and interrelations of patterns spanning data representation, graphics, and interaction. By representing design knowledge in a reusable form, these patterns can be used to facilitate software design, implementation, and evaluation, and improve developer education and communication.",wos,llm,1.000,unreviewed,
discarded,Introducing novices to programming: a review of teaching approaches and educational tools,"Xinogalos, S; Satratzemi, M",2004,"EISTA '04: International Conference on Education and Information Systems: Technologies and Applications, Vol, 2, Proceedings",,https://www.webofscience.com/wos/woscc/full-record/WOS:000228210300014,adjacent-subtopic; review; introductory-programming,"Learning programming poses students with many difficulties. The extensive research that has been carried out in the last decades regarding novice programmers has shown that an important factor of these difficulties is the teaching approach used. This approach, know as the classic approach, is based on a general purpose programming language, a professional programming environment and a set of problems from the area of number and symbol processing. In this paper, we present the difficulties encountered by students when they are taught programming with the classic approach. The difficulties presented are general and are not related to the programming paradigm (procedural or object-oriented). Next we review the various approaches to teaching programming to novices and the educational tools that have been developed in their context.",wos,llm,0.900,unreviewed,
discarded,DeliverC: Teaching Pointers through GenAI-Powered Game-Based Learning,Petula W.,2026,SIGCSE TS 2026 Proceedings of the 57th ACM Technical Symposium on Computer Science Education V 1,10.1145/3770762.3772509,https://www.scopus.com/inward/record.uri?partnerID=HzOxMe3b&scp=105031901696&origin=inward,adjacent-subtopic; pointers; game-based-learning,,scopus,llm,0.990,unreviewed,
discarded,Insights for Curriculum-Oriented Instruction of Programming Paradigms for Non-Computer Science Majors: Survey and Public Q&A Evidence,Oh J.H.,2026,Applied Sciences Switzerland,10.3390/app16031191,https://www.scopus.com/inward/record.uri?partnerID=HzOxMe3b&scp=105030085843&origin=inward,adjacent-subtopic; programming-paradigms; non-cs-majors,,scopus,llm,0.850,unreviewed,
discarded,Development of a Tablet-Based Learning Support Tool for Self-Directed Learning in High School Informatics Education †,Kim H.E.,2026,Engineering Proceedings,10.3390/engproc2025120019,https://www.scopus.com/inward/record.uri?partnerID=HzOxMe3b&scp=105043044023&origin=inward,adjacent-subtopic; learning-support-tool; high-school-informatics,,scopus,llm,0.970,unreviewed,
discarded,Object-Oriented Programming Teaching Methods and Instructional Strategy in Selected Higher Education Institutions in the Philippines,Gumonan K.M.V.,2024,ACM International Conference Proceeding Series,10.1145/3696230.3696255,https://www.scopus.com/inward/record.uri?partnerID=HzOxMe3b&scp=85216549788&origin=inward,adjacent-subtopic; teaching-methods; oop-instruction,,scopus,llm,0.760,unreviewed,
discarded,"On the uses and restrictions of postverbal markers kah, liáu, and tio̍h in Taiwanese",Lau S.H.,2024,Concentric Studies in Linguistics,10.1075/consl.00037.lau,https://www.scopus.com/inward/record.uri?partnerID=HzOxMe3b&scp=85210295214&origin=inward,off-topic-false-hit; linguistics; taiwanese,,scopus,llm,1.000,unreviewed,
discarded,A Proposal of Adaptive Learning System for Object-Oriented Programming Education,Vieira A.V.M.,2024,Proceedings Frontiers in Education Conference Fie,10.1109/FIE61694.2024.10893496,https://www.scopus.com/inward/record.uri?partnerID=HzOxMe3b&scp=105000754092&origin=inward,adjacent-subtopic; adaptive-learning-system; oop-education,,scopus,llm,0.840,unreviewed,
discarded,Object-oriented U-GCN for open-pit mining extraction from high spatial resolution remote-sensing images of complex scenes,Zhang Y.,2024,International Journal of Remote Sensing,10.1080/01431161.2024.2398824,https://www.scopus.com/inward/record.uri?partnerID=HzOxMe3b&scp=85205539629&origin=inward,off-topic-false-hit; remote-sensing; object-oriented-u-gcn,,scopus,llm,1.000,unreviewed,
discarded,ESSE 2023 - Proceedings of the 4th European Symposium on Software Engineering,,2023,ACM International Conference Proceeding Series,,https://www.scopus.com/inward/record.uri?partnerID=HzOxMe3b&scp=85198752204&origin=inward,adjacent-subtopic; proceedings; not-a-paper,,scopus,llm,1.000,unreviewed,
discarded,Analysis of the learning object-oriented programming factors,Batiha Q.A.,2023,International Journal of Electrical and Computer Engineering,10.11591/ijece.v13i5.pp5599-5606,https://www.scopus.com/inward/record.uri?partnerID=HzOxMe3b&scp=85164362863&origin=inward,adjacent-subtopic; learning-factors; oop-broad,,scopus,llm,0.720,unreviewed,
discarded,Assessment of Learning Outcomes in the (Java) Object-Oriented Programming Courses,Biskupic I.O.,2023,2023 11th International Conference on Information and Education Technology Iciet 2023,10.1109/ICIET56899.2023.10111296,https://www.scopus.com/inward/record.uri?partnerID=HzOxMe3b&scp=85159277273&origin=inward,adjacent-subtopic; assessment; java-oop-courses,,scopus,llm,0.860,unreviewed,
discarded,Prediction of Higher Education Student’s Programming Skills Using Item Response Theory,Hegde V.,2023,Lecture Notes in Networks and Systems,10.1007/978-981-99-6568-7_50,https://www.scopus.com/inward/record.uri?partnerID=HzOxMe3b&scp=85180749360&origin=inward,adjacent-subtopic; prediction; programming-skills,,scopus,llm,0.980,unreviewed,
discarded,A Systematic Review on Software Design Patterns in Today's Perspective,Rahman M.,2023,2023 IEEE 11th International Conference on Serious Games and Applications for Health Segah 2023,10.1109/SeGAH57547.2023.10253758,https://www.scopus.com/inward/record.uri?partnerID=HzOxMe3b&scp=85174160232&origin=inward,off-topic-false-hit; software-design-patterns; systematic-review,,scopus,llm,0.990,unreviewed,
discarded,Review on Technologies of Requirement Engineering of Software,Wang H.Y.,2022,Computer Science,10.11896/jsjkx.210900132,https://www.scopus.com/inward/record.uri?partnerID=HzOxMe3b&scp=105019531986&origin=inward,off-topic-false-hit; requirements-engineering; review,,scopus,llm,1.000,unreviewed,
discarded,Learning Object-Oriented Programming Concepts Through Visual Analogies,Lian V.,2022,IEEE Transactions on Learning Technologies,10.1109/TLT.2022.3154805,https://www.scopus.com/inward/record.uri?partnerID=HzOxMe3b&scp=85125703969&origin=inward,adjacent-subtopic; visual-analogies; teaching-oop-concepts,,scopus,llm,0.810,unreviewed,
kept,Students’ Conceptions of Programming in the Context of Game Design,Batur F.,2022,IFIP Advances in Information and Communication Technology,10.1007/978-3-030-97986-7_7,https://www.scopus.com/inward/record.uri?partnerID=HzOxMe3b&scp=85127026036&origin=inward,supports-claim; students-conceptions; game-design-context,,scopus,llm,0.790,unreviewed,
discarded,"Gauge object oriented programming in student’s learning performance, normalized learning gains and perceived motivation with serious games",Abbasi S.,2021,Information Switzerland,10.3390/info12030101,https://www.scopus.com/inward/record.uri?partnerID=HzOxMe3b&scp=85102386066&origin=inward,adjacent-subtopic; serious-games; motivation,,scopus,llm,0.830,unreviewed,
