status,title,authors,year,venue,doi,url,tags,abstract,provider,decision_source,llm_confidence,llm_review_outcome,llm_change_direction,paper_id
kept,Pre-service and in-service teachers' experiences of learning to program in an object-oriented language,I. Govender,2008,Computers and Education,10.1016/j.compedu.2007.09.004,https://www.scopus.com/inward/record.uri?partnerID=HzOxMe3b&scp=43849093119&origin=inward,supports-claim,"This paper presents the results of an investigation into the various ways in which pre-service and in-service teachers experience learning to program in an object-oriented language. Both groups of teachers were enrolled in university courses. In most cases, the pre-service teachers were learning to program for the first time, while the in-service teachers had previously programmed using a procedural programming language. Phenomenography was used to identify categories of description of learning to program. From these categories an outcome space was created that shows the relationship between different experiences of learning to program. The outcome space can be represented as circles inscribed within one another, where the innermost circle represents a lower level of cognitive accomplishment and the outer circles subsume the inner circles. The five levels of the outcome space are: meeting the requirements, learning the syntax/learning by comparison, understanding and assimilating, problem solving and programming in the large. Implications of the findings for teaching are discussed. (c) 2007 Elsevier Ltd. All rights reserved.",scopus,llm,0.980,unreviewed,,doi:10.1016/j.compedu.2007.09.004
kept,Solving introductory computer programming problems using an object-oriented language: Insights from an empirical study,I. Govender,2008,African Journal of Research in Mathematics Science and Technology Education,10.1080/10288457.2008.10740639,https://www.scopus.com/inward/record.uri?partnerID=HzOxMe3b&scp=69949104241&origin=inward,supports-claim,"This study involved tertiary students (pre and in-service teachers) who were learning, and learning to teach object-oriented programming. In most cases, the pre-service teachers were learning to program for the first time, while the in-service teachers had previously programmed using a procedural programming language. The paper presents the results of an investigation into the various ways in which pre- and in-service teachers solve problems in programming when using an object-oriented language. Phenomenography was used to identify categories of description of solving problems. From these categories, two approaches to solving problems emerged. The paper demonstrates that some of the ways to solve problems are better than others, and these better ways should be encouraged. Some implications for teaching are discussed.",scopus,llm,0.940,unreviewed,,doi:10.1080/10288457.2008.10740639
kept,Object oriented programming and program correctness: The students' perspective,I. Stamouli,2006,Icer 2006 Proceedings of the 2nd International Computing Education Research Workshop,10.1145/1151588.1151605,https://www.scopus.com/inward/record.uri?partnerID=HzOxMe3b&scp=34247357007&origin=inward,supports-claim,Many Computer Science and Engineering curricula contain core modules on computer programming and programming languages. An increasing number of institutions choose to introduce undergraduates to programming through object oriented languages. As part of a longitudinal phenomenographic study we have set out to investigate the understanding of programming concepts that first year undergraduate students have when learning to program and think in the object oriented paradigm.The conceptions that students have developed on what learning to program really means and their perception of program correctness are explored; providing an insight into the levels of abstraction and complexity of the learners' understanding. Our findings suggest that the way students experience learning to program is related to their perception of what constitutes program correctness.,scopus,llm,0.960,unreviewed,,doi:10.1145/1151588.1151605
kept,"Novice Java programmers' conceptions of ""object"" and ""class"", and variation theory",A. Eckerdal,2005,Proceedings of the 10th Annual SIGCSE Conference on Innovation and Technology in Computer Science Education,10.1145/1067445.1067473,https://www.scopus.com/inward/record.uri?partnerID=HzOxMe3b&scp=29844436349&origin=inward,supports-claim; levels,"Problems with understanding concepts, so called misconceptions, have been investigated and reported in a number of studies regarding object-oriented programming [4], [3]. In a first programming course using an object-oriented language, it is of great importance that students get a good understanding of central concepts like object and class at an early stage of their education. We have, with a phenomenographic research approach, performed a study with first year university students, investigating what an understanding of the concepts object and class includes from a student perspective. By applying variation theory [8] to our results we are able to pin-point what the students need to be able to discern in order to gain a rich understanding of these concepts.",scopus,llm_reviewed,1.000,confirmed,,doi:10.1145/1067445.1067473
kept,What does it take to learn 'programming thinking'?,A. Eckerdal,2005,Proceedings of the 1st International Computing Education Research Workshop Icer 2005,10.1145/1089786.1089799,https://www.scopus.com/inward/record.uri?partnerID=HzOxMe3b&scp=33745189115&origin=inward,supports-claim,"What is 'programming thinking'? In a study, first year students were interviewed on their understanding of what learning to program means. Many students talked about learning to program in terms of learning a special way to think, different from other subjects studied. Many of these students had problems in describing what this special way to think included. The analysis of the interviews revealed some features of this thinking, as expressed by the students. In this paper we discuss and analyse 'programming thinking' using phenomenography as our research approach [7]. Our results are coherent with Hazzan's research on the learning theory 'process-object duality' [4], but points to problems in learning of object-oriented programming not indicated in 'process-object duality'. In comparing the results form our own study with this learning theory, we discuss what this might mean in learning object-oriented programming.",scopus,llm,0.940,unreviewed,,doi:10.1145/1089786.1089799
kept,Development of object-understanding among students in the humanities,M. Lindholm,2005,Proceedings of the 10th Annual SIGCSE Conference on Innovation and Technology in Computer Science Education,10.1145/1067445.1067583,https://www.scopus.com/inward/record.uri?partnerID=HzOxMe3b&scp=29844449107&origin=inward,supports-claim,"This paper describes a on-going empirical study, inspired by phenomenography, aiming at understanding how students from the humanities learn the concepts of objects and object-orientation during a programming course.",scopus,llm,0.980,unreviewed,,doi:10.1145/1067445.1067583
discarded,A Step-by-Step Introduction to the ANARI Rendering API,J. Amstutz,2026,Proceedings SIGGRAPH 2026 Courses,10.1145/3799820.3812489,https://www.scopus.com/inward/record.uri?partnerID=HzOxMe3b&scp=105050164738&origin=inward,adjacent-subtopic,"ANARI is a Khronos standard API for describing renderable scenes to rendering engines, allowing applications to access advanced rendering functionality without embedding a renderer-specific integration. As ANARI adoption grows among 3D applications across various domains, new users need a practical path from the specification-level object model to working application code. This course provides that path through a sequence of complete, self-contained C API checkpoints. Students begin with rendering a single triangle to a PNG, then progressively build up to an interactive application. The course emphasizes the transferable skills around ANARI mental model: devices create and configure objects, worlds contain scene objects, frames connect renderer, camera, world, ultimately for applications consume rendered pixels through frame mapping output channels. By the end of the course, students have a concrete understanding of how ANARI works and the skills to bring it to their own applications and use cases.",scopus,llm,0.980,unreviewed,,doi:10.1145/3799820.3812489
discarded,Mapping engineering students' conceptions of responsibility in challenge-based learning: The agency gap,D.A. Martin,2026,Journal of Engineering Education,10.1002/jee.70057,https://www.scopus.com/inward/record.uri?partnerID=HzOxMe3b&scp=105032198263&origin=inward,off-topic-false-hit,"The complexity of engineering practice highlights the need to make students aware of their responsibility as future professionals. However, integrating this concept into the engineering curricula remains a challenge.",scopus,llm,1.000,unreviewed,,doi:10.1002/jee.70057
discarded,“Born Accessible” Visualizers for Scheme Program State,J. Bell,2026,SIGCSE TS 2026 Proceedings of the 57th ACM Technical Symposium on Computer Science Education V 2,10.1145/3770761.3777157,https://www.scopus.com/inward/record.uri?partnerID=HzOxMe3b&scp=105033985715&origin=inward,adjacent-subtopic,"Students in introductory classes often struggle to understand why the programs they write behave as they do. Increasingly, faculty find that by helping students develop mental models of the program state, they build an infrastructure that aids students in developing, interpreting, and debugging their own code and grounds explanations of new aspects of the language. Tools such as Python Tutor have demonstrations the value of providing students with a visual model of program state, showing a simplified version of the contents of the stack and the heap. Unfortunately, many of these visualizations are inaccessible or have limited utility to blind and low-vision learners. This lack provides the opportunity to create new descriptive tools as we build visual models for Scheme. In this paper, we describe our design and implementation of an accessible visualizer for the state of Scheme programs, particularly representing Scheme structures such as lists, pairs, vectors, and structs. We consider how to provide appropriate navigation for substructures and the approaches we use to narrate/describe each component.",scopus,llm,0.980,unreviewed,,doi:10.1145/3770761.3777157
discarded,"Testbed for assessing protection, automation, and control functions of digital substations based on the IEC 61850 standard",C.D. de Freitas,2025,Electrical Engineering,10.1007/s00202-025-02954-7,https://www.scopus.com/inward/record.uri?partnerID=HzOxMe3b&scp=85217205038&origin=inward,off-topic-false-hit,"The conception of the International Electrotechnical Commission (IEC) 61,850 standard enabled a modern trend toward the replacement of traditional protection system equipment with virtual intelligent electronic devices (VIEDs). Because of these technological advances envisioned for future smart grids, modern laboratories for training professionals and undergraduate students are necessary. Considering this new scenario, this work introduces a testbed for the assessment of protection, automation, and control functions in terms of a hands-on and interactive environment that can emulate a smart substation. The test setup comprises a merging unit (MU), physical intelligent electronic devices (IEDs), and VIEDs integrated into a supervisory control and data acquisition (SCADA) system connected to a local area network using IEC 61850-based communication protocols. The design of a VIED is addressed in detail, aiming at assessing the instantaneous overcurrent protection, logic selectivity, differential transformer protection, and circuit breaker failure for an integrated VIED with physical IEDs and the SCADA system. It is also effectively demonstrated that the generic object-oriented system event, sampled value, and manufacturing message specification protocols can be used to establish horizontal communication between conventional devices and VIEDs, as well as vertical communication between IEDs/VIEDs and higher-level entities. Another distinguishing aspect is the possibility to test physical devices from different manufacturers using a single laboratory stand.",scopus,llm,1.000,unreviewed,,doi:10.1007/s00202-025-02954-7
discarded,Computational Thinking and Notional Machines: The Missing Link,B. Munasinghe,2023,ACM Transactions on Computing Education,10.1145/3627829,https://www.scopus.com/inward/record.uri?partnerID=HzOxMe3b&scp=85180995305&origin=inward,adjacent-subtopic,"In learning to program and understanding how a programming language controls a computer, learners develop both insights and misconceptions whilst their mental models are gradually refined. It is important that the learner is able to distinguish the different elements and roles of a computer (compiler, interpreter, memory, etc.), which novice programmers may find difficult to comprehend. Forming accurate mental models is one of the potential sources of difficulty inextricably linked to mastering computing concepts and processes, and for learning computer programming. It is common to use some form of representation (e.g., an abstract machine or a Computational Agent (CA)) to support technical or pedagogic explanations. The Notional Machine (NM) is a pedagogical device that entails one or more computational concepts, originally described as an idealised computer operating with the constructs of a particular programming language. It can be used to support specific or general learning goals and will typically have some concrete representation that can be referred to. Computational Thinking (CT), which is defined as a way of thinking that is used for [computational] problem solving, is often presented as using a CA to carry out information processing presented by a solution. In CT, where the typical goal is to produce an algorithm or a computer program, the CA seemingly serves a purpose very similar to an NM. Although it changes through the different stages of development (of the learner and of the curriculum), the roles of CAs and NMs can be seen as versatile tools that connect a learner’s mental model with the conceptual model of a program. In this article, we look at this relationship between CAs and NMs, and indicate how they would look at different stages of learning. We traverse the range of definitions and usages of these concepts, and articulate models that clarify how these are viewed in the literature. This includes exploring the nature of machines and agents, and how historical views of these relate to modern pedagogy for computation. We argue that the CA can be seen as an abstract, simplified variant of an NM that provides a useful perspective to the learner to support them to form robust mental models of NMs more efficiently and effectively. We propose that teaching programming should make use of the idea of a CA at different stages of learning, as a link that connects a learner’s mental model to a full NM.",scopus,llm,0.880,unreviewed,,doi:10.1145/3627829
discarded,A simple student appraisal evaluation model based on multi-stage rule fuzzy logic,D.N. Utama,2023,Aip Conference Proceedings,10.1063/5.0177196,https://www.scopus.com/inward/record.uri?partnerID=HzOxMe3b&scp=85179805422&origin=inward,off-topic-false-hit,,scopus,llm,0.980,unreviewed,,doi:10.1063/5.0177196
discarded,Towards enhancing teaching and learning computer programming in Saudi Arabia,A.A. Haruna,2023,International Journal of Advanced and Applied Sciences,10.21833/ijaas.2023.03.024,https://www.scopus.com/inward/record.uri?partnerID=HzOxMe3b&scp=85152536898&origin=inward,adjacent-subtopic,"Globally, numerous students struggle with understanding computer programming, which is one of the most difficult courses in the computer science curriculum as stated in the literature. This is especially true in a diverse learning environment where students come from different disciplinary backgrounds, language skills, and cultures. Hence, to improve on the aforementioned challenges, another research introduces a framework that combines constructivist and collaborative learning theories with a student-centered teaching pedagogy for teaching postgraduate introductory programming classes at Central Queensland University, Australia. However, the framework will not work effectively when teaching computer programming courses to undergraduate students in Saudi Arabia. This is due to geographical differences, study levels, negative emotional issues, and stress affecting students' learning. Such as students' first view that programming is difficult, or the difference between students' and teachers' perspectives on learning (disciplinary backgrounds, language skills, and cultures). Therefore, this paper proposed a student-centered learning and teaching method that combines constructive alignment (consistency), collaborative learning theory (collaboration, conception, and cognition), and bits of Maslow's theory (love/belonging and self-actualization) in a student-centered teaching pedagogy. The research findings reveal that when using the existing method to teach Introduction to Computing-II (Object Oriented Programming in Java) at the University of Hafr Al Batin, Saudi Arabia, only 87.5% of students passed the course, while 12.5% failed. However, when using the proposed method 95.2% of the students passed the course, while only 4.8% failed. Thus, the proposed method clearly shows significant improvement, with the failure rate reducing from 12.5% to only 4.8%.",scopus,llm,0.960,unreviewed,,doi:10.21833/ijaas.2023.03.024
kept,Students’ Conceptions of Programming in the Context of Game Design,F. Batur,2022,IFIP Advances in Information and Communication Technology,10.1007/978-3-030-97986-7_7,https://www.scopus.com/inward/record.uri?partnerID=HzOxMe3b&scp=85127026036&origin=inward,supports-claim,"Several attempts have been made to understand novice programmers' difficulties and misconceptions in introductory programming. Most studies in the field of students' conceptions of (object-oriented) programming have only focused on identifying (mis-)conceptions without including popular contexts like game design. Since digital games are an important part of students' everyday life, exploring students' conceptions of digital games and their programming may give some recognisable patterns which might be helpful for teaching. This paper presents a brief overview of an empirical qualitative pilot study with the aim to investigate undergraduate students' conceptions of (objectoriented) programming in the context of the game Tetris (R). For this study, we interviewed four students who were 19 to 21 years old, and analysed the transcripts using qualitative text analysis. Moreover, an online survey provided qualitative data from 25 participants. The first findings show that students' conceptions are based on the rules of the game, and first indications about influence factors could be found. As a result of these investigations, implications were made for the future main study.",scopus,llm,0.980,unreviewed,,doi:10.1007/978-3-030-97986-7_7
discarded,RustViz: Interactively Visualizing Ownership and Borrowing,M. Almeida,2022,Proceedings of IEEE Symposium on Visual Languages and Human Centric Computing Vl Hcc,10.1109/VL/HCC53370.2022.9833121,https://www.scopus.com/inward/record.uri?partnerID=HzOxMe3b&scp=85148752962&origin=inward,adjacent-subtopic,"—Rust is an industrial systems programming language unique in achieving memory safety without the need for a garbage collector. Instead, Rust relies on a unique and sometimes subtle resource ownership and borrowing system. This system can make learning Rust a challenge, even for experienced programmers. Motivated by these challenges, we introduce RustViz, a tool that allows an instructor to generate custom interactive timelines depicting ownership and borrowing events alongside Rust code examples embedded within learning material. These visualizations makes visible the static events, and subsequent state changes, that a Rust programmer must otherwise track entirely mentally. We have used RustViz to build a week-long Rust unit in a large undergraduate programming languages course. We demonstrate that this learning material, and the RustViz visualizations in particular, were valuable to students and led to the development of an accurate mental model of the essentials of ownership and borrowing in Rust.",scopus,llm,0.980,unreviewed,,doi:10.1109/vl/hcc53370.2022.9833121
