status,title,authors,year,venue,doi,url,tags,abstract,provider,decision_source,llm_confidence,llm_review_outcome,llm_change_direction,paper_id
discarded,Designing your Next Empirical Study on Program Comprehension,Massimiliano Di Penta; R.E.K. Stirewalt; Eileen Kraemer,2007,15th IEEE International Conference on Program Comprehension (ICPC '07),10.1109/ICPC.2007.17,https://ieeexplore.ieee.org/document/4268264/,adjacent-subtopic,"The field of program comprehension is characterized by both the continuing development of new tools and techniques and the adaptation of existing techniques to address program comprehension needs for new software development and maintenance scenarios. The adoption of these techniques and tools in industry requires proper experimentation to assess the advantages and disadvantages of each technique or tool and to let the practitioners choose the most suitable approach for a specific problem. The objective of this working session is to encourage researchers and practitioners working in the area of program comprehension to join forces to design and carry out studies related to program comprehension, including observational studies, controlled experiments, case studies, surveys, and contests, and to develop standards for describing and carrying out such studies in a way that facilitates replication of data and aggregation of the results of related studies.",ieee,llm,0.980,unreviewed,,doi:10.1109/icpc.2007.17
discarded,Object Driven Fuzzy Decision Model for Evaluating the Cryptocurrency's Performance,Ditdit Nugeraha Utama,2024,2024 International Conference on ICT for Smart Society (ICISS),10.1109/ICISS62896.2024.10751607,https://ieeexplore.ieee.org/document/10751607/,off-topic-false-hit,"The assessment of cryptocurrency performance has been subject to criticism due to the lack of a standardized approach, leaving the evaluation process without clear guidance. In this research, an innovative object-driven decision model based on fuzzy logic (OFDM) conception was developed to systematically analyze cryptocurrency performance. Object-oriented operated as the main method in analyzing and designing the model. In this context, the model elements deeply observed and functioned to become fundamental thinking for constructing the model. Then, fuzzy logic with curve membership function form was also used as the primary method to avoid the bias value of three key parameters; trend line (and then used to see the slope distance), price consistency, and transaction volume consistency. The constructed model is a novel decision model that was successfully constructed for assessing the determined cryptocurrency performance. Utilizing six months of real data from three major cryptocurrencies (Bitcoin, Ethereum, and Dogecoin), the model conclusively demonstrates that Bitcoin exhibits the strongest performance, scoring 36.39 performance points.",ieee,llm,1.000,unreviewed,,doi:10.1109/iciss62896.2024.10751607
kept,Representation of abstract concepts: Differences across computing disciplines,Laura Benvenuti; C. F. Nelleke Louwe Kooijmans; Johan Versendaal; Gerrit C. van der Veer,2015,2015 IEEE Frontiers in Education Conference (FIE),10.1109/FIE.2015.7344411,https://ieeexplore.ieee.org/document/7344411/,supports-claim,"Computer Science has evolved towards a discipline with different branches. Software is designed, produced and linked taking into account different viewpoints. This process typically involves multidisciplinary teams: Front End Developers, (OO)Programmers, Database Engineers. Software developers, who were educated in different computing disciplines, meet on the shop floor, where they link together software that was designed from different viewpoints. In this paper, the emphasis is on human characteristics, rather than on the formal properties of programming and modeling languages. Do the involved computing practitioners refer to the same concepts when they use the same words? A preliminary version of this study [1] addressed the assessment of differences in mental representations of abstract entities involved in programming and modeling. In this extended version we report the results of an experiment, designed to compare mental representations of abstract concepts with mental models described in the literature. We point at differences between groups of students, enrolled in different computing curricula, and explore possible explanations.",ieee,llm,0.740,unreviewed,,doi:10.1109/fie.2015.7344411
discarded,Visual Wellbeing: Intersections of Rhetorical Theory and Design,Victoria J. Gallagher; Kelly Norris Martin; Magdy Ma,2011,Design Issues,10.1162/DESI_a_00075-Martin,https://ieeexplore.ieee.org/document/6791512/,off-topic-false-hit,"April 01 2011 Visual Wellbeing: Intersections of Rhetorical Theory and Design Victoria J. Gallagher, Victoria J. Gallagher Victoria J. Gallagher is a professor in North Carolina State University's (NCSU) Department of Communication and is currently serving as Associate Dean for Academic Affairs and Graduate Studies for the College of Humanities and Social Sciences. Her primary area of publication and scholarship is rhetorical criticism, particularly of civil rights-related discourse, commemorative sites (museums and memorials), visual images, and public art. Current research projects include the development of a theory of visual wellbeing and a collection of critical essays in the area of visual rhetoric, examining the rhetorical functions and potentialities of various works of painting, photography, and sculpture. She helped institute an interdisciplinary Ph.D. program in Communication, Rhetoric, and Digital Media (CRDM) at NCSU and currently serves on editorial boards of Rhetoric Society Quarterly and Quarterly Journal of Speech. Dr. Gallagher also serves on the advisory board for the Urban Communication Foundation and the North Carolina Freedom Monument project. Search for other works by this author on: This Site Google Scholar Kelly Norris Martin, Kelly Norris Martin Kelly Norris Martin is a doctoral candidate in North Carolina State University's Communication, Rhetoric and Digital Media program. Her primary research interests include: visual communication, visual research methods, design methods and new media. In addition to her work with Drs. Gallagher and Ma on developing the theory of Visual Wellbeing, she recently published a study titled, “Digital Dynamism and Digital Credibility in Public Relations Blogs,” with her co-author Dr. Melissa Johnson, in Visual Communication Quarterly. Her research on the communication practices of design critiques has appeared in Communication Education, Journal of Business and Technical Communication and the International Journal for the Scholarship of Teaching and Learning. Search for other works by this author on: This Site Google Scholar Magdy Ma Magdy Ma Magdy Ma is currently teaching history and theory of art and design at the Open University of Hong Kong. Prior to that she taught graphic design at the HKU SPACE and coordinated the international student research project “International Design Opportunity” (I-do) at The Hong Kong Polytechnic University where she also received her MA in Design before later earning her PhD from North Carolina State University. A former Senior Information Offcer with the HKSAR Government, Dr. Ma has created visual design solutions for a wide range of public service advertising campaigns. She has written and published two books—Disoriented Visual Objects: Their Creators and Users (1999) and A Semiotic Phenomenology of Visual Rhetoric (2009). Search for other works by this author on: This Site Google Scholar Author and Article Information Victoria J. Gallagher Victoria J. Gallagher is a professor in North Carolina State University's (NCSU) Department of Communication and is currently serving as Associate Dean for Academic Affairs and Graduate Studies for the College of Humanities and Social Sciences. Her primary area of publication and scholarship is rhetorical criticism, particularly of civil rights-related discourse, commemorative sites (museums and memorials), visual images, and public art. Current research projects include the development of a theory of visual wellbeing and a collection of critical essays in the area of visual rhetoric, examining the rhetorical functions and potentialities of various works of painting, photography, and sculpture. She helped institute an interdisciplinary Ph.D. program in Communication, Rhetoric, and Digital Media (CRDM) at NCSU and currently serves on editorial boards of Rhetoric Society Quarterly and Quarterly Journal of Speech. Dr. Gallagher also serves on the advisory board for the Urban Communication Foundation and the North Carolina Freedom Monument project. Kelly Norris Martin Kelly Norris Martin is a doctoral candidate in North Carolina State University's Communication, Rhetoric and Digital Media program. Her primary research interests include: visual communication, visual research methods, design methods and new media. In addition to her work with Drs. Gallagher and Ma on developing the theory of Visual Wellbeing, she recently published a study titled, “Digital Dynamism and Digital Credibility in Public Relations Blogs,” with her co-author Dr. Melissa Johnson, in Visual Communication Quarterly. Her research on the communication practices of design critiques has appeared in Communication Education, Journal of Business and Technical Communication and the International Journal for the Scholarship of Teaching and Learning. Magdy Ma Magdy Ma is currently teaching history and theory of art and design at the Open University of Hong Kong. Prior to that she taught graphic design at the HKU SPACE and coordinated the international student research project “International Design Opportunity” (I-do) at The Hong Kong Polytechnic University where she also received her MA in Design before later earning her PhD from North Carolina State University. A former Senior Information Offcer with the HKSAR Government, Dr. Ma has created visual design solutions for a wide range of public service advertising campaigns. She has written and published two books—Disoriented Visual Objects: Their Creators and Users (1999) and A Semiotic Phenomenology of Visual Rhetoric (2009). Online ISSN: 1531-4790 Print ISSN: 0747-9360 © 2011 Massachusetts Institute of Technology2011 Design Issues (2011) 27 (2): 27–40. https://doi.org/10.1162/DESI_a_00075-Martin Cite Icon Cite Permissions Share Icon Share Facebook Twitter LinkedIn Email Views Icon Views Article contents Figures & tables Video Audio Supplementary Data Peer Review Search Site Citation Victoria J. Gallagher, Kelly Norris Martin, Magdy Ma; Visual Wellbeing: Intersections of Rhetorical Theory and Design. Design Issues 2011; 27 (2): 27–40. doi: https://doi.org/10.1162/DESI_a_00075-Martin Download citation file: Ris (Zotero) Reference Manager EasyBib Bookends Mendeley Papers EndNote RefWorks BibTex toolbar search Search Dropdown Menu toolbar search search input Search input auto suggest filter your search All ContentAll JournalsDesign Issues Search Advanced Search This content is only available as a PDF. © 2011 Massachusetts Institute of Technology2011 Article PDF first page preview Close Modal You do not currently have access to this content.",ieee,llm,1.000,unreviewed,,doi:10.1162/desi_a_00075-martin
discarded,On the difficulty of replicating human subjects studies in software engineering,Jonathan Lung; Jorge Aranda; Steve Easterbrook; Gregory Wilson,2008,2008 ACM/IEEE 30th International Conference on Software Engineering,10.1145/1368088.1368115,https://ieeexplore.ieee.org/document/4814130/,adjacent-subtopic,"Replications play an important role in verifying empirical results. In this paper, we discuss our experiences performing a literal replication of a human subjects experiment that examined the relationship between a simple test for consistent use of mental models, and success in an introductory programming course. We encountered many difficulties in achieving comparability with the original experiment, due to a series of apparently minor differences in context. Based on this experience, we discuss the relative merits of replication, and suggest that, for some human subjects studies, literal replication may not be the the most effective strategy for validating the results of previous studies.",ieee,llm,0.910,unreviewed,,doi:10.1145/1368088.1368115
discarded,Design Team Perception of Development Team Composition: Implications for Conway's Law,Scott H. Burton; Paul M. Bodily; Richard G. Morris; Charles D. Knutson; Jonathan L. Krein,2011,2011 Second International Workshop on Replication in Empirical Software Engineering Research,10.1109/RESER.2011.7,https://ieeexplore.ieee.org/document/6148337/,off-topic-false-hit,"Conway's law, the idea that a software system reflects the structure of the organization that built it, is one of the most well-known ""laws"" in software engineering. However, the seemingly straightforward phenomenon described by Conway appears to be subject to nuances of personal and organizational dynamics as well as contextual factors, most of which are neither well-understood nor well-studied. As a pilot study intended to foster discussion within the RESER community, we performed a small and somewhat informal qualitative study designed to elucidate some of these nuances. We posited that the designers' perception of the ultimate composition of the development team would affect the resultant system architecture more so than would the actual composition of the design team. The results of the pilot study support this hypothesis and are intended as a motivator for on-going discussion, as well as a catalyst for more thorough and formal differentiated replications, to explore and elucidate the nuances of Conway's law.",ieee,llm,0.990,unreviewed,,doi:10.1109/reser.2011.7
discarded,From programming sequential machines to parallel smart mobile devices: Bringing back the imperative paradigm to today's perspective,Daeng Ahmad Zuhri Zuhud,2013,2013 8th International Conference on Information Technology in Asia (CITA),10.1109/CITA.2013.6637580,https://ieeexplore.ieee.org/document/6637580/,adjacent-subtopic,"The imperative programming paradigm (PP) has been used since the conception of the Von Neumann (VN) architecture. However, the imperative PP has been rarely discussed or put into today's perspective since the advancement of other PPs such as object-oriented, agent, concurrent, parallel, etc. Nevertheless, the understanding and selection of (fundamental) PP(s) are crucial in order to select and solve a programming problem effectively. Since the imperative PP is one of the fundamental PPs that abstracted other higher level PPs, its importance is of course unquestionable. Still, finding a dedicated paper that describes the imperative PP and its impact to today's current PPs and devices can be quite a task. This paper is a dedicated and current paper that will cover the ideas of the imperative PP and discusses its impact to the development of current and more advanced PPs, subsequently discussing the impact of programming approaches to various prior and current devices such as parallel smart mobile devices. It will also discuss the limitations of the imperative and how this hasled to the development of current PPs. The problems of transferring to various other PPs will also be discussed. Although other advanced PPs have been dominating the development world, the importance of the imperative PP is still significant since machines are still running under the fundamental VN model where the imperative is derived from.",ieee,llm,0.970,unreviewed,,doi:10.1109/cita.2013.6637580
discarded,Rethinking agent roles: extending the role definition in the BRAIN framework,G. Cabri; L. Ferrari; L. Leonardo,2004,"2004 IEEE International Conference on Systems, Man and Cybernetics (IEEE Cat. No.04CH37583)",10.1109/ICSMC.2004.1401061,https://ieeexplore.ieee.org/document/1401061/,off-topic-false-hit,"Agents represent a technology that grants developers a new way to develop complex applications. Thanks to their autonomy, reactivity and mobility agents can be exploited in today's applications, even playing on the behalf of users. Agents are not really useful if isolated, instead their powerful is increased as much as they can cooperate and coordinate with other agents or environments. To deal with the need of coordination, developers can use the role-based approach, where coordination issues are embedded in roles exploited by agents. Nevertheless, up to now, agent roles have been entities that agents can exploit, without following and providing a real agent evolution, as happens in the real life for human being. In this paper, we propose work in progress within the BRAIN role-based framework to overtake the above limitation, providing a new definition of role.",ieee,llm,0.990,unreviewed,,doi:10.1109/icsmc.2004.1401061
discarded,Supporting software maintenance processes in TEMPO,N. Belkhatir; W.L. Melo,1993,1993 Conference on Software Maintenance,10.1109/ICSM.1993.366959,https://ieeexplore.ieee.org/document/366959/,off-topic-false-hit,"TEMPO, a process-centered software engineering environment, assists in cooperative work by means of an approach based on a communication model. The executable formalism used to define software engineering activities is described, and it is shown how constraints related to the use of objects in these activities are expressed using the role concept. The communication model is then presented. Thanks to this model, strategies governing the cooperation between various software processes are specified by the concept of active, programmable connections. A connection is a communication channel that links two roles. Message exchange is controlled using TECA (temporal event-condition-action) rules, executed by a trigger mechanism. These allow for the programming of synchronization strategies between processes, propagating the effects of an executed action on one or more connection points. The temporary modes of TECA rules allow for transactions of long duration, because these can be used to reason on past activities. Coherence control of objects handled by activities of long duration is performed by the work environments. The union between connections and work environments makes it possible to support the cooperating processes and object sharing between processes.<>",ieee,llm,1.000,unreviewed,,doi:10.1109/icsm.1993.366959
discarded,Using Formal Verification to Evaluate Human-Automation Interaction: A Review,Matthew L. Bolton; Ellen J. Bass; Radu I. Siminiceanu,2013,"IEEE Transactions on Systems, Man, and Cybernetics: Systems",10.1109/TSMCA.2012.2210406,https://ieeexplore.ieee.org/document/6472094/,off-topic-false-hit,"Failures in complex systems controlled by human operators can be difficult to anticipate because of unexpected interactions between the elements that compose the system, including human-automation interaction (HAI). HAI analyses would benefit from techniques that support investigating the possible combinations of system conditions and HAIs that might result in failures. Formal verification is a powerful technique used to mathematically prove that an appropriately scaled model of a system does or does not exhibit desirable properties. This paper discusses how formal verification has been used to evaluate HAI. It has been used to evaluate human-automation interfaces for usability properties and to find potential mode confusion. It has also been used to evaluate system safety properties in light of formally modeled task analytic human behavior. While capable of providing insights into problems associated with HAI, formal verification does not scale as well as other techniques such as simulation. However, advances in formal verification continue to address this problem, and approaches that allow it to complement more traditional analysis methods can potentially avoid this limitation.",ieee,llm,1.000,unreviewed,,doi:10.1109/tsmca.2012.2210406
discarded,VRML scene graphs on an interactive ray tracing engine,A. Dietrich; I. Wald; M. Wagner; P. Slusallek,2004,IEEE Virtual Reality 2004,10.1109/VR.2004.1310063,https://ieeexplore.ieee.org/document/1310063/,off-topic-false-hit,"With the recent advances in ray tracing technology, high-quality image generation at interactive rates has finally become a reality. As a consequence ray tracing likely plays a larger role in visualization systems, enabling the conception and creation of completely new interactive graphics applications. In this paper, we describe the design and development of a ray tracing-based VRML browser and editor as a case study of such an application. It exploits all advantages of ray tracing, including physically-correct plug and play shading and support for large models. In particular we demonstrate how to overcome the limitations that result from existing scene graph libraries and data exchange formats still being targeted towards rasterization technology. Also we show how to extend the VRML lighting model and to optimize scene graph handling for ray tracing.",ieee,llm,1.000,unreviewed,,doi:10.1109/vr.2004.1310063
