status,title,authors,year,venue,doi,url,tags,abstract,provider,decision_source,llm_confidence,llm_review_outcome,llm_change_direction,paper_id
discarded,The effects of flipped classrooms to improve learning outcomes in undergraduate health professional education: A systematic review,"Naing, Cho; Whittaker, Maxine A.; Aung, Htar Htar; Chellappan, Dinesh Kumar; Riegelman, Amy",2023,CAMPBELL SYSTEMATIC REVIEWS,10.1002/cl2.1339,https://www.webofscience.com/wos/woscc/full-record/WOS:001070509000002,off-topic-false-hit,"Background: The 'flipped classroom' approach is an innovative approach in educational delivery systems. In a typical flipped class model, work that is typically done as homework in the didactic model is interactively undertaken in the class with the guidance of the teacher, whereas listening to a lecture or watching course-related videos is undertaken at home. The essence of a flipped classroom is that the activities carried out during traditional class time and self-study time are reversed or 'flipped'.Objectives: The primary objectives of this review were to assess the effectiveness of the flipped classroom intervention for undergraduate health professional students on their academic performance, and their course satisfaction.Search Methods: We identified relevant studies by searching MEDLINE (Ovid), APA PsycINFO, Education Resources Information Center (ERIC) as well as several more electronic databases, registries, search engines, websites, and online directories. The last search update was performed in April 2022.Selection Criteria: Included studies had to meet the following criteria: Participants: Undergraduate health professional students, regardless of the type of healthcare streams (e.g., medicine, pharmacy), duration of the learning activity, or the country of study. Intervention: We included any educational intervention that included the flipped classroom as a teaching and learning tool in undergraduate programs, regardless of the type of healthcare streams (e.g., medicine, pharmacy). We also included studies that aimed to improve student learning and/or student satisfaction if they included the flipped classroom for undergraduate students. We excluded studies on standard lectures and subsequent tutorial formats. We also excluded studies on flipped classroom methods, which did not belong to the health professional education(HPE) sector (e.g., engineering, economics). Outcomes: The included studies used primary outcomes such as academic performance as judged by final examination grades/scores or other formal assessment methods at the immediate post-test, as well as student satisfaction with the method of learning. Study design: We included randomised controlled trials (RCTs), quasi-experimental studies (QES), and two-group comparison designs. Although we had planned to include cluster-level RCTs, natural experiments, and regression discontinuity designs, these were not available. We did not include qualitative research.Data Collection and Analysis: Two members of the review team independently screened the search results to assess articles for their eligibility for inclusion. The screening involved an initial screening of the title and abstracts, and subsequently, the full text of selected articles. Discrepancies between the two investigators were settled through discussion or consultation with a third author. Two members of the review team then extracted the descriptions and data from the included studies.Main Results: We found 5873 potentially relevant records, of which we screened 118 of them in full text, and included 45 studies (11 RCTs, 19 QES, and 15 two-group observational studies) that met the inclusion criteria. Some studies assessed more than one outcome. We included 44 studies on academic performance and eight studies on students' satisfaction outcomes in the meta-analysis. The main reasons for excluding studies were that they had not implemented a flipped class approach or the participants were not undergraduate students in health professional education.

A total of 8426 undergraduate students were included in 45 studies that were identified for this analysis. The majority of the studies were conducted by students from medical schools (53.3%, 24/45), nursing schools (17.8%, 8/45), pharmacy schools (15.6%, 7/45). medical, nursing, and dentistry schools (2.2%, 1/45), and other health professional education programs (11.1%, 5/45). Among these 45 studies identified, 16 (35.6%) were conducted in the United States, six studies in China, four studies in Taiwan, three in India, two studies each in Australia and Canada, followed by nine single studies from Brazil, German, Iran, Norway, South Korea, Spain, the United Kingdom, Saudi Arabia, and Turkey. Based on overall average effect sizes, there was better academic performance in the flipped class method of learning compared to traditional class learning (standardised mean difference [SMD] = 0.57, 95% confidence interval [CI] = 0.25 to 0.90, t(2): 1.16; I-2: 98%; p < 0.00001, 44 studies, n = 7813). In a sensitivity analysis that excluded eleven studies with imputed data from the original analysis of 44 studies, academic performance in the flipped class method of learning was better than traditional class learning (SMD = 0.54, 95% CI = 0.24 to 0.85, t(2): 0.76; I-2: 97%; p < 0.00001, 33 studies, n = 5924); all being low certainty of evidence. Overall, student satisfaction with flipped class learning was positive compared to traditional class learning (SMD = 0.48, 95% CI = 0.15 to 0.82, t(2): 0.19, I-2:89%, p < 0.00001, 8 studies n = 1696); all being low certainty of evidence.Authors' Conclusions: In this review, we aimed to find evidence of the flipped classroom intervention's effectiveness for undergraduate health professional students. We found only a few RCTs, and the risk of bias in the included non-randomised studies was high. Overall, implementing flipped classes may improve academic performance, and may support student satisfaction in undergraduate health professional programs. However, the certainty of evidence was low for both academic performance and students' satisfaction with the flipped method of learning compared to the traditional class learning. Future well-designed sufficiently powered RCTs with low risk of bias that report according to the CONSORT guidelines are needed.",wos,llm,1.000,unreviewed,,doi:10.1002/cl2.1339
discarded,The Typology of Public Schools in the State of Louisiana and Interventions to Improve Performance: A Machine Learning Approach,"Kaliba, Aloyce R.; Andrews, Donald R.",2023,EDUCATION SCIENCES,10.3390/educsci13020160,https://www.webofscience.com/wos/woscc/full-record/WOS:000945149100001,off-topic-false-hit,"Extant literature on education research focuses on evaluating schools' academic performance rather than the performance of educational institutions. Moreover, the State of Louisiana public school system always performs poorly in education outcomes compared to other school systems in the U.S. One of the limiting factors is the stringent standards applied among heterogeneous schools, steaming from the fit-for-all policies. We use a pairwise controlled manifold approximation technique and gradient boosting machine algorithm to typify Louisiana public schools into homogenous clusters and then characterize each identified group. The analyses uncover critical features of failing and high-performing school systems. Results confirm the heterogeneity of the school system, and each school needs tailored support to buoy its performance. Short-term interventions should focus on customized administrative and academic protocols with malleable interpositions addressing individual school shortcomings such as truancy. Long-term policies must discourse authentic economic development programs to foster community engagement and creativity while allocating strategic resources that cultivate resilience at the school and community levels.",wos,llm,1.000,unreviewed,,doi:10.3390/educsci13020160
discarded,Views of pre-service teachers on the research-based teacher education approach,"Ozmutlu, Emel Bayrak",2022,TUNING JOURNAL FOR HIGHER EDUCATION,10.18543/tjhe.2199,https://www.webofscience.com/wos/woscc/full-record/WOS:000920911800006,off-topic-false-hit,"In this study, the aim was to complete an investigation based on the views of pre-service teachers taking a scientific research methods course grounded on the critical features of the research-based teacher education approach. Within this scope, answers to the questions of ""what are the views of pre-service teachers about (a) the outcomes provided by the research methods course, (b) the reasons for teachers to have research competencies, and (c) the professional function of scientific studies?"" were sought. This research was designed with the basic qualitative research pattern. The researcher developed an interview form comprising open-ended questions to specify the views of pre-service teachers, which were the research target. To create the study group for the research, criterion sampling was chosen from the targeted sampling methods. The study was completed with 110 pre-service teachers attending the educational faculty of a state university in Turkey. A detailed analysis process was completed in four stages for the research data. Analyses were performed on statements reporting a total of 684 views. Pre-service teachers showed development in 25 subcategories classified into research competence, professional competence, and personal growth. Teachers' need for research competency was justified based on the needs of contemporary teachers, the requirements due to the nature of the class, and ensuring the optimal conditions for effective teaching. Pre-service teachers' views on the professional function of scientific studies were examined under five categories. These are reliable knowledge, real context, ideal practice, beyond experience, and distance from being guides. The research findings can be interpreted as the fact that teacher education practices which take the principles of the research-based teacher education approach into account have the potential to achieve the teacher qualifications targeted by this approach. Considering the potential of these qualifications to fulfill the complex and high-level expectations demanded from the teacher, it is recommended that studies be conducted on how the principles of research-based teacher education can be integrated into existing teacher education programs.",wos,llm,0.990,unreviewed,,doi:10.18543/tjhe.2199
discarded,Smartphone-based artificial intelligence using a transfer learning algorithm for the detection and diagnosis of middle ear diseases: A retrospective deep learning study,"Chen, Yen-Chi; Chu, Yuan-Chia; Huang, Chii-Yuan; Lee, Yen-Ting; Lee, Wen-Ya; Hsu, Chien-Yeh; Yang, Albert C.; Liao, Wen-Huei; Cheng, Yen-Fu",2022,ECLINICALMEDICINE,10.1016/j.eclinm.2022.101543,https://www.webofscience.com/wos/woscc/full-record/WOS:000907286800007,off-topic-false-hit,"Background Middle ear diseases such as otitis media and middle ear effusion, for which diagnoses are often delayed or misdiagnosed, are among the most common issues faced by clinicians providing primary care for children and adolescents. Artificial intelligence (AI) has the potential to assist clinicians in the detection and diagnosis of middle ear diseases through imaging.

Methods Otoendoscopic images obtained by otolaryngologists from Taipei Veterans General Hospital in Taiwan between Jany 1, 2011 to Dec 31, 2019 were collected retrospectively and de-identified. The images were entered into convolutional neural network (CNN) training models after data pre-processing, augmentation and splitting. To differentiate sophisticated middle ear diseases, nine CNN-based models were constructed to recognize middle ear diseases. The best-performing models were chosen and ensembled in a small CNN for mobile device use. The pretrained model was converted into the smartphone-based program, and the utility was evaluated in terms of detecting and classifying ten middle ear diseases based on otoendoscopic images. A class activation map (CAM) was also used to identify key features for CNN classification. The performance of each classifier was determined by its accuracy, precision, recall, and F1-score.

Findings A total of 2820 clinical eardrum images were collected for model training. The programme achieved a high detection accuracy for binary outcomes (pass/refer) of otoendoscopic images and ten different disease categories, with an accuracy reaching 98.0% after model optimisation. Furthermore, the application presented a smooth recognition process and a user-friendly interface and demonstrated excellent performance, with an accuracy of 97.6%. A fifty-question questionnaire related to middle ear diseases was designed for practitioners with different levels of clinical experience. The AI-empowered mobile algorithm's detection accuracy was generally superior to that of general physicians, resident doctors, and otolaryngology specialists (36.0%, 80.0% and 90.0%, respectively). Our results show that the proposed method provides sufficient treatment recommendations that are comparable to those of specialists.

Interpretation We developed a deep learning model that can detect and classify middle ear diseases. The use of smartphone-based point-of-care diagnostic devices with AI-empowered automated classification can provide real-world smart medical solutions for the diagnosis of middle ear diseases and telemedicine. Copyright (C) 2022 The Author(s). Published by Elsevier Ltd. This is an open access article under the CC BY-NC-ND license (http://creativecommons.org/licenses/by-nc-nd/4.0/)",wos,llm,1.000,unreviewed,,doi:10.1016/j.eclinm.2022.101543
discarded,The role of education in fostering entrepreneurial intentions among business students,"Cekule, Laila; Cekuls, Andrejs; Dunska, Margarita",2023,"9TH INTERNATIONAL CONFERENCE ON HIGHER EDUCATION ADVANCES, HEAD 2023",10.4995/HEAd23.2023.16159,https://www.webofscience.com/wos/woscc/full-record/WOS:001660879300073,off-topic-false-hit,"Entrepreneurial intention is a critical aspect of the creation of new businesses and the development of an entrepreneurial culture. It is considered to be the strongest predictor of an individual's behavior towards entrepreneurship. The present study aims to examine the role of education in promoting entrepreneurial intentions among business students and understand how educational programs, initiatives and experiences can impact the development of an entrepreneurial mindset. The study was conducted using focus group discussions to gather views and attitudes of individuals. The results suggest that in order to cultivate entrepreneurial intentions among business students, education must provide exposure to successful entrepreneurs, encourage hands-on experience, offer entrepreneurship-focused classes and workshops, provide access to funding and mentorship, foster a supportive and inclusive environment, emphasize the development of critical thinking and problem-solving skills, and encourage continuous learning. The findings of this research provide valuable insights for educators, policymakers, and stakeholders to enhance entrepreneurial education and foster a supportive environment for the development of entrepreneurial skills and mindsets among business students.",wos,llm,1.000,unreviewed,,doi:10.4995/head23.2023.16159
discarded,Biology in Public Health: Course-Based Experiential Learning Strategies to Promote Active Experimentation Among Undergraduate Public Health Students,"Leih, Rachel; Hoffman, Katharine J.; Duncan, Burris Duke",2023,PEDAGOGY IN HEALTH PROMOTION,10.1177/23733799221122787,https://www.webofscience.com/wos/woscc/full-record/WOS:000855121800001,off-topic-false-hit,"Experiential learning is a critical aspect of undergraduate public health education. However, there is limited literature on the implementation of experiential learning in undergraduate public health programs. The course ""Biology in Public Health"" was developed to better link population-level public health concepts with the biological sciences through multiple experiential learning opportunities. The course provides students opportunities to apply concepts of population health and biological sciences to their own lives and the lives of others. The course includes several experiential learning components and over its tenure has been adapted to increase the emphasis on experiential learning. Three core experiential components that have been the basis for the class since its inception are: (1) weekly mindfulness and meditation practice, (2) guest presentations by individuals living with the week's health condition, and (3) participation in an optional 10-day whole-food plant-based diet intervention. Data from course evaluations and surveys of diet intervention participants show impacts on students' health behaviors and attitudes. Thirty-eight percent of students self-reported utilizing meditation outside of class to manage stress at the end of the semester, and all participants in the diet intervention stated that they would decrease their animal protein and dairy intake at the end of the intervention. This article provides an overview of the course structure and details the experiential learning strategies utilized to promote students' active experimentation with health behaviors, improve student comprehension of the impact of stress and diet on health outcomes, and foster the utilization of this knowledge in their future public health careers.",wos,llm,1.000,unreviewed,,doi:10.1177/23733799221122787
discarded,Methodology Matters: Employing Phenomenography to Investigate Experiences in Computing Fields and the Application of Theoretical Frameworks,"Lunn, Stephanie; Ross, Monique",2021,2021 IEEE FRONTIERS IN EDUCATION CONFERENCE (FIE 2021),10.1109/FIE49875.2021.9637058,https://www.webofscience.com/wos/woscc/full-record/WOS:000821947700009,adjacent-subtopic,"The goal of this research methodology paper is to discuss the utility of employing a phenomenographic approach towards empirical examination of experiences in computing fields, and to argue for the application of theory within the process. Phenomenography is a qualitative technique applied to describe the variations in how populations perceive and conceptualize an observable fact, circumstance, or event. In our work, we discuss the benefits and challenges of this methodology, and examine the different approaches that can be employed. Although deviations exist in the styles of treating the data, its analysis, and the interpretation, ultimately, the goal of phenomenography is to develop an outcome space which consists of critical features for the object under investigation. Unlike many other qualitative techniques, the analysis itself is not guided using theoretical frameworks or a priori coding, since categorizations are meant to emerge from the data. While theoretical frameworks are not used during the evolution of the outcome space, we do suggest ways they can be applied in other stages of the process. Theoretical frameworks are valuable tools for limiting the scope of the relevant data by focusing on specific variables and defining a particular viewpoint. When employing phenomenography, we describe how theoretical grounding can be useful during planning and data collection - when establishing research questions, developing interview scripts, or during participant selection or as part of interpretation and explanation of the results. This work is intended to encourage future researchers investigating experiences in computer science education to use phenomenography, and to assist in demonstrating how theoretical frameworks can enhance the protocol without compromising the integrity of the data-focused analysis.",wos,llm_reviewed,0.780,changed,kept->discarded,doi:10.1109/fie49875.2021.9637058
discarded,Individuals With Parkinson Disease Are Adherent to a High-Intensity Community-Based Cycling Exercise Program,"Rosenfeldt, Anson B.; Koop, Mandy Miller; Penko, Amanda L.; Alberts, Jay L.",2022,JOURNAL OF NEUROLOGIC PHYSICAL THERAPY,10.1097/NPT.0000000000000370,https://www.webofscience.com/wos/woscc/full-record/WOS:000772520900002,off-topic-false-hit,"Background and Purpose: Parkinson disease is a progressive neurological disorder with no known cure or proven method of slowing progression. High-intensity, laboratory-based aerobic exercise interventions are currently being pursued as candidates for altering disease progression. The aim of this project was to evaluate the translation of a laboratory-based intervention to the community by monitoring exercise adherence (eg, attendance) and intensity (eg, heart rate [HR] and cadence) in 5 established Pedaling for Parkinson's exercise classes. A secondary aim was to determine the impact of disease severity and demographics variables on exercise adherence.

Methods: A 12-month pragmatic design was utilized to monitor attendance, HR, and cadence during each Pedaling for Parkinson's class session. Over the course of 1 year, approximately 130 sessions were offered. Forty-nine (n = 30 males) persons with mild to moderate Parkinson disease from 5 community fitness facilities participated.

Results: Out of the approximately 130 cycling sessions offered at each site over 12 months, 37% of the participants attended greater than 2 classes per week (80-130 total sessions), 47% attended 1 to 1.9 classes per week (40-79 total sessions), and less than 17% attended less than 1 class per week (<40 total sessions). Average pedaling cadence was 74.1 +/- 9.6 rpms while average percentage of HR maximum was 68.9 +/- 12.0%. There were no significant differences between cycling adherence and intensity variables based on disease severity, age, or sex.

