status,title,authors,year,venue,doi,url,tags,abstract,provider,decision_source,llm_confidence,llm_review_outcome,llm_change_direction,paper_id
discarded,A Dataset for Improved RGBD-Based Object Detection and Pose Estimation for Warehouse Pick-and-Place,Colin Rennie; Rahul Shome; Kostas E. Bekris; Alberto F. De Souza,2016,IEEE Robotics and Automation Letters,10.1109/LRA.2016.2532924,https://ieeexplore.ieee.org/document/7416002/,off-topic-false-hit,"An important logistics application of robotics involves manipulators that pick-and-place objects placed in warehouse shelves. A critical aspect of this task corresponds to detecting the pose of a known object in the shelf using visual data. Solving this problem can be assisted by the use of an RGBD sensor, which also provides depth information beyond visual data. Nevertheless, it remains a challenging problem since multiple issues need to be addressed, such as low illumination inside shelves, clutter, texture-less and reflective objects as well as the limitations of depth sensors. This letter provides a new rich dataset for advancing the state-of-the-art in RGBD-based 3D object pose estimation, which is focused on the challenges that arise when solving warehouse pick-and-place tasks. The publicly available dataset includes thousands of images and corresponding ground truth data for the objects used during the first Amazon Picking Challenge at different poses and clutter conditions. Each image is accompanied with ground truth information to assist in the evaluation of algorithms for object detection. To show the utility of the dataset, a recent algorithm for RGBD-based pose estimation is evaluated in this letter. Given the measured performance of the algorithm on the dataset, this letter shows how it is possible to devise modifications and improvements to increase the accuracy of pose estimation algorithms. This process can be easily applied to a variety of different methodologies for object pose detection and improve performance in the domain of warehouse pick-and-place.",ieee,llm,1.000,unreviewed,,doi:10.1109/lra.2016.2532924
discarded,Online supported learning and threshold concepts in novice programming,Tze Ying Sim,2017,"2017 IEEE Conference on e-Learning, e-Management and e-Services (IC3e)",10.1109/IC3e.2017.8409243,https://ieeexplore.ieee.org/document/8409243/,adjacent-subtopic,"Novice programming is a challenging subject to both the students and the educators. Students struggle to comprehend the methods, and educators try their best to put forth the subject in an understandable manner. This paper presents two methods implemented to support the learning for students in a novice programming class. They are social network support and online journaling. The threshold concepts for computing are also discussed. Data collected through the online journaling method provides an indicator to the possible threshold concepts in novice programming subject. The impacts of the methods are evaluated using analysis of questionnaires responds, entries to the social networking support platform, online journaling method, and students' grade. The conclusion of this study are 1) the social support network helps students to work on the subject content, and 2) students who post on the platform have a significantly better grade. The conclusion drawn for the online journaling are 1) students who actively participated are scoring better grade in the class, and 2) online journaling method also confirms that one of the main thresholds for novice programming class is the object oriented concept. Apart from Memory and Object Oriented Programming, Multidimensional array and Methods are another two topics identified as threshold concepts for novice programming.",ieee,llm,0.750,unreviewed,,doi:10.1109/ic3e.2017.8409243
discarded,CFC-Net: A Critical Feature Capturing Network for Arbitrary-Oriented Object Detection in Remote-Sensing Images,Qi Ming; Lingjuan Miao; Zhiqiang Zhou; Yunpeng Dong,2022,IEEE Transactions on Geoscience and Remote Sensing,10.1109/TGRS.2021.3095186,https://ieeexplore.ieee.org/document/9488629/,off-topic-false-hit,"Object detection in optical remote-sensing images is an important and challenging task. In recent years, the methods based on convolutional neural networks (CNNs) have made good progress. However, due to the large variation in object scale, aspect ratio, as well as the arbitrary orientation, the detection performance is difficult to be further improved. In this article, we discuss the role of discriminative features in object detection, and then propose a critical feature capturing network (CFC-Net) to improve detection accuracy from three aspects: building powerful feature representation, refining preset anchors, and optimizing label assignment. Specifically, we first decouple the classification and regression features, and then construct robust critical features adapted to the respective tasks of classification and regression through the polarization attention module (PAM). With the extracted discriminative regression features, the rotation anchor refinement module (R-ARM) performs localization refinement on preset horizontal anchors to obtain superior rotation anchors. Next, the dynamic anchor learning (DAL) strategy is given to adaptively select high-quality anchors based on their ability to capture critical features. The proposed framework creates more powerful semantic representations for objects in remote-sensing images and achieves high-performance real-time object detection. Experimental results on three remote-sensing datasets including HRSC2016, DOTA, and UCAS-AOD show that our method achieves superior detection performance compared with many state-of-the-art approaches. Code and models are available at https://github.com/ming71/CFC-Net.",ieee,llm,1.000,unreviewed,,doi:10.1109/tgrs.2021.3095186
discarded,Stirring up a Special Sauce: Marrying Electrical and Computer Engineering with Threshold Concepts for ECE 101,David Reeping; Desen Ozkan; Lisa McNair; Tom Martin,2020,2020 IEEE Frontiers in Education Conference (FIE),10.1109/FIE44824.2020.9274124,https://ieeexplore.ieee.org/document/9274124/,adjacent-subtopic,"This special session introduces threshold concepts as a framework to design an integrated first-year course that covers a wide range of Electrical and Computer Engineering (ECE) from circuits to software. We discuss an interaction plan to engage participants in distilling fundamental projects for ECE courses into their fundamental components and looking for opportunities to make explicit connections across disciplines. While ECE is used as the guiding example, other disciplines can benefit from a similar approach.",ieee,llm,0.980,unreviewed,,doi:10.1109/fie44824.2020.9274124
discarded,Online Tools to Support Novice Programming: A Systematic Review,Tze Ying Sim; Sian Lun Lau,2018,"2018 IEEE Conference on e-Learning, e-Management and e-Services (IC3e)",10.1109/IC3e.2018.8632649,https://ieeexplore.ieee.org/document/8632649/,adjacent-subtopic,"Novice programming is a challenging subject to both the students and the educators. A novice programmer is required to acquire new knowledge to solve a problem and propose a solution systematically. This is followed by constructing the solution in a development environment that they are unfamiliar with. This research looks at the challenges faced by a novice programmer and the online methods that are popular to assist the students. Online block programming is a popular option. One of the software that had been implemented in the various research project is Scratch. From the reviewed research, it shows that the trend is moving towards an intelligent tutoring system, where students can have personalized engagement for their learning experience. This paper presents a systematic review conducted using the keywords “novice programming”, “introductory”, “CS1”, “difficulties”, “challenges”, and “threshold concepts”. From the review conducted, it is observed that most of the work is carried out to ease the implementation of the solution through an integrated development environment, and block programming. On the support for instructors, the discussion on curriculum and challenges in CS1 tops the chart. This is followed by active learning through online tools.",ieee,llm,0.960,unreviewed,,doi:10.1109/ic3e.2018.8632649
discarded,Troublesome Knowledge in Software Engineering and Computer Science from Students' Perspective,Shaimaa Ali,2026,2026 IEEE Engineering Education World Conference (EDUNINE),10.1109/EDUNINE62390.2026.11546911,https://ieeexplore.ieee.org/document/11546911/,adjacent-subtopic,"Threshold concepts are a subset of core concepts characterized by five criteria: troublesome, transformative, integrative, irreversible, and bounded. This paper focuses on the troublesome aspect as a step towards identifying threshold concepts in software engineering and computer science. Survey Responses from 65 participants who reported 109 concepts as troublesome were analyzed and organized hierarchically into 63 concepts. The provided explanations were analyzed thematically to identify reasons or forms of difficulties faced by the students. Known sources of troublesomeness, ritual knowledge, inert knowledge, conceptually difficult knowledge, alien or foreign knowledge, tacit knowledge and troublesome language were used as the main themes during the analysis. Conceptually difficult knowledge was the most reported source of troublesomeness; the analysis reported in this paper revealed 11 sub-themes of it. Additionally, a new category was identified to address social and psychological sources of difficulty for the students.",ieee,llm,0.790,unreviewed,,doi:10.1109/edunine62390.2026.11546911
discarded,Students’ Perspectives on Transformative Concepts and Forms of Transformations in Computer Science and Software Engineering,Shaimaa Ali,2026,"2026 4th UK-China Teaching, Learning, and Educational Technology (TILE-TEC)",10.1109/TILE-TEC70450.2026.11682506,https://ieeexplore.ieee.org/document/11682506/,adjacent-subtopic,"Threshold concepts are a subset of core concepts characterized by five criteria: troublesome, transformative, integrative, irreversible, and bounded. This paper focuses on the transformative aspect as one step towards identifying threshold concepts in software engineering and computer science. Survey Responses from 68 participants who reported 115 concepts as transformative were analyzed and organized hierarchically into 60 concepts. Thematic analysis was applied to the provided explanations, revealing 10 themes that help educators understand the different forms of transformation students experience.",ieee,llm,0.790,unreviewed,,doi:10.1109/tile-tec70450.2026.11682506
discarded,"Stirring up a Special Sauce, A Second Course: Marrying Electrical and Computer Engineering with Threshold Concepts for ECE 101",David Reeping; Desen Ozkan; Lisa McNair; Tom Martin,2021,2021 IEEE Frontiers in Education Conference (FIE),10.1109/FIE49875.2021.9637254,https://ieeexplore.ieee.org/document/9637254/,adjacent-subtopic,"This workshop introduces threshold concepts as a framework to design an integrated first-year course that covers a wide range of Electrical and Computer Engineering (ECE) from circuits to software. We discuss an interaction plan to engage participants in distilling fundamental projects for ECE courses into their fundamental components and looking for opportunities to make explicit connections across disciplines. While ECE is used as the guiding example, other disciplines can benefit from a similar approach.11This material is based upon work supported by the National Science Foundation under Grant No. 1623067.",ieee,llm,0.980,unreviewed,,doi:10.1109/fie49875.2021.9637254
kept,Programming Course Design: Phenomenographic Approach to Learning and Teaching,Neena Thota,2014,2014 International Conference on Teaching and Learning in Computing and Engineering,10.1109/LaTiCE.2014.30,https://ieeexplore.ieee.org/document/6821840/,supports-claim; teaching,"Phenomenography is a well-known empirical research approach that is often used to investigate students' ways of learning programming. Phenomenographic pedagogy is an instructional approach to plan learning and teaching activities. This theoretical paper gives an overview of prior research in phenomenographic studies of programming and shows how the results from these research studies can be applied to course design. Pedagogic principles grounded in the phenomenographic perspective on teaching and learning are then presented that consider how to tie students' experiences to the course goals (relevance structure) and how to apply variation theory to focus on the desired critical aspects of learning. Building on this, an introductory object-oriented programming course is described as an example of research-based course design. The insights gained from the experience of running the course are shared with the community of computer science educators, as also the benefits and responsibilities for those who wish to adopt the phenomenographic perspective on learning to plan their teaching. The development of an increased awareness of the variation in students' ways of experiencing programming and the need to broaden the context of the programming course are discussed.",ieee,llm_reviewed,0.680,changed,discarded->kept,doi:10.1109/latice.2014.30
discarded,Commandments of UML for Safety,Akram Idani; Dieu-Donne Okalas Ossami; Jean-Louis Boulanger,2007,International Conference on Software Engineering Advances (ICSEA 2007),10.1109/ICSEA.2007.20,https://ieeexplore.ieee.org/document/4299938/,off-topic-false-hit,"Nowadays, the Unified Modeling Language (UML) is becoming a ""de facto"" standard for object oriented environments and then it is perceived as a part of the culture of software engineers. However, the luck of rigorous semantic basis is a great shortcoming of UML which upsets its use to address safety problems. Still, taking benefit of the richness of UML to model critical systems is worthwhile because it is aimed at reducing the certification effort required for the design phase. Currently, we undertake works to delimit a well-defined UML core which could be used to model such systems. In this paper, we explore some critical aspects and recommendations of basic UML constructs which should be approached when dealing with safety.",ieee,llm,0.990,unreviewed,,doi:10.1109/icsea.2007.20
discarded,A web-enabled virtual disassembly manager (webVDM) for electronic products,P.G. Ranky; R.J. Caudill; S.K. Das; A. Bhatia; S. Chamyvelumani,2001,Proceedings of the 2001 IEEE International Symposium on Electronics and the Environment. 2001 IEEE ISEE (Cat. No.01CH37190),10.1109/ISEE.2001.924534,https://ieeexplore.ieee.org/document/924534/,off-topic-false-hit,"The purpose of this research is to create object oriented, validated modeling methods and software tools, as well as a system architecture that enables enterprises to analyze and design all critical aspects of their demanufacturing processes over the web, manage their disassembly lines and provide electronic support systems for operators. The generic methodology developed focuses on all critical objects in the above listed disciplines, including their process parameters and their interactions with the relevant networked (web) databases. Furthermore, it integrates various process inputs, acting at different priorities from several different sources, including the web, constraints under which the processes must fire, and resources, that the processes must use in order to be able to produce outputs that represent value. Our method follows an open systems architecture that enables ""third party"" processes to be integrated into, and/or to interact with. By following internationally accepted total quality and environmental standards, important rules learned can be fed back to the product/process design team, as well as to all support systems and personnel, most importantly to the multi-life cycle engineering design, manufacturing/assembly planning and quality teams.",ieee,llm,1.000,unreviewed,,doi:10.1109/isee.2001.924534
discarded,The Effect of Mandatory Assignments on Students Learning Outcome and Performance in Introductory Programming Courses,Vegard Hellem; Madeleine Lorås,2020,2020 IEEE Global Engineering Education Conference (EDUCON),10.1109/EDUCON45650.2020.9125198,https://ieeexplore.ieee.org/document/9125198/,adjacent-subtopic,"In a world in high demand of engineering professionals, higher education should be effective and quality conscious. A better understanding of what type of activities that are best suited for improving students’ learning could enable further improvements. In this paper, the effect of mandatory assignments on students’ learning outcome in introductory programming courses is explored through a quasi-experimental research study. One group of students were exempted from the mandatory weekly assignments and followed up via biweekly sessions. A control group was recruited to follow an assignment regime in parallel. Through pre- and posttests the learning outcome of the two assignment structures was statistically evaluated. The results indicated that the group of students exempt from mandatory assignments achieved the same learning outcome as the control group. Similarly, no difference was found between the two groups on exam performance. Students have individual learning behaviors and learn to program in different ways, and the instructional design should facilitate individual learning trajectories.",ieee,llm,0.980,unreviewed,,doi:10.1109/educon45650.2020.9125198
discarded,An Empirical Study of API Usability,Marco Piccioni; Carlo A. Furia; Bertrand Meyer,2013,2013 ACM / IEEE International Symposium on Empirical Software Engineering and Measurement,10.1109/ESEM.2013.14,https://ieeexplore.ieee.org/document/6681333/,adjacent-subtopic,"Modern software development extensively involves reusing library components accessed through their Application Programming Interfaces (APIs). Usability is therefore a fundamental goal of API design, but rigorous empirical studies of API usability are still relatively uncommon. In this paper, we present the design of an API usability study which combines interview questions based on the cognitive dimensions framework, with systematic observations of programmer behavior while solving programming tasks based on ``tokens''. We also discuss the implementation of the study to assess the usability of a persistence library API (offering functionalities such as storing objects into relational databases). The study involved 25 programmers (including students, researchers, and professionals), and provided additional evidence to some critical features evidenced by related studies, such as the difficulty of finding good names for API features and of discovering relations between API types. It also discovered new issues relevant to API design, such as the impact of flexibility, and confirmed the crucial importance of accurate documentation for usability.",ieee,llm,0.910,unreviewed,,doi:10.1109/esem.2013.14
discarded,Object Detection and Classification of Hyperspectral Images Using K-NN,Bhavatarini N; Akash B N; A Renard Avinash; Akshay H M,2023,"2023 Second International Conference on Electrical, Electronics, Information and Communication Technologies (ICEEICT)",10.1109/ICEEICT56924.2023.10157645,https://ieeexplore.ieee.org/document/10157645/,off-topic-false-hit,"This Object detection and classification using Hyperspectral images is a critical aspect of remote sensing and computer vision. This technology involves identifying objects of interest within an image and classifying them based on their spectral signatures. Hyperspectral imaging provides a more detailed representation of objects compared to traditional color images, enabling more precise classification. The increased accuracy and reliability provided by this technology make it useful in a range of applications, such as environmental monitoring, military surveillance, and agriculture. However, object detection and classification in hyperspectral images can be challenging due to the large size of the data and the complexity of the algorithms involved. Nevertheless, ongoing research in this area continues to improve the performance of object detection and classification using hyperspectral images. In this paper, we are utilizing the K-Nearest Neighbor algorithm as part of the research work to determine the accuracy of our model.",ieee,llm,1.000,unreviewed,,doi:10.1109/iceeict56924.2023.10157645
