status,title,authors,year,venue,doi,url,tags,abstract,provider,decision_source,llm_confidence,llm_review_outcome,llm_change_direction
discarded,H++ 3.0: automating pK prediction and the preparation of biomolecular structures for atomistic molecular modeling and simulations,Ramu Anandakrishnan; Boris Aguilar; Alexey V. Onufriev,2012,Nucleic Acids Research,10.1093/nar/gks375,https://openalex.org/W2168240189,off-topic-false-hit; biomolecular-modeling; novice-users,"The accuracy of atomistic biomolecular modeling and simulation studies depend on the accuracy of the input structures. Preparing these structures for an atomistic modeling task, such as molecular dynamics (MD) simulation, can involve the use of a variety of different tools for: correcting errors, adding missing atoms, filling valences with hydrogens, predicting pK values for titratable amino acids, assigning predefined partial charges and radii to all atoms, and generating force field parameter/topology files for MD. Identifying, installing and effectively using the appropriate tools for each of these tasks can be difficult for novice and time-consuming for experienced users. H++ (http://biophysics.cs.vt.edu/) is a free open-source web server that automates the above key steps in the preparation of biomolecular structures for molecular modeling and simulations. H++ also performs extensive error and consistency checking, providing error/warning messages together with the suggested corrections. In addition to numerous minor improvements, the latest version of H++ includes several new capabilities and options: fix erroneous (flipped) side chain conformations for HIS, GLN and ASN, include a ligand in the input structure, process nucleic acid structures and generate a solvent box with specified number of common ions for explicit solvent MD.",openalex,llm,1.000,unreviewed,
discarded,Blue—a language for teaching object-oriented programming,Michael Kölling; John Rosenberg,1996,,10.1145/236452.236537,https://openalex.org/W2053983114,adjacent-subtopic; teaching-language; objects-first,"Teaching object-oriented programming has clearly become an important part of computer science education. We agree with many others that the best place to teach it is in the CS1 introductory course. Many problems with this have been reported in the literature. These mainly result from inadequate languages and environments. Blue is a new language and integrated programming environment, currently under development explicitly for object-oriented teaching. We expect clear advantages from the use of Blue for first year teaching compared to using other available languages. This paper describes the design principles on which the language was based and the most important aspects of the language itself.",openalex,llm,0.900,unreviewed,
discarded,Evaluation of learning environments for object-oriented programming: measuring cognitive load with a novel measurement technique,Murat Paşa Uysal,2015,Interactive Learning Environments,10.1080/10494820.2015.1041400,https://openalex.org/W2201674692,adjacent-subtopic; cognitive-load; learning-environments,"Various methods and tools have been proposed to overcome the learning obstacles for Object-Oriented Programming (OOP). However, it remains difficult especially for novice learners. The problem may be not only adopting an instructional method, but also an Integrated Development Environment (IDE). Learners employ IDEs as a means to solve programming problems and an inappropriate IDE may impose additional cognitive load. Therefore, this quasi-experimental study tried to identify the cognitive effects of a more visually supportive and functional IDE. It was explored by the functional near-infrared spectroscopy method, which is a relatively new physiological tool for measuring cognitive load. Novice students participated in the study in two experimental groups and they were required to write a Java application using two different IDEs. The results indicated a significant difference between the experimental groups and the findings are discussed in view of the principles of Cognitive Load Theory and Multimedia Learning.",openalex,llm,0.880,unreviewed,
discarded,50 Years of CS1 at SIGCSE,Brett A. Becker; Keith Quille,2019,,10.1145/3287324.3287432,https://openalex.org/W2916708654,adjacent-subtopic; historical-review; cs1,"The SIGCSE Technical Symposium is celebrating its 50th year, and a constant theme throughout this history has been to better understand how novices learn to program. In this paper, we present a perspective on the evolution of introductory programming education research at the Symposium over these 50 years. We also situate the Symposium's impact in the context of the wider literature on introductory programming research. Applying a systematic approach to collecting papers presented at the Symposium that focus on novice programming / CS1, we categorized hundreds of papers according to their main focus, revealing important introductory programming topics and their trends from 1970 to 2018. Some of these topics have faded from prominence and are less relevant today while others, including many topics focused on students, such as making learning programming more appropriate from gender, diversity, accessibility and inclusion standpoints, have garnered significant attention more recently. We present discussions on these trends and in doing so, we provide a checkpoint for introductory programming research. This may provide insights for future research on how we teach novices and how they learn to program.",openalex,llm,0.960,unreviewed,
discarded,Users guide to the PGAPack parallel genetic algorithm library,"IL (United States) Argonne National Lab.; D Levine; USDOE, Washington, DC (United States) (US)",1996,,10.2172/366458,https://openalex.org/W1484596180,off-topic-false-hit; genetic-algorithm-library; novice-users,"PGAPack is a parallel genetic algorithm library that is intended to provide most capabilities desired in a genetic algorithm package, in an integrated, seamless, and portable manner. Key features of PGAPack are as follows: Ability to be called from Fortran or C. Executable on uniprocessors, multiprocessors, multicomputers, and workstation networks. Binary-, integer-, real-, and character-valued native data types. Object-oriented data structure neutral design. Parameterized population replacement. Multiple choices for selection, crossover, and mutation operators. Easy integration of hill-climbing heuristics. Easy-to-use interface for novice and application users. Multiple levels of access for expert users. Full extensibility to support custom operators and new data types. Extensive debugging facilities. Large set of example problems.",openalex,llm,1.000,unreviewed,
discarded,OPT++: An object-oriented class library for nonlinear optimization,"Sandia National Labs., Livermore, CA (USA); J Meza; USDOE, Washington, DC (United States)",1994,,10.2172/10136172,https://openalex.org/W1509476036,off-topic-false-hit; optimization-library; software-development,"Object-oriented programming is becoming a popular way of developing new software. The promise of this new programming paradigm is that software developed through these concepts will be more reliable and easier to re-use, thereby decreasing the time and cost of the software development cycle. This report describes the development of a C++ class library for nonlinear optimization. Using object-oriented techniques, this new library was designed so that the interface is easy to use while being general enough so that new optimization algorithms can be added easily to the existing framework.",openalex,llm,1.000,unreviewed,
discarded,Applying object-oriented analysis and design,Jean-Marc Nerson,1992,Communications of the ACM,10.1145/130994.130997,https://openalex.org/W2048898071,off-topic-false-hit; oo-analysis-design; software-engineering,"Object-Oriented Analysis and Design :ional analysis and design techniques imply constant paradigm shifts, since manipulate different concepts at each different phase of software developt. The object-oriented technique offers a seamless process that helps viewing the software architecture in terms of problem space elements.",openalex,llm,0.990,unreviewed,
discarded,On the origins of programmers: identifying predictors of success for an objects first cs1,Philip R. Ventura; Bina Ramamurthy,2004,,,https://openalex.org/W161191427,adjacent-subtopic; objects-first; predictors-of-success,"Object-oriented programming (OOP) has made tremendous gains since its birth in the early 1960s. Since the beginning of the 1990s, many have written about the importance of introducing OOP in CS curricula. With the advent of Java, there has been considerable discussion of how to properly teach Java in introductory courses. In short, the discussion has largely dealt with the introduction of the object-oriented paradigm in CS1. Finally, in 2001, the IEEE/ACM Joint Task Force on Computing Curricula legitimized the teaching of object-oriented programming in the introductory course sequence, termed objects-first. No empirical investigations of the objects-first approach have appeared to date. This dissertation discusses the results of a systematic investigation of the objects-first CS1 course developed by the author. Further, it includes a model syllabus with class-tested examples for teaching object-oriented concepts in CS1. 
The dissertation has examined predictors of success for the objects-first course and compares results with traditional imperative-first approaches. The predictors include, prior programming experience, mathematical ability, academic and psychological variables, gender, and measures of student effort. The findings show a radical difference between the predictors of success of the objects-first approach versus the imperative-first approach. Most surprising is the finding that prior programming experience is not a predictor of success. Further, cognitive and academic factors such as SAT scores and critical thinking ability offer little predictive value when compared to the other predictors of success. Student effort and comfort level were found to be the strongest predictors of success. 
The dissertation reveals that the objects-first CS1 is an attractive option both for large universities and liberal arts settings as well as in the AP CS curriculum. The discussion of in-class examples serves to aid instructors new to objects-first, in teaching an objects-first CS1, for which there is a lack of pedagogical examples.",openalex,llm,0.860,unreviewed,
discarded,The top 10 reasons why object-oriented programming can't be taught in CS 1,Rick Decker; Stuart Hirshfield,1994,,10.1145/191029.191054,https://openalex.org/W2092220759,adjacent-subtopic; objects-first; teaching-debate,"Over the past year we have changed our CS 1 course from a standard Pascal-based, procedural programming course into one that emphasizes C++ and object-oriented programming (OOP). While our experience to date indicates that this was a good decision for both our students and our department, the decision did not come easy. We struggled long and hard with many, if not most, of the questions and issues that have come to be associated with teaching OOP to undergraduates. This paper recounts our struggles, and presents our responses to the more serious of the pedagogical questions that we considered. In hindsight, many of the reasons we came up with for not using OOP in CS1 are seen to reflect our lack of understanding of the paradigm, our fear of the language, and our past experience teaching Pascal and the procedural paradigm. Furthermore, we believe that our reservations (which appear to be quite common) stemmed from a growing body of misleading OOP folklore that is contrary to our experience and that this paper attempts to dispel.",openalex,llm,0.880,unreviewed,
discarded,Computer Science Education in ChatGPT Era: Experiences from an Experiment in a Programming Course for Novice Programmers,Tomaž Kosar; Dragana Ostojić; Yu David Liu; Marjan Mernik,2024,Mathematics,10.3390/math12050629,https://openalex.org/W4392013691,adjacent-subtopic; chatgpt; oop-course,"The use of large language models with chatbots like ChatGPT has become increasingly popular among students, especially in Computer Science education. However, significant debates exist in the education community on the role of ChatGPT in learning. Therefore, it is critical to understand the potential impact of ChatGPT on the learning, engagement, and overall success of students in classrooms. In this empirical study, we report on a controlled experiment with 182 participants in a first-year undergraduate course on object-oriented programming. Our differential study divided students into two groups, one using ChatGPT and the other not using it for practical programming assignments. The study results showed that the students’ performance is not influenced by ChatGPT usage (no statistical significance between groups with a p-value of 0.730), nor are the grading results of practical assignments (p-value 0.760) and midterm exams (p-value 0.856). Our findings from the controlled experiment suggest that it is safe for novice programmers to use ChatGPT if specific measures and adjustments are adopted in the education process.",openalex,llm,0.900,unreviewed,
discarded,QL: Object-oriented Queries on Relational Data,Pavel Avgustinov; Oege de Moor; Michael Peyton Jones; Max Schäfer,2016,DROPS (Schloss Dagstuhl – Leibniz Center for Informatics),10.4230/lipics.ecoop.2016.2,https://openalex.org/W2543953340,off-topic-false-hit; query-language; relational-data,"This paper describes QL, a language for querying complex, potentially recursive data structures. QL compiles to Datalog and runs on a standard relational database, yet it provides familiar-looking object-oriented features such as classes and methods, reinterpreted in logical terms: classes are logical properties describing sets of values, subclassing is implication, and virtual calls are dispatched dynamically by considering the most specific classes containing the receiver. Furthermore, types in QL are prescriptive and actively influence program evaluation rather than just describing it. In combination, these features enable the development of concise queries based on reusable libraries, which are written in a purely declarative style, yet can be efficiently executed even on very large data sets. In particular, we have used QL to implement static analyses for various programming languages, which scale to millions of lines of code.",openalex,llm,1.000,unreviewed,
discarded,An exploration of novice compilation behaviour in BlueJ,Matthew C. Jadud,2021,Kent Academic Repository (University of Kent),10.22024/unikent/01.02.86458,https://openalex.org/W58732440,adjacent-subtopic; compilation-behaviour; bluej,"Our research explores the process by which beginning programmers go about writing programs. We have focused our explorations on what we call compilation behaviour: the programming behaviour a student engages in while repeatedly editing and compiling their programs in an attempt to make them syntactically, if not semantically, correct. The students whose behaviour we have observed were engaged in learning to program in an objects-first style using BlueJ, an environment designed for supporting novice programmers just starting out with the Java programming language. The significant results of our work are two-fold. First, we have developed tools for visualising the process by which students write their programs. Using these tools, we can quickly obtain valuable information about their process, and use that information to inform further research regarding their behaviour, or apply it immediately in a classroom context to better support the struggling learner. Second, we have proposed a quantification of novice compilation behavior which we call the error quotient. Using this metric, we can determine how well (or poorly) a student fares with syntax errors while learning to program. This quantity, like our tools for visualisation, provides a powerful indicator for how much or little a student is struggling with the language while programming, and correlates significantly with traditional indicators for academic progress.",openalex,llm,0.880,unreviewed,
discarded,A systematic literature review: Refactoring for disclosing code smells in object oriented software,Satwinder Singh; Sharanpreet Kaur,2017,Ain Shams Engineering Journal,10.1016/j.asej.2017.03.002,https://openalex.org/W2601190106,off-topic-false-hit; refactoring; code-smells,"Reusing a design pattern is not always in the favor of developers. Thus, the code starts smelling. The presence of “Code Smells” leads to more difficulties for the developers. This racket of code smells is sometimes called Anti-Patterns. The paper aimed at a systematic literature review of refactoring with respect to code smells. However the review of refactoring is done in general and the identification of code smells and anti-patterns is performed in depth. A systematic literature survey has been performed on 238 research items that includes articles from leading Conferences, Workshops and premier journals, theses of researchers and book chapters. Several data sets and tools for performing refactoring have been revealed under the specified research questions. The work done in the paper is an addition to prior systematic literature surveys. With the study of paper the attentiveness of readers about code smells and anti-patterns will be enhanced.",openalex,llm,1.000,unreviewed,
kept,An Examination of Procedural and Object‐oriented Systems Analysis Methods: Does Prior Experience Help or Hinder Performance?*,Michael G. Morris; Cheri Speier; Jeffrey A. Hoffer,1999,Decision Sciences,10.1111/j.1540-5915.1999.tb01603.x,https://openalex.org/W2167211876,qualifies-claim; oo-vs-procedural; novice-analysts,"ABSTRACT Interest in object‐oriented analysis (OOA) and object‐oriented design (OOD) has expanded rapidly over the last several years. Proponents of OOA and OOD have called the shift to these methods “revolutionary” and have cited a number of impressive claims with respect to their use. However, empirical research investigating these claims remains in its infancy. Moreover, an examination of the literature reveals inconclusive and often conflicting results for OOA and OOD methods relative to traditional data and/or procedural techniques. This paper presents the results of an empirical study that examined both experienced and novice systems analysts using both procedural and object‐oriented techniques. This research examined whether experience in using procedural methods helped or hindered performance using OOA and compared procedural and OOA methods on the subjective mental workload induced. A human problem‐solving model adopted from Newell and Simon (1972) provided the theoretical framework for this study. Dependent variables include subjective mental workload, solution quality, time to perform task, and attitudinal measures. Although some of these dependent variables have been used in past research, we believe this is the first time that subjective mental workload (SMW) has been examined in an IS context. Our results indicate that both novice and experienced subjects demonstrate higher SMW when using OOA. In addition, as a group, novices prefer object‐oriented techniques and find these techniques easier as compared to experienced subjects.",openalex,llm,0.840,unreviewed,
discarded,The DOWL distributed object-oriented language,Bruno Achauer,1993,Communications of the ACM,10.1145/162685.162703,https://openalex.org/W1975878651,off-topic-false-hit; distributed-language; software-systems,"THE DOWL DISTRIBUTED OBJECT-ORIENTED LANGUAGE ith the advent of workstations and efficient networks, distributed systems are becoming common, and these systems are inherently more complex to program than their centralized counterparts. The additional mechanisms introduced to access information on distant nodes are a major source of complexity. Within a single address space, procedure call is a well-understood mechanism for the transfer of both control and data. In contrast, messagebased systems require the programmer to deal with the details of message packaging, locating the message target, and asynchronous communication. Remote procedure call (RPC) [4] provides', the familiar procedure call abstraction and hides most of the details of control and data transfer. However, the programmer is still responsible for locating the target of the call. Other problems arise from subtle semantic differences between RPC and local procedure call and because RPC imposes a client/server model on the distributed application [16]. Recently, the object-oriented paradigm has attracted much interest because it achieves data abstraction, software modularity, and code reuse in a natural way. Operations on an object are invoked by sending messages to the object. Thus, communication among objects maps readily to the communication in a distributed system, and local and remote invocation are both syntactically and semantically identical. Since there is no distinction between local and remote objects, it is possible to move objects at run time between the nodes of the distributed system, thus allowing for dynamic load adaptation and",openalex,llm,1.000,unreviewed,
