status,title,authors,year,venue,doi,url,tags,abstract,provider,decision_source,llm_confidence,llm_review_outcome,llm_change_direction,paper_id
discarded,SLMAS: a secure and lightweight mutual authentication scheme for telecare medical information system based on ECC,K. Gupta,2025,Journal of Supercomputing,10.1007/s11227-024-06851-x,https://www.scopus.com/inward/record.uri?partnerID=HzOxMe3b&scp=105000390831&origin=inward,off-topic-false-hit,"Because of the significant advancements in information technology, patients can now receive real-time medical services over the Internet using the telecare medical information system TMIS\documentclass[12pt]{minimal} \usepackage{amsmath} \usepackage{wasysym} \usepackage{amsfonts} \usepackage{amssymb} \usepackage{amsbsy} \usepackage{mathrsfs} \usepackage{upgreek} \setlength{\oddsidemargin}{-69pt} \begin{document}$$\left( {{\mathcal{T}\mathcal{M}}I{\mathcal{S}}} \right)$$\end{document} rather than visiting the hospital. Patients can gather their physiological data and upload it to the cloud using their mobile devices, a wireless body area network, and a cloud-based architecture. This enables medical professionals to give patients the best care possible at any time and wherever. It is possible for attackers to perform malicious actions on patient medical reports sent over open channels. Patient privacy and security during transmission and storage of their medical records on the cloud server are critical aspects of the TMIS\documentclass[12pt]{minimal} \usepackage{amsmath} \usepackage{wasysym} \usepackage{amsfonts} \usepackage{amssymb} \usepackage{amsbsy} \usepackage{mathrsfs} \usepackage{upgreek} \setlength{\oddsidemargin}{-69pt} \begin{document}$${\mathcal{T}\mathcal{M}}I{\mathcal{S}}$$\end{document}. In recent years, scholar have introduced many privacy-preserving authentication systems to assure safe transmission and storage of patient medical reports in TMIS\documentclass[12pt]{minimal} \usepackage{amsmath} \usepackage{wasysym} \usepackage{amsfonts} \usepackage{amssymb} \usepackage{amsbsy} \usepackage{mathrsfs} \usepackage{upgreek} \setlength{\oddsidemargin}{-69pt} \begin{document}$${\mathcal{T}\mathcal{M}}I{\mathcal{S}}$$\end{document}. However, these techniques are concerned about increased computing complexity and security weaknesses, which reduce their relevance for real-world applications. In order to address the security and performance concerns, we present a lightweight, privacy-preserving mutual authentication technique for cloud-assisted TMIS\documentclass[12pt]{minimal} \usepackage{amsmath} \usepackage{wasysym} \usepackage{amsfonts} \usepackage{amssymb} \usepackage{amsbsy} \usepackage{mathrsfs} \usepackage{upgreek} \setlength{\oddsidemargin}{-69pt} \begin{document}$${\mathcal{T}\mathcal{M}}I{\mathcal{S} }$$\end{document} based on ECC. The proposed scheme significantly decreases computational cost while meeting all the security requirements of the TMIS\documentclass[12pt]{minimal} \usepackage{amsmath} \usepackage{wasysym} \usepackage{amsfonts} \usepackage{amssymb} \usepackage{amsbsy} \usepackage{mathrsfs} \usepackage{upgreek} \setlength{\oddsidemargin}{-69pt} \begin{document}$${\mathcal{T}\mathcal{M}}I{\mathcal{S}}$$\end{document} domain. The random Oracle model ROM\documentclass[12pt]{minimal} \usepackage{amsmath} \usepackage{wasysym} \usepackage{amsfonts} \usepackage{amssymb} \usepackage{amsbsy} \usepackage{mathrsfs} \usepackage{upgreek} \setlength{\oddsidemargin}{-69pt} \begin{document}$$ \left( {{\mathcal{R}\mathcal{O}\mathcal{M}}} \right)$$\end{document} and the ProVerif 1.93 tool are used for formal security analysis. Additionally, we present an informal security assessment of the proposed scheme, demonstrating that it is effective in defending against the most common cryptographic attacks. The Big Integer class of Java is used to implement and test the proposed scheme.

We also carried out a comprehensive computational and communicational cost analysis through experiments, which clearly demonstrates that our proposed scheme produces more cost-effective results than other existing schemes in its category.",scopus,llm,1.000,unreviewed,,doi:10.1007/s11227-024-06851-x
discarded,Effect of Combined P- and S-Waves on Seismic Response of 3D Tunnels Using Domain Reduction Method,B. Banjare,2025,Lecture Notes in Civil Engineering,10.1007/978-981-96-1417-2_21,https://www.scopus.com/inward/record.uri?partnerID=HzOxMe3b&scp=105009402384&origin=inward,off-topic-false-hit,,scopus,llm,1.000,unreviewed,,doi:10.1007/978-981-96-1417-2_21
discarded,Proposed CubeSat System for Autonomous Structural Health Monitoring: Integration of Edge Computing and Machine Learning for Anomaly Detection and Orbital Safety,J.S.P. Bett,2025,Proceedings of the International Astronautical Congress Iac,10.52202/083084-0118,https://www.scopus.com/inward/record.uri?partnerID=HzOxMe3b&scp=105040837319&origin=inward,off-topic-false-hit,,scopus,llm,1.000,unreviewed,,doi:10.52202/083084-0118
discarded,Xades: Static Taint Analysis Framework for C#-Based Multilingual Applications,O. Sehwan,2025,IEEE Access,10.1109/ACCESS.2025.3608237,https://www.scopus.com/inward/record.uri?partnerID=HzOxMe3b&scp=105015451380&origin=inward,off-topic-false-hit,"The C# development ecosystem, centered around the.NET Framework, underpins various platforms for mobile, desktop, and web application development. These platforms support multilingual development, enabling developers to incorporate not only C# but also a variety of subsidiary programming languages. With the rise of multilingual applications, ensuring secure interaction between different programming languages has become a critical aspect of software security. However, prior analysis approaches for Android applications have primarily focused on Java, Python, and C, leaving the risks in C#-based multilingual applications largely unaddressed. We propose a static taint analysis approach tailored for C#-based multilingual applications, along with an implementation for the Xamarin platform, named Xades, to detect sensitive data leaks. Xades offers an overview of how C# code interfaces with other programming languages by constructing a comprehensive call graph that captures cross-language method invocations. To ensure accuracy, Xades analyzes C# code in detail, addressing accessor methods and method chaining to produce a precise call graph. It, then, performs context-, flow-, field-, object- sensitive taint analysis with the call graph. Following the analysis of the C# codebase, Xades produces a taint analysis summary and translates it into Jimple IR, to analyze Xamarin.Android applications through a modified FlowDroid. We evaluated Xades on our benchmarks and real-world apps. As a result, Xades successfully detected all data leaks with interactions between C# and Java in benchmarks. It, also, detected 395 out of 6,087 real-world Android applications leak sensitive data.",scopus,llm,1.000,unreviewed,,doi:10.1109/access.2025.3608237
discarded,Puzzle: taking livestock tracking to the next level,J.A. Vayssade,2024,Scientific Reports,10.1038/s41598-024-69058-3,https://www.scopus.com/inward/record.uri?partnerID=HzOxMe3b&scp=85200656821&origin=inward,off-topic-false-hit,"Animal behavior is a critical aspect for a better understanding and management of animal health and welfare. The combination of cameras with artificial intelligence holds significant potential, particularly as it eliminates the need to handle animals and allows for the simultaneous measurement of various traits, including activity, space utilization, and inter-individual distance. The primary challenge in using these techniques is dealing with the individualization of data, known as the multiple object tracking problem in computer science. In this article, we propose an original solution called “Puzzle.” Similar to solving a puzzle, where you start with the border pieces that are easy to position, our approach involves commencing with video sequences where tracking is straightforward. This initial phase aims to train a Convolutional Neural Network (CNN) capable of deriving the appearance clues of each animal. The CNN is then used on the entire video, together with distance-based metrics, in order to associate detections and animal id. We illustrated our method in the context of outdoor goat tracking, achieving a high percentage of good tracking, exceeding 90%. We discussed the impact of different criteria used for animal ID association, considering whether they are based solely on location, appearance, or a combination of both. Our findings indicate that, by adopting the puzzle paradigm and tailoring the appearance CNN to the specific video, relying solely on appearance can yield satisfactory results. Finally, we explored the influence of tracking efficacy on two behavioral studies, estimating space utilization and activity. The results demonstrated that the estimation error remained below 10%. The code is entirely open-source and extensively documented. Additionally, it is linked to a data-paper to facilitate the training of any automatic detection algorithm for goats, with the goal of fostering open access within the deep-learning livestock community.",scopus,llm,1.000,unreviewed,,doi:10.1038/s41598-024-69058-3
discarded,Thermally responsive spatially programmable soft actuators with multiple response states enabled by Grayscale UV light processing,Y. Li,2024,Materials Horizons,10.1039/d4mh01209g,https://www.scopus.com/inward/record.uri?partnerID=HzOxMe3b&scp=86000374808&origin=inward,off-topic-false-hit,"Soft actuators hold great promise for applications in biomimetic robots, artificial muscles, and drug delivery systems due to their adaptability in diverse environments. A critical aspect of designing thermally responsive soft actuators is to achieve spatially programmable actuation under a global thermal stimulus. Different local actuation behaviors can be encoded in one actuator to enable complex morphing structures for different tasks. However, it is challenging to achieve programmability beyond one or binary states. This work introduces a new grayscale ultraviolet (UV) light processing method to fabricate soft actuators with spatially tunable Young's modulus, enabling multiple programmable states in one actuator. Together with a liquid crystal elastomer actuation layer and a photothermal heating layer, the LCE programming layer with spatially programmable moduli allows different regions of the soft actuator to bend to controllable extents under a global thermal stimulus. Various shape morphing patterns can be encoded using UV photomasks with spatially controlled grayscales. Additionally, caterpillar-inspired robots capable of bi-directional crawling and octopus-arm-inspired structures for object manipulation are demonstrated. This work represents advancements in the programmability of thermally responsive soft actuators, laying the foundation for their applications in advanced soft robotic systems.",scopus,llm,1.000,unreviewed,,doi:10.1039/d4mh01209g
discarded,"PANGeA: Procedural Artificial Narrative using Generative AI for Turn-Based, Role-Playing Video Games",S. Buongiorno,2024,Proceedings Aaai Artificial Intelligence and Interactive Digital Entertainment Conference Aiide,10.1609/aiide.v20i1.31876,https://www.scopus.com/inward/record.uri?partnerID=HzOxMe3b&scp=85213058921&origin=inward,off-topic-false-hit,"Large language models (LLMs) offer unprecedented flexibility in procedural generation, enabling the creation of dynamic video game storylines that evolve with user input. A critical aspect of realizing this potential is allowing players and developers to provide dynamic or free-form text to drive generation. Ingesting free-form text for a video game poses challenges, however, as it can prompt the LLM to generate content beyond the intended narrative scope. In response to this challenge, this research introduces Procedural Artificial Narrative using Generative AI (PANGeA) for leveraging LLMs to create narrative content for turn-based, role-playing games (RPGs). PANGeA is an approach comprised of components including a memory system, validation system, a Unity game engine plug-in, and a server with a RESTful interface that enables connecting PANGeA components with any game engine as well as accessing local and private LLMs. PANGeA procedurally generates level data like setting, key items, non-playable characters (NPCs)), and dialogue based on a set of configuration and design rules provided by the game designer. This process is supported by a novel validation system for handling free-form text input during game development and gameplay, which aligns LLM generation with the narrative. It does this by evoking the LLM's capabilities to dynamically evaluate the text input against game rules that reinforce the designer's initial criteria. To enrich player-NPC interactions, PANGeA uses the Big Five Personality model to shape NPC responses. To explore its broad application, PANGeA is evaluated across two studies. First, this research presents a narrative test scenario of the prototype game, Dark Shadows, which was developed using PANGeA within the Unity game engine. This is followed by an ablation study that tests PANGeA's performance across 10 different role-playing game scenarios–from western to science fiction–and across three model sizes: Llama-3 (8B), GPT-3.5, and GPT-4. These evaluations demonstrate that PANGeA's NPCs can hold dynamic, narrative-consistent conversations that, without the memory system, would exceed the LLM's context length. In addition, the results demonstrate PANGeA's validation system not only aligns LLM responses with the game narrative but also improves the performance of Llama-3 (8B), enabling it to perform comparably to large-scale foundational models like GPT-4. With the validation system, Llama-3 (8B)'s performance improved from 28% accuracy to 98%, and GPT-4's from 71% to 99%. These findings indicate PANGeA can help game designers generate narrative-consistent content while leveraging LLMs of different sizes, suitable for various devices.",scopus,llm,1.000,unreviewed,,doi:10.1609/aiide.v20i1.31876
discarded,A Tutorial on Meta-Services and Services Computing in Metaverse,Q. Wei,2024,IEEE Internet of Things Journal,10.1109/JIOT.2023.3346901,https://www.scopus.com/inward/record.uri?partnerID=HzOxMe3b&scp=85181564902&origin=inward,off-topic-false-hit,"The metaverse, as a paradigm continuously evolving in the next generation of the Internet, aims to integrate various network applications. However, existing applications on the Internet, such as serve computing, and edge computing, have highly complex technical requirements. These applications face compatibility issues with the metaverse in terms of protocols, applications, and services. So they cannot be directly integrated into the metaverse. How to efficiently deploy service computing in the metaverse has become a hotspot research area. Moreover, metaverse implements innovative services to offer individuals more immersive experiences, such as acrlong VR services and augmented Reality services. These new services demand high-computational resources, including computing power, network performance, data security, etc. Ensuring optimal service quality for these new services in the metaverse is another critical aspect of metaverse research. To address the aforementioned challenges, Meta-services, designed to describe, discover, compose, and manage other services, are gradually attracting widespread attention and research. In this article, we provide a comprehensive review, analysis, and discussion of existing research work. We summarize the services computing and novel services in metaverse and categorize the meta-services framework into three layers: 1) meta-bottom layer (meta-data); 2) meta-middle layer (meta-models, meta-objects, and meta-languages); and 3) meta-top layer (meta-programming). Based on the meta-services framework, we discuss some current challenges, as well as provide future research directions. We hope that this article can enable readers to quickly understand the reasons for each problem and the current research progress, thereby providing guidance and motivation for further research in this field.",scopus,llm,1.000,unreviewed,,doi:10.1109/jiot.2023.3346901
discarded,"PycWB: A user-friendly, Modular, and python-based framework for gravitational wave unmodelled search",Y. Xu,2024,Softwarex,10.1016/j.softx.2024.101639,https://www.scopus.com/inward/record.uri?partnerID=HzOxMe3b&scp=85184031869&origin=inward,off-topic-false-hit,"Unmodelled searches and reconstruction is a critical aspect of gravitational wave data analysis, requiring sophisticated software tools for robust data analysis. This paper introduces PycWB, a user-friendly and modular Python-based framework developed to enhance such analyses based on the widely used unmodelled search and reconstruction algorithm Coherent Wave Burst (cWB). The main features include a transition from C++ scripts to YAML format for user-defined parameters, improved modularity, and a shift from complex class-encapsulated algorithms to compartmentalized modules. The pycWB architecture facilitates efficient dependency management, better error-checking, and the use of parallel computation for performance enhancement. Moreover, the use of Python harnesses its rich library of packages, facilitating post-production analysis and visualization. The PycWB framework is designed to improve the user experience and accelerate the development of unmodelled gravitational wave analysis.",scopus,llm,1.000,unreviewed,,doi:10.1016/j.softx.2024.101639
discarded,Mining Jewels Together: Debating about Programming Threshold Concepts in Large Classes,M. Selva,2024,SIGCSE 2024 Proceedings of the 55th ACM Technical Symposium on Computer Science Education,10.1145/3626252.3630893,https://www.scopus.com/inward/record.uri?partnerID=HzOxMe3b&scp=85189319623&origin=inward,adjacent-subtopic,"Computer science has its threshold concepts as any academic discipline that students struggle to understand deeply. In this work, we report on using an active learning method called scientific debate to teach programming threshold concepts in large unplugged classes. This method involves students by having them defend their position with arguments and scales up with the number of students by leveraging collective intelligence. We present in detail how we apply scientific debate in a programming class. We also collect and discuss student exchanges during debates and gather feedback after the last debate. Students report they stay more focused and motivated during class with scientific debate compared to traditional transmissive lectures. They also indicate that they understood the goal of this new pedagogical contract. Our experience report could help programming teachers willing to replace/complement transmissive teaching with a methodology involving the students.",scopus,llm,0.930,unreviewed,,doi:10.1145/3626252.3630893
discarded,A Fully Featured and Optimized Object Document Mapper for the Go Programming Language,S. Mohamed,2024,2024 6th International Conference on Advancements in Computing Icac 2024,10.1109/ICAC64487.2024.10851071,https://www.scopus.com/inward/record.uri?partnerID=HzOxMe3b&scp=85218457157&origin=inward,off-topic-false-hit,"The Go programming language has seen a rise in popularity because of its straightforward nature and efficient performance. However, it still lacks a dependable and fully featured Object Document Mapper (ODM) for working with document databases like MongoDB. Many existing ODMs either miss critical features or have fallen out of active development, which can lead to messy code and added complexity. To address these issues, this study presents “Elemental,” a robust and optimized ODM built specifically for Go. Elemental is equipped with a powerful query builder, seamless middleware integration, and advanced data aggregation tools that work across multiple database connections. Test results have shown that Elemental outperforms the official MongoDB driver in both performance and maintainability, making it a suitable choice for Go enterprise applications. The obtained benchmarks and metrics indicate that the Elemental ODM provides shorter execution times, reduces cyclomatic complexity, and has a higher maintainability index. This study concludes that Elemental ODM significantly improves the developer experience and efficiency of software development by providing a well refined set of tools.",scopus,llm,1.000,unreviewed,,doi:10.1109/icac64487.2024.10851071
discarded,GENERATING A TEMPLATE FOR AN EDUCATIONAL SOFTWARE DEVELOPMENT METHODOLOGY FOR NOVICE COMPUTING UNDERGRADUATES: AN INTEGRATIVE REVIEW,C. Higgins,2024,Journal of Information Technology Education Innovations in Practice,10.28945/5374,https://www.scopus.com/inward/record.uri?partnerID=HzOxMe3b&scp=85206289412&origin=inward,adjacent-subtopic,"Aim/Purpose: The teaching of appropriate problem-solving techniques to novice learners in undergraduate software development education is often poorly defined when compared to the delivery of programming techniques. Given the global need for qualified designers of information technology, the purpose of this research is to produce a foundational template for an educational software development methodology grounded in the established literature. This template can be used by third-level educators and researchers to develop robust educational methodologies to cultivate structured problem solving and software development habits in their students while systematically teaching the intricacies of software creation.

