status,title,authors,year,venue,doi,url,tags,abstract,provider,decision_source,llm_confidence,llm_review_outcome,llm_change_direction,paper_id
discarded,MoGenVD: A Motion-Centered Quality Assessment Benchmark for Text-to-Video Generation,Y. Zhang,2026,IEEE Transactions on Circuits and Systems for Video Technology,10.1109/TCSVT.2026.3688526,https://www.scopus.com/inward/record.uri?partnerID=HzOxMe3b&scp=105039091762&origin=inward,off-topic-false-hit,"Text-to-video (T2V) generation has advanced rapidly in recent years, enabling the synthesis of visually plausible videos from user-input text prompts. As T2V models are increasingly applied in practical scenarios, reliable quality assessment of generated videos becomes essential. While existing subjective T2V quality assessment datasets have provided useful foundations for developing objective assessment methods, motion-related characteristics are still insufficiently represented and analyzed, which is one of the most challenging and critical aspects of video generation. In this paper, we present MoGenVD, a motion-centered dataset for generated video quality assessment. The dataset contains 888 motion-focused text prompts, organized into five motion categories. Based on these prompts, 5,328 videos are generated using six state-of-the-art T2V models and evaluated through controlled in-lab subjective experiments under four fine-grained quality dimensions, including visual quality, motion quality, motion subject authenticity, and semantic consistency. Comprehensive analysis of the subjective annotations reveals distinct performance characteristics and limitations of current T2V models with respect to motion modeling. Furthermore, we benchmark representative video quality assessment (VQA) models on MoGenVD, demonstrating that current VQA approaches still face challenges in accurately evaluating motion-centric generated content. The proposed dataset provides a challenging benchmark for T2V quality assessment and is expected to facilitate further research in this area. The dataset will be made publicly available at https://github.com/gracezhangyx/MoGenVD",scopus,llm,1.000,unreviewed,,doi:10.1109/tcsvt.2026.3688526
discarded,Proposing Threshold Concepts in Machine Learning,L. Zhang,2026,Iticse 2026 Proceedings of the 31st ACM Conference on Innovation and Technology in Computer Science Education V 1,10.1145/3803400.3809311,https://www.scopus.com/inward/record.uri?partnerID=HzOxMe3b&scp=105045603271&origin=inward,off-topic-false-hit,"Machine learning (ML) courses are difficult to design and teach for many reasons: new approaches emerge rapidly, and students are already overwhelmed with the volume of material. This position paper addresses the question of what is essential to teach in ML courses through the framework of threshold concepts---transformative ways of understanding that fundamentally shift how learners view a discipline. We propose five threshold concepts in ML: ''Learning is Optimization,'' ''There are Tradeoffs in Sources of Error,'' ''ML is an Empirical Science,'' ''ML Describes Geometric Processes,'' and ''ML Demands a Probabilistic Lens.'' We believe the first three concepts to be essential for students aiming to become adept builders of ML systems, and the remaining two to be necessary for graduate-level research in developing new ML methods. For each concept, we analyze whether and how it is transformative, troublesome, integrative, irreversible, and bounded. These concepts are intentionally chosen to be broad and model-agnostic, so that they can be applied to a wide range of settings and remain relevant as the field progresses. Our proposals reflect the reasoned analysis of experienced ML educators and offer a learner-centered framework for prioritizing limited instructional time while helping students develop a deeper understanding of ML. Furthermore, we contribute to the ongoing conversation about the role of mathematics in ML education by arguing that mathematics is necessary for the two theoretical concepts and for moving beyond mimicry to true understanding through the liminal space of threshold concepts.",scopus,llm,1.000,unreviewed,,doi:10.1145/3803400.3809311
discarded,"QoS-aware service provisioning in federated edge computing: a comprehensive review of mobility management, context-awareness and reliability",M. Ayoubi,2026,Cluster Computing,10.1007/s10586-026-06358-5,https://www.scopus.com/inward/record.uri?partnerID=HzOxMe3b&scp=105045639403&origin=inward,off-topic-false-hit,"Federated Edge Computing (FEC) has emerged as a critical paradigm for delivering low-latency, high-bandwidth services to mobile users by leveraging resources across multiple administrative domains. However, maintaining stringent Quality of Service (QoS) guarantees in such dynamic, heterogeneous environments presents significant challenges, primarily driven by user mobility, resource constraints, and fluctuating network conditions. This paper provides a comprehensive review of QoS-aware service provisioning in FEC, systematically analyzing the interplay between three core research dimensions: mobility management, context-awareness, and reliability. We critically examine state-of-the-art strategies for service deployment, mobility-aware service migration, trajectory prediction, fault handling, and multi-dimensional context integration. Our analysis reveals a fragmented research landscape, where these critical aspects are often addressed in isolation, leading to significant gaps in integrated frameworks capable of holistic optimization. We identify and synthesize these gaps, highlighting the lack of solutions that simultaneously manage resource-stressed fault scenarios, noisy trajectory data, and multi-objective QoS trade-offs. Finally, the paper outlines a forward-looking research agenda, proposing a conceptual five-layer integrated framework design to guide future research, while emphasizing the need for AI-driven orchestration, blockchain-enabled cross-domain QoS contract execution, digital twin-driven full-process optimization, generative AI integration, 6G-FEC collaborative guarantees, and sustainability-aware provisioning, as well as a critical analysis of practical engineering challenges, to enable adaptive, reliable, and efficient service provisioning in future federated edge environments.",scopus,llm,1.000,unreviewed,,doi:10.1007/s10586-026-06358-5
discarded,PRITO: Performance-Reputation Integrated Task Offloading for Reliable Vehicular Edge Computing,L. Ma,2026,IEEE Transactions on Mobile Computing,10.1109/TMC.2025.3646204,https://www.scopus.com/inward/record.uri?partnerID=HzOxMe3b&scp=105025568299&origin=inward,off-topic-false-hit,"As vehicular edge computing (VEC) grows increasingly demanding, distributed task offloading is brought up as a potential solution. However, the high mobility and limited resources of vehicles, coupled with uncertain service reliability, make it difficult to guarantee timely and correct execution of computation-intensive tasks. Existing task offloading models overlook critical aspects such as punctuality and correctness, limiting their ability to select reliable service vehicles in dynamic and potentially adversarial environments. To address this gap, we propose a performance-reputation integrated task offloading scheme for reliable VEC. We introduce a dual-dimensional reputation model (D2Rep) that jointly evaluates vehicles based on the degree of punctuality, result correctness probability, and historical reputation value. Building on this, we develop the performance value-maximized vehicular computation offloading (PFVMax-VCO) scheme, which combines reputation value, link reliability, and projected success rate into a unified performance value to guide multi-objective optimization of delay, energy consumption, and reliability. To support the realistic evaluation, we implement a SUMO-Veins-OMNeT++ integrated simulation framework. Experimental results demonstrate that the proposed PFVMax-VCO scheme outperforms existing solutions in terms of execution cost, result correctness probability, and task success rate, while enabling robust and dynamic reputation management for VEC systems.",scopus,llm,1.000,unreviewed,,doi:10.1109/tmc.2025.3646204
discarded,Mitigation of carrier drift noise based on periodic vibration average compensation in laser Doppler vibrometry,Z. Lin,2026,Infrared and Laser Engineering,10.3788/IRLA20250493,https://www.scopus.com/inward/record.uri?partnerID=HzOxMe3b&scp=105042390308&origin=inward,off-topic-false-hit,,scopus,llm,1.000,unreviewed,,doi:10.3788/irla20250493
discarded,On Securing the Software Development Lifecycle in IoT RISC-V Trusted Execution Environments,A. Wilde,2026,Sensys 2026 Proceedings of the 2026 ACM IEEE International Conference on Embedded Artificial Intelligence and Sensing Systems Part of Cps Iotweek 2026,10.1145/3774906.3802779,https://www.scopus.com/inward/record.uri?partnerID=HzOxMe3b&scp=105041006224&origin=inward,off-topic-false-hit,"RISC-V–based Trusted Execution Environments (TEEs) are gaining traction in the automotive and IoT sectors as a foundation for protecting sensitive computations. However, the supporting infrastructure around these TEEs remains immature. In particular, mechanisms for secure enclave updates and migrations—essential for complete enclave lifecycle management—are largely absent from the evolving RISC-V ecosystem. In this paper, we address this limitation by introducing a novel toolkit that enables RISC-V TEEs to support critical aspects of the software development lifecycle. Our toolkit provides broad compatibility with existing and emerging RISC-V TEE implementations (e.g., Keystone and CURE), which are particularly promising for integration in the automotive industry. It extends the Security Monitor (SM)—the trusted firmware layer of RISC-V TEEs—with three modular extensions that enable secure enclave update, secure migration, state continuity, and trusted time. Our implementation demonstrates that the toolkit requires only minimal interface adaptation to accommodate TEE-specific naming conventions. Our evaluation results confirm that our proposal introduces negligible performance overhead: our state continuity solution incurs less than 1.5% overhead, and enclave downtime remains as low as 0.8% for realistic applications with a 1 KB state, which conforms with the requirements of most IoT and automotive applications.",scopus,llm,1.000,unreviewed,,doi:10.1145/3774906.3802779
discarded,Fog computing-based neural circle-driven finite element fusion model for optimization of microgrid-connected WSN with load balancing,N. Reddy,2026,Aip Conference Proceedings,10.1063/5.0334058,https://www.scopus.com/inward/record.uri?partnerID=HzOxMe3b&scp=105036058612&origin=inward,off-topic-false-hit,,scopus,llm,1.000,unreviewed,,doi:10.1063/5.0334058
discarded,Microgrid for radio access network resilience against power grid outages: Design and operation,G. Vallero,2026,Computer Networks,10.1016/j.comnet.2026.112116,https://www.scopus.com/inward/record.uri?partnerID=HzOxMe3b&scp=105030496690&origin=inward,off-topic-false-hit,"The continuous increase in electricity demand, combined with factors such as political instability, cyberattacks, and the rising frequency of natural disasters linked to climate change, poses signiﬁcant challenges to the reliability and stability of the power grid. Failures in the power grid can have cascading eﬀects on the communication infrastructure, which heavily depends on a stable electricity supply. Enhancing the resilience of computing and communication facilities is therefore essential to support critical aspects of daily life. To address this, we view a group of Base Stations (BSs) in a Radio Access Network (RAN) as consumers and producers within a Micro Grid (MG) equipped with Photovoltaic (PV) panels, energy storage, and interconnected by dedicated power cables for energy exchange. We propose novel RAN resource and energy management strategies designed to maximize RAN Quality of Service (QoS) during Power Grid Outages (PGOs), given the available energy within the MG. Our evaluation considers factors such as the number of BSs in the MG, PV panel capacity, PGO duration, BS traﬃc proﬁles, PV panel placement, the energy battery employment, and the geographical extent of the MG. Results demonstrate that the proposed methodology improves QoS, increasing the hourly Managed Traﬃc by up to more than 300%, an improvement obtained when the MG consists of 4 2-kWp-PV-equipped BSs, compared with isolated 2 kWp PV-equipped BSs, during daily hours. When the MG is implemented, small PV panels ( ≤ 6kWp) perform comparably to large ones ( ≥ 12kWp) in isolated BS setups, making the solution space-eﬃcient. Additionally, performance is mostly unaﬀected by BS traﬃc proﬁles or PGO duration. Eﬀective energy management, accounting for cable losses, and the central placement",scopus,llm,1.000,unreviewed,,doi:10.1016/j.comnet.2026.112116
discarded,A Framework to Measure Maturity of Industrial IoT Technology for Agricultural Regulatory Compliance Activities and Decentralization,J. Li,2026,Future Internet,10.3390/fi18030142,https://www.scopus.com/inward/record.uri?partnerID=HzOxMe3b&scp=105034097928&origin=inward,off-topic-false-hit,"Compliance checks are a critical aspect of any agricultural production and supply chain. These comprise a chain of activities and responsibilities shared by producers and regulators. Currently, the responsibility for collecting and processing data primarily lies with the regulators. Regulators are the primary users of regulatory technologies, while producers, such as farmers, have limited capabilities. This has been due to a lack of reliable hardware and software technology that can be deployed at the producer’s sites. However, recent advancements in Artificial Intelligence (AI), the Industrial Internet of Things (IIoT), and cloud computing have significantly increased reliability and reduced deployment costs. This paper reviews the regulatory landscape of agriculture, regulatory technologies, IIoT, and their feasibility for producers, using a new Technology Readiness Framework for Compliance, specifically designed for Regulatory Technologies (RegTech) and regulation compliance. It classifies technologies into three categories: Early Stage, Emerging, and Established. It concludes that most essential agricultural issues already have mature technological solutions within the scope of IIoT that producers can use directly without supervision, while still maintaining the integrity and validity of the data. The paper discusses and measures the maturity of IIoT and other electronic and digital technologies for integration into RegTech. This categorization offers a new perspective on technology readiness and lays the foundation for future RegTech platform design, e.g., by decentralizing and empowering producers with reliable technologies.",scopus,llm,1.000,unreviewed,,doi:10.3390/fi18030142
discarded,Real-time monitoring of friction stir welding: a review of current practices,M. Akbari,2026,Welding in the World,10.1007/s40194-025-02120-4,https://www.scopus.com/inward/record.uri?partnerID=HzOxMe3b&scp=105010768423&origin=inward,off-topic-false-hit,"This article provides a comprehensive overview of current practices in real-time monitoring of friction stir welding, focusing on sensor-based methodologies employed to enhance product quality and process control in this advanced joining technique. As the industrial sector moves toward Industry 4.0, the integration of sophisticated monitoring systems is essential for efficient data exchange and sustainable growth. The review discusses various critical aspects of FSW, including process parameters, while highlighting the applicability of sensors such as temperature, force, torque, acoustic emission, and imaging technologies. The study categorizes the existing sensor approaches into single-sensor and multi-sensor methodologies. The article also identifies research gaps in online defect monitoring, emphasizing the need to explore further monitoring techniques, cloud computing, and sensor fusion to facilitate the wider adoption of real-time monitoring solutions in industrial FSW applications. Through this analysis, the article aims to contribute to improving the efficiency and reliability of FSW, thereby broadening its applicability in industries like automotive and aerospace.",scopus,llm,1.000,unreviewed,,doi:10.1007/s40194-025-02120-4
discarded,Machine learning-driven fault-tolerant core mapping in Network-on-Chip architectures for advanced computing networks,C.M. Yadav,2026,Parallel Computing,10.1016/j.parco.2025.103167,https://www.scopus.com/inward/record.uri?partnerID=HzOxMe3b&scp=105023950242&origin=inward,off-topic-false-hit,"The utilization of machine learning (ML) in architectural design shows great potential, especially in addressing the challenges posed by complex design spaces where traditional approaches may fall short. Network-on-chip (NoC) architecture has emerged as an efficient solution for on-chip communication among processors. However, with the increasing device scaling and component density, the likelihood of processor failures also rises, making fault-tolerant design a critical aspect of chip development to ensure system reliability. In this paper, we present a novel ML framework for fault-tolerant core mapping that effectively overcomes issues encountered in previous methodologies, such as re-transmission and re-mapping. The proposed framework intelligently learns optimal core mapping strategies and effectively addresses fault tolerance concerns in NoCs with diverse application core graphs. The approach begins with efficient NoC mapping and scheduling as the primary step. In the event of any faults during this process, an error detection and correction mechanism is applied within the NoC itself, eliminating the need for time-consuming re-transmissions. Furthermore, if faults persist even after error correction, the tasks assigned to the failed core are seamlessly migrated to a designated spare core, ensuring continuous system operation. Comparisons with conventional methods demonstrate considerable improvements in processor speed-up, energy efficiency, as well as reductions in re-transmission, latency, and dynamic power consumption. Hardware results indicate enhanced performance, reduced area, and lower power consumption compared to related algorithms when implemented on an FPGA board. The proposed technique showcases significant advancements in fault-tolerant core mapping for NoCs, thereby enhancing overall chip reliability and performance.",scopus,llm,1.000,unreviewed,,doi:10.1016/j.parco.2025.103167
discarded,TOTEM: A unified framework for topic-aware temporal influence maximization with dual-interaction diffusion in social networks,Y. Yin,2026,Memetic Computing,10.1007/s12293-026-00494-6,https://www.scopus.com/inward/record.uri?partnerID=HzOxMe3b&scp=105028502710&origin=inward,off-topic-false-hit,"Traditional influence maximization (IM) approaches often overlook critical aspects of real-world social networks, including topic-driven user interests, temporal activity patterns, and hybrid information diffusion mechanisms. To address these limitations, we propose TOTEM (Topic-awareTemporal InfluenceMaximization), a unified framework that systematically integrates topic modeling, temporal dynamics, and dual-interaction diffusion processes. Our work makes three key contributions: (1) a novel dual-interaction propagation model capturing both direct social interactions and recommendation-mediated diffusion through adaptive topic-temporal representations; (2) the formal definition and computational complexity analysis of the Dual-Interaction Temporal Influence Maximization (D-TIM) problem, with proofs establishing the submodularity of our influence function, and (3) two efficient heuristic algorithms: E-TOTEM employing temporal-discounted heuristic optimization for fast solutions, and S-TOTEM utilizing snapshot-based graph compression to achieve high quality performance. Extensive evaluations on real-world social networks demonstrate TOTEM's superior performance in both influence spread and computational efficiency compared to state-of-the-art baselines. The theoretical soundness and empirical effectiveness of the framework suggest immediate applicability to practical social media marketing platforms.",scopus,llm,1.000,unreviewed,,doi:10.1007/s12293-026-00494-6
