status,title,authors,year,venue,doi,url,tags,abstract,provider,decision_source,llm_confidence,llm_review_outcome,llm_change_direction
discarded,Coupled model transformations for QoS enabled component-based software design,Steffen Becker,2008,Repository KITopen (Karlsruhe Institute of Technology),10.5445/ksp/1000009095,https://openalex.org/W2400649290,adjacent-subtopic; component-based-design,"Component-based software engineering aims at developing software systems by assembling pre-existing components to build applications. One advantage gained from this is an increased predictability of the system's performance based on its constituting components. As models are used during software design but performance is a run-time attribute, the necessary abstraction in models from implementation details might remove performance-relevant aspects resulting in a loss of prediction accuracy. The solution presented in this thesis introduces the Palladio Component Model for component-based software design with predictable performance attributes. Transformations map instances of this model into implementations resulting in a deterministic relationship between the model and its implementation. The introduced Coupled Transformations method uses this relationship to automatically include implementation details which increases their prediction accuracy. The approach is validated in several case studies showing the increased accuracy as well as the applicability of the overall approach by third parties.",openalex,llm,0.940,unreviewed,
discarded,Investigating the Impact of Software Design Patterns on Energy Consumption,Adel Noureddine; Olivier Le Goaër,2025,,10.1109/icsa65012.2025.00024,https://openalex.org/W4405734778,adjacent-subtopic; design-patterns-energy,"GoF’s design patterns are popular structures designed for flexible and reusable object-oriented software. However, their energy impact is not well understood, with contradictory existing results. In this paper, we aim to answer the relation between design patterns and energy consumption through a multi-platform and multi-software stack empirical study, covering all design patterns, and multiple hardware, OS, languages and compilers. We found, with a high confidence level, that none of the GoF’s design patterns has a significant impact on energy consumption. Therefore, they can be considered energy-neutral, allowing eco-friendly developers to continue using them. We argue that software energy efficiency should rather be considered within the business logic embedded by a design pattern, and ultimately raised to a higher perspective of software development.",openalex,llm,0.830,unreviewed,
kept,C++ Programming with Design Patterns Revealed,Tomasz Müldner,2001,Medical Entomology and Zoology,,https://openalex.org/W593316890,supports-claim; book; object-composition; reusability,"1. A Quick Tour of C++. Preview. First Example. Basic Constructs. Inheritance. Exceptions and Namespaces. Generic Programming. Second Example: Arithmetic Expressions. Version I. Version II. 2. Procedural Programming. Preview. Introduction to Principles of Software Design and Implementation. Main Program. Basics: Types, Control Structures and Simple I/O. Functions. Pointers and Dynamic Memory Management. Static Local Variables. File Organization and Standard Facilities. Exercises. 3. Object-Based Programming, Part I. Preview. Basic Terminology and Class Definition. Exception Handling. Managing Objects. Constant and Static Features. Pure Static Classes. Initialization of Local and Global Variables. Reference Types and Their Applications. Resources Management, Part I: The Use of Constructors, Assignment Operator and Destructor. Arrays. Exercises. 4. Object-Based Programming, Part II. Preview. UML Class Notations. Reusability through Object Composition. Managing the Creational Process, Part I. First Design Pattern: Singleton. Namespaces, Part II. Need for Recompiling and Header Files, Part I. Application: List of Students. Exercises. 5. Object-Oriented Programming, Part I. Preview. Basic Terminology and a Derived Class Definition. Public Inheritance. Creating Objects. RTTI and Type Conversions. Copy Constructors. Scope and Visibility Modifiers. Polymorphism and Virtual Functions. Destructing Objects. Overloaded Assignments. Overloading and Overriding. Passing Arguments by Value and by Reference. Standard Exceptions. Resource Management, Part II. Abstract Operations and Classes. Friends. Exercises. 6. Object-Oriented Programming, Part II. Preview. Managing the Creational Process, Part II: Abstract Factory Design Pattern. Private Inheritance. Protected Inheritance. Revisiting Inheritance. Programming to an Interface. Application of Design Patterns: Arithmetic Expressions. Exercises. 7. Introduction to Generic Programming: Parameterized Types. Preview. Introduction. Overloaded Operators. Proxy Design Pattern. Designing Iterators. Templates. Resource Management, Part III. Inheritance and Delegation versus Parameterized Types. Applications of Templates to Design Patterns. Exercises. 8. Generic Programming Using STL. Preview. Introduction. Introduction to Iterators and Containers. Iterators, Part I. Making Algorithms Generic. Generic Algorithms. Containers and Their Common Types and Operations. Iterators, Part II. Sequence Operations. Associative Containers: Sets, Maps, Multisets and Multimaps. STL and Error Handling. Reference Counting and STL Containers. Exercises. 9. Miscellaneous Topics. Preview. Input/Output Library. Separate Compilation and Linkage. Generic Pointers and Pointers to Functions. Overloading Memory Management. Debugging and Handling Errors. Type ID. Multiple Inheritance. Pointers to Members and Function Adapters. Heterogeneous Containers and Composite and Visitor Design Patterns. Exercises. Appendices. A. The List of Tables, Figures and Examples. B. The List of Idioms, Patterns and Concepts. C. The List of C++ Keywords. D. Numeric Types. E. Strings Operations. F. The List of Generic Algorithms. G. The List of Standard Header Files. H. The List of C++ Compilers and STL Libraries. I. Bibliography.",openalex,llm,0.800,unreviewed,
kept,"Extending Java to dynamic object behaviors1 1This work has been partially supported by EU within the FET - Global Computing initiative, project AGILE IST-2001-32747 and by MIUR project NAPOLI. The funding bodies are not responsible for any use that might be made of the results presented here.",Lorenzo Bettini; Sara Capecchi; Betti Venneri,2003,Electronic Notes in Theoretical Computer Science,10.1016/s1571-0661(04)80801-6,https://openalex.org/W2125590230,supports-claim; dynamic-behavior; decorator-inspired; compose-behaviors,"Class inheritance and dynamic binding are the key features of object-oriented programming and they permit designing and developing complex systems. However, standard class inheritance is essentially static and cannot be directly employed for modeling dynamic object behaviors. In this paper we propose a linguistic extension of Java, called Dec-Java, that is partially inspired by the decorator design pattern. This extension permits easily separating the basic features of objects (that are likely not to change during the application) from their behaviors (that, instead, can be composed dynamically at run-time). Thus, Dec-Java enables a dynamic extension and specialization of object responsibilities.",openalex,llm,0.900,unreviewed,
discarded,Ontological foundations for structural conceptual models,Giancarlo Guizzardi,2005,University of Twente Research Information,,https://openalex.org/W2108234081,adjacent-subtopic; conceptual-modeling; ontology,"The main objective of this thesis is to contribute to the theory of Conceptual Modeling by proposing ontological foundations for structural conceptual models. Conceptual Modeling is a discipline of great importance to several areas in Computer Science. Its main objective is concerned with identifying, analyzing and describing the essential concepts and constraints of a universe of discourse, with the help of a (diagrammatic) modeling language that is based on a set of basic modeling concepts (forming a metamodel). In this thesis, we show how conceptual modeling languages can be evaluated and (re)designed with the purpose of improving their ontological adequacy. In simple terms, ontological adequacy is a measure of how close the models produced using a modeling language are to the situations in the reality they are supposed to represent. The thesis starts by proposing a systematic evaluation method for comparing a metamodel of the concepts underlying a language to a reference ontology of the corresponding domain in reality. The focus of this thesis is on general conceptual modeling languages (as opposed to domain specific ones). Hence, the proposed reference ontology is a foundational (or upper-level) ontology. Moreover, since, it focuses on structural modeling aspects (as opposed to dynamic ones), this foundational ontology is an ontology of objects, their properties and relations, their parts, the roles they play, and the types they instantiate. The proposed ontology was developed by adapting and extending a number of theories coming, primarily, from formal ontology in philosophy, but also from cognitive science and linguistics. Once developed, every subtheory of the ontology is used in the creation of methodological tools (e.g., modeling profiles, guidelines and design patterns). The expressiveness and relevance of these tools are shown throughout the thesis to solve some classical and recurrent conceptual modeling problems. Finally, the thesis demonstrates the applicability and usefulness of both the method and the proposed ontology by analyzing and extending a fragment of the Unified Modeling Language (UML) which deals with the construction of structural conceptual models.",openalex,llm,0.950,unreviewed,
discarded,Object-based and class-based composition of transitive mixins,Uwe Zdun; Mark Strembeck; Gustaf Neumann,2006,Information and Software Technology,10.1016/j.infsof.2006.10.001,https://openalex.org/W2158964744,adjacent-subtopic; mixins; composition-mechanisms,,openalex,llm,0.920,unreviewed,
kept,Design Patterns in Object-Oriented Finite Element Programming,B. C. P. Heng; R.I. Mackie,2009,Civil-comp proceedings,10.4203/ccp.84.109,https://openalex.org/W2972347652,supports-claim; finite-element; avoid-inheritance-problems; object-composition,"This paper examines the use of design patterns in object-oriented finite element programming. Design patterns capture similarities in program design to facilitate reuse of proven solutions. Five basic patterns are described and developed in this work. Previous instances of each pattern, whether explicit or implicit, are also reviewed. In Model-Analysis Separation, analysis-related responsibilities are separated from those related to finite element modelling. Model-UI Separation separates responsibilities related to the user interface from modelling-related ones. Modular Element uses object composition to reduce duplication in element types while avoiding the problems associated with class inheritance. The Composite Element pattern lets clients handle substructures and elements uniformly. Decomposing the analysis subsystem as in Modular Analyzer increases reuse and flexibility.",openalex,llm,0.970,unreviewed,
discarded,Interfaces for strongly-typed object-oriented programming,Peter S. Canning; William R. Cook; Walter L. Hill; Walter Olthoff,1989,,10.1145/74877.74924,https://openalex.org/W2021686672,adjacent-subtopic; interfaces; type-theory,"This paper develops a system of explicit interfaces for object-oriented programming. The system provides the benefits of module interfaces found in languages like Ada and Modula-2 while preserving the expressiveness that gives untyped object-oriented languages like Smalltalk their flexibility. Interfaces are interpreted as polymorphic types to make the system sufficiently powerful. We use interfaces to analyze the properties of inheritance, and identify three distinct kinds of inheritance in object-oriented programming, corresponding to objects, classes, and interfaces, respectively. Object interfaces clarify the distinction between interface containment and inheritance and give insight into limitations caused by equating the notions of type and class in many typed object-oriented programming languages. Interfaces also have practical consequences for design, specification, and maintenance of object-oriented systems.",openalex,llm,0.920,unreviewed,
kept,Combined Modelling and Programming Support for Composite States and Extensible State Machines,"Andresen, Kjetil; Moller-Pedersen, Birger; Runde, Ragnhild Kobro",2015,MODELSWARD 2015 PROCEEDINGS OF THE 3RD INTERNATIONAL CONFERENCE ON MODEL-DRIVEN ENGINEERING AND SOFTWARE DEVELOPMENT,,https://www.webofscience.com/wos/woscc/full-record/WOS:000380426000022,supports-claim; state-pattern; delegation; composite-states,"Most modelling languages support full state machine modelling, including especially composite states. Existing approaches to programming with states (state design patterns) either represent composite states by means of inheritance between state classes, or do not support composite states, and instead use inheritance for specialization of extensible state machines. In this paper, we present 1) a state design pattern using delegation to support composite states and inheritance together with virtual classes to support extensible state machines, and 2) a framework, implemented in Java, which also supports history and entry/exit actions. Together, these form the basis for developing support for state machines in a combined modelling and programming language.",wos,llm,0.910,unreviewed,
discarded,Fostering Functional Safety of Real-time Systems with Concepts of Object Orientation,"Houben, Christina K.",2014,2014 19TH INTERNATIONAL CONFERENCE ON METHODS AND MODELS IN AUTOMATION AND ROBOTICS (MMAR),,https://www.webofscience.com/wos/woscc/full-record/WOS:000352788900062,adjacent-subtopic; oop-for-safety,"Hard-wired control systems are increasingly replaced by program-controlled embedded systems. The programming languages currently employed for their implementation lack constructs and design patterns enforcing intelligible code fostering its verification by certification authorities. Recommendations for such constructs necessary to guarantee safety integrity are given in the international standard IEC 61508-3. One of the recommendations refers to object-oriented programming (OOP). Therefore, we analyse both basic and advanced properties of OOP like encapsulation, polymorphism, inheritance, prototyping, delegation etc. with respect to functional safety. In a resulting programming language based on PEARL90 [1] we demonstrate coding with examples from hard real-time systems.",wos,llm,0.800,unreviewed,
discarded,A Model-Driven Graph-Matching Approach for Design Pattern Detection,"Bernardi, Mario Luca; Cimitile, Marta; Di Lucca, Giuseppe Antonio",2013,2013 20TH WORKING CONFERENCE ON REVERSE ENGINEERING (WCRE),,https://www.webofscience.com/wos/woscc/full-record/WOS:000332514300019,adjacent-subtopic; pattern-detection,"In this paper an approach to automatically detect Design Patterns (DPs) in Object Oriented systems is presented. It allows to link system's source code components to the roles they play in each pattern. DPs are modelled by high level structural properties (e.g. inheritance, dependency, invocation, delegation, type nesting and membership relationships) that are checked against the system structure and components. The proposed metamodel also allows to define DP variants, overriding the structural properties of existing DP models, to improve detection quality. The approach was validated on an open benchmark containing several open-source systems of increasing sizes. Moreover, for other two systems, the results have been compared with the ones from a similar approach existing in literature. The results obtained on the analyzed systems, the identified variants and the efficency and effectiveness of the approach are thoroughly presented and discussed.",wos,llm,0.950,unreviewed,
kept,Modularizing Different Responsibilities into Separate Parallel Hierarchies,"Ortin, Francisco; Garcia, Miguel",2013,"EVALUATION OF NOVEL APPROACHES TO SOFTWARE ENGINEERING, ENASE 2011",,https://www.webofscience.com/wos/woscc/full-record/WOS:000448666500002,supports-claim; tease-apart-inheritance; delegation; lsp,"When tangled inheritance hierarchies lead to code duplication, the Tease Apart Inheritance ""big"" refactoring is commonly used to create two parallel hierarchies, using delegation to invoke one from the other. Under these circumstances, the root class of the refactored hierarchy must be general enough to provide all its services to the other hierarchy, leading to meaningless interfaces that violate the Liskov substitution principle. In order to avoid this limitation, we propose a behavioral design pattern that allows the modularization of different responsibilities in separate hierarchies that collaborate to achieve a common goal. With this design, it is possible to use the specific interface of each class in the parallel hierarchy, without needing to define all the methods provided by every class in the hierarchy, and hence not violating the Liskov substitution principle. The proposed design is type safe and avoids the use of dynamic type checking and reflection; at compile time, the type system ensures that no type error will be produced dynamically.",wos,llm,0.960,unreviewed,
discarded,First-Class Compositions Defining and Composing Object and Aspect Compositions with First-Class Operators,"Bergmans, Lodewijk; Havinga, Wilke; Aksit, Mehmet",2012,TRANSACTIONS ON ASPECT-ORIENTED SOFTWARE DEVELOPMENT IX,,https://www.webofscience.com/wos/woscc/full-record/WOS:000359980100009,adjacent-subtopic; composition-techniques; aspect-oriented,"A considerable amount of research, especially within the OO and AOSD communities, has focused on understanding the potential and limitations of various composition techniques. This has led to a large number of proposals for alternative composition techniques, including many variations of message dispatch, inheritance, and aspect mechanisms. This paper makes the case that there is no single perfect composition technique that suits every situation, since different techniques incur different tradeoffs. The proper composition technique to use depends on the particular design problem and its requirements (such as the required adaptability, reusability, understandability and robustness). However, most programming languages limit the available composition techniques to a very few. To address this, we propose a novel composition model, called Co-op. The model provides dedicated abstractions that can be used to express a wide variety of object composition techniques (""composition operators""). Examples include various forms of inheritance, delegation, and aspects. The proposed model unifies objects (with encapsulated state and a message interface) and composition operators; composition operators are specified as first-class citizens. Multiple composition operators can be combined within the same application, and composition operators can even be used to compose new composition operators from existing ones. This opens new possibilities for developing domain-specific composition operators, taxonomies of composition operators, and for reuse and refinement of composition operators. To validate and experiment with the proposed model, we have designed and implemented a simple language, Co-op/I, that we also use in this paper to show concrete examples.",wos,llm,0.870,unreviewed,
kept,A TYPE SAFE DESIGN TO ALLOW THE SEPARATION OF DIFFERENT RESPONSIBILITIES INTO PARALLEL HIERARCHIES,"Ortin, Francisco; Garcia, Miguel",2011,ENASE 2011: PROCEEDINGS OF THE 6TH INTERNATIONAL CONFERENCE ON EVALUATION OF NOVEL APPROACHES TO SOFTWARE ENGINEERING,,https://www.webofscience.com/wos/woscc/full-record/WOS:000391897000002,supports-claim; tease-apart-inheritance; delegation; lsp,"The Tease Apart Inheritance refactoring is used to avoid tangled inheritance hierarchies that lead to code duplication. This big refactoring creates two parallel hierarchies and uses delegation to invoke one from the other. One of the drawbacks of this approach is that the root class of the new refactored hierarchy should be general enough to provide all its services. This weakness commonly leads to meaningless interfaces that violate the Liskov substitution principle. This paper describes a behavioral design pattern that allows modularization of different responsibilities in separate hierarchies that collaborate to achieve a common goal. It allows using the specific interface of each class in the parallel hierarchy, without imposing a meaningless interface to its root class. The proposed design is type safe, meaning that the compile-time type checking ensures that no type error will be produced at runtime, avoiding the use of dynamic type checking and reflection.",wos,llm,0.960,unreviewed,
