status,title,authors,year,venue,doi,url,tags,abstract,provider,decision_source,llm_confidence,llm_review_outcome,llm_change_direction,paper_id
discarded,An Enhanced YOLOv5 Architecture With CBAM for Accurate and Real-Time Object Detection,Zhizhong Wu,2025,2025 5th International Conference on Computer Science and Blockchain (CCSB),10.1109/CCSB66722.2025.11154146,https://ieeexplore.ieee.org/document/11154146/,off-topic-false-hit,"This paper introduces an enhanced object detection methodology that merges the real-time processing strength of the You Only Look Once v5 (YOLOv5) algorithm with the spatial and channel attention mechanisms of CBAM (Convolutional Block Attention Module). YOLOv5 is highly regarded in the domain of object detection for its swift performance. Building upon YOLOv5, this paper incorporates the CBAM module following the SPPF (Spatial Pyramid Pooling with Fixed-size Kernels) layer to boost detection accuracy. Specifically, the CBAM module is integrated into the feature extraction phase of YOLOv5. The channel attention component of CBAM is introduced to intensify the focus on significant channel features. Concurrently, the spatial attention component of CBAM is added to recalibrate the spatial position weights, automatically learn and reinforce critical features, and mitigate the impact of background noise. This amalgamation capitalizes on the strengths of both YOLOv5 and CBAM, enhancing the detection of smaller objects while preserving the capability for real-time processing.",ieee,llm,1.000,unreviewed,,doi:10.1109/ccsb66722.2025.11154146
discarded,An Adaptive Dynamic Multiscale Attention Network for Remote Sensing Object Detection,Tao Gao; Haiaun Zhang; Lulu Xu; Xiyue Wang; Feng Wu; Fang Zheng,2024,2024 5th China International SAR Symposium (CISS),10.1109/CISS63346.2024.11241106,https://ieeexplore.ieee.org/document/11241106/,off-topic-false-hit,"Remote sensing object detection (RSOD) faces challenges from complicated environments and tiny objects, which are interrelated. We propose an adaptive dynamic multiscale attention network (ADMA-Net) to address these issues. Initially, our approach incorporates an adaptive dynamic attention module (AAM) to enhance focus on critical features, mitigate noise, and capture multiscale objects as a part of us recommend dynamic global residual fusion module (DRF). By effectively capturing global information, our DRF module allows network to address challenges in intricate environments. Additionally, a productive context-separated, high-efficiency detector (PCD) is proposed to retain essential features for optimal classification and detection, focusing on boosting efficiency. Extensive experiments show ADMA-Net outper-forms state-of-the-art detectors, achieving mean Average Precision (mAP) scores of 73.6%, 95.88%, and 93.12% on the DIOR, RSOD, and (NWPU VHR-10) datasets, respectively.",ieee,llm,1.000,unreviewed,,doi:10.1109/ciss63346.2024.11241106
discarded,Progressive GAN-Augmented CNN for Multi-Class Dementia Classification With Severe Class Imbalance,Md Farhadur Reza,2026,2026 IEEE International Conference on Electro Information Technology (eIT),10.1109/eIT68936.2026.11670360,https://ieeexplore.ieee.org/document/11670360/,off-topic-false-hit,"Dementia is a progressive neurodegenerative syndrome that impairs cognitive function and quality of life, affecting millions worldwide. Early detection is critical to slowing dementia progression through timely interventions, yet existing diagnostic models based on neuroimaging data suffer from limited accuracy and poor robustness, largely due to severe class imbalance in clinical datasets. This study proposes an integrated Generative Adversarial Network-Convolutional Neural Network (GAN-CNN) framework that addresses this class imbalance through conditional synthetic data generation and a progressive augmentation schedule (synthetic ratio peaking at 80% then decaying). Our framework leverages a conditional GAN to generate realistic MRI images for underrepresented classes, combined with a spatially optimized CNN for hierarchical feature extraction. Evaluated on the Mayo Clinic Study of Aging dataset (86.6% healthy, 11.9% MCI, 1.5% dementia), the proposed approach achieves 82.7% overall accuracy, a 5.3% improvement over baseline CNN. More significantly, dementia recall improves from 14.3% to 42.9% and MCI precision increases from 17.9% to 28.5%. The framework demonstrates that GAN-based augmentation effectively mitigates class imbalance while preserving anatomical realism, enabling more robust and equitable dementia prediction. This automated screening tool shows potential for clinical deployment in early intervention strategies.",ieee,llm,1.000,unreviewed,,doi:10.1109/eit68936.2026.11670360
discarded,Object recognition and inspection in difficult industrial environments,Enrique Dominguez; Carlos Spinola; Rafael M. Luque; Esteban J. Palomo; Jose Munoz,2006,2006 IEEE International Conference on Industrial Technology,10.1109/ICIT.2006.372346,https://ieeexplore.ieee.org/document/4237668/,off-topic-false-hit,"The manufacturing environment is characterized by rapid change, originating new challenges and problems to the production and operation manager in the industry. In response to the need for fast and flexible manufacturing, increasing attention is being given to integration of computing technologies with the manufacturing systems leading to the development of fast and flexible manufacturing systems aided with high performance vision capabilities. This paper presents an inspection and recognition system for manufacturing applications in difficult industrial environments. In such difficult environments, where objects to be recognized can be dirty and illumination conditions cannot be sufficiently controlled, the required accuracy and rigidity of the system are critical features. The purpose of the real-time system is to inspect and recognize air-conditioning objects for avoiding deficiency in the manufactured process and erroneous identifications due to a large variety of size and kinds of objects. The proposed system is composed by five USB cameras (640times480 pixel resolution, 30 Hz frame rates and 8 mm lenses) plug into a conventional computer (Pentium IV 3 GHz). The edged images are features which are relatively robust against illumination changes, so the system can work well in difficult environments mentioned. Experimental results on inspection and recognition of a large variety of air-conditioning objects are provided to show the performance of the system in a difficult environment.",ieee,llm,1.000,unreviewed,,doi:10.1109/icit.2006.372346
discarded,Angle densities and recognition of 3D objects,R. Malik; T. Whangbo,1997,IEEE Transactions on Pattern Analysis and Machine Intelligence,10.1109/34.566810,https://ieeexplore.ieee.org/document/566810/,off-topic-false-hit,Recognition of 3D objects using computer vision is complicated by the fact that geometric features vary with view orientation. An important factor in designing recognition algorithms in such situations is understanding the variation of certain critical features such as angles. In this paper we derive the two dimensional joint density function of two angles in a scene given an isotropic view orientation and an orthographic projection. The analytic expression for the densities are useful in determining statistical decision rules to recognize surfaces and objects. Experiments to evaluate the usefulness of the proposed methods are reported.,ieee,llm,1.000,unreviewed,,doi:10.1109/34.566810
discarded,The Importance of the Campus - A Study on the Effects of the COVID-19 Pandemic in a CS2 Course,Madeleine Lorås; Børge Haugset; Hallvard Trætteberg,2021,2021 IEEE Global Engineering Education Conference (EDUCON),10.1109/EDUCON46332.2021.9453910,https://ieeexplore.ieee.org/document/9453910/,adjacent-subtopic,"The educational context for students and educators across the world changed when the COVID-19 pandemic forced most educational institutions to shut down all on-campus activities in the spring of 2020. In this paper, we explore how the study behaviors of first-year computing students in a large scale CS2 course were affected by the rapid change from campus-based to online learning. This research aims to evaluate the effect of moving to an online-only mode of studying and learning, and consequently gaining insight into the role of the physical campus in computing education. A mixed-method research approach was taken to reach these goals by combining interaction tracking data with weekly student reports and interviews. Results indicate that campus-based activities provide essential scaffolding for students' study behaviors, specifically time management and organization. Additionally, the physical study environment provided an informal space for social and academic interactions not found in the online sphere. Furthermore, when moving to the online study environment, students struggled with adapting their study behaviors, spending less time on organized activities and not changing their independent habits. Lastly, the online environment seemed to create considerable differences between those who mastered studying and those who did not, generating a larger ability gap than on campus. In the paper, we provide further descriptions of these findings and some recommendations for computing educators facing similar challenges.",ieee,llm,0.980,unreviewed,,doi:10.1109/educon46332.2021.9453910
discarded,"A Web-enabled Virtual Disassembly Manager (web-VDM) for electronic product/process designers, disassembly line managers and operators, and our UML model and tools",P.G. Ranky; R.J. Caudill; K. Limaye; N. Alli; S. ChamyVelumani; A. Bhatia; M. Lonkar,2002,Conference Record 2002 IEEE International Symposium on Electronics and the Environment (Cat. No.02CH37273),10.1109/ISEE.2002.1003241,https://ieeexplore.ieee.org/document/1003241/,off-topic-false-hit,"The Web-enabled Virtual Disassembly Manager (web-VDM) for electronic product/process designers, disassembly line managers and operators project is a major MERC/NJIT R&D group effort, supported by several funding agencies, companies and institutions and their hard working staff and RAs (research assistants). The purpose of this paper is to introduce a segment of this project, by discussing object oriented, validated modeling methods and software tools, as well as a system architecture in UML (Unified Modeling Language) that enables individual, as well as e-commerce-linked, B2B (business to business) collaborative enterprises to analyze and design all critical aspects of their demanufacturing and logistics processes over the web, manage their disassembly lines and provide electronic support systems for operators. Besides an overview of our system model, this paper focuses on specific, web-enabled electronic support tools for e-commerce of harvested components and parts, as well as tools for disassembly line managers and operators. Furthermore, integrated with the above system, we demonstrate our tools, and our novel 3D part identification and electronic object/component marking method, that helps line managers to identify physical objects/components electronically and then publish these objects over the web as part of our web-VDM database.",ieee,llm,1.000,unreviewed,,doi:10.1109/isee.2002.1003241
discarded,Object Detection on SAR Images Via YOLOv10 and Integrated ACmix Attention Mechanism,Zhuo Wang; Fucheng Miao; Youxiang Huang; Zhiyi Lu; Tomoaki Ohtsuki; Guan Gui,2024,"2024 6th International Conference on Robotics, Intelligent Control and Artificial Intelligence (RICAI)",10.1109/RICAI64321.2024.10911433,https://ieeexplore.ieee.org/document/10911433/,off-topic-false-hit,"With the rapid advancement of deep learning techniques, object detection on Synthetic Aperture Radar (SAR) images has shown increasing potential in recent years. However, due to the unique microwave imaging mechanism of SAR, targets can easily be confused with background structures like harbors and aircraft aprons, leading to poor recognition accuracy. In this paper, we propose YOLOv10n-ACmix, an enhanced object detection model that integrates the ACmix attention mechanism into the YOLOv10 framework to improve feature extraction and detection precision. Through experiments conducted on the SARaircraft and MSAR datasets, YOLOv10n-ACmix consistently outperformed YOLOv5, YOLOv8 and YOLOv10 in precision, recall, and mean Average Precision (mAP). The inclusion of the ACmix mechanism enables the model to focus more effectively on critical features, resulting in more accurate detections. Despite a slight increase in computational complexity, the significant improvements in detection performance make YOLOv10n-ACmix a robust choice for high-precision object detection in SAR images. This work highlights the potential of attention mechanisms to enhance object detection in complex, large-scale SAR image datasets.",ieee,llm,1.000,unreviewed,,doi:10.1109/ricai64321.2024.10911433
discarded,Category-Aware Dynamic Label Assignment With High-Quality Proposals for Oriented Object Detection,Mingkui Feng; Hancheng Yu; Xiaoyu Dang; Ming Zhou,2025,IEEE Transactions on Multimedia,10.1109/TMM.2025.3607785,https://ieeexplore.ieee.org/document/11154051/,off-topic-false-hit,"Oriented objects in images are typically embedded in complex backgrounds and exhibit arbitrary orientations. When using oriented bounding boxes (OBBs) to represent these objects, the periodicity of the angles and associated variations in side lengths lead to discontinuities in the angle loss. This paper fundamentally addresses this problem by proposing a trigonometric loss function in the complex plane. Moreover, a conformer RPN head is designed with convolution and multi-head self-attention, which can dynamically capture angular and classification information. The proposed loss function and conformer RPN head jointly generate high-quality oriented proposals. A category-aware dynamic label assignment based on predicted category feedback is proposed to address the limitations of solely relying on IoU for oriented proposal label assignment. This method makes negative sample selection more representative, ensuring consistency between classification and regression features. Experiments were conducted on five realistic oriented detection datasets, and the results demonstrate superior performance in oriented object detection with minimal parameter tuning and time costs. Specifically, mean average precision (mAP) scores of 82.02%, 71.99%, 69.87%, 46.45%, and 98.77% were achieved on the DOTA-v1.0, DOTA-v1.5, DIOR-R, STAR, and HRSC2016 datasets, respectively.",ieee,llm,1.000,unreviewed,,doi:10.1109/tmm.2025.3607785
discarded,FEMS-DETR: A Frequency-Enhanced Transformer for Object Detection in Remote Sensing Images,Xuanyu Ling; Zhijie Lin; Zhaoshui He; Yangru Yu; Jiakun Gong; Huankun Chen,2026,IEEE Geoscience and Remote Sensing Letters,10.1109/LGRS.2026.3673621,https://ieeexplore.ieee.org/document/11432878/,off-topic-false-hit,"The detection of objects in remote sensing imagery faces numerous challenges, primarily due to cluttered backgrounds, significant scale variations, and densely distributed small objects. To address these issues, this letter presents an object detection framework named frequency-enhanced multiscale (FEMS)-detection Transformer (DETR), specifically designed for remote sensing imagery. The core of the framework consists of two main modules: a frequency-enhanced multiscale perception module (FMPM), which improves feature extraction for multiscale and small objects through parallel multiscale convolutional processing and frequency-domain transformations, and a detail-preserving downsampling (DPD) module, which employs a three-branch architecture integrated with an attention mechanism to retain critical features during downsampling. Experimental results on the NWPU VHR-10 and RSOD datasets demonstrate that the proposed method achieves competitive results compared to existing state-of-the-art approaches, with mAP scores of 95.00% and 96.22%, respectively. It performs particularly well in detecting small objects and maintains robust performance in complex scenarios.",ieee,llm,1.000,unreviewed,,doi:10.1109/lgrs.2026.3673621
discarded,Learning in the Pandemic: How the possibility to play video games during class and attend lessons without getting out of bed affects time-on-task,Johan Snider; Olle Bälter; Daniel Bosk,2022,2022 IEEE Frontiers in Education Conference (FIE),10.1109/FIE56618.2022.9962404,https://ieeexplore.ieee.org/document/9962404/,adjacent-subtopic,"This Innovate Practice work-in-progress paper presents findings around how distance learning, due to the the COVID-19 pandemic, affected students as measured by time-on-task in programming.In this qualitative study, we examine a group of 36 second year upper-secondary students in Programming 1 during a nine week period in Spring 2021. During this time, they alternated between one whole week of distance learning followed by two weeks of in school instruction. For the Programming 1 lessons, students used an online platform to write, edit and run code in. We analyzed the log data from the platform to estimate time-on-task for each student for every lesson both at home and at school.We observed that students were affected differently by distance learning as measured by time-on-task. 12 students had more average time-on-task at school. 15 students had more average time-on-task at home. Nine students had less than five minutes difference on average.In addition to the analysis of time-on-task, students were given a survey in Fall 2021 to follow up on their experiences with in-school teaching and distance learning. In the survey, students were asked questions about their study environment at home during distance learning. From the responses, 13 students described their study environment as “in bed” despite having access to a table and chair in a room for themselves and twenty-three students described their study environment as “playing video games during online lectures”. Not surprisingly, students that said they were playing video games during online lectures had a lower average time-on-task by about ten minutes than their peers. Interestingly, students that said they participated in class in bed had a higher average time-on-task by about ten minutes than their peers.Correlating responses from the survey and time-on-task data, we reason about how students’ study environments at home affected their time-on-task and how distance learning has affected students in the pandemic.",ieee,llm,0.980,unreviewed,,doi:10.1109/fie56618.2022.9962404
discarded,CS Motivation for Black/African American Middle School Students,Jerone Dunbar; Diandra Prioleau; Juan E. Gilbert,2019,"2019 Research on Equity and Sustained Participation in Engineering, Computing, and Technology (RESPECT)",10.1109/RESPECT46404.2019.8985753,https://ieeexplore.ieee.org/document/8985753/,off-topic-false-hit,"While there has been an increase of interest in computer science as a career choice among secondary students, there is still a gap among minorities and attracting them to the field. Even though there has been research to help teach programming to students of any age, no known research has specifically focused on the race of avatars in CS learning tools. Minorities have consistently had lower participation rates than their majority counterparts in CS and even though the minority population continues to rapidly grow, the participation of minorities in CS is not moving with the pace of the growth of the general population. Black or African Americans is one minority group with very low participation in CS. This paper is aimed at exploring whether a Black avatar paired with a Black teacher can engender a greater sense of belongingness and thus lead to more positive attitudes and confidences towards and greater interests in CS among Black or African American middle school students. As this research is unique in the area of CS education, it is expected that this research will offer a novel approach to recruiting and retaining Black students in computer science by attracting them to the field at an earlier age when they are exploring career choices.",ieee,llm,0.980,unreviewed,,doi:10.1109/respect46404.2019.8985753
