status,title,authors,year,venue,doi,url,tags,abstract,provider,decision_source,llm_confidence,llm_review_outcome,llm_change_direction,paper_id
discarded,Gender differences among students undertaking iSTEM projects in multidisciplinary vs unidisciplinary STEM classrooms in government vs nongovermnment schools: Classroom emotional climate and attitudes,"McLure, Felicity, I; Koul, Rekha B.; Fraser, Barry J.",2022,LEARNING ENVIRONMENTS RESEARCH,10.1007/s10984-021-09392-9,https://www.webofscience.com/wos/woscc/full-record/WOS:000706913900001,off-topic-false-hit,"In response to the leaky STEM pipeline, particularly for girls, many schools have introduced integrated STEM (iSTEM) programs to enable students to solve problems using skills from each STEM area and hopefully enhance their interest in continuing with STEM subjects in senior-high school and university. We investigated whether gender differences in students' perceptions of classroom emotional climate and attitudes to STEM depend on whether students are undertaking iSTEM projects as part of a multidisciplinary curriculum (S, T, E and M) or unidisciplinary curriculum (S, T, E or M) and also whether they attend a government or nongovernment coeducational school. The sample consisted of 256 students in 24 coeducational grade 7-9 classes in 8 government schools and 157 students in 12 coeducational grade 7-10 classes in 6 nongovernment schools. Whereas boys were significantly more positive than girls in perceptions of clarity, motivation, consolidation and attitudes to iSTEM in coeducational government schools, there were no significant gender differences in coeducational nongovernment schools. Students of both genders in government schools were significantly more positive about all aspects of classroom emotional climate and attitudes than students of both genders in nongovernment schools, even after controlling for socioeconomic status. Also, females were slightly more positive about classroom emotional climate and in their attitudes in multidisciplinary STEM classes in government schools. This study suggests that multidisciplinary STEM classes could motivate girls to pursue STEM subjects in senior-high school and at university.",wos,llm,1.000,unreviewed,,doi:10.1007/s10984-021-09392-9
discarded,Phenomenological Programming: A Novel Approach to Designing Domain Specific Programming Environments for Science Learning,"Asian, Umit; LaGrassa, Nicholas; Horn, Michael; Wilensky, Uri",2020,PROCEEDINGS OF IDC 2020,10.1145/3392063.3394428,https://www.webofscience.com/wos/woscc/full-record/WOS:000675620600026,adjacent-subtopic,"There has been a growing interest in the use of computer-based models of scientific phenomena as part of classroom curricula, especially models that learners create for themselves. However, while studies show that constructing computational models of phenomena can serve as a powerful foundation for learning science, this approach has struggled to gain widespread adoption in classrooms because it not only requires teachers to learn sophisticated technological tools (such as computer programming), but it also requires precious instructional time to introduce these tools to students. Moreover, many core scientific topics such as the kinetic molecular theory, natural selection, and electricity are difficult to model even with novice-friendly environments. To address these limitations, we present a novel design approach called phenomenological programming that builds on students' intuitive understanding of real-world objects, patterns, and events to support the construction of agent-based computational models. We present preliminary case studies and discuss their implications for STEM content learning and the learnability and expressive power of phenomenological programming.",wos,llm,0.950,unreviewed,,doi:10.1145/3392063.3394428
discarded,Antral follicular count has limited impact in the selection of more fertile beef heifers,"Cunha, Fernando; Cushman, Robert A.; Cruz, Rodrigo Santa; de Nava, Guillermo; Vinoles, Carolina",2020,LIVESTOCK SCIENCE,10.1016/j.livsci.2020.104230,https://www.webofscience.com/wos/woscc/full-record/WOS:000616496700038,off-topic-false-hit,"The selection of replacements using applications such as reproductive tract scores and antral follicle count may be useful to eliminate less fertile animals before breeding. Previously, we reported that heifers with increased numbers of follicles achieved puberty earlier than heifers with diminished numbers of follicles. We, therefore, hypothesized that heifers that achieved a reproductive tract score >= 4 earlier in the breeding season would have greater numbers of follicles than heifers that achieved a reproductive tract score >= 4 later in the breeding season. The uterus and ovaries of three hundred and fifty beef heifers from a commercial farm were evaluated by transrectal ultrasonography 20 days before breeding and parameters of growth and development were recorded. The antral follicle count (AFC) of both ovaries was recorded and the heifers assigned a reproductive tract score (1 to 5). Only heifers with a reproductive tract score >= 4 entered to two fixed timed artificial insemination (FTAI) programs. The first group (FTAI(1), n = 269) started the day of the beginning of the breeding period and the second group (FTAI(2), n = 61) one month later. The rest were naturally mated (no FTAI, n = 20). Serial pregnancy scanning was performed throughout the breeding season and 45 days after bull removal to estimate the day of conception. Data indicative of growth and development were analysed using the REG and GLM procedures of SAS with FTAI (0, 1 and 2), AFC (low, medium and high), and the interaction as the independent variables. Reproductive tract development was negatively associated to AFC (P>0.0001). There was no interaction between FTAI and AFC (P>0.11). Heifers inseminated at FTAI(1) were heavier and taller, had greater deposition of fat and muscle, and conceived earlier than those inseminated at FTAI(2) (P<0.05); however, there was no difference in AFC between heifers inseminated in FTAI(1) and FTAI(2) (15.6 +/- 0.4 vs. 16.7 +/- 0.9 follicles, respectively; P = 0.3). Furthermore, conception rates did not differ statistically between heifers in FTAI(1) and FTAI(2) (P = 0.12). Antral follicle count influenced growth and carcass traits (P>0.05) and heifers in the High AFC class conceived approximately 1 week earlier than heifers in the Low and Medium AFC class (P<0.05). We conclude that pubertal heifers have less AFC, thus similar numbers were observed for heifers in both FTAI programs and no differences in pregnancy rate. Antral follicle count may allow for the selection of heifers that conceive earlier, but may result in a lower pregnancy rate.",wos,llm,1.000,unreviewed,,doi:10.1016/j.livsci.2020.104230
discarded,Analysis of curriculum content about accessibility and universal design in undergraduate architecture and occupational therapy programs in Brazil,"Gomes, Luciene; Guillaumon Emmel, Maria Luisa",2020,CADERNOS BRASILEIROS DE TERAPIA OCUPACIONAL-BRAZILIAN JOURNAL OF OCCUPATIONAL THERAPY,10.4322/2526-8910.ctoAO2628,https://www.webofscience.com/wos/woscc/full-record/WOS:000530058200010,off-topic-false-hit,"Accessibility and Universal Design concepts were initially directed toward the conception of objects, equipment and the physical space of the Person with Deficiency. These themes became more relevant insofar as their use included people in general, independent of their physical, cognitional and sensorial limitations. Considering the importance of these themes to the professionals of Occupational Therapy, Architecture and Urbanism and the current legislation related to these themes, the purpose of this work is to investigate how the concepts of Accessibility and Universal Design are present on curriculum content of undergraduate programs for those professions, in both Federal and State Brazilian Universities. Curriculum content of undergraduate programs available on-line were analyzed considering their political-educational projects, syllabus, objectives and contents. The data were analyzed using the Content Analysis. The sample was constituted of 32 undergraduate programs of Architecture and Urbanism and 8 of Occupational Therapy. The results show that the activities of the occupational therapist and the architect are complementary: while the focus for accessibility in the case of the Occupational Therapy is the user, for the Architecture and Urbanism is the space. It was possible to see several different ways of analyzing accessibility according to the different courses. This shows a lack of homogeneity among the universities, in both areas. Concerning the concept of Universal Design, it is included broadly in Architecture and Urbanism programs although there is a significant gap of this content in Occupational Therapy programs.",wos,llm,1.000,unreviewed,,doi:10.4322/2526-8910.ctoao2628
discarded,OLD AND NEW COPERNICAN COUNTER-REVOLUTION,"Boros, Bianka",2019,HORIZON-FENOMENOLOGICHESKIE ISSLEDOVANIYA,10.21638/2226-5260-2019-8-1-87-102,https://www.webofscience.com/wos/woscc/full-record/WOS:000473316900006,off-topic-false-hit,"This paper deals with Nicolai Hartmann's realism in light of its contemporary critics and recent concepts of realism. The main topic of the article is the so-called Copernican counter-revolution, which is the decisive factor both in Hartmann's ontology and in the recent realist projects. In Hartmann's text the Copernican counter-revolution means the rehabilitation of ontology, which is realized through the critique of the one-sided epistemological interest of logical idealism. We enter on the same path following the program of new realism, which arises against constructivism. While Maurizio Ferraris emphasizes the distinction between epistemological and ontological perspective and wants to identify those application fields, the point of Graham Harman's object-oriented ontology is the coequality of beings. He achieves an anti-Copernican perspective, which means that the human-world relation loses its priority. He also invents a litmus test of realist theories: A true realism should treat all relations between beings equally. Initially I'm examining Hartmann's realism, also called realism 'without ism,' in its contemporary context, followed by the analysis of the acts that can provide the givenness of reality. These examinations will highlight the similarities between Ferraris' and Hartmann's realism, especially the ontologically motivated conception of the act of cognition, correspondingly the concept of resistance. In the subsequent analysis of experience of resistance, Max Scheler's concept is highly relevant. Scheler's ideas are based on the critique of Wilhelm Dithey's and Martin Heidegger's definition of resistance. The last chapter submits Hartmann's realism to Harman's litmus test, whereby Hartmann's realism proves itself to be a sustainable, modern theory.",wos,llm,1.000,unreviewed,,doi:10.21638/2226-5260-2019-8-1-87-102
discarded,Solidarity and the problem of structural injustice in healthcare,"Gould, Carol C.",2018,BIOETHICS,10.1111/bioe.12474,https://www.webofscience.com/wos/woscc/full-record/WOS:000450332600002,off-topic-false-hit,"The concept of solidarity has recently come to prominence in the healthcare literature. When understood descriptively, it usefully supplements other conceptions like reciprocity (e.g., between healthcare providers and their patients), patient-centered medicine, or care ethics. In the context of health insurance (especially in Europe), an appeal to solidarity effectively addresses the problem of the motivation for taking seriously the medical needs of compatriots by emphasizing shared vulnerabilities and needs. If understood more broadly as human solidarity, the notion proposes attention to the health of distant others, as a condition of their dignity. And taken normatively, it fills in some of the requirements of the abstract norms of justice and equality by advocating 'standing with' or aiding fellow community members or possibly also distant others in regard to their medical needs. Solidarity may be understood be required either for its own sake, when taken as a separate norm, or as a way to realize the demands of justice and equal treatment in matters of health. The current focus on solidarity in the healthcare literature is useful and important, in my view. Yet, to my mind, the understanding of it tends to be unduly restricted. For one thing, the literature has most often focused on solidarity within nation-states, as a relation among compatriots that supports universal healthcare. The notion is also seen as having import for contemporary developments like large health databases, biobanks, personalized medicine, and organ donation. A few authors extend solidarity more widely, particularly in interpreting the Universal Declaration on Bioethics and Human Rights, with its reference to solidarity in Article 13 and its implication in some other articles. Yet, these various uses of the conception of solidarity in healthcare have thus far tended to either disregard or even to actively eschew its traditional meanings of labor solidarity or social movement solidarity, or indeed, any use of the term that posits an 'other' against which solidarity might be practiced (although it is generally recognized that the concept is bounded and particular). I suggest that the neglect of some important historical (and contemporary) senses of solidarity-and especially social movement solidarity-leads to a blind spot in the current bioethical theories. An alternative reading of solidarity in healthcare drawing on social movement and labor contexts would highlight a crucial dimension of contemporary healthcare provision, namely, structural injustice. Systemic forms of injustice militate against adequate healthcare for all, and suggest the need for solidaristic action to struggle against and to remedy existing entrenched inequalities. Omitting an account of structural injustice and even of justice itself from the core meaning of solidarity leads, I argue, to a rather weak and too easy sense of what solidarity requires, and is ill suited to serve as an adequate normative guide for improving healthcare in the present. This is the case most obviously in regard to healthcare in the United States with its unequal health system, but I suggest it applies more generally and even in Europe, and certainly if we take the obligations of solidarity to extend transnationally. While traditional notions of solidarity within existing communities and nation-states remain significant, I believe that an adequate conception of solidarity needs to show how it is connected to justice.

It also needs to extend transnationally, given our increasingly interconnected world, which raises difficult questions of the relation between national and transnational solidarities, and the justifications we can give for prioritizing the health and healthcare of those closer to us. In this essay, I will begin by briefly indicating how the existing approaches to solidarity in healthcare, despite their trenchant analyses of many of its features and applications, remain abstract and without sufficient critical import by not directly considering the impact of structural injustices. I will then attempt to sketch how an understanding of institutional barriers to equal treatment, along with the commitment to achieving justice concretely, need to inform not only our application of solidarity in practice but also our understanding of the core meaning of solidarity itself. I will not be able to address here the complex question of the priority that is often given to the needs of those close to us and the related question of negotiating our obligations to engage in national vs. transnational solidarity efforts, but I have taken this up in other work. In a series of books and articles, Barbara Prainsack and Alena Buyx have taken the lead in calling attention to the relevance of the concept of solidarity for bioethics. They have articulated a general conception and sketched several potential implications for healthcare and bioethics more widely. They advance the following definition: 'Solidarity is an enacted commitment to carry ""costs"" (financial, social, emotional, or otherwise) to assist others with whom a person or persons recognize similarity in a relevant respect.' Prainsack and Buyx usefully develop the notion of solidarity as a practice and see it as operating within three domains: the interpersonal, the group, and the administrative/legal. Their conception is largely descriptive, although it has some normative preconditions, and involves what they call axiological/axiomatic normativity of some sort. The difficulty of this latter phrase aside, Prainsack and Buyx seem willing to countenance morally negative expressions of solidarity (e.g., among members of a gang or even a terror group) in the interest of preserving the analytic utility of the concept. Moreover, they sharply distinguish solidarity from justice, regarding the latter as deontic and thus as not part of the concept of solidarity itself. But given their attention to the context of the practice of solidarity, they expect that norms like justice would be brought to bear, presumably to qualify the practice of solidarity. Since Prainsack and Buyx's approach is perhaps the most highly developed conception of solidarity in the bioethics literature, it can serve as a useful foil for elaborating my own account, drawing on and extending my previous work on this theme. The main strength of their approach, it seems to me, lies in its aptness for understanding solidarity as a group practice, and especially within nation-states. Indeed, their view, with its emphasis on bearing costs to assist others within a group, seems to line up primarily with what has been called a 'civic solidarity' conception, one that has been prominent in connection with European welfare states. The idea that solidarity can come to be entrenched administratively and legally also points to the dominance of that European model in their understanding (though their conception is supplemented with what they call interpersonal solidarity).

Importantly, these authors' emphasis on solidarity as a practice helpfully ties solidarity to action. They suggest that this action orientation serves to distinguish solidarity from empathy or other sentiments. However, the centrality in their account of bearing 'costs' with the aim of assisting others brings the model close to the Christian tradition of solidarity with its emphasis on relieving suffering and aiding the poor. Their perspective likewise focuses on individual activity in aiding others, rather than on collective action. (The term 'costs', however, has financial connotations that do not sit altogether easily with this religious perspective.) The Christian tradition of solidarity can be distinguished (at least in its older forms) from the alternative socialist tradition of labor union solidarity, where solidarity is aimed at promoting shared interests and overcoming domination and exploitation with the aim of achieving justice. In this article, I will suggest that this latter understanding of solidarity introduces an important normative aspect of the concept of solidarity, one that is largely lacking in Prainsack and Buyx's account. Although Prainsack and Buyx are at pains to differentiate between solidarity and charity (which is indeed an important distinction), I find their argument on this point unconvincing. They claim that charity is marked by assistance for others who are perceived as 'different' from oneself, rather than as being 'similar in a relevant respect.' The problem is that this distinction could be seen as having a question-begging aspect, inasmuch as the authors seem to posit by definition that in cases where people choose to donate to charities for people with a similar condition to their own (e.g., a particular illness), they are in fact acting in solidarity rather than charity. At the very least, more argument would be needed to establish the difference in question. Indeed, the issue of what is perceived as 'similar' and what counts as 'a relevant respect,' remains rather vague in their account. Clearly, perceptions of similarity and difference are notably various and variable. Can the perception of similarity with another in a relevant respect always be explained in a way that itself makes no reference to the solidarity that is supposed to follow from it, as it would have to be to avoid circularity? Is it, for example, the abstract status of being a fellow citizen that generates solidarity or does our tie to these others already presuppose pre-existing solidarities, e.g., as being members of our nation? The account would need to explicitly address questions such as these and also explicate what counts as 'similar in a relevant respect' to concretize this notion and give it real utility. In my own view, as developed elsewhere and as will become clear below, the distinction of solidarity from charity turns rather on the connection that solidarity bears to justice, and to the overcoming of domination and exploitation. It can also be seen to involve reciprocity in a sense to be indicated, which charity does not. Indeed, Prainsack and Buyx sharply distinguish between solidarity and reciprocity, taking the latter in the narrow sense of what I have elsewhere called instrumental reciprocity or 'tit for tat' reciprocity.

