status,title,authors,year,venue,doi,url,tags,abstract,provider,decision_source,llm_confidence,llm_review_outcome,llm_change_direction
discarded,Estimation of Power Distribution in Substation Components using Object Oriented Analysis and Design,"Claret, S. P. Angelin; Alex, M. Germanus",2017,JOURNAL OF SCIENTIFIC & INDUSTRIAL RESEARCH,,https://www.webofscience.com/wos/woscc/full-record/WOS:000399438600008,adjacent-subtopic; application-paper; mentions-encapsulation,"An object oriented model for the estimation of power that is distributed to the substation components is analysed and designed. The substation component comprises agriculture, industrial and residential regions. The important contribution of this paper is to evaluate the distribution of power in specified time slot of six hours and calculate the average power distributed to the substation components. The object oriented analysis (OOA) is examined in the first level and object oriented design (OOD) in the next level. The object oriented principles encapsulation, polymorphism and inheritance is effectively carried out for the power distribution system. The distribution results are shown by the mat lab and starUML softwares. The unified modelling language (UML) is used to show the structural form of power distribution system and its components in a simplified form.",wos,llm,0.880,unreviewed,
discarded,"Measuring, Assessing and Improving Software Quality based on Object-Oriented Design Principles","Ploesch, Reinhold; Braeuer, Johannes; Koerner, Christian; Saft, Matthias",2016,OPEN COMPUTER SCIENCE,10.1515/comp-2016-0016,https://www.webofscience.com/wos/woscc/full-record/WOS:000396413500004,adjacent-subtopic; design-quality,"Good object-oriented design is crucial for a successful software product. Metric-based approaches and the identification of design smells are established concepts for identifying design flaws and deriving design improvements thereof. Nevertheless, metrics are difficult to use for improvements as they provide only weak guidance and are difficult to interpret. Thus, this paper proposes a novel design quality model (DQM) based on fundamental object-oriented design principles and best practices. In course of discussing DQM, the paper provides a contribution in three directions: (1) it shows how to measure design principles automatically, (2) then the measuring result is used to assess the degree of fulfilling object-oriented design principles, (3) and finally design improvements of identified design flaws in object-oriented software are derived. Additionally, the paper provides an overview of the research area by explaining terms used to describe designrelated aspects and by depicting the result of a survey on the importance of object-oriented design principles. The underlying concepts of the DQM are explained before it is applied on two open-source projects in the format of a case study. The qualitative discussion of its application shows the advantages of the automated design assessment that can be used for guiding design improvements.",wos,llm,0.830,unreviewed,
discarded,MUSE A Framework for Measuring Object-Oriented Design Quality,"Ploesch, Reinhold; Braeuer, Johannes; Koerner, Christian; Saft, Matthias",2016,JOURNAL OF OBJECT TECHNOLOGY,10.5381/jot.2016.15.4.a2,https://www.webofscience.com/wos/woscc/full-record/WOS:000384817000002,adjacent-subtopic; design-quality,"Good object-oriented design facilitates the maintainability of a software product. While metric-based approaches and the idea of identifying design smells have been established, there still remains the gap of verifying the compliance of design best practices in source code. Thus, there is no comprehensive set of metrics or design best practices that does not only support design measurement and evaluation but can also guide the improvement process. This paper proposes a novel approach based on measuring design best practices that closes the gap between the identification of design flaws and the support for improvements. An expert group six researchers captured a set of 67 design best practices that are implemented by the framework MUSE (Muse Understand Script Engine). For a first validation of MUSE in this paper, its measuring result is compared with QMOOD, which is an established metric-based approach for measuring the quality of object-oriented design. The qualitative assessment based on data from six versions of the Java tool jEdit shows that MUSE is better suited to guide improvements than QMOOD, e.g., for the design property encapsulation QMOOD indicates no substantial changes in the design quality while the data provided by MUSE highlights that the encapsulation property of jEdit became worse over time. These first promising results of the application of MUSE have to be further validated and future work will concentrate on measuring object-oriented design principles.",wos,llm,0.820,unreviewed,
discarded,Mirrors: Design Principles for Meta-level Facilities of Object-Oriented Programming Languages,"Bracha, Gilad; Ungar, David",2015,ACM SIGPLAN NOTICES,10.1145/2854695.2854699,https://www.webofscience.com/wos/woscc/full-record/WOS:000368082900003,adjacent-subtopic; meta-level; different-sense,"We identify three design principles for reflection and metaprogramming facilities in object oriented programming languages. Encapsulation: meta-level facilities must encapsulate their implementation. Stratification: meta-level facilities must be separated from base-level functionality. Ontological correspondence: the ontology of meta-level facilities should correspond to the ontology of the language they manipulate. Traditional/mainstream reflective architectures do not follow these precepts. In contrast, reflective APIs built around the concept of mirrors are characterized by adherence to these three principles. Consequently, mirror-based architectures have significant advantages with respect to distribution, deployment and general purpose metaprogramming.",wos,llm,0.840,unreviewed,
discarded,Refactoring Cost Estimation (RCE) Model for Object Oriented System,"Desai, Ankit B.; Parmar, Jekishan K.",2016,2016 IEEE 6TH INTERNATIONAL CONFERENCE ON ADVANCED COMPUTING (IACC),10.1109/IACC.2016.48,https://www.webofscience.com/wos/woscc/full-record/WOS:000386925700038,adjacent-subtopic; encapsulation-violation; refactoring,"Successful software systems must be developed to evolve or die. Although object-oriented software systems are to be built to last over the time but they will degrade as much as any legacy software system. As a consequence, one may identify various reengineering patterns which capture best practice in reverse and reengineering object-oriented legacy systems. Software reengineering basically focuses on re-implementing older systems to improve or make it more maintainable. Refactoring is on kind of re-engineering with-in an Object-Oriented context. In this paper, with the given object-oriented refactoring opportunities, the cost of refactoring is resembled using RCE. The opportunities are class misuse, violation of the principle of encapsulation, lack of use of inheritance concept, misuse of inheritance, misplaced polymorphism.",wos,llm,0.870,unreviewed,
kept,Measuring Inappropriate Generosity with Access Modifiers in Java Systems,"Zoller, Christian; Schmolitzky, Axel",2012,PROCEEDINGS OF THE 2012 JOINT CONFERENCE OF THE 22ND INTERNATIONAL WORKSHOP ON SOFTWARE MEASUREMENT AND THE 2012 SEVENTH INTERNATIONAL CONFERENCE ON SOFTWARE PROCESS AND PRODUCT MEASUREMENT (IWSM-MENSURA 2012),10.1109/IWSM-MENSURA.2012.15,https://www.webofscience.com/wos/woscc/full-record/WOS:000317102600008,qualifies-claim; empirical-practice; access-modifiers; too-generous-access; practice,"Every element of a software architecture, e. g. a subsystem, package, or class, should have a well-defined interface that exposes or hides its subelements according to the principles of information hiding and encapsulation. Similar to other object-oriented programming languages, Java supports defining interfaces on several levels. The accessibility of types, methods, and fields can be restricted by using access modifiers. With these modifiers, developers are able to define interfaces of packages and classes tailored for different groups of clients. However, in programming practice, types and members seem to be often declared with too generous access modifiers, i.e. they are accessible by more clients than necessary. This can lead to unwanted dependencies and software quality degradation.

We developed an approach to measuring the usage of access modifiers for types and methods in Java by defining two new software metrics: Inappropriate Generosity with Accessibility of Types (IGAT) and Inappropriate Generosity with Accessibility of Methods (IGAM). Furthermore, we created a tool called AccessAnalysis that calculates and displays these metrics.

Using AccessAnalysis, we conducted a survey on twelve open source Java projects. The results support our assumption that access modifiers are often chosen more generously than necessary. On average, around one third of all type and method access modifiers fall into this category. Especially top-level types are almost always declared as public, so that package interfaces typically expose more types than necessary. Only 2% of all investigated top-level types are encapsulated inside their package.",wos,llm_reviewed,0.980,confirmed,
discarded,OBJECT-ORIENTED MODEL OF THE MARKET CONDITIONS: DEVELOPMENT PRINCIPLES AND PURPOSE,"Vyacheslav, Belyaev V.",2011,TOMSK STATE UNIVERSITY JOURNAL,,https://www.webofscience.com/wos/woscc/full-record/WOS:000421475600033,off-topic-false-hit; non-software-object-oriented,"The article discusses the problem of developing a model of market conditions as a way to improve the efficiency of management tasks decision. In the beginning the significance of modelling conjuncture for solving enterprise tasks is substantiated. The main reason is that for the optimal solutions a manager should have complete information on the problem. However, market information required to solve managerial tasks is unknown. The main reason for its absence is the complexity of its collection. As without this information a manager has risks of taking the wrong decision, it is important to help collect such data. The model of market conditions allows systematizing information about the market, which a firm needs and which the firm already has, thus increasing the efficiency of data collection on the market and solutions of managerial problems in general. Then the modern experience of creating models of the commodity markets by Russian scientists is studied. Most scientists offer to divide the market situation into conjuncture-making factors - the driving forces of development conditions that determine the situation on the market. Researchers are developing various classification factors, the most advanced of which are proposed by S. Svetunkov. According to him, there are 11 attributes for classification of conjuncture-making factors: cycles, duration of exposure, belonging to the market, belonging to the sides of the market mechanism, predictability, controllability, impact orientation, strength of links, origin nature, nature of information, type of dynamics. The other ways of modelling market are also proposed in the theory of microeconomics and the theory of marketing, but the proposed variations do not allow simulating the market in sufficient detail for model-based solutions of managerial tasks. The next step was formulation of several requirements, which must correspond to the model and selecting methodology, which allows creating a model that satisfies the requirements. This methodology is object-oriented design. This specific way of modelling is currently used only for programming information systems, however, its set of principles, rules and tools is versatile enough to simulate economic processes and phenomena, including market condition. In the conclusion of the article general information is provided on the object-oriented design: types of used models (object model, consisting of state, behaviour and identity, and interacting with each other based on the relationship of client-service type and classes model, reflecting the overall structure and behaviour of a set of homogeneous objects), principles of modelling (abstraction, encapsulation, hierarchy, modularity), the terms and other.",wos,llm,0.980,unreviewed,
discarded,An Improved Model for OD and Object Description in Fieldbus Intelligent Instruments Based on Object-Oriented Design,"Liang, Geng; Li, Wen; Bai, Yan",2010,"ADVANCED MEASUREMENT AND TEST, PARTS 1 AND 2",10.4028/www.scientific.net/KEM.439-440.635,https://www.webofscience.com/wos/woscc/full-record/WOS:000282785300113,adjacent-subtopic; application-paper; mentions-encapsulation,"At present, objects dictionary (OD) and object descriptions used in fieldbus intelligent instruments are based on variable-sized storage and constant property values, which constrains the flexibility and portability in data access and modularization and encapsulation in system design. In this paper, a kind of universal data structure for object description in OD was presented. Universal management of object description with different types could be realized with the proposed structure. Based on principle and methodology of Object-Oriented Design (OOD), an improved model for object description was proposed. In the improved model, constant value used in object code field of object description is replaced by function pointer pointing to object instance handler for data process of object instances belonging to the same class. Universal function structure is used for all class object instance handlers for different classes but instances belonging to different classes are manipulated differently with their own handlers. The improved model for OD and object description was proven effective and efficient by the practice of development and design of intelligent instruments in distributed control network.",wos,llm,0.850,unreviewed,
discarded,Security Metrics for Object-Oriented Class Designs,"Alshammari, Bandar; Fidge, Colin; Corney, Diane",2009,2009 NINTH INTERNATIONAL CONFERENCE ON QUALITY SOFTWARE (QSIC 2009),,https://www.webofscience.com/wos/woscc/full-record/WOS:000306716300002,adjacent-subtopic; metrics; data-encapsulation,"Measuring quality attributes of object-oriented designs (e.g. maintainability and performance) has been covered by a number of studies. However, these studies have not considered security as much as other quality attributes. Also, most security studies focus at the level of individual program statements. This approach makes it hard and expensive to discover and fix vulnerabilities caused by design errors. In this work, we focus on the security design of an object-oriented application and define a number of security metrics. These metrics allow designers to discover and fix security vulnerabilities at an early stage, and help compare the security of various alternative designs. In particular, we propose seven security metrics to measure Data Encapsulation (accessibility) and Cohesion (interactions) of a given object-oriented class from the point of view of potential information flow.",wos,llm,0.900,unreviewed,
kept,How Fields are Used in Java: An Empirical Study,"Tempero, Ewan",2009,"ASWEC 2009: 20TH AUSTRALIAN SOFTWARE ENGINEERING CONFERENCE, PROCEEDINGS",10.1109/ASWEC.2009.19,https://www.webofscience.com/wos/woscc/full-record/WOS:000268134000010,qualifies-claim; empirical-practice; non-private-fields; practice,"The information hiding principle is generally accepted as one that it followed leads to higher quality software than if it is not followed. To follow the information hiding principle in object-oriented designs the advice is to avoid non-private fields. There is, however, little empirical evidence as to whether or not this advice is being followed. This paper presents the results of an empirical study of 100 open-source Java applications to determine to what degree non-private fields are declared, and to what extend they are used. The study indicates that it is not uncommon (albeit not that terribly common) to declare non-private fields, but their not take advantage of that access.",wos,llm_reviewed,0.990,confirmed,
discarded,On traits and types in a Java-like setting,"Bono, Viviana; Damiani, Ferruccio; Giachino, Elena",2008,FIFTH IFIP INTERNATIONAL CONFERENCE ON THEORETICAL COMPUTER SCIENCE - TCS 2008,,https://www.webofscience.com/wos/woscc/full-record/WOS:000258429400025,adjacent-subtopic; reuse; traits,"Both single and multiple class-based inheritance are often inappropriate as a reuse mechanism, because classes play two competing roles. Namely, a class is both a generator of instances and a unit of reuse. Rails are composable pure units of behavior reuse, consisting only of methods, that have been proposed as all add-oil to single class-based inheritance in order to improve reuse. However, adopting traits as all add-on to traditional class-based inheritance is not enough: classes, besides their primary role of generators of instances, still play the competing role of units of reuse. Therefore, a style of programming oriented to reuse is not enforced by the language, but left to the programmer's skills. Traits have been originally proposed in the setting of dynamically typed language. When static typing is also taken into account, the role of unit of reuse and the role of type are competing, too.

We argue that, in order to support the development of reusable program components, object oriented programming languages should be designed according to the principle that each software structuring construct must have exactly one role. We propose a realignment of the class-based object-oriented paradigm by presenting programming language features that separate completely the declarations of object type, behavior and generator. We illustrate our proposal through a, core calculus and prove the soundness of the type system w.r.t. the operational semantics.",wos,llm,0.800,unreviewed,
kept,Architectural design methodologies for complex evolving systems,"Vora, Urjaswala",2007,"12TH IEEE INTERNATIONAL CONFERENCE ON ENGINEERING COMPLEX COMPUTER SYSTEMS, PROCEEDINGS",,https://www.webofscience.com/wos/woscc/full-record/WOS:000248574000020,supports-claim; encapsulation-benefits; evolvability,"Software evolution is a costly yet unavoidable consequence of a successful application. To accommodate the requirements of today's fast changing business world, it is required to adapt the new business rules without disturbing the existing working system. For the business rules evolutions where old and new business rules and business data entities have to exist concurrently in the system, we proposed the Framework, CFFES (Control Flow Framework for Evolving Systems) which focuses on smooth and seamless evolution. CFFES also validates the different business rules as well as business data entities according to their temporal specifications. The Framework capabilities are to be compared with the existing methodologies which are aimed at prioritizing the quality factor - evolvability of a system. The principle of encapsulation in Object Oriented (OO) design overcame the flaws present in structured methodology due to separate data and process components and their interdependencies. However OO design has been proved inadequate in addressing design issues due to crosscutting concerns which are across the objects or components or packages. These crosscutting concerns are main obstacles in the evolution of OO systems. Aspect Oriented software development was proposed as a solution to this problem. In this paper we discuss the impact of evolution on the architectural design of a system designed using Aspect Oriented Design Methodology and a system designed using the Framework (CFFES) proposed by us.",wos,llm,0.910,unreviewed,
