status,title,authors,year,venue,doi,url,tags,abstract,provider,decision_source,llm_confidence,llm_review_outcome,llm_change_direction
kept,Modularizing different responsibilities into separate parallel hierarchies,Ortin F.,2013,Communications in Computer and Information Science,10.1007/978-3-642-32341-6_2,https://www.scopus.com/inward/record.uri?partnerID=HzOxMe3b&scp=84880497319&origin=inward,supports-claim; parallel-hierarchies; delegation; inheritance-refactoring,,scopus,llm,0.880,unreviewed,
discarded,3rd internationalworkshop on free composition (FREECO),Bockisch C.,2012,Splash 12 Proceedings of the 2012 ACM Conference on Systems Programming and Applications Software for Humanity,10.1145/2384716.2384786,https://www.scopus.com/inward/record.uri?partnerID=HzOxMe3b&scp=84869751786&origin=inward,adjacent-subtopic; workshop-proceedings; composition-general,,scopus,llm,0.940,unreviewed,
discarded,First-class compositions defining and composing object and aspect compositions with first-class operators,Bergmans L.,2012,Lecture Notes in Computer Science Including Subseries Lecture Notes in Artificial Intelligence and Lecture Notes in Bioinformatics,10.1007/978-3-642-35551-6_6,https://www.scopus.com/inward/record.uri?partnerID=HzOxMe3b&scp=84872582112&origin=inward,adjacent-subtopic; composition-operators; aspect-oriented,,scopus,llm,0.880,unreviewed,
discarded,Object reuse and behavior adaptation in Java-like languages*,Bettini L.,2011,Proceedings of the 9th International Conference on the Principles and Practice of Programming in Java Pppj 2011,10.1145/2093157.2093173,https://www.scopus.com/inward/record.uri?partnerID=HzOxMe3b&scp=84856654914&origin=inward,adjacent-subtopic; behavior-adaptation; java-like-languages,,scopus,llm,0.680,unreviewed,
discarded,traits.js: Robust object composition and high-integrity objects for ECMAScript 5,Van Cutsem T.,2011,Plastic 11 Proceedings of the 1st ACM SIGPLAN International Workshop on Programming Language and Systems Technologies for Internet Clients,10.1145/2093328.2093330,https://www.scopus.com/inward/record.uri?partnerID=HzOxMe3b&scp=84863396343&origin=inward,adjacent-subtopic; object-composition; javascript,,scopus,llm,0.890,unreviewed,
kept,A type safe design to allow the separation of different responsibilities into parallel hierarchies,Ortin F.,2011,Enase 2011 Proceedings of the 6th International Conference on Evaluation of Novel Approaches to Software Engineering,10.5220/0003418000150025,https://www.scopus.com/inward/record.uri?partnerID=HzOxMe3b&scp=84865153489&origin=inward,supports-claim; parallel-hierarchies; delegation; inheritance-refactoring,,scopus,llm,0.880,unreviewed,
discarded,A model for composable composition operators: Expressing object and aspect compositions with first-class operators,Havinga W.,2010,Aosd 10 9th International Conference on Aspect Oriented Software Development,10.1145/1739230.1739248,https://www.scopus.com/inward/record.uri?partnerID=HzOxMe3b&scp=77952253574&origin=inward,adjacent-subtopic; composition-operators; aspect-oriented,,scopus,llm,0.880,unreviewed,
discarded,Nonlinear finite-element analysis software architecture using object composition,McKenna F.,2010,Journal of Computing in Civil Engineering,10.1061/(ASCE)CP.1943-5487.0000002,https://www.scopus.com/inward/record.uri?partnerID=HzOxMe3b&scp=73349091527&origin=inward,adjacent-subtopic; object-composition-architecture,,scopus,llm,0.710,unreviewed,
discarded,Model-driven detection of Design Patterns,Bernardi M.L.,2010,IEEE International Conference on Software Maintenance Icsm,10.1109/ICSM.2010.5609740,https://www.scopus.com/inward/record.uri?partnerID=HzOxMe3b&scp=78650085108&origin=inward,adjacent-subtopic; pattern-detection,,scopus,llm,0.940,unreviewed,
kept,Using design patterns in object-oriented finite element programming,Heng B.,2009,Computers and Structures,10.1016/j.compstruc.2008.04.016,https://www.scopus.com/inward/record.uri?partnerID=HzOxMe3b&scp=67349277691&origin=inward,supports-claim; finite-element; object-composition; avoid-inheritance-problems,,scopus,llm,0.900,unreviewed,
discarded,Patterns for understanding frameworks,Flores N.,2008,Plop08 15th Conference on Pattern Languages of Programs Proceedings,10.1145/1753196.1753206,https://www.scopus.com/inward/record.uri?partnerID=HzOxMe3b&scp=77952329876&origin=inward,adjacent-subtopic; framework-understanding,,scopus,llm,0.660,unreviewed,
kept,Design patterns in object-oriented finite element programming,Heng B.,2006,Proceedings of the 5th International Conference on Engineering Computational Technology,,https://www.scopus.com/inward/record.uri?partnerID=HzOxMe3b&scp=84858627067&origin=inward,supports-claim; finite-element; object-composition; avoid-inheritance-problems,,scopus,llm,0.890,unreviewed,
discarded,Flexible object encapsulation for ambient oriented programming,De Meuter W.,2005,Dls 2005 Symposium Proceedings Dynamic Languages Symposium 2005,10.1145/1146841.1146843,https://www.scopus.com/inward/record.uri?partnerID=HzOxMe3b&scp=80052902410&origin=inward,adjacent-subtopic; encapsulation; ambient-oriented,,scopus,llm,0.850,unreviewed,
discarded,Notice of Removal: Design pattern mining from source code for reverse engineering,Basu N.,2005,IEEE Region 10 Annual International Conference Proceedings TENCON,10.1109/TENCON.2005.301336,https://www.scopus.com/inward/record.uri?partnerID=HzOxMe3b&scp=34249704696&origin=inward,adjacent-subtopic; pattern-mining,,scopus,llm,0.970,unreviewed,
discarded,GOOSE - A generic object-oriented search environment,Müller H.,2005,Lecture Notes in Computer Science Including Subseries Lecture Notes in Artificial Intelligence and Lecture Notes in Bioinformatics,10.1007/11564751_101,https://www.scopus.com/inward/record.uri?partnerID=HzOxMe3b&scp=33646196006&origin=inward,adjacent-subtopic; search-environment,,scopus,llm,0.740,unreviewed,
kept,Reuse variables: Reusing code and state in timor,Leslie Keedy J.,2004,Lecture Notes in Computer Science Including Subseries Lecture Notes in Artificial Intelligence and Lecture Notes in Bioinformatics,,https://www.scopus.com/inward/record.uri?partnerID=HzOxMe3b&scp=33746235157&origin=inward,qualifies-claim; delegation-costs; reuse; language-design,,scopus,llm,0.900,unreviewed,
discarded,Mining Design Patterns from C++ Source Code,Balanyi Z.,2003,IEEE International Conference on Software Maintenance Icsm,10.1109/ICSM.2003.1235436,https://www.scopus.com/inward/record.uri?partnerID=HzOxMe3b&scp=77956611824&origin=inward,adjacent-subtopic; pattern-mining,,scopus,llm,0.940,unreviewed,
discarded,The semantics of extended SOFL,Dong J.S.,2002,Proceedings IEEE Computer Society S International Computer Software and Applications Conference,10.1109/CMPSAC.2002.1045077,https://www.scopus.com/inward/record.uri?partnerID=HzOxMe3b&scp=0036389572&origin=inward,adjacent-subtopic; formal-language; reuse-mechanisms,,scopus,llm,0.950,unreviewed,
discarded,Class and module in SOFL,Liu S.,2001,Proceedings 2nd Asia Pacific Conference on Quality Software Apaqs 2001,10.1109/APAQS.2001.990026,https://www.scopus.com/inward/record.uri?partnerID=HzOxMe3b&scp=84954047838&origin=inward,adjacent-subtopic; formal-language; reuse-mechanisms,,scopus,llm,0.950,unreviewed,
kept,Class composition for specifying framework design,Demeyer S.,1999,Theory and Practice of Object Systems,10.1002/(SICI)1096-9942(1999)5:2<73::AID-TAPO1>3.0.CO;2-W,https://www.scopus.com/inward/record.uri?partnerID=HzOxMe3b&scp=0032649964&origin=inward,qualifies-claim; frameworks; inheritance-and-composition-limits,,scopus,llm,0.900,unreviewed,
kept,Simulating multiple inheritance and generics in Java,Thirunarayan K.,1999,Computer Languages,10.1016/S0096-0551(00)00005-9,https://www.scopus.com/inward/record.uri?partnerID=HzOxMe3b&scp=0347507830&origin=inward,qualifies-claim; multiple-inheritance; automatic-forwarding; trade-offs,,scopus,llm,0.880,unreviewed,
kept,Evolution of object behavior using context relations,Seiter L.M.,1998,IEEE Transactions on Software Engineering,10.1109/32.663999,https://www.scopus.com/inward/record.uri?partnerID=HzOxMe3b&scp=0002944668&origin=inward,supports-claim; gof-reference; awkwardness-of-inheritance; dynamic-evolution,,scopus,llm,0.900,unreviewed,
discarded,"Proceedings of the 1996 Conference on Object-Oriented Programming Systems, Languages & Applications",,1996,SIGPLAN Notices ACM Special Interest Group on Programming Languages,,https://www.scopus.com/inward/record.uri?partnerID=HzOxMe3b&scp=0030264329&origin=inward,adjacent-subtopic; proceedings-volume,,scopus,llm,1.000,unreviewed,
discarded,Concurrent object-oriented programming,Gul Agha,1990,Communications of the ACM,10.1145/83880.84528,https://openalex.org/W1972106757,adjacent-subtopic; concurrency,"Three significant trends have underscored the central role of concurrency in computing. First, there is increased use of interacting processes by individual users, for example, application programs running on X windows. Second, workstation networks have become a cost-effective mechanism for resource sharing and distributed problem solving. For example, loosely coupled problems, such as finding all the factors of large prime numbers, have been solved by utilizing ideal cycles on networks of hundreds of workstations. A loosely coupled problem is one which can be easily partitioned into many smaller subproblems so that interactions between the subproblems is quite limited. Finally, multiprocessor technology has advanced to the point of providing supercomputing power at a fraction of the traditional cost. At the same time, software engineering considerations such as the need for data abstraction to promote program modularity underlie the rapid acceptance of object-oriented programming methodology. By separating the specification of what is done (the abstraction) from how it is done (the implementation), the concept of objects provides modularity necessary for programming in the large. It turns out that concurrency is a natural consequence of the concept of objects. In fact Simula, the first object-oriented language, simulated a simple form of concurrency using coroutines on conventional architectures. Current development of concurrent object-oriented programming (COOP) is providing a solid software foundation for concurrent computing on multiprocessors, Future generation computing systems are likely to be based on the foundations being developed by this emerging software technology. The goal of this article is to discuss the foundations and methodology of COOP. Concurrency refers to the potentially parallel execution of parts of a computation. In a concurrent computation, the components of a program may be executed sequentially, or they may be executed in parallel. Concurrency provides us with the flexibility to interleave the execution of components of a program on a single processor, or to distribute it among several processors. Concurrency abstracts away some of the details in an execution, allowing us to concentrate on conceptual issues without having to be concerned with a particular order of execution which may result from the quirks of a given system. Objects can be defined as entities which encapsulate data and operations into a single computational unit. Object models differ in how the internal behavior of objects is specified. Further, models of concurrent computation based on objects must specify how the objects interact, and different design concerns have led to different models of communication between objects. Object-oriented programming builds on the concepts of objects by supporting patterns of reuse and classification, for example, through the use of inheritance which allows all instances of a particular class to share the same method. In the following section, we outline some common patterns of concurrent problem solving. These patterns can be easily expressed in terms of the rich variety of structures provided by COOP. In particular, we discuss the actor model as a framework for concurrent systems 1 and some concepts which are useful in building actor systems. We will then describe some other models of objects and their relation to the actor model along with novel techniques for supporting reusability and modularity in concurrent object-oriented programming. The last section briefly outlines some major on-going projects in COOP. It is important to note that the actor languages give special emphasis to developing flexible program structures which simplify reasoning about programs. By reasoning we do not narrowly restrict ourselves to the problem of program verification—an important program of research whose direct practical utility has yet to be established. Rather our interest is in the ability to understand the properties of software because of clarity in the structure of the code. Such an understanding may be gained by reasoning either informally or formally about programs. The ease with which we can carry out such reasoning is aided by two factors: by modularity in code which is the result of the ability to separate design concerns, and by the ability to abstract program structures which occur repeatedly. In particular, because of their flexible structure, actor languages are particularly well-suited to rapid prototyping applications.",openalex,llm,0.960,unreviewed,
discarded,Object-oriented design heuristics,A. J. Riel,1996,,,https://openalex.org/W1511637839,adjacent-subtopic; design-heuristics-book,"From the Publisher:
Object-Oriented Design Heuristics offers insight into object-oriented design improvement. The more than sixty guidelines presented in this book are language-independent and allow you to rate the integrity of a software design. The heuristics are not written as hard and fast rules; they are meant to serve as warning mechanisms which allow the flexibility of ignoring the heuristic as necessary. This tutorial-based approach, born out of the author's extensive experience developing software, teaching thousands of students, and critiquing designs in a variety of domains, allows you to apply the guidelines in a personalized manner. The heuristics cover important topics ranging from classes and objects (with emphasis on their relationships including association, uses, containment, and both single and multiple inheritance) to physical object-oriented design. You will gain an understanding of the synergy that exists between design heuristics and the popular concept of design patterns; heuristics can highlight a problem in one facet of a design while patterns can provide the solution. Programmers of all levels will find value in this book. The newcomer will discover a fast track to understanding the concepts of object-oriented programming. At the same time, experienced programmers seeking to strengthen their object-oriented development efforts will appreciate the insightful analysis. In short, with Object-Oriented Design Heuristics as your guide, you have the tools to become a better software developer.",openalex,llm,0.740,unreviewed,
kept,Encapsulation and inheritance in object-oriented programming languages,Alan Snyder,1986,ACM SIGPLAN Notices,10.1145/960112.28702,https://openalex.org/W1997522747,supports-claim; encapsulation; inheritance-costs; change-safety; costs,"Object-oriented programming is a practical and useful programming methodology that encourages modular design and software reuse. Most object-oriented programming languages support data abstraction by preventing an object from being manipulated except via its defined external operations. In most languages, however, the introduction of inheritance severely compromises the benefits of this encapsulation. Furthermore, the use of inheritance itself is globally visible in most languages, so that changes to the inheritance hierarchy cannot be made safely. This paper examines the relationship between inheritance and encapsulation and develops requirements for full support of encapsulation with inheritance.",openalex,llm_reviewed,0.970,confirmed,
kept,Encapsulation and inheritance in object-oriented programming languages,Alan Snyder,1986,,10.1145/28697.28702,https://openalex.org/W4255667787,supports-claim; encapsulation; inheritance-costs; change-safety; costs,"Object-oriented programming is a practical and useful programming methodology that encourages modular design and software reuse. Most object-oriented programming languages support data abstraction by preventing an object from being manipulated except via its defined external operations. In most languages, however, the introduction of inheritance severely compromises the benefits of this encapsulation. Furthermore, the use of inheritance itself is globally visible in most languages, so that changes to the inheritance hierarchy cannot be made safely. This paper examines the relationship between inheritance and encapsulation and develops requirements for full support of encapsulation with inheritance.",openalex,llm_reviewed,0.970,confirmed,
discarded,ECOOP'97 — Object-Oriented Programming,"AkÅit, Mehmet; Matsuoka, Satoshi",1997,Lecture notes in computer science,10.1007/bfb0053371,https://openalex.org/W2499711114,adjacent-subtopic; proceedings-volume,,openalex,llm,0.980,unreviewed,
discarded,Object-oriented type inference,Jens Palsberg; Michael I. Schwartzbach,1991,,10.1145/117954.117965,https://openalex.org/W2067872353,adjacent-subtopic; type-inference,"We present a new approach to inferring types in untyped object-oriented programs with inheritance, assignments, and late binding. It guarantees that all messages are understood, annotates the program with type information, allows polymorphic methods, and can be used as the basis of an optimizing compiler.",openalex,llm,0.980,unreviewed,
discarded,An evaluation of the MOOD set of object-oriented software metrics,Rachel Harrison; Steve Counsell; R. Nithi,1998,IEEE Transactions on Software Engineering,10.1109/32.689404,https://openalex.org/W2106615747,adjacent-subtopic; metrics-validation,"This paper describes the results of an investigation into a set of metrics for object-oriented design, called the MOOD metrics. The merits of each of the six MOOD metrics is discussed from a measurement theory viewpoint, taking into account the recognized object-oriented features which they were intended to measure: encapsulation, inheritance, coupling, and polymorphism. Empirical data, collected from three different application domains, is then analyzed using the MOOD metrics, to support this theoretical validation. Results show that (with appropriate changes to remove existing problematic discontinuities) the metrics could be used to provide an overall assessment of a software system, which may be helpful to managers of software development projects. However, further empirical studies are needed before these results can be generalized.",openalex,llm,0.920,unreviewed,
discarded,pyOpt: a Python-based object-oriented framework for nonlinear constrained optimization,Ruben E. Perez; Peter Jansen; Joaquim R. R. A. Martins,2011,Structural and Multidisciplinary Optimization,10.1007/s00158-011-0666-3,https://openalex.org/W2012884505,adjacent-subtopic; framework,,openalex,llm,0.900,unreviewed,
discarded,Evaluating the impact of object-oriented design on software quality,Fernando Brito e Abreu; Walcélio L. Melo,2002,,10.1109/metric.1996.492446,https://openalex.org/W1946080619,adjacent-subtopic; quality-metrics,"Describes the results of a study where the impact of object-oriented (OO) design on software quality characteristics is experimentally evaluated. A suite of Metrics for OO Design (MOOD) was adopted to measure the use of OO design mechanisms. Data collected on the development of eight small-sized information management systems based on identical requirements were used to assess the referred impact. Data obtained in this experiment show how OO design mechanisms such as inheritance, polymorphism, information hiding and coupling, can influence quality characteristics like reliability or maintainability. Some predictive models based on OO design metrics are also presented.",openalex,llm,0.880,unreviewed,
kept,Maintenance support for object-oriented programs,Norman Wilde; R. Huitt,1992,IEEE Transactions on Software Engineering,10.1109/tse.1992.1263033,https://openalex.org/W2135704076,supports-claim; maintenance; inheritance-costs; program-understanding; costs,"This paper describes some of the difficulties that may be expected in the maintenance of software developed using the new object oriented languages. The concepts of inheritance and of polymorphism provide the great strengths of these languages, but they also introduce difficulties in program analysis and understanding. The paper analyzes problems of dynamic binding, object dependencies, dispersed program structure, control of polymorphism, high-level understanding, and detailed code understanding. Examples are presented based on code from a PC Smalltalk environment and from studies of two systems under development at Bell Communications Research",openalex,llm_reviewed,0.960,confirmed,
