status,title,authors,year,venue,doi,url,tags,abstract,provider,decision_source,llm_confidence,llm_review_outcome,llm_change_direction
discarded,Leveraging Design Structure Matrices in Software Design Education,"Cai, Yuanfang; Iannuzzi, Daniel; Wong, Sunny",2011,2011 24TH IEEE-CS CONFERENCE ON SOFTWARE ENGINEERING EDUCATION AND TRAINING (CSEET),,https://www.webofscience.com/wos/woscc/full-record/WOS:000299277100019,adjacent-subtopic; education; design-structure-matrices,"Important software design concepts, such as information hiding and separation of concerns, are often conveyed to students informally. The modularity and hence maintainability of student software is difficult to assess. In this paper, we report our study of using design structure matrix (DSM) to assess the modularity of student software by comparing the differences between the DSM representing the intended design and the DSMs representing the software implemented by the students. We applied this approach to a software design class at Drexel University. We found that even though the lab and homework assignments were of small scale, and in many cases, detailed designs were given to the students in the form of UML class diagrams, 74% of the 85 student submissions, although fulfilled the required functionality, introduced unexpected dependencies so that the modules that designed to be independent are actually coupled. These design problems can only be revealed during software evolution, which is usually not possible for student projects. The results show the necessity and benefits of applying DSM modeling to make such design problems explicit to the students.",wos,llm,0.920,unreviewed,
discarded,Encapsulation assessment workshop with training specialists,"Garcia Montoya, E.; Perez Lozano, P.; Aparicio Pelegrin, R. M.; Montserrat, Minarro; Tico Josep, R.; Sune Negre, J. M.",2010,ARS PHARMACEUTICA,,https://www.webofscience.com/wos/woscc/full-record/WOS:000210488300004,off-topic-false-hit; pharmacy-encapsulation,"It presents the evaluation of the reflexive learning that carry out the students of the course of specialization ""Specialist's Degree in Industrial and Galenic Pharmacy"", of Barcelona (University of Barcelona)., concretely for the educational module of elaboration of capsules. In the module there are given theoretical classes (not evaluated) and practical classes (in Workshop format). The teachers in no case are tutors, but mediators and coordinators of the learning, intervene guiding the problems that are appearing during the practices. For the assessment of the efficiency of the teaching method uses four outputs corresponding to the completion of a test at the beginning of practices and at the end of the same, an evaluation survey by students, and another survey by evaluation of teachers. The test results show that the proposed methodology is appropriate to enhance the knowledge gained in theory. With regard to the satisfaction of students and teachers to this new methodology, in both cases has been high.",wos,llm,1.000,unreviewed,
discarded,Peer Review in CS2: Conceptual Learning,"Turner, Scott; Perez-Quinones, Manuel A.; Edwards, Stephen; Chase, Joseph",2010,SIGCSE 10: PROCEEDINGS OF THE 41ST ACM TECHNICAL SYMPOSIUM ON COMPUTER SCIENCE EDUCATION,,https://www.webofscience.com/wos/woscc/full-record/WOS:000281141300077,adjacent-subtopic; teaching; peer-review,"In computer science, students could benefit from exposure to critical programming concepts from multiple perspectives. Peer review is one method to allow students to experience authentic uses of the concepts in a non-programming manner. In this work, we examine the use of the peer review process in early, object-oriented, computer science courses as a way to develop the reviewers' knowledge of object-oriented programming concepts, specifically Abstraction, Decomposition, and Encapsulation.

To study these ideas, we used peer review exercises in two CS2 classes at local universities over the course of a semester. Using three groups (one reviewing their peers, one reviewing the instructor, and one completing small design or coding exercises), we measured the students' conceptual understanding throughout the semester with concept maps and the reviews they completed. We found that reviewing helped students learn Decomposition, especially those reviewing the instructor's programs. Overall, peer reviews are a valuable method for teaching Decomposition to CS2 students and can be used as an alternative way to learn object-oriented programming concepts.",wos,llm,0.920,unreviewed,
discarded,Teaching Kinematics and Dynamics of Multibody Mechanical System Using the Object Oriented Language Modelica,"Seabra, E.; Machado, J.",2009,INTERNATIONAL JOURNAL OF ONLINE ENGINEERING,10.3991/ijoe.v5s2.1096,https://www.webofscience.com/wos/woscc/full-record/WOS:000422503000009,adjacent-subtopic; modelica; teaching,"A new modeling language, called Modelica, for physical modeling is being developed in an international effort. The main objective is to make it easy to exchange models and model libraries for different domains, such as, mechanical, pneumatics, electrical, hydraulics, and others. The design approach builds on non-causal modeling with true ordinary differential and algebraic equations and the use of object-oriented constructs stemming from modern software development, (hierarchy, encapsulation) to facilitate reuse of models and model parts. This paper gives an overview of the use of the object oriented language Modelica with the mechanical Multibody Library to model and simulate three-dimensional mechanical systems.",wos,llm,0.900,unreviewed,
discarded,Research and Practice of Visual Teaching for Three Basic Characteristics of Object-Oriented Concepts,Xiong Jianying; Yao Leiyue,2009,2009 INTERNATIONAL SYMPOSIUM ON INTELLIGENT UBIQUITOUS COMPUTING AND EDUCATION,10.1109/IUCE.2009.52,https://www.webofscience.com/wos/woscc/full-record/WOS:000273591400067,adjacent-subtopic; teaching; visualization,"Animated program visualization is a useful tool in many areas of computer science education. This paper describes the use of visualization for teaching beginners about the three characteristics of object-oriented concepts, which are Encapsulation, Inheritance and Polymorphism. The Java Language has been used as the expression format of the examples. Statistical data as well as informal observations are summarized to show evidence of student performance as a result of this approach. A comparison is made of the pedagogical aspects of this new approach with that of other relevant work.",wos,llm,0.910,unreviewed,
discarded,Understanding Object Oriented Programming concepts in an advanced programming course,"Benaya, Tamar; Zur, Ela",2008,INFORMATICS EDUCATION - SUPPORTING COMPUTATIONAL THINKING,,https://www.webofscience.com/wos/woscc/full-record/WOS:000257235000015,adjacent-subtopic; teaching; student-difficulties,"Teaching Object Oriented Programming (OOP) is a difficult task, both for teachers who have to find the best way to illustrate the concepts and for students who have to understand them. Although the OOP paradigm and its concepts reflect the ""real world"", it has been shown that students find hard to understand and internalize the OOP concepts such as encapsulation, inheritance and polymorphism. This paper describes difficulties in understanding OOP in an Advanced Java course given at the Computer Science Department of the Open University of Israel. We present a typical question which focuses on several aspects of OOP. We discuss the students' answers and point out typical hardships in grasping the topic.",wos,llm,0.910,unreviewed,
discarded,Student Understanding of Object-Oriented Programming as Expressed in Concept Maps,"Sanders, Kate; Boustedt, Jonas; Eckerdal, Anna; McCartney, Robert; Mostrom, Jan Erik; Thomas, Lynda; Zander, Carol",2008,SIGCSE'08: PROCEEDINGS OF THE 39TH ACM TECHNICAL SYMPOSIUM ON COMPUTER SCIENCE EDUCATION,,https://www.webofscience.com/wos/woscc/full-record/WOS:000265741800078,adjacent-subtopic; education; concept-maps,"In this paper, we present the results of an experiment in which we sought to elicit students' understanding of object-oriented (00) concepts using concept maps. Our analysis confirmed earlier research indicating that students do not have a firm grasp on the distinction between ""class"" and ""instance."" Unlike earlier research, we found that our students generally connect classes with both data and behavior. Students rarely included any mention of the hardware/software context of programs, their users, or their real-world domains. Students do mention inheritance, but not encapsulation or abstraction. And the picture they draw of 00 is a static one: we found nothing that could be construed as referring to interaction among objects in a program. We then discuss the implications for teaching introductory 00 programming.",wos,llm,0.910,unreviewed,
discarded,"""History of Theatre"" Web sites: A brief history of the writing process in a high school ESL language arts class","Parks, S; Huot, D; Hamers, J; Lemonnier, FH",2005,JOURNAL OF SECOND LANGUAGE WRITING,10.1016/j.jslw.2005.10.003,https://www.webofscience.com/wos/woscc/full-record/WOS:000236308500002,off-topic-false-hit; education-theory; encapsulation-of-school-learning,"This article reports on how Quebec Francophone high school students, enrolled in a program which featured an environment rich in information and communication technologies (ICTs), appropriated the writing process over a four-year period (Grades 7-10) in the context of their ESL language arts courses. Data for the study were obtained using qualitative research methods, including in-class observation (field notes), videotaping, interviews, and collection of documents. Discussion of the issue of appropriation is framed in relation to sociocultural theory, in particular Engestrom's [Engestrom, Y. (1991). Non scolae sed vitae discimus: Toward overcoming the encapsulation of school learning. Learning and Instruction, 1 243-259] version of activity theory and Tharp's [Tharp, R. (1993). Institutional & social context of educational practice and reform. In E. Forman, N. Minick, C. A. Stone, & M. S. Forman (Eds.), Contexts for learning: Sociocultural dynamics in children's development (pp. 269-282). New York: Oxford University Press] contention as to the relationship between innovative educational practice and nested activity settings. Analysis of the way activities were structured over the four-year period, especially in regard to the role of scaffolding, serves to foreground the historically transformative nature of the learning process. As part of this analysis, the Grade 10 '' History of Theatre '' web site project is presented as a '' telling case '' [Mitchell, J.C. (1984). Case studies. In R.F. Ellen (Ed.), Ethnographic research: A guide to general conduct (pp. 237-241). San Diego, CA: Academic Press; Putney, L. G., Green, J., Dixon, C., Duran, R., & Yeager, B. (2000). Consequential progressions: Exploring collective-individual development in a bilingual classroom. In C. D. Lee & P. Smagorinsky (Eds.), Vygotskian perspectives on literacy research: Constructing meaning through collaborative inquiry (pp. 86-126). Cambridge: Cambridge University Press] to demonstrate how by this point enacting the writing process in an ICT-rich environment had become a highly self-regulated, routine cultural practice. Further evidence of appropriation is provided by the fact that, by Grade 10, students had begun on their own to transfer the use of the writing process to the completion of assignments in other school subjects, thus suggesting that this cultural tool had come to be valued as a means of helping them achieve the personal goal of producing a better written product and not merely fulfill a course requirement. The teacher's proleptic stance in terms of the way he viewed this developmental process is also discussed. (c) 2005 Elsevier Inc. All rights reserved.",wos,llm,0.990,unreviewed,
discarded,Scalable visualizations of object-oriented systems with ownership trees,"Hill, T; Noble, J; Potter, J",2002,JOURNAL OF VISUAL LANGUAGES AND COMPUTING,10.1006/jvlc.2002.0238,https://www.webofscience.com/wos/woscc/full-record/WOS:000178714200004,adjacent-subtopic; visualization; ownership,"Executing object-oriented programs have a complex structure consisting of numerous objects connected by interobject references. This structure, called the program's object graph, is hard to understand, and this complicates learning, teaching, debugging and maintaining object-oriented programs. While visualization can be used to display object graphs, the size and complexity of typical object graphs also makes visualization difficult. We have developed ownership trees as a simple yet powerful method of extracting a program's implicit encapsulation structure from its object graph. We have developed a program visualization tool that makes use of ownership trees to display the structure of object-oriented programs. Because ownership trees are independent of scale-the relationship between a whole object-oriented system and its top-level components is the same as the relationship between a low-level data structure and the objects that implement it-our software visualization is applicable at all levels of abstraction within a program's design. (C) 2002 Published by Elsevier Science Ltd.",wos,llm,0.910,unreviewed,
discarded,Java power tools: Model software for teaching object-oriented design,"Rasala, R; Raab, J; Proulx, VK",2001,PROCEEDINGS OF THE THIRTY-SECOND SIGCSE TECHNICAL SYMPOSIUM ON COMPUTER SCIENCE EDUCATION,,https://www.webofscience.com/wos/woscc/full-record/WOS:000168192400061,adjacent-subtopic; teaching; object-oriented-design,"The Java Power Tools or JPT is a Java toolkit designed to enable students to rapidly develop graphical user interfaces in freshman computer science programming projects. Because it is simple to create GUIs using JPT, students can focus on the more fundamental issues of computer science rather than on widget management. In a separate article[4], we will discuss with examples how the JPT can help freshman students to learn about the basics of algorithms, data structures, classes, and interface design. In this article, we will focus on how the JPT itself can be used as an extended case study of object-oriented design principles in a more advanced course.

The fundamental design principles of the JPT are that the elements of a graphical user interface should be able to be combined recursively as nested views and that the communication between these views and the internal data models should be as automatic as possible. In particular, in JPT, the totality of user input from a complex view can be easily converted into a corresponding data model and any input errors will be detected and corrected along the way. This ease of communication is achieved by using string objects as a lingua franca for views and models and by using parsing when appropriate to automatically check for errors and trigger recovery. The JPT achieves its power by a combination of computer science and software design principles. Recursion, abstraction, and encapsulation are systematically used to create GUI tools of great flexibility. It should be noted that a much simpler pedagogical package for Java IO was recently presented in [9].",wos,llm,0.880,unreviewed,
discarded,"Introducing dependency, exception and encapsulation metrics for object-oriented defect prediction: Complementarity with CK/MOOD metrics through empirical machine learning and statistical validation",Mekahlia F.Z.,2026,Software Quality Journal,10.1007/s11219-026-09770-7,https://www.scopus.com/inward/record.uri?partnerID=HzOxMe3b&scp=105044594563&origin=inward,adjacent-subtopic; metrics; defect-prediction,,scopus,llm,0.840,unreviewed,
discarded,Trends and thematic development of mesoporous silica nanoparticles for drug delivery systems: a scientometric and patent landscape review,Munasir ,2026,Journal of Nanoparticle Research,10.1007/s11051-026-06707-w,https://www.scopus.com/inward/record.uri?partnerID=HzOxMe3b&scp=105043898142&origin=inward,off-topic-false-hit; drug-delivery; encapsulation,,scopus,llm,0.990,unreviewed,
discarded,Introduction to Software Design with Java,Robillard M.P.,2026,Introduction to Software Design with Java,10.1007/978-3-032-11821-9,https://www.scopus.com/inward/record.uri?partnerID=HzOxMe3b&scp=105029707187&origin=inward,adjacent-subtopic; book; software-design-with-java,,scopus,llm,0.780,unreviewed,
discarded,Introduction to Software Design with Java,Robillard M.P.,2022,Introduction to Software Design with Java,10.1007/978-3-030-97899-0,https://www.scopus.com/inward/record.uri?partnerID=HzOxMe3b&scp=85165028804&origin=inward,adjacent-subtopic; book; software-design-with-java,,scopus,llm,0.780,unreviewed,
discarded,Introduction to Software Design with Java,Robillard M.P.,2019,Introduction to Software Design with Java,10.1007/978-3-030-24094-3,https://www.scopus.com/inward/record.uri?partnerID=HzOxMe3b&scp=85148840639&origin=inward,adjacent-subtopic; book; software-design-with-java,,scopus,llm,0.780,unreviewed,
discarded,A StarUML Plugin to Support Learning of SOLID Principles through UML Class Diagram Verification,Picus O.,2026,International Conference on Computer Supported Education Csedu Proceedings,10.5220/0014660100004021,https://www.scopus.com/inward/record.uri?partnerID=HzOxMe3b&scp=105045070451&origin=inward,adjacent-subtopic; teaching; solid-principles,,scopus,llm,0.820,unreviewed,
discarded,"21st International Conference on Intelligent Information Hiding and Multimedia Signal Processing, IIHMSP 2025 is held in conjunction with the 5th International Conference on Social Sciences and Intelligence Management, SSIM 2025",,2026,Smart Innovation Systems and Technologies,,https://www.scopus.com/inward/record.uri?partnerID=HzOxMe3b&scp=105044044319&origin=inward,off-topic-false-hit; information-hiding-signal-processing,,scopus,llm,1.000,unreviewed,
discarded,Reorienting OOP Curriculum: From Knowledge-Centric Projects to Agentic AI-Driven Problem Solving,Wu H.,2025,Proceedings of 2025 International Conference on AI Enabled Education Aiee 2025,10.1145/3768421.3768503,https://www.scopus.com/inward/record.uri?partnerID=HzOxMe3b&scp=105026266299&origin=inward,adjacent-subtopic; teaching; curriculum,,scopus,llm,0.820,unreviewed,
discarded,A Research on Java Object - Oriented Programming Techniques,Liu M.,2025,Proceedings of 2025 International Conference on Educational Technology and Artificial Intelligence Etaic 2025,10.1145/3766557.3766617,https://www.scopus.com/inward/record.uri?partnerID=HzOxMe3b&scp=105025398722&origin=inward,adjacent-subtopic; teaching; java-oop-techniques,,scopus,llm,0.760,unreviewed,
discarded,Teaching Object-Oriented Threshold Concepts Using the Learning-from-Errors Approach,Shmallo R.,2025,ACM Transactions on Computing Education,10.1145/3770064,https://www.scopus.com/inward/record.uri?partnerID=HzOxMe3b&scp=105028890057&origin=inward,adjacent-subtopic; teaching; threshold-concepts,,scopus,llm,0.840,unreviewed,
discarded,INNOVATIVE TECHNOLOGIES FOR ENHANCED PHYSICAL AND MATHEMATICAL LEARNING IN CENTRAL EUROPE: CONTEMPORARY ISSUES AND TRENDS OF FRACTAL STRUCTURING OF INFORMATION,Mar’yan M.,2025,Journal of Vasyl Stefanyk Precarpathian National University,10.15330/jpnu.12.1.69-79,https://www.scopus.com/inward/record.uri?partnerID=HzOxMe3b&scp=105006833081&origin=inward,off-topic-false-hit; education,,scopus,llm,0.970,unreviewed,
discarded,WIP: Leveling Up Learning: A Dungeons & Dragons-Inspired Approach to Teaching Object-Oriented Programming,Thomas C.,2025,Proceedings Frontiers in Education Conference Fie,10.1109/FIE63693.2025.11328415,https://www.scopus.com/inward/record.uri?partnerID=HzOxMe3b&scp=105033035829&origin=inward,adjacent-subtopic; teaching; oop-education,,scopus,llm,0.870,unreviewed,
discarded,"19th International Conference on Intelligent Information Hiding and Multimedia Signal Processing, IIH-MSP 2023, in conjunction with the 11th International Conference on Orange Technology, Applications, and Tools, ICOT 2023",,2025,Smart Innovation Systems and Technologies,,https://www.scopus.com/inward/record.uri?partnerID=HzOxMe3b&scp=105003910427&origin=inward,off-topic-false-hit; information-hiding-multimedia,,scopus,llm,1.000,unreviewed,
discarded,On the Use of Metaheuristics of Different Classes and an Island Model for Image Steganography,Melman A.,2025,Proceedings 2025 19th International Symposium on Problems of Redundancy in Information and Control Systems Redundancy 2025,10.1109/Redundancy68069.2025.11301511,https://www.scopus.com/inward/record.uri?partnerID=HzOxMe3b&scp=105032123310&origin=inward,off-topic-false-hit; image-steganography,,scopus,llm,0.990,unreviewed,
discarded,Transforming Placement Workflow: Springboot Approach to Campus Recruitment Management,Saxena D.D.,2025,Proceedings International Conference on Next Generation Communication and Information Processing Incip 2025,10.1109/INCIP64058.2025.11020406,https://www.scopus.com/inward/record.uri?partnerID=HzOxMe3b&scp=105010194511&origin=inward,off-topic-false-hit; campus-recruitment-system,,scopus,llm,0.970,unreviewed,
discarded,JavaBench: A Benchmark of Object-Oriented Code Generation for Evaluating Large Language Models,Cao J.,2024,Proceedings 2024 39th ACM IEEE International Conference on Automated Software Engineering Ase 2024,10.1145/3691620.3695470,https://www.scopus.com/inward/record.uri?partnerID=HzOxMe3b&scp=85212393265&origin=inward,adjacent-subtopic; llm-benchmark; object-oriented-code-generation,,scopus,llm,0.800,unreviewed,
