status,title,authors,year,venue,doi,url,tags,abstract,provider,decision_source,llm_confidence,llm_review_outcome,llm_change_direction
discarded,Hybrid CNN-KAN Architectures for Ultra-Compact Person Detection on IoT Devices: A Systematic Evaluation of Quantization Strategies,"Faggi, Daniele; Kuznetsov, Oleksandr; Mereu, Stefano; Galdelli, Alessandro; Frontoni, Emanuele; Arnesano, Marco",2026,IEEE ACCESS,10.1109/ACCESS.2026.3693881,https://www.webofscience.com/wos/woscc/full-record/WOS:001783764800040,off-topic-false-hit; cnn-architectures,"Deploying visual person detection on resource-constrained Internet of Things (IoT) devices demands models that balance classification accuracy against severe memory and latency budgets. Kolmogorov-Arnold Networks (KANs), which replace fixed activation functions with learnable B-spline edges, have recently attracted interest as expressive alternatives to conventional multi-layer perceptrons, yet their suitability for embedded inference remains largely unexplored. In this work we couple a MobileNetV3- Small feature extractor with compact KAN classifiers of varying depth and evaluate the resulting hybrid architectures on the Visual Wake Words person-detection benchmark. We train 46 model variants spanning eight KAN topologies-including three ultra-compact heads with as few as two hidden neurons-six width multipliers, and three quantization strategies: native FP32, hybrid INT8 (backbone quantized, KAN in FP32), and full TFLite INT8. The hybrid INT8 pathway achieves up to 3.3 & times; compression with accuracy losses below 0.25 percentage points, while TFLite INT8 conversion yields sub-megabyte models (0.31-1.55 MB) suitable for devices such as Seeed XIAO and ESP32-S3. We further document a notable finding: KAN layers are stored as INT64 rather than INT8 inside TFLite flatbuffers, limiting compression to 1.9-2.9 & times; instead of the expected similar to 4 & times;. We address this limitation through an operator decomposition strategy that replaces non-standard operations (HardSigmoid, Gather) with equivalent compositions of TFLite-native operators, eliminating all INT64 and FP32 tensors from the converted model and enabling full XNNPACK delegation. Preliminary on-device measurements on an ESP32-S3 microcontroller and a Raspberry Pi 3 confirm deployment feasibility, with the smallest model (0.26 MB) fitting entirely within internal SRAM and achieving 83.1% accuracy on-device-matching the desktop result to within 0.07 pp after resolution of a per-channel quantization mismatch in the TFLite Micro runtime. Our findings offer concrete deployment guidelines for practitioners integrating KAN-based classifiers into resource-constrained inference pipelines and identify quantization of spline-based layers as a tractable engineering challenge for the TinyML community",wos,llm,1.000,unreviewed,
discarded,Dynamic Puncturable Encryption,Dutta P.,2027,Lecture Notes in Computer Science,10.1007/978-3-032-32560-0_4,https://www.scopus.com/inward/record.uri?partnerID=HzOxMe3b&scp=105046902729&origin=inward,off-topic-false-hit; cryptography,,scopus,llm,1.000,unreviewed,
discarded,Influence of organizational culture on sustainable mobility behaviours in higher education,Joly L.,2026,International Journal of Sustainability in Higher Education,10.1108/IJSHE-02-2025-0084,https://www.scopus.com/inward/record.uri?partnerID=HzOxMe3b&scp=105033495154&origin=inward,off-topic-false-hit; organizational-culture,,scopus,llm,1.000,unreviewed,
discarded,Organisational models of general practice and internal capacity for care coordination: a mixed-methods study from the Czech Republic,Heková K.,2026,BMC Primary Care,10.1186/s12875-026-03406-2,https://www.scopus.com/inward/record.uri?partnerID=HzOxMe3b&scp=105047028100&origin=inward,off-topic-false-hit; primary-care-organization,,scopus,llm,1.000,unreviewed,
discarded,A performance-optimized V2V task offloading framework for real-time vehicular communication,Qayyum T.,2026,Scientific Reports,10.1038/s41598-026-44686-z,https://www.scopus.com/inward/record.uri?partnerID=HzOxMe3b&scp=105038425505&origin=inward,off-topic-false-hit; task-offloading,,scopus,llm,1.000,unreviewed,
discarded,Talent-transfer as a catalyst for winter-sport success: a mixed-methods empirical research of china’s 2022 olympic campaign,Zhang Y.,2026,BMC Sports Science Medicine and Rehabilitation,10.1186/s13102-025-01399-6,https://www.scopus.com/inward/record.uri?partnerID=HzOxMe3b&scp=105026902183&origin=inward,off-topic-false-hit; sports-talent-transfer,,scopus,llm,1.000,unreviewed,
discarded,QUI TAM LEGISLATION AND ARTICLE II: STATE CONSTITUTIONAL PRECURSORS TO THE “TAKE CARE” CLAUSE,Beck R.,2026,Harvard Journal of Law and Public Policy,,https://www.scopus.com/inward/record.uri?partnerID=HzOxMe3b&scp=105032214933&origin=inward,off-topic-false-hit; constitutional-law,,scopus,llm,1.000,unreviewed,
discarded,Simulation-based teaching in the emergency management of status epilepticus: A scoping review,Shen D.,2026,Epilepsy and Behavior,10.1016/j.yebeh.2026.111203,https://www.scopus.com/inward/record.uri?partnerID=HzOxMe3b&scp=105044854766&origin=inward,off-topic-false-hit; medical-education,,scopus,llm,1.000,unreviewed,
discarded,A dual-blockchain-based privacy-preserving data authorization scheme for regulatory supervision in regional equity markets,Yang C.,2026,Expert Systems with Applications,10.1016/j.eswa.2026.132813,https://www.scopus.com/inward/record.uri?partnerID=HzOxMe3b&scp=105039335031&origin=inward,off-topic-false-hit; data-authorization,,scopus,llm,1.000,unreviewed,
discarded,AGChain: A Blockchain-based Gateway for Trustworthy App Delegation from Mobile App Markets,Chen M.,2026,Distributed Ledger Technologies,10.1145/3709157,https://www.scopus.com/inward/record.uri?partnerID=HzOxMe3b&scp=105039059056&origin=inward,off-topic-false-hit; app-delegation-blockchain,,scopus,llm,1.000,unreviewed,
discarded,Adaptive blockchain block storage delegation in IoT edge networks: An energy-aware machine learning framework for sustainable edge computing,Qamar S.,2026,Sustainable Computing Informatics and Systems,10.1016/j.suscom.2026.101403,https://www.scopus.com/inward/record.uri?partnerID=HzOxMe3b&scp=105042051864&origin=inward,off-topic-false-hit; iot-blockchain-delegation,,scopus,llm,1.000,unreviewed,
discarded,Lattice-based dynamic autonomous path proxy re-encryption for cloud sharing,Li J.,2026,Expert Systems with Applications,10.1016/j.eswa.2026.132593,https://www.scopus.com/inward/record.uri?partnerID=HzOxMe3b&scp=105037640023&origin=inward,off-topic-false-hit; proxy-re-encryption,,scopus,llm,1.000,unreviewed,
discarded,H–trace: a fine–grained access control and traceability framework for medical data sharing based on administrative hierarchies,Liu W.,2026,Journal of King Saud University Computer and Information Sciences,10.1007/s44443-026-01096-5,https://www.scopus.com/inward/record.uri?partnerID=HzOxMe3b&scp=105047591697&origin=inward,off-topic-false-hit; access-control-medical-data,,scopus,llm,1.000,unreviewed,
discarded,Intellectual property (IP) rights governance and related value mechanisms in Common European Data Spaces,Rak R.,2026,Data in Brief,10.1016/j.dib.2026.112888,https://www.scopus.com/inward/record.uri?partnerID=HzOxMe3b&scp=105041534512&origin=inward,off-topic-false-hit; ip-rights-governance,,scopus,llm,1.000,unreviewed,
discarded,Letting the bot decide: Trust and risk perceptions in autonomous retail purchase decisions,Wang J.,2026,Journal of Retailing and Consumer Services,10.1016/j.jretconser.2026.104867,https://www.scopus.com/inward/record.uri?partnerID=HzOxMe3b&scp=105040357976&origin=inward,off-topic-false-hit; consumer-ai-delegation,,scopus,llm,1.000,unreviewed,
discarded,A new pairing-free verifiable quorum controlled proxy re-encryption scheme,Zhao X.,2026,Journal of Systems Architecture,10.1016/j.sysarc.2026.103785,https://www.scopus.com/inward/record.uri?partnerID=HzOxMe3b&scp=105035066196&origin=inward,off-topic-false-hit; proxy-re-encryption,,scopus,llm,1.000,unreviewed,
discarded,Delegated Time Work: How Professionals Use Generative AI to Reshape Temporal Experience,Similea R.F.,2026,Social Sciences,10.3390/socsci15070423,https://www.scopus.com/inward/record.uri?partnerID=HzOxMe3b&scp=105045716998&origin=inward,off-topic-false-hit; genai-work-practices,,scopus,llm,1.000,unreviewed,
discarded,"A Segmented State: The Inadequacies of Fiscal Centralization in North American Colonial Conflicts, 1688–1700",Fifield D.,2026,Journal of Policy History,10.1017/S089803062610058X,https://www.scopus.com/inward/record.uri?partnerID=HzOxMe3b&scp=105044656331&origin=inward,off-topic-false-hit; colonial-history,,scopus,llm,1.000,unreviewed,
discarded,A Two-Timescale Learning-Based Stochastic Game for Energy-Efficient UAV Trajectory Planning and Replacement in Hierarchical Aerial Computing,Li J.,2026,IEEE Transactions on Vehicular Technology,10.1109/TVT.2026.3664926,https://www.scopus.com/inward/record.uri?partnerID=HzOxMe3b&scp=105030486756&origin=inward,off-topic-false-hit; uav-computing,,scopus,llm,1.000,unreviewed,
discarded,Expressions of learner agency in virtual inquiry: Linking agency and evidence-centered game design,Code J.,2026,Computers and Education,10.1016/j.compedu.2026.105590,https://www.scopus.com/inward/record.uri?partnerID=HzOxMe3b&scp=105029282880&origin=inward,off-topic-false-hit; education-agency,,scopus,llm,1.000,unreviewed,
discarded,Smart e-KYC: a privacy-protected consortium blockchain-based framework for IoT-enabled e-KYC system,Sharma A.,2026,Cluster Computing,10.1007/s10586-026-06281-9,https://www.scopus.com/inward/record.uri?partnerID=HzOxMe3b&scp=105044563256&origin=inward,off-topic-false-hit; blockchain-ekyc,,scopus,llm,1.000,unreviewed,
discarded,From Affordance to Autonomy Risk: A Dual-Pathway Model of Pedagogical Integration of Agentic AI in Higher Education Teaching,Raman R.,2026,Education Sciences,10.3390/educsci16071161,https://www.scopus.com/inward/record.uri?partnerID=HzOxMe3b&scp=105045782914&origin=inward,off-topic-false-hit; higher-education-ai,,scopus,llm,1.000,unreviewed,
discarded,SENTRY: A Compliance-Check Service for Dynamic Searchable Encryption With Sanitized Authorization Query,Li J.,2026,IEEE Transactions on Services Computing,10.1109/TSC.2026.3697760,https://www.scopus.com/inward/record.uri?partnerID=HzOxMe3b&scp=105040998856&origin=inward,off-topic-false-hit; searchable-encryption,,scopus,llm,1.000,unreviewed,
discarded,BioTwinGuard: A network-centric trust and access control mechanism for federated medical IoT,El Khediri S.,2026,Ad Hoc Networks,10.1016/j.adhoc.2026.104245,https://www.scopus.com/inward/record.uri?partnerID=HzOxMe3b&scp=105034937749&origin=inward,off-topic-false-hit; medical-iot-security,,scopus,llm,1.000,unreviewed,
discarded,Agent-as-an-Asset: A Virtual Marketplace on Blockchain for Distributed Agentic Workflows,Ismayilov G.C.,2026,Iait 2026 14th International Conference on Advances in Information Technology,10.1145/3816713.3819066,https://www.scopus.com/inward/record.uri?partnerID=HzOxMe3b&scp=105045258276&origin=inward,off-topic-false-hit; agentic-workflows,,scopus,llm,1.000,unreviewed,
discarded,From Neue Sachlichkeit to techno-authoritarianism: historical legacies and contemporary governance risks,Saner R.,2026,Journal of Management History,10.1108/JMH-07-2025-0122,https://www.scopus.com/inward/record.uri?partnerID=HzOxMe3b&scp=105041204904&origin=inward,off-topic-false-hit; governance-history,,scopus,llm,1.000,unreviewed,
discarded,Educational Interventions to Enhance Delegation Practices Among Nursing Students and Newly Graduated Nurses: A Scoping Review,Chaney U.,2026,Journal of Clinical Nursing,10.1111/jocn.70205,https://www.scopus.com/inward/record.uri?partnerID=HzOxMe3b&scp=105028266058&origin=inward,off-topic-false-hit; nursing-delegation,,scopus,llm,1.000,unreviewed,
discarded,Soviet critiques of Jan Smuts' holism as political philosophy,Gorelik B.,2026,Tydskrif Vir Geesteswetenskappe,10.17159/TGW.2026.66.2.3943,https://www.scopus.com/inward/record.uri?partnerID=HzOxMe3b&scp=105043945737&origin=inward,off-topic-false-hit; political-philosophy,,scopus,llm,1.000,unreviewed,
discarded,Creators as firms: the organization of creative production,Borowiecki K.J.,2026,Journal of Cultural Economics,10.1007/s10824-026-09588-y,https://www.scopus.com/inward/record.uri?partnerID=HzOxMe3b&scp=105035895649&origin=inward,off-topic-false-hit; creative-production,,scopus,llm,1.000,unreviewed,
discarded,Beyond Privacy Calculus: Understanding Digital Contact Tracing Acceptance Through Surveillance Drift and Agency Theory,Joly F.,2026,Canadian Journal of Administrative Sciences,10.1002/cjas.70056,https://www.scopus.com/inward/record.uri?partnerID=HzOxMe3b&scp=105033853854&origin=inward,off-topic-false-hit; digital-contact-tracing,,scopus,llm,1.000,unreviewed,
discarded,Algorithmic gaze and subject occlusion: a medical ethical critique of artificial intelligence diagnosis and treatment from a foucaultian perspective,Dai Y.,2026,Medicine Health Care and Philosophy,10.1007/s11019-025-10318-y,https://www.scopus.com/inward/record.uri?partnerID=HzOxMe3b&scp=105024846229&origin=inward,off-topic-false-hit; medical-ai-ethics,,scopus,llm,1.000,unreviewed,
discarded,Gender-based violence and the visual arts: Selected artworks by the South Aafrican artist Andrea Walters,Keyter S.,2026,Tydskrif Vir Geesteswetenskappe,10.17159/TGW.2026.66.2.2849,https://www.scopus.com/inward/record.uri?partnerID=HzOxMe3b&scp=105043962633&origin=inward,off-topic-false-hit; visual-arts,,scopus,llm,1.000,unreviewed,
discarded,Efficient Memory Protection Method for Large-Scale Host-Enclave Data Transfer on Keystone Enclave,Saiki A.,2026,IEICE Transactions on Information and Systems,10.1587/transinf.2025EDP7101,https://www.scopus.com/inward/record.uri?partnerID=HzOxMe3b&scp=105040551157&origin=inward,off-topic-false-hit; tee-memory-protection,,scopus,llm,1.000,unreviewed,
discarded,"Context, Reasoning, and Hierarchy: A Cost-Performance Study of Compound LLM Agent Design in an Adversarial POMDP",Bogdanov I.,2026,Proceedings of the ACM Conference on AI and Agentic Systems Cais 2026,10.1145/3786335.3813149,https://www.scopus.com/inward/record.uri?partnerID=HzOxMe3b&scp=105046406178&origin=inward,off-topic-false-hit; llm-agent-design,,scopus,llm,1.000,unreviewed,
discarded,The Power of Information for Intermediate States in Contract Design,Zhang Y.,2026,Aamas 2026 Proceedings of the 25th International Conference on Autonomous Agents and Multiagent Systems,10.65109/EYFD4743,https://www.scopus.com/inward/record.uri?partnerID=HzOxMe3b&scp=105041455643&origin=inward,off-topic-false-hit; contract-design,,scopus,llm,1.000,unreviewed,
discarded,MANAGEMENT BY … (MANY): EVOLUTION OF THE WEG MODEL FROM DRUCKER TO THE SCALABLE 21ST CENTURY,Luković T.,2026,Geographic Information Systems Odyssey Journal,10.57599/gisoj.2026.6.1.33,https://www.scopus.com/inward/record.uri?partnerID=HzOxMe3b&scp=105039784624&origin=inward,off-topic-false-hit; management-model,,scopus,llm,1.000,unreviewed,
discarded,Fragmented Conceptions of Agency in AI-Enabled Systems: A Bibliometric Analysis of IS Research,Noteboom C.,2026,SIGMIS Cpr 2026 Proceedings of the 63rd ACM Conference on Computers and People Research,10.1145/3768310.3807789,https://www.scopus.com/inward/record.uri?partnerID=HzOxMe3b&scp=105041261263&origin=inward,off-topic-false-hit; ai-enabled-systems,,scopus,llm,1.000,unreviewed,
discarded,"MESHMIND: DECENTRALIZED LAN-BASED COORDINATION FOR LARGE LANGUAGE MODELS: DESIGN, IMPLEMENTATION, AND EVALUATION",Rathod V.U.,2026,Nigerian Journal of Technology,10.4314/njt.2026.6068SI,https://www.scopus.com/inward/record.uri?partnerID=HzOxMe3b&scp=105041662135&origin=inward,off-topic-false-hit; llm-coordination,,scopus,llm,1.000,unreviewed,
discarded,Anonymous Integrity Auditing Scheme Based on Trusted Execution Environment for Distributed Edge Computing,Zhang Q.,2026,IEEE Transactions on Dependable and Secure Computing,10.1109/TDSC.2026.3670134,https://www.scopus.com/inward/record.uri?partnerID=HzOxMe3b&scp=105032419137&origin=inward,off-topic-false-hit; edge-computing-security,,scopus,llm,1.000,unreviewed,
discarded,RCBPS: Revocable certificate-based proxy signature scheme in the standard model for secure cloudIoT communications,Zhang G.,2026,Computer Networks,10.1016/j.comnet.2026.112181,https://www.scopus.com/inward/record.uri?partnerID=HzOxMe3b&scp=105032110672&origin=inward,off-topic-false-hit; proxy-signature,,scopus,llm,1.000,unreviewed,
discarded,AI as the Phantom Limb: The Asymmetry of Attribution in Human vs. AI Delegation,Chen Y.S.,2026,Conference on Human Factors in Computing Systems Proceedings,10.1145/3772318.3791075,https://www.scopus.com/inward/record.uri?partnerID=HzOxMe3b&scp=105038733357&origin=inward,off-topic-false-hit; human-ai-delegation,,scopus,llm,1.000,unreviewed,
discarded,Argumentation Schemes for Composition and Division Arguments: A Critique of Walton&apos;s Account.,Maurice Finocchiaro,2021,FLAP,,https://dblp.org/rec/journals/flap/Finocchiaro21,off-topic-false-hit; argumentation-composition,,dblp,llm,1.000,unreviewed,
discarded,"Compositional computational constructive critique: or, how my computer learned to appreciate poetry.",Jennifer Hackett,2018,FARM@ICFP,10.1145/3242903.3242904,https://dblp.org/rec/conf/icfp/Hackett18,off-topic-false-hit; poetry-composition,,dblp,llm,1.000,unreviewed,
discarded,Using Evolving Agents to Critique Subjective Music Compositions.,Chuen-Tsai Sun; Ji-Lung Hsieh; Chung-Yuan Huang,2006,CIS,10.1007/978-3-540-74377-4_36,https://dblp.org/rec/conf/cis/SunHH06,off-topic-false-hit; music-composition,,dblp,llm,1.000,unreviewed,
discarded,A Critiquing System to Support English Composition through the Use of Latent Semantic Analysis.,Kelvin C. Wong; Anders I. Mørch; William K. Cheung 0001; Mason H. Lam; Janti P. Tang,2005,EEE,10.1109/EEE.2005.2,https://dblp.org/rec/conf/eee/WongMCLT05,off-topic-false-hit; writing-composition,,dblp,llm,1.000,unreviewed,
