status,title,authors,year,venue,doi,url,tags,abstract,provider,decision_source,llm_confidence,llm_review_outcome,llm_change_direction,paper_id
discarded,Instrumentation for the simulation of Mars,R.K. Buchanan,2000,Instrumentation in the Aerospace Industry Proceedings of the International Symposium,,https://www.scopus.com/inward/record.uri?partnerID=HzOxMe3b&scp=0033740442&origin=inward,off-topic-false-hit,,scopus,llm,0.980,unreviewed,,hash:06832535bd4bc2b4
discarded,A hybrid web-based toolkit for human modeling,M. Bender,1997,Scientific Visualization Conference Dagstuhl 1997,10.1109/dagstuhl.1997.1423096,https://www.scopus.com/inward/record.uri?partnerID=HzOxMe3b&scp=85060841099&origin=inward,off-topic-false-hit,"Modern web-based Scientific Visualization applications try to overcome common limitations imposed by limited internet bandwidth, server bottlenecks or network latency. A further aspect is the desire to gain platform independence by solely using instruments which are platform independent by conception: the programming language Java, the Virtual Reality Modeling Language (VRML), or the 3D API Java3D.We present a prototype of a hybrid web-based Scientific Visualization system which makes use of the increasing computational power of modern desktop workstations and personal computers on the client side, and the superior performance provided by a powerful machine on the server side. In order to achieve high interaction rates and to balance computational load the user can dynamically assign selected tasks to his client or to the server.Within the scientific field of human modeling we have implemented a hybrid web-based toolkit for the modeling of human muscles and skin. Our application allows the on-line generation and manipulation of three-dimensional implicit muscle models in a heterogeneous network and it offers various parameters to adjust computation and response time versus rendering quality.",scopus,llm,0.990,unreviewed,,doi:10.1109/dagstuhl.1997.1423096
discarded,Preconceptual programming and sexual orientation: A hypothesis,I. Pollard,1996,Journal of Theoretical Biology,10.1006/jtbi.1996.0066,https://www.scopus.com/inward/record.uri?partnerID=HzOxMe3b&scp=0029947104&origin=inward,off-topic-false-hit,"To date, biological explanations of sexual orientation have broadly focused on genes and/or prenatal hormonal environments which are thought to act on the brain to provide the neural circuitry on which sexual orientation is inscribed. The proposed models are open to criticism when applied to a healthy population at large because of the implied reference to developmental anomalies. For this reason the present paper challenges the traditional viewpoint and hypothesizes that the foundation of adult sexual orientation may be the result of adaptive programming beginning before conception. According to this hypothesis the continuum spanning human sexuality has its etiology defined in terms of male and female-mediated forms of selective preconceptual marking. The hypothesis also assumes that, via the mechanism of genomic imprinting, the imprinted gene is able to switch through different states of potential activity from the incomplete to the fully penetrant state resulting in a continuum of orientations ranging from asexual, through graded bisexual to homosexual. An adaptive preconceptual program has biological significance as it ensures a generational preparedness for the prevailing conditions. The physiological aspects and circumstantial evidences which were important in developing the new hypothesis are also described. (C) 1996 Academic Press Limited.",scopus,llm,1.000,unreviewed,,doi:10.1006/jtbi.1996.0066
discarded,Development of an object-oriented simulator for material handling system design,J.R. Drolet,1992,Computers and Industrial Engineering,10.1016/0360-8352(92)90110-6,https://www.scopus.com/inward/record.uri?partnerID=HzOxMe3b&scp=0026944284&origin=inward,adjacent-subtopic,"Simulation is perhaps the best way to study any nontrivial real world material handling system. But approachs offered in most conventional simulation languages, discrete event simulation, network simulation and continuous simulation lack a natural way of simulation modeling. It is believed that object-oriented simulation may overcome the intrinsic limitations of conventional simulation languages. Object-oriented Simulation (OOS) provides a more natural way of modeling complex phenomenon and a higher productivity during the incremental phases of development but it is not a panacea.

In this paper, the authors relate their experience with SmallTalk-80, an object-oriented language which gained popularity in the last few years. More specifically, the article begins with a few historical developments that lead to object-oriented programming.         We will also present some characteristics of an object-oriented simulation product specialized in material handling system design that is currently under development. The product called CAD/MHS (Computed Aided Design for Material Handling Systems) is in its early phase of development but it is already very promising. CAD/MHS is being written in SmallTalk-80 on a Sun SparkStation, it features windowing capabilities, integrated graphics and code portability, three fundamental aspects that are considered essential in todays very fast changing market, We will also discuss the ergonomically designed interface and some of its components. The modeling aspect of certain material handling devices, the potential of such an environment and future developments to be included wilt also be discussed.",scopus,llm,0.980,unreviewed,,doi:10.1016/0360-8352(92)90110-6
