status,title,authors,year,venue,doi,url,tags,abstract,provider,decision_source,llm_confidence,llm_review_outcome,llm_change_direction
discarded,Research and Application of Remote Sensing Monitoring System for Tidal Flat Resources Based on Plug-in Technology,Kong D.,2022,Hunan Daxue Xuebao Journal of Hunan University Natural Sciences,10.16339/j.cnki.hdxbzkb.2022230,https://www.scopus.com/inward/record.uri?partnerID=HzOxMe3b&scp=85129979990&origin=inward,off-topic-false-hit; remote-sensing-system,,scopus,llm,0.990,unreviewed,
discarded,Toward Object-oriented Modeling in SCCharts,Schulz-Rosengarten A.,2021,ACM Transactions on Embedded Computing Systems,10.1145/3453482,https://www.scopus.com/inward/record.uri?partnerID=HzOxMe3b&scp=85108029654&origin=inward,adjacent-subtopic; modeling-language,,scopus,llm,0.790,unreviewed,
discarded,Analytical coding: Performing qualitative data analysis based on programming principles,Kanygin G.,2021,Qualitative Report,10.46743/2160-3715/2021.4342,https://www.scopus.com/inward/record.uri?partnerID=HzOxMe3b&scp=85102178134&origin=inward,off-topic-false-hit; qualitative-analysis,,scopus,llm,0.980,unreviewed,
discarded,Implementation of evolutionary methods of solving the travelling salesman problem in a robotic warehouse,Oliinyk A.,2021,Lecture Notes on Data Engineering and Communications Technologies,10.1007/978-3-030-43070-2_13,https://www.scopus.com/inward/record.uri?partnerID=HzOxMe3b&scp=85087214646&origin=inward,off-topic-false-hit; robotic-warehouse,,scopus,llm,0.980,unreviewed,
discarded,"Guide to Efficient Software Design: An MVC Approach to Concepts, Structures, and Models",Voorhees D.P.,2020,Texts in Computer Science,10.1007/978-3-030-28501-2,https://www.scopus.com/inward/record.uri?partnerID=HzOxMe3b&scp=105038870426&origin=inward,adjacent-subtopic; book; software-design,,scopus,llm,0.780,unreviewed,
discarded,Towards decoupling nullability semantics from indirect access in pointer use,Szalay R.,2020,Ceur Workshop Proceedings,,https://www.scopus.com/inward/record.uri?partnerID=HzOxMe3b&scp=85090848853&origin=inward,adjacent-subtopic; pointer-semantics,,scopus,llm,0.810,unreviewed,
discarded,Towards object-oriented modeling in sccharts,Schulz-Rosengarten A.,2019,Proceedings of the 2019 Forum on Specification and Design Languages Fdl 2019,10.1109/FDL.2019.8876901,https://www.scopus.com/inward/record.uri?partnerID=HzOxMe3b&scp=85074886071&origin=inward,adjacent-subtopic; modeling-language,,scopus,llm,0.790,unreviewed,
discarded,The design of a lightweight DSP programming library,Lazzarini V.,2019,Proceedings of the 14th Sound and Music Computing Conference 2017 Smc 2017,,https://www.scopus.com/inward/record.uri?partnerID=HzOxMe3b&scp=85029851000&origin=inward,adjacent-subtopic; software-library-design,,scopus,llm,0.720,unreviewed,
discarded,"Java Program Design: Principles, Polymorphism, and Patterns",Sciore E.,2018,Java Program Design Principles Polymorphism and Patterns,10.1007/978-1-4842-4143-1,https://www.scopus.com/inward/record.uri?partnerID=HzOxMe3b&scp=105011458219&origin=inward,adjacent-subtopic; teaching; book,,scopus,llm,0.800,unreviewed,
discarded,An empirical study on the effects of code visibility on program testability,Ma L.,2017,Software Quality Journal,10.1007/s11219-016-9340-8,https://www.scopus.com/inward/record.uri?partnerID=HzOxMe3b&scp=84991396299&origin=inward,adjacent-subtopic; empirical-visibility; testability,,scopus,llm,0.770,unreviewed,
discarded,Estimation of Power Distribution in Substation Components using Object Oriented Analysis and Design,Claret S.P.A.,2017,Journal of Scientific and Industrial Research,,https://www.scopus.com/inward/record.uri?partnerID=HzOxMe3b&scp=85104088976&origin=inward,adjacent-subtopic; application-paper; duplicate,,scopus,llm,0.870,unreviewed,
discarded,Principle and Technique for Encapsulation of User Control and Data Information in Separate Frames.,Chooi-Tian Lee; Jack W. Harris,1996,LCN,10.1109/LCN.1996.558167,https://dblp.org/rec/conf/lcn/LeeH96a,off-topic-false-hit; network-encapsulation,,dblp,llm,0.990,unreviewed,
discarded,Structure and Encapsulation in Distributed Systems: The Proxy Principle.,Marc Shapiro 0001,1986,ICDCS,,https://dblp.org/rec/conf/icdcs/Shapiro86,adjacent-subtopic; distributed-systems; proxy-principle,,dblp,llm,0.820,unreviewed,
discarded,"First-principles simulation: ideas, illustrations and the CASTEP code",Matthew Segall; Philip J. D. Lindan; Matt Probert; Chris J. Pickard; P. J. Hasnip; Stewart J. Clark; M. C. Payne,2002,Journal of Physics Condensed Matter,10.1088/0953-8984/14/11/301,https://openalex.org/W2166244948,adjacent-subtopic; scientific-software; modular-design,"First-principles simulation, meaning density-functional theory calculations with plane waves and pseudopotentials, has become a prized technique in condensed-matter theory. Here I look at the basics of the suject, give a brief review of the theory, examining the strengths and weaknesses of its implementation, and illustrating some of the ways simulators approach problems through a small case study. I also discuss why and how modern software design methods have been used in writing a completely new modular version of the CASTEP code.",openalex,llm,0.930,unreviewed,
discarded,The click modular router,Eddie Kohler; Robert Morris; Benjie Chen; John Jannotti; M. Frans Kaashoek,2000,ACM Transactions on Computer Systems,10.1145/354871.354874,https://openalex.org/W2010365467,off-topic-false-hit; network-router; modularity,"Clicks is a new software architecture for building flexible and configurable routers. A Click router is assembled from packet processing modules called elements . Individual elements implement simple router functions like packet classification, queuing, scheduling, and interfacing with network devices. A router configurable is a directed graph with elements at the vertices; packets flow along the edges of the graph. Several features make individual elements more powerful and complex configurations easier to write, including pull connections, which model packet flow drivn by transmitting hardware devices, and flow-based router context, which helps an element locate other interesting elements. Click configurations are modular and easy to extend. A standards-compliant Click IP router has 16 elements on its forwarding path; some of its elements are also useful in Ethernet switches and IP tunnelling configurations. Extending the IP router to support dropping policies, fairness among flows, or Differentiated Services simply requires adding a couple of element at the right place. On conventional PC hardware, the Click IP router achieves a maximum loss-free forwarding rate of 333,000 64-byte packets per second, demonstrating that Click's modular and flexible architecture is compatible with good performance.",openalex,llm,0.980,unreviewed,
discarded,Modular and Hierarchically Modular Organization of Brain Networks,David Meunier; Renaud Lambiotte; Edward T. Bullmore,2010,Frontiers in Neuroscience,10.3389/fnins.2010.00200,https://openalex.org/W2021947606,off-topic-false-hit; brain-networks; modularity,"Brain networks are increasingly understood as one of a large class of information processing systems that share important organizational principles in common, including the property of a modular community structure. A module is topologically defined as a subset of highly inter-connected nodes which are relatively sparsely connected to nodes in other modules. In brain networks, topological modules are often made up of anatomically neighboring and/or functionally related cortical regions, and inter-modular connections tend to be relatively long distance. Moreover, brain networks and many other complex systems demonstrate the property of hierarchical modularity, or modularity on several topological scales: within each module there will be a set of sub-modules, and within each sub-module a set of sub-sub-modules, etc. There are several general advantages to modular and hierarchically modular network organization, including greater robustness, adaptivity, and evolvability of network function. In this context, we review some of the mathematical concepts available for quantitative analysis of (hierarchical) modularity in brain networks and we summarize some of the recent work investigating modularity of structural and functional brain networks derived from analysis of human neuroimaging data.",openalex,llm,0.990,unreviewed,
discarded,Gradient-based learning applied to document recognition,Yann LeCun; Léon Bottou; Yoshua Bengio; Patrick Haffner,1998,Proceedings of the IEEE,10.1109/5.726791,https://openalex.org/W2112796928,off-topic-false-hit; machine-learning; modules,"Multilayer neural networks trained with the back-propagation algorithm constitute the best example of a successful gradient based learning technique. Given an appropriate network architecture, gradient-based learning algorithms can be used to synthesize a complex decision surface that can classify high-dimensional patterns, such as handwritten characters, with minimal preprocessing. This paper reviews various methods applied to handwritten character recognition and compares them on a standard handwritten digit recognition task. Convolutional neural networks, which are specifically designed to deal with the variability of 2D shapes, are shown to outperform all other techniques. Real-life document recognition systems are composed of multiple modules including field extraction, segmentation recognition, and language modeling. A new learning paradigm, called graph transformer networks (GTN), allows such multimodule systems to be trained globally using gradient-based methods so as to minimize an overall performance measure. Two systems for online handwriting recognition are described. Experiments demonstrate the advantage of global training, and the flexibility of graph transformer networks. A graph transformer network for reading a bank cheque is also described. It uses convolutional neural network character recognizers combined with global training techniques to provide record accuracy on business and personal cheques. It is deployed commercially and reads several million cheques per day.",openalex,llm,0.990,unreviewed,
kept,The structure and value of modularity in software design,Kevin Sullivan; William G. Griswold; Yuanfang Cai; Ben Hallen,2001,,10.1145/503209.503224,https://openalex.org/W2159959126,supports-claim; information-hiding; parnas; modularity-benefits; adoption,"The concept of information hiding modularity is a cornerstone of modern software design thought, but its formulation remains casual and its emphasis on changeability is imperfectly related to the goal of creating added value in a given context. We need better explanatory and prescriptive models of the nature and value of information hiding. We evaluate the potential of a new theory---developed to account for the influence of modularity on the evolution of the computer industry---to inform software design. The theory uses design structure matrices to model designs and real options techniques to value them. To test the potential utility of the theory for software we apply it to Parnas's KWIC designs. We contribute an extension to design structure matrices, and we show that the options results are consistent with Parnas's conclusions. Our results suggest that such a theory does have potential to help inform software design.",openalex,llm_reviewed,1.000,confirmed,
kept,The structure and value of modularity in software design,Kevin Sullivan; William G. Griswold; Yuanfang Cai; Ben Hallen,2001,ACM SIGSOFT Software Engineering Notes,10.1145/503271.503224,https://openalex.org/W4253053708,supports-claim; information-hiding; parnas; modularity-benefits; adoption,"The concept of information hiding modularity is a cornerstone of modern software design thought, but its formulation remains casual and its emphasis on changeability is imperfectly related to the goal of creating added value in a given context. We need better explanatory and prescriptive models of the nature and value of information hiding. We evaluate the potential of a new theory---developed to account for the influence of modularity on the evolution of the computer industry---to inform software design. The theory uses design structure matrices to model designs and real options techniques to value them. To test the potential utility of the theory for software we apply it to Parnas's KWIC designs. We contribute an extension to design structure matrices, and we show that the options results are consistent with Parnas's conclusions. Our results suggest that such a theory does have potential to help inform software design.",openalex,llm_reviewed,1.000,confirmed,
kept,The structure and value of modularity in software design,Kevin Sullivan; William G. Griswold; Yuanfang Cai; Ben Hallen,2001,,10.1145/503222.503224,https://openalex.org/W4234044464,supports-claim; information-hiding; parnas; duplicate; adoption,"The concept of information hiding modularity is a cornerstone of modern software design thought, but its formulation remains casual and its emphasis on changeability is imperfectly related to the goal of creating added value in a given context. We need better explanatory and prescriptive models of the nature and value of information hiding. We evaluate the potential of a new theory---developed to account for the influence of modularity on the evolution of the computer industry---to inform software design. The theory uses design structure matrices to model designs and real options techniques to value them. To test the potential utility of the theory for software we apply it to Parnas's KWIC designs. We contribute an extension to design structure matrices, and we show that the options results are consistent with Parnas's conclusions. Our results suggest that such a theory does have potential to help inform software design.",openalex,llm_reviewed,1.000,confirmed,
discarded,A capacity theory of comprehension: Individual differences in working memory.,Marcel Adam Just; Patricia A. Carpenter,1992,Psychological Review,10.1037/0033-295x.99.1.122,https://openalex.org/W2072875864,off-topic-false-hit; cognitive-modularity,"A theory of the way working memory capacity constrains comprehension is proposed. The theory proposes that both processing and storage are mediated by activation and that the total amount of activation available in working memory varies among individuals. Individual differences in working memory capacity for language can account for qualitative and quantitative differences among college-age adults in several aspects of language comprehension. One aspect is syntactic modularity: The larger capacity of some individuals permits interaction among syntactic and pragmatic information, so that their syntactic processes are not informationally encapsulated. Another aspect is syntactic ambiguity: The larger capacity of some individuals permits them to maintain multiple interpretations. The theory is instantiated as a production system model in which the amount of activation available to the model affects how it adapts to the transient computational and storage demands that occur in comprehension.",openalex,llm,0.990,unreviewed,
kept,The Modular Structure of Complex Systems,David Lorge Parnas; Paul Clements; David M. Weiss,1985,IEEE Transactions on Software Engineering,10.1109/tse.1985.232209,https://openalex.org/W2132234187,supports-claim; parnas; information-hiding; module-guide,"This paper discusses the organization of software that is inherently complex because of very many arbitrary details that must be precisely right for the software to be correct. We show how the software design technique known as information hiding, or abstraction, can be supplemented by a hierarchically structured document, which we call a module guide. The guide is intended to allow both designers and maintainers to identify easily the parts of the software that they must understand, without reading irrelevant details about other parts of the software. The paper includes an extract from a software module guide to illustrate our proposals.",openalex,llm,1.000,unreviewed,
discarded,Modular software design with crosscutting interfaces,William G. Griswold; Macneil Shonle; Kevin Sullivan; Yuanyuan Song; Nishit Tewari; Yuanfang Cai; Hridesh Rajan,2006,IEEE Software,10.1109/ms.2006.24,https://openalex.org/W2126225516,adjacent-subtopic; aop; modularity,"Aspect-oriented programming (AOP) languages such as AspectJ offer new mechanisms and possibilities for decomposing systems into modules and composing modules into systems. The key mechanism in AspectJ is the advising of crosscutting sets of join points. An aspect module uses a pointcut descriptor (PCD) to declaratively specify sets of points in program executions. Our approach employs crosscut programming interfaces, or XPIs. XPIs are explicit, abstract interfaces that decouple aspects from details of advised code.",openalex,llm,0.910,unreviewed,
discarded,The Bioperl Toolkit: Perl Modules for the Life Sciences,Jason Stajich; David E. Block; Kris Boulez; Steven E. Brenner; Stephen A. Chervitz; Chris Dagdigian; Georg Fuellen; James Gilbert; Ian Korf; Hilmar Lapp; Heikki Lehväslaiho; Chad Matsalla; Chris Mungall; Brian I. Osborne; Matthew Pocock; Peter Schattner; Martin Senger; Lincoln Stein; Elia Stupka; Mark D. Wilkinson; Ewan Birney,2002,Genome Research,10.1101/gr.361602,https://openalex.org/W2150934173,adjacent-subtopic; bioinformatics-toolkit,"The Bioperl project is an international open-source collaboration of biologists, bioinformaticians, and computer scientists that has evolved over the past 7 yr into the most comprehensive library of Perl modules available for managing and manipulating life-science information. Bioperl provides an easy-to-use, stable, and consistent programming interface for bioinformatics application programmers. The Bioperl modules have been successfully and repeatedly used to reduce otherwise complex tasks to only a few lines of code. The Bioperl object model has been proven to be flexible enough to support enterprise-level applications such as EnsEMBL, while maintaining an easy learning curve for novice Perl programmers. Bioperl is capable of executing analyses and processing results from programs such as BLAST, ClustalW, or the EMBOSS suite. Interoperation with modules written in Python and Java is supported through the evolving BioCORBA bridge. Bioperl provides access to data stores such as GenBank and SwissProt via a flexible series of sequence input/output modules, and to the emerging common sequence data storage format of the Open Bioinformatics Database Access project. This study describes the overall architecture of the toolkit, the problem domains that it addresses, and gives specific examples of how the toolkit can be used to solve common life-sciences problems. We conclude with a discussion of how the open-source nature of the project has contributed to the development effort. [Supplemental material is available online at www.genome.org . Bioperl is available as open-source software free of charge and is licensed under the Perl Artistic License ( http://www.perl.com/pub/a/language/misc/Artistic.html ). It is available for download at http://www.bioperl.org . Support inquiries should be addressed to bioperl-l@bioperl.org .]",openalex,llm,0.890,unreviewed,
discarded,Is there a geometric module for spatial orientation? squaring theory and evidence,Ken Cheng; Nora S. Newcombe,2005,Psychonomic Bulletin & Review,10.3758/bf03196346,https://openalex.org/W2106801064,off-topic-false-hit; cognitive-module,,openalex,llm,0.990,unreviewed,
kept,On the Criteria to Be Used in Decomposing Systems into Modules,David Lorge Parnas,1971,,10.21236/ad0773837,https://openalex.org/W2988746365,supports-claim; parnas; origin; information-hiding,"D.L. Parnas has had an enormous impact on program design - - or as most people now call it --- but his published work has been read by a surprisingly small number of EDP professionals. The following paper, which appeared in the December 1972 issue of Communications of the A CM, is included in this collection of structured classics because it is the source of many now-familiar concepts and phrases. It is the source for the phrase hiding, and is probably Parnas' best-known, if little-read, work.

In this paper, Parnas attacked the whole mystique of modularization, asking questions that, for the most part, had been entirely ignored by the EDP profession: is a module? distinguishes a good module from a bad How do we go about modularizing a program? And he posed his argument at a time when modular programming still was very much a buzzword.

Most of his argument is based on one example: the KWlC index system. Two different modularizations are presented in this paper, and it becomes apparent that one of them is substantially superior to the other --- superior, that is, if one defines superiority in terms of ease of maintenance.

If you're like me, you probably will become puzzled halfway through the presentation of his example. Where did these two modularizations come from? you'll find yourself asking. What would make the average programmer stupid enough to come up with the first kind of modularization, and how would he be clever enough to invent the second, demonstrably superior, one? If these questions occur to you, be patient Parnas does provide the answers later on in the paper. As he points out, the first modularization probably was derived from flowcharting the problem --- an approach still used by many people today. And the second modularization came from a careful consideration of the design decisions that were likely to change.

