status,title,authors,year,venue,doi,url,tags,abstract,provider,decision_source,llm_confidence,llm_review_outcome,llm_change_direction,paper_id
discarded,Development of a classroom community,"Tsukerman, GA",2004,VOPROSY PSIKHOLOGII,,https://www.webofscience.com/wos/woscc/full-record/WOS:000220039100004,off-topic-false-hit,"The subject of analysis is classroom interaction organized according to Elkonin - Davydov's theory of instruction. The method of formal semantic analysis of a dialogue has been used to describe distribution of instructional activity between the teacher and the pupils at the beginning and at the end of the primary school age. Comparison has proved that by the end of primary education all learning activity has been handed over from the teacher to the class as a learning community that desires and is capable of setting new learning cognitive tasks and finding ways of coping with them.

Two factors affect primary school student's ability to understand and coordinate actions and conceptions of partners in cooperative instructional activity: 1) mastering of object and notion oriented actions whose content is being constantly reflected upon; 2) mastering of meta-object-oriented actions aimed at the partners' conceptions of the subject of their joint work. Children master those actions in the non-reflective practice of classroom discussions which leads to considerable progress in the development of reflection - emergence of the ability to understand reasons behind the thoughts and actions of another person.",wos,llm,1.000,unreviewed,,hash:37ded98a9e4f01b6
kept,Identifying the difficulties of object-oriented development,"Sheetz, SD",2002,JOURNAL OF SYSTEMS AND SOFTWARE,,https://www.webofscience.com/wos/woscc/full-record/WOS:000181172900003,supports-claim,"Identifying the perceptions of developers that use object-oriented (00) system development techniques is necessary to understand why they are described as difficult to learn and use. Professional developers with a broad range of experience were asked to share their perceptions of the issues that contribute to the difficulties of using 00 techniques. The 67 developers primarily were from the tele-communications and systems consulting industries in a large metropolitan area. Seventeen small groups of developers with similar levels of experience completed a 2.5-h group cognitive mapping process using a group support system (GSS). Each GSS session consisted of activities to identify difficult issues, define categories that classify the issues by similarity, rate the importance of the categories for causing difficulties, and identify causal relationships among the categories to form a cognitive map that represents the group's shared perceptions of the difficulties of using 00 techniques. The 1279 issues identified were organized into 141 categories by the 17 groups. These 141 group-generated categories were merged to identify a set of 9 overall categories to allow comparisons of perceptions across groups and levels of experience. The results reveal a common ""core"" of difficult issues associated with using 00 techniques that was shared by novices, intermediates, and experts. Overall category group cognitive maps reveal substantial differences in the causal relationships perceived by novices and experts. (C) 2002 Published by Elsevier Science Inc.",wos,llm,0.950,unreviewed,,hash:c66032377b2cfa6e
kept,Is there any difference in novice comprehension of a small program written in the event-driven and object-oriented styles?,"Khazaei, B; Jackson, M",2002,"IEEE 2002 SYMPOSIA ON HUMAN CENTRIC COMPUTING LANGUAGES AND ENVIRONMENTS, PROCEEDINGS",,https://www.webofscience.com/wos/woscc/full-record/WOS:000178108400003,qualifies-claim,"We report on the conduct and the results of an experiment that investigates the program comprehension differences between event-driven and object-oriented programming styles.

A group of novice programmers were asked to comprehend two isomorphic programs and answered a series of five questions on each of the programs. Each question was to address one of five knowledge categories that together formed a complete mental representation of the two programs. Subjects performed badly on recalling the elementary operations knowledge in both styles. They performed very well in the data flow, control flow, function and state knowledge categories for both styles. Subjects were not significantly better in the last four categories indicating that the comprehension of event-driven and object oriented styles have a lot in common. A comparison of these results with the results of earlier studies, which compared procedural and object-oriented styles, indicates that procedural style is furthest away amongst the three styles. The results are discussed in terms of relevance to the theory of program comprehension.",wos,llm,0.950,unreviewed,,hash:625efb89f6b87676
kept,Encapsulation and reuse as viewed by Java students,"Fleury, AE",2001,PROCEEDINGS OF THE THIRTY-SECOND SIGCSE TECHNICAL SYMPOSIUM ON COMPUTER SCIENCE EDUCATION,,https://www.webofscience.com/wos/woscc/full-record/WOS:000168192400039,supports-claim,"Through audio-taped student interviews, this study examined beginning Java students' conceptions of object-oriented programming. Students rated programs on stylistic criteria including ease of comprehension, ease of debugging, ease of modification, ease of reuse, and overall quality of design. They also explained the reasons for their ratings. The results will be discussed and interpreted in light of previous research. Implications for instruction will also be examined.",wos,llm,0.990,unreviewed,,hash:991e4dfb75ff08a8
discarded,Study on the Synergistic Spontaneous-Combustion Effects and Critical Behavior of Polyurethane and Residual Coal Based on Large-Scale Programmed Heating Tests,"Wang, Yu; Jia, Baoshan; Pi, Zikun; Li, Rui; Yang, Tianzhi; He, Zhanpeng; Zhuo, Hui; Li, Tongren",2026,FIRE-SWITZERLAND,10.3390/fire9070287,https://www.webofscience.com/wos/woscc/full-record/WOS:001833132900001,off-topic-false-hit,"To address the major safety hazard that heat released from mining polyurethane (PU) reinforcement materials may induce spontaneous combustion of residual coal in goaf, this study selected No. 3 coal from Wangzhuang Coal Mine, Shanxi Lu'an, as the research object. A self-developed large-capacity, large-scale experimental system was used to conduct programmed heating experiments on 2.0 kg multi-particle-size coal-PU mixed samples. The effects of PU content on characteristic gas release, crossing point temperature (CPT), residue morphology, and TGA-DSC characteristic temperatures were systematically investigated, and the reaction-kinetic evolution was further analyzed using the distributed activation energy model (DAEM). The results show that coal and PU exhibit a significant synergistic enhancement effect during co-heating. As the PU content increased, the release concentrations of CO, C2H4, and C2H6 increased markedly, and their initial release temperatures decreased, whereas CH4 generation was inhibited by hydrogen-radical competition; no C2H2 was produced below 400 degrees C. The CPT decreased linearly with an increasing PU content, with an average decrease of approximately 8.5 degrees C for every 10% increase in PU content. Residue morphology showed clear critical features: glassy agglomerates appeared when the PU content exceeded 16.67%, and dense bulk coking occurred when the PU/coal mass ratio was greater than 1:10. TGA-DSC analysis showed that when the PU/coal ratio was lower than 1:10, the ignition temperature of the mixed sample was higher than that of pure coal, indicating an inhibitory synergistic effect. When the ratio exceeded 1:10, the ignition temperature decreased significantly, and the synergy shifted to promotion; increasing the heating rate shifted the characteristic temperatures to higher values and increased the reaction intensity. DAEM analysis further confirmed that when the PU ratio exceeded 1:10, the apparent activation energy of the mixed samples was lower than that of pure coal. Coal powder also acted as a physical skeleton that effectively dispersed molten PU, eliminated the activation-energy peaks of pure PU in the conversion ranges of 30-50% and 70-90%, and substantially improved combustion stability. Mechanistically, low-temperature PU melting and coating optimized heat and mass transfer, medium-temperature pyrolysis released active radicals and combustible gases that altered coal pyrolysis pathways and the radical reaction environment, and high-temperature hydrogen-radical competition reshaped the gas-product distribution. Together, these processes form a complete chain of synergistic spontaneous combustion. This study identifies key safety threshold parameters for PU reinforcement materials, recommends a PU content of <= 9.10%, and identifies CO and C2H4 as priority early-warning gases, providing direct experimental evidence for characteristic-gas-based early warning and mine fire prevention.",wos,llm,1.000,unreviewed,,doi:10.3390/fire9070287
discarded,Influence of a sport-oriented exercise concept on motor performance and sustainability in healthy but sporting inactive older adults aged 60+,"Schumacher, Anneke; Krumpolt, Marlene; Sannemann, Lucas; Witte, Kerstin",2026,FRONTIERS IN SPORTS AND ACTIVE LIVING,10.3389/fspor.2026.1702331,https://www.webofscience.com/wos/woscc/full-record/WOS:001735116900001,off-topic-false-hit,"Physical inactivity in older adults remains a public health concern despite the well-documented benefits of exercise for physical, cognitive, and psychosocial health. Many programs fail to reach inactive individuals, particularly men over 60, and often lack sustainability. Therefore, a low-threshold concept was developed that integrates strength, endurance, and coordination training while particularly emphasizing a variety of popular sports activities. This non-randomized controlled study evaluated the influence on selected motor outcomes and sustainability of this concept for healthy but previously inactive adults aged 60+, focusing on motor performance, psychosocial well-being, and long-term adherence. 161 older adults (68.23 +/- 4.47 years, 66% female) who were healthy but previously sporting inactive (no regular weekly sports participation) completed a 24-week exercise program with two weekly 90-minute sessions combining multicomponent fitness training and introductory classes to recreational sports (e.g., karate, table tennis, handball, archery). Assessments were carried out at six measurement points: at baseline (t0), intermediate (t1), and post-intervention (t2), with follow-up surveys at 4 weeks, 6 months, and 12 months. Motor abilities were assessed for maximal grip strength, strength capacity of the upper and lower extremities, motor reaction ability, lower body flexibility, and cardiovascular fitness. Motives of sport, psychosocial well-being and sustainability were assessed via questionnaires. Nonparametric Brunner-Langer model, a mixed ANOVA and post hoc tests were used to compare intervention and control group (n = 32; 65.63 +/- 3.63 years, 69% female) across the measurement time points t0-t2. Significant improvements with moderate effects for time*group were found in lower-limb strength [30s-chair-stand: chi(2)(1.84) = 5.127, p < .001, Delta RTE = .150] and cardiovascular fitness for within-group effects (PWC130: p = .017, & fnof; = .25), and also small within-group effects of the intervention group for muscular endurance (biceps curl: p < .001, r = .06), motor reaction (drop-bar: p = .040, r = .03), flexibility (sit-&-reach: r = .03), with sex-specific advantages for women in endurance gains. Participants reported higher subjective well-being, increased social activity (40%) and positive feedback from their social environment. Sustainability was high: 97% of participants continued regular training after the intervention, 77% joined local sports clubs, and after 12 months, this proportion increased to 87% membership. The low-threshold, socially embedded, and gender-sensitive exercise program improve functional fitness, psychosocial well-being, and long-term adherence in previously inactive older adults, supporting active aging and providing a model for scalable community-based interventions.",wos,llm,1.000,unreviewed,,doi:10.3389/fspor.2026.1702331
discarded,Attention-driven color balance and fusion algorithm in category-specific underwater image and video enhancement,"Sadiq, Bashir Olaniyi; Buhari, Mohammed Dahiru; Kunya, Abdullahi Bala; Sani, Bashir Halliru; Olayinka, Zakariyya Sikiru; Obi, Elvis",2025,DISCOVER APPLIED SCIENCES,10.1007/s42452-025-08075-x,https://www.webofscience.com/wos/woscc/full-record/WOS:001666670900002,off-topic-false-hit,"Underwater imagery is critical for marine biology, oceanography, and underwater exploration, yet it suffers from challenges like color casts, low contrast, and haze due to light absorption and scattering. This paper proposes an innovative attention-driven color balance and fusion algorithm for category-specific underwater image and video enhancement, implemented as a standalone application. The method addresses diverse underwater conditions such as bluish hazy, greenish hazy, low-light bluish, and low-light greenish by classifying scenes based on dominant color and brightness. It integrates a dark channel prior (DCP) for dehazing, category-adaptive white balance, and attention-guided multi-scale fusion to restore clarity, color fidelity, and detail. The attention mechanism prioritizes salient regions, such as marine life or divers, ensuring enhanced visibility of critical features. The pipeline includes preprocessing, dehazing, color compensation, gamma correction, sharpening, and attention-guided fusion using Gaussian and Laplacian pyramids. Evaluated on Underwater Image Enhancement Benchmark Dataset (UIEB) and Enhancing Underwater Visual Perception (EUVP) datasets and real-time video from the Underwater Object Tracking (UOT32) dataset, the algorithm achieves good performance with average PSNR value ranging from 45dB, average FSIM scores of 0.99, and UIQM scores from 0.8276 to 1.0197. A user-friendly Graphical User Interface (GUI) application was also developed based on the technique that enables seamless image and video processing, displaying enhanced outputs alongside metrics. This approach offers a robust, real-time solution for underwater visual enhancement, adaptable to varied aquatic environments, with applications in marine research, archaeology, and filmmaking. The standalone application ensures practical deployment in real-world scenarios, advancing underwater imaging technology. The program and application will be available at https://github.com/bosadiq.",wos,llm,1.000,unreviewed,,doi:10.1007/s42452-025-08075-x
discarded,The development of the Human Health Exposure Analysis Resource (HHEAR) Data Repository for environmental epidemiology research,"Stingone, Jeanette A.; Bengoa, Sofia; Valle, Carolina; Masters, James; Cadenhead, Tyrone; Rabin, Alona; Pinheiro, Paulo; Bixby, Moira; Mazzella, Matthew; Spear, Emily; Santos, Henrique; Gennings, Chris; Mcguinness, Deborah; Kovatch, Patricia; Mervish, Nancy; Teitelbaum, Susan L.",2026,ENVIRONMENT INTERNATIONAL,10.1016/j.envint.2025.109967,https://www.webofscience.com/wos/woscc/full-record/WOS:001637304700001,off-topic-false-hit,"Implementation of the exposome paradigm is a critical aspect of the next generation of environmental health research studies. To spur exposomics research, the U.S.-based Human Health Exposure Analysis Resource (HHEAR) provided scientific investigators access to both laboratory and statistical analyses aimed at incorporating and expanding the breadth of biological markers of environmental exposures within their research. To extend the benefits of this program to the broader scientific community, the HHEAR Data Center established a public data repository to facilitate pooling and sharing of data generated by the HHEAR program. All HHEAR investigators deposited epidemiologic data on study participants, to accompany the biomarkers of exposure generated by the HHEAR laboratories. The latest semantic technologies are used to efficiently conduct data standardization across studies and promote data sharing by aligning the repository with the FAIR (Findable, Accessible, Interoperable, Reusable) data principles. This includes standardizing individual study data to a common ontology and representing data within a knowledge graph. A clear user interface enables search, construction, and download of customized datasets and maintenance of provenance through use of digital object identifiers. The repository will eventually contain information from 35,989 individuals across 55 environmental health studies, including data on biomarkers of environmental exposures, sociodemographics, health outcomes, and physical and mental assessments. All data are freely downloadable for reuse after a brief application for data access. Designed to support cutting-edge research and education, the HHEAR Data Repository provides a rich, harmonized resource of exposure biomarkers and corresponding health data from diverse study populations.",wos,llm,1.000,unreviewed,,doi:10.1016/j.envint.2025.109967
discarded,Large-amplitude variability driven by giant dust storms on a planetary-mass companion,"Tan, Xianyu; Zhang, Xi; Marley, Mark S.; Zhou, Yifan; Lew, Ben W. P.; Miles, Brittany E.; Batalha, Natasha E.; Biller, Beth A.; Chauvin, Gael; Hinkley, Sasha; Hoch, Kielan K. W.; Manjavacas, Elena; Metchev, Stanimir; Petrus, Simon; Rickman, Emily; Skemer, Andrew; Suarez, Genaro; Sutlieff, Ben J.; Vos, Johanna M.; Whiteford, Niall",2025,SCIENCE ADVANCES,10.1126/sciadv.adv3324,https://www.webofscience.com/wos/woscc/full-record/WOS:001625810100007,off-topic-false-hit,"Large-amplitude variations are commonly observed in the atmospheres of directly imaged exoplanets and brown dwarfs. VHS 1256B, the most variable known planet-mass object, exhibits a near-infrared flux change of nearly 40%, with red color and silicate features revealed in recent JWST spectra, challenging current theories. Using a general circulation model, we demonstrate that VHS 1256B's atmosphere is dominated by planetary-scale dust storms persisting for tens of days, with large patchy clouds propagating with equatorial waves. This weather pattern, distinct from the banded structures seen on solar system giants, simultaneously explains the observed spectra and critical features in the rotational light curves, including the large amplitude, irregular evolution, and wavelength dependence, as well as the variability trends observed in near-infrared color-magnitude diagrams of dusty substellar atmospheres.",wos,llm,1.000,unreviewed,,doi:10.1126/sciadv.adv3324
discarded,Tree-Structured Task Allocation for Audit Team With Sequential and Parallel Execution via E-CARGO Model,"Wang, Tianxing; Zuo, Jintong; Zhu, Haibin; Huang, Bing",2026,IEEE TRANSACTIONS ON COMPUTATIONAL SOCIAL SYSTEMS,10.1109/TCSS.2025.3605409,https://www.webofscience.com/wos/woscc/full-record/WOS:001591736100001,off-topic-false-hit,"Task allocation is a critical aspect of teamwork, especially in complex projects such as auditing. In audit task allocation, collaboration among team members is essential, as the success of the project depends not only on individual expertise but also on efficient teamwork. This process is closely related to the GMRA problem, a complex optimization challenge. This study tackles the challenges of task allocation in phased tasks and multitasking within auditing. We propose a sequential and parallel assignment method based on tree-structured tasks, formalized as the TSTA(sp) problem. Through both theoretical and experimental analyses, we demonstrate its feasibility and effectiveness. Additionally, we introduce improvements using the Gurobi solver and validate their impact. The results show significant optimization in audit task allocation.",wos,llm,1.000,unreviewed,,doi:10.1109/tcss.2025.3605409
