status,title,authors,year,venue,doi,url,tags,abstract,provider,decision_source,llm_confidence,llm_review_outcome,llm_change_direction,paper_id
discarded,"'A Gender for Change' Cycles of Women's Penal Reform and Reconfigurations of Anti-Prison Resistance in Victoria, Australia","Carlton, Bree; Russell, Emma",2015,CHAMP PENAL-PENAL FIELD,10.4000/champpenal.9103,https://www.webofscience.com/wos/woscc/full-record/WOS:000420744000004,off-topic-false-hit,"This article presents an exploratory analysis of the interface between penal reform programs and localized abolitionist and anti-discrimination campaigns focused on women's imprisonment in Victoria, Australia. Through a genealogical approach, we document mutual engagements (and disengagements) arising between state agents and anti-prison activists. From the late 1970s through to more recent gender responsive justice initiatives, we suggest that penal reform repeatedly emerges in response to harmful and discriminatory practices evidenced in the state's treatment of criminalized women. We therefore provide an abolitionist critique of penal reform as it interacts with anti-prison activism. Building upon and complicating Thomas Mathiesen's (2000) conception of 'neutralization techniques', we document how abolitionist activists adapt and respond to changing conditions in the administration of gendered punishment. This indicates that state attempts to suppress protest and divert system change can actually produce new forms of resistance. Unique histories of abolition politics and penal reform in Victoria reflect a dynamic relationship dependent on a series of shifting political, social, and historical forces.",wos,llm,1.000,unreviewed,,doi:10.4000/champpenal.9103
discarded,"Pregnancy-specific anxiety, ART conception and infant temperament at 4 months post-partum","McMahon, C. A.; Boivin, J.; Gibson, F. L.; Hammarberg, K.; Wynter, K.; Saunders, D.; Fisher, J.",2013,HUMAN REPRODUCTION,10.1093/humrep/det029,https://www.webofscience.com/wos/woscc/full-record/WOS:000316698800018,off-topic-false-hit,"Is anxiety focused on the pregnancy outcome, known to be particularly salient in women conceiving through assisted reproductive technology (ART), related to difficult infant temperament?

While trait anxiety predicts infant temperament, pregnancy-focused anxiety is not associated with more difficult infant temperament.

A large body of research has provided convincing evidence that fetal exposure to maternal anxiety and stress in pregnancy has adverse consequences for child neurodevelopmental, behavioural and cognitive development, and that pregnancy-specific anxiety (concerns related to the pregnancy outcome and birth) may be of particular significance. Women conceiving through ART are of particular interest in this regard. Research over more than 20 years has consistently demonstrated that while they do not differ from spontaneously conceiving (SC) women with respect to general (state and trait) anxiety, they typically report higher pregnancy-specific anxiety. While research suggests normal behavioural and developmental outcomes for children conceived through ART, there is some evidence of more unsettled infant behaviour during the first post-natal year.

The longitudinal cohort design followed 562 nulliparous women over a 7-month period, during the third trimester of pregnancy and at 4 months after birth.

Approximately equal numbers of nulliparous women conceiving through ART (n 250) and spontaneously (SC: n 262) were recruited through ART clinics and nearby hospitals in Melbourne and Sydney, Australia. Participants completed three anxiety measures (state, trait, pregnancy specific) at time 1 in the third trimester of pregnancy and a measure of infant temperament at time 2, 4 months after birth. At time 1, relevant socio-demographic, pregnancy (maternal age, smoking, alcohol, medications, medical complications) information was recorded and at time 2, information regarding childbirth (gestation, infant birthweight, mode of delivery) and post-natal (concurrent mood) variables was recorded and controlled for in analyses.

In the third trimester of pregnancy, women conceiving through ART reported lower state and trait anxiety, but higher pregnancy-focused anxiety than their SC counterparts (all Ps 0.05). Hierarchical regression analyses including mode of conception, all anxiety variables and relevant covariates indicated that while trait anxiety in pregnancy predicted more difficult infant temperament (P 0.001), pregnancy specific and state anxiety did not. Mode of conception predicted infant temperament; with ART women reporting less difficult infant temperament (P 0.001) than their SC counterparts.

The major limitations in the study are the reliance on a self-report measure of infant temperament and the fact that the study did not assess quality of caregiving which may moderate the effect of pregnancy anxiety on infant temperament.

This study is the first to our knowledge to prospectively examine the impact of gestational stress (pregnancy anxiety) on infant temperament in women conceiving through ART. Findings confirm existing research indicating that trait anxiety in pregnancy is associated with difficult infant temperament and suggest that pregnancy-specific anxiety (measured in the third trimester) is not implicated. These findings are reassuring for women conceiving through ART whose pregnancies may be characterized by particularly intense concerns about the wellbeing of a long sought after baby.

The study was funded by a grant from the Australian Research Council (ARC) and in kind and financial contributions from IVF Australia and Melbourne.

N/A.",wos,llm,1.000,unreviewed,,doi:10.1093/humrep/det029
discarded,Undergraduate Research Projects using Microfluidic Devices,"Husanu, Irina Nicoleta Ciohanescu; Belu, Radian G.; Kirby, Patrick Lee; Gillander, Justin Bryan",2013,2013 ASEE ANNUAL CONFERENCE,,https://www.webofscience.com/wos/woscc/full-record/WOS:000375256305054,off-topic-false-hit,"In order for students to enhance their understanding of engineering concepts, hands-on experience proves essential. Especially when the topic of interest involves heat transfer, fluid dynamics or both, it becomes very difficult for students to obtain a hands-on experience due to the nature of and the costs associated with the experimental apparatus. Incorporating the design component in undergraduate engineering education has been an immediate and pressing concern for educators, professional societies, industrial employers and agencies concerned with national productivity and competitiveness. Student-led projects as required components of course curriculum add tremendous value to science and engineering education. The design experience through project work develops the students' lifelong learning skills, self-evaluations, self-discovery, and peer instruction in the design's creation, critique, and justification, providing them with several learning opportunities that cannot be taught in a class or laboratory. Cost and space issues can be addressed by the current trend in engineering for miniaturization and microscale systems, systems that can be readily designed and prototyped by students.

This paper discusses the development and implementation and educational outcome assessment of two student projects using micro fluidic devices, involving a number of junior and senior undergraduate students at our engineering technology program. The goal of the design projects is to explore and enhance students understanding of the fundamental engineering principles, and hands-on demonstration of system prototyping. Here we report two micro-fluidic projects which explore the principles of heat transfer as well as mixing phenomena with potentially obtaining a turbulent flow in a micro fluidic device.

The first project incorporates a micro-heat exchanger, mimicking a plate and tube heat exchanger. Students explored the heat transfer phenomena and the temperature dependence over time. The data were acquired and monitored using temperature and pressure digital sensors and a LabVIEW VI interface. This project was used as experimental set-up for further enhancement of laboratory activities for ET courses related to heat transfer, measurement and instrumentation and fluid mechanics. The second project one is a piezo-micro-fluidic micro-mixing device, with the primary mixer being a pump, which will generate adequate mixing in micro fluidic channels.",wos,llm,0.990,unreviewed,,hash:472e9282dfb7d427
discarded,Effective biomass integration into existing combustion plant,"Tous, Michal; Pavlas, Martin; Stehlik, Petr; Popela, Pavel",2010,"PRES 2010: 13TH INTERNATIONAL CONFERENCE ON PROCESS INTEGRATION, MODELLING AND OPTIMISATION FOR ENERGY SAVING AND POLLUTION REDUCTION",10.3303/CET1021068,https://www.webofscience.com/wos/woscc/full-record/WOS:000286978600068,off-topic-false-hit,"Fossil fuels such as coal still dominate in current energy production plants. However due to large carbon footprint, rising prices and unclear availability of fossil fuels, increasing interest in renewable and alternative fuels is observable. The optimization approach introduced in this paper supports sustainable biomass-based fuels integration into existing large energy system. The plant involved in the case study produces approximately 3400 TJ of heat and 460 GWh of power per annum. It secures delivery of heat to residential areas, public institutions and industrial enterprises. There are three boilers installed in the boiler house and two of them are fired by coal and biomass. By implementing mid-term operation planning (one year, time step of one month) procedure the conditions for effective biomass utilization are identified first (optimum amount of fuels burned in every boiler with maximum profit with respect to export limitation).

The plant model was built using real operation data and therefore is supposed to be as close to real plant as possible. A limited resource of various types of biomass over a year represents typical inventory type constraints and makes the problem multi-period. Since some of the transformation functions (e. g. input-output model of boiler and turbine) in the model are nonlinear, it is non-linear programming problem (NLP). The model is implemented in GAMS (General Algebraic Modeling System) optimization tool and solved using included solvers for NLP problems (MINOS, CONOPT). Excel interface was developed for user-friendly and comfortable work with GAMS and better result presentation. Sensitivity analysis of parameters such as fuel prices, etc. is performed and results are presented and discussed.",wos,llm,1.000,unreviewed,,doi:10.3303/cet1021068
discarded,"'Virtual conceptual necessity', feature-dissociation and the Saussurian legacy in generative grammar","Burton-Roberts, Noel; Poole, Geoffrey",2006,JOURNAL OF LINGUISTICS,10.1017/S0022226706004208,https://www.webofscience.com/wos/woscc/full-record/WOS:000242438500003,off-topic-false-hit,"This paper is a critique of two foundational assumptions of generative work culminating in the Minimalist Program: the assumption that, as a matter of conceptual necessity, language has a 'double-interface property' and the related assumption that phonology has a realizational function with respect to syntax-semantics. The issues are broached through a critique of Holmberg's (2000) analysis of Stylistic Fronting in Icelandic. We show that, although empirically motivated, and although based on the double-interface assumption, this analysis is incompatible with that assumption and with the notion of (phonological) realization. Independently of Stylistic Fronting, we argue that the double-interface assumption is a problematic legacy of Saussure's conception of the linguistic sign and that, conceptually, it is neither explanatory nor necessary. The Representational Hypothesis (e.g. Burton-Roberts 2000) develops a Peircian conception of the relation between sound and meaning that breaks with the Saussurian tradition, though in a way consistent with minimalist goals. Other superficially similar approaches (Lexeme-Morpheme Base Morphology, Distributed Morphology, Jackendoff's Parallel Architecture) are discussed; it is argued that they, too, perpetuate aspects of Saussurian thought.",wos,llm,1.000,unreviewed,,doi:10.1017/s0022226706004208
discarded,DEVELOPMENT OF AN OBJECT-ORIENTED SIMULATOR FOR MATERIAL HANDLING-SYSTEM DESIGN,"DROLET, JR; MOREAU, M",1992,COMPUTERS & INDUSTRIAL ENGINEERING,,https://www.webofscience.com/wos/woscc/full-record/WOS:A1992KA10500061,adjacent-subtopic,"Simulation is perhaps the best way to study any nontrivial real world material handling system. But approachs offered in most conventional simulation languages, discrete event simulation, network simulation and continuous simulation lack a natural way of simulation modeling. It is believed that object-oriented simulation may overcome the intrinsic limitations of conventional simulation languages. Object-oriented Simulation (OOS) provides a more natural way of modeling complex phenomenon and a higher productivity during the incremental phases of development but it is not a panacea.

In this paper, the authors relate their experience with SmallTalk-80, an object-oriented language which gained popularity in the last few years. More specifically, the article begins with a few historical developments that lead to object-oriented programming.         We will also present some characteristics of an object-oriented simulation product specialized in material handling system design that is currently under development. The product called CAD/MHS (Computed Aided Design for Material Handling Systems) is in its early phase of development but it is already very promising. CAD/MHS is being written in SmallTalk-80 on a Sun SparkStation, it features windowing capabilities, integrated graphics and code portability, three fundamental aspects that are considered essential in todays very fast changing market, We will also discuss the ergonomically designed interface and some of its components. The modeling aspect of certain material handling devices, the potential of such an environment and future developments to be included wilt also be discussed.",wos,llm,0.980,unreviewed,,hash:ee54e22675c1221f
discarded,Paternal DHA supplementation before conception shapes offspring lipid metabolism in a sex- and postnatal diet-dependent manner,D.D. Quynh,2026,Nutrition Research,10.1016/j.nutres.2026.08.003,https://www.scopus.com/inward/record.uri?partnerID=HzOxMe3b&scp=105050391078&origin=inward,off-topic-false-hit,"Paternal obesity results in altered metabolic health and cognitive dysfunction in the offspring. Docosahexaenoic acid (DHA) supplementation has been reported to improve metabolic inflammation, insulin sensitivity, and sperm quality. This study investigated whether paternal DHA supplementation in healthy male rats could prevent metabolic dysfunction induced by a high-calorie diet in their offspring, with a special focus on liver lipid metabolism and sex-specific outcomes. Male Wistar rats received daily saline or DHA-rich fish oil by oral gavage from weaning to adulthood before mating with untreated females. Offspring were then fed either a standard diet or exposed to a free-choice high-fat, high-sugar (FcHFHS) diet. Supplementation with DHA did not alter body weight, circulating lipid profiles, or glucose concentration in the founder males. In offspring, FcHFHS diet feeding induced increased body weight and adiposity in both sexes regardless of paternal DHA supplementation. However, female offspring exhibited greater susceptibility than males to FcHFHS diet-induced dyslipidemia and liver triglyceride accumulation, together with altered hepatic expression of genes involved in lipogenesis and lipid export. Three-way ANOVA analyses revealed that sex and postnatal diet were the primary determinants of these gene expression changes, as well as strong interaction effects between sex and paternal DHA supplementation for key lipogenic genes, including GPAM, SCD1, and FAS. These results show that paternal DHA supplementation did not protect offspring from obesity or metabolic dysfunction. Instead, it induced sex- and diet-dependent programming effects of lipid metabolism driven by strong interactive influences of paternal diet, offspring sex, and postnatal nutritional environment.",scopus,llm,1.000,unreviewed,,doi:10.1016/j.nutres.2026.08.003
discarded,The impact of pregestational stress on neurodevelopment: Implications for autism spectrum disorder and attention-deficit/hyperactivity disorder,S. Ahmadian-Moghadam,2026,Journal of Physiology,10.1113/JP290693,https://www.scopus.com/inward/record.uri?partnerID=HzOxMe3b&scp=105040506788&origin=inward,off-topic-false-hit,"Emerging evidence indicates that stress experienced by parents before conception can influence offspring neurodevelopment through enduring neuroendocrine and epigenetic mechanisms. This review addresses the central question of how pregestational stress (PGS) might alter developmental trajectories and increase vulnerability to autism spectrum disorder (ASD) and attention‐deficit/hyperactivity disorder (ADHD). We examined human and animal studies investigating the effects of PGS on germline epigenetic regulation, GABAergic signalling maturation and hypothalamic–pituitary–adrenal axis programming. We synthesized key findings using a narrative review approach, integrating mechanistic data, developmental neurobiology and evidence for transgenerational inheritance, and we summarized the converging results in a conceptual figure and comprehensive table. The findings indicate that PGS can disrupt germline DNA methylation patterns, alter early GABA system development and shift hypothalamic–pituitary–adrenal axis responsivity, thereby influencing fetal brain maturation and increasing the risk for ASD‐ and ADHD‐related phenotypes. Additional evidence highlights that PGS might exert effects comparable to prenatal stress exposure, suggesting an overlooked but physiologically meaningful window of vulnerability. The conclusions emphasize that PGS represents a novel and under‐recognized factor contributing to neurodevelopmental risk and that its mechanistic pathways offer new insight into how early‐life vulnerability might begin even prior to pregnancy. The take‐home message is that parental stress reduction and preconception health optimization might serve as promising strategies to mitigate intergenerational neurodevelopmental risk. The wider context underscores the broader physiological significance of PGS and raises important questions regarding the reversibility of epigenetic alterations, the timing and type of stressors most critical, and potential interventions to enhance resilience across generations.",scopus,llm,1.000,unreviewed,,doi:10.1113/jp290693
discarded,Teaching Data Science without the Programming Barrier: Design and Evaluation of an Integrated Learning Platform,X. Liu,2026,Iticse 2026 Proceedings of the 31st ACM Conference on Innovation and Technology in Computer Science Education V 1,10.1145/3803400.3809345,https://www.scopus.com/inward/record.uri?partnerID=HzOxMe3b&scp=105045589465&origin=inward,adjacent-subtopic,"Although data science has become an essential skill across disciplines, teaching data science topics often relies on programming-intensive tools that pose significant barriers for students from non-computing backgrounds and for instructors with limited coding expertise. To address this, we present DSLP, an integrated, web-based learning environment designed to support hands-on data science education without requiring students to write code, while still preserving authentic end-to-end workflows. Serving as a middleware over widely used Python and R libraries, DSLP supports core data science tasks through modular interfaces and provides tiered learning support ranging from guided interaction to exploratory coding. We describe the design principles and system architecture of DSLP and illustrate its use through representative lab assignments. We evaluate the platform through classroom deployment in a data science course for non-computing majors, using survey responses from 93 students. Results indicate that DSLP improves students' understanding of data science concepts, supports skill transfer, and is broadly accessible across diverse programming backgrounds.",scopus,llm,0.980,unreviewed,,doi:10.1145/3803400.3809345
