status,title,authors,year,venue,doi,url,tags,abstract,provider,decision_source,llm_confidence,llm_review_outcome,llm_change_direction,paper_id
discarded,BrokenSleep: Remote Power Timing Attack Exploiting Processor Idle States,"Kim, Hyosang; Kang, Ki-Dong; Park, Gyeongseo; Lee, Seungkyu; Kim, Daehoon",2025,"2025 IEEE INTERNATIONAL SYMPOSIUM ON HIGH PERFORMANCE COMPUTER ARCHITECTURE, HPCA",10.1109/HPCA61900.2025.00040,https://www.webofscience.com/wos/woscc/full-record/WOS:001494383800032,off-topic-false-hit,"Power and energy consumption emerge as critical aspects in computing systems, spanning from mobile devices to data-center servers. Modern processors typically support idle states (i.e., C-states), which deactivate specific hardware components, in addition to offering multiple voltage and frequency states (i.e., P-states). While C-states can significantly reduce static power when processor cores are idle, a notable security vulnerability arises due to differences in wake-up latency among various C-states when the processor cores become active again. This paper proposes a security vulnerability arising from processor idle state management, called BrokenSleep, which exploits the aforementioned wake-up latency differences to create covert and side-channel between computing nodes connected via an external network. This study presents the first remote timing attack based on power management, overcoming the limitations of previous research that required the co-location of attacker and victim applications on the same local machine. This advancement significantly extends the range of existing remote timing attacks by integrating power-related factors. Regardless of the computing system types, our experiments demonstrate that an attacker can transfer data to remote machines without direct network access and deduce the keystroke timing. This vulnerability is not confined to a single processor architecture; it affects processors designed by both Intel and ARM, indicating a widespread potential risk across different hardware platforms.",wos,llm,1.000,unreviewed,,doi:10.1109/hpca61900.2025.00040
discarded,A New Aortic Valve Calcium Scoring Framework for Automatic Calcification Detection in Echocardiography,"Cakir, Mervenur; Kablan, Elif Baykal; Ekinci, Murat; Sahin, Mursel",2026,JOURNAL OF IMAGING INFORMATICS IN MEDICINE,10.1007/s10278-025-01576-6,https://www.webofscience.com/wos/woscc/full-record/WOS:001516894100001,off-topic-false-hit,"Aortic valve calcium scoring is an essential tool for diagnosing, treating, monitoring, and assessing the risk of aortic stenosis. The current gold standard for determining the aortic valve calcium score is computed tomography (CT). However, CT is costly and exposes patients to ionizing radiation, making it less ideal for frequent monitoring. Echocardiography, a safer and more affordable alternative that avoids radiation, is more widely accessible, but its variability between and within experts leads to subjective interpretations. Given these limitations, there is a clear need for an automated, objective method to measure the aortic valve calcium score from echocardiography, which could reduce costs and improve patient safety. In this paper, we first employ the YOLOv5 method to detect the region of interest in the aorta within echocardiography images. Building on this, we propose a novel approach that combines UNet and diffusion model architectures to segment calcified areas within the identified region, forming the foundation for automated aortic valve calcium scoring. This architecture leverages UNet's localization capabilities and the diffusion model's strengths in capturing fine-grained structures, enhancing both segmentation accuracy and consistency. The proposed method achieves 85.08% precision, 80.01% recall, and 71.13% Dice score on a novel dataset comprising 160 echocardiography images from 86 distinct patients. This system enables cardiologists to focus more on critical aspects of diagnosis by providing a faster, more objective, and cost-effective method for aortic valve calcium scoring and eliminating the risk of radiation exposure.",wos,llm,1.000,unreviewed,,doi:10.1007/s10278-025-01576-6
discarded,Interview Iterations and Improvements for Identifying Intermediate Computer Science Threshold Concepts,"Mackay, Sean; McSkimming, Brian; Decker, Adrienne",2024,"2024 IEEE FRONTIERS IN EDUCATION CONFERENCE, FIE",10.1109/FIE61694.2024.10893570,https://www.webofscience.com/wos/woscc/full-record/WOS:001447128100610,adjacent-subtopic,"WIP Research Paper: Identifying the Threshold Concepts within a discipline illuminates the key concepts or components within the curriculum. Once students have overcome the barrier of learning these concepts, they often will be better able to identify as members of that community, and understanding a threshold concept opens the door to learning additional concepts. Within computer science, there has been much debate over what concepts could potentially be threshold concepts. Meyer and Land originally defined threshold concepts as resulting in an individual being placed into a state of uncertainty or liminality, and successfully traversing this liminal state results in a transformation of the individual with potential feelings of accomplishment. While there has been some work attempting to identify threshold concepts within the first year or beginning stages of programming, little work has considered the intermediate years (years 2 and 3) of university study and what potential threshold concepts exist during this time period. Our goal with this work is to help address this gap that exists by answering the following research question: What do intermediate students identify as being troublesome and/or 'uncomfortable to learn' within their computer science coursework?""

A first cohort of participants were interviewed in late 2022 and coding began in the first quarter of 2023. The coding of these interviews proved challenging. The students who were interviewed often did not give enough information about a concept for the coders to identify whether the concepts had the key characteristics of threshold concepts. It was considered and accepted that the original interview protocol was not supporting the participants well in eliciting the types of information needed to identify a concept as threshold. The interview protocol was redesigned, and new interviews commenced. The work presented here is a continued discussion of the initial findings and the subsequent change in interview protocol, with the primary improvement being an inclusion of concept mapping. Concept maps, or a graphical representation of the interrelationship of topics and ideas, coupled with an intentional simplification of associated terminology, are expected to reduce cognitive load as participants reflect on their learning experiences. Interviews with the revised protocol including concept maps have been more engaging and productive in identifying potential threshold concepts within the intermediate computer science curricula.",wos,llm,0.880,unreviewed,,doi:10.1109/fie61694.2024.10893570
discarded,WIP: Supporting Student Understanding of Finite Element Analysis and Computational Science: Classroom Scaffolding and ChatGPT,"De la Hoz, Jose L.; Restrepo, David; Vieira, Camilo",2024,"2024 IEEE FRONTIERS IN EDUCATION CONFERENCE, FIE",10.1109/FIE61694.2024.10893514,https://www.webofscience.com/wos/woscc/full-record/WOS:001447128100556,adjacent-subtopic,"This work-in-progress research paper presents the preliminary results of a study exploring the effectiveness of using computational notebooks to enhance student learning in a Finite Element Analysis (FEA) course for undergraduate Mechanical Engineering students. Our previous work has shown that students often face difficulties in grasping abstract concepts from mechanics of materials while simultaneously learning computational modeling. However, students recognized several advantages of using MATLAB for FEA compared to manual calculations, including significant time savings, increased efficiency, and reduced errors. Nevertheless, they also faced challenges, including a steep learning curve for MATLAB and concerns about how this limitation hinders their conceptual understanding. Despite these drawbacks, they recognized the importance and value of developing computational skills for their future careers. In this study, we extended the scaffolds and changed the sequence of activities to address the challenges the students faced in the previous iteration of our work. Specifically, we provided worked examples that students needed to use, self-explain, and modify before they engaged in programming from scratch. Also, after developing a basic understanding of how to implement FEA in MATLAB, the students used ChatGPT to generate a code that would do the same task. This activity required them to evaluate and refine automatically generated MATLAB code, as ChatGPT may provide alternative solutions that might not always work correctly. We explore three main topics to understand student experiences with and perceptions of this approach: (1) the value of using computational methods compared to manual completion for FEA; (2) the challenges and support of using MATLAB for FEA; and (3) the effectiveness of simulation tools to learn FEA. The goal of this project is twofold: (1) supporting student learning of intricate phenomena explored in mechanics of materials, like distribution of stress, and stiffness, and (2) fostering essential computational thinking skills through practical disciplinary coding experience. By implementing these elements, the study anticipates a substantial improvement in students' understanding of FEA principles and their ability to translate them into solutions for real-world engineering challenges.",wos,llm,0.980,unreviewed,,doi:10.1109/fie61694.2024.10893514
discarded,Analysis of Surface Roughness and Machine Learning-Based Modeling in Dry Turning of Super Duplex Stainless Steel Using Textured Tools,"Pawanr, Shailendra; Gupta, Kapil",2025,TECHNOLOGIES,10.3390/technologies13060243,https://www.webofscience.com/wos/woscc/full-record/WOS:001514654800001,off-topic-false-hit,"One of the most critical aspects of turning, and machining in general, is the surface roughness of the finished product, which directly influences the performance, functionality, and longevity of machined components. The accurate prediction of surface roughness is vital for enhancing component quality and machining efficiency. This study presents a machine learning-driven framework for modeling mean roughness depth (Rz) during the dry machining of super duplex stainless steel (SDSS 2507). SDSS 2507 is known for its exceptional mechanical strength and corrosion resistance, but it poses significant challenges in machinability. To address this, this study employs flank-face textured cutting tools to enhance machining performance. Experiments were designed using the L27 orthogonal array with three continuous factors, cutting speed, feed rate, and depth of cut, and one categorical factor, tool texture type (dimple, groove, and wave), along with surface roughness as an output parameter. Gaussian Data Augmentation (GDA) was employed to enrich data variability and strengthen model generalization, resulting in the improved predictive performance of the machine learning models. MATLAB R2021a was employed for preprocessing, the normalization of datasets, and model development. Two models, Least-Squares Support Vector Machine (LSSVM) and Multi-Gene Genetic Programming (MGGP), were trained and evaluated on various statistical metrics. The results showed that both LSSVM and MGGP models learned well from the training data and accurately predicted Rz on the testing data, demonstrating their reliability and strong performance. Of the two models, LSSVM demonstrated superior performance, achieving a training accuracy of 98.14%, a coefficient of determination (R2) of 0.9959, and a root mean squared error (RMSE) of 0.1528. It also maintained strong generalization on the testing data, with 94.36% accuracy and 0.9391 R2 and 0.6730 RMSE values. The high predictive accuracy of the LSSVM model highlights its potential for identifying optimal machining parameters and integrating into intelligent process control systems to enhance surface quality and efficiency in the complex machining of materials like SDSS.",wos,llm,1.000,unreviewed,,doi:10.3390/technologies13060243
discarded,Fundamental Limits to Exploiting Side Information for CSI Feedback in Wireless Systems,"Kim, Heasung; de Veciana, Gustavo; Kim, Hyeji",2025,IEEE JOURNAL ON SELECTED AREAS IN COMMUNICATIONS,10.1109/JSAC.2025.3559165,https://www.webofscience.com/wos/woscc/full-record/WOS:001511604800005,off-topic-false-hit,"In modern wireless systems, the feedback of DownLink (DL) Channel State Information (CSI) from User Equipment (UE) to Base Stations (BS) may require substantial computational and feedback bandwidth overheads. A promising approach to improve feedback efficiency is to leverage side information which is correlated to DL CSI. Despite potential of doing so, critical aspects remain underexplored in current research, particularly the quantification of the benefits and the inherent limitations of utilizing side information. This paper addresses these gaps by introducing a novel algorithm to compute the rate-distortion function for general compression scenarios incorporating side information. We apply this algorithm to the DL CSI feedback problem having UL CSI as the side information and generate rate-distortion functions. Using the estimated rate-distortion functions, we measure the gain of side information over diverse feedback rates and UE mobility profiles. The results reveal that the benefits of leveraging side information are particularly significant for UEs characterized by high mobility and constrained to operate at low feedback overheads.",wos,llm,1.000,unreviewed,,doi:10.1109/jsac.2025.3559165
discarded,Revolutionizing Nonvolatile Memory: Advances and Future Prospects of 2D Floating-Gate Technology,"Shi, Junjie; Liu, Zhewei; Wei, Jie; Azam, Ashraful; Lin, Chun-Ho; Liu, Yang; Li, Sean",2025,ACS NANO,10.1021/acsnano.5c02740,https://www.webofscience.com/wos/woscc/full-record/WOS:001507356400001,off-topic-false-hit,"Nonvolatile floating-gate memory is crucial for power-efficient and miniaturized next-generation computing but faces fundamental scaling limits in its traditional silicon-based architectures. This review explores two-dimensional (2D) materials as a revolutionary solution to overcome these constraints, redefining the future of nonvolatile memory. It provides a comprehensive analysis of the current landscape of 2D floating-gate memory research, seamlessly integrating foundational principles with cutting-edge materials and advanced device fabrication techniques. This work emphasizes the inherent trade-offs in designing these memory architectures within existing manufacturing constraints. A rigorous performance analysis benchmarks 2D floating-gate devices based on the existing understanding of their conventional counterparts, evaluating the key metrics, and demonstrating the significant advantages of 2D materials in this field. Furthermore, this review identifies key challenges that must be overcome in manufacturing technologies, spanning interface engineering, large-scale synthesis, and integration with industrial scalability. It underscores the need for high-throughput wafer-scale material growth, low-kappa interlayer materials, and scalable fabrication techniques, including 3D integration. Finally, it explores future potential aspects that could lead to breakthroughs beyond the current benchmarks, solidifying the critical role of 2D floating-gate memory in next-generation, high-performance, in-memory computing. By fostering these critical aspects, this review aims to drive transformative advancements in nonvolatile memory technology.",wos,llm,1.000,unreviewed,,doi:10.1021/acsnano.5c02740
discarded,"Reliability, Usability, and Face Validity of the Capacity Assessment Tool for Orthopedic Surgery (CAT-os) in Low- and Middle-Income Countries (LMICs): A Pilot Study","Tuyishime, Hubert; Jodah, Riasoya; Eppler, Sara L.; Shapiro, Lauren M.; Kamal, Robin N.",2025,WORLD JOURNAL OF SURGERY,10.1002/wjs.12636,https://www.webofscience.com/wos/woscc/full-record/WOS:001500869100001,off-topic-false-hit,"BackgroundTrauma injuries account for over 4.5 million deaths annually, with a disproportionately higher impact in low- and middle-income countries (LMICs). Enhancing surgical capacity in these regions is crucial. This pilot study evaluates the reliability, usability, and face validity of the Capacity Assessment Tool for orthopedic surgery (CAT-os), designed to facilitate surgical capacity building in LMICs.MethodsThe CAT-os was administered to 10 surgeons affiliated with the College of East, Central, and Southern African (COSECSA). We calculated the two-way random-effects model interrater reliability intraclass correlation coefficient (ICC) and assessed usability through the system usability scale (SUS), summarizing feedback with a mean CAT-os SUS score. Interviews and thematic analysis were conducted to assess the CAT-os validity in adequately measuring aspects of orthopedic capacity building in LMICs.ResultsTen surgeons representing seven countries participated in the study. The ICC for two raters evaluating the same local program was 0.971 (95% CI: 0.95-0.98), indicating excellent reliability. The mean SUS score was 70.0 (95% CI: 62.07-77.93), reflecting good usability. Participants' interview transcripts revealed themes consistent with the CAT-os effectiveness in measuring critical aspects of capacity building.ConclusionThe CAT-os demonstrated excellent reliability and good usability in assessing needs for capacity building in orthopedic surgery consistent with stakeholder perspectives on its comprehensiveness capturing domains of capacity building. These results support the CAT-os as a consistent and a practical tool for guiding surgical capacity building in LMICs.",wos,llm,1.000,unreviewed,,doi:10.1002/wjs.12636
discarded,TFDGiniXML: A Novel Explainable Machine Learning Framework for Early Detection of Cardiac Abnormalities Based on Nonlinear Time-Frequency Distribution Gini Index Features,"Aashiq, Mohamed; Hashim, Shaiful Jahari; Rokhani, Fakhrul Zaman; Hanafi, Marsyita; Hussein, Ahmed Faeq",2025,IEEE ACCESS,10.1109/ACCESS.2025.3566094,https://www.webofscience.com/wos/woscc/full-record/WOS:001494122600022,off-topic-false-hit,"Cardiovascular diseases (CVDs) are the leading cause of global death, with approximately 80% of such CVD mortalities occurring in low and middle-income regions. Early detection of cardiac abnormalities is essential for timely intervention and minimizing mortalities. Automated CVD detection methods are vital, particularly in areas with limited healthcare resources. However, most existing AI-based techniques lack three critical aspects: model interpretability, longer-duration analysis, and effective use of nonlinear time-frequency approaches, which are necessary for ECG signals due to their nonlinear, nonstationary, and multi-component nature. This study proposes explainable intelligent classifiers incorporated with a novel sequence of time-frequency energy Gini Index (GI) features from the QRS complexes of ECG signals to address these challenges and enable early-stage CVD detection. These features are extracted using the Choi-Williams Time-Frequency method, reporting the first instance application of GI measures to nonlinear time-frequency distribution (TFD) for ECG analysis. Features are computed from one-minute windows, covering 30 minutes of ECG recordings. These interpretable features provide clear insights into normal and abnormal ECG patterns. The proposed method was trained and validated using the MIT-BIH Arrhythmia and Fantasia-Normal databases. Eight machine learning classifiers, including SVM, Random Forest, XGBoost, Gaussian Na & iuml;ve Bayes, KNN, LinearBoost, CatBoost, and Logistic Regression were tested. The best model achieved 100% sensitivity, 94.4% accuracy, 95.24% F1-score, 90% precision, and 92.59% AUC on the test dataset. High sensitivity ensures reliability for medical screening by reducing False Negatives, making the approach suitable for integration into any type of smart device for accurate online and offline monitoring of CVD abnormalities.",wos,llm,1.000,unreviewed,,doi:10.1109/access.2025.3566094
