status,title,authors,year,venue,doi,url,tags,abstract,provider,decision_source,llm_confidence,llm_review_outcome,llm_change_direction
discarded,Surveying current research in object-oriented design,Rebecca Wirfs-Brock; Ralph E. Johnson,1990,Communications of the ACM,10.1145/83880.84526,https://openalex.org/W2039574476,adjacent-subtopic; ood-survey,"The state of object-oriented is evolving rapidly. This survey describes what are currently thought to be the key ideas. Although it is necessarily incomplete, it contains both academic and industrial efforts and describes work in both the United States and Europe. It ignores well-known ideas, like that of Coad and Meyer [34], in favor of less widely known projects. Research in object-oriented design can be divided many ways. Some research is focused on describing a design process. Some is focused on finding rules for good designs. A third approach is to build tools to support design. Most of the research described in this article does all three. We first present work from Alan Snyder at Hewlett-Packard on developing a common framework for object-oriented terminology. The goal of this effort is to develop and communicate a corporate-wide common language for specifying and communicating about objects. We next look into the research activity at Hewlett-Packard, led by Dennis de Champeaux. De Champeaux is developing a model for object-based analysis. His current research focuses on the use of a trigger-based model for inter-object communications and development of a top-down approach to analysis using ensembles. We then survey two research activities that prescribe the design process. Rebecca Wirfs-Brock from Tektronix has been developing an object-oriented design method that focuses on object responsibilities and collaborations. The method includes graphical tools for improving encapsulation and understanding patterns of object communication. Trygve Reenskaug at the Center for Industriforskning in Oslo, Norway has been developing an object-oriented design method that focuses on roles, synthesis, and structuring. The method, called Object-Oriented Role Analysis, Syntheses and Structuring, is based on first modeling small sub-problems, and then combining small models into larger ones in a controlled manner using both inheritance (synthesis) and run-time binding (structuring). We then present investigations by Ralph Johnson at the University of Illinois at Urbana-Champaign into object-oriented frameworks and the reuse of large-scale designs. A framework is a high-level design or application architecture and consists of a suite of classes that are specifically designed to be refined and used as a group. Past work has focused on describing frameworks and how they are developed. Current work includes the design of tools to make it easier to design frameworks. Finally, we present some results from the research group in object-oriented software engineering at Northeastern University, led by Karl Lieberherr. They have been working on object-oriented Computer Assisted Software Engineering (CASE) technology, called the Demeterm system, which generates language-specific class definitions from language-independent class dictionaries. The Demeter system include tools for checking design rules and for implementing a design.",openalex,llm,0.920,unreviewed,
discarded,Object-oriented concurrent programming,Trevor P. Hopkins,1988,Science of Computer Programming,10.1016/0167-6423(88)90056-1,https://openalex.org/W2326423856,adjacent-subtopic; concurrent-oop,,openalex,llm,0.880,unreviewed,
kept,A study of the fragile base class problem,Leonid Mikhajlov; Emil Sekerinski,1998,Lecture notes in computer science,10.1007/bfb0054099,https://openalex.org/W2131890917,supports-claim; fragile-base-class; inheritance-costs,,openalex,llm,0.970,unreviewed,
discarded,The ASTOOT approach to testing object-oriented programs,Roong-Ko Doong; Phyllis G. Frankl,1994,ACM Transactions on Software Engineering and Methodology,10.1145/192218.192221,https://openalex.org/W2170108788,adjacent-subtopic; oop-testing,"This article describes a new approach to the unit testing of object-oriented programs, a set of tools based on this approach, and two case studies. In this approach, each test case consists of a tuple of sequences of messages, along with tags indicating whether these sequences should put objects of the class under test into equivalent states and/or return objects that are in equivalent states. Tests are executed by sending the sequences to objects of the class under test, then invoking a user-supplied equivalence-checking mechanism. This approach allows for substantial automation of many aspects of testing, including test case generation, test driver generation, test execution, and test checking. Experimental prototypes of tools for test generation and test execution are described. The test generation tool requires the availability of an algebraic specification of the abstract data type being tested, but the test execution tool can be used when no formal specification is available. Using the test execution tools, case studies involving execution of tens of thousands of test cases, with various sequence lengths, parameters, and combinations of operations were performed. The relationships among likelihood of detecting an error and sequence length, range of parameters, and relative frequency of various operations were investigated for priority queue and sorted-list implementations having subtle errors. In each case, long sequences tended to be more likely to detect the error, provided that the range of parameters was sufficiently large and likelihood of detecting an error tended to increase up to a threshold value as the parameter range increased.",openalex,llm,0.950,unreviewed,
discarded,Design for testability in object-oriented systems,Robert V. Binder,1994,Communications of the ACM,10.1145/182987.184077,https://openalex.org/W1964497219,adjacent-subtopic; testability,Object-Oriented Systems estability is the relative ease and expense of revealing software faults. This article maps the testability terrain for object-oriented development to assist the reader in finding relatively shorter and cheaper paths to high reliability.,openalex,llm,0.940,unreviewed,
discarded,A parallel object-oriented language with inheritance and subtyping,Pierre America; Frank van der Linden,1990,,10.1145/97945.97966,https://openalex.org/W2036656026,adjacent-subtopic; parallel-language-design,"This paper shows that inheritance and subtyping can be introduced advantageously into a parallel object-oriented language, POOL-I. These concepts are clearly distinguished, because they deal with different aspects of programming. In this way several problems traditionally adhering to inheritance can be solved. The language POOL-I is a parallel object-oriented language with a strong typing scheme which includes genericity and dynamic binding. A novel and particularly powerful mechanism offers the possibility to manipulate and analyse types dynamically.",openalex,llm,0.840,unreviewed,
discarded,Object Oriented Modeling and Design,Gholam Ali Shaykhian,2007,NASA STI Repository (National Aeronautics and Space Administration),,https://openalex.org/W830068054,adjacent-subtopic; oop-modeling-teaching,"The Object Oriented Modeling and Design seminar is intended for software professionals and students, it covers the concepts and a language-independent graphical notation that can be used to analyze problem requirements, and design a solution to the problem. The seminar discusses the three kinds of object-oriented models class, state, and interaction. The class model represents the static structure of a system, the state model describes the aspects of a system that change over time as well as control behavior and the interaction model describes how objects collaborate to achieve overall results. Existing knowledge of object oriented programming may benefit the learning of modeling and good design. Specific expectations are: Create a class model, Read, recognize, and describe a class model, Describe association and link, Show abstract classes used with multiple inheritance, Explain metadata, reification and constraints, Group classes into a package, Read, recognize, and describe a state model, Explain states and transitions, Read, recognize, and describe interaction model, Explain Use cases and use case relationships, Show concurrency in activity diagram, Object interactions in sequence diagram.",openalex,llm,0.930,unreviewed,
discarded,Object-oriented finite element analysis,Bruce W.R. Forde; Ricardo O. Foschi; S. F. Stiemer,1990,Computers & Structures,10.1016/0045-7949(90)90261-y,https://openalex.org/W2011774250,adjacent-subtopic; finite-element-oo,,openalex,llm,0.770,unreviewed,
discarded,Tool support for object-oriented patterns,Gert Florijn; Marco Meijers; Pieter van Winsen,1997,Lecture notes in computer science,10.1007/bfb0053391,https://openalex.org/W1603994548,adjacent-subtopic; patterns-tool-support,,openalex,llm,0.880,unreviewed,
discarded,Updatable views in object-oriented databases,Marc H. Scholl; Christian Laasch; Markus Tresch,1991,Lecture notes in computer science,10.1007/3-540-55015-1_10,https://openalex.org/W2112691528,adjacent-subtopic; object-databases,,openalex,llm,0.970,unreviewed,
discarded,DEVELOPMENT OF A CLASS STORAGE REPOSITORY FOR OBJECT-ORIENTED SOFTWARE DEVELOPMENT TECHNOLOGIES,"Kungurtsev, O. B.; Novikova, N. O.; Buhaeva, I. G.; Vytnova, A. L.",2026,RADIO ELECTRONICS COMPUTER SCIENCE CONTROL,10.15588/1607-3274-2026-1-13,https://www.webofscience.com/wos/woscc/full-record/WOS:001735120800013,adjacent-subtopic; class-repository,"Context. Using previously developed code, particularly software classes and class groups related through inheritance, aggregation and composition in object-oriented technologies, significantly reduces software design time. Objective. Problems arise when it is necessary to store classes for different purposes. In this case, the class name cannot serve as a characteristic for searching. Creating a special structure linking the class name with its purpose will significantly complicate the class repository design. Besides, if relations connect some classes with other classes, there is a need to store their relations along with the class itself, which can significantly complicate both the placement of the class in the repository and its further search. This paper aims to create a special repository of software classes, in which a class is represented by a model that defines its purpose, possible relations with other classes, and role in these relations. Method. A mathematical model of a software class has been developed, which allows for determining the class designation and possible inter-class relationships. A method of automated placement and search of individual classes and class groups in the class repository is proposed. A storage model is proposed for placing both individual classes and groups of classes connected by inheritance, aggregation and composition relationships. A mechanism has been developed for the automated addition of a separate class or group of classes to the repository, as well as for searching and deleting a separate class or group of classes. Result. The ClassCall programme has been developed to test the proposed solutions. Experiments were conducted to determine the time and quality of placement operations and search of classes and class groups in the repository. The results showed a significant reduction in time for class search compared to known libraries. Conclusions. The proposed method of automated placement and search of classes based on the class model allows for maintaining class versions, significantly reducing the time to search for the required class and related classes. The method can be used for classes in various object-oriented languages.",wos,llm,0.840,unreviewed,
discarded,Exploring the Impact of Alternatives of Object-Oriented Cohesion Measures on Machine Learning-Based Predictions of Inheritance Reusability,"Al Dallal, Jehad; Alkhazi, Bader",2024,IEEE ACCESS,10.1109/ACCESS.2024.3484007,https://www.webofscience.com/wos/woscc/full-record/WOS:001349749200001,adjacent-subtopic; metrics; inheritance-reusability,"The cohesion of an object-oriented class refers to the relatedness of its methods and attributes. Constructors, destructors, and access methods are special types of methods featuring unique characteristics that can artificially affect class cohesion quantification. Methods within a class can also directly or transitively invoke each other, representing another cohesion aspect not considered by most existing cohesion measures. The impact of considering special methods (SPs) and transitive relations (TRs) in cohesion measurement on the abilities of the measures to predict inheritance reusability has yet to be investigated. In this paper, we empirically explored this effect. We applied a statistical technique to test the significance of the cohesion value changes across seven scenarios of ignoring or considering SPs and TRs. In addition, we applied a machine learning-based technique to build inheritance reusability prediction models using each of the considered measures and scenarios, evaluated the classification performance of the prediction models, and statistically compared the inheritance reusability prediction results. The results show that for most of the considered measures, the ignorance/consideration of SPs and TRs changed the cohesion values and the corresponding prediction significantly. Based on the study findings, when building inheritance reusability prediction models, software engineers are advised to 1) combine cohesion with other quality factors; 2) exclude the TRs from cohesion quantification; and 3) decide whether to consider or ignore SPs in cohesion quantification based on the selected measure(s) to be used in the prediction model, as this decision differs from one measure to another.",wos,llm,0.910,unreviewed,
discarded,CHOOM: a CHemical Object Oriented Model for Prediction of the Toxicity and Sustainability of New Molecules in Food and the Environment,"Colloc, Joel",2022,"36TH ANNUAL EUROPEAN SIMULATION AND MODELLING CONFERENCE, ESM 2022",,https://www.webofscience.com/wos/woscc/full-record/WOS:001235849500002,off-topic-false-hit; chemical-model,CHOOM is a new Artificial Intelligence (AI) model that offers novel deep dynamic knowledge for predicting the toxicity of molecules and their metabolism. It is based on our object-oriented model based on temporal fuzzy vector spaces (FVSOOM) to qualitatively and quantitatively assess the structure-activity relationship (QSAR) from its already known component molecules. The QSAR approaches advocated by the Organisation for Economic Co-operation and Development (OECD) are mainly based on top-down analytical research OECD (2009). CHOOM offers a systemic evaluation of the emergence of the properties of a new molecule based on the ascending inheritance of FVSOOM and thus an explanation of the causes of its toxicity at each level of its composition hierarchy from each atom to the whole molecule. CHOOM is an innovation AI tool for assessing the continuous flow of new molecules produced by human activity whose potential toxicity must be tested to avoid harmful issues to health and environment sustainability. The reproducibility of the model is based on chemical knowledge of invariant covalent bonds between atoms and previously stored experience of already known molecules.,wos,llm,1.000,unreviewed,
discarded,DETERMINING OBJECT-ORIENTED DESIGN COMPLEXITY DUE TO THE IDENTIFICATION OF CLASSES OF OPEN-SOURCE WEB APPLICATIONS CREATED USING PHP FRAMEWORKS,"Prykhodko, A. S.; Malakhov, E., V",2024,RADIO ELECTRONICS COMPUTER SCIENCE CONTROL,10.15588/1607-3274-2024-2-16,https://www.webofscience.com/wos/woscc/full-record/WOS:001265583600016,adjacent-subtopic; ood-complexity-metrics,"Context. The problem of determining the object-oriented design (OOD) complexity of the open-source software, including Web apps created using the PHP frameworks, is important because nowadays open-source software is growing in popularity and using the PHP frameworks making app development faster. The object of the study is the process of determining the OOD complexity of the open-source Web apps created using the PHP frameworks. The subject of the study is the mathematical models to determine the OOD complexity due to the identification of classes of the open-source Web apps created using the PHP frameworks. Objective. The goal of the work is the build a mathematical model for determining the OOD complexity due to the identification of classes of the open-source Web apps created using the PHP frameworks based on the three-variate Box-Cox normalizing transformation to increase confidence in determining the OOD complexity of these apps. Method. The mathematical model for determining the OOD complexity due to the identification of classes of the open-source Web apps created using the PHP frameworks is constructed in the form of the prediction ellipsoid equation for normalized metrics WMC, DIT, and NOC at the app level. We apply the three-variate Box-Cox transformation for normalizing the above metrics. The maximum likelihood method is used to compute the parameter estimates of the three-variate Box-Cox transformation. Results. A comparison of the constructed model based on the F distribution quantile with the prediction ellipsoid equation based on the Chi-Square distribution quantile has been performed. Conclusions. The mathematical model in the form of the prediction ellipsoid equation for the normalized WMC, DIT, and NOC metrics at the app level to determine the OOD complexity due to the identification of classes of the open-source Web apps created using the PHP frameworks is firstly built based on the three-variate Box-Cox transformation. This model takes into account the correlation between the WMC, DIT, and NOC metrics at the app level. The prospects for further research may include the use of other data sets to confirm or change the prediction ellipsoid equation for determining the OOD complexity due to the identification of classes of the open-source Web apps created using the PHP frameworks.",wos,llm,0.920,unreviewed,
discarded,MOCSAS: A MODEL BASED ON THE ASCENDING HERITAGE OF OBJECT COMPOSITION AND TIME FUZZY VECTOR SPACES ADJUSTING THE EMERGENCE OF ATTRIBUTES,"Colloc, Joel",2023,"37TH ANNUAL EUROPEAN SIMULATION AND MODELLING CONFERENCE 2023, ESM 2023",,https://www.webofscience.com/wos/woscc/full-record/WOS:001250535800001,adjacent-subtopic; class-vs-object-modeling,"Most of Object-Oriented Models (like OMT and UML) are in fact not really object-oriented but Class-Oriented Models (COM) implemented with Class Languages (CL). In the eighties, the object-oriented languages were classified into three categories: classes, frames and actors languages (like ACTALK). SIMULA I, was firstly proposed by Norwegian researchers in 1965-1966 from the class language of Hoare is considered as the first object-oriented language but in fact, is a class language (CL). Thus, SIMULA is considered to be the father of all object-oriented languages, that are in fact class languages, like Smalltalk, C++, C#, Java. Therefore, all these class languages are based on a class hierarchy and then classes allow object instantiation. The class hierarchy either provides top-down multiple inheritance (e.g. C++) or only a simple inheritance (e.g. JAVA, with Interface to simulate multiple inheritance). In class languages, class inheritance is necessary to provide polymorphism. In both cases, top-down class multiple inheritance can produce attribute definition inconsistencies that must be solved by hand (also called the diamond problem). In fact, all these class languages and models are not genuine object languages, directly based on the object concepts: the object-attribute (hasa) and object composition (is part of) relationships. Since 1989, before OMT and UML, we firstly proposed a genuine object model and refined it until today. Our model differs with the current paradigm proposed by UML which is mainly class oriented. Our model MOCSAS: Model of Object Composition and Synthesis for the Analogy Systemic provides the following innovative specifications: bottom-up multiple inheritance based of attribute values and object composition, emergent properties, junction objects, Qualifier Attribute Descriptors (QAD). We combine it with the time fuzzy vector spaces of the FVSOOM model presented in previous works. Junction objects provide an elegant solution to the problem of same component objects shared between two compound objects (e.g. wall adjoining two houses) and to implement connectors (e.g. electronics, neurosciences). These specific features of our object model provide new very powerful modelling capabilities that are used for knowledge design, time and evolution modelling, decision support systems, complex system simulations of living beings behaviour and moreover emergence and inaction. Applications are already available in medicine, cognitive psychology and territorialization. The development of a new platform that implements a declarative language for knowledge designers and end-users is a current project in progress. MOCSAS is intended for the elaboration of knowledge bases and analog reasoning by computing similarity distances to compare complex objects.

Warning:This material is protected by the Agence des depots numeriques all rights reserved.",wos,llm,0.740,unreviewed,
