status,title,authors,year,venue,doi,url,tags,abstract,provider,decision_source,llm_confidence,llm_review_outcome,llm_change_direction
discarded,"A state-of-the-art review on modelling and simulation of battery thermal management system using phase change material and liquid cooling: Enhancing performance, sustainability, and future research needs",Kumar A.,2025,Journal of Energy Storage,10.1016/j.est.2025.117978,https://www.scopus.com/inward/record.uri?partnerID=HzOxMe3b&scp=105013494819&origin=inward,off-topic-false-hit; battery-thermal-management; phase-change-materials,,scopus,llm,0.990,unreviewed,
discarded,HLS-based Hardware/Software Co-design of ML-KEM Post-quantum Cryptosystem for Real-time Video Encryption,Kang K.,2025,Journal of Semiconductor Technology and Science,10.5573/JSTS.2025.25.5.530,https://www.scopus.com/inward/record.uri?partnerID=HzOxMe3b&scp=105022501720&origin=inward,off-topic-false-hit; cryptography; ml-kem,,scopus,llm,0.990,unreviewed,
discarded,A Refined Dual-Fiber Network Morphology as Printable Hole Transport Layers for High-Performance Perovskite Solar Mini-Modules,Yao Z.,2025,Aggregate,10.1002/agt2.70017,https://www.scopus.com/inward/record.uri?partnerID=HzOxMe3b&scp=105004173276&origin=inward,off-topic-false-hit; perovskite-mini-modules,,scopus,llm,0.990,unreviewed,
discarded,A Cooling Strategy for Photovoltaic Modules in Rear Encapsulation Film,Sun X.,2025,ACS Sustainable Chemistry and Engineering,10.1021/acssuschemeng.4c09706,https://www.scopus.com/inward/record.uri?partnerID=HzOxMe3b&scp=85216812499&origin=inward,off-topic-false-hit; rear-encapsulation-film; photovoltaics,,scopus,llm,0.990,unreviewed,
discarded,Pharmacokinetics of Levofloxacin Entrapped in Non-Ionic Surfactant Vesicles (Niosomes) in Sprague Dawley Rats,Adebayo A.S.,2025,Pharmaceutics,10.3390/pharmaceutics17020275,https://www.scopus.com/inward/record.uri?partnerID=HzOxMe3b&scp=85219064748&origin=inward,off-topic-false-hit; drug-delivery,,scopus,llm,0.990,unreviewed,
discarded,Imprisoning complexity in modules,Langlois R.N.,2025,Handbook on Institutions and Complexity,10.4337/9781035309726.00025,https://www.scopus.com/inward/record.uri?partnerID=HzOxMe3b&scp=105016642590&origin=inward,off-topic-false-hit; economic-modules,,scopus,llm,0.950,unreviewed,
discarded,Component-based Control Software design using IEC 61499 Adapter Interfaces,Sharma S.,2025,IEEE International Conference on Emerging Technologies and Factory Automation ETFA,10.1109/ETFA65518.2025.11205630,https://www.scopus.com/inward/record.uri?partnerID=HzOxMe3b&scp=105021806011&origin=inward,adjacent-subtopic; component-based-control,,scopus,llm,0.750,unreviewed,
discarded,An LLM-Based Agent-Oriented Approach for Automated Code Design Issue Localization,Batole F.,2025,Proceedings International Conference on Software Engineering,10.1109/ICSE55347.2025.00100,https://www.scopus.com/inward/record.uri?partnerID=HzOxMe3b&scp=105010336755&origin=inward,adjacent-subtopic; design-issues; llm-agents,,scopus,llm,0.740,unreviewed,
discarded,Thermal Management of an Electronic Module Made by a Solderless Assembly,Varzaru G.,2025,Proceedings 2025 25th European Microelectronics and Packaging Conference and Exhibition Empc 2025,10.23919/EMPC63132.2025.11222403,https://www.scopus.com/inward/record.uri?partnerID=HzOxMe3b&scp=105025096694&origin=inward,off-topic-false-hit; electronic-module,,scopus,llm,0.990,unreviewed,
discarded,Field Testing of Electrical and Thermal Performance of Photovoltaic Modules Cooled with Phase Change Materials,Mazzeo D.,2025,Conference Proceedings 2025 IEEE International Conference on Environment and Electrical Engineering and 2025 IEEE Industrial and Commercial Power Systems Europe Eeeic I and Cps Europe 2025,10.1109/EEEIC/ICPSEurope64998.2025.11169142,https://www.scopus.com/inward/record.uri?partnerID=HzOxMe3b&scp=105019059652&origin=inward,off-topic-false-hit; photovoltaic-modules,,scopus,llm,0.990,unreviewed,
discarded,Refactoring to Standard C++20 Modules,Szalay R.,2025,Journal of Software Evolution and Process,10.1002/smr.2736,https://www.scopus.com/inward/record.uri?partnerID=HzOxMe3b&scp=85210515222&origin=inward,adjacent-subtopic; cxx-modules,,scopus,llm,0.830,unreviewed,
discarded,Degradation Analysis of 38-Year-Old PV Modules Under the Weather Conditions of Sana’a-Yemen,Dahesh M.,2025,IEEE Journal of Photovoltaics,10.1109/JPHOTOV.2024.3483260,https://www.scopus.com/inward/record.uri?partnerID=HzOxMe3b&scp=85208407413&origin=inward,off-topic-false-hit; pv-modules,,scopus,llm,0.990,unreviewed,
discarded,Seeing is Not Believing: An Identity Hider for Human Vision Privacy Protection,Wang T.,2025,IEEE Transactions on Biometrics Behavior and Identity Science,10.1109/TBIOM.2024.3449849,https://www.scopus.com/inward/record.uri?partnerID=HzOxMe3b&scp=85202747364&origin=inward,off-topic-false-hit; vision-privacy; identity-hider,,scopus,llm,0.990,unreviewed,
kept,Designing information hiding modularity for model transformation languages.,Andreas Rentschler; Dominik Werle; Qais Noorshams; Lucia Happe; Ralf Reussner,2014,MODULARITY,10.1145/2577080.2577094,https://dblp.org/rec/conf/aosd/RentschlerWNHR14,supports-claim; information-hiding; modularity; model-transformation,,dblp,llm,0.940,unreviewed,
discarded,The Dark Side of Technological Modularity: Opportunistic Information Hiding During Interorganizational System Adoption.,Sanjith Gopalakrishnan; Moksh Matta; Hasan Cavusoglu,2022,Inf. Syst. Res.,10.1287/ISRE.2022.1100,https://dblp.org/rec/journals/isr/GopalakrishnanM22,off-topic-false-hit; interorganizational-systems; information-hiding,,dblp,llm,0.960,unreviewed,
discarded,Enforcing information hiding in interface specifications: a client-aware checking approach.,Henrique Rebêlo; Gary T. Leavens,2015,MODULARITY,10.1145/2735386.2736750,https://dblp.org/rec/conf/aosd/RebeloL15,adjacent-subtopic; verification; interface-specifications,,dblp,llm,0.900,unreviewed,
kept,Revisiting Information Hiding: Reflections on Classical and Nonclassical Modularity.,Klaus Ostermann; Paolo G. Giarrusso; Christian Kästner; Tillmann Rendel,2011,ECOOP,10.1007/978-3-642-22655-7_8,https://dblp.org/rec/conf/ecoop/OstermannGKR11,qualifies-claim; revisiting-information-hiding; classical-vs-nonclassical-modularity; critique,,dblp,llm_reviewed,0.950,confirmed,
discarded,"An example illustrating modularity, abstraction &amp; information hiding using.",Ivan B. Liss; Thomas C. McMillan,1989,SIGCSE,10.1145/65293.71195,https://dblp.org/rec/conf/sigcse/LissM89,adjacent-subtopic; teaching; information-hiding,,dblp,llm,0.880,unreviewed,
discarded,Introductory programming: a systematic literature review,Andrew Luxton-Reilly; Simon; Ibrahim Albluwi; Brett A. Becker; Michail N. Giannakos; Amruth N. Kumar; Linda Ott; James H. Paterson; Michael Scott; Judy Sheard; Claudia Szabo,2018,,10.1145/3293881.3295779,https://openalex.org/W2910880405,off-topic-false-hit; introductory-programming-review,"As computing becomes a mainstream discipline embedded in the school curriculum and acts as an enabler for an increasing range of academic disciplines in higher education, the literature on introductory programming is growing. Although there have been several reviews that focus on specific aspects of introductory programming, there has been no broad overview of the literature exploring recent trends across the breadth of introductory programming.",openalex,llm,0.960,unreviewed,
discarded,Situated Cognition and the Culture of Learning,John Seely Brown; Allan Collins; Paul Duguid,1989,Educational Researcher,10.3102/0013189x018001032,https://openalex.org/W2164599981,off-topic-false-hit; education-theory,"Many teaching practices implicitly assume that conceptual knowledge can be abstracted from the situations in which it is learned and used. This article argues that this assumption inevitably limits the effectiveness of such practices. Drawing on recent research into cognition as it is manifest in everyday activity, the authors argue that knowledge is situated, being in part a product of the activity, context, and culture in which it is developed and used. They discuss how this view of knowledge affects our understanding of learning, and they note that conventional schooling too often ignores the influence of school culture on what is learned in school. As an alternative to conventional practices, they propose cognitive apprenticeship (Collins, Brown, & Newman, in press), which honors the situated nature of knowledge. They examine two examples of mathematics instruction that exhibit certain key features of this approach to teaching.",openalex,llm,0.990,unreviewed,
discarded,Three generations of distance education pedagogy,Terry Anderson; Jon Dron,2011,The International Review of Research in Open and Distributed Learning,10.19173/irrodl.v12i3.890,https://openalex.org/W2143360138,off-topic-false-hit; pedagogy; learning-design,"This paper defines and examines three generations of distance education pedagogy. Unlike earlier classifications of distance education based on the technology used, this analysis focuses on the pedagogy that defines the learning experiences encapsulated in the learning design. The three generations of cognitive-behaviourist, social constructivist, and connectivist pedagogy are examined, using the familiar community of inquiry model (Garrison, Anderson, & Archer, 2000) with its focus on social, cognitive, and teaching presences. Although this typology of pedagogies could also be usefully applied to campus-based education, the need for and practice of openness and explicitness in distance education content and process makes the work especially relevant to distance education designers, teachers, and developers. The article concludes that high-quality distance education exploits all three generations as determined by the learning content, context, and learning expectations.",openalex,llm,0.990,unreviewed,
discarded,PHENIX : building new software for automated crystallographic structure determination,Paul D. Adams; Ralf W. Grosse‐Kunstleve; Li‐Wei Hung; Thomas R. Ioerger; Airlie J. McCoy; Nigel W. Moriarty; Randy J. Read; James C. Sacchettini; Nicholas K. Sauter; Thomas C. Terwilliger,2002,Acta Crystallographica Section D Biological Crystallography,10.1107/s0907444902016657,https://openalex.org/W2109184569,adjacent-subtopic; scientific-software,Structural genomics seeks to expand rapidly the number of protein structures in order to extract the maximum amount of information from genomic sequence databases. The advent of several large-scale projects worldwide leads to many new challenges in the field of crystallographic macromolecular structure determination. A novel software package called PHENIX (Python-based Hierarchical ENvironment for Integrated Xtallography) is therefore being developed. This new software will provide the necessary algorithms to proceed from reduced intensity data to a refined molecular model and to facilitate structure solution for both the novice and expert crystallographer.,openalex,llm,0.900,unreviewed,
discarded,‘Fitting in’ or ‘standing out’: Working‐class students in UK higher education,Diane Reay; Gill Crozier; John Clayton,2009,British Educational Research Journal,10.1080/01411920902878925,https://openalex.org/W2135435159,off-topic-false-hit; higher-education,"Drawing on case studies of 27 working‐class students across four UK higher education institutions, this article attempts to develop a multilayered, sociological understanding of student identities that draws together social and academic aspects. Working with a concept of student identity that combines the more specific notion of learner identity with more general understandings of how students are positioned in relation to their discipline, their peer group and the wider university, the article examines the influence of widely differing academic places and spaces on student identities. Differences between institutions are conceptualised in terms of institutional habitus, and the article explores how the four different institutional habituses result in a range of experiences of fitting in and standing out in higher education. For some this involves combining a sense of belonging in both middle‐class higher education and working‐class homes, while others only partially absorb a sense of themselves as students.",openalex,llm,0.990,unreviewed,
discarded,An object-oriented 3D graphics toolkit,Paul S. Strauss; Rikk Carey,1992,,10.1145/133994.134089,https://openalex.org/W1989952968,adjacent-subtopic; graphics-toolkit,This paper presents an object-oriented toolkit for developers of interactive 3D graphics applications. The primary goal of the toolkit is (o make it easier for programmers to create 3D graphics applications that employ direct manipulation techniques in addition to conventional 2D-widgets. Such techniques have generally been ignored in previous graphics packages and systems.,openalex,llm,0.840,unreviewed,
discarded,"The Problem of Teaching Object-Oriented Programming, Part 1: Languages",Michael Kölling,1999,Kent Academic Repository (University of Kent),,https://openalex.org/W1489226807,adjacent-subtopic; teaching; general-oop,"Object-oriented programming has, in recent years, become the most influential programming paradigm. It is widely used in education and industry, and almost every university teaches object-orientation somewhere in its curriculum. The software community more or less agrees that teaching object-oriented programming is a good thing. It elegantly supports the concepts that we have been trying to teach for many years, such as well structured programming, modularisation and program design. It also supports techniques for approaching problems that have only more recently made their way into the curriculum: programming in teams, maintenance of large systems and software reuse. In short, object-oriented programming seems to be a good tool for teaching those programming methodologies that we consider important.",openalex,llm,0.910,unreviewed,
discarded,A research typology for object-oriented analysis and design,David E. Monarchi; Gretchen I. Puhr,1992,Communications of the ACM,10.1145/130994.130995,https://openalex.org/W1571717828,adjacent-subtopic; ooad-survey,"Typology for Object-Oriented Analysis and Design his article evaluates current research on object-oriented analysis and design (OOAD). Critical components in OOAD are identified and various OOAD techniques (i.e., processes or methods) and representations are compared based on these components. Strong and weak areas in OOAD are identified and areas for future research are discussed in this article.",openalex,llm,0.880,unreviewed,
discarded,A constructivist approach to object-oriented design and programming,Said Hadjerrouit,1999,,10.1145/305786.305910,https://openalex.org/W2058030722,adjacent-subtopic; teaching; constructivist-approach,"Computer science education is greatly affected by the object-oriented approach. This can be seen in the numerous new teachers being attracted to programming languages such as Java. Learning the object-oriented approach is however difficult for novice students, mostly because it requires a new way of thinking about computing and more depth to grasp. Thus, to promote the object-oriented approach at the introductory level, a re-examination of the teaching method is recommended. This article describes a pedagogical framework rooted in the constructivist epistemology for teaching object-oriented design and programming.",openalex,llm,0.890,unreviewed,
discarded,The criteria of effective teaching in a changing higher education context,Marcia Devlin; Gayani Samarawickrema,2010,Higher Education Research & Development,10.1080/07294360903244398,https://openalex.org/W2118241946,off-topic-false-hit; higher-education,"The criteria of effective teaching in higher education are understood to comprise particular skills and practices applied within particular contexts. Drawing on the literature and using Australia’s understanding of effective teaching, this paper examines the notion of effective teaching. The paper specifically compares dimensions derived from robust research and psychometric processes with the Australian Learning and Teaching Council’s criteria for effective teaching and observes the criteria of effective teaching in higher education to have evolved. While the paper suggests some areas in which future considerations of the notion of effective teaching might usefully focus, it also argues that context is critical and that it is subject to continuous and multiple changes imposed by forces from within and outside universities. The paper maintains that our collective understanding of competent, professional and effective teaching must continually evolve in order that it accurately reflects and continually responds to the contexts in which learning and teaching is undertaken. The paper also calls for an ongoing agenda that continuously investigates and articulates the meaning of effective teaching in a changed, and changing, context.",openalex,llm,0.990,unreviewed,
discarded,Blue—a language for teaching object-oriented programming,Michael Kölling; John Rosenberg,1996,,10.1145/236452.236537,https://openalex.org/W2053983114,adjacent-subtopic; teaching-language; design-principles,"Teaching object-oriented programming has clearly become an important part of computer science education. We agree with many others that the best place to teach it is in the CS1 introductory course. Many problems with this have been reported in the literature. These mainly result from inadequate languages and environments. Blue is a new language and integrated programming environment, currently under development explicitly for object-oriented teaching. We expect clear advantages from the use of Blue for first year teaching compared to using other available languages. This paper describes the design principles on which the language was based and the most important aspects of the language itself.",openalex,llm,0.870,unreviewed,
discarded,An object-oriented representation for product and design processes,SR Gorti; A.K. Gupta; GJ Kim; R. D. Sriram; Albert Kai-Sun Wong,1998,Computer-Aided Design,10.1016/s0010-4485(97)00087-0,https://openalex.org/W2069088270,adjacent-subtopic; knowledge-representation,"We report on the development of a knowledge representation model, which is based on the SHARED object model reported in Shared Workspaces for Computer-Aided Collaborative Engineering (Wong, A. and Sriram, D., Technical Report, IESL 93-06, Intelligent Engineering Systems Laboratory, Department of Civil Engineering, MIT, March, 1993) and Research in Engineering Design (Wong, A. and Sriram, D., SHARED: An Information Model for Cooperative Product Development, 1993, Fall, 21-39). Our current model is implemented as a layered scheme, that incorporates both an evolving artifact and its associated design process. To represent artifacts as they evolve, we define objects recursively without a pre-defined granularity on this recursive decomposition. This eliminates the need for translations between levels of abstraction in the design process. The SHARED model extends traditional OOP in three ways: by allowing explicit relationship classes with inheritance hierarchies; by permitting constraints to be associated with objects and relationships; and by comparing `similar' objects at three different levels (form, function and behavior).",openalex,llm,0.840,unreviewed,
discarded,Security Metrics for Object-Oriented Class Designs,Bandar Alshammari; Colin Fidge; Diane Corney,2009,,10.1109/qsic.2009.11,https://openalex.org/W2172100572,adjacent-subtopic; metrics; data-encapsulation,"Measuring quality attributes of object-oriented designs (e.g. maintainability and performance) has been covered by a number of studies. However, these studies have not considered security as much as other quality attributes. Also, most security studies focus at the level of individual program statements. This approach makes it hard and expensive to discover and fix vulnerabilities caused by design errors. In this work, we focus on the security design of an object-oriented application and define a number of security metrics. These metrics allow designers to discover and fix security vulnerabilities at an early stage, and help compare the security of various alternative designs. In particular, we propose seven security metrics to measure data encapsulation (accessibility) and Cohesion (interactions) of a given object-oriented class from the point of view of potential information flow.",openalex,llm,0.900,unreviewed,
