status,title,authors,year,venue,doi,url,tags,abstract,provider,decision_source,llm_confidence,llm_review_outcome,llm_change_direction
kept,An empirical investigation of an object-oriented software system,Michelle Cartwright; Martin Shepperd,2000,IEEE Transactions on Software Engineering,10.1109/32.879814,https://openalex.org/W2139085711,supports-claim; empirical; inheritance-defects; low-inheritance-use; empirics,"The paper describes an empirical investigation into an industrial object oriented (OO) system comprised of 133000 lines of C++. The system was a subsystem of a telecommunications product and was developed using the Shlaer-Mellor method (S. Shlaer and S.J. Mellor, 1988; 1992). From this study, we found that there was little use of OO constructs such as inheritance, and therefore polymorphism. It was also found that there was a significant difference in the defect densities between those classes that participated in inheritance structures and those that did not, with the former being approximately three times more defect-prone. We were able to construct useful prediction systems for size and number of defects based upon simple counts such as the number of states and events per class. Although these prediction systems are only likely to have local significance, there is a more general principle that software developers can consider building their own local prediction systems. Moreover, we believe this is possible, even in the absence of the suites of metrics that have been advocated by researchers into OO technology. As a consequence, measurement technology may be accessible to a wider group of potential users.",openalex,llm_reviewed,0.980,confirmed,
discarded,How reuse influences productivity in object-oriented systems,Victor R. Basili; Lionel Briand; Walcélio L. Melo,1996,Communications of the ACM,10.1145/236156.236184,https://openalex.org/W2077229393,adjacent-subtopic; reuse-productivity,"LTHOUGH reuse is assumed to be especially valuable in building high-quality software, as well as in OO development, limited empirical evidence connects reuse with productivity and quality gains. The authors' eight-system study begins to define such benefits in an OO framework, most notably in terms of reduced defect density and rework, as well as in increased productivity.",openalex,llm,0.840,unreviewed,
discarded,Object-Oriented Reengineering Patterns,"Serge Demeyer; Ducasse, Stéphane; Oscar Nierstrasz",2003,Elsevier eBooks,10.1016/b978-1-55860-639-5.x5000-7,https://openalex.org/W2121898992,adjacent-subtopic; reengineering-patterns,,openalex,llm,0.760,unreviewed,
discarded,Counterfeit Object-oriented Programming: On the Difficulty of Preventing Code Reuse Attacks in C++ Applications,Félix Schuster; Thomas Tendyck; Christopher Liebchen; Lucas Davi; Ahmad‐Reza Sadeghi; Thorsten Holz,2015,,10.1109/sp.2015.51,https://openalex.org/W1538332098,off-topic-false-hit; security-attack; code-reuse,"Code reuse attacks such as return-oriented programming (ROP) have become prevalent techniques to exploit memory corruption vulnerabilities in software programs. A variety of corresponding defenses has been proposed, of which some have already been successfully bypassed -- and the arms race continues. In this paper, we perform a systematic assessment of recently proposed CFI solutions and other defenses against code reuse attacks in the context of C++. We demonstrate that many of these defenses that do not consider object-oriented C++ semantics precisely can be generically bypassed in practice. Our novel attack technique, denoted as counterfeit object-oriented programming (COOP), induces malicious program behavior by only invoking chains of existing C++ virtual functions in a program through corresponding existing call sites. COOP is Turing complete in realistic attack scenarios and we show its viability by developing sophisticated, real-world exploits for Internet Explorer 10 on Windows and Fire fox 36 on Linux. Moreover, we show that even recently proposed defenses (CPS, T-VIP, vfGuard, and VTint) that specifically target C++ are vulnerable to COOP. We observe that constructing defenses resilient to COOP that do not require access to source code seems to be challenging. We believe that our investigation and results are helpful contributions to the design and implementation of future defenses against control flow hijacking attacks.",openalex,llm,1.000,unreviewed,
discarded,Concepts and paradigms of object-oriented programming,Peter Wegner,1990,ACM SIGPLAN OOPS Messenger,10.1145/382192.383004,https://openalex.org/W2012408028,adjacent-subtopic; oop-paradigms,"We address the following questions for object-oriented programming: What is it? What are its goals? What are its origins? What are its paradigms? What are its design alternatives? What are its models of concurrency? What are its formal computational models? What comes after object-oriented programming? Starting from software engineering goals, we examine the origins and paradigms of object-oriented programming, explore its language design alternatives, consider its models of concurrency, and review its mathematical models to make them accessible to nonmathematical readers. Finally, we briefly speculate on what may come after object-oriented programming and conclude that it is a robust component-based modeling paradigm that is both effective and fundamental. This paper expands on the OOPSLA 89 keynote talk.",openalex,llm,0.940,unreviewed,
discarded,Testing object-oriented systems,Claude Caci,2000,ACM SIGSOFT Software Engineering Notes,10.1145/505863.505884,https://openalex.org/W2010245779,adjacent-subtopic; oop-testing,No abstract available.,openalex,llm,0.940,unreviewed,
kept,Analysis of inheritance anomaly in object-oriented concurrent programming languages,Satoshi Matsuoka; Akinori Yonezawa,1993,,,https://openalex.org/W1559077477,supports-claim; inheritance-anomaly; concurrency; inheritance-costs,"It has been pointed out that inheritance and synchronization constraints in concurrent object systems often conflict with each other, resulting in inheritance anomaly where re-definitions of inherited methods are necessary in order to maintain the integrity of concurrent objects. The anomaly is serious, as it could nullify the benefits of inheritance altogether. Several proposals have been made for resolving the anomaly; however, we argue that those proposals suffer from the incompleteness which allows room for counterexamples. We give an overview and the analysis of inheritance anomaly, and review several proposals for minimizing the unwanted effect of this phenomenon. In particular, we propose (partial) solutions using (1) computational reflection, and (2) transactions in OOCP languages. 1 Introduction Inheritance is the prime language feature in sequential OO (Object-Oriented) languages, and is especially important for code re-use. Another important feature is concurrency; although...",openalex,llm,0.970,unreviewed,
discarded,Predicting maintainability with object-oriented metrics -an empirical comparison,Melis Dagpinar; Jens H. Jahnke,2004,,10.1109/wcre.2003.1287246,https://openalex.org/W2103736207,adjacent-subtopic; maintainability-metrics,"A large number of metrics have been proposed formeasuring properties of object-oriented software such assize, inheritance, cohesion and coupling. We have beeninvestigating which of these object-oriented metrics canbe used as significant predictors for the maintainability ofsoftware. For this purpose, we have designed andconducted an empirical study based on historical datacollected from the maintenance history of a medium-sizedobject-oriented system. Unlike most related studies,indirect coupling has also been taken into account in ourwork in order to evaluate its impact. Our study uses themaintenance history of two software systems as evidencebase for linking software quality attributes to metricssuggested for object-oriented software. Our resultsindicate that size and import direct coupling metrics aresignificant predictors for measuring maintainability ofclasses while inheritance, cohesion, and indirect/exportcoupling measures are not.",openalex,llm,0.940,unreviewed,
discarded,An object-oriented 3D graphics toolkit,Paul S. Strauss; Rikk Carey,1992,,10.1145/133994.134089,https://openalex.org/W1989952968,adjacent-subtopic; graphics-toolkit,This paper presents an object-oriented toolkit for developers of interactive 3D graphics applications. The primary goal of the toolkit is (o make it easier for programmers to create 3D graphics applications that employ direct manipulation techniques in addition to conventional 2D-widgets. Such techniques have generally been ignored in previous graphics packages and systems.,openalex,llm,0.850,unreviewed,
discarded,The object-oriented systems life cycle,Brian Henderson‐Sellers; Julian M. Edwards,1990,Communications of the ACM,10.1145/83880.84529,https://openalex.org/W2069752849,adjacent-subtopic; software-life-cycle,"In software engineering, the traditional description of the software life cycle is based on an underlying model, commonly referred to as the “waterfall” model (e.g., [4]). This model initially attempts to discretize the identifiable activities within the software development process as a linear series of actions, each of which must be completed before the next is commenced. Further refinements to this model appreciate that such completion is seldom absolute and that iteration back to a previous stage is likely. Various authors' descriptions of this model relate to the detailed level at which the software building process is viewed. At the most general level, three phases to the life cycle are generally agreed upon: 1) analysis, 2) design and 3) construction/implementation (e.g., [36], p. 262; [42]) (Figure 1(a)). The analysis phase covers from the initiation of the project, through to users-needs analysis and feasibility study (cf. [15]); the design phase covers the various concepts of system design, broad design, logical design, detailed design, program design and physical design. Following from the design stage(s), the computer program is written, the program tested, in terms of verification, validation and sensitivity testing, and when found acceptable, put into use and then maintained well into the future. In the more detailed description of the life cycle a number of subdivisions are identified (Figure 1(b)). The number of these subdivisions varies between authors. In general, the problem is first defined and an analysis of the requirements of current and future users undertaken, usually by direct and indirect questioning and iterative discussion. Included in this stage should be a feasibility study. Following this a user requirements definition and a software requirements specification, (SRS) [15], are written. The users requirements definition is in the language of the users so that this can be agreed upon by both the software engineer and the software user. The software requirements specification is written in the language of the programmer and details the precise requirements of the system. These two stages comprise an answer to the question of WHAT? (viz. problem definition). The user-needs analysis stage and examination of the solution space are still within the overall phase of analysis but are beginning to move toward not only problem decomposition, but also highlighting concepts which are likely to be of use in the subsequent system design; thus beginning to answer the question HOW? On the other hand, Davis [15] notes that this division into “what” and “how” can be subject to individual perception, giving six different what/how interpretations of an example telephone system. At this requirements stage, however, the domain of interest is still very much that of the problem space. Not until we move from (real-world) systems analysis to (software) systems design do we move from the problem space to the solution space (Figure 2). It is important to observe the occurrence and location of this interface. As noted by Booth [6], this provides a useful framework in object-oriented analysis and design. The design stage is perhaps the most loosely defined since it is a phase of progressive decomposition toward more and more detail (e.g., [41]) and is essentially a creative, not a mechanistic, process [42]. Consequently, systems design may also be referred to as “broad design” and program design as “detailed design” [20]. Brookes et al. [9] refer to these phases as “logical design” and “physical design.” In the traditional life cycle these two design stages can become both blurred and iterative; but in the object-oriented life cycle the boundary becomes even more indistinct. The software life cycle, as described above, is frequently implemented based on a view of the world interpreted in terms of a functional decomposition; that is, the primary question addressed by the systems analysis and design is WHAT does the system do viz. what is its function? Functional design, and the functional decomposition techniques used to achieve this, is based on the interpretation of the problem space and its translation to solution space as an interdependent set of functions or procedures. The final system is seen as a set of procedures which, apparently secondarily, operate on data. Functional decomposition is also a top-down analysis and design methodology. Although the two are not synonymous, most of the recently published systems analysis and design methods exhibit both characteristics (e.g., [14, 17]) and some also add a real-time component (e.g., [44]). Top-down design does impose some discipline on the systems analyst and program designer; yet it can be criticized as being too restrictive to support contemporary software engineering designs. Meyer [29] summarizes the flaws in top-down system design as follows: 1. top-down design takes no account of evolutionary changes; 2. in top-down design, the system is characterized by a single function—a questionable concept; 3. top-down design is based on a functional mindset, and consequently the data structure aspect is often completely neglected; 4. top-down design does not encourage reusability. (See also discussion in [41], p. 352 et seq.)",openalex,llm,0.970,unreviewed,
discarded,The prediction of faulty classes using object-oriented design metrics,Khaled El Emam; Walcélio L. Melo; Javam C. Machado,2001,Journal of Systems and Software,10.1016/s0164-1212(00)00086-8,https://openalex.org/W2135250985,adjacent-subtopic; fault-prediction-metrics,,openalex,llm,0.900,unreviewed,
discarded,Investigating quality factors in object-oriented designs,Lionel Briand; Jürgen Wüst; Stefan V. Ikonomovski; Hakim Lounis,1999,,10.1145/302405.302654,https://openalex.org/W1990259865,adjacent-subtopic; quality-factors,"S.345-354 : Ill., Lit.",openalex,llm,0.830,unreviewed,
kept,Extending object-oriented systems with roles,Georg Gottlob; Michael Schrefl; Brigitte Röck,1996,ACM Transactions on Information Systems,10.1145/230538.230540,https://openalex.org/W1965695377,supports-claim; role-hierarchies; class-hierarchy-explosion; evolving-objects,"In many class-based object-oriented systems the association between as instance and a class is exclusive and permanent. Therefore these systems have serious difficulties in representing objects taking on different roles over time. Such objects must be reclassified any time they evolve (e.g., if a person becomes a student and later an employee). Class hierarchies must be planned carefully and may grow exponentially if entities may take on serveral independent roles. The problem is even more servere for object-oriented databases than for common object-oriented programming. Databases store objects over longer periods, during which the represented entities evolve. This article shows how class-based object-oriented systems can be extended to handle evolving objects well. Class hierarchies are complemented by role hierarchies, whose nodes represent role types an object classified in the root may take on. At any point in time, an entity is represented by an instance of the root and an instance of every role type whose role it currently plays. In a natural way, the approach extends traditional object-oriented concepts, such as classification, object identity, specialization, inheritance, and polymorphism in a natural way. The practicability of the approach is demonstrated by an implementation in Smalltalk. Smalltalk was chosen because it is widely known, which is not true for any particular class-based object-oriented database programming language. Roles can be provided in Smalltalk by adding a few classes. There is no need to modify the semantics of Smalltalk itself. Role hierarchies are mapped transparently onto ordinary classes. The presented implementation can easily be ported to object-oriented database programming languages based on Smalltalk, such as Gemstone's OPAL hierarchies are complemented by role hierarchies, whose nodes represent role types an object classified in the root may take on. At any point in time, an entity is represented by an instance of the root and an instance of every role type whose role in currently plays.",openalex,llm,0.950,unreviewed,
