status,title,authors,year,venue,doi,url,tags,abstract,provider,decision_source,llm_confidence,llm_review_outcome,llm_change_direction,paper_id
kept,"Object-Oriented Program Comprehension: Effect of Expertise, Task and Phase",Jean‐Marie Burkhardt; Françoise Détienne; Susan Wiedenbeck,2002,Empirical Software Engineering,10.1023/a:1015297914742,https://openalex.org/W2148802858,supports-claim,"The goal of our study is to evaluate the effect on program comprehension of three factors that have not previously been studied in a single experiment. These factors are programmer expertise (expert versus novice), programming task (documentation versus reuse), and the development of understanding over time (phase 1 versus phase 2). This study is carried out in the context of the mental model approach to comprehension based on van Dijk and Kintsch's model [(1983) Strategies of Discourse Comprehension. New York: Academic]. One key aspect of this model is the distinction between two kinds of representation the reader might construct from a text: (1) the textbase, which refers to what is said in the text and how it is said, and (2) the situation model, which represents the situation referred to by the text. We have evaluated the effect of the three factors mentioned above on the development of both the textbase (or program model) and the situation model in object-oriented program comprehension. We found a four-way interaction of expertise, phase, task and type of model. For the documentation group we found that experts and novices differ in the elaboration of their situation model but not their program model. There was no interaction of expertise with phase and type of model in the documentation group. For the reuse group, there was a three-way interaction between phase, expertise and type of model. For the novice reuse group, the effect of the phase was to increase the construction of the situation model but not the program model. With respect to the task, our results show that novices do not spontaneously construct a strong situation model but are able to do so if the task demands it.",openalex,llm,0.950,unreviewed,,doi:10.1023/a:1015297914742
discarded,Studying the effect of AI Code Generators on Supporting Novice Learners in Introductory Programming,Majeed Kazemitabaar; Justin Chow; Carl Ka To; Barbara Jane Ericson; David Weintrop; Tovi Grossman,2023,,10.1145/3544548.3580919,https://openalex.org/W4321162272,adjacent-subtopic,"AI code generators like OpenAI Codex have the potential to assist novice programmers by generating code from natural language descriptions, however, over-reliance might negatively impact learning and retention. To explore the implications that AI code generators have on introductory programming, we conducted a controlled experiment with 69 novices (ages 10-17). Learners worked on 45 Python code-authoring tasks, for which half of the learners had access to Codex, each followed by a code-modification task. Our results show that using Codex significantly increased code-authoring performance (1.15x increased completion rate and 1.8x higher scores) while not decreasing performance on manual code-modification tasks. Additionally, learners with access to Codex during the training phase performed slightly better on the evaluation post-tests conducted one week later, although this difference did not reach statistical significance. Of interest, learners with higher Scratch pre-test scores performed significantly better on retention post-tests, if they had prior access to Codex.",openalex,llm,0.980,unreviewed,,doi:10.1145/3544548.3580919
discarded,Difficulties in Learning and Teaching Programming—Views of Students and Tutors,Iain Milne; Glenn Rowe,2002,Education and Information Technologies,10.1023/a:1015362608943,https://openalex.org/W2147903644,adjacent-subtopic,,openalex,llm,0.800,unreviewed,,doi:10.1023/a:1015362608943
discarded,Making Dynamic Modeling Accessible to Precollege Science Students,Shari L. Jackson; Steven J. Stratford; Joseph S. Krajcik; Elliot M. Soloway,1994,Interactive Learning Environments,10.1080/1049482940040305,https://openalex.org/W2081284825,off-topic-false-hit,"Dynamic modeling, for many precollege science students, is an out‐of‐reach cognitive activity. Professional tools are too hard for novices to use, user‐unfriendly, and provide no support for learners. We have designed a new modeling tool, Model‐It, that provides intentionally designed scaffolding for learners, enabling them to build and test dynamic models of complex systems easily, using object‐oriented and qualitative techniques. Model‐It contains scaffolding strategies intended to ground the learner in prior knowledge and experience, bridge the learner from novice to expert understandings and practices, and couple the learner's mental model with testing actions and model feedback. Our user and classroom testing shows evidence that the scaffolding strategies of Model‐It support learners' active construction of knowledge and that students can create meaningful models.",openalex,llm,0.940,unreviewed,,doi:10.1080/1049482940040305
discarded,The Effectiveness of Screencasts and Cognitive Tools as Scaffolding for Novice Object-Oriented Programmers,Mark J.W. Lee; Sunam Pradhan; Barney Dalgarno,2008,Journal of Information Technology Education Research,10.28945/179,https://openalex.org/W1576547779,adjacent-subtopic,"An international association advancing the multidisciplinary study of informing systems. Founded in 1998, the Informing Science Institute (ISI) is a global community of academics shaping the future of informing science.",openalex,llm,0.870,unreviewed,,doi:10.28945/179
discarded,Mental Models and Human Computer Interaction I,David Ackermann; Michael J. Tauber,1990,Medical Entomology and Zoology,,https://openalex.org/W561318478,adjacent-subtopic,"From Theory to Design. The importance of models in making complex systems comprehensible (G. Fischer). Methodological Aspects. Models of mental models: an ergonomist-psychologist dialogue (A. Rutherford and J.R. Wilson). How to t(r)ap user's mental models (M.-A. Sasse). Modelling for adaptivity (D. Murray). Concurrent use of different expertise elicitation methods applied to the study of the programming activity (W. Visser and A. Morais). Analysing complex tasks with an extended GOMS* model (U. Arend). Object-based action planning (J. Beringer and J. Wandmacher). Empirical Results. Design decisions for a user interface (F.M.T. Brazier and G.C. van der Veer). Mental models and the evaluation of user interfaces: a case-study of a library system (J.M. van der Velden and A.G. Arnold). Level of experience in text-editing: the role of mental representations on performance (A. Dewier and G. Karnas). How to predict user performance and user preference with different interaction techniques? (Ch. Metzler, E. Wetzenstein-Ollenschlager and H. Wandke). A schema-based model of program-understanding (F. Detienne). Mental Models in Design. Cognitive processes in information retrieval: production rules and lexical nets (M. Wettler and A. Glockner-Rist). Modelling the user interaction methods imposed by design (J. Karat and J. Bennett). Usability testing: a practical use for mental model construction (P.R. Innocent). Mental Models and Artificial Intelligence. Plan recognition in HCI: the parsing of user actions (M.C. Desmarais, L. Giroux and S. Larochelle). Inductive knowledge acquisition for a UNIX coach (H.U. Hoppe and R. Plotzner). The psychological processes of constructing a mental model when learning by being told, from examples, and by exploration (F. Schmalhofer and O. Kuhn). Domain Representation and student modelling in a microworld for elastic impacts (K. Opwis, M. Stumpf and H. Spada). Knowledge acquisition as an object-oriented modelling process (W.-F. Riekert). Aristotelian syllogisms in mental models (M. Lansky). Author Index. Subject Index.",openalex,llm,0.850,unreviewed,,hash:f713b93ccf97e655
discarded,Programming pedagogy—a psychological overview,Leon E. Winslow,1996,ACM SIGCSE Bulletin,10.1145/234867.234872,https://openalex.org/W2038598927,adjacent-subtopic,"Can we turn novices into experts in a four year undergraduate program? If so, how? If not, what is the best we can do? While every teacher has his/her own opinion on these questions, psychological studies over the last twenty years have started to furnish scientific answers. Unfortunately, little of these results have been incorporated into curricula or textbooks. This report is a brief overview of some of the more important results concerning computer programming and how they can affect course design.",openalex,llm,0.980,unreviewed,,doi:10.1145/234867.234872
kept,What students (should) know about object oriented programming,Peter Hubwieser; Andreas Mühling,2011,,10.1145/2016911.2016929,https://openalex.org/W2103146679,supports-claim,"In order to explore and validate suitable methods for investigating learning processes, we are currently conducting a case study, exploring the mental models of novice students in the field of object oriented modeling and programming. After abstracting and systemizing the information that was presented to the students of our introductory CS 1 course for non-majors we have asked them to draw concept maps at four points in time. Additionally, we conducted a small midterm exam, where the students had to implement some of the most important concepts and a regular final exam. We found that learning progress can be observed in detail by evaluating the concept maps.",openalex,llm,0.970,unreviewed,,doi:10.1145/2016911.2016929
discarded,Animation Metaphors for Object-Oriented Concepts,Jorma Sajaniemi; Pauli Byckling; Petri Gerdt,2007,Electronic Notes in Theoretical Computer Science,10.1016/j.entcs.2007.01.037,https://openalex.org/W2118014692,adjacent-subtopic,"Program visualization and animation has traditionally been done at the level of the programming language and its implementation in a computer. However, novices do not know these concepts and visualizations that build upon programming language implementation may easily fail in helping novices to learn programming concepts. Metaphor, on the contrary, involves the presentation of a new idea in terms of a more familiar one and can facilitate active learning. This paper applies a metaphor approach to object-oriented programming by presenting new metaphors for such concepts as class, object, object instantiation, method invocation, parameter passing, object reference, and garbage collection. The use of these metaphors in introductory programming education is also discussed.",openalex,llm,0.940,unreviewed,,doi:10.1016/j.entcs.2007.01.037
discarded,Teaching Introductory Programming,Theodora Koulouri; Stanislao Lauria; Robert D. Macredie,2014,ACM Transactions on Computing Education,10.1145/2662412,https://openalex.org/W1968208229,adjacent-subtopic,"Teaching programming to beginners is a complex task. In this article, the effects of three factors—choice of programming language, problem-solving training, and the use of formative assessment—on learning to program were investigated. The study adopted an iterative methodological approach carried out across 4 consecutive years. To evaluate the effects of each factor (implemented as a single change in each iteration) on students’ learning performance, the study used quantitative, objective metrics. The findings revealed that using a syntactically simple language (Python) instead of a more complex one (Java) facilitated students’ learning of programming concepts. Moreover, teaching problem solving before programming yielded significant improvements in student performance. These two factors were found to have variable effects on the acquisition of basic programming concepts. Finally, it was observed that effective formative feedback in the context of introductory programming depends on multiple parameters. The article discusses the implications of these findings, identifies avenues for further research, and argues for the importance of studies in computer science education anchored on sound research methodologies to produce generalizable results.",openalex,llm,0.930,unreviewed,,doi:10.1145/2662412
discarded,Befriending Computer Programming: A Proposed Approach to Teaching Introductory Programming,Iwona Miliszewska; Grace Tan,2007,Informing Science and IT Education Conference,10.28945/3095,https://openalex.org/W1512623932,adjacent-subtopic,"The problems encountered by students in first year computer programming units are a common concern in many universities including Victoria University. A fundamental component of a computer science curriculum, computer programming is a mandatory unit in a computing course. It is also one of the most feared and hated units by many novice computing students who, having failed or performed poorly in a programming unit, often drop out from a course. This article discusses some of the difficulties experienced by first year programming students, and reviews some of the initiatives undertaken to counter the problems. The article also reports on the first stage of a current research project at Victoria University that aims to develop a balanced approach to teaching first year programming units; its goal is to ‘befriend’ computer programming to help promote success among new programming students.",openalex,llm,0.970,unreviewed,,doi:10.28945/3095
discarded,An exploration of novice compilation behaviour in BlueJ,Matthew C. Jadud,2021,Kent Academic Repository (University of Kent),10.22024/unikent/01.02.86458,https://openalex.org/W58732440,adjacent-subtopic,"Our research explores the process by which beginning programmers go about writing programs. We have focused our explorations on what we call compilation behaviour: the programming behaviour a student engages in while repeatedly editing and compiling their programs in an attempt to make them syntactically, if not semantically, correct. The students whose behaviour we have observed were engaged in learning to program in an objects-first style using BlueJ, an environment designed for supporting novice programmers just starting out with the Java programming language. The significant results of our work are two-fold. First, we have developed tools for visualising the process by which students write their programs. Using these tools, we can quickly obtain valuable information about their process, and use that information to inform further research regarding their behaviour, or apply it immediately in a classroom context to better support the struggling learner. Second, we have proposed a quantification of novice compilation behavior which we call the error quotient. Using this metric, we can determine how well (or poorly) a student fares with syntax errors while learning to program. This quantity, like our tools for visualisation, provides a powerful indicator for how much or little a student is struggling with the language while programming, and correlates significantly with traditional indicators for academic progress.",openalex,llm,0.970,unreviewed,,doi:10.22024/unikent/01.02.86458
kept,Partonomy and taxonomy in object-oriented thinking,Mariana Teif; Orit Hazzan,2006,ACM SIGCSE Bulletin,10.1145/1189136.1189170,https://openalex.org/W2157013691,qualifies-claim; real-world,"The study presented in this paper explores junior high school students' comprehension of basic OO concepts. It summarizes major (mis)conceptions demonstrated by the students in two main categories: confusion of (1) taxonomic and (2) partonomic hierarchies with classes, objects and their interrelations.",openalex,llm_reviewed,0.990,confirmed,,doi:10.1145/1189136.1189170
discarded,How objective is object-oriented analysis?,Simon McGinnes,1992,Notes on numerical fluid mechanics and multidisciplinary design,10.1007/bfb0035122,https://openalex.org/W2135756105,off-topic-false-hit,,openalex,llm,0.720,unreviewed,,doi:10.1007/bfb0035122
discarded,Teaching and Learning with BlueJ: Evaluation of a Pedagogical Tool,Kelsey van Haaster; Dianne Hagan,2004,Informing Science and IT Education Conference,10.28945/2798,https://openalex.org/W1504857506,adjacent-subtopic,"BlueJ is a programming environment that has been used to teach object-oriented introductory programming since 1999 in two consecutive first year units at Monash University. An earlier evaluation of its effectiveness in helping students to learn OO programming in the first unit was inconclusive, although most students who participated in the study believed that it did help them to learn Java. It was hoped at that time that students would show positive effects of using BlueJ more in the second unit than in the first. This paper reports on a later evaluation study, when the BlueJ environment had become more stable and easier to install. It examines the reactions and results of students in the second of the two units. It also introduces a set of criteria for evaluating environments designed for novice programmers.",openalex,llm,0.950,unreviewed,,doi:10.28945/2798
discarded,Towards a Comprehensive View of Object-Oriented Play,Elizabeth R. Wynberg; Annerieke Boland; Maartje E. J. Raijmakers; Chiel van der Veen,2021,Educational Psychology Review,10.1007/s10648-021-09608-7,https://openalex.org/W3132510838,off-topic-false-hit,"Abstract The exploration and/or manipulation of objects and materials, referred to as object-oriented play (OOP), is one of the most prominent activities children engage in during early childhood. Especially within early childhood education, it is important to be able to assess and understand OOP, its developmental trajectory, and developmental value. This can support early childhood educators to successfully guide or enrich children’s OOP, so it becomes a context in which learning can take place. During the past decades, three dominant theoretical perspectives have explained and assessed certain (developmental) aspects of OOP: (1) genetic epistemology, (2) cultural historical psychology, and (3) evolutionary psychology. After reviewing the literature concerning OOP according to each theoretical perspective, this paper aims to synthesize these existing theories into a unified theoretical framework. This theoretical framework can be a starting point for future research on OOP in early childhood (education). We answer the following research questions: Q1. What are the defining labels and features of the exploration and/or manipulation of objects and materials by children in early childhood?; Q2. What is the developmental trajectory of the exploration and/or manipulation of objects and materials by children in early childhood?; Q3. What is the developmental value of the exploration and/or manipulation of objects and materials by children in early childhood?",openalex,llm,1.000,unreviewed,,doi:10.1007/s10648-021-09608-7
kept,When intuition and logic clash: The case of the object-oriented paradigm,Irit Hadar,2012,Science of Computer Programming,10.1016/j.scico.2012.10.006,https://openalex.org/W1967717102,qualifies-claim; real-world,"This paper presents difficulties illustrated by software development practitioners with regard to the use and understanding of concepts and principles of the object-oriented paradigm. In order to understand these difficulties and the sources from which they stem, a theoretical framework borrowed from cognitive psychology, called the dual-process theory, was used. The empirical findings, collected using tools based on the qualitative research approach and analyzed through the lens of the dual-process theory, suggest that a tension between intuitive and logical thinking modes may lead to simple mistakes software engineers exhibit when practicing object-oriented analysis and design (OOA/D). Examining the understanding of OOA/D from this perspective helps explain some of the previously documented, as well as some newly identified difficulties in learning and practicing OOA/D, as well as guide the design of future quantitative experiments to understand how prevalent these phenomena are. (C) 2012 Elsevier B.V. All rights reserved.",openalex,human,0.970,human,,doi:10.1016/j.scico.2012.10.006
