status,title,authors,year,venue,doi,url,tags,abstract,provider,decision_source,llm_confidence,llm_review_outcome,llm_change_direction
One of the most useful contributions made by Parnas in this paper is the list of practical suggestions --- specifically, a list of the typical kinds of design decisions that should be hidden within a single module. For those who find information hiding a vague topic, the examples help considerably.

For a long time, Parnas' work seemed to be unrelated to many of the other developments in the structured field, despite the effort Parnas makes in this paper to relate his ideas to the hierarchical design concepts that Dijkstra was publishing at about the same time. More recently, though, it has become evident that his ideas fit neatly into the realm of structured design, and that they are quite compatible with, say, the ideas presented by Stevens, Myers, and Constantine in Structured Design [Paper 18]. The typical consequence of not hiding information is excessive coupling between modules, to use the term first introduced by Constantine; and one also could argue that information hiding is a design heuristic, much like the span of control heuristic presented by Stevens, Myers, and Constantine.",openalex,llm_reviewed,1.000,confirmed,
discarded,RASTtk: A modular and extensible implementation of the RAST algorithm for building custom annotation pipelines and annotating batches of genomes,Thomas Brettin; James J. Davis; Terry Disz; Robert A. Edwards; Svetlana Gerdes; Gary J. Olsen; Robert Olson; Ross Overbeek; Bruce Parrello; Gordon D. Pusch; Maulik Shukla; James Thomason; Rick Stevens; Veronika Vonstein; Alice R. Wattam; Fangfang Xia,2015,Scientific Reports,10.1038/srep08365,https://openalex.org/W2063756105,adjacent-subtopic; bioinformatics; modular-software,"The RAST (Rapid Annotation using Subsystem Technology) annotation engine was built in 2008 to annotate bacterial and archaeal genomes. It works by offering a standard software pipeline for identifying genomic features (i.e., protein-encoding genes and RNA) and annotating their functions. Recently, in order to make RAST a more useful research tool and to keep pace with advancements in bioinformatics, it has become desirable to build a version of RAST that is both customizable and extensible. In this paper, we describe the RAST tool kit (RASTtk), a modular version of RAST that enables researchers to build custom annotation pipelines. RASTtk offers a choice of software for identifying and annotating genomic features as well as the ability to add custom features to an annotation job. RASTtk also accommodates the batch submission of genomes and the ability to customize annotation protocols for batch submissions. This is the first major software restructuring of RAST since its inception.",openalex,llm,0.930,unreviewed,
kept,Information hiding interfaces for aspect-oriented design,Kevin Sullivan; William G. Griswold; Yuanyuan Song; Yuanfang Cai; Macneil Shonle; Nishit Tewari; Hridesh Rajan,2005,,10.1145/1081706.1081734,https://openalex.org/W2117153488,supports-claim; information-hiding; aop-interfaces; modularity,"The growing popularity of aspect-oriented languages, such as AspectJ, and of corresponding design approaches, makes it important to learn how best to modularize programs in which aspect-oriented composition mechanisms are used. We contribute an approach to information hiding modularity in programs that use quantified advising as a module composition mechanism. Our approach rests on a new kind of interface: one that abstracts a crosscutting behavior, decouples the design of code that advises such a behavior from the design of the code to be advised, and that can stipulate behavioral contracts. Our interfaces establish design rules that govern how specific points in program execution are exposed through a given join point model and how conforming code on either side should behave. In a case study of the HyperCast overlay network middleware system, including a real options analysis, we compare the widely cited oblivious design approach with our own, showing significant weaknesses in the former and benefits in the latter.",openalex,llm,0.970,unreviewed,
discarded,Modular-designed engineered bacteria for precision tumor immunotherapy via spatiotemporal manipulation by magnetic field,Xiaotu Ma; Xiaolong Liang; Yao Li; Qingqing Feng; Keman Cheng; Nana Ma; Fei Zhu; Xinjing Guo; Yale Yue; Guangna Liu; Tianjiao Zhang; Jie Liang; Lei Ren; Xiao Zhao; Guangjun Nie,2023,Nature Communications,10.1038/s41467-023-37225-1,https://openalex.org/W4360615589,off-topic-false-hit; biomedical-encapsulation,"Abstract Micro-nano biorobots based on bacteria have demonstrated great potential for tumor diagnosis and treatment. The bacterial gene expression and drug release should be spatiotemporally controlled to avoid drug release in healthy tissues and undesired toxicity. Herein, we describe an alternating magnetic field-manipulated tumor-homing bacteria developed by genetically modifying engineered Escherichia coli with Fe 3 O 4 @lipid nanocomposites. After accumulating in orthotopic colon tumors in female mice, the paramagnetic Fe 3 O 4 nanoparticles enable the engineered bacteria to receive and convert magnetic signals into heat, thereby initiating expression of lysis proteins under the control of a heat-sensitive promoter. The engineered bacteria then lyse, releasing its anti-CD47 nanobody cargo, that is pre-expressed and within the bacteria. The robust immunogenicity of bacterial lysate cooperates with anti-CD47 nanobody to activate both innate and adaptive immune responses, generating robust antitumor effects against not only orthotopic colon tumors but also distal tumors in female mice. The magnetically engineered bacteria also enable the constant magnetic field-controlled motion for enhanced tumor targeting and increased therapeutic efficacy. Thus, the gene expression and drug release behavior of tumor-homing bacteria can be spatiotemporally manipulated in vivo by a magnetic field, achieving tumor-specific CD47 blockage and precision tumor immunotherapy.",openalex,llm,0.990,unreviewed,
discarded,ImageJ2: ImageJ for the next generation of scientific image data,Curtis Rueden; Johannes Schindelin; Mark Hiner; Barry E. DeZonia; Alison E. Walter; Ellen T. Arena; Kevin W. Eliceiri,2017,BMC Bioinformatics,10.1186/s12859-017-1934-z,https://openalex.org/W2580035316,adjacent-subtopic; software-framework; extensibility,"BACKGROUND: ImageJ is an image analysis program extensively used in the biological sciences and beyond. Due to its ease of use, recordable macro language, and extensible plug-in architecture, ImageJ enjoys contributions from non-programmers, amateur programmers, and professional developers alike. Enabling such a diversity of contributors has resulted in a large community that spans the biological and physical sciences. However, a rapidly growing user base, diverging plugin suites, and technical limitations have revealed a clear need for a concerted software engineering effort to support emerging imaging paradigms, to ensure the software's ability to handle the requirements of modern science. RESULTS: We rewrote the entire ImageJ codebase, engineering a redesigned plugin mechanism intended to facilitate extensibility at every level, with the goal of creating a more powerful tool that continues to serve the existing community while addressing a wider range of scientific requirements. This next-generation ImageJ, called ""ImageJ2"" in places where the distinction matters, provides a host of new functionality. It separates concerns, fully decoupling the data model from the user interface. It emphasizes integration with external applications to maximize interoperability. Its robust new plugin framework allows everything from image formats, to scripting languages, to visualization to be extended by the community. The redesigned data model supports arbitrarily large, N-dimensional datasets, which are increasingly common in modern image acquisition. Despite the scope of these changes, backwards compatibility is maintained such that this new functionality can be seamlessly integrated with the classic ImageJ interface, allowing users and developers to migrate to these new methods at their own pace. CONCLUSIONS: Scientific imaging benefits from open-source programs that advance new method development and deployment to a diverse audience. ImageJ has continuously evolved with this idea in mind; however, new and emerging scientific requirements have posed corresponding challenges for ImageJ's development. The described improvements provide a framework engineered for flexibility, intended to support these requirements as well as accommodate future needs. Future efforts will focus on implementing new algorithms in this framework and expanding collaborations with other popular scientific software suites.",openalex,llm,0.900,unreviewed,
discarded,"Efficient, stable and scalable perovskite solar cells using poly(3-hexylthiophene)",Eui Hyuk Jung; Nam Joong Jeon; Eun Young Park; Chan Su Moon; Tae Joo Shin; Tae‐Youl Yang; Jun Hong Noh; Jangwon Seo,2019,Nature,10.1038/s41586-019-1036-3,https://openalex.org/W2923019151,off-topic-false-hit; photovoltaics,,openalex,llm,0.990,unreviewed,
discarded,Bayesian Analysis of Radiocarbon Dates,Christopher Bronk Ramsey,2009,Radiocarbon,10.1017/s0033822200033865,https://openalex.org/W2167452694,off-topic-false-hit; bayesian-statistics; modular-fashion,"If radiocarbon measurements are to be used at all for chronological purposes, we have to use statistical methods for calibration. The most widely used method of calibration can be seen as a simple application of Bayesian statistics, which uses both the information from the new measurement and information from the 14 C calibration curve. In most dating applications, however, we have larger numbers of 14 C measurements and we wish to relate those to events in the past. Bayesian statistics provides a coherent framework in which such analysis can be performed and is becoming a core element in many 14 C dating projects. This article gives an overview of the main model components used in chronological analysis, their mathematical formulation, and examples of how such analyses can be performed using the latest version of the OxCal software (v4). Many such models can be put together, in a modular fashion, from simple elements, with defined constraints and groupings. In other cases, the commonly used “uniform phase” models might not be appropriate, and ramped, exponential, or normal distributions of events might be more useful. When considering analyses of these kinds, it is useful to be able run simulations on synthetic data. Methods for performing such tests are discussed here along with other methods of diagnosing possible problems with statistical models of this kind.",openalex,llm,0.990,unreviewed,
discarded,Reduction of lead leakage from damaged lead halide perovskite solar modules using self-healing polymer-based encapsulation,Yan Jiang; Longbin Qiu; Emilio J. Juárez‐Pérez; Luis K. Ono; Zhanhao Hu; Zonghao Liu; Zhifang Wu; Lingqiang Meng; Qijing Wang; Yabing Qi,2019,Nature Energy,10.1038/s41560-019-0406-2,https://openalex.org/W2950254173,off-topic-false-hit; photovoltaic-encapsulation,,openalex,llm,0.990,unreviewed,
discarded,The Athena++ Adaptive Mesh Refinement Framework: Design and Magnetohydrodynamic Solvers,James M. Stone; Kengo Tomida; Christopher J. White; Kyle G. Felker,2020,The Astrophysical Journal Supplement Series,10.3847/1538-4365/ab929b,https://openalex.org/W3025571086,adjacent-subtopic; scientific-framework; modular-design,"Abstract The design and implementation of a new framework for adaptive mesh refinement calculations are described. It is intended primarily for applications in astrophysical fluid dynamics, but its flexible and modular design enables its use for a wide variety of physics. The framework works with both uniform and nonuniform grids in Cartesian and curvilinear coordinate systems. It adopts a dynamic execution model based on a simple design called a “task list” that improves parallel performance by overlapping communication and computation, simplifies the inclusion of a diverse range of physics, and even enables multiphysics models involving different physics in different regions of the calculation. We describe physics modules implemented in this framework for both nonrelativistic and relativistic magnetohydrodynamics (MHD). These modules adopt mature and robust algorithms originally developed for the Athena MHD code and incorporate new extensions: support for curvilinear coordinates, higher-order time integrators, more realistic physics such as a general equation of state, and diffusion terms that can be integrated with super-time-stepping algorithms. The modules show excellent performance and scaling, with well over 80% parallel efficiency on over half a million threads. The source code has been made publicly available.",openalex,llm,0.920,unreviewed,
discarded,A software design method for real-time systems,Hassan Gomaa,1984,Communications of the ACM,10.1145/358234.358262,https://openalex.org/W1964242954,adjacent-subtopic; modular-design; non-oo,DARTS—a design method for real-time systems—leads to a highly structured modular system with well-defined interfaces and reduced coupling between tasks.,openalex,llm,0.940,unreviewed,
discarded,Concept analysis for module restructuring,Paolo Tonella,2001,IEEE Transactions on Software Engineering,10.1109/32.917524,https://openalex.org/W2123697676,adjacent-subtopic; module-restructuring; encapsulation-violations,"Low coupling between modules and high cohesion inside each module are the key features of good software design. This paper proposes a new approach to using concept analysis for module restructuring, based on the computation of extended concept subpartitions. Alternative modularizations, characterized by high cohesion around the internal structures that are being manipulated, can be determined by such a method. To assess the quality of the restructured modules, the trade-off between encapsulation violations and decomposition is considered, and proper measures for both factors are defined. Furthermore, the cost of restructuring is evaluated through a measure of distance between the original and the new modularizations. Concept subpartitions were determined for a test suite of 20 programs of variable size: 10 public-domain and 10 industrial applications. The trade-off between encapsulation and decomposition was measured on the resulting module candidates, together with an estimate of the cost of restructuring. Moreover, the ability of concept analysis to determine meaningful modularizations was assessed in two ways. First, programs without encapsulation violations were used as oracles, assuming the absence of violations as an indicator of careful decomposition. Second, the suggested restructuring interventions were actually implemented in some case studies to evaluate the feasibility of restructuring and to deeply investigate the code organization before and after the intervention. Concept analysis was experienced to be a powerful tool supporting module restructuring.",openalex,llm,0.900,unreviewed,
discarded,The Click modular router,Robert Morris; Eddie Kohler; John Jannotti; M. Frans Kaashoek,1999,,10.1145/319151.319166,https://openalex.org/W2156874421,off-topic-false-hit; network-router; modularity,"Click is a new software architecture for building flexible and configurable routers. A Click router is assembled from packet processing modules called elements. Individual elements implement simple router functions like packet classification, queueing, scheduling, and interfacing with network devices. Complete configurations are built by connecting elements into a graph; packets flow along the graph's edges. Several features make individual elements more powerful and complex configurations easier to write, including pull processing, which models packet flow driven by transmitting interfaces, and flow-based router context, which helps an element locate other interesting elements.We demonstrate several working configurations, including an IP router and an Ethernet bridge. These configurations are modular---the IP router has 16 elements on the forwarding path---and easy to extend by adding additional elements, which we demonstrate with augmented configurations. On commodity PC hardware running Linux, the Click IP router can forward 64-byte packets at 73,000 packets per second, just 10% slower than Linux alone.",openalex,llm,0.980,unreviewed,
discarded,TURBOMOLE: Modular program suite for ab initio quantum-chemical and condensed-matter simulations,Sree Ganesh Balasubramani; Guo P. Chen; Sonia Coriani; Michael Diedenhofen; Marius S. Frank; Yannick J. Franzke; Filipp Furche; Robin Grotjahn; Michael E. Harding; Christof Hättig; Arnim Hellweg; Benjamin Helmich‐Paris; Christof Holzer; Uwe Huniar; Martin Kaupp; Alireza Marefat Khah; Sarah Karbalaei Khani; Thomas Müller; Fabian Mack; Brian D. Nguyen; Shane M. Parker; Eva Perlt; Dmitrij Rappoport; Kevin Reiter; Saswata Roy; Matthias Rückert; Gunnar Alexander Schmitz; Marek Sierka; Enrico Tapavicza; David P. Tew; Christoph van Wüllen; Vamsee K. Voora; Florian Weigend; Artur Wodyński; Jason M. Yu,2020,The Journal of Chemical Physics,10.1063/5.0004635,https://openalex.org/W3025424660,off-topic-false-hit; scientific-software; modular-suite,"TURBOMOLE is a collaborative, multi-national software development project aiming to provide highly efficient and stable computational tools for quantum chemical simulations of molecules, clusters, periodic systems, and solutions. The TURBOMOLE software suite is optimized for widely available, inexpensive, and resource-efficient hardware such as multi-core workstations and small computer clusters. TURBOMOLE specializes in electronic structure methods with outstanding accuracy-cost ratio, such as density functional theory including local hybrids and the random phase approximation (RPA), GW-Bethe-Salpeter methods, second-order Møller-Plesset theory, and explicitly correlated coupled-cluster methods. TURBOMOLE is based on Gaussian basis sets and has been pivotal for the development of many fast and low-scaling algorithms in the past three decades, such as integral-direct methods, fast multipole methods, the resolution-of-the-identity approximation, imaginary frequency integration, Laplace transform, and pair natural orbital methods. This review focuses on recent additions to TURBOMOLE's functionality, including excited-state methods, RPA and Green's function methods, relativistic approaches, high-order molecular properties, solvation effects, and periodic systems. A variety of illustrative applications along with accuracy and timing data are discussed. Moreover, available interfaces to users as well as other software are summarized. TURBOMOLE's current licensing, distribution, and support model are discussed, and an overview of TURBOMOLE's development workflow is provided. Challenges such as communication and outreach, software infrastructure, and funding are highlighted.",openalex,llm,0.980,unreviewed,
discarded,GATE: a simulation toolkit for PET and SPECT,S Jan; G. Santin; D. Strul; Steven Staelens; Karine Assié; D. Autret; Stéphane Avner; R. Barbier; Manuel Bardiès; P Bloomfield; D. Brasse; Vincent Breton; P. Bruyndonckx; Irène Buvat; Arion F. Chatziioannou; Yong Choi; Yong Hyun Chung; Claude Comtat; D. Donnarieix; Ludovic Ferrer; Stephen J. Glick; C.J. Groiselle; David Guez; P-F Honore; S Kerhoas-Cavata; Assen S. Kirov; V. Kohli; Michel Koole; M. Krieguer; D.J. van der Laan; F. Lamare; G. Largeron; Carole Lartizien; D. Lazaro; Marnix C. Maas; Lydia Maigne; F. Mayet; F. Melot; Charbel Merheb; E. Pennacchio; J Perez; U. Pietrzyk; Fernando R. Rannou; M. Rey; Dennis R. Schaart; C. Ross Schmidtlein; L. Simon; T. Y. Song; J-M Vieira; Dimitris Visvikis; Rik Van de Walle; E. Wieërs; C. Morel,2004,Physics in Medicine and Biology,10.1088/0031-9155/49/19/007,https://openalex.org/W2138884296,off-topic-false-hit; software-encapsulates-library; medical-imaging,"Monte Carlo simulation is an essential tool in emission tomography that can assist in the design of new medical imaging devices, the optimization of acquisition protocols and the development or assessment of image reconstruction algorithms and correction techniques. GATE, the Geant4 Application for Tomographic Emission, encapsulates the Geant4 libraries to achieve a modular, versatile, scripted simulation toolkit adapted to the field of nuclear medicine. In particular, GATE allows the description of time-dependent phenomena such as source or detector movement, and source decay kinetics. This feature makes it possible to simulate time curves under realistic acquisition conditions and to test dynamic reconstruction algorithms. This paper gives a detailed description of the design and development of GATE by the OpenGATE collaboration, whose continuing objective is to improve, document and validate GATE by simulating commercially available imaging systems for PET and SPECT. Large effort is also invested in the ability and the flexibility to model novel detection systems or systems still under design. A public release of GATE licensed under the GNU Lesser General Public License can be downloaded at http:/www-lphe.epfl.ch/GATE/. Two benchmarks developed for PET and SPECT to test the installation of GATE and to serve as a tutorial for the users are presented. Extensive validation of the GATE simulation platform has been started, comparing simulations and measurements on commercially available acquisition systems. References to those results are listed. The future prospects towards the gridification of GATE and its extension to other domains such as dosimetry are also discussed.",openalex,llm,0.990,unreviewed,
