status,title,authors,year,venue,doi,url,tags,abstract,provider,decision_source,llm_confidence,llm_review_outcome,llm_change_direction,paper_id
discarded,Empowering sustainability: the role of green human resource management in fostering pro-environmental behavior in hospitality employees,"Ishaque, Sadia; Ansari, Nabeel Younus",2025,JOURNAL OF HOSPITALITY AND TOURISM INSIGHTS,10.1108/JHTI-09-2024-1010,https://www.webofscience.com/wos/woscc/full-record/WOS:001481767100001,off-topic-false-hit,"PurposeRising pollution, resource scarcity and irreversible climate change have prompted business organizations to plan and implement green practices. One of the most critical aspects of organizational green management is the employees' role in putting environmental management strategies into action. Hence, how to facilitate and motivate employees to exhibit green behaviors in general and pro-environmental behaviors (PEBs) in particular has become of prime significance for contemporary firms, as such behaviors have been suggested to contribute to environmental sustainability. Regardless of the increased awareness of studying employee PEBs, few studies have examined the antecedents and driving forces of PEBs.Design/methodology/approachThe present study employed SmartPLS and SPSS to test proposed hypotheses from 286 valid responses gathered from the hospitality industry.FindingsThis study's findings explain the significant role of green human resource management practices in predicting employees' pro-environmental behavior by using green work engagement as a mediator. Moreover, individual green values were also found to be a significant moderator in this study.Research limitations/implicationsGreen human resource management (GHRM) techniques, such as training and incentive programs, could be implemented by businesses in hospitality to promote environmentally friendly behavior. To increase green engagement, managers could provide a welcoming, environmentally conscientious work environment. The authorities could set industry standards and provide incentives for GHRM strategies.Originality/valueThis study addresses the underexplored area of pro-environmental behavior antecedents. It highlights the role of green practices in promoting environmental sustainability through employee behavior, with a unique focus on mediation and moderation mechanisms. The research offers practical insights for organizations, particularly in the hospitality sector, on implementing effective green strategies that foster employee engagement and promote green values.",wos,llm,1.000,unreviewed,,doi:10.1108/jhti-09-2024-1010
discarded,Availability and Performance Analysis of Cloud Services,"Callou, Gustavo; Vieira, Marco",2024,"13TH LATIN-AMERICAN SYMPOSIUM ON DEPENDABLE AND SECURE COMPUTING, LADC 2024",10.1145/3697090.3697105,https://www.webofscience.com/wos/woscc/full-record/WOS:001447358400037,off-topic-false-hit,"Companies need to adjust their service infrastructure to the demand over time. Given its elasticity and scalability, cloud computing represents an interesting option for meeting such demands. In this context, availability and performance are two critical aspects of cloud services that can significantly impact the success of businesses and organizations. This work proposes models to analyze availability and performance metrics of a web service hosted in a private cloud environment. Models based on stochastic Petri net and reliability block diagrams are proposed and validated through a testbed cloud service. The case studies illustrate the applicability of the proposed models, and the results clearly show the relevance of adopting models to represent cloud service systems.",wos,llm,1.000,unreviewed,,doi:10.1145/3697090.3697105
discarded,An intelligent secure and efficient workflow scheduling (SEWS) model for heterogeneous cloud computing environment,"Pasha, Fairoz; Natarajan, Jayapandian",2025,KNOWLEDGE AND INFORMATION SYSTEMS,10.1007/s10115-025-02416-3,https://www.webofscience.com/wos/woscc/full-record/WOS:001469598400001,off-topic-false-hit,"This study recognizes the critical role of the cloud computing platform in scientific workflow applications yet identifies vulnerabilities in existing cloud workflow systems, such as information leaks, unauthorized access, and compromised data integrity during task scheduling. Mainly, attackers exploit the lack of security for intermediate-level task information. To address these security threats, this work introduces the secure and efficient workflow scheduling (SEWS) model for heterogeneous cloud computing environments. The SEWS model identifies malicious attacks on all workflow tasks and focuses explicitly on safeguarding intermediary data. The SEWS model employs intelligent techniques to enhance security and introduces a comprehensive metric to measure the security of workflow tasks, considering factors like integrity, confidentiality, and availability. Beyond security improvements, the SEWS model aims to elevate the overall quality of service (QoS) in workflow scheduling applications. This includes reducing simulation time, enhancing overall power efficiency, and minimizing average energy consumption. Results: Results from the SEWS model demonstrate substantial improvements over the energy-minimized scheduling (EMS) model, with a reduction of 79.41% in average simulation time, 87.92% in average power sum, 41.35% in average power average, and 89.62% in average energy consumption. These findings underscore the SEWS model's effectiveness in providing enhanced security and improved QoS in cloud workflow scheduling. The overarching goal of this work is to contribute to developing a more secure and efficient cloud workflow scheduling system, aligning with the increasing demands for robust security measures and optimized performance in heterogeneous cloud environments. Findings: Compared to the energy-minimized scheduling (EMS) model, the findings of this study demonstrate that the secure and efficient workflow scheduling (SEWS) model yields superior outcomes across key performance metrics. Specifically, the SEWS model excels in average simulation time, power sum, power average, and energy consumption. These results underscore the effectiveness of the SEWS model in enhancing the efficiency and resource utilization of cloud workflow scheduling. Importantly, the study identifies a notable gap in the existing work related to workflow task scheduling. Many prior studies still need to address the critical aspects of security and QoS in this context. While some jobs have attempted to enhance security, a significant limitation is the failure to extend these security measures to intermediary data. This gap in the literature highlights the unique contribution of the SEWS model, which addresses security concerns comprehensively and prioritizes QoS in the workflow task scheduling process. The observed superiority of the SEWS model in comparison with the EMS model serves as a testament to the model's efficacy in concurrently addressing security and QoS challenges. By focusing on intermediary data, the SEWS model presents a holistic solution that aligns with the increasing demand for comprehensive security measures in cloud workflow environments. The findings emphasize the significance of integrating security and QoS considerations to establish a more robust and efficient workflow scheduling framework in heterogeneous cloud computing environments.",wos,llm,1.000,unreviewed,,doi:10.1007/s10115-025-02416-3
discarded,Enhancing Noise and Vibration Performance for a Traction Squirrel Cage Induction Machine Through Rotor Design Optimization,"Song, Pengzhao; Taqayil, Omolbanin; Li, Ze; Byczynski, Glenn; Karl, Narayan C.",2024,"2024 IEEE INTERNATIONAL MAGNETIC CONFERENCE, INTERMAG",10.1109/INTERMAG56625.2024.10830466,https://www.webofscience.com/wos/woscc/full-record/WOS:001441152900011,off-topic-false-hit,"With their durable and simple design, squirrel cage induction machines (SCIMs) have become the preferred choice for electric vehicle (EV) traction application, featuring robust construction that withstands challenging terrains and allowing for cost-effective maintenance, thereby contributing to their widespread adoption in the electrified transportation industry for enhanced reliability and efficiency. Nevertheless, the optimal functionality of the SCIM relies heavily on its electromagnetic design, specifically concerning the rotor geometry. It is imperative to address critical aspects of noise and vibration (NV) in the design process to maximize the electromagnetic performance of the machine, an aspect that was previously neglected. In order to improve the electromagnetic related performance of the SCIMs while keeping the NV aspects at a desired level, this paper focuses on the concurrent modification of the rotor slot shapes of one traction induction machine. In this regard, the initial focus will be on studying the impact of diverse rotor slot and bar shapes on the electromagnetic performance. Subsequently, the electromagnetic force will be computed utilizing the Maxwell stress tensor method. Modal analysis will then be employed to investigate the inherent characteristics of the machine. Following comparisons with alternative scenarios, the machine's optimal performance will serve as a case study, facilitating a comprehensive NV analysis.",wos,llm,1.000,unreviewed,,doi:10.1109/intermag56625.2024.10830466
discarded,Bi-Level hierarchical ensemble intelligent approach for evaluating Spatio-Temporal Semantic data management systems in IoT-Based Agriculture 5.0,"Mourad, Nahia; Qahtan, Sarah; Zaidan, B. B.; Ibrahim, Hassan A.; Zaidan, A. A.",2025,EXPERT SYSTEMS WITH APPLICATIONS,10.1016/j.eswa.2025.127083,https://www.webofscience.com/wos/woscc/full-record/WOS:001449974800001,off-topic-false-hit,"Spatio-Temporal Semantic Data Management Systems (STSs) are crucial for Agriculture 5.0, utilizing the Internet of Things (IoT) to enhance decision-making through efficient data collection, storage, analysis, and visualization. Although eight critical aspects of STSs in IoT-based Agriculture 5.0 have been identified, no study has evaluated them concurrently, revealing a significant research gap. The evaluation of STSs presents a complex Multi-Criteria Decision-Making (MCDM) challenge due to the variability of aspects, prioritization criteria, data, and the uncertainty and imprecision in opinion data, with existing methods often yielding conflicting results. Given that no single method is universally superior, integrating MCDM techniques into ensemble approaches can enhance decision-making robustness. The flat Half-Quadratic Programming (HQP) ensemble approach has attracted attention; however, its theoretical limitations, such as a restricted number of ranking orders, necessitate the development of a more advanced solution. This study's main contribution is the proposal of a bi-level hierarchical HQP ensemble intelligent approach for evaluating STSs in IoT-based Agriculture 5.0. The methodology of the proposed intelligent approach is structured in three phases: (1) Generating multiple ranking orders using the entropy method for prioritizing criteria, managing the variability of aspects and data, and handling uncertainty with the fuzzy decision-by-opinion score method within a single-valued neutrosophic set, resulting in 30 ranking orders from three decision-makers; (2) Formulating and developing the bi-level hierarchical HQP ensemble to aggregate rankings both within and across decision-makers; and (3) comparing the bi-level hierarchical and flat HQP ensembles, focusing on method weights, consensus index, and trust levels to assess robustness and reliability. Key results show a 0.7040 correlation between the two approaches, with positive yet variable outcomes as the number of methods and decision-makers increases. The comparison highlights differences in the weighting of decision-makers' opinions. In the bi-level hierarchical ensemble, the 1st and 3rd decision-makers hold the most influence (weights of 0.5187 and 0.4055, respectively), while the 2nd decision-maker's influence is minimal (7%). In contrast, the flat HQP ensemble prioritizes the 1st decision-maker (0.5584), with the 2nd and 3rd decision-makers having lower and similar weights (0.1822 and 0.2595). The consensus index, reflecting robustness, is high for decision-makers, ranging from 0.9319 to 0.9650 for Level 1 and 0.9253 for Level 2, compared to 0.9225 for the flat HQP ensemble. Trust levels, indicating reliability, are similarly high, ranging from 0.9636 to 0.9986 for Level 1 and 0.9571 for Level 2, versus 0.9459 for the flat HQP ensemble. The bi-level approach demonstrates superior robustness and reliability, outperforming the flat HQP ensemble.",wos,llm,1.000,unreviewed,,doi:10.1016/j.eswa.2025.127083
discarded,Safe Force/Position Tracking Control via Control Barrier Functions for Floating Base Mobile Manipulator Systems,"Sharifi, Maryam; Heshmati-Alamdari, Shahab",2024,"2024 EUROPEAN CONTROL CONFERENCE, ECC 2024",10.23919/ECC64448.2024.10591297,https://www.webofscience.com/wos/woscc/full-record/WOS:001290216503062,off-topic-false-hit,"This paper introduces a safe force/position tracking control strategy designed for Free-Floating Mobile Manipulator Systems (MMSs) engaging in compliant contact with planar surfaces. The strategy uniquely integrates the Control Barrier Function (CBF) to manage operational limitations and safety concerns. It effectively addresses safety-critical aspects in the kinematic as well as dynamic level, such as manipulator joint limits, system velocity constraints, and inherent system dynamic uncertainties. The proposed strategy remains robust to the uncertainties of the MMS dynamic model, external disturbances, or variations in the contact stiffness model. The proposed control method has low computational demand ensures easy implementation on onboard computing systems, endorsing real-time operations. Simulation results verify the strategy's efficacy, reflecting enhanced system performance and safety.",wos,llm,1.000,unreviewed,,doi:10.23919/ecc64448.2024.10591297
discarded,Challenges and Opportunities in Fog Computing Scheduling: A Literature Review,"Chuan, Wu Chia; Laghari, Shams Ul Arfeen; Manickam, Selvakumar; Ashraf, Erum; Karuppayah, Shankar",2025,IEEE ACCESS,10.1109/ACCESS.2024.3525261,https://www.webofscience.com/wos/woscc/full-record/WOS:001405911400031,off-topic-false-hit,"The integration of the Internet of Things (IoT) has significantly transformed the way physical objects communicate, facilitating a wide range of applications. Nonetheless, both IoT and Artificial Intelligence (AI)-based applications face obstacles concerning the availability of computing resources, security, and constraints on energy consumption. While cloud computing provides certain resolutions, it also poses additional challenges, including heightened communication expenses and security vulnerabilities due to its physical disconnection from endpoint devices. As a countermeasure, fog computing emerges as a viable alternative by relocating computational resources nearer to the data origin at the edge of the network, yet it is not without its own set of issues such as the diversity of nodes and resource scarcity. This survey conducts an exhaustive analysis of the literature on scheduling within fog computing. It meticulously compares and contrasts various scheduling methodologies, taking into account critical aspects like the characteristics of fog computing, case studies, performance metrics, and simulation tools for evaluation, in addition to outlining their advantages and limitations. Moreover, it elaborates on a detailed taxonomy, assesses performance metrics, and examines performance parameters such as resource utilization, execution time, energy consumption, etc. Additionally, it identifies numerous prevailing challenges and issues. This survey paper aims to support the research community by highlighting potential avenues for future studies and key considerations in the development of scheduling strategies that leverage diverse contextual data.",wos,llm,1.000,unreviewed,,doi:10.1109/access.2024.3525261
discarded,Crossing the threshold: addressing multiple exclusion homelessness in social work education,"Mason, Karl; Harris, Jess",2025,SOCIAL WORK EDUCATION,10.1080/02615479.2025.2455003,https://www.webofscience.com/wos/woscc/full-record/WOS:001400520500001,adjacent-subtopic,"This article presents the results of a study considering the extent of teaching on 'multiple exclusion homelessness' in social work curricula in England. A national 'Call for Evidence' was sent to all universities in England providing a social work qualifying program and yielded 45 responses from 39 universities. Semi-structured interviews were conducted with 30 key informants (social work academics, students, and placement providers) in order to elaborate upon the results of the 'Call for Evidence'. We found that only 50% of universities provided specific teaching on this topic, but that 85% offered placements in homelessness settings, suggesting ambiguous attitudes toward teaching about multiple exclusion homelessness in social work education. Whilst an overview of the 'Call for Evidence' results will be presented, this article focuses on a thematic analysis of the qualitative interviews. The findings suggest that teaching in this area has the potential to be troublesome, affective, integrative, and transformational, challenging fundamental ideas about what 'real social work' comprises. As such, multiple exclusion homelessness can be considered as a 'threshold concept' for social work education. The article concludes that social work education needs to cross this threshold in order to equip social work students for working in this complex area.",wos,llm,0.990,unreviewed,,doi:10.1080/02615479.2025.2455003
discarded,Unplugged programming in an early primary technology classroom: What conditions for learning are created?,A. Berg,2025,Lumat,10.31129/LUMAT.13.1.2777,https://www.scopus.com/inward/record.uri?partnerID=HzOxMe3b&scp=105017747754&origin=inward,adjacent-subtopic,"Although using computers is the most common strategy to teach programming, “unplugged programming” (UP) has gained in popularity within educational settings. UP refers to the act of programming without a computer. However, research on UP has mainly focused on upper primary, middle-and high school students. The limited number of studies on UP in early primary school are, in addition, mainly quantitative effect studies. In this case study, we focused on the UP-classroom practice in early primary school during one lesson in technology (grade 1, 6-7-year-old students). The programming content, or the object of learning, that was in focus during the lesson was students’ capability to understand the idea of sequencing commands. The aim of the study was to explore what aspects of the object of learning emerge as critical in the UP classroom. Our analysis revealed that the students, to be able to understand the idea of sequencing commands, needed to discern several rather detailed aspects. Importantly, one can’t take for granted that these are aspects they discern when observing or interacting with programmable artefacts out of school. Rather, the results imply that it is a content that needs to be explicitly dealt with in the primary technology classroom.",scopus,llm,0.960,unreviewed,,doi:10.31129/lumat.13.1.2777
