status,title,authors,year,venue,doi,url,tags,abstract,provider,decision_source,llm_confidence,llm_review_outcome,llm_change_direction,paper_id
discarded,"HydroVLab, Hydrology Virtual Laboratory",F. Oñate-Valdivieso,2022,Lecture Notes in Electrical Engineering,10.1007/978-3-030-93718-8_11,https://www.scopus.com/inward/record.uri?partnerID=HzOxMe3b&scp=85125586490&origin=inward,off-topic-false-hit,"Despite the Information and Communication Technology has been widely applied in online and distance learning, there are still topics, that involve the practical application of knowledge, that have not yet been fully resolved by ICTs, especially in the field of Engineering. This paper presents the Hydrology Virtual Laboratory (HydroVLab), an academic initiative that aims to provide tools for the simulation of hydrological phenomena, data analysis and the design of relevant elements in hydraulic and fluvial engineering through the Web. The didactic conception of HydroVLab allows students and researchers to analyze the different hydrological phenomena and their interrelation with their most relevant parameters. For the design, analysis and implementation of this software, the Unified Development Process was used, alongside a robust architecture that manages an assembly in three layers, which is developed under the advanced object-oriented language. This has allowed a flexible and adaptable design, capable of including new elements and performing changes for its expansion and maintenance.",scopus,llm,1.000,unreviewed,,doi:10.1007/978-3-030-93718-8_11
discarded,Heritage Ecologies,T.R. Bangstad,2021,Heritage Ecologies,10.4324/9781315101019,https://www.scopus.com/inward/record.uri?partnerID=HzOxMe3b&scp=85114847696&origin=inward,off-topic-false-hit,,scopus,llm,0.990,unreviewed,,doi:10.4324/9781315101019
discarded,Students' Conceptions of Object-Oriented Programming in the Context of Game Designing in Computing Education: Design of a Ph.D. Research Project to Explore Students' Conceptions in a Long-Term Study,F. Batur,2021,SIGCSE 2021 Proceedings of the 52nd ACM Technical Symposium on Computer Science Education,10.1145/3408877.3439582,https://www.scopus.com/inward/record.uri?partnerID=HzOxMe3b&scp=85103334468&origin=inward,adjacent-subtopic,"Playing digital games seems to be an important leisure activity of 12 to 19 year olds in Germany: 63% of them stated to play at least several times a week in 2019. Studies show that dealing with game designing can have a positive effect on programming competences. Therefore, it is no wonder that digital games often used as a favorite context for teaching programming. Surprisingly, there is a lack of studies on students' mental models of programming in the context of digital games. This poster presents a Ph.D. research project and its design approach to identify students' conceptions and mental models concerning a specific digital game. As a long-term study, the project shall give an insight into the development of students' conceptions of object-oriented programming (OOP) and their ability to apply learned OOP concepts to digital games (e.g. Tetris™) in introductory classes over time.",scopus,llm,0.970,unreviewed,,doi:10.1145/3408877.3439582
kept,"Understanding the “this” reference in object oriented programming: Misconceptions, conceptions, and teaching recommendations",R. Shmallo,2021,Education and Information Technologies,10.1007/s10639-020-10265-6,https://www.scopus.com/inward/record.uri?partnerID=HzOxMe3b&scp=85088966102&origin=inward,supports-claim,"The paper presents research that aims to expose students' understanding of thethisreference in object-oriented programming. The study was conducted with high school students (N = 86) and college engineering students (N = 77). Conceptualization ofthisreflects an understanding of objects in general and involves aspects of programming variants and programmers' preferences as well. To examine students' conceptions, perceptions, and misconceptions we developed a diagnostic tool that usesthisin various contexts, such as in constructors, as a visible parameter, for calling an overloaded constructor in class, or while transiting a non-static method usingthisto a static one. The detailed analysis revealed difficulties, in both groups of participants, in conceptualizing the meaning ofthisas the current object and in its various uses in the code. The discussion presents students' conceptions of ""what isthis"", nine misconceptions that we characterized, and answers to our research questions. The conclusion offers recommendations for teaching and learning processes in light of the results obtained.",scopus,llm,1.000,unreviewed,,doi:10.1007/s10639-020-10265-6
discarded,Design and implementation of P2P based mobile app for collaborative learning in higher education,A. Blilat,2020,International Journal of Interactive Mobile Technologies,10.3991/IJIM.V14I07.13167,https://www.scopus.com/inward/record.uri?partnerID=HzOxMe3b&scp=85085895905&origin=inward,off-topic-false-hit,"Within the recent years, mobile technologies have made major progress in its de-velopment. They have become an integral part of our daily life. Therefore, the big interest of using mobile technology in education process is comprehensible. A new technology was born called mobile learning (m-learning). The main benefits of this technology is sharing three important dimensions of learning resources namely learning contents, learning collaborators and learning services. In univer-sity courses, different forms of collaborative and peer learning are progressively used in order to assist students meet an assortment of learning outcomes. There-fore, the use of mobile technologies in education has become a crucial topic for research. Because mobile phone is the first choice of everyone to communicate, our research is focused on the use of smartphones as learning resources. In this paper, we propose an implementation of a new mobile application based peer-to-peer learning system named ""EachOther"" and a scenario for its usage applied on students of an IT course at the High School of Technology of Fez (ESTF). The aim of this work consists of the conception, the development and the implementa-tion of the mobile application based on Android system to support collaborative learning, by applying an object-oriented modeling language which is Unified Modeling Language (UML).",scopus,llm,1.000,unreviewed,,doi:10.3991/ijim.v14i07.13167
discarded,How does an educational IDE influence students' conceptions of object-oriented programming?: Design of a Ph.D. research project to explore secondary school students' conceptions of OOP,F. Batur,2019,ACM International Conference Proceeding Series,10.1145/3361721.3362107,https://www.scopus.com/inward/record.uri?partnerID=HzOxMe3b&scp=85074814937&origin=inward,adjacent-subtopic,"Problems with programming or object-oriented programming (OOP) have been reported in several studies. There is still a lack of studies that explore (particularly secondary school) students' conceptions of OOP. Many introductory programming classes in German secondary schools use Greenfoot or BlueJ as an Educational IDE (eIDE). Surprisingly, there are almost no studies on the effect of eIDEs on students' conceptions of programming. This Ph.D. research project aims to find an applicable design approach to identify students' conceptions and mental models concerning the used eIDE.",scopus,llm,0.980,unreviewed,,doi:10.1145/3361721.3362107
discarded,"Proceedings of the 14th Workshop in Primary and Secondary Computing Education, WiPSCE 2019",,2019,ACM International Conference Proceeding Series,,https://www.scopus.com/inward/record.uri?partnerID=HzOxMe3b&scp=85123042228&origin=inward,off-topic-false-hit,,scopus,llm,0.980,unreviewed,,hash:6af71c40a2982cfe
discarded,"17th International Conference on Web-based Learning, ICWL 2018",,2018,Lecture Notes in Computer Science Including Subseries Lecture Notes in Artificial Intelligence and Lecture Notes in Bioinformatics,,https://www.scopus.com/inward/record.uri?partnerID=HzOxMe3b&scp=85052717781&origin=inward,off-topic-false-hit,,scopus,llm,0.980,unreviewed,,hash:e61aacee4b58e41e
discarded,Invited talk: The role of Procedural Guidance in Software Engineering Education,H. Passier,2017,ACM International Conference Proceeding Series,10.1145/3079368.3079398,https://www.scopus.com/inward/record.uri?partnerID=HzOxMe3b&scp=85028753341&origin=inward,adjacent-subtopic,"Designing and programming require several types of knowledge. Beside conceptual knowledge, procedural knowledge is of importance. Procedural knowledge, however, is often missed in courses about software design and implementation. As a consequence, students can easily be stuck and do not know how to proceed.",scopus,llm,0.950,unreviewed,,doi:10.1145/3079368.3079398
kept,Conceptions of the students around object-oriented design: A case study,P. Flores,2017,Xii Jornadas Iberoamericanas De Ingenieria De Software E Ingenieria Del Conocimiento 2017 Jiisic 2017 Held Jointly with the Ecuadorian Conference on Software Engineering Ceis 2017 and the Conference on Software Engineering Applied to Control and Automation Systems Isasca 2017,,https://www.scopus.com/inward/record.uri?partnerID=HzOxMe3b&scp=85032390219&origin=inward,supports-claim,,scopus,llm,0.890,unreviewed,,hash:25f42e66a88eba20
discarded,Verbal communication and object-oriented activity: Interrelation and interdependence,N.N. Nechayev,2016,Voprosy Psikhologii,,https://www.scopus.com/inward/record.uri?partnerID=HzOxMe3b&scp=85015939523&origin=inward,off-topic-false-hit,,scopus,llm,0.960,unreviewed,,hash:ee37bc713bc99bfa
discarded,"Percepts & parameters, a prospective approach of architectural materiality",E. Bigot-Doll,2016,Aesthetics and Neuroscience Scientific and Artistic Perspectives,10.1007/978-3-319-46233-2_12,https://www.scopus.com/inward/record.uri?partnerID=HzOxMe3b&scp=85009654747&origin=inward,off-topic-false-hit,,scopus,llm,1.000,unreviewed,,doi:10.1007/978-3-319-46233-2_12
kept,Object-oriented design and programming: An investigation of novices' conceptions on objects and classes,S. Xinogalos,2015,ACM Transactions on Computing Education,10.1145/2700519,https://www.scopus.com/inward/record.uri?partnerID=HzOxMe3b&scp=84941337071&origin=inward,supports-claim; levels,"The Object-Oriented Programming (OOP) technique is nowadays the most popular programming technique among tertiary education institutions. However, learning OOP is a cognitively demanding task for undergraduate students. Several difficulties and misconceptions have been recorded in the literature for both OOP concepts and languages, mainly Java. This article focuses on reviewing and advancing research on the most fundamental OOP concepts, namely, the concepts of “object” and “class” and their role during program execution. The results of a long-term investigation on the subject are presented, focusing on a study exploring undergraduate students’ conceptions on “objects” and “classes.” The study advances related research on categories of conceptions on “objects” and “classes” by providing quantitative results, in addition to qualitative results, regarding the frequency of the recorded conceptions. Nearly half the students seem to comprehend the modeling and static/dynamic aspects of the concepts “object” and “class.” Implications for achieving a deep conceptual understanding of text, action, and modeling aspects of these fundamental concepts are also discussed. Information regarding the programming environments utilized in the course and key features of the applied teaching approach are presented, in order to facilitate both a better understanding of the context and a better employment of the results of the presented study. Finally, proposals for enhancing the contribution of this and similar studies are made.",scopus,llm_reviewed,1.000,confirmed,,doi:10.1145/2700519
discarded,"Scenario-based programming: Reducing the cognitive load, fostering abstract thinking",G. Alexandron,2014,36th International Conference on Software Engineering ICSE Companion 2014 Proceedings,10.1145/2591062.2591167,https://www.scopus.com/inward/record.uri?partnerID=HzOxMe3b&scp=84903554856&origin=inward,adjacent-subtopic,"We examine how students work in scenario-based and object- oriented programming (OOP) languages, and qualitatively analyze the use of abstraction through the prism of the dif- ferences between the paradigms. The findings indicate that when working in a scenario-based language, programmers think on a higher level of abstraction than when working with OOP languages. This is explained by other findings, which suggest how the declarative, incremental nature of scenario-based programming facilitates separation of con- cerns, and how it supports a kind of programming that al- lows programmers to work with a less detailed mental model of the system they develop. The findings shed light on how declarative approaches can reduce the cognitive load involved in programming, and how scenario-based program- ming might solve some of the difficulties involved in the use of declarative languages. This is applicable to the design of learning materials, and to the design of programming lan- guages and tools.",scopus,llm_reviewed,0.940,changed,kept->discarded,doi:10.1145/2591062.2591167
discarded,Notional machines and introductory programming education,J. Sorva,2013,ACM Transactions on Computing Education,10.1145/2483710.2483713,https://www.scopus.com/inward/record.uri?partnerID=HzOxMe3b&scp=84880204596&origin=inward,adjacent-subtopic,"This article brings together, summarizes, and comments on several threads of research that have contributed to our understanding of the challenges that novice programmers face when learning about the runtime dynamics of programs and the role of the computer in program execution. More specifically, the review covers the literature on programming misconceptions, the cognitive theory of mental models, constructivist theory of knowledge and learning, phenomenographic research on experiencing programming, and the theory of threshold concepts. These bodies of work are examined in relation to the concept of a “notional machine”—an abstract computer for executing programs of a particular kind. As a whole, the literature points to notional machines as a major challenge in introductory programming education. It is argued that instructors should acknowledge the notional machine as an explicit learning objective and address it in teaching. Teaching within some programming paradigms, such as object-oriented programming, may benefit from using multiple notional machines at different levels of abstraction. Pointers to some promising pedagogical techniques are provided.",scopus,llm,0.820,unreviewed,,doi:10.1145/2483710.2483713
discarded,"Proceedings - 12th Koli Calling International Conference on Computing Education Research, Koli Calling 2012",,2012,Proceedings 12th Koli Calling International Conference on Computing Education Research Koli Calling 2012,,https://www.scopus.com/inward/record.uri?partnerID=HzOxMe3b&scp=84871594269&origin=inward,off-topic-false-hit,,scopus,llm,0.980,unreviewed,,hash:9a762592046d71fb
kept,Fuzzy OOP: Expanded and reduced term interpretations,R. Shmallo,2012,Annual Conference on Innovation and Technology in Computer Science Education Iticse,10.1145/2325296.2325368,https://www.scopus.com/inward/record.uri?partnerID=HzOxMe3b&scp=84864658801&origin=inward,supports-claim; levels,"We display a novel perspective of novice OOP difficulties. In a thorough study of 120 undergraduates, in their first OOP course, we noticed a variety of misconceptions and difficulties with a wide range of basic terms and notions. Careful analysis revealed a recurring phenomenon, of fuzzy OOP conceptions, which derive from expansion and reduction of basic term features. Novices tended to expand and/or reduce properties not only of terms such as ""class"" and ""object"", but also of terms such as ""static"", ""access"", and ""instance"". Particular misconceptions were of the forms: ""One vs. Many"". We display a detailed categorization of our findings, in an ordered hierarchical structure, and discuss its cognitive characteristics.",scopus,llm_reviewed,0.990,confirmed,,doi:10.1145/2325296.2325368
discarded,MODEL-IT: A design retrospective,S.J. Metcalf,2012,Innovations in Science and Mathematics Education Advanced Designs for Technologies of Learning,10.4324/9781410602671-10,https://www.scopus.com/inward/record.uri?partnerID=HzOxMe3b&scp=85070991954&origin=inward,off-topic-false-hit,"We spen t 4 year s developin g MODEL-IT , a learner-centere d too l fo r building dynamic, qualitative-based models. From its original conception, the goa l o f MODEL-I T ha s been t o suppor t students , even thos e wit h only ver y basi c mathematica l skills , as the y buil d dynami c model s o f scientifc phenomen a an d simulation s wit h thei r model s t o verif y an d analyze the results. MODEL-IT provides an easy-to-use object-oriente d visual languag e wit h whic h student s ca n defn e thei r model s withou t having t o us e traditiona l programming . Thi s allow s the m t o construc t models quickly and easily, focusing their attention on the tasks of testing, analyzing, and re-examining their models and the understanding on which these models are based.",scopus,llm,0.940,unreviewed,,doi:10.4324/9781410602671-10
kept,Object-oriented programming - What do students think of objects and classes?,S. Xinogalos,2011,Proceedings of the 14th IASTED International Conference on Computers and Advanced Technology in Education Cate 2011,10.2316/P.2011.734-037,https://www.scopus.com/inward/record.uri?partnerID=HzOxMe3b&scp=82455219221&origin=inward,supports-claim,,scopus,llm,0.970,unreviewed,,doi:10.2316/p.2011.734-037
kept,"A cognitive model of how interactive multimedia,authoring facilitates conceptual understanding of object-Oriented programming in novices",T. Yuen,2011,Journal of Interactive Learning Research,,https://www.scopus.com/inward/record.uri?partnerID=HzOxMe3b&scp=84856200314&origin=inward,supports-claim,,scopus,llm,0.870,unreviewed,,hash:f4b00a265fdd4f84
discarded,Teaching object oriented database with Db4o,Y. Zhang,2011,Advances in Intelligent and Soft Computing,10.1007/978-3-642-24775-0_38,https://www.scopus.com/inward/record.uri?partnerID=HzOxMe3b&scp=80455129479&origin=inward,adjacent-subtopic,,scopus,llm,0.960,unreviewed,,doi:10.1007/978-3-642-24775-0_38
kept,A Systematic Review of Threshold Concept Identification in Programming Education: Foundations for MOOC-Based Learning Analytics,H. Shen,2027,Lecture Notes in Computer Science,10.1007/978-981-92-3761-6_24,https://www.scopus.com/inward/record.uri?partnerID=HzOxMe3b&scp=105046947769&origin=inward,qualifies-claim; threshold,"Threshold concepts (TCs) theory provides a framework for identifying learning bottlenecks in programming education, yet different studies have identified different TCs and the source of this inconsistency remains unclear. Existing identification methods rely primarily on retrospective interviews, surveys, and teacher observation, raising the question of whether methodological choices, particularly the choice of informant, shape identification outcomes. Clarifying this issue is needed for developing scalable TC identification approaches in large online environments such as MOOCs. This systematic review, reported using PRISMA 2020, analyzed 10 empirical studies yielding 40 TC identification instances. A recent-publication check found no additional eligible empirical TC identification studies beyond the included 2024 study. The review consolidated the literature into 15 core TCs and extracted 20 measurable indicators across five TC characteristics. The analysis revealed a significant association between informant role and identification outcomes: teachers predominantly identify concepts with visible behavioral symptoms, such as recursion, while non-teachers identify concepts involving internal paradigm shifts, such as object-oriented programming. This pattern, described as behavioral invisibility, reframes inconsistencies in the TC literature as differences in what each method can observe rather than flaws in any single approach, and positions MOOC behavioral data as a complementary third access mechanism for TC identification.",scopus,llm_reviewed,0.970,confirmed,,doi:10.1007/978-981-92-3761-6_24
