status,title,authors,year,venue,doi,url,tags,abstract,provider,decision_source,llm_confidence,llm_review_outcome,llm_change_direction
discarded,Image Information Hiding Processing Based on Deep Neural Network Algorithm,"Zhang, Zhe",2024,INTERNATIONAL JOURNAL OF ADVANCED COMPUTER SCIENCE AND APPLICATIONS,,https://www.webofscience.com/wos/woscc/full-record/WOS:001378221900001,off-topic-false-hit; image-information-hiding,"in order to more effectively hide and extract image information, a deep neural network-based algorithm and computer-aided image information hiding method is proposed. The hardware design of the system includes the selection of the main control chip, the design of the parallel processing structure, and the design of the Ethernet communication circuit; Software design includes an image information hiding module, an image information extraction module, and a carrier image processing module. The operation of the image information processing system based on the reversible information hiding algorithm is realized through the system hardware and software design. The experimental results show that the carrier image processing degree of the design system is much higher than that of the traditional system, and the maximum value can reach 91%, indicating that the carrier image processing performance of the design system is better. The scheme proposed in this paper can improve the security of secret information while ensuring the quality of dense image. Follow-up studies will continue to explore the combination of adversarial learning and various traditional embedding algorithms to further improve the concealment of graph-hiding algorithms.",wos,llm,1.000,unreviewed,
discarded,Memory-Efficient High-Speed Implementation of Kyber on Cortex-M4,"Botros, Leon; Kannwischer, Matthias J.; Schwabe, Peter",2019,PROGRESS IN CRYPTOLOGY - AFRICACRYPT 2019,10.1007/978-3-030-23696-0_11,https://www.webofscience.com/wos/woscc/full-record/WOS:001299240700011,off-topic-false-hit; cryptographic-key-encapsulation,"This paper presents an optimized software implementation of the module-lattice-based key-encapsulation mechanism Kyber for the ARM Cortex-M4 microcontroller. Kyber is one of the round-2 candidates in the NIST post-quantum project. In the center of our work are novel optimization techniques for the number-theoretic transform (NTT) inside Kyber, which make very efficient use of the computational power offered by the ""vector"" DSP instructions of the target architecture. We also present results for the recently updated parameter sets of Kyber which equally benefit from our optimizations.

As a result of our efforts we present software that is 18% faster than an earlier implementation of Kyber optimized for the Cortex-M4 by the Kyber submitters. Our NTT is more than twice as fast as the NTT in that software. Our software runs at about the same speed as the latest speed-optimized implementation of the other module-lattice based round-2 NIST PQC candidate Saber. However, for our Kyber software, this performance is achieved with a much smaller RAM footprint. Kyber needs less than half of the RAM of what the considerably slower RAM-optimized version of Saber uses. Our software does not make use of any secret-dependent branches or memory access and thus offers state-of-the-art protection against timing attacks.",wos,llm,1.000,unreviewed,
discarded,Design Guidelines for Building and Infrastructure Integrated Photovoltaic Modules,"Kyranaki, Nikoleta; Colberts, Fallon; Koetse, Marc; Wieclawski, Arnaud; Rajabloo, Talieh; Bouguerra, Sara; Paesa, Marta Casasola; Vavilkin, Tatjana; van de Wall, Wim; Meuris, Marc; Morlier, Arnaud; Valckenborg, Roland; Daenen, Michael",2024,SOLAR RRL,10.1002/solr.202400616,https://www.webofscience.com/wos/woscc/full-record/WOS:001334600100001,off-topic-false-hit; photovoltaic-modules,"The demand for renewable energy is increasing as efforts to decarbonize energy sources continue. Photovoltaic (PV) generation systems are the main contributor to the growth of renewable energy, but limited land availability in countries such as Belgium and Netherlands poses a challenge to their deployment. Integrated PV (IPV) can be a promising solution, but requires special consideration regarding electrical and fire safety, efficiency, durability, cost, and environmental impact in the design process. This study seeks to assist designers of IPV products by guiding the selection of materials, technologies, mechanical designs, and production methods for PV semifabricates (SF). It provides a comprehensive list of general design criteria, each offering various options in terms of bill of materials and production technologies. These options come with their own set of advantages and disadvantages, which are enumerated and quantified wherever feasible. The general design guidelines are validated based on the building-integrated PV and infrastructure-integrated PV demonstrators (in this case a noise barrier) being developed in the Solar Energy Made Regional (SolarEMR) project.

This study supports integrated photovoltaic (IPV) product designers in selecting materials, technologies, mechanical designs, and production methods for PV semifabricates. It offers a detailed list of design criteria with various bill of materials and production technology options, outlining their respective pros and cons, which are quantified when possible. The general design guidelines are validated based on two IPV demonstrators.image (c) 2024 WILEY-VCH GmbH",wos,llm,0.990,unreviewed,
discarded,Stability Challenges in Industrialization of Perovskite Photovoltaics: From Atomic-Scale View to Module Encapsulation,"Chen, Hongyu; Yan, Wensheng; Chu, Liang",2025,ADVANCED FUNCTIONAL MATERIALS,10.1002/adfm.202412389,https://www.webofscience.com/wos/woscc/full-record/WOS:001324926200001,off-topic-false-hit; module-encapsulation; photovoltaics,"Perovskite photovoltaics have attracted significant attention in both academia and industry, benefiting from the superiorities of high efficiency, low cost, and simplified fabrication process. Importantly, long-term stability is essential for practical industrialization; however, the stability challenge remains a significant impediment. Notably, stability is an essential prerequisite for practical applications. Unfortunately, as the device area increases, even to the module level, the efficiency gradually diminishes, and the stability deteriorates. This review summarizes the advances in perovskite photovoltaic technology stability from comprehensive perspectives, including the atomic-scale, grain boundary, film morphology, interface, charge transport layer, electrode, laser etching, and module encapsulation. First, the review highlights the ongoing importance of stability in the industrialization of perovskite photovoltaics. Then, the review presents the stability challenge and explores the relationship between efficiency and stability in large-area photovoltaic modules, shedding light on the stability issue. Later, the review explains the stability issue in terms of structure, chemistry, interfaces, device design, operation, and external environment, and proposes stability strategies ranging from the atomic-scale to module encapsulation. Finally, the review emphasizes various improvement strategies, particularly multilevel synergistic optimization, offering fundamental guidance for the industrialization of perovskite photovoltaics.

This review summarizes advancements in the stability of perovskite photovoltaics, encompassing improvements at the atomic-scale, grain boundaries, film morphology, interfaces, charge transport layers, electrodes, laser etching, and module encapsulation. It offers solutions and innovative methods to enhance the performance and stability of perovskite photovoltaics. It also provides guidance for the development of the perovskite photovoltaic industry. image",wos,llm,0.990,unreviewed,
discarded,Life cycle assessment of decommissioned silicon photovoltaic module recycling using different technological configurations in China,"Yuan, Xuehong; Xu, Zhenming",2024,JOURNAL OF ENVIRONMENTAL MANAGEMENT,10.1016/j.jenvman.2024.122476,https://www.webofscience.com/wos/woscc/full-record/WOS:001316376500001,off-topic-false-hit; photovoltaic-encapsulation,"The intricate encapsulation structure and material composition of photovoltaic modules necessitate full materials recycling involving multiple stages and different technological configurations, thereby increasing environmental burden of recycling process. Consequently, environmental impact assessments are imperative. However, previous studies primarily focused on a single technology or compared different technologies within a specific recycling stage, overlooking various technological configurations and thus engendering incomprehensive assessment. Hence, we employ a comparative life-cycle assessment to evaluate the environmental performance of six recycling alternatives with different technological configurations for silicon photovoltaic waste in China, which encompasses five recycling stages and glass/silicon remanufacturing processes. Results shows thermal delamination reduces the normalized environmental impact by 8.73% and 4.62% compared with mechanical and chemical delamination, respectively; electrolysis for metals extraction carries 35.72%-36.35% higher environmental benefits than precipitation. Additionally, introducing silicon/glass remanufacturing provides an additional 6.27%-11.55% environmental benefits. Therefore, integrating disassembly, thermal delamination, leaching & etching, electrolysis, and remanufacturing exhibits the best environmental performance, with -4796 kg CO2-eq/tonne carbon emission and -46400 MJ/tonne energy demand. Environmental hotspots analysis identifies key contributors to environmental impact and benefits. Further sensitivity analysis highlights the importance of enhancing silver and copper recovery efficiency. Finally, targeted strategies are proposed for green recycling routes of photovoltaic waste.",wos,llm,0.990,unreviewed,
discarded,Advancing High-Power Laser Lighting: Designing a Novel YAGG:Ce Color Converter in Li-Al-Si Glass Ceramic,"Zheng, Jiaying; Liu, Jiawei; Liang, Yanrong; Sun, Xiangjia; Liu, Jiao; Zhu, Tongtong; Lv, Chunyan; Liang, Xiaojuan; Xiang, Weidong",2024,LASER & PHOTONICS REVIEWS,10.1002/lpor.202400563,https://www.webofscience.com/wos/woscc/full-record/WOS:001253962500001,off-topic-false-hit; materials-science,"In laser illumination, there is considerable interest in phosphor-converted laser diodes that boast high efficiency and exceptional thermal stability. Phosphor-in-glass (PiG) and phosphor-in-glass film (PiF) are highly favored for their efficiency, cost-effectiveness, and ease of fabrication. To tackle the issue of low thermal conductivity of glass, a novel lithium-aluminum-silicate glass is innovatively developed. This glass induces the precipitation of spodumene crystalline phase, enhancing material stability. Utilizing solid-state sintering techniques, Y3Al3.5Ga1.5O12:Ce3+ (YAGG:Ce) PiG is fabricated, which exhibited a luminous flux (LF) of 866.76 lm under 450 nm blue light with 3.88 W input power. Benefiting from the high thermal conductivity of sapphire substrate and the high-intensity glass system, YAGG:Ce PiF demonstrated a saturation threshold of 10.20 W, yielding an impressive LF of 2178.1 lm, which is 2.5 times that of PiG samples. Notably, the thermal conductivity increased significantly from 2.2 W m(-1)K(-1) (PiG) to 7.0 W m(-1)K(-1) (PiF), surpassing traditional organic resin materials. To validate the practicality of the two-color converters, it integrates them into both starlight lamp and laser flashlight modules for encapsulation, thereby generating attractive green light in various environments. This design holds the potential to become the ideal choice for the next generation of high-power, high-brightness laser illumination.",wos,llm,0.990,unreviewed,
discarded,Darcy: Automatic Architectural Inconsistency Resolution in Java,"Ghorbani, Negar; Singh, Tarandeep; Garcia, Joshua; Malek, Sam",2024,IEEE TRANSACTIONS ON SOFTWARE ENGINEERING,10.1109/TSE.2024.3396433,https://www.webofscience.com/wos/woscc/full-record/WOS:001248142900005,adjacent-subtopic; java-modules; architectural-encapsulation,"Many mainstream programming languages lack extensive support for architectural constructs, such as software components, which limits software developers in employing many benefits of architecture-based development. To address this issue, Java, one of the most popular and widely-used programming languages, has introduced the Java Platform Module System (JPMS) in its 9th and subsequent versions. JPMS provides the notion of architectural constructs, i.e., software components, as an encapsulation of modules that helps developers construct and maintain large applications efficiently-as well as improving the encapsulation, security, and maintainability of Java applications in general and the JDK itself. However, ensuring that module declarations reflect the actual usage of modules in an application remains a challenge that results in developers mistakenly introducing inconsistent module dependencies at both compile- and run-time. In this paper, we studied JPMS properties and architectural notions in-depth and defined a defect model consisting of eight inconsistent modular dependencies that may arise in Java applications. Based on this defect model, we also present Darcy, a framework that leverages the defect model and static analysis techniques to automatically detect and repair the specified inconsistent dependencies within Java applications at both compile- and run-time. The results of our experiments, conducted over 52 open-source Java 9+ applications, indicate that architectural inconsistencies are widespread and demonstrate Darcy's effectiveness for automated resolution of these inconsistencies.",wos,llm,0.900,unreviewed,
discarded,Algorithmic Views of Vectorized Polynomial Multipliers - NTRU,"Chen, Han-Ting; Chung, Yi-Hua; Hwang, Vincent; Yang, Bo-Yin",2024,"PROGRESS IN CRYPTOLOGY - INDOCRYPT 2023, PT II",10.1007/978-3-031-56235-8_9,https://www.webofscience.com/wos/woscc/full-record/WOS:001213882700009,off-topic-false-hit; cryptography,"The lattice-based post-quantum cryptosystem NTRU is used by Google for protecting Google's internal communication. In NTRU, polynomial multiplication is one of bottleneck. In this paper, we explore the interactions between polynomial multiplications, Toeplitz matrix-vector products, and vectorization with architectural insights. For a unital commutative ring R, a positive integer n, and an element zeta is an element of R, we reveal the benefit of vector-by-scalar multiplication instructions while multiplying in R[x]/< x(n) - zeta >.

We aim at designing an algorithm exploiting no algebraic and number-theoretic properties of n and zeta. An obvious way is to multiply in R[x] and reduce modulo x(n) - zeta. Since the product in R[x] is a polynomial of degree at most 2n - 2, one usually chooses a polynomial modulus g such that (i) deg(g) >= 2n - 1, and (ii) there exists a well-studied fast polynomial multiplication algorithm f for multiplying in R[x]/< g >.

We deviate from common approaches and point out a novel insight with dual modules and vector-by-scalar multiplications. Conceptually, we relate the module-theoretic duals of R[x]/< x(n) - zeta > and R[x]/< g > with Toeplitz matrix-vector products, and demonstrate the benefit of Toeplitz matrix-vector products with vector-by-scalar multiplication instructions. It greatly reduces the register pressure, and allows us to multiply with essentially no permutation instructions that are commonly used in vectorized implementation.

We implement the ideas for the NTRU parameter sets ntruhps2048677 and ntruhrss701 on a Cortex-A72 implementing the Armv8.0-A architecture with the single-instruction-multiple-data (SIMD) technology Neon. For polynomial multiplications, our implementation is 2.18x and 2.23x for ntruhps2048677 and ntruhrsss701 than the state-of-the-art optimized implementation. We also vectorize the polynomial inversions and sorting network by employing existing techniques and translating AVX2-optimized implementations into Neon. Compared to the state-of-the-art optimized implementation, our key generation, encapsulation, and decapsulation for ntruhps2048677 are 7.67x, 2.48x, and 1.77x faster, respectively. For ntruhrss701, our key generation, encapsulation, and decapsulation are 7.99x, 1.47x, and 1.56x faster, respectively.",wos,llm,0.990,unreviewed,
discarded,Age-induced excellence with green solvents: the impact of residual solvent and post-treatments in screen-printed carbon perovskite solar cells and modules,"Worsley, Carys; Hughes, Declan; Tsoi, Wing Chung; Watson, Trystan; Potts, Sarah-Jane",2024,MATERIALS ADVANCES,10.1039/d4ma00136b,https://www.webofscience.com/wos/woscc/full-record/WOS:001202120600001,off-topic-false-hit; photovoltaics,"Printable mesoscopic carbon perovskite solar cells (CPSCs) are cited as a potential frontrunner to commercialisation, as they are fabricated using low-cost screen printing. CPSCs produced using different perovskite precursor solvents benefit from different post-treatments. For example, cells made with DMF/DMSO precursors improve with light exposure, whereas gamma-butyrolactone cells require humidity exposure for peak performance. Understanding the evolution of devices fabricated using different systems is therefore key to maximising PCE. This work examines the performance evolution of CPSCs and modules fabricated with low toxicity gamma-valerolactone based precursors. It is found that PCE improves independently of humidity or light exposure due to gradual residual solvent loss and associated crystal realignment in the days following fabrication. In 1 cm2 cells significant Voc and FF produced an average increase of similar to 15% on initial PCE, with some devices nearly doubling in performance. Similarly, 220 cm2 modules were also found to experience PCE increases. Critically, it appears this ageing step is essential for peak performance, as early encapsulation and extended heating impaired both performance and stability. This work may therefore help inform future work designing scaled-up processes for fabricating and encapsulating high performing CPSC modules.

Screen-printed perovskite devices made using green gamma-valerolactone precursors are found to improve significantly following fabrication due to slow residual solvent loss over time. This is also observed in large-scale 220 cm2 modules.",wos,llm,0.990,unreviewed,
discarded,Impact of the Printed Circuit Board Geometrical Design on the AC Breakdown and Partial Discharge Activity in Air,"Bruyere, Paul; Vagnon, Eric; Avenas, Yvan",2023,"2023 IEEE CONFERENCE ON ELECTRICAL INSULATION AND DIELECTRIC PHENOMENA, CEIDP",,https://www.webofscience.com/wos/woscc/full-record/WOS:001169469200048,off-topic-false-hit; electronics-encapsulation,"The main objective of this paper is to study the voltage withstand characterization of Printed Circuit Board (PCB) substrates for the development of three-dimension (3D) power modules. Classical power electronics gel encapsulation is substituted by air encapsulation in order to benefit of dielectric and thermal cooling aspects. Breakdown voltage (BDV) and Partial Discharge (PD) measurements are studied for the voltage withstand characterization with different geometrical designs of the two-side metallization of PCBs. BDV measurements are performed with classical alternative (AC) voltage constraints. Next, PD Inception Voltage (PDIV) is assessed for each PCB design with an AC constraint and a classical power electronics square voltage constraint, i.e. high switching frequency and dV/dt. Experimental results showed no PCB material degradation during BDV events and underlined a breakdown path across PCB surface into the air. The increase of two-side metallization creepage distance allowed a linear increase of BDV, while geometrical PCB design is less sensitive for PDIV values.",wos,llm,1.000,unreviewed,
