status,title,authors,year,venue,doi,url,tags,abstract,provider,decision_source,llm_confidence,llm_review_outcome,llm_change_direction
discarded,A multi-level complexity metric suite for software quality measurement and machine learning–based software defect prediction,Singh M.,2026,Journal of Computer Languages,10.1016/j.cola.2026.101400,https://www.scopus.com/inward/record.uri?partnerID=HzOxMe3b&scp=105035382468&origin=inward,adjacent-subtopic; complexity-metrics; defect-prediction,,scopus,llm,0.950,unreviewed,
discarded,Design pattern for reusing immutable methods in object-oriented languages,Flageol W.,2026,Journal of Computer Languages,10.1016/j.cola.2026.101385,https://www.scopus.com/inward/record.uri?partnerID=HzOxMe3b&scp=105028300094&origin=inward,adjacent-subtopic; pattern-for-reuse,,scopus,llm,0.680,unreviewed,
kept,Comparison of Multiple Inheritance in Seven Object-Oriented Programming Languages,Sirotić Z.,2026,2026 49th Mipro ICT and Electronics Convention Mipro 2026 Proceedings,10.1109/MIPRO70003.2026.11591895,https://www.scopus.com/inward/record.uri?partnerID=HzOxMe3b&scp=105046186051&origin=inward,qualifies-claim; multiple-inheritance; language-comparison,,scopus,llm,0.760,unreviewed,
discarded,Analyzing and Visualizing Software Quality of Code in GitHub Repositories Using AST-Based Metrics,Rathod D.,2026,Communications in Computer and Information Science,10.1007/978-3-032-08977-9_42,https://www.scopus.com/inward/record.uri?partnerID=HzOxMe3b&scp=105027155732&origin=inward,adjacent-subtopic; quality-metrics,,scopus,llm,0.960,unreviewed,
discarded,"Correlation Analysis of ISO 25010 Modularity, CK Metrics, and Architecture Smells",Alirridlo M.,2025,Jurnal Resti,10.29207/resti.v9i6.6825,https://www.scopus.com/inward/record.uri?partnerID=HzOxMe3b&scp=105027916805&origin=inward,adjacent-subtopic; metrics-and-smells,,scopus,llm,0.950,unreviewed,
discarded,A Research on Java Object - Oriented Programming Techniques,Liu M.,2025,Proceedings of 2025 International Conference on Educational Technology and Artificial Intelligence Etaic 2025,10.1145/3766557.3766617,https://www.scopus.com/inward/record.uri?partnerID=HzOxMe3b&scp=105025398722&origin=inward,adjacent-subtopic; java-oop-techniques,,scopus,llm,0.840,unreviewed,
discarded,Inheritance Modeling in Distributed Object-Oriented Design: An Extended G-Nets Model,Houhamdi Z.,2025,TEM Journal,10.18421/TEM142-05,https://www.scopus.com/inward/record.uri?partnerID=HzOxMe3b&scp=105008214745&origin=inward,adjacent-subtopic; distributed-design-modeling,,scopus,llm,0.900,unreviewed,
discarded,Predicting Object Communication Errors in Constructor Development,Soomro A.M.,2025,IEEE Access,10.1109/ACCESS.2025.3590239,https://www.scopus.com/inward/record.uri?partnerID=HzOxMe3b&scp=105011152685&origin=inward,adjacent-subtopic; constructor-errors,,scopus,llm,0.920,unreviewed,
discarded,Pattern-Oriented Refactoring: Protecting the Template Method Behavior,Ramirez-Garcia E.A.,2025,Proceedings 2025 13th International Conference in Software Engineering Research and Innovation Conisoft 2025,10.1109/CONISOFT66928.2025.00018,https://www.scopus.com/inward/record.uri?partnerID=HzOxMe3b&scp=105034781962&origin=inward,adjacent-subtopic; refactoring-template-method,,scopus,llm,0.750,unreviewed,
discarded,Kotlin Mastery: A Comprehensive Guide for Java Developers and New Programmers,Patel A.,2025,Kotlin Mastery A Comprehensive Guide for Java Developers and New Programmers,10.1007/979-8-8688-1618-5,https://www.scopus.com/inward/record.uri?partnerID=HzOxMe3b&scp=105024651837&origin=inward,adjacent-subtopic; programming-book,,scopus,llm,0.990,unreviewed,
discarded,Impact of Co-Occurrences of Code Smells and Design Patterns on Internal Code Quality Attributes,Imran S.,2025,Iet Software,10.1049/sfw2/5579438,https://www.scopus.com/inward/record.uri?partnerID=HzOxMe3b&scp=105023484622&origin=inward,adjacent-subtopic; code-smells-and-patterns,,scopus,llm,0.900,unreviewed,
discarded,A Comprehensive Study of OOP-Related Bugs in C++ Compilers,Wang B.,2025,IEEE Transactions on Software Engineering,10.1109/TSE.2025.3566490,https://www.scopus.com/inward/record.uri?partnerID=HzOxMe3b&scp=105004921960&origin=inward,adjacent-subtopic; compiler-bugs,,scopus,llm,0.910,unreviewed,
discarded,Investigating the impact of the OOP-SOLVE application on the user’s behavior using the technology acceptance model in the programming course,Malik S.I.,2025,Frontiers in Computer Science,10.3389/fcomp.2025.1510577,https://www.scopus.com/inward/record.uri?partnerID=HzOxMe3b&scp=105008004593&origin=inward,adjacent-subtopic; education-tool,,scopus,llm,0.970,unreviewed,
discarded,Machine learning based improved cross-project software defect prediction using new structural features in object oriented software,Singh M.,2024,Applied Soft Computing,10.1016/j.asoc.2024.112082,https://www.scopus.com/inward/record.uri?partnerID=HzOxMe3b&scp=85201702897&origin=inward,adjacent-subtopic; defect-prediction,,scopus,llm,0.950,unreviewed,
discarded,Measuring and improving software testability at the design level,Zakeri-Nasrabadi M.,2024,Information and Software Technology,10.1016/j.infsof.2024.107511,https://www.scopus.com/inward/record.uri?partnerID=HzOxMe3b&scp=85196543980&origin=inward,adjacent-subtopic; testability-design-level,,scopus,llm,0.940,unreviewed,
discarded,Behavioural Up/down Casting For Statically Typed Languages,Bacchiani L.,2024,Leibniz International Proceedings in Informatics Lipics,10.4230/LIPIcs.ECOOP.2024.5,https://www.scopus.com/inward/record.uri?partnerID=HzOxMe3b&scp=85205002570&origin=inward,adjacent-subtopic; type-systems; casting,,scopus,llm,0.960,unreviewed,
discarded,A novel metaheuristic based on object-oriented programming concepts for engineering optimization,Hosny K.M.,2024,Alexandria Engineering Journal,10.1016/j.aej.2024.04.060,https://www.scopus.com/inward/record.uri?partnerID=HzOxMe3b&scp=85192141270&origin=inward,off-topic-false-hit; optimization-algorithm,,scopus,llm,0.990,unreviewed,
kept,"Puzzle Pattern, a Systematic Approach to Multiple Behavioral Inheritance Implementation in Object-Oriented Programming",Fallucchi F.,2024,Applied Sciences Switzerland,10.3390/app14125083,https://www.scopus.com/inward/record.uri?partnerID=HzOxMe3b&scp=85197251852&origin=inward,qualifies-claim; multiple-behavioral-inheritance; inheritance-benefits,,scopus,llm,0.760,unreviewed,
discarded,Evolution of internal dimensions in object-oriented software–A time series based approach,Sousa B.L.,2024,Software Practice and Experience,10.1002/spe.3310,https://www.scopus.com/inward/record.uri?partnerID=HzOxMe3b&scp=85182825790&origin=inward,adjacent-subtopic; software-evolution-metrics,,scopus,llm,0.930,unreviewed,
discarded,Sahand 1.0: A new model for extracting information from source code in object-oriented projects,Irani G.N.H.,2024,Computer Standards and Interfaces,10.1016/j.csi.2023.103797,https://www.scopus.com/inward/record.uri?partnerID=HzOxMe3b&scp=85173831572&origin=inward,adjacent-subtopic; source-code-information-extraction,,scopus,llm,0.930,unreviewed,
discarded,Quantification of Reliability in Object-Oriented Software: Functionality Perspective,Yadav A.K.,2024,2024 IEEE 1st Karachi Section Humanitarian Technology Conference Khi Htc 2024,10.1109/KHI-HTC60760.2024.10482059,https://www.scopus.com/inward/record.uri?partnerID=HzOxMe3b&scp=85190648090&origin=inward,adjacent-subtopic; reliability-metrics,,scopus,llm,0.950,unreviewed,
discarded,Migrating Relational Databases to NoSQL-Oriented Documents Using Object-Oriented Concepts,El Alami A.,2024,International Journal of Intelligent Engineering and Systems,10.22266/IJIES2024.0831.48,https://www.scopus.com/inward/record.uri?partnerID=HzOxMe3b&scp=85199676924&origin=inward,adjacent-subtopic; database-migration,,scopus,llm,0.960,unreviewed,
discarded,Hands-On Object-Oriented Programming: Mastering OOP Features for Real-World Software Systems Development,Rangisetti A.K.,2024,Hands on Object Oriented Programming Mastering Oop Features for Real World Software Systems Development,10.1007/979-8-8688-0524-0,https://www.scopus.com/inward/record.uri?partnerID=HzOxMe3b&scp=105004116163&origin=inward,adjacent-subtopic; programming-book,,scopus,llm,0.990,unreviewed,
discarded,IS-THE graphs usage to analyze hierarchical data structures,Babanov A.M.,2024,Vestnik Tomskogo Gosudarstvennogo Universiteta Upravlenie Vychislitel Naya Tekhnika I Informatika,10.17223/19988605/66/9,https://www.scopus.com/inward/record.uri?partnerID=HzOxMe3b&scp=85189242994&origin=inward,off-topic-false-hit; hierarchical-data,,scopus,llm,0.980,unreviewed,
discarded,An Efficient Approach to Learn an Effective Hierarchy of a Set of OOBN Classes,Islam W.,2024,Proceedings of the 2024 18th International Conference on Ubiquitous Information Management and Communication Imcom 2024,10.1109/IMCOM60618.2024.10418370,https://www.scopus.com/inward/record.uri?partnerID=HzOxMe3b&scp=85186138428&origin=inward,adjacent-subtopic; bayesian-networks; hierarchy-learning,,scopus,llm,0.880,unreviewed,
discarded,Mastering Python 3 Programming: Ultimate guide to learn Python coding fundamentals and real-world applications,Ramasamy S.,2024,Mastering Python 3 Programming Ultimate Guide to Learn Python Coding Fundamentals and Real World Applications,,https://www.scopus.com/inward/record.uri?partnerID=HzOxMe3b&scp=105021690150&origin=inward,adjacent-subtopic; programming-book,,scopus,llm,0.990,unreviewed,
discarded,Design Patterns in .NET: Mastering design patterns to write dynamic and effective .NET Code,Yaroshenko T.,2024,Design Patterns in Net Mastering Design Patterns to Write Dynamic and Effective Net Code,,https://www.scopus.com/inward/record.uri?partnerID=HzOxMe3b&scp=105022957078&origin=inward,adjacent-subtopic; design-patterns-book,,scopus,llm,0.960,unreviewed,
discarded,A new binary object-oriented programming optimization algorithm for solving high-dimensional feature selection problem,Khalid A.M.,2023,Alexandria Engineering Journal,10.1016/j.aej.2023.11.021,https://www.scopus.com/inward/record.uri?partnerID=HzOxMe3b&scp=85177192728&origin=inward,off-topic-false-hit; optimization-algorithm,,scopus,llm,0.990,unreviewed,
discarded,Metaclasses in UML and in Programming Languages,Sergievskiy M.V.,2023,Programming and Computer Software,10.1134/S0361768823050067,https://www.scopus.com/inward/record.uri?partnerID=HzOxMe3b&scp=85173607382&origin=inward,adjacent-subtopic; metaclasses; language-design,,scopus,llm,0.950,unreviewed,
discarded,GPT-3 vs Object Oriented Programming Assignments: An Experience Report,Cipriano B.P.,2023,Annual Conference on Innovation and Technology in Computer Science Education Iticse,10.1145/3587102.3588814,https://www.scopus.com/inward/record.uri?partnerID=HzOxMe3b&scp=85166249787&origin=inward,adjacent-subtopic; oop-education,,scopus,llm,0.970,unreviewed,
discarded,A Comprehensive MCDM-Based Approach for Object-Oriented Metrics Selection Problems,Maddeh M.,2023,Applied Sciences Switzerland,10.3390/app13063411,https://www.scopus.com/inward/record.uri?partnerID=HzOxMe3b&scp=85152066687&origin=inward,adjacent-subtopic; metrics-selection,,scopus,llm,0.950,unreviewed,
discarded,An Analysis of Islamic Inheritance System Under Object-Oriented Paradigm,Hoque A.H.M.S.,2023,Lecture Notes of the Institute for Computer Sciences Social Informatics and Telecommunications Engineering Lnicst,10.1007/978-3-031-34622-4_17,https://www.scopus.com/inward/record.uri?partnerID=HzOxMe3b&scp=85164115098&origin=inward,off-topic-false-hit; legal-religious-inheritance,,scopus,llm,1.000,unreviewed,
discarded,Code Writing Problems for Basic Object-Oriented Programming Study in Java Programming Learning Assistant System,Wai K.H.,2023,Gcce 2023 2023 IEEE 12th Global Conference on Consumer Electronics,10.1109/GCCE59613.2023.10315469,https://www.scopus.com/inward/record.uri?partnerID=HzOxMe3b&scp=85179762284&origin=inward,adjacent-subtopic; oop-teaching,,scopus,llm,0.970,unreviewed,
discarded,Object-oriented software construction,Pierre America,1989,Science of Computer Programming,10.1016/0167-6423(89)90034-8,https://openalex.org/W221670187,adjacent-subtopic; oop-general,,openalex,llm,0.720,unreviewed,
discarded,phyloseq: An R Package for Reproducible Interactive Analysis and Graphics of Microbiome Census Data,Paul J. McMurdie; Susan Holmes,2013,PLoS ONE,10.1371/journal.pone.0061217,https://openalex.org/W2056279562,off-topic-false-hit; bioinformatics-package,"BACKGROUND: the analysis of microbial communities through dna sequencing brings many challenges: the integration of different types of data with methods from ecology, genetics, phylogenetics, multivariate statistics, visualization and testing. With the increased breadth of experimental designs now being pursued, project-specific statistical analyses are often needed, and these analyses are often difficult (or impossible) for peer researchers to independently reproduce. The vast majority of the requisite tools for performing these analyses reproducibly are already implemented in R and its extensions (packages), but with limited support for high throughput microbiome census data. RESULTS: Here we describe a software project, phyloseq, dedicated to the object-oriented representation and analysis of microbiome census data in R. It supports importing data from a variety of common formats, as well as many analysis techniques. These include calibration, filtering, subsetting, agglomeration, multi-table comparisons, diversity analysis, parallelized Fast UniFrac, ordination methods, and production of publication-quality graphics; all in a manner that is easy to document, share, and modify. We show how to apply functions from other R packages to phyloseq-represented data, illustrating the availability of a large number of open source analysis techniques. We discuss the use of phyloseq with tools for reproducible research, a practice common in other fields but still rare in the analysis of highly parallel microbiome census data. We have made available all of the materials necessary to completely reproduce the analysis and figures included in this article, an example of best practices for reproducible research. CONCLUSIONS: The phyloseq project for R is a new open-source software package, freely available on the web from both GitHub and Bioconductor.",openalex,llm,0.990,unreviewed,
discarded,Logical foundations of object-oriented and frame-based languages,Michael Kifer; Georg Lausen; James C. Wu,1995,Journal of the ACM,10.1145/210332.210335,https://openalex.org/W2084130127,adjacent-subtopic; formal-logic; language-semantics,"We propose a novel formalism, calledFrame Logic(abbr., F-logic), that accounts in a clean and declarative fashion for most of the structural aspects of object-oriented and frame-based languages. These features include object identity, complex objects, inheritance, polymorphic types, query methods, encapsulation, and others. In a sense, F-logic stands in the same relationship to the object-oriented paradigm as classical predicate calculus stands to relational programming. F-logic has a model-theoretic semantics and a sound and complete resolution-based proof theory. A small number of fundamental concepts that come from object-oriented programming have direct representation in F-logic; other, secondary aspects of this paradigm are easily modeled as well. The paper also discusses semantic issues pertaining to programming with a deductive object-oriented language based on a subset of F-logic.",openalex,llm,0.980,unreviewed,
discarded,Object-oriented application frameworks,Mohamed E. Fayad; Douglas C. Schmidt,1997,Communications of the ACM,10.1145/262793.262798,https://openalex.org/W1985757471,adjacent-subtopic; frameworks,"Object-oriented application frameworks are a promising technology for reifying proven software designs and implementations in order to reduce the cost and improve the quality of software. A framework is a reusable, ""semi-complete'' application that can be specialized to produce custom applications In contrast to earlier OO reuse techniques based on class libraries, frameworks are targeted for particular business units (such as data processing or cellular communications) and application domains (such as user interfaces or real-time avionics) Frameworks like MacApp, ET++, Interviews, ACE, Microsoft's MFC and DCOM, JavaSoft's RMI, and implementations of OMG's CORBA play an increasingly important role in contemporary software development.",openalex,llm,0.880,unreviewed,
discarded,Exploring the relationships between design measures and software quality in object-oriented systems,Lionel Briand; Jürgen Wüst; John W. Daly; D. Victor Porter,2000,Journal of Systems and Software,10.1016/s0164-1212(99)00102-8,https://openalex.org/W2015729052,adjacent-subtopic; design-measures-quality,,openalex,llm,0.840,unreviewed,
discarded,Object-Oriented Bayesian Networks,Daphne Koller; Avi Pfeffer,2013,arXiv (Cornell University),10.48550/arxiv.1302.1554,https://openalex.org/W1581645897,adjacent-subtopic; bayesian-networks,"Bayesian networks provide a modeling language and associated inference algorithm for stochastic domains. They have been successfully applied in a variety of medium-scale applications. However, when faced with a large complex domain, the task of modeling using Bayesian networks begins to resemble the task of programming using logical circuits. In this paper, we describe an object-oriented Bayesian network (OOBN) language, which allows complex domains to be described in terms of inter-related objects. We use a Bayesian network fragment to describe the probabilistic relations between the attributes of an object. These attributes can themselves be objects, providing a natural framework for encoding part-of hierarchies. Classes are used to provide a reusable probabilistic model which can be applied to multiple similar objects. Classes also support inheritance of model fragments from a class to a subclass, allowing the common aspects of related classes to be defined only once. Our language has clear declarative semantics: an OOBN can be interpreted as a stochastic functional program, so that it uniquely specifies a probabilistic model. We provide an inference algorithm for OOBNs, and show that much of the structural information encoded by an OOBN--particularly the encapsulation of variables within an object and the reuse of model fragments in different contexts--can also be used to speed up the inference process.",openalex,llm,0.950,unreviewed,
discarded,Data model issues for object-oriented applications,Jay Banerjee; Hong‐Tai Chou; Jorge F. Garza; Won Bae Kim; Darrell Woelk; Nat Ballou; Hyoung-Joo Kim,1987,ACM Transactions on Information Systems,10.1145/22890.22945,https://openalex.org/W2026735162,adjacent-subtopic; object-database-model,"Presented in this paper is the data model for ORION, a prototype database system that adds persistence and sharability to objects created and manipulated in object-oriented applications. The ORION data model consolidates and modifies a number of major concepts found in many object-oriented systems, such as objects, classes, class lattice, methods, and inheritance. These concepts are reviewed and three major enhancements to the conventional object-oriented data model, namely, schema evolution, composite objects, and versions, are elaborated upon. Schema evolution is the ability to dynamically make changes to the class definitions and the structure of the class lattice. Composite objects are recursive collections of exclusive components that are treated as units of storage, retrieval, and integrity enforcement. Versions are variations of the same object that are related by the history of their derivation. These enhancements are strongly motivated by the data management requirements of the ORION applications from the domains of artificial intelligence, computer-aided design and manufacturing, and office information systems with multimedia documents.",openalex,llm,0.970,unreviewed,
discarded,From object-oriented to goal-oriented requirements analysis,John Mylopoulos; Lawrence Chung; Eric Yu,1999,Communications of the ACM,10.1145/291469.293165,https://openalex.org/W2051028605,adjacent-subtopic; requirements-analysis,"The first object-oriented analysis techniques were proposed more than 10 years ago. The Object-Oriented Systems Analysis (OOSA) technique This was soon followed by two new proposals, Object-Oriented Analysis [3] and the Object-Oriented Modeling Technique (OMT) Today, there are dozens of like-minded techniques and commercial tools founded on the OO way of thinking that support development from requirements analysis to implementation. Indeed, the great promise of OOA is that the whole software development process can be streamlined and simplified by having the same building blocks (objects, classes, methods, messages, inheritance and the like) used in all phases of development, from requirements to implementation. A recent proposal, the Unified Modeling Language (UML)-see www.rational. com/uml-attempts to integrate features of the more preeminent models in OOA, thereby enhancing reusability and consolidating the growing OOA market. Why is OOA popular? In a nutshell, because it significantly advances the state of practice in requirements modeling. The prac-",openalex,llm,0.950,unreviewed,
