status,title,authors,year,venue,doi,url,tags,abstract,provider,decision_source,llm_confidence,llm_review_outcome,llm_change_direction,paper_id
discarded,Action Contextualization: Adaptive Task Planning and Action Tuning Using Large Language Models,Sthithpragya Gupta; Kunpeng Yao; Loïc Niederhauser; Aude Billard,2024,IEEE Robotics and Automation Letters,10.1109/LRA.2024.3460408,https://ieeexplore.ieee.org/document/10679904/,off-topic-false-hit,"Large Language Models (LLMs) present a promising frontier in robotic task planning by leveraging extensive human knowledge. Nevertheless, the current literature often overlooks the critical aspects of robots' adaptability and error correction. This work aims to overcome this limitation by enabling robots to modify their motions and select the most suitable task plans based on the context. We introduce a novel framework to achieve action contextualization, aimed at tailoring robot actions to the context of specific tasks, thereby enhancing adaptability through applying LLM-derived contextual insights. Our framework integrates motion metrics that evaluate robot performances for each motion to resolve redundancy in planning. Moreover, it supports online feedback between the robot and the LLM, enabling immediate modifications to the task plans and corrections of errors. An overall success rate of 81.25% has been achieved through extensive experimental validation. Finally, when integrated with dynamical system (DS)-based robot controllers, the robotic arm-hand system demonstrates its proficiency in autonomously executing LLM-generated motion plans for sequential table-clearing tasks, correcting errors without human intervention, and showcasing robustness against external disturbances. Our framework also features the potential to be integrated with modular control approaches, significantly enhancing robots' adaptability and autonomy in performing sequential tasks in the real world.",ieee,llm,1.000,unreviewed,,doi:10.1109/lra.2024.3460408
discarded,A Novel Approach Toward TOPSIS Method Based on Lattice Ordered T-Bipolar Soft Sets and Their Applications,Tahir Mahmood; Kashif Hussain; Jabbar Ahmmad; Ubaid Ur Rehman; Muhammad Aslam,2022,IEEE Access,10.1109/ACCESS.2022.3184783,https://ieeexplore.ieee.org/document/9813530/,off-topic-false-hit,"The notion of the T-bipolar soft set defined by Mahmood is a novel approach that can explain bipolarity more effectively than the other notions of bipolar soft sets. But in our daily life there are some situations in which we have to discuss some order between terms like good, satisfactory, excellent, etc. For example, to order the positions of students in a certain class, the teacher ordered the grades like decent, unsatisfactory, really nice, and tremendous. This type of standing is essential to explain the order of students’ positions in a class. In these situations, the T-bipolar soft set fails because it cannot discuss the ordered between terms. So, there is a need for such a notion that can handle these kinds of limitations. Moreover, note that although the concept of lattice ordered soft set is already defined but it discusses only one dimension. The two-dimensional opinions are essential in many decision making problems for ranking some criteria of eligibility and non-eligibility options. Therefore, to cover these mentioned drawbacks, in this article, we have elaborated a new idea of lattice (anti-lattice) ordered T-bipolar soft sets that can consider the order among parameters and it is a more valuable structure for certain situations in decision-making problems. Therefore, when we define the ranking among the set of parameters, the concept of decision making becomes very helpful under the conception of lattice (anti-lattice) ordered T-bipolar soft sets. Moreover, basic operations are defined based on introduced notions like restricted union and restricted intersection. Furthermore, the extended union and the extended intersection of introduced notions have been established. To use the introduced notion to decision making problems, we have established the application in this regard. Furthermore, we have proposed a TOPSIS method that can strengthen the study of the introduced notion and verify the results obtained from introduced notions as well. The comparative analysis of introduced work show the superiority and effectiveness of established work than that of existing notions.",ieee,llm,1.000,unreviewed,,doi:10.1109/access.2022.3184783
kept,The same but different students' understandings of primitive and object variables,Juha Sorva,2008,,10.1145/1595356.1595360,https://openalex.org/W1987311676,supports-claim; storing,"From qualitative analysis of student interviews emerged three sets of categories, or outcome spaces, describing introductory students' understandings of variables. One outcome space describes different ways of understanding primitive variables. Another describes different understandings of object variables. The third outcome space describes the relationship between the primitive and object variables, again from the point of view of the student cohort. The results show that learners create various kinds of mental models of programming concepts, and that the concept of variable, which is fundamental to most types of programming, is understood in various non-viable ways. With the help of the outcome spaces, teaching materials and tools can be developed to explicitly address potential pitfalls and highlight educationally critical aspects of variables to students. A software tool, which would engage students to interact with and manipulate a visualization of a notional machine, suggests itself as an intriguing avenue for future work.",openalex,llm_reviewed,1.000,confirmed,,doi:10.1145/1595356.1595360
kept,Student understanding of object-oriented programming as expressed in concept maps,Kate Sanders; Jonas Boustedt; Anna Eckerdal; Robert McCartney; Jan Erik Moström; Lynda Thomas; Carol Zander,2008,,10.1145/1352135.1352251,https://openalex.org/W1991116808,supports-claim; levels,"In this paper, we present the results of an experiment in which we sought to elicit students' understanding of object-oriented (OO) concepts using concept maps. Our analysis confirmed earlier research indicating that students do not have a firm grasp on the distinction between ""class"" and ""instance."" Unlike earlier research, we found that our students generally connect classes with both data and behavior. Students rarely included any mention of the hardware/software context of programs, their users, or their real-world domains. Students do mention inheritance, but not encapsulation or abstraction. And the picture they draw of OO is a static one: we found nothing that could be construed as referring to interaction among objects in a program. We then discuss the implications for teaching introductory OO programming.",openalex,llm_reviewed,1.000,confirmed,,doi:10.1145/1352135.1352251
kept,Student understanding of object-oriented programming as expressed in concept maps,Kate Sanders; Jonas Boustedt; Anna Eckerdal; Robert McCartney; Jan Erik Moström; Lynda Thomas; Carol Zander,2008,ACM SIGCSE Bulletin,10.1145/1352322.1352251,https://openalex.org/W4256077735,supports-claim; levels,"In this paper, we present the results of an experiment in which we sought to elicit students' understanding of object-oriented (OO) concepts using concept maps. Our analysis confirmed earlier research indicating that students do not have a firm grasp on the distinction between ""class"" and ""instance."" Unlike earlier research, we found that our students generally connect classes with both data and behavior. Students rarely included any mention of the hardware/software context of programs, their users, or their real-world domains. Students do mention inheritance, but not encapsulation or abstraction. And the picture they draw of OO is a static one: we found nothing that could be construed as referring to interaction among objects in a program. We then discuss the implications for teaching introductory OO programming.",openalex,llm_reviewed,1.000,confirmed,,doi:10.1145/1352322.1352251
discarded,Institutions: abstract model theory for specification and programming,Joseph A. Goguen; Rod M. Burstall,1992,Journal of the ACM,10.1145/147508.147524,https://openalex.org/W2010883554,off-topic-false-hit,"There is a population explosion among the logical systems used in computing science. Examples include first-order logic, equational logic, Horn-clause logic, higher-order logic, infinitary logic, dynamic logic, intuitionistic logic, order-sorted logic, and temporal logic; moreover, there is a tendency for each theorem prover to have its own idiosyncratic logical system. The concept of institution is introduced to formalize the informal notion of “logical system.” The major requirement is that there is a satisfaction relation between models and sentences that is consistent under change of notation. Institutions enable abstracting away from syntactic and semantic detail when working on language structure “in-the-large”; for example, we can define language features for building large logical system. This applies to both specification languages and programming languages. Institutions also have applications to such areas as database theory and the semantics of artificial and natural languages. A first main result of this paper says that any institution such that signatures (which define notation) can be glued together, also allows gluing together theories (which are just collections of sentences over a fixed signature). A second main result considers when theory structuring is preserved by institution morphisms. A third main result gives conditions under which it is sound to use a theorem prover for one institution on theories from another. A fourth main result shows how to extend institutions so that their theories may include, in addition to the original sentences, various kinds of constraint that are useful for defining abstract data types, including both “data” and “hierarchy” constraints. Further results show how to define institutions that allow sentences and constraints from two or more institutions. All our general results apply to such “duplex” and “multiplex” institutions.",openalex,llm,1.000,unreviewed,,doi:10.1145/147508.147524
discarded,Approaches to Learning Information Literacy: A Phenomenographic Study,Rae-Anne Diehm; Mandy Lupton,2012,The Journal of Academic Librarianship,10.1016/j.acalib.2012.05.003,https://openalex.org/W2048774619,adjacent-subtopic,"This paper reports on an empirical study that explores the ways students approach learning to find and use information. Based on interviews with 15 education students in an Australian university, this study uses phenomenography as its methodological and theoretical basis. The study reveals that students use three main strategies for learning information literacy: 1) learning by doing; 2) learning by trial and error; and 3) learning by interacting with other people. Understanding the different ways that students approach learning information literacy will assist librarians and faculty to design and provide more effective information literacy education.",openalex,llm,1.000,unreviewed,,doi:10.1016/j.acalib.2012.05.003
kept,Difficulties in Learning Inheritance and Polymorphism,Neomi Liberman; Catriel Beeri; Yifat Ben‐David Kolikant,2011,ACM Transactions on Computing Education,10.1145/1921607.1921611,https://openalex.org/W2028738020,qualifies-claim; real-world,"This article reports on difficulties related to the concepts of inheritance and polymorphism, expressed by a group of 22 in-service CS teachers with an experience with the procedural paradigm, as they coped with a course on OOP. Our findings are based on the analysis of tests, questionnaires that the teachers completed in the course, as well as on observations made during the course. The article suggests that the difficulties are mostly caused by the learners’ ignorance about a programming model for inheritance and polymorphism. Such a model is presented in the appendix. The article offers a classification of the difficulties into the following four clusters: (1) alternative (partial) models, (2) analogies to the use of inheritance and conversion in day-to-day life or in imperative programming, (3) lack of understanding of hierarchies and their role in inheritance, and (4) difficulties due to approaches to teaching, and their impact on the students understanding, as well as, with difficulties that arose in previous stages of learning OOP and have yet not been resolved.",openalex,llm_reviewed,0.990,confirmed,,doi:10.1145/1921607.1921611
discarded,Combining brain-computer interfaces and assistive technologies: state-of-the-art and challenges,José del R. Millán,2010,Frontiers in Neuroscience,10.3389/fnins.2010.00161,https://openalex.org/W2154037495,off-topic-false-hit,"In recent years, new research has brought the field of electroencephalogram (EEG)-based brain-computer interfacing (BCI) out of its infancy and into a phase of relative maturity through many demonstrated prototypes such as brain-controlled wheelchairs, keyboards, and computer games. With this proof-of-concept phase in the past, the time is now ripe to focus on the development of practical BCI technologies that can be brought out of the lab and into real-world applications. In particular, we focus on the prospect of improving the lives of countless disabled individuals through a combination of BCI technology with existing assistive technologies (AT). In pursuit of more practical BCIs for use outside of the lab, in this paper, we identify four application areas where disabled individuals could greatly benefit from advancements in BCI technology, namely, ""Communication and Control"", ""Motor Substitution"", ""Entertainment"", and ""Motor Recovery"". We review the current state of the art and possible future developments, while discussing the main research issues in these four areas. In particular, we expect the most progress in the development of technologies such as hybrid BCI architectures, user-machine adaptation algorithms, the exploitation of users' mental states for BCI reliability and confidence measures, the incorporation of principles in human-computer interaction (HCI) to improve BCI usability, and the development of novel BCI technology including better EEG devices.",openalex,llm,1.000,unreviewed,,doi:10.3389/fnins.2010.00161
discarded,The impact of haptic augmentation on middle school students’ conceptions of the animal cell,James Minogue; Melissa Gail Jones; Bethany Broadwell; Tom Oppewall,2006,Virtual Reality,10.1007/s10055-006-0052-4,https://openalex.org/W1981788401,off-topic-false-hit,,openalex,llm,1.000,unreviewed,,doi:10.1007/s10055-006-0052-4
discarded,Creating 3D physical models to probe student understanding of macromolecular structure,A. Kat Cooper; María T. Oliver-Hoyo,2017,Biochemistry and Molecular Biology Education,10.1002/bmb.21076,https://openalex.org/W2733895275,off-topic-false-hit,"The high degree of complexity of macromolecular structure is extremely difficult for students to process. Students struggle to translate the simplified two-dimensional representations commonly used in biochemistry instruction to three-dimensional aspects crucial in understanding structure-property relationships. We designed four different physical models to address student understanding of electrostatics and noncovalent interactions and their relationship to macromolecular structure. In this study, we have tested these models in classroom settings to determine if these models are effective in engaging students at an appropriate level of difficulty and focusing student attention on the principles of electrostatic attractions. This article describes how to create these unique models for four targeted areas related to macromolecular structure: protein secondary structure, protein tertiary structure, membrane protein solubility, and DNA structure. We also provide evidence that merits their use in classroom settings based on the analysis of assembled models and a behavioral assessment of students enrolled in an introductory biochemistry course. By providing students with three-dimensional models that can be physically manipulated, barriers to understanding representations of these complex structures can be lowered and the focus shifted to addressing the foundational concepts behind these properties. © 2017 by The International Union of Biochemistry and Molecular Biology, 45(6):491-500, 2017.",openalex,llm,1.000,unreviewed,,doi:10.1002/bmb.21076
discarded,Hardy-Weinberg Equilibrium Testing of Biological Ascertainment for Mendelian Randomization Studies,Santiago Rodrı́guez; Tom R. Gaunt; Ian N. M. Day,2009,American Journal of Epidemiology,10.1093/aje/kwn359,https://openalex.org/W2120491838,off-topic-false-hit,"Mendelian randomization (MR) permits causal inference between exposures and a disease. It can be compared with randomized controlled trials. Whereas in a randomized controlled trial the randomization occurs at entry into the trial, in MR the randomization occurs during gamete formation and conception. Several factors, including time since conception and sampling variation, are relevant to the interpretation of an MR test. Particularly important is consideration of the ""missingness"" of genotypes that can be originated by chance, genotyping errors, or clinical ascertainment. Testing for Hardy-Weinberg equilibrium (HWE) is a genetic approach that permits evaluation of missingness. In this paper, the authors demonstrate evidence of nonconformity with HWE in real data. They also perform simulations to characterize the sensitivity of HWE tests to missingness. Unresolved missingness could lead to a false rejection of causality in an MR investigation of trait-disease association. These results indicate that large-scale studies, very high quality genotyping data, and detailed knowledge of the life-course genetics of the alleles/genotypes studied will largely mitigate this risk. The authors also present a Web program (http://www.oege.org/software/hwe-mr-calc.shtml) for estimating possible missingness and an approach to evaluating missingness under different genetic models.",openalex,llm,1.000,unreviewed,,doi:10.1093/aje/kwn359
discarded,Developing middle school students’ understanding of machine learning in an African school,Ismaila Temitayo Sanusi; Solomon Sunday Oyelere; Henriikka Vartiainen; Jarkko T Suhonen; Markku Tukiainen,2023,Computers and Education Artificial Intelligence,10.1016/j.caeai.2023.100155,https://openalex.org/W4384563724,off-topic-false-hit,"Researchers' efforts to build a knowledge base of how middle school students learn about machine learning (ML) is limited, particularly, considering the African context. Hence, we conducted an experimental classroom study (N = 32) within the context of extracurricular activities in a Nigerian middle school to discern how students engaged with ML activities. Furthermore, we explored whether participation in our intervention program elicit changes in students' ML comprehension, and perceptions. Using multiple qualitative data collection techniques including interviews, pre-post open-ended surveys and written assessments, we uncover evidence that indicated evolution of students’ ML understanding, ethical awareness, and societal implication of ML. In addition, our findings showed that a middle school student can learn and understand ML, even when one had no prior knowledge or interest in science related careers. The findings have implication for pedagogical design of AI instruction in middle school context. We discuss the implication of our results for researchers and relevant stakeholders, highlight the limitations and chart future work paths.",openalex,llm,0.990,unreviewed,,doi:10.1016/j.caeai.2023.100155
discarded,The “Genetic Program” Program: A Commentary on Maynard Smith on Information in Biology,Kim Sterelny,2000,Philosophy of Science,10.1086/392769,https://openalex.org/W2144264554,off-topic-false-hit,"In many texts on evolution the reader will find a characteristic depiction of inheritance and evolution, one showing the generations of an evolving population linked only by a causal flow from genotype to genotype. On this view, the genotype of each organism in this population plays a dual role as both the motor of individual development and as the sole causal channel across the generations (cf., e.g., Maynard Smith 1993, Fig. 8). This picture is known to be literally false. In many species, parents exert direct causal influence on their offspring, and some of those influences cause the offspring to resemble the parent. For example, a butterfly that lays her eggs on the same plant host on which she hatched thereby exerts a causal influence on her offspring, and one apt to cause them to resemble her more than they would, had she chosen a plant of a different species. None of this is at all controversial, but it poses a puzzle. If the “Weissmanian” conception is literally false, why is it seen as a perspicacious representation of evolution?",openalex,llm,1.000,unreviewed,,doi:10.1086/392769
