status,title,authors,year,venue,doi,url,tags,abstract,provider,decision_source,llm_confidence,llm_review_outcome,llm_change_direction,paper_id
discarded,Pre-conceptional paternal diet impacts on offspring testosterone homoeostasis via epigenetic modulation of cyp19a1/aromatase activity,"Pastore, Arianna; Badolati, Nadia; Manfrevola, Francesco; Sagliocchi, Serena; Laurenzi, Valentina; Musto, Giorgia; Porreca, Veronica; Murolo, Melania; Chioccarelli, Teresa; Ciampaglia, Roberto; Vellecco, Valentina; Bucci, Mariarosaria; Dentice, Monica; Cobellis, Gilda; Stornaiuolo, Mariano",2024,NPJ METABOLIC HEALTH AND DISEASE,10.1038/s44324-024-00011-8,https://www.webofscience.com/wos/woscc/full-record/WOS:001821632000001,off-topic-false-hit,"Paternal eating habits, before and at conception, have a strong impact on offspring future metabolism. By sending specific epigenetic signals through spermatozoa, paternal nutrition influences developing embryos and increases offspring risk of developing dysmetabolism and cardiovascular diseases. Among the intergenerational consequences, paternal epigenetic messages affect embryo DNA methylation altering programmed gene expression. The identification of offspring genetic loci that are epigenetically altered by paternal stimuli is of pivotal interest for timely post-natal treatment of offspring metabolic defects. We here use a murine model to show that, cyp19a1/aromatase, a gene coding for the cytochrome converting testosterone into 17-beta estradiol (both potent hormonal mediators of embryo development and metabolism), is an epigenetic transducer of paternal intergenerational inheritance. By affecting cyp19a1 methylation status and alternative splicing, paternal diet coordinates androgens' metabolism in the progeny affecting it in a sexually dimorphic way and promoting hypoandrogenism, growth retardation and diabetes in male pups.",wos,llm,1.000,unreviewed,,doi:10.1038/s44324-024-00011-8
discarded,Genome-wide association study identifies genomic regions associated with key reproductive traits in Korean Hanwoo cows,"Haque, Md Azizul; Lee, Yun-Mi; Ha, Jae-Jung; Jin, Shil; Park, Byoungho; Kim, Nam-Young; Won, Jeong-Il; Kim, Jong-Joo",2024,BMC GENOMICS,10.1186/s12864-024-10401-3,https://www.webofscience.com/wos/woscc/full-record/WOS:001229382300001,off-topic-false-hit,"Background Conducting genome-wide association studies (GWAS) for reproductive traits in Hanwoo cattle, including age at first calving (AFC), calving interval (CI), gestation length (GL), and number of artificial inseminations per conception (NAIPC), is of paramount significance. These analyses provided a thorough exploration of the genetic basis of these traits, facilitating the identification of key markers for targeted trait improvement. Breeders can optimize their selection strategies, leading to more efficient and sustainable breeding programs, by incorporating genetic insights. This impact extends beyond individual traits and contributes to the overall productivity and profitability of the Hanwoo beef cattle industry. Ultimately, GWAS is essential in ensuring the long-term genetic resilience and adaptability of Hanwoo cattle populations. The primary goal of this study was to identify significant single nucleotide polymorphisms (SNPs) or quantitative trait loci (QTLs) associated with the studied reproductive traits and subsequently map the underlying genes that hold promise for trait improvement.Results A genome-wide association study of reproductive traits identified 68 significant single nucleotide polymorphisms (SNPs) distributed across 29 Bos taurus autosomes (BTA). Among them, BTA14 exhibited the highest number of identified SNPs (25), whereas BTA6, BTA7, BTA8, BTA10, BTA13, BTA17, and BTA20 exhibited 8, 5, 5, 3, 8, 2, and 12 significant SNPs, respectively. Annotation of candidate genes within a 500 kb region surrounding the significant SNPs led to the identification of ten candidate genes relevant to age at first calving. These genes were: FANCG, UNC13B, TESK1, TLN1, and CREB3 on BTA8; FAM110B, UBXN2B, SDCBP, and TOX on BTA14; and MAP3K1 on BTA20. Additionally, APBA3, TCF12, and ZFR2, located on BTA7 and BTA10, were associated with the calving interval; PAX1, SGCD, and HAND1, located on BTA7 and BTA13, were linked to gestation length; and RBM47, UBE2K, and GPX8, located on BTA6 and BTA20, were linked to the number of artificial inseminations per conception in Hanwoo cows.Conclusions The findings of this study enhance our knowledge of the genetic factors that influence reproductive traits in Hanwoo cattle populations and provide a foundation for future breeding strategies focused on improving desirable traits in beef cattle. This research offers new evidence and insights into the genetic variants and genome regions associated with reproductive traits and contributes valuable information to guide future efforts in cattle breeding.",wos,llm,1.000,unreviewed,,doi:10.1186/s12864-024-10401-3
discarded,Developing professional capital through technology-enabled university-school-enterprise collaboration: an innovative model for C-STEAM preservice teacher education in the Greater Bay area,"Lyu, Siyuan; Niu, Shijing; Yuan, Jing; Zhan, Zehui",2024,ASIA PACIFIC JOURNAL OF INNOVATION AND ENTREPRENEURSHIP,10.1108/APJIE-01-2024-0014,https://www.webofscience.com/wos/woscc/full-record/WOS:001230485700001,off-topic-false-hit,"PurposePreservice teacher (PST) professional development programs are crucial for cultivating high-quality STEAM teachers of the future, significantly impacting the quality of regional STEAM education. The Guangdong-Hong Kong-Macao Greater Bay Area, as a region of cross-border cooperation, integrates the resources and advantages of Guangdong, Hong Kong, and Macao, possessing rich cultural heritage and innovative capabilities. Transdisciplinary Education for Cultural Inheritance (C-STEAM) is an effective approach to promoting educational collaboration within the Greater Bay Area, facilitating the integration of both technological and humanities education. This study aims to develop a Technology-Enabled University-School-Enterprise (T-USE) collaborative education model and implement it in the Greater Bay Area, to explore its role as a support mechanism in professional development and its impact on C-STEAM PSTs' professional capital.Design/methodology/approachAdopting a qualitative methodology, the study interviewed PSTs who participated in a C-STEAM teacher education course under the T-USE model. Thematic coding is used to analyze their knowledge acquisition, interaction benefits with community members, and autonomous thinking and decision-making in theoretical learning and teaching practice.FindingsThe findings show that the T-USE model significantly enhanced the PSTs' human capital, including teaching beliefs, knowledge, and skills. In terms of social capital, PSTs benefited from collaboration with PST groups, university teaching teams, in-service teachers, and enterprises, though challenges such as varying levels of expertise among in-service teachers and occasional technical instability emerged. For decisional capital, the T-USE model provided opportunities for autonomous thinking and promoted teaching judgment skills through real teaching challenges and scenarios. Reflective practice activities also supported PSTs' professional growth.Originality/valueThis study reveals the effectiveness and internal mechanism of the T-USE model in C-STEAM PST training, offering significant theoretical and practical references for future PST education.",wos,llm,0.980,unreviewed,,doi:10.1108/apjie-01-2024-0014
discarded,William Lawrence Tower's Beetles: Experimental Evolution and the Manipulation of Inheritance,"Richards, Eric J.",2024,JOURNAL OF THE HISTORY OF BIOLOGY,10.1007/s10739-024-09771-x,https://www.webofscience.com/wos/woscc/full-record/WOS:001218988600001,off-topic-false-hit,"William Lawrence Tower's work on the evolution of the Colorado Potato Beetle (Leptinotarsa decemlineata), documenting the environmental induction of mutation and speciation, made him a leading figure in experimental genetics during the first decade of the 20th century. His research program served as a model for other experimental evolution studies seeking to demonstrate the environmental modification of inheritance. Tower enjoyed the support of influential figures in the field, despite well-known problems that plagued Tower's earlier academic career. The validity of his genetic work, and other findings reported by Tower, were later challenged. The Tower affair illustrates how questionable and possibly fraudulent scientific practices can be tolerated to explore certain experimental directions and theoretical frameworks, particularly at the frontier of expanding disciplines. When needed, those explorations can be forestalled or extinguished by exploiting conspicuous vulnerabilities of rogue practitioners. In Tower's case, both unrefuted allegations of scientific misconduct and personal problems dissolved his institutional support, leading to a swift ouster from academic science. Tower's downfall discredited soft inheritance and neo-Lamarckian conceptions in the field of experimental genetics, facilitating the discipline's embrace of a hard inheritance model that featured a hereditary material resistant to environmental modification.",wos,llm,1.000,unreviewed,,doi:10.1007/s10739-024-09771-x
discarded,"Compressible linings solutions: A multi-scale mechanical and technical demonstration up to a full 6m diameter surface loading ""accelerator"" device","Zghondi, J.; Armand, G.; Kerner, L.; Terrade, B.; Dias, N.; Bosgiraud, J. M.",2023,"PROCEEDINGS OF THE ITA-AITES WORLD TUNNEL CONGRESS 2023, WTC 2023",10.1201/9781003348030-311,https://www.webofscience.com/wos/woscc/full-record/WOS:001150380204027,off-topic-false-hit,"Compressible linings can be the solution for deep underground tunnels with differed mechanical behaviour. That is the case for the geomechanical response to excavation prevailing in the mid-level of the Callovo-Oxfordian (COx) claystone formation where Cigeo (the French Deep Geological Repository) will be implemented. In order to optimize the lining thickness, Andra studies different compressible solutions. An ongoing qualification process was set out, starting from the qualification at the product properties level until reaching the implementation phase in an experimental tunnel. The article presents the ongoing program, where qualification is twofold: scientific and technological. The solution concept has to prove that elasto-plastic behaviour remains uncompromised in a lining at full scale at while answering technological requirements at the different conception stages. A higher level of robustness was proposed by Andra and its partner University Gustave Eiffel (France), using a surface ""accelerator"" ring loading test system. This unique experimental device allows different loading simulations of long-term Cigeo interface behaviour, on different compressible full rings solutions (6m diameter). These loading tests confirm the long-term compressible behaviour of the rings and provide data to consolidate specific behavioural law modelling. The positive outcomes of this technical process will provide ""elements of proof"" of the robustness of the compressible lining designs forecast for Cigeo.",wos,llm,1.000,unreviewed,,doi:10.1201/9781003348030-311
discarded,The double inheritance of the concept of subject in the work of Byung Chul Han,"Butierrez, Luis Fernando",2024,TORRES DE LUCCA-REVISTA INTERNACIONAL DE FILOSOFIA POLITICA,10.5209/ltdl.83631,https://www.webofscience.com/wos/woscc/full-record/WOS:001157452000004,off-topic-false-hit,"In the following work we will make a journey through a set of fundamental works by Byung Chul Han to circumscribe the conception of the subject that allows him to articulate central elements of his political program. In this context, we intend to argue that such a conception is articulated from a triple heritage: Foucault's respective conception, Heidegger's understanding of the ontology of Dasein and the concept of ego from the Cartesian tradition. Due to this confluence of traditions it is possible to identify certain tensions in the development of its political and community perspective due to its articulation on different comprehensive bases. To account for this, first of all, we will point out the main aspects of Heidegger's elaborations around Dasein and the conception of the subject in Foucault's work. Secondly, we will analyze a set of readings and interpretations of Han, within the framework of his elaborations regarding contemporary processes of subjectivation and forms of power. With this we propose a clarification and distinction of the comprehensive frameworks from which Han thematizes the socio-political processes of power and subjectivation, in order to contribute to the comprehensive development of his approach in our time.",wos,llm,1.000,unreviewed,,doi:10.5209/ltdl.83631
discarded,Surrogate Model-Based Visualization Program for Groundwater Engineering Computation,"Zhou, Jie; Ban, Chao; Mu, Kangdi; Zhou, Huade; Liu, Chengjun; Shi, Zhenming; Huang, Yu",2026,COMPUTER APPLICATIONS IN ENGINEERING EDUCATION,10.1002/cae.70257,https://www.webofscience.com/wos/woscc/full-record/WOS:001857269900001,off-topic-false-hit,"In groundwater engineering practice, dewatering design and groundwater flow analysis are essential for the stability assessment of underground excavations, such as foundation pits and tunnels. Traditional groundwater engineering education often suffers from several limitations, including abstract theoretical concepts, complex modeling procedures, and insufficient experiential learning. To address these challenges, intelligent foundation pit dewatering prediction (IFPDP) simulation software was developed in this study, designed specifically for groundwater engineering education to enhance students' understanding of seepage mechanisms, dewatering processes, and groundwater numerical simulation. The IFPDP employed MODFLOW files generated in GMS and uses FloPy as a Python interface to enable model execution and repeated simulations. In addition, a surrogate model based on the BP neural network was integrated to enhance computational efficiency and supports parameterized teaching. The system was designed to integrate numerical simulation, visualization, and interactive learning with autonomous modeling and case-library expansion, thereby enabling students to complete the full workflow from theoretical learning to model construction and intelligent prediction. A teaching experiment and questionnaire survey were conducted involving 120 undergraduate students across different academic levels. The results indicate that the IFPDP significantly improves students' knowledge acquisition, learning motivation, and modeling practice skills. Students widely acknowledged the software's intuitive visualization, engineering relevance, and interactive experience, while also suggesting further expansion of the case library and enhanced parameter guidance. Overall, the study demonstrates that the IFPDP provides an efficient virtual simulation platform for groundwater engineering education and shows strong potential for future application.",wos,llm,0.990,unreviewed,,doi:10.1002/cae.70257
discarded,Systematic review of Science teacher education and giftedness,"Santos, Leonora A.; Nobrega, Lorrana N. N.; Benite, Claudio R. M.",2026,ALTERIDAD-REVISTA DE EDUCACION,10.17163/alt.v21n1.2026.04,https://www.webofscience.com/wos/woscc/full-record/WOS:001808595800004,off-topic-false-hit,"This study conducted a systematic review of the national literature published between 2019 and 2024, with the aim of mapping and analyzing the education of Science teachers (Biology, Chemistry, and Physics) at the interface with Special Education, focusing on students with High Abilities/Giftedness. The analysis of 18 selected studies revealed four main thematic categories: initial teacher education curricula; teachers' conceptions regarding this specificity; pedagogical strategies and resources aimed at this population; and professional development actions in Science from an inclusive perspective. The results point to persistent gaps in teacher education, particularly in Physics, as well as misconceptions about giftedness, an uneven distribution of scientific production across the country, and a concentration of research within Graduate Programs. Despite these limitations, innovative initiatives stand out, such as inquiry-based experimentation, the STEAM approach, remote mentoring, gamification, and the use of active methodologies, which contribute to the recognition and development of these students' potential. It is concluded that initial and continuing education of Science teachers, articulated with Special Education, is essential for consolidating inclusive and equitable pedagogical practices; however, it is necessary to establish parameters for monitoring and evaluating the impact of these educational initiatives in Brazilian public Basic Education classrooms.",wos,llm,0.990,unreviewed,,doi:10.17163/alt.v21n1.2026.04
discarded,DEVELOPMENT OF A WEBSITE-BASED APPLICATION: MARS AND BASIC STATISTICS LEARNING MEDIA,"Simarmata, Justin Eduardo; Weber, Gerhard-Wilhelm; Purnomo, Miko; Chrisinta, Debora",2026,JOURNAL OF DYNAMICS AND GAMES,10.3934/jdg.2025036,https://www.webofscience.com/wos/woscc/full-record/WOS:001529595300001,off-topic-false-hit,"The difficulty faced by students in understanding statistical concepts taught in the Basic Statistics course in the Mathematics Education Program at Universitas Timor is primarily due to the limitations of conventional teaching methods. Additionally, challenges in data analysis for completing final projects arise from the lack of adequate analytical tools. This study aims to develop and evaluate an interactive learning medium based on RStudio to improve students' learning outcomes in the course and to develop an analytical tool utilizing MARS (Multivariate Adaptive Regression Splines). The objectives of this research are to create more interactive and effective learning media and analytical tools. The method employed in this study involves developing RStudio-based media equipped with interactive features and conducting effectiveness tests through pretest and posttest evaluations to measure improvements in learning outcomes related to the development of the learning media. For the MARS feature, the success of the application is evaluated based on the analysis output after data input. Furthermore, alpha and beta testing are conducted to identify technical issues and difficulties in using the learning media and MARS features, as well as to gather feedback on the interface and learning content. The results of the study indicate that the interactive learning media significantly improved students' learning outcomes, with posttest scores significantly higher than pretest scores. Alpha and beta testing revealed that the media is user-friendly and effective in supporting students' understanding and analytical skills. Therefore, this RStudio-based application has proven to be effective in enhancing the quality of learning and can serve as an alternative for addressing final project requirements that involve technology-based statistical approaches.",wos,llm,0.990,unreviewed,,doi:10.3934/jdg.2025036
