status,title,authors,year,venue,doi,url,tags,abstract,provider,decision_source,llm_confidence,llm_review_outcome,llm_change_direction,paper_id
In my view, reciprocity is a fundamental social relation that in fact takes several forms besides such instrumental ones, and I believe that reciprocity remains important for properly understanding solidarity. This potential for reciprocity helps to distinguish solidarity from charity, since charity evidently does not presuppose reciprocation from the needy or those aided. The reciprocity that applies to solidarity actions can be seen in the notion of mutual aid, which has been part of traditional understandings of labor and social movement solidarity. The mutuality involved here is itself a developed form of reciprocity, but one characterized not instrumentally in the manner of Prainsack and Buyx. Rather, reciprocity and the solidarity that incorporates it are here seen as aiming at improving the situation of the other, at least partly for its own sake, and not only for the subsequent return of benefit that could be expected from doing so. Although they do not explicitly tie solidarity to the overcoming of domination and exploitation, Prainsack and Buyx do helpfully take note of the dangers for healthcare posed by commercial interests, as well as entrenched inequalities. This is evident, for example, in their account of the problems that afflict the use of large databases and biobanks, as well as the perils that attend some proposed uses of personalized medicine. But these problematic dimensions of contemporary life are treated more as background conditions rather than as structural and institutional features against which solidarity actions with others need to struggle. Moreover, we can observe that the prevalence of commercial interests in regard to health databases can undercut the very possibilities for solidarity that these authors seek, by deterring people from contributing their information to them from fear of such commercial use. This lends an additional practical motivation to taking these structural background conditions seriously, if solidarity is to be encouraged. Certainly, these authors are right to highlight forms of solidarity that may arise in pursuit of common aims or shared goals, as within a political community (often taken as national). But I would suggest that solidarity is also centrally a process aimed at overcoming forms of domination and structural injustice, where people share an interest in doing so. This struggle against domination can sometimes itself take an instrumental form. But when it involves normative solidarity, it is properly understood as motivated by a shared interest in justice rather than simply the pursuit of benefits. As I have suggested, the classic account of solidarity in this sense is that of labor movement solidarity, but similar notions have characterized a range of social movements, e.g., in Latin America and elsewhere, whether aimed at agrarian reform or at overcoming authoritarian rule, where they take the form also of democratic movements. I propose that these examples, with the processive and critical notion of solidarity they imply, have implications for an adequate conception of solidarity for healthcare and for its applications there. Before turning to this socially critical notion of solidarity, we can note a drawback in the standard reading that takes solidarity as a unitary notion within a single group or community like the nation-state. Insofar as the group is limited to compatriots, or to members of smaller pre-existing groups, it evidently does not address the needs or vulnerabilities of others situated outside these groups' borders.

Although there may be unitary groups or communities that are transnational, within which traditional forms of solidarity can be found, increasingly we see that cross-border or transnational relationships take a networked form and involve relations to 'outsiders'. What sorts of solidarities are possible there both generally and in the context of healthcare? Some bioethicists have recently addressed this issue by introducing a notion of human solidarity or global solidarity. In the analysis given by Gunson, the notion of solidarity held to be suitable for global contexts and seen as underlying the Universal Declaration on Bioethics and Human Rights is explicitly understood as 'weak solidarity,' namely, 'the willingness to take the perspective of others seriously.' It does not add the requirement 'to act in support of it,' which he holds is characteristic of 'strong solidarity,' such as is involved in political solidarities or in social movements to counter exploitation or achieve justice. Gunson explicates weak solidarity as involving listening to others and 'caring for others,' but not necessarily as including efforts at reducing inequalities, or even a specific concern with those. He sees the Universal Declaration on Bioethics and Human Rights as appealing to a notion of human dignity, but seems to think that weak solidarity is sufficient to respect and uphold that dignity. I would suggest that the appropriate sense of dignity is the robust and demanding one that we find explicitly enunciated in the Universal Declaration of Human Rights, where dignity is taken in an egalitarian sense, and is held to imply certain labor rights, along with health itself as a human right. A related notion of dignity is likewise appealed to numerous times in the Universal Declaration on Bioethics and Human Rights, which also includes a specific reference to solidarity, as a goal of international cooperation, along with demands on governments for meeting health research and healthcare needs. But this Declaration could usefully go further to specify some of the practices that would help to realize these aims, and I suggest that strong, rather than weak, forms of solidarity would be required in order to fulfill them, and not merely the caring for and aiding others that Gunson and also Prainsack and Buyx emphasize in their accounts. We can distinguish two main senses of solidarity, as already adumbrated, each of which has import for healthcare and the structural injustice that may constrain it. One sense is unitary solidarity, often taken as pertaining to the relations among citizens within a state, but applying as well to the relations among members of smaller pre-existing groups. The second is what I call networking solidarity, evident when groups (often, though not necessarily, transnational), or sometimes also individuals, link up to work on projects aimed at overcoming oppression or exploitation. The first form of solidarity-unitary group solidarity-is often illustrated with the motto of the three musketeers: 'One for all and all for one,' but that is a rather specific and highly demanding version of it. Nonetheless, it has the advantage of calling attention to solidarity as involving a clear awareness of a 'we' or 'us'. Although some sense of a 'we' can be discerned in both forms of solidarity analyzed here, it applies to each type somewhat differently, as we shall see.

In contrast, the individualist approach to solidarity advanced by Prainsack and Buyx tends to diminish the role of shared or collective activity, although it helpfully includes a notion of identification with an other who in their view are aided because they are regarded as 'similar in some respect.' In the account that I have developed, the first sense of solidarity pertains to relations among co-participants in an ongoing group, oriented to shared goals. Not all of the participants necessarily share all the goals of the group though they are generally committed to the main ones and to the group's persistence and viability as a whole. Note that solidarity here may not always require a pre-existing shared identity or culture (although it often does), but may emerge from the constitution of an ongoing 'we' in the context of collective or group agency. The shared goals of the group are not aggregative, that is, a sum of each individual's similar goals, but arise in common endeavors (normally including a multiplicity of overlapping subordinate goals), where the overarching goals are at least partly constitutive of the group itself. The various aims and goals are not always explicitly reflected on and are often embedded or institutionalized in the practices of the group. While such a conception of solidarity is often thought to be merely descriptive, I see it (as will be the case for the second sense as well) as grounded in a social ontology of what I have called individuals-in-relations, and as having normative dimensions. In this first case of group solidarity, as an instance of what I have elsewhere called 'common activities,' the norms go beyond the commitments involved in the constitution of any group whatever, and extend to the recognition (though often only implicit) of the fundamentally equal status of the individuals who constitute the group as agents. In virtue of this equality, I have argued elsewhere that the members should be granted equal rights to participate in processes of affirming and revising the goals of the group and should also have some say in how the various shared goals are carried out. This follows from an understanding of justice as what I have termed 'equal positive freedom,' or prima facie equal rights to the conditions of self-development, where such social contexts of activity are among these necessary conditions for individuals. In virtue of their equal agency, no individual has a right to dominate others in determining these common activities, that is, they have equal rights of co-determination of them. In this perspective, solidarity can be seen as an integral part of a set of norms that encompasses justice, as requiring the equal freedom of these relational individuals to develop themselves over time, and the norm of democracy, going beyond its traditional meanings of voting and majority rule to include equal rights of participation in co-determining group ends. In this account, which emphasizes people's interdependence and their embodied nature, the sort of mutual support involved in group solidarity emerges as a crucial condition for the self-transformative activity of individuals and for the persistence of the group itself. We can say then that the requirement to realize justice along with a broad range of human rights through solidaristic activity arises from people's interdependence and from the fact that their free development as agents requires a set of conditions, both material and social.

Justice calls for the protection of the traditionally recognized negative liberties, but goes beyond it to require the availability of conditions that support people's self-developing activity (both as individuals and as collectives) over time, that is, their positive freedom. Crucial among these conditions are health and healthcare, as well as education and other central social needs. Given the individuals' fundamental equality as agents, with both individual dignity and shared needs, the norm of justice as requiring action to realize equality not only qualifies any potential group solidarity, as it does on the Prainsack and Buyx account, but is properly a core aspect of solidarity itself as a normative practice. From this perspective, the solidarities that obtain within a group not only help to realize justice concretely, but also can be said to constitute 'the other side of justice' (in Habermas's phrase). Solidarity actions not only reflect people's pre-existing feelings of connection to each other, but also can function in practice to solidify their understanding of shared neediness and their interdependence in meeting these needs and pursuing shared goals. The interdependence involved in common endeavors like political communities, together with the equal vulnerability of members of such communities, involves forms of reciprocity and gives rise to the requirement of mutual aid that is characteristic of solidarity. Further, the conditions for the realization of both individual freedom and of the shared goals of the group can in fact be seen to require the absence of domination and exploitation, that is, the overcoming of these one-sided forms of recognition not only in interpersonal relations, but also as they are entrenched in structural or institutional forms. Included here are types of economic functioning that systematically disadvantage large groups of people, along with other forms of institutional discrimination on the basis of race or gender, or other minority characteristics. Although existing solidarity groups are not always fully aware of the relevance to them of overcoming such injustices, I believe that such demands of justice are in fact integral to solidarity as a norm and not external to it, as on the empirically oriented account advanced by Prainsack and Buyx. Moreover, we can see that ongoing (and not merely pre-given) solidaristic social action within a collectivity and community is needed as a way to more fully achieve justice within it. These interrelations between solidarity and justice are even more evident in the second sense of solidarity, which I have called networking solidarities. This second form is most often found in social movements. Conceptually it arises primarily from classic notions of labor solidarity, which I have suggested can be extended to these movements and can even characterize the relations that are increasingly evident among civil society associations, e.g., NGOs. Networking solidarity is a form particularly apt for capturing constructive relations of support toward distantly situated others, but it can also apply within, as well as across, borders. This form of solidarity is generally aimed at overcoming forms of domination and exploitation, but may also include networking to help alleviate suffering.

As a relation among groups (or sometimes even among individuals), I have elsewhere argued that it manifests a type of social empathy or the understanding of another group's situation and perspective, but such solidarity does not consist in sentiment per se. Rather, it necessarily involves action or a readiness to take action on behalf of, and in support of, others. Here, too, there is generally a commitment to a common cause, and when properly understood, I think, a commitment to justice. Although this form of solidarity in practice has tended to involve better-off people working to help those who are less advantaged, we can find a form of reciprocity implicit even here, in particular, an expectation of reciprocal action and mutual aid were it needed. More direct reciprocity is evident in traditional labor union solidarity, as well as in some social movements, where the solidarity actions are among people perceived to be similarly situated. In these various cases of networking solidarity, I have argued that normatively solidarity requires deference to the needs and goals of others as they themselves understand them. And ideally, solidarity movements should embody democratic modes of decision making among the participants, given their equal status as members, and their shared commitment to the overarching goals of their movement. Although there are some fully shared goals that motivate these forms of networking solidarity, especially inasmuch as they often take a project-oriented form, different subgroups act to realize these goals in ways they themselves determine, and they liaise or link up with each other to decide how each group can best participate and contribute. As groups or associations of their own, they tend to have their own sets of goals and plans unrelated to these solidarity actions. But they take themselves to be part of the larger movement or set of associations, aimed at overcoming forms of domination or suffering. Moreover, they often make use of online forms of networking and social media to coordinate their efforts with each other, and they offer each other mutual support and encouragement. Although the groups or individuals linking up in these networks can in some sense be regarded as themselves constituting a superordinate group, and thus from an abstract perspective as not being essentially different from the first form of group solidarity, the latter is unitary and understood by the members as a single group, most often pre-existing, while the former involves loose relations among groups (or sometimes also individuals) undertaken for the purpose of a given project or aim. In practice, then, we can regard these two forms of solidarity as distinct, and see them as manifested in two different types of social phenomena. The 'we' in the case of networking solidarity is constructed serially and diversely by its member groups (or individuals), and is oriented to a particular cause. Nonetheless, insofar as they take overcoming domination, oppression, or exploitation as their aim, they are at least partly defined by an egalitarian commitment to justice, and the 'we' should remain open to others similarly committed. It must be granted that labor solidarity and most social movement solidarity have often involved shared interests and an antagonistic relation to others regarded as exploitative or authoritarian. Indeed, the first sense of solidarity, as group solidarity, admits of a similar antagonistic relation to outsiders, e.g., in the case of hostility toward other nation-states.

Nonetheless, we can see how normatively each of these forms of solidarity has the potential to develop in ways that are more inclusive rather than exclusive. In the national case this is possible if borders are not understood to reflect unitary shared identities but come to be regarded as contingent and indeed as porous, or at least much more so than at present. Likewise, labor and social movement solidarity are in principle open to all those who wish to join in their efforts to work toward social (and indeed global) justice, even though it must be admitted that in practice those benefiting from exploitation are unlikely to join in. The connection of solidarity to social and global justice suggests the need to theorize more fully how structural or systemic forms of injustice set the frame and motivation for many solidarity movements and can serve to orient their practices. The notion of structural injustice is perhaps most relevant to networking solidarities, especially where they explicitly aim at establishing justice and therefore would have to address such institutional forms of injustice. But this notion can also apply to unitary solidarity groups, if they seek to adequately meet the basic needs and respect the human rights of their members, who are affected by these forms of injustice. That structures or systems may operate so as to consistently produce injustices has been a prime insight in Marxist theories, which highlight the way the capitalist economic system exploits workers, apart from the specific intentions of individuals, who often do not aim at such exploitation. While classical liberal theories tend to put great weight on individual action and intention, the Marxist emphasis on structure and on the functioning of the capitalist system focuses us on the underlying ways in which corporations operate in accordance with the requirement to increase profits by way of the exploitation of labor. Marxist theory also brings to the forefront the notion of objectification. This refers to the significance of the embodiment of intentions and plans in artifacts and on the need to be recognized by others if people are to understand themselves. That is, it introduces elements of externality required for self-transformation, whether individual or cultural. In such an approach, not only the social, but the material, environment for human action can in various ways reflect existing class and other salient group differences. This environment for action also generates steady expectations and encourages certain modes of comportment in people who tend to operate in accordance with prevailing social practices and rules. At the same time, people have the capacity to change these practices and rules over time, though often only through collective choices and action. (This point may not always be duly appreciated in theories of structural injustice themselves.) More contemporary analyses of the structural factors that contribute to injustice, as found for example in the work of Anthony Giddens and Iris Young, cast light on how individuals can reproduce problematic practices through their choices within these structural constraints. While Giddens focused on processes of what he called structuration, Young highlighted consumer choices and other social practices that serve to produce and reproduce injustices, in a certain sense unwittingly, for example, by impacting sweatshop workers at a distance or by limiting access to the existing housing stock.

According to Young:Structural injustices are harms that come to people as a result of structural processes in which many people participate.

