status,title,authors,year,venue,doi,url,tags,abstract,provider,decision_source,llm_confidence,llm_review_outcome,llm_change_direction
discarded,UNCONTAINED: Uncovering Container Confusion in the Linux Kernel,"Koschel, Jakob; Borrello, Pietro; D'Elia, Daniele Cono; Bos, Herbert; Giuffrida, Cristiano",2023,PROCEEDINGS OF THE 32ND USENIX SECURITY SYMPOSIUM,,https://www.webofscience.com/wos/woscc/full-record/WOS:001066451505014,adjacent-subtopic; systems-security; c-struct-embedding,"Type confusion bugs are a common source of security problems whenever software makes use of type hierarchies, as an inadvertent downcast to an incompatible type is hard to detect at compile time and easily leads to memory corruption at run-time. Where existing research mostly studies type confusion in the context of object-oriented languages such as C++, we analyze how similar bugs affect complex C projects such as the Linux kernel. In particular, structure embedding emulates type inheritance between typed structures. Downcasting in such cases consists of determining the containing structure from the embedded one, and, like its C++ counterpart, may well lead to bad casting to an incompatible type.

In this paper, we present UNCONTAINED, a systematic, twopronged solution to discover type confusion vulnerabilities resulting from incorrect downcasting on structure embeddings-which we call container confusion. First, we design a novel sanitizer to dynamically detect such issues and evaluate it on the Linux kernel, where we find as many as 11 container confusion bugs. Using the patterns in the bugs detected by the sanitizer, we then develop a static analyzer to find similar bugs in code that dynamic analysis fails to reach and detect another 78 bugs. We reported and proposed patches for all the bugs (with 102 patches already merged and 6 CVEs assigned), cooperating with the Linux kernel maintainers towards safer design choices for container manipulation.",wos,llm,0.980,unreviewed,
discarded,The rapid construction method of the digital twin polymorphic model for discrete manufacturing workshop,"Zhang, Dongjie; Liu, Zhifeng; Li, Fuping; Zhao, Yongsheng; Zhang, Caixia; Li, Xin; Zhang, Yueze",2023,ROBOTICS AND COMPUTER-INTEGRATED MANUFACTURING,10.1016/j.rcim.2023.102600,https://www.webofscience.com/wos/woscc/full-record/WOS:001022531600001,off-topic-false-hit; manufacturing-components,"The modeling process is resource-intensive, time-consuming, and expensive due to the large number and variety of production and auxiliary equipment in discrete manufacturing plants. The popular twin-model construction method based on a single type of equipment cannot meet the demand for rapid construction and high-quality model mapping in large discrete manufacturing plants. This paper proposes a strategy for developing a digital twin polymorphic model (DTPM) for discrete manufacturing workshops to meet complex manufacturing business scenarios, improve the richness of digital twin model varieties, construction efficiency and intelligence, and form an efficient equipment model construction method. The complete element information and real-time dynamic data of the minimal component unit (Functional Components, FC) of DTPM are clustered and analyzed. In addition, properties of the functional component information model are characterized from several dimensions, such as geometry, physics, and behavior. Furthermore, the FC with highly concentrated primary components is established based on the object-oriented derivation inheritance and attribute reuse hybrid drive technique. FC drastically reduces the duration of the digital twin model development process through encapsulation, inheritance, polymorphism, and other technologies. On this premise, the DTPM construction method that deeply de couples the physical structure and functional methods is proposed. DTPM integrates adaptive information interaction technology to accomplish intelligent data connection, dynamic data updating, and digitally accurate mapping of static-dynamic-virtual multidimensional models in discrete production workshops. Lastly, the method's validity is confirmed by creating a large discrete production workplace. The results indicate that the proposed technique may significantly enhance the model variety and building efficiency of large-scale digital twin workshop systems.",wos,llm,0.990,unreviewed,
discarded,Automated construction of an Object-Oriented Bayesian Network (OOBN) Class Hierarchy,"Samiullah, Md; Nicholson, Ann; Albrecht, David",2022,"2022 IEEE 34TH INTERNATIONAL CONFERENCE ON TOOLS WITH ARTIFICIAL INTELLIGENCE, ICTAI",10.1109/ICTAI56018.2022.00209,https://www.webofscience.com/wos/woscc/full-record/WOS:000992544400201,adjacent-subtopic; bayesian-networks; hierarchy-construction,"Bayesian networks (BNs) are a widely used probabilistic modelling tool for reasoning under uncertainty, though scaling them up for complex real-world problems can be challenging. Object-Oriented Bayesian Networks (OOBNs) have been proposed to address this challenge, providing modellers with the ability to define hierarchies of classes and use these classes to construct models with a compositional and hierarchical structure, enabling reuse and supporting maintenance. The object-oriented concept of inheritance supports reuse of existing components, but comes with the challenge of building, and then maintaining, an efficient hierarchy of classes. This paper proposes a supergraph based method that constructs class inheritance hierarchies from a set of OOBN classes; this can be used either to form an initial inheritance hierarchy, or to reform an existing hierarchy into a more efficient one. We also present heuristics to convert a BN to an OOBN class, measures to evaluate a constructed hierarchy and empirical analyses of the proposed approach on synthetic hierarchies and on a real-world OOBN project; results show the algorithm works well in practice.",wos,llm,0.860,unreviewed,
discarded,Class-Level Refactoring Prediction by Ensemble Learning with Various Feature Selection Techniques,"Panigrahi, Rasmita; Kuanar, Sanjay Kumar; Misra, Sanjay; Kumar, Lov",2022,APPLIED SCIENCES-BASEL,10.3390/app122312217,https://www.webofscience.com/wos/woscc/full-record/WOS:000895092000001,adjacent-subtopic; refactoring-prediction,"Background: Refactoring is changing a software system without affecting the software functionality. The current researchers aim i to identify the appropriate method(s) or class(s) that needs to be refactored in object-oriented software. Ensemble learning helps to reduce prediction errors by amalgamating different classifiers and their respective performances over the original feature data. Other motives are added in this paper regarding several ensemble learners, errors, sampling techniques, and feature selection techniques for refactoring prediction at the class level. Objective: This work aims to develop an ensemble-based refactoring prediction model with structural identification of source code metrics using different feature selection techniques and data sampling techniques to distribute the data uniformly. Our model finds the best classifier after achieving fewer errors during refactoring prediction at the class level. Methodology: At first, our proposed model extracts a total of 125 software metrics computed from object-oriented software systems processed for a robust multi-phased feature selection method encompassing Wilcoxon significant text, Pearson correlation test, and principal component analysis (PCA). The proposed multi-phased feature selection method retains the optimal features characterizing inheritance, size, coupling, cohesion, and complexity. After obtaining the optimal set of software metrics, a novel heterogeneous ensemble classifier is developed using techniques such as ANN-Gradient Descent, ANN-Levenberg Marquardt, ANN-GDX, ANN-Radial Basis Function; support vector machine with different kernel functions such as LSSVM-Linear, LSSVM-Polynomial, LSSVM-RBF, Decision Tree algorithm, Logistic Regression algorithm and extreme learning machine (ELM) model are used as the base classifier. In our paper, we have calculated four different errors i.e., Mean Absolute Error (MAE), Mean magnitude of Relative Error (MORE), Root Mean Square Error (RMSE), and Standard Error of Mean (SEM). Result: In our proposed model, the maximum voting ensemble (MVE) achieves better accuracy, recall, precision, and F-measure values (99.76, 99.93, 98.96, 98.44) as compared to the base trained ensemble (BTE) and it experiences less errors (MAE = 0.0057, MORE = 0.0701, RMSE = 0.0068, and SEM = 0.0107) during its implementation to develop the refactoring model. Conclusions: Our experimental result recommends that MVE with upsampling can be implemented to improve the performance of the refactoring prediction model at the class level. Furthermore, the performance of our model with different data sampling techniques and feature selection techniques has been shown in the form boxplot diagram of accuracy, F-measure, precision, recall, and area under the curve (AUC) parameters.",wos,llm,0.930,unreviewed,
discarded,"Computation for Architecture, hybrid visual and textual language: Research developments and considerations about the implementation of structural imperative and object-oriented paradigms","Henriques, Goncalo Castro; Xavier, Pedro Maciel; Silva, Victor de Luca; Bispo, Luca Redua; Fraga, Joao Victor",2022,INTERNATIONAL JOURNAL OF ARCHITECTURAL COMPUTING,10.1177/14780771221121829,https://www.webofscience.com/wos/woscc/full-record/WOS:000841570600001,adjacent-subtopic; programming-education,"In the fourth industrial revolution, programming promises to be a fundamental subject like mathematics, science, languages or the arts. Architects design more than buildings developing innovative methods and they are among the pioneers in visual programming development. However, after more than 10 years of visual programming in architecture, despite the fast-learning curve, visual programming presents considerable limitations to solve complex problems. To overcome limitations, the authors propose to associate the advantages of visual and textual languages in Python. The article addresses an ongoing research study to implement Computational Methods in Architectural Education. The authors began by describing the general goal of this project, and of this article in particular. This article focuses on the implementation of two disciplines 'Computation for Architecture in Python' I and II. The first discipline uses programming based on the construction of functions in the imperative language, implemented in the text editor, in visual programming, using Grasshopper methods. The second discipline, which is under development, intends to teach object-oriented programming. The results of the first discipline are encouraging; despite reported difficulties in programming fundamentals, such as lists, loops and recursion. The development of the second discipline, in object-oriented programming, deals with the concepts of classes and objects, and more abstract principles such abstraction, inheritance, polymorphism or encapsulation. This paradigm allows building robust programs, but requires a more in-depth syntax. The article reports this ongoing research on this new paradigm of object-oriented language, expanding the application of a hybrid visual-textual language in Architecture.",wos,llm,0.950,unreviewed,
discarded,Application of Fuzzy Logic Model for Software Quality Measurements,"Hasoon, Safwan O.; Younis, Fatima Mohammed Rafie",2022,INTERNATIONAL JOURNAL OF MATHEMATICS AND COMPUTER SCIENCE,,https://www.webofscience.com/wos/woscc/full-record/WOS:000804180000027,adjacent-subtopic; quality-metrics; fuzzy-logic,"Software quality is very important for the software engineering life cycle in the design stage. In this paper, the EA program draws UML and converts them to XMI format with software quality metrics applied. The Metrics for Object-Oriented Design (MOOD) involve Coupling Factor, Polymorphism Factor, Inheritance Factor Method, Hiding Factor Method, and Hiding Factor Attribute could have been measured in addition to inheritance factor methods and attributes. The intelligent techniques are used through fuzzy logic to determine the level of software quality depending on metrics. The application of fuzzy logic in software is flexible and updated according to system requirements. Software quality is very important for the software engineering life cycle in the design stage.",wos,llm,0.950,unreviewed,
discarded,MoHydroLib: An HMU Library for Gas Turbine Control System with Modelica,"Long, Yifu; Yang, Shubo; Wang, Xi; Jiang, Zhen; Liu, Jiashuai; Zhao, Wenshuai; Zhu, Meiyin; Chen, Huairong; Miao, Keqiang; Zhang, Yi",2022,SYMMETRY-BASEL,10.3390/sym14050851,https://www.webofscience.com/wos/woscc/full-record/WOS:000801678500001,adjacent-subtopic; modelica-components,"Modelica is an open-source, object-oriented equation-based modeling language. It is suitable for describing sophisticated dynamic systems (symmetry/asymmetry) as it uses mathematical acausal equations to express physical characteristics. The hydraulic mechanical units (HMU) of gas turbine engine control systems couple the contents of mechanical, hydraulic, symmetry, and other multidisciplinary fields. This paper focuses on the Modelica description method of those HMU models. The content of this work is threefold: firstly, the division form of basic elements in HMU is defined, and the method for describing these element models with Modelica is proposed; secondly, the organization of the element models is defined by using the inheritance characteristics of Modelica, and a lightweight (small code scale) component model is designed; and finally, the causal/acausal connections are designed according to bond graph theory, and the elements and components are integrated into a prototype modeling library. In this paper, the modeling library is verified by comparing simulation results of five typical HMU subsystem models with commercial modeling and simulation software.",wos,llm,0.900,unreviewed,
kept,Evaluation of design pattern alternatives in Java,"Bijlsma, Lex A.; Kok, Arjan J. F.; Passier, Harrie J. M.; Pootjes, Harold J.; Stuurman, Sylvia",2022,SOFTWARE-PRACTICE & EXPERIENCE,10.1002/spe.3061,https://www.webofscience.com/wos/woscc/full-record/WOS:000736492600001,qualifies-claim; design-pattern-alternatives; inheritance-complexity; modern-language-features,"Design patterns are standard solutions to common design problems. The famous Gang of Four book describes more than twenty design patterns for the object-oriented paradigm. These patterns were developed more than twenty-five years ago, using the programming language concepts available at that time. Patterns do not always fit underlying domain concepts. For example, even when a concrete strategy is a pure function, the classical strategy pattern represents this as a separate subclass and as such obscures the intent of this pattern with extra complexities due to the inheritance-based implementation. Due to the ongoing development of oo-languages, a relevant question is whether the implementation of these patterns can be improved using new language features, such that they fit more closely with the intent. An additional question is then how we can decide which implementation is to be preferred. In this article, we investigate both questions, using the strategy pattern as an example. Our main contribution is that we show how to reason about different implementations, using both the description of a design pattern and design principles as guidance.",wos,llm,0.960,unreviewed,
discarded,Identifying Difficulties of Software Modeling Through Class Diagrams: A Long-Term Comparative Analysis,"Flores, Pamela; Alvarez, Mayra; Torres, Jenny",2022,IEEE ACCESS,10.1109/ACCESS.2022.3157290,https://www.webofscience.com/wos/woscc/full-record/WOS:000772375800001,adjacent-subtopic; software-modeling-education,"Software modeling is a creative activity in which software components and their relationships are identified based on customer requirements. Based on the literature, object-oriented software modeling is based on four fundamental pillars which are abstraction, encapsulation, decomposition, and inheritance. However, despite the existence of guidelines and recommendations for implementing the object-oriented approach, novice software designers do not make good design decisions, leading to inefficient designs that cannot be modifiable, understandable, or user-friendly distribute at the development level. The literature reveals that the most common difficulties faced by software designers is a lack of understanding and confusion of concepts related to the object-oriented approach, as well as difficulties in creating Unified Modeling Language diagrams, especially class diagrams. The work presented in this article uses a qualitative and quantitative approach to determine, in a group of university students, what are the most recurrent difficulties and their persistence during the time. The qualitative case study is the method that allowed to generate the documents: diagnostic and evaluation tests. Additionally, a thematic analysis was used to identify, analyze and report patterns within the data. In order to know the occurrences of the problems in the case study, as part of our quantitative approach, a comparative study was applied to compare the results obtained between the diagnostic and evaluation tests and thus establish the similarities and differences among the cases observed, through the hierarchical clustering technique. The findings of this study show us 16 difficulties identified after the qualitative analysis, while the quantitative analysis shows us the number of occurrences and their persistence over time. The difficulties reported in both analyzes focus on these three difficulties: a) Definition of attributes that could be a class, b) Classes with inadequate or insufficient behavior and, c) Incorrect use of multiplicity between classes. Each of these difficulties is analyzed in depth in this study.",wos,llm,0.920,unreviewed,
discarded,JaCoCo-COVERAGE BASED STATISTICAL APPROACH FOR RANKING AND SELECTING KEY CLASSES IN OBJECT-ORIENTED SOFTWARE,"Al-Ahmad, Bilal, I; Al-Taharwa, Ismail; Alkhawaldeh, Rami S.; Alazzam, Iyad M.; Ghatasheh, Nazeeh",2021,JOURNAL OF ENGINEERING SCIENCE AND TECHNOLOGY,,https://www.webofscience.com/wos/woscc/full-record/WOS:000697583000041,adjacent-subtopic; testing-coverage; key-classes,"Ranking and selecting the most fundamental classes in a software is a critical task for recognizing an inexperienced system. There are several approaches to detect these classes. This paper proposes a statistical-rank based approach that addresses an untouched area of testing coverage usefulness. Testing coverage information is used as new method to select the key classes in an object-oriented software. The proposed approach comprises three statistical phases including ranking the software classes, selecting the highly coverage classes, and selecting the key classes. Experiments are conducted on 23 successive releases of large opensource software system, Apache Lucene and three different projects are investigated to validate the proposed approach. A multiple linear regression model has been applied both to evaluate the proposed approach and to show the relationship between testing coverage of classes and their structural properties. The most significant predictors for testing coverage are complexity, coupling, lack of cohesion, size, and inheritance which constitute properties of the software classes. The testing coverage percentage of the key classes ranged between 72.7% - 82.6%. Our approach aims to help software engineers to assess software design and better achieve testing objectives.",wos,llm,0.930,unreviewed,
discarded,Hidden Inheritance: An Inline Caching Design for TypeScript Performance,"Wu, Zhefeng; Sun, Zhe; Gong, Kai; Chen, Lingyun; Liao, Bin; Jin, Yihua",2020,PROCEEDINGS OF THE ACM ON PROGRAMMING LANGUAGES-PACMPL,10.1145/3428242,https://www.webofscience.com/wos/woscc/full-record/WOS:000685203900051,adjacent-subtopic; runtime-optimization; type-hierarchies,"TypeScript is a dynamically typed language widely used to develop large-scale applications nowadays. These applications are usually designed with complex class or interface hierarchies and have highly polymorphic behaviors. These object-oriented (OO) features will lead to inefficient inline caches (ICs) or trigger deoptimizations, which impact the performance of TypeScript applications.

To address this problem, we introduce an inline caching design called hidden inheritance (HI). The basic idea of HI is to cache the static information of class or interface hierarchies into hidden classes, which are leveraged to generate efficient inline caches for improving the performance of OO-style TypeScript programs. The HI design is implemented in a TypeScript engine STSC (Static TypeScript Compiler) including a static compiler and a runtime system. STSC statically generates hidden classes and enhanced inline caches, which are applied to generate specialized machine code via ahead-of-time compilation (AOTC) or just-in-time compilation (JITC). To evaluate the efficiency of this technique, we implement STSC on a state-of-the-art JavaScript virtual machine V8 and demonstrate its performance improvements on industrial benchmarks and applications.",wos,llm,0.960,unreviewed,
discarded,DyCITO+: Scalable Deep Reinforcement Learning for Generating Class Integration Test Orders of Java Programs,Ding Y.,2026,IEEE Transactions on Software Engineering,10.1109/TSE.2026.3680517,https://www.scopus.com/inward/record.uri?partnerID=HzOxMe3b&scp=105034803387&origin=inward,adjacent-subtopic; testing-order,,scopus,llm,0.950,unreviewed,
