status,title,authors,year,venue,doi,url,tags,abstract,provider,decision_source,llm_confidence,llm_review_outcome,llm_change_direction
discarded,Regenerative Approaches in Type 1 Diabetes: β-cell Replacement and Emerging Therapeutics,"Dushyant; Narwal, Smita; Singh, Gurvirender; Devi, Rupa; Dhingra, Ashwani K.; Grewal, Nisha; Kaur, Jasmeen; Singh, Jagdeep",2026,RECENT ADVANCES IN INFLAMMATION & ALLERGY DRUG DISCOVERY,10.2174/0127722708449951260724061020,https://www.webofscience.com/wos/woscc/full-record/WOS:001861096300001,off-topic-false-hit; islet-encapsulation; medicine,"Type 1 diabetes (T1D) is a selective autoimmune loss of insulin-secreting pancreatic beta-cells and lifelong replacement with exogenous insulin. The disease remains incurable despite extensive research. New therapies, such as stem cell replacement, have been developed as the leading beta-cell replacement modality. Pluripotent stem cells (iPSCs) and embryonic stem cells (ESCs) have been established as insulin-secreting cells, a theoretically unlimited reservoir for transplantation. Defective beta-cell function, immune rejection, and ethical issues still exist. New immunosuppressive measures such as costimulation blockade therapy or regulatory T-cell (Treg)-based therapy have been proposed to optimize graft survival with fewer side effects. Bioengineered islet grafting, xenograft transplantations, and gene editing tools are also analyzed in order to improve the effectiveness of beta-cell replacement. Therapeutic advances in target immunomodulation and islet encapsulation are also enhancing survival and functionality of transplanted cells. This article provides a pharmaceutical review of emerging beta-cell replacement therapies including stem cell-derived therapy, immunotherapy, and innovative biotechnology-based solutions. Breaking through current limitations of these therapies is crucial to achieving long-term insulin independence for T1D patients. Refining differentiation protocols, improving immune evasion strategies, and merging paradigms of personalized medicine are essential to achieving maximal therapeutic benefit in future studies.",wos,llm,1.000,unreviewed,
discarded,A Review on Image Steganography Techniques: Evolution from Classical to Adaptive Methods,"Chaudhary, Shikha; Gupta, Gunjan; Mishra, Vikash Kumar; Balyan, Vipin; Soni, Pramod Kumar",2026,SIGNALS,10.3390/signals7040078,https://www.webofscience.com/wos/woscc/full-record/WOS:001859692300001,off-topic-false-hit; steganography; information-hiding,"Image steganography is an information-hiding technique, aiming to achieve confidentiality and data privacy while transmitting the data in a digital environment. Over the last two decades, steganography has evolved from classical spatial domain embedding to intelligent and adaptive steganographic systems capable of balancing imperceptibility, embedding capacity, robustness and security. This paper presents a review by categorizing the existing techniques into spatial domain-based, transform domain-based, hybrid and adaptive intelligent techniques. The review follows the PRISMA approach to make the selection process transparent for the inclusion and exclusion of papers in the study. Initially, the reviews include the spatial domain-based methods focusing on higher embedding capacity and simple embedding strategy, followed by transform-domain based techniques, including discrete cosine transform, discrete wavelet transform, and other multi-resolution wavelet transforms aiming to enhance robustness and imperceptibility by embedding the data into frequency coefficients. This paper further explores the methods that combine these techniques with other recent trends to develop adaptive and hybrid techniques. These techniques mainly integrate chaotic theory to enhance the security of secret data before embedding and optimization algorithms such as genetic algorithm, particle swarm optimization, Firefly, etc., for adaptive embedding to achieve an improved tradeoff. Finally, intelligent and adaptive techniques based on deep learning models such as convolutional neural networks, autoencoders, and generative adversarial networks are examined, highlighting their ability to learn intelligent embedding strategies and resist modern steganalysis. A comparative analysis is presented, including the technique, strengths, and limitations, together with the discussion of performance evaluation metrics and vulnerability analysis under image processing attacks. The review highlights the current trends and outlines the future direction to develop next-generation secure image steganographic systems.",wos,llm,1.000,unreviewed,
discarded,"A Review on Micromixers, Microdroplet Generators and Their Integration","He, Wang; Zhang, Ling; Wu, Lei; Chen, Yushan; Chen, Tingting",2026,MICROMACHINES,10.3390/mi17080963,https://www.webofscience.com/wos/woscc/full-record/WOS:001859431200001,off-topic-false-hit; microfluidics,"High-efficiency mixing and precise droplet generation are essential for the broad application of microfluidic chips in biology, chemistry, and medicine, with integrated micromixer and microdroplet generator systems playing an increasingly important role in diagnostics and drug detection. This review offers a comprehensive and systematic overview of micromixers and microdroplet generators, covering their classification, working principles, performance characterization, and integration strategies. Passive and active micromixers, the latter employing pressure, electric, acoustic, magnetic, and thermal fields to enhance mixing, are summarized with a critical discussion of their advantages, limitations, and structural optimization. Various droplet generation methods, including crossflow, flow focusing, coflow, step emulsification, and active techniques, are examined alongside key parameters affecting droplet size, monodispersity, and generation frequency. Performance characterization metrics for both components, including mixing efficiency, mixing time, pressure drop, droplet size distribution, generation frequency, and stability, are also discussed. The review then focuses on integration, emphasizing two primary architectural strategies: mixing reagents before encapsulation and inducing mixing within droplets after formation. Synergistic applications in single cell analysis, materials synthesis, and drug screening are presented. Notably, unlike previous reviews that treat micromixers or droplet generators separately, this review uniquely emphasizes architectural integration and critically evaluates the associated trade-offs. Current challenges and future directions, including material selection, fabrication techniques, and practical application-oriented considerations, are also addressed.",wos,llm,0.990,unreviewed,
discarded,Recent Advances in Lipid Nanoparticle-Mediated Respiratory and Gastrointestinal Mucosal Delivery of Nucleic Acids,"Liu, Zefan; Fu, Jiaqi; Mo, Nan; Yang, Juan; Yan, Shenao; Hu, Jing; Zhou, Minglu; Li, Lian; Xiang, Yucheng",2026,BIOENGINEERING-BASEL,10.3390/bioengineering13080884,https://www.webofscience.com/wos/woscc/full-record/WOS:001859828400001,off-topic-false-hit; lipid-nanoparticles; encapsulation,"The clinical translation of nucleic acids is severely hindered by multiple delivery barriers, such as enzymatic degradation, poor cellular uptake, endosomal entrapment, and rapid systemic clearance. Despite the remarkable therapeutic potential of these agents, conventional delivery systems often fail to address these challenges. Lipid nanoparticles (LNPs) have emerged as a versatile platform to overcome these obstacles, offering tunable physicochemical properties, high encapsulation efficiency, and pH-responsive endosomal escape. This review summarizes recent advances in LNP-based respiratory and gastrointestinal mucosal delivery of nucleic acids, with emphasis on formulation strategies for overcoming mucus and epithelial barriers. To overcome mucosal barriers, LNP studies have shown that keeping particle size below the local mucus mesh size (similar to 100 nm), tuning surface charge toward near-neutrality via pH-responsive ionizable lipids, and maintaining a neutral, deformable, moderately PEGylated surface during the mucin transport stage can increase transmucosal diffusivity several-fold over conventional cationic LNPs. We further discuss current limitations and propose future directions, emphasizing the need for the integration of the pathological and physiological characteristics of specific mucosa with artificial intelligence (AI) platforms to develop intelligent and personalized delivery platforms with ""spatiotemporal adaptive"" capabilities.",wos,llm,1.000,unreviewed,
discarded,CD47 Aptamer-Decorated Fluorescent POSS Hybrid Nanoparticles as a Biohybrid Interface for Probing Prostate Cancer-Macrophage Interactions,"Altunok, Sumeyye; Kibar, Gunes; Aylaz, Fatma; Demirel, Dide Su; Ozalp, Veli Cengiz",2026,BIOMIMETICS,10.3390/biomimetics11080588,https://www.webofscience.com/wos/woscc/full-record/WOS:001859203000001,off-topic-false-hit; nanoparticles; ritc-encapsulation,"Prostate cancer remains a major clinical challenge, partly due to tumour-immune interactions that contribute to immune evasion and therapeutic resistance. The CD47-SIRP alpha axis is a key macrophage-associated immune recognition pathway; and materials-oriented platforms that allow preliminary investigation of tumour-macrophage interaction patterns remain valuable. Here, we report an optically traceable biohybrid nanoplatform based on CD47 aptamer-functionalized fluorescent carboxyl-functional MMES-POSS hybrid nanoparticles. The nanoparticles were synthesized within 5 min using UV-induced free-radical emulsion polymerization in an ethanol-water system and exhibited spherical morphology, SEM-derived dry-state mean diameters below 100 nm, negative surface charge, and retained fluorescence due to RITC encapsulation within the crosslinked hybrid matrix; however, DLS measurements revealed pronounced aggregation and polydispersity in aqueous dispersion. SEM and EDX provided complementary evidence of nanoparticle morphology and elemental composition, whereas zeta potential and Nanodrop measurements provided evidence consistent with surface functionalization, and FTIR confirmed retention of the core POSS, carbonyl, and RITC-associated chemistry. In a PC-3/THP-1 macrophage co-culture model, Annexin V-FITC/PI flow cytometry showed a concentration-dependent redistribution of cell populations, with the most pronounced early apoptotic enrichment observed at 2 & micro;g/mL. However, pairwise exploratory comparisons among concentrations did not reach statistical significance, and this is discussed as a limitation of the present exploratory dose-response characterization. These findings indicate preliminary interaction-associated response patterns rather than definitive receptor-specific targeting or therapeutic CD47-SIRP alpha blockade. Overall, this modular POSS-based biohybrid interface provides a materials-oriented platform for probing prostate cancer-macrophage interaction profiles and guiding future mechanistic validation studies.",wos,llm,1.000,unreviewed,
discarded,Towards Achieving Vertical Reuse in SoC-level Verification,"Bardonek, Petr; Dolmeta, Alessandra; Zachariasova, Marcela; Masera, Guido",2025,"2025 IEEE NORDIC CIRCUITS AND SYSTEMS CONFERENCE, NORCAS",10.1109/NORCAS66540.2025.11231287,https://www.webofscience.com/wos/woscc/full-record/WOS:001828168500032,adjacent-subtopic; verification-reuse; soc-verification,"Recent trends in AI-assisted design and new approaches to accelerate overall design processes are contributing to the increasing complexity of System-on-Chip (SoC) designs. Unfortunately, advancement in verification methods has not kept pace, leading to a widening verification gap. This gap underscores the growing importance of reusing verification components. Although reusing components at the testbench level is possible, the portability of verification tests and scenarios in complex SoC integrations remains inadequate and underexplored. The Portable Stimulus Standard (PSS) aims to enhance reuse through a model-based approach, where Portable Models (PMs) capture the intent of verification tests in a significantly more abstract manner. Although transitioning to this higher level of abstraction is promising, it still entails a considerable manual burden, even when utilizing PSS. PMs connect to the Design Under Verification (DUV) via realization-layer bindings, which may vary as one moves from a module-level to a SoC-level context. The authors propose an automation approach, represented in their unique toolchain based on static analysis, that facilitates the binding of modular PMs to a top-level PM. This paper demonstrates the application of this toolchain in a full SoC integration context, using a Keccak cryptographic accelerator integrated through both loosely coupled and tightly coupled architectures as the DUV. The study illustrates that static analysis can support vertical reuse across multiple design hierarchy levels. However, as integration reaches the SoC scale, it increasingly intersects with software-driven control and structural encapsulation, necessitating additional modeling efforts. These findings define the limitations of structural automation for vertical reuse and outline directions for enhancing methodologies and tool support for SoCscale verification.",wos,llm,0.820,unreviewed,
discarded,Encapsulation of lime peel extract in alginate-gelatin microbeads and its potential for browning inhibition in <i>Musa</i> spp. tissue culture,"Permadi, Nandang; Vasall, Pramesthi Reitza Navisya; Sheelmarevaa, Farah Aprisza; Wahyudi, Tatang; Puspitasari, Winda; Nurzaman, Mohamad; Doni, Febri; Julaeha, Euis",2026,SCIENTIFIC REPORTS,10.1038/s41598-026-57037-9,https://www.webofscience.com/wos/woscc/full-record/WOS:001859336200033,off-topic-false-hit; microbeads-encapsulation,"Tissue culture micropropagation is the most effective method for propagating Musa spp. explants; however, enzymatic browning poses a major obstacle. Lime peel extract (LPE) has demonstrated antioxidant activity against browning in Musa spp. cultures, though its effectiveness is limited by instability and rapid release. Encapsulation technology using sodium alginate and gelatin biopolymers addresses these limitations by protecting active compounds, enabling controlled release, and extending shelf life. In this study, LPE was encapsulated with a yield of 79.5%, encapsulation efficiency (EE) of 80.93%, and extract content (EC) of 24.2%. The resulting microbeads were approximately spherical, although their surface is slightly irregular, averaging 1.2 mu m in size, and exhibited release kinetics consistent with the Korsmeyer-Peppas model, confirming delayed LPE release. The microbeads showed thermal stability up to 100 degrees C, maintaining 23.26% EC and 77.8% EE over three weeks. LPE microbeads were more effective in reducing the browning index in Kepok Tanjung and Barangan explants compared to unencapsulated LPE. These findings indicate that LPE, particularly in its encapsulated form, can effectively suppress browning in Musa spp. tissue cultures.",wos,llm,1.000,unreviewed,
discarded,"Antiviral Potential of a PEGylated Raloxifene Liposomal Nanoformulation Against SARS-CoV-2: Multi-Target Molecular Docking, <i>In Vitro</i> Characterization and Antiviral Evaluation","Elimam, Hanan; El-Say, Khalid M.; Abostate, Heba M.; Ashraf, Mohamed; El-Sawy, Hossam S.; Elshal, Mohamed",2026,BIONANOSCIENCE,10.1007/s12668-026-02797-x,https://www.webofscience.com/wos/woscc/full-record/WOS:001857881000002,off-topic-false-hit; liposomal-nanoformulation,"Drug repurposing, an approach for the potential application of existing pharmaceutical products to new therapeutic indications, could be an effective strategy to obtain quick answers to medical emergencies like the coronavirus SARS-CoV-2. Raloxifene (RLX) is characterized as a potential pharmacological agent against COVID-19, specifically in relevant in vitro models of COVID-19. A PEGylated liposomal nanoformulation containing RLX has been developed and characterized. Results showed that the prepared PEGylated nanovesicles achieved a high RLX entrapment efficiency of 93.68%, demonstrating a robust capacity for drug loading. A sustained release pattern of RLX from nanovesicles was also demonstrated by the formulation, which had good size and stability (385.68 nm and - 29.7 mV, respectively). Empirical evidence showed that the stabilizing power of PEGylation and cholesterol impacted both the physicochemical characteristics of nanovesicles and the pattern of RLX release. Examining the nanovesicular formulation under a light microscope further revealed its vesicular shape. In vitro, the RLX or RLX-loaded PEGylated nanovesicles displayed the highest capacity to hinder the replication of SARS-CoV-2, with IC50s of 11.74 and 8.3 & micro;g/mL, respectively, compared to the IC50 of 9.137 & micro;g/mL for remdesivir. These results confirmed the potential of RLX when loaded in PEGylated liposomal nanoformulation to combat COVID-19 and suggested a preference for the liposomal nanoformulation. Finally, our findings provide a rationale for further in vivo studies to evaluate the potential activities of this drug to mitigate the adverse events of RLX and to boost its SARS-CoV-2 clearance efficacy.",wos,llm,1.000,unreviewed,
discarded,Cellulose and Nanocellulose Emulsions in Biomedical Applications: From Fundamental Mechanisms to Therapeutic Translation,"Bayer, Ilker S.",2026,POLYMERS,10.3390/polym18161986,https://www.webofscience.com/wos/woscc/full-record/WOS:001858880700001,off-topic-false-hit; biomedical-emulsions,"Poor aqueous solubility remains one of the most persistent challenges in pharmaceutical development, limiting clinical translation and requiring innovative formulation strategies; approximately 40% of newly discovered pharmaceutical compounds are affected, underscoring the scale of the problem. Emulsion-based delivery systems overcome this limitation by maintaining drugs in a dissolved state, increasing absorption surface area, and enabling controlled release; however, conventional emulsions face thermodynamic instability and coalescence challenges. Cellulose and nanocellulose-cellulose nanocrystals (CNCs), cellulose nanofibers (CNFs), and bacterial cellulose (BC)-have emerged as sustainable, biocompatible alternatives to synthetic surfactants for stabilizing emulsions via Pickering mechanisms involving irreversible adsorption of solid particles at the oil-water interface. This review synthesizes 142 references across eight application themes: fundamentals and history, emulsion templating, drug encapsulation, antimicrobial and pathogen applications, vaccine adjuvants, topical and transdermal delivery, commercial translation, and regulatory gaps. Rather than treating all sources equally, 37 primary studies are examined in depth through structured critical-appraisal tables organized by system type, goal, key result, and limitation; the remainder are synthesized at the pattern level. A key mechanistic distinction is identified between BC as a standalone biomedical material (used in wound dressings, tissue scaffolds, and drug delivery membranes) and BC as a source for Pickering-emulsion stabilizers after disintegration into nanocrystals or nanofibrils. The review's overall assessment is that the fundamental materials science of cellulose Pickering emulsions is mature and consistent across sources, while the translational evidence, including in vivo confirmation of drug release performance, biofilm-relevant antimicrobial testing, standardized nanocellulose characterization, and up-to-date intellectual property mapping, remains the binding constraint on clinical and commercial adoption. Six specific, evidence-linked research priorities are identified to advance cellulose emulsions toward regulatory approval and clinical use.",wos,llm,0.990,unreviewed,
