status,title,authors,year,venue,doi,url,tags,abstract,provider,decision_source,llm_confidence,llm_review_outcome,llm_change_direction
discarded,Effective compiler error message enhancement for novice programming students,Brett A. Becker; Graham Glanville; Ricardo Iwashima; Claire McDonnell; Kyle Goslin; Catherine Mooney,2016,Computer Science Education,10.1080/08993408.2016.1225464,https://openalex.org/W2523566863,adjacent-subtopic; compiler-error-messages; java-novices,"Programming is an essential skill that many computing students are expected to master. However, programming can be difficult to learn. Successfully interpreting compiler error messages (CEMs) is crucial for correcting errors and progressing toward success in programming. Yet these messages are often difficult to understand and pose a barrier to progress for many novices, with struggling students often exhibiting high frequencies of errors, particularly repeated errors. This paper presents a control/intervention study on the effectiveness of enhancing Java CEMs. Results show that the intervention group experienced reductions in the number of overall errors, errors per student, and several repeated error metrics. These results are important as the effectiveness of CEM enhancement has been recently debated. Further, generalizing these results should be possible at least in part, as the control group is shown to be comparable to those in several studies using Java and other languages.",openalex,llm,0.950,unreviewed,
discarded,Detecting defects in object-oriented designs,Guilherme Horta Travassos; Forrest Shull; Michael Fredericks; Victor R. Basili,1999,ACM SIGPLAN Notices,10.1145/320385.320389,https://openalex.org/W2998683348,off-topic-false-hit; design-inspection; software-quality,"Inspections can be used to identify defects in software artifacts. In this way, inspection methods help to improve software quality, especially when used early in software development. Inspections of software design may be especially crucial since design defects (problems of correctness and completeness with respect to the requirements, internal consistency, or other quality attributes) can directly affect the quality of, and effort required for, the implementation. We have created a set of “reading techniques” (so called because they help a reviewer to “read” a design artifact for the purpose of finding relevant information) that gives specific and practical guidance for identifying defects in Object-Oriented designs. Each reading technique in the family focuses the reviewer on some aspect of the design, with the goal that an inspection team applying the entire family should achieve a high degree of coverage of the design defects. In this paper, we present an overview of this new set of reading techniques. We discuss how some elements of these techniques are based on empirical results concerning an analogous set of reading techniques that supports defect detection in requirements documents. We present an initial empirical study that was run to assess the feasibility of these new techniques, and discuss the changes made to the latest version of the techniques based on the results of this study.",openalex,llm,1.000,unreviewed,
discarded,"A PBL-Based, Integrated Learning Experience of Object-Oriented Programming, Data Structures and Software Design","Ribeiro, Ayala L.; Bittencourt, Roberto A.",2018,2018 IEEE FRONTIERS IN EDUCATION CONFERENCE (FIE),,https://www.webofscience.com/wos/woscc/full-record/WOS:000468396903019,adjacent-subtopic; integrated-curriculum; pbl,"This innovative practice full paper presents an experience report of an approach integrating the teaching and learning of Object-Oriented Programming, Data Structures and Software Design in the second term of a Computer Engineering undergraduate program. Learning object-oriented programming requires acquiring high-level skills, which is negatively affected by present curricula and pedagogies. Isolated courses with teacher-centered approaches do not allow for the appropriate practice of such skills. For 15 years, our Computing Engineering undergraduate program has been pursuing an effort of curriculum integration and active learning practices based on problems and projects. This paper presents an experience report of our approach. This experience led us to important lessons learned with our approach: the acquisition of personal, interpersonal and technical skills provided by the approach; the benefits of knowledge integration through more authentic experiences and a more disciplined practice of software production; the need for careful problem planning; the main difficulties faced by instructors to manage the course; and the challenges faced by students to develop their skills.",wos,llm,0.840,unreviewed,
discarded,THE ACHIEVEMENT AND IMPLEMENTATION OF SIMULATION AND TUTORIAL PROGRAMS FOR THE ASSISTED TRAINING OF STUDENTS IN THE MECHANICAL FIELD,"Popescu, Liliana Georgeta; Inta, Marinela",2018,"11TH INTERNATIONAL CONFERENCE OF EDUCATION, RESEARCH AND INNOVATION (ICERI2018)",,https://www.webofscience.com/wos/woscc/full-record/WOS:000568991703089,off-topic-false-hit; mechanical-field; simulation-tutorials,"After the 90s, the Romanian education dynamic has come to a new dimension. Traditional learning methods used in engineering often produce engineers with problems of integrating the theoretical and practical knowledge. They have difficulties translating what they learn in the classroom into corporate practice. There is a great lack in the practical knowledge of new graduates as well as correlation problems in communication skills. This paper aims to introduce experimental learning into the methodology of engineering education and provides students with the opportunity to perceive the real production environment. In this environment, they are challenged to apply the theoretical knowledge to solving the operational problems of real companies. In this context, the realization of assisted training programs in any form of education becomes a very important thing. Experience gained in leading universities and other research centers identifies key points that are essential in building a computer-assisted material. Their success lies in the marriage between the real context, technology and teachers. The context of the real world enables the connections between the theoretical knowledge and the concrete problems to be solved. Introducing eLearning methods in engineer education will improve not only practical knowledge but also communication skills and leadership training

The paper aims to develop and implement simulation and tutorials for mechanical engineering students using Object Oriented Programming, Object or Distributed Databases, Design and Assisted Manufacturing (CAD / CAM). The limitation to present the CAD drawings in statical state does not inprove the understanding if this is not animated or presented in parallel with the real thing or object. The limitations of traditional education in terms of the ability to translate the knowledge learned in the actual manufacturing environment are being sought to be compensated by multimedia means adapted to computer presentations. In order to produce timely deliverables to the company, the student must quickly connect problems and laboratory work to understanding the issues and relationships across the enterprise. This process moves the student away from a simple ""visit"" that can identify the real manufacturing issues that are filmed in the real-world context of the enterprise or simulated by virtual manufacturing programs. The direct connection of the student with the staff of the workshops can be done by recording interviews where the student can identify the real problems faced by the production environment. At the same time, this develops communication skills by working with partners of the partner company. Many companies want to have such collaborations in the facilities they carry out their activities. Improvements in the context of production imagery and easy image manipulation make it easy to keep up with the teaching materials very easily. Multimedia objects allow easy image replacement as the technique evolves. Thus, the increase of competencies prepares the student and masterand for faster and better integration into the real production environment and research.",wos,llm,1.000,unreviewed,
discarded,Integration of Virtual Programming Lab in a process of teaching programming EduScrum based,"Cardoso, Marilio; De Castro, Antonio Vieira; Rocha, Alvaro",2018,2018 13TH IBERIAN CONFERENCE ON INFORMATION SYSTEMS AND TECHNOLOGIES (CISTI),,https://www.webofscience.com/wos/woscc/full-record/WOS:000450056500128,adjacent-subtopic; virtual-programming-lab; teaching-programming,"Learning programming languages is essential for computer applications development and naturally for the technology evolution. The conventional teaching model of the subjects of initiation to programming is based on a set of tasks that usually result in a series of difficulties for the students which leads to an exhaustive monitoring by the teachers. It turns out that one of the main problems is that students often do not know if their work is correct (i.e. whether it works for a pre-defined data set) until it is reviewed and evaluated by the teacher. In this context, the Virtual Learning Environment becomes an attractive and interesting tool to help teach (and learn) programming. One of these tools is VPL (Virtual Programming Lab) a plugin of Mooclle (Modular Object-Oriented Dynamic Learning Environment). We believe that the use of VPL may represent a paradigm shift for students, but also, and especially for teachers, because teachers will have to spend much more time upstream to prepare tasks and activities, test the environment and verify validation of the data. However, it is important to note that downstream teacher effort can significantly reduce because students do not need as much attention given that feedback on the quality and functionality of the code developed is immediate.

This work is a part of a PhD in Research at Information Technology in the University of Santiago de Compostela, Spain, and has been developed from the last 12 months. This Ph.D. research aims to analyze the VPL's integration potential in the programming teaching-learning process in higher education. It also aims to verify if, with VPL, it is possible to make student's learning more effective and autonomous, with less time and effort spent by teachers in assignments evaluation.

In the present article, we will present a work-in-progress where we will show how VPL was introduced in a teaching-learning process supported on JAVA programming. The teaching method uses EduScrum methodology and is included in the course of Computer Engineering of the Department of Informatics Engineering of the School of Engineering of the Polytechnic Institute of Porto (ISEP / P.PORTO). The first results of this process will be presented.",wos,llm,0.930,unreviewed,
discarded,The Jigsaw Technique to Teach Object-Oriented Design: A Replication Study with Graduate Students,"Pow-Sang, Jose Antonio",2016,PROCEEDINGS OF 2016 IEEE GLOBAL ENGINEERING EDUCATION CONFERENCE (EDUCON2016),,https://www.webofscience.com/wos/woscc/full-record/WOS:000386529800190,adjacent-subtopic; jigsaw-technique; object-oriented-design,"Jigsaw is a cooperative learning technique that consists in dividing the learning material into partial tasks. Each student in a jigsaw team will have to perform one of these partial tasks, which eventually will end up integrated by all of the team members. This paper presents a replication study with master students about the teaching of object-oriented design using the jigsaw technique. The original study was performed with undergraduate students. Results of a pretest and a posttest allowed us to corroborate that master students, similar to the undergraduate students, who had some misconceptions at the beginning, improved their knowledge and performance after their participation in the cooperative work. After the class, the students commented that the work carried out with the jigsaw technique improved their comprehension and learning about object-oriented design.",wos,llm,0.800,unreviewed,
discarded,An Experience in the Use of the Jigsaw Technique to Teach Object-Oriented Design,"Antonio Pow-Sang, Jose",2014,2014 INTERNATIONAL CONFERENCE ON INTERACTIVE COLLABORATIVE LEARNING (ICL),,https://www.webofscience.com/wos/woscc/full-record/WOS:000380499100163,adjacent-subtopic; jigsaw-technique; object-oriented-design,"Cooperative or collaborative learning techniques are based on student cooperation aimed at the achievement of a common goal. With these kind of techniques, the student has to face the challenge of not only learning individually, but also explaining concepts or ideas to his/her classmates that they do not understand, which implies a practice of their communication, argumentation, and discussion skills. This paper presents a pre-experimental study about the teaching of object-oriented design using the jigsaw technique, including and evaluation based on pre/post testing. The results of the tests taken allowed us to corroborate that students who had some misconceptions at first, improved their knowledge and performance after their participation in the cooperative work. After the class, the students commented that the work carried out with the jigsaw technique improved their comprehension and learning about object-oriented design.",wos,llm,0.800,unreviewed,
discarded,Issues and Solutions in Assessing Object-oriented Programming Skills in the Core Education of Computer Science and Information Technology,"Khamis, Norazlina; Idris, Sufian",2008,"PROCEEDINGS OF THE 12TH WSEAS INTERNATIONAL CONFERENCE ON COMPUTERS , PTS 1-3",,https://www.webofscience.com/wos/woscc/full-record/WOS:000260369300071,adjacent-subtopic; assessment; oop-skills,"Traditional assessment of Computer Science, Software Engineering and IT are with Grade. The feedback from industry, government, and professional bodies is that too often, the grades do not reflect the actual software engineering or programming skills that the students have acquired. Quite often students get good grades but still facing great challenges at workforce, or have difficulties to take on real programming jobs. With the growing shortage of real ICT skilled professionals and with decline in student enrolments in computer science, software engineering and IT, as educators, we need new methods to measure our ICT Educations and not just grades, so that we know the impact of our education on our graduates and their level of real knowledge and skills and their likely contribution dimension to the ICT industries. This paper will detail the issues and possible solutions that could be used in enhancing this assessment and measurement by focusing on assessment of object oriented programming courses.",wos,llm,0.900,unreviewed,
discarded,Old dogs and new tricks: Retraining legacy programmers in object oriented technology,"Nelson, HJ; Armstrong, D",2000,CHALLENGES OF INFORMATION TECHNOLOGY MANAGEMENT IN THE 21ST CENTURY,,https://www.webofscience.com/wos/woscc/full-record/WOS:000165161400046,adjacent-subtopic; legacy-programmers; paradigm-shift,"Faced with a chronic shortage of skilled object-oriented programmers, and burdened with art oversupply of procedural programmers leaving Y2K projects, organizations must find ways of retraining existing programmers in the new tricks of object technology However; traditional methods of training do not address the difficulties of making the mind shift from one paradigm to another This paper describes an effort to develop a course that shifts experienced procedural programmers into ""object thinking,"" thus making subsequent traditional OO training more efficient and effective. We describe a long-term exploratory field study that follows students over two years and compare their OO thinking to that of expert OO programmers and to programmers who underwent traditional OO training.

This research is supported by a grant from The Boeing Company.",wos,llm,0.820,unreviewed,
discarded,"An easily implemented, linear-time algorithm for Bayesian student modeling in multi-level trees","Murray, WR",1999,ARTIFICIAL INTELLIGENCE IN EDUCATION,,https://www.webofscience.com/wos/woscc/full-record/WOS:000084508300046,off-topic-false-hit; intelligent-tutoring; bayesian-student-modeling,"A key part of an intelligent tutoring system is its student model. Difficulties in developing robust and sound student models have led to the use of ad hoc approaches: certainty factor approaches with unclear semantics and updating procedures that can double-count evidence; and, more generally, to disenchantment with the intelligent tutoring approach in favor of microworlds, and learning environments that do not require student models.

The recent use of Bayesian student models places student models and intelligent tutoring systems back on firm ground, where the laws of probability provide a well-defined semantics and a sound means of propagating changes to the model. But Bayesian student models have not been widely embraced due to the difficulty in understanding the mathematics behind Bayesian belief networks, the difficulty in implementing the: algorithms, the high costs of commercial packages, and the sometimes lengthy delays in updating, as updating is in general NP-hard,

The intention of this paper is to make a practical and useful form of Bayesian student modeling readily accessible to any ITS developer, regardless of their understanding of Bayesian belief networks, by providing an algorithm that can be easily implemented in less than a week in any object-oriented language. The algorithm only addresses student models represented as trees of any height and width, bur in return guarantees linear-time updating.

In addition, we show how the algorithm can be used to handle different kinds of evidence:query evidence, cask evidence, and subjective assessments. The algorithm allows any number of these kinds of assessments. It allows ani. number of skill levels, and questions and tasks that are of similarly varying degrees of difficulty. Evidence can also be retracted, for trample, to simulate the discarding of data that is less relevant as rime passes.

This algorithm, called BSMA, For Bayesian Student Modeling Algorithm. is derived from the tree propagation algorithms of Pearl and Neapolitan. It specializes Pearl's parallel algorithm to run on one processor and restricts new evidence to nodes that are added to the tree, Father than allowing arbitrary instantiation of tree nodes to values. It also extends the algorithm to allow this evidence, previously introduced as new nodes, to be dropped later. Additional simplifications in notation have been made to facilitate: an intuitive understanding of the algorithm's operation.",wos,llm,1.000,unreviewed,
discarded,On the Role of Role-Theoretical Concepts: Determining Dimensionality or Difficulty in Cross-Occupational Collaboration,Striković A.,2025,Vocations and Learning,10.1007/s12186-025-09361-w,https://www.scopus.com/inward/record.uri?partnerID=HzOxMe3b&scp=85217646226&origin=inward,off-topic-false-hit; collaboration; difficulty-dimensionality,,scopus,llm,1.000,unreviewed,
discarded,VRLOOP: Immersive Virtual Reality for Learning Object-Oriented Programming,Lui L.F.,2025,Proceedings 2025 IEEE Conference on Virtual Reality and 3D User Interfaces Abstracts and Workshops Vrw 2025,10.1109/VRW66409.2025.00137,https://www.scopus.com/inward/record.uri?partnerID=HzOxMe3b&scp=105005155505&origin=inward,adjacent-subtopic; virtual-reality; oop-learning,,scopus,llm,0.800,unreviewed,
discarded,A Machine Learning-Based Adaptive Feedback System to Enhance Programming Skill Using Computational Thinking,Kaleem M.,2024,IEEE Access,10.1109/ACCESS.2024.3391873,https://www.scopus.com/inward/record.uri?partnerID=HzOxMe3b&scp=85191339787&origin=inward,adjacent-subtopic; adaptive-feedback; computational-thinking,,scopus,llm,0.950,unreviewed,
discarded,Identifying Difficulties of Software Modeling Through Class Diagrams: A Long-Term Comparative Analysis,Flores P.,2022,IEEE Access,10.1109/ACCESS.2022.3157290,https://www.scopus.com/inward/record.uri?partnerID=HzOxMe3b&scp=85126330188&origin=inward,adjacent-subtopic; class-diagrams; software-modeling-difficulties,,scopus,llm,0.780,unreviewed,
discarded,Review on Challenges and Solutions in Novice Programming Education,Sim T.Y.,2022,2022 IEEE International Conference on Computing Icoco 2022,10.1109/ICOCO56118.2022.10031657,https://www.scopus.com/inward/record.uri?partnerID=HzOxMe3b&scp=85148470529&origin=inward,adjacent-subtopic; review; novice-programming-education,,scopus,llm,0.900,unreviewed,
discarded,Learning UML Sequence Diagrams with a New Constructivist Pedagogical Tool: SD4ED,Alhazmi S.,2021,SIGCSE 2021 Proceedings of the 52nd ACM Technical Symposium on Computer Science Education,10.1145/3408877.3432521,https://www.scopus.com/inward/record.uri?partnerID=HzOxMe3b&scp=85103344522&origin=inward,adjacent-subtopic; sequence-diagrams; constructivist-tool,,scopus,llm,0.820,unreviewed,
discarded,Fill-in-the-blank Questions for Objected-Oriented Programming Education,Murata M.,2021,Proceedings 2021 10th International Congress on Advanced Applied Informatics Iiai Aai 2021,10.1109/IIAI-AAI53430.2021.00021,https://www.scopus.com/inward/record.uri?partnerID=HzOxMe3b&scp=85133161892&origin=inward,adjacent-subtopic; assessment-questions; oop-education,,scopus,llm,0.840,unreviewed,
