status,title,authors,year,venue,doi,url,tags,abstract,provider,decision_source,llm_confidence,llm_review_outcome,llm_change_direction
discarded,A Critical Review of the Use of Virtual Reality in Construction Engineering Education and Training,Peng Wang; Peng Wu; Jun Wang; Hung-Lin Chi; Xiangyu Wang,2018,International Journal of Environmental Research and Public Health,10.3390/ijerph15061204,https://openalex.org/W2807541197,off-topic-false-hit; virtual-reality; construction-education,"Virtual Reality (VR) has been rapidly recognized and implemented in construction engineering education and training (CEET) in recent years due to its benefits of providing an engaging and immersive environment. The objective of this review is to critically collect and analyze the VR applications in CEET, aiming at all VR-related journal papers published from 1997 to 2017. The review follows a three-stage analysis on VR technologies, applications and future directions through a systematic analysis. It is found that the VR technologies adopted for CEET evolve over time, from desktop-based VR, immersive VR, 3D game-based VR, to Building Information Modelling (BIM)-enabled VR. A sibling technology, Augmented Reality (AR), for CEET adoptions has also emerged in recent years. These technologies have been applied in architecture and design visualization, construction health and safety training, equipment and operational task training, as well as structural analysis. Future research directions, including the integration of VR with emerging education paradigms and visualization technologies, have also been provided. The findings are useful for both researchers and educators to usefully integrate VR in their education and training programs to improve the training performance.",openalex,llm,1.000,unreviewed,
discarded,A survey of structured and object-oriented software specification methods and techniques,Roel Wieringa,1998,ACM Computing Surveys,10.1145/299917.299919,https://openalex.org/W2124970417,off-topic-false-hit; software-specification; survey,"This article surveys techniques used in structured and object-oriented software specification methods. The techniques are classified as techniques for the specification of external interaction and internal decomposition. The external specification techniques are further subdivided into techniques for the specification of functions, behavior, and communication. After surveying the techniques, we summarize the way they are used in structured and object-oriented methods and indicate ways in which they can be combined. This article ends with a plea for simplicity in diagram techniques and for the use of formal semantics to define these techniques. The appendices show how the reviewed techniques are used in 6 structured and 19 object-oriented specification methods.",openalex,llm,1.000,unreviewed,
discarded,A systematic review of software development cost estimation studies,Magne Jørgensen; Martin Shepperd,2007,Brunel University Research Archive (BURA) (Brunel University London),10.1109/tse.2007.3,https://openalex.org/W2151511199,off-topic-false-hit; software-cost-estimation; systematic-review,"This paper aims to provide a basis for the improvement of software estimation research through a systematic review of previous work. The review identifies 304 software cost estimation papers in 76 journals and classifies the papers according to research topic, estimation approach, research approach, study context and data set. A web-based library of these cost estimation papers is provided to ease the identification of relevant estimation research results. The review results combined with other knowledge provide support for recommendations for future software cost estimation research, including: 1) Increase the breadth of the search for relevant studies, 2) Search manually for relevant papers within a carefully selected set of journals when completeness is essential, 3) Conduct more studies on estimation methods commonly used by the software industry, and, 4) Increase the awareness of how properties of the data sets impact the results when evaluating estimation methods.",openalex,llm,1.000,unreviewed,
discarded,A survey of software refactoring,Tom Mens; Tom Tourwé,2004,IEEE Transactions on Software Engineering,10.1109/tse.2004.1265817,https://openalex.org/W2171383742,off-topic-false-hit; software-refactoring; survey,"We provide an extensive overview of existing research in the field of software refactoring. This research is compared and discussed based on a number of different criteria: the refactoring activities that are supported, the specific techniques and formalisms that are used for supporting these activities, the types of software artifacts that are being refactored, the important issues that need to be taken into account when building refactoring tool support, and the effect of refactoring on the software process. A running example is used to explain and illustrate the main concepts.",openalex,llm,1.000,unreviewed,
discarded,Gamification and Game Based Learning for Vocational Education and Training: A Systematic Literature Review,Fazlida Dahalan; Norlidah Alias; Mohd Shahril Nizam Shaharom,2023,Education and Information Technologies,10.1007/s10639-022-11548-w,https://openalex.org/W4315701240,adjacent-subtopic; gamification; vocational-education-review,,openalex,llm,0.980,unreviewed,
discarded,Learning in immersive worlds: A review of game-based learning,Sara de Freitas,2006,Jisc Repository (Jisc),,https://openalex.org/W2611987247,adjacent-subtopic; game-based-learning; review,"Against a context of the development of computers and in particular personal computing and most recently the internet, the broadening use of leisure games and simulations has produced an increased interest in how ‘immersive learning’ can be used to support educational practices.\n Simulations to date have been widely employed to support specified training, in particular to support professional and vocational training needs, e.g. military, surgical, medical and business training. These approaches have not necessarily been taken up in areas of more abstract learning, e.g. to support conceptual and higher level cognition. Simulations, and more recently games, have been used more frequently to practice scenarios and skills in advance of taking up a professional employment opportunity. The trend for using simulations in this way has perhaps had an influence upon how games might be used for education and although these are different forms, there are clear links between the two, not least historically. However while simulations are regarded as acceptable training tools, games due to their association with violence and leisure time activities have been more widely resisted by tutors and parents alike. \n The particular ‘perceptions’ about games is that they are violent and promote aggression, and this partly explains why learning games are only now becoming part of the toolset of the tutor. Although this trend is clearly changing, not least because of the widespread success and uptake of games in the leisure field, another contributing factor has been because developers have begun to realise the educational potential of opening up a market for selling these newly branded types of games.\n This report presents the findings of a literature review alongside a set of case studies of game-based learning from everyday practice contexts.",openalex,llm,0.980,unreviewed,
discarded,"The Problem of Teaching Object-Oriented Programming, Part 2: Environments",Michael Kölling,1999,Kent Academic Repository (University of Kent),,https://openalex.org/W2108410148,adjacent-subtopic; teaching-oop; environments,,openalex,llm,0.780,unreviewed,
discarded,Explainable Machine Learning for Scientific Insights and Discoveries,Ribana Roscher; Bastian Bohn; Marco F. Duarte; Jochen Garcke,2020,IEEE Access,10.1109/access.2020.2976199,https://openalex.org/W2945526235,off-topic-false-hit; explainable-ml; scientific-discovery,"Machine learning methods have been remarkably successful for a wide range of application areas in the extraction of essential information from data. An exciting and relatively recent development is the uptake of machine learning in the natural sciences, where the major goal is to obtain novel scientific insights and discoveries from observational or simulated data. A prerequisite for obtaining a scientific outcome is domain knowledge, which is needed to gain explainability, but also to enhance scientific consistency. In this article, we review explainable machine learning in view of applications in the natural sciences and discuss three core elements that we identified as relevant in this context: transparency, interpretability, and explainability. With respect to these core elements, we provide a survey of recent scientific works that incorporate machine learning and the way that explainable machine learning is used in combination with domain knowledge from the application areas.",openalex,llm,1.000,unreviewed,
discarded,Big Data technologies: A survey,Ahmed Oussous; Fatima-Zahra Benjelloun; Ayoub Ait Lahcen; Samir Belfkih,2017,Journal of King Saud University - Computer and Information Sciences,10.1016/j.jksuci.2017.06.001,https://openalex.org/W2625392185,off-topic-false-hit; big-data; survey,"Developing Big Data applications has become increasingly important in the last few years. In fact, several organizations from different sectors depend increasingly on knowledge extracted from huge volumes of data. However, in Big Data context, traditional data techniques and platforms are less efficient. They show a slow responsiveness and lack of scalability, performance and accuracy. To face the complex Big Data challenges, much work has been carried out. As a result, various types of distributions and technologies have been developed. This paper is a review that survey recent technologies developed for Big Data. It aims to help to select and adopt the right combination of different Big Data technologies according to their technological needs and specific applications’ requirements. It provides not only a global view of main Big Data technologies but also comparisons according to different system layers such as Data Storage Layer, Data Processing Layer, Data Querying Layer, Data Access Layer and Management Layer. It categorizes and discusses main technologies features, advantages, limits and usages.",openalex,llm,1.000,unreviewed,
discarded,Compile-time analysis of object-oriented programs,Jan Vítek; R. Nigel Horspool; James S. Uhl,1992,Lecture notes in computer science,10.1007/3-540-55984-1_22,https://openalex.org/W1502745543,off-topic-false-hit; program-analysis; object-oriented-programs,,openalex,llm,1.000,unreviewed,
discarded,"Comprehensive survey of deep learning in remote sensing: theories, tools, and challenges for the community",John E. Ball; Derek T. Anderson; Chee Seng Chan,2017,Journal of Applied Remote Sensing,10.1117/1.jrs.11.042609,https://openalex.org/W2751694392,off-topic-false-hit; deep-learning; remote-sensing,"In recent years, deep learning (DL), a rebranding of neural networks (NNs), has risen to the top in numerous areas, namely computer vision (CV), speech recognition, and natural language processing. Whereas remote sensing (RS) possesses a number of unique challenges, primarily related to sensors and applications, inevitably RS draws from many of the same theories as CV, e.g., statistics, fusion, and machine learning, to name a few. This means that the RS community should not only be aware of advancements such as DL, but also be leading researchers in this area. Herein, we provide the most comprehensive survey of state-of-the-art RS DL research. We also review recent new developments in the DL field that can be used in DL for RS. Namely, we focus on theories, tools, and challenges for the RS community. Specifically, we focus on unsolved challenges and opportunities as they relate to (i) inadequate data sets, (ii) human-understandable solutions for modeling physical phenomena, (iii) big data, (iv) nontraditional heterogeneous data sources, (v) DL architectures and learning algorithms for spectral, spatial, and temporal data, (vi) transfer learning, (vii) an improved theoretical understanding of DL systems, (viii) high barriers to entry, and (ix) training and optimizing the DL.",openalex,llm,1.000,unreviewed,
discarded,The effectiveness of virtual and augmented reality in health sciences and medical anatomy,Christian Moro; Zane Štromberga; Athanasios Raikos; Allan Stirling,2017,Anatomical Sciences Education,10.1002/ase.1696,https://openalex.org/W2605897185,off-topic-false-hit; medical-anatomy; virtual-reality,"Although cadavers constitute the gold standard for teaching anatomy to medical and health science students, there are substantial financial, ethical, and supervisory constraints on their use. In addition, although anatomy remains one of the fundamental areas of medical education, universities have decreased the hours allocated to teaching gross anatomy in favor of applied clinical work. The release of virtual (VR) and augmented reality (AR) devices allows learning to occur through hands-on immersive experiences. The aim of this research was to assess whether learning structural anatomy utilizing VR or AR is as effective as tablet-based (TB) applications, and whether these modes allowed enhanced student learning, engagement and performance. Participants (n = 59) were randomly allocated to one of the three learning modes: VR, AR, or TB and completed a lesson on skull anatomy, after which they completed an anatomical knowledge assessment. Student perceptions of each learning mode and any adverse effects experienced were recorded. No significant differences were found between mean assessment scores in VR, AR, or TB. During the lessons however, VR participants were more likely to exhibit adverse effects such as headaches (25% in VR P < 0.05), dizziness (40% in VR, P < 0.001), or blurred vision (35% in VR, P < 0.01). Both VR and AR are as valuable for teaching anatomy as tablet devices, but also promote intrinsic benefits such as increased learner immersion and engagement. These outcomes show great promise for the effective use of virtual and augmented reality as means to supplement lesson content in anatomical education. Anat Sci Educ 10: 549-559. © 2017 American Association of Anatomists.",openalex,llm,1.000,unreviewed,
discarded,Constructivism in computer science education,Mordechai Ben‐Ari,1998,ACM SIGCSE Bulletin,10.1145/274790.274308,https://openalex.org/W2176513605,adjacent-subtopic; constructivism; computer-science-education-theory,"Constructivism is a theory of learning which claims that students construct knowledge rather than merely receive and store knowledge transmitted by the teacher. Constructivism has been extremely influential in science and mathematics education, but not in computer science education (CSE). This paper surveys constructivism in the context of CSE, and shows how the theory can supply a theoretical basis for debating issues and evaluating proposals.",openalex,llm,0.920,unreviewed,
discarded,A systematic review of the applications of artificial intelligence and machine learning in autoimmune diseases,Imogen S. Stafford; Melina Kellermann; Enrico Mossotto; R Mark Beattie; Ben D. MacArthur; Sarah Ennis,2020,npj Digital Medicine,10.1038/s41746-020-0229-3,https://openalex.org/W3010274200,off-topic-false-hit; autoimmune-diseases; systematic-review,"Autoimmune diseases are chronic, multifactorial conditions. Through machine learning (ML), a branch of the wider field of artificial intelligence, it is possible to extract patterns within patient data, and exploit these patterns to predict patient outcomes for improved clinical management. Here, we surveyed the use of ML methods to address clinical problems in autoimmune disease. A systematic review was conducted using MEDLINE, embase and computers and applied sciences complete databases. Relevant papers included ""machine learning"" or ""artificial intelligence"" and the autoimmune diseases search term(s) in their title, abstract or key words. Exclusion criteria: studies not written in English, no real human patient data included, publication prior to 2001, studies that were not peer reviewed, non-autoimmune disease comorbidity research and review papers. 169 (of 702) studies met the criteria for inclusion. Support vector machines and random forests were the most popular ML methods used. ML models using data on multiple sclerosis, rheumatoid arthritis and inflammatory bowel disease were most common. A small proportion of studies (7.7% or 13/169) combined different data types in the modelling process. Cross-validation, combined with a separate testing set for more robust model evaluation occurred in 8.3% of papers (14/169). The field may benefit from adopting a best practice of validation, cross-validation and independent testing of ML models. Many models achieved good predictive results in simple scenarios (e.g. classification of cases and controls). Progression to more complex predictive models may be achievable in future through integration of multiple data types.",openalex,llm,1.000,unreviewed,
discarded,WebPGA: An Educational Technology That Supports Learning by Reviewing Paper-Based Programming Assessments,"Paredes, Yancy Vance; Hsiao, I-Han",2021,INFORMATION,10.3390/info12110450,https://www.webofscience.com/wos/woscc/full-record/WOS:000912920500001,adjacent-subtopic; feedback-tool; oop-course,"Providing feedback to students is one of the most effective ways to enhance their learning. With the advancement of technology, many tools have been developed to provide personalized feedback. However, these systems are only beneficial when interactions are done on digital platforms. As paper-based assessment is still a dominantly preferred evaluation method, particularly in large blended-instruction classes, the sole use of electronic educational systems presents a gap between how students learn the subject from the physical and digital world. This has motivated the design and the development of a new educational technology that facilitates the digitization, grading, and distribution of paper-based assessments to support blended-instruction classes. With the aid of this technology, different learning analytics can be readily captured. A retrospective analysis was conducted to understand the students' behaviors in an Object-Oriented Programming and Data Structures class from a public university. Their behavioral differences and the associated learning impacts were analyzed by leveraging their digital footprints. Results showed that students made significant efforts in reviewing their examinations. Notably, the high-achieving and the improving students spent more time reviewing their mistakes and started doing so as soon as the assessment became available. Finally, when students were guided in the reviewing process, they were able to identify items where they had misconceptions.",wos,llm,0.830,unreviewed,
discarded,What Stays in Mind? - Retention Rates in Programming MOOCs,"Teusner, Ralf; Matthies, Christoph; Staubitz, Thomas",2018,2018 IEEE FRONTIERS IN EDUCATION CONFERENCE (FIE),,https://www.webofscience.com/wos/woscc/full-record/WOS:000468396901143,adjacent-subtopic; moocs; knowledge-retention,"This work presents insights about the long-term effects and retention rates of knowledge acquired within MOOCs. In 2015 and 2017, we conducted two introductory MOOCs on object-oriented programming in Java with each over 10,000 registered participants. In this paper, we analyze course scores, quiz results and self-stated skill levels of our participants. The aim of our analysis is to uncover factors influencing the retention of acquired knowledge, such as time passed or knowledge application, in order to improve long-term success. While we know that some participants learned the programming basics within our course, we lack information on whether this knowledge was applied and fortified after the course's end. To fill this knowledge gap, we conducted a survey in 2018 among all participants of our 2015 and 2017 programming MOOCs. The first part of the survey elicits responses on whether and how MOOC knowledge was applied and gives participants opportunity to voice individual feedback. The second part of the survey contains several questions of increasing difficulty and complexity regarding course content in order to learn about the consolidation of the acquired knowledge. We distinguish three programming knowledge areas in the survey: First, understanding of concepts, such as loops and boolean algebra. Second, syntax knowledge, such as specific keywords. Third, practical skills including debugging and coding. We further analyzed the long-term effects separately per participant skill group. While answer rates were low, the collected data shows a decrease of knowledge over time, relatively unaffected by skill level. Application of the acquired knowledge improves the memory retention rates of MOOC participants across all skill levels.",wos,llm,0.840,unreviewed,
