status,title,authors,year,venue,doi,url,tags,abstract,provider,decision_source,llm_confidence,llm_review_outcome,llm_change_direction
discarded,"Effekt: Capability-passing style for type- and effect-safe, extensible effect handlers in Scala",Jonathan Immanuel Brachthäuser; Philipp Schuster; Klaus Ostermann,2020,Journal of Functional Programming,10.1017/s0956796820000027,https://openalex.org/W3014236027,adjacent-subtopic; type-and-effect-systems,"Abstract Effect handlers are a promising way to structure effectful programs in a modular way. We present the Scala library Effekt , which is centered around capability passing and implemented in terms of a monad for multi-prompt delimited continuations. Effekt is the first library implementation of effect handlers that supports effect safety and effect polymorphism without resorting to type-level programming. We describe a novel way of achieving effect safety using intersection types and path-dependent types. The effect system of our library design fits well into the programming paradigm of capability passing and is inspired by the effect system of Zhang & Myers (2019, Proc. ACM Program. Lang. 3 (POPL), 5:1-5:29). Capabilities carry an abstract type member, which represents an individual effect type and reflects the use of the capability on the type level. We represent effect rows as the contravariant intersection of effect types. Handlers introduce capabilities and remove components of the intersection type. Reusing the existing type system of Scala, we get effect subtyping and effect polymorphism for free.",openalex,llm,0.980,unreviewed,
kept,Bridge Pattern,Sufyan bin Uzayr,2022,,10.1201/9781003308461-8,https://openalex.org/W4309138681,supports-claim; bridge-pattern; composition-over-inheritance,"The Bridge Pattern is widely regarded as one of the most effective strategies for organizing class hierarchies. The Bridge Pattern prevents a phenomenon known as cartesian product complexity explosion. The Bridge Pattern provides a link between classes and their properties. It prefers composition over inheritance. We can use a real-world example to understand the bridge Design Pattern better. Bridge Pattern adheres to the Single Responsibility Principle by decoupling an abstraction from its implementation such that the two can alter independently. Platform independent feature: the Bridge Pattern is a simple way to develop platform-independent functionalities. The Bridge Pattern is used in this structural code to separate the interface from its implementation. The implementation can develop without altering the clients that utilize the object&s;s abstraction. This real-world code exemplifies the Bridge Pattern, which decouples a business object abstraction from its implementation in data object.",openalex,llm,0.990,unreviewed,
discarded,Understanding type changes in Java,Ameya Ketkar; Nikolaos Tsantalis; Danny Dig,2020,,10.1145/3368089.3409725,https://openalex.org/W3106989382,adjacent-subtopic; type-changes,"Developers frequently change the type of a program element and update all its references for performance, security, concurrency,library migration, or better maintainability. Despite type changes being a common program transformation, it is the least automated and the least studied. With this knowledge gap, researchers miss opportunities to improve the state of the art in automation for software evolution, tool builders do not invest resources where automation is most needed, language and library designers can-not make informed decisions when introducing new types, and developers fail to use common practices when changing types. To fill this gap, we present the first large-scale and most fine-grained empirical study on type changes in Java. We develop state-of-the-art tools to statically mine 297,543 type changes and their subsequent code adaptations from a diverse corpus of 129 Java projects containing 416,652 commits. With this rich data set we answer research questions about the practice of type changes. Among others, we found that type changes are actually more common than renaming,but the current research and tools for type changes are inadequate.Based on our extensive and reliable data, we present actionable,empirically-justified implications.",openalex,llm,0.950,unreviewed,
discarded,"Built environment data standards and their integration: an analysis of IFC, CityGML and LandInfra",T. L. Gilbert; Carsten Roensdorf; Jim Plume; Scott Simmons; Nicholas Nisbet; Hans-Christoph Gruler; Thomas H. Kolbe; Aidan Mercer,2021,,10.62973/19-091r2,https://openalex.org/W3092531929,adjacent-subtopic; data-standards,"Demand for digital representations of built environments is accelerating and can only be satisfied through greater software interoperability and data integration.The objective of the Integrated Digital Built Environment (IDBE) joint working group is to address this challenge by bringing together experts from the Open Geospatial Consortium and buildingSMART to coordinate the development of the relevant data standards.This document is an output from IDBE in which we describe the state of three of the most prominent built environment standards -CityGML, IFC and LandInfraand describe some of the problems that hinder their integration; finally, we propose actions points for overcoming these problems. Key pointsPredominant disparities that hinder integration:-Intended general purpose, practical applications and types of objects intended to be modelled; -Conceptualisation of real-world objects, their properties and their relationships; -Formal languages used for conceptual modelling and the description of schemas; -Spatial representation (geometric and geographic).Fundamental operations that underpin use cases:-The creation of and changes to digital representations of objects and their properties; -Modelling of functional relationships between components of a digital representation; -Visualisation of representations, including virtual and augmented reality; -Querying of digital representations spatially and semantically. Paradigms of integration in usage:-All objects are represented digitally in (or converted to) instances of one schema; -Instances of multiple schemas are federated temporarily into a single representation by a software environmentthis representation may be spatial, semantic and/or temporal, involving renderings, tabular and/or graph representations; -Elements contained within instances of multiple schemas are cross-referenced, providing links to additional information that is not explicitly defined in any one instance.Proposed action points for overcoming integration challenges: -Articulate in plain writing a set of illustrative use cases; -Derive and make publicly available a shared vocabulary or definition dictionary; -Author a best practice document on the use of three-dimensional georeferencing; -Devise a system of common unique identifiers for real-world, physical objects; -Agree on a collaborative mechanism for opportunistic harmonisation of conceptual representations.",openalex,llm,0.980,unreviewed,
discarded,The DLR Rover Simulation Toolkit,Matthias Hellerer; Stefan Barthelmes; Fabian Buse,2017,elib (German Aerospace Center),,https://openalex.org/W2773033356,adjacent-subtopic; simulation-toolkit,"Autonomous exploration rovers are currently the primary means of research on extra-terrestrial bodies. Due to the circumstances of their deployment it is vital to ensure their unassisted performance in a harsh environment. Preliminary simulations are therefore indispensable. To facilitate these simulations we introduce the DLR Rover Simulation Toolkit (RST). The RST constitutes a framework of libraries, allowing engineers to quickly assemble digital rover twins, particularly for early design phases. Enabled by the modelling language Modelica it covers a wide range of aspects from different domains in one unifying framework. This paper establishes in detail the RST’s structure and design decisions before showing its practical application in a Software-in-the loop (SiL) simulator, elaborating on future enhancements and its use during collaborative engineering studies in the DLR Systems and Control Innovation Lab.",openalex,llm,0.900,unreviewed,
discarded,Potential of the Julia Programming Language for High Energy Physics Computing,Jonas Nathanael Eschle; T. Gal; Mosé Giordano; P. Gras; Benedikt Hegner; L. Heinrich; Uwe Hernandez Acosta; S. Kluth; Jerry Ling; Pere Mato; M. Mikhasenko; Alexander Moreno Briceño; J. Pivarski; Konstantinos Samaras-Tsakiris; O. Schulz; G. A. Stewart; J. Strube; Vassil Vassilev,2023,Computing and Software for Big Science,10.1007/s41781-023-00104-x,https://openalex.org/W4379924907,adjacent-subtopic; language-evaluation,"Abstract Research in high energy physics (HEP) requires huge amounts of computing and storage, putting strong constraints on the code speed and resource usage. To meet these requirements, a compiled high-performance language is typically used; while for physicists, who focus on the application when developing the code, better research productivity pleads for a high-level programming language. A popular approach consists of combining Python, used for the high-level interface, and C++, used for the computing intensive part of the code. A more convenient and efficient approach would be to use a language that provides both high-level programming and high-performance. The Julia programming language, developed at MIT especially to allow the use of a single language in research activities, has followed this path. In this paper the applicability of using the Julia language for HEP research is explored, covering the different aspects that are important for HEP code development: runtime performance, handling of large projects, interface with legacy code, distributed computing, training, and ease of programming. The study shows that the HEP community would benefit from a large scale adoption of this programming language. The HEP-specific foundation libraries that would need to be consolidated are identified.",openalex,llm,0.950,unreviewed,
discarded,Culture and biology in the origins of linguistic structure,Simon Kirby,2017,Psychonomic Bulletin & Review,10.3758/s13423-016-1166-7,https://openalex.org/W2581302502,off-topic-false-hit; biology-language-evolution,"Language is systematically structured at all levels of description, arguably setting it apart from all other instances of communication in nature. In this article, I survey work over the last 20 years that emphasises the contributions of individual learning, cultural transmission, and biological evolution to explaining the structural design features of language. These 3 complex adaptive systems exist in a network of interactions: individual learning biases shape the dynamics of cultural evolution; universal features of linguistic structure arise from this cultural process and form the ultimate linguistic phenotype; the nature of this phenotype affects the fitness landscape for the biological evolution of the language faculty; and in turn this determines individuals' learning bias. Using a combination of computational simulation, laboratory experiments, and comparison with real-world cases of language emergence, I show that linguistic structure emerges as a natural outcome of cultural evolution once certain minimal biological requirements are in place.",openalex,llm,1.000,unreviewed,
discarded,GRAPE for fast and scalable graph processing and random-walk-based embedding,Luca Cappelletti; Tommaso Fontana; Elena Casiraghi; Vida Ravanmehr; Tiffany J. Callahan; Carlos Cano; Marcin P. Joachimiak; Chris Mungall; Peter N. Robinson; Justin Reese; Giorgio Valentini,2023,Nature Computational Science,10.1038/s43588-023-00465-8,https://openalex.org/W4382139355,adjacent-subtopic; software-resource,"Graph representation learning methods opened new avenues for addressing complex, real-world problems represented by graphs. However, many graphs used in these applications comprise millions of nodes and billions of edges and are beyond the capabilities of current methods and software implementations. We present GRAPE (Graph Representation Learning, Prediction and Evaluation), a software resource for graph processing and embedding that is able to scale with big graphs by using specialized and smart data structures, algorithms, and a fast parallel implementation of random-walk-based methods. Compared with state-of-the-art software resources, GRAPE shows an improvement of orders of magnitude in empirical space and time complexity, as well as competitive edge- and node-label prediction performance. GRAPE comprises approximately 1.7 million well-documented lines of Python and Rust code and provides 69 node-embedding methods, 25 inference models, a collection of efficient graph-processing utilities, and over 80,000 graphs from the literature and other sources. Standardized interfaces allow a seamless integration of third-party libraries, while ready-to-use and modular pipelines permit an easy-to-use evaluation of graph-representation-learning methods, therefore also positioning GRAPE as a software resource that performs a fair comparison between methods and libraries for graph processing and embedding.",openalex,llm,0.920,unreviewed,
discarded,PyRoboLearn: A Python Framework for Robot Learning Practitioners,"Delhaisse, Brian; Rozo, Leonel; Caldwell, Darwin G.",2019,"CONFERENCE ON ROBOT LEARNING, VOL 100",,https://www.webofscience.com/wos/woscc/full-record/WOS:001228521000102,adjacent-subtopic; framework-modularity,"On the quest for building autonomous robots, several robot learning frameworks with different functionalities have recently been developed. Yet, frameworks that combine diverse learning paradigms (such as imitation and reinforcement learning) into a common place are scarce. Existing ones tend to be robot-specific, and often require time-consuming work to be used with other robots. Also, their architecture is often weakly structured, mainly because of a lack of modularity and flexibility. This leads users to reimplement several pieces of code to integrate them into their own experimental or benchmarking work. To overcome these issues, we introduce PyRoboLearn, a new Python robot learning framework that combines different learning paradigms into a single framework. Our framework provides a plethora of robotic environments, learning models and algorithms. PyRoboLearn is developed with a particular focus on modularity, flexibility, generality, and simplicity to favor (re)usability. This is achieved by abstracting each key concept, undertaking a modular programming approach, minimizing the coupling among the different modules, and favoring composition over inheritance for better flexibility. We demonstrate the different features and utility of our framework through different use cases.",wos,llm,0.780,unreviewed,
discarded,Vico: An entity-component-system based co-simulation framework,Hatledal L.I.,2021,Simulation Modelling Practice and Theory,10.1016/j.simpat.2020.102243,https://www.scopus.com/inward/record.uri?partnerID=HzOxMe3b&scp=85099237936&origin=inward,adjacent-subtopic; ecs-framework,,scopus,llm,0.580,unreviewed,
discarded,PyRoboLearn: A Python Framework for Robot Learning Practitioners,Delhaisse B.,2019,Proceedings of Machine Learning Research,,https://www.scopus.com/inward/record.uri?partnerID=HzOxMe3b&scp=85123400714&origin=inward,adjacent-subtopic; framework-modularity,,scopus,llm,0.700,unreviewed,
kept,Composition and inheritance are different,Chi C.,2015,International Journal of Software Engineering and Its Applications,10.14257/ijseia.2015.9.12.05,https://www.scopus.com/inward/record.uri?partnerID=HzOxMe3b&scp=84954438584&origin=inward,qualifies-claim; inheritance-vs-composition,,scopus,llm,0.780,unreviewed,
discarded,Subsystem Inheritance and Composition in Complex Systems.,Ioan Crisan,2020,ACIT,10.1109/ACIT49673.2020.9208936,https://dblp.org/rec/conf/acit4/Crisan20,adjacent-subtopic; complex-systems,,dblp,llm,0.620,unreviewed,
discarded,Featherweight Jigsaw - Replacing inheritance by composition in Java-like languages.,Giovanni Lagorio; Marco Servetto; Elena Zucca,2012,Inf. Comput.,10.1016/J.IC.2012.02.004,https://dblp.org/rec/journals/iandc/LagorioSZ12,adjacent-subtopic; language-design; formalism,,dblp,llm,0.880,unreviewed,
kept,Designing with inheritance and composition.,Omar Alam; Jörg Kienzle,2012,VariComp@AOSD,10.1145/2161996.2162002,https://dblp.org/rec/conf/aosd/AlamK12,qualifies-claim; designing-with-both; trade-offs,,dblp,llm,0.830,unreviewed,
discarded,Inheritance-Aware Document-Driven Service Composition.,Zhifeng Gu; Bin Xu 0001; Juan-Zi Li,2007,CEC/EEE,10.1109/CEC-EEE.2007.56,https://dblp.org/rec/conf/wecwis/GuXL07,off-topic-false-hit; service-composition,,dblp,llm,1.000,unreviewed,
discarded,Composition of Web Services Using Ontology with Monotonic Inheritance.,Changyun Li; Bei Shui Liao; Ai-Min Yang; Lijun Liao,2005,FSKD,10.1007/11540007_140,https://dblp.org/rec/conf/fskd/LiLYL05,off-topic-false-hit; web-services; ontology,,dblp,llm,1.000,unreviewed,
discarded,Safe metaclass composition using mixin-based inheritance.,Noury Bouraqadi,2004,Comput. Lang. Syst. Struct.,10.1016/J.CL.2003.09.003,https://dblp.org/rec/journals/cl/Bouraqadi04,adjacent-subtopic; metaclass-composition; language-semantics,,dblp,llm,0.930,unreviewed,
discarded,&quot;Compositionality of projection inheritance&quot; [Sci. Comput. Programming 42 (2-3) (2002) 129-171].,Wil M. P. van der Aalst; Kees M. van Hee; Robert A. van der Toorn,2002,Sci. Comput. Program.,10.1016/S0167-6423(02)00072-2,https://dblp.org/rec/journals/scp/AalstHT02a,adjacent-subtopic; formal-semantics,,dblp,llm,0.990,unreviewed,
kept,Transforming inheritance into composition.,Benedikt Schulz; Thomas Genssler,1999,EuroPLoP,,https://dblp.org/rec/conf/europlop/SchulzG99,supports-claim; refactoring; transform-inheritance-to-composition,,dblp,llm,0.910,unreviewed,
discarded,Hot Spot Recovery in Object-Oriented Software with Inheritance and Composition Template Methods.,Reinhard Schauer; Sébastien Robitaille; François Martel; Rudolf K. Keller,1999,ICSM,10.1109/ICSM.1999.792615,https://dblp.org/rec/conf/icsm/SchauerRMK99,adjacent-subtopic; reverse-engineering; template-methods,,dblp,llm,0.720,unreviewed,
discarded,Association Inheritance and Composition.,Brendan McCarthy,1997,J. Object Oriented Program.,,https://dblp.org/rec/journals/joop/McCarthy97,adjacent-subtopic; association-modeling,,dblp,llm,0.800,unreviewed,
discarded,Inheritance Using Contracts &amp; Object Composition.,Wolfgang Weck,1997,ECOOP Workshops,10.1007/3-540-69687-3_78,https://dblp.org/rec/conf/ecoopw/Weck97,adjacent-subtopic; contracts; composition-mechanisms,,dblp,llm,0.740,unreviewed,
discarded,An Order-Based Composition Semantics for the Inheritance in Logic-Based Object-Oriented Paradigm.,Zhi Jin,1997,TOOLS,10.1109/TOOLS.1997.713534,https://dblp.org/rec/conf/tools/Jin97,adjacent-subtopic; formal-semantics; logic-based-oo,,dblp,llm,0.980,unreviewed,
discarded,Encapsulation and composition as orthogonal operators on mixins: a solution to multiple inheritance problems.,Marc Van Limberghen; Tom Mens,1996,Object Oriented Syst.,,https://dblp.org/rec/journals/oos/LimberghenM96,adjacent-subtopic; mixins; multiple-inheritance,,dblp,llm,0.940,unreviewed,
discarded,"Modelling Inheritance, Composition and Relationship Links between Objects, Object Versions and Class Versions",Eric Andonoff; Gilles Hubert 0001; Annig Le Parc; Gilles Zurfluh,1995,CAiSE,10.1007/3-540-59498-1_240,https://dblp.org/rec/conf/caise/AndonoffHPZ95,adjacent-subtopic; modeling; versioning,,dblp,llm,0.960,unreviewed,
discarded,"Variant Handling, Inheritance and Composition in the ObjectMath Computer Algebra Environment.",Peter Fritzson; Vadim Engelson; Lars Viklund,1993,DISCO,10.1007/BFB0013175,https://dblp.org/rec/conf/disco/FritzsonEV93,adjacent-subtopic; computer-algebra-environment,,dblp,llm,0.820,unreviewed,
discarded,On the Semantics of Inheritance in Logic Programming: Compositionality and Full Abstraction.,Michele Bugliesi,1992,ELP,10.1007/3-540-56454-3_11,https://dblp.org/rec/conf/elp/Bugliesi92,adjacent-subtopic; logic-programming-semantics,,dblp,llm,0.990,unreviewed,
discarded,Integrating Inheritance and Composition in an Objective Presentation Model for Multiple Media.,Roger Kenton Took,1991,Eurographics,10.2312/EGTP.19911021,https://dblp.org/rec/conf/eurographics/Took91,adjacent-subtopic; presentation-model,,dblp,llm,0.850,unreviewed,
discarded,Dimensions of object-based language design,Peter Wegner,1987,,10.1145/38765.38823,https://openalex.org/W2138387375,adjacent-subtopic; language-design; object-based-languages,"The design space of object-based languages is characterized in terms of objects, classes, inheritance, data abstraction, strong typing, concurrency, and persistence. Language classes (paradigms) associated with interesting subsets of these features are identified and language design issues for selected paradigms are examined. Orthogonal dimensions that span the object-oriented design space are related to non-orthogonal features of real languages. The self-referential application of object-oriented methodology to the development of object-based language paradigms is demonstrated.",openalex,llm,0.970,unreviewed,
