status,title,authors,year,venue,doi,url,tags,abstract,provider,decision_source,llm_confidence,llm_review_outcome,llm_change_direction,paper_id
kept,Student-Perceived Effectiveness of Online Content Delivery Modes,"Mullen, Julia S.; Sullivan, John M., Jr.",2015,"FRONTIERS IN EDUCATION CONFERENCE (FIE), 2015",,https://www.webofscience.com/wos/woscc/full-record/WOS:000371705200320,qualifies-claim,"This Work In Progress focuses on student perceptions of the effectiveness of three content delivery modes; a) traditional, residential in-class b) class capture for asynchronous online delivery, and c) modularized targeted content videos for online and blended or flipped classroom mode.

Despite the growth of MOOCs and the concomitant shift from long lecture videos to learning modules, many online courses still rely on a class capture method. A recent study on video use by students in online courses recommends the use of short videos, six to nine minutes in length, based on student viewing habits. [1] The student behavior was inferred from click-stream data captured within the LMS but there was no direct interaction with students to gauge impressions of the content delivery or impact on learning. To improve both the residential and online experience requires a deeper understanding of those features which promote learning in each approach. Some of this understanding can be gleaned from traditional academic course evaluations, but student perceptions yield an additional level of understanding.

For this study we analyzed data from multiple offerings of a 7-week graduate level numerical analysis course; Application of Finite Element Analysis. Over three years this course was offered residentially and online using multiple delivery modes. We categorize the delivery modes as Traditional, Class-Capture, and Modularized/Blended. Each student studied the material using one delivery mode and was then asked to review the material using another delivery mode. The students were asked to evaluate the perceived learning attained based on their original content delivery mode and the alternate mode. The feedback from this analysis, combined with traditional course evaluations will be used to develop a more comprehensive and objective survey to be used in the next round of courses.",wos,llm,0.780,unreviewed,,hash:a2bd9d5d4cc2946d
discarded,"""PAIN INDEX SURVEY"" FOR FLIPPED CLASSROOM IN DESIGN EDUCATION","Liu, Ang; Lu, Stephen C-Y.; Dai, Yun",2014,"PROCEEDINGS OF THE ASME INTERNATIONAL DESIGN ENGINEERING TECHNICAL CONFERENCES AND COMPUTERS AND INFORMATION IN ENGINEERING CONFERENCE, 2014, VOL 3",,https://www.webofscience.com/wos/woscc/full-record/WOS:000379987800063,adjacent-subtopic,"The purpose of the flipped classroom approach is to enhance the effectiveness of interactions in class. Nevertheless, in practice, simply asking students to watch lecture recordings at home will not automatically lead to more structured interactions in class. To address this challenge, this paper introduces a new method called the pain index survey, which functions to collect, aggregate, and analyze student's early feedback in terms of how painful they feel over each content slide during their before-class learning. The accumulated pain index survey result can facilitate the teaching/learning of design in two ways. First, different students' common feedbacks will enable the instructor to identify those universally perceived learning difficulties and to address them accordingly via guided instructor-student interactions in class. Second, different students' complementary feedbacks will facilitate the instructor to form study groups respectively to promote the peer-to-peer interactions after class. Two case studies are presented to share some of our preliminary lessons and observations.",wos,llm,0.940,unreviewed,,hash:f87624a0eb4cd29c
kept,A comparison of student evaluations of teaching and learning in the inverted classroom model versus traditional lectures in dental education,A.K. Reuter,2026,BMC Medical Education,10.1186/s12909-026-09733-3,https://www.scopus.com/inward/record.uri?partnerID=HzOxMe3b&scp=105042440627&origin=inward,qualifies-claim,"The inverted classroom model (ICM) is a learner-centred approach that aims to promote engagement, independence and deeper understanding by shifting knowledge acquisition to self-directed learning before class and using class time for interactive exercises. Despite its growing popularity, there are differing views on how dental students experience and evaluate this model compared to the traditional lecture-based teaching method (FT). This study examines students’ subjective perceptions of teaching and learning within the ICM framework and investigates how a series of lectures delivered in this format influences their learning strategies and their interest in the subject area. First-year students were recruited and divided into FT and ICM groups. From April 2023 to February 2024, dental students (n = 138) were included in this study. The control group received classes based on the traditional (FT) concept, while the ICM group was defined as the intervention group. Data were collected at the beginning and end of the year using standardised questionnaires to evaluate the teaching concept (FLIPPY), study interest (FSI), and learning strategy (LIST-K). Wilcoxon and Mann–Whitney U tests were employed to evaluate these data, with a significance level of p < 0.05. ICM was associated with significantly higher student ratings across most domains of the teaching concept, particularly with regard to preparation (p < 0.001), flexibility (p = 0.014), collaborative learning (p = 0.002), interaction with teachers (p < 0.001), active participation and motivation (p = 0.004). No significant changes in study interest or learning strategies could be observed. However, ICM students demonstrated a greater openness to innovative and digital teaching methods. The ICM was associated with increased student engagement and interaction. However, it was not associated with changes in study interest, learning strategies, or short-term perceived learning outcomes. The results suggest the ICM’s complementary role in blended learning but should be interpreted as associative due to the quasi-experimental design. Limitations include subjective measures, the short duration of the study, and limited generalizability.",scopus,llm,0.920,unreviewed,,doi:10.1186/s12909-026-09733-3
kept,Effects of the BOPPPS model combined with case-based learning on knowledge acquisition and learning engagement in undergraduate nursing students: a multi-cohort quasi-experimental study,Y. Fei,2026,BMC Medical Education,10.1186/s12909-026-09428-9,https://www.scopus.com/inward/record.uri?partnerID=HzOxMe3b&scp=105045170554&origin=inward,qualifies-claim,"Healthcare-Associated Infection (HAI) prevention is a crucial competency in nursing education but is often taught through didactic lectures with limited application. This study evaluated the effectiveness of combining the Bridge-in, Objective, Pre-assessment, Participatory Learning, Post-assessment, and Summary (BOPPPS) model with Case-Based Learning (CBL) for HAI education using a non-equivalent control group design. A quasi-experimental study with a historical control group was conducted over three consecutive academic years (2023–2025). Second-year nursing undergraduates enrolled in an elective HAI module participated. The 2023 cohort (control group, n = 21) received traditional lecture-based learning (LBL). The 2024 (n = 18) and 2025 (n = 25) cohorts (intervention group, total n = 43) received instruction redesigned using the BOPPPS framework with CBL. Knowledge acquisition was assessed via identical pre- and post-course tests, analyzed using analysis of covariance (ANCOVA) with pre-test scores as covariates. Post-course perceptions were measured using an 8-dimension, 5-point Likert-scale questionnaire. Data were analyzed following the Strengthening the Reporting of Observational Studies in Epidemiology (STROBE) guidelines adapted for educational interventions. Baseline characteristics were comparable (pre-test score: LBL = 54.00 ± 6.49 vs. BOPPPS-CBL = 52.30 ± 7.11, p = 0.360, Cohen’s d = 0.17). ANCOVA revealed that the BOPPPS-CBL group achieved significantly higher post-test scores after adjusting for baseline differences (adjusted mean = 87.19 vs. 73.61; mean difference = 13.58, 95% CI: 11.14–16.03, F(1,61) = 123.46, p < 0.001, partial eta-squared = 0.669). Within-group improvements were significant for both conditions (both p < 0.001). The intervention group reported significantly higher scores across all seven positive perception dimensions (all p < 0.001 after Bonferroni correction), including self-directed learning (4.07 ± 0.80 vs. 3.19 ± 0.68, Cohen’s d = 1.15) and teacher-student interaction (3.98 ± 0.80 vs. 2.76 ± 0.94, Cohen’s d = 1.43). Notably, they also reported higher perceived learning burden (3.98 ± 0.86 vs. 2.29 ± 0.96, p < 0.001, Cohen’s d = 1.90). Sensitivity analyses showed consistent intervention effects across the 2024 and 2025 cohorts (cohort-by-interaction p = 0.737). Qualitative feedback highlighted enhanced knowledge application and autonomous learning skills. The BOPPPS-CBL model appears to be effective in enhancing HAI knowledge acquisition and fostering positive learning engagement among undergraduate nursing students. The increased perceived cognitive effort may represent ‘productive cognitive engagement’ rather than ‘productive germane load’. This structured, active learning strategy offers a promising approach for teaching critical infection control competencies, though resource implications and design limitations warrant consideration. Institutions adopting this model should ensure rigorous case design and faculty development.",scopus,llm,0.870,unreviewed,,doi:10.1186/s12909-026-09428-9
discarded,Histogenetics in Teaching the Complexity of Developmental Biology to Dental Students: A Study Merging Traditional and Current Approaches,C.S.M. Kristoffersen,2026,Dentistry Journal,10.3390/dj14030177,https://www.scopus.com/inward/record.uri?partnerID=HzOxMe3b&scp=105033907121&origin=inward,adjacent-subtopic,"Background: Dental students need to qualify with a clear understanding of the continuum of biological development from the molecular (genetic, epigenetic and environmental interactions) to the cellular (morphogenesis and differentiation) to the emergence of the mature tissue or organ. Histogenetics provides a core component for this understanding. The aim of this study is to investigate whether a merged approach, combining traditional and recent methods, can enhance the teaching of histogenetics to dental students. Methods: This study blended traditional (lectures, drawings, microscopy) and recent approaches (flipped classroom elements, virtual microscopy, group-based poster construction, and interactive quiz-based discussion) to enhance student engagement and perceived learning in oral histogenetics. The intervention was delivered to master-level dental students across six core oral histogenetics topics. Teaching followed a structured three-phase model: Prepare (digital lectures and short microscopy-introduction videos); Engage (microscopy session and group-based poster creation); and Test and Discuss (teacher-led quizzing and discussion). Student perceptions were evaluated through an electronically distributed 17-item questionnaire at the end of the course. Items were grouped into self-evaluation, resources, and teaching method domains and rated on a five-point Likert scale. Results: A total of 45 of 51 students responded (88%). Across all domains, positive perceptions (Agree/Strongly Agree) predominated (p < 0.001). Self-evaluation items showed strong agreement for attendance and group contribution, with more variability in preparation time and motivation. Resources were rated highly, although the accessibility of physical guidance showed more mixed responses. The merged teaching method received strong endorsement, with students reporting engagement, enjoyment, ease of understanding, and clear emphasis on clinical relevance. Conclusions: The merged approach was perceived as pedagogically valuable and clinically meaningful by the students and appears to enhance perceived engagement, clarity, and relevance in oral histogenetics teaching. These findings support the adoption of blended, student-active methodologies to strengthen comprehension and promote clinically meaningful learning in oral histology.",scopus,llm,0.910,unreviewed,,doi:10.3390/dj14030177
discarded,Debunking learning styles: analyzing key predictors of academic success in dental education,K. Marwaha,2025,Advances in Physiology Education,10.1152/advan.00060.2025,https://www.scopus.com/inward/record.uri?partnerID=HzOxMe3b&scp=105009655351&origin=inward,off-topic-false-hit,"To address the ambiguity regarding learning style preferences as predictors of academic success, this study examines the relationship between learning style preferences, gender, lecture attendance, and academic performance among undergraduate dental students. Learning style preferences using the VARK questionnaire were assessed in 326 undergraduate dental students. Their gender, attendance, and academic scores were recorded to analyze correlations. The results showed that 58% of students preferred a multimodal learning style, with kinesthetic being the most common unimodal preference (23.6%). A significant correlation was found between lecture attendance and academic performance (p < 0.001), as 69.2% of students scoring below 50% were irregular attendees. However, some high-achieving (scores ≥70%) students were also irregular attendees, suggesting that self-directed study strategies may compensate for missed lectures. No significant association was observed between gender and lecture attendance or academic performance, reinforcing prior findings that multiple factors beyond gender influence academic success. Additionally, no significant correlation was found between assessed learning styles and academic performance, challenging the effectiveness of learning style-based instruction. A significant discrepancy between students assessed and perceived learning styles (p < 0.05) indicated that students may not accurately identify their learning preferences, relying instead on perceived preferences during independent study. Given these findings, adapting teaching strictly to assessed learning styles may be an inefficient use of resources. Instead, fostering active learning environments and emphasizing evidence-based study strategies may be more beneficial. These findings contribute to the ongoing discourse on learning styles and highlight the importance of research-driven educational practices in health professional education.",scopus,llm,0.980,unreviewed,,doi:10.1152/advan.00060.2025
discarded,Flipping the Final: Individualized Learning through a Teaching-Based Assessment,S.C. Lee,2025,Annual Conference on Innovation and Technology in Computer Science Education Iticse,10.1145/3724389.3730798,https://www.scopus.com/inward/record.uri?partnerID=HzOxMe3b&scp=105011823778&origin=inward,adjacent-subtopic,"Traditional final exams in introductory computer science courses often rely on one-size-fits-all testing, which may not support individual learning needs. Research on mastery learning suggests that students learn more effectively when focusing on weak areas and actively constructing knowledge. This poster presents a teaching-based final exam that promotes individualized learning. Students are assigned a challenging topic related to their weaknesses and tasked with preparing a mini-lecture, designing a quiz, and creating an exam-level problem with a rubric. This final exam shifts assessment from passive recall to active learning by requiring students to reconstruct knowledge and engage in peer instruction, reinforcing conceptual understanding. Subjective feedback on engagement, confidence, and perceived learning outcomes suggests that students found this approach more effective and engaging than traditional exams. This poster describes the design of this teaching-based assessment, shares student reflections, and discusses the implications and limitations of individualized learning in computer science education.",scopus,llm,0.930,unreviewed,,doi:10.1145/3724389.3730798
kept,Paradoxical effect of flipped classroom on nursing students' learning ability and satisfaction in a fundamental of nursing clinical course: A quasi-experimental study,M.A. Joseph,2025,Journal of Professional Nursing,10.1016/j.profnurs.2025.01.011,https://www.scopus.com/inward/record.uri?partnerID=HzOxMe3b&scp=85216664037&origin=inward,qualifies-claim,"BACKGROUND
The ""Fundamentals of Nursing"" course is crucial for equipping novice undergraduate nursing students with essential skills for their professional practice. However, a gap exists between nursing education and clinical readiness-a challenge exacerbated by the COVID-19 pandemic and issues like absenteeism in clinical sessions. The flipped classroom has been proposed as an innovative strategy to bridge this gap, offering students opportunities for self-paced learning before class and enabling more active, hands-on practice during lab sessions.


OBJECTIVES
This study aimed to evaluate the effects of the flipped classroom approach on undergraduate nursing students' knowledge retention, skill performance, self-directed learning, collaborative learning, work engagement, learning ability, and satisfaction in a Fundamentals of Nursing clinical course.


DESIGN
A non-equivalent quasi-experimental design was used to compare the flipped classroom method against traditional demonstration-based instruction within a clinical skills lab setting.


PARTICIPANTS
The study included 100 nursing students enrolled in the ""Fundamentals of Nursing"" theory and lab courses at Sultan Qaboos University, Muscat, Sultanate of Oman, during the fall and spring semesters of 2022.


METHODS
The experimental group engaged with pre-recorded video lectures, infographics, and other educational materials before class, while the control group received conventional demonstration-based instruction. Data were collected through pre-quiz and post-quiz scores, skill evaluation checklists, and surveys assessing various learning outcomes.


RESULTS
Although students in the flipped classroom group showed significantly higher pre-quiz scores, indicating better initial understanding, there was no significant difference in post-quiz scores, skill evaluation, or other measured learning outcomes compared to the control group. Unexpectedly, the flipped classroom approach had a detrimental effect on self-reported learning ability and satisfaction. Specifically, the mean scores for learning ability were 35.57 (SD = 5.30) in the flipped classroom group versus 37.89 (SD = 5.26) in the control group, with t = 2.186, p = 0.031 (95 % CI 0.21 to 4.42). Satisfaction scores in the flipped classroom were 44.35 (SD = 11.07) compared to 48.43 (SD = 7.53) in the control group, t = 2.119, p = 0.037 (95 % CI 0.26 to 7.91).


CONCLUSIONS
The flipped classroom approach did not significantly enhance most of the educational outcomes compared to traditional demonstration-based teaching. While it offers benefits in terms of adaptability to remote scenarios, its impact on self-directed learning and student satisfaction requires careful consideration and further investigation. Future research should explore its application across multiple skills and longer durations to fully ascertain its effectiveness.",scopus,llm,0.980,unreviewed,,doi:10.1016/j.profnurs.2025.01.011
kept,Active Versus Passive Learning in Large-Group Sessions in Medical School: A Randomized Cross-Over Trial Investigating Effects on Learning and the Feeling of Learning,P. Boedeker,2025,Medical Science Educator,10.1007/s40670-024-02219-1,https://www.scopus.com/inward/record.uri?partnerID=HzOxMe3b&scp=105001091240&origin=inward,supports-claim; qualifies-claim; preferens,"The evidence base for active learning in medical education is based largely on trials with suspect internal validity. We empirically compared the learning and feeling of learning of participants when in large-group interactive sessions and passive lectures using a rigorous trial capable of providing an unambiguous assessment of effect. Further, we evaluated if there was a differential effect based on prior achievement. We conducted a two-day randomized cross-over trial with 146 s-year medical students. Passive learning involved lecture-based case presentation with minimal interaction; in the large-group interactive session, students worked in teams on the same cases. Participants completed a test of learning and a feeling of learning survey. Effects were estimated using linear mixed-effects models. Participants in the large-group interactive session scored 0.27 standard deviations higher on the test of learning (p = 0.010) than when in the passive lecture. Learners in the lower 50% of prior achievement benefited most from active learning. The feeling of learning was 0.56 standard deviations higher in the large-group interactive session (p < 0.001). Transformation of passive lectures to interactive learning sessions is feasible, has the potential to close achievement gaps by benefiting the lowest achieving learners the most, and provides students a greater sense of learning than passive lectures.",scopus,llm_reviewed,0.990,confirmed,,doi:10.1007/s40670-024-02219-1
