status,title,authors,year,venue,doi,url,tags,abstract,provider,decision_source,llm_confidence,llm_review_outcome,llm_change_direction,paper_id
kept,Between lecture and flipped: The use of “labs” in the public administration classroom,T. Engbers,2019,Teaching Public Administration,10.1177/0144739419858692,https://www.scopus.com/inward/record.uri?partnerID=HzOxMe3b&scp=85068316164&origin=inward,supports-claim; qualifies-claim,"The use of applied labs has long been an established practice in the natural sciences as a means of stressing application of theoretical principles and fostering disciplinary excitement. The social sciences have seen an advent of similar problem-based approaches, but have not adopted a lab-based model. Labs offer an opportunity to use class time for purposes of application without moving fully to a flipped classroom model. This article presents the use of labs in three undergraduate public administration classes: Introduction to Public Administration, Research Design and Data Collection, and Statistics and Data Analysis. The labs are collaborative and feature both peer and instructor support. They utilized an established problem-based strategy to demonstrate the real-life applicability of academic topics (Kolb, 1984; Kramer and Schechter, 2011). Data collected from 10 sections of the courses before and after implementation show increased student satisfaction and greater self-reported learning, though the effect on academic performance is more moderated.",scopus,llm,0.880,unreviewed,,doi:10.1177/0144739419858692
kept,Measuring actual learning versus feeling of learning in response to being actively engaged in the classroom,L. Deslauriers,2019,Proceedings of the National Academy of Sciences of the United States of America,10.1073/pnas.1821936116,https://www.scopus.com/inward/record.uri?partnerID=HzOxMe3b&scp=85072644634&origin=inward,supports-claim; qualifies-claim; preferens,"Significance Despite active learning being recognized as a superior method of instruction in the classroom, a major recent survey found that most college STEM instructors still choose traditional teaching methods. This article addresses the long-standing question of why students and faculty remain resistant to active learning. Comparing passive lectures with active learning using a randomized experimental approach and identical course materials, we find that students in the active classroom learn more, but they feel like they learn less. We show that this negative correlation is caused in part by the increased cognitive effort required during active learning. Faculty who adopt active learning are encouraged to intervene and address this misperception, and we describe a successful example of such an intervention. We compared students’ self-reported perception of learning with their actual learning under controlled conditions in large-enrollment introductory college physics courses taught using 1) active instruction (following best practices in the discipline) and 2) passive instruction (lectures by experienced and highly rated instructors). Both groups received identical class content and handouts, students were randomly assigned, and the instructor made no effort to persuade students of the benefit of either method. Students in active classrooms learned more (as would be expected based on prior research), but their perception of learning, while positive, was lower than that of their peers in passive environments. This suggests that attempts to evaluate instruction based on students’ perceptions of learning could inadvertently promote inferior (passive) pedagogical methods. For instance, a superstar lecturer could create such a positive feeling of learning that students would choose those lectures over active learning. Most importantly, these results suggest that when students experience the increased cognitive effort associated with active learning, they initially take that effort to signify poorer learning. That disconnect may have a detrimental effect on students’ motivation, engagement, and ability to self-regulate their own learning. Although students can, on their own, discover the increased value of being actively engaged during a semester-long course, their learning may be impaired during the initial part of the course. We discuss strategies that instructors can use, early in the semester, to improve students’ response to being actively engaged in the classroom.",scopus,llm_reviewed,1.000,confirmed,,doi:10.1073/pnas.1821936116
discarded,Seductive details in the flipped classroom: The impact of interesting but educationally irrelevant information on student learning and motivation,J. Maloy,2019,Cbe Life Sciences Education,10.1187/cbe.19-01-0004,https://www.scopus.com/inward/record.uri?partnerID=HzOxMe3b&scp=85071740392&origin=inward,adjacent-subtopic,"In this study, we assessed the impact of providing students with short video clips highlighting the relevance of material they are learning in the genetics classroom to their everyday lives. These interesting but non–learning objective oriented clips, referred to as “seductive details,” have been studied extensively in laboratory contexts. In laboratory studies, seductive details have been shown to actually decrease learning, leading some to recommend that any information not directly pertaining to academic learning outcomes be removed from education materials. We aimed to uncover effects of seductive details in an actual college course, in a manner divorced from the confounding variation introduced by instructor-level differences in personality and lecture styles. Our results show that, in a flipped-classroom environment, seductive details do not harm students’ content attainment, interest, or perceived learning, but they are memorable. Students with high background knowledge of genetics reported greater learning after watching videos containing seductive details than students who watched equivalent videos without seductive details, but there was no difference in quiz scores between the groups. These results contradict some of the major effects observed throughout decades of studies conducted in artificial psychology laboratory environments and highlight possible affective benefits of instructors using seductive details.",scopus,llm,0.970,unreviewed,,doi:10.1187/cbe.19-01-0004
kept,"Learning with technology in physiotherapy education: Design, implementation and evaluation of a flipped classroom teaching approach",Y. Røe,2019,BMC Medical Education,10.1186/s12909-019-1728-2,https://www.scopus.com/inward/record.uri?partnerID=HzOxMe3b&scp=85070867540&origin=inward,supports-claim,"The purpose of the study was to describe the design, implementation and evaluation of a flipped classroom teaching approach in physiotherapy education. The flipped classroom is a blended learning approach in which students receive digital lectures as homework, while active learning activities are used in the classroom. Flipped classroom teaching enables a learning environment that aims to develop higher-order cognitive skills. The study design was a historically controlled, prospective, cohort study. An eight week theoretical course on musculoskeletal disorders was redesigned, moving from a conventional approach to a flipped classroom model. Pre-class learning material consisted of about 12 h of video lectures and other digital learning resources that were split up over the duration of the course. In-class activities consisted of seven full-day seminars where students worked in groups in order to solve problem-based assignments. The assignments were designed to reflect authentic clinical problems and required critical thinking and reasoning. Outcomes were measured with course-grades and compared with historical controls of conventional teaching, using descriptive statistics. Self-perceived learning outcomes and students’ experiences were also collected in a survey. Fifty-one students passed the course exam, two failed and one did not attend (n = 54). The share of students with Excellent, Very good and Good (ABC) performances increased by more than 10% relative to any previous year. In addition, Satisfactory, Sufficient and Failed performances (DEF) decreased by more than 10%. Almost two thirds of the students preferred the flipped classroom approach as compared with conventional teaching. Interaction with peers and educators, and flexibility, were the most positive factors that were reported by students. Long seminars, time-constraints and low motivation with respect to preparation and educators’ roles were the most common complaints. A flipped classroom approach in physiotherapy education resulted in improved student performances in this professional programme, when compared with conventional teaching. Students responded positively to the collaborative learning environment, especially with respect to the associated autonomy and flexibility. There were indicators that all groups did not work optimally and that accountability to other group members did not always ensure pre-classroom preparations.",scopus,llm,0.940,unreviewed,,doi:10.1186/s12909-019-1728-2
discarded,Flipped classroom pedagogy: Using pre-class videos in an undergraduate business information systems management course,A. Das,2019,Education and Training,10.1108/ET-06-2018-0133,https://www.scopus.com/inward/record.uri?partnerID=HzOxMe3b&scp=85069543383&origin=inward,adjacent-subtopic,"PurposeThe purpose of this paper is to illustrate the implementation of the flipped classroom method in teaching the course and to investigate the student’s perceived helpfulness, learning outcomes and satisfaction in respect of the pre-class learning videos.Design/methodology/approachPre-class learning videos were integrated into a course to encourage students to acquire knowledge before lectures and workshops. Having completed the flipped classroom, a delivery questionnaire containing all items was distributed to all of the participants. The data collected were analysed statistically, using a structured equation modelling technique.FindingsFindings indicate that the perceived quality of experience of using videos before lectures and workshops has a positive influence on the perceived helpfulness of the pre-class learning videos. Furthermore, the perceived helpfulness of the pre-class learning videos has a positive effect of the acquisition perceived learning outcomes. The perceived helpfulness of the pre-class learning videos also has a positive impact on the student satisfaction with the course. Finally, there is a positive and causal relationship between the perceived learning outcomes and student’s satisfaction with the course.Originality/valueAnalysis reveals that the learning process and student satisfaction are improved by using pre-class learning videos.",scopus,llm,0.950,unreviewed,,doi:10.1108/et-06-2018-0133
kept,Undergraduates’ satisfaction and perceptions of learning outcomes across teacher- and learner-focused pedagogies,P. Garnjost,2019,International Journal of Management Education,10.1016/j.ijme.2019.03.004,https://www.scopus.com/inward/record.uri?partnerID=HzOxMe3b&scp=85064181307&origin=inward,refutes-claim; qualifies-claim,"Abstract With the marketisation of higher education, student satisfaction and perceived learning outcomes have become popular measures of the quality of education. Significant pressure is placed on faculty to increase these measures by delivering engaging and effective classes. The current study compares four different learner-focused pedagogies (problem based, service learning, flipped classroom, and project based) to lecture (teacher-focused pedagogy) with regard to student satisfaction and perceived learning outcomes. Undergraduate business students from a northeastern university in the U.S. assessed their learning on four outcomes: knowledge acquisition, problem solving, critical thinking, and self-directed learning, as well as their overall satisfaction with a particular pedagogy. Of the four learner-focused pedagogies, only project based learning was perceived to have a significant impact on problem solving and knowledge acquisition as compared to lecture. Project based learning did not significantly impact critical thinking or self-directed learning compared to lecture. There were no significant differences in perceived learning outcomes between all other pedagogies compared to lecture. Additionally, students indicated no significant differences in satisfaction across lecture, problem based learning, service learning, and flipped classroom. Student satisfaction was significantly higher with project based learning.",scopus,llm,0.970,unreviewed,,doi:10.1016/j.ijme.2019.03.004
kept,Exploring how medical students learn during clinical rotations: a pilot study with a mobile application,Y. Zhao,2019,Health and Technology,10.1007/s12553-019-00305-8,https://www.scopus.com/inward/record.uri?partnerID=HzOxMe3b&scp=85065742448&origin=inward,qualifies-claim,"Student engagement is an indicator that correlates with the overall quality of learning. Strategies such as the flipped-classroom approach aim to increase student engagement, but new learning designs require careful consideration in terms of how they are experienced by students and whether they mediate an enhanced learning experience. The study aimed to explore how student learning behaviour and well-being changed with a transition in learning design from the traditional lecture-based approach to a flipped-classroom approach. Students were recruited during three eight-week Child and Adolescent Health blocks of a four-year graduate-entry medical program. Students were invited to use the myStudyMate app as a daily activity tracker for one week, completing daily reports on perceived learning quality and physical and emotional well-being. There were 38 student participations in the study. Results show that most students had a healthy balanced day. Students spent more time studying online than reading prescribed textbooks, which was most pronounced during the lecture week using the flipped classroom approach. With the flipped classroom approach, students spent more time examining patients (0.51 h in traditional versus 1.18 h in flipped classroom p = 0.02) and taking patient histories (0.31 h in traditional versus 0.71 h in flipped classroom p = 0.03). Qualitative results emphasized the value of knowledgeable and enthusiastic educators who involved students in patient care and provided constructive feedback. In general, the study also demonstrated feasible use of a mobile application as a learning activity tracker to understand students' learning behaviour. Integration of the myStudyMate app with the existing learning management systems has been identified as one potential avenue for future research.",scopus,llm,0.840,unreviewed,,doi:10.1007/s12553-019-00305-8
discarded,Flipped classroom and emotional learning in an engineering leadership development course,D.H. Lang,2018,ASEE Annual Conference and Exposition Conference Proceedings,,https://www.scopus.com/inward/record.uri?partnerID=HzOxMe3b&scp=85051212232&origin=inward,adjacent-subtopic,,scopus,llm,0.760,unreviewed,,hash:b3c2823f13c88bdb
kept,The relative effect of team-based learning on motivation and learning: A self-determination theory perspective,L.M. Jeno,2017,Cbe Life Sciences Education,10.1187/cbe.17-03-0055,https://www.scopus.com/inward/record.uri?partnerID=HzOxMe3b&scp=85035076890&origin=inward,supports-claim,"A quasi-experimental study tested the effect of lecture-based courses and team-based courses on students’ motivation and learning. The results show that students in general were more autonomously motivated and competent in the team-based courses, relative to the lecture-based courses, but also less amotivated and more externally regulated.",scopus,llm,0.910,unreviewed,,doi:10.1187/cbe.17-03-0055
discarded,Faculty development and patterns of student grouping in flipped classrooms enabled by personal instrumentation,K.A. Connor,2017,ASEE Annual Conference and Exposition Conference Proceedings,,https://www.scopus.com/inward/record.uri?partnerID=HzOxMe3b&scp=85030551882&origin=inward,adjacent-subtopic,,scopus,llm,0.910,unreviewed,,hash:0a86fe343d473f86
kept,"Active learning, cooperative active learning, and passive learning methods in an accounting information systems course",J. Riley,2017,Issues in Accounting Education,10.2308/iace-51366,https://www.scopus.com/inward/record.uri?partnerID=HzOxMe3b&scp=85018345891&origin=inward,supports-claim; qualifies-claim,"ABSTRACT We report the results of a study to examine the effectiveness of active versus passive learning methods in the accounting information systems area. Two groups of students completed an assignment under two active learning conditions (individual and cooperative), while a third group covered the same topic in a passive lecture. Our findings indicate support for active learning, measured through student performance on exam questions and student feedback on a questionnaire. However, compared to passive learners, we find significantly improved exam performance only for students who work individually in an active environment. Students in the cooperative active environment posted exam scores that were not statistically different from passive participants' scores. Students in both individual and cooperative active environments reported positive feedback on satisfaction, perceived learning, and effectiveness of the method. We conclude that active learning enhances student outcomes, particularly for those who work individually. Data Availability: Data are available upon request.",scopus,llm,0.990,unreviewed,,doi:10.2308/iace-51366
discarded,Combining traditional anatomy lectures with e-learning activities: how do students perceive their learning experience?,L. Lochner,2016,International Journal of Medical Education,10.5116/ijme.56b5.0369,https://www.scopus.com/inward/record.uri?partnerID=HzOxMe3b&scp=85009930494&origin=inward,adjacent-subtopic,"Objectives The purpose of this study was to investigate how students perceived their learning experience when combining traditional anatomy lectures with preparatory e-learning activities that consisted of fill-in-the-blank assignments, videos, and multiple-choice quizzes. Methods A qualitative study was conducted to explore changes in study behaviour and perception of learning. Three group interviews with students were conducted and thematically analysed. Results Data was categorized into four themes: 1. Approaching the course material, 2. Understanding the material, 3. Consolidating the material, and 4. Perceived learning outcome. Students appreciated the clear structure of the course, and reported that online activities encouraged them towards a first engagement with the material. They felt that they were more active during in-class sessions, described self-study before the end-of-term exam as easier, and believed that contents would remain in their memories for a longer time. Conclusions By adjusting already existing resources, lectures can be combined fairly easily and cost-effectively with preparatory e-learning activities. The creation of online components promote well-structured courses, can help minimize ‘student passivity’ as a characteristic element of lectures, and can support students in distributing their studies throughout the term, thus suggesting enhanced learning. Further research work should be designed to confirm the afore-mentioned findings through objective measurements of student learning outcomes.",scopus,llm,0.930,unreviewed,,doi:10.5116/ijme.56b5.0369
kept,Student-perceived effectiveness of online content delivery modes,J.S. Mullen,2015,Proceedings Frontiers in Education Conference Fie,10.1109/FIE.2015.7344335,https://www.scopus.com/inward/record.uri?partnerID=HzOxMe3b&scp=84960393575&origin=inward,qualifies-claim,"This Work In Progress focuses on student perceptions of the effectiveness of three content delivery modes; a) traditional, residential in-class b) class capture for asynchronous online delivery, and c) modularized targeted content videos for online and blended or flipped classroom mode. Despite the growth of MOOCs and the concomitant shift from long lecture videos to learning modules, many online courses still rely on a class capture method. A recent study on video use by students in online courses recommends the use of short videos, six to nine minutes in length, based on student viewing habits. [1] The student behavior was inferred from click-stream data captured within the LMS but there was no direct interaction with students to gauge impressions of the content delivery or impact on learning. To improve both the residential and online experience requires a deeper understanding of those features which promote learning in each approach. Some of this understanding can be gleaned from traditional academic course evaluations, but student perceptions yield an additional level of understanding. For this study we analyzed data from multiple offerings of a 7-week graduate level numerical analysis course; Application of Finite Element Analysis. Over three years this course was offered residentially and online using multiple delivery modes. We categorize the delivery modes as Traditional, Class-Capture, and Modularized/Blended. Each student studied the material using one delivery mode and was then asked to review the material using another delivery mode. The students were asked to evaluate the perceived learning attained based on their original content delivery mode and the alternate mode. The feedback from this analysis, combined with traditional course evaluations will be used to develop a more comprehensive and objective survey to be used in the next round of courses.",scopus,llm,0.780,unreviewed,,doi:10.1109/fie.2015.7344335
