status,title,authors,year,venue,doi,url,tags,abstract,provider,decision_source,llm_confidence,llm_review_outcome,llm_change_direction,paper_id
discarded,Contemporary perspectives and debates in student ultrasound education: exploring didactic elements and theoretical aspects,F. Recker,2026,BMC Medical Education,10.1186/s12909-026-09089-8,https://www.scopus.com/inward/record.uri?partnerID=HzOxMe3b&scp=105042627188&origin=inward,adjacent-subtopic,"Medical ultrasound education is evolving, embracing various teaching methods such as classical, e-learning, and hands-on approaches. The integration of ultrasound into medical school curricula has highlighted the importance of blended learning, although there is limited literature on specific learning theories and pedagogical concepts. Medical ultrasound learning is unique, requiring psychomotor and technical skills in probe handling, anatomical and clinical knowledge, and cognitive abilities for image interpretation. A review of literature in a systematic way was conducted across multiple databases, including PubMed, Embase, and Scopus, using predefined search terms such as “ultrasound education,” “e-learning,” “simulation-based ultrasound,” and “peer-assisted learning ultrasound.” The search targeted studies focusing on undergraduate medical education and ultrasound instruction. Following duplicate removal, two independent reviewers screened titles and abstracts, with eligible full-text articles assessed against inclusion criteria. Studies were included if they addressed didactic ultrasound teaching methods and reported on educational outcomes relevant to medical students or trainees. The inverted classroom approach, where preparatory material is studied before class, was effective in ultrasound education. Blended learning, an educational approach that combines traditional classroom instruction with online learning activities and resources, enhanced both cognitive understanding and practical skills. Simulation-based training emerged as valuable, providing safe environments for learning and is applicable across pre-clinical and clinical phases. The study also assessed the advantages and limitations of simulation-based training and e-learning. The paper highlights the need for diverse teaching methodologies in ultrasound education. It emphasizes that while traditional methods may be cost-effective, modern approaches, such as blended learning and simulation-based training, offer more engaging, practical, and efficient learning experiences. Integrating these methods within existing curricula enhances ultrasound training quality, advocating for an interdisciplinary and technologically adapted approach. The study concludes that a blend of traditional and contemporary teaching methods, including e-learning and simulation, is essential for effective ultrasound education in medical studies. Adapting to technological advancements and diverse learning styles is crucial in preparing students for modern healthcare demands.",scopus,llm,0.950,unreviewed,,doi:10.1186/s12909-026-09089-8
kept,"Effects of problem-based learning and flipped classroom educational methods on patient safety knowledge, attitudes and skills among nursing students: A systematic review and network meta-analysis",S. Sarmadi,2026,Nurse Education in Practice,10.1016/j.nepr.2026.104971,https://www.scopus.com/inward/record.uri?partnerID=HzOxMe3b&scp=105051607279&origin=inward,qualifies-claim,"AIM
To compare the effects of problem-based learning (PBL) and flipped classroom (FC) on patient safety knowledge, attitudes and skills among undergraduate nursing students.


BACKGROUND
Patient safety is central to healthcare quality and nursing education is essential for developing safety competencies. PBL and FC are widely used active pedagogies, but their head-to-head comparative effectiveness remains uncertain.


DESIGN
Systematic review and network meta-analysis conducted according to PRISMA-NMA guidelines (PROSPERO: CRD420261280066).


DATA SOURCES
PubMed, Scopus, Web of Science, Embase, CINAHL and Cochrane Library were searched from inception to 6 January 2026, supplemented by Google Scholar, trial registries and reference screening.


METHODS
Interventional studies comparing PBL or FC with conventional education were eligible. Risk of bias was assessed using RoB 2 and ROBINS-I and certainty using CINeMA. Random-effects frequentist network meta-analyses were performed using netmeta in R.


RESULTS
Thirteen studies involving 979 participants were included, with eight contributing to the network meta-analysis. FC improved knowledge (SMD = 1.06, 95% CI 0.40-1.72) and skill (SMD = 0.92, 95% CI 0.35-1.49), but not attitude (SMD = 0.33, 95% CI -0.30 to 0.95). PBL ranked highest across all three domains (P-scores of 0.73-0.96), although each PBL estimate was based on a single study. Heterogeneity was substantial and certainty ranged from low to very low.


CONCLUSION
At low to very low certainty, FC and PBL may enhance patient safety knowledge and skill, whereas effects on attitudes remain uncertain. Because no head-to-head trial exists, no firm ranking of the two pedagogies is currently possible; adequately powered direct comparisons are needed.


REGISTRATION
The systematic review protocol has been successfully registered in the International Prospective Register of Systematic Reviews (PROSPERO; CRD420261280066).",scopus,llm,0.960,unreviewed,,doi:10.1016/j.nepr.2026.104971
discarded,Effects of science education on computational thinking: A meta-analysis,G. Kıyıcı,2026,European Journal of Science and Mathematics Education,10.30935/scimath/18904,https://www.scopus.com/inward/record.uri?partnerID=HzOxMe3b&scp=105044030964&origin=inward,off-topic-false-hit,"This meta-analysis provides a comprehensive overview of the findings of studies in science education conducted between 2006 and 2021 (April) to improve computational thinking. The research process began with a literature review and the establishment of eligibility criteria. Following this, a coding form was developed to ensure the reliability of the coding, a pilot coding process was conducted, and the coding form and coding guide were finalized. This process concluded with data analysis, evaluation of findings, and reporting (investigator coding and parallel coding). The overall mean effect size (d = 0.714) for the 32 primary studies that met the inclusion criteria resulted in a moderate effect. Additionally, many moderator variables were determined (publication type, language, country, the status of the pilot study, year of publication, method, design, model, sampling method of the study group, the demographic structure of the study group, school type of study group, application research area, duration of application, the person performing the application, using the computer, coding, robotics, algorithm and flipped classroom method in the application, type of measurement tool, and the person who developed the measurement tools). Finally, an in-depth discussion of how these variables identified as moderators relate to their effectiveness was included.",scopus,llm,0.970,unreviewed,,doi:10.30935/scimath/18904
kept,Exploring flipped classrooms in undergraduate anatomy and physiology courses: a systematic review,M.L. Hearns,2026,Advances in Physiology Education,10.1152/advan.00223.2025,https://www.scopus.com/inward/record.uri?partnerID=HzOxMe3b&scp=105041351016&origin=inward,supports-claim; qualifies-claim,"We conducted a systematic review to investigate the effect of implementing flipped classroom designs on academic performance and student satisfaction in undergraduate anatomy and physiology courses. We used the Preferred Reporting Items for Systematic Reviews and Meta-Analyses (PRISMA) framework and searched databases (EBSCO Medline and EBSCO Eric) with the terms ""flip* class,"" ""anatomy,"" and ""physiology."" Original research articles were limited to peer-reviewed, quantitative, and/or mixed-methods studies published between 2010 and 2025. Three main themes emerged from the 11 articles reviewed, including positive gains in academic performance (n = 10/11 studies reporting; 91% studies) and student satisfaction (n = 10/11 studies reporting; 91% studies). While low effect sizes were found in most studies, none of these studies reported a negative effect for flipped classroom interventions. Structured teaching strategies and curriculum design appear to be important determinants of performance and satisfaction. Studies on flipped classrooms in undergraduate anatomy and physiology courses indicated positive changes in academic performance and student satisfaction linked to a well-designed curriculum. Methodological limitations in the studies reviewed include the absence of demographic analysis, minimal or absent descriptions of flipped classroom curriculum design, inadequate data reporting, and the absence of randomized comparison groups. Future research needs to focus on refining and standardizing the quality of preclass materials and exploring strategies to enhance student compliance and engagement with preclass content. Additional studies could all focus on identifying the factors that contribute to both the successes and limitations of the flipped classroom, particularly in complex courses such as anatomy and physiology, where unique challenges may arise.NEW & NOTEWORTHY Our systematic review shows that flipped classrooms in undergraduate anatomy and physiology courses can boost academic performance and student satisfaction, especially when paired with well-structured curriculum design. These findings highlight both the promise of flipped learning and the need for stronger, more consistent research in this area.",scopus,llm,0.980,unreviewed,,doi:10.1152/advan.00223.2025
kept,Impact of flipped classrooms on higher education student outcomes: A second-order meta-analysis,A.M. Uzun,2026,Studies in Educational Evaluation,10.1016/j.stueduc.2026.101653,https://www.scopus.com/inward/record.uri?partnerID=HzOxMe3b&scp=105044817684&origin=inward,supports-claim; qualifies-claim,"Although current theoretical models and empirical studies have clarified the mechanisms of the flipped classroom, its overall effectiveness remains contested. This study examined the impact of the flipped classroom (FC) on student outcomes in higher education. A second-order meta-analysis was performed on 25 first-order metaanalyses. A random-effects model was employed for the statistical analysis. The overall effect of FC on student outcomes was moderate (ES = 0.75; 95% CI [0.62, 0.87]). The effect size varied across contexts, as indicated by significant heterogeneity and moderation by discipline, geographical location, research design, sample size, and number of primary studies. FC effects may vary across student outcome categories, although this pattern should be interpreted with caution due to potential dependence among subgroup estimates. We conclude that FC is an effective pedagogical approach in higher education, although the magnitude of its effect depends on contextual and methodological conditions.",scopus,llm,0.990,unreviewed,,doi:10.1016/j.stueduc.2026.101653
discarded,"Artificial Intelligence-Supported Flipped Learning and Academic Achievement: A Systematic Review and Meta-Analysis with Implications for Sustainable, Quality Education",Ş. Balat,2026,Sustainability Switzerland,10.3390/su18178715,https://www.scopus.com/inward/record.uri?partnerID=HzOxMe3b&scp=105050319124&origin=inward,adjacent-subtopic,"This study meta-analyzed the incremental contribution of artificial intelligence (AI) to flipped learning on students’ academic achievement, relative to flipped learning without AI. Following a protocol registered on the Open Science Framework (OSF), systematic searches were conducted in Web of Science and Scopus, supplemented by an ERIC search, with coverage through 25 July 2026; eligible studies used experimental or quasi-experimental designs comparing an AI-supported flipped condition with a matched non-AI flipped comparator on an academic-achievement outcome. Applying the comparator criterion strictly, ten studies (two randomized controlled trials and eight quasi-experimental studies; N = 937 learners) met all criteria; one further study whose comparator was conventional, non-flipped instruction was excluded from the primary analysis and retained only as a sensitivity check. Using Hedges’ g in a random-effects model (REML with the Knapp–Hartung adjustment), the pooled effect was positive, moderate and statistically significant: g = 0.67, 95% CI [0.32, 1.02], t(9) = 4.36, p = 0.002. Heterogeneity was substantial (I2 = 64.6%, τ2 = 0.086) and the 95% prediction interval ranged from −0.10 to 1.43, indicating that the true effect in a new setting could plausibly be large or close to negligible. Egger’s test was statistically significant (t = 3.25, p = 0.01), consistent with a small-study effect; excluding studies with fewer than 15 participants per arm attenuated the estimate to g = 0.53. Because the comparator was itself flipped learning, this estimate approximates the incremental contribution of the AI component rather than the combined effect of AI and the flipped model. Overall certainty of the evidence (GRADE) was low. AI can add value to flipped learning, but the benefit is conditional on implementation quality and context rather than an inherent property of the technology, and the findings should be read with caution given a small, heterogeneous and partly small-study-influenced evidence base.",scopus,llm,0.970,unreviewed,,doi:10.3390/su18178715
discarded,Meta-Analysis of Effectiveness of Pedagogical Innovations Involving Technology in Organic Chemistry Education in Developing Students’ Academic Performance,S.O. Si̇vri̇kaya,2026,Journal of Chemical Education,10.1021/acs.jchemed.5c00870,https://www.scopus.com/inward/record.uri?partnerID=HzOxMe3b&scp=105031485124&origin=inward,adjacent-subtopic,"Because organic chemistry asks students to use visual and spatial thinking skills (e.g., three-dimensional structures of molecules) and comprehend various chemical reactions and mechanisms, it naturally needs pedagogical innovations involving technology to result in better academic performance. However, none of the previous studies has investigated the extent to which these pedagogical innovations are effective in improving students’ academic performance of organic chemistry education. This study aims to meta-analytically assess the effectiveness of the pedagogical innovations involving technology in organic chemistry education in developing students’ academic performance. The current meta-analysis handled 26 studies as the corpus of the data retrieved from the database and manual search. The authors initially coded the studies via a template form and inserted all statistical data from a Microsoft Excel sheet into Comprehensive Meta-Analysis (CMA V2) statistics software to calculate Hedges’ g for the corpus data. The findings pointed to the large effect for the overall effect size ( g = 0.973). Also, it was found that only subgroups for the use of technological tools within the moderator variable “type of pedagogical innovations involving technology” played a significant role at predicting the students’ academic performance as a result of the treatments. In light of the findings, it can be inferred that the pedagogical innovations involving technology in organic chemistry education are more effective and fruitful in developing the students’ academic performance than nontechnology-based control groups. Further, the current meta-analysis study concludes that high school (for educational level), flipped classroom (for the pedagogical models including technology), digital media (for the use of technological tools), and short-term treatment (for implementation duration) act as the most effective variables to learn organic chemistry via the pedagogical innovations. Future research should focus on other individual and moderator variables to offer more adaptive alternatives for the use of chemistry teachers and lecturers.",scopus,llm,0.930,unreviewed,,doi:10.1021/acs.jchemed.5c00870
kept,Flipped classrooms and misconceptions in biology: a systematic review,O.S. Mwazi,2026,SN Social Sciences,10.1007/s43545-025-01298-0,https://www.scopus.com/inward/record.uri?partnerID=HzOxMe3b&scp=105029452761&origin=inward,qualifies-claim,,scopus,llm,0.700,unreviewed,,doi:10.1007/s43545-025-01298-0
kept,Impact of the Flipped Classroom on Medical Education: A Systematic Review with Meta-Analysis,C.A. Andrade-Castellanos,2026,Revista Medica De Chile,10.4067/s0034-98872026000100001,https://www.scopus.com/inward/record.uri?partnerID=HzOxMe3b&scp=105034618886&origin=inward,qualifies-claim,"The flipped classroom is a pedagogical model that fosters active learning by transferring theoretical content to a virtual environment. In medical education, this approach aims to enhance student engagement and promote the development of higher-order cognitive skills. While its implementation has demonstrated benefits, the existing evidence has predominantly focused on health sciences students in general rather than specifically on medical students, with most studies being non-experimental and published in English.


AIM
To evaluate the impact of the flipped classroom compared to the traditional classroom model through a meta-analysis of randomized controlled trials.


METHODS
A comprehensive search was conducted across seven databases up to March 2025, in accordance with PRISMA guidelines. Randomized controlled trials comparing the flipped classroom to traditional teaching methods in medical students were included. The analysis was performed using RevMan 5.4 software, applying standardized mean differences (SMDs) within a random-effects model.


RESULTS
A total of 40 studies met the inclusion criteria. The meta-analysis revealed that the flipped classroom significantly enhances theoretical knowledge (SMD= 0.99; 95% CI: 0.76-1.22) and practical skills (SMD= 1.34; 95% CI: 0.88-1.89) in medical students. However, no statistically significant difference was observed in student satisfaction (SMD= 0.54; 95% CI: -0.03-1.11).


CONCLUSION
The flipped classroom model was associated with significant improvements in medical students' knowledge and practical skills; however, considerable heterogeneity was observed among the analyzed studies. No clear impact on student satisfaction was found.",scopus,llm,0.960,unreviewed,,doi:10.4067/s0034-98872026000100001
kept,Flipped classroom and learning outcomes: a second-order meta-analysis,W. Wang,2026,Educational Technology Research and Development,10.1007/s11423-026-10686-z,https://www.scopus.com/inward/record.uri?partnerID=HzOxMe3b&scp=105046333511&origin=inward,supports-claim; qualifies-claim,"Since the beginning of the twenty-first century, the flipped classroom, as an innovative teaching model, has garnered widespread attention. However, most previous meta-analyses have focused solely on its effects on learning outcomes within a single domain, and the reported effect sizes have exhibited considerable inconsistency. This study employed a second-order meta-analysis, integrating 50 first-order meta-analyses and yielding 75 effect sizes of the flipped classroom on student learning outcomes. It systematically examined variations in the model's effectiveness across different types of learning outcomes, disciplines, and instructional contexts. The results showed that the flipped classroom significantly improves students' academic performance, cognitive ability, and non-cognitive ability. Additionally, the study revealed significant heterogeneity in effect sizes and identified significant differences across disciplines and learning levels. Meta-regression analysis indicated that the moderating effect of learning level was no longer significant in the multivariate model, whereas discipline remained a significant moderator of the flipped classroom's effect sizes. The effect sizes for language learning and public health were higher than those for other disciplines, suggesting that discipline may be more fundamental than learning level, and that the differences in effect sizes by learning level may stem from a structural overlap in the distribution of disciplines.",scopus,llm,0.990,unreviewed,,doi:10.1007/s11423-026-10686-z
kept,Effectiveness of Flipped Classroom and Traditional Didactic Classroom in Paediatric Dentistry Education—A Systematic Review With Meta-Analysis of Randomised Controlled Trials,R.M. Shetty,2026,European Journal of Dental Education,10.1111/eje.70306,https://www.scopus.com/inward/record.uri?partnerID=HzOxMe3b&scp=105050612930&origin=inward,qualifies-claim,"INTRODUCTION
The flipped classroom (FC) is a contemporary teaching strategy that has gained considerable attention in recent years. This model relies on technology-based resources, including videos and handouts, to deliver illustrative content and core subject material to learners. Given the current emphasis on enhancing both undergraduate and postgraduate education, it is imperative to evaluate the usefulness of FC in the field of paediatric dentistry.


AIM
To compare the effectiveness of the FC with the didactic classroom in paediatric dentistry education.


METHODOLOGY
This systematic review and meta-analysis adhered to the PRISMA 2020 guidelines. A comprehensive search was conducted in PubMed, Scopus and EBSCOhost databases. Titles and abstracts were screened, and relevant data were extracted using a standardised form. The revised Cochrane risk of bias tool (RoB 2.0) was applied. A fixed-effects meta-analysis using standardised mean difference (Hedges' g) was performed for studies comparing flipped and traditional teaching methods.


RESULTS
