status,title,authors,year,venue,doi,url,tags,abstract,provider,decision_source,llm_confidence,llm_review_outcome,llm_change_direction,paper_id
discarded,Redefining learning strategies in SRL for student's achievements in flipped classrooms,"Maiti, Monica; Priyaadharshini, M.",2026,FRONTIERS IN COMPUTER SCIENCE,10.3389/fcomp.2026.1770049,https://www.webofscience.com/wos/woscc/full-record/WOS:001754901600001,adjacent-subtopic,"Flipped classrooms require learners to actively regulate their learning processes, yet the relationships among self-regulated learning (SRL), engagement, social-emotional intelligence (SEI), and academic performance remain insufficiently integrated within learning analytics research. This study examined 96 third-year Computer Science and Engineering students enrolled in a semester-long Database Management Systems course implementing a flipped SRL framework. A mixed-methods approach was used to analyse academic performance across Continuous Assessment Tests 1 and 2 (CAT 1, CAT 2) and Final Assessment Test (FAT), engagement analytics from Microsoft Teams, SEI survey responses, affective indicators through Reflect app and machine learning models to explore associative and predictive relationships among these constructs. Results indicated strong positive associations between SRL behaviours, engagement, and final assessment outcomes, with engagement partially explaining the relationship between SRL and performance. Correlation and clustering analyses revealed alignment among self-regulation, cognitive engagement, and emotional competencies, while predictive modelling (XGBoost, R2 = 0.83) demonstrated that SRL-related indicators effectively model academic performance patterns. Overall, the findings provide theoretically informed evidence of meaningful associations among cognitive, behavioural, and emotional regulation processes in flipped learning environments, highlighting the value of integrating SRL theory with learning analytics for data-informed instructional design in higher education.",wos,llm,0.800,unreviewed,,doi:10.3389/fcomp.2026.1770049
kept,Effects of an Integrated ARCS-Flipped Model on Technology-Enhanced Chinese Listening and Motivation,"Yu, Jing; Petsangsri, Sirirat",2026,INTERNATIONAL JOURNAL OF INSTRUCTION,10.29333/iji.2026.19216a,https://www.webofscience.com/wos/woscc/full-record/WOS:001735137800017,supports-claim; qualifies-claim,"This quasi-experimental study, grounded in the need to explore effective pedagogical models in Teaching Chinese as a Foreign Language (TCFL), examined the impact of integrating the ARCS motivation model with a flipped classroom approach on international students' Chinese listening proficiency and motivation. 49 undergraduates from a medical program were assigned to either an experimental group (ARCS-flipped model, n = 24) or a control group (traditional instruction, n = 25). Both groups completed HSK Level 3 listening pre- and posttests and a post-intervention ARCS motivation questionnaire. MANOVA results showed that the experimental group significantly outperformed the control group in listening scores, confirming the effectiveness of the integrated model. Regarding motivation, the experimental group showed slightly higher means in confidence and attention; however, compared to expectations, ARCS overall motivation was not significantly different, possibly due to high initial motivation and ceiling effects. Correlation analyses revealed positive links between motivation and listening performance in both groups, varying by dimension and instructional context. The findings support the value of combining ARCS motivational design with flipped learning in Teaching Chinese as a Foreign Language (TCFL) and emphasize the need for adaptive, learner-centered strategies to sustain motivation.",wos,llm,0.980,unreviewed,,doi:10.29333/iji.2026.19216a
kept,Effectiveness of artificial intelligence chatbot-assisted flipped learning on patient handover for nursing students: A mixed-methods study,"Chang, Wen; Lin, Chun-Chih; Lee, Hsiang-Chun; Juan, Yeh-Chun; Xu, Hui (grace); Chen, Li-Chin; Han, Chin-Yen",2026,NURSE EDUCATION IN PRACTICE,10.1016/j.nepr.2026.104787,https://www.webofscience.com/wos/woscc/full-record/WOS:001718174800001,qualifies-claim,"Aims To evaluate the learning outcomes of an artificial intelligence (AI) chatbot-assisted flipped learning program in relation to students' patient handover knowledge, oral performance, learning perceptions, attitudes and learning experiences. Background Effective handover communication is essential for patient safety. However, nursing students often lack structured, theory-informed training in this process. Integration of AI chatbot-assisted flipped learning has potential to enhance handover competencies. Design Convergent mixed-methods design. Methods A quasi-experimental design and focus group interviews were used. Quantitative data were collected during pre- and post-tests to measure knowledge, learning perceptions and attitudes and via a rubric assessing oral performance. Qualitative data were obtained through focus group interviews exploring students' experiences with chatbot-assisted learning. Results A total of 112 nursing students was recruited. The experimental group (n = 58) scored significantly higher than the control group (n = 54) on knowledge (p = 0.016). The experimental group scored higher on practical performance than the control group (p < 0.001). Focus group interviews revealed four themes in learning experiences: chatbots as a double-edged sword for learning; enhancing motivation and engagement; bridging theoretical gaps and expanding cognitive boundaries; and connecting classroom knowledge with clinical scenarios. The core theme emphasizes critical thinking to enhance technology-assisted collaborative learning. Conclusions AI chatbot-assisted flipped learning effectively improved students' handover competency. Integration of the AI chatbot promoted reflective learning. The study presents an innovative strategy for preparing students for clinical communication.",wos,llm,0.860,unreviewed,,doi:10.1016/j.nepr.2026.104787
discarded,An Innovative Journal Club Approach to Enhance the Scientific Skills of Medical Students: A Pilot Evaluation Study,"Lemmer, Peter; Hoffleit, Antje; Heucke, Niklas; Al-Dubai, Marwa; Bekfani, Tarek; Vinca, Laurin; Plaumann, Markus; Keitel-Anselmino, Verena; Apfelbacher, Christian; Buntrock, Claudia",2026,JOURNAL OF MEDICAL EDUCATION AND CURRICULAR DEVELOPMENT,10.1177/23821205261427290,https://www.webofscience.com/wos/woscc/full-record/WOS:001704426100001,off-topic-false-hit,"Introduction To deliver evidence-based care, medical professionals must be able to critically appraise scientific literature, a skill often underemphasized in traditional medical education.Methods Supported by the teaching commission of the Medical Faculty of Otto-von-Guericke-University Magdeburg, a novel didactic approach was developed, integrating elements of a Journal Club (JC) with e-learning modules, supervised by a mentor. This approach aims to deepen and apply scientific skills acquired in earlier stages of medical education. Final-year medical students independently select, critically evaluate, and present a scientific paper in a JC that is related to a specific patient. Simultaneously, they are required to complete six online modules (including an orientation module) covering the topics evidence-based clinical practice, literature search, Critical Appraisal Skills Program, basic statistical analysis, and effective presentation skills.Results In the pilot phase, 25 students and five mentors participated, with 20 students and four mentors completing the evaluation. Students rated the teaching project as relevant (mean 2.4, scale 1 - 4) but expressed mixed views on its suitability for final year (mean 2.5). Self-assessment scores improved across all five learning outcomes, with notable increases in students' confidence to evaluate clinical relevance and study strengths/weaknesses. Digital modules were rated as comprehensible (scores 1.5 - 2.0) and useful for JC preparation (scores 2.1 - 2.6). The overall teaching project received a mean rating of 2.8 (scale 1 - 6), with 58% (n = 19) of students recommending the course. Mentors unanimously rated the project as highly beneficial (100% recommendation rate).Conclusion The evaluation of the pilot phase indicates that this teaching project has the potential to significantly enhance students' ability to critically engage with scientific literature. Ongoing refinement based on feedback and planned implementation across all departments aim to promote sustainable scientific literacy in clinical training.",wos,llm,0.980,unreviewed,,doi:10.1177/23821205261427290
discarded,"The Educational Value of Simulated Electronic Health Records in Pharmacy Education: Impacts on Clinical Reasoning, Interprofessional Perceptions, and ICT Literacy","Yamamoto, Ken; Monma, Yuzuki; Yamauchi, Yuri; Konuma, Kei; Kato, Rinko; Morimoto, Yoshihito; Kambayashi, Dan; Hirosawa, Iori; Watanabe, Kazuhiro; Hirohara, Masayoshi",2026,YAKUGAKU ZASSHI-JOURNAL OF THE PHARMACEUTICAL SOCIETY OF JAPAN,,https://www.webofscience.com/wos/woscc/full-record/WOS:001708746300014,adjacent-subtopic,"In response to the rapid advancement of digital transformation (DX) in healthcare, pharmacists are increasingly expected to interpret and apply electronic health record (EHR) information to support clinical decision-making and patient care. Despite this shift, the integration of educational EHRs into pharmacy curricula remains limited, and their educational effectiveness is underexplored in Japan. This study implemented a structured EHR-based educational program for fourth-year pharmacy students and evaluated its impact on their clinical reasoning, interprofessional perception, and information and communications technology (ICT) literacy. Nineteen students participated in a 240-min program, featuring a pediatric Kawasaki disease case, and utilizing an educational EHR platform. The instructional design included case analysis, group discussion, role-play, and reflection. Educational outcomes were assessed using pre- and post-intervention tests; rubric-based performance evaluations; Attention, Relevance, Confidence, and Satisfaction model questionnaires; and qualitative analysis of open-ended feedback. Statistical analysis using the Wilcoxon signed-rank test revealed significant improvements in knowledge and performance metrics (p< 0.05). Students reported high motivation and satisfaction, and qualitative findings highlighted the program's effectiveness in fostering clinical thinking and team-based care perspectives. However, feedback also suggested the need for workload balance and instructional pacing refinement. These findings indicate that an EHR-based program can serve as a valuable model for developing essential competencies in pharmacy education aligned with evolving professional roles. Future iterations may benefit from incorporating flipped classroom elements, repeated exposures, and diversified assessment strategies to enhance long-term learning outcomes.",wos,llm,0.960,unreviewed,,hash:8c3f45afe8d4746a
discarded,A feasibility study of flipped classroom and TeamSTEPPS integration for obstetrical emergency simulations: Insights from the PARTUM group study,"Balaya, V.; Desseauve, D.; Farin, A.; Daelemans, C.; Ceccaldi, P. F.",2026,JOURNAL OF GYNECOLOGY OBSTETRICS AND HUMAN REPRODUCTION,10.1016/j.jogoh.2026.103114,https://www.webofscience.com/wos/woscc/full-record/WOS:001690020500001,adjacent-subtopic,"Objectives The primary objective was to assess the internal correlations between TeamSTEPPS behavioral domains as perceived by learners evaluating faculty performance. The secondary objective was to explore the feasibility and reproducibility of a flipped classroom model applied to interprofessional simulation-based obstetrical training. Material and methods This study is an ancillary analysis of the PARTUM training program (<< Prise en charge des Accouchements & agrave; Risque eT des Urgences Maternelles >>, Management of High-risk delivery and obstetrical emergencies). Within the flipped classroom framework, learners designed a practical case involving a pregnant woman experiencing a local anesthetics overdose during labor. Two groups of teachers were evaluated by learners according to the modified Teamwork attitude questionnaire, consisting of 16 items rated from 1 (""very below expectations"") to 5 (""very above expectations""). Results The PARTUM 2022 session included seven teachers and eighteen learners. In the pooled analysis, three items among the 16 of the Teamwork attitude questionnaire (TAQ) were found to be below expectations with a mean score lower than 3: check-back using (m = 2.75 +/- 0.84), callouts using (m = 2.91 +/- 0.81) and appropriate task delegation or assignments (m = 2.95 +/- 0.74). No significant differences were found between groups 1 and 2. Leadership was strongly correlated to team structure (r = 0.701, p < 0.001), situation monitoring (r = 0.651, p = 0.001), and team communication (r = 0.576, p = 0.005). Conclusion This study showed that a flipped classroom simulation was feasible and reproducible for interprofessional teaching of obstetric emergencies. Leadership appeared as the cornerstone of the teamwork",wos,llm,0.970,unreviewed,,doi:10.1016/j.jogoh.2026.103114
discarded,Text or video in flipped learning? The impact of content formats on student learning,"Machin, Ricardo Sanchez-Gil; Morales, Salvador Baena; Valero, Alberto Ferriz",2025,REVISTA PUBLICACIONES,10.30827/publicaciones.v55i2.34406,https://www.webofscience.com/wos/woscc/full-record/WOS:001683447300007,adjacent-subtopic,"Introduction: The Flipped Learning model has proven to be effective in promoting active learning, particularly in Secondary and Vocational Education. However, there is limited ev-idence on how the content delivery format (written or audiovisual) influences academic performance and the learning experience. This study aimed to compare the impact of both formats within the flipped learning model. Method: A counterbalanced experimental design was applied with 112 students from 4th year of Secondary Education and the Higher Technician in Physical Conditioning program. The intervention consisted of 9 sessions alternating between written and audiovisual content. Non-parametric tests and repeated-measures ANOVA were used, along with qualita-tive analysis of students perceptions. Results: Significant improvements in academic performance were observed after the inter-vention, with no statistically significant differences between the formats. Students valued videos for enhancing motivation and understanding, while texts were appreciated for their clarity and usefulness in autonomous study. Conclusion: Both formats proved effective in the context of Flipped Learning. The results suggest that content format selection should be tailored to students' preferences, digital competence, and learning styles. Future research should explore multimodal strategies and incorporate objective engagement metrics.",wos,llm,0.980,unreviewed,,doi:10.30827/publicaciones.v55i2.34406
kept,"Lectures Versus Flipped-Classroom Learning in Anatomy: Cross-Testing Evidence on Performance, Transfer, and Student Satisfaction","Torralba Estelles, Javier; Martinez Mendoza, Elena; Breton, Paul",2025,EDUCATION SCIENCES,10.3390/educsci16010051,https://www.webofscience.com/wos/woscc/full-record/WOS:001672060700001,supports-claim; qualifies-claim,"Evidence for flipped-classroom learning in the health professions is growing, yet its advantage over lectures when transferable learning is tested remains unclear. We conducted a cross-sectional, inter-institutional comparison of two European programs (anonymized as Center A-lecture-based; Center B-flipped classroom). Students in Years 1 to 3 completed two anatomy examinations (0-10 scale): their own institutional exam and the partner's exam. A 10-item Likert questionnaire produced a 0 to 10 Global Satisfaction Index. Analyses included Welch's t test, effect sizes, and 95% confidence intervals. Own scores were comparable between centers (mean difference approximate to +0.10; p = 0.66; Hedges' g approximate to 0.07). Cross scores strongly favored Center B [difference approximate to -2.40; 95% CI -2.72 to -2.07; p < 10(-32); g approximate to -1.87]. By course, the Own -> Cross drop was large in Center A across Years 1 to 3, moderate in Center B, and nearly absent in Year 3. Satisfaction was higher in Center B; internal consistency of the 10-item scale was modest overall (alpha approximate to 0.61). When assessment demands transfer to an unfamiliar format, flipped-classroom exposure confers a large performance advantage and higher satisfaction, while differences vanish on familiar exams. The findings support aligning anatomy curricula with active, application-focused learning and mixed-format assessment to promote durable, transferable learning.",wos,llm,0.990,unreviewed,,doi:10.3390/educsci16010051
discarded,Flipped Classroom Model for Cardiopulmonary Resuscitation Training Among Novice Nursing Students in Oman: Exploratory Quasi-Experimental One-Group Pretest/Post-Test Design,"Natarajan, Jansirani; Rajjoub, Rahaf Akel; Tawfik, Walaa Kamel; Gangadharan, Shobana; Sreekala, Reshma Prakash; Al Buraiki, Hassan Abdullah; Al Shibli, Amna Mohammed Khamis; Seshan, Vidya; Kavumpurath, Janisha",2026,SAGE OPEN NURSING,10.1177/23779608251407767,https://www.webofscience.com/wos/woscc/full-record/WOS:001669461300001,adjacent-subtopic,"Background: The flipped classroom model (FC) has gained prominence in nursing education for its emphasis on active, student-centered learning. While global evidence supports its efficacy in skill-based training such as cardiopulmonary resuscitation (CPR), limited studies have evaluated its impact within Middle Eastern nursing programs, particularly in Oman. Objective: This study aimed to assess the effectiveness of the FC approach in enhancing CPR knowledge, skills, and learner perception among first-year nursing students. Methods:Exploratory quasi-experimental one-group pretest/post-test design was conducted among 177 first-year nursing students enrolled in the Fundamentals of Nursing I course at the University of Buraimi, Oman. Participants completed preclass materials, followed by collaborative case-based discussions and skill demonstrations. CPR knowledge was assessed through multiple-choice tests, skills through a standardized checklist, and perceptions using a validated Likert-scale questionnaire. Results: There was a statistically significant improvement in CPR knowledge scores from pretest (M = 6.81, SD = 3.20) to post-test (M = 10.88, SD = 2.00; p < .001). Knowledge scores moderately correlated with CPR skill performance (r = .209, p = .005), though no significant correlations were found with perception scores. Female students demonstrated significantly higher CPR performance than males (p = .023). Overall, students expressed positive perceptions of the FC model. Conclusion: The FC approach significantly improved CPR knowledge and moderately influenced skill acquisition among novice nursing students, irrespective of academic standing. These findings suggest potential benefits of integrating FC methods but should be interpreted as exploratory within a single-group design. Support the integration of active, student-centered methodologies in nursing education across the Middle East. Further research is recommended to explore long-term retention and clinical application.",wos,llm,0.960,unreviewed,,doi:10.1177/23779608251407767
