status,title,authors,year,venue,doi,url,tags,abstract,provider,decision_source,llm_confidence,llm_review_outcome,llm_change_direction,paper_id
kept,WIP: Novel Pre-Lecture Technique for Accelerated Student Engagement in Circuit Analysis Courses,Renny E. Badra,2025,2025 IEEE Frontiers in Education Conference (FIE),10.1109/FIE63693.2025.11328597,https://ieeexplore.ieee.org/document/11328597/,supports-claim,"This work-in-progress innovative-practice paper describes a pre-lecture active learning strategy in undergraduate Engineering courses aimed at improving early (pre-lecture) student engagement, under the hypothesis that this will have a positive impact on the attainment of the required learning outcomes. The proposed method pairs pre-lecture textbook reading assignments with remote on-line pre-lecture Quizzes (Pre-Quizzes), with immediate feedback and one retry. The randomized nature of the questions prevents the second attempt from being identical to the first one, thus compelling students to review the textbook and actively work on the Pre-Quiz problems to improve their second attempt chances. There is clear evidence that the introduction of this practice in a basic Circuit Analysis course for non-EE/CSE majors has had a statistically significant beneficial effect on student performance, as measured in post-lecture evaluations, while receiving mostly positive reviews from the students. At the same time, better pre-lecture student preparation has also had a positive impact on the quality of the classroom experience, which more than compensates for the effort required to properly design and set up the Pre-Quizzes.",ieee,llm,0.910,unreviewed,,doi:10.1109/fie63693.2025.11328597
kept,The effects of classroom flip on the student learning experience: An investigative study in UAE classrooms,Amena Amiri; Hessa Ahrari; Zahoor Al Saffar; Vishwesh Akre,2013,2013 International Conference on Current Trends in Information Technology (CTIT),10.1109/CTIT.2013.6749480,https://ieeexplore.ieee.org/document/6749480/,qualifies-claim,"The rapid leaps and advancements in technology have given rise to an increased use of technology in classrooms of UAE based Schools, Colleges and Universities. The classroom flip is a switch in the traditional teaching pedagogy wherein the students can listen to or watch the lecture at home and they do the homework in the classroom in presence of the faculty. This recommends a 360° change to the current teaching practices. Some of the Colleges and Universities in the UAE have started using flipped classroom. The research was aimed to distinguish between the preferences of the classroom style by having a comparative study of the traditional and flip classrooms. The collected data was tabulated and analyzed using statistical methods. Research findings formulated using discussions. The results of the research should be very beneficial for universities and colleges to recognize the learning preferences of the students. This may help them to consider the use of latest technologies to provide students with blended learning experience. On basis of the findings of this research, academicians could consider different options of using the technology to provide a better learning environment by effective utilization of technology to implement the concept of the flipped class.",ieee,llm,0.910,unreviewed,,doi:10.1109/ctit.2013.6749480
discarded,A Qualitative Study on the Design and Practice of On-Demand Classes by University Faculty: Focusing on the Transition Process from Face-to-Face to On-Demand Classes in the Post-COVID Era,Chiaki Iwasaki,2025,2025 International Symposium on Educational Technology (ISET),10.1109/ISET65607.2025.00050,https://ieeexplore.ieee.org/document/11113633/,adjacent-subtopic,"This qualitative study examines faculty course design choices for on-demand classes in post-COVID higher education in Japan. Through interviews with four faculty members, the researchers found that instructors implemented on-demand formats to address previous teaching challenges and develop new approaches. These classes featured more learner-centered instruction with enhanced active learning through self-study activities, flexible pacing, and multimedia resources. Faculty shifted to formative assessment methods with regular feedback, particularly in large lectures. Challenges included providing adequate feedback, assessment issues, and recording difficulties, suggesting the need for improved faculty development support and recording facilities.",ieee,llm,0.970,unreviewed,,doi:10.1109/iset65607.2025.00050
discarded,Investigating psychological safety in a flipped engineering course,J C McNeil; William B. Corley; Jeffrey L. Hieb,2017,2017 IEEE Frontiers in Education Conference (FIE),10.1109/FIE.2017.8190520,https://ieeexplore.ieee.org/document/8190520/,adjacent-subtopic,"Psychological safety (PS) refers to the shared belief that a team environment is safe for taking interpersonal risks (i.e., it is ok to be wrong or assert new ideas). PS has been shown to improve the cohesiveness of co-workers and improve group problem solving in various situations. In the flipped classroom model of instruction students watch video lectures before coming to class, then participate in structured learning activies during class meeting times. In flipped classes that use small group or team based learning activities during class, which many do, students' level of PS, willing to ask questions, make mistakes, and address new ideas for a topic without fear of negative feedback from peers, might be an important factor in their experience of the flipped class. For this paper, we collected self-report data from students enrolled in a flipped section of Calculus III. Students were asked to answer validated survey questions about PS to assess their current level of PS at different times in the course. We used this data to assess students' PS at the beginning of a flipped class, and examine whether PS changes over the course of the semester in a flipped class. The results of this study will inform educators about how PS builds in the team environment within a flipped classroom of Calculus III. Additionally, the findings of this study may highlight ways that some of the disadvantages to PS in the flipped classroom can be addressed so that they are not a detriment to student success.",ieee,llm,0.960,unreviewed,,doi:10.1109/fie.2017.8190520
discarded,From Boxes to bees: Active learning in freshmen calculus,Flora S. Tsai; Karthik Natarajan; Selin Damla Ahipaşaoğlu; Chau Yuen; Hyowon Lee; Ngai-Man Cheung; Justin Ruths; Shisheng Huang; Thomas L. Magnanti,2013,2013 IEEE Global Engineering Education Conference (EDUCON),10.1109/EduCon.2013.6530087,https://ieeexplore.ieee.org/document/6530087/,adjacent-subtopic,"The vehicles of education have seen significant broadening with the proliferation of new technologies such as social media, microblogs, online references, multimedia, and interactive teaching tools. This paper summarizes research on the effect of using active learning methods to facilitate student learning and describes our experiences implementing group activities for a calculus course for first year university students at Singapore University of Technology and Design, a new design-centric university established in collaboration with Massachusetts Institute of Technology (MIT). We describe the educational impact of different pedagogical techniques, such as real-time response tools, hands on activities, mathematical modeling, visualization activities and motivational competitions on students with differing learning preferences in a unique cohort classroom setting. Based on faculty reflection and survey data, we provide guidelines on how to adopt the right set of active and group learning techniques to handle the changing learning preferences in the current and future generation of students.",ieee,llm,0.880,unreviewed,,doi:10.1109/educon.2013.6530087
discarded,Programming case studies as context for active learning activities in the classroom,Yonglei Tao; Jagadeesh Nandigam,2016,2016 IEEE Frontiers in Education Conference (FIE),10.1109/FIE.2016.7757450,https://ieeexplore.ieee.org/document/7757450/,adjacent-subtopic,"Programming studies are used to achieve a variety of instructional objectives in computer science courses. Instead of using a programming case study as the lecture material, we adapt it to facilitate active learning activities in the classroom. While it preserves most programming tasks in context, our approach provides an opportunity for students to work out desirable solutions as they learn programming concepts and techniques. An anonymous student survey indicates that students' satisfaction with their learning experience was noticeably enhanced. In this paper, we describe our initial experience with a case study-based approach to active learning. We also discuss issues that we have identified with this approach.",ieee,llm,0.930,unreviewed,,doi:10.1109/fie.2016.7757450
discarded,Hybrid content delivery and learning styles in a computer programming course,Melissa Seward Yale; Deborah Bennett; Cordelia Brown; Guangwei Zhu; Yung-Hsiang Lu,2009,2009 39th IEEE Frontiers in Education Conference,10.1109/FIE.2009.5350462,https://ieeexplore.ieee.org/document/5350462/,adjacent-subtopic,"An experimental course design was implemented in a senior-level computer programming course at Purdue University. The course used hybrid content delivery, including online lectures and interactive problem-solving laboratory sessions. This hybrid design is a follow-on to previous hardware courses implementing a similar design with ¿directed problem solving¿ laboratories. This paper describes the course and its three major components: online lectures, interactive laboratories, and online discussions, along with students' responses to the effectiveness of various aspects of the course on their learning. Students' learning style preferences are compared with their achievement as reflected in five programming assignments. The programming assignments provide hands-on, practical experience for students. Each assignment consists of the development of a game in either C++ or Java. This paper suggests that the hybrid format is an effective way of learning for all students and provides an instructional environment conducive to varying learning styles. There is no strong indication that one style can outperform peers in this programming class.",ieee,llm,0.820,unreviewed,,doi:10.1109/fie.2009.5350462
kept,Blending Inverted Lectures and Laboratory Experiments to Improve Learning in an Introductory Course in Digital Systems,Raúl Alcaraz; Arturo Martínez-Rodrigo; Roberto Zangróniz; José Joaquín Rieta,2020,IEEE Transactions on Education,10.1109/TE.2019.2954393,https://ieeexplore.ieee.org/document/8941026/,supports-claim,"Contribution: An improved inverted lecturing (IIL) framework based on blending flipped lectures and handson experiments provides instructional benefits, compared to traditional teaching (TT) and inverted lecturing (IL), in an introductory course in digital systems. Background: IL has proven more effective than TT in improving student learning in engineering courses, but has mostly been used for theory sessions. The impact of combining inverted lectures and hands-on experiments on student learning has not still been thoroughly assessed in engineering courses. Intended Outcomes: Attendance, marks, and satisfaction should improve for students in IL-based theory lectures, compared with those receiving TT, and should improve still further for students receiving the IIL-based method. Workload both for student and instructor should not increase significantly. Application Design: The three methods were compared in six consecutive offerings of the course. In the first two, TT was used for both theory and laboratory classes; in the next two, IL was used for theory lectures; and in the final two offerings the IIL-based scheme was used. The instructor, intended learning outcomes (ILOs), course syllabus, and student grading scheme were constant over the six semesters. A total of 184 students with similar backgrounds participated. Findings: Students under the ILand IIL-based frameworks were more engaged than those receiving TT, and were more satisfied with their learning process. The IIL-based learners achieved the deepest conceptual understanding. Finally, the ILand IILbased methods did not significantly increase workload for either the students or the instructor.",ieee,llm,0.980,unreviewed,,doi:10.1109/te.2019.2954393
kept,Boosting Engineering Students’ Trigonometry and Solid Mensuration Skills Through Flipped Learning,J.R.S. Ursua,2026,International Research Journal of Multidisciplinary Scope,10.47857/irjms.2026.v07i02.09468,https://www.scopus.com/inward/record.uri?partnerID=HzOxMe3b&scp=105035782221&origin=inward,supports-claim,"This study examined the effectiveness of the flipped classroom (FC) approach in enhancing the learning of Plane and Spherical Trigonometry with Solid Mensuration among first-year civil engineering students at the University of Antique. This study employs a quasi-experimental posttest-only control group design. The study compared student perceptions and academic performance under traditional and flipped instructional methods. Findings revealed significantly higher posttest scores for students exposed to the flipped classroom model, indicating improved mastery of mathematical concepts. Students also reported very high levels of engagement, clearer understanding of course content, enhanced problem-solving skills, and greater motivation in the flipped environment. Although collaboration yielded mixed perceptions, the overall results suggest that the flipped classroom is a highly effective pedagogical strategy for strengthening conceptual understanding and analytical skills in engineering mathematics. The approach effectively reverses traditional lecture-homework dynamics by enabling pre-class content review and in-class collaborative problem-solving, fostering critical thinking and analytical competence. The study recommends wider implementation of flipped learning to enrich mathematics education in higher education, particularly in challenging engineering subjects, encouraging educators to adopt this model to advance student outcomes, motivation, and readiness for professional practice. These results align with international trends that emphasize active learning, digital literacy, and student responsibility in contemporary Science, Technology, Engineering, and Mathematics education.",scopus,llm,0.990,unreviewed,,doi:10.47857/irjms.2026.v07i02.09468
discarded,Flipped classroom in the second decade of the Millenia: a Bibliometrics analysis with Lotka’s law,Norliza Kushairi; Aidi Ahmi,2021,Education and Information Technologies,10.1007/s10639-021-10457-8,https://openalex.org/W3135300045,adjacent-subtopic,"This paper aims to examine the current dynamics of the flipped classroom studies and to propose a direction for future research for the field. Using a bibliometric approach, we observe a sample of 1557 documents from the Scopus database to identify research activity on the flipped classroom. The keywords “flipped classroom” and “flipped learning” have been executed in the search query. We presented the earlier stage of research in the flipped classroom, the subsequent trends, publications status based on source title, country and institution and examined citations pattern of the publication. We also discuss the themes based on the occurrences and terms of the keywords, title and abstract of the documents. This paper also predicts the future study in the flipped classroom using Lotka’s law. We found that the pattern distribution of the author’s contribution fits with the law. We conclude by suggesting a few potential research directions on the flipped classroom. Research on flipped classroom focuses on approaches, strategies and effectiveness perceived by practitioners and learners with relatively less attention on author’s contribution and the prediction on their future and sustainable contribution and networking in guaranteeing the survival and expansion of flipped classroom approach for the coming decades.",openalex,llm,0.990,unreviewed,,doi:10.1007/s10639-021-10457-8
kept,Higher education dominance and siloed knowledge: a systematic review of flipped classroom research,Mona Lundin; Annika Bergviken Rensfeldt; Thomas Hillman; Annika Lantz-Andersson; Louise Peterson,2018,International Journal of Educational Technology in Higher Education,10.1186/s41239-018-0101-6,https://openalex.org/W2805683247,qualifies-claim,"This structured review examined (academic) publications on flipped or inverted classrooms based on all Scopus database ( n = 530) references available until mid-June 2016. The flipped or inverted classroom approach has gained widespread attention during the latest decade and is based on the idea of improving student learning by prepared self-studies via technology-based resources (‘flips’) followed by high-quality, in-class teaching and learning activities. However, only a few attempts have been made to review the knowledge of the field of interest more systematically. This article seeks to address this problem and investigates what constitutes the research on flipped classrooms and, in particular, to examine the knowledge contributions with the field so far in relation to the wider research topic of educational technology. This review found that the current state of flipped classrooms as a field of interest is growing fast, with a slight conference preference and a focus on higher education and STEM (science, technology, engineering and math) area contributions, with the US as the predominant geographical context. It is concluded that studies on flipped classrooms are dominated by studies in higher education sector and are relatively local in character. The research tends not to interact beyond the two clusters of general education/educational technology and subject-specific areas. This implies that knowledge contributions related to the flipped classroom approach are relatively siloed and fragmented and have yet to stabilise. Academically and socially, the research is quite scattered, and only local evidence and experiences are available. The knowledge contributions within this field of interest seem to be anecdotal rather than systematically researched. To a large extent, the research lacks anchoring in, for example, learning theory or instructional design known from educational technology traditions and which would have helped much of the flipped classroom research to examine aspects of the flipped classroom approach more fully.",openalex,llm,0.910,unreviewed,,doi:10.1186/s41239-018-0101-6
discarded,Flipped learning and good teaching practices in secondary education,Antonio-José Moreno-Guerrero; Rebeca Soler Costa; José Antonio Marín Marín; Jesús López-Belmonte,2021,Comunicar,10.3916/c68-2021-09,https://openalex.org/W3156956192,adjacent-subtopic,"Flipped learning is a didactic method that requires the teacher to have a series of competences for its application. The aim of this research is to analyse the abilities of Spanish teachers of Compulsory Secondary Education (CSE) to develop good practices in flipped learning and to discover the factors which influence the development of good practices in these teachers. The research method is based on a quantitative methodology with a descriptive and correlational design. A total of 1,743 teachers in Spain participated in the study. The instrument used was the Flipped Classroom Teacher Scale (FCTS) questionnaire. The results show that 758 teachers, less than half the teachers surveyed, show competences to adequately develop a methodology based on flipped learning, where age, use of information and communication technologies (ICTs) in education, time spent using them in the personal sphere, number of devices and teaching experience have an influence on the application of the method. The conclusion reached is that there is a linear relationship between institutional support, technological self-efficacy, teaching beliefs and teaching strategies for the development of good practices in flipped learning in the teachers analysed, so these factors are postulated as conditioning factors. El flipped learning se considera un método didáctico en el que el docente requiere de una serie de competencias para su aplicación. El objetivo de esta investigación es analizar las capacidades para desarrollar buenas prácticas sobre flipped learning en docentes españoles de Educación Secundaria Obligatoria (ESO) y descubrir los factores que influyen en el desarrollo de buenas prácticas en dichos docentes. El método de investigación se fundamenta en una metodología cuantitativa, con un diseño de tipo descriptivo y correlacional. En el estudio participaron 1.743 docentes del territorio español. El instrumento usado es el cuestionario Flipped Classroom Teacher Scale (FCTS). Los resultados muestran que menos de la mitad de los docentes encuestados revelan competencias para desarrollar de forma adecuada una metodología fundamentada en el flipped learning, concretamente 758 docentes, donde la edad, el uso de las tecnologías de la información y comunicación (TIC) en el ámbito educativo, el tiempo de uso de las mismas en el ámbito personal, el número de dispositivos y la experiencia docente influyen en la aplicación del método. Se concluye que existe una relación lineal entre el apoyo institucional, la autoeficacia tecnológica, las creencias docentes y las estrategias de enseñanza para el desarrollo de buenas prácticas con flipped learning en el profesorado analizado, por lo que se postulan como factores condicionantes.",openalex,llm,0.990,unreviewed,,doi:10.3916/c68-2021-09
