status,title,authors,year,venue,doi,url,tags,abstract,provider,decision_source,llm_confidence,llm_review_outcome,llm_change_direction,paper_id
kept,Does flipped classroom improve students' evaluations of teaching quality?,"Cladera, Magdalena",2026,INTERNATIONAL JOURNAL OF EDUCATIONAL RESEARCH,10.1016/j.ijer.2026.103019,https://www.webofscience.com/wos/woscc/full-record/WOS:001780789700001,qualifies-claim,"This study investigates the impact of the Flipped Classroom (FC) model on the multidimensional evaluations of teaching quality in an undergraduate econometrics course. Grounded in Student Engagement and Cognitive Load theories, the research examines how a shift to the FC model influences distinct teaching dimensions. A quasi-experimental design was employed to analyse data collected over five semesters using the Students' Evaluations of Educational Quality (SEEQ) instrument. Eight OLS regression models were estimated to isolate the effects of the FC methodology on each dimension of the instructional process. The results indicate statistically significant improvements in six of the eight dimensions, suggesting enhanced student perceptions of the learning experience. This research provides empirical evidence for instructors on how pedagogical innovation can positively influence teaching effectiveness metrics in challenging academic disciplines such as econometrics and other quantitative methods. The findings also highlight the need for higher education institutions to integrate active learning strategies into faculty development programs. At the same time, teaching evaluation frameworks should be adapted to better reflect the multidimensional benefits of pedagogical innovation in demanding subjects.",wos,llm,0.980,unreviewed,,doi:10.1016/j.ijer.2026.103019
discarded,One-year impact of an ambulatory pulmonary curriculum for fellows leveraging adult learning theory,"McAvoy, Kathleen A.; Gielissen, Katherine A.; Honiden, Shyoko; Possick, Jennifer D.",2026,ATS SCHOLAR,10.1093/atsscholar/aapag008,https://www.webofscience.com/wos/woscc/full-record/WOS:001779928600005,adjacent-subtopic,"Background In pulmonary and critical care medicine (PCCM) fellowship, inpatient training is often prioritized over outpatient learning, resulting in fellows' dissatisfaction with their ambulatory education. Additional challenges limit the use of best practices for teaching and learning in graduate medical education.Objective To develop a 3-year ambulatory pulmonary curriculum leveraging principles of adult learning theory such as flipped classroom elements and interprofessional teaching, and to evaluate the first year of this curriculum.Methods We developed an ambulatory pulmonary curriculum at a large academic PCCM fellowship program including 24 topics over 3 years. Sessions emphasized case- and discussion-based learning in a small group setting, often incorporating flipped classroom elements. Most sessions also included interprofessional teaching for hands-on practical skill development. Assessment of the first year of the curriculum was performed using a mixed-methods approach, with pre- and postintervention surveys followed by fellow focus groups. Beginning with the third session, paired pre- and posttests for knowledge and trainee self-assessed comfort with the topic were evaluated. In-training exam (ITE) scores were compared to preintervention years.Results Comparison of paired pre- and posttests demonstrated improved comfort in all 6 sessions, and improved knowledge in 5 of the 6 sessions assessed. ITE scores of all fellows following the first year of the curriculum were significantly increased compared to one of the 2 prior years, and ITE scores for the first-year fellows were significantly higher than both preceding academic years. Fellow and faculty surveys reflected that the curricular content, use of interprofessional teachers, small group setting, and use of presession reading all enhanced education. Fellow focus groups emphasized that content selection and teaching methodologies were strengths of the curriculum.Conclusions In its first year, the implementation of an ambulatory pulmonary curriculum grounded in adult learning theory and highlighting interprofessional teachers positively impacted fellow knowledge and comfort. Our curriculum is a first of its kind to demonstrate improvement in PCCM fellow knowledge and to expand the use of interprofessional teaching and flipped classroom elements to graduate ambulatory pulmonary education.",wos,llm,0.900,unreviewed,,doi:10.1093/atsscholar/aapag008
discarded,"Nursing Students' Perceptions, Challenges, and Barriers in Applying the Nursing Process During Clinical Training in Cambodia: A Cross-Sectional Study","Yem, Sokha; Vann, Lida; Loem, Leapchakriya; Kem, Sokunthea; Tun, Sreypeov; Sreyroth, Nov",2026,NURSING RESEARCH AND PRACTICE,10.1155/nrp/6401733,https://www.webofscience.com/wos/woscc/full-record/WOS:001779119600001,off-topic-false-hit,"BackgroundThe nursing process is a systematic framework for delivering safe, individualized patient care and is embedded within nursing curricula in Cambodia. Nonetheless, empirical evidence examining nursing students' experiences when applying this framework during clinical training remains scarce.ObjectiveTo examine nursing students' perceptions of the nursing process and to identify the practical challenges and organizational barriers encountered during clinical practice at a private university in Phnom Penh, Cambodia.MethodsA cross-sectional online survey was conducted among 170 nursing students with confirmed clinical experience enrolled in ADN and BSN programs at the University of Puthisastra. A structured self-report questionnaire assessed perceptions (12 items), challenges (10 items), and barriers (10 items). The instrument demonstrated strong content validity (S-CVI/Ave = 0.93) and acceptable internal consistency (Cronbach's alpha = 0.82-0.88).ResultsParticipants reported positive perceptions (mean = 3.93 +/- 0.68), with 81.6% agreeing that the nursing process facilitates better clinical decisions. Moderate challenges were reported (mean = 3.32 +/- 0.68), principally patients' inability to provide sufficient assessment information (56.1%), documentation variability across hospitals (50.9%), and difficulty obtaining consent for physical assessment (48.6%). Perceived barriers were lower (mean = 2.79 +/- 0.91), with heavy workload (30.2%), insufficient background knowledge (28.8%), and limited role modeling (28.3%) most frequently identified. BSN students reported significantly higher perceptions than ADN students (p = 0.014); Year 4 students reported significantly fewer barriers than Year 2 students (p = 0.027).ConclusionNursing students hold favorable views of the nursing process but face substantive practical and organizational constraints during clinical training. These constraints are mainly related to patient assessment limitations, variability in documentation systems, workload pressures, and limited role modeling and clinical support. The findings highlight the need for standardized documentation and strengthened clinical mentorship, as well as improved collaboration between academic institutions and clinical settings. They also suggest that simulation-based learning, flipped classroom approaches, technology-enhanced education, and family-centered communication training may be considered as potential strategies in future curriculum development to address the identified gaps. Further multisite research, including public and provincial institutions, is recommended to enhance generalizability.",wos,llm,1.000,unreviewed,,doi:10.1155/nrp/6401733
kept,Peer Role-Play Integration in Flipped Classroom Education Enhances Medical Students' Clinical Reasoning in Child Abuse Management: A Quasi-Experimental Study,"Boonchooduang, Nonglak; Louthrenoo, Orawan",2026,CLINICAL TEACHER,10.1111/tct.70419,https://www.webofscience.com/wos/woscc/full-record/WOS:001769385000027,qualifies-claim; supports-claim,"Background Child abuse represents a critical public health challenge requiring medical professionals to possess both theoretical knowledge and practical communication skills. Traditional flipped classrooms, while effective for knowledge acquisition, may inadequately prepare students for emotionally charged clinical encounters. This study evaluated the impact of integrating peer role-play into a flipped classroom approach for teaching child abuse management. Methods A quasi-experimental study was conducted among fifth-year medical students during their paediatric rotation. Two cohorts were compared: the 2022 cohort (n = 112) receiving traditional flipped classroom instruction and the 2023 cohort (n = 100) experiencing a flipped classroom with integrated peer role-play. Clinical reasoning and knowledge application were assessed using a Modified Essay Question (MEQ) examination. Student satisfaction was evaluated using a standardised questionnaire. Independent t-tests were used to compare outcomes between cohorts. Results Students in the peer role-play group achieved significantly higher MEQ scores (75.54 +/- 13.06) compared to the traditional group (58.09 +/- 13.58), representing a 30% improvement (p < 0.001; Cohen's d = 1.28, 95% CI: 0.74-1.82). Satisfaction ratings were higher across all dimensions (all p < 0.05), particularly engagement (4.84 +/- 0.39 vs. 4.21 +/- 0.52) and perceived learning effectiveness (4.82 +/- 0.41 vs. 4.18 +/- 0.48). Conclusion Integrating peer role-play into a flipped classroom model was associated with improved clinical reasoning and knowledge application in child abuse management. This approach represents a feasible and scalable strategy to support active learning in sensitive clinical topics. Further research using performance-based assessments is warranted.",wos,llm,0.930,unreviewed,,doi:10.1111/tct.70419
kept,Active learning in diabetes education for health professions students: a narrative synthesis of effectiveness and implementation considerations,"Zhou, Hui; Tang, Nie; Liu, Limei; Zhu, Ying",2026,MEDICAL EDUCATION ONLINE,10.1080/10872981.2026.2656830,https://www.webofscience.com/wos/woscc/full-record/WOS:001746484600001,supports-claim; qualifies-claim,"BackgroundDiabetes is a growing global health burden, requiring future health professionals to develop strong knowledge, clinical reasoning, and patient education skills. Active learning approaches, such as simulation, flipped classrooms, and gamification, are increasingly used to strengthen diabetes education, yet evidence remains fragmented.ObjectiveTo synthesize recent evidence on the effectiveness and implementation of active learning strategies in diabetes education for pre-licensure health professions students.MethodsWe conducted a structured narrative review of peer-reviewed studies published between 2010 and 2025. Eligible studies included randomized controlled trials, quasi-experimental, and pre-post designs evaluating active learning interventions in pre-licensure medical, nursing, or pharmacy programs. Outcomes included knowledge, skills, confidence, engagement, and satisfaction. Study quality was appraised using MERSQI.ResultsTwenty studies met inclusion criteria (10 RCTs, 3 quasi-experimental, 7 pre-post). Simulation and gamification demonstrated the most consistent improvements in knowledge, skills, and learner engagement. Flipped classroom results were mixed, with effectiveness dependent on learner preparation and integration with experiential components. Technology-enhanced experiential approaches showed promise but faced scalability and resource challenges. Implementation factors including faculty time, infrastructure, and equity considerations substantially influenced outcomes.ConclusionsActive learning strategies enhance diabetes education for health professions students, with simulation and gamification showing the strongest evidence of effectiveness. However, sustainability and scalability remain limited by resource intensity and variable learner preparation. Future research should address long-term knowledge retention, equity across contexts, and cost-effectiveness to guide broader adoption.",wos,llm,0.920,unreviewed,,doi:10.1080/10872981.2026.2656830
kept,Mixed method evaluation of a novel seminar format for a PBL-based integrated curriculum,"Gankande, Uliya; Roux, Felicity; Demmer, Denise; Palanivelu, Vetri Thirthar",2026,MEDICAL SCIENCE EDUCATOR,10.1007/s40670-026-02708-5,https://www.webofscience.com/wos/woscc/full-record/WOS:001736493700001,qualifies-claim,"Medical students in the early preclinical years may find the depth of knowledge demanded for basic and clinical sciences challenging. Self-directed learning however necessitates identifying the depth of knowledge required. While multimedia depiction of the sciences may enhance learning, they are not tailored to the learning objectives for any given year curriculum. This study explored students' experiences of a modified seminar format learning called ""nCuSP"". It encapsulated a flexible blended learning experience using digital technology, and provided specific content to meet learning objectives. A mixed methodology was used. The first quantitative phase measured participants' experiences of nCuSP and usual seminars. The second qualitative phase used focus group discussions to probe participants' learning experiences. There were 356 responses from first- and second-year students. Their consensus was that the nCuSP format led to improved overall learning (80.1% vs. 19.9%). When contrasted with usual seminars, nCuSP led to better understanding of key concepts (67.550 p<.001) and knowledge consolidation (75.073 p<.001). Participants' seminar preparation improved with nCuSP compared to usual seminars (89% vs. 8%), including higher peer interaction (93.2% vs. 6.8%) and problem-solving skills (88% vs. 12%). There were four focus group discussions with 14 participants representing both first and second years. Four main themes were identified: overwhelm, prior knowledge, interaction, and time. Findings suggest that the nCuSP seminar format based on blended learning using digital technology is a highly appreciated pedagogical approach in a module-based PBL-driven undergraduate medical education program.",wos,llm,0.840,unreviewed,,doi:10.1007/s40670-026-02708-5
discarded,The Influence of Blended Learning in Higher Education,"Moletsane, Ramadile; Zuva, Keneilwe",2026,"EMERGING TRENDS IN INFORMATION SYSTEMS AND TECHNOLOGIES, WORLDCIST 2025, VOL 3",10.1007/978-3-032-00701-8_25,https://www.webofscience.com/wos/woscc/full-record/WOS:001710006000025,adjacent-subtopic,"The realm of education is transforming into a digital environment. The COVID-19 pandemic has hastened this occurrence. Digital education (DE) has evolved from a technological possibility to an essential requirement for addressing the demands and aspirations of the world's increasing population. The population of the study comprised final-year undergraduate students from a Programming 3 class, who were selected purposively. The gathered data was analysed using qualitative content analysis to generate themes. Findings show that blended learning online component personalized learning, reduced travel costs, and learning expenses, available everywhere and anytime, and technical issues and educator absence. This study recommends BL be adopted in the higher education landscape. Literature asserts that these challenges can be avoided by an educator aiming at students' needs. The study is motivated by the disruptive digital environments in education such as blended learning (BL). Hence the objective is to explore students' experience with BL in the context of higher education.",wos,llm,0.950,unreviewed,,doi:10.1007/978-3-032-00701-8_25
discarded,"Active learning in strategic communication: combining collaborative, flipped and case-based approaches","Kantanen, Helena",2026,JOURNAL OF COMMUNICATION MANAGEMENT,10.1108/JCOM-12-2024-0257,https://www.webofscience.com/wos/woscc/full-record/WOS:001690797200001,adjacent-subtopic,"PurposeThe significance of dialogic and participatory methods for effective learning has been widely recognized. The objective of this paper is to present three distinct pedagogical approaches - collaborative inquiry, the flipped classroom and case-based learning - and to evaluate their respective merits and limitations in teaching strategic communication. The intention is to address the specific needs of students pursuing a minor in communication, as well as those in programs where they may have limited exposure to communication units, as is often the case in business schools.Design/methodology/approachThe paper presents a foundation, application and evaluation of the three pedagogical approaches and their combination.FindingsThe paper proposes recommendations for the implementation of three pedagogical approaches in the context of strategic communication and offers an evaluation of the benefits and challenges these approaches present for instructors and learners. The paper argues that pedagogical leadership is necessary to enhance the effectiveness of new pedagogical teaching modes.Practical implicationsThe paper offers practical advice for instructors interested in using collaborative inquiry, flipped classroom or case-based teaching methods in strategic communication courses.Originality/valueThe paper presents pedagogical approaches that are applicable to the enhancement of students' motivation, engagement and learning in strategic communication, organizational communication, or public relations study units.",wos,llm,0.910,unreviewed,,doi:10.1108/jcom-12-2024-0257
kept,"Flipping the Culture, not just the Classroom: Leadership Lessons from a Residency Curriculum Redesign","Burtson, Kathryn M.; Markert, Ronald; McCoy, Luke",2026,MEDICAL SCIENCE EDUCATOR,10.1007/s40670-026-02662-2,https://www.webofscience.com/wos/woscc/full-record/WOS:001685688500001,supports-claim,"This commentary highlights the transformative journey of implementing a flipped, problem-based learning curriculum within an internal medicine residency program. Initially met with resistance from both faculty and residents accustomed to traditional lecture-based learning, the experience underscored the critical role of leadership in driving culture change. Despite the challenge, a comprehensive redesign, including 75 new PBL sessions and faculty development, yielded significant improvements: higher in-training exam scores and increased first-time board pass rates. The key takeaway emphasizes that successful curricular reform in graduate medical education requires a commitment to active learning, investment in faculty facilitation skills, and a data-driven approach to demonstrate positive outcomes. Shifting from lecture-based to active learning environments empowers learners and prepares them for self-directed learning and independent practice.",wos,llm,0.910,unreviewed,,doi:10.1007/s40670-026-02662-2
discarded,"Better teaching in the intensive care unit: navigating a complex, multi-disciplinary learning environment","Guinat, Marie; Vincent, Jean-Louis",2026,CRITICAL CARE,10.1186/s13054-026-05845-w,https://www.webofscience.com/wos/woscc/full-record/WOS:001681857800001,adjacent-subtopic,"Background The intensive care unit (ICU) is a demanding, high-pressure environment that requires specially trained staff, yet newly trained healthcare professionals often feel inadequately prepared to manage the urgent and complex situations often encountered. The unique nature of the ICU and the diverse backgrounds and experiences of the ICU team create both challenges and opportunities for teaching and learning. Many strategies have been proposed to enhance teaching in the ICU but are often underused. In this perspective, we highlight five approaches that may be used to improve ICU education. Teaching strategies (1) Use the Dunning-Kruger diagram to assess the gap between perceived competence and actual learner performance so that teaching can be targeted appropriately according to each individual's place on the curve. (2) Use various training methods to limit cognitive overload, such as using short, focused teaching encounters or a flipped classroom model. (3) Use experiential learning to take learners out of their comfort zone, being careful not to push them into the panic zone. (4) Use a safe and inclusive learning environment that encourages all team members to contribute actively. (5) Use a competency-based approach to teaching rather than a time-based approach, recognizing differences in individual progress through task performance and providing a more personalized teaching program. Conclusion Quality teaching is crucial to ensure that ICU professionals are well prepared to deliver safe, evidence-based patient care in the demanding ICU setting. Using some of the approaches outlined herein to integrate cognitive and technical aspects of patient management in a learner-centered manner will facilitate effective teaching in this complex learning environment.",wos,llm,0.980,unreviewed,,doi:10.1186/s13054-026-05845-w
