status,title,authors,year,venue,doi,url,tags,abstract,provider,decision_source,llm_confidence,llm_review_outcome,llm_change_direction,paper_id
discarded,Implementing Blended Learning in K-12 Programming Course: Lesson Design and Student Feedback,Shuhan Zhang; Chunyu Cui,2021,2021 IEEE Integrated STEM Education Conference (ISEC),10.1109/ISEC52395.2021.9764091,https://ieeexplore.ieee.org/document/9764091/,adjacent-subtopic,"Computational thinking (CT) has been widely integrated into K-12 classrooms through programming education. Numerous initiatives have been developed to lower down the threshold for learning programming, yet instructors may still feel ill-prepared. Blended learning approach, a combination of student-centered learning and teacher-centered instruction, has proved to be an effective teaching approach for K-12 programming courses. With the purpose of providing practical insights for the design of blended programming lessons, this study introduced an instructional unit of a K-12 programming course in a secondary school in China. It elaborated the course regarding lesson design, learning assessment, and course evaluation. The course contains 9 plugged sessions and 24 unplugged sessions, and each session consists of 1) a preview, 2) hands-on activities, and 3) a lesson summary. Student learning was evaluated with performance-based assessments, and a questionnaire was employed to collect students’ feedback for the course. The results indicated that students with low performance were the benefit the most from the course, and students tended to like visual programming tool and stage-mode learning format. Also, students with different learning backgrounds showed different preferences for the instructional elements. Suggestions are provided for further research and course design practices.",ieee,llm,0.990,unreviewed,,doi:10.1109/isec52395.2021.9764091
discarded,Evaluation of Grouped Flipped Classrooms Compared with Three-Year Actual Classes Using a Questionnaire,Katsuyuki Umezawa; Takashi Ishida; Makoto Nakazawa; Shigeichi Hirasawa,2020,2020 IEEE International Symposium on Accreditation of Engineering and Computing Education (ICACIT),10.1109/ICACIT50253.2020.9277678,https://ieeexplore.ieee.org/document/9277678/,adjacent-subtopic,"The concept of flipped classroom, in which face-to-face lessons are conducted in school after studying at home, is gaining interest. We proposed the “grouped flipped-classroom” approach, which divides students in a face-to-face class into three groups based on time and their degree of comprehension of learning at home. We applied the grouped flipped-classroom concept to actual classes at the Shonan Institute of Technology, Kanagawa, Japan, for three years between 2017 and 2019. The number of students who took classes was 183 in 2017, 189 in 2018, and 224 in 2019. In this study, we analyzed the findings of a questionnaire. From the results, it becomes clear that there is a correlation between those who dislike grouping and those who feel that the learning content of lesson is challenging, and students with low understanding dislike grouping.",ieee,llm,0.950,unreviewed,,doi:10.1109/icacit50253.2020.9277678
kept,Assessing the Impact of the LearnOOP Tool on Enhancing the Understanding of Object-Oriented Programming-An Experimental Study Across Three Semesters,Sakeenah Ahmed; Mohammed Albarkoli; Aisha Alfitouri; Khamiss M. S. Ahmed; Mahmmoud Alawan,2026,2026 IEEE 5th International Maghreb Meeting of the Conference on Sciences and Techniques of Automatic Control and Computer Engineering (MI-STA),10.1109/MI-STA68962.2026.11511253,https://ieeexplore.ieee.org/document/11511253/,supports-claim,"While Java is a cornerstone of modern software development, its abstract Object-Oriented Programming (OOP) concepts pose substantial cognitive challenges for Computer Science and Information Technology students. This pedagogical complexity underscores the need for supportive educational tools that visualize abstract concepts through interactive learning interfaces. This paper evaluates the effect of “LearnOOP,” an interactive programming tool designed to facilitate mastery of Java OOP principles compared to traditional instructional approaches. A longitudinal experimental study was conducted with 98 undergraduate students at the Faculty of Information Technology, Sebha University, Libya, spanning three consecutive semesters (Fall 2023 - Fall 2024). Quantitative analysis shows that students using LearnOOP consistently outperformed their peers in the control group, achieving significantly higher assessment scores. Complementary qualitative findings highlight improvements in problem-solving efficiency and conceptual retention. The study provides empirical evidence supporting the pedagogical efficacy of interactive visualization in programming education and emphasizes the role of such tools in bridging the gap between abstract theory and practical application within OOP curricula.",ieee,llm,0.860,unreviewed,,doi:10.1109/mi-sta68962.2026.11511253
discarded,Designing a Platform to Train Secure Programming Skills with Attack-and-Defend Exercises,Leo St. Amour; Eli Tilevich,2025,2025 IEEE Global Engineering Education Conference (EDUCON),10.1109/EDUCON62633.2025.11016492,https://ieeexplore.ieee.org/document/11016492/,adjacent-subtopic,"The increasingly poor state of software security poses significant threats to many of modern society's critical functions. Computing educators play a pivotal role in equipping future software engineers with the necessary skills to build secure systems. However, while traditional security courses often focus on conceptual knowledge, practical application is crucial for ensuring students can develop robust, secure software. Despite the importance of hands-on experience, students often lack suitable platforms for practicing secure programming. Inspired by drill-and-practice platforms that effectively train general programming skills, we have been working on a similar platform that focuses explicitly on teaching secure coding practices through active learning strategies. In this paper, we discuss the design of our prototype implementation: SecureCoder. Rooted in active learning principles, SecureCoder's design aims to promote student-centered education by encouraging students to actively apply theoretical secure programming concepts. Specifically, SecureCoder engages students with interactive attack-and-defend exercises, challenging them to exploit or patch software vulnerabilities in a sandboxed environment. Our ultimate objective is to bridge the gap between theoretical knowledge and practical application, fostering a deeper understanding and retention of secure coding principles. Through immediate and actionable feedback on validated exercises, SecureCoder is designed to reinforce learning and empower students to iteratively refine their solutions and build confidence in their skills. To study the potential of our design, we conducted a pilot study. The study results indicate that participants found SecureCoder to be relevant and engaging. Further, participant perceptions toward the attack-and-defend exercises suggest that SecureCoder's design has the potential to enhance secure programming education. Encouraged by SecureCoder's initial positive reception, we plan to open-source the project, inviting the broader education community to contribute to and benefit from shared security expertise. These collaborative efforts are essential for educating the next generation of security-aware software engineers. By integrating hands-on practice and active learning techniques, SecureCoder's design aims to address the urgent need for practical, skill-based security education, preparing students to meet the ever-evolving challenges of engineering secure solutions in the real world.",ieee,llm,0.980,unreviewed,,doi:10.1109/educon62633.2025.11016492
discarded,Importance of Programming in Cybersecurity: Preliminary Findings from a Pilot Study Tailoring a Python Course for Targeted Educational Needs,Katja Henttonen; Paresh Rathod,2024,2024 IEEE Global Engineering Education Conference (EDUCON),10.1109/EDUCON60312.2024.10578580,https://ieeexplore.ieee.org/document/10578580/,adjacent-subtopic,"Many studies confirm the significance of programming skills in the ever-evolving cybersecurity field and its know-how plays a pivotal role in safeguarding critical systems and data. This paper presents a preliminary finding from a pilot study that explores the potential benefits of tailoring a basic Python programming course to cater specifically to the educational requirements of budding cybersecurity professionals. The primary objective is to explore the potential advantages of adapting a conventional programming course to incorporate cybersecurity-focused elements. The pilot implementation of a course went through a series of modifications embedding cybersecurity-centric motivational content, increased emphasis on code analysis skills, hands-on approach to encompass contemporary tools and cybersecurity challenges. The pilot was carried out over a single semester with 36 participants, and its impacts were assessed through the analysis of student feedback, performance metrics, educator observations, and empirical experiences. Preliminary findings indicate a noticeable rise in students' interest in the course, study motivation, and enhanced overall learning experiences. However, the study reveals to a lesser extent improvement in academic performance. These findings contribute to the ongoing dialogue regarding programming education in the cybersecurity domain, emphasizing the potential of tailoring programming courses to align with specific needs by incorporating cybersecurity-focused elements and emphasizing relevant skills, such as code analysis and hands-on experience with contemporary tools and challenges, programming courses can become more valuable and engaging for students seeking cybersecurity careers.",ieee,llm,0.910,unreviewed,,doi:10.1109/educon60312.2024.10578580
discarded,"A PBL-Based, Integrated Learning Experience of Object-Oriented Programming, Data Structures and Software Design",Ayala L. Ribeiro; Roberto A. Bittencourt,2018,2018 IEEE Frontiers in Education Conference (FIE),10.1109/FIE.2018.8659261,https://ieeexplore.ieee.org/document/8659261/,adjacent-subtopic,"This innovative practice full paper presents an experience report of an approach integrating the teaching and learning of Object-Oriented Programming, Data Structures and Software Design in the second term of a Computer Engineering undergraduate program. Learning object-oriented programming requires acquiring high-level skills, which is negatively affected by present curricula and pedagogies. Isolated courses with teacher-centered approaches do not allow for the appropriate practice of such skills. For 15 years, our Computing Engineering undergraduate program has been pursuing an effort of curriculum integration and active learning practices based on problems and projects. This paper presents an experience report of our approach. This experience led us to important lessons learned with our approach: the acquisition of personal, interpersonal and technical skills provided by the approach; the benefits of knowledge integration through more authentic experiences and a more disciplined practice of software production; the need for careful problem planning; the main difficulties faced by instructors to manage the course; and the challenges faced by students to develop their skills.",ieee,llm,0.950,unreviewed,,doi:10.1109/fie.2018.8659261
discarded,"Teaching sustainability, ethics and scientific writing: An integrated approach",Ola Leifler; Lars Lindblom; Mikael Svensson; Madelene Gramfält; Arne Jönsson,2020,2020 IEEE Frontiers in Education Conference (FIE),10.1109/FIE44824.2020.9274220,https://ieeexplore.ieee.org/document/9274220/,adjacent-subtopic,"This Innovative Practice Full Paper presents an approach to integrate three critical elements in Computer Science education. The call to imbue computer science graduates with strategic skills needed to address our pressing global sustainability challenges is extremely important, and a great challenge to degree programmes in computer science and software engineering. Doing this successfully requires great care, and possibly several iterations across an entire curriculum. In this regard, learning for sustainability faces similar challenges as understanding scientific results and ethics. Improving skills in searching for, reading, and producing academic texts are often neglected, as are skills in understanding ethics; what norms and values that guide our choices of methods for solving problems. To handle the fact that these subjects (academic writing, ethics and sustainability) are treated separately, and thereby lowering student engagement with the topics, we have successfully integrated them into one coherent subject of Professionalism in Computer Science. By integrating the three subjects, we do three things: a) describe a multi-faceted but integrated engineering role; b) integrate the three aspects of the role we focus on in education and steer away from the view that these are add-ons; and c) increase the motivation of students to take on these aspects of the engineering role. Our approach uses a flipped-classroom style with students playing educational games, participating in discussion seminars and conducting critical analyses of other students' choices in IT system design. Much emphasis is on the students academic writing abilities, including critical information search and a student peer-review procedure. Also, we do this using an integrated assessment format where teachers from different disciplinary backgrounds jointly assess material from students, which stimulates discussions among ourselves about what and how to assess, and provides a practical way to integrate assessments. We present results from attitude surveys, course evaluations and the contents of the students' analyses in their final essays. In conclusion, our approach demonstrates a clear shift in how students perceive sustainability, showing that it is possible to achieve changes in attitude towards the subjects as such and their importance for computer scientists.",ieee,llm,0.940,unreviewed,,doi:10.1109/fie44824.2020.9274220
discarded,Rethinking the conventional learning paradigm towards MOOC based flipped classroom learning,Fisnik Dalipi; Arianit Kurti; Katerina Zdravkova; Lule Ahmedi,2017,2017 16th International Conference on Information Technology Based Higher Education and Training (ITHET),10.1109/ITHET.2017.8067791,https://ieeexplore.ieee.org/document/8067791/,adjacent-subtopic,"The recent proliferation of Massive Open Online Courses (MOOCs) has initiated a plethora of research endeavors revolving around new pedagogical methods in higher education. Integrating MOOCs in blended learning can be beneficial in different ways for both learners and instructors. In this position paper, we aim to provide a brief and comprehensive review about the challenges that higher education institutions in Macedonia and Kosovo face while coping with the new trends of flexible or blended learning. Moreover, after describing some real cases of MOOC based flipped classroom learning, we also provide some recommendations in order to enhance and enrich learning experience by employing innovative pedagogies.",ieee,llm,0.960,unreviewed,,doi:10.1109/ithet.2017.8067791
discarded,Collaborative Group Learning in Programming Classes,Tanzil Shahria; Nova Ahmed,2019,"2019 IEEE International Conference on Engineering, Technology and Education (TALE)",10.1109/TALE48000.2019.9225929,https://ieeexplore.ieee.org/document/9225929/,adjacent-subtopic,"The first semester at the university level is considered as decisive for a student, especially for an engineering student. This certain period concerns building a base for the student, consequences to reach out to their professional life. To help the students to utilize that time properly, we are proposing an alternative way to practice programming in the lab classes. We are introducing a collaborative group learning approach along with monthly programming contests on some specific topics among them and encouraging them to work as a group. In the beginning, freshers may not feel comfortable to work in a group with new faces but as they are also very young, they will take the competition as a challenge and will work together to get a good result. In this way, they will collaborate and share their knowledge with one another which will help the weak students to gain enough knowledge about the topic. Although the technique may fairly help the sparkling students, it will help the average and below-average students a lot.",ieee,llm,0.970,unreviewed,,doi:10.1109/tale48000.2019.9225929
discarded,Teaching Practical Machine Learning Concepts to Professionals and Students: An Integrated and Interdisciplinary Qualification Project,Tobias Hagen; Tobias Lauer; Volker Sänger; Klaus Dorer; Stephan Trahasch,2020,2020 IEEE Frontiers in Education Conference (FIE),10.1109/FIE44824.2020.9274204,https://ieeexplore.ieee.org/document/9274204/,adjacent-subtopic,"Machine learning (ML) has become highly relevant in applications across all industries, and specialists in the field are sought urgently. As it is a highly interdisciplinary field, requiring knowledge in computer science, statistics and the relevant application domain, experts are hard to find. Large corporations can sweep the job market by offering high salaries, which makes the situation for small and medium enterprises (SME) even worse, as they usually lack the capacities both for attracting specialists and for qualifying their own personnel. In order to meet the enormous demand in ML specialists, universities now teach ML in specifically designed degree programs as well as within established programs in science and engineering. While the teaching almost always uses practical examples, these are somewhat artificial or outdated, as real data from real companies is usually not available. The approach reported in this contribution aims to tackle the above challenges in an integrated course, combining three independent aspects: first, teaching key ML concepts to graduate students from a variety of existing degree programs; second, qualifying working professionals from SME for ML; and third, applying ML to real-world problems faced by those SME. The course was carried out in two trial periods within a government-funded project at a university of applied sciences in south-west Germany. The region is dominated by SME many of which are world leaders in their industries. Participants were students from different graduate programs as well as working professionals from several SME based in the region. The first phase of the course (one semester) consists of the fundamental concepts of ML, such as exploratory data analysis, regression, classification, clustering, and deep learning. In this phase, student participants and working professionals were taught in separate tracks. Students attended regular classes and lab sessions (but were also given access to e-learning materials), whereas the professionals learned exclusively in a flipped classroom scenario: they were given access to e-learning units (video lectures and accompanying quizzes) for preparation, while face-to-face sessions were dominated by lab experiments applying the concepts. Prior to the start of the second phase, participating companies were invited to submit real-world problems that they wanted to solve with the help of ML. The second phase consisted of practical ML projects, each tackling one of the problems and worked on by a mixed team of both students and professionals for the period of one semester. The teams were self-organized in the ways they preferred to work (e.g. remote vs. face-to-face collaboration), but also coached by one of the teaching staff. In several plenary meetings, the teams reported on their status as well as challenges and solutions. In both periods, the course was monitored and extensive surveys were carried out. We report on the findings as well as the lessons learned. For instance, while the program was very well-received, professional participants wished for more detailed coverage of theoretical concepts. A challenge faced by several teams during the second phase was a dropout of student members due to upcoming exams in other subjects.",ieee,llm,0.910,unreviewed,,doi:10.1109/fie44824.2020.9274204
