status,title,authors,year,venue,doi,url,tags,abstract,provider,decision_source,llm_confidence,llm_review_outcome,llm_change_direction,paper_id
discarded,Active Distance Learning: How Student Perceptions Affect Academic Performance,Shamma Alwheibi; Abdulhadi Shoufan; Asli Hassan,2023,"2023 IEEE International Conference on Teaching, Assessment and Learning for Engineering (TALE)",10.1109/TALE56641.2023.10398395,https://ieeexplore.ieee.org/document/10398395/,adjacent-subtopic,"Active distance learning is an appealing approach that allows students to study at a distance by completing learning activities at their own pace without watching recorded or live lectures. This approach, however, raises some concerns due to the lack of teacher guidance, feedback, and scaffolding. Still, a thoughtful design of the learning activities can mitigate this issue. In this study, we aimed to investigate how students perceive distance learning activities and how their perceptions affect their performance on immediate short tests. Using regression analysis of 103 students’ data and 62 learning activities, we investigated the relationship between the grades and completion time of the learning activities and students’ ratings of the perceived level of interest, motivation, challenge, frustration, and boredom. We found out, for example, that student perceptions of interest and motivation are essentially affected by grades rather than the activity’s completion time. Furthermore, we investigated the relationship between the perceptions of the learning activities and students’ performance on immediate, short tests. The regression model showed that the perceived motivation, interest, and challenge have a remarkably strong impact on students’ performance. We conclude that active distance learning can benefit from a thoughtful design of learning activities that takes students’ perceptions seriously into consideration.",ieee,llm,0.840,unreviewed,,doi:10.1109/tale56641.2023.10398395
kept,Flipped classroom in technology courses - impact on personal efficacy and perception based on learning style preferences,M. Khan; M. Ibrahim,2017,2017 IEEE Integrated STEM Education Conference (ISEC),10.1109/ISECon.2017.7910229,https://ieeexplore.ieee.org/document/7910229/,qualifies-claim,"This paper reports results of a longitudinal study to investigate the impact of flipped classroom teaching strategy in college level technology courses. A within-subjects experiment design approach is used to assess self-efficacy and perception based on learning style preferences. To compare the effectiveness of flipped based (FB) classroom with that of traditional lecture based (LB) approach, selected topics were taught using the two methods. The topic of “learning with technology in special education” was taught using LB method. The FB method was used to teach four topics: Technology tools, hypermedia tools, distance teaching/learning and role of the internet and web-based learning activities on teaching. The learning materials in the flipped teaching method included videos, post-tests and surveys. These were made available online to the students using Blackboard course content. The results show that flipped classroom approach made a statistically significant difference to the self-efficacy. The data analysis also gives insights into students' perception of learning style preferences. A survey of students was conducted to assess their personal perceptions of FB method. The students overwhelmingly favored use of FB teaching strategy compared to the LB approach because it promoted collaboration and hands-on activities during class time. The findings from this study can be used to implement FB teaching approach in other college level technology and engineering courses.",ieee,llm,0.870,unreviewed,,doi:10.1109/isecon.2017.7910229
kept,Transdisciplinarity and Team-Based Learning: Strategies for an Introductory Programming Course,Rocio Ramos-Rodriguez; Maria Calle; Garis Coronell; John E. Candelo Becerra,2024,IEEE Transactions on Education,10.1109/TE.2024.3367617,https://ieeexplore.ieee.org/document/10462149/,supports-claim,"Contribution: Team-based learning (TBL) with a transdisciplinary (TD) approach is applied in one introductory programming course with different cohorts. The approach reduces the failure rate in the course. In addition, the approach helped students understand the application of programming to different engineering professional areas. Background: Programming courses in engineering develop abilities required for professional practice, such as applying concepts to solve complex problems using critical thinking analysis. However, a considerable body of research shows that these courses have significant failure rates because students perceive a high complexity in the topics. Different studies show the effectiveness of using active learning methods such as TBL to improve student performance and perception of the course. Nonetheless, there are few studies regarding active learning with TD in programming courses. Intended Outcomes: The use of TBL with a TD approach can improve student performance through teamwork and discussions including different perspectives. Application Design: The method creates teams of students from different programs and assigns real-life problems related to diverse engineering disciplines. Findings: TBL with TD allows for improving student performance and decreases failure rates. Additionally, a survey shows that students favor the methodology and are committed to developing different activities that integrate several areas of knowledge. Furthermore, the method allows students to visualize the usefulness of the course concepts in their professional field. The students also favor the dynamics of the class and the teamwork.",ieee,llm,0.860,unreviewed,,doi:10.1109/te.2024.3367617
kept,Data Structures in Flipped Classroom: Students' Effort and Preference,Greg C. Lee; Pei-Lun Lee,2015,2015 International Conference on Learning and Teaching in Computing and Engineering,10.1109/LaTiCE.2015.28,https://ieeexplore.ieee.org/document/7126249/,qualifies-claim,"Data Structures is a fundamental course in any collegiate Computer Science program. The course is typically conducted with in-class lectures with homework and programming projects in a teacher-centered approach. In this study, we experimented with the flipped classroom model of learning. Students were asked to watch pre-taped lecture videos before class. In addition, worksheets containing questions that were specifically designed to reinforce key concepts and algorithms covered in the lectures were prepared for in-class discussion and practice. Student survey was taken at the 12th week of the course right after the second of three exams. The survey showed that students could quickly adjust to the new model of learning that required more self-discipline from the students. Students also did put in the effort to watch the lecture videos before coming to class. However, students indicated that flipped classroom also required more time and effort on their part, therefore, more than half of the students do not prefer to see other courses also changed to the flipped classroom model. Students' performance in the course (at the end of the semester) will be added to the presentation.",ieee,llm,0.950,unreviewed,,doi:10.1109/latice.2015.28
discarded,Student perceptions on the use of new techonologies in engineering courses recorded lectures on the internet and moodle,Madhulika Goyal; Sahana Murthy,2009,2009 International Workshop on Technology for Education,10.1109/T4E.2009.5314102,https://ieeexplore.ieee.org/document/5314102/,adjacent-subtopic,"IIT Bombay (IITB) has been transmitting some of its courses as part of its distance education initiative, coordinated by the Centre for Distance Engineering Education Programme (CDEEP). These courses are regular courses taken by IITB students, transmitted live from the classroom, which have a studio like environment with projectors, cameras and mikes. CDEEP makes videos of these recorded lectures available to IITB students. Some courses coordinated by CDEEP use a learning management system, Moodle. In this paper we investigated IITB students' perceptions of the use of the above technologies in their engineering/science courses. We found that students largely perceive the recorded videos and the interactivity provided by Moodle as being productive for their learning. Their responses towards the classroom environment were mixed, a significant problem being the lack of perceived spontaneity in the classroom.",ieee,llm,0.940,unreviewed,,doi:10.1109/t4e.2009.5314102
kept,"Flipped Learning in Fashion Design with AI: Evaluating Student Attitudes, Learning Reflections, and AI-Mediated Lecturer Presence",Ngan Yi Kitty Lam; Chi Hin Lam; Wai Kwan Li,2026,"2026 17th International Conference on E-Education, E-Business, E-Management and E-Learning (IC4e)",10.1109/IC4e69618.2026.11631397,https://ieeexplore.ieee.org/document/11631397/,qualifies-claim,"Artificial intelligence (AI) is increasingly integrated into fashion design, yet students often struggle to connect conceptual understanding of AI with concrete design decisions. This mixed-methods study examined whether a flipped learning approach, delivered through instructor-curated AI-focused pre-class videos, could support students' understanding and adoption of AI in a fashion design course. In a 13-week AI-integrated course with 30 students, pre-class videos demonstrated an AI-supported design process and textile applications using reference images and AI-generated visuals; in-class sessions emphasized application and critique. A 5-item, 5-point Likert survey administered before and after the intervention measured students' understanding and preference for flipped learning, attitudes toward the videos and in-class activities, and perceived effectiveness. Paired-samples t-tests showed statistically significant positive shifts across all items, indicating greater understanding of flipped learning and stronger preference for engaging with AI-related content through pre-class videos and active studio work. Open-ended reflections on each video were thematically analyzed. Students highlighted learning a structured AI-supported workflow, effective prompts and keywords, AI's value for rapid visualization, and translation of AI outputs into textile concepts and garments. A further survey item asked whether the lecturer's voice and video were AI-generated; most students either did not think so or were unsure, suggesting AI-mediated lecturer presence did not detract from learning. Overall, the findings indicate that flipped learning can enhance AI-enabled fashion design education when pre-class video design is closely aligned with practice-based studio activities.",ieee,llm,0.780,unreviewed,,doi:10.1109/ic4e69618.2026.11631397
discarded,Evaluating Factors for Effective Flipped Classroom Instruction in an Advanced Data Management Course,Shamima Mithun; Morgan Vickery; Xiao Luo,2021,2021 IEEE Frontiers in Education Conference (FIE),10.1109/FIE49875.2021.9637247,https://ieeexplore.ieee.org/document/9637247/,adjacent-subtopic,"The following Research-to-Practice full paper presents the outcomes of a remote synchronous flipped classroom implementation of a senior-level data management course. As flipped classroom models of instruction have gained popularity in higher education, it has prompted the need for an investigation into content-specific methods for flipped curriculum design. Our work identified and implemented flipped classroom design factors in an Advanced Database Design (CIT 44400) course to address a gap in research around flipped classroom models within undergraduate data-science courses. Through literature review, we identified a set of eight factors of effective flipped classroom instruction and evaluated them via survey, focus group, course evaluation, student performance, and interview data. We segmented designed course activities which incorporated these eight factors with a set of learning objectives that emphasized collaborative iterative practices to position students as designers and evaluators of solutions to industry-authentic problems. Instructional design factors were evaluated via course evaluations and student surveys followed by an activity-based qualitative analysis of focus group, instructor interview, and student free-response data to understand student perceptions of instructional approaches, intended versus practical outcomes of such activities, and guidelines for future course design iterations and research. We argue instructional design must be student-centered and consider student goals alongside those that are ‘scripted’ into the course structure to best serve, motivate, and engage students. During the Fall 2020 implementation of CIT 44400, we prioritized learner independence, peer collaboration, and critical thinking in the instructional design, selecting flipped methodologies with the intention of fostering these skills in senior students. In light of Covid-19, the course was adapted to be synchronous online. Regardless of these unforeseen constraints, student performance and course evaluation data indicate that with peer and instructor feedback, students were able to apply course content appropriately in their final independent project as evidenced by a 12% increase in assessment scores and an improvement in students average overall final course grades from a ‘B’ to an ‘A-’ as compared to the previously taught Fall 2019 lecture-based section of the same class. Course evaluation scores also improved from 3.22 to 3.66 from Fall 2019 to Fall 2020. Self-reported survey data from students indicate that (a) feedback from the instructor, (b) small group work, (c) revision of work based on feedback, and (d) solution evaluations were the most positively impactful instructional design elements throughout the course. In particular, students mentioned one-on-one scaffolding from the instructor as beneficial for their learning. Students also communicated challenges faced during the pandemic, complaints, and recommendations for future course iterations. Data from focus group discussions conveyed that students (a) generally had positive learning experiences despite the constraints of learning exclusively online and (b) developed the industry-specific collaborative practices which were designed into the forefront of our instructional model. The flipped classroom design and implementation process in this research is transformative and can be employed by other STEM disciplines to design a domain-specific flipped model for their classroom which considers the needs of one's students, the challenges of the current time, and the state of the field at large.",ieee,llm,0.660,unreviewed,,doi:10.1109/fie49875.2021.9637247
kept,Case-Based Instruction in STEM: Analysis of Student Confidence,Aman Yadav; Vivian Alexander; Swati Mehta,2016,2016 International Conference on Learning and Teaching in Computing and Engineering (LaTICE),10.1109/LaTiCE.2016.46,https://ieeexplore.ieee.org/document/7743147/,qualifies-claim,"The use of case-based instruction in professional fields, such as law has been around since the late 1800s; however, the use of cases in engineering has only been around since the 1950s with their earliest implementation in Civil and Chemical engineering. Research on the implementation of case studies in engineering has mainly focused on student perception at the end of a course. There is limited research on students' perceptions of case studies as compared to traditional lecture approach. This paper presents results from a study that examined this relationship between students' perceptions and actual learning performance for lecture and case-based instruction. Specifically, we addressed the following research question: To what extent do students differ in their perceptions of their learning confidence and engagement connections across lecture and case-based instruction? We found that overall students found cases to be more engaging as compared to traditional lecture; however, in one case students found lecture to increase their learning more than cases.",ieee,llm,0.820,unreviewed,,doi:10.1109/latice.2016.46
discarded,Lecture Video Analytics as an Instructional Resource,Ryan Long; Tayfun Tuna; Jaspal Subhlok,2018,2018 IEEE Frontiers in Education Conference (FIE),10.1109/FIE.2018.8659007,https://ieeexplore.ieee.org/document/8659007/,adjacent-subtopic,"This Innovative Practice Full Paper explores how classroom lecture video analytics can be employed as an instructional resource. Lecture videos supplementing or replacing traditional classroom instruction are common in academic settings, and have been shown to contribute positively to student satisfaction and student academic performance. Lecture video usage patterns also contain information that can be employed by instructors to improve course offerings. This paper presents a video lecture analytics framework that transforms extensive usage data into easily understood visual formats. This analytics suite is part of the Indexed Captioned Searchable (ICS) lecture video system that is widely used at the University of Houston. The paper reports on a case study that contrasts the nature of usage of lecture video in a traditional face-to-face undergraduate course on Human Physiology and a graduate course taught in the flipped classroom format on Introduction to Psychological Statistics. The data provided by the analytics suite is analyzed for usage patterns across students, across lectures, and across the dates that the course is active, in order to develop insights into the course content and student behavior. The paper illustrates how lecture video analytics can be employed by an instructor to understand student behavior and improve coursework.",ieee,llm,0.900,unreviewed,,doi:10.1109/fie.2018.8659007
discarded,3Pf: Prepare-Present-Positive Feedback -- An Active Learning Approach for Low Achievers,Vijay T. Raisinghani,2013,2013 IEEE Fifth International Conference on Technology for Education (t4e 2013),10.1109/T4E.2013.10,https://ieeexplore.ieee.org/document/6751049/,adjacent-subtopic,"Active learning is a well established technique for improving student engagement. However, research shows that low achieving students tend to have passive participation in active learning. Further, the approach for providing feedback to students, during the active learning process, impacts the confidence of the students. These students could lose interest in the process, if they do not feel confident about themselves. We propose an active learning approach - Prepare-Present-Positive feedback, focused on low achievers. We experimented with our approach in a postgraduate engineering course in information technology/computer engineering. We report our experiences with this approach, using an example. We evaluated the process using a student perception survey. Our preliminary results show that this approach helps the students, especially low achievers, in improving their self-study, analytical, written and oral expression skills. The results, though preliminary, indicate that the approach has a positive impact on low and also high achievers. Based on our experiences, we provide tips and caveats for implementing this approach. We also identify some of the areas where further research is needed to quantify the benefits and improve the approach.",ieee,llm,0.940,unreviewed,,doi:10.1109/t4e.2013.10
discarded,MeteorologyAR: A Mobile AR App to Increase Student Engagement and Promote Active Learning in a Large Lecture Class,Scottie Murrell; Fang Wang; Eric Aldrich; Xinhao Xu,2020,2020 IEEE Conference on Virtual Reality and 3D User Interfaces Abstracts and Workshops (VRW),10.1109/VRW50115.2020.00275,https://ieeexplore.ieee.org/document/9090550/,adjacent-subtopic,"We present a study using a mobile AR (Augmented Reality) App to enhance large lecture classes both inside and outside the classroom. When students scan the target images using the App as directed by the instructor during the class, animated instructive materials, such as different cloud formation, are presented directly on individual students’ mobile screens. When students study independently outside the classroom, audio instruction and sound effects features of the App can be used along with the visual presentation. Unity and Vuforia were used for the cross-platform (iOS and Android) development of the App. The App was deployed and tested in an Introductory Meteorology class through in-class instructor led demo and students independent usage outside classroom. A survey was administered to collect feedback on students’ attitudes, engagement and satisfaction level, app performance, and other learning and user experiences toward the App. Responses from 95 students were received and analyzed. The survey results indicate that majority students have found the App to be engaging, satisfactory, and considered it to be a promising learning tool. Through the study, AR mobile App is shown to have great potential to be utilized as an active learning tool in large lecture class settings where it’s difficult for instructors to engage with individual students.",ieee,llm,0.960,unreviewed,,doi:10.1109/vrw50115.2020.00275
