status,title,authors,year,venue,doi,url,tags,abstract,provider,decision_source,llm_confidence,llm_review_outcome,llm_change_direction,paper_id
discarded,A Convergent Mixed-Methods Evaluation of a Co-Designed Evidence-Based Practice Module Underpinned by Universal Design for Learning Pedagogy,"Craig, Stephanie; McConnell, Hannah; Stark, Patrick; Devlin, Nuala; McKeaveney, Claire; Mitchell, Gary",2025,NURSING REPORTS,10.3390/nursrep15070236,https://www.webofscience.com/wos/woscc/full-record/WOS:001543148200001,adjacent-subtopic,"Background: The concept of evidence-based practice (EBP) is globally relevant in current healthcare climates. However, nursing students and teachers often struggle with integrating EBP effectively into a curriculum. This has implications for the way students learn to use evidence for their nursing practice. A new undergraduate EBP module was co-designed with current nursing students and university staff throughout 2023. Underpinning the module was a UDL (universal design for learning) pedagogy consisting of flexible approaches to learning for nursing students which included co-developed videos, co-developed audio podcasts, and co-developed serious games to complement traditional flipped classroom learning. The module commenced in September 2023, running in Year 1 one of a 3-year undergraduate nursing program, and was co-taught by staff and senior students. Methods: A pre/post-test design was used to collect data on student attitude, knowledge, and utilization of EBP. A total of 430 students completed two validated questionnaires, the EBP Beliefs Scale (c) and EBP Implementation Scale (c), before and after the module. Following the post-test, six focus group interviews were also conducted with 58 students to explore how the module informed student nursing practice whilst attending clinical placement during Year 1. A convergent mixed-methods design was employed. Sample attrition occurred (similar to 25%). Effect sizes and 95% confidence intervals were calculated for primary outcomes. Results: Quantitative data was analyzed using paired t-tests and this highlighted statistically significant improvements in attitude, knowledge and utilization of evidence-based practice after learning (p < 0.001). Qualitative data was transcribed verbatim, thematically analyzed, and highlighted three main findings; EBP is my business, EBP positively influenced the care of my patients and EBP has positively impacted my professional development. Conclusions: Partnership with current nursing students in the co-design and implementation of a module about EBP was associated with improvements in student knowledge, attitude and utilization of evidence in practice. These factors are likely to also improve professional competence and ultimately patient care.",wos,llm,0.760,unreviewed,,doi:10.3390/nursrep15070236
discarded,Medical education and specialty training in the era of digital connectivity,"Adili, Farzin",2025,GEFASSCHIRURGIE,10.1007/s00772-025-01234-9,https://www.webofscience.com/wos/woscc/full-record/WOS:001531951600001,adjacent-subtopic,"Background: Teaching and learning in medicine involve conflicting priorities of a rapidly increasing body of knowledge, digital transformation and the changing expectations of younger generations. Traditional teaching formats are progressively reaching their limits.

Objective: This article analyzes key challenges and outlines perspectives for future-oriented training in vascular surgery in a digital and connected era. A forward-looking educational concept is outlined based on educational principles, examples from postgraduate specialty training and current developments in digitalization and cross-disciplinarity. Innovative teaching formats such as microlearning, flipped classroom models, simulation-based training, and digital learning platforms enable individualized, practice-oriented learning. Train-the-trainer programs, multidisciplinary networks, and a new culture of leadership strengthen teaching competencies and support the development of professional identity. Medical scientific professional societies play a pivotal role in shaping this evolving educational landscape.

Conclusion: Advancing vascular surgery specialty training requires a comprehensive understanding of medical didactics, digital innovation, professional mindset, and leadership. Excellence in teaching is attainable, provided it is recognized and systematically developed as a deliberate and future-oriented key strategic responsibility.",wos,llm,0.960,unreviewed,,doi:10.1007/s00772-025-01234-9
discarded,"The Effects of Artificial Intelligence Supported Flipped Classroom Applications on Learning Experience, Perception, and Artificial Intelligence Literacy in Higher Education","Yavuz, Mehmet; Balat, Sener; Kayali, Bunyami",2025,OPEN PRAXIS,10.55982/openpraxis.17.2.811,https://www.webofscience.com/wos/woscc/full-record/WOS:001530346300006,adjacent-subtopic,"Rapid changes in the field of technology have greatly affected learning and teaching styles as in every field. Artificial intelligence (AI), which is increasingly used in the field of education for different purposes such as improving learning outcomes or solving teaching problems, is one of the important technologies that contribute to this change. It is thought that there is a need for applications based on AI technology that can meet these needs in terms of sustainability of learning, especially in ODE environments where individual learning and instant feedback are important. Accordingly, the study aims to determine the impact of AI-supported flipped classroom applications on students' AI literacy and to evaluate their experiences and perceptions towards these applications. Explanatory sequential mixed design was used as the method in the study. In this context, in the quantitative phase of the study, a one-group pretest-posttest design from the weak experimental design was used to determine students' perceptions of flipped learning and AI literacy levels. In the qualitative phase of the study, a case study was used to determine students' views on learning experiences. The sample comprised 33 university students enrolled in a Web Design and Coding associate degree program. Data were collected through a flipped learning perception scale, an AI literacy scale, and semi-structured interviews. Quantitative findings revealed a statistically significant improvement in students' AI literacy levels from pre-test to post-test. Qualitative analyses indicated that AI-supported flipped classroom practices positively influenced students' motivation, interest in the course, and personalized learning experiences. Furthermore, the model fostered collaboration by promoting interactive learning environments and enhanced critical thinking and problem-solving skills. However, students also reported challenges related to managing their time effectively within this instructional model. The study concludes that AI-supported flipped classroom applications hold promise for improving AI literacy and fostering active, student-centered learning in higher education. Nevertheless, challenges such as time management warrant further attention. It is recommended that future research explore the implementation of this model across diverse courses and educational contexts, investigate strategies to mitigate time management issues, and conduct comparative studies between AI-supported and traditional flipped classroom models to further elucidate the sources of observed positive perceptions.",wos,llm,0.840,unreviewed,,doi:10.55982/openpraxis.17.2.811
discarded,"Simulation, Flipped Classroom, and Reflective Dialogue in Socioemotional Training in End-of-Life Care","Lanza, Maria; Abajas, Rebeca; Aparicio, Mar; Melero, Angeles; Ortego, Carmen",2025,JOURNAL OF HOSPICE & PALLIATIVE NURSING,10.1097/NJH.0000000000001123,https://www.webofscience.com/wos/woscc/full-record/WOS:001525445700009,adjacent-subtopic,"The implementation of active methodologies in end-of-life education can play a crucial role in stimulating participatory learning and facilitating the acquisition of socioemotional competencies. An exploratory descriptive qualitative study was conducted to describe the students' perspective on the use of simulation, reflective dialogue, and the flipped classroom in an end-of-life education program. Undergraduate nursing students who had not yet begun their practicums were included. At the end of the training program, 4 focus groups were used. After the analysis, 3 themes and 32 categories emerged from the study. The themes included the contribution of the methodologies to learning, the characteristics that the methodology had to meet to be more effective, and motivational and emotional aspects triggered by the educational resources used. From the students' perspective, simulation, reflective dialogue, and flipped classroom enhance the conceptual learning process and facilitate students' socioemotional preparation to face this complex and challenging professional situation.",wos,llm,0.880,unreviewed,,doi:10.1097/njh.0000000000001123
discarded,Flipped learning and its challenges: understanding students' struggles in Indonesian EFL contexts from teachers' viewpoint,"Pilu, Reski; Jabu, Baso; Sulaiman, Iskandar",2025,FRONTIERS IN EDUCATION,10.3389/feduc.2025.1575385,https://www.webofscience.com/wos/woscc/full-record/WOS:001525697000001,adjacent-subtopic,"This study examines the challenges students face in flipped learning in Indonesian English as a Foreign Language (EFL) classrooms from teachers' perspectives. Flipped learning shifts content delivery outside the classroom and prioritizes active learning in class, but its implementation presents difficulties, particularly in EFL settings. Fifteen experienced teachers from one of the private university's English Study Programs in South Sulawesi, Indonesia, were interviewed. Thematic analysis identified key student challenges, including difficulties with time management and self-regulation, unequal access to technology and reliable internet, reluctance to participate actively in class, struggles with independent content comprehension, and challenges in adapting to the demands of the flipped model. Some students also experienced feelings of isolation due to reduced social interaction. These findings underscore the importance of educators providing explicit self-regulation strategies, ensuring equitable access to technology, fostering interactive classroom environments, and designing collaborative activities that promote student engagement. This study offers practical insights for improving flipped learning in EFL classrooms.",wos,llm,0.940,unreviewed,,doi:10.3389/feduc.2025.1575385
discarded,"Development, implementation and evaluation of a hybrid study program for sustainability competencies and future skills","Terpstra-Rundel, Christina; Moeller, Clemens",2025,FRONTIERS IN EDUCATION,10.3389/feduc.2025.1568233,https://www.webofscience.com/wos/woscc/full-record/WOS:001521086300001,off-topic-false-hit,"Introduction Industrialized countries face the challenge of an aging population and declining birth rates, leading to a shortage of qualified personnel. In addition, organizations are confronted with the need for a sustainable transformation, driven by factors such as customer expectations, regulatory requirements, legislative changes, competitive pressures, and societal demands. This leads to increasing demand for, and a shortage of, employees with relevant future skills, particularly in sustainability competencies. Universities are adopting their offers to address these evolving societal and business needs.Methods This study presents recent literature on workforce and student demands, with a particular focus on sustainability competencies and flexibility in education, also for addressing needs of lifelong learning. Based on these insights, we conducted a survey targeting current and potential students in a rural, industrial-dominated region in Germany to better understand their expectations and needs.Results The findings informed the development of a Master's program that emphasizes sustainable development through project-based learning and close collaboration with businesses and organizations. Key features include flexible, blended/hybrid learning approaches and a wide array of elective modules from related degree programs, allowing students to tailor their studies to personal and professional goals while accommodating part-time work or caregiving responsibilities. Student evaluations conducted after the program launch reveal its success in meeting regional and broader student demands. Students highlighted the importance of flexibility, interactive learning, and the integration of interdisciplinary topics. These preferences also underscore the challenges of implementing such a program, particularly the need for effective coordination by both students and the university.Discussion and conclusion We conclude that the program model is well-suited to addressing current demands. However, it requires ongoing adaptation to ensure sustainable success, also to meet lifelong learning demands by continuously including trends and topics of relevance for the target group.",wos,llm,0.920,unreviewed,,doi:10.3389/feduc.2025.1568233
kept,Visual Learning in Electrocardiography Training for Medical Residents: Comparative Intervention Study,"Sung, Heng-You; Liao, Feng-Ching; Lin, Shu-, I; Cheng, Han-En; Lee, Chun-Wei",2025,JMIR MEDICAL EDUCATION,10.2196/73328,https://www.webofscience.com/wos/woscc/full-record/WOS:001516978000001,supports-claim,"Background: Although electrocardiogram (ECG) interpretation training begins early in medical school, achieving accuracy in interpretation of 12-lead ECG remains a persistent challenge. We conducted a pilot educational program to compare the effectiveness of a conventional didactic lecture, self-drawing, and self-drawing following a flipped classroom (SDFC) approach. Objectives:: This study aimed to evaluate the effectiveness of three instructional strategies-traditional didactic lecture, self-drawing, and SDFC approach-in improving ECG interpretation skills among first-year postgraduate (PGY-I) medical residents. Methods: This study was conducted among postgraduate-year PGY-I residents at MacKay Memorial Hospital over 3 years. The study enrolled 76 PGY-I residents, who were randomized into three groups: conventional control (group 1), self-drawing (group 2), and SDFC (group 3). All participants were provided with the same learning material and didactic lectures. Knowledge evaluation was performed using pre-and posttests, which were administered using questionnaires. Results: The groups involving self-drawing, both combined with and without a flipped classroom approach, demonstrated better performance on the written summative examination. These findings highlight the benefits of self-drawing in integrating theoretical knowledge with practical approaches to ECG interpretation. Conclusion: Our study demonstrated promising effects of self-drawing on the recognition of ECG patterns, which could address the inadequacies of traditional classroom teaching. It can be incorporated into routine teaching after validation in a larger cohort.",wos,llm,0.820,unreviewed,,doi:10.2196/73328
discarded,Educating the Next Generation of Neuromuscular and Electrodiagnostic Practitioners: Challenges and Opportunities,"Robinson, Lawrence R.",2025,MUSCLE & NERVE,10.1002/mus.28443,https://www.webofscience.com/wos/woscc/full-record/WOS:001495470600001,adjacent-subtopic,"Today's neuromuscular (NM) and electrodiagnostic medicine (EDM) trainees learn very differently from those of times past. There are a variety of new tools available to them, with nearly ubiquitous access to information, technology, and social media, along with high expectations regarding immediate access to information. At the same time, they require assistance honing their reflective and critical thinking skills. Educators are encouraged to develop explicit goals of training and to consider new teaching methods such as the flipped classroom and the one-minute preceptor. Use of humor in education, when appropriate, can help with information retention and managing stress and emotion in the healthcare team. Despite inherent barriers, educators need to fail learners who do not meet expectations to benefit both learners and patients. Self-assessment examinations (SAEs) can provide very valuable feedback for both individuals and programs, as well as the field. Those who perform poorly on SAEs have a low chance of passing a subsequent certification examination. Performance on the electrodiagnostic SAE improves with increasing numbers of patient studies, not leveling out until roughly 300-400 studies have been completed; this suggests a possible benchmark for training. Poor performance on initial certification examinations is strongly correlated with the risk of subsequent state medical board disciplinary action; such individuals will want to make a special effort to stay informed and up to date. After initial certification examinations, ongoing longitudinal assessment programs can combine formative and summative assessments for both learning and certification.",wos,llm,0.970,unreviewed,,doi:10.1002/mus.28443
discarded,Students outperform faculty in recognizing the use of active learning methods,"Testa, Giovanna Maria Gimenez; Souza, Mariana Bueno de Oliveira; Paes, Angela Tavares; Magdalon, Juliana",2025,ADVANCES IN PHYSIOLOGY EDUCATION,10.1152/advan.00132.2024,https://www.webofscience.com/wos/woscc/full-record/WOS:001487889000004,adjacent-subtopic,"The implementation of active learning methods poses challenges for both instructors and students. Despite institutional support, some educators may encounter difficulties in effectively incorporating this methodology into their teaching practices. We hypothesized that one contributing factor could be the misguided self-perception regarding their class methodology. The objective of this study was to assess whether instructors and students can accurately recognize the application of active learning methods during classes and to identify the characteristics of these classes that influence the satisfaction of both educators and learners. A cross-sectional observational study was conducted during the emergency remote teaching caused by the COVID-19 pandemic. We examined 58 class sessions from a medical school program committed to active learning methodologies using an adapted version of the PORTAAL tool and administered postclass surveys to both instructors and students. Students, but not instructors, were able to accurately recognize the use of active learning methods. Additionally, class satisfaction reported by both instructors and students positively correlated with their self-perceived use of active learning methods in the class, regardless of whether the perception was more accurate, as seen in the students' perceptions, or more inaccurate, as observed in instructors' misperceptions. NEW & NOTEWORTHY This study assesses the recognition and satisfaction of active learning methods among instructors and students during emergency remote teaching due to COVID-19. We examined 58 medical school sessions using the PORTAAL tool and postclass surveys. Findings show students accurately identified active learning, while instructors did not. Satisfaction correlated with perceived active learning use, regardless of accuracy, highlighting the importance of aligning self-perception with actual teaching practices to enhance educational outcomes.",wos,llm,0.940,unreviewed,,doi:10.1152/advan.00132.2024
