status,title,authors,year,venue,doi,url,tags,abstract,provider,decision_source,llm_confidence,llm_review_outcome,llm_change_direction,paper_id
discarded,Building Bridges Instead of Putting Up Walls: An Educational Tool to Facilitate Instructors in Adopting Active Learning Methodologies for Teaching Programming,Ivanilse Calderon; Williamson Silva; Eduardo Feitosa,2025,IEEE Access,10.1109/ACCESS.2025.3554156,https://ieeexplore.ieee.org/document/10938091/,adjacent-subtopic,"Teaching programming is a challenging task, as it requires instructors to guide students in developing complex skills such as real-world abstraction, problem-solving, and logical reasoning. However, the traditional teaching approach is often ineffective in achieving these objectives. Evidence suggests that Active Learning Methodologies (ALMs) can provide a more conducive environment for skill and competency development. Nonetheless, instructors’ adoption rate of ALMs remains relatively low due to various barriers and factors, particularly in programming education. To assist instructors in facing this challenge, we present in this article CollabProg, an open collaborative repository designed to support instructors in identifying and selecting the appropriate ALMs for their teaching context and specific classroom needs. Additionally, CollabProg provides a set of practical guidelines, offering a step-by-step guide to assist instructors in adopting ALMs. We adopted the Design Science Research Methodology (DSRM) to systematically address the research problem and guide the development, evaluation, and evolution of CollabProg. Furthermore, we present two case studies to evaluate the acceptance and feasibility of using CollabProg from the perspective of instructors at different educational institutions in Brazil. The evidence demonstrates that CollabProg effectively supports instructors in adopting active learning methodologies while identifying limitations and opportunities for improvement. We also found that CollabProg helped instructors identify and choose suitable ALMs for their teaching context to meet their specific classroom needs. The guidelines provided by the repository were useful and highly practical for lesson planning in adopting ALMs. The adoption of CollabProg underscores the need for effective strategies to support instructors in teaching programming and motivating students to learn. These strategies are particularly important in collaborative learning contexts, where social interaction is key. CollabProg’s versatility in supporting such contexts is important for successful instruction.",ieee,llm,0.980,unreviewed,,doi:10.1109/access.2025.3554156
discarded,Manuscript Writing Proficiency Among Undergraduate Nursing Students: Application of Flipped Classroom Workshop Model,Sakshi Chaturvedi; Kusum Gahlawat; Sejal Dagar; Chakrapani Chaturvedi; Ayushi Singh; Anshika Shrivastava,2025,2025 12th International Conference on Computing for Sustainable Global Development (INDIACom),10.23919/INDIACom66777.2025.11115301,https://ieeexplore.ieee.org/document/11115301/,adjacent-subtopic,"Manuscript writing is a critical skill for nursing professionals, yet many students face challenges due to limited learning opportunities. This study investigates the impact of a flipped classroom approach on enhancing manuscript writing and reference management competencies among nursing students. A quasi-experimental post-test only design without a control group was implemented, engaging 60 nursing students in an interactive flipped classroom program. Students explored course material before the workshop, fostering active participation and deeper engagement. Data collection included a knowledge assessment and a paper citation competency test posttraining. The average knowledge score was 7.36 (SD $=1.37$), with 51.60 % achieving good results, while 82 % of students met satisfactory standards for annotated bibliography tasks. These findings underscore the efficacy of the flipped classroom model in promoting research writing skills and suggest its potential for broader application in nursing education. However, targeted interventions are needed to support students scoring below average. This study highlights the importance of innovative teaching strategies in advancing nursing education.",ieee,llm,0.980,unreviewed,,doi:10.23919/indiacom66777.2025.11115301
kept,An analysis of flip-classroom pedagogy in first year undergraduate mathematics for computing,Michael Bradford; Cristina Muntean; Pramod Pathak,2014,2014 IEEE Frontiers in Education Conference (FIE) Proceedings,10.1109/FIE.2014.7044072,https://ieeexplore.ieee.org/document/7044072/,supports-claim,"Mathematics is a key subject for success in Computer Science and it continues to be a challenging subject. Use of technology has given rise to a new pedagogy called Flip-Classroom (FC). FC involves creating online multimedia content that is utilized out-of-class in conjunction with in-class learning activities such as individual and collaborative problem solving, group-work and class-discussion. An experiment was conducted to investigate the utility of FC pedagogy and its relationship with student learning. FC pedagogy was implemented in a first year ""Introduction to Mathematics for Computing"" module and was employed for a number of core topics. A traditional lecture approach was utilized for the remaining topics. In-class quiz based assessments, homework assignments and end of semester examinations have been performed in order to assess the learning performance of the students. The results show that on average students performed better in assessments on topics taught through FC pedagogy. For Continuous Assessment (CA) components this increase was 14% and for the terminal exam this increase was 21%. The results indicate that the FC pedagogy may improve learning. Furthermore the students have indicated their preference in favor of FC pedagogy. This study will be of interest to those considering integrating FC pedagogy into teaching Mathematics.",ieee,llm,0.980,unreviewed,,doi:10.1109/fie.2014.7044072
discarded,Real Engineering Problems in an Undergraduate Course: The learning methodologies and assessment tools,Ricardo A. Diogo; André L.A.C. Venâncio; Maria Angela M. Roveredo Santos; Eduardo F.R. Loures; Neri dos Santos,2021,2021 World Engineering Education Forum/Global Engineering Deans Council (WEEF/GEDC),10.1109/WEEF/GEDC53299.2021.9657331,https://ieeexplore.ieee.org/document/9657331/,adjacent-subtopic,"This paper presents the context of the Ubiquitous Computing course carried out in an Industrial Engineering undergraduate program throughout 2020 and the first semester of 2021. This course took advantage of the Institutional Modernization Program led by the Control and Automation Engineering Undergraduate Program, which consists in the modernization of undergraduate engineering programs at the Pontifical Catholic University of Paraná. The course aimed to help develop competencies, i.e., a set of knowledge, skills, and attributes aligned with Student Outcomes suggested by ABET. Also, the course proposal brought the productive sector very close to the academic environment, proposing real engineering problems as challenges. However, what are the methods and assessment tools for practical learning in a course with modern elements? This paper proposed the flipped learning and the Challenge-Based Learning Framework with the support of the CDIO Framework as learning methodologies to answer such question. Additionally, quizzes, tests, presentations, rubrics, and peer evaluation were applied as assessment tools to measure the student's progress. Finally, students were listened to about their perceptions during the course. The results suggested that the learning methodologies and assessment tools are suitable for the course context, although some improvements are expected for the following course offers. Moreover, students approved the initiative to bring in real challenges proposed by companies, the mentoring hours, and the feedback about the projects.",ieee,llm,0.920,unreviewed,,doi:10.1109/weef/gedc53299.2021.9657331
discarded,Research and Practice of Applying Adaptive Learning in Computer Science and IT Degree Programs,Yanzhen Qu; Richard Cai; Mazen Haj-Hussein,2019,2019 IEEE Frontiers in Education Conference (FIE),10.1109/FIE43999.2019.9028374,https://ieeexplore.ieee.org/document/9028374/,off-topic-false-hit,"In recent years, to meet the growing needs of upgrading computer-related competence of working adults, many online Bachelor of Science of Computer Science (BSCS) or Bachelor of Science of Information Technology (BSIT) degree programs have been created. However, how to effectively support these online students is still a challenge. This is due to special needs such as customizing the learning to individual backgrounds, supporting various programming and technical hands-on labs, and promoting teamwork engagement, etc. We have conducted a project integrated three initiatives to create an Online Learning Environment (OLE) suited to BSCS and BSIT degree programs: (a) using the adaptive learning software to customize the learning content based on each student's existing academic foundation; (b) using Amazon's Web Services to set up the hands-on labs; and (c) using discussion board assignments to promote the engagement of student-student and student-faculty, to train students to be competent in teamwork. The initial results of our project have consistently shown that all three initiatives mentioned above have a positive effect on students' learning. Our work has demonstrated that it is possible to create an OLE, which is not only cost-effective but also functionality proper, to the online BSCS and BSIT degree programs.",ieee,llm,0.970,unreviewed,,doi:10.1109/fie43999.2019.9028374
discarded,A Flipped Classroom Experience Teaching Software Engineering,Nicolás Martín Paez,2017,2017 IEEE/ACM 1st International Workshop on Software Engineering Curricula for Millennials (SECM),10.1109/SECM.2017.6,https://ieeexplore.ieee.org/document/7964617/,adjacent-subtopic,"New teaching approaches like the flipped classroom are an interesting alternative to educate new generations but they represent new challenges for teachers. This paper describes our experience re-designing our classes and study materials in order to adopt a flipped classroom approach combined with some other non-traditional teaching techniques. This experience is focused on the Software Engineering course at Universidad Nacional de Tres de Febrero. In this paper we share details of our strategy, the positive results we obtained and the concerns we still need to address.",ieee,llm,0.780,unreviewed,,doi:10.1109/secm.2017.6
discarded,Teaching Programming Skills in Large Digital Settings: Challenges and Experiences,Anna-Marie Lauber; Michael Blumenschein; Barbara Pampel,2024,2024 IEEE 3rd German Education Conference (GECon),10.1109/GECon62014.2024.10734024,https://ieeexplore.ieee.org/document/10734024/,adjacent-subtopic,"Learning to program is inherently challenging for most people, particularly in digital settings or self-studies. Since 2018, the University of Konstanz offers an in-service post-qualification program for teachers in a blended learning format. Annually, the Kontaktstudium IMP post-qualifies a group of 150– 200 experienced school teachers of various subjects in computer science and programming. In the last six years, we have continuously asked ourselves how learning environments should be didactically designed to teach programming skills in a blended learning format for a heterogeneous audience. In this paper, we trace the conceptual development of our programming courses, starting from a typical face-to-face lecture to a sophisticated flipped classroom with various options in the preparation phase and during the face-to-face meetings for different learner types. We will describe the challenges we faced, how we addressed them, and the current design of our programming course, including a qualitative and quantitative analysis of feedback from the different phases of the course design.",ieee,llm,0.950,unreviewed,,doi:10.1109/gecon62014.2024.10734024
discarded,Emerging project based learning in flipped classroom: Technology used to increase students' engagement,Azlina A. Rahman; Norasykin Mohd Zaid; Zaleha Abdullah; Hasnah Mohamed; Baharuddin Aris,2015,2015 3rd International Conference on Information and Communication Technology (ICoICT),10.1109/ICoICT.2015.7231424,https://ieeexplore.ieee.org/document/7231424/,adjacent-subtopic,"The rapid growth of technology has sparked a revolution in the world of education. The use of technology plays an important role in learning and teaching nowadays. However, the use of technology without applying proper pedagogy will not have a big impact. Flipped classroom is one form of pedagogy that stems from the proliferation of technology. Flipped classroom, which is formed from one of the blended learning models, emphasizes student-centered learning activities. Learning process in the flipped classroom provides students with self paced learning environment. Through self paced learning, students can learn according to their learning ability by using technology as an intermediary. Learning in the classroom also emphasizes active learning activities in which the opportunity for interaction and collaboration is high. Flipped classroom through the use of technology has been proven empirically in improving student achievement. However, the use of technology is not to replace the role of the teachers. This paper will discuss the use of technology in the flipped classroom based on previous studies and implementation challenges in the flipped classroom methods. This paper will also make a comparative study of the use of technology in the flipped classroom to unravel the question of the form of technology applications that have the potential to be implemented.",ieee,llm,0.880,unreviewed,,doi:10.1109/icoict.2015.7231424
kept,Flipped Classroom Applied to Software Architecture Teaching,Anderson Cavalcante Gonçalves; Valdemar Vicente Graciano Neto; Deller James Ferreira; Uyara Ferreira Silva,2020,2020 IEEE Frontiers in Education Conference (FIE),10.1109/FIE44824.2020.9274255,https://ieeexplore.ieee.org/document/9274255/,supports-claim,"Teaching (and also learning) software architecture is often challenging since it requires a high degree of abstraction from the students besides talent and creativity of the instructors. Given that context, flipped classroom (FC) has emerged as an approach with potential to reinforce software architecture learning. FC learning promotes a greater immersion in a topic than traditional teaching, improving student engagement, interaction and cooperation by offering students the content before the classroom. Despite the FC popularity and its potential to enhance software architecture learning, studies on the use of it in software architecture teaching are still scarce. The main contribution of this paper is then presenting results on the adoption of FC applied to software architecture teaching. A case study involving a lesson on software architecture inside a course on Internet of Things was taught to a control group (19 people taught using traditional method) and to a treatment group (54 people taught using flipped classroom). Results reveal that the treatment group (who received the intervention via the FC), had a significant better (i) assimilation of content (73.1% of the students acquired most of the content according to the applied assessment), (ii) easiness of abstraction (81.2% of students declared that understood the essential concepts), and also (iii) satisfaction with the technique (78.07% of the students were satisfied about the approach). Conversely, the application of traditional method revealed (i) a lower degree of content assimilation (only 19.1% retained most of the applied content), (ii) only 39.9 % of the students understood the fundamental concepts, and (iii) only 25.87% of the students were satisfied and feeling confident about the content learned.",ieee,llm,0.910,unreviewed,,doi:10.1109/fie44824.2020.9274255
discarded,Research on Parallel Computing Teaching: state of the art and future directions,Thiago de Jesus Oliveira Duraes; Paulo Sergio Lopes de Souza; Guilherme Martins; Davi Jose Conte; Naylor Garcia Bachiega; Sarita Mazzini Bruschi,2020,2020 IEEE Frontiers in Education Conference (FIE),10.1109/FIE44824.2020.9273914,https://ieeexplore.ieee.org/document/9273914/,adjacent-subtopic,"This research full paper identifies how the teaching of parallel computing has been developing over the years. The learning of parallel and distributed computing is fundamental for computing professionals, due to the popularization of parallel architectures. Teaching parallel computing involves theoretical concepts and the development of practical skills. Its content is dense and comprises different disciplines in computer courses. Although there is growing concerned about this type of teaching, the organization and depth of parallel computing teaching at universities change widely. The available literature on the teaching of parallel computing shows some experiences about how to teach parallel computing; however, it is not easy to determine the state of the art with challenges and gaps. Our objective is to identify essential aspects related to the teaching of parallel computing as methodologies, supporting resources, subjects taught, the satisfaction of students with learning and curricula. We carried out a systematic mapping to extract information from the literature, which is composed of three phases: planning, conduction, and reporting. We initially selected 819 papers from the Scopus, IEEE, ACM, and Google Scholar databases. After a previous analysis, we performed a full read of 94 papers. The use of different teaching methodologies appears in the publications, however, the traditional teaching methodology still is the most used. There is a small number of students in parallel computing courses, a concern of different authors. Educational software or hardware resources are reported, with software proposals corresponding to most of them. The teaching of parallel computing at the beginning of undergraduate courses appear in different papers. This paper contributes to research in teaching parallel computing, pointing out the state of the art of this area, highlighting challenges that should be the focus of investigations.",ieee,llm,0.860,unreviewed,,doi:10.1109/fie44824.2020.9273914
discarded,Automatic Personalisation of Study Guides in Flipped Classroom: A Case Study in a Distributed Systems Course,Pedro Araújo; Cecília Costa; Windson Viana; Nécio de Lima Veras; Eder J. P. Farias,2020,2020 IEEE Frontiers in Education Conference (FIE),10.1109/FIE44824.2020.9274186,https://ieeexplore.ieee.org/document/9274186/,adjacent-subtopic,"In Computer Science programs, teaching the subject of Distributed Systems (DS) presents many challenges, especially related to the students’ prior knowledge. Some new Learning Approaches emerged and can aid to improve learning processes in this scenario, such as Flipped Classroom and Adaptive Learning. Using these approaches together enables students to explore content in a personalised way while meeting the professor-defined course objectives. In this context, our work presents a study of the integration of Flipped Classes with Adaptive Learning techniques for supporting the learning of Distributed Systems. We developed a tool to assist in the creation and generation of personalised study guides. To evaluate it, we conducted a Case Study mixing quantitative and qualitative analysis with 26 students during an entire semester of a DS course. The results indicate most students positively evaluated our approach and felt motivated in following new flipped classes with personalised study guides.",ieee,llm,0.960,unreviewed,,doi:10.1109/fie44824.2020.9274186
discarded,A Study About the Impact of Rewards on Student's Engagement with the Flipped Classroom Methodology,Jaime Urquiza-Fuentes,2023,2023 IEEE Global Engineering Education Conference (EDUCON),10.1109/EDUCON54358.2023.10125267,https://ieeexplore.ieee.org/document/10125267/,adjacent-subtopic,"This work describes an incremental design of a course that implements the flipped classroom methodology. The last phase of this implementation was to include rewards based on self-evaluation tests that would impact the students' grades. This should foster students' engagement with the learning methodology. In this work, a deep analysis of the impact of the reward is performed. The analysis of the use of the out-class materials shows that the students' pace does not correspond to the flipped classroom methodology. The students' behaviour is more focused on achieving rewards rather than preparing in-class activities with out-class materials. It is hypothesized that, the main reasons for these behaviours could be that, on the one hand, since the reward is considered by students as another item of the course grade, they work to get the reward. On the other hand, students do not want to change their study methodology because getting involved in the flipped methodology requires from them a significant effort.",ieee,llm,0.940,unreviewed,,doi:10.1109/educon54358.2023.10125267
