status,title,authors,year,venue,doi,url,tags,abstract,provider,decision_source,llm_confidence,llm_review_outcome,llm_change_direction,paper_id
discarded,"Computer Science and Engineering Technology (CSET2015), Medical Science and Biological Engineering (MSBE2015): Proceedings of the 2015 International Conference on CSET & MSBE",,2015,"Computer Science and Engineering Technology (CSET2015), Medical Science and Biological Engineering (MSBE2015): Proceedings of the 2015 International Conference on CSET & MSBE",,https://ieeexplore.ieee.org/document/11665742/,off-topic-false-hit,"This book brings together 106 papers presented at the Joint Conferences of 2015 International Conference on Computer Science and Engineering Technology (CSET2015) and 2015 International Conference on Medical Science and Biological Engineering (MSBE2015), which were held in Hong Kong on 30–31 May 2015.The joint conferences covered a wide range of research topics in new emerging technologies, ranging from computing to biomedical engineering. During the conferences, industry professionals, scholars and government agencies around the world gathered to share their latest research results and discuss the practical challenges they encountered. Their research articles were reviewed and selected by a panel of experts before being compiled into this proceedings. Combining research findings and industry applications, this proceedings should be a useful reference for researchers and engineers working in computing and biomedical science.",ieee,llm,1.000,unreviewed,,hash:278397cf98817f03
discarded,Work in Progress: First Experiences with a Flipped Online Statistics Classroom for Engineering Students,Christina Andersson; Gerald Kroisandt,2021,2021 International e-Engineering Education Services Conference (e-Engineering),10.1109/e-Engineering47629.2021.9470682,https://ieeexplore.ieee.org/document/9470682/,adjacent-subtopic,"Unmotivated students, acting as passive consumers, wanting to pass the exam with the least possible effort, is a common problem in basic statistics courses in undergraduate engineering education. Our course in statistics for industrial engineering students is also affected by this passivity problem. One additional issue in this course is that it is part of the study program Industrial Engineering Online, i.e. the tuition of the course takes place online, which can even more strengthen the passivity problem. Therefore, we decided to introduce active learning components in the teaching framework of the course. This paper describes the challenges and opportunities we encountered, when we flipped the online classroom in order to encourage the students to become more active learners and at the same time, hopefully, feel more motivated to take the basic statistics course.",ieee,llm,0.980,unreviewed,,doi:10.1109/e-engineering47629.2021.9470682
discarded,Bring Your Own Device (BYOD) Based Flipped Classroom in Primary School,Hua Feng; Wei Hu; Jing Wu,2020,2020 IEEE International Conference on Smart Cloud (SmartCloud),10.1109/SmartCloud49737.2020.00036,https://ieeexplore.ieee.org/document/9265541/,adjacent-subtopic,"Mobile devices have been widely used in our daily life. Smartphones and tablets are very popular among students and teachers. These devices are increasingly being brought into the teaching environment. Teachers and students expect to use their own devices to get teaching / learning resources and complete teaching / learning tasks. This is a challenge for the educators. Bring your own device (BYOD) is proposed as the new mode in education, and Existing works showed that BYOD can be used in education. However, BYOD based education needs more creative and flexible management and environment support. In this paper, we proposed the design and practice of using BYOD for the flip class in a primary school. BYOD was used to support the flip class, which had a significant influence on the teaching, learning and resource sharing. BYOD broke the time and place a restriction on teaching / learning. And BYOD could help to enhance the communication between teachers and students. The experiences showed that BYOD based flip class could be a beneficial mode in primary school.",ieee,llm,0.990,unreviewed,,doi:10.1109/smartcloud49737.2020.00036
discarded,Investigating Engagement with In-Video Quiz Questions in a Programming Course,Stephen Cummins; Alastair R. Beresford; Andrew Rice,2016,IEEE Transactions on Learning Technologies,10.1109/TLT.2015.2444374,https://ieeexplore.ieee.org/document/7122326/,adjacent-subtopic,"In-video quizzes are common in many distance learning platforms, including those from Coursera and EdX. However, the effectiveness of in-video quizzes has not previously been assessed. In this paper, we describe the construction and instrumentation of an Interactive Video Lecture Platform to measure student engagement with in-video quizzes. We also investigate the use of in-video quizzes as an approach to mitigate the lack of feedback available to students and lecturers in videos and traditional lectures. Finally, we evaluate the effectiveness of augmenting video with the ability to answer and receive feedback to quiz questions embedded directly within the video. We observed that student engagement with in-video questions was consistently high (71-86 percent) across two cohorts ( $N_1$  = 81, $N_2$  = 84) with a rate of one question per 8.7 minutes of video. We identified three broad levels of engagement with the quiz questions and four motivations, including challenge seeking and completionism, which explain some of the observed behaviour. The results from this investigation demonstrate that in-video quizzes were successful in creating an engaging and interactive mode of content delivery. We recommend that in-video quizzes be used to increase the interactivity of video content as well as supporting formative assessment within a flipped classroom environment.",ieee,llm,0.840,unreviewed,,doi:10.1109/tlt.2015.2444374
kept,Using a Partially Flipped Classroom and Gamification to Improve Student Performance in a First-Year Electronic Circuits Course,Katherine A. Kim; F. Selin Bagci; Anwell Ho,2024,IEEE Transactions on Education,10.1109/TE.2024.3422017,https://ieeexplore.ieee.org/document/10616214/,supports-claim,"Contribution: This study provides an implementation of a partially flipped classroom with gamification aspects that has shown a statistically significant increase in student performance relative to traditional lecture. Background: Electronic Circuits is a challenging required course for first-year students in the Electrical Engineering degree program at National Taiwan University. Students taking the English section have historically performed lower than other Chinese sections, likely due to their diverse backgrounds and less familiarity with Taiwanese-style exams. Intended Outcome: This study applied flipped-learning-with-gamification teaching methods to evaluate their effectiveness in improving students’ motivation to solve ungraded practice problems and increase student performance. One-third of the class was a condensed in-class lecture with supplemental online videos, while two-thirds was a problem-solving session with students in teams. A class gameboard (leaderboard) and weekly concept cards (badges) were used to motivate the students to complete weekly ungraded practice problems. Findings: The results showed that the flipped-learning-with-gamification approach increased the average of the English section’s normalized quiz and exam grades by 11.6% compared to the previous year, such that the section’s average performance matched that of the other sections (control groups). Results also found that higher grades were most strongly correlated with higher completion rates of in-class problems and were uncorrelated with lecture attendance. Survey results showed that students liked the gamification aspects of working in teams, receiving concept cards, and completing challenge problems more than the course gameboard.",ieee,llm,0.990,unreviewed,,doi:10.1109/te.2024.3422017
discarded,"Beyond the typodont: deliberate practice, experiential learning, and feedback in postgraduate orthodontic education","Borzabadi-Farahani, Ali",2026,FRONTIERS IN MEDICINE,10.3389/fmed.2026.1890078,https://www.webofscience.com/wos/woscc/full-record/WOS:001874274800001,adjacent-subtopic,"Background Postgraduate orthodontic education has evolved substantially, but marked global variation remains in program structure, assessment, and graduate preparedness. Feedback is central to clinical training, yet evidence specific to orthodontic education remains limited.Objective Guided by Bordage's educational conceptual frameworks, this review explores contemporary postgraduate orthodontic education, focusing on instructional approaches, workplace-based assessments (WBAs), and trainee perceptions of feedback through the lenses of Miller's Pyramid of Clinical Competence, Ericsson's Deliberate Practice theory, Kolb's Experiential Learning, and van de Ridder's feedback models.Methods A narrative review was conducted using PubMed, Scopus, and Google Scholar for studies published up to 15 June 2026, with an updated search conducted prior to publication of the final version. Evidence (n = 88) was synthesized thematically across five domains.Results International guidelines recommend at least 36 months of full-time orthodontic training with extensive supervised clinical experience, although substantial variation exists internationally. WBAs with timely feedback provide authentic assessment of clinical performance but are resource-intensive and influenced by assessor variability. Problem- and scenario-based learning support experiential learning and strengthen clinical reasoning beyond passive knowledge acquisition. Technology-enhanced approaches, including simulation, virtual and augmented reality, haptic systems, and flipped classroom models, may support learning and deliberate practice but are not intended to replace supervised patient care. Trainees consistently value feedback that is specific, timely, and delivered by engaged supervisors.Conclusion Clinical competence develops through repeated supervised practice supported by meaningful feedback and principles of deliberate practice. Emerging technologies may enhance training but cannot substitute for direct clinical experience. Longitudinal research is needed to assess their impact on long-term competence and patient outcomes.",wos,llm,0.940,unreviewed,,doi:10.3389/fmed.2026.1890078
discarded,Bridging Syntax and Problem Solving: Educators' Perspectives on Pattern-oriented Intelligent Programming Tutor,"Lei, Philip I. S.; Mendes, Antonio Jose; Lam, Chan-tong",2025,"2025 IEEE INTERNATIONAL CONFERENCE ON TEACHING, ASSESSMENT, AND LEARNING FOR ENGINEERING, TALE",10.1109/TALE66047.2025.11346747,https://www.webofscience.com/wos/woscc/full-record/WOS:001800602200123,adjacent-subtopic,"This paper presents the development and expert evaluation of PoIPT, a Pattern-Oriented Intelligent Programming Tutor designed to support introductory programming education. PoIPT structures learning content around programming patterns - reusable, idiomatic solutions to common small-scale coding problems - to help students move beyond surface-level knowledge of syntax toward developing robust problem-solving skills. The system integrates instructional content, interactive exercises (including code comprehension tasks, Parsons problems, and code writing), and adaptive support based on individual student performance.

A qualitative study involving experienced educators from China, Portugal and Brazil highlights the pedagogical value of programming patterns as conceptual stepping stones that bridge syntax and semantics with higher-level reasoning. Participants affirmed that PoIPT supports student engagement, clarifies core programming concepts, and facilitates progress tracking and motivation through personalized recommendations and visual feedback. The system was also recognized for its adaptability to diverse instructional contexts, such as flipped classroom, supplementary exercises after lectures, and independent learning. Deployment challenges included the need for greater variety in exercises, clearer pattern definitions, and expansion to more advanced programming topics.",wos,llm,0.980,unreviewed,,doi:10.1109/tale66047.2025.11346747
kept,Technology-enhanced differentiation in public administration education: A flipped classroom approach to student heterogeneity,"Marks, Peter; Tuytens, Pieter",2026,TEACHING PUBLIC ADMINISTRATION,10.1177/01447394261472515,https://www.webofscience.com/wos/woscc/full-record/WOS:001834671700001,qualifies-claim,"Student heterogeneity-particularly differences in prior academic preparation-poses fundamental challenges for higher education institutions serving increasingly diverse populations. This study examines whether technology-supported flipped classroom designs can address disparities in prior knowledge by enabling differentiated learning. Using learning analytics data from 304 students across two cohorts in an introductory economics course of a bachelor in Public Administration, we tracked timely engagement with pre-recorded materials and formative assessments alongside survey measures of learning characteristics. Results demonstrate that active participation in the flipped design substantially improves academic performance: students with low prior knowledge who engaged promptly with materials performed comparably to high prior-knowledge students who participated less actively, effectively offsetting several years of missing secondary education. However, when comparing students with similar participation levels, prior knowledge remained a significant predictor of performance. Regression analyses confirm that timeliness of video engagement was the strongest behavioural predictor of exam grades, while learning regulation was the only motivational characteristic with consistent effects. These findings suggest that flipped classrooms function as accelerators rather than equalizers-enhancing outcomes for all students without fully eliminating advantages held by those with stronger prior preparation. The study highlights the critical importance of supporting students' self-regulatory capacity and timely engagement to maximize the equity potential of technology-enhanced flipped instruction in heterogeneous higher education cohorts. For public administration educators, results indicate that while technology-enhanced flipped designs can support heterogeneous cohorts, complementary scaffolding remains essential to fully address equity challenges in interdisciplinary public administration programs.",wos,llm,0.880,unreviewed,,doi:10.1177/01447394261472515
discarded,Information Literacy Tutorials for High Enrollment Courses: An Iterative Design-Based Approach,"Casey, Kimberly; Heleen, Rebekah",2026,COMMUNICATIONS IN INFORMATION LITERACY,10.15760/comminfolit.2026.20.1.7,https://www.webofscience.com/wos/woscc/full-record/WOS:001835110400007,adjacent-subtopic,"The purpose of this paper is to provide academic librarians practical guidance on how to provide information literacy support to high enrollment, general education courses. It includes a detailed description and analysis of our approach and findings throughout the project, as well as reflections and lessons learned. The project team developed asynchronous information literacy tutorials for first-year students at the University of Arkansas, utilizing a flipped classroom approach, to address challenges in delivering personalized instruction to high-enrollment courses. Collaborating with program directors, the team created online tutorials embedded with feedback surveys, which collected nearly 2,000 student responses. We also surveyed instructors to gauge the impact of the tutorials on student learning. This paper will cover the entire process, from creation to deployment and evaluation, sharing insights on how assessment shaped the final product and what we learned about effective techniques for gathering feedback to improve future iterations of the tutorials.",wos,llm,0.930,unreviewed,,doi:10.15760/comminfolit.2026.20.1.7
discarded,Transitioning to active learning in veterinary medical education: post-pandemic reflections from veterinary students and faculty,"Roopnarine, Rohini; Francis, Kinda; Hegamin-Younger, Cecelia",2026,FRONTIERS IN EDUCATION,10.3389/feduc.2026.1812985,https://www.webofscience.com/wos/woscc/full-record/WOS:001815382300001,adjacent-subtopic,"Introduction: The COVID-19 pandemic promulgated a palette of digital practices that subsequently transformed global higher education. In this study, we explored the experiences of veterinary students and faculty on the abrupt shift to online learning during the COVID-19 pandemic, which initially posed unprecedented challenges to the institution. This disruption not only highlighted gaps in digital readiness but also forced an exploration of new teaching strategies. The study's findings informed the adjustment of teaching approaches, away from a purely didactic model to the use of digital tools within the Sakai Learning Management System (LMS) to support active learning and student engagement. Methods: The study drew on three main sources of data to explore students' learning activity and experiences in online courses during the pandemic. The usage patterns of the Sakai (LMS) among 112 students were evaluated across the twelve courses taught from 2020 to 2021. Secondly, qualitative data were collected from student focus groups and faculty focus groups. Formal end of term course evaluations for courses in veterinary epidemiology and veterinary public health were also collected from students. Results: Transitioning to virtual learning during the pandemic prompted revisions to pedagogy and training to use digital technologies in the online classroom. The training in the use of digital tools for education increased faculty confidence in embedding technology in their courses upon their return to the island following the pandemic. Subsequently, the knowledge gained about the engagement capabilities of the various aspects of the LMS led to a critical assessment of teaching methods, away from purely didactic approaches towards digital tools that could promote active learning and student engagement. Conclusion: The study offers actionable insights and digital practices implemented within the Doctor of Veterinary Medicine (DVM) program, shaped by exposure to online learning during the COVID-19 pandemic. These practices include the use of flipped classroom approaches, an instructional model that consists of pre-class preparation for in-class applications aligned with learning outcome-based assessments. The lessons learned during the pandemic led to more extensive use of various features within the Sakai LMS. The latter, coupled with case-based and peer learning sessions, led to the redesign of two courses led by the primary investigator, veterinary epidemiology and public health, underscored by theoretical frameworks such as motivational theory and andragogy.",wos,llm,0.870,unreviewed,,doi:10.3389/feduc.2026.1812985
discarded,"Investigating the Current Status, Influence Factors, and Challenges for Blended Teaching Readiness of Pre-Service Teachers in China's Teacher Preparation Programs","Wang, Yanli; Tian, Kaixiang; Ding, Xiaoqian; Jin, Lingyun; Liu, Qingtang",2026,FUTURE IN EDUCATIONAL RESEARCH,10.1002/fer3.70045,https://www.webofscience.com/wos/woscc/full-record/WOS:001804927900001,adjacent-subtopic,"Blended teaching has become the new normal in modern education. Enhancing pre-service teachers' readiness for blended teaching is crucial for adapting to the digital transformation of education and advancing instructional reform. However, pre-service teachers' readiness for blended teaching has rarely been explored. This study explored the current state, influencing factors, and challenges of pre-service teachers' blended teaching readiness in China. The study employed a cross-sectional survey design and applied descriptive statistics, correlation analysis, regression analysis, and content analysis to analyze the data. A total of 468 pre-service teachers participated in the study. The results showed that pre-service teachers' overall readiness for blended teaching was at a moderate level. In addition, pre-service teachers' blended learning experience, digital competence, and the frequency with which instructors adopt blended teaching in courses had significant impacts on their readiness. Moreover, there was a significant correlation between the dimensions of blended teaching readiness and blended teaching intention. Furthermore, preparing pre-service teachers for blended teaching in teacher education encountered multiple challenges across six dimensions. Finally, some suggestions are provided in terms of teacher education, institutional support, and pre-service teachers' self-competence development to help improve their blended teaching competence.",wos,llm,0.990,unreviewed,,doi:10.1002/fer3.70045
