status,title,authors,year,venue,doi,url,tags,abstract,provider,decision_source,llm_confidence,llm_review_outcome,llm_change_direction,paper_id
discarded,Flipped classroom from computer science instructors’ perspectives: A proposed Model,E.M. Bakheet,2019,ACM International Conference Proceeding Series,10.1145/3318396.3318447,https://www.scopus.com/inward/record.uri?partnerID=HzOxMe3b&scp=85066490669&origin=inward,adjacent-subtopic,"Technology embedded in higher education institutes needs to be accepted by both learners and instructors to obtain high educational quality and to achieve a successful experience for users. A literature review of the current studies applying a flipped classroom model shows that students were the focus of most of the researchers' interest in investigating the impact of employing the flipped classroom model in computer science education. Therefore, the lack of studies concerning with instructors' acceptance motivates this study to explore instructors' intentions to adopt a flipped classroom model. This paper proposes a model to be used by computer science instructors to evaluate their acceptance of flipped classroom education instead of the traditional classroom. The model will be validated using a research instrument included in the appendix. A literature review shows a lack in studies applying the Unified Theory of Acceptance and Use of Technology (UTAUT) model in understanding the acceptance of flipped classroom, in particular from computer science perspectives. Thus, this paper proposes to extend the UTAUT in order to explore factors that influence computer science instructors' intention to adopt flipped classroom in their courses.",scopus,llm,0.960,unreviewed,,doi:10.1145/3318396.3318447
discarded,Blended learning with MOOCs: From investment effort to success: a systematic literature review on empirical evidence,M. Eradze,2019,Lecture Notes in Computer Science Including Subseries Lecture Notes in Artificial Intelligence and Lecture Notes in Bioinformatics,10.1007/978-3-030-19875-6_7,https://www.scopus.com/inward/record.uri?partnerID=HzOxMe3b&scp=85065924350&origin=inward,adjacent-subtopic,"This paper reports on a systematic literature review by analysing 48 empirical studies on the use of Blended Learning with MOOCs. The results report on the pedagogically motivated, infrastructural and design-intensive efforts of the institutions. Moreover, they empirically confirm previously made claims that within hybrid initiatives, Flipped Classroom model is the most used one. They also indicate that blended learning in the context of MOOCs yields positive results. At the same time, most of the reviewed empirical research uses so called “MOOCs as Driver” model, where a traditional course in the curriculum is organized around a MOOC.",scopus,llm,0.720,unreviewed,,doi:10.1007/978-3-030-19875-6_7
discarded,"Systematic review of a flipped learning model for the courses of descriptive geometry, engineering and computer graphics",M.V. Voronina,2019,Advances in Intelligent Systems and Computing,10.1007/978-3-319-95588-9_158,https://www.scopus.com/inward/record.uri?partnerID=HzOxMe3b&scp=85050623326&origin=inward,adjacent-subtopic,,scopus,llm,0.620,unreviewed,,doi:10.1007/978-3-319-95588-9_158
discarded,"18th International Conference on Perspectives in Business Informatics Research, BIR 2019",,2019,Lecture Notes in Business Information Processing,,https://www.scopus.com/inward/record.uri?partnerID=HzOxMe3b&scp=85075240355&origin=inward,off-topic-false-hit,,scopus,llm,0.980,unreviewed,,hash:71e3115b1a9208d2
discarded,Analysis and Development of Instructional Design on Moodle Learning Management System in a Flipped Classroom,P. Wahyuningrum,2018,Proceedings 2017 7th World Engineering Education Forum Weef 2017 in Conjunction with 7th Regional Conference on Engineering Education and Research in Higher Education 2017 Rcee and Rhed 2017 1st International Steam Education Conference Steamec 2017 and 4th Innovative Practices in Higher Education Expo 2017 I Phex 2017,10.1109/WEEF.2017.8467133,https://www.scopus.com/inward/record.uri?partnerID=HzOxMe3b&scp=85055437203&origin=inward,adjacent-subtopic,"Flipped classroom is one of the learning methods that flip activities between inside and outside the classroom. One of important factors to determine how good this method is is an individual learning which is conducted outside the classroom. Nowadays, most of the studies about flipped classroom focus on how to implement it with independent tools, without using learning management system (LMS). Therefore, an instructional design prepared on a LMS based on this method is needed. The instructional design was designed based on the learning process at Faculty of Computer Science, University of Indonesia as a case study through interview and literature review. Consequently, the outcome of this research is an instructional design of flipped classroom in Moodle-based LMS within mock up form. The proposed design will become a milestone for future research in flipped classroom. Moreover, this method was expected to increase student's motivation in learning, hence the use of Moodle-based LMS becomes more optimal.",scopus,llm,0.960,unreviewed,,doi:10.1109/weef.2017.8467133
discarded,An Overview of Computing Pedagogy Using the Flipped Classroom Model in Malaysian Education,A.S. Wen,2018,Proceedings of 2018 IEEE International Conference on Teaching Assessment and Learning for Engineering Tale 2018,10.1109/TALE.2018.8615287,https://www.scopus.com/inward/record.uri?partnerID=HzOxMe3b&scp=85062093033&origin=inward,adjacent-subtopic,"In the 21st Century, many researchers realized the importance of computing and suggested developments in learning computing. Therefore, there is a need to design a new ‘integrated pedagogy’ for learning computing to align with the Malaysian Education Blueprint. This will produce future generations that are well-equipped in terms of knowledge and skills. This paper aims to identify computing pedagogy using the Flipped Classroom Model (FCM) in the Malaysian Education setting because the FCM transforms traditional teaching and learning and maximizes the use of technology. Literature reviews and interviews with three Computing teachers were carried out to obtain opinions on using the FCM. The literature reviews and teachers' responses identified that the FCM will benefit the students and teachers. The overall findings suggested that the FCM may be implemented in Computing subjects and taking into considerations other factors like students' motivation, for active learning or teacher-centered perceptions in implementing FCM.",scopus,llm,0.890,unreviewed,,doi:10.1109/tale.2018.8615287
discarded,The comparison of flipped learning effects in Korean school classes,S. Kang,2018,Journal of Advanced Research in Dynamical and Control Systems,,https://www.scopus.com/inward/record.uri?partnerID=HzOxMe3b&scp=85043782696&origin=inward,adjacent-subtopic,,scopus,llm,0.730,unreviewed,,hash:5486a673096f430c
kept,Putting Flipped Classroom into Practice: A Comprehensive Review of Empirical Research,M.N. Giannakos,2018,Digital Technologies Sustainable Innovations for Improving Teaching and Learning,10.1007/978-3-319-73417-0_2,https://www.scopus.com/inward/record.uri?partnerID=HzOxMe3b&scp=105011914570&origin=inward,qualifies-claim,,scopus,llm,0.830,unreviewed,,doi:10.1007/978-3-319-73417-0_2
discarded,"IEEE Global Engineering Education Conference, EDUCON",,2017,IEEE Global Engineering Education Conference Educon,,https://www.scopus.com/inward/record.uri?partnerID=HzOxMe3b&scp=85023646673&origin=inward,off-topic-false-hit,,scopus,llm,0.980,unreviewed,,hash:869b49b6ab82d954
discarded,Systematic review of challenges and gaps in flipped classroom implementation: Toward future model enhancement,I. Shnai,2017,Proceedings of the European Conference on E Learning Ecel,,https://www.scopus.com/inward/record.uri?partnerID=HzOxMe3b&scp=85037541773&origin=inward,adjacent-subtopic,,scopus,llm,0.790,unreviewed,,hash:d7c132018d4cbf3a
kept,Reviewing the flipped classroom research: Reflections for computer science education,M.N. Giannakos,2014,Proceedings Cserc 2014 Computer Science Education Research Conference,10.1145/2691352.2691354,https://www.scopus.com/inward/record.uri?partnerID=HzOxMe3b&scp=84929333607&origin=inward,qualifies-claim; programmering,"Recent technical and infrastructural developments posit flipped (or inverted) classroom approaches ripe for exploration. Flipped classroom approaches have students use technology to access the lecture and other instructional resources outside the classroom in order to engage them in active learning during in-class time. Scholars and educators have reported a variety of outcomes of a flipped approach to instruction; however, the lack of a summary from these empirical studies prevents stakeholders from having a clear view of the benefits and challenges of this style of instruction. The purpose of this article is to provide a review of the flipped classroom approach in order to summarize the findings, to guide future studies, and to reflect the major achievements in the area of Computer Science (CS) education. 32 peer-reviewed articles were collected from a systematic literature search and analyzed based on a categorization of their main elements. The results of this survey show the direction of flipped classroom research during recent years and summarize the benefits and challenges of adopting a flipped approach in the classroom. Suggestions for future research include: describing in-detail the flipped approach; performing controlled experiments; and triangulating data from diverse sources. These future research efforts will reveal which aspects of a flipped classroom work better and under which circumstances and student groups. The findings will ultimately allow us to form best practices and a unified framework for guiding/assisting educators who want to adopt this teaching style.",scopus,llm_reviewed,0.930,confirmed,,doi:10.1145/2691352.2691354
kept,Flipped classroom in higher education: a systematic literature review and research challenges,Maria Ijaz Baig; Elaheh Yadegaridehkordi,2023,International Journal of Educational Technology in Higher Education,10.1186/s41239-023-00430-5,https://openalex.org/W4389155347,qualifies-claim,"Abstract Flipped learning has garnered substantial attention as a potential means to enhance student engagement, improve learning outcomes, and adapt to the evolving educational landscape. However, despite the growing interest and potential benefits of flipped learning, several challenges and areas of concern persist. This systematic literature review critically examines the implementation of the flipped classroom in higher education by focusing on the role of technologies and tools, pedagogical activities and courses, and existing challenges. Using a systematic approach, a total of 30 research articles published between 2014 and 2023 were chosen for the review. This study identified video creation tools, learning management systems (LMS), content repositories, collaborative platforms, podcasts, and online assessment tools as technologies that play a central role in the flipped classroom. Moreover, this study identifies specific pedagogical activities within different courses that contribute to the effectiveness of flipped learning in higher education. The implementation challenges that teachers and students may face in the flipped classroom were presented, and potential strategies to alleviate these challenges were provided. This study will contribute to a more comprehensive understanding of flipped learning's benefits, technologies and tools, challenges, and potential to improve higher education.",openalex,llm,0.890,unreviewed,,doi:10.1186/s41239-023-00430-5
kept,The Effect of Flipped Learning Approach on Academic Achievement: A Meta-Analysis Study,İbrahim Karagöl; Emrullah Esen,2018,Hacettepe University Journal of Education,10.16986/huje.2018046755,https://openalex.org/W2906167030,supports-claim,"This study aims to examine the effect of the flipped learning approach on academic achievement through meta-analysis method.The study consists of the published articles in scientific journals, master's and doctoral theses which have the necessary statistical data.The studies were obtained from various databases such as ""EBSCOhost, ProQuest, JSTOR, Google Scholar, Turkish Academic Network and Information Center (TUBITAK ULAKBIM) Social Sciences Database, Turkish Council of Higher Education National Thesis Center and ERIC"" by using keywords such as ""flipped classroom"", ""flipped learning"", ""academic achievement"".Within the scope of inclusion criteria, 55 studies were obtained.The data set was determined as 80 since the effect of the flipped learning approach on academic achievement was analyzed separately for each course in some studies.The results of the study reveal that there is a positive effect of the flipped learning approach on academic achievement compared to traditional learning approach.Besides, there is not a significant difference according to the implementation period.The effect of flipped learning on academic achievement is higher in small groups, and there is a significant difference between the groups according to being national/international.",openalex,llm,0.990,unreviewed,,doi:10.16986/huje.2018046755
kept,Insights from an Umbrella Review of Flipped Learning in Higher Education,Hebatullah ElGamal; Olaf Zawacki‐Richter,2025,The International Review of Research in Open and Distributed Learning,10.19173/irrodl.v26i4.8301,https://openalex.org/W7116831343,qualifies-claim,"There is a noticeable growth in the number of systematic reviews published in open, distance, and digital education (ODDE), with a growing focus on flipped teaching and learning, particularly in higher education, emphasizing the need to consolidate evidence and findings under one comprehensive review. This umbrella review aims to thoroughly understand the current state of flipped learning in higher education and pinpoint research gaps, analyzing 23 systematic reviews published between 2018 and 2022 from three international databases: Web of Science, Education Source, and Scopus. It delves into publication and authorship patterns while synthesizing key insights. The thematic scope of the reviews reveals that many were focused on the effectiveness of flipped learning and teaching interventions, as well as learning design. The review explored theories guiding practice and research, instructional design considerations, and the application of flipped classrooms in various fields of study. It also examined the reported challenges of the flipped classroom model. As there are a scarcity of theoretical frameworks and a lack of detailed information on the pedagogical challenges of this model, recommendations are presented to enhance research and practice of flipped teaching and learning. The results of this umbrella review provide valuable insights to guide research in future and improve the quality of systematic reviews in the field of ODDE in general and flipped teaching and learning in particular.",openalex,llm,0.970,unreviewed,,doi:10.19173/irrodl.v26i4.8301
kept,Flipped learning : A literature review,Lina Marcela Valencia Lara,2022,Intellectum (Universidad de La Sabana),10.82992/intellectum/handle.10818.7236,https://openalex.org/W7169017317,supports-claim; qualifies-claim,"The present study aims to report the findings of a systematic literature review carried out to determine what has been researched regarding the implementation of the Flipped learning approach. The review process was designed considering the phases (Baumeister & Leary, 1997) recommended. The literature search was conducted using the Scopus and Web of Science electronic databases with specific criteria of being published within 2010 ¿ 2020. In effect, 124 articles were chosen based on explicit inclusion criteria to be reviewed. Results showed that studies were done mostly in 22 countries mainly in The USA in higher education in the fields of Health Science, Computer Science, and Language Learning. In these studies, the use of active learning practices makes FL a promising approach to promote the academic success of students, positive attitude, and self-directedness towards learning. Moreover, the FL model application and limitations are discussed in this study as well as its current state in foreign/second language teaching. The findings obtained from this study are expected to contribute to future studies conducted on flipped classrooms.",openalex,llm,0.880,unreviewed,,doi:10.82992/intellectum/handle.10818.7236
kept,Effectiveness of flipped classrooms in nursing education: Systematic review and meta-analysis,Cui Tan; Weigang Yue; Yu Fu,2017,Chinese Nursing Research,10.1016/j.cnre.2017.10.006,https://openalex.org/W2765440075,supports-claim,"The flipped classroom has generated considerable interest in nursing education in the last few years, especially in higher education in China. However, research to date has been insufficient to confirm the effectiveness of the flipped classroom approach. Since most of the Chinese studies are published in Chinese journals, they may not be easily accessible to international researchers. Therefore, this meta-analysis aimed to review the effectiveness of a flipped classroom in nursing education both in English and Chinese databases. The aim of the present study was to identify the robust available evidence about the effectiveness of flipped classrooms in nursing education through a systematic review and meta-analysis. A systematic search of English databases, including PubMed, EMBASE, Science Director, CINAHL and Google Scholar, and Chinese databases, including Chinese National Knowledge Infrastructure (CNKI), WanFang Data, VIP Information and Chinese Biomedical Literature (CMB), were conducted to identify peer-reviewed studies that met the inclusion criteria. Two reviewers independently performed study identification with Endnote X7 software and used Excel to extract data. The risk of bias in the included studies was assessed with Cochrane Collaboration's risk of bias tool, and a meta-analysis was conducted using RevMan 5.3 software following the guidelines proposed by PRISMA reporting standards with the protocol register No. CRD42016041826. A total of 29 studies were included in systematic review. There was a significant post-intervention improvement in academic performance both in knowledge with a pooled random-effects standardized mean difference of 1.13 and skills with a pooled random-effects standardized mean difference (SMD) of 1.68. Students' self-learning abilities were also improved with a pooled random-effects SMD of 1.51 compared with traditional lecture. In the subgroup analysis, we found that the effect sizes had high fidelity in terms of nursing degrees and research settings. There was a high rating of flipped classroom pedagogy from teaching evaluations, study satisfaction, study attitude and improvement in critical thinking and problem-solving skills. These results indicated that a flipped classroom might help nursing students improve in knowledge, skills, attitudes, self-learning, study satisfaction, critical thinking and problem-solving skills. We recommend adopting this approach for nursing education reform. There is a call for robust empirical research and unification of appraisal standards for further support of the effectiveness of the flipped classroom. Furthermore, a meta-regression analysis is also recommended to explore the sources of heterogeneity in included studies.",openalex,llm,0.930,unreviewed,,doi:10.1016/j.cnre.2017.10.006
discarded,Does Flipped Learning Promote Positive Emotions in Science Education? A Comparison between Traditional and Flipped Classroom Approaches,Malek Turki Jdaitawi,2021,The Electronic Journal of e-Learning,10.34190/jel.18.6.004,https://openalex.org/W3120945783,adjacent-subtopic,": Flipped learning has become a popular approach for supporting higher education, but less is known about its link with the learners’ emotions, which are known to play an important role in science education. The main purpose of this study is to analyse the effects of the flipped learning approach on students’ learning emotions. This research utilised a quasi‑experimental design with two data collection time points (pre‑ and post‑study). The sample involved 65 students from the science track in one Saudi university. The participants were distributed into two groups, taught by the traditional and the flipped learning methods respectively. Data collection took place over a period of 4 study weeks. The results show that the flipped mode group had obtained higher learning emotions mean score compared to its traditional counterpart, and they showed improvement in learning emotions mean score over the period of the study. The findings indicate that further study is needed both to validate the current study in a different context , and also to determine how the flipped learning environment can better support students’ interactions and their emotions.",openalex,llm,0.940,unreviewed,,doi:10.34190/jel.18.6.004
