status,title,authors,year,venue,doi,url,tags,abstract,provider,decision_source,llm_confidence,llm_review_outcome,llm_change_direction,paper_id
discarded,Tutorials in Engineering Physics Using Cooperative Learning: A Reflective Introspection,Sai Preeti Gouripeddi; Vijayanandhini Kannan; Vanaja Mahadasu,2018,2018 IEEE 18th International Conference on Advanced Learning Technologies (ICALT),10.1109/ICALT.2018.00129,https://ieeexplore.ieee.org/document/8433512/,adjacent-subtopic,"A class of 66 students (made in groups of 3 or 4) was introduced to solving tutorials in an engineering physics course using an in-class cooperative learning method. The perception of the students was obtained by way of an online survey, written feedbacks and a one-to-one basis interview. The feedback questionnaire mainly focused to know the extent to which the tutorials using in-class active learning methods helped them to learn the subject, stay focused, motivated and not lose interest for the subject. The results seem to indicate that it was beneficial as the students could learn better from their group members and discuss their opinions without any inhibitions.",ieee,llm,0.910,unreviewed,,doi:10.1109/icalt.2018.00129
kept,Research to Practice in Computer Programming Course using Flipped Classroom,Liang Zhang; Jianwei Niu,2022,2022 IEEE Frontiers in Education Conference (FIE),10.1109/FIE56618.2022.9962430,https://ieeexplore.ieee.org/document/9962430/,supports-claim,"This Research to Practice Full Paper presented a Flipped Classroom (FC) approach to teaching a computer programming course. This approach increased students’ academic performance, course satisfaction and learning motivation by providing more time for active learning.There is an intense need for the studies of FC approach in higher education, especially in computer programming courses. Although FC pedagogy has achieved great success in K-12 schools, there is rare quantitative research on programming courses in higher education.This paper introduced a FC approach to teaching computer program course, and described in detail how to arrange pre-class activities and in-class activities. Pre-class activities were recommended to be arranged by time. 5 days before class, release course material and open access to programming practice. Students began to study and practice by themselves. 2 days before class, Students were required to complete pre-class test. 1 day before class, the teaching assistant provided a pre-class test analysis report. The lecturer prepared the coming class based on the report. In-class activities consisted of four parts. First, the lecturer explained in detail the common problems in the pre-class test. Second, the lecturer checked the problem-solving by asking questions. Third, students discussed in teams. Fourth, students gave presentations on the advanced topics.To assess the effectiveness of the FC approach, the study was conducted at the course Swift Language Programming Practice for undergraduate students. Students were divided into two groups. One group implemented traditional pedagogy, and the other group implemented FC pedagogy. The effect of the two groups was analyzed by teaching data collected during 2019-2021. The nonparametric independent-samples Kruskal–Wallis test was used to measure the changes in course performance and student satisfaction. The results showed that by introducing FC to teach computer programming courses, course performance (measured by examination results) and student satisfaction (measured by course questionnaires) were significantly improved.The contribution of this paper was to propose a FC approach suitable for college programming course, and through quantitative statistical methods to analyze the teaching effect of the course. The results showed that the approach significantly improved the course performance and student satisfaction. The FC approach of this paper can be regarded as a reference for similar course in college.",ieee,llm,0.860,unreviewed,,doi:10.1109/fie56618.2022.9962430
kept,Is More Active Always Better for Teaching Introductory Programming?,Adalbert Gerald Soosai Raj; Jignesh Patel; Richard Halverson,2018,2018 International Conference on Learning and Teaching in Computing and Engineering (LaTICE),10.1109/LaTICE.2018.00006,https://ieeexplore.ieee.org/document/8753400/,qualifies-claim; preferens,"Introduction to programming is usually taught using a wide range of instructional techniques. Some common techniques among them are mini-lectures, live-coding and in-class coding. Each of these three techniques require varying level of student activity. In this study, we taught programming to a group of students using these three techniques. We collected data in the form of a survey to understand the students' perceptions on these three instructional techniques. The results suggest that students like techniques that require a moderate level of student activity (e.g., live-coding) more when compared to techniques that require a great deal of student activity (e.g., in-class coding). We believe that our work has the potential to help instructors design their instructional techniques using a student-centric approach.",ieee,llm_reviewed,0.930,confirmed,,doi:10.1109/latice.2018.00006
kept,An empirical analysis of the flipped classroom about information literacy education in Chinese university based on SPSS 19.0,Yinghong Chen,2021,2021 2nd International Conference on Information Science and Education (ICISE-IE),10.1109/ICISE-IE53922.2021.00023,https://ieeexplore.ieee.org/document/9742642/,supports-claim,"The flipped classroom provides a teaching-learning method for colleges and universities concerning information literacy under the new technology environment. This study is an empirical study on the flipped classroom of information literacy lectures in a university in Guangzhou. The study compares students’ learning situations and feedback information before and after the experiment by SPSS 19.0 software; then sorting the students’ performance data, T-distribution and Pearson by using the data editing function of SPSS; finally, the data editing function of SPSS is used to remove outliers of students’ classroom evaluation. The results show that applying flipped classrooms to information literacy courses possesses remarkable effects in improving students’ learning initiative and sustainability, cooperation and innovation, learning satisfaction, understanding and application of knowledge. It aims to explore the influencing factors of flipped classroom teaching on students’ learning and provide a reference for relevant teaching-learning and research in universities in the future.",ieee,llm,0.900,unreviewed,,doi:10.1109/icise-ie53922.2021.00023
discarded,Students' Perceptions on the Use of Artificial Intelligence Tools in Engineering Education for the Digital Transformation,Miguel X. Rodriguez-Paz; Jorge A. González-Mendivil; Israel Zamora-Hernández; Gibrán Sayeg-Sánchez,2024,2024 IEEE Global Engineering Education Conference (EDUCON),10.1109/EDUCON60312.2024.10578326,https://ieeexplore.ieee.org/document/10578326/,off-topic-false-hit,"This paper presents the results of students and professors perceptions on the use of Artificial Intelligence Tools in their Courses and how universities should include them in the design of new courses. The paper also explores what students think about the future of University Education given the apparition of tools such as ChatGPT. A survey was answered by a group of 100 students enrolled in the Civil Engineering Program of our university. The courses of the students were from the Structural Engineering discipline, in which strong analytical skills are required. The results graphs show the perception of students to the use of AI Tools in this type of courses and how they see the future of teaching, from the students’ point of view.",ieee,llm,0.990,unreviewed,,doi:10.1109/educon60312.2024.10578326
kept,Applying Peer Instruction to Computer Science Students Using Non-native Language: A Study with Undergraduate Students,Miguel Gomes Da Costa; Ana Amélia Amorim Carvalho,2021,"2021 IEEE International Conference on Engineering, Technology & Education (TALE)",10.1109/TALE52509.2021.9678789,https://ieeexplore.ieee.org/document/9678789/,supports-claim; qualifies-claim,"Peer Instruction (PI) has been applied widely in several institutions due to its success in supporting students' engagement and improving learning outcomes. This study examined the application of PI to an Introductory Computer Science course for year-one students taught in English that is not their native language. We aimed to identify the effectiveness of PI to improve students' content learning and English skills. Throughout the analysis of a survey of students' perceptions, we found evidence of the success of PI in terms of engagement and learning of the students, as occurred in previous studies. We found also encouraging results regarding the opportunities provided by PI to improve students non-native language skills. However, we found alarming results regarding the lack of pre-class reading preparation. Instructors should handle this issue since it is a crucial component when implementing the PI methodology for content learning and knowledge acquisition.",ieee,llm,0.810,unreviewed,,doi:10.1109/tale52509.2021.9678789
discarded,Students’ and Instructors’ Perceptions of Five Different Active Learning Strategies Used to Teach Software Modeling,Williamson Silva; Igor Steinmacher; Tayana Conte,2019,IEEE Access,10.1109/ACCESS.2019.2929507,https://ieeexplore.ieee.org/document/8765700/,adjacent-subtopic,"Unified modeling language (UML) is a modeling standard in the software industry. However, students face difficulties when learning how to model complete and correct UML diagrams, in part because the traditional teacher-centered approach still dominates in computer science. In an attempt to bridge this gap, and to improve the effectiveness of teaching and learning in computing courses, educators use strategies that encourage students' active participation in the learning process. The goal of this paper is to understand how active learning strategies influence the teaching and learning process of UML diagrams. We performed four case studies in undergraduate courses at two universities. We collected: (a) students' perceptions of each strategy through questionnaires and focus group sessions; and (b) instructors' perceptions of the challenges faced in using such strategies through semi-structured interviews. We found fifteen factors that influence the active learning of UML diagrams. Whereas the literature shows that students often positively respond to active learning strategies, our results show that some students have had negative responses to the new strategies. Additionally, we identified four challenges that instructors may face when employing active learning strategies. The contributions of this paper include: factors perceived by students about how active learning strategies influence the learning of UML diagrams, the challenges and difficulties faced by instructors in applying these strategies, and suggestions on how to circumvent challenges noted by instructors.",ieee,llm,0.830,unreviewed,,doi:10.1109/access.2019.2929507
discarded,A Comparative Study of Flipped Classroom and Traditional Teaching in Middle School Science Test Review: Effects on Student Achievement and Engagement,Lai Chu Lam; Wan Chong Choi; Iek Chong Choi; Jun Peng,2025,2025 13th International Conference on Information and Education Technology (ICIET),10.1109/ICIET66371.2025.11045967,https://ieeexplore.ieee.org/document/11045967/,off-topic-false-hit,"This comparative analysis examined differences between flipped and traditional instructional methodologies and their effects on student achievement and engagement in middle school science test review lessons. While flipped learning has been widely used in various educational settings, its effectiveness in the context of test review lessons remains underexplored. This study evaluated outcomes between an experimental group utilizing flipped classroom strategies and a control group receiving traditional lecture-based test review. The experimental group participated in a three-phase flipped instruction process that integrated pre-class, in-class, and post-class activities. In contrast, the control group adhered to a traditional test review approach. Comparative results showed that students who experienced the flipped approach markedly improved test performance compared to those receiving traditional instruction. Survey data further revealed that these students enhanced engagement levels, appreciated the structured learning activities, and developed an enhanced ability to identify and address personal knowledge gaps. Additionally, the narrower score distribution in the experimental group suggested that this approach may help create a more balanced learning outcome among students. This study provides empirical evidence supporting the integration of the flipped classroom in middle school science test review and offers a structured framework adaptable to various science topics.",ieee,llm,0.980,unreviewed,,doi:10.1109/iciet66371.2025.11045967
discarded,Lecture-Free Instruction: Does Gender Matter?,Shamma Alwheibi; Abdulhadi Shoufan,2024,2024 IEEE Global Engineering Education Conference (EDUCON),10.1109/EDUCON60312.2024.10578691,https://ieeexplore.ieee.org/document/10578691/,adjacent-subtopic,"Lecture-free teaching and learning is an instructional method that omits the traditional lecture and replaces it with self-paced learning activities in or outside the classroom. While previous research showed evidence for the effectiveness of this method, the impact of gender on students' performance and perceptions remained unexplored. This study attempts to close this gap by analyzing learning and self-report data from two lecture-free courses in a computer engineering program. Our findings, drawn from learning analytics, reveal that the performance of female students in the learning activities is comparable to that of their male counterparts, even though males complete the activities more quickly, on average. Regarding perceptions, female students report slightly lower or higher levels of interest and challenge, respectively. Moreover, the gender effect can be moderated by the complexity of the learning activity. These results suggest that engineering programs employing lecture-free instruction should consider allocating more time for female learners. Additionally, the learning activities should be designed in a way that enhances females' interest and motivation and lowers their perceived level of challenge. Further research is needed to understand the sources of interest and challenges in lecture-free learning activities and to examine the correlations between interest, challenge, and performance.",ieee,llm,0.860,unreviewed,,doi:10.1109/educon60312.2024.10578691
kept,Student Satisfaction: Online Learning-based MIKiR Approach in UNRI-UIN SUSKA RIAU,Neni Hermita; Ira Mahartika; Zetra Hainul Putra; Diniya; Riki Apriyandi Putra; Jesi Alexander Alim; Meza Mardita,2021,2021 Universitas Riau International Conference on Education Technology (URICET),10.1109/URICET53378.2021.9865928,https://ieeexplore.ieee.org/document/9865928/,qualifies-claim,"This study aims to determine the level of satisfaction of UNRI-UIN Suska Riau students towards learning with the MIKiR approach and see the knowledge of UNRI-UIN students about active learning and the good things that students get during learning with the MIKiR approach. The method used is a survey method using Google Forms. This survey was filled by 84 UNRI-UIN Suska students. The data obtained shows that learning with the MIKiR approach gives satisfaction and positive things to students during the learning process. This can be seen from the percentage of assessment of learning with the MIKiR approach. In which 84.5% of respondents gave a score of 80-100 for learning with the MIKiR approach. In addition, students' opinions about the good things that were obtained during the learning process can be used as an illustration that learning with the MIKiR approach based on online learning also provides many benefits to the learning process so that it provides meaningful learning.",ieee,llm,0.720,unreviewed,,doi:10.1109/uricet53378.2021.9865928
kept,Efficacy of a Flipped Method in an Undergraduate Class at IIT Bombay,Kannan M. Moudgalya; Kiran Kumar Eranki; Sohinee Ganguly; Shamika Mohanan; Durga Raja,2016,2016 International Conference on Learning and Teaching in Computing and Engineering (LaTICE),10.1109/LaTiCE.2016.21,https://ieeexplore.ieee.org/document/7743177/,qualifies-claim,"This study analyses the effectiveness of teaching an undergraduate process control course in a flipped mode, with a constraint that the students do not have to do more work than in a conventional class. Video lectures delivered by the instructor in the past were used as study material. It was supplemented by classroom and LMS based discussions, a virtual lab, and tutorial sessions. To enforce the watching of video lectures, a weekly quiz was conducted. Assessments were also carried out through three longer forms of quiz, a mid-semester examination and an end-semester examination. The performance of the students was evaluated using the following metrics: (1) Perception analysis of the flipped class students. (2) A limited comparison of the performance of the flipped class students (experimental group) with a similar set of students who underwent a conventional course simultaneously (control group) (3) Studying the consistency of the flipped class students' performance over different evaluation criteria and correlations between them. The results are consistent with each other and the performance is good. An overwhelming majority of the flipped class students (about 80%) also perceive the flipped method to be as effective as or better than the conventional method of teaching. As it helps achieve the benefits of a flipped method, simultaneously with high satisfaction levels, this method can be considered as successful and hence is easily implementable, even in large scale.",ieee,llm,0.960,unreviewed,,doi:10.1109/latice.2016.21
discarded,Bridging Classroom and Beyond: Integrating Modern Technologies to Support Learning and Enhance Engagement in Programming Course,Kang Tan; Wasim Ahmad; Mark Butala; Syed Muhammad Raza,2026,"2026 4th UK-China Teaching, Learning, and Educational Technology (TILE-TEC)",10.1109/TILE-TEC70450.2026.11682336,https://ieeexplore.ieee.org/document/11682336/,adjacent-subtopic,"Programming courses present persistent challenges for first-year engineering students, particularly in Transnational Education (TNE) environments where differences in language proficiency, prior preparation, and learning culture can impact engagement and performance. This paper investigates the integration of an automated coding assessment platform and an asynchronous online discussion tool in a first-year programming course delivered at Glasgow College UESTC. Data were collected from 231 students via an end-of-semester survey assessing lecture delivery, lab experience, feedback mechanisms, and student support. The results show broadly positive student perceptions of automated real-time feedback for in-class and lab-based learning, while asynchronous discussion platforms provided additional support for continuous learning and peer interaction. These findings suggest a practical and scalable approach to supporting engagement in programming education in a TNE context.",ieee,llm,0.930,unreviewed,,doi:10.1109/tile-tec70450.2026.11682336
discarded,On strategies contributing to active learning,Tatiana Gavalcová,2008,Teaching Mathematics and Its Applications: International Journal of the IMA,10.1093/teamat/hrn013,https://ieeexplore.ieee.org/document/8148806/,adjacent-subtopic,"Many reasons have been documented about the need for more effective teaching of mathematics in universities. These include changes in the level of mathematical skills of new students; changes in society, particularly technological ones, which have led to a strong preference for visual presentation of information; and new students lacking the independent study skills necessary to succeed in higher education. Several authorities have addressed this problem. In this article, we introduce and discuss ideas and strategies for active learning presented by Krantz and Bressoud. We cite thoughts of Zucker and give a summary of strategies formulated by Zweck.",ieee,llm,0.950,unreviewed,,doi:10.1093/teamat/hrn013
