status,title,authors,year,venue,doi,url,tags,abstract,provider,decision_source,llm_confidence,llm_review_outcome,llm_change_direction,paper_id
kept,A Meta Analysis on Effects of Flipped Learning in Korea,Boram Cho; Jeongmin Lee,2018,Journal of Digital Convergence,10.14400/jdc.2018.16.3.059,https://openalex.org/W2978369145,supports-claim; qualifies-claim,,openalex,llm,0.780,unreviewed,,doi:10.14400/jdc.2018.16.3.059
kept,Regulation of Flipped Learning Activities in Programming,Anderson Cavalcante Gonçalves; Deller James Ferreira; Dirson Santos de Campos; Uyara Ferreira Silva,2021,International Journal for Innovation Education and Research,10.31686/ijier.vol9.iss8.3265,https://openalex.org/W3191702535,qualifies-claim,"Flipped Learning can contribute significantly to learning, however there is an under-utilization of conceptual structures of design in the flipped classroom, with regard to the incorporation of pedagogical methods to promote the activities to be performed by students. The pedagogical design of flipped classrooms needs to provide a model that details how to facilitate activities before, during and after classes. It is important to analyze the moment before the classroom, which involves self-regulation, during the classroom which involves processes related to interaction and collaboration and after the classroom, related to reflective processes. Developing and conducting a systematic review can contribute to an analysis of the current state of research on teacher facilitation in relation to student regulation in flipped learning related to teaching programming. The systematic review was carried out to identify all the research available on self-regulation and co-regulation by students during flipped learning in programming courses. The objective of this research is to identify and analyze relevant research related to the regulation and co-regulation of flipped learning activities in the teaching of programming, and to understand how the self-regulation and co-regulation of students has been approached to engage in activities before the classroom. class, collaboration and problem solving during classes and reflections after class. After a analysis of the articles listed by the systematic review, important gaps in the literature can be observed, such as the lack of approach to the three phases of flipped learning, regulation and co-regulation and all dimensions of regulation. Nor is there a theoretical framework based on processes and strategies of self and co-regulation for teaching computer programming. Thus, the present systematic review has significant relevance and highlights the need for studies that involve all elements of flipped learning in the teaching of programming.",openalex,llm,0.900,unreviewed,,doi:10.31686/ijier.vol9.iss8.3265
discarded,Seamless flipped learning: a mobile technology-enhanced flipped classroom with effective learning strategies,Gwo‐Jen Hwang; Chiu‐Lin Lai; Siang-Yi Wang,2015,Journal of Computers in Education,10.1007/s40692-015-0043-0,https://openalex.org/W1805663263,adjacent-subtopic,"The flipped classroom has been recognized by educators as an innovative and effective instructional approach. It totally overthrows traditional instruction by switching in-class instruction time with at-home practicing time. While the effectiveness of the flipped room has been identified, the challenges of applying it to school settings have also been pointed out, such as the need for effective in-class learning designs and the necessity of helping students learn across at-home and in-school contexts. In this paper, the challenges as well as the definition, characteristics, and educational objectives of flipped learning are introduced; moreover, the seamless flipped learning model is proposed by integrating the features of mobile and wireless communication technologies into the flipped classroom model to provide a guide for researchers and educators to develop effective flipped learning activities and plans for helping students learn seamlessly across contexts.",openalex,llm,0.960,unreviewed,,doi:10.1007/s40692-015-0043-0
kept,Gamified Flipped Classroom and Effective Learning Outcomes Through Bibliometric and Systematic Literature Review Toward SDGs 4,Elizabeth Lobo; Yerry Soepriyanto; Ence Surahman,2026,Jurnal Penelitian Pendidikan IPA,10.29303/jppipa.v11i12.13314,https://openalex.org/W7118174240,supports-claim; qualifies-claim,"The use of appropriate approaches or methods in learning can increase the effectiveness of learning outcomes in accordance with the goals of quality education in SDGs 4. The development of flipped classroom or flipped learning and gamification is increasing year by year. So it is necessary to know the application of flipped classroom with the help of gamification in learning for effective learning outcomes toward SDGs 4. The research on gamified flipped classroom uses systematic methods of literature review and bibliometrics to determine the development of trends GFC over a period of 10 years from 2015- October 26, 2025. Data was taken from the Scopus database with the inclusion criteria of English-language journal articles and was all open access. The results of bibliometric analysis show that research on gamification and flipped classroom or flipped learning began in 2016, while research on flipped classroom with the help of gamification began in 2018. Several countries conduct GFC research quantitatively, such as Spain, Thailand, Hong Kong, Indonesia. GFC is mostly carried out at the university level and is widely applied to the subject areas of social science (30.20%) and computer science (22.60%).",openalex,llm,0.830,unreviewed,,doi:10.29303/jppipa.v11i12.13314
discarded,A Bibliometric Investigation of Flipped Classroom Research during 2000-2015,Lie Yang; Tiantian Sun; Yanli Liu,2017,International Journal of Emerging Technologies in Learning (iJET),10.3991/ijet.v12i06.7095,https://openalex.org/W2727981050,adjacent-subtopic,"The paper analyzed the global growth and development of flipped classroom research productivity in terms of publication output as reflected in SCI/SSCI for the period 2000-2015. Publication types and languages, characteristics of articles outputs, countries, subject categories and journals, and the frequency of keywords were analyzed using bibliometric methods. There are 149 articles in 78 journals listed in 41 SCI/SSCI subject categories. A sharp growth trend of publication output was observed during 2011-2015. USA played a predominant role in flipped classroom research. Education educational research, chemistry and medical were the top 3 categories and “active learning” and “blended learning” recent major topics of flipped classroom research during the past 16 years. The results could help researchers understand the characteristics of research output and search hot spots of flipped education field.",openalex,llm,0.990,unreviewed,,doi:10.3991/ijet.v12i06.7095
kept,A meta-analysis on flipped learning: Conditions for successful application and future research direction,Esther O. Park; Jihyun H. Park,2016,Journal of the Korean Data and Information Science Society,10.7465/jkdi.2016.27.1.169,https://openalex.org/W2329131222,qualifies-claim,"이 연구의 목적은 최근 교육성과 개선을 위한 방안으로 관심이 고조되고 있는 플립러닝에 관한 고등교육분야에서의 연구를 분석하여 관련 연구의 향후 발전방향을 제시하는 것이다. 오늘날 대학들은 고등교육의 핵심가치라고 여겨지는 능력들을 함양시키지 못한다는 비판을 받아왔고, 이에 대한 대응책으로 교육과정 개선과 교수법 개선에 노력을 경주하고 있다. 이중 교수법 관련 대안으로 최근 플립러닝에 대한 관심이 고조되고 있다. 비교적 플립러닝에 대한 연구의 역사는 짧지만, 연구물이 축적된 현 시점에서 기존의 연구들을 분석하여 추후 이 주제에 대한 연구들이 나아가야 할 방향을 제시하는 일은 우리나라 고등교육의 발전을 위해 필수적이다. 이에 본 연구는 플립러닝에 대한 20편의 연구를 문헌연구를 통해 도출한 개념적 틀을 활용하여 엄밀하게 분석하였고, 각 준거에 대한 기존 연구결과들을 제시하였다. 이러한 연구 결과를 토대로 플립러닝이 성공적으로 교육현장에 정착되기 위한 조건과 향후 플립러닝에 관련된 연구가 나아가야 할 방향을 제시하였다. The purpose of this study is to rigorously review extant research on flipped learning that has been given a rising interests as a measure of securing the quality of higher education apart from the improvement of the curriculum. Colleges and universities are criticized for failing in equipping their customers with critical skills, which triggered them to review both curriculum and teaching learning method. In the middle of the teaching and learning method lies the flipped learning. For its relatively short history of research tackling the issues of flipped learning, now is the best time to review the extant studies on the topic to overview and suggest future directions in the field. With the goal in mind, this study restricted the journal articles reviewed to 20 and presented the results based on a conceptual framework derived from a rigorous literature review. Followings are policy suggestions and conditions for successful implementation of flipped learning.",openalex,llm,0.950,unreviewed,,doi:10.7465/jkdi.2016.27.1.169
kept,The Flipped Classroom: A Survey of the Research,Jacob Bishop; Matthew A. Verleger,2020,ASEE Annual Conference & Exposition,10.18260/1-2--22585,https://openalex.org/W2306686872,qualifies-claim,latent variable models to analyze variability and change over time.,openalex,llm,0.860,unreviewed,,doi:10.18260/1-2--22585
kept,"Systematic Review and Results of the Experiment of a Flipped Learning Model for the Courses of Descriptive Geometry, Engineering and Computer Graphics, Computer Geometry",Marianna Vladimirovna Voronina; О. Мороз; Alexander E. Sudarikov; Mira Rakhimzhanova; Eduard Muratbakeev,2017,Eurasia Journal of Mathematics Science and Technology Education,10.12973/eurasia.2017.00967a,https://openalex.org/W2755004434,supports-claim; qualifies-claim,"The relevance of this study is determined by complete absence of serious research in the use of flipped learning model (FLM) in teaching students of engineering universities Descriptive Geometry, Engineering and Computer Graphics, Computer Geometry (DGECGCG); by the absence of scientifically-based, tried and tested programs and teaching materials for flipped DGECGCG learning; as well as by the need for the development of new, modern tools to support classroom work and forms of students’ individual work. The purpose of the study is to examine the current state of knowledge and practice of existing DGECGCG courses, using the “flipped” concept as the main pedagogical strategy. Research methods of the issues were: pedagogical experiment, expert assessment (individual and collective) and cluster analysis (Euclidean distance, squared Euclidean distance, Ward’s clustering methods). The experiment involved 25 first-year students of Electromechanical and Mining faculties and 4 lecturers of the Department of Descriptive Geometry and Graphics of the Saint Petersburg Mining University. The results showed that since 2012, flipped learning has gained popularity not only among school teachers, but among professors of engineering universities. This article represents a synthesis of qualitative and quantitative researches of flipped learning models in the field of engineering education; students' attitude towards flipped learning, the role of teaching materials as well as the role of professor’s personality have been identified. Advantages and disadvantages of this learning model have been revealed. The study proved the absence of scientifically-based and tried and tested programs and instructional materials for teaching students DGECGCG using FLM. The need of further scientific researches of flipped DGECGCG learning models has been identified. Recommendations for training students have been provided. The materials of the article can be useful for Professors in the field of engineering.",openalex,llm,0.870,unreviewed,,doi:10.12973/eurasia.2017.00967a
discarded,CU Flipped Smart Application: A Learning Tool for 21st Century Learners,Jintavee Khlaisang,2018,"2018 6th IEEE International Conference on Mobile Cloud Computing, Services, and Engineering (MobileCloud)",10.1109/MobileCloud.2018.00023,https://ieeexplore.ieee.org/document/8350445/,adjacent-subtopic,"The purpose of this study was to investigate the factors affecting the design and development of a CU (Chulalongkorn University) Flipped SMART Application (CUFSA) for the flipped learning classroom to enhance 21st century life and career skills for higher education learners. Based on interviews of 10 instructors and survey results of 400 higher education students analyzed using descriptive statistics, and Confirmation Factor Analysis (CFA), three factors with a total of 10 variables were proposed for further design and developing the application. Factor 1, education 3.0, comprised: (1) content, (2) technology, and (3) learning. Factor 2, smart technology, comprised: (1) hardware, (2) software, (3) instructor, and (4) infrastructure. Factor 3, flipped technology, comprised: (1) preparation (learner and environment), (2) learning strategy, and (3) learner driven activity. Then, the application was designed following the proposed factors. Therefore, CUFSA comprised 4 sub-systems: (1) SMART content, (2) SMART activity, (3) SMART self-check, and (4) SMART document. The proposed factors, a workflow, screenshots of CUFSA, and learning management plan for use along with the application are addressed in detail in the paper.",ieee,llm,0.980,unreviewed,,doi:10.1109/mobilecloud.2018.00023
kept,"A Systematic Review of Self-Regulated Learning in Flipped Classrooms: Key Findings, Measurement Methods, and Potential Directions",V. S. Giita Silverajah; Su Luan Wong; Anandraj Govindaraj; Mas Nida Md. Khambari; Rahmita Wirza Binti O. K. Rahmat; Ann Rosnida Mohd Deni,2022,IEEE Access,10.1109/ACCESS.2022.3143857,https://ieeexplore.ieee.org/document/9684384/,qualifies-claim,"Online instruction through a flipped classroom approach has continued to gain popularity in recent years. Engaging learners’ attention in achieving learning outcomes while embracing the flexibility of online learning via flipped classrooms remains an essential topic among educators, educational institutions, and society. Studies have found that students equipped with self-regulated learning strategies thrive in such learning environments. The present study describes and analyses the state of research in self-regulated learning strategies and their association with the flipped classroom based on the review of articles published in Q1 and Q2 journals from 2016 to the middle of 2021. The instructions in PRISMA guided the development of systematic review protocols. Thirty-two scientific texts from four search databases, Science Direct, Scopus, ERIC, and ProQuest, were reviewed. The key findings present the effects of self-regulation on academic and non-academic outcomes and the factors that influenced the outcomes. The findings also revealed six preferred methods to measure self-regulated learning in a flipped classroom, specifically through self-report questionnaires, as the most preferred approach, followed by learning analytics, interviews, think-aloud protocols, reflective documents, and observation. Furthermore, the potential future areas of study are detailed as prospect references. In conclusion, it is highly recommended for educators and future studies to integrate the essential characteristics of flipped learning as pointed out by the four pillars (F-L-I-P): flexible environment, learning culture, intentional content, and professional educator. Ultimately, this justifies the successful integration of the flipped classroom into learning and facilitates the development of self-regulated learning strategies.",ieee,llm,0.940,unreviewed,,doi:10.1109/access.2022.3143857
discarded,"Mobile learning: Open topics, concept and design of a learning framework",Panagiotis Stylianidis,2015,2015 International Conference on Interactive Mobile Communication Technologies and Learning (IMCL),10.1109/IMCTL.2015.7359634,https://ieeexplore.ieee.org/document/7359634/,adjacent-subtopic,"The use of mobile devices, including mobile phones and tablets, is a growing trend in education. Widespread access to mobile devices and the opportunity to learn regardless of time and place make mobile learning an important tool for lifelong learning. Nevertheless m-learning is still in its infancy and great efforts need to be done so as to investigate the potentials of an educational paradigm shift from the traditional one-size-fits-all teaching approaches to adaptive and personalized learning that can be delivered via mobile devices. In order to achieve this, an extensive review of literature will need to be conducted to define a framework that supports both design and delivery approaches of the learning design via the model of flipped classroom, using case-based learning. Some other factors that need to be examined include the adaptation and management of the content produced and acquired, as well as the link between mobile device affordances and learning methodologies. In this work we define certain areas that can help define such a framework and propose an architecture that can help incorporate and evaluate them.",ieee,llm,0.970,unreviewed,,doi:10.1109/imctl.2015.7359634
discarded,Use of active methodologies for the development of a teaching plan for the algorithms subject,Fabrício Wickey Da Silva Garcia; Elielton Da Costa Carvalho; Sandro Ronaldo Bezerra Oliveira,2021,2021 IEEE Frontiers in Education Conference (FIE),10.1109/FIE49875.2021.9637482,https://ieeexplore.ieee.org/document/9637482/,adjacent-subtopic,"This Research to Practice Full Paper presents that the contents seen in introductory programming subjects, such as that of algorithms or equivalent subjects, provide a basis for further programming studies provided by computing courses. The contents related to programming are considered complex and difficult to understand, this ends up generating high failure rates in the subjects and, consequently, can influence the increase in the dropout rate in computing courses. Thus, the difficulties faced in learning algorithms require teachers to constantly search for new tools and methodologies that facilitate learning and adequately develop the skills and competences related to programming. Therefore, several forms of interventions in the subjects of algorithms have been used and presented in the specialized literature, with emphasis on active methodologies, which have been generating promising results, making it possible to increase the interaction between students in addition to providing more autonomous learning. Thus, the objective of this work is to present a teaching plan focused on the subject of algorithms, elaborated based on six active methodologies, detailing all the stages of preparing the teaching plan, as well as the teaching units that are worked on each day of class. This work will also present the results of the evaluation of the teaching plan that was carried out by expert teachers in the use of active methodologies and in the teaching of algorithms. For the development of this work, a quasi-Systematic Review of Literature was carried out, which allowed the identification of the main forms of intervention that are currently being used in the teaching of algorithms. Then, the teaching plan was elaborated based on the active methodologies that were identified in the previous step and, finally, the evaluation was carried out using the peer review technique, which counted on the participation of teachers with experience in teaching algorithms and using active methodologies. As a result, there is a teaching plan that is entirely shaped by active methodologies, which consists of 17 theoretical and practical classes, distributed in 5 modules. This plan is based on curriculum references such as the Brazilian Computer Society (SBC) and Association for Computing Machinery / Institute of Electrical and Electronic Engineers (ACM / IEEE). In addition, the plan also has support materials for all classes. The elaboration of a teaching plan of great importance, as it allows to diversify the way of teaching complex subjects that cause a high failure rate in algorithm subjects.",ieee,llm,0.850,unreviewed,,doi:10.1109/fie49875.2021.9637482
discarded,Artificial Intelligence in Educational Innovation: A Systematic Review,Yenny Sierra; Hector Dario Jaimes Parada,2025,2025 Congreso Internacional de Innovación y Tendencias en Ingeniería (CONIITI),10.1109/CONIITI68560.2025.11366190,https://ieeexplore.ieee.org/document/11366190/,off-topic-false-hit,"The irruption of artificial intelligence in various fields of society, including education, has posed new challenges in the sector, since it is necessary to integrate these new technologies with existing pedagogical strategies. To meet this challenge, initiatives have been proposed that integrate strategies such as project-based learning or active learning with generative artificial intelligence tools for teaching in different disciplines. This paper corresponds to a systematic review of scientific publications focused on educational innovation based on the integration of artificial intelligence with different learning models, in order to identify the main findings that allow proposing a model to integrate the use of artificial intelligence in the processes of educational innovation in engineering.",ieee,llm,0.980,unreviewed,,doi:10.1109/coniiti68560.2025.11366190
