status,title,authors,year,venue,doi,url,tags,abstract,provider,decision_source,llm_confidence,llm_review_outcome,llm_change_direction,paper_id
kept,Improving student learning in an introductory programming course using flipped classroom and competency framework,Joelle Elmaleh; Venky Shankararaman,2017,2017 IEEE Global Engineering Education Conference (EDUCON),10.1109/EDUCON.2017.7942823,https://ieeexplore.ieee.org/document/7942823/,supports-claim,"In this paper we report our study on the impact of implementing a flipped classroom model on student learning in an undergraduate introductory programming course. We use three components to measure student learning namely, final exam scores, competency acquisition and feedback levels. We compare a traditional offering with a flipped offering delivered the following year to a comparable student population, and with no change in the course content and assessments. We observed that in comparison to the traditional, the flipped model increased pass rates in the final exam and also enhanced competency acquisition. In terms of feedback levels, the flipped classroom provided more time for one-to-one in-class personalized feedback. Our approach is unique in the sense that we use a competency framework to be able to pin point the competencies that were improved as a result of the flipped model.",ieee,llm,0.990,unreviewed,,doi:10.1109/educon.2017.7942823
kept,"Using flipped classroom, peer discussion, and just-in-time teaching to increase learning in a programming course",Håkan Jonsson,2015,2015 IEEE Frontiers in Education Conference (FIE),10.1109/FIE.2015.7344221,https://ieeexplore.ieee.org/document/7344221/,supports-claim,"In this paper we report on an experiment conducted in an attempt to improve further the learning environment in a basic campus course on Object-Oriented Programming and Design given to first-year engineering students studying Computer Science and Engineering. This course has for years had the same traditional set-up that is common also in other engineering schools around the world including lectures, mandatory programming assignments, and a final written exam. What we did was to substitute the lectures for in-class sessions based on a variant of the teaching method known as “flipping the classroom” combined with certain elements of Peer Discussion and Just-in-time teaching. To make all this work, we introduced a web-based MOOC tool into the course. To be able to investigate the quantitative effects of our experiment, we had an experiment class consisting of 70 students taking the course in this new way and a control class of 57 students taking the course in the traditional way. On the final written exam, which was identical for the two classes and marked the same way, 81% of the students in the experiment class passed compared to 60% in the control class. Moreover, the share of students passing with good grades was 58% in the experiment class compared to 32% in the control class. So, not only did the share of students passing the course increase by a third, but also the share of students passing with good grades almost doubled.",ieee,llm,0.980,unreviewed,,doi:10.1109/fie.2015.7344221
kept,Flipped Classroom for Linear Algebra at Undergraduate Level,Manoj Thulasidas,2024,2024 IEEE Global Engineering Education Conference (EDUCON),10.1109/EDUCON60312.2024.10578803,https://ieeexplore.ieee.org/document/10578803/,supports-claim,"In this article, we describe our experience in developing an undergraduate Linear Algebra course tailored to highlight its relevance and applicability in Computer Science. Over the course of three years, the course transitioned from a traditional direct-instruction format to a flipped-classroom design, resulting in positive student learning outcomes. This article covers the course design philosophy, its syllabus, learning objectives, and the incorporation of both quantitative and qualitative student feedback in shaping the course. Furthermore, the article shares the insights gleaned from our experience, which can serve as best practices for instructors aiming to deliver a successful Linear Algebra course for undergraduate students in Computer Science. Our findings demonstrate the effectiveness of the flipped-classroom approach, with carefully created lecture videos and appropriate in-class exercises, in engaging students and enhancing their understanding of the mathematical concepts by incorporating innovative teaching methodologies and emphasizing the practical applications of Linear Algebra within the context of Computer Science education. From our study of our students' performance in their final summative assessments, we establish that their learning is enhanced using the flipped-classroom methodology. In addition, from their quantitative and qualitative feedback, we conclude that the flipped classroom fosters strong in-class engagement and overall satisfaction with the course.",ieee,llm,0.910,unreviewed,,doi:10.1109/educon60312.2024.10578803
kept,Using Flipped Classroom and Team-Based Learning in a First-Semester Programming Course: An Experience Report,Hrafn Loftsson; Ásrún Matthíasdóttir,2019,"2019 IEEE International Conference on Engineering, Technology and Education (TALE)",10.1109/TALE48000.2019.9225985,https://ieeexplore.ieee.org/document/9225985/,qualifies-claim,"The use of the flipped classroom (FC) approach and team-based learning (TBL) has gained popularity in recent years by instructors in introductory programming courses (CS1), due to increased emphasis on student success and active learning. In this paper, we present an experience report about using FC and TBL in a CS1 course. We present the motivation for restructuring the course, the specific implementation, the results of two student surveys, and the outcome of several exams. We discuss the results, present what actions were taken during the course period, and what changes will be carried out in the future. The results from the surveys show that 47% of the students were pleased with the organization of the course, whereas up to 33% of the students were displeased (in particular the female students). About 60% of the students liked the TBL in class, but about half of the students felt that the course lacked traditional lecturing. Finally, it was surprising that 44% of the students never or seldom read the textbook before class, while 74% watched the videos.",ieee,llm,0.970,unreviewed,,doi:10.1109/tale48000.2019.9225985
discarded,Effects of Integrating a Situated Gaming Mechanism Into an Issue-Quest Flipped Learning Approach on Undergraduate Students' Learning Achievement and Motivation in Chinese Character Course,Lin Wang; Chun-Chieh Wang; Hui-Chun Chu; Gwo-Jen Hwang,2017,2017 6th IIAI International Congress on Advanced Applied Informatics (IIAI-AAI),10.1109/IIAI-AAI.2017.161,https://ieeexplore.ieee.org/document/8113318/,adjacent-subtopic,"Teaching the development and evolution of Chinese characters as well as Chinese culture is regarded as an important issue. In this study, a situated gaming mechanism integrated into an issue quest-based flipped learning approach is developed to improve students learning achievement; moreover, the variety of these issues proposed by the students and the depth of their report were evaluated. A total of 57 undergraduate students from Chinese language department participated in this study. The students were asked to learn the basic knowledge of Chinese characters before the class via watching video lectures made by the teacher and experienced the issue-quest learning activities in the flipped in-class stage. Students in the experimental group were asked to raise the issues individually after the situated gaming process and collaboratively to finish the issue-quest flipped learning activity; on the other hand, those in the control group learned in a flipped learning plus conventional issue-quest learning activity that situated students in a pure web information searching environment. The results showed that proposed approach not only promoted the students creativity and imagination of those issues about Chinese characters, but also their learning achievement; moreover, it was found that the approach significant lower the mental effort of the students in the experimental group than those in the control group.",ieee,llm,0.960,unreviewed,,doi:10.1109/iiai-aai.2017.161
discarded,"Teaching High Performance Computing: Lessons from a Flipped Classroom, Project-Based Course on Finite Element Methods",Jill Zarestky; Wolfgang Bangerth,2014,2014 Workshop on Education for High Performance Computing,10.1109/EduHPC.2014.10,https://ieeexplore.ieee.org/document/7016356/,adjacent-subtopic,"High Performance Computing (HPC) is an area that requires students to acquire knowledge in a wide range of topics. At the same time, HPC is not a theoretical subject and is best learned through non-trivial projects. Teaching HPC therefore lives with the tension of having to cover many small, disconnected areas while wanting to provide more feedback on student projects.This paper considers the lessons learned from teaching MATH 676 ""Finite Element Methods in Scientific Computing"", a course one of us teaches at Texas A&M University as a project course with a flipped classroom.The contribution of this paper is to describe a practitioner's approach to using principles of reflective writing and journaling to connect the material of the video lectures to student projects. We will discuss our experience with this approach, in particular regarding (1) helping students engage deeply with course content, (2) increasing motivation, independence, and perseverance, and (3) facilitating more communication with the course instructor. We will also share our experiences with the technology options for electronic journals and report on what worked and what didn't.",ieee,llm,0.940,unreviewed,,doi:10.1109/eduhpc.2014.10
kept,Case-Based VR-FL Versus Traditional Case Teaching: An Evaluation of Learning Achievement and Self-Efficacy among Nursing Students,Yongqiao Li; Yuting Chen; Junjie Gavin Wu,2025,2025 7th International Conference on Computer Science and Technologies in Education (CSTE),10.1109/CSTE64638.2025.11092010,https://ieeexplore.ieee.org/document/11092010/,qualifies-claim,"The conventional model of nursing education faces considerable obstacles due to the rapid advancements in medical technology. Although innovative solutions such as virtual reality (VR), flipped learning (FL), and case-based learning have been proposed, there is a significant lack of research concerning the integration of these methodologies. The purpose of this study was to assess the effectiveness of a combined approach utilizing case-based learning, virtual reality (VR), and flipped learning (FL)—designated as Case-based VR-FL—on nursing students' learning outcomes and self-efficacy in the context of pressure ulcer prevention. A quasi-experimental study was conducted at a medical vocational college, involving 133 nursing students who were assigned to either an experimental group (n=67) or a control group (n=66). The experimental group received instruction through the Case-based VR-FL approach, while the control group engaged in traditional case-based teaching. Knowledge regarding pressure ulcer prevention was evaluated through pre- and post-tests, and a self-efficacy survey was administered. The experimental group exhibited significantly higher post-test scores and demonstrated improved self-efficacy, particularly in terms of confidence and willingness to apply their knowledge. The Case-based VR-FL approach significantly enhances nursing students' knowledge and self-efficacy related to pressure ulcer prevention. Future research should aim to incorporate qualitative data to further enrich and deepen the understanding of these findings.",ieee,llm,0.910,unreviewed,,doi:10.1109/cste64638.2025.11092010
discarded,A Process Mining approach to analyze learning behavior in the flipped classroom,Gomathi Thiyagarajan; Prasanna S,2021,"2021 2nd International Conference on Communication, Computing and Industry 4.0 (C2I4)",10.1109/C2I454156.2021.9689228,https://ieeexplore.ieee.org/document/9689228/,adjacent-subtopic,"Flipped classroom as an instructional strategy promotes dynamic learning to increase student's engagement and learning outcomes. Video-based lectures and materials are to be referred before the actual class as a pre-class activity in the flipped classroom setting and completion status are evaluated through learner's feedback. In this paper, pre-class activities are evaluated by applying process mining on the student's clickstream data generated through learning platform “Delta” designed for current work. The students are categorized as credible and mediocre performers based on their pre-assessment score and process models are generated by applying fuzzy miner and heuristic miner based on their engagement with the tool. We further analyzed and registered the absolute & relative occurrences of events, identified a contrasting pattern in student behavior through trend analysis and process comparator. The various process models from learner's data were presented using several visualizations.",ieee,llm,0.960,unreviewed,,doi:10.1109/c2i454156.2021.9689228
discarded,Flipping the CS1 and CS2 classrooms in Central Asia,Benjamin Tyler; Madina Abdrakhmanova,2016,2016 IEEE Frontiers in Education Conference (FIE),10.1109/FIE.2016.7757739,https://ieeexplore.ieee.org/document/7757739/,adjacent-subtopic,"In this paper, we report on our approach and preliminary observations of transitioning to a flipped classroom model of instruction for our first-year undergraduate programming courses. We believe that our situation is rather unique, in that we are doing so in the context of a newly-formed, Western-style university in Central Asia. Before the transition, our introductory programming course (in C), and our data structures course (in Java), were taught in a more traditional lecture-lab setting. Now, all lesson content is contained in online video lectures, which are embedded in our WordPress course pages. In-class time is now spent almost exclusively on students working through programming exercises in pairs, getting help from instructors and teaching assistants as needed.",ieee,llm,0.840,unreviewed,,doi:10.1109/fie.2016.7757739
discarded,Application and Evaluation of a Grouped Flipped Classroom Method,Katsuyuki Umezawa; Takashi Ishida; Makoto Nakazawa; Shigeichi Hirasawa,2018,"2018 IEEE International Conference on Teaching, Assessment, and Learning for Engineering (TALE)",10.1109/TALE.2018.8615201,https://ieeexplore.ieee.org/document/8615201/,adjacent-subtopic,"We proposed a new flipped classroom method in which students are divided into three groups before each class on the basis of their e-learning self-study logs and level of understanding. The three groups are students who studied the lesson and fully understand the contents, students who studied the lesson but do not fully understand the contents, and students who did not study the lesson and so do not understand the contents. The face-to-face learning in class is done separately for each group. We called this a “grouped flipped classroom.” We applied the above grouped flipped classroom method to 16 weeks of actual lessons in the autumn semester of 2017 at our university. The results revealed that the grouped flipped classroom improved students' performance. In particular, for the group of students who had low understanding during self-study, there was a statistically significant difference between their average scores in the tests after the self-study and after the face-to-face lesson. In addition, the average score in the test after the face-to-face lesson was higher for students in the grouped flipped classroom than for students in conventional style classes (lecture style class and mixed ability class).",ieee,llm,0.920,unreviewed,,doi:10.1109/tale.2018.8615201
discarded,Application of Grouped Flipped Classroom to Two-Year Actual Class and Its Statistical Evaluation,Katsuyuki Umezawa; Takashi Ishida; Makoto Nakazawa; Shigeichi Hirasawa,2019,2019 14th International Conference on Computer Science & Education (ICCSE),10.1109/ICCSE.2019.8845478,https://ieeexplore.ieee.org/document/8845478/,adjacent-subtopic,"In a flipped classroom, the roles of a classroom and homework are reversed. We propose a method for increasing the effectiveness of the flipped classroom lessons based on the self-study log information. Specifically, when students study by e-learning at home, we collect and analyze their learning logs and then classify students into groups based on their study time and the degree of understanding of the material. We call our proposed method a grouped flipped classroom. We applied it to actual lessons during 16 weeks in the autumn semesters of 2017 and 2018 at the Shonan Institute of Technology. The results revealed that students' performance improved after the grouped flipped classroom lessons, especially in the group of students who had low understanding during self-study: there was a statistically significant difference between their average scores in the tests after the self-study and after the face-to-face lessons. In addition, the average scores in the tests after the face-to-face lessons were higher for students in the grouped flipped classroom than for students in conventional style classes (lecture style class and mixed ability class).",ieee,llm,0.930,unreviewed,,doi:10.1109/iccse.2019.8845478
discarded,Redesigning an Introductory Programming Lecture for Mechatronics Students,Jean D. Hallewell Haslwanter,2019,2019 20th International Conference on Research and Education in Mechatronics (REM),10.1109/REM.2019.8744097,https://ieeexplore.ieee.org/document/8744097/,off-topic-false-hit,"Programming languages are taught to a broad variety of students. The needs of our mechatronic students differ from those of many other students in a number of important ways. In this paper, we describe the way an introductory programming course has been adapted to their specific needs and our experiences with this new approach. The main change is centering the presentation on specific examples rather than on programming constructs. At the end, we compare the new teaching method to recommendation from computer science, engineering and didactics. Our first experiences with this “example-based presentation style” are quite positive, and we believe this approach can be recommended to others teaching introductory programming courses to engineering students.",ieee,llm,0.940,unreviewed,,doi:10.1109/rem.2019.8744097
discarded,"Role of Cloud Computing in Facilitating Educational Excellence, A Case Study of Higher Education Institution in Oman",Anjum Zameer Bhat; Mounir Dhibi; Jitendra Pandey; Ajay Vikram Singh,2022,"2022 10th International Conference on Reliability, Infocom Technologies and Optimization (Trends and Future Directions) (ICRITO)",10.1109/ICRITO56286.2022.9964736,https://ieeexplore.ieee.org/document/9964736/,off-topic-false-hit,"Education systems have evolved over the years with learners as receptacles of knowledge to learners as contributors in the learning process efficiently collaborating, communicating, and connecting. Inclusion of social networking into learning and the inception of technology-aided teaching and learning and student-centered approaches, most certainly education systems have evolved over the years directed by the modernization and inclusion of technology in education. Education 4.0 is desired where co-creation and innovation will be the center of focus. This research work presents a case study of a higher education institution that has embedded and adopted cloud computing technology to facilitate Education 4.0 with cloud-based learning. The research study can be a significant means or a use case for higher education establishments to replicate for transformation to Education 4.0 and attainment of Educational excellence in their institutions.",ieee,llm,0.990,unreviewed,,doi:10.1109/icrito56286.2022.9964736
