status,title,authors,year,venue,doi,url,tags,abstract,provider,decision_source,llm_confidence,llm_review_outcome,llm_change_direction,paper_id
kept,Exploring flipped classrooms in undergraduate nursing and health science: A systematic review,"Banks, Laura; Kay, Robin",2022,NURSE EDUCATION IN PRACTICE,10.1016/j.nepr.2022.103417,https://www.webofscience.com/wos/woscc/full-record/WOS:000864064200007,qualifies-claim,"Aim: We conducted a systematic review to investigate the effect of implementing flipped classroom designs on academic performance, student satisfaction and self-efficacy in undergraduate health science disciplines. Background: Blended learning approaches, including the flipped classroom, have been increasingly implemented in higher education. To date, studies examining the effectiveness of the flipped classroom in nursing and health sciences programs have reported mixed findings. Design: Systematic review Methods: We used the PRISMA framework and searched electronic databases (Education Source, ERIC via ProQuest, Scholars Portal, CINAHL, Pubmed) with the terms ""flip* class "", ""health, "" and ""undergraduate "" or ""higher education "". Original research articles were limited to peer-reviewed, quantitative and/or mixed-methods studies published between 2010 and 2021. We extracted data through a full-text screening and of the articles. Results: Three main themes emerged from the 16 articles reviewed, including positive gains in academic performance (n = 8/12 studies reporting; 67 % studies), student satisfaction (n = 7/13 studies reporting; 54 % studies) and increased self-efficacy (n = 1/1 reporting; 100 % studies). Effect sizes demonstrated significant heterogeneity in these outcome measures. Note that none of these studies reported a negative effect for flipped classroom interventions. Structured design of teaching strategies and curriculum appears to be an important determinant of performance, satisfaction and self-efficacy. Conclusion: Studies on flipped classrooms in undergraduate health sciences disciplines indicated positive changes in academic performance, student satisfaction and self-efficacy linked to well-designed curriculum. Methodological limitations in the studies reviewed include the absence of demographic analysis, minimal descriptions of the flipped classroom curriculum design, inadequate data reporting and the absence of randomized, comparison groups. Future research should focus on pre-class, in-class and post-class flipped classroom design, careful documentation of research methods and improving the quality of data collected. Tweetable abstract: A systematic review of flipped classroom use in undergraduate nursing and health science programs indicates positive academic performance, satisfaction and self-efficacy changes.",wos,llm,0.980,unreviewed,,doi:10.1016/j.nepr.2022.103417
discarded,Effectiveness of technology-enhanced learning in Endodontic education: a systematic review and meta-analysis,"Nagendrababu, V.; Pulikkotil, S. J.; Sultan, O. S.; Jayaraman, J.; Soh, J. A.; Dummer, P. M. H.",2019,INTERNATIONAL ENDODONTIC JOURNAL,10.1111/iej.12995,https://www.webofscience.com/wos/woscc/full-record/WOS:000459616400006,off-topic-false-hit,"The aim of the present systematic review was to evaluate the effectiveness of technology-enhanced learning (TEL) in the field of Endodontics to improve educational outcomes compared to traditional learning methods. Randomized controlled studies published in English were identified from two electronic databases (PubMed and Scopus) up to May 2018. Two authors independently performed study selection, data extraction and assessed the risk of bias (ROB). Any teaching method using TEL was considered as the intervention, and this was compared to traditional methods. The outcome measuring the effectiveness of learning activities was evaluated by Kirkpatrick's four-level training evaluation model. The four levels of training outcomes are as follows: Reaction, Learning, Behaviour and Results. A meta-analysis was performed to estimate the standardized mean difference (SMD) by the random effects model. In total, 13 studies were included in the systematic review. Only three studies were assessed as low' ROB. A meta-analysis could not be performed in the domains of Reaction and Behaviour. No significant difference was observed in knowledge gain (Learning domain) between TEL and traditional methods (SMD, 0.14 (95% CI -0.10 to 0.39) I-2=62.7%). Similarly, no difference was observed in performance (Behaviour domain). A variable response was found in attitude (Reaction domain). From the available evidence, it can be concluded that TEL is equally as effective as traditional learning methods.",wos,llm,0.940,unreviewed,,doi:10.1111/iej.12995
kept,Flipped classroom improves student learning in health professions education: a meta-analysis,"Hew, Khe Foon; Lo, Chung Kwan",2018,BMC MEDICAL EDUCATION,10.1186/s12909-018-1144-z,https://www.webofscience.com/wos/woscc/full-record/WOS:000427997200002,supports-claim; qualifies-claim; metaanalys,"Background: The use of flipped classroom approach has become increasingly popular in health professions education. However, no meta-analysis has been published that specifically examines the effect of flipped classroom versus traditional classroom on student learning. This study examined the findings of comparative articles through a meta-analysis in order to summarize the overall effects of teaching with the flipped classroom approach. We focused specifically on a set of flipped classroom studies in which pre-recorded videos were provided before face-to-face class meetings. These comparative articles focused on health care professionals including medical students, residents, doctors, nurses, or learners in other health care professions and disciplines (e.g., dental, pharmacy, environmental or occupational health).

Method: Using predefined study eligibility criteria, seven electronic databases were searched in mid-April 2017 for relevant articles. Methodological quality was graded using the Medical Education Research Study Quality Instrument (MERSQI). Effect sizes, heterogeneity estimates, analysis of possible moderators, and publication bias were computed using the COMPREHENSIVE META-ANALYSIS software.

Results: A meta-analysis of 28 eligible comparative studies (between-subject design) showed an overall significant effect in favor of flipped classrooms over traditional classrooms for health professions education (standardized mean difference, SMD = 0.33, 95% confidence interval, CI = 0.21-0.46, p < 0.001), with no evidence of publication bias. In addition, the flipped classroom approach was more effective when instructors used quizzes at the start of each in-class session. More respondents reported they preferred flipped to traditional classrooms.

Conclusions: Current evidence suggests that the flipped classroom approach in health professions education yields a significant improvement in student learning compared with traditional teaching methods.",wos,llm_reviewed,1.000,confirmed,,doi:10.1186/s12909-018-1144-z
discarded,"Strengths, Limitations and Challenges in the Implementation of Active Learning in an Undergraduate Course of Logistics Technology","de Novais, Andre Seixas; Silva, Messias Borges; Muniz, Jorge, Jr.",2017,INTERNATIONAL JOURNAL OF ENGINEERING EDUCATION,,https://www.webofscience.com/wos/woscc/full-record/WOS:000408377200013,adjacent-subtopic,"Teaching strategies have been used by several Higher Education Institutions to improve learning rates. In this context, international surveys have identified Active Learning as a methodology that provides students with the ability to be coauthors of their own learning process in which they occupy the central role. Professors also play an important role of process mediators through this methodology. Thus, strategies such as problem-based learning, collaborative learning, peer assessment, flipped classroom, among others, have been identified by experts as Active Learning approaches that increase learning rates. It so happens because it improves autonomy in reading, self-learning, discussions in pairs, information sharing, researches and discoveries. Despite the foregoing, Active Learning implementation in a higher education course is not an easy task, thence this research seeks answers to the following question: ""What are the main strengths, limitations and challenges to implement Active Learning in a higher education institution?''. In order to answer such a question, this paper aims to present a case study on the implementation of Active Learning in a higher education program. The object of this research is an undergraduate course in Logistics Technology of a Brazilian institution, with emphasis on its implementation actions, feedback from students and professors and experiences obtained from the discipline of Statistical Methods, which is considered as pilot project. In order to better understand its theory, a literature review of Active Methodology is going to be presented in the first and second sections, the third section is going to highlight some international experiences, its methods are going to be presented in the fourth section, and discussions of the case study and research conclusions are going to be shown in the fifth and sixth sections, respectively.",wos,llm,0.960,unreviewed,,hash:e6d4fbc60c1c26a1
kept,The evidence for 'flipping out': A systematic review of the flipped classroom in nursing education,"Betihavas, Vasiliki; Bridgman, Heather; Kornhaber, Rachel; Cross, Merylin",2016,NURSE EDUCATION TODAY,10.1016/j.nedt.2015.12.010,https://www.webofscience.com/wos/woscc/full-record/WOS:000371951000005,qualifies-claim,"Background: The flipped classroom has generated interest in higher education providing a student-centred approach to learning. This has the potential to engage nursing students in ways that address the needs of today's students and the complexity of contemporary healthcare. Calls for educational reform, particularly in healthcare programs such as nursing, highlight the need for students to problem-solve, reason and apply theory into practice. The drivers towards student-based learning have manifested in team, problem and case-based learning models. Though there has been a shift towards the flipped classroom, comparatively little is known about how it is used in nursing curricula.

Objectives: The aims of this systematic review were to examine how the flipped classroom has been applied in nursing education and outcomes associated with this style of teaching.

Data Sources: Five databases were searched and resulted in the retrieval of 21 papers: PubMed, CINAHL, EMBASE, Scopus and ERIC.

Review Methods: After screening for inclusion/exclusion criteria, each paper was evaluated using a critical appraisal tool. Data extraction and analysis were completed on all included studies.

Results: This systematic review screened 21 titles and abstracts resulting in nine included studies. All authors critically appraised the quality of the included studies. Five studies were identified and themes identified were: academic performance outcomes, and student satisfaction implementing the flipped classroom.

Conclusions: Use of the flipped classroom in higher education nursing programmes yielded neutral or positive academic outcomes and mixed results for satisfaction. Engagement of students in the flipped classroom model was achieved when academics informed and rationalised the purpose of the flipped classroom model to students. However, no studies in this review identified the evaluation of the process of implementing the flipped classroom. Studies examining the process and ongoing evaluation and refinement of the flipped classroom in higher education nursing programmes are warranted. (C) 2015 Elsevier Ltd. All rights reserved.",wos,llm,0.960,unreviewed,,doi:10.1016/j.nedt.2015.12.010
discarded,,,,,,,off-topic-false-hit,,scopus,llm,0.550,unreviewed,,hash:cbe5cfdf7c2118a9
kept,Active Learning in Flipped Life Science Courses Promotes Development of Critical Thinking Skills,Melanie L. Styers; Peter A. Van Zandt; Katherine L. Hayden,2018,CBE—Life Sciences Education,10.1187/cbe.16-11-0332,https://openalex.org/W2884618963,supports-claim; qualifies-claim,"Although development of critical thinking skills has emerged as an important issue in undergraduate education, implementation of pedagogies targeting these skills across different science, technology, engineering, and mathematics disciplines has proved challenging. Our goal was to assess the impact of targeted interventions in 1) an introductory cell and molecular biology course, 2) an intermediate-level evolutionary ecology course, and 3) an upper-level biochemistry course. Each instructor used Web-based videos to flip some aspect of the course in order to implement active-learning exercises during class meetings. Activities included process-oriented guided-inquiry learning, model building, case studies, clicker-based think-pair-share strategies, and targeted critical thinking exercises. The proportion of time spent in active-learning activities relative to lecture varied among the courses, with increased active learning in intermediate/upper-level courses. Critical thinking was assessed via a pre/posttest design using the Critical Thinking Assessment Test. Students also assessed their own learning through a self-reported survey. Students in flipped courses exhibited gains in critical thinking, with the largest objective gains in intermediate and upper-level courses. Results from this study suggest that implementing active-learning strategies in the flipped classroom may benefit critical thinking and provide initial evidence suggesting that underrepresented and first-year students may experience a greater benefit.",openalex,llm,0.820,unreviewed,,doi:10.1187/cbe.16-11-0332
discarded,The link between flipped and active learning: a scoping review,Rita Li; Andreas Lund; Anita Nordsteien,2021,Teaching in Higher Education,10.1080/13562517.2021.1943655,https://openalex.org/W3174929835,adjacent-subtopic,"Flipped learning in higher education is becoming increasingly widespread. Although the number of flipped learning articles has increased since 2011, systematic reviews of flipped learning have been criticized for lacking a theoretical framework. The aim in this article is to explore the link between flipped learning and active learning: specifically, which theoretical frameworks are described. A scoping review was adopted as the research methodology. The selected studies indicate that this link between flipped learning and active learning is rarely explicitly addressed or operationalized. Approximately 65% of the 435 full-text articles retrieved do not explicitly connect their research to theory or a conceptual framework. The remaining 155 studies included for analysis refer to a mix of pedagogical terms or approaches. The theoretical and conceptual underpinnings are generally only vaguely described, with a few exceptions. The results indicate an eclecticism and a reluctance to connect flipped learning with a specific conceptual framework.",openalex,llm,0.960,unreviewed,,doi:10.1080/13562517.2021.1943655
kept,Improvements from a Flipped Classroom May Simply Be the Fruits of Active Learning,Jamie L. Jensen; Tyler A. Kummer; Patricia D. d. M. Godoy,2015,CBE—Life Sciences Education,10.1187/cbe.14-08-0129,https://openalex.org/W2170620902,refutes-claim; qualifies-claim; metodkritik,"The ""flipped classroom"" is a learning model in which content attainment is shifted forward to outside of class, then followed by instructor-facilitated concept application activities in class. Current studies on the flipped model are limited. Our goal was to provide quantitative and controlled data about the effectiveness of this model. Using a quasi-experimental design, we compared an active nonflipped classroom with an active flipped classroom, both using the 5-E learning cycle, in an effort to vary only the role of the instructor and control for as many of the other potentially influential variables as possible. Results showed that both low-level and deep conceptual learning were equivalent between the conditions. Attitudinal data revealed equal student satisfaction with the course. Interestingly, both treatments ranked their contact time with the instructor as more influential to their learning than what they did at home. We conclude that the flipped classroom does not result in higher learning gains or better attitudes compared with the nonflipped classroom when both utilize an active-learning, constructivist approach and propose that learning gains in either condition are most likely a result of the active-learning style of instruction rather than the order in which the instructor participated in the learning process.",openalex,llm_reviewed,0.990,confirmed,,doi:10.1187/cbe.14-08-0129
kept,The relationship between perceived learning and student attainment: lectures and problem-based learning sessions,Alison P. Wills; James Swanson,2017,International Journal of Learning & Teaching,10.18844/ijlt.v9i3.536,https://openalex.org/W2753593634,qualifies-claim,"There has been a paradigm shift in higher education towards the utilisation of problem-based learning sessions instead of the traditional lecture format which is considered obsolete by detractors and simply convenient by its advocates. This move coincides with research highlighting that active learning strategies promote profound rather than superficial learning, encourage critical thinking and increase student attainment. However, there are limited studies quantifying the attainment of undergraduate students presented with varied pedagogical techniques, and still fewer that assess student perceptions of their own learning. Over four different teaching sessions (two lectures and two problem-based learning), n=94 students completed a 10 question questionnaire comprised of Likeart style questions assessing how advantageous they perceived the teaching strategy implemented to be to their own learning. In addition, n=64 of the students also completed short quizzes at the completion of three out of four of the sessions (one lecture, two problem-based learning sessions) assessing their knowledge of the content covered. There was no significant difference in attainment (quiz score) between the two delivery methods (p = 0.113), however there was a significant difference between individual sessions (p<0.05). Student ratings (total questionnaire score) did not differ between the two delivery methods (p=0.487) or between individual sessions (p=0.748). There was a trend for increased attainment in the problem-based sessions and a decreased student rating in these classes. Findings were in agreement with prior work and highlight the need for a varied approach to teaching in the biological sciences alongside the judicious interpretation of student feedback. Keywords: problem-based learning; lectures; feedback; attainment; student perception",openalex,llm,0.900,unreviewed,,doi:10.18844/ijlt.v9i3.536
kept,Evaluating the effectiveness of flipped learning in an upper-division undergraduate electrical engineering course,Bibek Kattel; Winn Elliott Hutchcraft; Elizabeth Norell,2024,Discover Education,10.1007/s44217-024-00378-2,https://openalex.org/W4405420001,supports-claim,"This paper explores the implementation and effectiveness of flipped learning methodology, in an upper-division undergraduate electrical engineering course at a public research university. Given the limited research on flipped learning practices in engineering education, this study highlights the potential of flipped learning while addressing its implementation challenges. The objective of this study is to compare the learning outcomes between flipped and traditional classrooms taught between 2006 and 2023, using a quasi-experimental design. Additionally, student perceptions and their performance in various assessments are investigated for the Fall 2023 modified flipped classroom. Students’ feedback garnered at the end of the semester was combined with their grades to evaluate learning outcomes and perceptions of the flipped learning approach. The findings revealed an increase in the grades for the flipped classroom. The Fall 2023 students’ feedback indicated a preference for collaborative and active learning methods while revealing a reluctance to engage with pre-recorded videos, posing a major challenge in implementing flipped learning. The paper offers implications for future flipped courses, including methods to incentivize students to watch the pre-recorded videos and mitigate uneven learning outcomes in collaborative learning environments. Furthermore, it was observed that not all students prefer the flipped learning format. Hence, integrating mini-lectures may cater to students who prefer the traditional approach while maintaining the benefits of flipped learning.",openalex,llm,0.960,unreviewed,,doi:10.1007/s44217-024-00378-2
