status,title,authors,year,venue,doi,url,tags,abstract,provider,decision_source,llm_confidence,llm_review_outcome,llm_change_direction,paper_id
discarded,FLIPPED LEARNING IN ONLINE COURSES: CHALLENGES AND POSSIBILITIES,Minaz Fazal; Cesar C. Navarrete,2020,INTED proceedings,10.21125/inted.2020.0083,https://openalex.org/W3014078900,adjacent-subtopic,"The flipped learning approach is continuing to gain popularity in education. The classroom instruction and homework activities are flipped allowing the instructor increased use of class session for richer, deeper, and more meaningful discussion and activities requiring higher order thinking skills. While the flipped approach was first proposed for use in K-12 settings, its use in higher education has continued to grow and evolve, in part due to the increased access to technology and ease of video-based content creation. Flipped learning approaches have been identified as important for providing students with pre-class learning activities and freeing in-class time for development of critical thinking, collaboration and application of learning concepts. Flipping a fully online class challenges several assumptions of the traditional flipped classroom. As courses and programs in higher education are increasingly being offered fully online, institutions of higher education are under pressure to innovate online teaching and learning in order to meet student’s learning needs without in-person class meetings. Over six million students are taking at least one online course in their undergraduate or graduate work. (Allen & Seaman, 2017). Despite the increase in enrollment numbers, the completion rates for online learning are significantly lower as compared to face-to-face programs (Gering, Sheppard, Adams, Renes, & Morotti, 2018). In light of these challenges, higher education institutions are continuing to look for innovative ways to improve student learning and incorporate effective teaching and learning strategies into online courses. The purpose of this study was to gain insights into methods of incorporating best practices from the flipped learning approach into fully online courses. Instructors who had significant experience in teaching fully online as well as fully face-to-face courses were recruited to participate in the study. In-depth interview methodology was used in this qualitative study to investigate how flipped approaches can implemented. Seven faculty in graduate programs in education at a higher education institution who taught online courses were interviewed for their insights on flipped learning approaches. Overall, participants felt that delivering content and lectures through videos can easily be accomplished in online settings using the learning management system integrated with other technology tools and applications. The instructors described technology tools that can support the flipped learning approach in their online courses. However, the instructors found that the lack of synchronous face-to-face class meetings posed the greatest challenge to providing opportunities for Socratic-type discussions that can lead to deeper learning by the students. Class size was another impediment identified. Overall, most subjects interviewed highlighted difficulties with incorporating the flipped approached in online teaching and suggested possible solutions for the incorporation of flipped strategies that can allow for deeper learning.",openalex,llm,0.940,unreviewed,,doi:10.21125/inted.2020.0083
discarded,"FLIP LEARNING-FLIP CLASSROOM, SEBUAH INOVASI DALAM PEMBELAJARAN, DI ERA COVID-19",I Wayan Dirgeyasa,2020,BAHAS,10.24114/bhs.v31i2.20192,https://openalex.org/W3214728445,adjacent-subtopic,"Abstract Perkembangan teknologi informasi dan komunikasi (information communication and technology –ICT) dalam beberapa tahun terakhir berkembang dengan sangat cepat dan luas. Pada dasarnya, ICT telah digunakan diberbagai aspek kehidupan seperti perdagangan, industri, jasa, pendidikan dan sebagainya. Dalam bidang pendidikan, para pakar pendidikan dan pakar ICT berkolaborsi menciptakan berbagai inovasi pembelajaran berbasis ICT. FLIP learning dan atau FLIP classroom merupakan wujud nyata implementasi pembelajaran berbasis ICT dalam dunia pendidikan khususnya dalam proses belajar mengajar. Makalah ini mencoba membahas FLIP learning dan atau FLIP classroom sebagai model pembelajaran yang berbasis ICT dalam merespon sitausi pendemi COVID 19. Kata kunci: Flip learning, Flip classroom, dan inovasi pemebalajaran, Covid 19",openalex,llm,0.970,unreviewed,,doi:10.24114/bhs.v31i2.20192
kept,Probing the Inverted Classroom: A Controlled Study of Teaching and Learning Outcomes in Undergraduate Engineering and Mathematics,Nancy K. Lape; Rachel Levy; Darryl Yong; Karl A. Haushalter; Rebecca M. Eddy; Nancy Hankel,2020,ASEE Annual Conference & Exposition,10.18260/1-2--22939,https://openalex.org/W2590598730,refutes-claim; qualifies-claim,"Levy facilitates project-based learning for students at all levels, from end-of-class projects in first-year differential equations to yearlong industrial",openalex,llm,0.870,unreviewed,,doi:10.18260/1-2--22939
discarded,Flipped Learning and Artificial Intelligence,David López-Villanueva; Raúl Santiago Campión; Ramón Palau,2024,Preprints.org,10.20944/preprints202407.2498.v1,https://openalex.org/W4401590863,adjacent-subtopic,"The potential influence of Artificial Intelligence (AI) is obvious in all the elements of teaching and learning processes. Some of the most used methodological approaches of the last decade have been Flipped Classroom and Flipped Learning. This article explores the intersection between Flipped Learning and AI through qualitative research based on interviews with international experts in the field. The results reveal the significant impact of AI on education, highlighting how AI tools are transforming teaching and learning methodologies. Additionally, the evolution of Flipped Learning with the integration of AI is analyzed, showing how this combination enhances personalized learning and improves student engagement. Finally, the role of the teacher in this new educational paradigm is discussed, emphasizing the need for continuous adaptation and the development of new competencies to fully leverage emerging technologies. With this study, we aim to provide an overview of the opportunities and challenges that AI presents in the context of Flipped Learning.",openalex,llm,0.980,unreviewed,,doi:10.20944/preprints202407.2498.v1
discarded,Content analysis of research papers on flipped learning,Hüseyin Uzunboylu; Blerta Prevalla Etemi; Mentor Hamidi,2021,Revista de Educación a Distancia (RED),10.6018/red.451551,https://openalex.org/W3162214962,adjacent-subtopic,"Abstracto El propósito de este estudio es describir el estado actual de la publicación de investigaciones y las tendencias en el aprendizaje invertido, que se encuentran en ""Web of Science"" durante el período 2014-2018. Hay 262 artículos investigados, publicados e indexados en ""Web of Science"" con la palabra clave: ""aprendizaje invertido"" y ""aula invertida"". Los resultados del estudio se analizan según la revista de publicación según estos criterios: autor, países, agencias de financiación, tipos de documentos, idiomas, organización, años de publicación y título de la fuente. El aprendizaje invertido cambia la clase tradicional dando la vuelta al aula en el sentido de escuchar las videoconferencias en casa y realizar actividades dinámicas en grupo en el aula. Esto involucra a los estudiantes en el aprendizaje activo, el pensamiento crítico y mejora las habilidades interpersonales.Se recomienda a los autores explorar la posibilidad de utilizar este método, experimentar y publicar los hallazgos que permitan crear mejores prácticas y un marco unificado para instructores líderes que deseen adoptar esta metodología de enseñanza. Palabras clave: aprendizaje invertido, aula invertida, análisis de contenido, The purpose of this study is to describe the current state of research publication and trends in flipped learning, found on ‘Web of Science’ during the period 2014–2018. There are 262 papers investigated, published and indexed on ‘Web of Science’ with the keyword: “flipped learning” and “flipped classroom”. The results of the study are analysed according to the journal of publication by these criteria: author, countries, funding agencies, document types, languages, organisation, publication years and source title. Flipped learning changes the traditional lecturing by flipping the classroom in the sense of listening to the video lectures at home and doing dynamic, group-based activities in the classroom. This engages the students in active learning, critical thinking, and meliorates interpersonal skills.It is recommended to authors to explore the possibility of utilising this method, experimenting and publish the findings which allows to create best practices and a unified framework for leading instructors who want to adopt this teaching methodology. Keywords: Flipped learning, flipped classroom, content analysis,",openalex,llm,0.990,unreviewed,,doi:10.6018/red.451551
discarded,The development of EFL Learners’ willingness to communicate and self-efficacy: The role of flipped learning approach with the use of social media,Xiangping Fan,2022,Frontiers in Psychology,10.3389/fpsyg.2022.1001283,https://openalex.org/W4307252121,adjacent-subtopic,"Promoting English as a Foreign Language (EEL) learners' willingness to communicate and self-efficacy in different contexts has drawn the attention of many investigators. This review explored the effect of digital-based flipped learning classrooms on enhancing learners' willingness to communicate and self-efficacy. The related literature indicated that learners' intention to communicate is affected by social media and digitalized materials used in flipped classrooms. Compared to the traditional educational contexts, this review showed higher levels of self-efficacy in flipped classrooms among EFL learners. Furthermore, the review expounded on the implications and future directions for EFL teachers, teacher educators, educational policy-makers, and advisors. The ideas can improve their awareness of learner self-efficacy, willingness to communicate, and the use of flipped learning approach in educational contexts.",openalex,llm,0.920,unreviewed,,doi:10.3389/fpsyg.2022.1001283
kept,Using flipped classroom approach to teach computer programming,Saleh Alhazbi,2016,"2016 IEEE International Conference on Teaching, Assessment, and Learning for Engineering (TALE)",10.1109/TALE.2016.7851837,https://ieeexplore.ieee.org/document/7851837/,supports-claim; qualifies-claim,"Flipped classroom approach has been increasingly adopted in higher institutions. Although this approach has many advantages, there are also many challenges that should be considered. In this paper, we discuss the suitability of this approach to teach computer programming, and we report on our pilot experience of using this approach at Qatar University to teach one subject of computer programming course. It is found that students has positive attitude to this approach, it improves their learning. However, the main challenge was how to involve some of the students in online learning activities.",ieee,llm,0.870,unreviewed,,doi:10.1109/tale.2016.7851837
discarded,The Usability of P2P-FLIP Framework for Teaching Programming via Flipped Classroom,Rosnizam Eusoff; Syahanim Mohd Salleh; Zarina Shukur,2023,2023 International Conference on Electrical Engineering and Informatics (ICEEI),10.1109/ICEEI59426.2023.10346938,https://ieeexplore.ieee.org/document/10346938/,adjacent-subtopic,"Programming is an important and core subject in computer science. Computational skills learned through programming can be used in many subjects across the computing field. However, there are various challenges faced in teaching and learning programming. High cognitive load for students, lack of prior knowledge, and lack of pre-class preparation are among the problems identified in the programming. Flipped classroom is a hybrid active learning method that is widely used in programming nowadays. A P2P-FLIP framework was developed specifically for lecturers as a guideline to implement the flipped classroom strategy in programming. The post-class part in the framework is the main difference compared to existing frameworks. The usability study was carried out to identify users' views on the framework. The framework is evaluated by 10 lecturers through a knowledge transfer workshop and focus group discussions. The results from the discussions concluded the P2P-FLIP framework has the potential to be used as a guideline for implementing flipped classroom in programming.",ieee,llm,0.980,unreviewed,,doi:10.1109/iceei59426.2023.10346938
discarded,Motivating the New Generation: Using Flipped Classroom and ARCS Model to Enhance Block-Based Programming Education,Wan-Chong Choi; Huey Lei; António José Mendes,2023,2023 IEEE Frontiers in Education Conference (FIE),10.1109/FIE58773.2023.10342942,https://ieeexplore.ieee.org/document/10342942/,adjacent-subtopic,"This Research-to-Practice full paper presents an explorative study investigating the effects of flipped learning on the learning motivation of primary school students enrolled in a block-based programming course. Technology development has increased the importance of information technology-related competencies for the new generation. Programming skills are essential in various industries nowadays. Thus, programming education has become necessary to cultivate students' relevant abilities to meet the rapid pace of development. Programming learning encourages students to think logically and systematically, solve problems effectively, and develop computational thinking skills. However, learning programming is challenging for many students for different reasons, such as its inherent complexity, inadequate study methods, and pedagogical approaches unsuited to promote programming learning. Traditional teaching methods are often impersonalized and only suitable for some learning styles present in class. Moreover, the challenges encountered by the students as novice programmers are attributed to their low learning motivation. To learn to program, students must comprehend different syntactic conventions, complex instructions, and logical operators and actively engage in practical learning activities, often facing difficulties. This may reduce their learning motivation leading to failure and dropout. To accommodate different learning styles and increase students' motivation, this study employed the ARCS motivation model to design various innovative activities in a flipped classroom setting to increase students' motivation and improve teachers' teaching effectiveness. The study utilized a pretest-posttest method with two groups of grade five students to compare the effectiveness of teaching and learning between the flipped and traditional classroom students. The study's findings revealed that the flipped classroom experimental group showed significantly higher learning motivation than the students in the control group. Moreover, it was found that different flipped classroom activities, including the use of gamification, flipped videos, self-study, self-questioning, self-assessment, split programming tasks, group cooperation, and demonstration activities, had a positive influence on various sub-dimensions of the ARCS model, such as attention, relevance, confidence, and satisfaction.",ieee,llm,0.980,unreviewed,,doi:10.1109/fie58773.2023.10342942
discarded,Challenges and perspectives in an undergraduate flipped classroom experience: Looking through the lens of learning analytics,Michail N. Giannakos; Nikos Chrisochoides,2014,2014 IEEE Frontiers in Education Conference (FIE) Proceedings,10.1109/FIE.2014.7044449,https://ieeexplore.ieee.org/document/7044449/,adjacent-subtopic,"Recent technical and infrastructural developments posit flipped classroom approaches ripe for exploration. Flipped classroom approaches have students use technology to access the lecture and other instructional resources outside the classroom in order to engage them in active learning during in-class time. Scholars and educators have reported a variety of positive outcomes of a flipped (or inverted) approach to instruction. Although, flipped classroom practices have been used in a number of education studies, the detailed framework and data obtained from students' interaction with the technology materials are typically not described. In this paper, we present a flipped classroom framework and the first captured results of such data. The framework incorporates basic e-learning tools and traditional learning practices, making it accessible to anyone wanting to implement a flipped classroom experience in his/her course. The framework is structured on open-source and easy-to-use tools, allowing for the incorporation of any additional specificities of a course. This work-in-progress can provide insights for other scholars and practitioners to further validate, examine, and extend the proposed approach. This approach can be used for those interested in incorporating flipped classroom in their teaching, since it is a flexible procedure that may be adapted to meet their needs.",ieee,llm,0.830,unreviewed,,doi:10.1109/fie.2014.7044449
kept,The Effectiveness of Using MOOC with E-FLIC Approach in Remote Learning as New Normal of Education to Support Basic Computer Science Learning,Alis Ikhmal Mad Salim; Ken Nee Chee; Mageswaran Sanmugam; Rafiza Abdul Razak,2025,2025 IEEE 14th International Conference on Engineering Education (ICEED),10.1109/ICEED66794.2025.11400007,https://ieeexplore.ieee.org/document/11400007/,refutes-claim; qualifies-claim,"The global shift to remote learning during the COVID-19 pandemic has presented substantial challenges in delivering effective computer science education. This study examines the effectiveness of a Massive Open Online Course (MOOC) enhanced with an electronic flipped classroom approach promoting inclusivity and collaboration (E-FLIC) to support basic computer science learning in a remote environment. A quasi-experimental design was employed involving two groups: the experimental group $(n=63)$ used the MOOC with the E-FLIC model, while the control group ($n=29$) followed a traditional curriculum. Quantitative data were collected through pre- and post-tests to assess conceptual understanding, and usability was measured using questionnaires. Qualitative data from focus group interviews supplemented the findings. Independent samples t-tests showed no significant difference in post-test scores between the control $(M=2.35, S D=1.56)$ and experimental $(M=2.46, S D=2.59)$ groups. However, paired samples t-tests revealed a significant improvement within the experimental group from pre-test ($M= 8.59$) to post-test $(M=10.92)$; $[t(62)=-6.62, p<.001]$. The findings suggest that the E-FLIC-enhanced MOOC positively impacted student learning and was perceived as usable and engaging. Students reported high satisfaction with multimedia content and collaborative features. The study underscores the potential of inclusive and interactive MOOCs in remote learning and recommends further research into their long-term impact, scalability, and engagement across diverse learning contexts.",ieee,llm,0.980,unreviewed,,doi:10.1109/iceed66794.2025.11400007
discarded,A conceptual model for flipped classroom: Influence on continuance use intention,Ireti Hope Ajayi; Noorminshah A. Iahad; Norasnita Ahmad; Ahmad Fadhil Yusof,2017,2017 International Conference on Research and Innovation in Information Systems (ICRIIS),10.1109/ICRIIS.2017.8002523,https://ieeexplore.ieee.org/document/8002523/,adjacent-subtopic,"Flipped (inverted) classroom is an evolving method of active learning in today's world. The concept has reversed the teaching method away from the traditional face-to-face where teachers are regarded as sage on the stage to what is now perceived as guide on the side. The model contributions include the chances for student to learn at his/her own pace, just as it help hasten up the completion of course work amongst others. Notwithstanding these benefits, students in flipped classroom faced the challenge of engagement arising factors such as boringness, bulky note, lack of well formulated video lecture notes etc. Consequently, the research proposed a hybrid model for the purpose of ensuring students continuance use intention of flipped classroom. Meanwhile the results of the survey conducted shows that perceived ease of use, perceived usefulness, teaching method and task-technology fit have significant influence on behavioral attitude as well as continue intention to use flipped classroom by the students. Thus the conclusion that information system (IS) theory has the capacity to support teaching and learning.",ieee,llm,0.960,unreviewed,,doi:10.1109/icriis.2017.8002523
