status,title,authors,year,venue,doi,url,tags,abstract,provider,decision_source,llm_confidence,llm_review_outcome,llm_change_direction,paper_id
discarded,Exploring the Application of Flipped Teaching Strategies in Retirement Preparation Courses: An Analysis of Educational Effectiveness From the Perspective of Proactive Coping Theory Across Different Levels of Need,"Hwu, Menq-Jing; Shih, Yu-Ze; Liu, Ji-Rou; Chen, Ya-Wen",2025,JOURNAL OF RESEARCH IN EDUCATION SCIENCES,10.6209/JORIES.202506_70(2).0003,https://www.webofscience.com/wos/woscc/full-record/WOS:001554613300003,adjacent-subtopic,"Research Background and Importance With advances in healthcare and public health policy, Taiwan's population is aging rapidly, with a steadily increasing proportion of citizens aged 65 and above. Projections indicate Taiwan will enter a ""super-aged society"" by 2025, positioning it as one of the fastest-aging nations globally. This demographic shift underscores the urgency for retirement preparation education. Such education is integral to promoting quality of life for retirees over a projected 20-year post-retirement period. Research demonstrates that adequate retirement planning reduces anxiety, enhances independence, and increases life satisfaction, while insufficient planning often results in financial and lifestyle challenges. However, surveys show that Taiwanese residents generally fall short in retirement preparedness, with substantial gaps between retirement savings and ideal financial goals. Despite the established benefits of retirement education-such as improved mental and physical well-being, a more positive outlook on retirement, and reduced anxiety-there is no systematic retirement education program implemented on a national level in Taiwan. This study draws on proactive coping theory to address this gap by designing a core curriculum for retirement preparation education. The curriculum applies a flipped teaching strategy that promotes learner-centered engagement, combining principles from motivation theory, constructivism, and peer feedback to foster proactive engagement and practical application skills. Through needs assessments and experimental analysis, this research aims to develop a foundational framework to support Taiwan's future retirement education initiatives. Literature Review Proactive coping theory is valuable for retirement preparation education as it emphasizes anticipating potential challenges and taking proactive steps to manage stress and achieve personal goals. This theory has two main components: (1) Goal Management, which focuses on realistic goal setting and planning, enabling individuals to view crises as opportunities for growth; and (2) Risk Management, which stresses health promotion, environmental adaptation, and the creation of support networks to address potential stressors before they arise. Recent research shows that today's retirees have higher expectations for fulfilling post-retirement lives, highlighting the importance of comprehensive preparation for retirement. Currently, retirement education in Taiwan is fragmented, with short-term or one-time courses primarily offered to government employees close to retirement. Studies suggest that a holistic approach starting in mid-life is necessary, covering topics such as financial planning, health, psychological well-being, and social interaction (Sharifi et al., 2023). Principles of adult education further support a needs-driven, self-directed approach, well-suited to a flipped classroom model. Such a model promotes learner motivation and engagement through pre-class readings, in-class discussions, peer interaction, and hands-on applications. Based on this literature, the study proposes a curriculum framework that combines Goal Management, Risk Management, and Learning Management, supported by flipped teaching strategies to meet diverse learning needs and improve retirement preparation outcomes. Study Design This research applies proactive coping theory to assess retirement education needs, conducting a flipped teaching experiment to evaluate learning outcomes.

An initial needs survey grounded in active aging principles was conducted, gathering structured data to shape the curriculum. The 11-week experimental course applied flipped teaching strategies such as pre-class reading, classroom discussions, self-directed learning, and field-based activities. Evaluation tools assessed outcomes across Goal Management, Risk Management, and Learning Management, using pre-and post-tests to validate learning efficacy in each module. This analysis informed the study's recommendations for enhancing retirement preparation strategies in Taiwan. Participants in the study were public sector employees within ten years of retirement, specifically government officials and public school teachers aged 45 and older. A total of 1,509 valid surveys were collected, and 41 participants completed the experimental course, which included modules designed to develop retirement knowledge and practical planning skills. Modules covered Goal Management, Risk Management, and Learning Management, with content tailored to enhance the participants' retirement readiness. To measure teaching efficacy, the study employed the ""Taiwan Retirement Preparation Education Effectiveness Scale"" developed by Hu (2021). This scale assessed the effectiveness of curriculum elements across the three main areas: Goal Management, Risk Management, and Learning Management. After a rigorous validation process involving the Delphi method and reliability testing, the scale demonstrated high internal consistency (Cronbach's alpha > .92). Data analysis used SPSS 21 for descriptive statistics, t-tests, and Z-score calculations to examine needs and instructional outcomes, providing insights into the effectiveness of the flipped teaching approach. Results and Analysis The survey identified high knowledge needs in health check-ups, retirement fund management, and access to reliable information, with significant improvements observed in knowledge and practical abilities among the 41 course participants. Further analysis revealed that high-demand courses, such as health management tools, demonstrated substantial gains in both knowledge and skills. In contrast, medium-demand courses, such as budget management, showed greater improvements in knowledge than in skill application, suggesting that additional instructional adjustments may be beneficial. Low-demand courses, including fraud prevention, exhibited moderate knowledge improvement but limited skill gains, indicating that enhanced engagement strategies might improve learner outcomes. Drawing on Knowles' adult learning theory, the study recommends a differentiated instructional approach tailored to the specific needs of learners in retirement planning courses. Flipped teaching proved especially effective in high-demand courses (e.g., health check-ups and retirement funds), though outcomes in skill application varied, with health management tools achieving the highest impact. For medium-demand courses, notable knowledge retention was observed, but skill development was weaker, underscoring the need for more practical exercises and case-based discussions. Low-demand courses performed poorly in both knowledge and skill outcomes, indicating that interest-stimulating strategies could enhance engagement. The findings confirm flipped teaching's value in enhancing knowledge retention and life quality, suggesting that future retirement education should incorporate practical exercises and engagement mechanisms to optimize instructional effectiveness.

Conclusion The study utilizes proactive coping theory to assess retirement preparation needs and examines the impact of flipped teaching on knowledge acquisition and skill development. Results indicate a marked improvement in knowledge, particularly in high-demand courses, although skill application requires additional instructional support. Recommendations include: (1) simplifying content-heavy courses and reducing technical jargon; (2) incorporating situational simulations and field-based learning for skill development; (3) providing pre-and post-activity guidance to foster learner interaction; (4) adopting dynamic teaching strategies to increase classroom engagement; and (5) building awareness for low-demand courses to motivate learners and maximize knowledge retention.",wos,llm,0.940,unreviewed,,doi:10.6209/jories.202506_70(2).0003
discarded,Intelligent technologies in smart education: a comprehensive review of transformative pillars and their impact on teaching and learning methods,"Yang, Junfeng; Shi, Gaojun; Zhu, Wenjuan; Sun, Yao",2025,HUMANITIES & SOCIAL SCIENCES COMMUNICATIONS,10.1057/s41599-025-05444-0,https://www.webofscience.com/wos/woscc/full-record/WOS:001543681800002,off-topic-false-hit,"In the domain of smart education, the integration of intelligent technology has undergone extensive exploration, yet a comprehensive investigation into its transformative potential for teaching and learning remains elusive. To address this research gap, our study employs a literature review methodology, analyzing 55 studies to offer empirical insights into the application of intelligent technologies in reshaping educational paradigms. The key findings encompass: (a) the identification of five crucial pillars of smart education, namely intelligent technology, smart pedagogy, smart learning environments, smart learning, and smart learners; (b) the acknowledgment that smart education relies on diverse intelligent technologies, such as the Internet of Things, artificial intelligence, virtual/augmented reality, big data, cloud computing, and smart mobile devices; and (c) the identification of three typical teaching methods and five learning methods supported by intelligent technology for smart education. This systematic review provides valuable insights and implications for advancing teaching and learning through the strategic utilization of intelligent technologies.",wos,llm,0.970,unreviewed,,doi:10.1057/s41599-025-05444-0
discarded,Mixed-meta Method Concerning the Effect of Blended Learning Practices on Students' Academic Achievement in Higher Education Settings,"Bingolbali, Abdullah; Aslan, Aydin; Batdi, Veli; Cinkara, Emrah",2025,SAGE OPEN,10.1177/21582440251336646,https://www.webofscience.com/wos/woscc/full-record/WOS:001519043600001,adjacent-subtopic,"This study examines the effect of blended learning (BL) practices on students' academic achievement in higher education settings through meta-analysis and meta-thematic analysis based on the data derived from document analysis. To comprehensively understand the effect of BL practices on students' achievement in higher education settings, the independent (BL), dependent (students' academic achievement), and moderator variables (school subjects, duration of implementation, and sample size) were considered. Forty-nine studies were analyzed in meta-analysis thanks to CMA and MetaWin software programs. The meta-analysis indicated that the practices affect learners' academic achievement positively. On the other hand, 20 studies were examined in the meta-thematic analysis with the Maxqda-11 software program. The meta-thematic analysis revealed four themes, namely ""effects of BL settings on achievement,""""social contributions of BL settings,""""general characteristics of BL settings,"" and ""negative characteristics of BL settings."" The meta-analyses and the meta-thematic analyses revealed that BL practices positively affect students concerning academic sense in educational settings. Some suggestions were made to overcome the shortcomings of BL practices in education.",wos,llm,0.870,unreviewed,,doi:10.1177/21582440251336646
kept,Effectiveness of flipped classroom in pharmacy education - a meta-analysis,"Cui, He; Xie, Xinyu; Wang, Boyang; Zhao, Yuan",2023,BMC MEDICAL EDUCATION,10.1186/s12909-023-04865-2,https://www.webofscience.com/wos/woscc/full-record/WOS:001107528300004,supports-claim,"BackgroundFlipped classroom, blended with online and offline learning, was regarded as an effective learning approach in pharmacy education. This meta-analysis was to comprehensively compare the effectiveness of flipped classroom and traditional lecture-based approaches, attempting to generate a unified and firm conclusion of the effectiveness of flipped classroom in pharmacy education.MethodsData were collected from 7 databases, involving Cochrane Library, PubMed, Embase, ScienceDirect, Web of Science, China National Knowledge Infrastructure (CNKI), and Chinese Biomedical Literature Service System (SinoMed). The studies were included if they included objective evaluation of students' performance between groups of flipped classroom and traditional approaches. The standardized mean difference (SMD) with a corresponding 95% confidence interval (95% CI) was used as the outcomes for data pooling.ResultsA total of 22 studies (28 comparing groups) with 4379 participants were included in the meta-analysis. The risk of bias was relatively high. Results of the analysis revealed that flipped classroom presented significant advantages over traditional approaches in student performance improvement, with no evidence of publication bias. Through subgroup analysis, it showed better outcomes for flipped classrooms over traditional lectures for the other subgroups, including different performance, degree programs.ConclusionsCurrent evidence reveals that the flipped classroom approach in pharmacy education yields a statistical improvement in student learning compared with traditional methods. In the future, instructors should introduce more online technology into classroom and construct an interactive learning environment.",wos,llm,0.990,unreviewed,,doi:10.1186/s12909-023-04865-2
discarded,Hybrid education in healthcare education : a systematic review,"Bezerra de Lima, Ana Carolina; Moura dos Santos, Danielle Christine; de Almeida, Sabrina Lima; da Silva, Ellen Lucena; Pereira, Emanuela Batista Ferreira E.",2022,REVISTA CUIDARTE,10.15649/cuidarte.2051,https://www.webofscience.com/wos/woscc/full-record/WOS:000797985400009,adjacent-subtopic,"Introduction: Given the need to restructure healthcare education institutions due to the COVID-19 pandemic, hybrid education has been identified as an alternative to reorganize educational activities. The objective of this study is to describe hybrid education development in healthcare education. Materials and Methods: A systematic literature review was conducted based on the PRISMA (preferred reporting items for systematic reviews and meta-analyses) guideline. A peer-reviewed search was conducted across four electronic databases between July and September 2020. Descriptors used were ""distance education"", ""learning"", ""health"", ""nursing"", ""medicine"", ""dentistry"", ""physical therapy"" and ""hybrid education"". Selected articles were classified based on their level of evidence. Results: 49 articles were selected, including quantitative, qualitative and mixed methods studies. Experiences in the development of hybrid education in multiple healthcare courses were found. Hybrid education has been implemented based on the rotation model, a la carte model and Flex model. Discussion: Hybrid education has been gaining more and more importance in the academic scenario of healthcare education. Based on this, students manage to stand out in their learning process as they become the main agent of this process by actively learning using multiple education tools provided by their teachers. Conclusions: Successful hybrid education can be related to its innovative, flexible, cost-effective nature and the ability to turn students into key players in their teaching-learning process, which ends up influencing their own academic performance.",wos,llm,0.950,unreviewed,,doi:10.15649/cuidarte.2051
discarded,Teaching and learning innovations for distance learning in the digital era: a literature review,"Li, Kam Cheong; Wong, Billy T. M.; Chan, Hon Tung",2023,FRONTIERS IN EDUCATION,10.3389/feduc.2023.1198034,https://www.webofscience.com/wos/woscc/full-record/WOS:001049552800001,adjacent-subtopic,"This paper presents a review study on teaching and learning innovations (TLIs) for distance learning in higher education, which involves substantial use of technology in its practice. The study covers 247 publications that were published from 2017 to 2022 and collected from Scopus to analyze the patterns and trends of TLIs for distance learning in higher education. The results show four main types of TLIs: educational technologies, teaching and learning approaches and activities, teaching and learning programs, and assessment approaches and activities. They also reveal seven major pedagogical patterns in the TLIs, covering the learning of science through online laboratories, virtual and augmented reality, multimedia, gaming, collaboration, tasks/projects, and blended/hybrid/flipped learning. These findings suggest implications for distance learning, covering the use of online laboratories in science courses, promotion of virtual and augmented-based distance learning, encouragement of development, implementation, and the study of pedagogical approaches to distance learning, as well as the increase in interactivity in multimedia-based distance learning.",wos,llm,0.960,unreviewed,,doi:10.3389/feduc.2023.1198034
kept,MOOC-Based Flipped Classroom for On-Campus Teaching in Undergraduate Engineering Courses,"Pertuz, Said; Reyes, Oscar; Cristobal, Elio San; Meier, Russell; Castro, Manuel",2023,IEEE TRANSACTIONS ON EDUCATION,10.1109/TE.2023.3282896,https://www.webofscience.com/wos/woscc/full-record/WOS:001021935300001,supports-claim; qualifies-claim,"Contribution: This work studies how to integrate massive open online courses (MOOCs) into traditional, face-toface, Undergraduate Engineering Courses.

Background: MOOCs emerged as an innovative trend in online learning with distinctive and attractive features, such as ease of access and cost effectiveness for large audiences. For this reason, they have attracted a lot of attention for their potential in contributing to global challenges in contemporary Engineering education. However, the integration of MOOCs into traditional, on-campus courses and programs in higher education remains an open problem.

Research Question: What is the most effective MOOC-blending strategy for traditional, on-campus engineering programs?

Methodology: To answer this question, first a literature review was conducted on the utilization of MOOCs within face-to-face Undergraduate Education. Based on this literature review, this work advocates for the MOOC-based flipped (MBF) classroom as the strategy with the highest potential for MOOC-based blending. The main pedagogical and design principles of this methodology are described and a case study is presented on a cohort of students (N = 23) enrolled in a Digital Signal Processing course within an Undergraduate Electronics Engineering Program. This is a position paper based on evidence from the literature, but the case study is used to illustrate how the MBF design principles can be implemented in practice.

Findings: The results suggest that the MBF methodology is a growing trend in Undergraduate Engineering Education with the potential to facilitate student's active learning in synchronous face-to-face sessions while fostering the adoption and usage of MOOCs.",wos,llm,0.910,unreviewed,,doi:10.1109/te.2023.3282896
discarded,Educational initiatives in headache medicine: A 20-year scoping review,"Dominguez, Moises; Minen, Mia; Robbins, Matthew S.",2023,HEADACHE,10.1111/head.14541,https://www.webofscience.com/wos/woscc/full-record/WOS:001018444500001,off-topic-false-hit,"BackgroundHeadache disorders are among the most common and disabling medical conditions worldwide, have a great societal impact and are a common reason to seek medical care. Headache disorders are often misdiagnosed and undertreated, and the number of headache fellowship-trained physicians cannot meet patient demand. Educational initiatives for non-headache-specialist clinicians may be an avenue to increase clinician competency and patient access to appropriate management. ObjectiveTo undertake a scoping review of the educational initiatives in headache medicine for medical students, trainees, general practitioners/primary care physicians, and neurologists. MethodsFollowing the Preferred Reporting Items for Systematic Reviews and Meta-Analyses guidelines for scoping reviews, an author (M.D.), with the help of a medical librarian, conducted a search of the Embase, Ovid Medline, and PsychInfo databases for articles related to medical educational initiatives on headache medicine in medical students, residents, and physicians over the last 20 years. ResultsA total of 17 articles met the inclusion criteria for this scoping review. Six articles were identified for medical students, seven for general practitioners/primary care physicians, one for emergency medicine residents, two for neurology residents, and one for neurologists. Certain educational initiatives were headache-focused while others had headaches as one of the educational topics. Educational content was delivered and assessed via diverse and innovative means, such as flipped classroom, simulation, theatrical performance, repeated quizzing and study, and a formalized headache elective. ConclusionEducation initiatives in headache medicine are important to improve competency and patient access to appropriate management of various headache disorders. Future research should focus on using innovative and evidence-based methods of content delivery, knowledge, and procedural assessment, and evaluating changes in practice behaviors.",wos,llm,0.990,unreviewed,,doi:10.1111/head.14541
