status,title,authors,year,venue,doi,url,tags,abstract,provider,decision_source,llm_confidence,llm_review_outcome,llm_change_direction,paper_id
kept,Does the Flipped Classroom Lead to Increased Gains of Learning Outcomes in ESL/EFL Contexts?,Marie Webb; Evelyn Doman,2016,The CATESOL journal.,10.5070/b5.36040,https://openalex.org/W2588676318,supports-claim,"This research investigates whether the flipped classroom can lead students to increased gains on learning outcomes in 2 ESL/EFL contexts in Macau, China, and the US. A pretest posttest quasiexperimental mixed-methods design (N = 64) was used to determine any differences in student achievement that might be associated with the flipped approach (FA). The effectiveness of the FA on students’ achievement with grammar-student learning outcomes was evaluated with a pretest and posttest grammar test, along with students’ perceptions of their increased comfort and confidence using English grammar through a grammar survey. These data were triangulated with student focus groups and means of completed grammar assignments. The findings suggest that although both the control and experimental groups showed increased comfort in the self-report data, gains on actual achievement were significant only for the experimental groups. The researchers of this study make recommendations for a flipped curriculum and materials design for ESL/EFL teachers in any context globally",openalex,llm,0.980,unreviewed,,doi:10.5070/b5.36040
discarded,"Effects of artificial Intelligence–Enabled personalized recommendations on learners’ learning engagement, motivation, and outcomes in a flipped classroom",Anna Y.Q. Huang; Owen H.T. Lu; Stephen J.H. Yang,2022,Computers & Education,10.1016/j.compedu.2022.104684,https://openalex.org/W4310249545,adjacent-subtopic,"The flipped classroom approach is aimed at improving learning outcomes by promoting learning motivation and engagement. Recommendation systems can also be used to improve learning outcomes. With the rapid development of artificial intelligence (AI) technology, various systems have been developed to facilitate student learning. Accordingly, we applied AI-enabled personalized video recommendations to stimulate students' learning motivation and engagement during a systems programming course in a flipped classroom setting. We assigned students to control and experimental groups comprising 59 and 43 college students, respectively. The students in both groups received flipped classroom instruction, but only those in the experimental group received AI-enabled personalized video recommendations. We quantitatively measured students' engagement based on their learning profiles in a learning management system. The results revealed that the AI-enabled personalized video recommendations could significantly improve the learning performance and engagement of students with a moderate motivation level.",openalex,llm,0.980,unreviewed,,doi:10.1016/j.compedu.2022.104684
kept,"Flipped Learning, Flipped Satisfaction: Getting the Balance Right",Rosemary Fisher; Bella Ross; Richard Laferriere; Alex Maritz,2015,Figshare,10.13140/rg.2.1.3111.7284,https://openalex.org/W2789123921,supports-claim; qualifies-claim,"This paper explores students’ perceptions of their learning outcomes, engagement, and satisfaction with a technology-facilitated flipped approach in a third-year core subject at an Australian university during 2014. In this pilot study, findings reveal that students preferred the flipped approach to the traditional face-to-face delivery and reported increased engagement, satisfaction, and learning outcomes as a result of both the flipped classroom approach and the use of digital technologies in the delivery of the unit. However, students did report frustration and less satisfaction generally with the flipped model in the initial stages of the semester. The implications are that students may require extra support in the initial stages of delivery of a flipped class to assist them to understand and take up the challenge of the approach, thereby maximising student engagement and satisfaction earlier in the semester.",openalex,llm,0.940,unreviewed,,doi:10.13140/rg.2.1.3111.7284
kept,A study of inverted classroom pedagogy in computer science teaching,Sameen Reza; Maria Ijaz Baig,2015,International Journal of Research Studies in Educational Technology,10.5861/ijrset.2015.1091,https://openalex.org/W2095840726,supports-claim,"An ""inverted classroom"" is a teaching environment that integrates the use of technology with active learning by exploration.In such a teaching environment, the class contact time is used for learning by doing whereas passive teaching is done out of class through the use of some communication medium (video lectures, or web-based content).The aim of this study is to investigate the inverted class room pedagogy in teaching undergraduate computer science course.Its primary objective is to help in bridging the gap of knowledge pertaining to use of technology and its effectiveness within the context of undergraduate computer science education.The course selected for this study is that of Data Structures offered at undergraduate level at a Pakistani university.This study employs the use of the Quasi-Experiment, two groups (Control and Treatment) -Pre-test and Post-test design model of experimentation.Key deductions of this study are that use of inverted class room pedagogy has positive impact on the learning outcomes.Students, who were participants of this experiment, showed a higher knowledge gain than their control group counterparts.This difference is especially pronounced in the areas of problem solving and programming ability.The results from this study can be used to transform other traditional computer science courses to inverted form.Inverted class room pedagogy shows the potential to address issues of student disinterest, lack of motivation and lagging attendance.",openalex,llm,0.980,unreviewed,,doi:10.5861/ijrset.2015.1091
kept,Implementing the Flipped Classroom in Teacher Education: Evidence from Turkey.,Gökçe Kurt,2017,Dspace Repository (Marmara Üniversitesi),,https://openalex.org/W2584595128,supports-claim,"Introduction Enhancing students' learning experiences and meeting their needs and expectations have been among primary concerns of higher education over three decades (Demirer & Sahin, 2013; Garrison & Hanuka, 2004). Therefore, extensive research has been conducted in order to investigate ways of improving teaching and learning environment (Biggs & Tang, 2011). Blended learning (BL) has emerged with its potential to transform higher education institutions to supplement traditional classroom setting and increase quality of student learning (Garrison & Hanuka, 2004). Despite its growing popularity, there is not an agreed upon single definition of BL in literature. In Singh and Reed's (2001) definition, BL refers to learning program using more than one delivery model to increase students' academic achievement and reduce costs. In Banados' words (2006), BL is a combination of technology and classroom instruction in flexible approach to learning that recognises benefits of delivering some training and assessment online but also uses other modes to make up complete training programme which can improve learning outcomes and/or save (p. 534). According to Garrison and Vaughan (2008), BL is about thoughtful integration of face-to-face and online learning; redesigning of course to increase student engagement; and restructuring and replacement of traditional class hours. They add that BL blends the best of traditional and Web-based learning experiences, and this blend or integration is multiplicative, not additive (p. 7). Common to these definitions is recognition of BL as combination of face-to-face and online-delivery methods to enhance students' learning and reduce costs. The use of BL has been reported to be on rise in higher education (Garrison & Vaughan, 2008; Graham, Woodfield, & Harrison, 2013). Its popularity is attributed to research suggesting that BL results in improved learning outcomes (Bonk & Graham, 2006; Vaughan, 2010), improved pedagogy (Graham, 2006), increased learner motivation and satisfaction (Collopy & Arnold, 2009; Fulkerth, 2010), increased interactions (Bonk & Graham, 2006; Delialioglu & Yildirim, 2007), and reduced costs (Bonk & Graham, 2006; Graham, 2006). In recent years, flipped or inverted classroom, falling under broad definition of blended learning, has gained prominence in higher education as an alternative pedagogical model reversing what traditionally occurs in and out of class. The flipped classroom The flipped classroom is an emerging pedagogical model in which traditional lecture is moved outside classroom via technology and assigned as homework while in-class time is spent on collaborative inquiry-based learning (Bergman & Sams, 2012; Lage, Platt, & Treglia, 2000; Stone, 2012; Tucker, 2012). The flipped classroom is defined by Bishop and Verleger (2013) as follows: The flipped classroom is new pedagogical method, which employs asynchronous video lectures and practice problems as homework, and active, group-based problem solving activities in classroom. It represents unique combination of learning theories once thought to be incompatible- active, problem-based learning activities founded upon constructivist ideology and instructional lectures derived from direct instruction methods founded upon behaviourist principles. (p. 1) The flipped classroom model has developed through years with contributions from several researchers. In 1996, Mazur argued against using lectures and having passive students in classroom. He used technique called Peer Instruction to change traditional instructional model. He asked his students to prepare for class by reading assigned materials so that they could be actively engaged in learning process with their peers (Mazur, 2009). …",openalex,llm,0.840,unreviewed,,hash:04af6b5ec48d5b8c
discarded,Exploring research trends in the implementation of the flipped classroom model in educational research: A review of literature,Fırat KILAVUZ,2024,Pedagogical Research,10.29333/pr/14730,https://openalex.org/W4399674735,adjacent-subtopic,"Flipped learning is an educational method that utilizes technology to provide instruction outside regular class hours, enhancing student engagement and learning outcomes. Bibliometric studies have been increasingly used to assess the status of research in a field. However, no study has explored research trends in implementing the flipped classroom model (FCM) in educational research. Hence, this research explored trends in implementing FCM in educational research using bibliometric analysis. For this purpose, I analyzed the data from 1,093 publications indexed in the Web of Science database using VOSviewer software. The results showed that publications on flipped classrooms increased annually, and most studies were conducted in 2020. In addition, the results also revealed that Interactive Learning Environments journal published the most articles, and most of the publications were conducted in the USA. The institution with the most publications is the University of Hong Kong, while the researcher with the most publications is Gwo-Jen Hwang. Furthermore, the results also revealed 10 clusters demonstrating research trends in flipped research in the education field. Based on the findings, recommendations for practice and research are made.",openalex,llm,0.990,unreviewed,,doi:10.29333/pr/14730
kept,Exploring the effectiveness of flipped learning in university education,Form of Public Safety and Culture; Bora Lee; Hye Sook Kim,2023,Forum of Public Safety and Culture,10.52902/kjsc.2023.25.19,https://openalex.org/W4389463169,qualifies-claim,"The purpose of this study is to measure and analyze the effect of flipped learning on learning immersion, outcome achievement, and learning satisfaction for students in the Department of Health Administration, and to further revitalize student-centered classes. This study was conducted to find implications for the following. The research method is an exploratory research study through pre- and post-analysis, and the research subjects are 32 students attending the Department of Health Administration at University B. The pre-survey before applying flipped learning was conducted on March 6, 2023, and the post-survey after the subject was administered was conducted on June 19, 2023. The collected data were analyzed with the SPSS/WIN 27.0 program. Frequency analysis was conducted on the general characteristics of the study subjects, and a paired-sample t-test was conducted on learning outcomes after a pre-survey and post-survey on the application of flipped learning classes. As a result of the study, the average post-survey score was found to be high through pre- and post-comparative analysis of learning immersion, outcome achievement, and academic satisfaction after running the flipped learning class. Significant results were found in the interest factor among the learning immersion factors, and in the factors of achievement motivation, satisfaction, and relationship utilization among the outcome achievement factors. In particular, the effects of achievement motivation and satisfaction were found to be high. The academic satisfaction factor showed a high effect of learning-related satisfaction. Based on these results, it is believed that it is effective to apply flipped learning to improve learners' academic satisfaction and confidence in medical terminology subjects.",openalex,llm,0.820,unreviewed,,doi:10.52902/kjsc.2023.25.19
kept,The flipped classroom: supporting a diverse group of students in their learning,Nicole Sylvia Goedhart; N. Blignaut-van Westrhenen; Christine Möser; Marjolein B. M. Zweekhorst,2019,Learning Environments Research,10.1007/s10984-019-09281-2,https://openalex.org/W2922158593,supports-claim; qualifies-claim,"Higher education faces several challenges including both increased student diversity and the use of technologies. The flipped classroom approach has been proposed as a way to address some of these challenges. This study examined the effects of a flipped classroom trial conducted during a Master’s course at the Vrije Universiteit Amsterdam in the Netherlands. Half of the course was taught in a traditional lecture style while the remaining half was replaced by flipped classrooms. Interviews and focus-group discussions were conducted with the students to gather information about their experiences of the flipped classroom. Questionnaires completed by the students, as well as an interview with the tutor, were used to gain further insights into the effects of the flipped classroom on learning processes, such as pre-class preparation and in-class activities. Findings highlight the success of this trial based on the positive feedback from both students and the tutor. In particular, the combination of personalised pre-class learning and peer-learning classroom activities facilitated deeper learning. Surprisingly, even though the overall experience was good, not all students agreed that the flipped classroom contributed to positive learning outcomes, which should be investigated further because such outcomes could differ depending on students’ general learning styles and preferences. Moreover, in order to facilitate flipped classrooms on a larger scale, considerable institutional support is required to enable their practical implementation and to provide flexible assessments. Our study thus sheds light on the feasibility of implementing flipped classroom teaching in higher education.",openalex,llm,0.910,unreviewed,,doi:10.1007/s10984-019-09281-2
kept,Comparison of Pharmaceutical Calculations Learning Outcomes Achieved Within a Traditional Lecture or Flipped Classroom Andragogy,H. Glenn Anderson; Lisa Frazier; Stephanie L. Anderson; Robert Brewster Stanton; Chris Gillette; Kim Broedel-Zaugg; Kevin W. Yingling,2017,American Journal of Pharmaceutical Education,10.5688/ajpe81470,https://openalex.org/W2621813101,supports-claim; qualifies-claim,"Objective. To compare learning outcomes achieved from a pharmaceutical calculations course taught in a traditional lecture (lecture model) and a flipped classroom (flipped model). Methods. Students were randomly assigned to the lecture model and the flipped model. Course instructors, content, assessments, and instructional time for both models were equivalent. Overall group performance and pass rates on a standardized assessment (Pcalc OSCE) were compared at six weeks and at six months post-course completion. Results. Student mean exam scores in the flipped model were higher than those in the lecture model at six weeks and six months later. Significantly more students passed the OSCE the first time in the flipped model at six weeks; however, this effect was not maintained at six months. Conclusion. Within a 6 week course of study, use of a flipped classroom improves student pharmacy calculation skill achievement relative to a traditional lecture andragogy. Further study is needed to determine if the effect is maintained over time.",openalex,llm,0.990,unreviewed,,doi:10.5688/ajpe81470
kept,Impact of blended learning on learning outcomes in the public healthcare education course: a review of flipped classroom with team-based learning,Hee Young Kang; Hae Ran Kim,2021,BMC Medical Education,10.1186/s12909-021-02508-y,https://openalex.org/W3123745413,supports-claim,"BACKGROUND: A flipped classroom with team-based learning is a blended educational strategy that guides active learning inside and outside the classroom. This study aimed to verify the effects of this innovative blended educational strategy on knowledge, problem-solving ability, and learning satisfaction of undergraduate nursing students undergoing public healthcare education. METHODS: The subjects were undergraduate nursing students enrolled in H University in South Korea. The experiment was conducted over a period of 8 weeks in the public healthcare course. Two groups, blended learning (A flipped classroom with team-based learning) which was the experimental group and traditional lecture-based classroom group, the control group, were assessed. In the blended learning group, the students had pre-class, in-class (including team-based learning elements), and post-class learning elements. The two groups were compared on the following learning outcomes: knowledge, problem-solving ability, and learning satisfaction. RESULTS: Results showed that the blended learning instructional methods, in comparison with traditional lectures, enhanced the students' knowledge, problem-solving ability, and learning satisfaction in the public healthcare course. CONCLUSIONS: This study supports the feasibility of the flipped classroom with team-based learning as a blended learning strategy, able to produce improvements in nursing students' learning outcomes. Blended learning approaches may be an effective alternative to conventional approaches in nursing education.",openalex,llm,0.980,unreviewed,,doi:10.1186/s12909-021-02508-y
kept,Effectiveness of the Flipped Classroom Strategy in Learning Outcomes (Bibliometric Study),Thuraya Alshabibi; Mohammed Abdul-Karim Al-Ayasra,2017,International Journal of Learning Teaching and Educational Research,10.26803/ijlter.18.3.6,https://openalex.org/W2940557814,supports-claim; qualifies-claim,"The aim of this study is to explore the effectiveness according to the flipped classroom strategy in learning outcomes. To achieve this, the descriptive method of ""bibliometric analysis"" was used. It analyzed (233) scientific studies and evaluated them in a critical manner in light of the study questions, within the range of eight years (2012-2019) in order to identify the variables that these studies sought to investigate on the strategy, its impact on those variables, and the justification behind its positive impact. The study results reveal that the flipped classroom can provide students with a more interactive environment that will lead to higher learning achievement and better preparation for 21st century learning and work environments. Many of the studies targeted by the present study have analyzed the advantages and privileges of this strategy and the importance of its application in different stages of education because of its obvious results in improving the range of learning outcomes. In view of its findings, the study recommended an expansion of teachers' use of the flipped classroom strategy because of its positive impact in learning outcomes. It also suggested conducting studies on the reasons behind the lack of a clear positive impact of the strategy in some studies. https://doi.org/10.26803/ijlter.18.3.6",openalex,llm,0.840,unreviewed,,doi:10.26803/ijlter.18.3.6
