status,title,authors,year,venue,doi,url,tags,abstract,provider,decision_source,llm_confidence,llm_review_outcome,llm_change_direction,paper_id
discarded,Application of the flipped classroom method and VR resources in a secondary school educational environment,D.F. García-Molina,2026,Multimedia Tools and Applications,10.1007/s11042-026-21891-6,https://www.scopus.com/inward/record.uri?partnerID=HzOxMe3b&scp=105049613368&origin=inward,adjacent-subtopic,"Improving digital teacher training is a global imperative across educational fields. As Information and Communication Technologies (ICT) continue to reshape the educational landscape, it becomes essential for educators to embrace new pedagogical approaches. This research aims to investigate the application of virtual media and a non-traditional flipped learning method in a Compulsory Secondary Education (ESO) classroom. The study explores the advantages and drawbacks of this pedagogical approach, as well as the utilization of virtual reality (VR) resources within the educational domain. Specifically, the research combines the innovative teaching-learning method known as the Flipped Classroom with captivating digital resources, employing VR technology in the context of Geography and History subjects. The proposed methodology is developed in the second year of secondary education in the Fernando III high school (Priego de Córdoba, Spain). The research includes a comparative analysis of academic performance between traditional educational methodologies, the proposed Flipped Classroom (FC) and Virtual Reality resources approach. Compared with the first-quarter unit taught with the conventional approach, students obtained higher scores in the second-quarter unit implemented with the FC + VR methodology; given the single-group quasi-experimental design, these findings should be interpreted as observed differences in this sample rather than as definitive causal proof. This observation is supported by statistical evidence: the Wilcoxon signed-rank test revealed a significant difference between the two conditions: traditional and FC + VR evaluations (Z = − 3.039, p = 0.002), with a large effect size (r = 0.62), and excellence grades increased from 37.5% under the traditional method to 87.5% with the proposed methodology. In addition, a survey of the secondary school student population and an interview with the subject teacher were conducted, which revealed their overall satisfaction with the proposed educational methodology. These results suggest more positive student perceptions following the intervention. Given the exploratory nature of the study and the small sample size (N = 24), the findings should be interpreted with caution. The findings suggest higher levels of perceived understanding, attention, and engagement associated with the implementation of the new FC + VR approach. The manuscript highlights the potential of the Flipped Classroom and Virtual Reality resources as a promising educational approach in secondary education. By providing insights into observed improvements in student outcomes and positive student experiences, this research contributes to the ongoing efforts in advancing digital teacher training worldwide.",scopus,llm,0.980,unreviewed,,doi:10.1007/s11042-026-21891-6
discarded,Measuring changes in learning outcomes through in-session assessments during progressive curriculum implementation,S. Oberst,2026,Frontiers in Education,10.3389/feduc.2026.1879256,https://www.scopus.com/inward/record.uri?partnerID=HzOxMe3b&scp=105050662625&origin=inward,adjacent-subtopic,"This paper reports a four-year progressive implementation study of Embedded Mechatronic Systems, redesigned using Generative Learning Theory (GLT) within a flipped classroom and supported by studio- and project-based learning. The redesign modernised the curriculum, strengthened theory–practice integration, and aligned learning outcomes with industry expectations. The subject focuses on physical computing via digital circuit design and embedded systems, enabling students to interface sensors and actuators, while applying foundational digital signal processing. Teaching emphasises industry-relevant microcontroller platforms and direct industry collaboration, fostering authentic, practice-aligned skills that underpin advanced coursework in control, mechatronics, vibration, and environmental acoustics. To address fragmentation between lectures and labs, a session-long group project was introduced, transforming isolated experiments into cohesive engineering tasks. Students collaboratively design, implement, and demonstrate functional embedded systems within structured workshops, supported by reflective reports and demonstration videos that promote metacognition and peer-learning, consistent with GLT. Metrics were developed to track competency and mastery thresholds based on assessments during the session directly, to serve as a heuristic for estimation of learning outcomes. Evaluation using internal quantitative measures shows sustained improvement post-redesign, with estimates of improved learning outcomes increasing by 41% ± 33% per year and ∼96% ± 7% overall from 2020 to 2025. Involving the cohort in assessment (self and peer) can help identify individuals who are not aware of their performance in a large class. The approach offers a scalable alternative to traditional examinations and performance metrics, which often require formalised entry and exit exams. It demonstrates that aligned pedagogy, authentic technology use, and reflective assessment can substantially enhance learning outcomes and bridge academic instruction with professional engineering practice.",scopus,llm,0.780,unreviewed,,doi:10.3389/feduc.2026.1879256
kept,Teaching Programming in the Age of Generative Artificial Intelligence: Learning Gains and Pedagogical Integration in a Higher Education Context,G. Huesca,2026,AI Switzerland,10.3390/ai7070248,https://www.scopus.com/inward/record.uri?partnerID=HzOxMe3b&scp=105045868726&origin=inward,qualifies-claim,"The rapid integration of Generative Artificial Intelligence (GenAI) into programming education has raised important questions regarding its impact on learning processes, conceptual understanding, and technological dependency. This study analyzed the effects of four GenAI-supported instructional strategies in an introductory programming course for undergraduate engineering students. A multi-group quasi-experimental pre-test–post-test design was implemented involving 686 students distributed across 53 class groups, from 10 campuses, taught by 32 professors. The instructional conditions included Quizzes for Self-Regulation, Github-Copilot-assisted learning, Prompt Problems with Iterative Refinement, and Flipped Learning enhanced with GenAI, which were compared against a traditional teaching approach. Learning outcomes were measured using normalized learning gain, while statistical analyses were conducted using non-parametric methods due to deviations from normality and heteroscedasticity. Results indicate that GenAI integration did not produce statistically significant overall differences in learning gain when all GenAI-supported strategies were analyzed as a single cluster compared to traditional instruction. However, differences emerged between specific strategies, with Quizzes and Copilot-based approaches having higher median learning gains than Prompt Problems and Flipped Learning strategies. No statistically significant differences associated with gender were identified. These findings suggest that the effectiveness of GenAI in programming education depends less on the mere presence of the technology and more on the pedagogical conditions under which it is integrated into the teaching–learning process.",scopus,llm,0.920,unreviewed,,doi:10.3390/ai7070248
discarded,Effect of Online and Face-to-Face Engagement and Formative Assessment Score on Flipped Programming Course Outcomes and Satisfaction,N.M. Çetin,2026,Online Learning Journal,10.24059/olj.v30i2.4910,https://www.scopus.com/inward/record.uri?partnerID=HzOxMe3b&scp=105040772260&origin=inward,adjacent-subtopic,"In recent years, the flipped classroom model has gained attention for its ability to enhance learning by combining face-to-face (f2f) interactions with online activities. This study explores how different engagement levels—both online and f2f—affect course outcomes and student satisfaction, focusing on programming courses. Using advanced techniques that is, multiple regression and classification and regression tree (CART), the research examines the impact of engagement types on course satisfaction and learning outcomes. Undergraduate level object-oriented programming and database management courses were delivered via a learning management system (LMS) using a flipped instruction model. Engagement data was collected from LMS event logs, and satisfaction was assessed as a usability measure using the System Usability Scale (SUS). Engagement metrics and variables were derived from the raw data for analysis. Regression analysis demonstrated that perceived usability could be predicted by engagement data, accounting for 45% of the variance. Additionally, classification results identified online engagement as the most critical factor influencing student success. The research also highlighted the importance of formative assessment scores and f2f interactions, that is, completing lab assignments, in determining course outcomes. This study underscores the complementary roles of f2f and online activities in flipped classrooms. It provides strategic insights into designing more effective LMS-supported courses by emphasizing the need for balanced engagement strategies. These findings can guide educators in leveraging both engagement types to maximize student satisfaction and success in blended learning environments.",scopus,llm,0.950,unreviewed,,doi:10.24059/olj.v30i2.4910
discarded,Effects of technology-based self-directed learning on Jordanian students’ mathematical cognitive domains assessed by TIMSS,H. Al-Awidi,2026,Teaching Mathematics and Its Applications,10.1093/teamat/hraf013,https://www.scopus.com/inward/record.uri?partnerID=HzOxMe3b&scp=105042512912&origin=inward,adjacent-subtopic,"
 Self-directed learning (SDL) is one of the main goals of education; it is regarded as one of the primary 21st-century skills that learners must acquire in schools. In recent years, the use of technology to facilitate SDL has increased, and technology has been recognized as having great potential to support SDL. This study examined the effect of technology-based self-directed learning (TB-SDL) on eighth-grade students' mathematical cognitive domains assessed by TIMSS. The study adopted the flipped learning method via Moodle to deliver TB-SDL activities. The learning activities included questions from the previous TIMSS and others that simulated TIMSS questions. The study employed the experimental method with a semi-experimental design with one group. The study involved 75 female students representing all the eighth-grade students at a private girls’ school in Amman, Jordan. Paired sample t-tests were used to analyze the data and compare pre- and post-test scores. The results revealed that students' performance in the three domains of cognitive development increased significantly due to the use TB-SDL.",scopus,llm,0.980,unreviewed,,doi:10.1093/teamat/hraf013
discarded,From Screens to Innovation: Enhancing Creative Thinking through Flipped Classroom Learning in Primary Computer Science Classes,A.A. Al-Barakat,2026,International Journal of Information and Education Technology,10.18178/ijiet.2026.16.6.2624,https://www.scopus.com/inward/record.uri?partnerID=HzOxMe3b&scp=105042187241&origin=inward,adjacent-subtopic,"The research focused on determining whether the implementation of a flipped classroom pedagogical model would improve the creative thinking skills of students learning primary computer science. Of the 120 students who participated in this quantitative research, 60 made up the experimental group that was exposed to the flipped classroom method while the remaining 60 made up the control group that was taught using traditional methods. To achieve the goals of the research, an entire instructional unit grounded in the principles of flipped learning was developed while creative thinking was measured using the three components of fluency, flexibility, and originality through a pre-test and post-test which served to collect data. The results showed that the experimental group outperformed the control group in all the components of creative thinking which emphasized the value of the flipped classroom in improving the students’ creative thinking skills. The flipped classroom fostered a stimulating, constructivist environment that promoted collaboration and deeper thinking. The research argues that computer science classrooms, especially those aiming to foster advanced thinking skills, should embrace flipped learning more and recommends adoption of strategies that support the integration of flipped methods into educational methods and frameworks while encouraging further research on its impact on other cognitive, psychomotor, and social learning outcomes within different educational environments.",scopus,llm,0.960,unreviewed,,doi:10.18178/ijiet.2026.16.6.2624
discarded,"Artificial intelligence-supported flipped learning in information technology education: quasi-experimental evidence on programming performance, learning autonomy, reflective learning, and digital competence",N.D. Bach,2026,Frontiers in Education,10.3389/feduc.2026.1907387,https://www.scopus.com/inward/record.uri?partnerID=HzOxMe3b&scp=105051185590&origin=inward,adjacent-subtopic,"
 This study examines lecturer-guided artificial intelligence (AI)-supported flipped learning in undergraduate Information Technology programming education. The study focuses on how multiple AI tools can be pedagogically orchestrated across pre-class preparation, in-class programming practice, and post-class reflection while maintaining lecturer guidance, student reasoning, and responsible AI use. A classroom-based non-equivalent groups quasi-experimental design was implemented with 120 undergraduate Information Technology students in a Programming Techniques course. One intact class participated in a lecturer-guided AI-supported flipped learning condition (
 n
  = 60), while another intact class participated in a traditional flipped classroom condition without planned AI-supported learning tasks (
 n
  = 60). Quantitative data included pretest and posttest programming scores and post-intervention self-reported measures of learning autonomy, reflective learning, and digital competence. Qualitative interview data from students and lecturers were used to contextualize participants' perceptions of AI-supported learning activities. The results showed that the AI-supported flipped learning group achieved higher posttest programming performance, showed a larger observed programming-performance gain, and reported higher post-intervention learning autonomy, reflective learning, and digital competence than the traditional flipped classroom group. Because the self-reported items referred explicitly to AI-supported activities, these differences are interpreted as condition-linked perceptions rather than as comparisons of general competence. Qualitative findings indicated that students and lecturers perceived AI as useful for preparation, debugging-related feedback, solution comparison, reflection, and lecturer-guided verification. The findings should be interpreted as classroom-based evidence of observed group differences rather than as definitive causal proof of AI tool effects. The main contribution of the study is to illustrate how multiple AI tools can be organized as a lecturer-guided pedagogical orchestration within the flipped programming learning cycle.
",scopus,llm,0.960,unreviewed,,doi:10.3389/feduc.2026.1907387
discarded,"Comparing traditional and flipped classrooms in teaching block-based programming: effects on fifth-graders’ self-efficacy towards computational thinking skills, conceptual learning, and their perspectives",E. Erdem,2026,Education 3 13,10.1080/03004279.2024.2400933,https://www.scopus.com/inward/record.uri?partnerID=HzOxMe3b&scp=85205324010&origin=inward,adjacent-subtopic,"ABSTRACT This study investigates the impact of two teaching methods – face-to-face traditional teaching and the flipped classroom model – on fifth-grade students’ self-efficacy towards computational thinking skills, conceptual learning, and perspectives on programming within a block-based environment. Seventy-seven students participated in this mixed-method research with an exploratory sequential design. The quasi-experimental phase involved administering the Self-Efficacy Perception Scale for Computational Thinking Skills as a pretest and posttest to both experimental and control groups, along with weekly achievement tests during the treatment. Additionally, focus group interviews were conducted with 24 students after the treatment. The findings revealed that students in both groups improved their conceptual learning and self-efficacy in computational thinking. Moreover, both groups reported that discovery learning was particularly effective in enhancing their game and animation design skills during the treatment.",scopus,llm,0.980,unreviewed,,doi:10.1080/03004279.2024.2400933
discarded,Investigation of the Influence of Flipped Learning and Text-Based Generative Artificial Intelligence in Programming Education: Effectiveness and Pedagogical Strategies,E.S. Jang,2026,Computer Applications in Engineering Education,10.1002/cae.70146,https://www.scopus.com/inward/record.uri?partnerID=HzOxMe3b&scp=105028260207&origin=inward,adjacent-subtopic,"Computational thinking (CT) and programming are essential competencies in the Fourth Industrial Revolution, spurring interest in learner‐centered and artificial intelligence (AI)‐based education. Combining the active environment of flipped learning with the personalized support of generative AI is a promising new strategy for programming education; however, research integrating these elements remains limited. This study investigated the effects of programming education that incorporates both flipped learning and generative AI on students' CT and problem‐solving skills, with particular attention to variations by university size and educational setting. Participants were students enrolled in introductory software courses at two universities (K and J). Programming lessons integrating generative AI and flipped learning were developed, and changes in students' CT and problem‐solving skills were evaluated using pre‐ and post‐surveys and analyses of programming assignments. The study also examined the relationship between programming‐related CT components (problem decomposition, abstraction, algorithm design, automation, and simulation) and students' programming difficulties, as well as key factors contributing to differences in learning outcomes between institutes. The results revealed significant improvements in the CT and problem‐solving skills of students. Based on these findings, pedagogical strategies were proposed to optimize the use of generative AI and flipped learning in diverse educational contexts. This study provides valuable insights into the application of active, personalized learning in various settings, including introductory software education and online learning.",scopus,llm,0.930,unreviewed,,doi:10.1002/cae.70146
discarded,Early Prediction Under Class Imbalance for a Programming Course: Feature Selection and Data Augmentation,H. Tran,2026,Lecture Notes in Computer Science,10.1007/978-981-95-4957-3_23,https://www.scopus.com/inward/record.uri?partnerID=HzOxMe3b&scp=105024429094&origin=inward,off-topic-false-hit,,scopus,llm,0.990,unreviewed,,doi:10.1007/978-981-95-4957-3_23
