status,title,authors,year,venue,doi,url,tags,abstract,provider,decision_source,llm_confidence,llm_review_outcome,llm_change_direction,paper_id
kept,Effectiveness of flipped classroom on learning and satisfaction of nursing students in physiology laboratory education: a quasi-experimental study,Roxana Karbaschi; Raziyeh Ghafouri,2026,BMC Nursing,10.1186/s12912-026-04670-4,https://www.scopus.com/inward/record.uri?partnerID=HzOxMe3b&scp=105040918718&origin=inward,supports-claim,"Background and objective: Physiology is a foundational course in the medical sciences, including nursing. More active learning strategies, such as the flipped classroom, can enhance educational effectiveness and support practical medical applications. Therefore, this study aimed to investigate the effect of the flipped classroom on learning in the physiology lab course. Methods: This quasi-experimental study compared lecture-based learning with a flipped classroom approach, using convenience sampling and randomized block allocation. The study population included all first-semester nursing students at Shahid Beheshti University of Medical Sciences during the academic year 2024–2025. Both groups received eight two-hour lecture sessions for the theoretical component of the course. The control group’s practical course consisted of lectures followed by hands-on practice, whereas the intervention group’s practical course employed a flipped classroom model, where students reviewed instructional videos before engaging in exercises and discussions during eight two-hour in-person sessions. One week after completing the training for theoretical and practical courses, satisfaction and learning were evaluated and compared in both groups. Results: The study included 87 students (51 females (58.62%), 36 males (41.38%); mean age = 19.80 years, SD = 1.31). Chi-square tests revealed no significant gender differences between groups (χ2 (1, N = 87) = 0.25, p = 0.62). Similarly, an independent samples t-test showed no significant age differences between groups (t (85) = 0.88, p = 0.38). Independent samples t-tests revealed no significant differences between intervention and control groups in theoretical exam scores, both before (t (85) = 0.30, p = 0.77) and after (t (85) = 0.32, p = 0.75) the theoretical course. However, significant differences emerged after the practical course, with the intervention group scoring higher on both the practical course mark, with large effect sizes (t (85) = 5.61, p < 0.001, d = 1.21, η² = 0.27), and satisfaction scores, with large effect sizes (t (85) = 4.61, p < 0.001, d = 0.88, η² = 0.16). Paired t-tests showed significant improvements in nursing students’ knowledge scores after the theoretical course (t (86) = -54.72, p < 0.001), with a considerable effect size, dppc2 = 7.90, η² = 0.97. In addition, satisfaction scores after the practical course (t (86) = 8.42, p < 0.001) demonstrated a large effect size, dppc2 = 1.17, η² = 0.45. Conclusion: The flipped classroom (FC) significantly improved nursing students’ practical physiology learning and satisfaction compared to traditional lectures. While theoretical knowledge gains were similar, FC enhanced practical skills, engagement, and motivation. By combining pre-class preparation with interactive in-class activities, FC supports active, student-centered learning and better prepares students for clinical practice. These findings highlight FC as an effective strategy for enhancing educational outcomes in laboratory-based nursing courses. Clinical trial registration: This study was registered on the Iranian registry of clinical trial (http://irct.behdasht.gov.ir) on 23.3.2025 with IRCT ID: IRCT20210131050189N13.",scopus,llm,0.970,unreviewed,,doi:10.1186/s12912-026-04670-4
kept,Implementing peer-assisted learning in a dental flipped classroom: a model for postgraduate-undergraduate collaboration,Ming Wang Cui; Miao Miao Zhang; Yu Lei Dong; Tao Wen; Wei Qi Xu; Qi Zhiang Liu; Ke Zhen Yang; Zheng Rou Wang; Zhu Ling Guo,2026,BMC Medical Education,10.1186/s12909-026-09315-3,https://www.scopus.com/inward/record.uri?partnerID=HzOxMe3b&scp=105043908215&origin=inward,qualifies-claim,"Objective: This study focuses on the application of the flipped classroom combined with postgraduate-undergraduate collaboration (FC-PUC) teaching model in stomatological education. It aims to evaluate the impact of this integrated model on undergraduate students’ clinical operational competence, critical thinking, and learning satisfaction in stomatology courses. Methods: A mixed-methods research approach was adopted. A total of 120 undergraduate students majoring from Hainan Medical University were randomly divided into three groups, which received traditional teaching (Lecture-based Learning, LBL), conventional flipped classroom teaching, and the flipped classroom combined with postgraduate-undergraduate collaboration teaching, respectively. By comparing the assessment scores, skill operation ratings, and student feedback across the three groups, the teaching effectiveness of the FC-PUC model was thoroughly investigated. Results: No statistically significant difference was observed in the scores on basic knowledge questions among the three groups (p > 0.05). In contrast, scores on case analysis questions, total theoretical scores, and the performance in three practical skills—tooth preparation for full crown restoration, pit and fissure sealing, and intraoral suturing—all exhibited a significant gradient difference (PUC-FC group > FC group > LBL group, p < 0.05). The satisfaction survey indicated that, except for the dimension of rationality of class hour arrangement where no inter-group difference was found, the PUC-FC group achieved significantly higher ratings than the FC and LBL groups in other dimensions including course quality, teaching resources, and practical sessions. Conclusion: The flipped classroom combined with postgraduate-undergraduate collaboration model significantly improves students’ operational precision, case analysis ability, and learning satisfaction. This study provides a novel pathway for optimizing stomatological education.",scopus,llm,0.950,unreviewed,,doi:10.1186/s12909-026-09315-3
kept,Flexibility vs. disconnection: A qualitative inquiry into student experiences in a flipped learning environment,Ederson Bawang,2026,Multidisciplinary Science Journal,10.31893/multiscience.2026788,https://www.scopus.com/inward/record.uri?partnerID=HzOxMe3b&scp=105042230371&origin=inward,qualifies-claim,"In the evolving higher education landscape, pedagogical models are increasingly shifting towards flexible, learner-centered approaches designed to bolster academic success. This study investigates students' experiences in the flipped classroom environment, focusing on the inherent tension between enhanced instructional flexibility and social-emotional disconnection. Utilizing a qualitative descriptive design, the research explores the perceptions of twenty-four first-year Bachelor of Science in Education students majoring in science, who were exposed to both flipped and traditional modes of instruction over an 18-week semester. Data were collected through structured interviews using an interview guide built around four theoretical dimensions: learning environment, engagement, motivation, and support. Findings were analyzed using qualitative content analysis. The results reveal a dualistic perception: while students highly value the educational utility and flexibility of the flipped model, they report significant socio-emotional deficits. Themes of instructional flexibility and convenience emerged as primary positives, underscoring students' autonomy. Conversely, challenges include engagement, social isolation, delayed feedback, and difficulties in self-regulation. Students expressed a clear preference for physical discussion and real-time social interactions found in face-to-face traditional lectures. Furthermore, the shift in responsibility from teacher to learner introduced a motivational deficit, which led to distractions and perceived procrastination brought about by extraneous academic load. Technical barriers like unstable internet access and environmental distractions at home further moderated students' academic isolation. The study concludes that while the flipped model is a valuable pedagogical tool supporting asynchronous, learner-centered learning, it cannot fully replace the social and emotional aspects of traditional classrooms. Recommendations include integrating or enhancing interactive in-class activities, providing scaffolds for self-regulation, and ensuring equitable access to digital resources to optimize student engagement and learning outcomes.",scopus,llm,0.930,unreviewed,,doi:10.31893/multiscience.2026788
kept,The effects of flipped classroom versus lecture-based learning on academic performance and perceptions of classroom environment among nursing students: a randomized controlled trial,Mahboubeh Sadat Yousefi; Mohsen Fooladzadeh Dehghan; Mahnaz Ilkhani; Rahimeh Khajoei; Saeide Heidari; Mozhgan Jokar,2026,BMC Medical Education,10.1186/s12909-026-09746-y,https://www.scopus.com/inward/record.uri?partnerID=HzOxMe3b&scp=105048528734&origin=inward,supports-claim,"Introduction: Nursing students often struggle with the fluids and electrolytes course because of the complexity, extensive detail, and fleeting nature of the content. Evidence indicates that the flipped classroom approach can enhance learning and performance among students in the medical professions compared to traditional methods. This study aimed to compare the effects of two teaching approaches, the flipped classroom and traditional lecture-based learning, on nursing students’ academic performance and perceptions of the classroom environment. Methods: This was a single-blind, parallel-group, pretest-posttest randomized controlled trial. The study was conducted with 58 nursing students at Qom University of Medical Sciences, Iran, during the 2019–2020 academic year. Participants were randomly assigned using a computer-generated block randomization sequence to either the intervention group (flipped classroom, n = 29) or control group (lecture-based learning, n = 29). The primary outcome was academic performance, measured by researcher-developed 20-item multiple-choice knowledge test. The secondary outcome was perceptions of the classroom environment, assessed using the College and University Classroom Environment Inventory (CUCEI). Data were analyzed using descriptive and inferential statistics with SPSS version 26. All analyses followed the intention-to-treat principle and included all 58 randomized participants. Results: There was no statistically significant difference in the mean scores of knowledge test between the two groups prior to the intervention (t = 1.265, 95% CI: [-0.30, 1.33], P = 0.211). After controlling for pretest scores, ANCOVA revealed a significant and large effect of the flipped classroom on post-test knowledge (F = 104.719, P < 0.001, partial η² = 0.65). A one-way MANOVA on the seven CUCEI subscales yielded a significant multivariate effect (Pillai’s Trace = 0.93, F = 109.30, P < 0.001, partial η² = 0.93). With a Bonferroni-corrected alpha of 0.007, the flipped classroom group demonstrated significantly higher scores on Satisfaction, Involvement, Task Orientation, and Innovation, while no significant differences were found for Personalization, Student Cohesiveness, and Individualization. Conclusion: The findings suggest that the flipped classroom approach can improve nursing students’ academic performance and perceptions of the classroom environment. These results highlight the potential value of integrating active, student-centered pedagogies into nursing curricula. However, given the small sample size, short study duration, lack of long-term follow-up to assess knowledge retention, and single-institution design, further research with larger and more diverse samples is needed to confirm these results. Trial registration: The study was retrospectively registered in the Iranian Clinical Trials Registry (IRCT) with the trial number IRCT20240610062078N2 on December 21, 2025.",scopus,llm,0.910,unreviewed,,doi:10.1186/s12909-026-09746-y
kept,Flipped classroom combined with case-based learning enhances ventilator management training for non-anesthesiology medical undergraduates: a randomized controlled study,Su Mei Liu; Peng Ou; Hui Li; Zhao Lan Hu; Ru Yi Luo,2026,BMC Medical Education,10.1186/s12909-025-08380-4,https://www.scopus.com/inward/record.uri?partnerID=HzOxMe3b&scp=105028734878&origin=inward,supports-claim,"Background: Undergraduate education constitutes a fundamental component of higher education and serves as a crucial indicator of institutional quality. Consequently, the reform of medical curricula, especially in the field of anesthesiology, is imperative. Such reform must effectively cater to both specialty trainees and non-specialty students on rotation, thereby enhancing the clinical relevance and educational impact of the discipline. This study aimed to evaluate the teaching effectiveness of a flipped classroom (FC) combined with case-based learning (CBL) approach in the ventilator management clerkship for non-anesthesiology undergraduate students. Methods: A total of 164 non-anesthesiology undergraduates (Class of 2021, five-year clinical medicine program) from Xiangya School of Medicine, Central South University, were enrolled. Using a random number table based on pre-existing clerkship groups, students were assigned to either the FC combined with CBL (FC-CBL) group (n = 87) or the traditional lecture-based learning (LBL) group (n = 77). The FC-CBL group completed pre-class video modules covering respiratory mechanics principles and ventilation mode recognition. During class, students worked in small groups to analyze typical cases of patients undergoing general anesthesia across three phases (induction, maintenance, and emergence), engaging in hands-on ventilator parameter adjustment training. Teaching satisfaction was assessed using a Likert 5-point scale. Learning outcomes were evaluated multidimensionally, including theoretical assessment, practice skills testing, and teaching satisfaction survey. Results: Compared to the LBL group, the FC-CBL group demonstrated significantly higher total theoretical scores (90.0 [80.0, 100.0] vs. 100.0 [80.0, 100.0], P = 0.024), total operational skill scores (80.0 [60.0, 95.0] vs.90.0 [80.0, 95.0], P = 0.016), and total teaching satisfaction scores (27.0 [24.2, 30.0] vs.30.0 [26.0, 30.0], P = 0.049). In the modular theoretical assessment, the FC-CBL group scored significantly higher than the LBL group in the “Basic Knowledge” module (30.0 [20.0, 40.0] vs. 40.0 [30.0, 40.0], P = 0.02). Conclusion: The FC-CBL model, as an innovative teaching approach, effectively enhances theoretical knowledge, operational skills, and teaching satisfaction among non-anesthesiology undergraduates learning ventilator management, meriting wider application in anesthesiology clinical clerkships.",scopus,llm,0.960,unreviewed,,doi:10.1186/s12909-025-08380-4
kept,Effectiveness of a case-based learning combined with flipped classroom approach in undergraduate pulmonary imaging education: a prospective randomized controlled study,Haijia Mao; Zhenhua Zhao; Jianfeng Yang; Li Zhao,2026,BMC Medical Education,10.1186/s12909-026-09208-5,https://www.scopus.com/inward/record.uri?partnerID=HzOxMe3b&scp=105040611499&origin=inward,supports-claim; qualifies-claim,"Background: Pulmonary imaging plays a critical role in clinical diagnosis, and developing diagnostic reasoning skills is a key objective of undergraduate medical imaging education. Traditional lecture-based learning (LBL) may be insufficient to actively engage students or to cultivate higher-order diagnostic abilities. This study aimed to evaluate the effectiveness of a case-based learning combined with flipped classroom (CBL-FC) approach in teaching pulmonary imaging diagnosis to undergraduate medical students. Methods: A prospective, quasi-randomized controlled study was conducted involving 26 third-year undergraduate students majoring in Medical Imaging. Due to the method of allocation based on the parity of student ID numbers, students were assigned to either a CBL-FC group (n = 13) or an LBL group (n = 13). The teaching content focused on imaging diagnosis of common pulmonary diseases. Learning outcomes were assessed using pre- and post-intervention tests evaluating theoretical knowledge, application of imaging principles, and diagnostic reasoning based on clinical cases. Students’ learning experiences and satisfaction were assessed using a self-administered questionnaire based on a 5-point Likert scale. Results: There was no significant difference in baseline test scores between the two groups (p = 0.150). After the intervention, both groups demonstrated improved performance; however, post-intervention test scores were significantly higher in the CBL-FC group compared with the LBL group (p<0.001). No significant difference was observed between the two groups in theoretical knowledge (p = 0.628). In contrast, students in the CBL-FC group showed significantly better performance in the application of imaging principles and diagnostic reasoning based on clinical cases. However, the small sample size may limit the statistical power and generalizability of these findings. Future studies with larger sample sizes would help to confirm these results and assess their broader applicability. In addition, students in the CBL-FC group reported high levels of learning interest, positive learning experiences, and overall satisfaction with the teaching approach. Conclusions: The CBL-FC approach appears to be a feasible and potentially effective teaching strategy for undergraduate pulmonary imaging education. By promoting active participation, peer interaction, and diagnostic reasoning, this approach may support the development of clinically relevant imaging interpretation skills.",scopus,llm,0.920,unreviewed,,doi:10.1186/s12909-026-09208-5
kept,A structured blended learning approach for medical imaging technology interns: a prospective randomized comparative study,Hao Zheng; Huiping Jiang; Haibo Xia; Lida Mo; Junna Wang; Shiwei Wang,2026,BMC Medical Education,10.1186/s12909-026-09527-7,https://www.scopus.com/inward/record.uri?partnerID=HzOxMe3b&scp=105046607182&origin=inward,qualifies-claim,"Background: To address radiation safety constraints and equipment shortages in Computed Tomography (CT) training, this study introduces a Structured Blended Learning (SBL) framework integrating Small Private Online Courses (SPOCs), Flipped Classroom (FC), Virtual Simulation (VS), and remote supervision enabled by 5G communication infrastructure. This approach bridges the theory-practice gap by providing a structured progression from knowledge acquisition to simulated and clinical practice. Methods: In a prospective randomized comparative study, 60 medical imaging interns undergoing CT clinical rotations were randomly assigned to either the SBL group (n = 30) or the traditional lecture-based learning (LBL) group (n = 30). Training effectiveness was evaluated using continuous theoretical examination scores (t-tests), ordinal Mini-Clinical Evaluation Exercise (Mini-CEX) practical assessments (Mann-Whitney U tests), and frequency distribution data from Likert-scale surveys (χ² tests) assessing student satisfaction and perceived learning outcomes. Results: The SBL group consistently outperformed the LBL group across all theoretical assessments, yielding significantly higher mean scores in the pre-class, post-class, and final examinations (t = 2.391–2.779; all P < 0.05; Cohen’s d = 0.586–0.717). Mini-CEX assessments revealed superior performance by the SBL group across six domains, including patient positioning and handling, radiation protection and safety, equipment operation and image acquisition, image quality evaluation, organization and efficiency, and overall professional competence (Z = 4.855–5.110; all P < 0.001; r = 0.627–0.660). Furthermore, the SBL group reported significantly higher satisfaction with teaching methods, professional skills development, and overall evaluation (χ² =12.76–37.49; all P < 0.01; Cramér’s V=0.231–0.395) and perceived greater effectiveness in professional theoretical knowledge, practical and operational skills, self-directed learning, and overall teaching effectiveness (χ² = 18.27–27.04; all P < 0.01; Cramér’s V = 0.276–0.336). Conclusions: The SBL approach provides an effective, safe, and engaging pedagogical framework for training medical imaging interns in complex CT workflows. By leveraging digital technologies to address physical access and radiation safety constraints, this approach demonstrates potential for broader application in medical imaging technology education, although further multicenter studies are needed to confirm its generalizability.",scopus,llm,0.910,unreviewed,,doi:10.1186/s12909-026-09527-7
