status,title,authors,year,venue,doi,url,tags,abstract,provider,decision_source,llm_confidence,llm_review_outcome,llm_change_direction,paper_id
kept,"Flipped classroom improves academic achievement, learning retention and attitude towards course: a meta-analysis",Özgür Tutal; Taha Yazar,2021,Asia Pacific Education Review,10.1007/s12564-021-09706-9,https://openalex.org/W3168268489,supports-claim; qualifies-claim,"Numerous studies have been conducted to date on the effectiveness of the flipped classroom. However, the results of studies reporting on the model are generally inconsistent. The aim of this research was to evaluate the results of these primary studies in a comprehensive manner, and to obtain general results to document the effectiveness of flipped classroom, also expose the impact of various study characteristics on this effect. To this end, a meta-analysis of primary studies examining the impact of flipped classroom on academic achievement, learning retention and attitude towards course was conducted. 177 studies for the academic achievement, 9 studies for the learning retention and 17 studies for the attitude towards course variables that meet the inclusion criteria were coded and analyzed. Additionally, moderator analyses were conducted for 8 possible moderator variables. The results of the analysis indicated a moderate main effect size for the effectiveness of flipped classroom on academic achievement (g = 0.764) and learning retention (g = 0.601) also a modest main effect size on attitude towards course (g = 0.406). Through to this meta-analysis we have learned that in terms of academic achievement the flipped classroom phenomenon; (a) has been implemented more effectively in small classes, (b) has been applied most effectively in primary schools, (c) its effectiveness has decreased as the duration of implementation extends, (d) has been implemented effectively in almost all domain subjects, (e) also in terms of attitude towards course and learning retention it has been more effective than traditional lecture-based instruction.",openalex,llm,0.990,unreviewed,,doi:10.1007/s12564-021-09706-9
kept,Effects of the flipped classroom instructional strategy on students’ learning outcomes: a meta-analysis,Li Cheng; Albert Dieter Ritzhaupt; Pavlo Antonenko,2018,Educational Technology Research and Development,10.1007/s11423-018-9633-7,https://openalex.org/W2899228373,supports-claim; qualifies-claim; metaanalys,"The flipped classroom instructional strategy is thought to be a good way to structure learning experiences to improve student learning outcomes. Many studies have been conducted to examine the effects of flipped classroom on student learning outcomes compared to the traditional classroom, but the results were inconclusive. The purpose of this study was to examine the overall effect of the flipped classroom instructional strategy on student learning outcomes in relation to a set of moderating variables including student levels, publication types, study durations, and subject area. This meta-analysis examined studies that compared classrooms that used the flipped classroom instructional strategy and classrooms that did not. Seventeen databases were searched to identify literature meeting our inclusion criteria and resulted in 55 publications with 115 effect size comparisons on cognitive student learning outcomes published between 2000 and 2016. Overall, we found a statistically significant effect size (g = 0.193; p < .001; with a 95% confidence interval of 0.113-0.274) in favor of the flipped classroom instructional strategy. The effect size data were normally distributed and exhibited statistically significant heterogeneity. The effect sizes were significantly moderated by subject area such as mathematics, science, social sciences, engineering, arts and humanities, health, and business. No evidence of publication bias was detected in these data. A full discussion of the findings and implications for educational practice and research were provided.",openalex,llm_reviewed,0.990,confirmed,,doi:10.1007/s11423-018-9633-7
kept,Meta-Analysis of Flipped Classroom on Students' Mathematics Abilities: Effectiveness and Heterogeneity Analysis,Endang Sulistyowati; Julham Hukom; Ali Muhtadi,2023,JTP - Jurnal Teknologi Pendidikan,10.21009/jtp.v25i2.27433,https://openalex.org/W4386285191,supports-claim; qualifies-claim,"Despite numerous studies investigating whether the Flipped Classroom method is more effective in enhancing students' mathematical abilities compared to conventional teaching methods, previous research has shown inconsistent results. This study aims to examine the effectiveness of the Flipped Classroom method on students' mathematical abilities compared to conventional methods and to investigate the factors that can influence the effectiveness of using the Flipped Classroom method on students' mathematical abilities. The research design used in this study is a meta-analysis, analyzing 42 effect sizes from 31 primary studies that meet inclusion criteria. The results of the analysis, using a random-effects approach, yielded a combined effect size of (g = 1.05; p < 0.01). It can be concluded that the use of the Flipped Classroom method significantly contributes to students' mathematical abilities and is more effective compared to conventional teaching methods. Furthermore, the analysis of heterogeneity found that the effectiveness of using the flipped classroom method on mathematical abilities is influenced by moderator variables such as the type of measured abilities, platform, type of experimental group, country, and publication type. However, it was not influenced by variables such as educational level and publication year. The findings of this meta-analysis provide more accurate results regarding the inconsistent effect size variations and enrich the knowledge insights about the effectiveness of using the Flipped Classroom method in enhancing students' mathematical abilities.",openalex,llm,0.910,unreviewed,,doi:10.21009/jtp.v25i2.27433
discarded,Systematic Reviews on Flipped Learning in Various Education Contexts,Chung Kwan Lo,2019,Springer eBooks,10.1007/978-3-658-27602-7_8,https://openalex.org/W2990044293,adjacent-subtopic,"Abstract This chapter shares the author’s experiences of and reflections on conducting systematic reviews of flipped classroom research. The author first discusses the rationale for conducting systematic reviews and how the reviews contribute to the flipped learning field. After that, he lighlights some possible strategies, regarding literature search, article selection, and research synthesis, to improve the quality of systematic reviews.",openalex,llm,0.960,unreviewed,,doi:10.1007/978-3-658-27602-7_8
kept,Meta-analyses of flipped classroom studies: A review of methodology,Khe Foon Hew; Shurui Bai; Phillip Dawson; Chung Kwan Lo,2021,Educational Research Review,10.1016/j.edurev.2021.100393,https://openalex.org/W3164230154,qualifies-claim; metodkritik,"Abstract The use of meta-analyses has become increasingly widespread in flipped classroom research. They are typically seen as a more objective and credible method of summarizing the effects of the flipped classroom approach. However, problems among meta-analyses are long-standing and widespread, and can undermine the credibility of the results. This paper has two major objectives: (a) to examine the methodological features of the meta-analyses, and (b) to discuss the key methodological concerns of the meta-analyses. Nineteen flipped classroom meta-analyses were analyzed in this study, which included more than 495 unique primary studies, involving more than 72,200 flipped and 77,100 non-flipped participants. Given that at least 19 meta-analyses of the flipped classroom approach have been conducted so far, a critical appraisal of these meta-analyses is both important and timely because it will allow practitioners to evaluate the trustworthiness of the findings. The results of these meta-analyses suggest the mean effect sizes for cognitive outcomes (0.19–1.13), behavioral outcomes (1.40–3.12), and perceptual outcomes (0.05–1.62) vary from weak to strong support of flipped learning. However, some key methodological elements – searching for reference lists and grey literature, assessing the risk of bias in primary studies, non-independence of effect sizes, control for student initial differences, control for instructor equivalence, and assessing publication bias – were inadequately conducted or reported in the flipped classroom meta-analyses. There is positive empirical evidence for the flipped classroom, but there is also reason to question how this evidence has been synthesized.",openalex,llm_reviewed,1.000,confirmed,,doi:10.1016/j.edurev.2021.100393
kept,The Effectiveness of the Flipped Classroom Method on Students' Speaking Ability: A Meta-Analysis Study,Elisabet Ani Ayu Senjaya; Ali Muhtadi,2023,JTP - Jurnal Teknologi Pendidikan,10.21009/jtp.v25i1.38632,https://openalex.org/W4404888832,supports-claim; qualifies-claim,"Many studies have investigated the effectiveness of the flipped classroom method on students' speaking ability when compared to traditional learning methods. However, previous research has provided ambiguous results. This study aims to test the effectiveness of the flipped classroom method on students' speaking abilities compared to traditional methods, as well as investigate what factors can influence the effectiveness of using the flipped classroom method on students' speaking abilities. The design used in this study was group contrast meta-analysis by analyzing 15 primary studies that met the inclusion criteria. The results of the analysis using the random-effects approach obtained a combined effect size of (g = 1.25; p < 0.01). The effect size is in the ""Large Effect"" category. It can be concluded that the use of the flipped classroom method on students' speaking ability has a significant and more effective effect compared to traditional learning methods. Heterogeneity analysis found that the moderator variable educational level influenced the effectiveness of implementing the flipped classroom method on students' speaking abilities, but not the moderator variables educational level, experimental class capacity, and region. The findings of this meta-analysis provide more accurate results regarding inconsistent effect size variations and can enrich insight into knowledge about the effectiveness of using the flipped classroom method in improving students' speaking skills.",openalex,llm,0.900,unreviewed,,doi:10.21009/jtp.v25i1.38632
kept,Effectiveness of flipped classrooms in Chinese baccalaureate nursing education: A meta-analysis of randomized controlled trials,Rujun Hu; Huiming Gao; Yansheng Ye; Zhihong Ni; Ning Jiang; Xiaolian Jiang,2017,International Journal of Nursing Studies,10.1016/j.ijnurstu.2017.11.012,https://openalex.org/W2770023363,supports-claim,"Background: In recent years, the flipped classroom approach has been broadly applied to nursing courses in China. However, a systematic and quantitative assessment of the outcomes of this approach has not been conducted.

Objective: The purpose of the meta-analysis is to evaluate the effectiveness of the flipped classroom pedagogy in Chinese baccalaureate nursing education.

Design: Meta-analysis of randomized controlled studies.

Data source: All randomized controlled trials relevant to the use of flipped classrooms in Chinese nursing education were retrieved from the following databases from their date of inception through September 23, 2017: PubMed, EMBASE, the Cochrane Central Register of Controlled Trials, CINAHL, the China National Knowledge Infrastructure, the Wanfang Database, and the Chinese Scientific Journals Database. Search terms including ""flipp*"", ""inverted"", ""classroom"", and ""nurs*"" were used to identify potential studies. We also manually searched the reference lists of the retrieved articles to identify potentially relevant studies.

Review methods: Two reviewers independently assessed the eligibility of each study and extracted the data. The Cochrane risk-of-bias tool was used to evaluate the quality of the studies. RevMan (Version 5.3) was used to analyze the data. Theoretical knowledge scores and skill scores (continuous data) were synthesized using the standardized mean difference (SMD) and 95% confidence interval (CI). The statistical heterogeneity of the included studies was analyzed by calculating the 12 statistic and applying a chi-square test. Publication bias was assessed by funnel plots. The quality of the combined results was evaluated using the Grading of Recommendations Assessment, Development and Evaluation system.

Results: Eleven randomized controlled trials published between 2015 and 2017 were selected. All the included studies had a moderate possibility of bias due to low methodological quality. The meta-analysis indicated that the theoretical knowledge scores and skill scores were significantly higher in the flipped classroom group than in the traditional lectures group (SMD = 1.06, 95% CI: 0.70-1.41, P < 0.001, and SMD = 1.40, 95% CI: 0.46-2.34, P < 0.001). There was no significant publication bias indicated in the primary analysis. Sensitivity analysis showed that the results of our meta-analysis were reliable. The evidence grades of the results regarding the theoretical knowledge and skill scores were low and very low, respectively.

Conclusion: Flipped classroom pedagogy is more effective than traditional lectures at improving students' theoretical knowledge and skill scores. Given the limitations of the included studies, more robust randomized controlled trials are warranted in a variety of educational settings to confirm our findings.",openalex,llm,0.970,unreviewed,,doi:10.1016/j.ijnurstu.2017.11.012
kept,A Meta-Analysis of Learning and Moderator Variables in Flipped Education,Chih-Feng Chien,2022,Technology Knowledge and Learning,10.1007/s10758-022-09618-6,https://openalex.org/W4292004508,supports-claim; qualifies-claim,"The concepts and implementation of flipped education have been prevailing globally. However, most studies focus on learning performance with few analyses on moderator variables. The study conducted a meta-analysis to analyze 39 studies published over the 2012-2018 period. Among the 39 studies involving 4662 participants, 33 of the studies analyzed the dependent variable of learning performance, and 6 of the studies analyzed the other dependent variable of higher-order thinking. To further examine the effects, four moderators-education level, scaffolding, subject area, and country, were analyzed to investigate the various effects on learning performance. Overall, flipped education demonstrated a low effect size of 0.31 for learning performance, and a moderate effect size of 0.53 for higher-order thinking. The in-depth results and syntheses of the four moderators and two dependent variables and their implications are discussed.",openalex,llm,0.990,unreviewed,,doi:10.1007/s10758-022-09618-6
kept,Revisiting flipped class model effectiveness on learning performance: A meta-analysis of meta analyses,Tuğba Incıman Çelık; Cenk Akay; Sedat Kanadlı,2023,i-manager s Journal on School Educational Technology,10.26634/jsch.19.2.20186,https://openalex.org/W4390622682,supports-claim; qualifies-claim,"This meta-analysis aims at investigating the effect of the flipped class model on learning performance. This research synthesized all relevant meta-analyses related to the flipped classroom model's impact on students' learning performance. The search yielded 32 meta-analyses that were published between 2012 and 2021. The current study analyzed 10 meta-analyses (2018–2021), and these studies comprised 249 (15 outliers were removed) studies and 451 effect sizes. Three moderator variables were examined, including years of publication, publication type, and subject discipline. The results showed that the flipped classroom model had a “medium” impact on learning performance in general (g = 0.636, 95% CI [0.521, 0.751]). Moderators (years of publication, publication type, subject discipline) significantly moderated the impact of the flipped classroom on learning performance.",openalex,llm,0.990,unreviewed,,doi:10.26634/jsch.19.2.20186
kept,Effectiveness of Geogebra Integration into Flipped Classroom (GFC) on Students Mathematics Skills: A Meta-Analysis Study,Izza Alfina Cahyani; Sujarwo Sujarwo; Yunianti Risma Imaroh; Julham Hukom; Fahd Sjarifain Yanuar; Nurul Aulia Martaputri; Nisrina Nisrina,2024,Jurnal Pendidikan Progresif,10.23960/jpp.v14.i3.2024119,https://openalex.org/W4406338793,supports-claim; qualifies-claim,"Effectiveness of Geogebra Integration into Flipped Classroom (GFC)on Students Mathematics Skills: A Meta-Analysis Study. Previous research examining the effectiveness of Geogebra Integration into Flipped Classroom (GFC) on students' mathematics skills showed inconsistent results. Objectives: This research aims to conduct a meta-analysis study on the effectiveness of Geogebra integration into Flipped Classroom (GFC) and identify what factors moderate the effect of GFC on students' mathematical skills. Methods: The research method used meta-analysis. The samples in this study were 31 primary studies that met the specified inclusion criteria. Data analysis was conducted using comprehensive meta-analysis (CMA) software. Findings: The results of the analysis using the random-effects approach showed that the combined effect size was (g = 1.06; p < 0.01) (Large Effect Category). This indicates that GFC has a significant influence on students' mathematics skills. The result of moderator variable analysis shows that the effect of GFC implementation on students' mathematics skills is significantly different based on the variable of platform used (Qb = 21.98; p = 0.01), and publication type (Qb = 7.94; p = 0.01). However, it was not significantly different based on the variables of education level (Qb = 7.45; p = 0.06), experimental group capacity (Qb = 0.29; p = 0.62), and year of publication (Qb = 0.21; p = 0.64). The findings of this meta-analysis can serve as a basis for best practices in applying GFC to student mathematics skills Conclusion: The findings of this meta-analysis provide more accurate and comprehensive results regarding the inconsistent effects of size variation and enrich knowledge about the effectiveness of using GFC in improving students' mathematics skills. Keywords: geogebra into flipped classroom, mathematics skill, meta-analysis. DOI: http://dx.doi.org/10.23960/jpp.v14.i3.2024119",openalex,llm,0.900,unreviewed,,doi:10.23960/jpp.v14.i3.2024119
kept,On the use of flipped classroom across various disciplines: Insights from a second-order meta-analysis,Khe Foon Hew; Shurui Bai; Weijiao Huang; Phillip Dawson; Jiahui Du; Guoyuhui Huang; Chengyuan Jia; Thankrit Khongjan,2021,Australasian Journal of Educational Technology,10.14742/ajet.6475,https://openalex.org/W3160044404,supports-claim; qualifies-claim; metaanalys,"Flipped classroom has become a popular buzzword in the post-secondary education setting, and it is one of the most visible trends in smart learning environments. Alongside this popularisation comes the view that the flipped classroom is something desirable. Yet, many educators remain divided over whether flipped classroom is really an improvement over traditional approaches. This paper is the first to synthesise all relevant meta-analytic information using a second-order meta-analysis approach on the effectiveness of the flipped classroom on student learning outcomes. By synthesising the findings of multiple primary meta-analyses instead of individual empirical studies, a second-order meta-analysis can more accurately account for publication bias and generate a more robust result. The present study synthesised and analysed the quality of 15 primary meta-analyses that involved 156,722 participants in flipped and non-flipped conditions to provide the most exhaustive test of the flipped classroom approach on its effect on student learning outcomes in higher education to date. The mean random effect size, after trim-and-fill adjustment, was 0.37, p < 0.001 in support of flipped classrooms. To check the accuracy of the second-order meta-analysis results, we performed a study-level meta-analytic validation. We discuss possible contextual and methodological moderators.",openalex,llm_reviewed,1.000,confirmed,,doi:10.14742/ajet.6475
