status,title,authors,year,venue,doi,url,tags,abstract,provider,decision_source,llm_confidence,llm_review_outcome,llm_change_direction,paper_id
kept,Effectiveness of Flipped Classroom Pedagogy in Programming Education: A Meta-Analysis,M.A.H. Almassri,2023,International Journal of Instruction,10.29333/iji.2023.16216a,https://www.scopus.com/inward/record.uri?partnerID=HzOxMe3b&scp=85152112671&origin=inward,supports-claim; qualifies-claim; programmering,"The flipped classroom has generated considerable interest in programming education in recent years.This meta-analysis aimed to assess the effectiveness of a flipped classroom and traditional methods in teaching programming courses and the impact on students' performance, problem-solving abilities, and behavioural outcomes, and to analyse the specific discipline, students' type, students' level, and publication sources in the relevant studies.Articles published between 2010 and 2021 were searched carefully in six academic databases, comprising Web of Science, IEEE Xplore Digital Library, ScienceDirect, NCBI Databases, and Springer Link.Peer-reviewed articles written in English were selected and screened according to the inclusion criteria.All the vital data were extracted and stored in Microsoft Excel and meta-analysis was performed using the Comprehensive Meta-analysis (CMA) software.A total of 101 articles were retrieved while 27 of them met the inclusion criteria and were subjected to the meta-analysis.Flipped classroom improved students' achievement in programming courses with statistically significant effect size (g = 0.56; p < 0.001, 95% confidence interval; 0.33-0.79)compared to traditional teaching method.The flipped classroom also favoured behavioural outcome (satisfaction) in programming education.Programming subject areas had a significant moderating impact on the effect sizes.Overall, evidence of publication bias was lacking in this study.The findings and implications of implementing flipped classrooms in programming education were highlighted.More studies are needed to elucidate the effect of flipped classroom model on various dimensions of programming students' learning outcomes to support comparative research in future.",scopus,llm_reviewed,0.990,confirmed,,doi:10.29333/iji.2023.16216a
discarded,Technology-Based Strategies Predicated on Self-Regulated Learning in a Flipped Computer Programming Classroom,S. Dayimani,2023,Proceedings of the European Conference on E Learning Ecel,10.34190/ecel.22.1.1697,https://www.scopus.com/inward/record.uri?partnerID=HzOxMe3b&scp=85179121797&origin=inward,adjacent-subtopic,"The lack of self-regulation is believed to be at the centre of learning difficulties experienced by novice programming students. The Flipped Classroom Model (FCM) is a constructivist pedagogical strategy that could be used to engage students in a programming classroom. While the traditional approach to learning remains a passive environment, the FCM enhances active learning, problem solving while facilitating an unlimited access to the learning content. However, the success of the FCM depends extensively on a student’s capability to self-regulate their learning process. As the FCM is a combination of face-to-face and online environments, Self-Regulated Learning (SRL) becomes more germane within the online dimension of the model. This study aims to identify the strategies for SRL that can improve the achievement of learners within a Flipped Programming classroom – specifically to reflect on the design features that should be considered for the adoption of technological tools to support SRL in a Flipped Programming classroom. This involved identifying relevant technological features to facilitate SRL strategies and the self-regulation phases leveraging a systematic review approach. The findings of this study could potentially maximise the student’s self-regulation capacity to learn programming within an FCM. 
  
 ",scopus,llm,0.820,unreviewed,,doi:10.34190/ecel.22.1.1697
discarded,From Blackboards to Byteboards: Adapting to the Digital Age in Undergraduate Education on Campus,T.T. Anannya,2023,Proceedings 17th International Conference on Signal Image Technology and Internet Based Systems Sitis 2023,10.1109/SITIS61268.2023.00018,https://www.scopus.com/inward/record.uri?partnerID=HzOxMe3b&scp=85190159214&origin=inward,adjacent-subtopic,"In the current educational landscape, maintaining student engagement is a persistent challenge. This paper addresses this issue and investigates the potential of attention engineering as a solution to enhance engagement among undergraduate students. The main goal is to investigate the use of attention engineering techniques in undergraduate education to find effective methods and measure their impact on student engagement and academic performance. This research conducts a thorough literature review to assess the feasibility and effectiveness of these techniques in undergraduate classrooms, exploring the utilization of personalized content, interactive tools, and data-driven insights to maintain student attention. To improve attention and learning, several technology tools, and strategies such as online videos and tutorials, interactive multimedia content, gamification, flipped learning, social network tools, and Learning Management Systems (LMS) are studied. This research addresses three key research questions, the impact of technology integration and interactive activities on student engagement and comprehension, effective technology-based tools for learning environments, and the influence of attention-centric teaching strategies on student learning outcomes. This research identifies focused technologies and approaches, as well as the country attaining and the most utilized technology from current works. Our research has also proposed some findings that offer valuable guidance for educators and institutions seeking to optimize teaching methods and ultimately improve the learning experience in undergraduate education.",scopus,llm,0.730,unreviewed,,doi:10.1109/sitis61268.2023.00018
discarded,"Proceedings of the 2022 6th International Conference on Education and E-Learning, ICEEL 2022",,2022,ACM International Conference Proceeding Series,,https://www.scopus.com/inward/record.uri?partnerID=HzOxMe3b&scp=85166006873&origin=inward,off-topic-false-hit,,scopus,llm,0.980,unreviewed,,hash:9c8de6171545b267
discarded,Learning-by-Teaching in CS Education: A Systematic Review,Y. Li,2022,Proceedings of the Annual Hawaii International Conference on System Sciences,,https://www.scopus.com/inward/record.uri?partnerID=HzOxMe3b&scp=85152235435&origin=inward,off-topic-false-hit,,scopus,llm,0.880,unreviewed,,hash:7edfde2624f66b27
kept,Trends of flipped classroom studies for physics learning: A systematic review,S.S. Amanah,2021,Journal of Physics Conference Series,10.1088/1742-6596/2019/1/012044,https://www.scopus.com/inward/record.uri?partnerID=HzOxMe3b&scp=85119198671&origin=inward,supports-claim; qualifies-claim,"This study focused to review the trends of the Flipped Classroom (FC) studies for physics learning. This review seeks to address the overall trends of the existing studies, contribution of integrated model or strategy and media into flipped classroom approach, the advantages of flipping classroom for physics courses, and the challenges of these studies. This structured review examined 33 article journal about flipped classroom for physics learning. The obtained data were analyzed using content analysis method. It was found that the studies in this field were generally carried out at undergraduate students, which pure flipped model, used discussion method and institution website for online media. The implementation of flipping classroom approach in a physics course yielded positive impact on student achievement when compared to traditional classroom. On the other hand, some challenges were identified, such as students’ challenges, teacher challenges, and technical challenges.",scopus,llm,0.950,unreviewed,,doi:10.1088/1742-6596/2019/1/012044
discarded,A Systematic Review of Social Constructivist Pedagogies in Computing and their Effects on Broadening Participation for Women in Undergraduate Computing (Research),J.S. Batten,2021,ASEE Annual Conference and Exposition Conference Proceedings,,https://www.scopus.com/inward/record.uri?partnerID=HzOxMe3b&scp=85124546053&origin=inward,adjacent-subtopic,,scopus,llm,0.800,unreviewed,,hash:d83e3e23f773b809
kept,Would Flipped Classroom be My Approach in Teaching Computing Courses: Literature Review,E.M. Bakheet,2021,2021 9th International Conference on Information and Education Technology Iciet 2021,10.1109/ICIET51873.2021.9419631,https://www.scopus.com/inward/record.uri?partnerID=HzOxMe3b&scp=85106416364&origin=inward,supports-claim,"Adopting technology in education has been introduced in different models. Flipped classroom as one of the blended learning approach was tested and applied in teaching computing courses. This approach shows promising evidence that it is efficient through research evaluating it. This paper aims to review the research conducted in the flipped classroom, and in particular from computer science education perspective. The study involved a review of 20 studies that applied the flipped classroom in teaching computing courses. These studies involved experiments varying from longitudinal to a single semester evaluation. Indeed, the majority of these reports concerned a CS1 course (introductory programming course). Therefore, this paper discusses and reviews the current literature reporting research conducted on flipped classroom from computer science perspectives.",scopus,llm,0.910,unreviewed,,doi:10.1109/iciet51873.2021.9419631
discarded,Examining the factors affecting the adoption of iot platform services based on flipped learning model in higher education,A.S. Al-Musawi,2021,Studies in Systems Decision and Control,10.1007/978-3-030-64987-6_9,https://www.scopus.com/inward/record.uri?partnerID=HzOxMe3b&scp=85102773317&origin=inward,adjacent-subtopic,,scopus,llm,0.870,unreviewed,,doi:10.1007/978-3-030-64987-6_9
discarded,"International Semi-Virtual Workshop on Software Engineering in IoT, Big Data, Cloud and Mobile Computing, SE-ICBM 2020",,2021,Studies in Computational Intelligence,,https://www.scopus.com/inward/record.uri?partnerID=HzOxMe3b&scp=85101551269&origin=inward,off-topic-false-hit,,scopus,llm,0.980,unreviewed,,hash:9f69c499d60388df
kept,Flipped pedagogy: Strategies and technologies in chemistry education,S. Athavan Alias Anand,2021,Materials Today Proceedings,10.1016/j.matpr.2021.04.133,https://www.scopus.com/inward/record.uri?partnerID=HzOxMe3b&scp=85116854648&origin=inward,supports-claim,"Abstract Flipped pedagogy in chemistry education is well known in recent years by the successful implementation of active learning environments and the increasing number of flip course reports. The digital learning contents with advanced technology used in the flipped approach helps instructors to increase the amount of time to include more active learning activities. The academic achievements of students promoted more research-based flipped pedagogical studies worldwide. This review aims to understand the strategies and technologies of the flipped classroom in chemistry education. The reports published in the international reputed publications were selected for the content analysis. The implementation approaches and the outcome of the flipped framework were analysed and used for the discussion. Overall, this literature survey put forward that the flipped pedagogy provide a guide to chemistry educators and researchers to develop methodologies and implementation plans for an effective student-centric learning model.",scopus,llm,0.720,unreviewed,,doi:10.1016/j.matpr.2021.04.133
discarded,"12th International Conference on Computer Supported Education, CSEDU 2020",,2021,Communications in Computer and Information Science,,https://www.scopus.com/inward/record.uri?partnerID=HzOxMe3b&scp=85118106504&origin=inward,off-topic-false-hit,,scopus,llm,0.980,unreviewed,,hash:2a64466d5b44fc56
kept,When is flipped classroom more effective and why it flops,K.F. Hew,2020,Icce 2020 28th International Conference on Computers in Education Proceedings,,https://www.scopus.com/inward/record.uri?partnerID=HzOxMe3b&scp=85099439730&origin=inward,qualifies-claim,,scopus,llm,0.770,unreviewed,,hash:f7eacefc2e3c3639
discarded,Success factors in Flipped Learning in Higher Education: A Systematic Literature Review,D. Anggaraini Purwaningtyas,2020,Proceedings 2nd International Conference on Informatics Multimedia Cyber and Information System Icimcis 2020,10.1109/ICIMCIS51567.2020.9354314,https://www.scopus.com/inward/record.uri?partnerID=HzOxMe3b&scp=85102196894&origin=inward,adjacent-subtopic,"Online Learning provides flexibility in the teaching model. Flipped learning is a learning model that combines Online Learning and Classical Learning or what is called blended learning. In flipped learning, the role of Information Communication Technology (ICT) plays an important role in the success of student engagement. The application of technology and the framework used are some success factors in flipped learning. In this study reviewing the use of ICT articles and models / frameworks in flipped learning, there are 163 articles which are further synthesized based on content and Research Questions into 41 papers. From the results of the review, there are 3 factors that are considered in flipped learning, namely cognitive aspects, ICT utilization and models / frameworks.",scopus,llm,0.780,unreviewed,,doi:10.1109/icimcis51567.2020.9354314
discarded,Facilitating student engagement through the flipped learning approach in K-12: A systematic review,M. Bond,2020,Computers and Education,10.1016/j.compedu.2020.103819,https://www.scopus.com/inward/record.uri?partnerID=HzOxMe3b&scp=85082725658&origin=inward,adjacent-subtopic,"Abstract The flipped learning approach has been growing in popularity in both higher education and K-12, especially for its potential to increase active learning and student engagement. However, further research is needed to understand exactly how the flipped approach enhances student engagement. This narrative systematic review synthesises literature published between 2012 and 2018, focused on the flipped learning approach in K-12 contexts, and indexed in 7 international databases. 107 articles, book chapters, dissertations, conference papers and grey literature were included for review, and the results are discussed against a bioecological model of student engagement. The results indicate that the majority of research has been undertaken in North American and Asian high schools, heavily focused on student perceptions of flipped learning and achievement within STEM subjects, especially Mathematics, with a slight preference for quantitative methods. Studies in this review found the approach to overwhelmingly support student engagement, with 93% of studies citing at least one dimension of behavioural, affective or cognitive engagement, whereas 50% of studies reported facets of disengagement. Collaborative technologies such as Google Docs, Google Classroom and Edmodo were particularly linked to engagement, with videos not created by teachers more likely to lead to disengagement. Only 12% included a definition of student engagement, and less than half used a theoretical framework. Future empirical research should ensure that all contextual information is included, including year level of student participants, that multiple methods of both quantitative and qualitative data collection are included, and close attention is paid to grounding research in theory. Further research is needed on parent, teacher and school leader perceptions, as well as longitudinal and multiple-class studies.",scopus,llm,0.960,unreviewed,,doi:10.1016/j.compedu.2020.103819
discarded,Flipped Classroom In Programming Course: A Systematic Literature Review,H. Hendrik,2020,International Journal of Emerging Technologies in Learning,10.3991/ijet.v16i02.15229,https://www.scopus.com/inward/record.uri?partnerID=HzOxMe3b&scp=85101005939&origin=inward,adjacent-subtopic,"The emerging trend technologies imply the increase in the new role of the future of jobs. Most of them required Computer Science-related skills a lot, especially programming. However, there is a skill gap for it. Some previous studies showed that many students feel difficulties in learning programming. In the last decades, there are many approaches to improve student’s learning achievement through active learning methods. One of those approaches is the Flipped Classroom (FC) method. This study presents a systematic literature review of the FC approach in the programming course. The aim of this study is to explore the strategy of FC implementation in the programming class. A total of 32 papers from ACM Digital Library and IEEE Xplore Digital Library are selected for this review. We found four types of implementation of FC in programming, with the variations of the in-class or out-class activities.",scopus,llm,0.670,unreviewed,,doi:10.3991/ijet.v16i02.15229
discarded,Problem-based learning flipped classroom design for developing higher-order thinking skills during the COVID-19 pandemic in geometry domain,Y. Yurniwati,2020,Journal of Physics Conference Series,10.1088/1742-6596/1663/1/012057,https://www.scopus.com/inward/record.uri?partnerID=HzOxMe3b&scp=85096537668&origin=inward,adjacent-subtopic,"Higher-order thinking skills are skills demanded by society for the 21st century and ability that is required to succeed academically and in the work environment. As one of the learning objectives in the 21st century, higher-order thinking skills developed since in primary education until higher education. A variety of learning methods and learning media developed to develop this thinking ability. The purpose of this study is to design a learning model to improve the Higher Order Thinking Skills in geometry. It is the literature review study based on related articles and books. The sources were analyzed to formulate a useful learning model. The results show that Problem Based Learning Flipped Classroom improve students’ Higher Order Thinking Skills, and appropriate to be used during The Covid-19 Pandemic. Also, Problem Based Learning Flipped Classroom provides students the opportunity to increase self-directed learning and collaboration.",scopus,llm,0.830,unreviewed,,doi:10.1088/1742-6596/1663/1/012057
discarded,Role of technical teacher training institution in a knowledge based economy,G. Kulanthaivel,2020,Procedia Computer Science,10.1016/j.procs.2020.05.159,https://www.scopus.com/inward/record.uri?partnerID=HzOxMe3b&scp=85089037910&origin=inward,off-topic-false-hit,"Abstract Fast proliferation smart systems and smart technologies provides academic institutions including technical teachers training institutions, faculty, students, professional staff and administration staff with enormous opportunities in terms of new highly technological approaches to increase the quality of teaching strategies and learning outcomes. In addition, these technological advances provide remarkably effective management and administration of the main functions and services of training institutions/colleges/universities. The concept of a ‘Smart institution’ is an emerging and fast evolving area that represents the creative integration of innovative concepts, smart software and hardware systems, Smart Classrooms with state-of-the-art technologies and technical platforms, Smart Pedagogy based on modern teaching and learning strategies, Smart Learning Analytics and academic analytics, and various related branches of computer science and computer engineering. Current need of technical teacher training institution should be in the area of Smart Pedagogy and are focused on various innovative technology-based student-centered learning and teaching approaches such as (1) learning-by-doing (including active use of virtual labs), (2) collaborative learning, (3) adaptive teaching, (4) serious games- and gamification-based learning, (5) flipped classrooms and flipped classroom pedagogy, (6) learning analytics and academic analytics, (7) context-based learning, (8) e-books, (9) personal enquiry based learning, (10) crossover learning and other innovative strategies. This paper presents the outcomes of the experience gained during the past two decades by the author, analyzed with systematic literature review and creative analysis of professional publications available in those areas. The premise is that the outcomes of the performed systematic creative analysis will enable researchers to identify the most effective and well-thought ideas, approaches, developed software and hardware systems, technical platforms, smart features and smartness levels, and best practices for the next evolutionary generation of a smart technical teacher training institution. The proposed idea can be viewed as an evolutionary approach for a traditional training institution to progress to various levels of maturity of smart institution.",scopus,llm,0.940,unreviewed,,doi:10.1016/j.procs.2020.05.159
