status,title,authors,year,venue,doi,url,tags,abstract,provider,decision_source,llm_confidence,llm_review_outcome,llm_change_direction,paper_id
Among 101 identified studies, four randomised controlled trials (RCTs) fulfilled eligibility criteria. The overall risk of bias was moderate due to limitations in randomisation and blinding. Quantitative synthesis of post-intervention knowledge assessment scores demonstrated that the FC significantly improved learning outcomes compared to traditional teaching (Hedges' g = 0.54, 95% CI: 0.22-0.87, p = 0.001), with no evidence of heterogeneity (I2 = 0%).


CONCLUSIONS
FC strategies, incorporating interactive and discussion-based learning, demonstrated a moderate improvement in knowledge acquisition compared to traditional teaching methods. However, further high-quality RCTs need to be conducted using different techniques under FC education.",scopus,llm,0.970,unreviewed,,doi:10.1111/eje.70306
discarded,INFLUENCE OF THE FLIPPED CLASSROOM ON AUTONOMOUS LEARNING AT THE UNIVERSITY LEVEL: A SYSTEMATIC REVIEW,I. Adrianzén-Olano,2026,Journal of Technology and Science Education,10.3926/jotse.3799,https://www.scopus.com/inward/record.uri?partnerID=HzOxMe3b&scp=105033494628&origin=inward,adjacent-subtopic,"University-level learning requires autonomous student development, a need that traditional teaching methods fail to adequately address. This systematic review aims to determine whether there is an influence between the application of the Flipped Classroom (FC) model and the development of autonomous learning in university students through a comprehensive analysis of pedagogical strategies, technological resources, learning outcomes, and cross-curricular skill development across diverse academic disciplines. Using PRISMA methodology, a comprehensive literature search was conducted in Scopus database (2020-2024). From 198 initial publications, 15 studies met the inclusion criteria for systematic analysis. Results indicate that FC implementations predominantly utilize integrated technological ecosystems, including Learning Management Systems (Moodle), multimedia platforms (YouTube), social networking applications (WeChat), and interactive assessment tools. China and Spain emerge as research leaders with six publications each, demonstrating distinct approaches: Spanish studies emphasize pedagogical evaluation across traditional disciplines, while Chinese research integrates advanced technologies, including big data analytics, neural networks, and mobile learning platforms. Consistent positive outcomes include enhanced student autonomy, improved academic performance, increased classroom engagement, and development of cross-curricular competencies, including critical thinking, problem-solving, and metacognitive skills. In conclusion, the Flipped Classroom model creates an effective student-centered learning environment that significantly promotes autonomous learning development when combined with appropriate technological resources and complementary pedagogical approaches, establishing FC as a transformative educational strategy for contemporary higher education.",scopus,llm,0.870,unreviewed,,doi:10.3926/jotse.3799
kept,Effectiveness of Innovative Teaching Methods Versus Traditional Lectures in Dental Education: A Systematic Review and Meta-Analysis,K. Swaminathan,2026,Journal of Dental Education,10.1002/jdd.70160,https://www.scopus.com/inward/record.uri?partnerID=HzOxMe3b&scp=105029181970&origin=inward,qualifies-claim,"BACKGROUND
Innovative pedagogical approaches such as flipped classrooms, problem-based learning, simulation, and blended digital approaches are increasingly integrated into dental curricula worldwide, yet their comparative effectiveness over traditional lecture-based instruction remains unclear. This systematic review and meta-analysis sought to assess the effects of innovative pedagogical frameworks on the knowledge, competencies, and satisfaction levels of students within the realm of dental education.


METHODS
An extensive search of PubMed, Web of Science, Scopus, and the Cochrane Library was performed for research articles published from January 2000 to August 2025, adhering to the PRISMA 2020 guidelines. Eligible randomized controlled, quasi-experimental, and cross-sectional studies comparing innovative and lecture-based instruction were screened and appraised using RoB 2, ROBINS-I, and JBI tools.


RESULTS
Among the 61 studies included in this analysis, 31 fulfilled the criteria for quantitative synthesis, representing a total of 8742 students from 23 nations, while the remaining 30 studies were synthesized narratively. Pooled analysis of student performance outcomes (knowledge and clinical skill scores) using a random-effects model (inverse-variance method) demonstrated a significant moderate effect favoring innovative approaches (standardized mean difference = 0.42; 95% CI 0.27-0.57; p < 0.001) with substantial heterogeneity (I2 = 83%). Simulation-based, flipped-classroom, and blended formats showed the largest performance gains and were generally associated with higher student satisfaction and engagement, whereas digital learning was perceived as more flexible but required adequate technical support.


CONCLUSIONS
Within the limitations of available data, innovative teaching strategies moderately improve dental students' performance and satisfaction compared with traditional lectures.",scopus,llm,0.900,unreviewed,,doi:10.1002/jdd.70160
kept,Effectiveness of Different Educational Approaches in Improving Comprehensive Clinical Competence Among Medical Students: A Systematic Review and Meta-Analysis,L. Zhang,2026,Evaluation and the Health Professions,10.1177/01632787261415886,https://www.scopus.com/inward/record.uri?partnerID=HzOxMe3b&scp=105027762878&origin=inward,qualifies-claim,"Active, student-centred teaching strategies are increasingly being adopted to bridge the gap between biomedical knowledge and clinical performance in health-profession education. This systematic review and meta-analysis aims to evaluate the comparative effectiveness of five student-centred educational approaches in medical students' knowledge acquisition and clinical skills performance. We conducted a systematic review with random-effects meta-analysis of 21 controlled trials enrolling 1,028 intervention and 961 control participants. Outcomes were classified as knowledge based (MCQ or written exams; n = 11) or skills based (Objective Structured Clinical Examination, Objective Structured Assessment of Technical Skills, Script Concordance Test; n = 10). Interventions were grouped into five categories: case-based methods, conventional simulation, virtual reality (VR)/video simulation, artificial intelligence-guided tutoring and flipped/outcome-based formats. Heterogeneity was assessed using I2 and τ2, with leave-one-out and trim-and-fill sensitivity analyses, and subgroup differences were tested by χ2. Knowledge-based outcomes showed a pooled Hedges' g of 1.40 (95% confidence interval [CI] 0.78-2.01; I2 = 95.0%), whereas skills-based outcomes yielded 3.11 (95% CI 1.83-4.39; I2 = 97.7%), with a significant domain difference (χ2 = 5.60, p = 0.018). Subgroup analysis by pedagogical mechanism demonstrated significant effect variation (χ2 = 15.03, df = 4, p = 0.018), with conventional simulation and VR/video simulation producing the largest gains. It should be noted that some categories, such as AI-guided tutoring, were represented by only a single study. Despite extreme heterogeneity, sensitivity analyses confirmed robustness, and publication bias minimally attenuated skills-based estimates. Student-centred approaches markedly outperform lectures for both knowledge acquisition and clinical skills, notably with simulation-based methods. Educators should integrate these strategies according to learning objectives and context. This study provides novel comparative evidence that the magnitude of benefit varies substantially across pedagogical approaches, with conventional simulation showing the greatest impact on skill acquisition, a distinction crucial for strategic curriculum design. Future research should explore long-term outcomes, cost-effectiveness and patient-care impact.",scopus,llm,0.860,unreviewed,,doi:10.1177/01632787261415886
kept,Effectiveness of flipped classrooms in Chinese students of clinical medicine major undergoing clinical practice: a meta-analysis,X. Sun,2025,BMC Medical Education,10.1186/s12909-025-06737-3,https://www.scopus.com/inward/record.uri?partnerID=HzOxMe3b&scp=85218187910&origin=inward,qualifies-claim,"Clinical practice is a cornerstone of undergraduate training in Chinese medical education, ensuring the development of essential skills for future professionals. While flipped classrooms have gained popularity for their potential to enhance learning outcomes, the effectiveness of this approach in clinical settings remains underexplored. This study aims to address this research gap by consolidating evidence on the impact of flipped classrooms through a comprehensive meta-analysis. Two researchers independently screened all the retrieved articles and did data extraction. The Cochrane Risk of Bias tool for randomized trials was used for methodological quality assessment. Weighted mean differences (WMD) and 95% confidence interval (CI) were used to compare the differences in theoretical and skill scores between the flipped classrooms and traditional lecture groups. The Cochran Q test and the I2 statistic were used for heterogeneity analysis. The funnel plots were used to assess the publication bias. All analyses will be performed via RevMan version 5.3. A total of 19 studies were included in the final analysis, 18 of which were eligible for quantitative analysis. As a high level of heterogeneity of included studies, random effect models were used. Both the theoretical and skill scores in flipped classroom students were higher than those in traditional lecture students (SMD = 8.33, 95% CI: 5.91–10.75, P < 0.001; SMD = 7.91, 95% CI: 5.86–9.91, P < 0.001, respectively). However, all included studies were of poor quality, and funnel plots indicated the presence of publication bias. Flipped classrooms demonstrate potential in improving both theoretical knowledge and practical skills among medical students in clinical practice. Despite these promising results, the interpretation is limited by methodological shortcomings and potential publication bias in the included studies. Future research should focus on conducting high-quality, large-scale trials to validate these findings and explore their broader applicability.",scopus,llm,0.970,unreviewed,,doi:10.1186/s12909-025-06737-3
kept,Whether case-based teaching combined with the flipped classroom is more valuable than traditional lecture-based teaching methods in clinical medical education: a systematic review and meta-analysis,X.Y. Shi,2025,BMC Medical Education,10.1186/s12909-025-07465-4,https://www.scopus.com/inward/record.uri?partnerID=HzOxMe3b&scp=105009731802&origin=inward,qualifies-claim,"An increasing body of evidence suggests that both flipped classroom and case-based teaching models outperform traditional teaching methods in clinical medical education. Both teaching methods share several advantages, including a student-centered approach, enhanced understanding and mastery of knowledge, the development of comprehensive skills, and an emphasis on interactive communication. Therefore, a teaching model that integrates both methods may achieve similar or even better educational outcomes. Although previous studies have demonstrated this, they are generally limited by small sample sizes and inconsistent evaluation criteria for teaching effectiveness. This study aims to provide a high-quality assessment of this teaching method through meta-analysis and systematic review, further confirming its value in the field of clinical medical education. This study employed a meta-analysis to systematically and quantitatively compare the educational impact of a teaching model combining flipped classroom and case-based learning (Flipped Classroom Case Learning, FCCL) with traditional lecture-based learning (LBL) for clinical medical students. An extensive literature search was conducted to identify studies on the application of FCCL and LBL in clinical medical education, covering the period from inception to November 21, 2024. Databases searched included the Cochrane Library, Web of Science, Embase, and PubMed. A total of 12 studies were included, comprising 1,857 clinical medical students or residents. The quality of each included study was assessed using RevMan (Version 5.4). The primary outcome measures were students' theoretical scores and clinical analytical skills. The extracted data were subjected to meta-analysis using Stata 18.0 software. A total of 1,857 participants from 12 studies were included in the analysis. The meta-analysis revealed that the FCCL group demonstrated significantly superior theoretical scores (Cohen’s d = 0.60, 95% CI: 0.17 to 1.04, P = 0.01) and clinical analysis skills (Cohen’s d = 1.53, 95% CI: 0.86 to 2.19, P = 0.00) compared to the LBL group. The Cohen's d for clinical analytical skills was 1.53 (> 0.8), indicating a large effect size between the two groups, suggesting a significant difference between the FCCL and LBL groups in improving students' clinical analytical skills. In contrast, the Cohen's d for theoretical scores was 0.60(approximately 0.5), indicating a moderate effect size, suggesting a moderate difference between the FCCL and LBL groups in improving students' theoretical knowledge. Subgroup analyses indicated that Chinese students in the FCCL group exhibited better theoretical performance (SMD = 1.03, 95% CI: 0.30 to 1.77, P = 0.01; heterogeneity, P = 0.00) and clinical analysis skills (SMD = 2.54, 95% CI: 1.06 to 4.02, P = 0.00; heterogeneity, P = 0.00) compared to their LBL counterparts. Among students from Western countries, those in the FCCL group outperformed the LBL group in clinical analysis skills (SMD = 0.45, 95% CI: 0.26 to 0.63, P = 0.00; heterogeneity, P = 0.21). However, no significant difference in theoretical scores was observed between the two teaching methods in this subgroup (SMD = 0.10, 95% CI: -0.28 to 0.48, P = 0.60; heterogeneity, P = 0.00). The present study demonstrates that FCCL is more effective than LBL in enhancing clinical medical students' theoretical scores and clinical analysis skills. These findings were generally consistent across different nationalities of the study populations, with the exception of students from Western countries, where no statistically significant difference was observed in theoretical scores between the two instructional methods. However, due to the inevitable methodological differences among the included studies, heterogeneity is difficult to eliminate, and the overall sample size is relatively small. Therefore, further randomized controlled trials with rigorous experimental designs are needed to confirm these conclusions.",scopus,llm,0.950,unreviewed,,doi:10.1186/s12909-025-07465-4
discarded,Effectiveness of Flipped Classrooms for K–12 Students: Evidence From a Three-Level Meta-Analysis,S. Li,2025,Review of Educational Research,10.3102/00346543241261732,https://www.scopus.com/inward/record.uri?partnerID=HzOxMe3b&scp=85200218951&origin=inward,adjacent-subtopic,"Flipped classrooms (FCs) in K–12 schools are growing in popularity. However, previous studies have reported inconsistent findings on the effects of FCs, and the conditions under which FCs are effective remain unclear. This three-level meta-analysis synthesized the effects of FCs versus traditional classrooms (TCs) on various learning domains among K–12 students based on 129 studies with 399 effect sizes (N = 12,727). The results revealed that FCs have a significant positive effect on K–12 students’ overall performance (without outliers: g = 0.53 [0.44,0.62], 95% prediction interval [–0.60, 1.66]) and on both the cognitive domain and the affective domain. Moderator analyses showed that region, measured outcome, outcome dilution, instructor equivalence, and publication type were significant predictors. In addition, the educational context and research methodology characteristics accounted for a significant proportion of the variability in overall effects. These findings provide valuable evidence-based recommendations for future research and practice.",scopus,llm,0.960,unreviewed,,doi:10.3102/00346543241261732
discarded,The effect of game-based interventions on the nursing students' level of knowledge: A systematic review and meta-analysis of randomized controlled trials,F. Celik,2025,Nurse Education Today,10.1016/j.nedt.2025.106746,https://www.scopus.com/inward/record.uri?partnerID=HzOxMe3b&scp=105002926864&origin=inward,adjacent-subtopic,"The adoption of game-based interventions has begun to rise as innovative methods in nursing education have gained prominence. This systematic review and meta-analysis study aimed to analyze the effects of game-based interventions on nursing students' knowledge level. We searched nine electronic databases published in English, without year limitations, until May 2024. We followed the PRISMA 2020 checklist. A random-effects model was used to determine intervention effects. The Cochrane Collaboration technique was used to evaluate potential bias. Six studies involving 718 nursing students were included in this study. We identified the use of different game-based approaches such as video games, serious games, mobile games, board games, gamified flipped classrooms, and virtual gaming simulations. Game-based intervention duration ranged from only once to once weekly throughout the study period. No significant publication bias was observed. Compared to the control group, game-based interventions improved the level of knowledge (SMD = 1.00; 95 % CI [0.26, 1.74]; p < 0.001). Game-based interventions are an effective strategy for achieving learning objectives in the cognitive domain and contribute to increasing nursing students' knowledge levels. Therefore, integrating game-based interventions into nursing education is recommended. Further research is needed to determine how game-based affect nursing students' behavioral and affective learning outcomes.",scopus,llm,0.940,unreviewed,,doi:10.1016/j.nedt.2025.106746
discarded,The Impact of ChatGPT on Students' Academic Achievement: A Meta-Analysis,Z. Liu,2025,Journal of Computer Assisted Learning,10.1111/jcal.70096,https://www.scopus.com/inward/record.uri?partnerID=HzOxMe3b&scp=105010631948&origin=inward,off-topic-false-hit,"ChatGPT, a generative artificial intelligence (GenAI) chatbot, has gained significant traction as a tool for supporting students learning. Despite its growing popularity, there is still no academic consensus on its effectiveness in enhancing students' academic achievement.This study aims to explore the effect of ChatGPT on students' academic achievement through a meta‐analysis. It seeks to identify the overall effect size and examine variations based on moderators such as educational level, discipline, intervention duration, sample size, knowledge type, instructional model, role‐setting, learning approach, and generated content.A meta‐analysis was conducted on 37 studies (comprising 37 effect sizes) published between 2022 and 2025. The studies were analysed to calculate the overall effect size (Hedges' g) and to explore subgroup differences.The findings reveal that ChatGPT has a moderately positive impact on students' academic achievement, with an overall effect size of g = 0.577 (95% CI [0.395, 0.759], p < 0.001). Further analysis of moderating variables indicates that no significant differences are observed across educational levels, role‐setting, or learning approaches. A greater effect is observed in the social sciences compared to other disciplines; an intervention duration of 5–10 weeks has a larger impact on academic achievement compared to other durations; sample sizes ranging from 21 to 40 participants exhibit a larger impact on academic achievement than other sample sizes; ChatGPT is more effective in supporting the learning of declarative knowledge compared to procedural knowledge; the combination of traditional classrooms with ChatGPT is more effective than using ChatGPT in a flipped classroom; compared to generating code, using ChatGPT to generate text has better academic achievement.",scopus,llm,0.990,unreviewed,,doi:10.1111/jcal.70096
