status,title,authors,year,venue,doi,url,tags,abstract,provider,decision_source,llm_confidence,llm_review_outcome,llm_change_direction,paper_id
kept,A comparison of student evaluations of teaching and learning in the inverted classroom model versus traditional lectures in dental education,"Ann Katrin Reuter; James Deschner; Schütz, Laura; Lisa K. Morlock",2026,Figshare,10.6084/m9.figshare.c.8552540,https://openalex.org/W7165673677,qualifies-claim,"Abstract Introduction The inverted classroom model (ICM) is a learner-centred approach that aims to promote engagement, independence and deeper understanding by shifting knowledge acquisition to self-directed learning before class and using class time for interactive exercises. Despite its growing popularity, there are differing views on how dental students experience and evaluate this model compared to the traditional lecture-based teaching method (FT). This study examines students’ subjective perceptions of teaching and learning within the ICM framework and investigates how a series of lectures delivered in this format influences their learning strategies and their interest in the subject area. Methods First-year students were recruited and divided into FT and ICM groups. From April 2023 to February 2024, dental students (n = 138) were included in this study. The control group received classes based on the traditional (FT) concept, while the ICM group was defined as the intervention group. Data were collected at the beginning and end of the year using standardised questionnaires to evaluate the teaching concept (FLIPPY), study interest (FSI), and learning strategy (LIST-K). Wilcoxon and Mann–Whitney U tests were employed to evaluate these data, with a significance level of p < 0.05. Results ICM was associated with significantly higher student ratings across most domains of the teaching concept, particularly with regard to preparation (p < 0.001), flexibility (p = 0.014), collaborative learning (p = 0.002), interaction with teachers (p < 0.001), active participation and motivation (p = 0.004). No significant changes in study interest or learning strategies could be observed. However, ICM students demonstrated a greater openness to innovative and digital teaching methods. Conclusion The ICM was associated with increased student engagement and interaction. However, it was not associated with changes in study interest, learning strategies, or short-term perceived learning outcomes. The results suggest the ICM’s complementary role in blended learning but should be interpreted as associative due to the quasi-experimental design. Limitations include subjective measures, the short duration of the study, and limited generalizability.",openalex,llm,0.910,unreviewed,,doi:10.6084/m9.figshare.c.8552540
kept,A comparison of student evaluations of teaching and learning in the inverted classroom model versus traditional lectures in dental education,"Ann Katrin Reuter; James Deschner; Schütz, Laura; Lisa K. Morlock",2026,Figshare,10.6084/m9.figshare.c.8552540.v1,https://openalex.org/W7165634311,qualifies-claim,"Abstract Introduction The inverted classroom model (ICM) is a learner-centred approach that aims to promote engagement, independence and deeper understanding by shifting knowledge acquisition to self-directed learning before class and using class time for interactive exercises. Despite its growing popularity, there are differing views on how dental students experience and evaluate this model compared to the traditional lecture-based teaching method (FT). This study examines students’ subjective perceptions of teaching and learning within the ICM framework and investigates how a series of lectures delivered in this format influences their learning strategies and their interest in the subject area. Methods First-year students were recruited and divided into FT and ICM groups. From April 2023 to February 2024, dental students (n = 138) were included in this study. The control group received classes based on the traditional (FT) concept, while the ICM group was defined as the intervention group. Data were collected at the beginning and end of the year using standardised questionnaires to evaluate the teaching concept (FLIPPY), study interest (FSI), and learning strategy (LIST-K). Wilcoxon and Mann–Whitney U tests were employed to evaluate these data, with a significance level of p < 0.05. Results ICM was associated with significantly higher student ratings across most domains of the teaching concept, particularly with regard to preparation (p < 0.001), flexibility (p = 0.014), collaborative learning (p = 0.002), interaction with teachers (p < 0.001), active participation and motivation (p = 0.004). No significant changes in study interest or learning strategies could be observed. However, ICM students demonstrated a greater openness to innovative and digital teaching methods. Conclusion The ICM was associated with increased student engagement and interaction. However, it was not associated with changes in study interest, learning strategies, or short-term perceived learning outcomes. The results suggest the ICM’s complementary role in blended learning but should be interpreted as associative due to the quasi-experimental design. Limitations include subjective measures, the short duration of the study, and limited generalizability.",openalex,llm,0.910,unreviewed,,doi:10.6084/m9.figshare.c.8552540.v1
discarded,The use of lectures: effective pedagogy or seeds scattered on the wind?,Colin Loughlin; Åsa Lindberg‐Sand,2022,Higher Education,10.1007/s10734-022-00833-9,https://openalex.org/W4220892272,adjacent-subtopic,"Abstract This case study of large-class teaching at a UK university focuses on the place of large-scale lectures in academics’ approaches to teaching, their use by students in their studies, and their relationship to institutional quality assurance policies. The case is a second-year module comprised of 180 students, and it includes two-hour lectures as the primary mode of teaching. The data is drawn from a range of sources including observations, interviews, focus groups, institutional documentation, and a student survey. Observations revealed largely transmissive lectures with little student interaction. The analytic framework of constructive alignment and outcome-based education is used to examine the promoted educational values and the practice experienced by students. The results are further explored in relation to two texts celebrating 50 years since publication: Donald Bligh’s What’s the Use of Lectures and Benson Snyder’s The Hidden Curriculum, Both highlight the dissonance of espoused approaches to teaching, and the realities of large-class environments. While the institutional literature foregrounds student-centred, ‘active learning’ approaches, the teacher-centred practice observed would have been very familiar to Bligh and Snyder; the principles of constructive alignment were visible only at the policy level. The implicit reward mechanisms of the hidden curriculum ensure that the majority of students succeed and are satisfied with the educational offering. The students who attended the lectures appeared to enjoy them and indicated that the primary benefits are the structure offered by live lectures and the support of the peer networks which develop as a result of attendance.",openalex,llm,0.940,unreviewed,,doi:10.1007/s10734-022-00833-9
kept,The effects of flipped classrooms to improve learning outcomes in undergraduate health professional education: A systematic review,Cho Min Naing; Maxine Anne Whittaker; Htar Htar Aung; Dinesh Kumar Chellappan; Amy Riegelman,2023,Campbell Systematic Reviews,10.1002/cl2.1339,https://openalex.org/W4383554344,supports-claim; qualifies-claim,"Background The ‘flipped classroom’ approach is an innovative approach in educational delivery systems. In a typical flipped class model, work that is typically done as homework in the didactic model is interactively undertaken in the class with the guidance of the teacher, whereas listening to a lecture or watching course-related videos is undertaken at home. The essence of a flipped classroom is that the activities carried out during traditional class time and self-study time are reversed or ‘flipped’. Objectives The primary objectives of this review were to assess the effectiveness of the flipped classroom intervention for undergraduate health professional students on their academic performance, and their course satisfaction. Search Methods We identified relevant studies by searching MEDLINE (Ovid), APA PsycINFO, Education Resources Information Center (ERIC) as well as several more electronic databases, registries, search engines, websites, and online directories. The last search update was performed in April 2022. Selection Criteria Included studies had to meet the following criteria: Participants : Undergraduate health professional students, regardless of the type of healthcare streams (e.g., medicine, pharmacy), duration of the learning activity, or the country of study. Intervention : We included any educational intervention that included the flipped classroom as a teaching and learning tool in undergraduate programs, regardless of the type of healthcare streams (e.g., medicine, pharmacy). We also included studies that aimed to improve student learning and/or student satisfaction if they included the flipped classroom for undergraduate students. We excluded studies on standard lectures and subsequent tutorial formats. We also excluded studies on flipped classroom methods, which did not belong to the health professional education(HPE) sector (e.g., engineering, economics). Outcomes : The included studies used primary outcomes such as academic performance as judged by final examination grades/scores or other formal assessment methods at the immediate post-test, as well as student satisfaction with the method of learning. Study design : We included randomised controlled trials (RCTs), quasi-experimental studies (QES), and two-group comparison designs. Although we had planned to include cluster-level RCTs, natural experiments, and regression discontinuity designs, these were not available. We did not include qualitative research. Data Collection and Analysis Two members of the review team independently screened the search results to assess articles for their eligibility for inclusion. The screening involved an initial screening of the title and abstracts, and subsequently, the full text of selected articles. Discrepancies between the two investigators were settled through discussion or consultation with a third author. Two members of the review team then extracted the descriptions and data from the included studies. Main Results We found 5873 potentially relevant records, of which we screened 118 of them in full text, and included 45 studies (11 RCTs, 19 QES, and 15 two-group observational studies) that met the inclusion criteria. Some studies assessed more than one outcome. We included 44 studies on academic performance and eight studies on students' satisfaction outcomes in the meta-analysis. The main reasons for excluding studies were that they had not implemented a flipped class approach or the participants were not undergraduate students in health professional education. A total of 8426 undergraduate students were included in 45 studies that were identified for this analysis. The majority of the studies were conducted by students from medical schools (53.3%, 24/45), nursing schools (17.8%, 8/45), pharmacy schools (15.6%, 7/45). medical, nursing, and dentistry schools (2.2%, 1/45), and other health professional education programs (11.1%, 5/45). Among these 45 studies identified, 16 (35.6%) were conducted in the United States, six studies in China, four studies in Taiwan, three in India, two studies each in Australia and Canada, followed by nine single studies from Brazil, German, Iran, Norway, South Korea, Spain, the United Kingdom, Saudi Arabia, and Turkey. Based on overall average effect sizes, there was better academic performance in the flipped class method of learning compared to traditional class learning (standardised mean difference [SMD] = 0.57, 95% confidence interval [CI] = 0.25 to 0.90, τ 2 : 1.16; I 2 : 98%; p < 0.00001, 44 studies, n = 7813). In a sensitivity analysis that excluded eleven studies with imputed data from the original analysis of 44 studies, academic performance in the flipped class method of learning was better than traditional class learning (SMD = 0.54, 95% CI = 0.24 to 0.85, τ 2 : 0.76; I 2 : 97%; p < 0.00001, 33 studies, n = 5924); all being low certainty of evidence. Overall, student satisfaction with flipped class learning was positive compared to traditional class learning (SMD = 0.48, 95% CI = 0.15 to 0.82, τ 2 : 0.19, I 2 :89%, p < 0.00001, 8 studies n = 1696); all being low certainty of evidence. Authors' Conclusions In this review, we aimed to find evidence of the flipped classroom intervention's effectiveness for undergraduate health professional students. We found only a few RCTs, and the risk of bias in the included non-randomised studies was high. Overall, implementing flipped classes may improve academic performance, and may support student satisfaction in undergraduate health professional programs. However, the certainty of evidence was low for both academic performance and students' satisfaction with the flipped method of learning compared to the traditional class learning. Future well-designed sufficiently powered RCTs with low risk of bias that report according to the CONSORT guidelines are needed.",openalex,llm,1.000,unreviewed,,doi:10.1002/cl2.1339
kept,Flipped classroom goes sideways: reflections on active learning methodologies,Pablo Leão; Caio César Coelho; Carla Campana; Marina Henriques Viotto,2022,Revista de Gestão,10.1108/rege-04-2021-0066,https://openalex.org/W4223966678,qualifies-claim,"Purpose The present study aims to investigate an unsuccessful implementation of an active learning methodology. Active learning methods have emerged in order to improve learning processes and increase students' roles in the classroom. Most studies on the subject focus on developing learning strategies based on successful implementations of such methods. Nevertheless, critical reflections on unsuccessful cases might also provide material for developing further contributions to this literature. Design/methodology/approach The authors conducted an intrinsic case study of an unsuccessful application of the flipped classroom method to an undergraduate basic statistics course at a Brazilian business school. The data collected comprised the course's syllabus, evaluation forms and two rounds of interviews with students and the professor. Findings The findings indicate that, apart from that which had been mapped by past literature, three additional aspects may limit the chances of successfully implementing a flipped classroom methodology: students' educational backgrounds, the course's structural issues and methodological and relational issues. Originality/value The present study contributes to the literature on active learning methodologies mainly by mapping additional aspects that should be considered in the implementation of the flipped classroom methodology. Additionally, the authors investigate an unsuccessful case of such an implementation, an investigation that is still scant within this literature.",openalex,llm,0.880,unreviewed,,doi:10.1108/rege-04-2021-0066
kept,Are online lectures effective? Evidence from a flipped classroom pilot in UK higher education,Sandra Fernando; Bal Virdee; John R. Woodward; Colin Haikin,2026,Frontiers in Education,10.3389/feduc.2026.1842704,https://openalex.org/W7163070553,qualifies-claim,"Online and asynchronous lectures expanded rapidly across higher education during Covid 19, and they remain widely used today, but a central question persists: do they deliver learning benefits comparable to more traditional active or hybrid approaches, and under what conditions? This study evaluates a flipped delivery model within an Inner London university programming module, informed by evidence that students learn most effectively through active engagement, practice, and timely feedback. We analysed mixed-methods data from a cohort of 128 undergraduate students, combining institutional attendance records and assessment performance data with structured survey responses from 69 students. This study therefore provides initial observations from one module context, rather than definitive evidence of causal impact. Quantitative analysis focused on descriptive patterns and straightforward associations, including group comparisons and correlations, to examine how engagement with the flipped elements related to outcomes. Qualitative free-text responses were analysed thematically to capture perceived benefits and barriers. Overall, the exploratory findings provide context-specific evidence of student engagement with both pre-class preparation and in-class active learning, while the weak and non-significant associations between attendance, performance, and subgroup differences mean that these patterns should be interpreted cautiously. Thematic results converged with the quantitative evidence, emphasising the value of interactive support during class and the flexibility of self-paced materials, while also highlighting areas for improvement in structure, pacing, and resource organisation. Collectively, the results suggest that, in this module context, online lectures may be more educationally useful when used as an asynchronous foundation within a feedback-rich flipped or hybrid design, rather than as a stand-alone substitute for interactive teaching.",openalex,llm,0.940,unreviewed,,doi:10.3389/feduc.2026.1842704
discarded,Designing and Reflecting on Active Learning and Flipped Classrooms for Renal Physiology,Bernard T. Drumm,2023,International Journal for the Scholarship of Teaching and Learning,10.20429/ijsotl.2023.17122,https://openalex.org/W4379470002,adjacent-subtopic,"In this paper, we outline a case study describing the incorporation of active learning and flipped classroom techniques in a renal physiology module in 1st year medical school. The module was redesigned over a 2-year period within the teaching for understanding (TfU) framework (generative topics, understanding goals, performances of understanding and ongoing assessment) to include more active learning exercises (clicker response systems centered on clinically relevant problem sets and classroom assessment techniques – CATs), which culminated in flipping the classroom entirely during the 2nd year. The goal, was to evaluate student perceptions of the flipped classroom model and to reflect on the use of active learning generally. In the 1st year, clicker response systems were favorably received by students, however the anonymous nature of the clicker configuration meant it was not possible to track progress of individual students. CATs revealed that content areas without active learning exercises were often deemed the most unclear by students. Student feedback indicated that the flipped classroom model in the 2nd year was positively received, with students noting it encouraged them to attend classes more regularly and they believed it assisted in developing collaborative learning and knowledge application.",openalex,llm,0.940,unreviewed,,doi:10.20429/ijsotl.2023.17122
discarded,Flipped Classroom Models: Revolutionizing Learning in Higher Education,Aceng Haetami; Abena Boateng; Ricardo Martinez,2025,International Journal of Educational Narratives,10.70177/ijen.v3i1.1690,https://openalex.org/W4409765553,adjacent-subtopic,"Bacground. The traditional lecture-based model of teaching in higher education has faced increasing criticism due to its limited engagement and ability to foster active learning. In response, the flipped classroom model has emerged as a promising alternative, where students engage with instructional content outside the classroom and use class time for collaborative and interactive activities. This pedagogical shift aims to enhance student learning outcomes, promote critical thinking, and increase overall engagement. Purpose. This study aims to investigate the effectiveness of flipped classroom models in higher education, focusing on their impact on student engagement, academic performance, and learning outcomes. Method: A mixed-methods approach was employed, combining quantitative analysis of student performance data with qualitative insights from surveys and interviews. A sample of 200 students from five different universities participated in flipped classroom courses, and their learning outcomes were compared to those of students in traditional lecture-based courses. Data were collected at the beginning and end of the semester to assess changes in engagement and academic performance. Results: The study found that students in flipped classrooms showed significantly higher levels of engagement and academic performance compared to their peers in traditional settings. Students reported increased satisfaction with the learning process, particularly in terms of collaborative learning and self-paced study. Conclusion: The flipped classroom model proves to be an effective strategy for enhancing student engagement and improving learning outcomes in higher education. This approach fosters a more active, student-centered learning environment that better prepares students for real-world challenges.",openalex,llm,0.760,unreviewed,,doi:10.70177/ijen.v3i1.1690
