status,title,authors,year,venue,doi,url,tags,abstract,provider,decision_source,llm_confidence,llm_review_outcome,llm_change_direction,paper_id
discarded,"Integrating cognition, self-regulation, motivation, and metacognition: a framework of post-pandemic flipped classroom design",Y. Shen,2025,Educational Technology Research and Development,10.1007/s11423-025-10485-y,https://www.scopus.com/inward/record.uri?partnerID=HzOxMe3b&scp=105001859807&origin=inward,adjacent-subtopic,"The adoption of blended and hybrid Flipped Classroom (FC) models increased dramatically during COVID-19 and is still highly valued and recommended for enhancing the quality, flexibility, and effectiveness of teaching and learning post-pandemic. While meta-analyses indicate a small yet meaningful effect size of the FC approach, examined studies often lack theoretical groundings and/or explicit design frameworks. As a result, there is an ever-increasing need for instructional design guidance for effectively integrating and facilitating online and in-person learning in the FC context. The current paper outlines a framework intended to guide educators, designers, and researchers to maximize the synergy of online and in-person learning as they design and implement FC. Grounded in (Merrill, First principles of instruction: Identifying and designing effective, efficient and engaging instruction, Pfeiffer, 2013) First Principles of Instruction, (Zimmerman and Schunk, Zimmerman and Schunk (eds), Handbook of self-regulation of learning and performance, Routledge, 2011) Self-Regulated Learning process, (Jones, Motivating students by design: Practical strategies for professors, CreateSpace, 2018) MUSIC Model of Academic Motivation, and (Flavell, American Psychologist 34:906, 1979) Metacognition theory, we first present a conceptual framework with flipped learning cycle, self-regulated learning cycle, and metacognitive FC orientation. Informed by these theories and our FC design experience across disciplines, we convert the conceptual framework into a procedural framework by organizing the design aspects and components into a generic FC learning process. Finally, we propose theoretically and empirically grounded design strategies for individual components of the FC process, which can be further validated and refined through iterative educational design research.",scopus,llm,0.970,unreviewed,,doi:10.1007/s11423-025-10485-y
kept,Transforming Undergraduate Chemistry: A Decade of Flipped Classroom Innovations (2013-2023),J. Cao,2025,Foro De Educacion,10.14201/fde.23208,https://www.scopus.com/inward/record.uri?partnerID=HzOxMe3b&scp=105028173117&origin=inward,qualifies-claim,"The flipped classrooms have been studied across a wide range of educational disciplines, but its use in undergraduate chemistry education is still not yet fully understood. This study addresses this issue by providing an in-depth review of how flipped classrooms are implemented within, and impact on, undergraduate chemistry courses. This review analyses the influence and effectiveness of flipped classroom as used in undergraduate chemistry education from 2013 to 2023. We follow the systematic review guidelines (PRISMA) to assess (30 studies) that looked at various aspects of flipped classrooms; including theoretical frameworks, technology, research methodologies, data collection and analysis, pre-class and in-class activities, and educational outcomes. Findings show that flipped classrooms, predominantly used theoretical frameworks, focusing on cognitive load theory, social constructivism, and self-determination theory. Editing videos and using content management systems were also commonly explored. Most studies used quasi-experimental methods, with many of the studies used hybrid methods of research. Data collection and analysis predominantly relied on quizzes, questionnaires, and qualitative analysis. Pre-class students watched videos and completed quizzes, while in-class activities included cooperative group discussion and problem-solving to promote active learning and greater learning outcomes. Overall, flipped classrooms provided benefits for undergraduate chemistry education, as it tended to improve academic performance, and or student engagement, and or comprehension and or group work skills. The pedagogical approach also attempted to reduce the performance gap between students. A systematic review of the literature and analysis demonstrate how the practice of flipped classrooms demonstrates theory and practice, and the use of educational technology to further support the pedagogical principles. A comprehensive review of flipped classrooms in undergraduate chemistry education has been established, and potential future directions have been articulated. The results of this review not only support educators, and policymakers, to create policy that is effective to promote education reform, but also to reimagine education and evaluation of potential.",scopus,llm,0.910,unreviewed,,doi:10.14201/fde.23208
discarded,Small Private Online Courses (SPOCs) in English Language Education: A Systematic Review,A. Mi,2025,Forum for Linguistic Studies,10.30564/fls.v7i6.9987,https://www.scopus.com/inward/record.uri?partnerID=HzOxMe3b&scp=105015988842&origin=inward,adjacent-subtopic,"Small Private Online Courses (SPOCs) have emerged as a promising instructional model in English language education, offering structured, flexible, and scalable learning opportunities within blended or hybrid contexts. This systematic review synthesises 36 empirical studies published between 2015 and 2025 to examine how SPOCs have been pedagogically designed, methodologically investigated, and evaluated in diverse educational settings. The studies were identified through a comprehensive search of Scopus and Web of Science and analysed thematically in terms of methodological approaches, instructional strategies, and reported learning outcomes. Findings reveal considerable methodological variation, including qualitative case studies, quasi-experimental designs, mixed-methods inquiries, and design-based research. Pedagogically, SPOCs were most frequently implemented in flipped classroom models and integrated with skill-specific scaffolding, adaptive technologies, gamified features, and collaborative or reflective tasks. These designs were aligned with communicative and learner-centred approaches to language teaching. Reported outcomes spanned linguistic, cognitive, affective, and behavioural domains, with most studies indicating gains in grammar, vocabulary, writing, and speaking, as well as enhanced learner autonomy, motivation, and metacognitive awareness. The review underscores the pedagogical value of SPOCs when thoughtfully integrated into language curricula and supported by appropriate technological and instructional design. It highlights the potential of SPOCs to personalise learning, support skill-specific development, and promote active, reflective, and autonomous learning. These findings offer timely guidance for educators, instructional designers, and policymakers aiming to enhance English language education in increasingly hybrid and digital environments.",scopus,llm,0.920,unreviewed,,doi:10.30564/fls.v7i6.9987
kept,Flipped classroom approach of language education: a systematic review,R. Mazlan,2025,International Journal of Evaluation and Research in Education,10.11591/ijere.v14i2.31718,https://www.scopus.com/inward/record.uri?partnerID=HzOxMe3b&scp=85219040426&origin=inward,supports-claim; qualifies-claim,"The flipped classroom approach has emerged as an innovative pedagogical model in language education, transforming traditional teaching methods by reversing the conventional sequence of instruction and homework. The objectives of this systematic literature review are to examine the impact of various technological enhancements on the effectiveness and student engagement in flipped classrooms. Secondly, to explore the perceptions and attitudes of students and teachers towards flipped classroom methodologies across different educational contexts. Thirdly, to assess the effects of flipped classroom approaches on students’ academic performance and critical thinking skills across various disciplines. This study conducted an extensive search of scholarly articles from reputable databases such as Scopus and Web of Science, focusing on studies published from 2021 until 2024. The flow of the study is based on the PRISMA framework. The database search identified 35 final primary studies that were analyzed. The findings were divided into three themes: i) technological enhancements in flipped classrooms, which were found to significantly improve student engagement and learning outcomes; ii) student and teacher perceptions of flipped classrooms, which were generally positive, with many highlighting increased interaction and autonomy in learning; and iii) outcomes and effectiveness of flipped classroom approaches, showing a positive impact on students’ academic performance and critical thinking skills. In conclusion, the flipped classroom approach holds considerable promise for language education, offering a more effective and engaging alternative to traditional instruction. This review provides valuable insights for educators and policymakers seeking to adopt innovative teaching strategies in language education.",scopus,llm,0.840,unreviewed,,doi:10.11591/ijere.v14i2.31718
kept,Nursing students’ outcomes in the flipped classroom approach: An integrative review,V. Torres-Cano,2025,Teaching and Learning in Nursing,10.1016/j.teln.2024.12.005,https://www.scopus.com/inward/record.uri?partnerID=HzOxMe3b&scp=105002681897&origin=inward,supports-claim; qualifies-claim,"Aim: To assess the effects of the flipped classroom (FC) approach on students' course outcomes and learning skills in nursing education. Design: An integrative review was conducted following the validated framework provided by Whittemore and Knafl (2005). Methods: Population, intervention, comparison, outcomes and study (PICOS) strategies were utilized to investigate the peer-reviewed manuscripts published across CINAHL, PubMed, Web of Science, Scopus, Google Scholar, and ERIC in 2023. Results: A total of 159 relevant studies were identified; after a thorough review and consideration of all factors contributing to the exclusions, 11 studies were included in the final review. Most of the studies targeted undergraduate nursing courses, their positive learning outcomes, and acquired learning skills. However, few reported contrasting findings, possibly because the participants relied more on traditional lecture-based lessons. Conclusions: FC resulted in better knowledge, outcomes, self-learning, critical thinking, and problem-solving skills, thereby equipping the nursing students with most of the skills they would require in healthcare environments in the future.<br /> (c) 2024 Organization for Associate Degree Nursing. Published by Elsevier Inc. All rights are reserved, including those for text and data mining, AI training, and similar technologies.",scopus,llm,0.960,unreviewed,,doi:10.1016/j.teln.2024.12.005
kept,Exploring the Effects of Online Academic Help-Seeking and Flipped Learning on Improving Students' Learning.,Wen-Li Chyr; Pei‐Di Shen; Yi‐Chun Chiang; Jau-Bi Lin; Chia‐Wen Tsai,2017,Educational Technology & Society,,https://openalex.org/W2742144860,supports-claim,"Introduction The needs for online academic help-seeking and flipped learning Over the past two decades, teaching and learning processes have been influenced by technological, instructional and pedagogical advances (Chou & Tsai, 2002; Kavanoz, Yuksel & Ozcan, 2015). Nowadays, students' demands are transforming because their study habits and learning strategies have already changed due to the pervasiveness of the Internet (Persico & Pozzi, 2015). Regardless of which teaching or learning mode is used, students' learning outcomes are one of the most important things for educators. In order to keep up with the rapid evolution of the education environment, teachers must update themselves on the potential of new teaching approaches frequently, and apply those to their instruction. Even though computers, digital tools, and educational technologies have been deemed as benefits to the education field, the potential advantages are not comprehensively understood (Wu, Kuo, Jen & Hsu, 2015). As a result of the educational revolution, many colleges and universities now offer online programs or digital courses (Wei, Peng & Chou, 2015). Convinced that information technology (IT) can improve their teaching quality, relationships with their students, and provide students with effective educational experiences, many teachers have devoted themselves to apply IT and make effective use of it in class (Persico & Pozzi, 2015). A blended learning environment such as flipped classroom allows students to discover their own problems, encourages them in active learning and to have an open-minded attitude to create an atmosphere of cooperative learning (Tsai, Shen & Lu, 2015). Moreover, a web-based learning environment is helpful for improving learners' help-seeking behaviours and influences their learning processes (Makitalo-Siegl & Fischer, 2011). Therefore, students' online learning experience and related processes is a popular research topic, and has recently been investigated by several teams (Roby, Ashe, Singh, & Clark, 2013; Tsai & Tsai, 2013). However, online learning also introduces some difficulties; for example, students may suffer alienation and isolation when they study in an online environment (McInnerney & Roberts, 2004; Tsai, 2013a). Thus, the authors of this study applied online academic help-seeking (OAHS), which refers to the spontaneous behavior of students requesting assistance from others or peers through the Internet (Cheng & Tsai, 2011), and investigated the effects on students' learning in a flipped course. In the 1990s, it was found that students felt physically isolated when they participated in online courses (Cereijo, Young & Wilhelm, 2001; Daugherty & Funke, 1998), especially when the instructor could not immediately provide feedback to learners (McIsaac, Blocher, Mahes, & Vrasidas, 1999). This problem remains till today; students suffer isolation when they study in an online environment and this situation is often considered to be unavoidable (McInnerney & Roberts, 2004). In Taiwan, most students of compulsory education are taught by didactic, or spoon-fed, education. Upon entering college and participating in an online course without teacher's on-the-spot support, students may not concentrate on learning materials, especially when seduced by potential distractions such as playing online games, surfing shopping websites, watching online series, and being addicted to social networks (Tsai, 2013b). The importance of students' involvement, self-efficacy, and self-directed learning Online, blended learning, or flipped learning (FL) provides flexibility and accessibility. Different from traditional teaching approach, FL refers to instructors asking students to watch prescribed videos before class with other teaching materials to acquire knowledge and basic concepts, while the following in-class time is devoted to exercises, projects, or discussions of that content (Davies, Dean, & Ball, 2013). …",openalex,llm,0.940,unreviewed,,hash:4d4e58804e504e0f
discarded,Self-regulated learning: the effect on medical student learning outcomes in a flipped classroom environment,Binbin Zheng; Yining Zhang,2020,BMC Medical Education,10.1186/s12909-020-02023-6,https://openalex.org/W3014309924,adjacent-subtopic,"BACKGROUND: The flipped-classroom model is increasingly being adopted in competency-based medical education. However, it poses a major challenge to students who have not mastered self-regulated learning strategies. This study explores which self-regulated learning skills affect student learning performance in the first 2 years of medical school at a university in the midwestern United States. METHODS: Survey data were used to assess how 146 first- and second-year medical students' use of self-regulated learning strategies affected their performance on standardized tests. RESULTS: Based on the results of regression analysis and content analysis, it was found that the use of peer learning and help-seeking positively affected the performance of first- and second-year students, respectively; whereas the use of rehearsal had a negative effect on student learning outcomes. CONCLUSIONS: The study findings imply that during the transition period from traditional lecture-intensive learning to flipped-classroom learning, promoting peer learning and help-seeking could significantly improve students' academic achievement.",openalex,llm,0.950,unreviewed,,doi:10.1186/s12909-020-02023-6
kept,A flipped classroom model in higher education: a review of the evidence across disciplines,Hosam Al‐Samarraie; Aizat Shamsuddin; Ahmed Ibrahim Alzahrani,2019,Educational Technology Research and Development,10.1007/s11423-019-09718-8,https://openalex.org/W2980955386,supports-claim; qualifies-claim,"The recent movement to integrate the flipped classroom model into higher education has resulted in significant changes that affected both teaching and learning practices in different ways. After almost a decade of research on the flipped classroom model, different emergent outcomes have been reported in a domain specific context. To gain a comprehensive understanding of the flipped classroom implementation in a university context, a review of the literature on the use of flipped classroom in a university context was conducted. This study was guided by interpreting the previous research findings according to the domain of utilization, opportunities, challenges, and extensions to the conventional flipped classroom model. This study found that the utilization of flipped classroom in various disciplines is mainly advocated to promote students' engagement, metacognition, attitude, performance, understanding, and achievement, as well as other learning outcomes. The key challenges of this method, shared across all disciplines, were devoted to the length of the video/digital materials and time required for instructors to prepare the learning materials and for students to master it. Recommendations for policy makers and other crucial insights for the future studies were highlighted.",openalex,llm,0.940,unreviewed,,doi:10.1007/s11423-019-09718-8
kept,The flipped classroom: A learning model to increase student engagement not academic achievement,Masha Smallhorn,2017,Student Success,10.5204/ssj.v8i2.381,https://openalex.org/W2739798543,refutes-claim; qualifies-claim,"A decrease in student attendance at lectures both nationally and internationally, has prompted educators to re-evaluate their teaching methods and investigate strategies which promote student engagement. The flipped classroom model, grounded in active learning pedagogy, transforms the face-to-face classroom. Students prepare for the flipped classroom in their own time by watching short online videos and completing readings. Face-to-face time is used to apply learning through problem-solving with peers. To improve the engagement and learning outcomes of our second year cohort, lectures were replaced with short online videos and face-to-face time was spent in a flipped classroom. The impact of the flipped classroom was analysed through surveys, attendance records, learning analytics and exam data before and after the implementation of the flipped classroom. Results suggest an increase in student engagement and a positive attitude towards the learning method. However, there were no measurable increases in student learning outcomes.",openalex,llm,0.990,unreviewed,,doi:10.5204/ssj.v8i2.381
kept,A MULTIDISCIPLINARY UMBRELLA REVIEW ON FLIPPED LEARNING OUTCOMES,"Arslan, Abdullah; Alaettin İşeri",2025,DergiPark (Istanbul University),,https://openalex.org/W7149219166,supports-claim; qualifies-claim,"This umbrella review synthesizes evidence from 41 qualitative, meta-analytic, and mixed-method reviews to reveal the effectiveness of FL on cognitive, affective, and interpersonal domains across STEM, Medical and Health Sciences (M&H), and Social Sciences (SS). The results reveal that while flipped learning (FL) demonstrates positive effects on academic achievement in mathematics, science, and English language teaching, evidence for other domanial outcomes across fields remains inconclusive due to several limitations such as study scope, methodology and regional restrictions. Specifically, evidence across fields on other cognitive outcomes including autonomy, conceptual understanding, and higher-order thinking skills has the potential for fostering autonomy, conceptual understanding, and higher-order thinking skills, but the current evidence base is insufficient to definitively confirm these claims. Similarly, FL practices across fields seem conducive to enhancing affective and interpersonal domain outcomes; however, the predominance of qualitative evidence necessitates more quantitative and mixed method research for robust conclusions. Our synthesis also highlights the lack of in-in reporting and exploration of specific mechanisms by which FL cultivates domanial outcomes such as higher order thinking skills, motivation, and collaboration. Moreover, the evidence in the reviews highlights the absence of detailed reporting on the measurement metrics used to assess affective and interpersonal outcomes across fields in the reviews. Researchers should prioritize discipline-specific investigations, explore outcome-related mechanisms, develop standardized metrics, and bridge the gap between theory and practice through the integration of relevant learning theories into the design of FL strategies.",openalex,llm,0.980,unreviewed,,hash:edd52a9556c13510
