status,title,authors,year,venue,doi,url,tags,abstract,provider,decision_source,llm_confidence,llm_review_outcome,llm_change_direction,paper_id
discarded,Long-term effects of flipped learning on nurses' self-efficacy and satisfaction in pressure injury management: A multi-center quasi-experimental study,"Chao, Wen-Yi; Liao, Wen-Chun",2025,NURSE EDUCATION IN PRACTICE,10.1016/j.nepr.2025.104368,https://www.webofscience.com/wos/woscc/full-record/WOS:001472033200001,adjacent-subtopic,"Aims: Investigate the long-term effects of a flipped education -based on adult learning theory and incorporating multimedia teaching and physical workshops-on nurses' self-efficacy in preventing and managing pressure injuries. Background: Pressure injuries remain a global challenge, requiring caregivers to blend theory with practice. Flipped learning has shown promise in boosting nurses' confidence and competence in managing these injuries through higher-level processes such as interaction, reflection, application, analysis and integration. Design: A single-blind, multicenter, quasi-experimental, two-group parallel repeated-measures design was conducted in seven medical institutions. Method: A total of 404 participants adopted an adult self-directed learning model. The control group received PDF-based materials, while the intervention group additionally underwent a flipped education program that combined multimedia teaching with physical workshops. Self-efficacy in the four domains-assessment, planning, monitoring and decision-making-was measured at baseline, immediately post-intervention and at one-and three-months post-intervention. Data were analyzed using descriptive statistics, chi-square tests, t-tests and generalized estimating equations. Results: Following the intervention, both groups showed a significant increase in self-efficacy (p < .05). The intervention group scored higher in all domains, with improvements lasting three months and reported greater learning satisfaction. Conclusion: Multimedia teaching enhances learners' motivation and improves the effectiveness of adult self-directed learning. Physical workshops focused on higher-level analysis, integration and hands-on teaching further strengthened care confidence and self-efficacy. These findings confirm the effectiveness of flipped education in pressure injury education, especially regarding its long-term impact and offer valuable insights for designing future nursing training programs.",wos,llm,0.890,unreviewed,,doi:10.1016/j.nepr.2025.104368
discarded,From flip to click: a global bibliometric analysis of blended learning trends in programming education (2000–2023),A.D. Samala,2026,SN Social Sciences,10.1007/s43545-026-01760-7,https://www.scopus.com/inward/record.uri?partnerID=HzOxMe3b&scp=105051845238&origin=inward,adjacent-subtopic,,scopus,llm,0.950,unreviewed,,doi:10.1007/s43545-026-01760-7
discarded,Digital Technology Use in Secondary Vocational Education: Sentence-Level Computational Text Analysis Based on Three Teaching Cases,X. Zheng,2026,Proceedings of the 3rd International Conference on Educational Digitalization and Computer Science in the Guangdong Hong Kong Macao Greater Bay Area Edcs 2026,10.1145/3828183.3828437,https://www.scopus.com/inward/record.uri?partnerID=HzOxMe3b&scp=105051379620&origin=inward,off-topic-false-hit,"As vocational education becomes increasingly digitalized, educational technology is more deeply embedded in classroom organization, resource delivery, learning support, and assessment. However, its actual patterns of use, functional boundaries, and implementation difficulties remain insufficiently clarified. Using three archived secondary vocational teaching cases from the China Professional Degree Case Center as a small purposive corpus, this study conducts a qualitative multi-case comparison supported by sentence-level text analysis. After manual normalization of the original Chinese texts, 742 sentence units were extracted, of which 536 containing at least one technology- or pedagogy-related term were retained for analysis. Sentence-level TF-IDF weighting, keyword co-occurrence analysis, stage-frequency statistics, and K-means clustering were used as descriptive and transparency-enhancing tools to examine technological tools, instructional stages, instructional functions, and implementation challenges. Across the sampled cases, the analysis descriptively suggests three technology-integration pathways: a school-enterprise collaborative and multi-platform practice pathway, a platform-supported flipped learning and diagnostic-feedback pathway, and an immersive scenario-construction pathway centered on digital guidance and virtual simulation. Across the three cases, educational technology appears to serve six instructional functions: resource expansion, scenario creation, process support, collaboration enhancement, assessment and feedback, and school-enterprise linkage. Clustering results further suggest four interpretable thematic groupings: pre-class preparation and resource learning, task-problem solving and evaluation, product placement and promotion planning, and immersive guide practice. Overall, the findings suggest that the value of educational technology lies not in the simple addition of tools, but in their alignment with instructional goals, learning tasks, occupational scenarios, and assessment mechanisms.",scopus,llm,0.990,unreviewed,,doi:10.1145/3828183.3828437
discarded,"Two Decades of Software Architecture Education: State of the Art, Challenges, and Future Directions",M.C.R. De Menezes,2026,Proceedings 2026 IEEE ACM 48th International Conference on Software Engineering Education and Training ICSE Seet 2026,10.1145/3786580.3786954,https://www.scopus.com/inward/record.uri?partnerID=HzOxMe3b&scp=105045810016&origin=inward,adjacent-subtopic,"Software Architecture is pivotal to the success of software systems, yet teaching it effectively remains an open problem in Software Engineering Education. Its abstraction, cognitive demands, and the need to integrate technical and social skills pose barriers for students and instructors. To address this, we conducted a systematic mapping study of 45 primary studies published between 2005 and 2025, providing the most comprehensive overview of Software Architecture Education to date. Our analysis reveals that curricula still emphasize quality attributes, architectural patterns, documentation, and design processes, while active learning strategies, such as Project-Based Learning, gamification, and flipped classrooms, show a promising yet underexplored impact. At the same time, critical gaps persist: bridging abstraction with practice, designing for heterogeneous cohorts, and aligning educational practices with industry demands remain challenges. By consolidating two decades of research, this study delivers updated evidence, uncovers underexplored areas, and outlines directions for making Software Architecture Education more effective, scalable, and relevant.",scopus,llm,0.800,unreviewed,,doi:10.1145/3786580.3786954
discarded,Development and Practice of an AI-Enabled Smart Teaching Model in Basic Mechanics Education,B. Tu,2026,Computer Applications in Engineering Education,10.1002/cae.70191,https://www.scopus.com/inward/record.uri?partnerID=HzOxMe3b&scp=105036484646&origin=inward,adjacent-subtopic,"To address the prominent challenges in traditional Basic Mechanics teaching, including the disconnection between theoretical instruction and practical application, delayed feedback on students' learning progress, and insufficient personalized support, this study constructs an AI‐enabled smart teaching model based on the Chaoxing Fanya Platform. The model is characterized by “AI empowerment, conceptual innovation, methodological optimization, platform support, and curriculum implementation.” Grounded in the core educational philosophy of “technology integration, literacy orientation, and precision teaching,” this study designs innovative teaching strategies such as “AI + flipped classroom” and “virtual simulation + data‐driven instruction,” and upgrades the functional modules of the smart teaching platform. A modular and interactive smart curriculum system for Basic Mechanics is established to support the implementation of these strategies. Teaching practice verification shows that: (1) The average score of the experimental group was 6.7 points higher than that of the control group, with the pass rate and excellent rate increased by 8.5 and 12.1 percentage points, respectively; (2) The experimental group outperformed the control group in all competency dimensions, especially in practical operation ability and innovative awareness; and (3) Regarding learning satisfaction, the satisfaction rate of students in the experimental group reached as high as 92.8%, 14.5 percentage points higher than the 78.3% in the control group. This mode effectively improves students' mechanical thinking, practical ability and innovative awareness, and provides a replicable practical path for the intelligent reform of basic engineering courses.",scopus,llm,0.790,unreviewed,,doi:10.1002/cae.70191
discarded,Research on a Multimodal Prediction Framework for Assessing Pre-class Learning Effectiveness and Dynamically Recommending Micro-lecture Resources in Flipped Classrooms,X. Gao,2026,Proceedings of 2025 4th International Conference on Artificial Intelligence and Education Icaie 2025,10.1145/3797552.3797782,https://www.scopus.com/inward/record.uri?partnerID=HzOxMe3b&scp=105038339052&origin=inward,adjacent-subtopic,"The rapid development of educational technology has transformed teaching methodologies, with the flipped classroom model emerging as a prominent approach to enhance student engagement and learning outcomes. However, predicting students' pre-class preparation effectiveness and recommending personalized learning resources remain critical challenges. This study addresses these issues by proposing a multimodal prediction framework that integrates video, behavioral, and textual data to predict pre-class learning effectiveness in flipped classrooms. The framework incorporates advanced techniques such as Graph Neural Networks (GNN) and Reinforcement Learning (RL) to provide dynamic, personalized micro-lecture recommendations. By improving the accuracy of learning predictions and resource recommendations, this research contributes to achieving the Sustainable Development Goals (SDGs), specifically Goal 4: Quality Education, by promoting more inclusive, effective, and personalized learning environments for students.",scopus,llm,0.960,unreviewed,,doi:10.1145/3797552.3797782
discarded,Research on the Teaching Reform of the Equipment Condition Monitoring and Fault Diagnosis Course,Y. Yang,2026,Proceedings of 2025 International Conference on Artificial Intelligence Virtual Reality and Interaction Design Aivrid 2025,10.1145/3777730.3777774,https://www.scopus.com/inward/record.uri?partnerID=HzOxMe3b&scp=105028767061&origin=inward,off-topic-false-hit,"This study proposes a research-oriented teaching reform framework in response to critical challenges in the Equipment Condition Monitoring and Fault Diagnosis course, including disconnection from engineering practice, excessively broad content coverage, students' weak foundational knowledge, and insufficient research-task-driven learning. With the development of intelligent electromechanical equipment, this course is crucial for cultivating fault diagnosis talents urgently needed by enterprises. However, the involvement of multidisciplinary knowledge leads to high teaching difficulty and low student learning enthusiasm. To address this contradiction, this study takes the integration of teaching and research as a breakthrough point: firstly, streamline the teaching content, focus on the core knowledge of rotating machinery fault diagnosis, and introduce the latest achievements of the teacher research team; Secondly, construct a student-centered classroom, strengthen proactive exploration and teamwork abilities through group research tasks, literature research, and final flipped classroom presentations; Finally, by deeply integrating engineering practice and removing redundant theories, typical cases (such as fan and compressor fault diagnosis) and project driven teaching are used to cultivate students' analytical abilities, and students are required to complete research reports and presentations. The reform aims to enable students to independently construct knowledge systems, enhance learning enthusiasm, engineering cognition, and innovation ability through project driven, research environment creation, and engineering ability training, and provide a scalable teaching path for mechanical related professional courses.",scopus,llm,0.960,unreviewed,,doi:10.1145/3777730.3777774
kept,Unfolding the Student Experience: Analysis of Flipped Classrooms Post-COVID-19,R. Moletsane,2026,Lecture Notes in Networks and Systems,10.1007/978-3-032-20612-1_43,https://www.scopus.com/inward/record.uri?partnerID=HzOxMe3b&scp=105047112955&origin=inward,qualifies-claim,,scopus,llm,0.580,unreviewed,,doi:10.1007/978-3-032-20612-1_43
discarded,"Reimagining Computer Science Education in Remote, Hybrid, and Flipped Classrooms for Future-Ready Learners",K.K. Gautam,2026,Pedagogical Innovations in Computer Science Education,10.4018/979-8-3373-6546-6.ch013,https://www.scopus.com/inward/record.uri?partnerID=HzOxMe3b&scp=105040277318&origin=inward,adjacent-subtopic,"Advances in Learning Technology are promoting education in Computer Science from models of education utilizing predominantly lectures as forms of education, to innovations in pedagogy and into emerging models of student centered pedagogies. Distance and hybrid education in knowledge delivery and the concepts of the flipped learning environment are changing the learning output in Computer Science, providing more flexible, accessible, and participatory models of education which are synchronous with the evolving demands of the society for skills formation. Challenges to the pedagogical basis, strengths, and weaknesses of these forms of education and how they cope with problem solving and interdisciplinary learning are discussed in the light of the canons of equitable access to education. It examines how distance delivery is increasing access to greater diversity of learner, how hybrid models can help provide a degree of collaborative learning while also affording flexibility, and how flipped learning can enhance levels of active learning and levels of cognitive comprehension.",scopus,llm,0.820,unreviewed,,doi:10.4018/979-8-3373-6546-6.ch013
discarded,The impact of flipped classrooms integrated with differentiated chatbots on programming learning,Y.C. Kuo,2026,Educational Technology Research and Development,10.1007/s11423-026-10669-0,https://www.scopus.com/inward/record.uri?partnerID=HzOxMe3b&scp=105044907669&origin=inward,adjacent-subtopic,"The complexity of programming instruction, coupled with individual differences in student ability, poses challenges to traditional lecture-based teaching. While the flipped classroom model enhances interaction, limited instructional resources often fail to address diverse, real-time learning needs. To address this gap, this study investigates the effectiveness of integrating ""differentiated chatbots"" into a flipped classroom and identifies their advantages over conventional QA chatbots. Participants were divided into experimental and control groups; the former utilized a differentiated chatbot framework based on cognitive apprenticeship (comprising Tutor-bot and Tutee-bot), while the latter used a standard QA chatbot. Unlike ChatGPT, the differentiated chatbot actively scaffolds students' thinking and elicits responses rather than passively providing answers. The results demonstrate that the experimental group significantly outperformed the control group in learning effectiveness, motivation, self-efficacy, and the perceived ""usefulness"" and ""necessity"" of programming (with no significant differences in confidence or liking). This study contributes to the field by empirically demonstrating that educational chatbots incorporating differentiated instruction and role-playing mechanisms can effectively overcome the constraints of large-class sizes and instructor availability. Furthermore, it provides a theoretically grounded and viable framework for personalized programming education.",scopus,llm,0.910,unreviewed,,doi:10.1007/s11423-026-10669-0
discarded,"World Congress in Computer Science, Computer Engineering, and Applied Computing, CSCE 2025",,2026,Communications in Computer and Information Science,,https://www.scopus.com/inward/record.uri?partnerID=HzOxMe3b&scp=105039902712&origin=inward,off-topic-false-hit,,scopus,llm,0.990,unreviewed,,hash:92354c40e2d53ded
discarded,From Frustration to Collaboration: Evaluating Pair Programming in Non-Technical Web Development Education,P. Sailer,2026,International Conference on Computer Supported Education Csedu Proceedings,10.5220/0014773700004021,https://www.scopus.com/inward/record.uri?partnerID=HzOxMe3b&scp=105045189401&origin=inward,adjacent-subtopic,": Students in non-technical degree programs often experience frustration and overload in technical courses such as web development due to heterogeneous prior knowledge. Teaching methods such as flipped classrooms and pair programming have been proposed to address these challenges. This study therefore investigates under what conditions pair programming can enhance motivation, learning experience, and perceived learning success for non-technical students. A human-centred pair programming setup was implemented in two classes. Data were collected through pre–post questionnaires with open-ended questions and analysed using the two-tailed Wilcoxon signed-rank test and qualitative content analysis. Results differed between cohorts. Class 1 showed positive shifts in authenticity and transfer, perceived learning, and overall satisfaction, supported by reports of strong engagement, peer exchange, and increased confidence. Class 2 showed mixed results, including declines in instructional clarity and satisfaction, with feedback indicating fatigue and a need for more structure during challenging phases. Overall, pair programming appears most effective when integrated into a structured flipped-classroom setting with sufficient scaffolding rather than used as a stand-alone intervention.",scopus,llm,0.940,unreviewed,,doi:10.5220/0014773700004021
discarded,Reflections on an ERP Curriculum: Insights from Three Enterprise Systems Courses,S. Hacks,2026,Ceur Workshop Proceedings,,https://www.scopus.com/inward/record.uri?partnerID=HzOxMe3b&scp=105042373525&origin=inward,off-topic-false-hit,,scopus,llm,0.820,unreviewed,,hash:e782e7a7aebb1012
discarded,The Australian Academic Experience: An International Student’s Autoethnography in Favour of the Flipped Classroom Approach,H. Nagaraj,2026,International Student Experiences in Australian Higher Education A Lifelong Lifewide Learning Ecology Approach,10.1108/978-1-83662-226-020261003,https://www.scopus.com/inward/record.uri?partnerID=HzOxMe3b&scp=105038530352&origin=inward,adjacent-subtopic,"Abstract Australia is a popular destination for Indian students seeking higher education. With its strong academic reputation and student-friendly immigration policies, Australia has maintained its position as one of the world’s top three education-exporting nations. In this autoethnographic chapter, the author aims to share the author’s personal experience studying in Australia, offering a brief comparative account of the author’s academic journey in India, the author’s home country, and Australia. The author advocates for the Australian education system, which prioritises student-centric learning through a flipped classroom approach where students are responsible for their learning. This approach encourages students to become active learners and fosters peer cohesion and camaraderie. The author also highlights external factors, such as the lack of a social support structure for international students, language barriers and challenges like racism, which inadvertently affect the educational experience. The chapter explores how developing human capital requires concurrent growth in one’s human and psychological capital to thrive with an international qualification. The author’s narrative examines a flipped classroom approach that builds on both human and psychological capital, providing insights for future students considering Australia as a study destination and for tertiary educators, student counsellors and policymakers to understand the lived experiences of international students better.",scopus,llm,0.910,unreviewed,,doi:10.1108/978-1-83662-226-020261003
