status,title,authors,year,venue,doi,url,tags,abstract,provider,decision_source,llm_confidence,llm_review_outcome,llm_change_direction,paper_id
discarded,A systematic review and meta-analysis of the evidence for mobile learning as developer of skills in a second language,J.R.S. Santaliestra,2024,Porta Linguarum,10.30827/portalin.viXI.30143,https://www.scopus.com/inward/record.uri?partnerID=HzOxMe3b&scp=85207853695&origin=inward,off-topic-false-hit,"En nuestra sociedad contemporánea y multicultural, la adquisición de un segundo idioma ya no es simplemente un medio práctico para el empleo, sino que ha evolucionado hacia una habilidad fundamental esencial para el desarrollo personal. Esta competencia lingüística es un activo dinámico que no solo desbloquea oportunidades profesionales, sino que también contribuye significativamente al crecimiento individual en general. Reconociendo las diferencias inherentes entre los estudiantes de idiomas, se han propuesto metodologías innovadoras como la gamificación y el aula invertida para diversificar los enfoques de enseñanza de idiomas. La integración de Tecnologías de la Información y Comunicación (TIC) en la educación lingüística, específicamente el aprendizaje móvil (m-learning), ha transformado el panorama de la adquisición de segundas lenguas. Aplicaciones como Duolingo y plataformas de Aprendizaje de Idiomas Asistido por Móvil (MALL). Esta investigación se propone evaluar la influencia del m-learning en la educación de segundas lenguas. A través de una revisión sistemática y metaanálisis de diferentes estudios, se revela un impacto positivo convincente del m-learning en la adquisición de segundas lenguas. A pesar del posible sesgo de publicación, los hallazgos destacan la eficacia del m-learning, especialmente en contextos de inglés prevalentes en países asiáticos. El estudio reconoce posibles inconvenientes y enfatiza la influencia generalizada del inglés como segunda lengua. Las limitaciones incluyen la naturaleza teórica del estudio y un posible sesgo de publicación.",scopus,llm,0.970,unreviewed,,doi:10.30827/portalin.vixi.30143
discarded,Meta analysis of the impact of the flipped classroom on secondary students' mathematics performance,A.M.A. Pogoy,2024,Transforming Education for Personalized Learning,10.4018/979-8-3693-0868-4.ch008,https://www.scopus.com/inward/record.uri?partnerID=HzOxMe3b&scp=85189764450&origin=inward,adjacent-subtopic,"This meta-analysis assesses the effect of flipped classroom on secondary students' mathematics performance. Seven scholarly electronic databases were used to identify the papers published in English language journals on flipped classroom in secondary students' mathematics performance through Google Scholar, Scopus, Proquest, PDF Drive, core.ac.uk, archive.org, elephind.com databases published in 2013 for 2021. With the use of inclusion and exclusion criteria, 15 published research articles were included in the meta-analysis using the preferred reporting items for systematic reviews and meta-analyses (PRISMA). A publication bias showed a positive result in students' mathematics performance. No published studies had shown negative results in secondary students' mathematics performance using flipped classroom as a strategy in teaching. Using larger scope of moderating variables with balanced statistical results in utilizing flipped classroom as a strategy in math instruction may provide more insights that are evidence-informed application and teaching practice.",scopus,llm,0.950,unreviewed,,doi:10.4018/979-8-3693-0868-4.ch008
discarded,Effects of six teaching strategies on medical students: protocol for a systematic review and network meta-analysis,S. Zhang,2024,BMJ Open,10.1136/bmjopen-2023-079716,https://www.scopus.com/inward/record.uri?partnerID=HzOxMe3b&scp=85184035428&origin=inward,adjacent-subtopic,"Introduction Mounting evidence has suggested that novel teaching strategies have a positive impact on the quality and efficiency of medical education. However, the comprehensive evidence about the superiority among various strategies is not clear. To address this issue, we aim to conduct a systematic review and network meta-analysis (NMA) to evaluate the effects of six main strategies on medical education, including case-based learning, problem-based learning, team-based learning, flipped classrooms, simulation-based education and bridge-in, objective, preassessment, participatory learning, postassessment and summary. Methods and analysis A systematic search will be conducted in PubMed, Embase, Web of Science and the Cochrane Library, covering studies published from database inception to November 2023. Randomised controlled trials which evaluated the different teaching methods and meet the eligibility criteria will be included. The effectiveness of medical students’ learning, which is evaluated by theoretical test score, experimental or practical test score, will be analysed as the primary outcomes. Besides, the secondary outcomes consist of learning satisfaction of students and formative evaluation score. The study selection and data extraction will be independently performed by two authors. The risk of bias in each study will be assessed using V.2 of the Cochrane risk-of-bias tool for randomised controlled trials. To compare the effects of six teaching strategies, pairwise meta-analysis and NMA will be performed using Rev Man, STATA and R software. Statistical analyses including homogeneity tests, sensitivity analysis, consistency tests, subgroup analysis, Egger’s test and publication bias will also be completed. Ethics and dissemination No formal research ethics approval is required because this study is a meta-analysis based on published studies. The results will be disseminated to a peer-reviewed journal for publication. Protocol registration number CRD42023456050.",scopus,llm,0.980,unreviewed,,doi:10.1136/bmjopen-2023-079716
discarded,The effects of gamified flipped classroom on student learning: evidence from a meta-analysis,Q. Yu,2024,Interactive Learning Environments,10.1080/10494820.2023.2209791,https://www.scopus.com/inward/record.uri?partnerID=HzOxMe3b&scp=85159074218&origin=inward,adjacent-subtopic,"ABSTRACT Gamified flipped classroom (GFC) is becoming more and more popular. Is it more effective than traditional flipped learning? This meta-analysis explores the effects of GFC on students’ learning based on 17 high-quality experimental articles. The results suggest that GFC has an upper-medium positive effect on students’ learning (SMD = 0.769, p < 0.000), indicating that GFC is more effective than the flipped classroom. Furthermore, moderator analyses find that GFC is more effective (1) on academic achievement, motivation, engagement, and satisfaction; (2) among secondary and university students; (3) for 51–100 students; (4) for interventions between 1 and 3 months; (5) on No-STEM subjects, smaller on STEM subjects; (6) with storytelling, points, badges, leaderboards, levels, and timed tasks; (7) with less number of gamified elements; (8) when using experimental design; (9) on Asian and African students; (10) in journal articles and dissertations; (11) in former publication year.",scopus,llm,0.960,unreviewed,,doi:10.1080/10494820.2023.2209791
kept,Is the flipped classroom more effective than the traditional classroom in clinical medical education: a systematic review and meta-analysis,X.Y. Shi,2024,Frontiers in Education,10.3389/feduc.2024.1485540,https://www.scopus.com/inward/record.uri?partnerID=HzOxMe3b&scp=85215575809&origin=inward,supports-claim,"The flipped classroom teaching method has been increasingly adopted in recent years for teaching clinical medical specialties in medical schools around the world. However, the outcomes of this approach have not been systematically and quantitatively assessed. This meta-analysis aims to rigorously compare the effects of flipped classroom (FC) and traditional classroom (TC) teaching models on students’ learning in clinical medicine.We conducted a systematic search for all randomized and quasi-randomized controlled trials (RCTs/Q-RCTs) comparing traditional classrooms and flipped classrooms in the context of clinical medical education. The literature search included the Cochrane Library, PubMed, Embase, and Web of Science, with the final retrieval conducted on October 26, 2024. We screened the literature based on predefined inclusion and exclusion criteria. The quality of each study was assessed using RevMan (Version 5.4). The outcome indicators included theoretical scores, composite scores, skills scores, and student satisfaction. Data extraction and subsequent meta-analysis were performed using Stata 17.0 software.A total of 12 studies were included in the analysis. The meta-analysis revealed that the flipped classroom (FC) group exhibited significantly higher theoretical scores (SMD = 0.481, 95% CI: 0.214 to 0.748, p = 0.000), composite scores (SMD = 0.642, 95% CI: 0.273 to 1.011, p = 0.001), and skills scores (SMD = 0.660, 95% CI: 0.312 to 1.008, p = 0.000) compared to the traditional classroom (TC) group. However, no statistically significant difference was observed in student satisfaction (SMD = −0.195, 95% CI: −1.081 to 0.691, p = 0.667).The flipped classroom teaching method is more effective in enhancing the theoretical scores, composite scores, and skill scores of clinical medicine students compared to the traditional classroom teaching method. However, there was no statistically significant difference in student satisfaction between the two teaching approaches. Due to the limitations of the included studies, further robust randomized controlled trials (RCTs) across diverse educational contexts are necessary to validate these findings.",scopus,llm,0.930,unreviewed,,doi:10.3389/feduc.2024.1485540
kept,Investigating the impact of the flipped classroom model on higher order thinking skills: A metaanalysis study,Harun,2024,Multidisciplinary Science Journal,10.31893/multiscience.2024269,https://www.scopus.com/inward/record.uri?partnerID=HzOxMe3b&scp=85204364814&origin=inward,qualifies-claim,,scopus,llm,0.680,unreviewed,,doi:10.31893/multiscience.2024269
kept,The flipped classroom in second language learning: A meta-analysis,J.P. Vitta,2023,Language Teaching Research,10.1177/1362168820981403,https://www.scopus.com/inward/record.uri?partnerID=HzOxMe3b&scp=85097991807&origin=inward,supports-claim; qualifies-claim,"Flipped learning has become a popular approach in various educational fields, including second language teaching. In this approach, the conventional educational process is reversed so that learners do their homework and prepare the material before going to class. Class time is then devoted to practice, discussion, and higher-order thinking tasks in order to consolidate learning. In this article, we meta-analysed 56 language learning reports involving 61 unique samples and 4,220 participants. Our results showed that flipped classrooms outperformed traditional classrooms, g = 0.99, 95% CI (0.81, 1.17), z = 10.90, p < .001. However, this effect had high heterogeneity (about 86%), while applying the Trim and Fill method for publication bias made it shrink to g = 0.58, 95% CI (0.37, 0.78). Moderator analysis also showed that reports published in non-SSCI-indexed journals tended to find larger effects compared to indexed ones, conference proceedings, and university theses. The effect of flipped learning did not seem to vary by age, but it did vary by proficiency level in that the higher proficiency the higher the effects. Flipped learning also had a clear and substantial effect on most language outcomes. In contrast, whether the intervention used videos and whether the platform was interactive did not turn out to be significant moderators. Meta-regression showed that longer interventions resulted in only a slight reduction in the effectiveness of this approach. We discuss the implications of these findings and recommend that future research moves beyond asking whether flipped learning is effective to when and how its effectiveness is maximized.",scopus,llm,0.990,unreviewed,,doi:10.1177/1362168820981403
discarded,Effectiveness of Flipped Classroom on Students' Learning Outcome in Vocational High School: A Meta-Analysis,C. Ismaniati,2023,International Journal of Instruction,10.29333/iji.2023.16133a,https://www.scopus.com/inward/record.uri?partnerID=HzOxMe3b&scp=85145460499&origin=inward,adjacent-subtopic,"outcomes. This study aimed to summarize the overall effects of Flipped Classroom model at VHS in various majors with a meta-analysis approach. Nineteen studies from seventeen articles were selected based on established criteria. The results show that Flipped Classroom had a significant effect with ES = 1.678 and SE = 0.282. In addition, this study proved to be varied by using heterogeneity test (Q = 289.669, df = 18, p < .001) and free from publication bias by using fail-safe N approaches (fail-safe N value= 2476, p < 0.001).",scopus,llm,0.960,unreviewed,,doi:10.29333/iji.2023.16133a
kept,Does a flipped classroom model work in mathematics education? A meta-analysis,M. Güler,2023,Education and Information Technologies,10.1007/s10639-022-11143-z,https://www.scopus.com/inward/record.uri?partnerID=HzOxMe3b&scp=85131932876&origin=inward,supports-claim; qualifies-claim,"The design of the flipped classroom (FC) as a pedagogical approach is becoming increasingly prevalent in mathematics education. However, although many studies have been conducted on whether FCs are more effective in improving mathematics achievement compared to traditional lectures, the results are not consistent. To address this issue, this meta-analysis examined the overall effect of flipped mathematics classrooms on student achievement, in addition to a set of moderating variables. Our analysis included thirty-seven experimental studies with forty effect sizes, comparing flipped and traditional classrooms in K-12 and tertiary mathematics education. The meta-analysis revealed an overall statistically significant FC effect of g = 0.402, indicating a marginally moderate effect size. The effect sizes were also significantly moderated by education level and mathematics content area. No evidence of publication bias was found in the data set. We concluded by discussing employment of the FC model in the contexts of mathematics education and offering suggestions for future research.",scopus,llm,0.980,unreviewed,,doi:10.1007/s10639-022-11143-z
discarded,Effectiveness of the flipped classroom on self-efficacy among students: A meta-analysis,Y.L. Sun,2023,Cogent Education,10.1080/2331186X.2023.2287886,https://www.scopus.com/inward/record.uri?partnerID=HzOxMe3b&scp=85178449283&origin=inward,adjacent-subtopic,"Abstract Increasing attention has recently been paid to the flipped classroom (FC) due to advancements in information technology. Self-efficacy plays a crucial role in the learning effect of students. However, the impact of flipped classrooms on students’ self-efficacy remains uncertain. In this study, we have developed a theoretical framework focusing on self-efficacy to understand its relationship with the flipped classroom better. This meta-analysis investigates the influence of the FC approach on self-efficacy across various educational settings. A total of 22 articles were selected in the meta-analysis, revealing that the FC approach can enhance self-efficacy, thereby potentially increasing student engagement in learning. Subgroup analyses revealed that technicality subjects and the short duration of the intervention fit the FC more. These results emphasize the significance of considering self-efficacy in the context of flipped classrooms and highlight the approach’s benefits. Furthermore, careful course design is essential to optimize the effectiveness of flipped classrooms. However, due to the heterogeneity and limitations of the included studies, the results should be interpreted with caution. Future research is recommended to explore further the effectiveness of the FC approach on self-efficacy in various educational settings.",scopus,llm,0.910,unreviewed,,doi:10.1080/2331186x.2023.2287886
kept,Effectiveness of flipped classroom practices in teaching of science: a mixed research synthesis,Y. Doğan,2023,Research in Science and Technological Education,10.1080/02635143.2021.1909553,https://www.scopus.com/inward/record.uri?partnerID=HzOxMe3b&scp=85104450075&origin=inward,supports-claim; qualifies-claim,"ABSTRACT Background: Flipped classroom, which is inversion of conventional classroom procedures in simple terms, currently stands out as a popular teaching strategy for many Science courses. Purpose: In this article, we tried to make a reinterpretation of the findings of recent empirical studies conducted on the effectiveness of the flipped classroom approach in science education. Design and Methods: To determine the overall effect size of the flipped classroom implementations in Science courses, a meta-analysis of 30 studies with such moderator variables as education levels, durations of implementations, various subjects areas of science and class sizes was carried out. To consolidate the academic achievement theme dwelled on in the meta-analysis part, a meta-thematic analysis based on document analysis of qualitative studies was conducted to expound in detail general characteristics of the approach, its effect on academic dimension, its contribution to the affective domain and classroom environment. Results: The findings reveal that the flipped classroom implementations have a positive medium effect (g = 0.727) on academic achievement in Science classes. Physics and Chemistry classes have the highest effect size values while Biology has the lowest effect size; the flipped classroom practices proved best in small size classes and at Primary School level with the highest effect sizes. Conclusions: The findings of both analyses provide insights into applicability of the approach in teaching of Science and its sub-branches. The drawbacks of the approach are also discussed with some suggestions for implication.",scopus,llm,0.940,unreviewed,,doi:10.1080/02635143.2021.1909553
