status,title,authors,year,venue,doi,url,tags,abstract,provider,decision_source,llm_confidence,llm_review_outcome,llm_change_direction,paper_id
discarded,Exploring the pedagogical dimension for English-taught courses in European higher education: a scoping review,"Pavon Vazquez, Victor; Avila Lopez, Javier; Pimentel Velazquez, Cynthia",2026,LANGUAGE TEACHING RESEARCH,10.1177/13621688251410358,https://www.webofscience.com/wos/woscc/full-record/WOS:001672340000001,adjacent-subtopic,"This scoping review investigates the multifaceted aspects of university English-taught programs (understood as programs taught in English, not English language programs) that falls under the umbrella of what it is commonly referred to as English-medium instruction (EMI) and integration of content and language in higher education (ICLHE) with a specific focus on the educational practices that support them. Central to the analysis is an examination of the pedagogical models and strategies to effectively teach in English-medium environments. We used eight scholarly databases to identify 775 papers describing the implementation of EMI courses in the European context. These were later analyzed to find key pedagogical practices and program characteristics, resulting in a final sample of 146 studies. The investigation revealed a frequent emphasis on correctly identifying the integral role of language specialists in coordinating cross-disciplinary teaching efforts, as well as different strategies to facilitate dialogue among teaching staff and to support the integration of language learning with content instruction. In addition, the analysis highlighted university educators' growing interest in the role of language, particularly disciplinary literacies, in addressing the diverse needs of international and English as an additional language (EAL) students. This research also identified references to various active methodologies employed in the classroom, including gamification, flipped learning, project work, and the adaptation of teaching materials. Notably, experts and academics have devoted considerable attention to the importance of ICT supported learning in enhancing the effectiveness of English-taught programs, emphasizing both the challenges and opportunities presented by digital and online learning in these bilingual academic environments. Ultimately, we hope that this study provides a comprehensive overview of the pedagogical and technological frameworks that shape the success of these programs.",wos,llm,0.940,unreviewed,,doi:10.1177/13621688251410358
discarded,Gamified Flipped Classroom for Teaching EFL Productive Skills: Exploring Teachers' Practices and Challenges in an Islamic University,"Wardani, Niasisca Agustia; Saefurrohman; Balinas, Elvira S.",2025,REGISTER JOURNAL,10.18326/register.v18i2.286-318,https://www.webofscience.com/wos/woscc/full-record/WOS:001664640600004,adjacent-subtopic,"This study explores the implementation of a gamified flipped classroom model by English as a Foreign Language (EFL) teachers at an Islamic university to teach productive skills, specifically speaking and writing. The research aimed to explore the practical application of this model as well as the challenges and opportunities encountered by teachers and students. A qualitative case study design was employed, focusing on a university language enrichment program. Data collection involved preliminary and semi-structured interviews with two EFL teachers and four undergraduate students, in addition to non-participant classroom observations. Thematic analysis, guided by Braun and Clarke's six-phase framework, was used to analyze the data. The findings indicate that teachers utilized familiar digital platforms, such as WhatsApp and a Learning Management System (LMS), to deliver pre-class flipped content, allowing classroom time to be dedicated to collaborative, gamified activities. This approach fostered student engagement, motivation, and confidence, particularly in group tasks. Despite the presence of challenges such as technological limitations and varied learner readiness, the model effectively transformed teachers into facilitators and created a student-centered environment that supports productive language development. The study concludes that the success of a gamified flipped classroom is dependent on thoughtful planning, accessibility to digital resources, and differentiated instruction. Furthermore, it contributes to the understanding of blended pedagogical models in higher education EFL settings.",wos,llm,0.980,unreviewed,,doi:10.18326/register.v18i2.286-318
discarded,Exploring neurology resident experiences with a no-prep journal club to learn research study design and critical appraisal,"Fu, Katherine A.; Elting, Sally; Chan, Joy M.; Strowd, Roy E.",2025,BMC MEDICAL EDUCATION,10.1186/s12909-025-08275-4,https://www.webofscience.com/wos/woscc/full-record/WOS:001651129200021,adjacent-subtopic,"BackgroundCritical appraisal of research is an important skill in practicing evidence-based medicine. Traditional journal clubs often involve pre-session preparation, which can be challenging for resident physicians with competing professional commitments. To address these challenges, the UCLA neurology residency program implemented a ""no-prep"" journal club format, eliminating prerequisite preparation and emphasizing active, collaborative learning. This study uses a qualitative approach within a constructivist paradigm to explore neurology residents' experiences and the influence of this format on learning critical appraisal.MethodsWe conducted four monthly no-prep journal clubs during the 2023-2024 academic year. A qualitative study design was used, and data were collected via one-on-one semi-structured interviews with neurology residents. Interview transcripts were descriptively coded, categorized, and analyzed to identify themes using inductive thematic analysis.ResultsNine neurology residents were interviewed, and five themes were identified. Participants felt that the no-prep journal club format established a psychologically safe learning environment, as it removed participation hesitancy due to inadequate preparation. This format helped learners identify their knowledge gaps, situating them in their zones of proximal development. The presence of the resident and faculty facilitators offered scaffolding for residents to navigate beyond this zone toward independent study design. Regarding behavior change, residents mentioned the format promoted active critique when reading research and the application of this information to patient care. Bookending the session with a clinical case promoted engagement by grounding the format in clinical relevance.ConclusionsThis no-prep journal club format reflected core elements of constructivist theory. Residents' prompt identification of knowledge gaps illustrated Vygotsky's zone of proximal development, while facilitator support provided the scaffolding necessary to advance their learning. Traditional and flipped classroom style journal club formats are challenged by the necessary prerequisite preparation. In contrast, the no-prep journal club illustrates how learning efficiency in critical appraisal can be improved even in the absence of preparatory work.",wos,llm,0.970,unreviewed,,doi:10.1186/s12909-025-08275-4
discarded,IMPLEMENTATION OFACTIVE METHODOLOGIES IN HIGHER EDUCATION: EXPERIENCE WITH INCLUSIVE EDUCATION ASSISTANCE STUDENTS,"Urdanivia, Yideira Dominguez; Valladares, Adalia Lisett Rojas; Vera, Elizabeth Diaz",2025,REVISTA CONRADO,,https://www.webofscience.com/wos/woscc/full-record/WOS:001650650300027,adjacent-subtopic,"This article analyzes the application of active teaching and learning methodologies in the context of Higher Education, specifically in the Inclusive Education Assistance program at the Metropolitan University. In a constantly changing educational landscape, these methodologies emerge as key tools for promoting student participation, critical thinking, and autonomy. Strategies such as Problem-Based Learning, Project-Based Learning, the Flipped Classroom, Collaborative Learning, Service Learning, and Gamification were addressed. The research was conducted using a descriptive qualitative approach, with the participation of 23 second-semester students. Semi-structured interviews, reflective journals, and diagnostic questionnaires were used. The data were analyzed through thematic coding. The results show a significant increase in student motivation, knowledge appropriation, and active participation. Likewise, challenges related to initial resistance to methodological change and the need for teacher training in active strategies were identified. It is concluded that the integration of these methodologies promotes inclusion, strengthens professional competencies, and generates more equitable learning environments. This experience highlights the importance of innovating pedagogical practices in university contexts geared toward social and educational inclusion. This study seeks to contribute to the academic debate on the transformation of higher education by proposing a replicable model for other programs with an inclusive approach.",wos,llm,0.930,unreviewed,,hash:255007b5e75582f5
discarded,Enhancing Anaesthesia Crisis Resource Management through Simulation: A Narrative Review on Current Evidence and Future Directions,"Taksande, Karuna",2026,JOURNAL OF CLINICAL AND DIAGNOSTIC RESEARCH,10.7860/JCDR/2026/82811.22348,https://www.webofscience.com/wos/woscc/full-record/WOS:001638208500008,off-topic-false-hit,"Crisis Resource Management (CRM) is a structured approach designed in maximising teamwork, communication, leadership, and situational awareness under high-risk perioperative conditions. Adapted from aviation, CRM principles have been implemented in anaesthesia to ensure non technical skills can influence patient outcomes to the same extent as technical expertise. High-Fidelity Simulation (HFS) is a core facilitator of Anaesthesia Crisis Resource Management (ACRM), allowing clinicians to practice rare but potentially fatal events-such as malignant hyperthermia, perioperative cardiac arrest, and airway disasters in safe, controlled conditions. Simulation-based training enhances crisis preparedness, improves interprofessional communication, and develops team performance, with structured debriefing reinforcing learning and promoting effective behavioural responses. Skill acquisition, retention, and clinical performance can be objectively evaluated using behavioural rating scales, global evaluation forms, and digital analysis. Innovative educational approaches-including mental rehearsal, flipped classroom, video-assisted debriefing, telesimulation, Virtual Reality (VR), and Artificial Intelligence (AI)-are expand access, realism, and overall effectiveness of ACRM programs. Simulation-based CRM education provides a scalable model for enhancing patient safety in anaesthesia by addressing challenges related to standardisation, cost, and scalability. This review examines the clinical application and future directions of ACRM, emphasising technological advancements, current research, and strategies to translate non technical skills into safer perioperative practice. The novelty of this review lies in its comprehensive integration of emerging technologies such as VR, AI, and telesimulation with traditional ACRM methods, offering fresh perspectives on enhancing accessibility, realism, and scalability in anaesthesia crisis management training.",wos,llm,0.990,unreviewed,,doi:10.7860/jcdr/2026/82811.22348
kept,Flipped-classroom Based Teaching Method for Data Structures and Algorithms,"Saay, Salim; Margaria, Tiziana",2025,"2025 IEEE 49TH ANNUAL COMPUTERS, SOFTWARE, AND APPLICATIONS CONFERENCE, COMPSAC",10.1109/COMPSAC65507.2025.00026,https://www.webofscience.com/wos/woscc/full-record/WOS:001575960000018,supports-claim,"Critical skills, such as teamwork, project collaboration, and concept presentation, remain underdeveloped without structured university learning environments. These skills are essential for success in real-world projects and require a dedicated academic focus. The flipped classroom teaching method offers a solution by presenting students with specific challenges and asking them to solve the problem. We implemented a customized flipped teaching method to teach data structures and algorithms in the Immersive Software Engineering program at the University of Limerick, fostering active learning and practical application of concepts. The results show that students can learn more effectively and in a shorter time compared to traditional methods.",wos,llm,0.960,unreviewed,,doi:10.1109/compsac65507.2025.00026
discarded,IMPROVING MOTIVATION IN FUTURE TEACHERS: FLIPPED CLASSROOM AND GAMIFICATION USING DIGITAL BADGES,"Borras-Gene, Oriol; Diez, Raquel Montes",2025,JOURNAL OF INFORMATION TECHNOLOGY EDUCATION-INNOVATIONS IN PRACTICE,10.28945/5634,https://www.webofscience.com/wos/woscc/full-record/WOS:001603876000002,adjacent-subtopic,"Aim/Purpose This paper addresses the problem of low student engagement, motivation, and deep learning in traditional university teaching methods. It explores how integrating flipped classroom strategies and gamification through digital badges can effectively overcome some of these limitations. Background With the consolidation of active methodologies in higher education, supported by blended learning environments and innovative tools, the flipped classroom and gamification have gained prominence as strategies to enhance participation and self-regulated learning. Yet, their joint application in teacher training programs remains underexplored, particularly regarding their impact on digital competence development. Methodology The study employed a quantitative research approach, analyzing student performance data (grades, tasks completed, video viewing) and survey responses on perceptions of the teaching methods used. The research sample consisted of 63 first-year university students enrolled in an Early Childhood Education bachelor's degree at Universidad Rey Juan Carlos. Contribution This paper contributes to the literature by providing empirical evidence on the effectiveness of combining flipped classroom methodologies with gamification elements, specifically digital badges, in enhancing student motivation, engagement, and academic performance. It highlights how structured integration of technology-supported active learning strategies can successfully address challenges commonly associated with traditional educational methods. Findings Students who participated in the flipped classroom model and earned digital badges demonstrated significantly higher academic performance compared to those who did not complete the full intervention. The flipped classroom methodology was highly accepted by students, who per-ceived pre-class video viewing as more effective than traditional lectures. Digital badges effectively increased student motivation and provided a clear vis-ualization of their learning progress, encouraging higher engagement and course completion rates. Recommendations for Practitioners Recommendations for Researchers Practitioners should integrate flipped classroom approaches with gamification techniques, such as digital badges, to boost student engagement, motivation, and academic performance. Additionally, they are encouraged to develop inter-active multimedia content that clearly communicates learning progress and out-comes, thereby enhancing students' active participation. Researchers are encouraged to investigate further the integration of gamification strategies, such as digital badges, within flipped classroom models to enhance student engagement and learning outcomes. Impact on Society The wider implications are that adopting active, technology-supported method-ologies, such as flipped classrooms and gamification, in higher education can significantly improve student engagement, motivation, and learning outcomes, ultimately fostering essential digital skills among future educators and positively influencing teaching practices in broader educational contexts. Future Research The future goal is to develop a more comprehensive badge system designed to engage students from the outset, particularly targeting those at risk of dropping out, by assigning badges to incremental achievements, such as completing indi-vidual lessons.",wos,llm,0.780,unreviewed,,doi:10.28945/5634
discarded,Student perceptions of asynchronous learning in college language classes: Results of a university-wide transformation of instructional practices,"Schenker, Theresa; Mendez-Seijas, Jorge; Silvestri, Julia",2025,FOREIGN LANGUAGE ANNALS,10.1111/flan.70031,https://www.webofscience.com/wos/woscc/full-record/WOS:001577893500001,adjacent-subtopic,"This study explores student perceptions of asynchronous language learning in the context of a private college's shift from exclusively face-to-face (F2F) instruction to blended learning. The new model, internally known as ""4 + 1,"" combines four F2F sessions with one asynchronous session per week. The data analyzed herein were gathered through an anonymous survey completed by 767 students enrolled in at least one of 12 language programs: Arabic, American Sign Language, German, Hebrew, Italian, Chinese, Modern Greek, Portuguese, Spanish, Swahili, Vietnamese, and Yoruba. The findings reveal that most students enthusiastically favor incorporating asynchronous components in their F2F classes, citing benefits such as increased flexibility, autonomy, reduced stress, and enhanced opportunities for deeper content learning. Despite these strengths, some challenges were identified as well, including inconsistent workloads and coordination difficulties during group projects. Participants' overall positive assessment of the new model underscores its potential to improve learners' language abilities, motivation, and engagement. As educational institutions continue to explore blended environments, this study provides valuable insights into best practices for fostering flexible and effective language instruction.",wos,llm,0.920,unreviewed,,doi:10.1111/flan.70031
discarded,Technology Courses for Non-STEM Degrees: A Project-Based Learning Case Study,"Chidean, Mihaela I.; Arboleya, Ana; Cerezo-Magana, Maria; Caamano, Antonio J.; del Arco, Eduardo; Cortes-Polo, David",2025,IEEE REVISTA IBEROAMERICANA DE TECNOLOGIAS DEL APRENDIZAJE-IEEE RITA,10.1109/RITA.2025.3607479,https://www.webofscience.com/wos/woscc/full-record/WOS:001574169300002,adjacent-subtopic,"Actual and future society requires more and more technology-related knowledge. One of the goals of the educational system is to prepare current students and future workers for the different challenges and jobs that they might encounter, even if most future jobs are largely unknown. Although administrations gradually modify education policies that will affect future generations, nowadays, there are students enrolled in non-STEM degrees who require the same opportunities. There are multiple approaches to this issue, such as double major art-engineering degrees or specific technological courses offered for students enrolled in non-STEM degrees. In this work, we present a case study conducted in a mandatory course for an undergraduate design degree in the art and humanities field. The course objective is to teach students basic electronic design and programming with the Arduino platform. To evaluate the previous knowledge and attitude of the students with regard to technology, initial tests were conducted. To evaluate their acquired knowledge, the students' final projects developed during the course were assessed. The present study analyzes the benefits for this student profile, showing that besides acquiring new expertise they have also broadened their options and opportunities in the labour market.",wos,llm,0.950,unreviewed,,doi:10.1109/rita.2025.3607479
discarded,FLIPPED CLASSROOM IN TRAINING FOR NEW TEACHER OF THE ELEMENTARY SCHOOL,"Esteves, Wilca Rodrigues; Quadros, Silvia Cristina de Oliveira",2025,NUANCES-ESTUDOS SOBRE EDUCACAO,10.32930/nuances.v36i00.11168,https://www.webofscience.com/wos/woscc/full-record/WOS:001556561700001,adjacent-subtopic,"This research is based on the premise that teaching is a challenge for graduates of different undergraduate courses. In this context, the main objective of this study was to analyze the results of continuing education using the active methodology-the flipped classroom for new teachers in the final years of elementary school. The qualitative approach and action research methodology were chosen. The study was conducted in a private education network located in Brasilia (DF), with six new teachers in three schools. The following instruments were used for data collection: interviews, questionnaires, workshops, and focus groups. The results indicated that the continuing education program offers important pedagogical support for enriching classes. The conclusion of this study highlights how the program contributed to the performance of the teachers who participated in this research, indicating a change in perspective in the use and application of active methodology.",wos,llm,0.970,unreviewed,,doi:10.32930/nuances.v36i00.11168
