status,title,authors,year,venue,doi,url,tags,abstract,provider,decision_source,llm_confidence,llm_review_outcome,llm_change_direction,paper_id
kept,Efficacy of replacing the lecture with a SKILL in engineering science courses,L. Osgood,2015,ASEE Annual Conference and Exposition Conference Proceedings,,https://www.scopus.com/inward/record.uri?partnerID=HzOxMe3b&scp=84941997396&origin=inward,qualifies-claim,,scopus,llm,0.680,unreviewed,,hash:d07c0e7b65819a35
discarded,Pain index survey for flipped classroom in design education,A. Liu,2014,Proceedings of the ASME Design Engineering Technical Conference,10.1115/DETC2014-35112,https://www.scopus.com/inward/record.uri?partnerID=HzOxMe3b&scp=84926039706&origin=inward,adjacent-subtopic,"The purpose of the flipped classroom approach is to enhance the effectiveness of interactions in class. Nevertheless, in practice, simply asking students to watch lecture recordings at home will not automatically lead to more structured interactions in class. To address this challenge, this paper introduces a new method called the pain index survey, which functions to collect, aggregate, and analyze student’s early feedback in terms of how painful they feel over each content slide during their before-class learning. The accumulated pain index survey result can facilitate the teaching/learning of design in two ways. First, different students’ common feedbacks will enable the instructor to identify those universally perceived learning difficulties and to address them accordingly via guided instructor-student interactions in class. Second, different students’ complementary feedbacks will facilitate the instructor to form study groups respectively to promote the peer-to-peer interactions after class. Two case studies are presented to share some of our preliminary lessons and observations.",scopus,llm,0.950,unreviewed,,doi:10.1115/detc2014-35112
discarded,Just-in-time teaching exercises to engage students in an introductory-level dinosaur course,L.A. Guertin,2007,Journal of Science Education and Technology,10.1007/s10956-007-9071-5,https://www.scopus.com/inward/record.uri?partnerID=HzOxMe3b&scp=35948949129&origin=inward,adjacent-subtopic,,scopus,llm,0.820,unreviewed,,doi:10.1007/s10956-007-9071-5
discarded,Integrating Peer Teaching in a Modeling and Simulation Course,Wenbing Zhao; Xiongyi Liu,2025,2025 IEEE Smart World Congress (SWC),10.1109/SWC65939.2025.00039,https://ieeexplore.ieee.org/document/11395010/,adjacent-subtopic,"In this paper, we present our experience in integrating peer teaching into a modeling and simulation engineering course. We also report student perception as a student teacher and separately as a student learner as well as the lessons learned. Unlike common practices of peer teaching, which usually focuses on tutoring, mentoring, and problem solving, students in our class were required to form teams and each team was required to give a mini-lecture on a pre-approved topic within the scope of the course. This design of peer teaching has two purposes. First, from the students’ perspective, they get to experience what it takes to prepare and teach a mini-lecture on a topic that is relevant to modeling and simulation. Second, from the instructor’s perspective, the mini-lectures given by student teams could complement the lectures prepared and given by the instructor. Student perception both as a student teacher and as a student learner was collected via a questionnaire with 16 questions (8 for perception as a student teacher and 8 for perception as a student learner) and two open-ended questions. Students were overwhelmingly positive about the peer teaching experience. The findings of our study are consistent with those of previous studies on peer teaching. Furthermore, a few areas of improvements were also identified to help enhance future active learning pedagogy design.",ieee,llm,0.980,unreviewed,,doi:10.1109/swc65939.2025.00039
kept,Enhancing flipped classroom model implementation,Marika Apostolova Trpkovska; Lejla Abazi Bexheti; Betim Cico,2017,2017 6th Mediterranean Conference on Embedded Computing (MECO),10.1109/MECO.2017.7977138,https://ieeexplore.ieee.org/document/7977138/,supports-claim,"South East European University (SEEU) is moving towards the use of Information, Communication and Technology (ICT) to meet the needs of the studies that has been implemented since its foundation. However, the resources and lecturer skills in developing their classroom instruction has caused the learning culture to remain unchanged, especially in master courses. The purpose of this study is to understand the lecturer and students' perception and their achievement between two learning cultures, the traditional classroom and flipped classroom. As a relatively new model of instruction, lecturers need evidence that the Flipped Learning model has an encouraging impact on important student outcomes, including achievement and engagement. To meet this need, the Flipped Learning model (FLM) was applied in the master course Information Technology Project Management (ITPM) offered in the second semester in the master program Business Informatics, under Contemporary Sciences and Technologies Faculty at SEEU in Macedonia. In this study is presented the impact of the flipped classroom model on students' course achievements, the initial experience form flipping the classroom as well as the additional evaluation techniques applied in order to enrich the assessment elements of the student performance.",ieee,llm,0.830,unreviewed,,doi:10.1109/meco.2017.7977138
kept,The flipped classroom in engineering education: A survey of the research,Barbara Kerr,2015,2015 International Conference on Interactive Collaborative Learning (ICL),10.1109/ICL.2015.7318133,https://ieeexplore.ieee.org/document/7318133/,supports-claim,"The flipped, or inverted, classroom model is increasingly being utilized in higher education. However, the use of the flipped classroom has received less attention in engineering subjects and currently only limited research exists. The purpose of this study is to identify empirical studies that have investigated the impact of using a flipped classroom model in undergraduate engineering education. The search for empirical articles included electronic databases for engineering education such as IEEExplore, Inspec and ERIC. The following keywords were used during this search: flipped classroom, engineering education. A total of 24 studies were included in the review. Most studies reported high student satisfaction and increased performance in a flipped classroom environment.",ieee,llm,0.980,unreviewed,,doi:10.1109/icl.2015.7318133
discarded,Exploring the Differences in Student Perceptions and Student Performances Using Microlearning Instruction and Video Lectures: A Comparison Study,Rajagopal Sankaranarayanan; Shamima Mithun,2023,2023 IEEE Frontiers in Education Conference (FIE),10.1109/FIE58773.2023.10343237,https://ieeexplore.ieee.org/document/10343237/,adjacent-subtopic,"In this research-to-practice full paper, we explored the influence of microlearning as an instructional approach based on instructional modes and instructional settings on a second-year introduction to database design and programming course CIT 21400 (Intro. to Data Management) for new technology major students at an urban Midwestern university (IUPUI). This study was built upon our prior work where we identified the microlearning instructional design practices to maximize student learning outcomes [1]. Our analysis was based on students' perceptions, weekly reflection prompt responses, and student course performance data. The following research questions were used to guide this inquiry: 1)What is the difference in student performances while learning through microlearning instruction and recorded lectures in online and flipped classroom settings? 2)How do students perceive microlearning as an instructional approach in online and flipped classroom settings? Our analysis indicated that novice data science students preferred microlearning as an instructional approach compared to recorded lectures in both online and flipped classroom settings. Specifically, students perceived microlearning to be an effective online instructional strategy and it helped them to be productive. The learners also stated that they were more motivated, experienced less cognitive load and are better engaged with learning content through a microlearning approach compared to recorded lectures in both online and flipped class settings. The quantitative analysis indicated that the students quiz performance and exam performance was better, though not statistically significant in online classroom compared to flipped classroom setting. The course instructor's presence in flipped classroom settings could be attributed as a confounding factor, nevertheless the study findings suggest that microlearning approach is better suited for online students compared to other modes of instruction. Overall, this inquiry suggests the potential of microlearning as an instructional approach for teaching and learning introductory programming concepts. Some key implications of the findings are also addressed.",ieee,llm,0.860,unreviewed,,doi:10.1109/fie58773.2023.10343237
kept,Merging Studio-Based Learning With Flipped Classroom Techniques: Ensuring Support and Focus in Engineering Education,Nathalie Al Kakoun; Fatima El Ali; Mohammad Harb,2025,2025 IEEE Global Engineering Education Conference (EDUCON),10.1109/EDUCON62633.2025.11016597,https://ieeexplore.ieee.org/document/11016597/,qualifies-claim,"Numerous educators have emphasised the wideranging benefits of studio-based learning (SBL) within the context of engineering education, while others have praised the positive aspects of digitally enhanced, flipped learning methodologies. In this research, we investigate an innovative approach to teaching a technical engineering materials course that effectively combines these two pedagogical strategies. By incorporating both a flipped classroom model and a studiobased learning environment, our objective was to cultivate a more engaging, interactive, and effective educational experience for students. To assess the impact and overall effectiveness of this learning format, we meticulously analysed students' survey responses, academic engagement, and their perceptions regarding the newly structured course. Our findings revealed a pronounced preference among students for this new format in comparison to the traditional lecture-based approach. This strong preference was clearly indicated in their survey responses and was also evident in their high levels of engagement. The newly established learning environment fostered a significantly stronger sense of community and collaboration among the students. Participants reported feeling more connected to and supported by their peers, and contributed to creating a more productive, less distracted and more focused atmosphere within the studio. An indication of a significantly enhanced focus, as also seen from the perceptions reported by students, seemed to enable them to engage more deeply with the course material and collaborate effectively on various projects in the studios, thereby reinforcing the advantages inherent in the combined methodologies of SBL and flipped learning. In summary, our study demonstrates that reimagining engineering education through the integration of a combined studio-based learning and flipped classroom techniques can yield significant improvements in student engagement and academic success. By prioritising supportive, collaborative and hands-on learning experiences, educators can better equip students for the multifaceted challenges of the engineering profession, providing them with essential skills and a mindset necessary to thrive in an ever-evolving field. This innovative approach not only meets the diverse needs of today's learners but also provides valuable insights that can inform future developments in engineering education.",ieee,llm,0.910,unreviewed,,doi:10.1109/educon62633.2025.11016597
kept,"Introducing an Inverted Classroom Concept for an Undergraduate Course in Power Electronics – Implementation, Evaluation and Experiences",Burkhard Ulrich,2019,2019 20th International Conference on Research and Education in Mechatronics (REM),10.1109/REM.2019.8744099,https://ieeexplore.ieee.org/document/8744099/,refutes-claim; qualifies-claim,"In this article, the experiences gained from introducing an inverted classroom concept for an undergraduate power electronics course, based on online videos instead of traditional classroom methods, are described. Organization and implementation of the course are discussed. Limitations and opportunities are examined. Effectiveness of the inverted classroom approach is compared to a traditional course design, based on student perception and students performance evaluation. Results show that a high student satisfaction rate and learning outcome, comparable to a traditional lecture, can be achieved using the inverted classroom approach in the here presented case.",ieee,llm,0.970,unreviewed,,doi:10.1109/rem.2019.8744099
discarded,"Converting Upper-Division Undergraduate Computer Science Courses Online: Challenges, Student Performance, and Student Perceptions",Weiying Zhu,2022,2022 IEEE Frontiers in Education Conference (FIE),10.1109/FIE56618.2022.9962580,https://ieeexplore.ieee.org/document/9962580/,off-topic-false-hit,"This is a Research Full Paper. While considering offering online Computer Science (CS) courses at non-online programs in response to student demand or program need, how to address the challenges in online teaching and whether the student performance in an online course is compromised are two critical questions. In the literature, we could not find clear answers to these questions, especially for CS courses studied in this research in settings like ours. Converting three upper-division CS courses (operating systems, computer networks, and computer and network security) online in 2020-21 provided us an opportunity to explore the instructional design for online courses, to identify the challenges in online teaching, and to develop the strategies addressing challenges. We use t-tests to compare the student performances in online vs. face-to-face (F2F) sections of each course because our sample sizes fit in the most appropriate range (20 to 40) of t-tests. Box-and-whisker plots are also used to graphically compare student performances. Anonymous student surveys consisting of Likert-scale questions are used to investigate student perceptions in online courses. The analysis of performance and survey data shows no statistically significant performance difference between the online and F2F sections of each course taught by the same instructor as well as generally positive or very positive student feedbacks on teaching and learning in three online CS courses. Focusing on three neutral research questions, our study does not aim to comprehensively compare online and F2F modes or find which mode is better. Regardless what our data analysis indicates, we planned to report it. We hope that our experience and findings may provide useful and evidence-based information to other non-online computing or engineering programs, especially the ones like ours, when they need to consider whether to offer online courses.",ieee,llm,0.970,unreviewed,,doi:10.1109/fie56618.2022.9962580
kept,Effects of using flipped classroom learning in object-oriented analysis and design course,Pakawan Pugsee,2017,2017 10th International Conference on Ubi-media Computing and Workshops (Ubi-Media),10.1109/UMEDIA.2017.8074130,https://ieeexplore.ieee.org/document/8074130/,supports-claim,"The topic of the classroom action research is “Effects of using Flipped Classroom Learning in Object-oriented analysis and design course”. The objectives of this research are to try the flipped classroom learning in the course and to evaluate the satisfaction of the students in the course. The aim of the research is to determine the suitability of the flipped classroom learning on the course, including the advantages and limitations of such learning method. The learning management system is Courseville and the teaching materials are Thai lecture videos, and English documents of the course instructor. The research mythology is to collect data from students enrolled in the course, whose data are composed of the behavior of the students, students' test scores, and the term project scores. Moreover, the collected data from the questionnaires are used for analyzing the students' satisfaction of the flipped classroom teaching. The research result shows that the flipped classroom learning is suitable for the object-oriented analysis and design course with the aggregation of 90 percent of students. In addition, the 85 percent of students are satisfied with the flipped classroom learning in this course.",ieee,llm,0.860,unreviewed,,doi:10.1109/umedia.2017.8074130
kept,Engineering students' preferences for active and non-active learning strategies in the classroom,Jose Antonio Pow-Sang,2021,2021 International Symposium on Accreditation of Engineering and Computing Education (ICACIT),10.1109/ICACIT53544.2021.9612487,https://ieeexplore.ieee.org/document/9612487/,qualifies-claim,"Instructors employ different teaching and learning strategies in the classroom. Although they traditionally give lectures to teach a topic, some of them also use active learning strategies. The literature shows the advantages of using active learning strategies compared to traditional teaching; however, there could be some resistance in their application between students and teachers. This paper shows part of the results of a study that focuses on investigating factors that can influence the adoption of active learning in the classroom in computing and engineering undergraduate programs. A questionnaire was applied to engineering students at a Peruvian university to determine their preferences in the teaching-learning strategies used by lecturers in the classroom. In general, it was observed that students positively value active and non-active (or traditional) learning strategies.",ieee,llm,0.930,unreviewed,,doi:10.1109/icacit53544.2021.9612487
kept,Students' perceptions of using a flipped classroom instructional model in an ESP course,Bi-Wen Lee,2017,2017 International Conference on Applied System Innovation (ICASI),10.1109/ICASI.2017.7988226,https://ieeexplore.ieee.org/document/7988226/,qualifies-claim,"The flipped classroom is one of the contemporary pedagogical methods and it commonly means an instructional model that students view video lectures and practice problems as homework prior to class, and engage student-centered activities in the classroom. This research experimented with a flipped classroom approach in an undergraduate English learning course for specific purposes, along with investigated the perception of the value of using flipped classroom strategy. Questionnaires and pre-and post-tests were employed to collect data. The findings indicate that not only the impact on the student experience is significantly positive and with a higher level of satisfaction by students especially for those students who have TOEIC test experience before, but the flipped approach can increases students' learning engagement which allows students to work at their own pace and meets their own learning needs.",ieee,llm,0.880,unreviewed,,doi:10.1109/icasi.2017.7988226
kept,Students' Perception of Flipped Classroomin in Engineering Education,Amin Haghnegahdar; Neda Abdolahi,2024,2024 11th International and the 17th National Conference on E-Learning and E-Teaching (ICeLeT),10.1109/ICeLeT62507.2024.10493096,https://ieeexplore.ieee.org/document/10493096/,qualifies-claim,"The flipped classroom approach has become more widely used in engineering education. This approach provides advantages for teachers and students by creating a supportive and interactive learning environment and giving them more opportunity to regulate their own teaching and learning process. The aim of this study was to investigate students' perception of different methods of flipped classroom in teaching the Engineering Economy course to two groups of engineering students. The survey results showed that both materials engineering and civil engineering groups believed that the instructor was skilled in presenting the course content using the flipped classroom approach. Also, the majority of students in both classes found this approach highly effective on the learning skills and competencies and almost all of them were highly satisfied with the delivery of the course content.",ieee,llm,0.850,unreviewed,,doi:10.1109/icelet62507.2024.10493096
