status,title,authors,year,venue,doi,url,tags,abstract,provider,decision_source,llm_confidence,llm_review_outcome,llm_change_direction,paper_id
kept,A novel integration of online and flipped classroom instructional models in public health higher education,Lindsay P. Galway; Kitty K. Corbett; Timothy K Takaro; Kate Tairyan; Erica Frank,2014,BMC Medical Education,10.1186/1472-6920-14-181,https://openalex.org/W2104341633,qualifies-claim,"BACKGROUND: In 2013, a cohort of public health students participated in a 'flipped' Environmental and Occupational Health course. Content for the course was delivered through NextGenU.org and active learning activities were carried out during in-class time. This paper reports on the design, implementation, and evaluation of this novel approach. METHODS: Using mixed-methods, we examined learning experiences and perceptions of the flipped classroom model and assessed changes in students' self-perceived knowledge after participation in the course. We used pre- and post-course surveys to measure changes in self-perceived knowledge. The post-course survey also included items regarding learning experiences and perceptions of the flipped classroom model. We also compared standard course review and examination scores for the 2013 NextGenU/Flipped Classroom students to previous years when the course was taught with a lecture-based model. We conducted a focus group session to gain more in-depth understanding of student learning experiences and perceptions. RESULTS: Students reported an increase in knowledge and survey and focus group data revealed positive learning experiences and perceptions of the flipped classroom model. Mean examination scores for the 2013 NextGenU/Flipped classroom students were 88.8% compared to 86.4% for traditional students (2011). On a scale of 1-5 (1 = lowest rank, 5 = highest rank), the mean overall rating for the 2013 NextGenU/Flipped classroom students was 4.7/5 compared to prior years' overall ratings of 3.7 (2012), 4.3 (2011), 4.1 (2010), and 3.9 (2009). Two key themes emerged from the focus group data: 1) factors influencing positive learning experience (e.g., interactions with students and instructor); and 2) changes in attitudes towards environmental and occupation health (e.g., deepened interest in the field). CONCLUSION: Our results show that integration of the flipped classroom model with online NextGenU courses can be an effective innovation in public health higher education: students achieved similar examination scores, but NextGenU/Flipped classroom students rated their course experience more highly and reported positive learning experiences and an increase in self-perceived knowledge. These results are promising and suggest that this approach warrants further consideration and research.",openalex,llm,0.960,unreviewed,,doi:10.1186/1472-6920-14-181
kept,Assessing Learning Outcomes and Evaluating Graduate Student Perceptions of a Flipped Classroom,Dan Zalewski; Kellie Schneider,2016,ASEE Annual Conference & Exposition,10.18260/p.26302,https://openalex.org/W2461562716,qualifies-claim,"Abstract Graduate education in scientific and engineering fields requires students to learn detailed technical information in courses that continue to be taught in a traditional lecture format. At the same time, students entering those graduate programs increasingly prefer on-line and social media to traditional classroom environments. Our research examines the following question: what is the quantifiable advantage of transitioning from a strict lecture based classroom environment to a more active, technology enabled classroom for introductory graduate level engineering coursework? We test that question by altering the teaching methods for a required foundational course and evaluating both student performance and perceptions. We eliminated traditional lectures by revising the course structure to that of a flipped classroom. In the flipped (or inverted classroom), students obtain content knowledge outside of class and spend class time involved in active, group-based learning activities. This technique is based on learner-centered teaching strategies that aim to improve student engagement and promote life-long learning by developing self-reliant learners. In this paper, we describe our efforts to implement and assess the effectiveness of a flipped classroom in a graduate probability and statistics course. We compare students’ performance as measured by equivalent exams from previous offerings of the course, and solicit student feedback through two surveys. Our department offers Master of Science degree programs in both Engineering Management and Management Science. Each program of study consists of 36 semester hours and includes a culminating capstone experience. The Probability & Statistics for Engineers course, in addition to being a core requirement for each degree program, serves as either a pre- or co-requisite for many other courses in our program. Additionally, the course serves as a math or technical elective for other majors in the School of Engineering. Currently, The Probability & Statistics for Engineers course is offered three times per year (fall, spring, and summer) in a 16-week semester in a traditional classroom setting. In order to accommodate working professionals, classes are delivered on campus and are also simulcast over the Internet via web conferencing software. This semester, 35 students from 10 different majors have enrolled in the course. Females comprise 20% of the student body, and approximately 50% of the students are international. With such a diverse group of students, we believe that implementing more learner-centered teaching methods will greatly benefit the students. Initial results show that students are split on their preference between the flipped-class room and a traditional lecture-based classroom. The majority of students indicate they are completing the class preparation activities before coming to class, and they find value in communicating with their classmates during the in-class activities. Initial findings from the first exam indicate no significant decrease in student achievement of course goals between the flipped classroom and the traditional classroom.",openalex,llm,0.950,unreviewed,,doi:10.18260/p.26302
kept,Student Perceptions of a Flipped Pharmacotherapy Course,Julia Khanova; Jacqueline E. McLaughlin; Denise H. Rhoney; Mary T. Roth; Suzanne C. Harris,2015,American Journal of Pharmaceutical Education,10.5688/ajpe799140,https://openalex.org/W2345997150,qualifies-claim,"Objective. To evaluate student perception of the flipped classroom redesign of a required pharmacotherapy course.

Design. Key foundational content was packaged into interactive, text-based online modules for self-paced learning prior to class. Class time was used for active and applied-but primarily case-based-learning.

Assessment. For students with a strong preference for traditional lecture learning, the perception of the learning experience was negatively affected by the flipped course design. Module length and time required to complete preclass preparation were the most frequently cited impediments to learning. Students desired instructor-directed reinforcement of independently acquired knowledge to connect foundational knowledge and its application.

Conclusion. This study illustrates the challenges and highlights the importance of designing courses to effectively balance time requirements and connect preclass and in-class learning activities. It underscores the crucial role of the instructor in bridging the gap between material learned as independent study and its application.",openalex,llm,0.960,unreviewed,,doi:10.5688/ajpe799140
kept,Pharmacy students’ perception of learning and engagement in a flipped-classroom of a physiology course,Samra Bashir; Iqra Hamid,2021,Innovations in Education and Teaching International,10.1080/14703297.2020.1871395,https://openalex.org/W3118363083,qualifies-claim,"This interventional study implemented flipped classroom pedagogy to enhance pharmacy students’ academic performance in a physiology course. Ninety-six Pharm. D students enrolled at a private-sector University of Islamabad, Pakistan were provided with video lectures and reading material for pre-sessional learning followed by a faculty-led face-to-face session for case-studies, class discussions and post-class quiz. Students’ feedback was recorded through Likert-scale survey and comments on method employed. Up to 90% of students completed the pre-session preparation. Around 90% of students gave positive responses towards flipped classroom. Students reported that they developed a better understanding of the concepts (1.5 ± 0.65), their class participation was improved (1.45 ± 0.56) and they could pay close attention in the class (1.41 ± 0.62), compared to the regular lectures. It is concluded that flipped classroom is an effective way of enhancing students’ engagement and active learning and can be used as a tool in Pharmacy education.",openalex,llm,0.910,unreviewed,,doi:10.1080/14703297.2020.1871395
kept,Vodcasts and Active-Learning Exercises in a “Flipped Classroom” Model of a Renal Pharmacotherapy Module,Richard Pierce; Jeremy Fox,2012,American Journal of Pharmaceutical Education,10.5688/ajpe7610196,https://openalex.org/W2064507680,supports-claim,"Objective. To implement a ""flipped classroom"" model for a renal pharmacotherapy topic module and assess the impact on pharmacy students' performance and attitudes.

Design. Students viewed vodcasts (video podcasts) of lectures prior to the scheduled class and then discussed interactive cases of patients with end-stage renal disease in class. A process-oriented guided inquiry learning (POGIL) activity was developed and implemented that complemented, summarized, and allowed for application of the material contained in the previously viewed lectures.

Assessment. Students' performance on the final examination significantly improved compared to performance of students the previous year who completed the same module in a traditional classroom setting. Students' opinions of the POGIL activity and the flipped classroom instructional model were mostly positive.

Conclusion. Implementing a flipped classroom model to teach a renal pharmacotherapy module resulted in improved student performance and favorable student perceptions about the instructional approach. Some of the factors that may have contributed to students' improved scores included: student mediated contact with the course material prior to classes, benchmark and formative assessments administered during the module, and the interactive class activities.",openalex,llm,0.990,unreviewed,,doi:10.5688/ajpe7610196
kept,EFL Students’ Perceptions on Flipped Learning in an English Grammar Class,Yusmalinda Yusmalinda,2023,SAGA Journal of English Language Teaching and Applied Linguistics,10.21460/saga.2023.42.157,https://openalex.org/W4385274468,qualifies-claim,"The objective of this research was to investigate EFL students’ perceptions on the implementation of flipped learning. Employing a concurrent mixed method of data gathering techniques, this research was conducted in an English Literature Study Program of a private university in Padang, West Sumatera Province. The participants were fourth-semester students in an intermediate English grammar who were encouraged to actively participate in the class. The flipped instruction was implemented in four meetings. At the end of the sessions, a Google form questionnaire was handed out. Quantitative and qualitative data analysis found out that most students expressed positive perceptions on flipped learning, as indicated by its efficacy to facilitate preparation for offline sessions, making them more active, and completing grammar exercises better. Overall, flipped learning was acknowledged to be effective for English grammar in this study, despite few suggestions for the lecturers to assist them understanding material better.",openalex,llm,0.870,unreviewed,,doi:10.21460/saga.2023.42.157
kept,South African students’ perceptions of the flipped classroom: A case study of higher education,Liezel Cilliers; J.N. Pylman,2020,Innovations in Education and Teaching International,10.1080/14703297.2020.1853588,https://openalex.org/W3109884514,qualifies-claim,"Universities have traditionally made use of the face-to-face model of lectures and tutorials as a passive mode of course instruction. When lectures are made available online and class time is used for conceptual understanding and cognitive skills among students, the approach is known as ‘flipping’ the classroom. The purpose of this study was to explore students’ perceived experiences of flipped classrooms at a South African university. A quantitative survey method was used in this research study to elicit students’ perceptions about a flipped classroom. A structured questionnaire called the Student Perception of Instruction Questionnaire was used to collect data from 130 students enrolled for a Database course over a 4 week period. The results show that the students’ experienced the flipped classroom as positive and enjoyable. Even though they worked harder in the course and needed more technical assistance, most would opt for a similar course in the future.",openalex,llm,0.960,unreviewed,,doi:10.1080/14703297.2020.1853588
kept,University Students’ Perception of the Usefulness of the Flipped Classroom Methodology,Ernesto Colomo Magaña; Roberto Soto-Varela; Julio Ruiz‐Palmero; Melchor Gómez García,2020,Education Sciences,10.3390/educsci10100275,https://openalex.org/W3091984030,qualifies-claim,"In a digital and interconnected context, where educational processes are in constant change, active methodologies take on a relevant role by making students the protagonists of their learning. Among the different possibilities, the flipped classroom stands out for its time optimization, the incorporation of technological resources, and the personalization of the processes. The aim of this research is to analyze the perception of higher education students about the usefulness of the flipped classroom as a methodology. The information was collected with a validated instrument, which was applied to a sample of 123 students from the Faculty of Educational Sciences of the University of Málaga (Spain). A positive evaluation of the usefulness of the flipped classroom as a learning methodology was reflected in the results, highlighting its instrumental dimension. Significant differences were perceived regarding the usefulness of the flipped classroom for the promotion of autonomous learning, which had a superior valuation according to women. In conclusion, the flipped classroom stands as a methodological alternative to promote learning that has a positive evaluation from the students that made up the sample.",openalex,llm,0.890,unreviewed,,doi:10.3390/educsci10100275
kept,Teaching Electromagnetism with the Inverted Classroom Approach: Student Perceptions and Lessons Learned,Micah Stickel,2020,ASEE Annual Conference & Exposition,10.18260/1-2--23093,https://openalex.org/W2606398143,qualifies-claim,"Abstract Teaching Electromagnetism with the Inverted Classroom Approach: Student Perceptions and Lessons LearnedFor a number of years now, engineering instructors throughout the world have begun toexperiment with the notion of a “flipped” or “inverted” classroom. This teaching approachencourages students to gain the required base knowledge of a concept prior to class through short“mini-lecture” videos. The great advantage of this approach is that it provides instructors withthe opportunity to reimagine and redesign the in-class experience to create a more active learningenvironment.Recently, this approach was applied to the teaching of an electric and magnetic fields physicscourse as part of the second-year electrical and computer engineering curriculum at a largeresearch-intensive engineering school. The teaching approach consisted of (a) pre-class lessonvideos with embedded viewing quizzes (average length of 25 minutes), and (b) in-class activelearning opportunities, including conceptual questions and peer instruction facilitated through aclassroom-response system, group work exercises, and opportunities for individual work andconsideration of the material at hand.This work is part of a two-year study in which the course was taught using a traditionalinstructor-centered approach in year one and then was taught using the inverted classroomapproach in the year two. The same instructor taught the course in both years, andapproximately 330 students took the course each year. The study used a mixed-methods designwhich, in part, included standard pre/post conceptual assessments, an end-of-course survey, andfocus groups sessions. The purpose of this paper is to present the details of how this approachwas applied to teach this fundamental course on electromagnetism, summarize the students’perceptions of this new teaching method, present a comparison of the academic performancebetween the two cohorts, and provide some key lessons learned related to this emerging teachingapproach.Overall, students had a positive, but somewhat mixed, response to this new teaching method.Over 71% of the students in the inverted cohort agreed that the lecturing approach that theinstructor took was effective in helping me learn the material in the course, yet only 48% of thiscohort agreed with the statement: In comparison with the traditional lecturing approach, I preferthe inverted classroom approach. With this new approach there is the concern that students willperceive this pre-lecture video viewing to be burdensome, yet between the traditional and theinverted cohorts, there was no statistically significant difference in how the students rated theamount of work required for this course. In terms of academic performance in the course, thetraditional cohort performed better on the standard pre/post conceptual gain (Traditional classgain = 20.0% versus Inverted class gain = 15.6%). However, if you isolate those students thattruly participated in the inverted model, meaning that they watched the majority of the videosprior to the lecture and attended the majority of the lectures, the results change with the Invertedclass gain improving to 21.0%.From this initial experience in teaching with the inverted classroom technique, a few key lessonshave been noted. First, it is very important to provide explicit coaching and guidance throughoutthe course to help students acclimatize to this new student-centered learning approach. Thismust be integrated into the course materials, lectures, and course work so that students see theimportance of investing their time and energy into defining their own learning experience.Through the survey and focus group sessions it was clear that the mixed reaction to thistechnique is that the students did not clearly understand how to engage with this new method andthe potential benefits of this new approach. Second, while there is a significant investment intime to create the pre-lecture videos and quizzes, an even more serious effort is needed to createappropriate and effective in-class experiences. The foundation students come to class with mustbe deepened and solidified through a carefully considered series of learning exercises. Finally, itis important to take advantage of the additional in-class opportunities that are available given thatthe basic material introduction is now done outside of class. In this course, the instructor wasable to incorporate a number of more significant discussions about how the course materialrelated to Electrical and Computer Engineering applications, which provided significant newcontext to students in the inverted cohort. This new teaching approach has great potential toprovide students with significant learning experiences, and help them to become more self-motivated learners. As well, from an instructor’s viewpoint, the in-class experiences can bemuch more enjoyable and rewarding due to the opportunity to interact directly with small groupsof students.",openalex,llm,0.830,unreviewed,,doi:10.18260/1-2--23093
discarded,Assessing the Flipped Classroom in Operations Management: A Pilot Study,Anupama Prashar,2015,Journal of Education for Business,10.1080/08832323.2015.1007904,https://openalex.org/W2142340473,adjacent-subtopic,"The author delved into the results of a flipped classroom pilot conducted for an operations management course module. It assessed students’ perception of a flipped learning environment after making them experience it in real time. The classroom environment was construed using a case research approach and students’ perceptions were studied using qualitative and quantitative research methods. The analysis revealed that a flipped classroom scores higher than a conventional, lecture-oriented setup on the following critera: student involvement, task orientation, and innovation. The study corroborated the pedagogical effectiveness of the flipped learning model in promoting collaborative learning for operations management instruction. The findings underline the need to painstakingly structure the learning tasks for the fruition of a flipped classroom exercise.",openalex,llm,0.760,unreviewed,,doi:10.1080/08832323.2015.1007904
