status,title,authors,year,venue,doi,url,tags,abstract,provider,decision_source,llm_confidence,llm_review_outcome,llm_change_direction,paper_id
discarded,"Impact of flipped classroom method in physical education on the intrinsic motivation, self-efficacy, and learning satisfaction: A meta-analysis","Wu, Qingxu; Han, Zhenxiao; Hao, Zikang; Chen, Jiping; Pan, Yang",2025,PLOS ONE,10.1371/journal.pone.0324609,https://www.webofscience.com/wos/woscc/full-record/WOS:001492064600019,adjacent-subtopic,"Background Flipped classroom (FC) is a novel teaching method. To assess its effectiveness in teaching physical education in schools, a systematic review and meta-analysis were conducted with the aim of exploring the Impact of FC method in PE on the intrinsic motivation, self-efficacy, and learning satisfaction.Methods As of February 2025, a comprehensive search was conducted in the Web of Science (WoS) and China National Knowledge Infrastructure (CNKI) databases to identify studies pertaining to FC style PE instruction and its impact on students' intrinsic motivation, self-efficacy, and learning satisfaction.Results Total 13 studies were included in this study. The results demonstrated that, compared to traditional teaching methods, the FC model significantly improved intrinsic motivation, self-efficacy, and learning satisfaction. These findings underscore the notable positive impact of the FC approach on multiple educational outcomes. Subgroup analyses revealed that the FC model significantly enhanced students' intrinsic motivation across different countries, various PE subjects, differing class sizes, and diverse student populations. In terms of learning satisfaction, the FC approach demonstrated positive effects in subgroups involving Chinese participants, PE subjects focused on dance, and varying class sizes.Conclusion Integrating the FC model into school PE classes has been shown to enhance students' intrinsic motivation, self-efficacy, and learning satisfaction. However, further high-quality research is essential to solidify and extend these findings.",wos,llm,0.910,unreviewed,,doi:10.1371/journal.pone.0324609
kept,Flipped Classrooms in Higher Education: A Meta-Analysis of Their Impact on Mathematics Performance,"Haziki, N. H.; Abdullah, A. H.; Hamzah, M. H.",2025,MALAYSIAN JOURNAL OF MATHEMATICAL SCIENCES,10.47836/mjms.19.1.07,https://www.webofscience.com/wos/woscc/full-record/WOS:001471423300007,supports-claim,"This study aims to identify the impact of flipped classrooms on students' performance in mathematics at higher levels of education, including universities and colleges. The flipped classroom is classified as blended learning, in which the content of a subject is delivered through both face-to-face classroom activities and online learning. Blended learning, also known as hybrid learning, focuses on a mixed-mode type of education in which the medium of instruction is delivered with technology integration. Numerous studies have been conducted to compare the efficiency of traditional learning methods versus the flipped classroom in terms of how well students learn mathematics. The Preferred Reporting Items for Systematic Reviews and MetaAnalysis (PRISMA) guidelines have been referred to in conducting this study. A total of 25 selected studies were searched through Scopus, ScienceDirect, and the Web of Science (WoS) sion 0.17.1.0 has been utilised to analyse the data collected from the previous studies. The findings suggest that the average effect size using a random-effects model was (Cohen's d = 0.474; p < 0.001), demonstrating a medium effect size that is statistically significant.",wos,llm,0.980,unreviewed,,doi:10.47836/mjms.19.1.07
discarded,Educational dualism in action: Systematic review of gamification and flipped classrooms' effects on young learners,"Fernandez-Velasquez, Jessica del Rocio; Lopez-Regalado, Oscar; Fernandez-Hurtado, Gisela Analy",2025,CONTEMPORARY EDUCATIONAL TECHNOLOGY,10.30935/cedtech/15749,https://www.webofscience.com/wos/woscc/full-record/WOS:001446653300010,adjacent-subtopic,"The systematic review explores the integration of gamification with the flipped classroom in basic education, combining game mechanics with flipped teaching methods to improve student engagement and motivation, and examines the evolution of scientific production between 2022 and 2024, using the preferred reporting items for systematic reviews and meta-analyses approach to select 37 articles from Scopus and Web of Science. The search focused on terms such as ""gamification"" and ""flipped classroom"", and a bibliometric analysis was applied to assess research trends and methods. The results indicate that gamification in flipped classrooms increases motivation, autonomy and content retention, in addition to improving satisfaction and academic performance, revealing a student preference for gamified environments thatfacilitate interactive and autonomous learning; on the other hand, the ATLAS.ti software qualitatively revealed key issues through a cross analysis of the perceptions of the various authors, concluding that this integration is effective in increasing student motivation and satisfaction, recommending its application to teach in multidisciplinary environments.",wos,llm,0.940,unreviewed,,doi:10.30935/cedtech/15749
kept,Review of Studies on the Use of the Flipped Learning Model in Science Education,"Comez, Gamze; Ozkan, Gulbin",2025,INTERNATIONAL JOURNAL OF EDUCATION IN MATHEMATICS SCIENCE AND TECHNOLOGY,10.46328/ijemst.4369,https://www.webofscience.com/wos/woscc/full-record/WOS:001445574200002,qualifies-claim,"This study aims to investigate the effect of the flipped learning model in science education. Therefore, articles in the Web of Science database were analyzed using the systematic review method. During the research, 1627 data points were obtained using the keyword 'flipped learning.' Articles between 2013 and 2023 were examined during the research process, but no studies were found between 2013 and 2015. The data obtained is limited to science, chemistry, biology, and physics education. A total of 38 articles with the specified criteria were reached. Articles were analyzed based on focus questions. Through article analysis, it was examined in which countries the flipped learning model applied in science education was used, in which years it was applied, at which education level it was applied, and in which disciplines it was applied. Additionally, the study investigated the purposes of using the flipped learning model in science education, and its benefits and disadvantages were determined. The materials, web tools, and research methods used in the flipped classroom model were determined. This study is essential in determining the model's importance and place in science teaching.",wos,llm,0.810,unreviewed,,doi:10.46328/ijemst.4369
kept,A Systematic Review of Theoretical Foundations and Learning Effects in Gamified Flipped Classroom Research,"Sancar-Tokmak, Hatice; Dagli, Zerrin",2025,EVALUATION REVIEW,10.1177/0193841X251320438,https://www.webofscience.com/wos/woscc/full-record/WOS:001435263100001,qualifies-claim,"Gamified Flipped Classrooms (GFC) are increasingly implemented in teaching and have become a trending research subject. Gamification and Flipped Classroom (FC) literature expresses a clear need for a theoretical foundation that positively affects motivation, behavioral change, and learning. However, this requires an overview of the current theoretical foundations of GFC research. Therefore, this study conducted a systematic mixed studies review (SMSR) of the current theoretical foundations of GFC research and learning effects. Sixty-nine studies were identified after applying rigorously defined inclusion and exclusion criteria. The review revealed that a significant number of studies (25 of 69) lacked a theoretical foundation. In studies supported by theory, Self-Determination Theory (SDT) was most frequently employed. Moreover, only three studies used theories to design both gamification and FC components. While GFC research generally shows positive effects on learning, studies with a theoretical background reported a higher rate of positive GFC outcomes (56%), compared to only 29% for studies lacking a theoretical foundation. Future research should explore and attempt to link SDT and other theories to learning impacts.",wos,llm,0.900,unreviewed,,doi:10.1177/0193841x251320438
discarded,IMPACT OF FLIPPED LEARNING ON STUDENT SELF-EFFICACY ACROSS AGE GROUPS AND SUBJECT DOMAINS: A SYSTEMATIC REVIEW OF 44 STUDIES (2015-2024),"Algarni, Badriah",2025,JOURNAL OF INFORMATION TECHNOLOGY EDUCATION-RESEARCH,10.28945/5442,https://www.webofscience.com/wos/woscc/full-record/WOS:001432405800001,adjacent-subtopic,"Aim/Purpose Flipped learning, in which students engage with instructional content before class and participate in active learning during class time, has emerged as an innovative teaching approach. While previous research has explored various aspects of flipped learning, its impact on student self-efficacy across different contexts remains understudied. Background This systematic review addressed two key research questions: (1) How does the flipped classroom approach affect students' self-efficacy? and (2) Does this effect vary by subject domain and student age? Methodology Following PRISMA guidelines, we analyzed 44 peer-reviewed articles (published between 2015 and 2024) from four major databases, encompassing 5,434 participants across 17 countries. Contribution This review uniquely contributes to the field by providing the first comprehensive analysis of the impact of flipped learning on self-efficacy across different educational contexts and age groups. Findings The review revealed that flipped classrooms significantly enhanced self-efficacy across all age groups, from K-12 to adult learners, with particularly strong effects in traditionally challenging subjects like mathematics and science. Quantitative analysis showed that 41 out of 44 (93%) studies reported positive effects on student self-efficacy, while only 3 showed no significant impact. Unlike previous research suggesting the effectiveness of flipped learning was limited to technical subjects, our findings demonstrate its broader applicability across diverse disciplines, including language learning and arts education. The study identified key success factors, including pre-class video accessibility (reported by 85% of studies) and interactive in-class activities (implemented in 91% of studies). However, technical infrastructure challenges and increased teacher preparation time emerged as primary implementation barriers. Recommendations for Practitioners These findings have important practical implications for educational institutions considering flipped learning implementation, suggesting the need for robust technical support systems and professional development resources for teachers. Impact on Society This review demonstrates that flipped learning represents a powerful tool for enhancing student self-efficacy across diverse educational contexts, but its effectiveness depends heavily on thoughtful implementation and adequate support structures. Future Research Future research could examine the optimal duration and intensity of flipped learning interventions and investigate how different types of pre-class content affect student self-efficacy outcomes.",wos,llm,0.930,unreviewed,,doi:10.28945/5442
discarded,Unraveling the effectiveness of new media teaching strategies in pharmacology education under different educational backgrounds: Insights from 6447 students,"Li, Yi-Ke; Xiao, Chen-Lin; Ren, Huan; Li, Wen-Ru; Guo, Zhen; Luo, Jian-Quan",2025,EUROPEAN JOURNAL OF PHARMACOLOGY,10.1016/j.ejphar.2025.177255,https://www.webofscience.com/wos/woscc/full-record/WOS:001398155000001,off-topic-false-hit,"Background: Despite increasing studies underscoring the effectiveness of new media teaching strategies in pharmacology education, the influence of different educational backgrounds is still unclear. We aimed to evaluate the efficacy of new media teaching under various educational backgrounds in pharmacology education using network meta-analysis. Methods: Literature databases were searched from their inception to February 28, 2024 for eligible trials. Educational backgrounds included 3 majors (pharmacy, medicine, and nursing) and 3 degrees (junior college, undergraduate, and graduate). Academic performance, comprehensive competency, and satisfaction were analyzed using Stata (version 17), Review Manager 5.3 software (RevMan 5.3), and R software (version 4.3.1). Results: A total of 46 studies involving 6447 students were included. The surface under the cumulative ranking curve (SUCRA) indicated that compared to other majors, new media teaching among nursing students was the most effective in improving theoretical scores (88.63%), experimental scores (93.28%), learning interest (88.27%), self-learning ability (91.17%), mastery of knowledge (96.81%), and the proportion of satisfaction (97.30%) in pharmacology education. As for degrees, new media teaching among junior college students had the best effect on enhancing theoretical scores (75.60%), experimental scores (86.23%), pass rates (88.33%), selflearning ability (90.36%), mastery of knowledge (97.73%), and the proportion of satisfaction (85.28%) in pharmacology learning. Conclusion: Overall, new media teaching among nursing students or junior college students appears to be more effective in pharmacology education. Thus pedagogues can better implement new media teaching strategies among these students and incorporate more web-based tools.",wos,llm,0.820,unreviewed,,doi:10.1016/j.ejphar.2025.177255
kept,Comparison of the effects of different teaching methods on the effectiveness of teaching neurology in China: a bayesian network meta-analysis and systematic review,"Li, Xiangyu; Zhang, Longsheng; Sun, Wenjun; Lei, Min; Li, Ying; Zhang, Jiacheng; Huang, Xing",2024,BMC MEDICAL EDUCATION,10.1186/s12909-024-06397-9,https://www.webofscience.com/wos/woscc/full-record/WOS:001389226400004,qualifies-claim,"Background In China, investigations into the efficacy of neurological clinical teaching try to ascertain the impacts of various teaching methods on intervention outcomes. However, these studies often suffer from limited sample sizes, single-center studies and low quality, compounded by the lack of direct comparative analyses between teaching methods, thereby leaving the identification of the most effective method unresolved. This study aims to compare the effectiveness of various teaching methods in the standardized training of Chinese neurology clinicians to inform an optimal teaching model utilizing a Bayesian network meta-analysis (NMA) approach. Methods A comprehensive computer search was conducted to identify randomized controlled trials (RCTs) assessing the efficacy of 7 teaching methods: problem-based learning (PBL), case-based learning (CBL), flipped classroom model (FCM), evidence-based medicine (EBM), clinical practice (CP), team-based learning (TBL), and lecture-based learning (LBL). The search, which spanned databases including the China National Knowledge Infrastructure (CNKI), Chinese Citation Database (CDD), China Science Periodical Database (CSPD), Chinese BioMedical Literature Database (CBM), PubMed, Web of Science, and the Cochrane Library, covered the period from the inception of these databases to April 1, 2023. The quality of the included studies was evaluated, and the data were analyzed in R 4.3.2 and Stata 17.0 software. Results From the 31 studies included, comprising 2124 subjects, significant findings emerged. In theoretical examinations, a statistically significant difference was noted among the teaching methods, with CBL, PBL, TBL, FCM, and EBM showing superior performance over the LBL method. The effectiveness ranking of these methods was as follows: CBL > PBL > TBL > FCM > EBM > CP > LBL. In terms of practical skills examinations, a similar pattern of effectiveness was observed. Here, the order of effectiveness was CBL > EBM > PBL > TBL > FCM > CP > LBL. Conclusions This NMA indicated that the modern teaching pedagogies, particularly CBL, could be effective in neurology education, and might help improve the theoretical examinations and practical skills of neurology clinicians. Fully tapping into the strengths of modern teaching methods in neurology teaching will require additional work and advancing research.",wos,llm,0.960,unreviewed,,doi:10.1186/s12909-024-06397-9
discarded,A systematic review of Design Thinking as a pedagogical strategy in higher education learning experiences,G.A. Aboagye,2026,Discover Education,10.1007/s44217-026-02088-3,https://www.scopus.com/inward/record.uri?partnerID=HzOxMe3b&scp=105048852485&origin=inward,off-topic-false-hit,"Design Thinking is conceptually broad and is often treated as a process, a mindset, a method, or a pedagogical framework, with no clear distinctions among them. This systematic review investigates whether Design Thinking (DT) is associated with learning experiences in higher education. The review examines how DT strategies are integrated into instructional practices and their influence on student engagement, creativity, academic satisfaction, and learning outcomes. Drawing on evidence from 27 empirical studies, it shows Design Thinking has been implemented through project-based learning, design studio pedagogy, flipped learning, STEAM integration, and culturally relevant methods. The review finds that Design Thinking-based instruction was reported to support student motivation, collaboration, problem-solving, creativity, critical thinking, and ownership of their learning. The review recommends further research into DT’s effectiveness using a clear measurement model, contextual variations of DT, comparative Design Thinking with non-DT active learning strategies, and longitudinal effects on student learning.",scopus,llm,0.970,unreviewed,,doi:10.1007/s44217-026-02088-3
discarded,Novel approaches to empowering health workforce: a scoping review,A. Choopani,2026,Human Resources for Health,10.1186/s12960-026-01079-7,https://www.scopus.com/inward/record.uri?partnerID=HzOxMe3b&scp=105044084717&origin=inward,off-topic-false-hit,"The development of health workers is crucial for achieving national and global health objectives. This study aims to identify novel methods and approaches for empowering the health workforce through in-service training. A scoping review was conducted following the Arksey and O'Malley framework in five steps. A comprehensive search was performed in three databases—PubMed, Web of Science, and Scopus—using MeSH terms and keywords until December 4, 2022. The study utilized the Preferred Reporting Items for Systematic Reviews and Meta-Analyses Extension for Scoping Reviews (PRISMA-ScR) guidelines to carry out the investigation and present the results. A total of 3257 articles were retrieved, of which 34 articles were included in the scoping review. The majority of the articles (n = 23, 68%) were published between 2018 and 2022, with physicians being the primary target group (n = 16, 47%). Most studies employed a combination of several methods, with simulation methods, virtual training, practical and field training, coaching, group interaction, flipped classrooms, case studies, peer experiences, teaching through surveys and research, small group training, and problem-solving approaches being the most commonly used strategies. Implementing innovative training methods to empower healthcare personnel enhances skills, improves training effectiveness, and ultimately leads to better performance and the delivery of higher-quality healthcare services.",scopus,llm,0.980,unreviewed,,doi:10.1186/s12960-026-01079-7
