status,title,authors,year,venue,doi,url,tags,abstract,provider,decision_source,llm_confidence,llm_review_outcome,llm_change_direction,paper_id
discarded,Adapting an OER Textbook for the Inverted Classroom Model — How To Flip the Classroom with BBC micro:bit Example Tasks,Oliver Kastner-Hauler; Karin Tengler; Heike Demarle-Meusel; Barbara Sabitzer,2021,2021 IEEE Frontiers in Education Conference (FIE),10.1109/FIE49875.2021.9637170,https://ieeexplore.ieee.org/document/9637170/,adjacent-subtopic,"Full Paper Research-to-Practice The current COVID-19 crisis has created significant challenges for schools. The growing importance of “flipping the classroom” and the needful emphasizing of online-learning were owed to the situation. To meet these requirements, materials and tasks must be adapted. The Open Educational Resource (OER) textbook “Computational Thinking with the BBC micro:bit” was developed for the introduction of Computational Thinking (CT) for 10-14-year-old pupils in Austria's secondary schools. Example tasks in the textbook are designed with an open end and present extensions with ideas for further development instead of ending abruptly. This article provides a guideline for a clear distinction in redesigning existing lessons following the Inverted Classroom Model (ICM) using videos for pre-class work and live task extensions for in-class work. Which parts in the learning design must remain as live lessons and which parts can be adapted for video lessons? The respective research shows that examples that have a makerspace activity as an extension are especially helpful for an efficient determination of the appropriate part in the learning design and particularly suitable for an adaptation with ICM. The central advantage of the ICM is that it responds flexibly to the individual learning needs of each student. It allows students to take their time reviewing the material at their own pace without getting left behind. The textbook used here encourages pupils to find their own solutions by explorative learning using the block-based programming environment MakeCode. Additional information to be uncovered by the learner is provided for every single step in the accompanying online wiki website. Results from observations showed that this uncover-function, being a central element of the online material, encouraged the learners to explore their own way in finding a solution with playful elements and increased motivation. The many haptic elements of a makerspace activity are in particular useful for consolidation of the learned and are predisposed for in-class work and deepening the understanding following the constructionism theory. A Design-Based Research (DBR) approach is used to create and evaluate the redesign of a proven example task in a pilot project. Teachers, who are already familiar with the BBC micro:bit and the OER textbook, were trained on how to use the “flip-version” of an example task in their lessons and asked to develop a lesson plan for implementation. The didactic approach to redesigning the material and teacher training was evaluated during the first cycle of DBR. Results from expert interviews showed that the redesigned material and training deliver a solid ground for rework and further research on a larger scale.",ieee,llm,0.990,unreviewed,,doi:10.1109/fie49875.2021.9637170
discarded,Using a “flipped classroom” in an online PhD programme,Laurie Butgereit; Izzeldin Osman,2014,2014 IST-Africa Conference Proceedings,10.1109/ISTAFRICA.2014.6880592,https://ieeexplore.ieee.org/document/6880592/,adjacent-subtopic,Many young college and university lecturers working in remote rural areas or working in foreign countries away from home are deprived of the opportunity of pursuing post graduate university degrees because of a number of logistical problems such as distance from a university offering a PhD degree or restrictions in their temporary country of residence. These problems are compounded if there are connectivity problems such as low bandwidth Internet. This paper describes a programme designed by Sudan University of Science and Technology which issued a call for PhD supervisors from around the world. One supervisor from South Africa took up the challenge and implemented a “flipped classroom” model which worked well in constrained environments with low connectivity.,ieee,llm,0.920,unreviewed,,doi:10.1109/istafrica.2014.6880592
discarded,Problem-Based Learning by Building an Incremental Web Application,J. Navarro-Lázaro; G. Ortega; E.M. Garzón; F. Orts; A.M. Puertas,2025,2025 IEEE Global Engineering Education Conference (EDUCON),10.1109/EDUCON62633.2025.11016350,https://ieeexplore.ieee.org/document/11016350/,adjacent-subtopic,"This work aims to present an innovative methodology to be followed in the subject “Advanced Computing”, part of the Master's program in Computer Science at the University of Almeria. The methodology seeks to enhance students' engagement with their learning process through modern and effective approaches. Simultaneously, it aims to expand their practical experience through the use of cutting-edge tools for rapid application development, such as Spring Boot and Angular, and High Performance Computing techniques applied using CUDA. The primary methodological approach adopted in this course is based on the flipped classroom methodology. This approach will be implemented in conjunction with a real scientific case involving a physical application of microrheology, providing students with a practical and engaging learning experience. Subsequently, the course delves into tools for developing a web application that serves as a visual interface for the generated data, employing rapid application development techniques. Throughout the course, brief theory blocks will be provided as video lectures uploaded by the professor to explain computational tools and the scientific case. However, classes will primarily focus on practical development, where students are provided with a base project from the outset, allowing them sufficient time to complete it independently. As part of the flipped classroom model, the professor will offer support if needed. Additionally, students will be assigned tasks to implement distinct and straightforward features, fostering both their confidence and creativity as independent computer engineers. The course also incorporates AI-driven programming assistance to promote modern productivity methodologies, avoiding common pitfalls that may limit students' programming skills.",ieee,llm,0.980,unreviewed,,doi:10.1109/educon62633.2025.11016350
kept,Learner Preparedness in Flipped Classroom: A Case Study of a Flipped Postgraduate Course,Yi-Chao Jiang; Siu-Yung Jong,2020,2020 International Symposium on Educational Technology (ISET),10.1109/ISET49818.2020.00022,https://ieeexplore.ieee.org/document/9215504/,qualifies-claim,"The present study employed a mixed-method research design and gained preliminary understanding of the importance of learner preparedness in a flipped classroom. The program was a master-level quantitative research methodology course, involving a total of 15 students majoring in English Curriculum and Instruction. Data collection involved questionnaires, course artefacts, online quizzes, an end-of-semester exam and post-program interviews. Quantitative results revealed that the students were quite satisfied with the ""flip"" mode of the course implementation and they also performed well in the end-of-semester exam. On the other hand, qualitative data revealed that pre-class learning and self-regulation are some major challenges for students. Therefore, to improve the effectiveness of the flipped classroom approach, teachers should intentionally integrate intermediate tasks that can facilitate students' self-preparation, i.e., learner preparedness. Also, learning support should be a major concern for administration on the school level to ensure the flip design can work out as expected.",ieee,llm,0.840,unreviewed,,doi:10.1109/iset49818.2020.00022
discarded,Online Micro-Modules Library Production for Fundamental Programming Courses with Active Learning,Rudi Chow; Marco Ho; Irwin King,2019,"2019 IEEE International Conference on Engineering, Technology and Education (TALE)",10.1109/TALE48000.2019.9226004,https://ieeexplore.ieee.org/document/9226004/,adjacent-subtopic,"Engineering faculties encounter many challenges when teaching first-year programming courses. One of challenges is that the first-year students have grossly different levels of programming experience. We would also like to standardize the online programming training across different programming languages. As a result, Online Micro-Modules Library (OML) for fundamental programming courses are being developed in our university. This paper outlines the production process and preliminary outputs for the OML development, based on the Analyze, Design, Develop, Implementation and Evaluation (ADDIE) model. Various online learning tools, as well as active learning components, are employed in the OML. The development process reveals interesting insights and offers possibilities of applying the system design to other engineering disciplines.",ieee,llm,0.970,unreviewed,,doi:10.1109/tale48000.2019.9226004
discarded,Analyzing the effects of a flipped classroom pedagogy on freshmen and sophomore STEM courses,Laura Sullivan-Green; Patricia Ryaby Backer; Andrew Hale Feinstein,2018,2018 IEEE Frontiers in Education Conference (FIE),10.1109/FIE.2018.8659081,https://ieeexplore.ieee.org/document/8659081/,adjacent-subtopic,"This Research-to-Practice paper, a work-in-progress, describes work supported by the First in the World program at three different universities in California. A consortium of three California State Universities (CSUs)- San José State University, California State University- Los Angeles, and Cal Poly Pomona - have a four-year grant from the U.S Department of Education First-in-the-World (FITW) program. Surveys of students revealed that a major challenge to success is course bottlenecks - impasses where they cannot enroll in a course they need to make progress toward their degrees or when they cannot successfully complete a course and move forward. All three campuses have large numbers of high-need and underrepresented students (URM) and URM students are overrepresented among students who receive low grades in bottleneck courses. To address course bottlenecks, the flipped classroom approach has been implemented in seven gateway STEM courses collaboratively across the partner campuses. This paper targets faculty and administrators interested in promoting and implementing the flipped classroom pedagogy at their institutions. It provides a brief overview of the target courses and the impact of the curricular changes thus far. In addition, a description of the in-depth Calculus study of the flipped classroom approach across the three campuses is discussed.",ieee,llm,0.800,unreviewed,,doi:10.1109/fie.2018.8659081
kept,Impact of Active Learning on Object-Oriented Programming Instruction : Transforming from 3D to Text-based coding,Sean Yang; Hyesung Park; Hongsik Choi,2021,2021 IEEE Integrated STEM Education Conference (ISEC),10.1109/ISEC52395.2021.9763964,https://ieeexplore.ieee.org/document/9763964/,qualifies-claim,"It is critical to balance fundamental programming concepts and coding skills to develop a skilled IT workforce who can solve complicated real-life problems using technology. Students in an intermediate programming course faced challenges because programming is more than knowing programming language syntax; understand the process and steps to get desired outcomes from inputs and create a code with appropriate data structures. Students who struggled with programming often lose their interest and may drop out of school or change majors.We research teaching methods using a game engine platform with multiple active learning methods. We used learning by collaboration, flipped class, creating a video game, and combining those teaching methods to enhance student programming concepts and skills and lower the programming course’s failure rate. We also traced the long-term effects on students’ learning.",ieee,llm,0.790,unreviewed,,doi:10.1109/isec52395.2021.9763964
discarded,Challenges to flipped classroom adoption in Hong Kong secondary schools: Overcoming the first- and second- order barriers to change,Tianchong Wang; Morris Siu-yung Jong; Dave Towey,2015,"2015 IEEE International Conference on Teaching, Assessment, and Learning for Engineering (TALE)",10.1109/TALE.2015.7386025,https://ieeexplore.ieee.org/document/7386025/,adjacent-subtopic,"The flipped classroom phenomenon has generated a lot of enthusiasm in teaching circles, but not all teachers have embraced this new paradigm. This paper discusses some of the challenges for Hong Kong secondary school teachers to adopt the flipped classroom approaches. Based on a study conducted parallel to a professional development workshop for teachers, a number of concerns regarding the use of flipped classrooms are identified and discussed. Dividing these concerns into first- and second-order barriers, themes in teachers' comments and feedback are identified, and potential approaches to addressing the concerns proposed.",ieee,llm,0.990,unreviewed,,doi:10.1109/tale.2015.7386025
discarded,Exploring the Inverted Classroom Strategy Using PCA for Dimensionality Reduction in Educational Data,Doris Chicaiza; Mariana Moposita; René Barragán; Patricio Sailema,2025,2025 IEEE Colombian Caribbean Conference (C3),10.1109/C366505.2025.11340411,https://ieeexplore.ieee.org/document/11340411/,adjacent-subtopic,"In the context of secondary education, the search for innovative strategies that promote autonomous learning has become a priority, especially in subjects like Chemistry, where conceptual understanding poses a challenge. However, limitations persist in the implementation of active methodologies that strengthen student autonomy while simultaneously being evaluated using rigorous analytical tools. Faced with this problem, the current research analyzes the flipped classroom strategy as a teaching methodology, applying data mining and dimensionality reduction techniques, specifically Principal Component Analysis (PCA), to identify significant patterns in student perceptions. The study was conducted with a non-probabilistic sample of 108 high school students, using a Likert scale-based questionnaire. The validity and reliability of the instrument were verified using Cronbach's Alpha coefficient, obtaining a value of $\alpha=0.89$, which indicates high internal consistency. Subsequently, PCA was employed to reduce data complexity, and the Pearson correlation coefficient was applied to analyze the relationship between the methodology, didactic strategies, and student autonomy. The results show a strong positive correlation between the implementation of the flipped classroom and the development of skills such as leadership, self-management, collaborative work, and learning orientation. It is concluded that the combination of the flipped classroom with analytical techniques like PCA not only optimizes the evaluation of pedagogical strategies but also promotes more autonomous and effective learning processes.",ieee,llm,0.980,unreviewed,,doi:10.1109/c366505.2025.11340411
discarded,Smartlearn: Predicting learning performance and discovering smart learning strategies in flipped classroom,Yu Yang; Hanqing Wu; Jiannong Cao,2016,2016 International Conference on Orange Technologies (ICOT),10.1109/ICOT.2016.8278987,https://ieeexplore.ieee.org/document/8278987/,adjacent-subtopic,"In flipped classroom, students are expected to learn new contents in online learning system before attending offline classes to reinforce their knowledge. This online and offline blended education model has become more and more popular. However, spending more time to actively engage in online learning does not result in better learning performance, so that how to wisely arrange online learning plan is a big challenge. In this paper, we build a LASSO model to accurately predict students' performance in course projects and their final grade by online learning behaviour data in flipped classroom. The LASSO selected features show that learning online between first and second flipped classes after midnight, and during the second flipped class would benefit students' project performance but studying one day before the examination and studying at night is counterproductive. Our results provide novel insight into guiding students to learn wisely and perform better in flipped classroom.",ieee,llm,0.960,unreviewed,,doi:10.1109/icot.2016.8278987
discarded,Flipping the Script: Reflection on Implementing the Flipped Classroom in Mathematics,Nawal Chanane; Jiansheng Cui; Catherine Hassell Sweatman; Victor Miranda; Nuttanan Wichitaksorn; Wenjun Zhang; Patricio Maturana-Russel; Robin Hankin; Roopak Sinha,2023,"2023 IEEE International Conference on Teaching, Assessment and Learning for Engineering (TALE)",10.1109/TALE56641.2023.10398349,https://ieeexplore.ieee.org/document/10398349/,adjacent-subtopic,"With the world moving forward, leaders in the university sector must proactively innovate in the delivery of teaching programs. The way students learn is changing, such as reduced lecture attendance and a growing demand for digital learning. This impacts staff workload and can negatively affect both the in-class and online student experience. We need to find ways to enhance student learning and engagement in an attendance-agnostic manner. In this work-in-progress paper, we describe the process of re-designing three courses from the Mathematical Sciences Department at Auckland University of Technology using the flipped classroom and active learning pedagogies. We reflect on the implementation of these courses, which were flipped for one semester (12 weeks) with students who had no previous experience with flipped learning. Despite challenges in involving students in pre-class tasks due to their unfamiliarity, positive feedback on lecture recordings and scaffolding of activities was received from motivated students. Future enhancements of each course will be incorporating students' feedback and the lessons learnt from the course’s first run.",ieee,llm,0.940,unreviewed,,doi:10.1109/tale56641.2023.10398349
discarded,A Survey of Teaching PDC Content in Undergraduate Curriculum,Xiaoyuan Suo; Olga Glebova; David Liu; Alina Lazar; Doina Bein,2021,2021 IEEE 11th Annual Computing and Communication Workshop and Conference (CCWC),10.1109/CCWC51732.2021.9376037,https://ieeexplore.ieee.org/document/9376037/,adjacent-subtopic,"Parallel and Distributed Computing (PDC) is included in the Computer Science Curriculum 2013 from ACM and IEEE Computer Science and hence required for ABET Computer Science programs, 2019 to 2020. It is a challenge to incorporate PDC into an existing full Computer Science program. In this paper, we examine the feasibility and challenges of introducing PDC thinking at the lower level or upper level and evaluate the effectiveness of various PDC learning and teaching methodologies. Further, we propose possible teaching strategies and techniques for introducing PDC topics for both lower and upper-level undergraduate students.",ieee,llm,0.870,unreviewed,,doi:10.1109/ccwc51732.2021.9376037
discarded,Reflective Insights: Flipping Learning in Engineering and ICT Courses,Nawal Chanane; Jiansheng Cui; Anubha Kalra; Matthew Kuo; Lorenzo Garcia; Loulin Huang; Tet Chuan Lee; Ashwin Polishetty; Max Ramos; Xue Jun Li; Adnan Al-Anbuky; Martin Stommel; Minh Nguyen; Roopak Sinha,2023,"2023 IEEE International Conference on Teaching, Assessment and Learning for Engineering (TALE)",10.1109/TALE56641.2023.10398312,https://ieeexplore.ieee.org/document/10398312/,adjacent-subtopic,"Flipped learning revolutionizes the classroom by priming learners with course content before in-person sessions, enabling valuable class time for active learning. While a decade of research uncovers domain-specific outcomes, we share our ongoing experience implementing the Flipped Classroom model across nine Engineering and ICT courses at Auckland University of Technology (AUT). Our paper outlines the design process, reflecting on its execution. Courses were infused with Flipped Classroom and Active Learning pedagogies for one semester. The practical nature of engineering courses facilitated in-class engagement but posed challenges for pre-class involvement. Nevertheless, the approach garnered enthusiasm from both students and educators, fostering advocacy and sharing of its benefits. Future steps involve gathering student feedback and lessons learned to refine subsequent iterations.",ieee,llm,0.970,unreviewed,,doi:10.1109/tale56641.2023.10398312
