status,title,authors,year,venue,doi,url,tags,abstract,provider,decision_source,llm_confidence,llm_review_outcome,llm_change_direction,paper_id
kept,Student Perceptions of Active Learning.,Angela Lumpkin; Rebecca M. Achen; Regan K. Dodd,2015,College student journal,,https://openalex.org/W779088440,qualifies-claim,"A paradigm shift from lecture-based courses to interactive classes punctuated with engaging, student-centered activities has begun to characterize the work of some teachers in higher education. Convinced through the literature of the values of using active strategies, we assessed through an action research project in five college courses student perceptions of their impact on learning. Specifically, students were asked to engage in a variety of in-class and out-of-class exploratory writing assignments and pairs and other small group discussions interspersed among short lectures. Quantitative and qualitative data revealed students valued participating in engaging activities. Students also affirmed how active engagement positively impacted their learning. ********** Lecturing remains the predominant instructional method used in college classrooms as many academicians claim it is the most efficient and effective way to deliver content (Lom, 2012). That is, lectures are effectual for teaching and synthesizing information, especially when information is complex, large classes make lecturing economical, and lecturing conforms to the way universities are configured relative to space and time. However, evidence is lacking that this should be the only instructional approach used, especially when too many college students passively sit in classrooms while pretending to pay attention. In fact, an increasing wealth of evidence confirms how active engagement significantly impacts student learning, understanding, and critical thinking (e.g., Bonwell & Eisen, 1991; Komarraju & Karau, 2008; Machemer & Crawford, 2007). As such, the scholarship of teaching strongly affirms what students across most disciplines readily espouse. Endless lectures do not keep their minds engaged as many mentally check out after only a few minutes. To combat this, Bonwell and Eisen (1991), Brookfield (2006), and Cavanaugh (2011) argue that at least every 10-15 minutes lectures should be punctuated by a diversity of activities to keep students focused and engaged, which in turn will help them learn. Creating learner-centered environments is the most important thing faculty can do to optimize student (Doyle, 2008). Learner-centered environments, Doyle stresses, are different because they require students to move beyond taking notes and passing tests to embracing new roles and responsibilities. When students exert real control over their educational experiences, they make important choices about what and how they will learn. Higher education, emphasizes Mansson (2013), is experiencing a paradigm shift from teacher-centered instruction to learner-centered instruction. This learner-centered paradigm requires teachers who value maximizing opportunities for students to learn, while urging students to accept that what is learned in any course will always be their responsibility. Student-centered instruction is a broad teaching approach that includes substituting active for lectures, holding students responsible for their learning, and using self-paced and/or cooperative (team-based) learning (Felder & Brent, 1996, p. 43). Cavanagh (2011) concludes cooperative activities help students understand content better because they are more actively engaged. In fact, cooperative leads to deeper and increased critical thinking (Millis, 2010). Doyle (2011) astutely concludes, Neuroscience, biology, and cognitive science research have made it clear that the one who does the work does the learning (p. 1). No doubt, students learn best when they engage actively in the process (Davis, 1993). [FIGURE 1 OMITTED] So, who is right--the defenders of only lecturing, or are the advocates of engaging students more actively in their learning? To help answer this question, we examined the literature on numerous instructional practices and from these chose exploratory writing assignments and small-group discussions as strategies to intersperse with short lectures (See Figure 1). …",openalex,llm,0.820,unreviewed,,hash:0bdebf79b34db5ef
kept,Student Perceptions of Flipped Learning,David E Murray; Terry W. Koziniec; Tanya Jane McGill,2015,Murdoch University Research Portal,,https://openalex.org/W2404946771,qualifies-claim,"Flipped learning has been the subject of significant hype and attention but descriptions of the develop-ment and the evaluation of this pedagogical model are lacking. Flipped learning is an inverted teaching approach where students learn the basics via short videos at home, then come to class to complete chal-lenges and clarify any misunderstandings. This pa-per describes how an IT unit was delivered using the flipped learning approach. A survey was used to determine how students perceived flipped learn-ing. Students were generally positive about the ap-proach, particularly the convenience and flexibility of the flipped videos. Although face to face teaching time was reduced in this flipped learning implemen-tation, students felt that they interacted more with their instructors and peers. Students felt strongly positive to walkthroughs and were mixed as to the need for the instructors face. Significant efforts to produce high quality and engaging videos were made, but the survey suggested that students learnt the most during tutorial time. The relative importance of interactive tutorials is congruent with a large body of research and pedagogical approaches advocating the importance of active student-centred learning.",openalex,llm,0.910,unreviewed,,hash:0f8fbadf47ecc856
discarded,Does the Room Matter? Active Learning in Traditional and Enhanced Lecture Spaces,Jon R. Stoltzfus; Julie C. Libarkin,2016,CBE—Life Sciences Education,10.1187/cbe.16-03-0126,https://openalex.org/W2559598000,adjacent-subtopic,"SCALE-UP-type classrooms, originating with the Student-Centered Active Learning Environment with Upside-down Pedagogies project, are designed to facilitate active learning by maximizing opportunities for interactions between students and embedding technology in the classroom. Positive impacts when active learning replaces lecture are well documented, both in traditional lecture halls and SCALE-UP-type classrooms. However, few studies have carefully analyzed student outcomes when comparable active learning-based instruction takes place in a traditional lecture hall and a SCALE-UP-type classroom. Using a quasi-experimental design, we compared student perceptions and performance between sections of a nonmajors biology course, one taught in a traditional lecture hall and one taught in a SCALE-UP-type classroom. Instruction in both sections followed a flipped model that relied heavily on cooperative learning and was as identical as possible given the infrastructure differences between classrooms. Results showed that students in both sections thought that SCALE-UP infrastructure would enhance performance. However, measures of actual student performance showed no difference between the two sections. We conclude that, while SCALE-UP-type classrooms may facilitate implementation of active learning, it is the active learning and not the SCALE-UP infrastructure that enhances student performance. As a consequence, we suggest that institutions can modify existing classrooms to enhance student engagement without incorporating expensive technology.",openalex,llm,0.940,unreviewed,,doi:10.1187/cbe.16-03-0126
discarded,Sage or guide? Student perceptions of the role of the instructor in a flipped classroom,Sarah McLean; Stefanie M. Attardi,2018,Active Learning in Higher Education,10.1177/1469787418793725,https://openalex.org/W2885605945,adjacent-subtopic,"Higher education has begun to shift from a teacher-centred instructional approach to a student-centred learning approach; many instructors have embraced this change by developing flipped classrooms. In the flipped classroom, students complete pre-work prior to attending class; this pre-work is often in the form of a video recording, lecture recording or reading. Class time is then repurposed to focus on knowledge application and synthesis rather than delivery. As such, it is suggested that instructors become less sage- and more guide-like in their teaching approach. The impact of the flipped classroom has been mostly positive in research; however, it is unclear whether students actually note and/or value the change in the role of the instructor in the flipped classroom. This study sought to evaluate the perception of the ideal instructor according to students following their experience in a flipped classroom course. Data were collected on students’ perceptions of the instructor prior to, during, and following a flipped classroom experience. Overall, students valued the instructor’s role as a moderator rather than information-deliverer; however, the most important aspect of the flipped classroom, according to the students in this study, was the ability of the flipped classroom to foster greater interaction and learning between students.",openalex,llm,0.890,unreviewed,,doi:10.1177/1469787418793725
kept,Flipping General Chemistry in Small Classes: Students’ Perception and Success,Kelly Hutchinson-Anderson,2019,ACS symposium series,10.1021/bk-2019-1322.ch005,https://openalex.org/W3000321562,refutes-claim; qualifies-claim,"Instructors have been working to enhance student understanding in their classrooms through active learning strategies. Flipped learning is one active learning approach that is becoming more prominent in undergraduate classrooms. This study investigated the impact of students’ grades as well as students’ perceptions of the general chemistry learning environment as the course transitioned from a traditional to partially flipped to completely flipped learning environment. The results of this study indicate that although there was no significant impact on students’ grades, students’ perceptions of the flipped classroom were positive. Students found the flipped classroom to be a more engaging and flexible teaching style and preferred it to the traditional lecture style of teaching. The majority of students believed that this approach was beneficial to their learning as they had increased time in class to practice with their peers, the ability to watch videos at their own pace and multiple times, the opportunity to learn at their own pace, and exposure to the content before class to give them time to process the information.",openalex,llm,0.970,unreviewed,,doi:10.1021/bk-2019-1322.ch005
discarded,Impact of lecturing with the tablet PC on students of different learning styles,Micah Stickel,2009,2009 39th IEEE Frontiers in Education Conference,10.1109/FIE.2009.5350769,https://ieeexplore.ieee.org/document/5350769/,off-topic-false-hit,"Using the tablet PC as a lecturing device offers the instructor a new set of tools upon which their teaching can be based. Since the general student body consists of many different types of learning styles, these new tools can provide a means to reach a wider range of students than the traditional blackboard-based lectures. However, as a first step towards assessing the effectiveness of the tablet PC as a teaching tool, it is important to determine if it is well received by students of all learning styles. It is the purpose of this paper to report on the impact of the tablet PC on the students in four different courses, which were given over a period of three semesters. This impact was measured through a survey which was completed by the students at the end of each term. Overall, the students in all courses (a total sample size of 280) were quite positive about the use of the tablet, with 56% of the students stating that ¿The technology of the tablet...greatly improves my learning experience.¿ It was found that there were no statistically significant differences in how the students of different learning styles responded to the use of the tablet PC. In fact, all learning style groups reacted quite positively to its introduction into the classroom. However, some results indicate that a large group of students have a preference towards a more active classroom. This shows that if the tablet PC is to be an effective means of teaching, its advantages must be leveraged to facilitate an active-learning environment.",ieee,llm,0.980,unreviewed,,doi:10.1109/fie.2009.5350769
discarded,Students' Competitive Preferences on Multiuser Wireless Sensor Classroom Interactive Environment,Ben Chang; Chien Wen Chen,2010,2010 10th IEEE International Conference on Advanced Learning Technologies,10.1109/ICALT.2010.162,https://ieeexplore.ieee.org/document/5572553/,adjacent-subtopic,"The study reports a highly interactive classroom environment in which the students do not use the desktop, laptop or PDA with keyboard, mouse, or pen, but the hand-motion as an input method. The classroom setting is no more one student with one computer, but the whole class with a large shared display and all the students interact with their peers on the display waving their hand and competing with each other simultaneously. Twelve undergraduate students were involved in this study, and their competitive preferences were elaborated. The usability test indicated that the system was acceptable, and the sociability evaluation showed that the classroom climate was changed dramatically.",ieee,llm,0.970,unreviewed,,doi:10.1109/icalt.2010.162
discarded,Comparisons of learning preferences in an engineering program,P.A. Rosati,1996,Technology-Based Re-Engineering Engineering Education Proceedings of Frontiers in Education FIE'96 26th Annual Conference,10.1109/FIE.1996.568536,https://ieeexplore.ieee.org/document/568536/,off-topic-false-hit,"The results are presented of the responses of first year engineering students, fourth year engineering students and faculty to an Index of Learning Styles. This self-report forced-choice instrument classifies the learning preferences of the respondents on four scales: active/reflective, sensing/intuition, visual/verbal and sequential/global. The faculty learning preferences compared with both groups of engineering students were significantly more Reflective, Intuitive, and Visual. The faculty preferences were also significantly less Sequential than the first year student group. Although the faculty ILS learning preference was strongly Visual, even more Visual than the students', they mostly teach in a Verbal style, probably because it is easier to do so. The teaching and presentation of engineering courses would be more effective for the majority of students if they contained elements which appealed to all learning styles, which, these results suggest would require them to incorporate and emphasise more Active, Sensing, Visual and Global components.",ieee,llm,0.990,unreviewed,,doi:10.1109/fie.1996.568536
discarded,The Pivotal Roles of Digital Lecturing Skills on e-Satisfaction and Learning Engagement,Nopriadi Saputra; Harry Sutanto,2023,"2023 International Conference on Informatics, Multimedia, Cyber and Informations System (ICIMCIS)",10.1109/ICIMCIS60089.2023.10348986,https://ieeexplore.ieee.org/document/10348986/,off-topic-false-hit,"For assuring the effectiveness of online learning in higher education, e-satisfaction and learning engagement is increasingly important. This article tries to elaborate e-satisfaction and learning engagement, as well as the influential factors. Do personal perseverance and collaborative learning of the student as well as digital lecturing skills of lectures have a positive impact on e-satisfaction or learning engagement? A cross-sectional survey which have involved 1.094 students from public, private, and international universities in Indonesia. SmartPLS and SEM PLS version 4.0 were utilized to do data analyses. If it is compared to personal perseverance or collaborative learning, digital lecturing skills play a pivotal roles toward e-satisfaction and learning engagement of higher education students.",ieee,llm,0.970,unreviewed,,doi:10.1109/icimcis60089.2023.10348986
kept,Characterizing Engineering Learners’ Preferences for Active and Passive Learning Methods,Alejandra J. Magana; Camilo Vieira; Mireille Boutin,2018,IEEE Transactions on Education,10.1109/TE.2017.2740203,https://ieeexplore.ieee.org/document/8024158/,qualifies-claim,"This paper studies electrical engineering learners' preferences for learning methods with various degrees of activity. Less active learning methods such as homework and peer reviews are investigated, as well as a newly introduced very active (constructive) learning method called “slectures,” and some others. The results suggest that graduate students' perception of the usefulness of the activity increases with its level of activity. For undergraduate students, an increased perception of the usefulness of the activity was observed for lightly active but structured learning methods. Group-based analysis focusing on two types of learners, defined as “instructor-dependent” and “instructor-independent” according to their perception of the usefulness of the classroom lectures, was also performed. The results suggest that instructor-independent learners may benefit more from active learning methods than instructor-dependent learners. For example, instructor-independent undergraduate learners were found to perceive the homework assignment as being more useful than the lectures. Such a preference was not seen in the average group data. In fact, no learning method was found to be perceived as more useful than the lectures, on average. Thus this paper illustrates the pertinence of group-based data analysis.",ieee,llm,0.940,unreviewed,,doi:10.1109/te.2017.2740203
discarded,A Study of Structured Lecture Podcasting to Facilitate Active Learning,David J. Nickles; Daniel D. Suthers,2011,2011 44th Hawaii International Conference on System Sciences,10.1109/HICSS.2011.33,https://ieeexplore.ieee.org/document/5718422/,adjacent-subtopic,"This paper presents an overview of a study of educational podcasting in higher education. This research aims to remedy pedagogical deficiencies in lecture podcasting by structuring content with chapter features designed to facilitate active learning behaviors. Also as mobile media players are quickly becoming ubiquitous, so is media multitasking. However, media multitasking, the processing of multiple information streams, presents challenges for human cognition. This study further investigated relationships in the usage of the chapter features through multitasking preferences and aspects of psychological flow. The study revealed that students used the chapter features as a supporting resource in their lecture study strategies for selection and review behaviors and also to support both their multitasking and flow behavioral preferences. The theory driven method and instrument developed to conduct this research can facilitate future studies.",ieee,llm,0.950,unreviewed,,doi:10.1109/hicss.2011.33
discarded,Modeling Unit of Learning in Learning Management System and Learning Content Management System with User Preference,Kai-li Wang; Philippe Trigano,2009,2009 Ninth International Conference on Hybrid Intelligent Systems,10.1109/HIS.2009.259,https://ieeexplore.ieee.org/document/5254570/,off-topic-false-hit,"As a Learning Management System (LMS) and Learning Content Management System (LCMS), netUniversiteacute provides teachers with course models based on IMS Learning Design. This paper presents the psycho-pedagogical method for the generation of online course of netUniversiteacute. An interactive user questionnaire, integrating the results of lecture and quantitative research, is presented as a part of user model, in form of ontology to mitigate the impact of combinatorial explosion.",ieee,llm,0.990,unreviewed,,doi:10.1109/his.2009.259
kept,AURA-Based Ranking of Teaching Strategies for Business Law: Toward Data-Informed Pedagogy,Mohd Syahril Ibrahim; Zahari Md Rodzi; Amylia Fuziana Azmi; Anie Farahida Omar; Nor Laila Ahmad; Muhammad Mukhlis Kamarul Zaman,2025,2025 6th International Conference on Artificial Intelligence and Data Sciences (AiDAS),10.1109/AiDAS67696.2025.11213914,https://ieeexplore.ieee.org/document/11213914/,supports-claim,"This study explores the application of the Adaptive Utility Ranking Algorithm (AURA), a multi-criteria decision-making (MCDM) method, to evaluate the effectiveness of teaching methodologies in Business Law education. Traditional evaluation approaches often lack structured frameworks and fail to incorporate student-centered metrics or comparative analysis. By applying AURA, this research offers a systematic, data-driven tool for ranking teaching strategies based on multiple qualitative and quantitative criteria. The method's adaptive nature, through its tunable parameter $\alpha$, enables flexible weighting between ideality and overall performance. Findings highlight that combining traditional lectures with active learning methods—such as case-based and problem-based learning—results in improved student engagement and satisfaction. This paper contributes to legal education by providing a replicable framework that supports informed curriculum decisions and enhances learning outcomes. The approach also demonstrates potential for broader application in evaluating educational practices across various disciplines.",ieee,llm,0.750,unreviewed,,doi:10.1109/aidas67696.2025.11213914
