status,title,authors,year,venue,doi,url,tags,abstract,provider,decision_source,llm_confidence,llm_review_outcome,llm_change_direction,paper_id
discarded,The Impact of Generative Artificial Intelligence on Learning Outcomes of College Students: A Meta-Analysis Based on Instructional Design,Ping Yin; Yalin Yin; Ying Zhang; Yixiao Zhang,2025,2025 5th International Conference on Educational Technology (ICET),10.1109/ICET67421.2025.11380803,https://ieeexplore.ieee.org/document/11380803/,off-topic-false-hit,"The rapid iteration of generative artificial intelligence has provided a technological driver for innovation in higher education. However, there is still controversy among researchers regarding whether generative artificial intelligence can improve college students' learning outcomes, and it is unclear how generative artificial intelligence can be effectively integrated into instructional design. Therefore, this study systematically analyzed 32 relevant experimental or quasi-experimental studies from the instructional design perspective using the meta-analysis approach. The results showed that the teaching application of generative artificial intelligence had a moderately positive impact on the learning outcomes of college students. It has shown certain positive effects under different teaching content, teaching resources, teaching modes and teaching evaluation. Moreover, the learning organization form, teaching period and sample size had a significant moderating effect on the learning outcomes of generative artificial intelligence. Based on this, the study put forward some suggestions on the integration of generative artificial intelligence into teaching, in order to provide reference for educators to further practice.",ieee,llm,0.990,unreviewed,,doi:10.1109/icet67421.2025.11380803
discarded,The Current Status of Guided Note-Taking: What we Know and what we have yet to Learn,Victor Guarochico-Moreira; Alex Romero-Vera; Victor Velasco-Galarza; Mayken Espinoza-Andaluz; Sharon Guaman-Quintanilla; Margarita Ortiz-Rojas,2024,2024 IEEE Frontiers in Education Conference (FIE),10.1109/FIE61694.2024.10893130,https://ieeexplore.ieee.org/document/10893130/,adjacent-subtopic,"This research full paper describes a systematic literature review that examines recent contributions to guided note-taking over the past five years. Guided notes, a widely used instructional strategy, involve providing teacher-prepared structured material to students during lectures to enhance learning outcomes. Almost 50 years of research have proven that guided notes can benefit learning, aid self-regulation and metacognition, alleviate cognitive load during note-taking, and scaffold generative learning. Previous reviews have shown the effectiveness of guided notes, with the last one focusing on aspects such as teaching modality, types of knowledge, content areas, participation, and attendance. Since this predates the COVID-19 pandemic, there is a need to understand how the field has evolved, especially in terms of modality. Inclusion and exclusion criteria for identifying relevant studies were employed. Peer-reviewed journal articles published between late 2019 and early 2024 were included, focusing on primary research addressing guided note-taking in higher education. Comprehensive searches were conducted across academic databases, such as SCOPUS, Web Of Sciences, and Taylor&Francis. The PRISMA model was followed to identify and assess eligibility and include relevant articles in the review. A table was constructed to synthesize and summarize the selected studies. The review findings are categorized according to key aspects, including the effectiveness of guided notes in higher education disciplines, their impact on student engagement, the theoretical framework behind them, and variations in implementation. Special attention is given to emerging trends and technological innovations when delivering guided notes. The review also discusses limitations identified during the synthesis process, offering insights into aspects that require further investigation. This systematic literature review provides a comprehensive overview of the recent progress in guided notes over the past five years, synthesizing existing literature to explore the effectiveness of guided notes across various disciplines, their impact on student engagement, the underlying theoretical frameworks, and the diverse implementation strategies observed. By analyzing the latest research findings and emerging trends in guided note-taking practices, this review offers valuable insights for educators, researchers, and organizations seeking to optimize student learning experiences and outcomes in higher education settings.",ieee,llm,0.970,unreviewed,,doi:10.1109/fie61694.2024.10893130
discarded,Using Chatbots to teach English as a foreign language: A systematic literature review from 2010 to 2023,Xinran Xu; Yuxuan Wang; Zeyue Shang; Ling Jiang; Heng Luo,2024,2024 International Symposium on Educational Technology (ISET),10.1109/ISET61814.2024.00028,https://ieeexplore.ieee.org/document/10685813/,off-topic-false-hit,"This study conducts a systematic review of the research on the utilization of chatbots for supporting English as a Foreign Language (EFL) instruction in K-12 and higher education settings from 2010 to 2023. The study adheres to the PRISMA methodology guidelines and searches open access empirical studies in three renowned databases: Web of Science, Scopus, and IEEE Xplore. Ultimately, a total of 42 empirical studies are selected as the research sample library for this comprehensive review. The analysis focuses on four interconnected aspects of chatbot-supported EFL teaching: instructional context, instructional design, technical features, and application effects. The findings unveil current research trends and shed light on the teaching environment surrounding chatbots in EFL instruction. Furthermore, this review highlights the technological affordances offered by chatbots while reporting both their effects and limitations based on existing studies. Finally, new avenues for future research in chatbot-based EFL instruction are proposed.",ieee,llm,0.990,unreviewed,,doi:10.1109/iset61814.2024.00028
kept,Gamified flipped classroom in higher education: a meta-analysis of (moderated) cognitive and non-cognitive effects,"Popa, Nicoleta Laura; Assante, Monica Gabriela",2026,JOURNAL OF APPLIED RESEARCH IN HIGHER EDUCATION,10.1108/JARHE-11-2025-0926,https://www.webofscience.com/wos/woscc/full-record/WOS:001792094700001,supports-claim; qualifies-claim,"Purpose - The main goal of this meta-analytic study was to explore the effects of the gamified flipped classroom (GFC) in higher education, considering both cognitive (i.e. academic achievement) and non-cognitive (i.e. motivation and engagement) learning outcomes. Design/methodology/approach - The search in the Scopus, Web of Science and EBSCO databases yielded 26 relevant experimental and quasi-experimental studies. The meta-analysis followed the PRISMA guidelines (Preferred Reporting Items for Systematic Reviews and Meta-Analyses), and CMA (Comprehensive Meta-analysis version 4) was used for statistical analyses. Overrepresentation of studies reporting multiple outcomes was controlled by using one effect size per outcome category per study. Findings - The overall pooled effect sizes indicate positive GFC effects on both cognitive (g = 0.921) and non-cognitive outcomes (g = 0.735). These estimates are interpreted cautiously, given the substantial heterogeneity across studies and small-study effects for cognitive outcomes. Moderator analyses for cognitive outcomes indicate that incorporating gamification in pre-class activities was associated with higher effects. Other examined moderators failed to explain the variation across studies. Tests for publication bias, such as funnel plots and Egger's regression, did not indicate substantial bias overall, although some asymmetry was observed. Originality/value - The study provides additional evidence that GFC is a promising pedagogical approach in higher education, especially when gamification is employed pre-class. It uniquely investigates variations in GFC effectiveness by the type of comparison condition (traditional lecture or non-gamified flipped classroom), and contextual factors (intervention length, gender composition and geographic location), as well as gamification timing, issues that are seldomly explored in previous studies, but highly relevant for instructional design.",wos,llm,0.980,unreviewed,,doi:10.1108/jarhe-11-2025-0926
kept,Application of flipped classroom in surgical education: a systematic review and meta-analysis,"Cheng, Rui; He, Sike; Wang, Yuan; Ren, Huan; Zhang, Xingming; Bai, Yunjin",2026,FRONTIERS IN MEDICINE,10.3389/fmed.2026.1841948,https://www.webofscience.com/wos/woscc/full-record/WOS:001789079500001,qualifies-claim,"Background: Surgical education is crucial to patient care as it trains surgeons and equips medical students with knowledge and skills. Flipped classroom (FC) is an active teaching approach that has shown potential in medical education, but its impact on surgical education remains unclear. This study aimed to evaluate the effectiveness of FC compared with traditional lecture (TL) in surgical education. Methods: Web of Science, PubMed, Embase, Cochrane Library, and ClinicalTrials.gov were searched following a predefined protocol. Risk of bias was assessed by the Cochrane Risk of Bias Assessment Tool (version 2) and the ""Risk of Bias"" tool from the Cochrane Effective Practice and Organization of Care Group. The certainty of evidence (CoE) was measured applying the Grading of Recommendations, Assessment, Development, and Evaluations (GRADE) system. Pooled effects of FC over TL were calculated using standard mean differences (SMDs) and 95% confidence intervals (CIs). Subgroup analyses were performed to explore potential sources of heterogeneity. Results: A total of 11 studies were included in the systematic review and nine in the meta-analysis. FC showed significant benefits over TL in improving learning outcomes as measured by total scores (SMD = 0.37, 95% CI: 0.11-0.63, p = 0.005), theoretical scores (SMD = 0.32, 95% CI: 0.09-0.54, p = 0.005), and operational scores (SMD = 0.56, 95% CI: 0.33-0.78, p < 0.00001). Study design, study direction, continent, curriculum type, and exam type may affect heterogeneity. The GRADE showed high CoE for total and operational scores and moderate CoE for theoretical scores in randomized studies, but very low CoE for three outcomes in non-randomized studies. Conclusion: Current evidence suggests that FC may be more effective in surgical education for improving students' academic performance compared with TL. It may serve as a promising approach for surgical education. More high-quality studies are expected to confirm these findings.",wos,llm,0.940,unreviewed,,doi:10.3389/fmed.2026.1841948
kept,Methodological gaps and domain imbalances in flipped learning reviews: A critical umbrella review,"Arslan, Abdullah",2026,INTERNATIONAL JOURNAL OF ASSESSMENT TOOLS IN EDUCATION,10.21449/ijate.1692300,https://www.webofscience.com/wos/woscc/full-record/WOS:001714667500001,qualifies-claim,"This critical umbrella review (UR) examined methodological rigor and outcome assessment practices in flipped learning (FL) research syntheses. A systematic analysis of 41 reviews (2017-2023) spanning STEM, medical/health sciences, and social sciences identified significant methodological concerns and domain imbalances in reported outcomes. The analysis revealed widespread inconsistencies in primary source selection, with most reviews excluding grey literature. Inadequate quality assessment practices were evident, with over half lacking formal risk of bias evaluation. The analysis also found variable approaches to publication bias assessment and potential language bias, with most reviews limiting inclusion to English-language publications. The analysis further reveals a pronounced imbalance in outcome domains. Cognitive outcomes dominated, particularly academic achievement. The affective and interpersonal domains received substantially less attention despite their theoretical importance to FL pedagogy. The paucity of specified cognitive metrics in numerous reviews was a matter of particular concern, whilst the near absence of metric reporting for affective and interpersonal outcomes was even more concerning. In addition, the psychometric properties of instruments were rarely critically evaluated. Although reviews consistently identified active learning, selfpaced instruction, and increased interaction as key mechanisms for FL effectiveness, many failed to provide substantive exploration of how these mechanisms operate within specific disciplinary contexts. This critical synthesis highlights the need for methodological improvements in FL reviews, including comprehensive literature sourcing, rigorous quality assessment, expanded domain focus beyond cognitive outcomes, and deeper mechanism exploration to strengthen the evidence base guiding educational practice.",wos,llm,0.990,unreviewed,,doi:10.21449/ijate.1692300
discarded,Innovative Didactic Learning Formats: Have They Improved Dental Education? A Systematic Review and Meta-Analysis,"Arias, Ana; Seo, Min-Seock; Gancedo-Caravia, Lucia; Fernandez-Garcia, Isabel; Perez-Higueras, Juan Jose",2026,INTERNATIONAL ENDODONTIC JOURNAL,10.1111/iej.70006,https://www.webofscience.com/wos/woscc/full-record/WOS:001560674700001,adjacent-subtopic,"Background: New learning methods require higher professor-to-student ratios, increased faculty preparation time, continuous professional development for educators, and expanded physical spaces within university settings. Objectives: This systematic review aimed to answer the following PICO question: In dental students (P), what is the effectiveness of innovative formats of learning (I) in comparison with traditional formats (C) in terms of educational outcomes and satisfaction (O)? Methods: After PROSPERO protocol registration, a literature search was conducted using Web of Science (WoS), Scopus, PubMed and Cochrane Central Register of Controlled Trials. Selection of studies was performed in a three-step process: identification, screening and eligibility. Data was extracted and analysed qualitatively and quantitatively. A random-effects meta-analysis was conducted to provide an estimate of the effect of innovative teaching formats in dental education. Additionally, subgroup analyses were performed to investigate potential differences in effectiveness based on the type of innovative teaching intervention. Results: One hundred and nineteen studies matched the inclusion criteria and were included in the systematic review. A meta-analysis of 23 studies (1074 students in the control and 1021 in the experimental group) revealed significant differences in favour of innovative teaching methods (p < 0.00001) with considerable heterogeneity (chi(2) = 297.46, p < 0.00001; I-2 = 93%). Subgroup analysis also revealed significantly different results depending on the innovative teaching approach (p = 0.02). Both asynchronous independent learning and synchronous learning, either in a large group with the whole class of students using blended learning or in small groups, resulted in a significantly better outcome than traditional learning (overall effect: Z = 5.85; p < 0.00001); however, synchronous blended learning showed a significantly better outcome than the rest of the subgroups (mean difference = 16.59; 95% CI = 9.03-24.15). The quality of the studies varied, with some facing methodological challenges such as inconsistent outcome measurement, which can impact the generalisability of the findings. Conclusions: Innovative strategies lead to superior knowledge acquisition in comparison with traditional methods. Subgroup analyses favoured synchronous blended learning, but both asynchronous independent learning and synchronous learning formats, whether implemented in large-group settings via blended approaches or in small-group environments, are more effective than traditional instruction.",wos,llm,0.760,unreviewed,,doi:10.1111/iej.70006
discarded,Effectiveness of blended learning on students' learning performance: a meta-analysis,"Yu, Qing; Yu, Kun; Li, Baomin; Wang, Qiyun",2025,JOURNAL OF RESEARCH ON TECHNOLOGY IN EDUCATION,10.1080/15391523.2023.2264984,https://www.webofscience.com/wos/woscc/full-record/WOS:001196143900001,adjacent-subtopic,"Blended learning (BL) has become a significant way to promote education reform and development. However, the effectiveness of BL on students' learning is questioned, and some pedagogy and course design issues also need to be clarified. This meta-analysis investigated the effects of BL while also examining whether eleven moderators would affect BL's effects. A total of 133 empirical studies consisting of 18,464 participants were identified. The results showed that BL had an upper-medium effect on students' learning performance (Hedges' g = 0.651, p < 0.001). Further, moderator analyses showed that the teaching method, proportion of online learning, type of online interaction, region, and publication year had moderating effects. These new findings can improve BL. Finally, the impacts of BL and moderators were discussed, and the implications, limitations, and future directions were provided.",wos,llm,0.960,unreviewed,,doi:10.1080/15391523.2023.2264984
discarded,The Effect of Innovative Learning on Student Achievement in Indonesia: A Meta-Analysis,"Nurhayati, Riana; Suranto, Suranto; Dwiningrum, Siti Irene Astuti; Retnawati, Heri; Herwin, Herwin",2023,PEGEM EGITIM VE OGRETIM DERGISI,10.47750/pegegog.13.03.17,https://www.webofscience.com/wos/woscc/full-record/WOS:001129922000039,adjacent-subtopic,"This study aims to describe the effect of innovative learning on student achievement through meta-analysis. Data collection was carried out by documenting research produced from various sources collected via the internet in accordance with the title of this research. These articles were published from 2012 to 2022, from journal articles in Indonesia. This article that discusses the effect of innovative learning on student achievement is focused on research that has been carried out in Indonesia and analyzed with a quantitative approach, namely describing data in the form of sample size, standard deviation, and average. A learning process by utilizing innovative learning methods consisting of Discovery learning, Inquiry learning, Flipped classroom, Project based learning, Blended learning with blogs, Game based and Self organized learning environments (sole). The articles used are those published in journals indexed by Google Scholar. The design of the analysis used the average with the random effect method with Restricted ML. The analysis uses JASP software to calculate the average difference in the aggregate, draw the forest plot, and its publication bias. The results of the analysis obtained from 50 articles that match the criteria show that there is a significant increase in student achievement with innovative learning, so that innovative learning affects student achievement in Indonesia. The study was declared free of potential bias as evidenced by the results of the Forest Plot and compared the results of the Funnel Plot using the Trim and Fill method. This study recommends the use of learning innovations both in the education system in Indonesia as well as in the global education system.",wos,llm,0.880,unreviewed,,doi:10.47750/pegegog.13.03.17
discarded,Teaching occupational health and safety in engineering using active learning: A systematic review,"Neto, Italo Rodeghiero; Amaral, Fernando Goncalves",2024,SAFETY SCIENCE,10.1016/j.ssci.2023.106391,https://www.webofscience.com/wos/woscc/full-record/WOS:001131939600001,adjacent-subtopic,"Occupational Health and Safety (OHS) teaching within engineering is complex due to its multidisciplinary and the difficulty of reproducing its definitions in the classroom dynamically and attractively. An alternative to overcome these problems is using active learning strategies since they assist in developing knowledge and different competencies from a different perspective than traditional ones. Therefore, this study aims to investigate the Active Learning strategies used to teach OHS in engineering, showing their main characteristics and advantages. A Systematic Literature Review was performed with the help of the PRISMA protocol based on three research questions. Sixty-two articles were selected for analysis, covering quantitative and qualitative analyses. The main findings observed in this study were the three Active Learning strategies currently utilized (Problembased Learning, Project-based Learning, and Gamification) and the different advantages, disadvantages, and skills developed. The results also indicate various advantages of these approaches. Finally, the other OHS subjects were related to each strategy, enabling professionals in this field to obtain theoretical support and be incentivized to apply active learning to improve students' engagement and learning performance relating OHS. Concerning the practice, it was possible to observe several limitations involving the university, such as the infrastructure for training and the incentive for the teacher to use active learning, for example, workload and excessive administrative demands, and for the student, such as lack of commitment and resistance to change.",wos,llm,0.920,unreviewed,,doi:10.1016/j.ssci.2023.106391
