status,title,authors,year,venue,doi,url,tags,abstract,provider,decision_source,llm_confidence,llm_review_outcome,llm_change_direction,paper_id
kept,Constructing and Validating a Flipped Classroom Framework for College Physical Education,E. Xu,2026,Journal of Cases on Information Technology,10.4018/JCIT.406097,https://www.scopus.com/inward/record.uri?partnerID=HzOxMe3b&scp=105039093051&origin=inward,supports-claim,"To address limitations of traditional college physical education teaching, this study constructs and validates a flipped classroom framework for college physical education. The framework features a “pre-class knowledge input–in-class ability transformation–post-class consolidation and extension” closed-loop structure, relies on “resources, interaction, and feedback” as core supports, drives dual role shifts of teachers and students, and includes differentiated designs for skill- and fitness-dominant sports, plus supporting conditions. A quasi-experiment with 245 students split into experimental and control groups, using methods like repeated-measures Analysis of Variance and hierarchical linear model, showed the following: by week 12, the experimental group's skill mastery was 1.5x that of the control; effective training time reached 68.4%, 41.9% were in “high autonomy-high competence” motivation, and the flipped model boosted skills via more in-class interaction and better resource matching, reducing initial fitness' influence. Challenges and future directions are also noted.",scopus,llm,0.970,unreviewed,,doi:10.4018/jcit.406097
discarded,A Generative AI-Supported Flipped Classroom Model for Personalized Skill Training in Engineering Woodworking Education,H.C. Lin,2026,Lecture Notes in Computer Science,10.1007/978-3-031-98197-5_39,https://www.scopus.com/inward/record.uri?partnerID=HzOxMe3b&scp=105011964012&origin=inward,adjacent-subtopic,,scopus,llm,0.720,unreviewed,,doi:10.1007/978-3-031-98197-5_39
discarded,Integrating Innovative Methods and Technologies for Improved Classes in Computer Architectures,A. Chikurteva,2026,Springer Proceedings in Mathematics and Statistics,10.1007/978-3-032-00914-2_52,https://www.scopus.com/inward/record.uri?partnerID=HzOxMe3b&scp=105029415601&origin=inward,adjacent-subtopic,"Computer architectures are a fundamental discipline in higher education, especially in the field of computer science and engineering. This article examines the possibilities for integrating innovative methods and technologies into the curriculum in Computer Architectures in Higher Education. The main goal of this integration is to increase the quality of education and provide students with practice-oriented knowledge and skills that meet the requirements of modern industry. The study proposes the introduction of Project-Based Learning, the possibilities for combining with other methods, such as flipped classroom and problem-based learning, which improve students' practical skills and engagement, are presented. Also, the use of technology platforms, virtual laboratories and simulation environments is introduced, which facilitate training and provide opportunities to work with real engineering tasks. The integration of modern teaching methods and innovative technologies in the teaching of Computer Architectures is key to providing high-quality and up-to-date education. Such approaches not only prepare students for future professional challenges, but also create a more engaging and effective learning environment in which theoretical concepts are directly related to practical applications.",scopus,llm,0.930,unreviewed,,doi:10.1007/978-3-032-00914-2_52
kept,Linking Motivation and Learning Strategy Changes to Learning Outcomes in a Flipped Engineering Laboratory,H. Lee,2026,International Journal of Engineering Education,,https://www.scopus.com/inward/record.uri?partnerID=HzOxMe3b&scp=105046313870&origin=inward,qualifies-claim,,scopus,llm,0.670,unreviewed,,hash:8395d72c8b7c1d9c
discarded,"Collaboration, Flipped Classrooms and the Challenge of Board Tutorials in Mathematics Education",A. Bowen-James,2026,Communications in Computer and Information Science,10.1007/978-3-032-22202-2_7,https://www.scopus.com/inward/record.uri?partnerID=HzOxMe3b&scp=105039954363&origin=inward,adjacent-subtopic,,scopus,llm,0.650,unreviewed,,doi:10.1007/978-3-032-22202-2_7
discarded,"Teaching Interactive Music Systems: a Research-Oriented, Project-Based Graduate Course in a Multidisciplinary Master’s Program",S. Fasciani,2026,Proceedings of the International Conference on New Interfaces for Musical Expression,,https://www.scopus.com/inward/record.uri?partnerID=HzOxMe3b&scp=105051036765&origin=inward,off-topic-false-hit,,scopus,llm,0.940,unreviewed,,hash:be00f7b1cb741cfb
discarded,Future-Ready Digital Learning: Scaling Sustainability Through Global Tech Innovations,V.A. Sri Ramuloo,2026,Sustainability and Green Technology Adoption in Education,10.1201/9781003678069-17,https://www.scopus.com/inward/record.uri?partnerID=HzOxMe3b&scp=105050546806&origin=inward,off-topic-false-hit,,scopus,llm,0.970,unreviewed,,doi:10.1201/9781003678069-17
kept,Engineering Students’ Perceptions of a Flipped English-Medium Instruction Course: Insights from a Taiwanese University,Y.C. Lin,2026,International Journal of Engineering Education,,https://www.scopus.com/inward/record.uri?partnerID=HzOxMe3b&scp=105030655067&origin=inward,qualifies-claim,,scopus,llm,0.680,unreviewed,,hash:11f6b0bf8cc15657
discarded,A Methodological Proposal as a Learning Tool for Financial Accounting in Higher Education,I.L.E. Rosalía,2026,Lecture Notes in Networks and Systems,10.1007/978-3-032-09074-4_38,https://www.scopus.com/inward/record.uri?partnerID=HzOxMe3b&scp=105027215114&origin=inward,off-topic-false-hit,,scopus,llm,0.890,unreviewed,,doi:10.1007/978-3-032-09074-4_38
discarded,"11th International Conference on Mathematics and Computing, ICMC 2025",,2026,Lecture Notes in Networks and Systems,,https://www.scopus.com/inward/record.uri?partnerID=HzOxMe3b&scp=105028295086&origin=inward,off-topic-false-hit,,scopus,llm,0.990,unreviewed,,hash:0734b66167d0a709
discarded,A Framework for Teaching Rapid Application Development of Innovative Sensor Networks,W. Koch,2026,2026 49th Mipro ICT and Electronics Convention Mipro 2026 Proceedings,10.1109/MIPRO70003.2026.11591706,https://www.scopus.com/inward/record.uri?partnerID=HzOxMe3b&scp=105046196146&origin=inward,adjacent-subtopic,"Bridging the gap between theory and practice remains a key challenge in engineering education, especially in embedded systems and IoT. This paper presents a hands-on framework for teaching Rapid Application Development (RAD) of sensor networks through iterative prototyping and project-based learning. The approach integrates Flipped Classroom pedagogy, modular software development, real-time hardware integration, and RAD principles, enabling students to move quickly from conceptual design to functional systems Learning activities are organized into Pre-Class, In-Class, and Post-Class phases, with instructors acting as coaches during interactive sessions. Multimedia-supported learning uses Mediathread, a collaborative annotation tool, while software development relies on the Information System Factory, a 4GL-based integrated environment. Hardware experimentation uses MatCube containers combining single-board computers, sensors, and actuators connected via I2C or WLAN. The framework is demonstrated through a project example where students design and implement a simple weather station using low-cost microcontrollers and wired/wireless modules. The system is cloud-independent, relying solely on SBCs or small networks, making it low-cost and energy-efficient for edge or resource-constrained IoT deployment. Evaluation is envisioned to address student engagement, technical skills, and system design ability. As the course has not yet been implemented, the proposed framework is currently presented as a conceptual model. However, the project developed as part of the proposed project-based learning approach has been implemented and its functionality has been functionally validated. It is anticipated that applying Rapid Application Development (RAD) principles will help bridge the gap between theory and practice, offering a scalable and adaptable approach for experiential learning in embedded systems and IoT education.",scopus,llm,0.930,unreviewed,,doi:10.1109/mipro70003.2026.11591706
discarded,Teaching for Tomorrow: Bridging Schooling and Engineering Education for Gen Z Learners,N. Nagula,2026,Gseact 2026 2026 IEEE Global Symposium on Emerging and Communication Technologies,10.1109/GSEACT68539.2026.11620385,https://www.scopus.com/inward/record.uri?partnerID=HzOxMe3b&scp=105047923529&origin=inward,adjacent-subtopic,"Educational institutions at both school and higher education levels have made significant advancements in pedagogy, infrastructure, and learner engagement. Schools following curricula such as CBSE, IB, IGCSE, and state boards have adopted modern, student-centered teaching methodologies that promote inquiry-based and technology-enhanced learning. Simultaneously, engineering colleges in India are progressing towards outcome-based education, adopting pedagogical innovations like project-based learning, flipped classrooms, and collaborative strategies. However, despite these independent advancements, a noticeable gap exists when students transition from school to engineering education one that challenges continuity in learning experiences and expectations. This study explores the behavioral, academic, and cognitive shifts experienced by Generation Z students during this transition. Through survey-based data collected from school students and first-year engineering undergraduates, the paper investigates differences in learning environments, student expectations, and faculty preparedness. It also examines the limitations faculty face in engaging digital-native learners whose schooling experiences differ significantly from the traditional lecture-based engineering classroom. In addition to analyzing current dynamics, the paper anticipates the entry of Generation Alpha learners into higher education students likely to possess even more advanced digital exposure and personalized learning needs. The study emphasizes the urgency of faculty development, institutional alignment, and mindset evolution to accommodate this future cohort. By identifying the disconnect and proposing structured strategies to bridge it, the paper contributes to ongoing discussions around learner-centered transitions, adaptive teaching models, and future-ready faculty preparedness in engineering education.",scopus,llm,0.920,unreviewed,,doi:10.1109/gseact68539.2026.11620385
discarded,The Future of Accounting and Finance Education in the Era of Sustainability and Digitalisation,U. Khalid,2026,Sustainability in Accounting and Finance Education Innovative Approaches Linking Csr Digital Transformation and Pedagogical Practice,10.1108/978-1-80686-393-820261002,https://www.scopus.com/inward/record.uri?partnerID=HzOxMe3b&scp=105051666204&origin=inward,off-topic-false-hit,"Abstract Accounting and finance education is undergoing significant change, shaped by the demand for sustainable practices and the rapid expansion of digital technologies. Recent frameworks such as IFRS S1 and S2, the EU Corporate Sustainability Reporting Directive and India’s Business Responsibility and Sustainability Reporting (BRSR) indicate that knowledge of environmental, social and governance (ESG) issues is no longer optional but central to graduate competencies (IFRS Foundation, 2024). Alongside this, digital tools including artificial intelligence, blockchain and data analytics are increasingly embedded in professional practice, requiring students to develop both financial expertise and digital fluency. Universities are responding, though with varied success. In the United Kingdom and parts of Europe, sustainability is now embedded in core modules, whereas colleagues in China and India report slower progress due to faculty training needs and limited infrastructure. Pedagogical innovations such as flipped classrooms and simulations have produced mixed outcomes: students may engage with interactive tasks but still face difficulties applying concepts in traditional assessments. Faculty development remains inconsistent, and digitalisation introduces its own paradox. Technologies such as blockchain can facilitate sustainability reporting yet consume significant energy, raising questions about whether tools used to teach sustainability align with environmental goals (IEA, 2023). Despite these tensions, the direction of travel is clear. Accounting and finance education is being redefined by regulation, digitalisation and global pressures, with the challenge lying in preparing graduates who can combine technical competence with ethical reasoning and a broad international outlook.",scopus,llm,0.940,unreviewed,,doi:10.1108/978-1-80686-393-820261002
discarded,Innovative Pathways: Leveraging Experiential Learning to Prepare Gen Z for the Evolving Workplace,C. Botting,2026,Approaching the Classroom Creatively,10.4324/9781003627890-24,https://www.scopus.com/inward/record.uri?partnerID=HzOxMe3b&scp=105046527639&origin=inward,adjacent-subtopic,"This chapter looks at how experiential entrepreneurship education can prepare Generation Z students for working life today. It draws on our experience of co-leading a large interdisciplinary undergraduate module in Business Planning and Sustainable Entrepreneurship at the University of York. We argue that entrepreneurship education can do more than help students think about starting ventures. It can also help them develop the skills and awareness they will need in a wide range of professional settings. The chapter describes a student-centred approach built around flipped learning, team-based work, problem-based tasks, authentic assessment, reflective practice, and the open use of generative AI. It also explores the problem of uneven contribution in group work. We suggest that this is often treated too narrowly as free riding, when in practice it may reflect a mix of circumstances such as transcultural communication challenges, differences in student confidence, varying levels of language ability, and the pressures faced by commuter and working students. In response to these issues, we outline practical teaching strategies, including clearer teamwork structures, embedded skills support, regular small group tutorials, and structured reflection carried out by students at the end of their team based experiential learning experience. This chapter sets out an approach that colleagues in higher education may be able to adapt in their own teaching, particularly where the aim is to prepare students for collaborative and ethical professional practice.",scopus,llm,0.900,unreviewed,,doi:10.4324/9781003627890-24
discarded,Perceptions of Classroom ‘‘Surroundings’’ after COVID-19: Application of the Community of Inquiry Theoretical Framework,R.M. Clark,2026,International Journal of Engineering Education,,https://www.scopus.com/inward/record.uri?partnerID=HzOxMe3b&scp=105030661108&origin=inward,off-topic-false-hit,,scopus,llm,0.810,unreviewed,,hash:6453cdae2cfe9ed2
discarded,Design and Teaching Practice of Virtual Simulation Experiment for Testing Ultra-High-Speed Electro-Optic Modulation Chips for Optoelectronic Information Major,F. Jiang,2026,Guangxue Xuebao Acta Optica Sinica,10.3788/AOS251717,https://www.scopus.com/inward/record.uri?partnerID=HzOxMe3b&scp=105048076668&origin=inward,adjacent-subtopic,"Objective Conventional experimental teaching methods for ultra-high-speed electro-optic modulation (UHS-EOM) chip testing face multiple challenges, including high equipment costs, expensive consumables, significant operational risks, and stringent requirements for cleanroom environments. These constraints severely limit the scalability of such experiments in undergraduate education. To address this issue, this paper designs and develops a virtual simulation-based experimental system for testing UHS-EOM chips. The system constructs corresponding 3D simulation models based on actual devices and chip structures. With reference to optical chip testing platforms, virtual simulation experiments are designed to cover key performance parameters of thin-film lithium niobate (TFLN)-based UHS-EOM chips, including half-wave voltage, electrical parameter, and electro-optic bandwidth test systems. Furthermore, an integrated online and offline hybrid teaching and assessment model encompassing ""teaching-learning-practicing- evaluating"" is introduced, enabling comprehensive experimental instruction across the full chain of ""theory-design-fabrication- testing"". This approach provides scalable practical training in optical chip testing for undergraduate students in optoelectronics, while also offering a new pathway for pre-research technical training for graduate students entering relevant scientific laboratories. With the widespread application of 5G technology and the comprehensive deployment of large-scale artificial intelligence models, there are increasing demands for the speed and efficiency of information processing. The national strategy explicitly emphasizes deepening industry-academia-research collaboration in talent cultivation, encouraging relevant universities and research institutes to accelerate the training of innovative talents to meet the urgent needs of the optical chip industry. As a core component for achieving ultra-high-speed, large-capacity optical communication and optical computing, ultra-high-speed electro-optic modulator chips rely critically on their testing processes, which constitute one of the key manufacturing steps. For students in optoelectronic disciplines, mastering the knowledge and skills related to ultra-high-speed electro-optic modulator chip testing is essential for engaging with cutting-edge scientific research and adapting to the future development of the optoelectronic information industry. As such, training in UHS-EOM chip testing is not only a vital component of the innovative experimental curriculum for undergraduates but also a fundamental skill for graduate students entering related research laboratories. However, traditional experiments face significant limitations, including high costs, the need for ultra-precise experimental control, and lengthy operational procedures. These constraints restrict traditional offline UHS-EOM chip testing to research laboratories, severely hindering its application in large-scale innovative talent training. To address these challenges, we have designed and developed a virtual simulation teaching system for TFLN UHS-EOM chip testing. The testing content covers key performance parameters of UHS-EOM chips, such as half-wave voltage, electrical parameters, and electro-optic bandwidth.

