status,title,authors,year,venue,doi,url,tags,abstract,provider,decision_source,llm_confidence,llm_review_outcome,llm_change_direction,paper_id
discarded,A Critical Systematic Review of the Impact of the Flipped Classroom Methodology on University Students’ Autonomy,H. Galindo-Domínguez,2025,Trends in Higher Education,10.3390/higheredu4020022,https://www.scopus.com/inward/record.uri?partnerID=HzOxMe3b&scp=105010242203&origin=inward,adjacent-subtopic,"In recent years, the Flipped Classroom methodology has garnered significant interest among educators due to its potential to provide students with the flexibility to learn wherever and whenever they want. It is believed that this change in teaching may enable students to self-manage, becoming more independent and autonomous. To investigate whether the use of Flipped Classroom can help students become more autonomous, a systematic review was conducted using the PRISMA method, searching through major national and international databases. A total of 38 studies (n = 2420 students) were collected and classified based on the validity of the research design employed. The analyses revealed that although Flipped Classroom can contribute to the development of students’ learning autonomy, there are certain doubts regarding this assertion, as results from studies with higher validity point to mixed outcomes. In order to obtain a more accurate understanding of reality, it is highly recommended that future studies examining the impact of the Flipped Classroom methodology on students’ learning autonomy address the limitations found in the literature, such as the scarcity of longitudinal designs with randomized control groups, the lack of studies conducted in non-university stages, and the small quantity of participants used in interventions.",scopus,llm,0.880,unreviewed,,doi:10.3390/higheredu4020022
discarded,Educational outcomes of emerging teaching methods in undergraduate nursing education: A systematic review and meta-analysis protocol,M. Almekkawi,2025,BMJ Open,10.1136/bmjopen-2025-101478,https://www.scopus.com/inward/record.uri?partnerID=HzOxMe3b&scp=105006463412&origin=inward,adjacent-subtopic,"Introduction Undergraduate nursing education is essential in preparing competent and compassionate healthcare professionals capable of addressing the complex challenges in today’s healthcare landscape. This protocol proposes a systematic review of the educational outcomes of virtual/augmented reality, flipped classrooms, team-based learning and gamification compared with traditional or didactic methods in undergraduate nursing education. Methods and analysis A systematic review protocol based on Preferred Reporting Items for Systematic Reviews and Meta-Analysis Protocol guidelines will be conducted. Experimental and observational studies published from 2014 through 2024 will be identified by searching the electronic databases PubMed, Scopus, Embase, Web of Science and CINAHL that compare emerging with traditional or didactic teaching methods among undergraduate nursing students. Two reviewers will independently assess titles and abstracts to identify relevant studies based on eligibility criteria. Two additional reviewers will extract data from full-text articles that meet these criteria, evaluate the risk of bias and assess the quality of the selected studies. The meta-analysis will include effect size, heterogeneity, subgroup analyses and publication bias tests. Ethics and dissemination Ethics approval is not required. The publication will be in peer-reviewed journals and presented at national and international conferences. PROSPERO registration number CRD42024618288.",scopus,llm,0.980,unreviewed,,doi:10.1136/bmjopen-2025-101478
kept,The Effectiveness of Flipped Classroom in English Language Learning: A Meta-Analysis,T. Jantakoon,2025,World Journal of English Language,10.5430/wjel.v15n3p50,https://www.scopus.com/inward/record.uri?partnerID=HzOxMe3b&scp=85215374538&origin=inward,supports-claim; qualifies-claim,"The Flipped Classroom (FC) model, a teaching method used in various educational settings, including language learning, aims to improve student engagement and understanding. Its application in English language learning involves restructuring traditional teaching and learning methods. This study was meticulously designed to assess FC's effectiveness in improving English language proficiency. A comprehensive meta-analysis was conducted on research articles from January 2021 to November 2023, retrieved from ERIC and the Scopus Index. After a rigorous independent review and data extraction process by two reviewers, nine studies with a total of 705 participants were included. The methodological quality of the selected articles was evaluated using the Fail-Safe N for Publication Bias Assessment. The results, which showed that FC was more effective than conventional methods in enhancing overall English language proficiency (SMD=0.85, 95% CI -0.57 to 1.12, P<.001, I2=65.45%), knowledge (SMD=0.84, 95% CI -0.55 to 1.12, P<.001, I2=49.49%), and skills (SMD=0.70, 95% CI -0.30 to 1.11, P<.01, I2=75.97%), instill confidence in the robustness of our findings. These results suggest that FC has the potential to significantly improve English language acquisition outcomes. However, further research with larger sample sizes is needed to confirm and strengthen these results.",scopus,llm,0.980,unreviewed,,doi:10.5430/wjel.v15n3p50
kept,MOTIVATION IN ENGLISH LANGUAGE TEACHING AND LEARNING THROUGH THE ICT-MEDIATED FLIPPED CLASSROOM MODEL: A SYSTEMATIC LITERATURE REVIEW IN INTERNATIONAL CONTEXTS,J.A.Á. Martínez,2025,Journal of Educators Online,10.9743/JEO.2025.22.3.10,https://www.scopus.com/inward/record.uri?partnerID=HzOxMe3b&scp=105007625235&origin=inward,supports-claim; qualifies-claim,"This systematic review synthesizes evidence on the impact of integrating Information andCommunication Technology (ICT) and the flipped classroom model (FCM) on student motivation, engagement, and English language proficiency.Relevant studies from 2015 to 2023 were identified through electronic databases.Eligible studies examined the integration of ICT and FCM in English language teaching.A narrative synthesis was performed on 66 studies involving over 10,000 students.Findings showed favorable outcomes for student motivation, engagement, and English proficiency.However, study quality varied, with limitations like small sample sizes and self-reported measures.Further research with rigorous designs is needed to confirm these findings.",scopus,llm,0.820,unreviewed,,doi:10.9743/jeo.2025.22.3.10
kept,Effects of Flipped Learning on Language Learning Outcomes: A Meta-Analysis investigating Moderators,H.J. Chen,2025,Sage Open,10.1177/21582440251331298,https://www.scopus.com/inward/record.uri?partnerID=HzOxMe3b&scp=105004319245&origin=inward,supports-claim; qualifies-claim,"Flipped learning’s widespread adoption and multiple meta-analyses notwithstanding, there exists a scarcity of analyses scrutinizing its comprehensive influence on language learning results. This meta-analysis assesses flipped learning’s impact on language learning outcomes vis-à-vis non-flipped instruction, encompassing distinct moderators encompassing study attributes and instructional facets: target language, level of education, school location, treatment duration, classroom activities, and the pre-instructional comprehension check mechanism. Effect sizes were extracted from 70 eligible studies (involving 4,616 students across 19 countries). Cochran’s Q was used to detect moderator variable effects, and post hoc comparisons were performed if significant differences existed among moderator subsets. Results yielded an overall mean weighted effect size (flipped learning vs. non-flipped instruction) of 0.96 under the random-effects model, indicating a large positive effect on student learning outcomes. Treatment duration, school location, and level of education were influential moderators affecting language learning results, while the other three were not. Flipped learning, particularly when implemented for over 6 weeks, consistently yields superior learning outcomes across different educational contexts. Educators are thus encouraged to adopt flipped learning as a versatile pedagogical approach to maximize student learning potential.",scopus,llm,0.980,unreviewed,,doi:10.1177/21582440251331298
kept,"Students' behavioural, cognitive and affective outcomes in gamified flipped classrooms: A meta-analysis",X. Sun,2025,Review of Education,10.1002/rev3.70039,https://www.scopus.com/inward/record.uri?partnerID=HzOxMe3b&scp=85216473870&origin=inward,supports-claim; qualifies-claim,"This study aims to illustrate the effects of gamified flipped classrooms (GFC) on students' behavioural, cognitive and affective outcomes in formal educational settings. Based on the PRISMA reporting guidelines, we systematically identified and screened articles from five databases: Web of Science, Scopus, Wiley Online Library, ProQuest and ERIC. Finally, 21 effect sizes from 13 articles on behavioural outcomes, 38 effect sizes from 19 articles on cognitive outcomes and 16 effect sizes from 11 articles on affective outcomes were included in this study. Then, we use CMA 3.0 software to conduct the meta‐analysis for the selected articles. The calculated effect sizes indicate that GFC had a more positive effect on students' behavioural, cognitive and affective outcomes compared to traditional lectures. Using a random effects model, we calculated two statistically significant medium overall effect sizes—Cohen's d = 0.409 for the behavioural outcome, Cohen's d = 0.400 for the affective outcome—and a statistically significant small overall effect size—Cohen's d = 0.285 for the cognitive outcome. In addition, through the publication bias test, we did not find that this study was threatened by publication bias. Moderator variable analysis demonstrated that year of publication, region, educational level, subject, treatment (intervention) duration, and learning environment were significant variables influencing the effects of GFC on behavioural, cognitive and affective outcomes. Overall, the results of this study suggest that GFC significantly improved students' behavioural, cognitive and affective outcomes.
Rationale for this study: This study aims to explore the effects of GFC on learning outcomes, as there is a lack of sufficient prior research evidence to prove this.Why the new findings matter: As the first meta‐analysis clarifying the effects of GFC on all three domains of learning outcomes, it fills a gap in meta‐analyses on this topic.Implications for educational researchers and practitioners: This study points the way for educational researchers and practitioners who apply GFC in the classroom. Researchers can explore more research topics based on the results of this study, such as investigating the influence mechanism of GFC on three different domains of learning outcomes respectively. In addition, this study provides effective references and promising results for future instructional design and educational practice.
",scopus,llm,0.940,unreviewed,,doi:10.1002/rev3.70039
discarded,Benefits and Limitations of Flipped Classroom,M.J. Dsouza,2025,Indian Journal of Community Medicine,10.4103/ijcm.ijcm_535_23,https://www.scopus.com/inward/record.uri?partnerID=HzOxMe3b&scp=105001694925&origin=inward,adjacent-subtopic,"In the digital age of learning, new learning ecologies provide students with new web-based learning opportunities and resources. Medical education is reaching a new trend in teaching–learning methods by providing student-centered teaching. Flipped classroom is one among the teaching–learning methods. The contribution of the flipped classroom to education is discussed in relation to the changes in students’ and instructors’ roles. Subsequently, flipped classroom advantages and drawbacks are illustrated. For the current article literature was searched in databases PubMed and Scopus and only articles related to medical teaching were included. Studies on non-academic or informal settings without relevance to flipped classrooms were excluded. The study’s findings suggest that creating successful flipped classroom environments may be aided by carefully considering the cautions and suggestions given in the literature and also this article attempts to inform those who are thinking of using new technologies and approaches to deliver courses.",scopus,llm,0.860,unreviewed,,doi:10.4103/ijcm.ijcm_535_23
kept,The effectiveness of the flipped classroom: A second-order meta-analysis,Y. Ma,2025,International Journal of Educational Research,10.1016/j.ijer.2025.102855,https://www.scopus.com/inward/record.uri?partnerID=HzOxMe3b&scp=105021036379&origin=inward,supports-claim; qualifies-claim,"Over the past decade, the flipped classroom had become more and more popular. However, the effect of the flipped classroom on students' learning outcomes was controversial. The first-order meta-analyses also found different results. This study used a second-order meta-analysis to investigate the effectiveness of the flipped classroom on students learning outcomes. 38 primary meta-analyses met the inclusion criteria but 6 studies were excluded due to the high overlap with other studies. Finally, 32 studies with 51 effect sizes, 928 unique primary studies and over 219,236 students were included in this study. The results proved that the flipped classroom had a more positive effect on students' cognitive, affective, and behavioural outcomes, compared to the traditional classroom (g = 0.726, p < .0001). Additionally, the results indicated that the flipped classroom had a more positive influence on behavioural learning outcomes than cognitive and affective outcomes. The findings also highlighted the impact of methodological characteristics of primary studies on their results. The limitations and future directions were also discussed.",scopus,llm,0.990,unreviewed,,doi:10.1016/j.ijer.2025.102855
kept,Impact of different teaching modes on medical students’ performance under the scoring criteria for multiple-choice questions A meta-analysis,Z. Zhang,2024,Medicine United States,10.1097/MD.0000000000041008,https://www.scopus.com/inward/record.uri?partnerID=HzOxMe3b&scp=85213020604&origin=inward,qualifies-claim,"Background: Comparing the impact of different educational modes on medical students’ performance under the scoring criteria for multiple-choice questions, would provide a basis for selecting more appropriate and effective teaching modes for talent development. Methods: We searched databases such as CNKI, Wanfang, PubMed, and Web of Science to collect publications on the comparison of medical students’ performance under the scoring criteria for multiple-choice questions and different teaching modes, with a focus on studies conducted between 2015 and 2024. Chinese search terms included multiple-choice questions, multiple-choice exam, medical students, flipped classroom, simulation teaching, team-based learning, and blended teaching. Equivalent English search terms were “multiple-choice questions,” “multiple-choice exam,” “medical student,” “flipped classroom,” “simulation teaching,” “team-based learning,” and “blended teaching.” Two researchers independently conducted publications screening, data extraction, and quality assessment, and performed meta-analysis using R 4.3.0 software. Results: This study included a total of 24 publications, among them 6 on flipped classroom teaching, 13 on simulation teaching, 2 on team-based learning, and 3 on blended teaching, covering 13 countries and involving 2086 participants in the experimental group and 2113 participants in the control group. Using scores from multiple-choice questions as the criterion, flipped classroom teaching and simulation teaching demonstrated significantly higher scores compared to traditional teaching, with standard mean differences (MDs) of 0.39 (95% CI: 0.14–0.65) and 0.33 (95% CI: 0.18–0.48), respectively. However, team-based learning and blended teaching showed no significant differences in scores compared to traditional teaching, with standard MDs of 0.48 (95% CI: −0.36 to 1.31) and −0.63 (95% CI: −1.85 to 0.59), respectively. Conclusion: Compared to traditional teaching, flipped classroom teaching and simulation teaching were more beneficial for students’ performance. It is recommended to continue implementing high-quality flipped classroom teaching and simulation teaching to address the challenges in medical education reform.",scopus,llm,0.780,unreviewed,,doi:10.1097/md.0000000000041008
kept,Application of Emerging Teaching Models in Dental Education: A Systematic Review and Meta-Analysis,X. Pang,2024,International Dental Journal,10.1016/j.identj.2024.05.016,https://www.scopus.com/inward/record.uri?partnerID=HzOxMe3b&scp=85197797957&origin=inward,qualifies-claim,"Introduction and aims As an experimental teaching method, emerging learning methods including problem-based learning (PBL), case-based learning, team-based learning and flipped classroom (FC) have been widely applied in dental education. This study aims to evaluate the effect of these teaching methods on dental education performance compared to traditional lecture-based learning (LBL). Methods The search was carried out in April 2024 in PubMed, EMBASE, Web of Science, and Cochrane Library. All randomized controlled trials were included and the methodological quality assessment was based on the guidelines described in the Cochrane Handbook for Systematic Reviews, followed by a meta-analysis using Stata 14.0 software. Using standard mean deviation (SMD) and 95% confidence interval (95% CI) to determine the effectiveness of emerging teaching methods and LBL in all dental disciplines. Meta-regression was used to analyse sources of heterogeneity. Sensitivity analysis was performed to determine the stability, and Begg's analysis was used to determine whether there is publication bias. Results A total of 29 randomized controlled trials including 3502 students were included. The results indicate that emerging educational methods have a significantly positive effect on achieving higher scores (SMD = 0.48, 95% CI = 0.34-0.62, P < .001), whether it was theoretical scores (SMD = 0.52, 95% CI = 0.32-0.72, P < .001) or skill scores (SMD = 0.45, 95% CI = 0.15-0.76, P < .001). Compared to LBL, PBL (SMD = 0.33, 95% CI = 0.01-0.65, P = .045) and FC (SMD = 0.50, 95% CI = 0.31-0.69, P < .001) can both significantly improve students’ academic performance. Conclusion Compared to LBL, emerging educational methods (PBL, case-based learning, and FC) have significantly improved the learning effectiveness of dental students. These emerging educational methods can be advocated and popularized as routine teaching methods. Clinical Relevance This study is the first meta-analysis of the effects of emerging teaching methods in dental education which shows great impact of emerging teaching methods on students’ development.",scopus,llm,0.890,unreviewed,,doi:10.1016/j.identj.2024.05.016
kept,A systematic review of flipped classroom approaches in language learning,P. Qi,2024,Contemporary Educational Technology,10.30935/cedtech/15146,https://www.scopus.com/inward/record.uri?partnerID=HzOxMe3b&scp=85219422415&origin=inward,supports-claim; qualifies-claim,"This systematic literature review aims to offer an in-depth analysis of the existing research landscape regarding the application of the flipped classroom approach within the domain of language learning. The investigators methodically selected and analyzed 57 papers from 656 documents using a systematic and rigorous approach to literature selection. Our findings demonstrate the significant international impact of this field, with contributions from many countries and districts as well as globally excellent academic institutions. This review examines multiple areas of research, including improving students’ perceptions and attitudes in flipped classrooms, language proficiency, motivational factors, etc. In addition, the research methods employed were evaluated, with a particular emphasis on mixed methods which combined the quantitative method with the qualitative method. Even though the application of flipped classrooms in language learning has achieved some achievements, some limitations are obvious. The most notable are the problem of sample size, the difficulty of technology integration, the lack of teacher training, the singularity of language research, etc. The research gaps revealed in this literature review, indicate interesting possibilities for future research. The diversity of research languages, the multiplicity of research methods, the integration of advanced technologies, and intensive teacher training will be significant of the area focus. This systematic literature review not only enriches the existing knowledge system but also has the potential to the direction of the development of flipped classrooms in language learning.",scopus,llm,0.800,unreviewed,,doi:10.30935/cedtech/15146
