status,title,authors,year,venue,doi,url,tags,abstract,provider,decision_source,llm_confidence,llm_review_outcome,llm_change_direction,paper_id
discarded,A Systematic Literature Review on AI Algorithms and Techniques Adopted by e-Learning Platforms for and Emotional States,"Alharbi, Lubna A.",2023,INTERNATIONAL JOURNAL OF ADVANCED COMPUTER SCIENCE AND APPLICATIONS,,https://www.webofscience.com/wos/woscc/full-record/WOS:000959852400001,off-topic-false-hit,"Computers are becoming increasingly commonplace in educational settings. As a result of these advancements, a new field known as CEHL (Computing Environment for Human Learning) or e-learning has emerged, where students have access to a variety of services at their convenience. Using an e-learning platform facilitates more efficient, optimized, and successful education. They allow for personalized instruction and on-demand access to relevant, up-to-date material. These e-learning strategies significantly impact learners' emotional and psychological states, which in turn affect their abilities and motivations. Because of the learner's physical and temporal detachment from their tutor, encouraging learners can be challenging, leading to frustration, doubt, and ambivalence. The learner's drive to learn will be weakened, and their emotional and psychological state will be badly impacted as a result, both during and after the learning session. This research aimed to learn about the methods currently used by research facilities to analyze human emotions and mental states. The findings reveal that only e-learning has been used in education and other fundamental technologies, including machine learning, deep learning, signal processing, and mathematical approaches. A wide variety of e-learning-focused real-world applications make use of these methods. Each study subject is explained in depth, and the most frequently used methods are also examined. Finally, we provide a comprehensive analysis of the prior art, our contributions, their ramifications, and a discussion of our shortcomings and suggestions for future research.",wos,llm,0.990,unreviewed,,hash:6dd97912f9ba918c
discarded,Teaching and learning strategies of evidence based medicine: A meta-synthesis of learners and instructors perspective,"Chandran, Viji Pulikkel; Balakrishnan, Athira; Rashid, Muhammed; Khan, Sohil; Devi, Elsa Sanatombi; Kulyadi, Girish Pai; Nair, Sreedharan; Thunga, Girish",2023,CLINICAL EPIDEMIOLOGY AND GLOBAL HEALTH,10.1016/j.cegh.2023.101280,https://www.webofscience.com/wos/woscc/full-record/WOS:001006682900001,adjacent-subtopic,"Objective: Evidence Based Medicine (EBM) knowledge and skills have been recommended as a core competency of healthcare professionals worldwide. However, EBM teaching and learning approaches is quite heterogeneous. Hence, we aimed to conduct a meta-synthesis to identify various teaching and learning aspects of EBM from the learners and instructors perspective.Methodology: This study followed Preferred Reporting Items for Systematic Reviews and Meta-Analyses Guide-lines. A comprehensive search strategy was used to retrieve articles from PubMed/Medline and Embase from inception till June 2022. To find additional studies, bibliographic search of included studies, review articles, a random search in Google Scholar, Research Gate and Google were carried out. This review evaluated studies published in English language that explained the teaching and learning aspects of EBM among healthcare pro-fessionals and students.Result: A total of 41 out of 8139 studies were included in this study. Both learners and instructors preferred tutorials, lectures, short courses, and workshops on EBM as a teaching method. To continue learning and practicing EBM, instructors suggested curricular changes as well as continuing education programmes. Learners preferred to learn EBM by direct clinical practice along with peers. Blended learning, group activities, assign-ments, workshops, journal clubs, task based learning, didactic teaching, team based learning, problem based learning, case based learning, blended learning, flipped learning and E-learning were the identified pedagogical approaches for teaching EBM.Conclusion: Different pedagogical approaches are used for teaching EBM among healthcare professionals. Continuous education programs for skill development must be held on a regular basis to improve the instructors and learners competency in EBM. Learners and instructors preferred learning approach should be considered while designing EBM educational studies as it is a life-long self-directed learning process.",wos,llm,0.940,unreviewed,,doi:10.1016/j.cegh.2023.101280
discarded,Designing and assessing a data literacy internship program for graduate health sciences students,"McGowan, Bethany Sheriese; Ekeigwe, Abigail; Clase, Kari",2022,JOURNAL OF THE MEDICAL LIBRARY ASSOCIATION,10.5195/jmla.2022.1498,https://www.webofscience.com/wos/woscc/full-record/WOS:000960062700013,adjacent-subtopic,"This case study presents the results of a data internship and workshop series on data analysis in qualitative biomedical systematic reviews. In a newly developed librarian-led internship program, an intern was trained on data literacy concepts and data analysis tools and, in turn, helped recruit and train other graduate health sciences students. Due to COVID-19 restrictions, a flipped classroom model was applied to develop a completely virtual learning experience for both the intern and workshop attendees. Both the data intern and workshop participants reported improved confidence in data literacy competence at the end of the project. Assessment results suggest that while the workshop series improved participants' data literacy skills, participants might still benefit from additional data literacy instruction. This case also presents a model for student-led instruction that could be particularly useful for informing professional development opportunities for library interns, fellows, and student assistants.",wos,llm,0.910,unreviewed,,doi:10.5195/jmla.2022.1498
discarded,THE XJTLU ENTREPRENEURIAL CAMPUS: A NEW PARADIGM OF UNIVERSITY-INDUSTRY PARTNERSHIPS,"Perrin, Stuart",2022,INNOVATIVE APPROACHES IN PEDAGOGY FOR HIGHER EDUCATION CLASSROOMS,10.1108/S2055-364120220000042010,https://www.webofscience.com/wos/woscc/full-record/WOS:000936406600011,off-topic-false-hit,"The chapter introduces the educational philosophy of Syntegrative Education (Malik, 2019) and its application within the Entrepreneur College (Taicang), an initiative by Xi'an Jiaotong-Liverpool University, within China. The chapter begins with an overview of the regulatory framework that has allowed entrepreneurial education to develop. Following a brief literature review, the chapter describes the need for degree programs to better match students' needs for entrepreneurial learning outcomes to meet dynamic industry demands in the future. The chapter explains how symbiotic partnerships with industry (Etzkowitz & Leydesdorff, 2000) allow for, and require, an innovative industry classroom through curriculum design, program delivery, and innovative assessments. With a focus on the student learning experience, the chapter highlights briefly the role that disruptive technologies have played in accelerating the use of technology, and especially its role in promoting lifelong learning. The concept of the XJTLU Learning Mall is introduced, explaining how it acts as an innovation and entrepreneurial project and partner center. The chapter closes by reminding us of the need for entrepreneurial education to add value to all the stakeholders, including students and industry partners.",wos,llm,0.990,unreviewed,,doi:10.1108/s2055-364120220000042010
discarded,Effectiveness of blended teaching in preservice teacher education: A meta-analysis,"Ma, Kang; Zhang, Junhua; Chutiyami, Muhammad; Liang, Luyao; Dong, Jingjing",2023,DISTANCE EDUCATION,10.1080/01587919.2022.2155617,https://www.webofscience.com/wos/woscc/full-record/WOS:000916724900001,adjacent-subtopic,"Blended teaching (BT) has the potential to prepare preservice teachers with lifelong learning capabilities that are essential for the constantly changing teaching profession. However, little is known about its effectiveness in this field. This review evaluated the effectiveness of BT in preservice teacher education, compared to conventional teaching approaches. A total of 15 experimental studies were included in the meta-analysis. Standardized differences in mean were chosen to compute the pooled effect size at 95% confidence interval (CI). The results demonstrate that BT outperformed the conventional teaching approaches in influencing preservice teachers' academic performance (d = 0.922 (95% CI [0.403, 1.436], p < 0.001)), anxiety (d = -0.27 (95% CI [-0.537, -0.003], p = 0.048)), attitude (d = 1.302 (95% CI [0.008, 2.595], p = 0.049)), and self-efficacy for teaching (d = 0.54 (95% CI [0.203, 0.877], p = 0.002)). Implications and suggestions for future research are discussed.",wos,llm,0.880,unreviewed,,doi:10.1080/01587919.2022.2155617
discarded,Teaching strategies for library instruction: directions from the literature,"Anna, Nove E. Variant; Kira, K.; Idaya, A. M. K. Yanti",2023,MALAYSIAN JOURNAL OF LIBRARY & INFORMATION SCIENCE,10.22452/mjlis.vol28no2.4,https://www.webofscience.com/wos/woscc/full-record/WOS:001152081600004,adjacent-subtopic,"This paper proposes teaching strategies and techniques for library instruction in academic libraries to achieve the intended goals. The recommendations are based on insights from previous research in library instruction with the intention to identify possible strategies and techniques for different user groups. This study applied a systematic literature review method, using the PRISMA (Preferred Reporting Items for Systematic Reviews and Meta-Analyses) protocol to examine the use of teaching strategies and techniques in library instruction programs. The Web of Science (WoS) and Scopus databases were searched for relevant literature using specific keywords. Applying the inclusion criteria, a total of 27 articles out of the 1380 documents extracted, were deemed relevant to the study. The results show that library instruction is usually conducted in the form of individual sessions. Teaching strategies used by librarians include flipped classroom, faux flip, classroom teaching, research clinic, consultation, asynchronous learning, and online synchronous learning, among others. These teaching strategies improved engagement and relationships between students and librarians, while impacting critical thinking, confidence and self-directed learning. It is concluded that librarians should consider adopting and combining teaching strategies based on individual needs and use technology to improve teaching effectiveness and increase student learning. This study shows that most studies on library instruction have only partially addressed instructional strategies. A critical review of the literature revealed that a strategic shift in the management of library instruction is necessary to achieve the intended outcomes. In this study, three teaching strategies for library education are proposed, namely Embracing for freshman, Encouraging for sophomore, and Leveraging for postgraduates.",wos,llm,0.940,unreviewed,,doi:10.22452/mjlis.vol28no2.4
discarded,A systematic review of digital innovations in technology-enhanced learning designs in higher education,"Choi-Lundberg, Derek L.; Butler-Henderson, Kerryn; Harman, Kristyn; Crawford, Joseph",2023,AUSTRALASIAN JOURNAL OF EDUCATIONAL TECHNOLOGY,10.14742/ajet.7615,https://www.webofscience.com/wos/woscc/full-record/WOS:001088044800009,adjacent-subtopic,"In the years prior to the COVID-19 pandemic, there was considerable innovation in designing and implementing teaching and learning with technology in fully online, face-toface and blended modes. To provide an overview of technology-enhanced learning in higher education, we conducted a systematic literature review following PRISMA guidelines of digital innovations in learning designs between 2014 and 2019, prior to emergency remote teaching responses to the COVID-19 pandemic. From 130 publications, we identified eight overlapping categories of digital technologies being deployed across higher education fields: simulation and augmented or virtual reality; Web 2.0; learning management systems; mobile learning; gamification and serious games; various technologies in classrooms; massive open online courses; and other software, websites, applications and cloud computing. We use these publications, supplemented with findings from selected meta analyses and systematic reviews of specific technologies, as examples to guide educators designing technology-enhanced learning activities in changing circumstances that may require blended or fully online delivery. As the 130 publications had mixed perceived quality, levels of evidence and details of learning designs and evaluation presented, we suggest educators share their innovations following reporting guidelines relevant to their research methodologies, enabling others to consider transferability to other contexts and to build on their work.Implications for practice or policy:center dot Leaders and administrators should support staff development of technological pedagogical content knowledge and teaching as design for student learning. center dot Educators and instructional designers, in designing learning experiences, should consider adult learning theories, inclusive practices and digital equity and leverage multiple technologies to facilitate students learning their curricula.center dot In educational research or scholarship of teaching and learning, researchers should provide sufficient detail to enable readers to assess transferability to their own contexts.",wos,llm,0.970,unreviewed,,doi:10.14742/ajet.7615
discarded,Effect of blended learning on student performance in K-12 settings: A meta-analysis,"Li, Shuqin; Wang, Weihua",2022,JOURNAL OF COMPUTER ASSISTED LEARNING,10.1111/jcal.12696,https://www.webofscience.com/wos/woscc/full-record/WOS:000813360600001,adjacent-subtopic,"Background Blended learning programs in Kindergarten through Grade 12 (K-12) classrooms are growing in popularity; however, previous studies assessing their effects have yielded inconsistent results. Further, their effects have not been completely quantitatively synthesized and evaluated. Objectives The purpose of this study is to synthesize the overall effects of blended learning on K-12 student performance, distinguish the most effective domains of learning outcomes, and examine the moderators of the overall effects. Methods For the purpose, this study conducted a meta-analysis of 84 studies published between 2000 and 2020, and involved 30,377 K-12 students. Results and Conclusions Results revealed that blended learning can significantly improve K-12 students' overall performance [g = 0.65, p < 0.001, 95% CI = (0.54-0.77)], particularly in the cognitive domain [g = 0.74, p < 0.001, 95% CI = (0.61-0.88)). The testing of moderators indicates that the factors moderating the impact of blended learning on student performance in these studies included group activities, educational level, subject, knowledge type, instructor, sample size, intervention duration and region. Implications The results indicate that blended learning is an effective way to improve K-12 students' performance compared to traditional face-to-face (F2F) learning. Additionally, these findings highlight valuable recommendations for future research and practices related to effective blended learning approaches in K-12 settings.",wos,llm,0.970,unreviewed,,doi:10.1111/jcal.12696
discarded,"Course design, delivery, and assessment strategies for pharmaceutical calculations course in a doctor of pharmacy program: A review","Joshi, Medha D.; Klausner, Eytan A.",2022,CURRENTS IN PHARMACY TEACHING AND LEARNING,10.1016/j.cptl.2022.03.003,https://www.webofscience.com/wos/woscc/full-record/WOS:000798296500019,adjacent-subtopic,"Background: Pharmaceutical calculations is a fundamental course taken by doctor of pharmacy students in United States schools and colleges of pharmacy. To minimize medical errors and increase the accuracy with which future pharmacists perform calculations, a comprehensive training during the program is deemed. This review attempts to summarize research outcomes of interventions described thus far in the literature concerning the improvement of course design, delivery, and assessment strategies. Methods: A detailed literature review of various educational resources was conducted using pharmaceutical calculations and related terms. Results: The literature review outcomes were divided into three major categories: educational interventions in design, delivery, and assessment of pharmaceutical calculations courses. The research findings of course design describe a standalone course vs. an integrated course, a computer-aided course, use of compact disc read-only memory, and implementation of Gagne's Nine Events of Instructions. Findings in course delivery include the use of self-paced vs. integrated courses, flipped classroom vs. traditional lecture, Keller's Personalized System of Instruction, condensed videos, and podcasts. Finally, different types of assessments are presented such as those based on selected- vs. constructed-response questions, collaborative quizzes, the approach of repeated testing, and the use of technology. Implications: While the review intends to present educational interventions available to construct and/or modify an existing pharmaceutical calculations course, the choice of design, delivery, and assessment approaches depends upon various factors such as the purpose of course modification, resources available, and the number of students in class.",wos,llm,0.890,unreviewed,,doi:10.1016/j.cptl.2022.03.003
kept,Modern Didactic Formats in Surgery: A Systematic Review,"Velez, David Ray",2023,AMERICAN SURGEON,10.1177/00031348221074252,https://www.webofscience.com/wos/woscc/full-record/WOS:000751926000001,supports-claim,"Introduction: ""Traditional teaching"" models often fail to engage millennial residents. Multiple modern didactic methods have been employed. The most frequently used objective measure to assess the effectiveness of didactic formats has been American Board of Surgery In-Training Examination performance. Methods: A literature search was conducted searching PubMed, EMBASE, and JAMA Network from June 2011 to June 2021, in accordance with the PRISMA guidelines. Searches were performed for the terms ""ABSITE"" and ""American Board of Surgery In-Training Examination."" Only studies discussing didactic structures were included. Results: A final 16 studies were included. Modern methods such as a ""flipped classroom,"" Team Based Learning (TBL), and ""gamification"" have all shown increased engagement and significantly improved ABSITE performance. Structured biostatistics reviews may be used to supplement research and statistics which are often missed by other resources. Discussion: Programs have a duty to promote excellent resident education. In addition to fostering individual study habits, didactics and program structures should be optimized for resident development. As opposed to focusing on the pure amount of scheduled protected time, programs may instead consider focusing on the quality of the didactic format used and modern didactic methods may be beneficial.",wos,llm,0.960,unreviewed,,doi:10.1177/00031348221074252
discarded,Learning-by-Teaching in CS Education: A Systematic Review,"Li, Yi (Joy); Li, Zhigang; Zhang, Chi",2022,PROCEEDINGS OF THE 55TH ANNUAL HAWAII INTERNATIONAL CONFERENCE ON SYSTEM SCIENCES,,https://www.webofscience.com/wos/woscc/full-record/WOS:001300418101037,adjacent-subtopic,"To investigate the strategies and approaches in teaching Computer Science (CS), we searched the literature reviews in CS education in the past ten years. The reviews show that learning-by-teaching with the use of technologies helps improve student learning. To further investigate the strategies applied to learning-by-teaching, three categories are identified: peer tutoring, game-based flipped classroom, and teachable agents. For each category, we further searched and investigated prior studies. The results reveal the effectiveness and challenges of each strategy and provide insights for future studies.",wos,llm,0.850,unreviewed,,hash:1b9fd6935e1ea0a8
