status,title,authors,year,venue,doi,url,tags,abstract,provider,decision_source,llm_confidence,llm_review_outcome,llm_change_direction,paper_id
kept,"A systematic review and meta-analysis of flipped learning among university students in Korea: Self-directed learning, learning motivation, efficacy, and learning achievement",Shin Hyang Kim; Jong Mi Lim,2021,The Journal of Korean Academic Society of Nursing Education,10.5977/jkasne.2021.27.1.5,https://openalex.org/W3134412913,supports-claim,"Purpose: This study aimed to provide a systematic review and meta-analysis of research on flipped learning effects applied to university students.Methods: The random effect model was applied to 21 papers to calculate the effect size. To verify the moderation effect, a meta regression analysis and meta ANOVA were performed. Publication bias was verified through a funnel plot, and then an Egger's regression test was conducted.Results: The overall average effect size was .69 (95% CI: .51-.87), showing a median effect size, which was statistically significant. The outcome variables were in the order of learning motivation (Hedges’ g=.83), self-directed learning (Hedges’ g=.78), learning achievement (Hedges’ g=.66), and efficacy (Hedges’ g=.50), which were statistically significant.Conclusion: Flipped learning was found to be statistically significant in improving self-directed learning, learning motivation, efficacy, and learning achievement amng university students. It is suggestd that this method be actively applied in university education.",openalex,llm,1.000,unreviewed,,doi:10.5977/jkasne.2021.27.1.5
discarded,Flipped learning design in EFL classrooms: implementing self-regulated learning strategies to develop language skills,Mücahit Öztürk; Ünal Çakıroğlu,2021,Smart Learning Environments,10.1186/s40561-021-00146-x,https://openalex.org/W3134252792,adjacent-subtopic,"Abstract This study examined the development of students’ language skills in a flipped English foreign language course designed with self-regulated learning strategies. The study was conducted with a quasi-experimental design. While the experimental group received the course through flipped classroom model designed with self-regulated learning strategies, control group did not use self-regulated learning strategies in the flipped classroom model. The results indicated that self-regulated learning strategies positively affected the development of foreign language skills in the flipped classroom model. A significant difference in favor of the group working with the platform including self-regulated learning strategies outperformed in speaking, reading, writing, and grammar test scores. However, no significant difference in the listening test results was found.",openalex,llm,0.960,unreviewed,,doi:10.1186/s40561-021-00146-x
kept,Flipped classrooms in pharmacy education: A systematic review,Najwa Aljaber; Jamilah Alsaidan; Nada Atef Shebl; Mona A. Almanasef,2023,Saudi Pharmaceutical Journal,10.1016/j.jsps.2023.101873,https://openalex.org/W4388626411,supports-claim; qualifies-claim,"Background: In recent years, flipped classrooms (FCs) have gained popularity in higher education, particularly among healthcare students. The FC model is a blended learning approach that combines online learning with in-class activity. This has prompted many instructors to assess how they teach and prepare successful graduate students for today's society. Additionally, colleges and universities have been challenged to deliver curricula that are relevant to the needs of students and to provide the rising skills and knowledge that are expected to be acquired by students. Objective: This systematic review aims to evaluate the flipped classroom teaching approach in pharmacy education and to provide a summary of the guidance for the introduction and implementation of the flipped classroom model in pharmacy educational programs. Method: This systematic review followed the Preferred Reporting Items for Systematic Reviews and Meta-Analyses (PRISMA 2020) guidelines. Eight databases were cross-screened by four reviewers, following key terms and predefined inclusion and exclusion criteria. A form was developed to extract relevant data from the reviewers. Qualitative data within the studies reporting students' and educators' perceptions and views on the FC model were also analyzed using a thematic analysis. Studies were appraised using the Medical Education Research Quality Instrument (MERSQI) and the Joanna Briggs Institute (JBI) checklist for qualitative research. Results: studies reported no statistically significant difference in academic performance. However, two studies reported lower long-term knowledge retention in FC learning than in lecture-based learning. The students' perceptions of the FC approach were assessed in 26 studies, and the majority reported positive feedback. However, some students found the pre-class homework difficult to complete before class, and some expressed dissatisfaction with the inconsistent grading and unclear assessment questions in the FC model. Overall, the FC model was found to enhance the students' critical thinking and communication skills, self-confidence, and time management. Conclusions: The findings of this review indicate that pharmacy students generally found the flipped classroom model preferable to traditional lectures. However, this preference is conditional on the effective implementation of this approach and alignment within the core instructional elements. The issue of increased workload for students associated with self-directed pre-class learning may present a challenge.",openalex,llm,0.930,unreviewed,,doi:10.1016/j.jsps.2023.101873
discarded,Factors with Influence on the Adoption of the Flipped Classroom Model in Technical and Vocational Education,María Teresa Villalba; Guillermo Castilla; Sara Redondo Duarte,2018,Journal of Information Technology Education Research,10.28945/4121,https://openalex.org/W2894690265,adjacent-subtopic,"Aim/Purpose: The aim of this work is to explore which factors impact on the adoption of the flipped classroom in vocational education to pave the way for the schools which want to apply this model. Background: Although various experiences in the use of the flipped classroom have been reported in recent years in the literature, fewer efforts have been done on how to implement this model from a pedagogical standpoint. The factors that influence its adoption have not been studied in depth, at least not in a global way. These factors include the use of technology and teaching methodologies active in the classroom, the trend towards innovation of teachers and schools, and whether teachers have the necessary ICT training and infrastructures. Moreover, although the results of many experiences in Higher Education have been published, this is not so for other levels of education, such as vocational schools. Methodology: A quantitative research method was used by constructing a questionnaire. The questionnaire included open questions in order to obtain qualitative information, which enriched the results obtained. Descriptive and factor analysis was used to analyze data, within the framework of the project FlipIT!–Flipped Classroom in the European Vocational Education”, ERASMUS+ Strategic Partnership (2015-1-HU01-KA202-013555) funded by the European Union, with the participation of Hungary, the United Kingdom, Ireland, the Czech Republic, and Spain. The research sample includes 625 teachers (434 from Spain, 121 from Hungary and 61 from the Czech Republic) from schools participating or somehow associated to the project. Contribution: An empirically validated framework of the factors influencing the adoption of the flipped classroom approach in schools was obtained. This framework can guide the curriculum design of flipped classroom model courses for vocational education teachers. Findings: Empirically validated factors for the adoption of the flipped classroom in technical schools are presented. In addition, descriptive analysis results from a sample of 625 vocational education teachers confirmed that the countries involved in the survey fulfill the factors needed for the adoption of the flipped classroom in vocational education schools. Another important result is that, according to the surveyed teachers, the flipped classroom is a strongly practice-oriented method very suitable for vocational education. Recommendations for Practitioners: The framework here presented can guide the curriculum design of flipped classroom model courses for vocational and technical education teachers and allow schools to know the factors to review and improve in order to use the model. Recommendation for Researchers: This study is a first step toward determining the factors needed for the adoption of the flipped classroom model in vocational and technical schools. More studies using alternative data sources and methods are needed to obtain a definite model to support this adoption since FC has proved to be a very successful model for motivating students. We hope these results pave the way for schools who want to adopt the FC model and for focusing teaching training on the competences that this work detected. Impact on Society: Recently, we are witnessing an important debate about the future of education at every level. Different innovative methodologies have emerged in a search for more motivating and effective ways to learn, as well as to develop in our students the so-called 21st-century skills such as critical thinking, communication and collaboration, creativity, and information, media and technology skills. The flipped classroom approach can help to improve vocational education by changing traditional classes and teaching students other important soft skills, such as teamwork and collaboration, reflection, digital skills, and self-study. Future Research: The model is currently being implemented in schools in Spain, Hungary, and the Czech Republic using the results obtained here under the framework of the European project “FlipIT!–Flipped Classroom in the European Vocational Education”, ERASMUS+ Strategic Partnership (2015-1-HU01-KA202-013555). After checking the criteria obtained in the framework for each of the participating schools, as a first step, an online course has been created using the competences obtained in this framework, both pedagogical and ICT. Once the course is completed, the teachers will carry out a pilot project to use the model. We hope the framework is useful to other researchers in order to implement the model in other countries and extend it with other criteria to obtain a validated international framework. This study is a first step toward determining the factors needed for the adoption of the flipped classroom model in technical schools. More studies using alternative data sources and methods are needed to obtain a definite model to support this adoption since FC has proved to be a very successful model for motivating students. We hope these results pave the way for schools who want to adopt the FC model and for focusing teacher training on competences.",openalex,llm,0.990,unreviewed,,doi:10.28945/4121
kept,Inverted Classroom by Topic - A Study in Mathematics for Electrical Engineering Students,Isabel Braun; Stefan Ritter; Mikko Vasko,2014,International Journal of Engineering Pedagogy (iJEP),10.3991/ijep.v4i3.3299,https://openalex.org/W2045902784,refutes-claim; qualifies-claim,"The inverted classroom is a teaching model, where the students prepare for classroom by watching video lectures. The classroom time is then dedicated to individual practice. We evaluated a mathematics course for electrical engineering students throughout three semesters, where 20% of the topics were taught using the inverted classroom model. The aim was to find out whether the model can help to better address groups with large differences in prior knowledge in mathematics. We report mainly positive feedback from the students, although the opinions vary greatly between the groups. The students appreciate the increased amount of practice in the classroom as well as the possibility to learn at their own pace. Exam performance remained constant in the topics taught using the inverted classroom compared to previous semesters. The exam performance of weaker students also remained constant.",openalex,llm,0.980,unreviewed,,doi:10.3991/ijep.v4i3.3299
discarded,Fostering Leadership Skills through Game-Based Learning in Higher Education: A Systematic Review,Ting Yan; Guili Kong; Duo Liu,2025,2025 7th International Conference on Computer Science and Technologies in Education (CSTE),10.1109/CSTE64638.2025.11092070,https://ieeexplore.ieee.org/document/11092070/,off-topic-false-hit,"As the demand for adaptive leaders grows, game-based learning has emerged as an innovative pedagogical approach to cultivate leadership competencies. The purpose of this study is to analyze the status of game-based learning for leadership development in higher education through a systematic review of the literature. According to the screening criteria, 31 articles are included for final synthesis between 2015 and 2024. The results show that decision-making, communication, and problem-solving are the most frequently developed competencies through game-based learning, while adaptability, conflict management, and ethical judgment remain underexplored. Collaborative learning and debriefing practices are the main pedagogical strategies, fostering leadership skills through interactive and reflective experiences. However, there are still challenges such as technological limitations and instructor preparedness. Based on our findings, we provide further directions on how to design and implement game-based learning. This review contributes to leadership education research by identifying findings from empirical studies to optimize game mechanics and pedagogical objectives.",ieee,llm,1.000,unreviewed,,doi:10.1109/cste64638.2025.11092070
discarded,Integrating digital citizenship and religious moderation in open and distance education: a holistic approach to character development in Indonesia,"Nurhayati, Lilis; Supriadi, Udin; Jenuri, Jenuri; Karim, Abdul",2025,ASIAN ASSOCIATION OF OPEN UNIVERSITIES JOURNAL,10.1108/AAOUJ-02-2025-0025,https://www.webofscience.com/wos/woscc/full-record/WOS:001819455200005,off-topic-false-hit,"PurposeThis study explores the relationship between digital citizenship and religious moderation in shaping students' character at Sekolah Menengah Atas Negeri 2 (SMAN 2/Public Senior High School 2) Bandung Indonesia (BI), a school employing blended and online learning.Design/methodology/approachUsing a descriptive qualitative method, data were collected via literature review, educator interviews and participatory observation of students' digital activities on online learning platforms and social media.FindingsFindings reveal that integrating digital citizenship with religious moderation in open and distance education environments reduces digital radicalization risk, enhances intercultural understanding and strengthens moral resilience. Learning practices included curriculum integration with flipped classroom strategies using video materials, project-based learning (PjBL) through Instagram poster campaigns promoting tolerance and PjBL discussing religious hoaxes on social media. Key materials were delivered via asynchronous videos and interaine forums, reflecting distance education practices.Research limitations/implicationsThe research emphasizes how digital citizenship principles-ethics, literacy and security-integrate with religious moderation values to develop tolerant, critical and responsible traits.Practical implicationsSchools can promote inclusive digital behavior and religious moderation by running campaigns, creating ethical guidelines, using interactive learning and supporting student-led programs to build a school culture that values diversity and responsibility.Social implicationsCombining digital citizenship and religious moderation in education helps teachers build students' moral values, tolerance and empathy, shaping them into responsible individuals in the digital age.Originality/valueThe originality emphasizes the need for teacher training in digital pedagogy, curriculum support for digital literacy and religious moderation and community engagement to foster a positive digital learning environment.",wos,llm,0.990,unreviewed,,doi:10.1108/aaouj-02-2025-0025
discarded,"Effectiveness of Gamification Versus Traditional Teaching Methods on Learning, Motivation, and Engagement in Undergraduate Nursing Education: A Systematic Review","Andretta, Vincenzo; Elia, Raffaele Antonio; Colangelo, Maria; Rubbi, Ivan; Santoro, Emanuela; Boccia, Giovanni; Cascella, Marco; Cerrone, Valentina",2025,INTERNATIONAL MEDICAL EDUCATION,10.3390/ime5010005,https://www.webofscience.com/wos/woscc/full-record/WOS:001725574300001,off-topic-false-hit,"Background: Gamification is an innovative pedagogical strategy for improving learning outcomes, motivation, engagement, and knowledge retention. Nevertheless, evidence on the effectiveness of gamification remains heterogeneous. Methods: A systematic review was conducted. Searches were performed across PubMed/MEDLINE, CINAHL, PsycINFO, Scopus, Web of Science, Google Scholar, and grey literature (2010-2025). Eligible studies included quantitative, qualitative, and mixed-methods research involving undergraduate nursing students exposed to gamification interventions. Data extraction and quality assessment were independently performed using RoB-2, ROBINS-I, and JBI tools. Narrative synthesis was adopted due to the heterogeneity of interventions and outcome measures. Results: A total of 48 studies were included. Gamification strategies varied widely and included interactive quizzes, gamified flipped classroom models, serious games with explicit game elements, escape rooms, digital badges, and audience-response systems. For learning outcomes, most studies reported improvements in knowledge or performance, particularly when gamification included immediate feedback and repeated practice. While the knowledge retention was evaluated less frequently (12%), it was generally maintained or improved up to 2-4 weeks and across semester assessments. Strong positive trends of motivation and engagement were found across most studies, especially with competitive quizzes, missions, and narrative-based activities. Self-efficacy and satisfaction frequently improved, particularly in gamified simulations and team-based activities. Risk of bias was variable, with many quasi-experimental and descriptive studies limiting causal inference. Evidence certainty ranged from low to moderate according to GRADE criteria. Conclusions: Gamification is a promising educational approach in undergraduate nursing programs. Effects on long-term retention and practical skills remain less clear due to methodological variability and limited follow-up data. Future research focused on standardized outcome measures and longer follow-up intervals is required to consolidate evidence and guide educational policy. Protocol registered on PROSPERO (CRD420251117719).",wos,llm,0.970,unreviewed,,doi:10.3390/ime5010005
kept,Impact of Flipped Classroom Instruction on Brain-Mediated Motor Skill Performance in University Students: A Systematic Review and Meta-Analysis,"Liu, Kerui; Hao, Zikang; Chen, Jiping; Wu, Qingxu; Jin, Wei; Pan, Yang; Zhang, Xianliang",2025,BRAIN SCIENCES,10.3390/brainsci15050501,https://www.webofscience.com/wos/woscc/full-record/WOS:001497476600001,supports-claim,"Objective: This systematic review and meta-analysis evaluates how the flipped classroom model-considered as a neurocognitive training environment-affects cognitive-motor integration and brain-mediated motor skill performance in university students, providing scientific evidence for optimizing higher-education physical education pedagogy (a course related to physical literacy and the cultivation of physical and mental health, rather than a training program for professional physical education teachers). Methods: In order to compare the effects of flipped classroom and traditional teaching on the motor skill performance of university students, this study conducted a systematic review and meta-analysis according to PRISMA rules, whereby studies were screened according to specific inclusion criteria and data were extracted, assessed for quality, and then meta-analyzed to assess the effectiveness of the flipped classroom model in improving motor skill performance. Results: A total of 12 original randomized controlled trials (RCTs) were included in the study. The meta-analysis results indicated that the flipped classroom model significantly outperformed traditional teaching methods in improving university students' motor skill scores (standardized mean difference (SMD) = 1.22, 95% CI = 0.64-1.79, p < 0.0001). Subgroup analysis showed significant effects in both general major students and sports science major students, with no significant difference between studies conducted in China and those conducted in non-China regions. Conclusions: The flipped classroom model demonstrates significant advantages over traditional PE teaching methods in improving motor skill performance. It enhances students' skill acquisition and classroom engagement, showing promising potential for future implementation in university PE programs. Further research should explore the model's applicability across different sports and student populations, as well as its long-term impact on skill retention and postgraduation sports participation.",wos,llm,0.940,unreviewed,,doi:10.3390/brainsci15050501
