status,title,authors,year,venue,doi,url,tags,abstract,provider,decision_source,llm_confidence,llm_review_outcome,llm_change_direction,paper_id
discarded,Teaching and learning strategies for software process subject,José Augusto De Sena Quaresma; Sandro Ronaldo Bezerra Oliveira,2021,2021 IEEE Frontiers in Education Conference (FIE),10.1109/FIE49875.2021.9637428,https://ieeexplore.ieee.org/document/9637428/,adjacent-subtopic,"This Research to Practice Full Paper presents that theoretical subjects are a major concern for researchers in the teaching and learning process, especially in how to improve them so that trained professionals have the necessary skills to act. In the study area of Information Technologies, one of the subjects that is framed in this reality is that of software process. The software production industry considers it essential to increasingly improve its software development processes, so that different models were created for this purpose, such as CMMI (Capability Maturity Model Integration) and MPS.BR (Brazilian Software Process Improvement Model), and norms such as ISO / IEC (International Organization for Standardization / International Electrotechnical Commission), pursuing this objective. In the consultation carried out from a survey of professionals with experience in the software market, it was seen that recent graduates need complementary courses to meet the skills required in the profession. In order to solve this situation, the following research questions were formulated: (i) What strategies can be used to teach the software process? (ii) How to use these strategies in the classroom? The main objective of this work is to describe, from a catalog, how to use the main strategies adopted for teaching and learning the software process. For the development of this research, a literature review was carried out in the main qualified conferences in the area of teaching in Information Technology with the collection of studies dealing with teaching on software process. After that, a description of each teaching strategy was carried out, identifying how to adopt it in the classroom and its example of use in the literature. The strategies covered by the catalog are: Flipped classroom, Project-based learning, Gamification, Serious games, Workshop, Software factory, Playful resources and Scrum Methodology. As a way of evaluating the catalog, a peer review was developed, based on the following steps: (i) planning, where the experts were identified and the creation of the questionnaire was developed; (ii) execution, with consultation with experts in the area of software process and teaching and learning from questionnaires; (iii) analysis and summary, where the experts' information was collected and analyzed and deliberated with due justification as to whether or not they would be implemented in the catalog. The main contribution of this work is a catalog evaluated by experts covering the description of how to adopt the strategies for teaching software process, based on the mapping of qualified literature, as an example of execution.",ieee,llm,0.940,unreviewed,,doi:10.1109/fie49875.2021.9637428
discarded,Analysis of Advances in Engineering Education Publications (2007-2020) to Examine Impact and Coverage of Topics,Andrew Katz; Cory Brozina; Aditya Johri; Larry Shuman,2022,2022 IEEE Frontiers in Education Conference (FIE),10.1109/FIE56618.2022.9962725,https://ieeexplore.ieee.org/document/9962725/,off-topic-false-hit,"In this paper we present findings from analyses of articles published in Advances in Engineering Education (AEE) during the first 14 years (2007-2020) of its publication under the tenure of its founding editor. Our goal in this paper is two-fold: (1) to understand the impact of papers published in the journal as measured by citations, and (2) to understand the coverage of topics over time. To understand the impact and coverage of topics we qualitatively analyzed abstracts of all the articles published in the journal (N=242) and also used data mining techniques (text network mapping). In terms of impact, the topics that have been cited the most include curriculum development, use of technology for teaching and learning, teaching and learning strategies, and program development. We found that in keeping with the mission of the journal, papers largely reported evidence-driven program or curriculum development outcomes and papers published as part of special issues had the most impact as measured by citations.",ieee,llm,0.990,unreviewed,,doi:10.1109/fie56618.2022.9962725
discarded,From CALL to MALL: Research on the Construction of Foreign Language Teaching Based on Internet and 5G,Si Li,2022,"2022 3rd International Conference on Education, Knowledge and Information Management (ICEKIM)",10.1109/ICEKIM55072.2022.00064,https://ieeexplore.ieee.org/document/10027265/,adjacent-subtopic,"In the Big Data era, traditional foreign language teaching has transferred from static to IT-supported one, which represents the integration of foreign language teaching and technology. The purpose of this paper is to explore and analyze the trend of FLT from CALL to MALL based on Internet and 5G. First, the literature review of CALL and MALL is given, and then a new smart teaching platform, Unipus smart teaching cloud platform is introduced to illustrate the implementation of MALL into FLT. Finally, teachers’ and students’ feedback will be summarized based on an interview. Hopefully, this research can provide some suggestions and implications for future research concerning smart teaching, blended learning, etc.",ieee,llm,0.970,unreviewed,,doi:10.1109/icekim55072.2022.00064
discarded,Experience Report on Improving Software Engineering Education,Affan Yasin; Rubia Fatima; Lin Liu; Ziqi Wei; Wang Jianmin,2021,2021 International Conference on Innovative Computing (ICIC),10.1109/ICIC53490.2021.9693061,https://ieeexplore.ieee.org/document/9693061/,adjacent-subtopic,"Improving and adapting strategies to teach Software Engineering (SE) insights is one of the primary goals of SE schools. Every year, we come up with plenty of studies that provide suggestions and guidelines on improving teaching methods, problem-solving strategies, and curriculum design. On the other hand, we do not know how the world’s top-notch universities focus on the process and academic improvement. This study shares our experience while investigating the Tsinghua University (QS World ranked 17)1, School of Software process and providing an initial guideline for further improvement. In this study, we, first, aim to gather suggestions and guidelines given in the literature. Secondly, we observe and analyze the feedback given by external reviewers and, as an example, map those feedback-augmented findings and suggestions onto school processes. Lastly, we suggest how the software school can further enhance the teaching strategies, curriculum design, and problem solving skills.",ieee,llm,0.950,unreviewed,,doi:10.1109/icic53490.2021.9693061
discarded,Analysis of University Engineering Program Skill Effectiveness in Research & Development Companies,Kenneth David Strang; Narasimha Rao Vajjhala,2023,2023 IEEE World Engineering Education Conference (EDUNINE),10.1109/EDUNINE57531.2023.10102861,https://ieeexplore.ieee.org/document/10102861/,off-topic-false-hit,"The current study focused on recent bachelor of science graduates' perceptions of the usefulness of the abilities they acquired throughout their undergraduate studies while working for research and development firms. A literature review was used to create a survey. Using government reports, a sample frame of 1600 businesses was chosen to reflect the target group of employers in the U.S.'s research and development sector. N=366 bachelor's degree in science students who started working on or after June 1, 2022 were surveyed to gather data. To lessen respondent bias or lying in the survey, a fresh statistical research element was incorporated. The hypotheses were tested using correlation and descriptive statistics. The dependent variables of program learning effectiveness, employment skill match, and program return on investment were all strongly correlated with all R&D skill characteristics.",ieee,llm,0.990,unreviewed,,doi:10.1109/edunine57531.2023.10102861
discarded,Best strategies to teach nutrition courses in graduate programs: a systematic review,"Hojeij, Zeina; Haidar, Suzan; Rizk, Rana; Mahboub, Nadine",2026,FRONTIERS IN EDUCATION,10.3389/feduc.2026.1761722,https://www.webofscience.com/wos/woscc/full-record/WOS:001799108600001,adjacent-subtopic,"Introduction Graduate-level nutrition education requires innovative teaching strategies that foster advanced clinical competence, professional communication, cultural responsiveness, and self-directed learning.Methods This systematic review synthesized evidence from fifteen peer-reviewed studies examining diverse teaching strategies in graduate nutrition programs.Results Most interventions employed simulation-based learning, experiential placements, or flipped classrooms, often incorporating technology such as virtual simulations and online collaborative platforms. Simulation and experiential approaches improved clinical competence, communication skills, empathy, and self-efficacy by providing realistic, hands-on experiences that bridged theoretical knowledge with professional practice. Flipped classrooms, though less frequently implemented, promoted teamwork, problem-solving, and reflective learning, while also requiring careful design to ensure adequate preparation and engagement. Purposefully integrated technology enhanced flexibility and reinforced active participation, particularly when used to complement, not replace, human interaction. Across study designs, findings highlight the strong alignment of active learning strategies with professional competency frameworks, particularly in fostering critical thinking, cultural competence, and inter-professional collaboration. These methods appear to facilitate the transition from student to emerging practitioner by simulating real-world complexity and encouraging reflective decision-making. However, evidence was limited by small sample sizes, short intervention periods, and reliance on self-reported measures, restricting generalizability.Conclusion Overall, active learning strategies, especially simulation-based learning, experiential placements, and flipped classrooms, are effective tools for developing essential competencies in graduate-level nutrition education when supported by institutional resources and thoughtful pedagogical design.Systematic Review Registration https://idesr.org/article/IDESR000121, IDESR IDESR000121.",wos,llm,0.870,unreviewed,,doi:10.3389/feduc.2026.1761722
discarded,Fostering creativity in formal schooling: A systematic review of explicit and implicit interventions for young learners,"Gu, Xiaojing; Ritter, Simone M.; Frossard, Frederique; van den Boom, Lieke; Delfmann, Lea R.; Barajas, Mario",2026,EDUCATIONAL RESEARCH REVIEW,10.1016/j.edurev.2026.100784,https://www.webofscience.com/wos/woscc/full-record/WOS:001748461400001,off-topic-false-hit,"Creativity is widely regarded as a core competence for the 21st century. However, there remains considerable debate regarding the extent to which formal schooling supports or hinders the development of students' creativity. One contributing factor to this uncertainty is the limited understanding among educators of how to design and implement evidence-based creativity interventions. In addition, the potential of pedagogical practices and contextual factors-such as instructional methods, classroom climate, and curriculum design-to indirectly foster creativity is often underrecognized in educational research. While prior reviews and meta-analyses have explored these dimensions, few have done so in a clearly differentiated and systematic manner. The present systematic literature review addresses this gap by synthesizing current empirical evidence on how creativity is cultivated in school settings, focusing on both explicit (i.e., creativity techniques and trainings) and implicit (i.e., pedagogical approaches, educational context) interventions. A total of 101 empirical studies published between 2005 and 2025 were analyzed using qualitative synthesis and thematic coding. Findings revealed that creativity can be cultivated through a wide range of school-based interventions. Explicit approaches typically aim to enhance creative ideation, creative mindset, and the cognitive foundations of creativity through direct instruction or playful, structured activities. Implicit approaches operate more diffusely via pedagogical practices, such as alternative pedagogies, student-centered inquiry learning, creative problem solving, and blended or flipped classroom models, all situated within creativitysupportive environments (e.g., psychologically safe climates, teacher encouragement, and access to rich materials and digital technologies). The review also revealed the various types of creativity targeted (e.g., divergent thinking, convergent thinking, domain-specific creativity) and the implementation of fostering creativity in curriculum (e.g., STEM/STEAM, design, and sports). By mapping these diverse strategies and outcomes, the review provides the basis for a structured, evidence-based framework for enhancing creativity in school settings. It supports educators, curriculum designers, and policymakers in designing developmentally appropriate, context sensitive, and pedagogically grounded learning environments that actively foster students' crea-tive potential.",wos,llm,0.990,unreviewed,,doi:10.1016/j.edurev.2026.100784
kept,Adapting Dental Education for the Gen Z: An Overview of Active Learning Strategies,"Piglionico, Sofia S.; Presti, Ana C. Lo",2026,JOURNAL OF DENTAL EDUCATION,10.1002/jdd.13997,https://www.webofscience.com/wos/woscc/full-record/WOS:001540249400001,qualifies-claim,"Generational differences in learning preferences have become increasingly relevant in health professions education. The Pew Research Foundation has examined generational shifts over time, distinguishing Generation Z (born 1997-2012) as the first cohort of true digital natives. These students demonstrate unique expectations shaped by constant access to digital technology, social media, and instant information. As such, their learning preferences diverge significantly from those of previous generations, including Millennials, Generation X, and Baby Boomers.A systematic review was conducted to answer the research question: which teaching strategies are most consistent with the learning preferences and cognitive strengths of Gen Z dental students. A comprehensive analysis of current literature revealed that active learning methodologies such as team-based learning, flipped classroom, and case-based learning are effective in engaging Gen Z students. These strategies encourage active participation, collaboration, and reflection.Many active learning approaches are well-documented and supported, but their implementation depends on the educator training and comfort with student-centered pedagogies and digital tools. This article highlights the necessity for educators to engage in continuous pedagogical development to align teaching methodologies with the unique learning preferences of Generation Z students. Moreover, the need for institutional support of structured professional development programs that equip faculty with the knowledge and skills to design, implement, and assess active learning strategies is important.In conclusion, adapting dental education to Generation Z requires more than curricular change-it demands a systemic commitment to educator preparation. Prioritizing faculty development would ensure that teaching strategies evolve with student needs, enhancing educational quality and outcomes in dental programs.",wos,llm,0.830,unreviewed,,doi:10.1002/jdd.13997
discarded,ACTIVE METHODOLOGIES IN ENGINEERING EDUCATION: AN INTEGRATIVE LITERATURE REVIEW,"Roberto, Pamela da Silva; Moreira, Roemir Peres Machado",2025,REVISTA CIENTIFICA DA FACULDADE DE EDUCACAO E MEIO AMBIENTE,10.31072/rcf.v16i2.1534,https://www.webofscience.com/wos/woscc/full-record/WOS:001717289200002,adjacent-subtopic,"This study presents an integrative literature review on active methodologies applied to Engineering education, considering national publications between 2016 and 2024. The objective was to identify teaching strategies adopted in Engineering programs and to understand how they contribute to the development of technical, cognitive, and socioemotional competencies outlined in the National Curriculum Guidelines. A systematic search in indexed databases resulted in the selection of studies addressing Problem-Based Learning (PBL), Flipped Classroom, Gamification, Project-Based Learning, and Experience-Based Learning. The findings indicate that these methodologies foster student engagement, meaningful learning, and critical thinking development. However, challenges remain regarding pedagogical teacher training, traditional assessment culture, and the lack of longitudinal studies measuring professional impact. It is concluded that strengthening innovative approaches is essential to align Engineering education with contemporary demands for critical, reflective, and socially committed higher education.",wos,llm,0.850,unreviewed,,doi:10.31072/rcf.v16i2.1534
discarded,Is flipped classroom really superior?-Questioning the flip in K-12 teaching,"Wiesner, Patrick; Krauss, Stefan; Stegmuller, Nathalie; Binder, Karin",2026,FRONTIERS IN EDUCATION,10.3389/feduc.2026.1741733,https://www.webofscience.com/wos/woscc/full-record/WOS:001706549100001,adjacent-subtopic,"There is a contradiction between seven meta-analyses, all of which indicate a substantial benefit of the flipped classroom (FC) method for K-12 teaching and some larger study that found no such benefit when compared to ""traditional"" teaching. In the theoretical part of the paper, we shed light on this contradiction by consulting general literature on meta-analyses. Ranking the 50 included FC studies by the number of classes per experimental condition, we found a negative correlation between the ""size"" of a study and the effect in favor of FC. In the empirical part, we present an FC study with three conditions concerning mathematical teaching, based on n = 950 students aged 11-13, in which many relevant covariates (e.g., quality of instruction) were addressed. One FC condition was based on students' knowledge acquisition through instructional videos at home (FCn: n = 12 classes). Considering that self-regulation support might play a crucial role especially for young students working at home, another FC condition (FCS: n = 12 classes) was implemented, in which students could learn additional math-free strategies concerning watching instructional videos. Both FC-conditions were experimentally compared with a control group of traditional teaching (TT: n = 13 classes). No significant effect on learning gains was found between FCn and TT, indicating that ""flipping"" alone may not be more effective per se. However, a significant difference was found between FCS and FCn. Thus, supporting students' self-regulation in addition may in indeed open the door to successful FC, even with very young students.",wos,llm,0.930,unreviewed,,doi:10.3389/feduc.2026.1741733
discarded,Assessing Student Physical hrpssTeait'eaontoMtcgiin in a Foundational Course in an Accelerated Curriculum,"Dias, Dalila; Hill, Cheryl J.; Burke-Doe, Annie",2025,INTERNET JOURNAL OF ALLIED HEALTH SCIENCES AND PRACTICE,,https://www.webofscience.com/wos/woscc/full-record/WOS:001599909100003,off-topic-false-hit,"Introduction: This study addressed the problem of limited empirical evidence on the effective assessment and implementation of metacognitive strategies in accelerated health programs. Certainty-based markings have been implemented in health education to cultivate students' self-monitoring and regulating skills; however, they have not been evaluated in a foundational course in an accelerated healthcare program. The theoretical framework that grounded this study was the metacognitive theory. Methods: A systematic review of the literature was performed by searching ProQuest, PubMed, EBSCO, and CINAHL databases Using a one-group pre-posttest study design, the research questions explored whether certainty-based markings improved student physical therapists' test performance, quality of knowledge, and metacognitive self-regulation in a foundational pathophysiology course in an accelerated Doctor of Physical Therapy program. Results: Descriptive analysis of pretests, posttests, and pre-posttests indicated a statistically significant increase in mean change scores across all study modules with a variation in magnitude of effect from small/medium to large and a statistically significant increase in metacognitive self-regulation with a small effect size. Conclusions: This study indicated that certainty-based markings, a cognitive monitoring strategy, improved student physical therapists' test performance, quality of knowledge, and metacognition. These findings provide empirical evidence regarding the importance of implementing metacognitive strategies in accelerated health programs to enhance the teaching and learning of foundational concepts using keywords.",wos,llm,0.980,unreviewed,,hash:2334c1bb137005c2
