status,title,authors,year,venue,doi,url,tags,abstract,provider,decision_source,llm_confidence,llm_review_outcome,llm_change_direction,paper_id
kept,Evaluating the Effectiveness of Flipped Lesson Models in Physical Education: A Systematic Review of Student Engagement and Learning Outcomes,Ce Ren; Chunmei Li; Richard Peter Bailey; Shuhui Yin; Xiaohui Chen; Huihui Lan; Yanan Yu; Nadia Samsudin,2026,International Sports Studies,10.69665/iss.v48i1.133,https://openalex.org/W7204858847,supports-claim; qualifies-claim,"Flipped learning relocates direct instruction to pre-class activities and uses class time for guided practice, feedback, and collaboration. Its effectiveness in physical education (PE), where learning spans cognitive, psychomotor, and social domains, remains unclear. This systematic review was registered in PROSPERO (CRD42024543676) and reported in accordance with PRISMA 2020. Five bibliographic databases and Google Scholar were searched for peer-reviewed intervention studies published from January 2018 to January 2024. Ten studies met the eligibility criteria, and their findings were synthesised thematically. Across secondary and tertiary PE settings, flipped lessons were generally associated with higher motivation, participation, self-efficacy, collaboration, conceptual understanding, and skill performance. Outcomes varied according to the quality and alignment of pre-class materials, students’ completion of preparatory work, teacher readiness, and contextual factors. Most interventions were short and geographically concentrated, and heterogeneity in study designs and measures precluded strong causal or long-term conclusions. Flipped lessons are a promising approach to active learning in PE, but benefits are not automatic. Effective implementation requires accessible, well-designed pre-class resources, purposeful in-class activities, teacher training, and support for students who struggle with self-directed preparation. Longer, more diverse, and methodologically robust studies are needed.",openalex,llm,0.870,unreviewed,,doi:10.69665/iss.v48i1.133
discarded,Black students making-sense of the flipped learning method in an urban high school,Celeca A. Sukra,2019,,10.17760/d20324124,https://openalex.org/W4246838579,off-topic-false-hit,"Technology has impacted every aspect of modern culture, including education. The influx of educational technology in schools presents opportunities to explore ways to engage students in the learning process fully. Although students may enjoy using technology in their daily lives, there is a need to carefully consider how these students make sense of technology in the learning environment. Using the theoretical framework of constructivism, the purpose of this Interpretative Phenomenological Analysis (IPA) was to understand and describe the lived experiences of three Black students using technology to learn in a flipped classroom at a New York City public charter high school. The significant findings reveal that flipped instructional videos can afford students an active learning experience, which can lead to an increased awareness of responsibility for learning and self-efficacy. The lived experiences of the students in this sample help secondary school professionals interested in implementing flipped instructional videos understand the thoughts and feelings Black students have towards using technology to learn. The study findings suggest that classroom teachers may utilize flipped instructional videos to transform the learning experiences of students. The study concludes with recommendations for practice to help guide students in the transition of using technology to enhance their learning experiences. Keywords: Constructivism, Flipped Learning, Flipped Classroom, Instructional Videos, Self-efficacy, Active learning",openalex,llm,0.990,unreviewed,,doi:10.17760/d20324124
kept,Enhancing human physiology education through active learning and digital tools: a modern pedagogical approach,Elyorbek Rakhmatullaev; Nodira Khujayeva; Rakhmonova Sh.E.; Sevara Safarova,2025,The American Journal of Medical Sciences and Pharmaceutical Research,10.37547/tajmspr/volume07issue04-08,https://openalex.org/W4409941490,supports-claim; qualifies-claim,"Human physiology is a foundational yet challenging subject for health science students. Traditional lecture-based methods often fail to promote deep conceptual understanding. This study evaluates the impact of active learning strategies (e.g., flipped classrooms, case-based learning) and digital tools (virtual labs, interactive simulations) on student performance and engagement. A quasi-experimental design compared exam scores and survey feedback between a control group (traditional lectures) and an experimental group (active/digital methods) across two semesters (N=200). Results showed a 15% increase in exam scores and significantly higher self-reported engagement (p <0.05) in the experimental group. These findings support integrating technology and student-centered pedagogy in physiology education.",openalex,llm,0.920,unreviewed,,doi:10.37547/tajmspr/volume07issue04-08
discarded,Evaluation of a flipped classroom model base on students’ perceptions: An undergraduate engineering module case study,Gill Cooke; Adriana Smith-Ortiz; Piotr Mazurkiewicz,2024,Warwick journal of education - transforming teaching.,10.31273/10.31273/9781911675167/1635,https://openalex.org/W4403867701,adjacent-subtopic,"Flipped classroom approach has become popular due to the potential for creating deep learning experiences using active learning and the use of technology that facilitates the implementation of the approach (Abeysekera and Dawson, 2014). The aim of this research is to assess whether the Flipped Classroom model designed and implemented by the authors is perceived as effective by engineering students on the mandatory second year management module. The supplemental blended learning model (Twigg, 2003) was used to create a delivery model consisting of lectures, out-of-class activities and ending with flipped classroom seminars. The fortnightly lectures and online learning material underpinned the in-class activity-led seminars which in turn aligned to the assessment. Given the requirements for students to manage their engagement with learning outside of the classroom, self-regulated learning has been considered within the study. The authors collected the data using two online pre-validated questionnaires (Shih, Liang and Tsai, 2019) via Qualtrics and applied descriptive statistical analysis tools and the Pearson correlation analysis, using SPSS software. Results indicated that students perceived the activity led learning part of the flipped classroom (seminars) as a positive experience and are satisfied with how the experience enhanced their learning. Survey analysis revealed students reported a lack of critical engagement with the online material, inconsistently allocating time to learning nor systematically preparing for the face-to-face activity led learning seminars. There was general agreement the flipped classroom approach required more self-regulated learning skills.",openalex,llm,0.940,unreviewed,,doi:10.31273/10.31273/9781911675167/1635
kept,Comparing student achievement in traditional learning with a combination of blended and flipped learning,Suhaila Halasa; Nimer Abusalim; Mohammad Rayyan; Rose E. Constantino; Omayyah S. Nassar; Huda Amre; Moayad Sharab; Insirah Qadri,2020,Nursing Open,10.1002/nop2.492,https://openalex.org/W3014631472,supports-claim,"Aim: The aim of this study was to investigate the effectiveness of blended learning with a flipped classroom design on student academic achievement in a Bachelor of Science in Nursing course. Design: A quasi-experimental study. Method: Students were split into an experimental blended learning with a flipped classroom design group and a control group using the traditional, teacher-centred learning method. Data were collected during spring 2018 (13.3 weeks) and student's grades for the registered course and their grade point average (GPA) were recorded. Results: Findings showed statistically significant increases in student grades in the experimental group. Predictability calculations also showed better achievement of learning outcomes if a blended learning with a flipped classroom design is continued to be used in the future.",openalex,llm,0.990,unreviewed,,doi:10.1002/nop2.492
discarded,Designing a Data Science Course for Non-Computer Science Students: Practical Considerations and Findings,Yllka Velaj; Dominik Dolezal; Roland Ambros; Claudia Plant; Renate Motschnig,2022,2022 IEEE Frontiers in Education Conference (FIE),10.1109/FIE56618.2022.9962455,https://ieeexplore.ieee.org/document/9962455/,off-topic-false-hit,"This Full Paper in the Research-To-Practice Category illustrates what an online survey of students’ opinions reveals about students’ perceived learning and take-away from a course on Data Science. The course is offered at University of Vienna in the Business Analytics, Data Science, and Digital Humanities faculties as part of the masters’ programs. In this work, we outline the course structures, goals, modules, and present preliminary findings gained while teaching the course. Due to the global pandemic and resulting lock-downs, the course was held online, hence, we also analyze the effects of the current situation on the students.The results revealed that the structure of the course is appreciated by the students. Furthermore, the students liked the open source software taught in the course where they can create visual workflows with an intuitive, drag-and-drop style graphical interface, without the need for coding. The results also confirmed our hypothesis which showed that working in groups is more complex and difficult using online tools. We learn that the instructor-generated technique for forming the groups assigning to each group students with different backgrounds, lead to teams that are able to solve problems faster as they are more cognitively diverse. These findings confirm that the approach used in the Data Science course is viable for teaching computer science skills to non computer-scientist and can be used by other educational institutions.",ieee,llm,0.910,unreviewed,,doi:10.1109/fie56618.2022.9962455
kept,East versus west: The descendants of confucianism vs. evidence-based learning mainland Chinese learners in pursuit of western-based education in Singapore,Kumaran Rajaram,2013,2013 IEEE 63rd Annual Conference International Council for Education Media (ICEM),10.1109/CICEM.2013.6820141,https://ieeexplore.ieee.org/document/6820141/,refutes-claim; qualifies-claim,"Substantial numbers of Chinese mainland students are enrolled in overseas Western-based business courses but are dislocated from their home cultures. Business education curriculum and course designers need to understand how these students are best trained in western style education programs. Four-hundred students in Singaporean business training programs provided differential ratings of perceived learning effectiveness, plus dislocation measures of familiarity, comfort and ease of knowledge transfer for each of ten commonly used instructional strategies previously investigated by Rodrigues, four of which he termed “active” and six “passive”. In terms of perceived learning effectiveness alone, Mainland Chinese students reported clear differences. In order of decreasing effectiveness, they reported lectures by instructors, case-studies, group projects, videos, guest speakers, classroom presentations, individual research projects, classroom discussions, computerized learning and lastly, reading textbooks. The study presents strategies and practices for facilitating effective learning for mainland Chinese students in western based education - choice of instructional techniques and mixtures, attention to students' cultural dislocation, comfort, familiarity, and ease of knowledge transfer.",ieee,llm,0.920,unreviewed,,doi:10.1109/cicem.2013.6820141
discarded,"The effect of Kahoot, Quizizz and Google Forms on the student's perception in the classrooms response system",Yanawut Chaiyo; Ranchana Nokham,2017,"2017 International Conference on Digital Arts, Media and Technology (ICDAMT)",10.1109/ICDAMT.2017.7904957,https://ieeexplore.ieee.org/document/7904957/,adjacent-subtopic,"Kahoot, Quizizz, and Google Forms are learning technology opens for new ways of teaching in the classroom. The teachers' laptops connected to a video projector, access to wireless network and the students smartphones, tablets or laptops can be utilized to enhance the interaction between the teacher and students, as well as boost the students motivation, engagement and learning. This paper shows the results from investigating the effect of using Kahoot, Quizizz, and Google Forms in classroom on how the students' perception of concentration, engagement, enjoyment, perceived learning, motivation, and satisfaction. The results show that students learned something from doing the quiz via Kahoot, Quizizz and Google Forms. But, there are significant differences in the concentration, engagement, enjoyment, motivation, and satisfaction. Kahoot and Quizizz has presented a lot of positives over Google forms when used in the classroom.",ieee,llm,0.970,unreviewed,,doi:10.1109/icdamt.2017.7904957
discarded,The Effectiveness of Technology-Enhanced Learning in Prosthodontic Education: A Systematic Review,"Abu Arqub, Sarah; Al-Shehri, Nada Ahmed; Meyer, Sarah; Asefi, Sohrab; Al-Moghrabi, Dalya",2024,EUROPEAN JOURNAL OF DENTAL EDUCATION,10.1111/eje.13035,https://www.webofscience.com/wos/woscc/full-record/WOS:001302653400001,adjacent-subtopic,"ObjectiveTo compare the effectiveness of technology-enhanced learning (TEL) with traditional learning in prosthodontic education.MethodsThe protocol was registered before commencement [CRD42023390277]. The search was conducted to identify randomized controlled trials (RCTs) focused on comparative assessment of TEL and traditional learning in prosthodontic education up to 6 June 2024. A comprehensive search strategy was formulated, encompassing multiple electronic databases. Screening, data extraction and risk of bias assessment using the Cochrane tool (RoB 2) were performed. Educational outcomes were evaluated by Kirkpatrick's four-level evaluation model.ResultsOf 2830 records identified, 14 RCTs were included. All the trials were judged at high risk of bias or had some concerns. The included studies assessed the short-term benefits of various TEL approaches, including e-learning, blended learning, video demonstration specialized self-evaluation software and virtual reality simulation in prosthodontic education for undergraduates. Promising results were found in individual studies, particularly in terms of perceived learning conditions with problem-based learning (PBL) and self-reported understanding and confidence when using video demonstrations. Most studies reported comparable outcomes to traditional learning in practical skills assessments, while the results regarding the acquisition of theoretical knowledge through the incorporation of TEL approaches were contradictory. One study reported promising results in perceived learning conditions with the PBL approach, as well as improved self-reported understanding and confidence with the use of video demonstrations. Furthermore, there was a limited number of studies assessing the effect of TEL approaches on students' behaviour.ConclusionThere is a lack of high-quality evidence to support the adoption of TEL approaches in prosthodontics. However, the incorporation of virtual reality simulation has demonstrated promising results, particularly in improving practical clinical skills.",wos,llm,0.870,unreviewed,,doi:10.1111/eje.13035
kept,Using Modern Learning Method to Teach Pharmacy Students Psychopharmacotherapy,"Zarif-Yeganeh, Morvarid; Mafinejad, Mahboobeh Khabaz; Mohebbi, Niayesh; Kiani, Muhammad; Rezaei, Eisa; Ebrahimpour, Sholeh; Namazi, Soha",2024,IRANIAN JOURNAL OF PUBLIC HEALTH,,https://www.webofscience.com/wos/woscc/full-record/WOS:001181950300008,qualifies-claim,"Background: Applying modern educational methods for digital native students seems necessary. Active learning strategies promote students' skills and knowledge. This study was conducted to design and evaluate active learning methods by teaching psychopharmacotherapy to pharmacy students. Methods: This was a quasi-experimental study with three randomized study groups (control, game, and multimedia), using a pre -and post -test design, conducted on 155 students of 5-year pharmacy in 2022 at the Faculty of Pharmacy of Tehran University of Medical Sciences, Iran. Overall, 18 clinical cases were designed for the basic structure of interventions. After teaching psychopharmacotherapy contents through lecturing, the pretest was held. The next steps were playing the educational game, studying the multimedia case-based learning files, and then completing questionnaires, respectively. Then, a post -test was held. Results: 65.33% of participants were female and 34.66% were male. The pre -test and post -test scores comparison showed no difference in control group (P=0.409). However, in the serious game and multimedia groups, the average score of pre -test and post -test had a statistically significant difference (P<0.001, P=0.002 respectively), this difference was higher in the serious game group. Questionnaire evaluation showed substantial differences between game and multimedia groups. Conclusion: The educational interventions were able to improve student's knowledge and skills so they can better help patients and promote public health. In the sections of Confidence, Social Interactions, Fun, Focused attention, Learnability, Relevance, and Perceived Learning, the serious game far outweighed the multimedia case-based learning.",wos,llm,0.800,unreviewed,,hash:818e152289ba8a55
discarded,Impact of Virtual Disaster Collaboration Exercises on Disaster Leadership at Hospitals in Saudi Arabia,"Sultan, Mohammed Ali Salem; Khorram-Manesh, Amir; Carlstrom, Eric; Berlin, Johan; Sorensen, Jarle Lowe",2021,INTERNATIONAL JOURNAL OF DISASTER RISK SCIENCE,10.1007/s13753-021-00376-0,https://www.webofscience.com/wos/woscc/full-record/WOS:000713939700001,off-topic-false-hit,"This study measured the impact of virtual three-level collaboration (3LC) exercises on participants' perceived levels of collaboration, learning, and utility (CLU) at hospitals in the southern region of Saudi Arabia. Our 3LC exercise is a tabletop training tool used to facilitate disaster education and document CLU. This model enables the practitioner to acquire new knowledge and promotes active learning. An English version of the CLU scale, the validated Swedish survey tool, was applied to 100 healthcare managers or leaders in various positions at both the operational and tactical levels after conducting the 3LC exercises. The response rate was 100%, although not all questions were answered in some cases. The results show that most participants strongly agreed that the exercises focused on collaboration (r(2) = 0.767) and that they had acquired new knowledge during the exercises. There was a statistically significant association between participation in the collaboration exercises and perceived learning (r(2) = 0.793), as well as between perceived learning and utility (r(2) = 0.811). The collaboration exercises enhance the perceived effects of CLU. They also improve the ability of participants to adapt situational strategies to achieve a safer society. Although exercises were conducted virtually, they were well received by the participants and achieved a value M = 4.4 CLU score, which opens up new dimensions in collaboration simulation exercises.",wos,llm,0.990,unreviewed,,doi:10.1007/s13753-021-00376-0
kept,LOOKING INTO THE IMPACT OF FLIPPED LEARNING PEDAGOGY ON STUDENTS' PERCEIVED LEARNING EXPERIENCE IN UNDERGRADUATE MATHEMATICS COURSES,"Nihlawi, Raghad; El-Baz, Hazim; Gunn, Cindy",2017,"10TH INTERNATIONAL CONFERENCE OF EDUCATION, RESEARCH AND INNOVATION (ICERI2017)",,https://www.webofscience.com/wos/woscc/full-record/WOS:000429975305139,qualifies-claim,"This research investigates the impact of applying the flipped learning methodology on students' perceived learning experience, compared to lecture-based learning at American University of Sharjah. Flipped learning is one of the pedagogies that aims to improve teaching and learning experience where the typical lecture and homework elements are reversed. Students review content before the class on their own, while the class time is devoted to activities such as problem solving and discussions.

To address the research purpose, six undergraduate mathematics classes were investigated. Two classrooms utilized a flipped methodology while the other four used a lecture-based approach. All classrooms were taught in Spring 2017.

This study utilized a mixed method design involving the collection and analysis of quantitative and qualitative data. The Revised Community of Inquiry framework (RCOI) was adopted to assess students' perceptions of their learning experience and was distributed to students in both types of classrooms. Further, open-ended questions were adopted to get additional insight on the students' perceptions of each of the learning experiences they have gone through.

In this paper, a discussion of the preliminary data analysis of how the students are perceiving the flipped learning methodology in comparison to lecture-based instruction will be shared with the participants. The results indicate areas of enhancement and challenges to be considered in the course design as instructors decide about whether or not to apply the flipped approach in their classrooms.",wos,llm,0.970,unreviewed,,hash:062fb055514a4cd2
