status,title,authors,year,venue,doi,url,tags,abstract,provider,decision_source,llm_confidence,llm_review_outcome,llm_change_direction,paper_id
kept,A systematic review of the use of gamification in flipped learning,Murat Ekici,2021,Education and Information Technologies,10.1007/s10639-020-10394-y,https://openalex.org/W3118918860,qualifies-claim,"Flipped learning is considered an increasingly common strategy along with some drawbacks. Gamification has the significant potential to deal with the drawbacks. This study presents a systematic literature review on the use of gamification in flipped learning research. To demonstrate its effectiveness clearly, the only empirical research was covered related to this topic. The Web of Science, Scopus, Wiley Online Library, ERIC and Science Direct databases were surveyed and a total of twenty two articles were selected for the review. The findings reveal that adding game elements into a flipped classroom yields higher motivation, participation and better learning performance. Yet there is insufficient evidence to generalize the results. It is also found that the platforms, Moodle and Kahoot, are the most preferred platforms and points, badges and leaderboards are the most used game elements for gamification.",openalex,llm,0.840,unreviewed,,doi:10.1007/s10639-020-10394-y
discarded,Flipped learning in an EFL environment: Does the teacher’s experience affect learning outcomes?,Adrian Leis; Kenneth G. Brown,2018,The EuroCALL Review,10.4995/eurocall.2018.8597,https://openalex.org/W2886300399,adjacent-subtopic,"In this paper, the authors discuss the findings of a quasi-experimental study of the flipped learning approach in an EFL environment. The authors investigated the composition-writing proficiency of two groups of Japanese university students (n = 38). The teacher of one of these groups had had much experience teaching with the flipped learning model, whereas the other teacher had had no experience. The first aim of the study was to discover if improvements in writing proficiency could be observed within each group. The results indicated that statistically significant improvements were seen both for students studying under a teacher with experience conducting flipped classrooms, t(16) = 4.80, p < .001, d = 1.27, and a teacher without flipped classroom experience, t(20) = 7.73, p < .001, d = 1.61. The second aim of the study was to investigate whether any differences in improvement between the two groups occurred. The results suggested that students in both groups improved at similar degrees: F(1, 36) = .087, p = .77. These results suggest that regardless of a teacher’s experience with the flipped learning approach, it appears to be a successful way of teaching in EFL environments. The authors conclude that, regardless of the teacher’s experience with the model, the flipped learning approach is an ideal way to increase the amount of individual coaching possible in the classroom, bringing about more efficient learning.",openalex,llm,0.920,unreviewed,,doi:10.4995/eurocall.2018.8597
kept,Flipped classroom improves student learning outcome in Chinese pharmacy education: A systematic review and meta-analysis,Wei Jun Peng; Ying Xiong; Jingwen Wei; Xiuping Chen; Wenying Huai; Sike He; Dan Liu; Xiaoping Tian; Songqi Tang; Yunhui Chen,2022,Frontiers in Pharmacology,10.3389/fphar.2022.936899,https://openalex.org/W4293546474,supports-claim,"Background: The application of flipped classroom (FC) pedagogy has recently become increasingly popular in Chinese pharmacy education. However, its effectiveness in improving student learning has not yet been assessed. This study aimed to evaluate the effects of teaching with such pedagogical approach by examining studies that compare the FC approach with the traditional lecture-based learning (LBL) module through a systematic review and meta-analysis. Methods: Seven databases, including the PubMed, EMBASE, Cochrane Library, China National Knowledge Infrastructure, Chinese Scientific Journals Database, Chinese Wanfang database, and China Biomedical Literature Database, were searched from the inception to 30 June 2021, to identify eligible articles of randomized controlled studies. The primary outcomes included the theoretical and experimental test scores, and the secondary outcomes were the results from questionnaires about the number of students who preferred the FC or endorsed its improving effects on their learning enthusiasm, self-learning ability, thinking skills, communication skills, and learning efficiency. The quantitative synthesis was conducted with Revman V.5.3 software following the Cochrane Reviewer’s Handbook guidelines and the Preferred Reporting Items for Systematic Reviews and Meta-Analyses statement. Results: Eleven eligible studies published from 2017 to 2020 enrolling 1,200 students were included in this meta-analysis. The quantitative synthesis demonstrated that the FC module presented an overall more significant effectiveness over traditional LBL approach for Chinese pharmacy education in improving student academic performance as measured by theoretical test scores (SMD = 1.08, 95% CI: 0.60–1.56, p < 0.00001) and experimental test scores (MD = 6.62, 95% CI: 4.42–8.82, p < 0.00001). Further sub-group analysis revealed that the preferable effectiveness of FC was also evident in both theory-oriented (SMD = 0.77, 95% CI: 0.10–1.45, p < 0.00001) and experiments-oriented courses (MD = 6.52, 95% CI: 3.48–9.56, p < 0.00001) for both undergraduate (SMD = 0.84, 95% CI: 0.31–1.37, p < 0.00001) and 3-year junior-college students (MD = 8.17, 95% CI: 6.44–9.89, p < 0.00001). Additionally, analysis on the questionnaire outcomes revealed that more respondents preferred for FC and endorsed its improvement effects on developing students’ learning enthusiasm, self-learning ability, thinking skills, communication skills, and learning efficiency. Conclusion: Current evidence suggests that FC pedagogical approach can effectively improve student learning outcomes and is applicable to Chinese pharmacy education.",openalex,llm,0.990,unreviewed,,doi:10.3389/fphar.2022.936899
kept,Discrepancies between Student Perception and Achievement of Learning Outcomes in a Flipped Classroom,Jenna Van Sickle,2016,Journal of the Scholarship of Teaching and Learning,10.14434/josotl.v16i2.19216,https://openalex.org/W2342827924,supports-claim; qualifies-claim,"In a college algebra course that used flipped/inverted pedagogy, students achieved learning outcomes at a significantly higher rate, as evidenced by results on the final exam. At the same time, student perception on a number of measures decreased significantly, including how interested students were in the course and whether the instructor effectively facilitated learning. This article will draw on a variety of research to suggest reasons for these discrepancies and possible solutions to help improve student perception in learner-centered instruction.",openalex,llm,0.960,unreviewed,,doi:10.14434/josotl.v16i2.19216
kept,Effects of Flipped Learning on Learning Outcomes and Satisfaction: A Meta-Analysis -Supplementary material,David van Alten,2020,DataverseNL,10.34894/nsxmet,https://openalex.org/W3108185063,supports-claim; qualifies-claim,"Supplementary material to dissertation chapter 2: Effects of Flipped Learning on Learning Outcomes and Satisfaction: A Meta-Analysis. Published in Educational Research Review, https://doi.org/10.1016/j.edurev.2019.05.003. By David van Alten (Utrecht University)",openalex,llm,0.980,unreviewed,,doi:10.34894/nsxmet
kept,Exploring the pedagogical design features of the flipped classroom in undergraduate nursing education: a systematic review,Punithalingam Youhasan; Yan Chen; Mataroria Lyndon; Marcus Alexander Henning,2021,BMC Nursing,10.1186/s12912-021-00555-w,https://openalex.org/W3136084511,supports-claim; qualifies-claim,"BACKGROUND: In recent years, technological advancement has enabled the use of blended learning approaches, including flipped classrooms. Flipped classrooms promote higher-order knowledge application - a key component of nursing education. This systematic review aims to evaluate the empirical evidence and refereed literature pertaining to the development, application and effectiveness of flipped classrooms in reference to undergraduate nursing education. METHODS: A PRISMA systematic review protocol was implemented to investigate the literature pertaining to the development, implementation and effectiveness of flipped classroom pedagogy in undergraduate nursing education. Seven databases (Scopus, PsycINFO, CINAHL, ERIC, MEDLINE, Cochrane, Web of Science) were utilised to survey the salient literature. Articles were appraised with respect to their level of evidence, the origin of study, study design, the aims/s of the study, and the key outcomes of the study. A qualitative synthesis was then conducted to summarise the study findings. RESULTS: The initial search identified 1263 potentially relevant articles. After comprehensively reviewing the initial catchment using several analytical phases, 27 articles were considered for the final review, most of which were conducted in the USA and South Korea. A range of research designs were applied to measure or discuss the outcomes and design features of the flipped classroom pedagogy when applied to undergraduate nursing education. The review indicated that a common operational flipped classroom model involves three key components, namely pre-classroom activities, in-classroom activities and post-classroom activities, guided by two instructional system design principles. The review predominantly identified positive learning outcomes among undergraduate nursing students, after experiencing the flipped classroom, in terms of skills, knowledge and attitudes. However, a few studies reported contrasting findings, possibly due to the incompatibility of the flipped classroom pedagogy with the traditional learning culture. CONCLUSIONS: Current evidence in this systematic review suggests that incorporating the flipped classroom pedagogy could yield positive educational outcomes in undergraduate nursing education. There are promising pedagogical models available for adapting or developing the flipped classroom pedagogy in undergraduate nursing education.",openalex,llm,0.950,unreviewed,,doi:10.1186/s12912-021-00555-w
kept,Effectiveness of Flipped Learning in Nursing Education: A Meta-Analysis Based on 12 Studies,Hwa Sun Kim,2025,Asia-pacific Journal of Convergent Research Interchange,10.47116/apjcri.2025.10.40,https://openalex.org/W4415678953,supports-claim; qualifies-claim,"This meta-analysis aimed to examine the effectiveness of flipped learning in nursing education systematically and to provide evidence-based guidance for its application in academic and clinical training contexts.Twelve studies reporting learning outcomes among nursing students were selected through a comprehensive literature search across multiple databases.Hedges' g was calculated to estimate effect sizes, and analyses of heterogeneity, sensitivity, and publication bias were conducted by established meta-analytic procedures.The results showed a statistically significant and practically meaningful positive effect of flipped learning compared to traditional lecture-based methods, with a pooled effect size of g = 0.81 (95% CI: 0.62-1.01).Subgroup analysis revealed the greatest effect in the psychomotor domain (g = 1.27), followed by the affective (g = 0.62) and cognitive (g = 0.65) domains.Sensitivity analyses confirmed the robustness of the findings across various model specifications.Publication bias analysis revealed some asymmetry in the funnel plot, though Egger's test was not statistically significant (p = .078).These findings suggest that flipped learning is an effective and adaptable instructional strategy for enhancing diverse learning outcomes in nursing education, particularly for promoting practical skills, learner engagement, and self-directed learning in both classroom and clinical environments.",openalex,llm,0.990,unreviewed,,doi:10.47116/apjcri.2025.10.40
kept,The Effect and Strategies of Flipped Learning in Nursing Education: A Systematic Review,Sung‐Heui Bae; Sujin Shin,2018,Health & Nursing,10.29402/hn30.2.1,https://openalex.org/W2948996952,qualifies-claim,,openalex,llm,0.720,unreviewed,,doi:10.29402/hn30.2.1
kept,The effectiveness of the flipped learning model in higher education: A meta-analysis study,Mehmet Aslan,2024,Yildiz Journal of Educational Research Yildiz Technical University,10.14744/yjer.2024.002,https://openalex.org/W4400127279,supports-claim,Tersyüz öğrenme,openalex,llm,0.760,unreviewed,,doi:10.14744/yjer.2024.002
kept,The Effect of Flipped Learning on Students’ Academic Achievement: A Meta-Analysis Study,Ali Orhan,2019,DergiPark (Istanbul University),10.14812/cuefd.400919,https://openalex.org/W2965061661,supports-claim,"Bu calismada ters yuz ogrenme yaklasiminin geleneksel ogrenme yaklasimina kiyasla ogrencilerin akademik basarilarina etkisinin incelenmesi amaclanmistir. Ters yuz edilmis ogrenme (TYO) yaklasiminin akademik basari uzerindeki etki buyuklugunu belirlemeyi amaclayan bu calismada meta analiz yontemi kullanilmistir. Dahil edilme olcutlerini saglayan ve ulasilabilen 8 lisansustu tez ve 5 makale meta analize dahil edilmistir. Ilk olarak arastirmaya dahil edilen calismalara ait heterojenlik degeri hesaplanmis ve elde edilen butun degerler (Q=6,148, p>0,05, I2=0,00) calismalar arasinda homojenligin oldugunu gostermistir. Dolayisiyla bu durum etki buyukluklerinin hesaplanmasinda sabit etkiler modelinin kullanilabilecegini gostermektedir. TYO yaklasiminin akademik basariya etkisine iliskin genel etki buyuklugu degeri, sabit etkiler modeline gore 0,080 hata ile 0,744’dur. Bu etki duzeyi orneklem grubunun ogretim seviyesi, calisma turu ve calismanin yayinlanma yili degiskenlerine gore farklilasmamaktadir.",openalex,llm,0.980,unreviewed,,doi:10.14812/cuefd.400919
kept,"Flipped Classroom, Flipped Teaching and Flipped Learning in the Foreign/Second Language Post–Secondary Classroom",Denise Mohan,2018,Nouvelle Revue Synergies Canada,10.21083/nrsc.v0i11.4016,https://openalex.org/W2787228099,qualifies-claim,"The term “flipped classroom”, coined in 2007, represents a pedagogy aligned with long-established principles of student-centered learning. Over the last two decades, the flipped classroom has been adopted by instructors across a range of disciplines, from primary to post-secondary settings. During its development, the characteristics of the flipped classroom have evolved, as have the terminology used to reference it, leading practitioners and researchers to now address it as flipped classroom, flipped teaching or flipped learning. In this article, these terms will be used interchangeably. The article will examine the foundations of flipped learning, discuss its roots in learner-centered pedagogy, trace its development over the last two decades, profile its characteristics, and examine the feedback on its effectiveness and challenges as provided by flipped learning instructors and researchers. An attempt will be made to answer the following four questions. Where does flipped learning fit on the continuum of learner-centered pedagogies? How have educators responded, both positively and negatively, to the flipped learning/teaching approach? How has flipped learning been implemented in the foreign/second language (FL/L2) classroom? What are some considerations and recommendations for FL/L2 instructors contemplating using this approach in the FL/L2 post-secondary context? Finally, some suggestions will be made regarding next steps in research on flipped learning.",openalex,llm,0.720,unreviewed,,doi:10.21083/nrsc.v0i11.4016
kept,The influences of Flipped Classroom: A meta analysis,Azlina A. Rahman; Baharuddin Aris; Hasnah Mohamed; Norasykin Mohd Zaid,2014,2014 IEEE 6th Conference on Engineering Education (ICEED),10.1109/ICEED.2014.7194682,https://ieeexplore.ieee.org/document/7194682/,supports-claim,"The latest learning methods of 21st century emphasizes on student-centered learning and the use of technology in teaching. Flipped Classroom is one of the latest pedagogies that give attention to active learning through the use of technology as an intermediary in learning and teaching. In contrast to the traditional method where the teacher use `chalk and talk', Flipped Classroom emphasizes on learning through the student's own knowledge construction. Thus, there are two-way interactions which are among the students themselves and between teachers and students. Existing traditional methods have experienced paradigm shift towards the implementation of the methods and patterns that meet the learning styles of students. Implementation of new methods, such as Flipped Classroom are to ensure balanced with the demands of the present century in education system. The main idea of Flipped Classroom is to give meaningful and impactful learning. Previous studies on Flipped Classroom found that this method has positive impacts on student's achievement. Previous researchers also have tested the effectiveness of Flipped Classroom from various aspects such as the use of different instruments for different discipline based on the level of their students. This paper will review a number of studies that have been carried out in assessing the participants after the implementation of Flipped Classroom approach.",ieee,llm,0.790,unreviewed,,doi:10.1109/iceed.2014.7194682
discarded,Instructional Strategies in Computer-Supported Collaborative Learning: A Systematic Review and Meta-Analysis,Yilong Pu; Heng Luo,2025,2025 International Symposium on Educational Technology (ISET),10.1109/ISET65607.2025.00057,https://ieeexplore.ieee.org/document/11113560/,off-topic-false-hit,"This study provides a comprehensive review of research from 2010 to 2024 on the effectiveness of instructional strategies in promoting computer-supported collaborative learning (CSCL). A meta-analysis was conducted to assess the impact of these strategies on learning performance. Fifty-one relevant articles were analyzed. The study evaluated various instructional strategies, technologies, learning performances, subjects, school levels, sample sizes, and intervention durations. The meta-analysis revealed that instructional strategies in CSCL have a moderate positive impact on learning performance, with significant moderating effects based on strategy, technology, learning performance, subject, and school level. Based on the findings, the study highlights the practical implications of using instructional strategies in CSCL settings. It suggests prioritizing inquiry-based learning and collaborative scripts, and encourages future research to explore the use of AI and VR technologies to enhance CSCL outcomes.",ieee,llm,0.980,unreviewed,,doi:10.1109/iset65607.2025.00057
discarded,The Intersection of Learning Analytics and Instructional Design: A Decade of Empirical Evidence,Masanori Yamada; Fatemeh Dadashipour; Basori; Xiyu Wang; Yukiko Maeda; Jennifer C. Richardson; Xuewang Geng; Yoshiko Goda,2026,IEEE Access,10.1109/ACCESS.2026.3708430,https://ieeexplore.ieee.org/document/11589263/,off-topic-false-hit,"This systematic review investigates how learning analytics (LA) has been applied to inform and evaluate instructional design (ID) practices in higher education from 2011 to 2026. Drawing on 62 empirical studies, the review explores four questions: 1) the types of LA methodologies used in ID contexts, 2) the extent to which formal ID models such as ADDIE and ARCS are incorporated, 3) evidence of LA-driven improvements in teaching and learning, and 4) the pedagogical purposes of LA applications. Findings reveal a methodological shift; while quantitative approaches using Learning Management System (LMS) data remain dominant, a substantial proportion of recent studies (48.4%) have adopted mixed-methods designs to better bridge behavioral metrics with pedagogical context. Despite this evolution, the explicit integration of formal ID models remains scarce, with researchers often relying on broader learning theories or proposing novel LA-ID frameworks. While LA successfully informs course content revisions, scaffolding, and personalized feedback, sustainable integration is hindered by persistent technical constraints, data privacy issues, and, notably, socio-emotional challenges such as faculty skepticism and unintended psychological impacts on students. To advance the field, future research must move beyond static, post-hoc metrics toward multimodal data, temporal dynamics, and participatory co-design. Strengthening this interdisciplinary alignment will enable higher education to leverage data-informed insights for truly adaptive and learner-centered teaching practices.",ieee,llm,0.990,unreviewed,,doi:10.1109/access.2026.3708430
