status,title,authors,year,venue,doi,url,tags,abstract,provider,decision_source,llm_confidence,llm_review_outcome,llm_change_direction,paper_id
kept,Comparing Flipped Classroom and Traditional Lecture in Medical Histology Among Chinese Medical Students: Learning Outcomes and Student Feedback,"Zhang, Yanmin; Li, Chunyang; Zhou, Chan; Zhou, Wenjuan; Liu, Shangming",2026,ADVANCES IN MEDICAL EDUCATION AND PRACTICE,10.2147/AMEP.S626007,https://www.webofscience.com/wos/woscc/full-record/WOS:001858047400001,qualifies-claim,"Purpose: Although the flipped classroom has been increasingly adopted in medical education, evidence regarding its effectiveness remains inconsistent, particularly in Chinese medical education, where related studies remain limited. Therefore, this study aimed to compare academic performance, student satisfaction, and learning perceptions between flipped classroom and traditional lecture-based instruction in a medical histology course among Chinese undergraduate medical students. Methods: In this non-randomized comparative study, two consecutive cohorts of undergraduate medical students received either traditional lectures (2023 cohort, n = 73) or flipped classroom instruction (2024 cohort, n = 75) in the same medical histology course. Final examination scores were compared using the Mann-Whitney U-test. Spearman correlation was used to examine the relationship between final examination and in-class quiz scores. Pearson's chi-square test was used for categorical variables. Student satisfaction and learning perceptions were evaluated using a questionnaire. Results: Students in the flipped classroom group achieved significantly higher final examination scores than those in the traditional group (76.57 f 14.24 vs 69.73 f 15.45, P < 0.01). Final exam scores were positively correlated with quiz performance (P < 0.001). Satisfaction was also significantly higher in the flipped classroom group than in the traditional group (21.12 f 4.62 vs 16.16 f 3.72, P< 0.001). Among students in the flipped classroom group, 68% preferred the flipped classroom approach. Students perceived that the flipped classroom enhanced interactivity and promoted active learning, although it was also associated with increased workload and learning pressure. Conclusion: In this cohort of Chinese undergraduate medical students, the flipped classroom was associated with better academic performance, higher student satisfaction, and more positive learning perceptions than traditional lectures.",wos,llm,0.800,unreviewed,,doi:10.2147/amep.s626007
kept,Use of Gamification as an Active Teaching and Learning Methodology in Undergraduate Dental Education in Oral Radiology,"Melo, Natalia Myrrha; Rodrigues, Lizandra Gonzaga; Silva, Luisa Simoes; Vespasiano, Amaro Ilidio; Ferreira, Isabella Mori; Manzi, Giulio Cesar Moreira; Manzi, Flavio Ricardo",2026,JOURNAL OF DENTAL EDUCATION,10.1002/jdd.70349,https://www.webofscience.com/wos/woscc/full-record/WOS:001855327600001,qualifies-claim,"Purpose/Objectives: Active learning methodologies have been increasingly adopted in dental education to promote student engagement and improve learning outcomes. Gamification has emerged as a promising strategy; however, evidence regarding its effectiveness in oral radiology education remains limited. This study aimed to evaluate the effectiveness of a gamified instructional activity, used in combination with traditional teaching, in undergraduate oral radiology courses. Methods: This mixed-methods, single-group pre-/post quasi-experimental study was conducted with 68 undergraduate dental students enrolled in Oral Radiology I and II at Pontif & iacute;cia Universidade Catolica de Minas Gerais. In addition, a historical control group of 64 students from the previous academic year, who received only conventional lecture-based instruction, was included for comparison. Students completed an assessment following traditional lecture-based instruction and a second assessment after participation in a gamified activity (Power Radio). Data followed a non-normal distribution; therefore, the Wilcoxon signed-rank test was used for paired comparisons within the current cohort, and the Mann-Whitney U test was used for comparisons between the current cohort and the historical control. Student perceptions of the gamified activity were collected through qualitative feedback. Results: Mean assessment scores increased significantly after the gamified intervention in both Oral Radiology I (from 5.6 to 8.6) and Oral Radiology II (from 4.8 to 8.1) ( p < 0.0001). No statistically significant differences were observed between male and female students. Most participants (96.1%) reported that the gamified activity was an effective didactic resource and described increased motivation, engagement, and perceived learning benefits. Conclusions: Gamification, when used as a complementary strategy alongside traditional instruction, was associated with improved academic performance and positive student perceptions in undergraduate oral radiology courses. These findings support the integration of structured gamified activities as a potentially beneficial approach to enhance engagement and reinforce learning in dental education.",wos,llm,0.860,unreviewed,,doi:10.1002/jdd.70349
discarded,Potential of Synthetic Voice in Multilingual Educational Environments: Utilizing Generative AI in XR and Metaverse-Based International Virtual Exchange,"Eder, Marvin; Hayashi, Masako",2025,"33RD INTERNATIONAL CONFERENCE ON COMPUTERS IN EDUCATION CONFERENCE PROCEEDINGS, ICCE 2025, VOL II",,https://www.webofscience.com/wos/woscc/full-record/WOS:001815994100043,adjacent-subtopic,"In this work-in-progress paper, we analyze the impact of using synthetic, natural, and text-to-speech (TTS) voices in a flipped classroom-style lecture video setting. Our study aims to give an insight on how different voice types affect students' comprehension, perception of naturalness, preferences and overall satisfaction, especially in an international and multilingual learning environment. Participants watched three versions of the same lecture, each only differing in the voice used for narration and evaluated them across various criteria. Results showed that while a natural voice remains slightly preferred, high-quality synthetic voices can perform comparability in terms of clarity and acceptability.",wos,llm,0.970,unreviewed,,hash:b28e7b1b90723c67
kept,Design and Assessment of a Hybrid Teaching Model for Teaching Internet of Things Hardware Technology,"Li, Jiawen; Ling, Chen; Wu, Xinyu; Nie, Qiong; Zhang, Xindi; Zheng, Yani; Zhao, Huimin; Ren, Jinchang; Chen, Rongjun",2026,INTERNATIONAL JOURNAL OF ENGINEERING EDUCATION,,https://www.webofscience.com/wos/woscc/full-record/WOS:001835715400014,supports-claim,"To achieve high-quality Internet of Things (IoT) education, Asia-Pacific countries have placed greater demands on engineering students' problem-solving abilities and innovative practices. However, the traditional approach has struggled to satisfy the needs of talent training. To this end, this paper proposes a hybrid teaching model that integrates the semi-flipped classroom and Bridge-in, Objective, Pre-assessment, Participatory learning, Post-assessment, and Summary (BOPPPS) framework. For validation, a quasi-experimental study was conducted with 100 IoT engineering students, who were divided into a control group (n = 50) receiving traditional lecture-based instruction and an experimental group (n = 50) undergoing the hybrid teaching model. Data were collected through psychometrically validated satisfaction surveys (Cronbach's alpha = 0.938) and pre-test/post-test assessments across ten instructional modules. Quantitative analysis employed independent-samples t-tests and chi-square tests (significance threshold: p < 0.05). The evaluation results demonstrate that over 90% of students are satisfied with the teaching method, content design, and equipment resources. Meanwhile, the student approval rating regarding learning interest, professional ability, and classroom participation has exceeded 90%. Furthermore, the comparison of pre-test and post-test accuracy in the experimental group shows an improvement of approximately 20%, with statistically significant differences favoring the experimental group. Such impressive performances reveal that the hybrid teaching model not only enhances students' engineering innovation abilities and learning initiative but also holds significant value for improving the quality of related programs in engineering education.",wos,llm,0.860,unreviewed,,hash:4669c54590ec4893
discarded,Learning ophthalmic anatomy with AI-generated visual resource: the moderating role of educational background,"Luo, Yifan; Ge, Taowei; Luo, Xianglin; Lin, Zhongjing; Li, Min; Ke, Bilian",2026,FRONTIERS IN MEDICINE,10.3389/fmed.2026.1868565,https://www.webofscience.com/wos/woscc/full-record/WOS:001835467300001,adjacent-subtopic,"Background Declining ophthalmology teaching hours necessitate efficient instructional tools. While generative AI frequently produces structural deviations, these variations can be strategically repurposed as valuable stimuli for comparative learning. This study evaluated the effects of an AI-assisted comparative exercise versus conventional anatomical labeling on knowledge acquisition, learner satisfaction, and cognitive workload. Methods We conducted a quasi-experimental 2 & times; 2 study with 121 sophomores from two universities in Shanghai, China. Following a standardized 20-min ophthalmic anatomy lecture, intact classes were assigned to either a conventional diagram-labeling task or an AI-assisted comparative exercise. The AI condition included three anatomically correct reference images paired with three expert-curated AI-generated anatomical variants, produced through a systematic expert-in-the-loop approach using Gemini 3.0 Pro. Outcomes comprised baseline and post-intervention knowledge tests, a 5-item satisfaction questionnaire, and the NASA Task Load Index. Results After baseline adjustment and correction for planned comparisons, no statistically significant AI-versus-conventional difference in post-test knowledge scores was detected (all p > 0.05). Among non-medical students, the AI-assisted comparative exercise was associated with higher composite satisfaction (9.17 vs. 7.52; Holm-adjusted p < 0.001; r = 0.60) and better self-assessed performance (7.76 vs. 6.03; Holm-adjusted p = 0.003; r = 0.47), whereas composite NASA-TLX scores did not differ between AI and conventional conditions within either background group. These satisfaction and self-assessed performance benefits were not observed among medical students (all p > 0.05). Conclusion A brief AI-assisted comparative exercise did not demonstrate a statistically conclusive advantage in immediate knowledge outcomes, but was associated with higher satisfaction and better self-assessed performance among non-medical students without increasing composite NASA-TLX scores. Carefully curated AI-generated anatomical variants may therefore serve as a structured adjunct for novice ophthalmic anatomy learning.",wos,llm,0.930,unreviewed,,doi:10.3389/fmed.2026.1868565
discarded,Active learning framework and the learning experiences of widening access mature students at London Churchill college: protocol for an exploratory sequential mixed-methods study,"Uddin, Nazim",2026,FRONTIERS IN EDUCATION,10.3389/feduc.2026.1762263,https://www.webofscience.com/wos/woscc/full-record/WOS:001827540400001,adjacent-subtopic,"Introduction: Widening Access Mature Students (WAMS) represent a strategically important yet structurally disadvantaged group in higher education. London Churchill College (LCC) based in London, UK has developed an Active Learning Framework (ALF) explicitly designed to draw on students' life and work experience, but this framework has not yet been evaluated systematically. Aim: This protocol paper outlines the study design for the exploratory sequential mixed-methods study to investigate the implementation, mechanisms and outcomes of LCC's ALF and to evaluate its effectiveness as a pedagogical model for a diverse, predominantly mature student body. Design: The protocol for the study outlines an exploratory sequential mixed-methods design underpinned by a pragmatic paradigm. Phase 1 comprises qualitative interviews and focus groups exploring students' experiences of ALF, pedagogy and teaching approaches. Phase 2 develops and validates a survey instrument measuring engagement, self-efficacy, relevance, belonging and satisfaction. Phase 3 implements a quasi-experimental crossover design, within-tutor comparison of ALF and lecture-led pedagogy across parallel units, integrating pre- and post-tests, delayed retention tests and structured classroom observations guided by the ICAP framework. Outcomes: This protocol is published prior to substantive data collection so that the design, theoretical assumptions, outcome measures and analytic procedures can be scrutinised independently of eventual findings. The primary outcomes of the main study are learning gains, delayed knowledge retention and multidimensional engagement. Secondary outcomes include attendance and module satisfaction. Multilevel modelling will account for clustering of students within tutor groups, and qualitative data will be analysed using reflexive thematic analysis. Originality and significance: The study integrates adult-learning theory and cognitive engagement frameworks in evaluating an institutional ALF within a widening-participation college, with a specific focus on WAMS but including all students enrolled on relevant modules or programme units. Findings are intended to inform curriculum design, staff development and sector-wide debates on inclusive pedagogy.",wos,llm,0.990,unreviewed,,doi:10.3389/feduc.2026.1762263
kept,Active methodologies in medical education: between pedagogical innovation and the persistence of the lecture-based class.,"Regalado, Maria Fernanda Abad; Stefos, Efstathios",2026,SPANISH JOURNAL OF MEDICAL EDUCATION,10.6018/edumed.714541,https://www.webofscience.com/wos/woscc/full-record/WOS:001815581700006,qualifies-claim,"Active methodologies have gained considerable relevance over the past decade, and their incorporation into course syllabi has become mandatory. However, their implementation in the classroom does not always displace traditional lecture-based teaching, which continues to play an important role in the organization of learning. Objective. To describe the perception and experience of seventh-cycle undergraduate medical students regarding the use of active methodologies in the teaching-learning process. Method. An observational, descriptive, cross-sectional survey study was conducted in March 2026 among seventh-cycle medical students at the Catholic University of Cuenca, Ecuador. A census-based approach was used, and 104 valid questionnaires were analyzed. Data were collected through an online self-administered form that included sociodemographic questions, multiple-choice items, frequency scales, and Likert-type items aimed at exploring classroom experience, participation patterns, perceived barriers, and format preferences. Results. The lecture-based class was the predominant format during the previous academic cycle (54.8%) and was also the most valued format for addressing complex topics (47.1%). Nevertheless, students recognized relevant benefits of active methodologies: 84.6% considered that they help identify knowledge gaps, 64.4% stated that they promote clinical reasoning, and 78.8% positively valued the feedback received. The main barrier to participation was fear of making mistakes (53.8%). In addition, 78.8% reported having avoided speaking due to fear of making mistakes at least sometimes, and 76.9% reported either leaving class with unresolved doubts or perceiving the pace of the class as too fast. Conclusions. Students' perceptions of active methodologies were nuanced and were not limited to absolute acceptance or rejection. The findings suggest the need for hybrid teaching sequences that integrate teacher-led exposition, guided activities, concrete feedback, and conditions of psychological safety that promote more authentic student participation.",wos,llm,0.830,unreviewed,,doi:10.6018/edumed.714541
kept,Flipped classroom technology as a multicultural inclusion strategy for international medical students in Vietnamese political theory education,"Phuoc Tai, Nguyen; Thanh Hung, Nguyen; Thuan Quy, Nguyen",2026,JOURNAL FOR MULTICULTURAL EDUCATION,10.1108/JME-03-2026-0055,https://www.webofscience.com/wos/woscc/full-record/WOS:001810192500001,qualifies-claim,"Purpose This study aims to investigate how a technology-enhanced flipped classroom (TEFC) model can support multicultural inclusion for Indian international medical students studying Marxist-Leninist political theory in English at a Vietnamese medical university. It examines learning outcomes while also analysing persistent linguistic, cultural and participatory barriers.Design/methodology/approach A convergent mixed-methods, quasi-experimental design was implemented with 420 Indian undergraduate medical students at Can Tho University of Medicine and Pharmacy. Intact administrative classes were allocated to an experimental group receiving the TEFC intervention and a comparison group receiving conventional lecture-based instruction. Quantitative data were collected through a validated 24-item questionnaire measuring digital learning activities, cognitive load barriers, self-regulated learning, classroom learning interaction, critical thinking ability and technology/learning analytics acceptance. Qualitative open-ended reflections and LMS analytics were analysed separately and integrated during interpretation.Findings Baseline tests indicated no significant demographic or academic differences between the two groups. Post-intervention comparisons favoured the experimental group across digital learning activity, self-regulated learning, classroom interaction, critical thinking and technology acceptance, while perceived cognitive load barriers were lower. Regression analysis showed that digital learning activities and classroom learning interaction were the strongest predictors of technology/learning analytics acceptance. Qualitative findings nevertheless showed that accent asymmetry, culturally unfamiliar political concepts and uneven participation continued to constrain inclusion.Research limitations/implications The study was conducted at a single institution over one 16-week semester. The quasi-experimental design, self-reported scales and student perceptions do not by themselves establish long-term causal effects. Future work should use longitudinal, multi-site and performance-based designs.Practical implications The findings suggest that flipped learning can be used as an inclusion-oriented design when it combines captioned micro-lectures, structured pre-class preparation, culturally bridged cases, low-stakes formative checks and deliberate facilitation of accent-aware and gender-inclusive participation.Originality/value The paper contributes to multicultural education by analysing flipped classroom technology in a tri-ethnic and tri-linguistic non-Anglophone setting involving Vietnamese lecturers, Indian students and English medium instruction in a compulsory political theory course.",wos,llm,0.880,unreviewed,,doi:10.1108/jme-03-2026-0055
kept,Active Learning Strategies in Calculus Education: A Comparative Study Between French and Brazilian Engineering Students,"Starosky Roloff, Micheli Roloff; Resende, Luis Mauricio; Mercat, Christian",2026,"INNOVATION VIA COLLABORATIVE LEARNING IN ENGINEERING EDUCATION, ICL2025, VOL 1",10.1007/978-3-032-18888-5_43,https://www.webofscience.com/wos/woscc/full-record/WOS:001788441700043,qualifies-claim,"This study aims to understand students' perceptions of the importance of various learning activities and their satisfaction with teaching methodologies before and after didactic interventions that applied active learning strategies. The research was conducted at two institutions: Universite Claude Bernard Lyon 1 (France) and the Federal University of Technology - Parana (UTFPR), Pato Branco campus (Brazil). Following classroom observations, the first author designed and conducted the didactic interventions- five at Lyon 1 and eight at UTFPR. After each session, students completed a questionnaire assessing the importance of 21 learning activities and their satisfaction with the class format. The same questionnaire was administered before the interventions. French and Brazilian students highlighted the importance of not leaving questions unresolved, ranking ""asking questions"" fourth. However, their preferred activities suggest a teacher-centered dynamic where answers are directly provided. French students tend to work individually, while Brazilian students remain passive during lectures. In both contexts, group work was consistently valued, ranking fifth. In France, contextual problem-solving (as seen in the salt concentration exercise) was perceived as beneficial. In Brazil, using mathematical software for graphing during the ""Transformations of Functions"" intervention was noted as impactful. French students' lower satisfaction levels may reflect unfamiliarity with these methods, leading to discomfort. Increased exposure to such activities could help students become more comfortable with novel learning scenarios. The competitiveness and rigid schedule of the French preparatory course may have also contributed to dissatisfaction.",wos,llm,0.820,unreviewed,,doi:10.1007/978-3-032-18888-5_43
