status,title,authors,year,venue,doi,url,tags,abstract,provider,decision_source,llm_confidence,llm_review_outcome,llm_change_direction,paper_id
discarded,A Four-Layer Framework for Gamification and Human-Computer Interaction in Science Education,Christy Mahendra; Harco Leslie Hendric Spits Warnars; Sfenrianto; Yohannes Kurniawan; Harjanto Prabowo,2026,2026 International Conference on Information Management and Technology (ICIMTech),10.1109/ICIMTech202671078.2026.11699062,https://ieeexplore.ieee.org/document/11699062/,adjacent-subtopic,"The growing demand of Industry 4.0 requires students to develop critical thinking, creativity, and innovation through Science, Technology, Engineering, and Mathematics education. However, low student engagement, teacher-centered instruction, and limited laboratory access remain persistent challenges. This study aims to synthesize existing literature on gamification, Human-Computer Interaction, and Science, Technology, Engineering, and Mathematics education to propose an integrative learning framework. A systematic literature review following Preferred Reporting Items for Systematic Reviews and Meta-Analyses guidelines was conducted, screening 173 articles from six major academic databases published between 2019 and 2026, resulting in 30 high-quality journals with an average quality assessment score of 9.33 out of 10. Three bilateral domain intersections were identified, leading to an integrative synthesis of a Four-Layer Human-Computer Interaction-Based Science, Technology, Engineering, and Mathematics Gamification Framework comprising pedagogical, gamification, interface design, and evaluation layers. The findings confirm that gamification effectively fosters intrinsic motivation and behavioral change, while adaptive interfaces significantly enhance student engagement. This framework provides a comprehensive theoretical foundation for designing interactive and pedagogically grounded learning platforms, though longitudinal validation, gender-responsive design, and developing-country contexts require further empirical investigation.",ieee,llm,0.970,unreviewed,,doi:10.1109/icimtech202671078.2026.11699062
discarded,Generative AI in Engineering and Computing Education: A Scoping Review of Empirical Studies and Educational Practices,Jonathan Álvarez Ariza; Milena Benitez Restrepo; Carola Hernández Hernández,2025,IEEE Access,10.1109/ACCESS.2025.3541424,https://ieeexplore.ieee.org/document/10883995/,off-topic-false-hit,"Since the release of diverse generative AI (GenAI) tools such as ChatGPT, Google Gemini, DALL $\cdot $ E, and GitHub Copilot, there has been much debate around the impacts and implications of these tools on education. Currently, extant literature remarks on the affordances, challenges, and opportunities of GenAI, but few studies report and analyze empirical studies and educational practices coming up by GenAI usage in learning settings. Then, in this Scoping Review (ScR) based on 146 studies retrieved from the databases SCOPUS, Web of Science (WoS), and ERIC, we analyzed the implications of integrating GenAI in engineering and computing education from K-12 to tertiary levels. We adopted an approach starting from the bibliometric features of the studies in terms of authors, cites, years, or cluster topics, and navigating to the identification of methodologies, strategies, AI literacy instruments and guidelines, learning outcomes, and students’ and teachers’ perceptions, among other features. We advocate that current educational practices in engineering and computing with GenAI can indicate to us a roadmap of its potentialities, uses, and risks from the standpoint of both teachers and students, and this could help us to create more reflexive methodologies that enhance the teaching-learning process based on the evidence. Our purpose with the outcomes and conclusions of this scoping review is to support educators, faculty members, and other stakeholders in engineering and computing education to co-create educational methodologies that articulate GenAI with curricula, AI literacy, and prompt engineering encompassing students’ learning domains such as cognitive, affective, or behavioral.",ieee,llm,0.990,unreviewed,,doi:10.1109/access.2025.3541424
kept,Examining Effects of Science Flipped Classrooms A Meta-analysis,Shurui Bai; Khe Foon Hew; Shuhan Zhang; Weijiao Huang; Donn Emmanuel Gonda,2022,"2022 IEEE International Conference on Teaching, Assessment and Learning for Engineering (TALE)",10.1109/TALE54877.2022.00053,https://ieeexplore.ieee.org/document/10148474/,supports-claim; qualifies-claim,"This paper analyzed science flipped classroom studies in K-12 and higher education settings. In this review, we examined the overall effects of the flipped classroom on students’ cognitive learning outcomes compared to non-flipped classroom in science education. We identified the pre-and in-class activities that help enhance students’ cognitive learning outcomes. This meta-analysis contains 45 comparison studies and indicates an overall significant medium effect favoring the flipped classroom than the non-flipped classroom regarding students’ cognitive learning outcomes (Hedge’s g = 0.53, SE = 0.09, p < .001, 95% CI [0.36, 0.71]). However, due to potential publication bias, after trim-and-fill the overall mean effect size adjusted from 0.53 to 0.15. Based on the moderator analysis results, it is shown that providing multimedia in learning, in-class review, and in-class individual activities have a larger effect size in enhancing students’ cognitive learning outcomes. We then proposed three practices to guide teachers in implementing these activities accordingly.",ieee,llm,0.990,unreviewed,,doi:10.1109/tale54877.2022.00053
discarded,Meta-Review of Recognition of Learning in LMSs and MOOCs,Cristina Alonso-Fernández; Ruth Cobos,2023,2023 IEEE Global Engineering Education Conference (EDUCON),10.1109/EDUCON54358.2023.10125278,https://ieeexplore.ieee.org/document/10125278/,off-topic-false-hit,"Recognition of learning techniques such as badges and micro credentials are broadly used in education. Both LMSs and MOOCs incorporate these techniques to inform learners of their achievements. This meta-review study aims to provide an overview of recognition of learning in both LMSs and MOOCs, by gathering previous literature reviews and overview studies in this field. The studies reviewed show multiple applications, mainly using badges and gamification in MOOCs. Results of the studies have been broadly positive and, together with the recommendations and lessons learned in previous research, encourage the future research in recognition of learning.",ieee,llm,0.990,unreviewed,,doi:10.1109/educon54358.2023.10125278
discarded,Technology Dependency and Impact During COVID-19: A Systematic Literature Review and Open Challenges,Azah Anir Norman; Athirah Husna Marzuki; Fatokun Faith; Suraya Hamid; Norjihan Abdul Ghani; Sri Devi Ravana; Noreen Izza Arshad,2023,IEEE Access,10.1109/ACCESS.2023.3250770,https://ieeexplore.ieee.org/document/10057166/,off-topic-false-hit,"The COVID-19 pandemic is still a challenge in many countries, although life must proceed while ensuring the pandemic is managed critically. Due to the delay in producing permanent medical intervention, despite the availability of vaccines, there is still a need to depend on technology in performing several tasks. A systematic literature review that provides comprehensive evidence on technology dependence and the impact of technology on individuals during the pandemic is lacking. This study systematically reviewed scholarly works related to technology dependency from a broad view since the pandemic and mapped the research findings into a taxonomy, thus establishing the trend in technology type, major areas of technology dependency, and the impact of technology during the pandemic. The mapped taxonomy is used to expound on open challenges and recommendations. The final set from the systematic search was 76 articles. Technology might be an avenue for administering and enhancing health services, improving outreaches, and supporting curbing the spread of diseases. However, the impact of technology dependence is both positive and negative. A systematic mapping was conducted to explore the literature on the impacts of technology, where there is a need for further research. Notwithstanding the category, most of the reviewed articles emphasized the usage and impact of technology at such a time of the pandemic and provided insights on the manner of addressing them. Realistically, there has been an acceleration of digitalization trends in the present era of the COVID-19 pandemic and the possibility of rapid development of novel digital technologies.",ieee,llm,0.990,unreviewed,,doi:10.1109/access.2023.3250770
discarded,A Systematic Review of Research on Immersive Technology-Enhanced Writing Education: The Current State and a Research Agenda,Yuting Chen; Ming Li; Changqin Huang; Mutlu Cukurova; Qing Ma,2024,IEEE Transactions on Learning Technologies,10.1109/TLT.2023.3341420,https://ieeexplore.ieee.org/document/10354407/,off-topic-false-hit,"Immersive technology has received extensive attention in both L1 and L2 writing education. Its unique capabilities to offer virtual experiences alongside real-world experiences can create authentic learning environments that support students' experiential learning and enable the observation of events beyond the confines of traditional classrooms. However, there has been a lack of systematic analysis of recent publications in this area. To address this gap and improve the research and practice of writing education, a systematic review was conducted to examine the literature on immersive technology in writing education (ITWE). In this review, 37 articles (30 SSCI-indexed papers from the Web of Science database and seven additional articles from a meticulous forward–backward scan of the references of these studies) were analyzed. The analysis focused on theoretical foundations, participants, types of adopted immersive technology, methods, and research findings. Our review shows that although most studies revealed positive outcomes, a significant number lacked a solid theoretical foundation to interpret the findings in many ITWE studies. Moreover, there is a pressing need for further research on ITWE in middle schools, especially within the realm of English as a foreign language courses. In addition, the review identified some potential negative effects of ITWE, which were often attributed to poorly designed instructional activities. It was observed that conventional research methods like questionnaire surveys and interviews, were commonly used in ITWE. However, the potential benefits of emerging areas like learning analytics and AI in education (e.g., logged actions, facial emotion detection, electroencephalogram (EEG) analysis were rarely used. The article is concluded with the current research evidence on emerging directions and opportunities for future trends in empowering writing education with immersive technology.",ieee,llm,0.980,unreviewed,,doi:10.1109/tlt.2023.3341420
discarded,Smart Classroom: A Review and Research Agenda,Avneet Kaur; Munish Bhatia,2024,IEEE Transactions on Engineering Management,10.1109/TEM.2022.3176477,https://ieeexplore.ieee.org/document/9792387/,off-topic-false-hit,"The presented systematic review aims to adopt a methodological approach of providing quantitative and qualitative knowledge on the emerging notion of the smart classroom. The analysis is based on an assessment of 572 publications published in peer-reviewed journals between 2000 and 2021. Citation networks, cocitation analysis, and publishing patterns have been used to identify important research works, characterize the intellectual structure of the domains, and highlight research gaps. Bibliometric analysis is used to identify the most notable journals, authors, nations, articles, and themes, which was followed by a comprehensive analysis of various disciplines using standard terminology and taxonomy of the papers. Emerging topics including smart interaction and positive engagement, intelligent evaluation, and inter-connected physical surroundings have been explored. Following the exploration of a conceptual framework, potential topics of research have been identified. This research will assist practitioners, educators, administrators, and academic researchers in understanding the fundamentals of smart classrooms and identifying pertinent topics for future research exploration.",ieee,llm,0.970,unreviewed,,doi:10.1109/tem.2022.3176477
discarded,Development of a teaching plan to support learning activities of exploratory test design and execution,Igor Ernesto Ferreira Costa; Sandro Ronaldo Bezerra Oliveira,2022,2022 IEEE Frontiers in Education Conference (FIE),10.1109/FIE56618.2022.9962486,https://ieeexplore.ieee.org/document/9962486/,adjacent-subtopic,"This Research Full Paper presents that nowadays it can see the growing evolution of the software development process, making agile methodologies commonly used. In this context, exploratory testing stands out as an alternative used in the industry to meet the needs of agile and / or short-term testing processes. However, professionals use this agile testing approach in an unstructured way, and this may be because they don't really understand how to apply it strategically where they can involve design and execution activities. In this context, this paper aims to present an approach that allows to apply the teaching of design and execution activities of exploratory test following structured procedures and aligned to the curricula (Brazilian and international) of the software engineering together with relevant practices in the industry. This study originates from a literature review, where important gaps are perceived to address exploratory testing education regarding design and execution activities. This involves the need to map the assets present in the curricula of the Brazilian Computer Society (SBC) and the Association for Machinery and Institute of Electrical and Electronics Engineer (ACM / IEEE), as well as being guided by the practices prescribed in the TMMi, by have a process area dedicated to these activities. In addition, we highlight the importance of having conducted interviews with professionals to identify tools, techniques and work products commonly used in the industry so that all this supports the alignment between academic and industrial context. In this way, it was possible to develop a consistent program of studies that allowed the construction of a teaching plan involving active pedagogical practices so that students can ""learn by doing"" in a more interactive way, that is, provide a student-centered teaching and learning in order to make such an approach more beneficial to the student, conditioning them to obtain the competences and abilities expected in the industry.",ieee,llm,0.960,unreviewed,,doi:10.1109/fie56618.2022.9962486
discarded,Feature and Application in Smart Campus: A Systematic Literature Review,Evaristus Didik Madyatmadja; Natasha Anugrah Roito Noverya; Asprina Br Surbakti,2021,2021 International Conference on Information Management and Technology (ICIMTech),10.1109/ICIMTech53080.2021.9535021,https://ieeexplore.ieee.org/document/9535021/,off-topic-false-hit,"Right now, a smart campus has become one of the most important things that every university must consider it. This could happen because a smart campus can measure credibility from the university related to facilities and innovations that have been implemented by the university. However, in Indonesia, not all the universities can apply for using the smart campus. Therefore, if the universities use a smart campus, both students and employees can be facilitated in teaching and learning activities including assisting students in finding their identity so that they can create innovations and ideas that can be implemented for the country and the nation.To get the right results and according to the purpose, this journal uses a research method, namely Systematic Literature Review (SLR). This study will use a qualitative data collection method from the previous research paper as a reference to be observed. The results of this research are a paper that can help the final project later also will be a reference for another journal that talked about the same object. Then, for the purpose of this study is to give an explanation about the benefit of applying for a smart campus for teaching and learning activities.",ieee,llm,0.990,unreviewed,,doi:10.1109/icimtech53080.2021.9535021
discarded,Towards the implementation of Circular Economy in Engineering Education: A systematic review,Jaime A. Mesa; Iván Esparragoza,2021,2021 IEEE Frontiers in Education Conference (FIE),10.1109/FIE49875.2021.9637395,https://ieeexplore.ieee.org/document/9637395/,off-topic-false-hit,"Nowadays, companies, governments, and designers are concerned about the environmental impact derived from the development of new products. In light of this trend, the concept of Circular Economy (CE) is gaining relevance since CE enables a set of strategies to avoid and reduce resource consumption, energy, and emissions derived from transforming raw material into functional products. These strategies also imply extending product lifespan, keeping their value as long as possible, and closing the loop of materials involved in such products. Future engineers will face the CE model, which involves a radical shift from the current linear model based on throw-away practices. Therefore, there is a need to educate professionals with knowledge in the topic and advance the research in the field. However, CE has not been yet globally introduced in the engineering curriculum in many parts of the world, and the research in the field has also been limited. CE has not been widely adopted yet as a strategy for the sustainable development of new products. Consequently, this article reviews and summarizes the research work and some implementation initiatives on CE in learning activities for engineering students during the last 10 years following a systematic approach. Results of the study provide a broad viewpoint in terms of where the research work is taking place and the means of disseminating the results. Additionally, an analysis based on the content reflects the methodological approaches used to introduce CE in the curriculum. Finally, the literature review also identifies the focus areas of the CE research and the emphasis during the life cycle of the products. This work also reflects on some challenges for implementing CE in the engineering curriculum. The analysis presented in this article serves as a keystone for educators, lecturers, and researchers in engineering education to include and implement CE strategies and methodological tools in the curriculum of engineering and advance the research work in this area.",ieee,llm,0.980,unreviewed,,doi:10.1109/fie49875.2021.9637395
