status,title,authors,year,venue,doi,url,tags,abstract,provider,decision_source,llm_confidence,llm_review_outcome,llm_change_direction,paper_id
discarded,In-Class Flipped Classroom in VR Environments: The Trade-off between Knowledge Retention and Design Confidence,X. Chen,2026,2026 8th International Conference on Computer Science and Technologies in Education Cste 2026,10.1109/CSTE69562.2026.11649593,https://www.scopus.com/inward/record.uri?partnerID=HzOxMe3b&scp=105048964016&origin=inward,adjacent-subtopic,This study investigated the impact of a segmented in-class flipped model compared to a traditional pre-class flipped model on learning outcomes within an intellectual property design course integrated with high-immersion virtual reality. A quasi-experimental non-equivalent control group design was employed involving 33 undergraduate students majoring in digital media arts. Participants were assigned to either a traditional flipped classroom with 16 students or a segmented in-class flipped classroom with 17 students. Data were collected via assessments measuring knowledge retention and flow experience alongside cognitive load and design confidence. Results indicated a distinct pedagogical trade-off where the traditional group demonstrated superior consolidation of declarative knowledge while the inclass group experienced a marginal retention regression despite a stronger academic baseline. This phenomenon is termed performance inversion. The in-class group conversely reported significantly higher flow states. Furthermore a confidence reversal effect was observed where the experimental group overcame a lower baseline to achieve significantly higher post-task design confidence grounded in both visual decoding and process fluency. The findings suggest that high-immersion environments impose a retention tax on rote memory while paying a dividend in psychological engagement. Consequently instructional choice must align with specific educational objectives where traditional models suit terminology retention and segmented in-class models foster creative intuition and psychological readiness.,scopus,llm,0.980,unreviewed,,doi:10.1109/cste69562.2026.11649593
kept,Effectiveness Evaluation of Integrating Chinese Classical Music Narrative Into the Flipped Classroom,B. Zhou,2026,International Journal of Mobile and Blended Learning,10.4018/IJMBL.411201,https://www.scopus.com/inward/record.uri?partnerID=HzOxMe3b&scp=105043278740&origin=inward,supports-claim; qualifies-claim,"In the context of educational digital transformation, effectively integrating the narrative value of Chinese classical music into teaching models is critical for cultural preservation. This study developed and evaluated a flipped classroom model integrated with Chinese classical music narratives. A quasi-experiment was conducted in a university music course, with an experimental group (n=52) receiving narrative-integrated flipped instruction and a control group (n=50) receiving traditional multimedia instruction. Results from multi-source data showed that the narrative-integrated model significantly enhanced students' higher-order thinking (effect size > 1.6), promoted a sustained trajectory of cultural identity internalization, and stimulated deep engagement behaviors that were strongly correlated with learning outcomes (r > 0.7). The model successfully transforms the structural advantages of the flipped classroom into deep cultural engagement, offering a practical paradigm for digital traditional culture education.",scopus,llm,0.910,unreviewed,,doi:10.4018/ijmbl.411201
discarded,A Study on Digital System-Driven Flipped Classroom Model in University English Teaching,H. Luo,2026,Smart Innovation Systems and Technologies,10.1007/978-3-032-25609-6_19,https://www.scopus.com/inward/record.uri?partnerID=HzOxMe3b&scp=105047078373&origin=inward,adjacent-subtopic,,scopus,llm,0.640,unreviewed,,doi:10.1007/978-3-032-25609-6_19
kept,Enhancing Conceptual Learning in Chemical Engineering and Nanotechnology Through the Flipped-Classroom Model and AI-Curated Modules,J. Aquerón,2026,Computer Applications in Engineering Education,10.1002/cae.70130,https://www.scopus.com/inward/record.uri?partnerID=HzOxMe3b&scp=105026241874&origin=inward,supports-claim; qualifies-claim,"As artificial intelligence (AI) tools become more effective at supporting instructional preparation, their use in science, technology, engineering, and mathematics (STEM) education has gained increasing practical value. This study investigates how AI‐curated video illustrations can support student learning in conceptually demanding fields, such as chemical engineering and nanotechnology. Over 15 weeks, students from a large public university in New York engaged with short, AI‐selected animations prior to and during class time of a nanotechnology course, utilizing a flipped‐classroom instructional model. Weekly surveys captured perceptions of comprehension, clarity, engagement, and retention, while final grades were compared with two prior cohorts (2023 and 2024) who received traditional lecture‐based instruction. Results showed consistent increases in comprehension and retention scores, a statistically significant improvement in final grades over the traditional cohorts, and reduced grade variability. Thematic analysis of student feedback highlighted appreciation for visual clarity and brevity, alongside critiques of artificial narration and conceptual abstraction. Taken together, these findings suggest that, when paired with interactive instruction, AI‐curated content can sharpen conceptual understanding and elevate pedagogical delivery in advanced STEM education.",scopus,llm,0.960,unreviewed,,doi:10.1002/cae.70130
discarded,Quality Evaluation of Flipped Classroom Teaching in Art Courses using Adaptive Educational Data Refinement and Optimized BP Neural Network,L. Yan,2026,2026 5th International Conference on Distributed Computing and Electrical Circuits and Electronics Icdcece 2026,10.1109/ICDCECE68961.2026.11645611,https://www.scopus.com/inward/record.uri?partnerID=HzOxMe3b&scp=105048508619&origin=inward,adjacent-subtopic,"The increased use of flipped classroom methodology in art education is requiring measures be taken to evaluate teacher quality in an accurate, objective manner that can account for the multi-faceted nature of instruction. Unfortunately, most teaching quality evaluation methods that utilize traditional BP Neural Networks (BPNN) as a basis for evaluating the quality of a flipped classroom are hindered by noisy data from education, redundancy in the evaluation indicators, insufficient convergence efficiency, and poor interpretability. To overcome these problems, this study has developed an proposed framework for evaluating the quality of instruction using BPNN that utilizes the combination of Adaptive Educational Data Refinement (AEDR), Adaptive Pedagogical Feature Selection (APFS), an Optimized BP Neural Network (OBPNN), and SHAP for model explainability. In the first phase of the framework, AEDR uses the relationships between the various teaching indicators to refine the inconsistent and incomplete records of teaching. In the other component of the model, APFS is used as a selection process to determine which of the pedagogical indicators are the most informative indicators in relation to curriculum implementation and connect instructional delivery indicators. Once all of the refined records of education and selected indicators have been established, the refined teaching quality is predicted by OBPNN and all of the teaching indicators predicting the overall quality of teaching will be quantifiably assessed utilizing SHAP, significantly improving the overall transparency of the evaluation model. The proposed intelligent teaching quality evaluation framework provides accurate, interpretable and consistent evaluation performance for making evidence-based decisions about improving flipped classroom quality in undergraduate art instructional programmes.",scopus,llm,0.980,unreviewed,,doi:10.1109/icdcece68961.2026.11645611
discarded,Enhance Education with Gamification and Flipped Classrooms using Fuzzy Sets for Decision Making: A Real Time Pedagogy in History Teaching,A. Malik,2026,International Conference on Innovative Practices in Technology and Management Iciptm 2026,10.1109/ICIPTM69057.2026.11466066,https://www.scopus.com/inward/record.uri?partnerID=HzOxMe3b&scp=105037811891&origin=inward,adjacent-subtopic,"The fast-changing nature of the educational process implies the need to resort to innovative educational models, which will result in greater engagement of learners, their conceptual knowledge, and decision-making abilities, especially in the humanities (history, in particular). This paper will suggest a smart, real time pedagogical framework combining gamification, flipped classroom approach, and decision making (based on fuzzy sets) to enhance the performance of teaching history. The use of gamified learning exercises and inverted instructional materials is aimed at encouraging active learning, experiential learning, and learner agency. The system calculates a Learning Decision Score, which allows the dynamic adjustment of instruction, such as personal feedback, an adjustment of task complexity, and collaborative learning practices. The results affirm that fuzzy logic can be used to offer a powerful and understandable real-time pedagogical decision-making process. Altogether, the suggested structure provides a flexible and scalable solution to contemporary history education and helps develop an intelligent and learner-centered approach to instructional design.",scopus,llm,0.940,unreviewed,,doi:10.1109/iciptm69057.2026.11466066
discarded,Impact of Interactive Digital Learning on Student Engagement,F. Aburub,2026,2026 2nd International Conference on Computational Intelligence Approaches and Applications Icciaa 2026 Proceedings,10.1109/ICCIAA68481.2026.11543761,https://www.scopus.com/inward/record.uri?partnerID=HzOxMe3b&scp=105042297067&origin=inward,adjacent-subtopic,"This paper examines the effects of interactive digital learning on student interaction in higher education institutions. With the growing adoption of digital technologies in educational establishments, research into the impact of these tools on the engagement of students has become paramount to achieving maximum learning outcomes. The study analyzes various aspects of digital learning, such as flipped learning, artificial intelligence and generative AI technologies, learning management systems, and gamified learning environments. The study methodology is quantitative survey-based research, which uses an eight-item survey instrument to assess the perceptions of the students on the behavioral, cognitive, and motivational engagement dimensions. The study involved 315 undergraduate students. The results indicate that students felt positive correlations between interactive digital learning modalities and each of the three engagement dimensions, and the use of generative AI (M = 4.12) and gamification platforms (M = 4.05) is rated highest. The research has some practical implications for university instructors, instructional designers, and higher education institutions who want to use interactive digital tools to promote student engagement and academic achievement.",scopus,llm,0.970,unreviewed,,doi:10.1109/icciaa68481.2026.11543761
discarded,Flip-GET: A Flipped-Classroom and Serious Game Model to Improve Engineering Lab Teaching,M. Huerta Gomez de Merodio,2026,IEEE Transactions on Education,10.1109/TE.2026.3720827,https://www.scopus.com/inward/record.uri?partnerID=HzOxMe3b&scp=105050498708&origin=inward,adjacent-subtopic,"Contribution: This study presents flip-game engineering and technology (Flip-GET), a blended instructional methodology that integrates serious games (SGs) with flipped classroom (FC) principles to support lab-based engineering education. Unlike some traditional formats, Flip-GET proposes a scalable model designed to enhance student preparation, performance, and engagement, while potentially optimizing faculty workload. Background: Engineering education fundamentally relies on laboratory instruction. However, increasing enrollment, limited infrastructure, and the necessity for repetitive explanations have challenged the sustainability of traditional methods. Flip-GET seeks to address these issues by enabling students to rehearse experimental procedures digitally prior to physical lab sessions. Intended outcomes: The model aims to: 1)improve academic performance; 2)reduce procedural errors; 3)enhance student motivation and confidence; 4)minimize instructional repetition; and 5) increase overall efficiency in lab instruction. Application design: Flip-GET employs gamified simulations as prelab activities to prepare students for in-person sessions. This instructional design is grounded in active learning theory and design-based research (DBR) principles. Findings: Data collected over three academic years from 352students indicate that Flip-GET was associated with a 24% increase in posttest scores, a 37% reduction in procedural errors, and a 25% improvement in analytical reasoning. Furthermore, observed lab time decreased by 67% and instructional repetition by 60%. A93% of participants reported greater understanding and motivation, suggesting that Flip-GET holds significant potential for optimizing physical infrastructure and diversifying the practical curriculum in engineering education.",scopus,llm,0.890,unreviewed,,doi:10.1109/te.2026.3720827
discarded,The Effectiveness of Blended Peer-Tutoring Learning Strategy towards Students' Performance and Problem-Solving Ability among Diploma Students in Learning Mathematics,N.F. Jumaat,2026,2026 14th International Conference on Information and Education Technology Iciet 2026,10.1109/ICIET69664.2026.11561631,https://www.scopus.com/inward/record.uri?partnerID=HzOxMe3b&scp=105043646985&origin=inward,adjacent-subtopic,"Technology integration has transformed education by enhancing engagement, personalization, collaboration, and the development of digital skills. This study investigates the effectiveness of blended peer-tutoring learning on diploma students’ mathematics performance and problem-solving abilities. Using a Peer-Assisted Learning Strategy (PALS) within a flipped classroom, the study addresses limitations of traditional instruction through collaborative, technology-enhanced learning. A pre-experimental one-group pre- and post-test design was applied to 30 diploma students from a technical institution in Selangor over a four-week intervention. Online pre-class activities were combined with in-class peer tutoring. Data were collected using algebra assessment tests and the Problem-Solving Inventory (PSI), analyzed with descriptive statistics and the Wilcoxon Signed Rank test via SPSS 27. Results show significant improvement in mathematics performance, with mean scores increasing from 64 to 88, and a statistically significant difference ($p{\lt}.001$). PSI findings also indicate improvement on student’s confidence in problemsolving, approach avoidance style and personal control. Overall, blended peer tutoring effectively enhances academic achievement and problem-solving skills, offering practical insights for educators.",scopus,llm,0.970,unreviewed,,doi:10.1109/iciet69664.2026.11561631
discarded,A Technology-Assisted O-Flip Approach for Critical Analysis of Polarizing Historical Narratives in Higher Education,C.C. Amores,2026,2026 17th International Conference on E Education E Business E Management and E Learning Ic4e 2026,10.1109/IC4e69618.2026.11631538,https://www.scopus.com/inward/record.uri?partnerID=HzOxMe3b&scp=105048973898&origin=inward,adjacent-subtopic,"This study explores the viability of the O-Flip Learning framework, a fully online adaptation of flipped learning, in fostering critical thinking and discourse among college students in the Readings in Philippine History (RPH) course. Students engaged asynchronously with conflicting narratives on one of the most polarizing events in Philippine history, through Blackboard Learn and Microsoft Teams, followed by synchronous collaborative inquiry and instructor-mediated plenary discussions. Results indicate that students who actively adhered to the instructional framework, from foundational preparations to plenary and integration, demonstrated greater ability to evaluate historical evidence, distinguish facts from myths, and engage in dialogical learning. Lower performance was linked to absenteeism and inconsistent engagement, highlighting the framework's reliance on learner responsibility. The study supports O-Flip Learning as a pedagogically sound and adaptable model for cultivating historically informed, critically reflective, and engaged learners in online higher education.",scopus,llm,0.940,unreviewed,,doi:10.1109/ic4e69618.2026.11631538
kept,"Academic Achievement, Student Experience, and Behavioral Engagement: A Mixed-Methods and Learning Analytics Investigation of the Blended-Flipped Rotation Model",E.M. Adina,2026,2026 11th International Conference on Distance Education and Learning Icdel 2026,10.1109/ICDEL70250.2026.11663968,https://www.scopus.com/inward/record.uri?partnerID=HzOxMe3b&scp=105050607189&origin=inward,supports-claim,"Blended learning is an integrated teaching-learning approach that combines face-to-face and online learning. This study determined the effectiveness of the blended-flipped rotation model in teaching Mathematics in the Modern World (MMW) at Mapúa University through a three-strand mixed-methods design: (1) a quasi-experimental quantitative strand comparing achievement outcomes, (2) a qualitative strand exploring student experiences via semi-structured interviews, and (3) a Learning Analytics and Educational Data Mining (LA/EDM) strand analyzing Blackboard Ultra behavioral log data to identify learner profiles and predict course outcome attainment. The study involved 302 students during the first trimester of academic year 2025-2026, with 137 in the experimental group and 165 in the control group. Quantitative results revealed significant achievement differences favoring the experimental group across all four course outcomes $(\mathbf{p}<\mathbf{0. 0 5}$ for CO I; $\mathbf{p}<\mathbf{0. 0 1}$ for CO II, III, and IV). Qualitative thematic analysis identified four themes- Collaborative Mastery, Instructional Safety Net, Regulated Autonomy, and Cognitive Agility-that explain the experiential mechanisms behind these gains. The LA/EDM strand, employing k-means clustering and binary logistic regression on engagement metrics, further delineates High, Moderate, and Low Engager learner profiles and quantifies the behavioral predictors of CO attainment. Together, these strands establish that the blended-flipped rotation model is more effective than traditional instruction in fostering achievement, self-regulation, and digital-age learning competencies in MMW.",scopus,llm,0.980,unreviewed,,doi:10.1109/icdel70250.2026.11663968
kept,Evaluation of a new engineering teaching approach through a quasi-experimental study and student perceptions,M.C.B.V. Soares,2026,International Journal of Mechanical Engineering Education,10.1177/03064190261428218,https://www.scopus.com/inward/record.uri?partnerID=HzOxMe3b&scp=105032461042&origin=inward,supports-claim; qualifies-claim,"
 This study evaluates an innovative teaching methodology that deviates from both traditional lectures and common flipped classroom models. While it shares the principle of shifting core content delivery to pre-class videos, its innovation lies in the in-person class. This class is preserved as a theoretical class, replacing slide presentations with live demonstrations, physical materials and fluid discussions that adapt to students’ questions. The foundational content is provided by videos professionally created and uploaded to the educational YouTube channel. A quasi-experimental study was conducted to quantify the impact of the methodology. Participants (
 N
  = 13 for control,
 N
  = 10 for experimental) were students from the Bachelor's in Informatics and Computing Engineering, a cohort strategically chosen to ensure no prior knowledge of the topic. Results revealed a statistically significant improvement (
 p
 -value = 0.011) in performance for the experimental group, with a two-way ANOVA confirming that “Teaching methodology” was the sole factor with a significant main effect. Additionally, two surveys were conducted with students from the Materials course in the bachelor's in Industrial Engineering and Management, who were taking one of the courses following the new methodology. One survey was applied at the end of the first part of the course and another during the final week of classes. This allowed the evaluation of student perceptions at different points in their learning journey, providing insight into how the methodology influenced engagement and comprehension over time. Qualitative data from 13 student interviews revealed that the methodology was widely valued and desired to be implemented in other courses. The interviews with professors confirmed the methodology's benefits, also revealing that the videos served as a crucial tool for their own class preparation. Although the current applications have been within engineering programs, the underlying principles of combining digital preparation with interactive and discussion-based theoretical sessions are broadly applicable across disciplines. Future work should explore this potential in varied educational contexts.
",scopus,llm,0.940,unreviewed,,doi:10.1177/03064190261428218
