status,title,authors,year,venue,doi,url,tags,abstract,provider,decision_source,llm_confidence,llm_review_outcome,llm_change_direction,paper_id
discarded,The role of metacognitive skills in anatomy education: a narrative review,A. Asghar,2026,Surgical and Radiologic Anatomy,10.1007/s00276-026-03919-6,https://www.scopus.com/inward/record.uri?partnerID=HzOxMe3b&scp=105041348724&origin=inward,off-topic-false-hit,"BackgroundMetacognition, defined as ""thinking about thinking,"" is an essential skill that enables medical students to navigate the cognitive complexity of anatomy curricula. By fostering learners' abilities to monitor comprehension, recognise knowledge gaps, and strategically regulate their learning approaches, metacognition supports both academic achievement and lifelong learning. This narrative review provides a comprehensive overview of the role of metacognitive skills in anatomy education. It examines existing literature and educational interventions to provide insights into developing and applying these skills for students and educators.MethodsA targeted literature search was conducted across major electronic databases, including PubMed, Scopus, and ERIC. The search used a Boolean string combining terms related to metacognition with those for anatomy and health professions education. The review included a broad range of article types to synthesise diverse applications and theoretical underpinnings.ResultsMultiple studies show that explicit, integrated metacognitive interventions-such as structured training, reflective writing, and flipped classroom methodologies-are associated with improvements in metacognitive awareness. These approaches appear most effective when incorporated as ongoing, course-specific activities rather than as isolated sessions. Notably, while metacognitive knowledge improves readily, the development of self-regulatory learning behaviours requires sustained scaffolding and practice.ConclusionThe literature suggests metacognition as a crucial skill for academic success in anatomy and for a successful career as a health professional. An integrated pedagogical approach that combines strategies such as retrieval practice, peer teaching, and reflective writing appears essential. This approach fosters deep, lasting learning and empowers students to become self-directed, resilient learners who can continually adapt to new challenges throughout their careers.",scopus,llm,0.990,unreviewed,,doi:10.1007/s00276-026-03919-6
discarded,Emerging teaching methods in undergraduate nursing education (2015–2025): A systematic mapping review,M. AlMekkawi,2026,Nurse Education Today,10.1016/j.nedt.2026.107218,https://www.scopus.com/inward/record.uri?partnerID=HzOxMe3b&scp=105041142359&origin=inward,adjacent-subtopic,"BACKGROUND
Emerging teaching methods, including virtual and augmented reality, flipped classrooms, team-based learning, and game-based learning, are increasingly being utilized in undergraduate nursing education. However, the evidence remains diverse and fragmented, making it difficult to identify consistent patterns and research gaps. This systematic mapping review provides a comprehensive overview of the literature to inform future meta-analyses and research priorities. This review aimed to systematically map the scope, volume, and characteristics of research on four emerging teaching methods in undergraduate nursing education.


DESIGN
Systematic mapping review conducted according to PRISMA-ScR guidelines.


METHODS
Five databases (PubMed, Scopus, Embase, Web of Science, and CINAHL) were searched for studies published from January 2015 to October 2025. Eligible studies included quantitative and mixed-methods designs comparing virtual/augmented reality, flipped classrooms, team-based learning, or game-based learning with traditional methods among undergraduate nursing students.


RESULTS
A total of 228 studies were included. Research output increased markedly after 2020, with approximately 75% of teaching-method classifications published during the last five years of the review period. The most frequently investigated methods were VR/AR (35.9%), followed by flipped classrooms (26.8%), game-based learning (21.6%), and TBL (15.6%). Most studies originated from Asia (51.3%), the Middle East (17.1%), and Europe (14.0%). Quasi-experimental designs predominated across teaching-method classifications (68.4%), whereas cohort and retrospective designs were comparatively uncommon. Knowledge acquisition was the most commonly assessed outcome, reported in 70.6% of studies, followed by skill performance (42.5%) and student satisfaction (40.4%). Affective and interpersonal outcomes, including engagement, teamwork, and critical thinking, were examined less frequently.


CONCLUSION
Research on innovative teaching methods in undergraduate nursing education has expanded rapidly but remains geographically and methodologically uneven. The evidence base is dominated by technology-enhanced interventions and cognitive learning outcomes, whereas comparatively less attention has been paid to the affective, interpersonal, and collaborative dimensions of learning. Future research should employ more rigorous and contextually diverse designs to support a more comprehensive and globally representative evidence base.",scopus,llm,0.840,unreviewed,,doi:10.1016/j.nedt.2026.107218
discarded,Teaching Methodologies and Educational Outcomes of Point-of-Care Ultrasound in Undergraduate Medical Education: A Scoping Review,I.D. da Cruz,2026,Clinical Teacher,10.1111/tct.70485,https://www.scopus.com/inward/record.uri?partnerID=HzOxMe3b&scp=105046124413&origin=inward,off-topic-false-hit,This study aimed to identify the teaching methodologies used in point‐of‐care ultrasound (POCUS) education for undergraduate medical students and to synthesise the educational outcomes associated with these approaches.,scopus,llm,0.960,unreviewed,,doi:10.1111/tct.70485
kept,Meta-analytic Review of Flipped Classrooms in Health Professions Education,J. Pitt,2026,Journal of Physical Therapy Education,10.1097/JTE.0000000000000435,https://www.scopus.com/inward/record.uri?partnerID=HzOxMe3b&scp=105011530594&origin=inward,supports-claim; qualifies-claim,"BACKGROUND AND PURPOSE
Flipped classes are used in health professions education (HPE). However, their effectiveness varies considerably between studies. We conducted a meta-analysis to identify factors that influenced flipped class effectiveness in HPE.


METHODS
We included studies that compared learning outcomes between flipped and lecture sections in undergraduate or graduate HPE programs. We excluded studies not reported in English. Our search yielded 3,549 unique records. Screening related systematic reviews yielded another 40 records. Risk of bias was assessed using the RoB-2 and ROBINS-I tools. Exam scores (extracted as percentage points [%pt]) and student-rated learning (extracted as 5-point Likert scale ratings) were synthesized using random-effects models.


RESULTS
Very low-quality evidence showed that exam scores were 5.44 percentage points (%pt) higher in flipped sections than lecture sections (CI95 = 4.53 to 6.35 %pt, 124 studies, 23,326 observations). Low-quality evidence showed that student-rated learning was 0.47 Likert scale points higher in flipped sections than lecture sections (CI95 = 0.29 to 0.66 points, 22 studies, 3,790 observations). In subgroup analyses, flipped sections' effectiveness was influenced by: (1) additional retrieval practice (low-to moderate-quality evidence), (2) retrieval practice format (low-quality evidence), and (3) control group type (very low- to low-quality evidence).


DISCUSSION AND CONCLUSION
Providing additional retrieval practice improves flipped class effectiveness across multiple HPE fields. Flipped class effects remained heterogeneous even after subgroup analyses, suggesting additional factors remain unidentified.",scopus,llm,1.000,unreviewed,,doi:10.1097/jte.0000000000000435
discarded,Unlocking the Potential of Flipped Classroom Models in Elementary Education: A Systematic Literature Review,Suparjan,2026,International Journal of Learning Teaching and Educational Research,10.26803/ijlter.25.8.46,https://www.scopus.com/inward/record.uri?partnerID=HzOxMe3b&scp=105048595858&origin=inward,adjacent-subtopic,"This systematic review synthesized evidence on the barriers, enabling conditions, and outcomes of flipped classroom implementation in elementary education. A Scopus search on 13 February 2026 identified 265 records from 2016–2025, with PRISMA 2020 screening retaining 27 eligible studies. The included studies underwent structured thematic synthesis following methodological quality appraisal using the Mixed Methods Appraisal Tool (MMAT). Teacher-related barriers (n = 11) and technological constraints (n = 10) predominated, while student readiness, family support, and contextual adaptation shaped implementation. Structured design (n = 16) and age-appropriate materials (n = 15) predominated, supported by teacher development, active pedagogy, motivation, and ecosystem readiness. Academic achievement (n = 16) and motivation and engagement (n = 14) predominated, alongside retention, higher-order thinking, socio-emotional development, and physical outcomes. However, competitive features increased anxiety, while complex motor tasks produced weaker outcomes when demands exceeded learner readiness. Conceptually, this review advances a developmentally grounded, systemic explanation of elementary flipped classroom implementation. It positions instructional alignment as the mechanism connecting technology, teacher capacity, learner readiness, family support, and institutional conditions. Successful implementation therefore depends on coherent relationships among these components and their adaptation to younger learners. These findings provide schools with evidence-based criteria for equitable, developmentally appropriate, and responsible implementation.",scopus,llm,0.970,unreviewed,,doi:10.26803/ijlter.25.8.46
kept,Meta-analysis of flipped classroom model to promote mathematical higher-order thinking,N. Fatmiyati,2026,Journal of Education and Learning,10.11591/edulearn.v20i2.21669,https://www.scopus.com/inward/record.uri?partnerID=HzOxMe3b&scp=105034279462&origin=inward,supports-claim,"Numerous studies have explored how the flipped classroom affects satisfaction, learning outcomes, and attitudes of both teachers and students. However, there is a gap in research regarding its impact on higher-order thinking. This meta-analysis aims to fill this gap by assessing the effect size of the flipped classroom model on students’ mathematical higher-order thinking. Data from 30 primary studies, including journal articles, proceedings, theses, and dissertations, were analyzed using Comprehensive Meta-Analysis (CMA) Version 4 Software. These studies included 1,043 students in the experimental groups and 970 in the control groups. The analysis revealed a pooled effect size of 1.094, indicating a significant positive impact. Notably, the effect size remained consistent across various educational levels, sample sizes, years of study, types of learning media, and higher-order thinking indicators. This suggests the versatility and effectiveness of the flipped classroom model across different educational settings, including middle school, high school, and college, regardless of class size or learning media used.",scopus,llm,0.880,unreviewed,,doi:10.11591/edulearn.v20i2.21669
kept,Flipped Classroom Design as a Driver of Digital Transformation and Sustainable Education in Higher Education: A Systematic Review of Reviews,J. Yang,2026,Sustainability Switzerland,10.3390/su18073582,https://www.scopus.com/inward/record.uri?partnerID=HzOxMe3b&scp=105035513413&origin=inward,supports-claim; qualifies-claim,"Since 2000, the flipped classroom model has been widely adopted in higher education within the context of digital transformation; however, a comprehensive historical synthesis of review evidence remains limited. This study addresses this gap by conducting a review of reviews to clarify developmental trends, theoretical foundations, instructional designs, research methods, outcome variables, reported effects and implementation challenges, with the aim of informing sustainable education practices. Following the PRISMA framework, we systematically searched Web of Science Core Collection, Scopus, and Google Scholar for studies published between 2000 and 2024. Predefined inclusion and exclusion criteria were applied, and 25 systematic reviews met the eligibility requirements. Risk of bias and reporting quality were assessed descriptively at the review level. The results indicate generally positive perceptions among students and teachers, particularly regarding learning performance, collaboration and motivation, with the strongest evidence observed at the teaching and learning levels rather than at pedagogical or institutional levels. Substantial variation in flipped classroom designs and inconsistent reporting limited cross-study effect size synthesis. Further analysis reveals a fragmented theoretical basis and uneven attention to post-class learning processes. In response, two integrative frameworks—the Instructional Design Analysis Model for Flipped Classrooms (IDAMFC) and the Transformative Activation Theory for Flipped Classrooms (TAT-FC) are proposed to align pre-, in-, and post-class phases with learning strategies, cognitive engagement, and assessment in digitally supported environments. This study highlights the need for longitudinal designs and more comprehensive outcome measures to support sustainable educational development.",scopus,llm,0.990,unreviewed,,doi:10.3390/su18073582
discarded,A Systematic Review on the Integration of Reciprocal Teaching in Smart Classrooms,X. Yu,2026,Journal of Educational and Social Research,10.36941/jesr-2026-0310,https://www.scopus.com/inward/record.uri?partnerID=HzOxMe3b&scp=105033033703&origin=inward,off-topic-false-hit,"This study systematically reviews the integration of Reciprocal Teaching (RT) across diverse educationalsettings worldwide, focusing on how technology tools, interactive learning environments, and digitalinstructional strategies enhance student engagement, comprehension, and critical thinking. The aim isto identify key trends, challenges, and best practices in implementing RT within technology-enhancedenvironments.A systematic review approach was applied in line with PRISMA 2020 guidelines. Acomprehensive search across CNKI, Web of Science, Scopus, Google Scholar, and ERIC identified 150potentially relevant studies, of which 24 met the inclusion criteria. Studies were analyzed according toRT’s four core components, which is predicting, questioning, clarifying, and summarizing, synthesizingthrough both qualitative thematic analysis and limited quantitative evaluation of learning outcomes.The review shows that digitally supported RT strategies significantly improve student comprehension andengagement by providing adaptive scaffolding, fostering collaborative learning, and strengthening criticalthinking. Effective practices include the use of AI-based questioning systems, flipped-classroomapplications, and multimodal digital tools. However, challenges persist, such as unequal technologicalaccess, varying teacher readiness, and issues of sustainability and digital equity across differenteducational contexts.This study contributes new theoretical insights into the intersection of ReciprocalTeaching and technology-enhanced pedagogy. By synthesizing evidence from 24 studies acrossinternational contexts, it highlights how RT adapts to digital platforms and smart learning environments,while also revealing persistent barriers to scale-up. The findings offer valuable implications forinstructional design, professional development, and policymaking, and lay a foundation for the futuredevelopment of AI- and technology-supported RT frameworks in global education. 
  
Received: 05 November 2025 / Accepted: 27 February 2026 / Published: March 2026",scopus,llm,0.990,unreviewed,,doi:10.36941/jesr-2026-0310
discarded,The Potential of Digital Storytelling in Physics Education: A Systematic Review,S. Bezen,2026,Journal of Science Education and Technology,10.1007/s10956-025-10244-x,https://www.scopus.com/inward/record.uri?partnerID=HzOxMe3b&scp=105015094302&origin=inward,off-topic-false-hit,"This study aims to provide a systematic review of research trends in digital storytelling (DST) for physics education, what studies aim to achieve, and their outcomes. For this purpose, a detailed content analysis of 12 articles that met the inclusion criteria from 296 studies identified through WOS, ERIC, and SCOPUS databases was conducted. The reviewed studies showed that since 2016, DST in physics education has served as a teaching strategy method, learning media, distance learning tool, creative drama, project-based learning, and flipped classroom learning for students and teachers from primary to higher education. These studies utilized desktop and web-based environments to create digital stories. Studies have revealed the effects of DST on increasing students' academic performance, knowledge, active participation, motivation, attitude, and skill (twenty-first century, writing, self-efficacy) development in physics education. For teachers, on the one hand, DST facilitates teaching processes and improves classroom management; on the other hand, it can cause difficulties in time management. In conclusion, this systematic review provides valuable insights for researchers and practitioners to guide future work by providing a comprehensive overview of the existing literature on DST in physics education.",scopus,llm,0.960,unreviewed,,doi:10.1007/s10956-025-10244-x
kept,What makes flipped learning effective? A meta-analysis of teaching and learning factors,J. Lee,2026,Educational Technology Research and Development,10.1007/s11423-026-10705-z,https://www.scopus.com/inward/record.uri?partnerID=HzOxMe3b&scp=105048114291&origin=inward,qualifies-claim,"This study conducted a meta-analysis of 121 empirical studies to identify teaching- and learning-related variables that influence cognitive and affective outcomes in flipped learning environments. Teaching-related variables were classified into course design factors and instructor characteristics, while learning-related variables were classified into learning task factors and learner characteristics. The overall analysis showed that both types of variables had significant medium effects on learning outcomes (r = .352 for teaching-related variables and r = .303 for learning-related variables). For cognitive outcomes, learner-learner interaction had the highest effect size among teaching-related variables (r = .380), while learning engagement had the highest effect size among learning-related variables (r = .411). For affective outcomes, autonomy support (r = .504) and perceived usefulness (r = .394) had the highest effect sizes among teaching- and learning-related variables, respectively. Moderation analyses showed that the effects of learning-related variables increased with school level, and the effects of teaching-related variables were significantly greater when pre-class materials and in-class activities were diverse. These findings suggest that effective flipped learning depends on both the instructor's careful instructional design and the learner's active engagement, and that diversifying pre-class materials and in-class activities can enhance the role of teaching-related variables in promoting learning outcomes.",scopus,llm,0.960,unreviewed,,doi:10.1007/s11423-026-10705-z
kept,The Effect of Flipped Classroom for Writing: A Meta Analysis,F.N. Tarigan,2026,International Journal of Special Education,,https://www.scopus.com/inward/record.uri?partnerID=HzOxMe3b&scp=105041676261&origin=inward,supports-claim,,scopus,llm,0.820,unreviewed,,hash:83bfc03a0a46eefd
discarded,Unleashing the potential of flipped learning in K–12: A review of experimental studies,Ş. Kaya,2026,Journal of Research on Technology in Education,10.1080/15391523.2025.2456052,https://www.scopus.com/inward/record.uri?partnerID=HzOxMe3b&scp=85218830853&origin=inward,adjacent-subtopic,"Abstract This systematic review focuses on experimental studies conducted in K–12, including research on flipped learning approaches from peer-reviewed journals indexed in Web of Science and Scopus up until 2023. The study followed the PRISMA guidelines. Most of the studies examined compared the traditional classroom model with the flipped learning model. The studies have shown that flipped learning has positive effects on academic achievement, motivation, engagement, technology literacy, metacognitive writing awareness, and metacognitive thinking skills. In most studies, videos were predominantly used outside the classroom, while supporting materials included presentations, forums, quizzes, infographics, e-books, and exercises. In the classroom, bridge activities and collaborative activities were incorporated. The study offers recommendations and discusses the challenges of implementing flipped learning in K–12, providing valuable insights for educators and policymakers.",scopus,llm,0.990,unreviewed,,doi:10.1080/15391523.2025.2456052
