status,title,authors,year,venue,doi,url,tags,abstract,provider,decision_source,llm_confidence,llm_review_outcome,llm_change_direction,paper_id
discarded,Effect of Online Class Features on Students' Learning Satisfaction in UniMAP,B. Y. Lim; S. Abd. Rashid; R. R. Othman; N. I. M. Noh,2021,2021 2nd SEA-STEM International Conference (SEA-STEM),10.1109/SEA-STEM53614.2021.9667990,https://ieeexplore.ieee.org/document/9667990/,off-topic-false-hit,"Due to the outbreak of COVID-19, the conventional face-to-face classroom was shifted to virtual classroom with the aim to minimize physical contact among students while maintaining their learning progress. In order to ensure the success of online learning, students' satisfaction plays a vital role. This study aimed to investigate the effect of online class features on the students' satisfaction. An online questionnaire was emailed to the undergraduates who pursue their degree studies in Universiti Malaysia Perlis (UniMAP). There were 456 active students participated in the present study and they were from technical or nontechnical background. Descriptive statistics were used to analyze the responses to the satisfaction scales. Results showed that good quality of audio and video were the most important features for online learning that link to students' satisfaction. Flexible timetable and ease to browse the online courses were also helped to enhance the satisfaction of students during online learning. This study suggested that the basic features of online learning should always be taken into account during the course delivery process. It was also discovered that the psychology wellness of student was strongly linked to satisfaction of student when good online learning features were provided.",ieee,llm,0.980,unreviewed,,doi:10.1109/sea-stem53614.2021.9667990
kept,A Study of Students Perspectives on Different Pedagogical Practices for Remote Digital Signal Processing Courses,Ahmed Dallal; Mohamed Zaghloul; Amr Hassan,2021,2021 IEEE Frontiers in Education Conference (FIE),10.1109/FIE49875.2021.9637303,https://ieeexplore.ieee.org/document/9637303/,qualifies-claim,"In this Research-to-Practice full paper, we study the perspectives of students on different pedagogical practices in signal processing classes during the pandemic. With the COVID-19 outbreak, universities transitioned to remote operation. While they were not trained for online teaching, instructors had different preferences and motivations of their teaching pedagogy and how to conduct their remote classes. However, only few instructors designed their approach based on their student perspectives. In this study, we survey the students, in signal processing classes, to investigate the different factors that affected their learning under different pedagogical approaches as well as their perspective on active learning and class flipping. Active learning helps maintaining the student motivation while studying from home. Traditional lecturing is the closest to what students are used to. On the other hand, flipped classroom, albeit requiring finishing pre-class activities, enables the students to come prepared and be able to engage more in class activities.",ieee,llm,0.890,unreviewed,,doi:10.1109/fie49875.2021.9637303
discarded,A Busy Professor's Guide to Sanely Flipping Your Classroom: Bringing active learning to your teaching practice,Cynthia M. Furse; Donna Harp Ziegenfuss,2020,IEEE Antennas and Propagation Magazine,10.1109/MAP.2020.2969241,https://ieeexplore.ieee.org/document/8999522/,adjacent-subtopic,"The ""flipped classroom"" has become a popular teaching method. Students watch video lectures before class, saving time for active learning (problem solving, demonstrations, applications, and so forth). This article provides a useful guide for busy professors who would like to try the flipped-classroom approach. Recommendations for four teaching components are given: 1) planning the flipped classroom, 2) video lectures, 3) active learning, and 4) student-centered formative assessment. It includes suggestions for getting started with the flipped-teaching method, case studies from electromagnetics (EM), and feedback from students about the resources they find most useful, their comfort level with asking questions, and their opinions of the flipped class during the semester. Training materials for flipping your classroom (or helping others do so) are available at http://teach-flip.utah.edu.",ieee,llm,0.930,unreviewed,,doi:10.1109/map.2020.2969241
kept,Do students like the flipped classroom? An investigation of student reaction to a flipped undergraduate IT course,Rob Elliott,2014,2014 IEEE Frontiers in Education Conference (FIE) Proceedings,10.1109/FIE.2014.7044070,https://ieeexplore.ieee.org/document/7044070/,qualifies-claim; preferens,"The flipped classroom pedagogy has achieved significant mention in academic circles in recent years. ""Flipping"" involves the reinvention of a traditional course so that students engage with learning materials via recorded lectures and interactive exercises prior to attending class and then use class time for more interactive activities. Proper implementation of a flipped classroom is difficult to gauge, but combines successful techniques for distance education with constructivist learning theory in the classroom. While flipped classrooms are not a novel concept, technological advances and increased comfort with distance learning have made the tools to produce and consume course materials more pervasive. Flipped classroom experiments have had both positive and less-positive results and are generally measured by a significant improvement in learning outcomes. This study, however, analyzes the opinions of students in a flipped sophomore-level information technology course by using a combination of surveys and reflective statements. The author demonstrates that at the outset students are new - and somewhat receptive - to the concept of the flipped classroom. By the conclusion of the course satisfaction with the pedagogy is significant. Finally, student feedback is provided in an effort to inform instructors in the development of their own flipped classrooms.",ieee,llm_reviewed,0.970,confirmed,,doi:10.1109/fie.2014.7044070
discarded,"Breaking ""Chemistry Is Boring"" Stereotypes for Engineering Students Through the Use of Gamification","Bertolo, Emilia; Oliva, Maria Moreno; Guerrero, Maria del Mar Lopez",2026,INTERNATIONAL JOURNAL OF GAME-BASED LEARNING,10.4018/IJGBL.420116,https://www.webofscience.com/wos/woscc/full-record/WOS:001881441900001,adjacent-subtopic,"Low levels of engagement with chemistry among undergraduate engineering students have been associated with high failure and attrition rates. It seems that traditional lecture-based instruction has not aligned with Generation Z students' preference for interactive learning. This study involved the design, implementation, and evaluation of an educational escape room aimed at improving first-year engineering students' understanding of chemistry and their attitudes toward the subject at the University of M & aacute;laga, Spain. The escape room was implemented as summative assessment worth 10% of the course grade, across three engineering programs during the academic years 2018-2019 and 2022-2023. Students' perceptions were collected through a validated online questionnaire. Survey responses (n = 135) indicated high satisfaction levels. Most participants reported that the activity improved their understanding of theoretical concepts and was more engaging than traditional assessments. Overall, the results suggested that educational escape rooms, through active learning and teamwork, enhanced engagement and promoted positive attitudes toward chemistry.",wos,llm,0.910,unreviewed,,doi:10.4018/ijgbl.420116
kept,Flipped Classroom Method Improves Anatomy and Histology Lab Education: Evaluating the Effects on Satisfaction and Learning in Dental Students,"Mirzaei, Fatemeh; Bakhtiari, Abbas; Bahmanzadeh, Maryam; Shiri, Elham",2026,EUROPEAN JOURNAL OF DENTAL EDUCATION,10.1111/eje.70313,https://www.webofscience.com/wos/woscc/full-record/WOS:001883163700001,supports-claim,"Background Anatomy and histology are basic courses in dental education. This study aimed to evaluate the effectiveness of the flipped classroom method compared to lecture-based learning in the anatomy and histology practical course for dental students. To reach this aim, the academic performance and satisfaction of students trained using the flipped classroom method were evaluated and compared with those of students trained through lecture-based instruction. Methods A randomized controlled trial assigned first-year dental students to a flipped classroom (n = 106) or lecture-based instruction (n = 107). Satisfaction was assessed using a validated questionnaire, and the effectiveness of the method was evaluated through pre- and post-tests, formative assessments, and an objective structured practical exam (OSPE). Statistical analysis was performed using SPSS version 24. Results Data analysis of pre-test scores, showed no significant difference between groups (p = 0.9689), while post-test scores (8.37 +/- 0.22 vs. 4.34 +/- 0.33, p < 0.0001) and final OSPE scores (7.59 +/- 0.25 vs. 5.37 +/- 0.26, p < 0.0001) were meaningfully higher in the intervention group compared to the control group. Overall student satisfaction scores were high (84%), particularly in motivation and improvements in deeper learning, and knowledge retention, although peer interaction and teamwork were slightly lower. Conclusion The flipped classroom method, compared to the traditional lecture-based method, significantly improved the learning, performance, and satisfaction of dental students at Hamadan University of Medical Sciences in these courses.",wos,llm,0.990,unreviewed,,doi:10.1111/eje.70313
discarded,Student Perceptions of Multiple Active Learning Methods in Large Lecture Science Classes in Higher Education: A Qualitative Perspective,"Walker, Kate Ireton; McComas, William F.",2026,ACTIVE LEARNING IN HIGHER EDUCATION,10.1177/14697874261483275,https://www.webofscience.com/wos/woscc/full-record/WOS:001868511400001,adjacent-subtopic,"Large lecture courses in science present a significant challenge in effectively engaging all students while gauging their understanding of the content. Active learning requires students to be engaged, and this can be done through a variety of methods. Examples include discussions, physical activities, and hands-on applications of what they have learned. However, a major unaddressed challenge in science instruction is how to design and implement such active learning strategies in high-enrollment courses. This study addresses a critical gap in the research literature by examining the impact of consistently applying a suite of active learning strategies within a large undergraduate Human Physiology course. The findings offer valuable insights for enhancing science instruction using active modalities. These researchers implemented three active learning modalities: kinesthetic/movement-based activities, discussions, and problem-based learning. To isolate the effect of the learning modality itself, rather than the specific content, each modality was rotated across different units of content throughout the semester in a human physiology course. Qualitative data were collected through an end-of-semester survey and course evaluations. Students responded overwhelmingly positively to the active learning environment, reporting that the activities were enjoyable and expressed belief that this enhanced their understanding and recall. They also indicated that active learning instruction improved knowledge retention and their confidence in comprehending the course material.",wos,llm,0.830,unreviewed,,doi:10.1177/14697874261483275
discarded,Beyond the feedback: a student-directed case-based collaborative learning Review committee,"Newman, Jessica R.; Hernandez, Danny; Gierer, Selina; Hughes, Dorothy",2026,ANNALS OF MEDICINE,10.1080/07853890.2026.2728262,https://www.webofscience.com/wos/woscc/full-record/WOS:001867694500001,adjacent-subtopic,"Introduction The curriculum of the Doctor of Medicine program at The University of Kansas School of Medicine includes a substantial portion of content delivered via small-group, case-based collaborative learning (CBCL) activities. As critical stakeholders in continuous quality improvement in their education, medical students are poised to make contributions to curriculum enhancement, though they are often underutilized resources.Methods Without a faculty-led curriculum revision committee, we piloted a student-led Case-Based Collaborative Learning Review Committee (SCRC) to systematically incorporate student feedback into curriculum revision efforts by reviewing three CBCL activities. The SCRC provided structured anonymous edits and feedback to faculty authors. Qualitative (thematic) data analysis used mixed methods to assess the intervention's impact and develop guidance for future iterations.Results Sessions were well-received by participating students and receiving faculty based on satisfaction surveys. Thematic analysis of student-generated suggested edits revealed five primary categories of revisions: simple edits, pre-work recommendations, relevancy of social constructs, clarification, and 'need more'.Conclusion Overall, the intervention demonstrated that student-led review was feasible and yielded valuable multi-level feedback on small-group learning activities, such as CBCL. Further research could help determine if similar work could be feasible and effective for lectures and flipped classroom material and whether such continuous quality improvement should be required in our medical education curriculum processes.",wos,llm,0.970,unreviewed,,doi:10.1080/07853890.2026.2728262
discarded,Student Perceptions of a Non-digital Gamified Student-generated MCQ Strategy in Undergraduate Physiotherapy Education: An Exploratory Mixed-methods Study,"Bembalgi, Veena Anil; Kerkar, Mrunali; Sublok, Pooja Motar",2026,JOURNAL OF CLINICAL AND DIAGNOSTIC RESEARCH,10.7860/JCDR/2026/86059.24299,https://www.webofscience.com/wos/woscc/full-record/WOS:001864816100029,adjacent-subtopic,"Introduction: Traditional lecture-based teaching methods often struggle to maintain student engagement, especially in the context of decreasing student attention spans. Innovative, active-learning strategies are needed to address these challenges. Gamification is one such strategy that can enhance student engagement. Limited evidence exists in physiotherapy education regarding gamified student-generated Multiple Choice Question (MCQ) strategies. Aim: To evaluate undergraduate physiotherapy students' perception of a non digital gamified MCQ-based teaching-learning strategy. Materials and Methods: The present exploratory mixed-method study was conducted at KLE College of Physiotherapy, Hubballi, Karnataka, India, from July 2025 to November 2025. Fifty undergraduate third-year physiotherapy students participated voluntarily through convenience sampling in a single classroom session. The session began with a traditional lecture, followed by an assignment where students generated MCQs based on the taught topic. Students were divided into two groups of twenty-five each to facilitate participation in the gamified, competitive MCQ quiz session, moderated by the subject expert. Quantitative feedback was collected using a five-point Likert scale and analysed using descriptive statistics and the Mann-Whitney U test. Qualitative data from open-ended questions were analysed thematically. Statistical analysis was performed using Statistical Package for Social Sciences version 30. Results: A total of 85-95% of students reported improved engagement and perceived learning. No objective learning outcomes were measured. While 65% felt confident about the topic post-session, only 50% agreed that referencing textbooks improved learning. Qualitative feedback highlighted increased critical thinking, collaboration, and enjoyment, though some students noted challenges in time management and MCQ quality. No significant differences were found between groups for any of the ten items, indicating broad applicability. Conclusion: The present study shows that a non digital, student-generated MCQ gamification approach is feasible and well accepted, with high engagement and perceived learning. However, its effect on knowledge gain and retention remains unclear due to the absence of objective measures and a controlled design. Future studies should include MCQ training, objective assessments, and longitudinal designs to confirm its impact.",wos,llm,0.960,unreviewed,,doi:10.7860/jcdr/2026/86059.24299
kept,Enhancing Anatomy Education: Snowball Techniques vs. Lecture-Based Learning,"Salehi, Amir Mohammad; Ramezani, Mahdi; Mirzaei, Fatemeh; Khanlarzadeh, Elham; Ahmadian, Mohammad; Karbasi Motlagh, Maryam",2026,JOURNAL OF MEDICAL EDUCATION AND CURRICULAR DEVELOPMENT,10.1177/23821205261483954,https://www.webofscience.com/wos/woscc/full-record/WOS:001861530600001,supports-claim,"Objective Active learning strategies including small-group methods have gained prominence in medical education, yet their effectiveness in anatomy education somehow remains underexplored. This study aimed to evaluate the effectiveness of snowball technique (ST)- a progressive small-group discussion method-compared to traditional lecture-based learning (LBL) in head and neck anatomy education among medical students.Methods This pre-test and post-test quasi-experimental study, which included a control group comparison, was conducted over two academic years. A total of 333 undergraduate medical students were assigned to one of two groups using convenience sampling with non-random allocation by existing class sections: the ST group (n = 165) and the LBL group (n = 168). Both groups followed the same course plan, learning objectives, and had the same instructor. Valid and reliable questionnaires were used to collect data on student demographics, satisfaction, and knowledge. Data were analyzed with SPSS software version 22.Results Students in the ST group (40.62 +/- 3.46) reported significantly higher satisfaction than those in the LBL group (29.27 +/- 3.39) (P = .001; Cohen's d = 2.89, 95% CI: 2.58-3.20). A paired t-test comparing pre-test and post-test scores revealed significant improvements in both groups, with the ST group demonstrating more pronounced gains (ST within-group d = 2.87, 95% CI: 2.56-3.18; LBL within-group d = 2.45, 95% CI: 2.16-2.74). After three training courses, the final knowledge scores were significantly higher for the ST method compared to the LBL method (P = 0.014; d = 0.27, 95% CI: 0.05-0.49).Conclusion ST significantly enhanced medical students' satisfaction and knowledge of head and neck anatomy, and they can be effectively used to teach practical courses alongside traditional lectures. Based on the positive outcomes across three sessions, we recommend implementing ST for 3-5 sessions per anatomy course per academic term.",wos,llm,0.820,unreviewed,,doi:10.1177/23821205261483954
discarded,Code Insight: Evaluating an Active Learning Framework for Novice Programmers to Promote the Development of Code Review Skills,"Banweer, Keerti; Trytten, Deborah",2025,"2025 IEEE FRONTIERS IN EDUCATION CONFERENCE, FIE",10.1109/FIE63693.2025.11328622,https://www.webofscience.com/wos/woscc/full-record/WOS:001792342800481,adjacent-subtopic,"The full research paper describes an active learning based in-class intervention to encourage the development of code review and debugging skills in students from the CS program. The rapid proliferation of AI-based applications has heightened the importance of code review and debugging skills among software developers. Organizations leverage code review processes not only to ensure software quality and accuracy but also to facilitate knowledge transfer, promote productive collaboration, maintain consistency, and share ideas. However, incorporating code review practices into classroom settings presents challenges due to the associated heavy workload, often resulting in low student motivation and participation. To address these issues, we propose an in-class active learning framework,

Code Insight, which integrates seamlessly into class lectures without adding extra workload for students or additional grading for instructors. Recognizing that beginner programmers have limited knowledge and experience with programming concepts, the goal of this study is to provide strategic guidance to help students effectively and systematically review, analyze, and evaluate existing code written by others, thereby gaining a deeper understanding of the code. In our study, students participated in the Code Insight activity during class, using a classroom response system to report the correctness of provided code through multiple-choice questions. The impact of Code Insight on learning is evaluated by collecting student feedback at the end of the semester. Our findings indicate that the Code Insight activity presents a sufficient challenge for students, thereby improving their learning experience and highlighting the necessity of integrating more extensive code review practices in entry-level programming courses. Students expressed a preference for these activities over traditional lectures, noting that they helped them debug their programs by identifying and fixing errors, and they feel confident in writing a program and addressing any issues through complex debugging tasks. The proposed intervention provides a platform for students to discuss misconceptions, visualize multiple problem-solving approaches, and thoroughly understand existing code.",wos,llm,0.910,unreviewed,,doi:10.1109/fie63693.2025.11328622
