status,title,authors,year,venue,doi,url,tags,abstract,provider,decision_source,llm_confidence,llm_review_outcome,llm_change_direction,paper_id
By integrating multi-dimensional innovative teaching methods, this system aims to cultivate students' ability to solve optical chip testing challenges, enhance the quality of innovative talent cultivation in optoelectronic information disciplines, and better support the national strategy for strengthening the optoelectronic information industry. Methods This experimental teaching methodology adhered to the core concept of ""promoting practice through virtual means and refining virtual simulation through practical application"". It established a comprehensive, closed-loop pedagogical framework encompassing ""theoretical construction-virtual simulation-field practice-comprehensive evaluation"". The implementation began with a hybrid approach combining offline lectures and flipped classroom sessions to systematically impart core theoretical knowledge, including principles of optical communication, optical waveguides, and the operational mechanisms of TFLN modulator chips, supplemented by thematic seminars and debates. Concurrently, a virtual simulation platform for testing UHS-EOM chips was introduced, enabling students to deepen their understanding of testing procedures and instrument operation. To further facilitate the transfer of competence, students engaged in field practice at optoelectronic enterprises or collaborative laboratories, where they received guidance from industry mentors on chip testing processes and performed hands-on, high-precision tasks such as fiber-waveguide coupling and high-speed GSG radio frequency probe alignment in research laboratory settings, thereby bridging the gap from virtual cognition to practical skills. Finally, systematic assessment of learning outcomes was conducted through comprehensive experimental reports and multi-dimensional evaluations, forming an integrated ""teaching-learning-practicing-evaluating"" closed-loop system that effectively enhanced students' comprehensive innovation and practical capabilities in the field of optical chip testing. Results and Discussions The technical architecture of this virtual simulation system was modeled and simulated based on the UHS-EOM chip testing platform of the Optical Waveguide Hybrid Integration and Micro-Nano Optoelectronic Devices Research Laboratory at Jinan University. It innovatively incorporated two critical virtual operation modules: fiber-waveguide manual coupling and manual alignment and electrode contacting using high-speed GSG radio frequency probes. Additionally, it integrated an online-offline hybrid teaching model that combines ""instruction-learning-practice-evaluation"" into a cohesive four-in-one pedagogical approach, supported by a multi-dimensional teaching assessment mechanism. Specific survey results indicated that over 95% of students provided positive evaluations (strongly agree and agree) for this virtual simulation experimental teaching. Furthermore, after virtual simulation training, the average total scores for the two practical experimental operations-fiber-waveguide manual coupling and high-speed GSG radio frequency probe alignment and electrode contact-improved from 85 to 94 points. The experimental duration was also reduced from over three class periods to within two class periods. Conclusions Starting from the necessity and advancement of developing a virtual simulation system for UHS-EOM chip testing, this paper elaborates on the platform's process design, experimental content (including half-wave voltage, electrical parameters, and electro-optic bandwidth testing), and the corresponding experimental teaching model.

Through the integrated teaching practice of ""instruction-learning-practice-evaluation"" involving both instructors and students, positive results have been achieved. This virtual simulation experimental teaching system not only effectively reduces experimental costs and supports large-scale teaching implementation, filling the gap in virtual simulation teaching for high-speed optical chip testing, but also helps broaden students' perspectives on UHS-EOM chip testing processes, laying a crucial skill foundation for their future employment or further studies in research laboratories. This design contributes to cultivating innovative talents that meet the needs of scientific research and industrial development in the field of optoelectronic information, and holds positive significance for advancing the progress of the optoelectronic information industry.",scopus,llm,0.910,unreviewed,,doi:10.3788/aos251717
discarded,A Classroom Student State Perception System Integrating Multimodal Visual Analysis and Edge Intelligence,S. Zhong,2025,Proceedings of 2025 3rd International Conference on Internet of Things and Cloud Computing Technology Iotcct 2025,10.1145/3776865.3776901,https://www.scopus.com/inward/record.uri?partnerID=HzOxMe3b&scp=105026345725&origin=inward,off-topic-false-hit,"This paper proposes a novel classroom student state perception system that integrates multimodal visual analysis with edge intelligence to address the challenges associated with real-time learning state assessment in traditional educational settings. The system employs optimized Histogram of Oriented Gradients (HOG) features and facial 68-keypoint detection to accurately capture students' eye, mouth, and head posture features in real-time. Through edge computing devices (RV1126), visual data is processed locally with only structured analysis results transmitted via campus networks. The DeepSeek large language model API further processes these data to generate personalized teaching interventions. Experimental results demonstrate 92.5% recognition accuracy with end-to-end delay below 50ms, providing an effective edge-cloud collaborative solution for smart education applications including chemistry MOOC flipped classrooms.",scopus,llm,0.980,unreviewed,,doi:10.1145/3776865.3776901
discarded,Design and Implementation of a Task-Driven and Data-oriented Thinking Flipped Classroom for Computer Networks Empowered by Intelligent Technologies,H. Yi,2025,Proceedings of the 2nd International Conference on Intelligent Education and Computer Technology Iect 2025,10.1145/3764206.3764211,https://www.scopus.com/inward/record.uri?partnerID=HzOxMe3b&scp=105025583024&origin=inward,adjacent-subtopic,"With computer networks as the foundation, the new generation of information technologies is accelerating the empowerment of various sectors of society. Industries and enterprises urgently require talents equipped with data-oriented thinking skills, which raises higher demands for computer network education. To address the challenges in teaching—such as students' difficulties in constructing a systematic knowledge framework, insufficient practical abilities, and inadequate professional competencies—this study is based on the positioning of an application-oriented undergraduate institution. Guided by the philosophy of Outcome-Based Education (OBE) and constructivist learning theory, and considering the data-oriented thinking characteristics of the course, this study proposes the teaching concept of ``making learning proactive."" It clarifies teaching objectives oriented toward professional competencies and leverages ChatGPT, knowledge graphs, and intelligent agents to reconstruct course content and optimize teaching methods. In addition, online platform resources are established, an evaluation system is constructed, and flipped classroom teaching is implemented. Practical results demonstrate that the flipped classroom approach significantly enhances teaching efficiency. Empowered by digitally and intelligent technologies, students engage in deep learning of computer networks through task-driven and data-oriented thinking teaching strategies, thereby improving their data-oriented thinking ability, practical skills, and application capabilities.",scopus,llm,0.820,unreviewed,,doi:10.1145/3764206.3764211
discarded,From Traditional to Flipped Learning in ELT Classrooms: High School Students' Opinions,F. Danis,2025,Developing Teaching Competencies for Pedagogical and Curricular Innovation,10.4018/979-8-3373-3566-7.ch010,https://www.scopus.com/inward/record.uri?partnerID=HzOxMe3b&scp=105026225962&origin=inward,adjacent-subtopic,"This study investigates 32 high school students' perceptions of flipped learning in English as a Foreign Language (EFL) instruction. The aim was to explore how students perceive the benefits and challenges of flipped learning, in terms of engagement, motivation, and language proficiency. A quantitative approach was employed. The results revealed that students generally had positive perceptions of flipped learning, highlighting its ability to promote active learning, increase flexibility, and improve preparation for class. The study's findings suggest that while flipped learning has potential to enhance EFL instruction, its successful implementation requires student preparedness and improving in class interaction. The study contributes to the growing body of research on flipped learning, providing insights into its effectiveness in high school EFL classrooms and offering recommendations for educators seeking to adopt this innovative pedagogical approach. Future research should investigate the long-term effects of flipped learning and its impact across different educational contexts.",scopus,llm,0.980,unreviewed,,doi:10.4018/979-8-3373-3566-7.ch010
discarded,Effectiveness of Integrating Flipped Classroom with Deep Learning Approach on Students' Digital Literacy in Thermodynamics,M. Paristiowati,2025,Journal of Physics Conference Series,10.1088/1742-6596/3139/1/012091,https://www.scopus.com/inward/record.uri?partnerID=HzOxMe3b&scp=105024241020&origin=inward,adjacent-subtopic,"One of the central challenges in 21st-century education is not only ensuring students master academic content but also equipping them with essential skills such as digital literacy. This study investigates the implementation of a deep learning approach combined with a flipped classroom model to enhance students’ digital literacy in thermodynamics material. Deep learning approach encourages a deeper understanding of scientific concepts and cultivates critical thinking skills, while the flipped classroom model enables self-directed learning through technology, reserving in class time for higher order learning activities. A descriptive qualitative methodology was employed, utilizing a validated digital literacy assessment and test. The study was conducted at SMAN 35 Jakarta with 50 eleventh grade students as participants. Results revealed that the integration of the flipped classroom model with a deep learning approach led to substantial improvements in students’ digital literacy, with gains exceeding 50% across all assessed dimensions. In addition, the effectiveness of the intervention was evident in students’ mastery of thermodynamics concepts, with 90% of participants achieving scores above the Minimum Mastery Criterion (KKM). These findings highlight the pedagogical value of combining innovative, technology-enhanced instructional strategies to advance both digital literacy and scientific understanding in secondary education.",scopus,llm,0.980,unreviewed,,doi:10.1088/1742-6596/3139/1/012091
discarded,Examining students’ engagement and motivation in organic chemistry through the use of a multimedia-supported flipped classroom approach,E. Nsabayezu,2025,Education for Chemical Engineers,10.1016/j.ece.2025.08.001,https://www.scopus.com/inward/record.uri?partnerID=HzOxMe3b&scp=105012976152&origin=inward,adjacent-subtopic,"The effective transformation of organic chemistry education necessitates the adoption of innovative pedagogical approaches that actively promote student engagement and motivation throughout the learning process. Thus, this study investigates the impact of a multimedia-supported flipped classroom approach (MSFCA) on student engagement and motivation in learning organic chemistry in Rwandan secondary schools. The study involved 73 senior five students (fifth year of upper secondary school) and two chemistry teachers, employing an explanatory sequential research design. Quantitative data were gathered using a Likert scale questionnaire and analyzed using the Statistical Package for the Social Sciences (SPSS), while qualitative data from structured interviews were thematically analyzed. The findings revealed high levels of student engagement and motivation in learning through MSFCA, as evidenced by their positive survey responses. Additionally, qualitative insights highlighted students' eagerness for organic chemistry when taught using this innovative method. However, rural students reported lower motivation levels compared to their urban counterparts primarily due to challenges with Information and Communication Technology (ICT) infrastructure, such as limited internet access and insufficient computers. The statistically significant disparity in mean scores (rural: 49.58, urban: 68.47, P <0.001, df =72) underscores how limited resources in rural areas hinder effective engagement in multimedia-supported flipped classrooms. Based on these findings, the study recommends integrating MSFCA more broadly to enhance student interest and motivation in organic chemistry. It also emphasizes the need to expand ICT resources, including reliable internet connectivity and adequate computer availability, particularly in rural schools.",scopus,llm,0.980,unreviewed,,doi:10.1016/j.ece.2025.08.001
discarded,Innovative Coding Teaching Methodologies: A Comprehensive Approach for Diverse Learners,P. Beldar,2025,Journal of Engineering Education Transformations,10.16920/jeet/2025/v39i2/25141,https://www.scopus.com/inward/record.uri?partnerID=HzOxMe3b&scp=105018937755&origin=inward,adjacent-subtopic,"This study investigates the pivotal role of coding skills in the education of mechanical engineering students, particularly in areas like data analytics, statistics, and numerical methods. It addresses challenges educators face, such as the abstract nature of programming and diverse student backgrounds, and explores innovative teaching methods such as pair programming and live coding sessions. By equipping students with coding proficiency, the study demonstrates how they can translate complex mathematical algorithms into practical simulations, crucial for analysing mechanical systems like computational fluid dynamics and finite element analysis. The research evaluates the effectiveness of these teaching strategies based on student feedback, emphasizing the need for personalized and innovative approaches to integrate coding effectively into the mechanical engineering curriculum. These insights aim to enhance coding education, preparing students to tackle complex engineering problems, make data-driven decisions, and thrive in today's technological landscape. The study contributes practical implications for educators seeking to bridge the gap between theoretical coding knowledge and its practical application in mechanical engineering, thereby preparing future engineers for the challenges of modern engineering practices.",scopus,llm,0.940,unreviewed,,doi:10.16920/jeet/2025/v39i2/25141
discarded,GLITTER: An AI-assisted Platform for Material-Grounded Asynchronous Discussion in Flipped Learning,W. Peng,2025,UIST 2025 Proceedings of the 38th Annual ACM Symposium on User Interface Software and Technology,10.1145/3746059.3747742,https://www.scopus.com/inward/record.uri?partnerID=HzOxMe3b&scp=105022977163&origin=inward,adjacent-subtopic,"Flipped classrooms promote active learning by having students engage with materials independently before class, allowing in-class time for collaborative problem-solving. During this pre-class phase, asynchronous online discussions help students build knowledge and clarify concepts with peers. However, it remains difficult to engage with temporally dispersed peer contributions, connect discussions with static learning materials, and prepare for in-class sessions based on their self-learning outcome. Our formative study identified cognitive challenges students encounter, including navigation barriers, reflection gaps, and contribution difficulty and anxiety. We present Glitter, an AI-assisted discussion platform for pre-class learning in flipped classrooms. Glitter helps students identify posts with shared conceptual dimensions, scaffold knowledge integration through conceptual blending, and enhance metacognition via personalized reflection reports. A lab study within subjects (n = 12) demonstrates that Glitter improves discussion engagement, sparks new ideas, supports reflection, and increases preparedness for in-class activities.",scopus,llm,0.960,unreviewed,,doi:10.1145/3746059.3747742
discarded,Research on the strategy of the integration of laboratory diagnostics and basic science courses,X. Wang,2025,Proceedings of the 2nd Guangdong Hong Kong Macao Greater Bay Area Education Digitalization and Computer Science International Conference Edcs 2025,10.1145/3746469.3746518,https://www.scopus.com/inward/record.uri?partnerID=HzOxMe3b&scp=105021332777&origin=inward,adjacent-subtopic,"In order to meet the needs of multi-dimensional diagnosis and treatment in modern medicine, this paper discusses the necessity and practice path of integrating experimental diagnostics and basic medical courses. By reconstructing the teaching content based on diseases (such as anemia, diabetes, etc.), the basic medical mechanism is deeply integrated with experimental diagnosis technology, aiming to break the discipline barrier and cultivate the integrative thinking and clinical decision-making ability of medical students. In this paper, implementation strategies such as case teaching, flipped classroom and intelligent online platform are proposed, and an evaluation system combining process and finality is constructed to strengthen knowledge integration and clinical reasoning. In the future, the in-depth application of artificial intelligence and virtual reality technology will further optimize the integration mode and provide continuous impetus for training compound talents qualified for complex medical challenges.",scopus,llm,0.980,unreviewed,,doi:10.1145/3746469.3746518
discarded,Teaching sustainability in higher engineering education: a structured approach to sustainable product development,D. Jung,2025,Proceedings of the Design Society,10.1017/pds.2025.10314,https://www.scopus.com/inward/record.uri?partnerID=HzOxMe3b&scp=105022807063&origin=inward,adjacent-subtopic,"ABSTRACT: The Sustainable Product Development (SPD) module bridges sustainability concepts into higher education, equipping Master’s students with theoretical knowledge, practical skills, and critical thinking to address sustainability challenges. Combining lectures with hands-on exercises and a flipped classroom, it engages students with tools like Life Cycle Assessment (LCA) and Material Flow Analysis (MFA) to apply sustainability principles in real-world scenarios. Topics such as circular economy, sustainable business models, and ecolabels provide a comprehensive understanding of sustainability across the product lifecycle. The course progresses from foundational principles to advanced applications, linking theory and practice. This prepares students to assess environmental impacts, develop sustainable solutions, and balance competing requirements, meeting industry and societal needs.",scopus,llm,0.970,unreviewed,,doi:10.1017/pds.2025.10314
discarded,PromptTutor: Effects of an LLM-Based Chatbot on Learning Outcomes and Motivation in Flipped Classrooms,Y. Zhang,2025,Annual Conference on Innovation and Technology in Computer Science Education Iticse,10.1145/3724363.3729095,https://www.scopus.com/inward/record.uri?partnerID=HzOxMe3b&scp=105010627160&origin=inward,adjacent-subtopic,"This study explores the integration of a Large Language Model (LLM) based chatbot, PromptTutor, into flipped classrooms (FC) for undergraduate Computer Science (CS) education. PromptTutor is designed to provide personalized, immediate feedback to support student learning in FC by incorporating reflective learning and scaffolding strategies. The traditional FC typically lacks this immediate feedback during the pre-class learning phase, risking decreased student motivation according to existing literature. This study examines if students improve in learning outcomes and motivation after using PromptTutor. Through a controlled crossover experiment with 50 students, the study demonstrates statistically significant improvements in students' quiz performance and motivation compared to traditional FC. Our work underscores the potential of LLM-based tools in addressing FC challenges, offering actionable insights for educators and institutional leaders in technology-enhanced learning environments.",scopus,llm,0.970,unreviewed,,doi:10.1145/3724363.3729095
