status,title,authors,year,venue,doi,url,tags,abstract,provider,decision_source,llm_confidence,llm_review_outcome,llm_change_direction,paper_id
discarded,Enhancing rational prescribing skills in pharmacy students: a blended learning model of flipped classroom and think-pair-share for cardiovascular pharmacology,Mahsa Amin; Farshad Abedi; Azam Norouzi; Gholamreza Karimi,2026,BMC Medical Education,10.1186/s12909-026-09166-y,https://www.scopus.com/inward/record.uri?partnerID=HzOxMe3b&scp=105042104440&origin=inward,adjacent-subtopic,"Background: This pilot study evaluated the feasibility and learner acceptance of a blended learning model integrating Flipped Classroom (FC) and Think-Pair-Share (TPS) strategies in a cardiovascular pharmacology course for pharmacy students. Methods: A single-group, post-intervention evaluation was conducted with 62 undergraduate pharmacy students. The intervention featured: pre-class self-study with real prescriptions, interactive lectures, structured TPS activities, and gamified incentives. Evaluation focused on Kirkpatrick’s Level 1 (Reaction), using a satisfaction survey to assess student perceptions. Results: Student satisfaction was notably high. Most students perceived real prescriptions as highly effective for engagement (93.5%) and learning (90.3%). Peer discussions (74.2%), pre-class preparation (93.5%), and the instructor’s explanations (93.6%) were also rated as highly effective. The majority (87.1%) preferred group exams and perceived the method as improving future consultation skills (90.3%). Conclusion: The FC/TPS model, augmented with authentic materials, demonstrated high feasibility and was exceptionally well received by students. These positive perceptions support its implementation in similar contexts and justify further research with controlled designs to measure its impact on objective learning outcomes.",scopus,llm,0.920,unreviewed,,doi:10.1186/s12909-026-09166-y
kept,Simulation-based education in an emergency medicine clerkship in Qatar: impact on academic performance and student perceptions,Khalid Bashir; Aftab Mohammad Umar; Amr Elmoheen; Sarah Bashir; Abdulla A. Al-Yousuf,2026,International Journal of Emergency Medicine,10.1186/s12245-025-01114-9,https://www.scopus.com/inward/record.uri?partnerID=HzOxMe3b&scp=105029454027&origin=inward,refutes-claim,"Background: Simulation-based medical education (SBME) is increasingly used in emergency medicine (EM) training to enhance clinical skills and decision-making. However, its impact on undergraduate clerkship performance and student perceptions in the Middle Eastern context remains underexplored. This study aimed to evaluate whether the integration of high-fidelity simulation into a medical student EM clerkship in Qatar improves academic outcomes and enhances student satisfaction with the learning experience. Methods: Two clerkship students cohorts were compared: 63 students in a lecture-based education (LBE) group in 2022 and 67 students in an SBME group in 2024. Multiple-choice question (MCQ) and objective structured clinical examination (OSCE) scores were analyzed using independent sample t-tests. Demographic variables (age, gender) were collected, and qualitative feedback from the SBME group was analyzed using descriptive content analysis. Results: There were no statistically significant differences in academic performance between the lecture-based education (LBE) and simulation-based medical education (SBME) cohorts. The mean MCQ score was 29.2 (SD = 4.1) for the LBE group and 28.8 (SD = 4.3) for the SBME group (p = 0.588), with no meaningful difference (mean difference = +0.4, 95% CI: [-1.08, 1.84], Cohen’s d = +0.10). OSCE scores were also comparable, with the LBE group scoring a mean of 24.8 (SD = 1.8) and the SBME group 25.2 (SD = 1.7) (p = 0.192; mean difference = -0.4, 95% CI: [-1.01, +0.21], Cohen’s d = -0.23). Demographic characteristics were also similar between groups, with a mean age of approximately 23 years and around 70% of participants being female. Thematic analysis of feedback revealed three dominant themes: (1) Enhanced clinical preparedness and confidence – students felt better prepared for real emergencies after simulation practice; (2) Active learning and realism – the lifelike scenarios and hands-on approach helped bridge theory to practice in a safe environment; (3) Positive engagement and recommendations – students found simulation highly engaging and recommended increasing its use. One student wrote, “The simulations were the most valuable part of the rotation, boosting my confidence in handling acute cases.” Minor challenges noted included initial anxiety during simulations and scheduling constraints, but overall perceptions were overwhelmingly positive. Conclusions: While SBME in the emergency medicine clerkship did not lead to statistically significant improvements in exam performance, it was highly valued by students and associated with enhanced confidence, clinical preparedness, and engagement. These results support the continued integration of SBME into EM clerkship as a complementary approach to traditional teaching. Future studies with larger sample sizes and extended follow-up are warranted to evaluate the long-term impact and broader applicability of simulation-based medical education.",scopus,llm,0.970,unreviewed,,doi:10.1186/s12245-025-01114-9
kept,Undergraduate medical students’ perceptions of an interactive and collaborative cloud-based learning strategy: survey at a single institution,Claudio Cortes; Trenton D. Jackman; Anne M. Dersch; Tracey A.H. Taylor,2026,BMC Medical Education,10.1186/s12909-026-08640-x,https://www.scopus.com/inward/record.uri?partnerID=HzOxMe3b&scp=105033047299&origin=inward,qualifies-claim,"Background: In most health professions education programs, didactic lectures remain the most common teaching modality. There is a need for synchronous interactive instructional methods that require little student preparation, promote directed-independent learning and high-order cognition, while increasing feedback and teamwork. We have recently created a Cloud-based learning (CL) educational tool that uses the conceptual Technological Pedagogical Content Knowledge (TPACK) theoretical framework, together with generative learning theory. Using student surveys, the aim of this study is to determine students’ perception of CL instruction compared to other common practices in medical education, including Team-Based Learning (TBL), Flipped Classroom (FC), and Didactic Lectures (DL). Methods: Student perception surveys were used to contrast responses regarding these instruction methods in terms of satisfaction, student preparation time, teamwork, collaboration, and formative feedback received. The survey was administered to preclinical medical students from a single undergraduate medical education institution in the United States over the four years of instruction and participants consented to participate in the survey. Kruskal-Wallis test was employed to assess whether there are statistically significant differences in the medians of student experiences across these instructional methods. Dunn’s pairwise test was used to determine statistical significance between group medians. Results: Over the four years of instruction (N = 496), 115 participants consented to participate. Compared to other teaching methods, students expressed a preference for TBL and DL over CL and FC. CL and DL were perceived to require the least preparation time (less than 30 min), compared to FC and TBL. Regarding engagement, participants were equally engaged with TBL, DL and CL, and less engaged with FC. TBL and CL were rated significantly higher in terms of collaboration and teamwork, in which CL provided significantly higher instructor feedback than TBL, DL and FC, while TBL provided significantly higher peer feedback than CL. Conclusions: Despite the benefits of CL—such as improved student preparedness, increased feedback, and a collaborative learning environment—students from our single institution expressed a stronger preference for TBL and DL. Compared with existing teaching methods, CL incorporates unique characteristics that allow students to create their own study tools with reduced preparation time, strong feedback, and opportunities for collaboration; therefore, CL may be considered a viable alternative educational strategy. However, these findings arise from a student-satisfaction survey conducted at a single site, with a very small sample size and only in reference to one course. As such, the results should be interpreted with caution and may not be generalizable to other settings or disciplines.",scopus,llm,0.910,unreviewed,,doi:10.1186/s12909-026-08640-x
discarded,Secondary school students’ perceptions of the flipped classroom approach in biology learning,Tolera Olana; Ketema Bacha; Abbi Lemma,2026,Discover Education,10.1007/s44217-026-01427-8,https://www.scopus.com/inward/record.uri?partnerID=HzOxMe3b&scp=105035522602&origin=inward,off-topic-false-hit,"This study explores secondary school students’ perceptions of the flipped classroom (FC) model in Biology education, employing a mixed-methods research design to gain both quantitative and qualitative insights. Drawing on theories of constructivism, active learning, self-regulated learning, and technological pedagogy, the research investigates how students engage with video-based instruction and in-class active learning activities. A total of 105 students participated in the survey phase, with 30 students selected for follow-up interviews. Findings reveal that students generally held positive views toward the flipped model, particularly valuing the ability to control the pace of video lectures, revisit content as needed, and engage more actively during class sessions. The flexibility and accessibility of digital tools, such as the Moodle platform, supported independent learning and enhanced motivation. However, challenges were also noted, including limited real-time interaction with teachers during out-of-class learning and occasional technical difficulties. Despite these issues, the majority of students expressed a preference for the flipped approach over traditional instruction and reported increased satisfaction, engagement, and a desire to take additional flipped courses. These findings underscore the importance of well-designed video content and structured in-class activities, as well as the need for stronger support systems to guide students in managing independent learning. The study contributes to the growing body of literature on flipped pedagogy and provides practical implications for its implementation in secondary education settings.",scopus,llm,0.990,unreviewed,,doi:10.1007/s44217-026-01427-8
discarded,Implementing digital-supported team-based learning for large undergraduate cohort in a resource-limited setting: a pilot study developed through an international academic partnership,Neranja Fonseka; Chathura Ratnayake; Vasanthi Pinto; Kosala Marambe,2026,BMC Medical Education,10.1186/s12909-026-09409-y,https://www.scopus.com/inward/record.uri?partnerID=HzOxMe3b&scp=105043488361&origin=inward,adjacent-subtopic,"Background: Growing student numbers and limited teaching resources, especially in low- and middle-income countries (LMICs) such as Sri Lanka, hinder the delivery of interactive, student-centred medical education. Traditional lectures alone do not adequately support clinical reasoning, pointing to the need for active, application-focused methods aligned with technology-shaped learning expectations. Team-based learning (TBL) encourages collaboration and accountability, but can be resource-intensive and is not well-documented in large cohorts in LMIC settings. This study investigates a technology-supported TBL session delivered by a single lecturer, focusing on student perceptions and the mentoring within an international academic partnership. Method: After a faculty development programme with the University of Illinois Chicago introduced staff to TBL principles, a single-session pilot TBL intervention was implemented at the Faculty of Medicine, University of Peradeniya, as a descriptive service evaluation at Kirkpatrick Level 1. An existing lecture for third-year medical students was redesigned as a TBL session using the available infrastructure. In line with TBL principles, 252 students were assigned to 20 balanced teams. Eight abnormal uterine bleeding case scenarios and preparatory materials were provided two weeks in advance. During the session, students completed individual and group readiness assurance tests using Pear Deck for real-time interaction. One lecturer facilitated the discussion and completed it within two hours. Student perceptions were collected using a ten-item Likert-scale questionnaire and free-text comments. Results: Among 252 students, 209 participated (82.9%), and 191 of them completed the survey (91.4%). The median Likert-scale score was 4 or higher for engagement, teamwork, and use of the digital platform. Preparation-related items were scored lower. Free-text responses described the session as interactive, engaging, and helpful for maintaining attention and encouraging reflection. Discussion: This pilot study indicates that a technology-supported TBL session is feasible for a large cohort in a resource-limited setting, with strong reported engagement. Students responded positively, despite varying levels of preparation, and the digital platform was a feasible and acceptable tool for teamwork. Limitations included large team sizes, fixed seating, and the inability to use certain standard TBL tools. Further refinement, faculty development, and curricular integration are considered.",scopus,llm,0.940,unreviewed,,doi:10.1186/s12909-026-09409-y
kept,Perception of case-based collaborative learning in pathology through panel discussion using concept mapping: a quasi-experimental crossover study in phase II MBBS students,Prajna K. Shetty; Madhuri Dindalkoppa; Shivani S. Rao; Ganga S. Pilli; Shubha Sudhakar,2026,BMC Medical Education,10.1186/s12909-025-08334-w,https://www.scopus.com/inward/record.uri?partnerID=HzOxMe3b&scp=105027337003&origin=inward,supports-claim,"Background: Traditional lecture-based teaching in pathology often results in passive learning with limited clinical relevance. The competency-based medical education (CBME) curriculum emphasizes active, integrated learning. To address this, case-based panel discussion with concept mapping (CBPD-CM) was introduced to improve student engagement, conceptual clarity, and application of knowledge. This study aimed to evaluate the impact of case-based panel discussions using concept mapping on learning outcomes in pathology and gathered student and faculty perceptions. Methodology: A quasi experimental crossover study was conducted among 121 Phase II MBBS students. Two pathology topics were delivered via either didactic lectures (DLs) or CBPD-CM, with groups crossing over in the second phase. Knowledge acquisition was assessed through pre- and post-tests using paired t-tests. Student perceptions were collected using a validated Likert-scale questionnaire (Cronbach’s α = 0.8638), and faculty feedback was also obtained. Results: Posttest scores significantly improved in both groups, with CBPD-CM students showing superior performance (p < 0.0001). Over 72% of the students preferred CBPD-CM, highlighting improved concept clarity, active participation, and critical thinking. A total of 83.33% of the faculty also supported its use for promoting engagement, bridging learning gaps with improved time management and also 50% also felt it decreased the faculty workload. Compared with DL, CBPD-CM led to better knowledge retention.Concept mapping helps students to visualize and connect theoretical knowledge with clinical applications. Conclusion: CBPD-CM offers an effective, learner-centered approach in pathology education, enhancing integration, critical thinking, and knowledge retention. Its incorporation into the medical curriculum may strengthen active learning and serve as a model for innovative teaching strategies.",scopus,llm,0.910,unreviewed,,doi:10.1186/s12909-025-08334-w
kept,A novel extended flipped classroom model helps dental undergraduates grow into dentists,Ruikai Ba; Xinran Feng; Lixian Yuan; Juan Tong; Jinghao Ban; Meiling Wu; Bing Han; Xinyue Xu; Xinyu Qiu; Hao Guo; Kun Xuan,2026,BMC Medical Education,10.1186/s12909-025-08525-5,https://www.scopus.com/inward/record.uri?partnerID=HzOxMe3b&scp=105029377455&origin=inward,supports-claim,"Background: The lack of the ability to flexibly and accurately apply theoretical knowledge learned in the classroom to clinical diagnosis and treatment has been one of the biggest barriers preventing dental undergraduates transition into competent dentists. The flipped classroom model and simulation training system supporting self-directed learning have been a significant shift in medical education. Literatures about these topics are abundant, however, there are few practical flipped-classroom models which could help dental undergraduates adapt to the status of dentists quickly. This study proposed a novel extended flipped classroom model (P-I-T-D-S Flipped Classroom Model) assisted by the simulation training system and verified its effectiveness. Methods: The scores of sophomores majored in the Fundamentals of Stomatology at Air Force Medical University participated in the novel extended flipped classroom model and those participated in the traditional lecture model are compared. Moreover, a total of 39 participants (2023 cohort) were stratified and randomly assigned into a pre-class group and a post-class group to explore better flipped classroom model. We descriptively analysed the quantitative data and thematically analysed the qualitative data. Results: The scores of the undergraduates enrolled in the P-I-T-D-S Flipped Classroom Model (2023) are significantly higher than those taught under the Traditional Lecture-Based Model (2022). Notably, the scores in the pre-class group raised significantly higher than those in the post-class group, which might be related to the active learning model. Additionally, the undergraduates in the P-I-T-D-S Flipped Classroom Model showed higher willingness to participate in and satisfaction of the class. Conclusion: The P-I-T-D-S flipped classroom medical education model, through active learning, can effectively stimulate the learning enthusiasm of dental students, thereby improving their learning efficiency of basic dental knowledge and clinical practice ability.",scopus,llm,0.950,unreviewed,,doi:10.1186/s12909-025-08525-5
kept,Changing the landscape of medical anatomy education: impact of flipped classroom pedagogy on learning outcomes and perceptions of medical students in practical gastrointestinal anatomy,Shabnam Mohammadi; Haniye Mastour; Maliheh Dadgar Moghadam; Ali Emadzadeh,2026,BMC Medical Education,10.1186/s12909-026-09522-y,https://www.scopus.com/inward/record.uri?partnerID=HzOxMe3b&scp=105046081399&origin=inward,supports-claim,"Background: Anatomy education faces challenges such as reduced teaching hours and limited cadaver access, emphasizing the need for innovative instructional strategies. The flipped classroom model, which shifts knowledge acquisition to pre-class activities and fosters active learning during class, has shown promise but remains underexplored in practical gastrointestinal anatomy teaching. Methods: This quasi-experimental study involved 63 medical students at Mashhad University of Medical Sciences, Iran, assigned to either a flipped classroom (n = 28) or traditional lecture-based group (n = 35). Knowledge acquisition was assessed through blueprint-based multiple-choice tests, and perceptions of the learning environment were evaluated using the validated Anatomy Education Environment Measurement Inventory (AEEMI). Results: Pretest scores did not differ significantly between groups (p = 0.073). The flipped classroom group demonstrated significantly higher post-test scores than the control group (20.34 ± 3.10 vs. 17.42 ± 3.22, p < 0.001, Cohen’s d = 0.87). AEEMI results showed that the flipped group reported more positive perceptions of resources, effort, and overall learning environment (p < 0.001). Regression analysis identified instructional approach as the strongest predictor of favorable perceptions (β = 0.816, p < 0.001). Conclusions: The flipped classroom approach enhances both learning outcomes and perceptions of the educational environment in gastrointestinal anatomy education. By integrating pre-class preparation with in-class collaborative learning, it fosters deeper understanding and engagement. These findings support integrating flipped pedagogy into anatomy curricula to improve student performance and satisfaction.",scopus,llm,0.990,unreviewed,,doi:10.1186/s12909-026-09522-y
