status,title,authors,year,venue,doi,url,tags,abstract,provider,decision_source,llm_confidence,llm_review_outcome,llm_change_direction,paper_id
discarded,Promoting Student Success in the Flipped Online Classroom: Learning and Accountability Through Homework Strategies,Melisa P. Kaye; Brian K. Kim,2023,Journal of Occupational Therapy Education,10.26681/jote.2023.070110,https://openalex.org/W4385973967,adjacent-subtopic,"As online and hybrid classes have become increasingly more prevalent in higher education, the flipped classroom structure has emerged as a viable, evidence-based, option for healthcare programs. In a flipped classroom, students view pre-recorded video lectures and complete reading assignments before class, and synchronous class time can then be used for active learning activities. Class sessions offer opportunities for group work, review of complex content, and access to instructor assistance with assignments. To effectively implement a flipped classroom approach, students must prepare prior to class time. One method for encouraging student accountability is to assign preparatory homework. This experimental study compared two types of accountability homework on measures of achievement, satisfaction, ease of use, and perceived learning from two types of assignments: concept maps or question-and-answer homework. Study participants included 46 first year occupational therapy students attending an online foundational occupational therapy course. Treatment included weekly completion of either a concept map or a set of three question-and-answer homework assignments over a period of three weeks. Findings suggested that accountability homework assignments of either type were helpful in promoting achievement. Results further revealed that satisfaction and perceived learning were greater in the concept map group as compared to the question-and-answer group. It is recommended that occupational therapy and other allied health instructors use accountability homework to reinforce student learning in the flipped classroom. The use of concept map assignments in particular has the potential to improve schema acquisition, critical thinking, and deep learning, which in turn can support educational success.",openalex,llm,0.950,unreviewed,,doi:10.26681/jote.2023.070110
discarded,Effectiveness of the flipped classroom model on students’ self-reported motivation and learning during the COVID-19 pandemic,José María Campillo Ferrer; Pedro Miralles Martínez,2021,Humanities and Social Sciences Communications,10.1057/s41599-021-00860-4,https://openalex.org/W3186508528,adjacent-subtopic,"Abstract This study investigates the effects of the flipped classroom on Education students’ perceptions of their learning and motivation during the current pandemic. The sample consisted of 179 student teachers from the Faculty of Education of the University of Murcia in the academic year 2020–2021, in which the flipped classroom model was implemented. Identical surveys were administered and examined through both descriptive statistics and non-parametric tests. Statistically significant differences were found between pre-tests and post-tests with experienced students scoring higher on average in the latter. Most students had a positive perception about the flipped classroom, noting the advantage of practical in-class activities, as well as increased self-autonomy in learning.",openalex,llm,0.940,unreviewed,,doi:10.1057/s41599-021-00860-4
kept,The impact of the flipped classroom in a principles of microeconomics course: evidence from a quasi-experiment with two flipped classroom designs,Chiara Lombardini; Minna Lakkala; Hanni Muukkonen,2018,International Review of Economics Education,10.1016/j.iree.2018.01.003,https://openalex.org/W2789630594,supports-claim; qualifies-claim,"Abstract This study uses a quasi-experimental, non-equivalent group design to analyze the outcomes in terms of students’ learning and satisfaction of the redesign of a first-year, principles of microeconomics course from a lecture-based course using active learning techniques in 2013 to a partial flipped classroom in 2014 and a full flipped classroom in 2015. Students perceived a higher degree of achievement of the learning goals in both flipped courses compared to the non-flipped active learning course. Moreover, participating in the partial or full flipped classroom decreased the odds of a D or F grade or of withdraw. However, only the partial flip was associated with overall better learning outcomes in the final exam, while there was no statistically significant difference between the non-flipped active learning course and the full flip. Age was negatively associated with learning outcomes and increased the odds of a D or F grade or of withdraw. Gender had no statistically significant impact on learning outcomes. Students were least satisfied with the full flip and equally satisfied with the non-flipped active learning course and the partial flip. Lower satisfaction appears to be due to increased workload, which students evaluated to be highest in the full flip, as well as to elements of group work design. In the flipped classroom design, the pre-class multiple choice tests on Moodle emerged as a clear favorite in students’ teaching evaluations.",openalex,llm,0.990,unreviewed,,doi:10.1016/j.iree.2018.01.003
discarded,"Nursing students’ experiences, perceptions and behavior in a flipped-classroom anatomy and physiology course",Thomas Raundahl Mikkelsen,2015,Journal of Nursing Education and Practice,10.5430/jnep.v5n10p28,https://openalex.org/W1922233187,adjacent-subtopic,"Objective: The aim of this study was to explore nursing students’ experiences, perceptions and behavior during a course on kidney and urinary system anatomy and physiology designed according to the flipped-classroom approach. In flipped-classroom teaching, students prepare for class by engaging with teacher-produced learning material, typically videos. This frees up time in class, which can instead be spent on various student-centered, active-learning activities. Only very few studies on the use of flipped classroom in nursing education have been published. Methods: Videos and active-learning activities were developed and used in a course with forty-eight first-year, first-semester nursing students at the School of Nursing, Campus Holstebro, VIA University College, Denmark. After completing the course, students were invited to participate in a survey. In addition, students’ use of videos was tracked during the course. Results: Students expressed a very high degree of satisfaction with the eight videos assigned, which they generally watched on the day before class. The videos helped them acquire knowledge and prepare for in-class, active-learning activities. Twenty-six percent of the students believed that the videos were better than face-to-face lectures with regard to learning outcome, 56% felt they were of equal benefit, and only 18% benefited most from face-to-face lectures. Only a small minority (18%) preferred traditional teaching over flipped classroom teaching, 41% preferred flipped classroom and 41% did not prefer one approach over the other. Conclusions: These results demonstrate that the flipped classroom is a valuable teaching approach in nursing education which can result in a high level of both student satisfaction and self-reported learning outcome.",openalex,llm,0.950,unreviewed,,doi:10.5430/jnep.v5n10p28
kept,"Pharmacy Student Engagement, Performance, and Perception in a Flipped Satellite Classroom",Jacqueline E. McLaughlin; LaToya M. Griffin; Denise Ann Esserman; Christopher A. Davidson; Dylan M. Glatt; Mary T. Roth; Nastaran Gharkholonarehe; Russell J. Mumper,2013,American Journal of Pharmaceutical Education,10.5688/ajpe779196,https://openalex.org/W2071255004,supports-claim,"Objective. To determine whether ""flipping"" a traditional basic pharmaceutics course delivered synchronously to 2 satellite campuses would improve student academic performance, engagement, and perception.

Design. In 2012, the basic pharmaceutics course was flipped and delivered to 22 satellite students on 2 different campuses. Twenty-five condensed, recorded course lectures were placed on the course Web site for students to watch prior to class. Scheduled class periods were dedicated to participating in active-learning exercises. Students also completed 2 course projects, 3 midterm examinations, 8 graded quizzes, and a cumulative and comprehensive final examination.

Assessment. Results of a survey administered at the beginning and end of the flipped course in 2012 revealed an increase in students' support for learning content prior to class and using class time for more applied learning (p=0.01) and in the belief that learning key foundational content prior to coming to class greatly enhanced in-class learning (p=0.001). Significantly more students preferred the flipped classroom format after completing the course (89.5%) than before completing the course (34.6%). Course evaluation responses and final examination performance did not differ significantly for 2011 when the course was taught using a traditional format and the 2012 flipped-course format. Qualitative findings suggested that the flipped classroom promoted student empowerment, development, and engagement.

Conclusion. The flipped pharmacy classroom can enhance the quality of satellite students' experiences in a basic pharmaceutics course through thoughtful course design, enriched dialogue, and promotion of learner autonomy.",openalex,llm,0.910,unreviewed,,doi:10.5688/ajpe779196
discarded,How Do Medical Students Prepare for Flipped Classrooms?,Rianne A. M. Bouwmeester; Renske A.M. de Kleijn; Olle ten Cate; Harold V.M. van Rijen; Hendrika E. Westerveld,2015,Medical Science Educator,10.1007/s40670-015-0184-9,https://openalex.org/W2185208449,adjacent-subtopic,"A flipped classroom, an approach abandoning traditional lectures and having students come together to apply acquired knowledge, requires students to come to class well prepared. The nature of this preparation is currently being debated. Watching web lectures as a preparation has typically been recommended, but more recently, a variety of study materials has been considered to serve students personal learning preferences. The aim of this study was to explore in two flipped courses which online study materials stimulate students most to prepare for in-class activities, to find out whether students differ in their use of study materials, and to explore how students use of online study materials relates to their learning strategies. In a basic science and a clinical course, medical students were provided with web lectures, text selections, scientific papers, books, and formative test questions or case studies. Use of these online materials was determined with questionnaires. All students watched web lectures and read text selections to prepare for in-class activities, but students differed in the extent to which they used more challenging materials. Additionally, the use of online study materials was related to students’ learning strategies that involved regulation and monitoring of study effort. Our findings suggest that students have similar learning preferences as they all use the same “basic materials” to prepare for in-class activities. We interpret the preferential use of web lectures and text selections as being regarded as sufficient for active in-class participation. The less intensive use of other study materials may reflect students’ perception of limited study time.",openalex,llm,0.970,unreviewed,,doi:10.1007/s40670-015-0184-9
discarded,Exploring University Students’ Acceptance and Satisfaction of the Flipped Learning Approach in Instructional Technology Related Class,Asma’a Ali Abu Qbeita; Al-Mothana M. Gasaymeh,2025,Education Sciences,10.3390/educsci15091181,https://openalex.org/W4414214261,adjacent-subtopic,"There is increasing interest in integrating various forms of Information and Communication technologies (ICT) into education. Well-established theoretical guidelines should guide the integration of these technologies. A flipped classroom is an example of an educational approach that integrates ICT and is guided by an active learning philosophy. The current study aims to evaluate participants’ acceptance of the flipped learning instructional model using six indicators—perceived usefulness, ease of use, hedonic motivation, attitude, self-efficacy, and educational quality—and to assess overall satisfaction. Additionally, it examines how these factors relate to overall satisfaction with this approach. The study utilized a descriptive cross-sectional research design with an exploratory and correlational orientation. The target population for this study included undergraduate students enrolled in the “Computer Applications in Education” course offered by the College of Education over three consecutive semesters: the second semester of the 2023/2024 academic year and the first and second semesters of 2024/2025. All students in this course experienced the flipped learning model as part of their instructional activities. Out of the 180 students, 137 completed the data collection tool, which was a questionnaire. The results showed that participants’ acceptance of the flipped learning approach was generally positive, ranging from moderate to high across all measured dimensions. The majority reported high levels of hedonic motivation, positive attitudes, perceived educational quality, and ease of use of the flipped learning requirements. Students found the flipped learning experience enjoyable, effective, and manageable. They believed it enhanced their learning and reported moderate self-efficacy and perceived usefulness. While satisfaction with flipped learning was moderate overall, it was strongly associated with enjoyment, positive attitudes, self-efficacy, and perceived educational quality, as evident in the results of the correlation analysis. Regression analysis revealed that these four factors were significantly associated with students’ satisfaction, whereas perceived usefulness and ease of use were not significantly associated when considered alongside other variables. These results suggest that emotional engagement, confidence, and perceived educational value are key contributors to students’ satisfaction with flipped learning.",openalex,llm,0.970,unreviewed,,doi:10.3390/educsci15091181
kept,Exploring the Effectiveness of Flipped Classroom on STEM Student Achievement: A Meta-analysis,Jin Gong; Sanfa Cai; Ming Cheng,2023,Technology Knowledge and Learning,10.1007/s10758-023-09700-7,https://openalex.org/W4388701437,supports-claim; qualifies-claim,"A 'flipped classroom' creates a dynamic and effective learning environment where students learn basic knowledge at home and engage in active learning activities during the class. It has been widely used across different STEM (Science, Technology, Environment, Mathematics) disciplines. However, there is a lack of systematic and quantitative assessments of the effectiveness of the flipped classroom model on student performance. In this study, a meta-analysis was conducted with 53 research articles on the flipped classroom in STEM higher education. It showed an overall significant effect in favor of flipped learning over traditional learning models for STEM education (Hedges' g = 0.263, 95% [0.190, 0.337], Z = 7.03, p < 0.0001), with no evidence of publication bias. Moderator analysis showed that student performance was associated with the implementation strategies of flipped learning and the research control methods. Testing of the moderating factors link activity, pre-class activity, in-class activity, and post-class activity suggests that link activities to gauge home learning at the beginning of class, a mixture of group activities and individual activities during class and setting a combination of quizzes and exercises after class, all serve to improve student achievement in STEM education.",openalex,llm,1.000,unreviewed,,doi:10.1007/s10758-023-09700-7
discarded,The study of an innovative Eéducationnel practice in Greek students: The flipped learning,Rethemiotaki Irene,2024,World Journal of Advanced Engineering Technology and Sciences,10.30574/wjaets.2024.12.2.0275,https://openalex.org/W4400401317,off-topic-false-hit,"The purpose of this paper is to compare the effectiveness of using flipped teaching against traditional teaching, with active learning techniques, in physics and mathematics courses. The study was conducted on 100 middle and high school students who were first subjected to traditional teaching (control group) and then subjected to flipped teaching (experimental group). To check the effectiveness of the two methods, the students were submitted to an assessment test in the lesson taught with the two methods. To test the existence of a statistically significant difference between the performance of the two groups, the independent sample t-test and ANOVA test were used for continuous variables. In addition, multiple logistic regression analysis with Odds Ratios was used to predict student achievement depending on the teaching method used. The results of the study showed that there is no statistically significant difference in the average performance of students with the two teaching methods.",openalex,llm,0.990,unreviewed,,doi:10.30574/wjaets.2024.12.2.0275
kept,Transforming Education: Enhancing Student Performance and Satisfaction through the Flipped Classroom Method,Sija Binoy,2024,American Journal of Education and Technology,10.54536/ajet.v3i1.2121,https://openalex.org/W4391170244,supports-claim,"The flipped classroom, a form of blended learning, has gained popularity in higher education due to its potential to improve student engagement and performance. This approach addresses limitations in traditional teaching methods, such as didactic lectures and passive learning methods, by moving content delivery outside class and utilizing in-person sessions for active learning activities. This study aimed to assess the effectiveness of the flipped classroom as a teaching-learning strategy and to gather students’ opinions of the idea. A second-year undergraduate nursing class (n = 96) was split into two groups, one of which used the flipped classroom technique and the other the conventional approach in a quasi-experimental design. Questionnaires on a Likert scale were utilized to assess students’ opinions of the flipped classroom, and pre-and post-test results were evaluated. A variety of statistical analyses were used to compare mean scores and evaluate the efficacy of the flipped classroom, including paired and independent t-tests. A quasi-experimental study involving a second-year undergraduate nursing class showed a statistically significant improvement in student performance and a positive perception of the flipped classroom approach with P<0.001. The flipped classroom in nursing education allows students to learn at their own pace through pre-class work, with an instructor as a facilitator. This personalized approach uses technology like online platforms and collaborative tools to deliver lectures and facilitate in-class activities, potentially improving student engagement, critical thinking, and clinical reasoning abilities.",openalex,llm,0.930,unreviewed,,doi:10.54536/ajet.v3i1.2121
