status,title,authors,year,venue,doi,url,tags,abstract,provider,decision_source,llm_confidence,llm_review_outcome,llm_change_direction,paper_id
discarded,Flipped Learning in Higher Education for the Development of Intrinsic Motivation: A Systematic Review,Rebeca Kerstin Alonso; Alexander Vélez; Mari Carmen Martínez-Monteagudo; Markel Rico-González,2023,Education Sciences,10.3390/educsci13121226,https://openalex.org/W4389565089,adjacent-subtopic,"Background: Flipped learning (FL) is being considered, in terms of new educational trends, a beneficial pedagogical model in the classroom. In particular, FL and intrinsic motivation (IM) are key components to the model since they can be crucial to a high-quality education. FL for the development of IM in higher education, as well as searches for potential interventions have, thus improved over the past ten years. However, no reviews that analyze the findings and conclusions reached have been published. Consequently, the objectives of this paper were to analyze the relationship between the use of FL and the IM of students in higher education, and to identify the aspects that should be present in FL models to develop the IM that contributes to high-quality education. Methods: in accordance with PRISMA guidelines, a systematic review of PubMed, Web of Science, Scopus, and ProQuest was carried out. Results: Of the 407 studies that were initially discovered, 17 underwent a full examination in which all findings and conclusions were analyzed. After implementation, the majority of the FL interventions improved IM results. Conclusion: many key aspects have been identified that must be followed in order to intrinsically motivate students using the FL methodology.",openalex,llm,0.950,unreviewed,,doi:10.3390/educsci13121226
discarded,Teaching differential diagnosis in primary care using an inverted classroom approach: student satisfaction and gain in skills and knowledge,Stefan Bösner; Julia Pickert; Tina Stibane,2015,BMC Medical Education,10.1186/s12909-015-0346-x,https://openalex.org/W1996074048,adjacent-subtopic,"BACKGROUND: Differential diagnosis is a crucial skill for primary care physicians. General practice plays an increasing important role in undergraduate medical education. Via general practice, students may be presented with an overview of the whole spectrum of differential diagnosis in regard to common symptoms encountered in primary care. This project evaluated the impact of a blended learning program (using the inverted classroom approach) on student satisfaction and development of skills and knowledge. METHODS: An elective seminar in differential diagnosis in primary care, which utilized an inverted classroom design, was offered to students. Evaluation followed a mixed methods design: participants completed a pre- and post-test, a questionnaire, and a focus group discussion. Interviews were transcribed verbatim and answers were grouped according to different themes. Test results were analysed using the Wilcoxon matched-pairs signed-ranks test. RESULTS: Participants (n = 17) rated the course concept very positively. Especially the inverted classroom approach was appreciated by all students, as it allowed for more time during the seminar to concentrate on interactive and practice based learning. Students (n = 16) showed a post-test significant overall gain in skills and knowledge of 33%. CONCLUSIONS: This study showed a positive effect of the inverted classroom approach on students' satisfaction and skills and knowledge. Further research is necessary in order to explore the potentials of this approach, especially the impact on development of clinical skills.",openalex,llm,0.760,unreviewed,,doi:10.1186/s12909-015-0346-x
kept,A review of flipped learning in innovative math education,Naufal Ishartono; Siti Hajar Halili; Rafiza Abdul Razak,2023,International Journal of Evaluation and Research in Education (IJERE),10.11591/ijere.v12i4.25842,https://openalex.org/W4388030717,qualifies-claim,"Many systematic reviews have examined flipped learning models in various fields. However, there is little research on the use of the flipped learning model in mathematics education, which could help researchers and practitioners use and develop a model to implement mathematics learning processes. To fill this gap, this study aimed to analyze and synthesize current knowledge and practices in the implementation of flipped learning in mathematics education. Systematic literature review was adopted as the research method following an article selection and screening process using the preferred reporting items for systematic review and meta-analysis (PRISMA) protocol. Articles published from 2012 to 2021 in some reputable databases (Web of Science, Scopus, and ERIC) were reviewed, and 17 of 137 articles were included for detailed analysis and synthesis. The findings of this study showed that research in the implementation of the flipped learning model in mathematics education focused on documenting the affectivity of the implementation of the flipped learning model, developing learning processes, and sharing preliminary findings and student feedback. Future research is highly recommended to examine different aspects of flipped learning implementation, promote longitudinal data based on multi-year research for implementing flipped learning, and review various learning media to strengthen students’ understanding of mathematics.",openalex,llm,0.790,unreviewed,,doi:10.11591/ijere.v12i4.25842
discarded,Factors affecting students’ perception of flipped learning over time in a teacher training program,Icíar Pablo-Lerchundi; María Cristina Núñez Del Rio; Ana Jiménez-Rivero; Susana Sastre-Merino; Alexandra Míguez-Souto; José Luis Martín Núñez,2023,Heliyon,10.1016/j.heliyon.2023.e21318,https://openalex.org/W4388011724,adjacent-subtopic,"The flipped learning methodology could play a key role in teacher training, as it exposes future teachers to experience this active methodology as students. With the purpose of shedding light on how students' perceptions may vary over time and how they can be related to the improvement of the flipped learning methodology, our study explores different factors in an eight-year period. Specifically, we analyse teaching performance considering data on students' perceptions from the 2015-2016 academic year to 2022-2023 of a course embedded within a master s degree in teacher training in Spain. Once future teachers had experienced flipped learning as students, a sample of 338 completed a survey regarding their perceptions of the flipped classroom approach and the instructor role. In our study, the more experienced the instructor, the better perception the students showed on both the flipped learning methodology and the performance of their teacher. In particular, we found that future teachers had (i) a good or very good opinion about flipped learning, regardless of their gender (ii) a more positive perception about flipped learning, teaching performance and course development in the last five academic years, (iii) no remarkable differences between study specialisations in those last academic years, and (iv) a better opinion about the flipped learning model when they have best grades. We discuss our findings according to six factors that affect the flipped learning experience and, thus, students' perception of flipped learning over time: ""student characteristics"", ""teacher characteristics"", ""implementation"", ""task characteristics"", ""out-of-class activities"" and ""in-class activities""-factors already unveiled by a recent state-of-the-art review to enhance the effectiveness of flipped classroom. We can conclude that the instructor's teaching experience is a key factor that affects the implementation of flipped learning, influencing students' perception and, consequently, the success of this active methodology.",openalex,llm,0.900,unreviewed,,doi:10.1016/j.heliyon.2023.e21318
discarded,Investigating the effectiveness of flipped learning on enhancing students’ English language skills,Hadeel Abu Safiyeh; Mohammed Farrah,2020,English Review Journal of English Education,10.25134/erjee.v9i1.3799,https://openalex.org/W4318071299,adjacent-subtopic,"This study aimed at investigating the effectiveness of utilizing flipped classrooms on seventh graders' English language skills (reading comprehension, writing, listening, and speaking) and areas (grammar and vocabulary) at Farahat Secondary Girls' School. The researchers chose two 7th classes for the study, and then the flipped learning was implemented with the experimental group, while the control group had traditional learning. According to data collection, the researchers used a pretest and a posttest to measure the students' achievements after 9 weeks of flipping the classrooms, which were executed on 36 female students. Then, a semi-structured interview was conducted to draw a clear picture of flipped learning. The major findings of the study revealed that there were significant differences in English language skills and areas between both groups. The experimental group achieved higher scores than the control one, and the most prominent improved skills are listening, speaking, and communication.",openalex,llm,0.990,unreviewed,,doi:10.25134/erjee.v9i1.3799
discarded,ƂUIUɹɐƎL PƎDDILɟ (FLIPPED LEARNING),Selma Durak Üğüten; Özgül Balcı,2017,DergiPark (Istanbul University),,https://openalex.org/W2898262330,adjacent-subtopic,"With the advent of improvements in technology, there has been a change in the methods used to teach and learn a foreign language. Flipping a classroom is one of the recent methods which requires teachers’ recording the lesson and students’ watching the recordings before coming to the classroom in order to spend the class time with the activities. As teachers do not deliver the lecture in the class, more time can be allocated to active learning activities. To shed light on this topic, this study, which was carried out in literature review model, gives detailed information about the definition of flipped classroom, its advantages and disadvantages, how to implement it and studies conducted to determine its effectiveness in EFL (English as a Foreign language) classes.",openalex,llm,0.840,unreviewed,,hash:0628c142248d58bd
discarded,The Influence of Flipped Learning Methods on High School Learners’ Biology Attainment and Social Intelligence in Kuwait,Ali Ebrahim; Salwa A Ben Naji,2021,Eurasia Journal of Mathematics Science and Technology Education,10.29333/ejmste/10997,https://openalex.org/W3173162171,adjacent-subtopic,"The present study aims to discuss the influence of the flipped learning method (FLM)—on high school biology learners to improve the results of their biology attainment tests along with their use of social interactions while learning. By applying quasi-experimental study, 37 female high school biology learners in 2 intact grade 10 classes in Kuwait were selected as the study objects. A class was randomly chosen as the experimental group and another class as the control group. The students in the experimental group applied flipped learning strategy while the control group applied the traditional direct method. The teaching experiment for both classes lasted for 5 weeks (10 sessions). Using an attainment test administered by the teacher as a pretest and a post-test, the attainment of the biology students was measured. The researchers also conducted a survey to examine their social intelligence and it was given along with the pretest and the post-test. The breakdown of the attainment test results showed that flipped learning methods actually have (p > .05) more positive influence on the students’ attainment than the direct methods. The learners under the flipped teaching methods outperformed the learners under the direct methods on their attainment learning. However, as for the results of their social intelligence, the ANCOVA test revealed a non-significant difference between the two classes whether they were under the influence of flipped learning methods or the direct teaching methods due to some reasons mentioned later in this paper. Still, flipped learning method effect on the student’ learning attainment led to positive results and would lead other teachers to implement FLM in Kuwaiti classrooms. The researchers also suggest that the College of Education at Kuwait University train pre-service teachers to apply modern teaching strategies, such as FLM. This paper presents an important topic. It summaries primary literature concerning flipped classrooms compared to direct teaching methods, discusses limitations of both methods, clarifies benefits of flipped learning methods, and offers recommendations for teachers to implement flipped learning methods.",openalex,llm,0.990,unreviewed,,doi:10.29333/ejmste/10997
kept,Four Pedagogical Dimensions for Understanding Flipped Classroom Practices in Higher Education: A Systematic Review,Joyce Hwee Ling Koh,2019,Educational Sciences Theory & Practice,10.12738/estp.2019.4.002,https://openalex.org/W2994647141,supports-claim; qualifies-claim,"Despite being widely adopted in higher education to support student-centred learning, the pedagogical design of flipped classrooms has been criticised as lacking in theoretical framing. This study proposes that the pedagogical dimensions of personalisation, higher-order thinking, self-direction, and collaboration can be used as theoretical lenses to deconstruct how flipped classroom practices support student-centred learning. Through a systematic review of 56 cases from 51 studies of flipped learning implementation published in peer-reviewed articles, this study found that flipped classrooms personalise learning through resource and teacher access, develops higher-order thinking through problemsolving, and engages students in collaborative learning through both peer groups and design groups. Trends of positive student learning outcomes are more consistent among cases that support collaborative learning and student selfdirection of learning performance review by repeated application and remediation. Nevertheless, majority of the cases reflect students having limited personalisation of learning choice and structured collaborative processes are seldom used apart from the few cases implementing team-based learning. The theoretical applications of the four pedagogical dimensions as well as the implications for the future research and practice of flipped classrooms are discussed.",openalex,llm,0.970,unreviewed,,doi:10.12738/estp.2019.4.002
discarded,FLIPPED LEARNING ACTIVITES FOR AN INTRODUCTION TO JAVA COURSE,,2017,Issues in Information Systems,10.48009/3_iis_2017_29-39,https://openalex.org/W4256516269,adjacent-subtopic,Flipped learning approach becomes popular in higher education.Many studies have focused on discovering benefits of the flipped learning but fell short on demonstrating the design of flipped learning.Computer programming classes are perfect match for the flipped learning approach.This paper presents a series of detailed flipped learning activities of the nested if statement for an introduction to Java class to first demonstrate the structure of a flipped classroom and to lay the foundation of future research.,openalex,llm,0.990,unreviewed,,doi:10.48009/3_iis_2017_29-39
discarded,Global Evidence on Flipped Learning in Higher Education,Mariana-Daniela González-Zamar; Emilio Abad‐Segura,2022,Education Sciences,10.3390/educsci12080515,https://openalex.org/W4288068258,adjacent-subtopic,"The teaching dynamic has positioned flipped learning as a pedagogical model, a methodology that helps teachers prioritize active learning during class time by assigning students reading materials and presentations to view at home or outside of class. The objective was to determine the original stages, expansion and current situation of the flipped learning methodology. A bibliometric analysis of 654 documents was carried out. The results reveal that scientific productivity follows an increasing linear trend, with the main categories being Social Sciences and Computer Science. The lines of research developed in this period related to learning, online learning, teaching, distance education, higher education and educational innovation were identified. It was found that the research topic has a growing and dynamic interest in scientific activity at the international level. The analysis documented a rapidly growing knowledge base, primarily written by scholars located in developed societies. This study supposes an analysis of the scientific production and of the actors who stimulate the investigation, as well as the identification of the lines of investigation.",openalex,llm,0.980,unreviewed,,doi:10.3390/educsci12080515
kept,The effects of flipped classrooms on undergraduate pharmaceutical marketing learning: A clustered randomized controlled study,Yuan Ming He; Jun Lu; Huaxing Huang; Shutong He; Nina Ma; Zimo Sha; Yanjun Sun; Xin Li,2019,PLoS ONE,10.1371/journal.pone.0214624,https://openalex.org/W2938204690,supports-claim,"BACKGROUND: Recently, flipped classrooms (FCs) have gradually been used in Chinese higher education settings. However, few studies have focused on the effects of FCs on interdisciplinary curricula. The purpose of this study was to examine the impact of an FC on the engagement, performance, and perceptions of students and on teacher-student interaction in a pharmaceutical marketing course. DESIGN: A clustered randomized controlled study was conducted, with 137 junior-year pharmacy undergraduates using an FC serving as the intervention group, in contrast to students using lecture-based learning (LBL) as the control group. Flanders' interaction analysis system (FIAS) was used to measure teacher-student interaction, and questionnaires regarding attitudes toward and satisfaction with the teaching model were administered. RESULTS: The students in the FC group scored significantly higher than those in the LBL group (88.21±5.95 vs. 80.05±5.59, t = -8.08, p = 0.000) on pharmaceutical marketing. The multiple linear regression results showed that the FC model had a significant impact on student performance (β = 8.16, p<0.0001). The percentages of teacher talk in the FC and LBL groups were 21% and 96%, respectively (χ2 = 2170.274, p = 0.000); however, the percentages of student talk in the FC and LBL groups were 75% and 2.6%, respectively (χ2 = 2012.483, p = 0.000). Compared with the LBL group, most students in the FC group held more positive attitudes toward the teaching model; the mean scores for the 8 attitude attributes in the FC group were significantly higher than those in the LBL group (p = 0.000). There were significant differences in the ratings of satisfaction with teacher-student interaction (p = 0.000), the students' learning attitude (p = 0.000), the teacher's preparatory work (p = 0.000), the teaching objective (p = 0.000), and the teaching effect (p = 0.000) between the two groups. CONCLUSION: Compared with LBL methods, implementing the FC model improved student performance, increased teacher-student interaction and generated positive student attitudes toward the experience. As an effective pedagogical model, it can also stimulate pharmacy students' learning interest and improve their self-learning abilities.",openalex,llm,1.000,unreviewed,,doi:10.1371/journal.pone.0214624
discarded,A critical review of flipped classroom challenges in K-12 education: possible solutions and recommendations for future research,Chung Kwan Lo; Khe Foon Hew,2017,Research and Practice in Technology Enhanced Learning,10.1186/s41039-016-0044-2,https://openalex.org/W2568795275,adjacent-subtopic,"An increasing number of teachers are using flipped classroom approach in their teaching. This instructional approach combines video-based learning outside the classroom and interactive group learning activities inside the classroom. The purpose of the present review is to provide an overview of flipped classroom studies in K-12 education. Particularly, we put emphasis on revealing and addressing the potential challenges of flipped classroom approach. Fifteen journal publications of K-12 flipped classrooms were analyzed in terms of their flipped learning activities, student achievement, student attitude, and challenges encountered. The results suggested that a variety of pre-class (e.g., online exercises) and in-class (e.g., brief review, individual practices) activities were provided in addition to instructional videos and small-group activities respectively. The use of flipped classroom approach in K-12 education yielded a neutral or positive impact on student achievement when compared to traditional classroom. Mixed results of student attitude toward flipped classroom approach were discovered. Challenges of implementing flipped classrooms were identified and categorized into student-related challenges, faculty challenges, and operational challenges. Based on the suggestions of previous studies together with relevant empirical supports, we propose a rudimentary flipped classroom model and a set of 10 guidelines to address these challenges. Finally, several recommendations of future research are provided.",openalex,llm,0.980,unreviewed,,doi:10.1186/s41039-016-0044-2
