status,title,authors,year,venue,doi,url,tags,abstract,provider,decision_source,llm_confidence,llm_review_outcome,llm_change_direction,paper_id
kept,Student Perceptions of Flipped Learning in STEM Courses,"Gopalan, Chaya; Selvam, Athavan Alias Anand; Blake, Charlie; Locke, Sharon; Fickas, Julie",2026,ACTIVE LEARNING IN HIGHER EDUCATION,10.1177/14697874261457090,https://www.webofscience.com/wos/woscc/full-record/WOS:001804904100001,qualifies-claim,"This study examined student perspectives on flipped learning (FL), a pedagogy that shifts lectures outside the classroom to promote active, hands-on engagement during class. Twenty-four Science, Technology, Engineering, and Mathematics (STEM) faculty members from a 4-year university and a 2-year community college implemented FL after receiving professional development. The research employed a longitudinal quasi-experimental design, tracking the implementation of FL over a 4-year period. A sample of 1,466 students enrolled in these flipped courses provided feedback via end-of-course surveys. Survey data were analyzed using ordinal logistic regression to assess the impact of gender, race/ethnicity, institution type, and academic level on FL perceptions. Results revealed variations across demographics: male respondents expressed higher confidence, whereas nonbinary students strongly endorsed FL across metrics. Female students admitted having higher engagement and favorable classroom environments. The highest levels of positive perception were observed among Asian students, and non-White and senior-level (fourth-year) students reported stronger agreement on FL benefits. Perceptions were more favorable in the 2-year institution, highlighting FL's unique impact in this environment. Overall, FL was positively associated with increased engagement and confidence across diverse student groups, suggesting that the model is a vital, resilient, and inclusive framework for STEM education.",wos,llm,0.790,unreviewed,,doi:10.1177/14697874261457090
discarded,Evaluating the Impact of Active Learning Modes (iClickers vs. Worksheets) on Student Engagement in a CS2 Course,"Dang, Han L. G.; Kensey, Levell S.; Reckinger, Scott J.; Hodges, Mark R.",2026,"PROCEEDINGS OF THE 57TH ACM TECHNICAL SYMPOSIUM ON COMPUTER SCIENCE EDUCATION V.2, SIGCSE TS 2026",10.1145/3770761.3777311,https://www.webofscience.com/wos/woscc/full-record/WOS:001780599900034,adjacent-subtopic,"For many computer science learners, active learning represents a critical pathway for productive engagement and sustained achievement. However, limited research examines how students perceive and evaluate specific active learning formats, particularly in programming intensive CS2 courses. This poster presents an experience report on a classroom intervention study of the impact of two active learning modes, iClickers vs. worksheets, on student engagement in a CS2 course, as part of broader research on active learning methods in post-secondary CS education. The Fall 2025 pilot study, conducted in a course that bridges introductory program design to lower-level languages (e.g. C), explores student perceptions, preferences, and experiences with the two active learning strategies. Over seven weeks, students enrolled in two lecture sections engage with both modalities using a crossover repeated measures design. Data are collected via post-session surveys, checkpoint surveys, and a summative assessment to examine the relationship between perceptions and performance. The study investigates which modality, individually or in combination, best supports engagement and learning, with findings expected to inform evidence-based recommendations for integrating active learning practices in programming-intensive courses, especially in an era of ubiquitous electronic devices that may potentially cause distractions within learning environments.",wos,llm,0.960,unreviewed,,doi:10.1145/3770761.3777311
discarded,Charting a New Course: Encouraging Programming Class Participation and Interest Through Multimedia and Flipped Classroom Activities,"Nikolov, Ivan",2025,"METHODOLOGIES AND INTELLIGENT SYSTEMS FOR TECHNOLOGY ENHANCED LEARNING, WORKSHOPS - 14TH INTERNATIONAL CONFERENCE",10.1007/978-3-031-85561-0_19,https://www.webofscience.com/wos/woscc/full-record/WOS:001775912100019,adjacent-subtopic,"The integration of new technologies and evolving learning preferences necessitates a reevaluation of teaching methods in higher education. Beyond traditional lectures and textbooks, students now seek increased engagement and interactive learning experiences. This shift is particularly crucial in engineering and computer programming courses. In this paper, we showcase the development of three project-based learning courses across different semesters in Aalborg University's Medialogy education. These courses were strategically redesigned to leverage multimedia materials and embrace flipped classroom learning, aiming to enhance class participation and overall student engagement. We provide an overview of the advantages and challenges associated with these teaching designs, present initial results indicating improved student engagement, and discuss potential pitfalls and future directions to fortify this approach.",wos,llm,0.920,unreviewed,,doi:10.1007/978-3-031-85561-0_19
kept,Flipped classroom integrated with team-based learning enhances surgical skills in ophthalmology residency training: a randomized controlled trial,"Wang, Zhuoqiong; Xu, Ji; Hu, Xinxin; Ren, Weina; Xin, Shuanghua; Zhao, Na; Ye, Luyao; Lu, Qinkang; Zhang, Juntao",2026,FRONTIERS IN MEDICINE,10.3389/fmed.2026.1859841,https://www.webofscience.com/wos/woscc/full-record/WOS:001796217900001,supports-claim,"Background: Standardized ophthalmology residency training emphasizes competency-based education, with fine surgical skills representing a key challenge. However, the current traditional lecture-based teaching program has a long learning curve due to insufficient active participation and practice time. The flipped classroom combined with team-based learning (TBL) may address this gap. Therefore, this study aimed to evaluate the application value of this novel teaching method in surgical skills training for ophthalmology residents. Methods: Twenty residents who underwent standardized ophthalmology training at the Affiliated People's Hospital of Ningbo University from January 2026 to March 2026 were enrolled and randomly divided into an experimental group (n = 10) and a control group (n = 10). The experimental group received flipped classroom combined with TBL, while the control group received traditional lecture-based teaching. Training was conducted in a wet lab. Theoretical examinations were administered before and after training, practical skill assessments were conducted after training, and a teaching satisfaction questionnaire was administered. Results: There were no significant differences in pre-training theoretical scores between the two groups (p > 0.05). After training, the theoretical performance of the experimental group was significantly higher than that of the control group (p < 0.05, Cohen's d = 0.95). In the post-training skill assessment, the operation process score (p < 0.001, Cohen's d = 4.43) and total score (p < 0.001, d = 5.29) of the experimental group were significantly better than those of the control group. In other four modules of pre-operation preparation, post-operation processing, operation proficiency, and question answering, the experimental group was also better than the control group (p < 0.05). The questionnaire survey showed that the satisfaction level of the experimental group in the three dimensions of ""improvement of operational ability"", ""enthusiasm of teachers"" and ""overall self-evaluation"" was higher than that of the control group (p < 0.05). There was no significant difference between the two groups in the remaining dimensions (p > 0.05). Conclusions: This study confirms that the flipped classroom combined with TBL teaching method can significantly improve the performance of ophthalmic residency skills training, and its teaching effect is significantly better than that of the traditional model. It is an innovative teaching mode with high application value in ophthalmology surgical skills training.",wos,llm,0.980,unreviewed,,doi:10.3389/fmed.2026.1859841
discarded,Factors Shaping Learning Enthusiasm of the Medical Students: A Comparative Study of Eight-Year and Five-Year Programs,"Kang, Jin; Duan, Bin; Wang, Zhao; Len, Wenjie; Peng, Lele; Tu, Chao; Hu, Zhaolan",2026,ADVANCES IN MEDICAL EDUCATION AND PRACTICE,10.2147/AMEP.S562230,https://www.webofscience.com/wos/woscc/full-record/WOS:001769843400001,off-topic-false-hit,"Background: Understanding the drivers of medical students' learning enthusiasm is crucial amid concerns about the physician workforce. This study compares China's five-year and eight-year medical programs, focusing on curriculum design and the effectiveness of assignments. Objective: To compare learning enthusiasm between the two programs and analyze how assignment design and curriculum influence active learning and critical thinking. Methods: A cross-sectional study surveyed 504 medical students (98 eight-year, 406 five-year) using the Self-Assessment Scale for Active Learning and Critical Thinking (SSACT). Results: Significant differences emerged between five-year and eight-year students in geographical origin (chi 2 = 22.11, P < 0.001, Cramer's V = 0.209) and program preference (chi 2 = 67.26, P < 0.001, Cramer's V = 0.366). Eight-year students were more often from provincial capitals (39.80% vs 17.98%) and had chosen their program as a first preference (88.78% vs 68.23%), with stronger clinical career commitment (57.14% vs 36.45%). Lecture engagement was higher in the eight-year cohort. The assignment evaluation showed that both groups invested more than 5 hours per week. Review writing showed differences between the two groups (chi 2 = 22.49, P < 0.001, Cramer's V = 0.212), but eight-year students found it more meaningful (49.49% vs 28.07%). Using the reliable SSACT (Cronbach's alpha = 0.892), eight-year students scored higher in active learning (managing study, P = 0.037; summarizing discussions, P = 0.025) and critical thinking (formulating questions, P = 0.034; generating solutions, P = 0.014; connecting knowledge, P = 0.018; developing hypotheses, P = 0.004). Conclusion: Assignment overload and limited self-study time in the current model may undermine critical thinking and active learning. Reforms should balance task quality with volume to better support educational goals.",wos,llm,0.960,unreviewed,,doi:10.2147/amep.s562230
discarded,Palliative Care or Hospice? Flipping the Classroom for 1st Year Pre-clinical Medical Students With Interactive Online Content,"Vergo, Maxwell; Wang, Charles; Myers, Lawrence",2026,AMERICAN JOURNAL OF HOSPICE & PALLIATIVE MEDICINE,10.1177/10499091261453373,https://www.webofscience.com/wos/woscc/full-record/WOS:001767949500001,adjacent-subtopic,"Background: Although palliative care competencies appear on USMLE examinations, pre-clinical curricula devote minimal time to end-of-life education. Traditional lectures cannot cover foundational knowledge and clinical application in a single hour. A flipped classroom approach-where students learn core content before class, and use face-to-face time for application-offers a solution. We redesigned a one-hour Introduction to Palliative Care session using this model. Approach: We created a 30-minute interactive online module in Articulate 360 (TM) for first year students covering palliative care definitions, eligibility criteria, and care settings. The module incorporated matching, sorting, multiple-choice questions with feedback, process maps, and flashcards. In-class time was restructured to small group case discussions distinguishing primary palliative care, specialty palliative care, and hospice. Students received the module one week before class and were reminded that material could appear on examinations. Evaluation: Through a quasi-experimental, retrospective cohort study using a pre-post design, we compared examination performance and student perceptions across four academic years (2020-2024, N = 371). Correct responses on a palliative care examination question improved from 57% (2020-2021, virtual lecture) to 66%, 67%, and 80% in subsequent years with the flipped intervention. The pre-work engaged students in learning (79-89% agreement), enabled focus on advanced topics during class (73-77% agreement), and was described as interactive and helpful in teacher evaluations. Implications: The flipped classroom successfully transformed a content-heavy lecture into interactive learning and is transferrable to other institutions. The results are only suggestive of an impact on knowledge-based outcomes. Resources are freely available from the corresponding author.",wos,llm,0.880,unreviewed,,doi:10.1177/10499091261453373
kept,Traditional lectures versus flipped classroom in manual therapy education: a cross-sectional study of student engagement and learning perceptions,"Perez-Guillen, Silvia; Carrasco-Uribarren, Andoni; Rodriguez-Rubio, Pere R.; Ceballos-Laita, Luis; Jimenez-del Barrio, Sandra; Serra-Llobet, Pol; Pantaleon-Hernandez, Daniel; Cabanillas-Barea, Sara",2026,JOURNAL OF MANUAL & MANIPULATIVE THERAPY,10.1080/10669817.2026.2670530,https://www.webofscience.com/wos/woscc/full-record/WOS:001762832000001,qualifies-claim,"Objective: To compare manual therapy students' preferences for traditional classes versus the Flipped Classroom, and to examine their effects on learning perception and behavioral, cognitive, and emotional engagement. Methods: A within-subject educational intervention study was conducted with undergraduate physiotherapy students enrolled in a Manual Therapy course during the 2022-2023 academic year. The course comprised eight face-to-face sessions, four delivered using a traditional lecture-based approach and four using the Flipped Classroom methodology. Students' engagement (behavioral, cognitive, and emotional dimensions), preferences between teaching models, and perceptions of educational quality were assessed using validated questionnaires. Within-subject comparisons between traditional and Flipped Classroom models were performed. Results: Forty-two students were included in the analysis. Students showed high levels of engagement across all three dimensions, with mean scores above 4.5 on a 5-point Likert scale. A significant preference for the Flipped Classroom model over the traditional model was observed (mean +/- SD: 4.4 +/- 1.1 vs. 2.8 +/- 1.4; p < 0.05), with 88.1% of students agreeing or strongly agreeing that their performance was better when learning through the FC approach. Students also reported positive perceptions of educational quality, particularly regarding teaching effectiveness, clarity of objectives, and integration of online and face-to-face learning. Conclusion: The Flipped Classroom methodology was associated with high levels of student engagement and positive perceptions of educational quality in manual therapy education. These findings support the use of Flipped Classroom as a promising learner-centered approach in physiotherapy training, particularly for subjects requiring extensive hands-on practice.",wos,llm,0.960,unreviewed,,doi:10.1080/10669817.2026.2670530
kept,Enhancing Statistical Thinking in Higher Education Through Pedagogically Designed Use of Interactive Whiteboards,"Yavich, Roman",2026,EDUCATION SCIENCES,10.3390/educsci16040636,https://www.webofscience.com/wos/woscc/full-record/WOS:001749523000001,supports-claim,"Although interactive technologies such as interactive whiteboards are increasingly used in higher education, empirical evidence regarding their pedagogical role in statistics education remains limited. Existing studies often focus on technology adoption rather than instructional design. This study examines the effectiveness of interactive whiteboards when embedded within a pedagogically designed instructional framework aimed at supporting statistical thinking. A mixed-methods, quasi-experimental design with pre- and post-test measures (N = 126) was employed to compare learning outcomes and student perceptions in an introductory university statistics course taught either through traditional lectures or through an interactive approach emphasizing dynamic visualization, collective interpretation, and formative feedback. Mediation was tested using bootstrapped indirect effects and complemented by qualitative thematic analysis. Students in the interactive condition demonstrated significantly greater gains in statistical reasoning (Cohen's d = 0.94, 95% CI [0.57, 1.31]), particularly in tasks involving data interpretation and reasoning about variability. Mediation analysis indicated that two student self-report measures-perceived clarity of instruction and formative feedback quality-together accounted for 63% of the total effect. The interactive format was especially beneficial for students with lower prior knowledge, reducing achievement gaps by 34%. These findings are consistent with the view that interactive technologies support conceptual learning most effectively when embedded in deliberate pedagogical designs promoting visualization, collective reasoning, and real-time feedback, highlighting the central role of instructional design over technological presence.",wos,llm,0.960,unreviewed,,doi:10.3390/educsci16040636
discarded,premier cycle dans un projet de vidéos YouTube en cours magistral : un exemple d'approche empirique,"Born, Pauline; Duguet, Amelie",2026,INTERNATIONAL JOURNAL OF TECHNOLOGIES IN HIGHER EDUCATION,10.18162/ritpu-2026-v23n1-02,https://www.webofscience.com/wos/woscc/full-record/WOS:001745907500002,adjacent-subtopic,"This research explores the impact of a YouTube video creation project on undergraduate students' engagement in lectures. Rooted in the literature on active learning, the use of video, and student engagement, the article presents an exploratory study using a questionnaire completed by 92 students to measure their perceptions, satisfaction, and behavioural, emotional, and cognitive engagement. The results show that the video project fosters significant behavioural and emotional engagement and is perceived in a positive light by students, who see it, in particular, as a way of playing an active role in their own learning.",wos,llm,0.940,unreviewed,,doi:10.18162/ritpu-2026-v23n1-02
discarded,Comparison of the effects of online escape room games and case-based learning on critical thinking among nursing students: A randomized controlled trial,Trung V. Nguyen; Chien Lin Kuo; Shu Yu Kuo; Sophia H. Hu; Yen Kuang Lin; Yeu Hui Chuang,2027,Nurse Education Today,10.1016/j.nedt.2026.107414,https://www.scopus.com/inward/record.uri?partnerID=HzOxMe3b&scp=105050495526&origin=inward,adjacent-subtopic,"Background: Case-based learning (CBL) and online escape room games (ERGs) are two active learning strategies that cultivate critical thinking. Case-based learning promotes analytical reasoning through structured scenarios and guided discussions, whereas escape room games employ gamified challenges to enhance engagement and problem-solving. Although both methods are gaining popularity, they are based on different pedagogical principles. To inform evidence-based instructional decisions, we compared the effects of CBL and online ERGs in this study on nursing students' critical thinking disposition, critical thinking skills, critical care nursing knowledge, learning motivation, and learning satisfaction. Setting: A university in Vietnam. Participants: Seventy-two senior nursing students were randomly assigned to an intervention group (ERGs; n = 36) or a comparison group (CBL; n = 36). Methods: This was a two-arm randomized controlled trial. The intervention group participated in online ERGs following each of six weekly lectures, while the comparison group engaged in case-based discussions. Data were collected at the baseline, immediately after the intervention (T1), and 1 month later (T2). Students' critical-thinking disposition and skills, critical care knowledge, learning motivation, learning satisfaction, and perceptions of the escape room experience were assessed. Results: Critical thinking skills improved in both groups at T1, while critical thinking disposition showed no significant change at either T1 or T2. No significant between-group differences were found in changes in critical thinking skills over time. Both groups demonstrated improvements in critical care knowledge, with no significant differences between them. Similarly, no significant between-group differences were found in learning motivation or learning satisfaction. Conclusions: Online ERGs and CBL were both associated with improvements in nursing students' critical thinking skills, knowledge, and learning motivation, with no statistically significant between-group differences observed over time. Both approaches can serve as useful instructional strategies in nursing education, and educators can consider selecting either approach based on instructional goals and available resources. Registration: The study was registered at ClinicalTrials.gov (ID: NCT05999305).",scopus,llm,0.980,unreviewed,,doi:10.1016/j.nedt.2026.107414
