status,title,authors,year,venue,doi,url,tags,abstract,provider,decision_source,llm_confidence,llm_review_outcome,llm_change_direction,paper_id
discarded,Design and Assessment of a Hybrid Teaching Model for Teaching Internet of Things Hardware Technology,J. Li,2026,International Journal of Engineering Education,,https://www.scopus.com/inward/record.uri?partnerID=HzOxMe3b&scp=105046897970&origin=inward,adjacent-subtopic,,scopus,llm,0.620,unreviewed,,hash:4523f7e89e7c92a0
discarded,Analysis of the Features Shaping Students’ Thinking to Enhance the Educational Process,A. Motukeeva,2026,Higher Education for the Future,10.1177/23476311251372249,https://www.scopus.com/inward/record.uri?partnerID=HzOxMe3b&scp=105016244924&origin=inward,adjacent-subtopic,"The aim of this article is to examine educational technologies that positively influence the development of critical and creative thinking among students in higher education institutions. The study explores the potential of using modern digital tools to enhance students’ cognitive skills and foster a new approach to learning focused on practical tasks and innovative methods. The methodology involved an experiment conducted with 60 fourth-year students at Kyrgyz State University named after I. Arabaev. The experiment employed pedagogical technologies, including the flipped classroom model, the Case method and artificial intelligence (AI) tools. These approaches enabled students to actively engage with the material, develop cognitive abilities, and deepen their understanding of the educational process. The study’s primary findings indicate that the use of educational robots significantly enhances students’ levels of critical and creative thinking. During the experiment, students who worked with robots demonstrated superior performance in areas such as solving complex problems, improving programming skills and developing algorithmic thinking. The increased effectiveness of the educational process is attributed to the interactive and practice-oriented nature of robotics, which enables students to not only acquire theoretical knowledge but also apply it in practical contexts. Furthermore, participation in such processes fosters the development of additional skills, including teamwork, rapid decision-making and adaptability to changing conditions. A notable feature of using digital technologies in education is the substantial motivation they inspire in students. This is evidenced by their heightened activity, greater engagement with the subject, and improved performance in task completion, which collectively contribute to better assimilation of the material. The results of the study confirm that integrating educational robots into the learning process can significantly enhance the development of critical and creative thinking among students.",scopus,llm,0.880,unreviewed,,doi:10.1177/23476311251372249
discarded,Developing UCD Competence Through HCI: A Student Experience Perspective,L. Hakobyan,2026,Lecture Notes in Computer Science,10.1007/978-3-032-29596-5_29,https://www.scopus.com/inward/record.uri?partnerID=HzOxMe3b&scp=105045512149&origin=inward,off-topic-false-hit,,scopus,llm,0.940,unreviewed,,doi:10.1007/978-3-032-29596-5_29
kept,Enhancing CASEL 5 Social and Emotional Competencies in Engineering Students through Flipped and Gamified Blended Learning: A Longitudinal Study,M. Sarppa Raje,2026,Journal of Engineering Education Transformations,10.16920/jeet/2026/v39is2/26059,https://www.scopus.com/inward/record.uri?partnerID=HzOxMe3b&scp=105030818061&origin=inward,qualifies-claim,"Engineering education increasingly requires integration of social-emotional learning (SEL) alongside technical competencies. Flipped and gamified blended learning approaches show promise for holistic skill development, yet empirical evidence remains limited. This longitudinal study examines the impact of a flipped and gamified blended learning model on the development of CASEL 5 Social and Emotional Learning (SEL) competencies among undergraduate Computer Science and Engineering students over four years (2019-2023). A total of 960 undergraduate computer science students were assigned to experimental (n=480; flipped-gamified instruction) or control conditions (n=480; traditional didactic instruction). Two specialized instructors delivered pedagogy-specific interventions. CASEL 5 competencies were assessed via validated self-report instruments and classroom observations at three time points (pre-, mid-, post-intervention). Academic performance and engagement were measured through exam scores and behavioral ratings. Repeated measures ANOVA revealed statistically significant improvements in all CASEL 5 domains for the experimental group compared to controls (all p<0.001, effect sizes Cohen's d ranging from 0.68 to 0.89). Self-management showed the largest improvement with Cohen's d equal to 0.89. Academic performance significantly improved in the experimental group with Cohen's d equal to 1.52. Classroom engagement ratings increased by 34% in the experimental group versus 12% in the control group. Flipped-gamified blended learning effectively enhances social-emotional competencies and academic outcomes in engineering students. Findings support scalable pedagogical models integrating SEL within technical curricula, though triangulation with objective behavioral measures is needed to confirm self-reported gains.",scopus,llm,0.910,unreviewed,,doi:10.16920/jeet/2026/v39is2/26059
discarded,A Comparative Analysis of Educational Process Organization at Western and Eastern Ukrainian Universities Under Martial Law,B. Shunevych,2026,Lecture Notes in Networks and Systems,10.1007/978-3-032-09908-2_14,https://www.scopus.com/inward/record.uri?partnerID=HzOxMe3b&scp=105028352432&origin=inward,off-topic-false-hit,"The research deals with the changes in the educational sector of Ukraine because of the Russian-Ukrainian war (2014-2025). An analysis of the changes and peculiarities of the educational process organization (EPO) of students at Western Ukrainian higher education institutions (HEIs) under martial law was carried out in Bohdan Shunevych's and Yurii Svirskyi's research and presented at The Learning Ideas Conference in 2024. This session describes the results of the same changes in the educational process organization of students mentioned in the previous research (2024) but at the Eastern Ukrainian HEIs: (1) the dependence of certain learning technologies and teaching methods usage on the location of higher education institutions during the war; (2) creation of conditions for the safe work of students and teachers; (3) the organization of psychological training for work in extreme conditions; (4) ways to improve the qualifications of teachers for better performance of assigned tasks; as well as (5) the role of conducting scientific work among students of various levels to help the Armed Forces of Ukraine in today's conditions and creative specialists for the reconstruction of the national economy after the war. During the last years, new changes in education process organization appeared, that is: (6) many HEIs of different specialization have to be joined together because of lack of students at the territory of their locations; (7) implementation of artificial intelligence in EPO by students and teachers at Ukrainian educational institutions. As a result, seven changes in learning and research work of students at some universities from the eastern part of Ukraine (Kharkiv region) were analyzed and compared with the changes in the western part of Ukraine (Lviv region) under the martial law.",scopus,llm,0.990,unreviewed,,doi:10.1007/978-3-032-09908-2_14
kept,Evaluating The Flipped Classroom Approach in Computer Science Curricula,R. Picek,2025,Journal of Information and Organizational Sciences,10.31341/jios.49.2.9,https://www.scopus.com/inward/record.uri?partnerID=HzOxMe3b&scp=105026936342&origin=inward,qualifies-claim,"Active, technology-supported learning accelerated during and after COVID-19, yet evidence from non-programming computer science courses remains limited. This paper contributes (i) a focused review of flipped classroom (FC) studies in CS program (2020-2024) and (ii) a three-year case study of how the flipped classroom enhances the teaching of IT Service Management (ITSM) as a discipline in the computer science program in an online university environment, during and after the COVID-19 pandemic. The FC design combined pre-lecture micro-videos and auto graded quizzes with in-classroom clarification and post classroom activities (project). Using LMS telemetry, course outcomes, and an end of semester survey across three academic years (2021/22-2023/24), we examined engagement-achievement links with non-parametric, rank based correlations (Spearman ρ), regularized logistic regression, and comparisons across empirically defined engagement tertiles. Results show consistent, practically meaningful associations between quality weighted engagement (quiz participation and performance) and both passing and final grades, with survey perceptions aligning to the behavioral signals. While strictly non-causal, the pattern is robust across methods and suggests actionable uses: early identification of at-risk students and design guidance that emphasizes short, well scaffolded videos and steady formative assessment.",scopus,llm,0.850,unreviewed,,doi:10.31341/jios.49.2.9
discarded,A neural network-based model for cultivating applied talents in the context of industry-education integration,L. Tong,2025,Discover Artificial Intelligence,10.1007/s44163-025-00302-z,https://www.scopus.com/inward/record.uri?partnerID=HzOxMe3b&scp=105009885375&origin=inward,off-topic-false-hit,"To address the demand for skilled applied professionals, this study proposes a neural network-based model for integrating industry and education. The model combines Transformer and Residual Network (ResNet) architectures and employs a data augmentation strategy. The study evaluates different teaching methods based on academic performance, practical skills, innovation, and professional competency alignment. The experiment used a dataset of student interactions from an online education platform. Comparative experiments assessed model performance under different data volumes. Results showed that the optimized model performed well with small datasets (1,000 data points), achieving a Log Loss of 0.106, a Mean Absolute Error (MAE) of 0.057, an Area Under the Precision-Recall Curve (AUC-PR) of 0.896, and an Area Under the Receiver Operating Characteristic Curve (AUC-ROC) of 0.975. These results suggest that the model maintained predictive accuracy and stability with limited data. However, performance declined with larger datasets, where Log Loss increased to 0.160, MAE to 0.071, AUC-PR decreased to 0.87, and AUC-ROC to 0.961. This indicates the need for further optimization to improve robustness for large datasets. Compared to ResNet, the optimized model showed better performance with small datasets, while ResNet exhibited greater stability and lower Log Loss with larger datasets. The study also compared three teaching methods—Project-Based Learning (PBL), Flipped Classroom, and practical teaching. Results showed that practical teaching had the strongest impact on academic performance and practical skills. PBL and Flipped Classroom were more effective in fostering innovation and academic research skills. This study contributes to the optimization of teaching evaluation models and provides insights into improving education through neural networks. The findings may help refine talent cultivation models and teaching assessment methods.",scopus,llm,0.990,unreviewed,,doi:10.1007/s44163-025-00302-z
discarded,The Learning Journey of a High School Student from the Historic Class of 2021,L. Herrera,2025,Education 2 0 Chronicles of Technological and Cultural Change in Egypt,10.11647/OBP.0489.24,https://www.scopus.com/inward/record.uri?partnerID=HzOxMe3b&scp=105026515485&origin=inward,off-topic-false-hit,"Out of roughly 600,000 students who started high school in 2018 when the Education 2.0 reforms were being rolled out, this chapter profiles the learning journey of ‘Laila’ and her friends. It uses a technique of longitudinal oral history research to record three turbulent school years starting with Grade 10 when all students received tablets and the ministry launched multiple digital initiatives, Grade 11 during the COVID-19 pandemic with the school shutdowns, and Grade 12, a year of hybrid schooling and intense preparations for the Thanaweya Amma university entrance exam. Some takeaways are that even as electronic exams were supposed to eliminate cheating, and digital learning platforms were meant to serve as an alternative to private lessons, both remain widespread and have adapted to new technologies. Students often reap real benefits from the digital tools and platforms but still want and value strong teachers and need the in-person time together with classmates and school communities.",scopus,llm,0.990,unreviewed,,doi:10.11647/obp.0489.24
discarded,Methods for Promoting Students' Active Engagement in Digital Environments,M. Balasubramani,2025,Digital Tools and Platforms for Effective and Personalized Learning,10.4018/979-8-3373-6013-3.ch014,https://www.scopus.com/inward/record.uri?partnerID=HzOxMe3b&scp=105015740029&origin=inward,adjacent-subtopic,"Enhancing learning outcomes in modern education requires fostering active student engagement in digital environments. Effective strategies include adaptive learning systems that personalize content and gamification that motivates through competition and rewards. Immersive technologies like virtual and augmented reality offer experiential learning, while real-time collaboration tools encourage teamwork. Multimedia content such as videos, podcasts, and interactive infographics caters to diverse learning styles. Active learning methods like problem-based learning, flipped classrooms, and role-playing simulations promote critical thinking and knowledge application. AI-driven tools and chatbots provide instant feedback and personalized support. Blended and mobile learning approaches ensure flexibility and accessibility. Self-regulation is encouraged through goal-setting, reflection exercises, and formative assessments. Mentorship programs and peer feedback systems build a sense of community. By combining these strategies, educators can create engaging, inclusive digital spaces.",scopus,llm,0.970,unreviewed,,doi:10.4018/979-8-3373-6013-3.ch014
kept,Moving from Passive Learning to Active Learning: Investigating the Effect of the Flipped Classroom Pedagogical Approach in a Computer-Based Technology Course in Higher Education,W.M. Eyadat,2025,International Journal of Technologies in Learning,10.18848/2327-0144/CGP/v32i01/51-75,https://www.scopus.com/inward/record.uri?partnerID=HzOxMe3b&scp=85201272915&origin=inward,qualifies-claim,,scopus,llm,0.720,unreviewed,,doi:10.18848/2327-0144/cgp/v32i01/51-75
discarded,Self-Explanations: Does Timing Matter?,J. Wen,2025,Annual Conference on Innovation and Technology in Computer Science Education Iticse,10.1145/3724389.3730767,https://www.scopus.com/inward/record.uri?partnerID=HzOxMe3b&scp=105011950858&origin=inward,adjacent-subtopic,"Self-explanation promotes active learning by having students articulate their conceptual understanding in their own words. This study investigates whether the timing of self-explanations (before vs. after solving an exercise) relates to performance in a flipped, second-year computer organization course. Although students who self-explained before the exercises achieved higher course marks, the difference was not significant. Still, these findings suggest that early self-explanation may better prepare students for problem-solving when learning new concepts.",scopus,llm,0.980,unreviewed,,doi:10.1145/3724389.3730767
kept,To Flip or Not to Flip? A Meta-Analysis of the Efficacy of Flipped Learning in Higher Education,Carrie A. Bredow; Patricia Vincent Roehling; Alexandra J. Knorp; Andrea M. Sweet,2021,Review of Educational Research,10.3102/00346543211019122,https://openalex.org/W3173953468,supports-claim; qualifies-claim; metaanalys,"Although flipped classroom pedagogies have been widely touted for their ability to foster diverse 21st-century learning objectives, previous syntheses of flipped learning have focused almost exclusively on outcomes related to academic achievement. Using data from 317 studies, our research addresses this deficit by providing a comprehensive meta-analysis of the effects of flipped versus lecture-based learning on academic, intra-/interpersonal, and satisfaction-related outcomes in higher education. Overall, flipped classroom interventions produced positive gains across all three learning domains, and we found significant advantages of flipped over lecture-based instruction for seven out of eight outcomes (gs = 0.20–0.53). At the same time, there was substantial heterogeneity in flipped learning effects, and we identified several variables that influenced the relative efficacy of flipped versus traditional courses. Of the three types of moderators examined (contextual, design-based, and methodological), educational context (e.g., discipline, location) accounted for the most variability in flipped learning outcomes.",openalex,llm_reviewed,1.000,confirmed,,doi:10.3102/00346543211019122
kept,Flipped Learning in Foreign Language Learning in Higher Education: Analysis of Effectiveness and Moderator Variables,Fatkhul Ulum; Julham Hukom,2025,Jurnal Pendidikan Progresif,10.23960/jpp.v15i2.pp1025-1040,https://openalex.org/W4411322501,supports-claim; qualifies-claim,"Flipped Learning in Foreign Language Learning in Higher Education: Analysis of Effectiveness and Moderator Variables. Many studies have reported that the flipped learning strategies has a significant effect on students' foreign language skills in college compared to traditional learning strategies. However, reports regarding the effectiveness of flipped learning strategies in foreign language learning are very heterogeneous. Objectives: Based on this empirical gap, this study aims to synthesize the application of flipped learning strategies in students' foreign language learning in higher education compared to traditional learning strategies. Method: This study uses the meta-analysis method to answer the objectives of this study. Findings: The results of the analysis of twelve research samples with a random-effect estimation model show that the use of the flipped learning strategies has a more significant effect on students' foreign language skills in college when compared to traditional strategies, with the combined effect size value being in the large effect category (g = 0.89; p < 0.05). In addition, the results of the moderator factor analysis show that the variables of flipped learning class capacity, ability type, and foreign language type significantly affect the effectiveness of the use of the flipped learning strategies to students' diverse foreign language skills. Conclusion: These reports provide strong evidence as recommendations for educators, researchers and educational policy makers regarding the application of flipped learning strategies in foreign language learning in higher education. Regardless of the validity of the results, this study only involved a few research samples. Further research is recommended to combine more samples, or focus on the type of abilities measured, so that it can provide more specific conclusions. Keywords: effect size, foreign language, flipped learning, meta-analysis, moderator variable.",openalex,llm,0.990,unreviewed,,doi:10.23960/jpp.v15i2.pp1025-1040
kept,Does the Flipped Classroom Improve Student Learning and Satisfaction? A Systematic Review and Meta-Analysis,Torstein Låg; Rannveig Grøm Sæle,2019,AERA Open,10.1177/2332858419870489,https://openalex.org/W2969755620,supports-claim; qualifies-claim; metaanalys,"We searched and meta-analyzed studies comparing flipped classroom teaching with traditional, lecture-based teaching to evaluate the evidence for the flipped classroom’s influence on continuous-learning measures, pass/fail rates, and student evaluations of teaching. Eight electronic reference databases were searched to retrieve relevant studies. Our results indicate a small effect in favor of the flipped classroom on learning (Hedges’ g = 0.35, 95% confidence interval [CI] [0.31, 0.40], k = 272). However, analyses restricted to studies with sufficient power resulted in an estimate of 0.24 (95% CI [0.18, 0.31], k = 90). Effects on pass rates (odds ratio = 1.55, 95% CI [1.34, 1.78], k = 45) and student satisfaction (Hedges’ g = 0.16, 95% CI [0.06, 0.26], k = 69) were small and also likely influenced by publication bias. There is some support for the notion that the positive impact on learning may increase slightly if testing student preparation is part of the implementation.",openalex,llm_reviewed,1.000,confirmed,,doi:10.1177/2332858419870489
