status,title,authors,year,venue,doi,url,tags,abstract,provider,decision_source,llm_confidence,llm_review_outcome,llm_change_direction,paper_id
discarded,Graduate Computer Science TA Perspectives on In-Person Pedagogical Training: An Experience Report,A. Zaman,2025,Annual Conference on Innovation and Technology in Computer Science Education Iticse,10.1145/3724363.3729072,https://www.scopus.com/inward/record.uri?partnerID=HzOxMe3b&scp=105010592153&origin=inward,adjacent-subtopic,"Computer science (CS) departments rely heavily on graduate teaching assistants (GTAs), yet many departments struggle to provide effective pedagogical training, particularly for international GTAs who face additional cultural and communication challenges. While pedagogical training improves student outcomes, engaging GTAs with diverse career priorities in such training remains difficult, and resource constraints often lead departments to default to less engaging online formats. This experience report examines the implementation of a low-cost, in-person training program for CS GTAs using a flipped classroom approach that supplemented existing online modules. Our cohort of 34 international GTAs actively engaged with the training, which focused on grading practices, feedback techniques, cultural competencies, and common teaching scenarios. Survey data collected before and after training and midway through the semester revealed that participants found the training highly beneficial, with 94% reporting increased preparedness for their teaching roles. GTAs consistently applied learned skills throughout the semester, particularly in providing effective feedback (90%) and using rubrics (76%). The program's structure-requiring minimal faculty resources while yielding significant improvements in GTA confidence and teaching practices-offers a practical, replicable model for other CS departments seeking to enhance GTA preparation without substantial resource investment.",scopus,llm,0.980,unreviewed,,doi:10.1145/3724363.3729072
discarded,Designing Inclusive and Adaptive Content in Moodle: A Framework and a Case Study from Jordanian Higher Education,L.F. Al-Qora’n,2025,Multimodal Technologies and Interaction,10.3390/mti9060058,https://www.scopus.com/inward/record.uri?partnerID=HzOxMe3b&scp=105009031357&origin=inward,off-topic-false-hit,"Blended learning has introduced a more accessible and flexible teaching environment in higher education. However, ensuring that content is inclusive, particularly for students with learning difficulties, remains a challenge. This paper explores how Moodle, a widely adopted learning management system (LMS), can support inclusive and adaptive learning based on Universal Design for Learning (UDL) principles. A 16-week descriptive exploratory study was conducted with 70 undergraduate students during a software engineering fundamentals course at Philadelphia University in Jordan. The research combined weekly iterative focus groups, teaching reflections, and interviews with 16 educators to identify and address inclusion barriers. The findings highlight that the students responded positively to features such as conditional activities, flexible quizzes, and multimodal content. A UDL-based framework was developed to guide the design of inclusive Moodle content, and it was validated by experienced educators. To our knowledge, this is the first UDL-based framework designed for Moodle in Middle Eastern computing and engineering education. The findings indicate that Moodle features, such as conditional activities and flexible deadlines, can facilitate inclusive practices, but adoption remains hindered by institutional and workload constraints. This study contributes a replicable design model for inclusive blended learning and emphasizes the need for structured training, intentional course planning, and technological support for implementing inclusivity in blended learning environments. Moreover, this study provides a novel weekly iterative focus group methodology, which enables continuous course refinement based on evolving students’ feedback. Future work will look into generalizing the research findings and transferring the findings to other contexts. It will also explore AI-driven adaptive learning pathways within LMS platforms. This is an empirical study grounded in weekly student focus groups, educator interviews, and reflective teaching practice, offering evidence-based insights on the application of UDL in a real-world higher education setting.",scopus,llm,0.970,unreviewed,,doi:10.3390/mti9060058
discarded,Analyzing Flipped Classroom Themes Trends in Computer Science Education (2007–2023) Using CiteSpace,T.C. Keong,2025,Journal of Advanced Research in Applied Sciences and Engineering Technology,10.37934/araset.46.1.1527,https://www.scopus.com/inward/record.uri?partnerID=HzOxMe3b&scp=85196422511&origin=inward,adjacent-subtopic,"Flipped classroom (FC) overcomes many drawbacks of traditional teaching and has a wide range of applications in the field of (computer science) CS education. Systematically analysing the research themes and keywords of the flipped classroom in CS teaching is of great significance in guiding the improvement of the teaching quality of the flipped classroom. In this study, we used CiteSpace to statistically analyse the data of 229 articles published in the core library of Web of Science from 2007 to July 18, 2023, and visualize author co-citation clustering, and keyword co-occurrence. The results of the study showed that (1) the statistical analysis indicated that the application of flipped classroom in CS education has entered a trough period; (2) based on the cluster of author co-citation network, three research themes of CS flipped implementation, online learning, and skill development were identified in this study. (3) Based on the co-occurrence of keywords, this study identified three research hotspots: integration strategies, flipping effectiveness, and challenges faced.",scopus,llm,0.960,unreviewed,,doi:10.37934/araset.46.1.1527
discarded,Combining flipped-classroom and spaced-repetition learning in a master-level bioinformatics course,G. Pozzati,2025,Plos Computational Biology,10.1371/journal.pcbi.1012863,https://www.scopus.com/inward/record.uri?partnerID=HzOxMe3b&scp=105002802190&origin=inward,adjacent-subtopic,"Introductory bioinformatics courses can be challenging to teach. Students with a biological background may have never encountered computer science, and computer science students are likely to have minimal knowledge of biology. To improve learning, we implemented a flipped spaced-repetition course. We repeated the topics through various activities across different days while applying an unusually high number of examinations. The examinations were synergistic with the flipped classroom, encouraging reading and watching recorded lectures before in-person discussions. Additionally, they helped us structure and assess laboratory practicals. We analyzed grades, pass rates, student satisfaction, and student comments qualitatively and quantitatively over 7 years of the course, documenting progress as well as the effect of disruptions such as COVID-19 and changes in teaching staff. We share our results and insights into the opportunities and challenges of this pedagogical approach. An open online version of this course is freely provided for students and teachers.",scopus,llm,0.760,unreviewed,,doi:10.1371/journal.pcbi.1012863
discarded,Enhancing student learning outcomes and career development through active engagement and support in STEM education,R. Zhao,2025,Student Centered Learning Enhancing Education Through Active Engagement,,https://www.scopus.com/inward/record.uri?partnerID=HzOxMe3b&scp=85219508868&origin=inward,adjacent-subtopic,,scopus,llm,0.720,unreviewed,,hash:948b5f0d44b6e50b
kept,Flipped classroom approach in financial accounting,M. El Diri,2025,Flipping the Classroom with Experiential and Community Engaged Learning in Business High Impact Teaching Practices in Business Education Volume 2,10.4337/9781035321629.00014,https://www.scopus.com/inward/record.uri?partnerID=HzOxMe3b&scp=105016927016&origin=inward,qualifies-claim,"The “Introduction to Financial Accounting” course is a fundamental requirement for first-year undergraduate students in the Accounting and Finance Program at the University of Leeds. Traditionally delivered, this course faced challenges with student engagement due to lengthy lectures and repetitive activities. In response, a flipped learning approach was considered to enhance student learning. This chapter explores whether flipped learning is more effective than traditional methods regarding student performance and perception of key course dimensions. The results show that both approaches have unique strengths and weaknesses. In practice, flipped learning faces general challenges, including accommodating diverse learning styles, prior knowledge, academic levels, and student expectations. The accounting discipline presents specific constraints, emphasizing quantitative elements, exam-focused assessments, and historical resistance to change. The chapter suggests a gradual shift to a partially flipped learning approach, offering students tailored learning experiences based on their preferences and needs.",scopus,llm,0.950,unreviewed,,doi:10.4337/9781035321629.00014
discarded,Transforming IP Design Education with AI: A Comparative Study of AI-Integrated and Traditional Flipped Learning Models,X. Chen,2025,2025 7th International Conference on Computer Science and Technologies in Education Cste 2025,10.1109/CSTE64638.2025.11092234,https://www.scopus.com/inward/record.uri?partnerID=HzOxMe3b&scp=105013537667&origin=inward,adjacent-subtopic,"This study examines the impact of AI-enhanced flipped learning on student engagement, learning effectiveness, and key competencies development in the IP Design course at Wuhan Textile University. With the increasing demand for personalized learning, this research evaluates how AI-supported flipped learning addresses challenges in traditional teaching, such as low participation and inadequate feedback. A mixed-methods approach, including surveys, interviews, and performance metrics, compares two student cohorts: the 2020 cohort (traditional flipped learning) and the 2021 cohort (AI-integrated flipped learning). Results show that AI tools significantly improved creativity, critical thinking, collaboration, and cultural understanding. However, issues like AI over-reliance and gender-based engagement differences emerged, indicating the need for careful AI implementation. This study contributes to the growing literature on AI in education, offering insights into the practical application of AI-driven flipped classrooms. Future research could focus on refining AI tools, addressing gender disparities, and exploring long-term student development impacts.",scopus,llm,0.970,unreviewed,,doi:10.1109/cste64638.2025.11092234
discarded,Smart Driven Gamified Learning Experience for Promoting Student Engagement in Green Computing,M. Saleh,2025,Isas 2025 9th International Symposium on Innovative Approaches in Smart Technologies Proceedings,10.1109/ISAS66241.2025.11101731,https://www.scopus.com/inward/record.uri?partnerID=HzOxMe3b&scp=105014946002&origin=inward,adjacent-subtopic,"The Digital Transformation Era has necessitated pedagogical innovations that enhance student engagement and foster deeper learning. This study investigates the integration of gamification and the flipped classroom model through ClimaQuest, an AIdriven gamified learning platform, to enhance student engagement and comprehension in a pilot Green Computing course within the Computer Information Systems (CIS) department. The course curriculum encompasses critical topics, including climate change, environmental sustainability, and green computing practices. By leveraging ClimaQuest’s interactive challenges, real-time feedback mechanisms, and student-centered learning experiences, this approach aims to cultivate independent learning, collaborative problem-solving, and heightened environmental consciousness. The findings indicate that gamification, coupled with a flipped learning approach, can optimize educational outcomes, strengthen sustainability literacy, and promote active participation in green computing initiatives. These insights contribute to the growing body of research advocating for technology-enhanced learning strategies in environmental and computing education.",scopus,llm,0.910,unreviewed,,doi:10.1109/isas66241.2025.11101731
discarded,Empowering Future Engineers: Unveiling Personalized Flipped Classrooms in Basic Programming Education,I. Aldalur,2025,International Conference on Computer Supported Education Csedu Proceedings,10.5220/0013258200003932,https://www.scopus.com/inward/record.uri?partnerID=HzOxMe3b&scp=105003738712&origin=inward,adjacent-subtopic,": In the evolving educational landscape of the 21st century, innovative pedagogical methods like the Flipped Classroom (FC) and Personalized Learning (PL) have increased renown. The FC methodology revolutionizes traditional teaching by moving initial concept exposure outside the classroom, allowing in-class time for interactive and practical activities. This approach increases a dynamic learning environment, enhancing critical thinking, problem-solving, and collaboration skills. Successful FC implementation involves comprehensive educational experiences utilizing digital resources and active classroom interactions. PL adapts teaching to individual student needs, recognizing diverse learning speeds and cognitive styles. By leveraging technology, PL provides customized educational experiences that increase learner autonomy and motivation, leading to deeper understanding and engagement. A case study on teaching C programming using a Personalized Flipped Class-room (PFC) approach illustrates the practical application of these methodologies. The course design includes structured planning, multimedia resources, and continuous evaluation, promoting effective learning. Students engage with instructional videos and practical exercises, promoting autonomy and active participation. The course covers fundamental programming concepts, with a thematic progression that balances foundational understanding and advanced topics. Despite challenges like increased workload and digital competency gaps, the PFC approach demonstrates significant potential in enhancing student performance and skill development.",scopus,llm,0.810,unreviewed,,doi:10.5220/0013258200003932
kept,Advances in medical education and practice: student perceptions of the flipped classroom,Christopher Jerome Ramnanan; Lynley D. Pound,2017,Advances in Medical Education and Practice,10.2147/amep.s109037,https://openalex.org/W2976655695,qualifies-claim,"The flipped classroom (FC) approach to teaching has been increasingly employed in undergraduate medical education in recent years. In FC applications, students are first exposed to content via online resources. Subsequent face-to-face class time can then be devoted to student-centered activities that promote active learning. Although the FC has been well received by students in other contexts, the perceptions of medical students regarding this innovation are unclear. This review serves as an early exploration into medical student perceptions of benefits and limitations of the FC. Medical students have generally expressed strong appreciation for the pre-class preparation activities (especially when facilitated by concise, readily accessed online tools) as well as for interactive, engaging small group classroom activities. Some students have expressed concerns with the FC and noted that suboptimal student preparation and insufficient direction and structure during active learning sessions may limit the student-centered benefits. Although students generally perceive that FC approaches can improve their learning and knowledge, this has not been conclusively shown via performances on assessment tools, which may be related to caveats with the assessment tools used. In any case, lifelong self-directed learning skills are perceived by medical students to be enhanced by the FC. In conclusion, medical students have generally expressed strong satisfaction with early applications of the FC to undergraduate medical education, and generally prefer this method to lecture-based instruction.",openalex,llm,0.940,unreviewed,,doi:10.2147/amep.s109037
discarded,Students’ Perceptions of the Value of Using Videos as a Pre-class Learning Experience in the Flipped Classroom,Taotao Long; Joanne Logan; Michael Waugh,2016,TechTrends,10.1007/s11528-016-0045-4,https://openalex.org/W2289006497,adjacent-subtopic,"The flipped classroom is an instructional model in which students viewed the learning content before class through instructor-provided video lectures or other pre-class learning materials, and in-class time is used for student-centered active learning. Video is widely utilized as a typical pre-class learning material in the flipped classroom. This paper reports the findings from a survey about students' attitudes and preferences regarding the pre-class learning experiences in an undergraduate science course that utilized a flipped classroom model. Findings demonstrate that students had positive attitudes towards using pre-class videos in the flipped classroom. Students had different perceptions towards the four types of pre-class learning materials used in this course, including three types of videos and text-formatted materials. Students' attitudes and preferences on pre-class learning materials did not differ across class levels, major fields, or previous experience of learning via videos. Students suggested that pre-class videos should be kept short and engaging.",openalex,llm,0.840,unreviewed,,doi:10.1007/s11528-016-0045-4
kept,Active learning through flipped classroom in mechanical engineering: improving students’ perception of learning and performance,Hyun Jin Cho; Kejie Zhao; Cho Rong Lee; Debra Runshe; Chuck Krousgrill,2021,International Journal of STEM Education,10.1186/s40594-021-00302-2,https://openalex.org/W3186383105,supports-claim,"BACKGROUND: To address some challenges that the large lecture-focused courses have faced in higher education, the flipped classroom model was implemented in mechanical engineering. The purpose of the study was to investigate mechanical engineering undergraduate students' performance in the flipped classroom. A comprehensive analysis was conducted to investigate the pedagogical benefits of active learning in the flipped classroom from a self-determination theory perspective. To evaluate the effectiveness of the flipped classroom, students' academic achievements in the flipped classroom were compared with the ones in the traditional lecture format. Moreover, to explore in-depth students' learning experiences and their perceptions about the flipped classroom, students' open-ended surveys were analyzed. RESULTS: Results demonstrated that students in the flipped classroom performed better and favored the new model, feeling that flipped classroom was useful and helpful in preparing for the course. The qualitative findings showed that students felt that they benefited from the pre-week online lectures in the flipped classroom to prepare for the course. CONCLUSIONS: The current study shows that the flipped classroom model has the potential to create an autonomy-supportive learning environment and provide beneficial learning experiences. This study highlights the benefits of and future direction for implementing the flipped classroom in traditional mechanical engineering courses.",openalex,llm,0.990,unreviewed,,doi:10.1186/s40594-021-00302-2
