status,title,authors,year,venue,doi,url,tags,abstract,provider,decision_source,llm_confidence,llm_review_outcome,llm_change_direction,paper_id
discarded,The Effect of Flipped Learning Used in Text-Based Coding Education on Students' Computational Thinking Skills and Attitudes: A Mixed Methods Study,"Agacdelen, Nergiz; Cetin, Oguz",2026,JOURNAL OF EDUCATION IN SCIENCE ENVIRONMENT AND HEALTH,10.55549/jeseh.897,https://www.webofscience.com/wos/woscc/full-record/WOS:001872295900006,adjacent-subtopic,"This study aims to examine the effectiveness of the flipped learning (FL) model, an innovative teaching approach in coding education. The research investigates whether implementing text-based coding education using the FL model creates a significant difference in middle school students' self-efficacy perceptions regarding computational thinking skills and their attitudes toward coding compared to traditional teaching. Designed using an explanatory sequential mixed-methods approach, the study employed a quasi-experimental design. The study group consisted of a total of 60 students enrolled in the 6th grade of a private middle school, divided into an experimental (n=30) and a control (n=30) group. During the eight-week process, the experimental group learned the Small Basic programming language according to the flipped learning (FL) model, while the control group received traditional instruction. Quantitative data were collected using the CTSPSS and CEAS scales, while qualitative data were collected through semi-structured interviews with selected students from the experimental group. The findings showed that the experimental group obtained significantly higher scores than the control group on both scales. Qualitative findings also revealed that students came to class prepared thanks to flipped learning (FL), were able to learn at their own pace, and developed positive attitudes towards coding. In conclusion, it was determined that the flipped learning (FL) model is an effective strategy in text-based coding instruction.",wos,llm,0.990,unreviewed,,doi:10.55549/jeseh.897
kept,"Active learning under time constraints: Working students, institutional conditions and implementation fit in a public business school in Brazil","Lopes de Souza, Julio Cesar",2026,JOURNAL OF INTERNATIONAL EDUCATION IN BUSINESS,10.1108/JIEB-02-2026-0020,https://www.webofscience.com/wos/woscc/full-record/WOS:001869800700001,qualifies-claim,"Purpose This study aims to examine how active learning is experienced and implemented in evening business programs in which many students work. This study focuses on how student time constraints and institutional conditions shape perceived feasibility, continuity and implementation fit. Design/methodology/approach This study adopts a mixed methods design in a public university business school in Brazil. Data were collected from students (n = 213) and faculty members (n = 33). The analysis combines descriptive survey results, open-ended responses and image-based elicitation using four classroom scenes. Findings Students assign high value to active learning but report uneven exposure and limited feasibility when activities require substantial preparation outside class, especially in flipped classroom designs. Faculty members also value active learning but report constraints related to preparation time, classroom layout, infrastructure, course coordination, assessment routines and institutional support. These conditions help explain why active learning remains partial and uneven rather than stable across the program. Research limitations/implications This study is limited to one public business school in Brazil, with voluntary participation, nonrandom sampling and self-reported perceptions rather than direct observation or measurement of learning outcomes. Future research could compare different institutional types, countries, program formats and student profiles. Longitudinal studies, classroom observation, interviews and learning analytics could further examine how active learning designs are adapted over time and how implementation fit relates to participation, persistence and learning outcomes. Practical implications Business schools should select and adapt active learning according to student time constraints and institutional conditions. In evening programs with working students, active learning designs should reduce excessive out of class demands and concentrate interaction, feedback and applied tasks within scheduled class time. Program leaders can support implementation by coordinating deadlines, aligning assessment routines, providing faculty preparation time and allocating suitable classroom spaces when available. Social implications Active learning designs that require substantial preparation outside class may disadvantage students with limited discretionary time, especially those who combine study, work, commuting and family responsibilities. By focusing on implementation fit, business schools can reduce participation gaps and make active learning more feasible for working students. This may support more equitable engagement, persistence and academic progress in evening and professional higher education programs. Originality/value This paper contributes to business education by reframing active learning as a question of implementation fit rather than method adoption alone. This study offers implications for evening programs and comparable international contexts serving working students, where feasibility, workload and institutional support affect the continuity of active learning practices.",wos,llm,0.820,unreviewed,,doi:10.1108/jieb-02-2026-0020
discarded,POCUS for the People: A Rounds-Integrated Point-of-Care Ultrasound Curriculum for Medical Students at a Guatemalan Public Hospital,"Angelides, Philip K.; Leon, Roger; Stelmach, Austin; Ortiz-Lopez, Carolina; Sanchez, Himmer Alfonso Hip; Bolanos, Guillermo; Fleshner, Michelle; Sawaya, Angeline; Gamboa, Jakob E.; Hanna, Reem M.; Olson, Daniel",2026,JOURNAL OF GENERAL INTERNAL MEDICINE,10.1007/s11606-026-10797-6,https://www.webofscience.com/wos/woscc/full-record/WOS:001869990600001,adjacent-subtopic,"Background Internal medicine (IM) education in resource-limited hospitals is constrained by heavy workloads and imaging limited to plain radiography. Point-of-care ultrasound (POCUS) supports experiential learning and diagnostic reasoning, yet no rounds-integrated IM curricula have been described in Latin America, and most programs stop short of practice-based bedside assessment. Aim To implement and evaluate a rounds-integrated POCUS curriculum in a resource-limited IM setting. Setting Hospital Nacional de Coatepeque (228-bed Guatemalan public hospital).Participants Eight final-year medical students without formal ultrasound training. Program Description The curriculum combined flipped-classroom prework, a 2-day course focused on pleural and abdominal fluid detection, and a 2-month longitudinal program embedding POCUS into daily rounds, with Butterfly Cloud portfolio review, WhatsApp-based feedback, and designation of three learners as local ""champions"" in a train-the-trainer model. Program Evaluation Knowledge and confidence gains largely persisted at 2 months. Hands-on performance was strongest for pelvic/bladder view acquisition, artifact recognition, and image optimization, and lowest for spine sign recognition and probe orientation and manipulation. Barriers included probe scarcity and limited institutional support; champions emerged as key drivers of peer learning. Discussion Rounds-integrated POCUS training is feasible in resource-limited settings and may support early skill development when paired with longitudinal mentorship and local champion development.",wos,llm,0.960,unreviewed,,doi:10.1007/s11606-026-10797-6
discarded,Implementation and Validation of a Continuous Assessment Methodology for Autonomous Work in an Introductory Programming Course,"Manriquez Barria, Jacqueline; Campillay Briones, Servando; Alfaro Avalos, Andres",2025,"2025 44TH INTERNATIONAL CONFERENCE OF THE CHILEAN COMPUTER SCIENCE SOCIETY, SCCC",10.1109/SCCC67219.2025.11420409,https://www.webofscience.com/wos/woscc/full-record/WOS:001820773200034,adjacent-subtopic,"This empirical study presents the implementation and validation of a continuous assessment methodology aimed at strengthening autonomous work in engineering students. The intervention was conducted during the first semester of 2025 with a cohort of 70 students enrolled in the ""Introduction to Programming"" course from the Civil Engineering in Computer Science program at the University of Atacama. The proposed methodology was structured across three levels: strategic (macro), operational ( micro), and a third focused on continuous improvement. Implementation was carried out through a didactic intervention cycle that integrated Problem-Based Learning (PBL), flipped classroom strategies, evaluation instruments, educational technology, and the institutional virtual platform. Validation was performed using perception surveys based on a Likert scale, along with performance and participation indicators. Preliminary results show a 25% increase in timely task submissions, an 80% perceived improvement in self-management skills, and an increase in the integral process index, reaching a score of 4.0 compared to 3.28 reported in a previous study. This index incorporates dimensions such as self-management, participation, and task completion. The findings indicate that the methodology constitutes a replicable and adaptable model for other courses that promote autonomous learning. The main limitation identified was the need for more time allocated to individual feedback. Future work aims to extend its application to intermediate-level courses to assess its pedagogical sustainability.",wos,llm,0.880,unreviewed,,doi:10.1109/sccc67219.2025.11420409
discarded,An Evaluation of an Integrated Multimodal Teaching Framework in an Undergraduate Oral Microbiology Course,"Xie, Hong; Liu, Weiying; Fan, Hongxia; Hu, Cuimin; Wang, Fang; Li, Guangming; Zhang, Yi; Li, Yongmei",2026,EUROPEAN JOURNAL OF DENTAL EDUCATION,10.1111/eje.70261,https://www.webofscience.com/wos/woscc/full-record/WOS:001830916600001,adjacent-subtopic,"Introduction: The aim of this study is to evaluate an integrated multimodal teaching framework incorporating structured literature reading, flipped classroom instruction, case-based learning (CBL), and laboratory-based teaching in an undergraduate oral microbiology course, and to explore associations and structural relationships among instructional components and student learning outcomes. Materials and Methods: One hundred undergraduate dental students enrolled in an integrated five-plus-three dental program participated in this educational evaluation. The course design combined modularized theoretical instruction, laboratory training, and a tri-component self-directed learning framework. Student performance was assessed using formative and summative assessments. Associations between instructional components and final examination performance were examined using linear regression analyses, followed by exploratory path analysis. Results: Univariable regression analyses showed that literature reading, flipped classroom participation, and laboratory performance were positively associated with final examination scores (p < 0.05). In multivariable regression analysis, the literature reading remained independently associated with final examination performance (p = 0.026). Exploratory path analysis suggested that literature reading demonstrated a direct association with examination scores, whereas flipped classroom participation primarily influenced performance through indirect pathways involving CBL engagement and laboratory assessment. Student feedback indicated high levels of acceptance of flipped classroom and CBL activities, reflecting students' perceived value of these instructional approaches. Conclusion: An integrated multimodal teaching framework was associated with favourable learning outcomes in an undergraduate oral microbiology course. Structured literature reading, flipped classroom instruction, CBL, and laboratory-based teaching appeared to play complementary roles in supporting theoretical understanding, practical engagement, and clinical reasoning. These findings may inform the design of foundational dental science curricula in comparable educational contexts.",wos,llm,0.920,unreviewed,,doi:10.1111/eje.70261
kept,Effectiveness of Camtasia-supported flipped learning on improving self-learning achievement among female students at the college of basic education,"Al-Eidan, Ayda Abdulkareem; Almisad, Budour Misad",2026,FRONTIERS IN EDUCATION,10.3389/feduc.2026.1755916,https://www.webofscience.com/wos/woscc/full-record/WOS:001829438200001,supports-claim,"The main concern of this research is to investigate the effect of implementing Camtasia Studio in activating flipped learning method on improving self-learn achievement among female students at the College of Basic Education in the State of Kuwait. This research adopted the descriptive approach to analyze the literature and the quasi-descriptive approach based the two groups (experimental and control), with the two measurements (the pre-test and post-test), in addition to the Follow-up measurement. The tool of the research involved a questionnaire consisted of (30) statements distributed to six axes. It was applied to a sample that comprised (66) students enrolled in the Department of Educational Technology. The experimental group adopted the flipped learning model which provided instructional videos produced by Camtasia Studio, while the control group adopted the traditional method of learning. The Post-test results indicated that there are statistically significant differences in favor of the experimental group. These results prove the effectiveness of the program in improving the level of self-achievement. Furthermore, the Follow-up measurement reveals sustainable positive effects after two weeks of its implementation, thus reflecting the effectiveness of this strategy. In light of these results, this research highly recommends the implementation of flipped learning supported by Camtasia Studio in the educational fields, when teaching the courses of educational technology, and in other fields.",wos,llm,0.940,unreviewed,,doi:10.3389/feduc.2026.1755916
discarded,Active Learning and Feedback in EFL Teacher Education Through AI-Supported Flipped Classrooms,"Cabrera-Solano, Paola; Castillo-Cuesta, Luz; Ochoa-Cueva, Cesar",2026,EDUCATION SCIENCES,10.3390/educsci16060827,https://www.webofscience.com/wos/woscc/full-record/WOS:001802127500001,adjacent-subtopic,"This study examines the integration of generative Artificial Intelligence (AI) tools within a Flipped Classroom model to enhance active learning and feedback processes in an English as a Foreign Language (EFL) teaching program. The participants were 242 pre-service EFL teachers enrolled in upper-level courses at a private university in southern Ecuador. Adopting a mixed-methods, design-based research approach, the study incorporated a diagnostic survey, written reflections, post-intervention survey, and focus groups. These instruments explored students' prior knowledge, perceptions, and experiences regarding AI-supported learning. Findings showed that AI tools such as ChatGPT, Gemini, and Copilot strengthened students' linguistic accuracy, writing performance, self-regulation, and understanding of pedagogical concepts. AI-generated feedback complemented teacher feedback by providing immediate and clear guidance, promoting iterative revision and deeper engagement with course content. Participants reported increased autonomy, improved time management, and greater readiness to integrate AI into future teaching practices. The results indicate that AI-supported flipped instruction fosters meaningful learning, enhances feedback quality, and develops both linguistic and pedagogical competencies.",wos,llm,0.870,unreviewed,,doi:10.3390/educsci16060827
discarded,Understanding multiple pathways to computational thinking: Emotional trajectories and interaction patterns in pre-service teacher education,"Suksai, Luckhana; Kwangmuang, Parama",2026,COMPUTERS IN HUMAN BEHAVIOR REPORTS,10.1016/j.chbr.2026.101171,https://www.webofscience.com/wos/woscc/full-record/WOS:001801055200001,adjacent-subtopic,"Pre-service teachers entering computer education programs often possess adequate computational skills yet struggle to transform this technical knowledge into effective classroom pedagogy. This exploratory mixed-methods study examined how cognitive, affective, and behavioral processes co-evolve during computational thinking (CT) development in a Thai pre-service teacher education context, addressing three research questions: (1) what emotional trajectories characterize CT development during an 8-week flipped classroom intervention; (2) how do self-efficacy, cognitive load, and anxiety interact to shape CT outcomes; and (3) what HCI patterns distinguish successful from struggling learners. We tracked 30 s-year Computer Education pre-service teachers at a regional Thai university, collecting 240 weekly psychological self-reports, 18 phenomenological interviews, continuous LMS analytics, 180 screen-recorded problem-solving sessions, and social network analysis of 847 forum posts. Three emotional trajectories emerged: Progressive Adapters (43%) reduced anxiety linearly through peer support; Fluctuating Persisters (37%) maintained engagement despite emotional volatility; and Struggling Stabilizers (20%) converted persistent anxiety into intensive help-seeking. All three groups achieved comparable CT gains (95.9%), suggesting that anxiety does not uniformly impede learning under differentiated support conditions. Cross-lagged analysis revealed exploratory temporal associations between self-efficacy and CT performance (SE-*CT: (3 = .40-.43; CT-*SE: (3 = .37-.40). Strategic navigation was the strongest CT success correlate (OR = 3.87). Forum network density tripled (.23 to .68), consistent with the emergence of reciprocal peer communities. Findings are hypothesis-generating and should not be generalized beyond this single-site, small-sample context.",wos,llm,0.900,unreviewed,,doi:10.1016/j.chbr.2026.101171
discarded,Mastering Pediatric Airway Skills: A Procedural Simulation Using Rapid Cycle Deliberate Practice for Emergency Medicine Residents,"Wong, Kei U.; Gross, Isabel T.",2026,AEM EDUCATION AND TRAINING,10.1002/aet2.70180,https://www.webofscience.com/wos/woscc/full-record/WOS:001762828800001,adjacent-subtopic,"Background: Pediatric emergency medicine (PEM) training within emergency medicine (EM) residency programs varies widely in preceptor expertise, critical care exposure, and procedural opportunities. Despite the importance of pediatric airway management, real-world exposure to critically ill children remains limited and inconsistent across training sites. Current ACGME guidelines provide minimal direction on pediatric-specific content or mandatory procedures, leaving gaps in emergent airway training. Objective of the Innovation: To address perceived deficiencies in pediatric airway skills among EM residents, we implemented a longitudinal, simulation-based pediatric airway curriculum. The primary goal was to improve pediatric airway knowledge, confidence, procedural competency in airway equipment setup, bag-valve-mask (BVM) ventilation, troubleshooting, intubation techniques using a flipped classroom model, and rapid cycle deliberate practice (RCDP). Development Process and Implementation: Guided by Kern's curriculum design framework and selected components of Sawyer's six-step procedural learning model, the curriculum incorporated asynchronous learning and eight interactive simulation sessions over a 12-month period. 40 residents in four postgraduate years participated in two individualized RCDP sessions annually, supported by faculty trained in pediatric airway management. A novel checklist was used for objective performance assessment. Outcomes: Thirty-one residents completed baseline and post-intervention procedural assessments. Significant improvements were observed in equipment setup and intubation steps (p < 0.05), with first-pass intubation time reduced from 9 min and 12 s to 7 min and 9 s (p < 0.05). Self-reported confidence in pediatric airway management increased across all PGY levels (p < 0.05), and knowledge scores improved (7.8 vs. 9.7, p < 0.05). Resident feedback strongly endorsed the curriculum's value in building skills and confidence. Conclusion: A structured, simulation-based pediatric airway curriculum using RCDP effectively enhances EM residents' procedural performance and confidence. This model offers a scalable approach for addressing critical skill gaps in PEM training. Future directions include integrating advanced airway techniques and longitudinal retention assessments.",wos,llm,0.960,unreviewed,,doi:10.1002/aet2.70180
