status,title,authors,year,venue,doi,url,tags,abstract,provider,decision_source,llm_confidence,llm_review_outcome,llm_change_direction,paper_id
discarded,INFLUENCE OF FLIPPED LEARNING STRATEGY ON HIGH SCHOOL STUDENTS’ LEARNING OUTCOMES IN BIOLOGY IN OSUN STATE,Mutahir Oluwafemi Abanikannda,2020,RIT Scholar Works (Rochester Institute of Technology),,https://openalex.org/W3183378875,off-topic-false-hit,"The study was conducted to investigate the influence of flipped learning strategy on high school students’ learning outcomes in Biology in Osun State. The study adopted a descriptive survey and respondents used for the study were three hundred and fifty (350) students were randomly selected from twelve (12) High Schools in Osun State. The study consists of one research question and one research hypothesis. The instrument used to obtain information on this research was an inventory. Frequency counts and percentages with mean deviation was the descriptive statistics used. The research findings revealed that flipped learning strategy has a positive influence on high school students’ learning outcome in Biology. Based on the findings, the study was a significant effect of the use of flipped instruction model on student learning outcomes in Biology, because the use of Video recorded lecture, the in-class discussion and all other enrichment activities allowed by moving content delivery outside of class time provides opportunities for students to develop vital learning skills needed including critical thinking, communications, and collaboration.",openalex,llm,0.990,unreviewed,,hash:8a5f6c5c412c37ca
discarded,INVESTIGATING THE PROS AND CONS OF THE FLIPPED CLASSROOM IN AN AFFILIATED COLLEGE OF THE NATIONAL UNIVERSITY OF BANGLADESH,"Husain, Anwar; Mohammad Uddin",2024,DergiPark (Istanbul University),10.5281/zenodo.13357269,https://openalex.org/W4402337805,adjacent-subtopic,"Abstract: The traditional classroom practice can be replaced with the flipped classroom instruction approach. In today's technology-oriented world, educators are showing a keen interest in the flipped classroom method as it has several positive outcomes. The flipped classroom system in Bangladesh gained popularity during and after the COVID-19 pandemic. Since the flipped classroom is a new concept for Bangladeshi educators, a study was conducted to identify the opportunities and challenges of implementing the flipped classroom approach in Bangladesh. The study employed a qualitative approach with thematic data coding and analysis to answer the research questions. The sample was purposive and included 5 teachers from different age groups and sexes who teach various subjects in higher secondary (12th Grade) and tertiary college (Undergrad and Grad), as well as a total of 20 respondents divided into 5 groups for focused group discussion (FGD), a combination of male and female students from different ages and levels of education. The participant teachers, guided by the researcher, conducted 3 to 5 classes implementing the method and thereafter they were interviewed, and the students were called for group discussions. This research found that the flipped classroom is a technology-friendly, student-centered, interactive, self-paced, and flexible instructional approach that can improve students' learning outcomes. However, the flipped method has some limitations, too. Teachers may become reluctant to adopt this process as it takes much time to prepare lessons for example. Bangladeshi educators and learners can benefit from reading the study's findings and recommendations to gain insights into the flipped classroom approach. The findings will help educators to revise their conventional teaching to enhance learning outcomes.",openalex,llm,0.980,unreviewed,,doi:10.5281/zenodo.13357269
kept,Flipped Classroom Increases Achievement of Student Learning Outcomes,Claire Komives,2018,Journal of Engineering Education/Journal of engineering education transformations/Journal of engineering education transformation,,https://openalex.org/W7218070712,supports-claim; qualifies-claim,"The Chemical Engineering Program at San José State University (San José, CA USA) experienced a dramatic increase in students starting in Fall of 2014. From 1999 to 2013, approximately 20- 25 students graduated from the program each year, but since 2014 there have been over 100 beginning the junior year. In addition, the faculty have observed that students' attention spans, on average, have decreased, in agreement with literature assessments. After giving the Effective Teaching Workshop at Thiagarajar College of Engineering in 2016, the classroom protocol of the Industrial Chemical Calculations Course was modified to include watching the lectures on video prior to the class.Not giving lectures during the class period allowed more time in class to have students practice solving problems. The result has been an increase in student participation in class even with the large number of students, as well as an increase in the achievement of student learning outcomes. This paper will discuss the logistics of the flipped classroom and a presentation of evidence of improved student learning.",openalex,llm,0.890,unreviewed,,hash:31fe75a850ce7eb3
kept,Probing the Flipped Learning Literature in Social Sciences and Humanities Education,Malek Turki Jdaitawi; Elham Taha Hussein; Fatima M. Muhaidat; Maisoun Abu Joudeh,2022,International Journal of Instruction,10.29333/iji.2022.15337a,https://openalex.org/W4283575685,supports-claim,"In the last decade, major progresses have been made and the flipped learning has been increasingly implemented in diverse educational settings to enhance the physical, cognitive, personal and social abilities of students as well as to improve their learning outcomes.The advantages and challenges of flipped learning have been explored and quantified in terms of students learning.Despite the popularity of the flipped learning research, there is a lack of empirical evidence to review the knowledge of the concept more systematically, and flipped learning is not well known in a social sciences and humanities at the university setting.The study purpose is to investigate the positive effectiveness of implementing the flipped learning in social science and humanities settings.The analysis included filtering from a large number of publications to 21 primary studies published between 2015-2021.The result indicates a positive impact on students learning outcomes such as academic, personal, social and cognitive skills.The result also revealed that English language was the main focused filed in the employment of flipped learning compared to others.In addition, it was seen that the majority of the flipped learning studies included first year's students as the study level.Meanwhile, the most significant challenges encountered by students and instructors is the activities design depending on the technology being used and limited resources and time.The results revealed that the flipped learning is an effective approach in promoting positive outcomes and the needed century skills.Collaborative research amongst countries on the effect of flipped learning in the future studies to produce more complete findings.",openalex,llm,0.950,unreviewed,,doi:10.29333/iji.2022.15337a
kept,Learning Achievements and Attitudes in a Computer Science Course: Activating Students Flipped Learning via ICT Technologies,Hui-Chun Chu; Chieh Yang,2017,2017 6th IIAI International Congress on Advanced Applied Informatics (IIAI-AAI),10.1109/IIAI-AAI.2017.162,https://ieeexplore.ieee.org/document/8113319/,qualifies-claim,"In this study, we trialed the combination of a flipped learning portfolio management system and an interactive assessment platform in a first-year Introduction to computers course (n = 58) to improve students engagement and learning achievements. It was recognized that a well-structured flipped learning model to help the students engage in this novel learning model needed to be developed. Including the potential benefits of the before-class learning tasks via using the flipped learning portfolio management system, and the in-class learning activities via the interactive assessment platform. In order to arrange sufficient time to fully engage with the two-stage learning system and in-class activities, traditional lectures were revised and the classroom format was flipped. After analyzing the students learning portfolio for six weeks, it was found that students need at least three weeks to cultivate the habit of watching videos in the before-class stage. Moreover, the students who watched videos more often showed better learning achievements in the formative and summative assessments. The findings further indicated that 80% of the students liked the videos developed by the teacher rather than those on the Internet. The students also showed positive attitudes toward the flipped learning model integrating those technologies.",ieee,llm,0.830,unreviewed,,doi:10.1109/iiai-aai.2017.162
kept,Flipping Web Programming Class: Student's Perception and Performance,Hendrik,2019,2019 IEEE 11th International Conference on Engineering Education (ICEED),10.1109/ICEED47294.2019.8994822,https://ieeexplore.ieee.org/document/8994822/,supports-claim,"Although programming is a fundamental skill that must be mastered by computer science students, there are still many students who feel inferior in learning programming. Therefore, the author attempted to apply an alternative learning method, namely the flipped method (FL) in a web programming course. This paper exposes the evaluation result of the implementation of the flipped learning in the course. This study aims to investigate the FL method's effectiveness from the students' view and the performance of students in the class. We investigate 42 students taking the course in the winter semester of 2018. We obtained data on the students' perception through an online questionnaire. Furthermore, we determined the students' performance by comparing the class average grade and success rate of the students in a traditional learning class and a flipped learning class. The students perceive that the implementation of the FL approach in the course is effective. Moreover, the results of this implementation show the improvement in the students' performance.",ieee,llm,0.980,unreviewed,,doi:10.1109/iceed47294.2019.8994822
discarded,The Effects of Flipped Classroom on Learning Achievement in Block-Based Programming Education,Victor Wan-Chong Choi; Huey Lei; António José Mendes,2023,2023 11th International Conference on Information and Education Technology (ICIET),10.1109/ICIET56899.2023.10111237,https://ieeexplore.ieee.org/document/10111237/,off-topic-false-hit,"With the rapid development of science and technology over the world, programming education has shown as a trend in decades. Programming courses have been offered in primary education to promote students’ computational thinking skills. However, teaching and learning programming in primary schools involve different knowledge including complex mathematical concepts and programming syntax. Also, traditional teaching methods may not effectively cater for students’ individual needs and learning trajectories. Thus, learning difficulties are common among students. Teachers keep examining innovation on programming education to improve their teaching. This study investigated used a pretest-posttest method with two groups of grade five students in Macao, to compare the influence of two pedagogical strategies, flipped classroom and traditional teaching, in students’ learning achievements. The major findings of the study showed that the experimental group in flipped classroom had significantly higher learning achievements than the control group in the programming course. Moreover, the students in the flipped classroom showed a significant effective mastery of more complex programming concepts, such as conditions and loops.",ieee,llm,0.990,unreviewed,,doi:10.1109/iciet56899.2023.10111237
kept,Analyses of possibilities of Flipped Classroom in Teaching Computer Science Courses,Majlinda Fetaji; Bekim Fetaji; Mirlinda Ebibi,2019,"2019 42nd International Convention on Information and Communication Technology, Electronics and Microelectronics (MIPRO)",10.23919/MIPRO.2019.8757126,https://ieeexplore.ieee.org/document/8757126/,supports-claim; qualifies-claim,"The flipped classroom is the new educational model in using technology to impact and enhanced education. From the published research on Flipped classroom concluded that has not been rigorously evaluated as a pedagogy but case studies are emerging. This research study focused on analyzing possibilities of flipped classroom in Computer Sciences particularly focusing on its implementation in 3 (three) courses: Programming. Object Oriented Programming and software engineering. Measured are Motivation of lecturer and motivation of student, increased attendance, better grades, access to learning materials, learning at own peace, better understanding, higher-level cognitive skills. Also flipped classroom impact on the learning outcomes has been investigated: Knowledge and understanding, Applying knowledge and understanding, Making judgment, Communications skills. Four broad categories of instructional approaches for use in an flipped classroom have been identified: (a) individual activities, (b) paired activities, (c) informal small groups, and (d) cooperative student projects. The research study is based on the theory of Bloom's revised taxonomy of cognitive domain. In order to analyze this, a case study experiment was realized and insights as well as recommendations are presented.",ieee,llm,0.830,unreviewed,,doi:10.23919/mipro.2019.8757126
discarded,Effects of Integrating a Personalization Mechanism into the Flipped Learning Approach on Students' Learning Achievement and Behaviors,Chia-Ying Tsai; Hui-Chun Chu,2019,2019 8th International Congress on Advanced Applied Informatics (IIAI-AAI),10.1109/IIAI-AAI.2019.00062,https://ieeexplore.ieee.org/document/8992815/,adjacent-subtopic,"In recent years, the flipped learning teaching model has attracted much attention. To ensure that students participate in the activities of watching instructional videos at home, it is important to design an efficient learning strategy for students to learn at home and in class. In this study, we integrate the personalization mechanism into a flipped learning ""Computer Science"" course (n = 138) to improve students' engagement and learning achievements. Moreover, some studies have indicated that concept maps can help students to construct their knowledge. When students learn difficult chapters of Computer Science, they need to understand the structure. Therefore, after they have finished their personalization mechanism flipped learning, they have to draw a concept map of what they have learned on the system. More importantly, the personalization mechanism flipped learning system can record students' learning behavior and analyze it. Using the system records, we can investigate the different behaviors of the experimental group and the control group.",ieee,llm,0.920,unreviewed,,doi:10.1109/iiai-aai.2019.00062
kept,Integration of Flipped Classroom and Problem Based Learning Model and its Implementation in University Programming Course,Gang Wang; Hong Zhao; Yun Guo; Min Li,2019,2019 14th International Conference on Computer Science & Education (ICCSE),10.1109/ICCSE.2019.8845525,https://ieeexplore.ieee.org/document/8845525/,supports-claim,"In this paper we report an experiment of implementing a flipped classroom combined with problem based learning approach in teaching a university programming course. We give the method of how to make the pre-recorded lecture videos and how to design a problem-based in-class activities. The results of the experiment show that our teaching approach, compared with traditional teaching approach, is more effective. Students in experiment class get higher scores in the final exam. And our teaching approach also have a positive impact on students' learning, engagement, performance, collaboration and retention.",ieee,llm,0.990,unreviewed,,doi:10.1109/iccse.2019.8845525
kept,Flipped Classroom Strategy to Help Underachievers in Java Programming,Manoj Kumar P.; Renumol V.G.; Sahana Murthy,2018,2018 International Conference on Learning and Teaching in Computing and Engineering (LaTICE),10.1109/LaTICE.2018.000-7,https://ieeexplore.ieee.org/document/8753391/,qualifies-claim,"How to develop the programming skills in students is a big concern for most of the programming-teachers. Since programming involves higher order thinking skills, teachers use many teaching strategies to develop higher thinking skills in students. Flipped classroom is one such innovative method for achieving the same. The objective of this study was to teach programming in Java to the underachievers using the flipped classroom method and the high achievers using the traditional approach and to examine how the low achievers perform in programming with respect to the high achievers after undergoing the flipped classroom sessions. The study participants were the 4th semester students in B. Tech. Computer Science (2015 admission at Cochin University College of Engineering Kuttanadu, Kerala, India). They had a lab in data structures using Java and Java was not taught in the class as part of the syllabus. Hence, the students find it difficult to do the data structures lab, which motivated the authors to teach them Java as evening classes. The students were asked to rate their programming skills as either good, average, poor or very poor. Based on their feedback and their previous semester marks in programming in C++, they were classified either as underachievers or high achievers. The total duration of this extra class was fixed as ten hours for each group. After the fifth and tenth classes, same tests were conducted for both the groups and the results were analyzed using t-test. The results showed that the low achievers in the flipped classroom performed at par with the high achievers of the traditional classroom.",ieee,llm,0.930,unreviewed,,doi:10.1109/latice.2018.000-7
kept,A Flipped Classroom Approach to Teaching Concurrency and Parallelism,Shirley V. Moore; Steven R. Dunlop,2016,2016 IEEE International Parallel and Distributed Processing Symposium Workshops (IPDPSW),10.1109/IPDPSW.2016.161,https://ieeexplore.ieee.org/document/7529968/,supports-claim,"Concurrency and parallelism are difficult concepts for computer science students, even those who are experienced programmers. The traditional teaching approach of lecturing and giving assignments to be done outside of class can leave students frustrated and unable to complete assignments successfully. The flipped classroom approach promotes collaborative learning during class meetings, with the goal of leading to a clearer understanding of concurrency and parallelism concepts and increased ability to apply and synthesize the knowledge. Outcomes-based assessment has shown improvement over the traditional lecture approach.",ieee,llm,0.970,unreviewed,,doi:10.1109/ipdpsw.2016.161
discarded,An e-Learning system for programming languages with semi-automatic grading,Lih-Shyang; Chen Authors; Chao-Cheng Chen; Shu-Han Chang; Emily Yang,2017,2017 10th International Conference on Ubi-media Computing and Workshops (Ubi-Media),10.1109/UMEDIA.2017.8074134,https://ieeexplore.ieee.org/document/8074134/,adjacent-subtopic,"In this paper, we describe an e-Learning system that can help novices to learn how to develop some workable programs in a short period of time, assess their performance, and automatically grade the students' programs. The system takes advantage of computer and network technologies and combines the concept of flipped classroom to help the instructor and students in their teaching and learning activities. The system can do semi-automatic grading for the students' program and produce some preliminary results. The preliminary study shows that the platform can indeed assess the students' performance and consequently help the students to learn programming languages more effectively and efficiently.",ieee,llm,0.960,unreviewed,,doi:10.1109/umedia.2017.8074134
kept,Increasing Students’ Responsibility and Learning Outcomes Using Partial Flipped Classroom in a Language Processors Course,Jaime Urquiza-Fuentes,2020,IEEE Access,10.1109/ACCESS.2020.3039628,https://ieeexplore.ieee.org/document/9265287/,supports-claim,"More than twenty years have passed since the term Flipped Classroom was coined. Despite of the increasing interest in this teaching methodology, fields like Computer Science still need more research in order to judge the impact of this methodology in the learning process. This work presents a comparative study between traditional lectures and a partial application of the Flipped Classroom methodology in the subject Language Processors of a Computer Science degree. The study involved 158 students during two weeks and focused on practical contents of the subject. The results show that students in the Flipped Classroom group were more responsible of their learning process, consequently they got significant better learning outcomes either during or at the end of the learning process. Students' satisfaction was highly positive as well. This work increases the amount of experiments about Flipped Classroom within the field of Computer Science. In addition, this work serves as an example of how to begin the transition from traditional lectures to the Flipped Classroom methodology.",ieee,llm,0.990,unreviewed,,doi:10.1109/access.2020.3039628
