status,title,authors,year,venue,doi,url,tags,abstract,provider,decision_source,llm_confidence,llm_review_outcome,llm_change_direction,paper_id
kept,Flipped but engaged? A systematic review of student engagement in higher education flipped classrooms incorporating the agentic dimension,C. Myagmarkhorloo,2026,Cogent Education,10.1080/2331186X.2026.2644673,https://www.scopus.com/inward/record.uri?partnerID=HzOxMe3b&scp=105033368653&origin=inward,qualifies-claim,"The flipped classroom (FC) is widely used to promote active, student-centered learning, yet the mechanisms linking FC to multidimensional engagement remain unclear. This systematic review, guided by PRISMA, synthesized 25 empirical studies (2015–2024) in higher education to examine how engagement is conceptualized, measured, and influenced by FC designs combining pre-class content with in-class active learning. We analyzed four dimensions: behavioral (participation and effort), cognitive (deep processing and strategy use), emotional (interest and satisfaction), and agentic (proactive contributions). Behavioral (88%) and cognitive (76%) engagement were most frequently investigated, with strong positive associations with academic performance (d ≈ 0.73–0.95). Emotional engagement, though less consistently assessed, also showed substantial gains (d ≈ 0.88–0.97), whereas agentic engagement was rarely examined (24%) and displayed minimal improvement. Methodologically, an over-reliance on unvalidated self-report instruments constrained synthesis and generalizability. Overall, FC research robustly captures behavioral and cognitive dimensions but underexplores emotional and agentic engagement. Future work should integrate IT-supported and motivational approaches (e.g. adaptive platforms, gamification) to develop FC ecosystems that foster more holistic, self-regulated engagement.",scopus,llm,0.870,unreviewed,,doi:10.1080/2331186x.2026.2644673
kept,Addressing the challenges and impact of flipped classroom model on the performance and perception of health professional students: an umbrella review,C.K. Johan,2026,Cogent Education,10.1080/2331186X.2026.2620220,https://www.scopus.com/inward/record.uri?partnerID=HzOxMe3b&scp=105028899155&origin=inward,supports-claim; qualifies-claim,"In response to the advancements in the worldwide healthcare landscape, health professional education has become crucial for addressing those issues. With the emerging challenges, inefficiencies in current health education practices drive the need to develop innovative teaching methods, such as the flipped classroom (FC) model. This study aims to evaluate the challenges and impact of the FC model on health professional students’ performance and perception. A structured umbrella review was conducted according to the Joanna Briggs Institute (JBI) methodological guidelines. The search was performed in four databases: PubMed, ScienceDirect, Cochrane Database for Systematic Reviews and PMC. Analyzing eighteen reviews published in 2020–2025, we discovered similar results reporting the positive effect of FC on students’ grades, both theoretical and practical. Findings also indicated a positive perception following FC implementation. However, gaps in evidence related to technical aspects, particularly concerning the learning duration and optimal workload, were identified as challenges. While the Grading of Recommendations, Assessment, Development and Evaluation (GRADE) rating indicated limited certainty of evidence, findings suggested that FC model implementation may improve health students’ performance and elicit positive perception. Future research is essential to obtain empirical evidence regarding the specific technicalities-related issue during FC implementation in health profession education.",scopus,llm,0.960,unreviewed,,doi:10.1080/2331186x.2026.2620220
discarded,Blended learning in autism spectrum disorder: a systematic review of efficacy and implementation,A. Ghorbel,2026,International Journal of Developmental Disabilities,10.1080/20473869.2026.2713737,https://www.scopus.com/inward/record.uri?partnerID=HzOxMe3b&scp=105046812535&origin=inward,off-topic-false-hit,"Objectives To evaluate the pedagogical effectiveness of blended learning (BL) for children with autism spectrum disorder (ASD), examining its impact on academic achievement, social communication, and behavioral outcomes.Methods A systematic review was conducted following PRISMA 2020 guidelines. Four databases (PubMed, Web of Science, ERIC, and PsycINFO) were searched (April 2026), identifying 161 records. After screening, 10 studies (2006–2023) met inclusion criteria. Data extraction and quality appraisal using the mixed methods appraisal tool were performed independently by two reviewers.Results The 10 studies (approximately 468 participants) included randomized controlled trials, quasi-experimental, single-subject, and qualitative designs. BL enhanced skill acquisition through adaptive pacing (e.g. flipped classrooms), structured routines, and technology-assisted tools (visual schedules, mobile apps, iPads). Interventions combining human interaction with digital components—such as Snack Talk for mealtime communication and Moodle-based caregiver training—improved skill generalization across settings. However, challenges persist: inequitable technology access, insufficient educator training, and limited long-term efficacy data. The literature predominantly addresses mild-to-moderate ASD, neglecting severe cases and low-resource contexts. Methodological quality varied, with only one study rated low risk of bias.Conclusions BL represents a promising approach for ASD education, offering flexibility to address diverse learner profiles. Realizing its potential requires equitable resource distribution, educator capacity-building, longitudinal research, and innovations in sensory-friendly technologies to empower autistic learners in inclusive academic environments.",scopus,llm,0.990,unreviewed,,doi:10.1080/20473869.2026.2713737
discarded,Active pedagogy and comprehensive student development: an integrative hermeneutic review and five-category interpretive model,J. Méndez Reyes,2026,Frontiers in Education,10.3389/feduc.2026.1911517,https://www.scopus.com/inward/record.uri?partnerID=HzOxMe3b&scp=105046636322&origin=inward,adjacent-subtopic,"
 
 This study examines how active pedagogical methodologies contribute to students’ comprehensive development across cognitive, affective, social, ethical, and practical dimensions, extending the analysis beyond academic performance outcomes.
 
 
 
 A qualitative integrative hermeneutic review was conducted using a corpus of 42 scholarly sources retrieved from Scopus, Web of Science, ERIC, SciELO, and Redalyc, supplemented by recognized theoretical monographs. The study followed a transparent documentary selection protocol—including contextual reading, thematic categorization, theoretical triangulation, interpretive synthesis, and qualitative appraisal—without claiming systematic-review compliance or meta-analytic status.
 
 
 
 Analysis of the 42-source corpus identifies five interrelated developmental categories produced by active pedagogy: cognitive, affective, social, ethical, and practical. Methodologies including project-based learning, service-learning, cooperative learning, flipped classroom, and self-directed learning contribute to comprehensive student formation when sustained by pedagogical scaffolding, assessment coherence, teacher preparation, and institutional capacity. Effects are conditional rather than automatic, and implementation risks—including student anxiety, inequality reproduction, and institutional constraint—are documented across categories.
 
 
 
 The study proposes an original five-category interpretive model that articulates dispersed theoretical and empirical contributions into a middle-range analytical framework for active pedagogy, integrating self-determination theory, experiential learning, transformative learning, and communities of practice within a single interpretive architecture.
 
 
 
 The model offers an operational basis for curriculum design, teacher professional development, and institutional quality assessment in higher education. For Latin American and Ecuadorian contexts specifically, active pedagogy should be implemented as situated curricular design embedded in structures of equity, interculturality, and democratic participation—not as isolated classroom innovation.
",scopus,llm,0.910,unreviewed,,doi:10.3389/feduc.2026.1911517
kept,"Self-Efficacy, Emotions and Mathematics Achievement: Longitudinal Effects of Flipped Learning",P. Nokelainen,2025,Journal of Computer Assisted Learning,10.1111/jcal.70148,https://www.scopus.com/inward/record.uri?partnerID=HzOxMe3b&scp=105020809908&origin=inward,qualifies-claim,"
 
 
 First‐year engineering mathematics courses present a critical academic challenge, often leading to a significant decline in student self‐efficacy, a key predictor of retention and success. While flipped learning is a proposed solution, a lack of longitudinal research using robust comparison groups has limited our understanding of its true impact over time. This study addresses this gap by examining the interplay of a flipped learning model, self‐efficacy, emotions, and achievement across a full academic year.
 
 
 
 To longitudinally investigate how a student‐centred flipped learning model influences the development of first‐year engineering students' self‐efficacy compared to a student‐centred lecture‐based model, and to examine the roles of emotional valence and mathematics achievement in this process.
 
 
 
 This quasi‐experimental study involved 393 first‐year engineering students at a Finnish university. Students were organised into a flipped learning intervention group and a lecture‐based control group for four compulsory mathematics courses over the 2019–2020 academic year. Data on self‐efficacy and emotional valence were collected at five time points and analysed, along with mathematics achievement scores, using multilevel modelling.
 
 
 
 While an overall decline in self‐efficacy was observed, the developmental pattern differed by group: the control group showed a steady linear decline, while the intervention group exhibited a non‐linear trend of decline and pre‐pandemic recovery. However, the flipped learning intervention significantly mitigated this overall decline, with the intervention group maintaining a consistently higher trajectory of self‐efficacy. While this treatment effect was statistically significant, its practical effect size was small, a finding that aligns with prior meta‐analyses in engineering disciplines. Positive emotions and higher achievement were positively related to self‐efficacy for all students, but no significant interaction effects with the instructional model were found.
 
 
 
 Flipped learning can serve as a protective buffer against the erosion of student confidence in challenging first‐year engineering mathematics courses. The findings suggest that the primary benefit of the model stems not simply from inverting instruction, but from the structured, collaborative social interactions that foster mastery experiences and peer support. Educators should prioritise these components to support students during their critical transition to higher education.
",scopus,llm,0.910,unreviewed,,doi:10.1111/jcal.70148
discarded,Effectiveness of flipped classroom in medical education: Protocol study of a systematic review,M. Gaddour,2025,Tunisie Medicale,10.62438/tunismed.v103i10.6330,https://www.scopus.com/inward/record.uri?partnerID=HzOxMe3b&scp=105034378901&origin=inward,adjacent-subtopic,"Introduction . The flipped classroom (FC) integrates online content delivery with in-class activities focused on knowledge application, such as discussions and problem-solving. While increasingly prevalent in medical education field, the efficacy of FC remains a subject of debate. Objective . This protocol outlines a systematic review (SR) to examine the scope and methodological quality of studies on the FC teaching approach in medical education. Methods . The protocol was registered in PROSPERO (CRD420251008268) and adhered to the Preferred Reporting Items for SRs Protocols guidelines. A thorough literature search will be performed using Scopus, PubMed/Medline, the Cochrane Library, and Google Scholar. The review will consider comparative controlled studies that focus on FC in the medical learning field. Two independent reviewers will carry out a rigorous data extraction. The Medical Education Research Study Quality Instrument will be used to evaluate the study's quality. Synthetizing the findings of this SR will provide a thorough understanding of the impact of FC in academic performance and students' satisfaction in medical learning. Expected results . This qualitative summary will offer a narrative overview of the included papers, emphasizing interventions designed to evaluate the impact of FC. Results will be discussed according to the review's objectives, evaluating both study quality and consistency of findings, and will be clearly illustrated using tables and graphs. Conclusion . The SR developed from this protocol will undoubtedly provide evidence of the effectiveness of FC in medical education and will effectively contribute to increasing the present body of information on FC interventions for improving outcomes.",scopus,llm,0.990,unreviewed,,doi:10.62438/tunismed.v103i10.6330
discarded,Mapping the First Twenty Years of the Flipped Classroom Model in Primary School Education: A Systematic Review*,N. Ağırman,2025,International Electronic Journal of Elementary Education,10.26822/iejee.2025.410,https://www.scopus.com/inward/record.uri?partnerID=HzOxMe3b&scp=105018065157&origin=inward,off-topic-false-hit,"This systematic review of flipped classrooms examined the trends, purposes, results, and recommendations of relevant research conducted in primary schools. The study evaluated 20 articles that met the eligibility criteria obtained from publications in the Web of Science, ERIC, Scopus, Science Direct, ProQuest Dissertations & Theses Global, TR Index, and Turkey Council of Higher Education Thesis Center databases between 2000 and 2020. The results revealed that the first study on this subject was published in 2014, and although most of the studies were carried out in the fourth grade, no studies were found with first-grade students. The studies were mostly conducted in the fields of language and mathematics education. The results also revealed that videos prepared by the researcher-teacher were mostly used as digital learning materials, and that content sharing was predominantly used in online environments. The most frequently examined purpose in the studies was academic achievement, followed by students’ and parents’ opinions. In these studies, the use of flipped classrooms positively affected the academic achievement of primary school students. Furthermore, offering fun learning and increasing student-student interaction were the common positive results. The most common negative results were that students needed parental support in extracurricular processes, that preparing and finding digital learning materials was a workload for teachers, and that parents had various concerns. The prominent suggestions made in these studies were long-term studies, parents’ education, and cooperation with parents.",scopus,llm,0.990,unreviewed,,doi:10.26822/iejee.2025.410
discarded,TECHNOLOGY-ENHANCED SCIENCE TEACHING FOR 21ST-CENTURY LEARNING: A SYSTEMATIC REVIEW OF EVIDENCE-BASED STRATEGIES AND THEIR ALIGNMENT WITH SDG 4,D.S. Sayadi,2025,Jurnal Pendidikan IPA Indonesia,10.15294/jpii.v14i3.29379,https://www.scopus.com/inward/record.uri?partnerID=HzOxMe3b&scp=105018458785&origin=inward,adjacent-subtopic,"The evolving demands of 21st-century education require science teaching strategies that promote student engagement, critical thinking, and real-world application. Although many studies examine individual approaches, consolidated evidence identifying which strategies best align with modern educational outcomes—and what large-scale evidence from the fully online COVID-19 period implies—remains limited. This study systematically reviews and synthesizes high-quality empirical evidence on technology-enhanced strategies for teaching science, with a focus on their use in teacher education programs. Guided by the PICO framework, a comprehensive search across seven major databases (2015–2025) yielded 133,414 records. After applying predefined inclusion/exclusion criteria and conducting critical appraisal using the JBI checklists and ROBVIS, 23 studies met eligibility for analysis. Thematic synthesis revealed three dominant categories of effective strategies: (1) immersive technologies (e.g., augmented reality, virtual reality, interactive simulations); (2) collaborative digital platforms (e.g., Google Classroom, Edmodo, Internet Reciprocal Teaching); and (3) interactive learning tools (e.g., virtual laboratories, gamified slide presentations, digital flipbooks). Across diverse disciplines and grade levels, these strategies generally improved engagement, conceptual understanding, and scientific literacy under controlled or well-supported conditions. Triangulation with evidence from fully online learning during COVID-19, however, indicates heterogeneous—and at scale, often negative—system-level outcomes when enabling conditions are weak, as reflected in international assessments (e.g., PISA 2022). Distinct from prior reviews, this study integrates technology-enhanced pedagogy with SDG 4 goals, providing a global synthesis that bridges instructional innovation and sustainable education frameworks. The findings underscore the importance of professional development, curriculum alignment, and equitable technology access as enabling conditions for successful implementation. We conclude that student-centered, technology-enhanced approaches embedded within inquiry- or project-based frameworks can advance learning outcomes while supporting quality, inclusive, and future-ready science education.",scopus,llm,0.910,unreviewed,,doi:10.15294/jpii.v14i3.29379
kept,Comprehensive structured review of implementing flipped classroom approaches in education,R. Mazlan,2025,Journal of Education and Learning,10.11591/edulearn.v19i3.22655,https://www.scopus.com/inward/record.uri?partnerID=HzOxMe3b&scp=105006992625&origin=inward,supports-claim,"In recent years, the flipped classroom model has garnered significant attention in education, marking a shift from conventional teaching methods to a more student-centered approach. This systematic review delves into the implementation of flipped classrooms and their influence on educational environments. The focus is on effective teaching strategies that enhance student engagement and learning outcomes. A detailed analysis of current research identifies common methodologies, such as using pre-recorded lectures and active learning techniques in class. Evidence suggests that flipped classrooms contribute to improved academic performance, increased student participation, and higher satisfaction levels. This review involved an extensive search of scholarly articles from databases like Scopus, Web of Science (WoS), and ERIC, covering studies published between 2021 and 2024. Using the preferred reporting items for systematic reviews and meta-analyses (PRISMA) framework, 35 primary studies were analyzed, revealing three main themes: i) the effectiveness of blended learning, ii) flipped classroom methodologies and their impacts, and iii) technological innovations and gamification in education. In conclusion, the flipped classroom model shows promise for enhancing language education through more effective and engaging instructional methods. However, successful adoption requires careful planning and support to overcome potential challenges. This review offers valuable insights for educators and policymakers interested in innovative teaching approaches in language education.",scopus,llm,0.880,unreviewed,,doi:10.11591/edulearn.v19i3.22655
