status,title,authors,year,venue,doi,url,tags,abstract,provider,decision_source,llm_confidence,llm_review_outcome,llm_change_direction,paper_id
kept,Flipped classroom – a qualitative study of medical students,Unni Mette Stamnes Köpp; Hilde Timenes Mikkelsen; Ingvild Vistad,2026,Tidsskrift for Den norske legeforening,10.4045/tidsskr.25.0438,https://openalex.org/W7154947180,qualifies-claim,"Background and aim: In the flipped classroom model, students prepare for lessons in advance, enabling teaching sessions to be used for discussion, reflection and other active learning activities. The aim of this qualitative study was to explore the impact of preparatory tasks on medical students' motivation, engagement and perceived learning. Material and method: Two focus group interviews were conducted in May 2024 with 14 medical students at the University of Oslo, Campus South. The students had experience with both traditional lectures and the flipped classroom. The interviews were analysed using a reflexive thematic approach, with a focus on students' experiences with preparation and learning. Results: Student motivation increased when expectations were clearly expressed and preparatory tasks were adapted to the scope of the teaching session. Students preferred brief preparatory tasks that were provided well in advance. Active incorporation of preparatory work into lessons, in the form of quizzes, discussions and case studies, promoted engagement and self-efficacy. Students felt that the flipped classroom approach deepened their understanding of the material and increased their confidence in academic discussions, particularly in relation to complex topics. They also felt that the teaching model supported the development of professional identity and preparation for clinical practice. Interpretation: Combining well-defined preparatory tasks and active incorporation of these into the flipped classroom promotes students' motivation, engagement, self-efficacy and reflective thinking.",openalex,llm,0.910,unreviewed,,doi:10.4045/tidsskr.25.0438
discarded,The use of educational technology for interactive teaching in lectures,Faiz Tuma,2021,Annals of Medicine and Surgery,10.1016/j.amsu.2021.01.051,https://openalex.org/W3124603508,adjacent-subtopic,"Students often feel overwhelmed by the volume and complexity of knowledge and skills required to learn. Along with this challange, educational technology has been gradually introduced in medical education to facilitate learning and improve outcomes. It became an essential part of communication, storing and transferring information, audio-visual media use and production, and knowledge sharing. Technology's role has been expanding from a mere tool of study and inquiry to an approach and integrated use in education. Its use in medical education is continuously evolving. However, the impact and optimal use of various technology applications are not clearly defined. There are multiple challenges facing educators to choose the right application for the specific educational purpose. Hence, studies and evaluation reviews are needed to inform the better-defined use of educational technology. This review aims to discuss and evaluate various educational technology applications in medical education, focusing on interactive learning during lectures. Lectures and other group learning sessions are common activities used by medical schools. Promoting interactive learning in large groups is known to be challenging. The advances in technology to facilitate communication and promote interaction is a promising adjunct for lectures interactivity.",openalex,llm,0.950,unreviewed,,doi:10.1016/j.amsu.2021.01.051
discarded,"Toward Solving the High Enrollment, Low Engagement Dilemma: A Case Study in Introductory Business",Nancy M. Schullery; Robert F. Reck; Stephen E. Schullery,2011,,,https://openalex.org/W2412355206,adjacent-subtopic,"The challenges of high enrollment, apparent low engagement, questionable evaluation, and a scarcity of faculty to teach an introductory business course were addressed by reformatting the course delivery to a hybrid style “inverted classroom,” which devotes classroom time to active learning and assigns reading and videotaped lectures for completion outside class. In 75 minute class meetings each week, faculty and part-time businessoriented instructors work with 24 students per section to clarify and reinforce concepts through discussion of related current events and a group problem-solving exercise. We sought to determine if the new format achieved our learning objectives and engaged students. Factor and content analyses of student surveys (N = 868) show that the students’ level of overall satisfaction with the course and their perceived learning of concepts correlates with their in-class engagement. Results indicate the reformatted delivery has successfully addressed the challenges presented by this high enrollment course.",openalex,llm,0.910,unreviewed,,hash:3a1855754be5f6b3
kept,The Impact of Flipped Classroom in Undergraduate Nursing Education,Muhammad Rehan; Lim Gek Mui,2025,The critical review of social sciences studies,10.59075/hqwsfh25,https://openalex.org/W4411970434,supports-claim; qualifies-claim,"Over the past two decades, nursing education has experienced a significant pedagogical shift driven by advances in educational technologies and the need for integrating theory with clinical practice. This literature review explores the adoption and effectiveness of the flipped classroom model in undergraduate nursing education, emphasizing its impact on active learning, critical thinking, self-directed learning, and clinical competence. The flipped classroom, through pre-class digital content and interactive in-class activities, addresses the limitations of traditional lecture-based instruction and enhances student engagement, autonomy, and collaborative learning. Numerous studies affirm that this approach not only improves academic performance but also boosts motivation, self-efficacy, and interpersonal communication skills. Despite these benefits, challenges such as limited technological infrastructure, faculty resistance, and lack of training remain barriers to implementation, especially in resource-constrained settings. The review highlights the need for context-specific research, faculty development, and institutional readiness to fully harness the flipped classroom’s potential. Overall, the integration of technology-enhanced, learner-centered strategies represents a critical evolution in preparing nursing students for real-world clinical environments.",openalex,llm,0.880,unreviewed,,doi:10.59075/hqwsfh25
discarded,"Using Student-Created Content Videos in Flipped Learning to Enhance Student Higher-Order Thinking Skills, Engagement, and Satisfaction",Kodwo Annan; Grace Onodipe; Dr. Andrew Stephenson,2019,Journal of Education & Social Policy,10.30845/jesp.v6n3p4,https://openalex.org/W2981129611,adjacent-subtopic,"Student-created content videos in flipped learning environment provides a new methodology for teaching and learning.This study examined effect of student-created content videos in statistics flipped classroom on students' higher-order thinking skills, engagement, and satisfaction.Explorative qualitative study was conducted using data from students' surveys and tests from integrated and non-integrated student-created video flipped classrooms to measure students' higher-order thinking skills, student engagement and satisfaction.Interviews and notes were conducted to support the data.A randomized controlled trial was implemented to examine the impact of student-created content videos on students' higher-order thinking skills, engagement and satisfaction.The findings revealed that flipped learning with student-created content videos is effective in increasing students' higher-order thinking skills, engagement, and satisfaction.The study posited that students who created their own content videos had more autonomous learning that satisfied their needs, freedom, and satisfaction.Also, those students were more engaged in their learning process and therefore became good and successful learners, consequently achieved high grades.",openalex,llm,0.920,unreviewed,,doi:10.30845/jesp.v6n3p4
kept,Inversed Learning in an Intermediate Accounting Course.,Ashley Blaine Bentley,2019,Digital Commons - East Tennessee State University (East Tennessee State University),,https://openalex.org/W2925054033,qualifies-claim,"Students enrolled in accounting courses often struggle because of the complexity of the topic. Accounting instructors have searched for effective means of fostering student success, but the learning process continues to change. Critical thinking and problem solving abilities are vital for students and future professionals. Thus, teaching should not be limited to the transmission of information. By moving the dissemination of basic knowledge outside the classroom inversed learning allows class time for deep dives into complex topics and hands-on activities. Students who are actively involved in learning tend to be more successful in the classroom. The purpose of this study was to determine how undergraduate students in an intermediate accounting course respond to an inversed classroom structure as it relates to financial accounting. A quasi-experimental, quantitative approach was used to investigate whether the academic performance of students who received instruction in a flipped classroom significantly differed from students who received instruction in a traditional classroom. Subgroups of students within the treatment group were examined to determine their response to the intervention. The study was completed over 2 semesters. Participants were determined by pre-existing groups. Students enrolled in an intermediate accounting course during the spring 2018 semester received instruction in a traditional manner. Students enrolled in the same course during the fall 2018 semester were taught using the inversed model. The researcher for this study also served as the instructor for both groups. Academic achievement was measured by student performance on four exams administered during each semester. Six research questions were addressed using MANOVA, ANOVA, and multiple regression analyses. The results indicated students generally perform better in the inversed learning environment than in the traditionally formatted classroom. Although the comparisons were not statistically significant, students in the flipped classroom did achieve higher scores on 3 of the 4 exams. No significant interaction was found between the classroom environment and gender or learning style. Both college GPA and gender were found to be significant predictors of academic performance. The findings from this study may support faculty in the enrichment of college curriculum by promoting active learning.",openalex,llm,0.860,unreviewed,,hash:bbd9ecb90526e58c
discarded,Enhancing practical laboratory skills through video-based flipped learning,Carolina Vargas; Andrés Garcés; Esther M. Márquez Sánchez‐Carnerero; Luis F. Sánchez‐Barba,2025,Proceedings of the International Conference on New Trends in Teaching and Education,10.33422/ntteconf.v2i1.1292,https://openalex.org/W7117547191,adjacent-subtopic,"Higher education must cultivate essential transversal abilities such as collaboration, communication, autonomy and critical analysis, which are vital in today’s dynamic environments. These skills, central to 21st-century education, are often lacking in STEM graduates due to traditional, lecture-based instruction. Active student-centered methods, like the flipped classroom, address this shortfall by prioritizing engagement and applied learning. Integrating this model into lab settings enhances both conceptual understanding and hands-on skills, fostering adaptable graduates equipped for complex, real-world challenges in both professional and personal domains. This study evaluates the use of instructor-created videos in a flipped classroom for first-year Chemistry students in an Engineering program at the School of Experimental Sciences and Technology at Rey Juan Carlos University. Aimed at addressing knowledge gaps in lab techniques, the approach fostered active learning and transferable skill development. The activity is part of a study evaluating lab performance and student perceptions via pre- and post-practice surveys. It measures expectations, prior knowledge by an initial survey, as well as satisfaction by a final one. Participation in surveys is voluntary, with informed consent and ethical approval from the university’s committee. Students’ initial survey scores (3–3.5/on a 5-point Likert scale) showed strong engagement and interest in analyzing subject content. Final scores (3.5–4/5) highlighted improved understanding, especially through collaboration. Learners appreciated innovative group tasks and valued clarity in evaluation, reinforcing the activity’s positive impact on learning. Student performance was analysed in relation to a prior cohort that did not engage with the video-based instructional strategy. Results revealed a notable shift, with participants attaining moderate to high marks. Success rates rose by 11%, and the proportion of top grades grew by 25%. These outcomes suggest that methodological enhancements positively influenced learning effectiveness, reflecting both increased academic achievement and strong student engagement with the innovative pedagogical approach.",openalex,llm,0.820,unreviewed,,doi:10.33422/ntteconf.v2i1.1292
kept,The right tool for the job: matching active learning techniques to learning objectives,Sarah Jacobson; Luyao Zhang; Jiasheng Zhu,2024,Advances in Economics Education,10.4337/aee.2024.02.04,https://openalex.org/W4405314537,qualifies-claim,"Active learning comprises techniques that engage students in the construction of understanding. Different techniques may work best for different learning objectives. We study students’ perceptions of some active learning techniques (including a Python simulation and a game) and traditional techniques (such as lecture). Students engage actively with them all, though more with those influential in course grades and with some active learning techniques. They particularly enjoy most active learning techniques. All techniques are rated as effective for each learning objective, but to varying extents. Traditional techniques like exams are rated highest for remembering concepts (associated with lower order cognitive skills). In contrast, some active learning techniques are rated highest for objectives related to higher order cognitive skills, including learning to conduct research, though lectures performed surprisingly well for these objectives. Other technique-objective matches are intuitive. Our results imply that a mix of techniques may be optimal in course design.",openalex,llm,0.870,unreviewed,,doi:10.4337/aee.2024.02.04
discarded,Perceived Effectiveness and Challenges in Flipped Language Learning,Ruiyue Xiong; Gregerlin I. Lambenicio,2023,Zenodo (CERN European Organization for Nuclear Research),10.5281/zenodo.8180670,https://openalex.org/W4385228672,adjacent-subtopic,"The flipped learning paradigm enables teachers to prioritize active learning more during class time by making lecture materials and presentations available to students at home or outside of class. First, the effectiveness of flipped language acquisition was assessed. Data were gathered via a questionnaire using three analysis techniques: descriptive, correlation, and regression. The links between perceived characteristics were then investigated, including ease of use, perceived self-efficacy, perceived technology use, perceived learning climate, perceived online and offline engagement, and students' perceived effectiveness in flipped language learning. The study's conclusions and their implications will be further discussed and outlined. An in-depth examination of the influencing factors enables teachers to comprehend the underlying problems that undermine the efficacy of flipped classrooms and make perceptive recommendations for improving student learning, particularly during the pandemic.",openalex,llm,0.960,unreviewed,,doi:10.5281/zenodo.8180670
discarded,Perception and effectiveness of flipped classroom among undergraduate dental students,"Bagwan D, Gotarne P, Kale Y, Gujjar P, Harsha M",2025,Zenodo (CERN European Organization for Nuclear Research),10.5281/zenodo.17983426,https://openalex.org/W7116516621,adjacent-subtopic,"The flipped classroom has gained prominence as a student-centred teaching approach designed to enhance engagement, understanding, and active learning. In dental education—where both theoretical competency and clinical reasoning are essential—this model offers potential advantages over traditional lectures. This study aimed to evaluate the perception and effectiveness of the flipped classroom among undergraduate dental students at Yogita Dental College and Hospital, Khed, Ratnagiri. A cross-sectional survey was conducted among 200 undergraduate students who voluntarily participated and provided digital consent. A structured Google Form questionnaire assessed students’ awareness, engagement, perception, and perceived learning outcomes related to the flipped classroom approach. Descriptive statistics were used to analyse the responses. Of the respondents, 73.6% were female and 26.4% were male, with first-year students forming the largest group (33.8%). Although 60.2% were initially unfamiliar with the flipped classroom concept, students overall demonstrated positive attitudes toward the model. Most participants found pre-recorded materials easy to understand (72.6%) and felt prepared to learn basic concepts before class (70.6%). Classroom activities were widely regarded as beneficial, improving understanding (84.1%) and critical thinking (80.1%). Additionally, 72% believed they would better remember and apply concepts, while 65.8% anticipated improved academic performance. However, less than half (48.8%) found the pre-class workload manageable, indicating the need for balanced instructional design. Overall, the findings suggest that the flipped classroom is well-received by dental students and supports improved engagement and learning. Effective implementation, however, requires careful structuring of pre-class materials and faculty readiness.",openalex,llm,0.980,unreviewed,,doi:10.5281/zenodo.17983426
discarded,Perception and effectiveness of flipped classroom among undergraduate dental students,"Bagwan D, Gotarne P, Kale Y, Gujjar P, Harsha M",2025,Zenodo (CERN European Organization for Nuclear Research),10.5281/zenodo.17983425,https://openalex.org/W7116411432,adjacent-subtopic,"The flipped classroom has gained prominence as a student-centred teaching approach designed to enhance engagement, understanding, and active learning. In dental education—where both theoretical competency and clinical reasoning are essential—this model offers potential advantages over traditional lectures. This study aimed to evaluate the perception and effectiveness of the flipped classroom among undergraduate dental students at Yogita Dental College and Hospital, Khed, Ratnagiri. A cross-sectional survey was conducted among 200 undergraduate students who voluntarily participated and provided digital consent. A structured Google Form questionnaire assessed students’ awareness, engagement, perception, and perceived learning outcomes related to the flipped classroom approach. Descriptive statistics were used to analyse the responses. Of the respondents, 73.6% were female and 26.4% were male, with first-year students forming the largest group (33.8%). Although 60.2% were initially unfamiliar with the flipped classroom concept, students overall demonstrated positive attitudes toward the model. Most participants found pre-recorded materials easy to understand (72.6%) and felt prepared to learn basic concepts before class (70.6%). Classroom activities were widely regarded as beneficial, improving understanding (84.1%) and critical thinking (80.1%). Additionally, 72% believed they would better remember and apply concepts, while 65.8% anticipated improved academic performance. However, less than half (48.8%) found the pre-class workload manageable, indicating the need for balanced instructional design. Overall, the findings suggest that the flipped classroom is well-received by dental students and supports improved engagement and learning. Effective implementation, however, requires careful structuring of pre-class materials and faculty readiness.",openalex,llm,0.980,unreviewed,,doi:10.5281/zenodo.17983425
discarded,"Effects of a Flipped Classroom College Business Course on Students’ Pre-Class Preparation, In-Class Participation, Learning, and Skills Development",Gordon X. Wang,2025,Administrative Sciences,10.3390/admsci15080301,https://openalex.org/W4412907371,adjacent-subtopic,"As an example of pedagogical approaches that blend online and face-to-face instruction, the flipped classroom model has seen exponential growth in business schools. To explore its effectiveness, expectancy-value theory and cognitive load theory were employed to develop a framework linking students’ perceived usefulness of the online and in-person content to their pre-class preparation, class participation, perceived learning, and skills development. A preliminary test of this framework was conducted using a flipped Organizational Behavior course within a business diploma program at a publicly funded Canadian college. The perceived usefulness of the online component was positively associated with students’ pre-class preparation, which, in turn, was positively related to both their perceived learning and skills development. Implications for practice and directions for future research are discussed.",openalex,llm,0.970,unreviewed,,doi:10.3390/admsci15080301
