status,title,authors,year,venue,doi,url,tags,abstract,provider,decision_source,llm_confidence,llm_review_outcome,llm_change_direction,paper_id
kept,Effects of flipping the classroom on learning outcomes and satisfaction: A meta-analysis,David C.D. van Alten; Chris Phielix; Jeroen Janssen; Liesbeth Kester,2019,Educational Research Review,10.1016/j.edurev.2019.05.003,https://openalex.org/W2947075461,supports-claim; qualifies-claim; metaanalys,"In a flipped classroom, students study instructional material before class and apply this material during class. To provide a statistical synthesis of current research on effects of flipped classrooms, we conducted meta-analyses that included 114 studies which compared flipped and non-flipped classrooms in secondary and postsecondary education. We found a small positive effect on learning outcomes, but no effect was found on student satisfaction regarding the learning environment. In addition, we found considerable heterogeneity between studies. Moderator analyses showed that students in flipped classrooms achieve higher learning outcomes when the face-to-face class time was not reduced compared to non-flipped classrooms, or when quizzes were added in the flipped classrooms. We conclude that a flipping the classroom (FTC) approach is a promising pedagogical approach when appropriately designed. Our results provide insights into effective instructional FTC design characteristics that support an evidence-informed application of FTC.",openalex,llm_reviewed,1.000,confirmed,,doi:10.1016/j.edurev.2019.05.003
kept,The trends and outcomes of flipped learning research between 2012 and 2018: A descriptive content analysis,Bengi Birgili; Fatma Nevra Seggie; Ebru Oğuz,2021,Journal of Computers in Education,10.1007/s40692-021-00183-y,https://openalex.org/W3127999001,supports-claim,"As an innovative active learning method, flipped learning provides students with several opportunities. This study was conducted to reveal the trends and outcomes in research into the flipped learning approach published between 2012 and 2018. Descriptive content analysis was used to review 316 research and conceptual articles published in academic journals included in five significant databases that ascribe to journals the highest impact factor. The results indicate that most of the studies are conducted with students as the most frequent study group and with a mixed-method research design in the subject areas of education and medicine. The flipped learning approach is mostly conducted in higher education. As a region, Asia has taken the lead in flipped learning studies. Finally, the outcomes of flipped learning indicate an increase in student performance and positive influence on cognitive, affective, and soft skills.",openalex,llm,0.920,unreviewed,,doi:10.1007/s40692-021-00183-y
kept,Flipped classroom improves nursing students’ theoretical learning in China: A meta-analysis,Bao‐Zhu Li; Nv‐Wei Cao; Chun-Xia Ren; Xiu‐Jie Chu; Hao‐Yue Zhou; Biao Guo,2020,PLoS ONE,10.1371/journal.pone.0237926,https://openalex.org/W3080262687,supports-claim,"OBJECTIVE: At present, current didactic teaching delivery method help nursing students apply theory to clinical situations in an inefficient way. The flipped classroom (FC), a novel teaching mode emphasizing self-study and critical thinking, has generated interest in nursing education in China. However, there are a gap in the literature and no consistent outcomes of current studies which compared FC and lecture-based learning (LBL), and no systematic review has comprehensively compared theoretical scores as an affected outcome in FC versus LBL modes. METHODS: In this review, we analyze flipped-learning nursing students' scores, and aim to assess the efficacy and provide a deeper understanding of the FC in nursing education. Following the inclusion criteria, articles were obtained by searching PubMed, Embase and Chinese data, including the China National Knowledge Infrastructure, Wanfang Data, and VIP database until 3 January 2020. Data were extracted from eligible articles and quality was assessed. A meta-analysis was then performed using a random effects model with a standardized mean value (SMD) and a 95% confidence interval (CI).32 studies were included after reviewing 2,439 citations. All studies were randomized controlled trials (RCTs). The FC theoretical knowledge scores in FC were significantly positively affected compared to those of the traditional classroom (SMD = 1.33, 95% CI: 1.02-1.64; P < 0.001). In addition, 23 studies reported skill scores, indicating significant difference between the FC mode and LBL mode (SMD = 1.58, 95%CI: 1.23-1.93; P < 0.001). CONCLUSIONS: The results of this meta-analysis suggest that compared to the LBL teaching method, the FC mode dose significantly improve Chinese nursing students' theoretical scores. However, the problems of heterogeneity and publication bias in this study need to be remedied high-quality future studies.",openalex,llm,0.990,unreviewed,,doi:10.1371/journal.pone.0237926
kept,Innovative Pedagogy and Design-Based Research on Flipped Learning in Higher Education,Li Zhao; Wei He; Yu-Sheng Su,2021,Frontiers in Psychology,10.3389/fpsyg.2021.577002,https://openalex.org/W3131006848,supports-claim,"In order for higher education to provide students with up-to-date knowledge and relevant skillsets for their continued learning, it needs to keep pace with innovative pedagogy and cognitive sciences to ensure inclusive and equitable quality education for all. An adequate implementation of flipped learning, which can offer undergraduates education that is appropriate in a knowledge-based society, requires moving from traditional educational models to innovative pedagogy integrated with a playful learning environment (PLE) supported by information and communications technologies (ICTs). In this paper, based on the design-based research, a task-driven instructional approach in the flipped classroom (TDIAFC) was designed and implemented for two groups of participants in an undergraduate hands-on making course in a PLE. One group consisting of 81 students as the experimental group (EG) received flipped learning instruction, and another group of 79 students as the control group (CG) received lecture-centered instruction. The EG students experienced a three-round study, with results from the first round informing the customized design of the second round and the second round informing the third round. The experimental results demonstrated that students in the EG got higher scores of summative tests and final scores than those in the CG. In particular, students' learning performance in three domains (i.e., cognitive, affective, and psychomotor) differ significantly between the two groups.",openalex,llm,0.900,unreviewed,,doi:10.3389/fpsyg.2021.577002
discarded,Systematic Literature Review on the Effectiveness of Multimedia in Flipped Learning Classrooms,Mohamad Syarief Abdullah; Ketut Agustini; I Gde Wawan Sudatha; Anak Agung Adi Wiryya Putra,2025,Jurnal JTIK (Jurnal Teknologi Informasi dan Komunikasi),10.35870/jtik.v9i4.4111,https://openalex.org/W4412415911,adjacent-subtopic,"This study addresses a critical gap in flipped learning research by focusing on the specific role of multimedia tools in enhancing student engagement and comprehension—an area often overlooked in prior studies that tend to generalize the benefits of flipped classrooms. Employing a Systematic Literature Review (SLR) methodology, the study adheres to PRISMA guidelines and analyzes 20 empirical studies selected from 147 initial records obtained through databases such as Scopus, Google Scholar, and PubMed. Articles were included based on relevance, publication year (2019–2024), and methodological rigor. The findings quantitatively indicate that 100% of the studies reported improved comprehension, 90% observed heightened engagement, and 80% noted enhanced learning flexibility through multimedia-supported flipped learning. However, 60% of the studies identified infrastructural and digital literacy challenges as significant barriers. Theoretically, this research reinforces Vygotsky’s social constructivism by emphasizing interactive and student-centered learning environments. Practically, it underscores the need for teacher training and robust digital infrastructure to optimize flipped learning implementation. This review contributes actionable insights into designing more adaptive, technology-integrated education systems.",openalex,llm,0.860,unreviewed,,doi:10.35870/jtik.v9i4.4111
kept,THE META-ANALYSIS OF THE STUDIES ABOUT THE EFFECTS OF FLIPPED LEARNING ON STUDENTS’ ACHIEVEMENT,Mustafa Aydın; Burcu ÖKMEN; Şeyma Şahin; Abdurrahman Kılıç,2020,Turkish Online Journal of Distance Education,10.17718/tojde.849878,https://openalex.org/W3116248096,supports-claim,"The aim of this research is to analyze the effect of the flipped learning model on the academic success of students. In this research featuring a descriptive survey model, a quantitative research method has been used. While criterion sampling method has been used for selecting the sample of this research, meta-analysis has been used to analyze the data. The inclusion and exclusion criteria of this study were as follows: Sources must be an article or a thesis; be studies performed in Turkey; have been published between 2014 and 2018; be open-access; the sampling must consist of students; they must examine the effect of the flipped learning model on success; have an experimental design; have pretest/posttest experimenting and a control group design; include data such as pretest and posttest standard deviation, arithmetic average, and sample size. 14 articles and 11 theses, 25 studies formed the study group.Document review technique has been used as data collection technique. As data collection tool, “meta-analysis form” developed by the researchers has been used. effect size values and unified effect sizes were calculated using Comprehensive Meta-Analysis (CMA) Software.After analysis was conducted based on the random effects model, it was determined that the effect of the flipped learning model on students’ success is medium (Hedge’s g=0.713). It has been seen that the variables of study type, educational level, and year do not have a significant effect on success (p>0.05). When the effect sizes were examined by year, newer studies had larger effect sizes, while the studies conducted with students at primary-secondary levels and with high school degrees had larger effect size averages.",openalex,llm,0.970,unreviewed,,doi:10.17718/tojde.849878
kept,Are first year students ready for a flipped classroom? A case for a flipped learning continuum,Louisa Tomas; Neus Snowy Evans; Tanya Doyle; Keith R. Skamp,2019,International Journal of Educational Technology in Higher Education,10.1186/s41239-019-0135-4,https://openalex.org/W2912249172,qualifies-claim,"In our first year science and sustainability education subject, how to best support pre-service teachers to meet the conceptual demands of understanding important socio-ecological challenges such as climate change is a key focus of our teaching practice. In this multi-method case study, we explore how a flipped classroom supported students’ engagement and learning by way of an end-of-semester student survey, and a narrative account of our experiences, as educators, enacting the active learning strategies in class. Analysis of survey data showed that while students reported a high level of engagement with the videos and believed that they supported their learning, opinions were divided as to whether a flipped classroom was preferred over traditional lectures. Additionally, our reflections on how students engaged with the active learning strategies revealed that significant time was required at the start of class to review key concepts, as students appeared reluctant to engage independently with the planned activities–particularly those that involved more challenging science concepts. Informed by these findings, we propose a flipped learning continuum that fosters different levels of student-centred learning and autonomy, depending on students’ learning needs and their readiness for a flipped learning approach. In the context of the first year experience, specifically, some teacher-led instruction may be appropriate in a flipped classroom to support students’ transition to learning in higher education.",openalex,llm,0.970,unreviewed,,doi:10.1186/s41239-019-0135-4
discarded,Digital learning designs in physiotherapy education: a systematic review and meta-analysis,Nina Bjerketveit Ødegaard; Hilde Tinderholt Myrhaug; Tone Dahl‐Michelsen; Yngve Røe,2021,BMC Medical Education,10.1186/s12909-020-02483-w,https://openalex.org/W3119413668,adjacent-subtopic,"BACKGROUND: Digital learning designs have the potential to support teaching and learning within higher education. However, the research on digital learning designs within physiotherapy education is limited. This study aims to identify and investigate the effectiveness of digital learning designs in physiotherapy education. METHODS: The study was designed as a systematic review and meta-analysis of randomized and non-randomized trials. A search of eight databases on digital learning designs and technology was conducted. Study selection, methodology and quality assessment were performed independently by three reviewers. The included studies were mapped according to the types of digital interventions and studies. For similar interventions, the learning effects were calculated using meta-analyses. RESULTS: Altogether, 22 studies were included in the review (17 randomized controlled trials and five cohort studies). A blended learning design was used in 21 studies, a flipped classroom model in five and a distance learning design in one. Altogether, 10 of the 22 articles were included in meta-analyses, which showed statistically significant effects for flipped classrooms on knowledge acquisition (standardized mean difference [SMD]: 0.41; 95% confidence interval [CI]: 0.20, 0.62), for interactive websites or applications (apps) on practical skills (SMD: 1.07; 95% CI: 0.71,1.43) and for students self-produced videos on a practical skill in a cervical spine scenario (SMD: 0.49; 95% CI: 0.06, 0.93). Overall, the effects indicated that blended learning designs are equally as or more effective than traditional classroom teaching to achieve learning outcomes. Distance learning showed no significant differences compared to traditional classroom teaching. CONCLUSIONS: The current findings from physiotherapy education indicate that digital learning designs in the form of blended learning and distance learning were equally or more effective compared to traditional teaching. The meta-analyses revealed significant effects on student learning in favour of the interventions using flipped classrooms, interactive websites/apps and students self-produced videos. However, these results must be confirmed in larger controlled trials. Further, research should investigate how digital learning designs can facilitate students' learning of practical skills and behaviour, learning retention and approaches to studying as well as references for teaching and learning in digital learning environments.",openalex,llm,0.810,unreviewed,,doi:10.1186/s12909-020-02483-w
kept,Flipped Learning in Saudi Higher Education during Pandemics,Fatmah Turaiqi Alotaibi,2022,التربية (الأزهر) مجلة علمية محکمة للبحوث التربوية والنفسية والاجتماعية),10.21608/jsrep.2022.283335,https://openalex.org/W4320063795,qualifies-claim,"There is increasing pressure on higher education institutions to make a transformation in light of pandemics, as education is seen as needing to adapt in ways that meet the conceptual needs of our time. This reflects the rise of the inverted classroom. The purpose of this scope review was to provide a comprehensive overview of relevant research regarding the emergence of the Flipped Classroom to female students in Saudi universities studying at the College of Education, and to identify any gaps in the literature that could aid in future design and evaluation. The results indicate that there is student satisfaction with the inverted approach reflecting its importance at the present time.",openalex,llm,0.820,unreviewed,,doi:10.21608/jsrep.2022.283335
kept,Analysis of Postgraduate Theses on Flipped Learning: A Meta-Analysis Study,Özkan Çelik; Hale ÇOKÇALIŞKAN,2023,International Primary Education Research Journal,10.38089/ekuad.2023.153,https://openalex.org/W7140976431,supports-claim,"Today’s social, technological, etc. developments affect the field of education as well as many fields. This interaction has also caused changes in the qualities we aim to impart to individuals. One of the reflections of these changes in our educational life is trying to equip the individual with the targeted qualifications by using new approaches, models, methods and techniques. Flipped learning, which has gained greater importance in our educational lives recently, is one of the learning methods that can serve this goal. It is possible to come across many studies in the literature indicating that flipped learning can contribute to the accomplishment of the specified goal by improving both academic achievement and pedagogical outcomes. Therefore, it was thought that a meta-analysis of these studies should be carried out. In this context, the current study aimed to analyze postgraduate theses in the field of flipped learning. To this end, a search was made for the studies to be included in the study, and 40 postgraduate theses conducted between April 2015 and 2020 that met the determined criteria were included in the study. Comprehensive Meta-Analysis (CMA) program was used to calculate the effect size of each study that was decided to be included in the meta-analysis and overall effect size. As a result of the analysis carried out according to the random effects model, the overall effect size value was calculated to be 0.862. The findings obtained in the study were interpreted according to Cohen (1998) and it was concluded that the theses on flipped learning had a large effect.",openalex,llm,0.880,unreviewed,,doi:10.38089/ekuad.2023.153
kept,Analysis of Postgraduate Theses on Flipped Learning: A Meta-Analysis Study,Özkan Çelik; Hale ÇOKÇALIŞKAN,2023,DergiPark (Istanbul University),,https://openalex.org/W4390473874,supports-claim,"Günümüzde yaşanan sosyal, teknolojik vb. gelişmeler birçok alanı etkilediği gibi eğitim alanını da etkilemektedir. Bu etkileşim bireylere kazandırmayı hedeflediğimiz niteliklerde de değişimler yaşanmasına neden olmuştur. Bu değişimlerin eğitim hayatımıza yansımasının bir boyutu da yeni yaklaşım, model, yöntem ve tekniklerle bireye hedeflenen nitelikleri kazandırmaya çalışmaktır. Eğitim hayatımızda yakın dönemde önemini artıran ters yüz öğrenme de bu hedefe hizmet edebilecek öğrenme yollarından biridir. Alanyazında ters yüz öğrenmenin hem akademik başarı hem de pedagojik çıktıları düşünüldüğünde belirlenen hedefe yönelik ihtiyaçları karşılayabileceğine işaret eden pek çok araştırmaya rastlamak mümkündür. Bu yüzden bu araştırmaların meta analizinin yapılması gerektiği düşünülmüştür. Bu bağlamda bu çalışmada ters yüz öğrenme alanında yapılan lisansüstü tezleri incelemek amaçlanmıştır. Bu amaç doğrultusunda çalışmada yer alacak araştırmalar için tarama yapılmıştır ve belirlenen ölçütlere uyan 2015-2020 Nisan tarihleri arasında yapılmış 40 lisansüstü tez çalışmaya dâhil edilmiştir. Meta analize dâhil edilmesine karar verilen her bir çalışmanın etki büyüklüğü ve genel etki büyüklüğünü hesaplamak amacıyla Comprehensive Meta Analysis (CMA) programı kullanılmıştır. Rastgele etkiler modeline göre gerçekleştirilen analiz sonucunda genel etki büyüklüğü değeri 0.862 olarak hesaplanmıştır. Araştırma sonucunda elde edilen bulgular Cohen’e (1998) göre yorumlanmış ve ters yüz öğrenme üzerinde yapılan tezlerin geniş düzeyde etkiye sahip olduğu sonucuna ulaşılmıştır.",openalex,llm,0.880,unreviewed,,hash:c493710cc4f77501
kept,Implementation of a Mixed Strategy of Gamification and Flipped Learning in Undergraduate Basic Programming Courses,Gilberto Huesca; Gabriela Campos; Mónica Larre; Claudia Pérez-Lezama,2023,Education Sciences,10.3390/educsci13050474,https://openalex.org/W4381826839,supports-claim; qualifies-claim,"The post-pandemic stage has accelerated the search for innovative ways that impact the teaching–learning process. Flipped learning and gamification have been used as active learning strategies to increase motivation and student learning gains. Both strategies have shown positive results when applied alone and when compared to traditional modalities. In this work, we present a quantitative study that was applied to 414 students throughout a complete course of basic programming, divided into four groups: (1) group that applied flipped learning using videos, (2) group that applied outside-class gamification, (3) group that applied both strategies, and (4) control group. A pretest–posttest process, with 96 true or false questions test, was applied to the groups to find out the normalized learning achievements of the students. A statistical analysis found that the students in groups 1 and 2 performed significantly better (+9%) than the students in the control group. In addition, the students of group 3 had a lower performance than the students of groups 1 and 2 (−10%). Our results confirm that active learning in a flipped classroom and the use of gamification can be useful and strategic tools for advancing the new way of educating in the post-pandemic period.",openalex,llm,1.000,unreviewed,,doi:10.3390/educsci13050474
