status,title,authors,year,venue,doi,url,tags,abstract,provider,decision_source,llm_confidence,llm_review_outcome,llm_change_direction,paper_id
discarded,Pilot Study on Gamification and Digital Comics to Enhance Motivation and Understanding in Engineering Education,M. P. Castro-García; Jose Díaz; Guillermo Laine-Cuervo; Juan Carlos Ríos-Fernández,2026,Computer Applications in Engineering Education,10.1002/cae.70244,https://www.scopus.com/inward/record.uri?partnerID=HzOxMe3b&scp=105045450836&origin=inward,adjacent-subtopic,"Sustaining student motivation and engagement in technically oriented engineering subjects remains a persistent challenge in higher education, particularly when instruction relies primarily on traditional lecture-based approaches. Digital and computer-supported learning tools offer new opportunities to promote active learning and conceptual understanding in engineering education. This pilot study presents the design and evaluation of a technology-enhanced instructional approach that integrates interactive digital comics, gamification dynamics, multimodal interactive lessons implemented using a web-based authoring platform (Genially), and three-dimensional visualizations to support learning in engineering courses. The intervention was implemented with undergraduate and master's students enrolled in Civil Engineering, Mining and Energy Resources Engineering, and Energy Engineering programs at a public Spanish university, including the full population of students registered in the participating courses. A mixed-methods research design was employed, combining pre- and post-intervention conceptual understanding assessments, learning analytics and digital interaction metrics, and qualitative analysis of student perceptions. The results indicate statistically significant improvements in conceptual understanding, academic engagement, and perceived usability of the digital learning environment. Interaction data revealed differentiated engagement patterns across activities, while qualitative feedback highlighted the contribution of narrative structure, visual design, and interactivity to student motivation and comprehension. These findings suggest that the integration of computer-based gamification and interactive digital comics constitutes a pedagogically sound and contextually valid approach in engineering education. By working with the entire cohort of enrolled students, the study provides ecologically valid evidence of the effectiveness of digital narrative and interactive visualization tools, and establishes a solid foundation for future large-scale implementations in engineering teaching contexts.",scopus,llm,0.750,unreviewed,,doi:10.1002/cae.70244
kept,Evaluating the effectiveness of technology-assisted learning versus traditional methods in histology education: A systematic review and meta-analysis,Eman Ali Elkordy,2026,Anatomical Sciences Education,10.1002/ase.70221,https://www.scopus.com/inward/record.uri?partnerID=HzOxMe3b&scp=105033607165&origin=inward,qualifies-claim,"Histology education has traditionally relied on light microscopy and lectures, but recent advances have introduced technology-assisted learning (TAL) modalities such as virtual microscopy, flipped classrooms, and blended learning. While increasingly adopted, evidence of their effectiveness remains fragmented. To evaluate the effectiveness of TAL compared with traditional methods in histology education, focusing on academic performance, student satisfaction, and practical skills, and to explore moderators including technology type, study design, and risk of bias. A systematic review and meta-analysis was conducted following PRISMA guidelines. Ten studies (n = 1445) from six countries published between 2019 and 2025 were included, encompassing randomized controlled trials (RCTs), quasiexperimental, and cross-sectional designs. Standardized mean differences (SMD) with 95% confidence intervals (CI) were calculated using random-effects models. Subgroup and sensitivity analyses explored heterogeneity, and publication bias was assessed. TAL was associated with a large improvement in academic performance (SMD = 1.04, 95% CI: 0.48–1.60, p < 0.001), equivalent to roughly one standard deviation higher scores compared with traditional methods. Student satisfaction was high (pooled mean 79.9%), with blended learning achieving the highest ratings (>95%). Practical skills also favored TAL (SMD = 0.52, 95% CI: 0.09–0.95, p = 0.003). Subgroup analyses indicated flipped classrooms and blended learning produced the largest gains, while RCTs showed stronger effects than cross-sectional studies. TAL significantly improves academic outcomes, satisfaction, and practical skills in histology education. Virtual microscopy, flipped classrooms, and blended learning provide complementary advantages, though effectiveness depends on thoughtful curricular integration and technical support.",scopus,llm,0.920,unreviewed,,doi:10.1002/ase.70221
kept,Preliminary Assessment of the Effect of a Flipped Classroom Combined with Mind Mapping on Learning Outcomes in Ultrasound Use in Animal Husbandry Education: A Comparison with Traditional Lecture-Based Learning Among Third-Year BS Students in China,Xiangqi Hao; Haigang Wu; Zhehui Qu; Guangqiang Zhang; Kaiwei Deng,2026,Animals,10.3390/ani16142129,https://www.scopus.com/inward/record.uri?partnerID=HzOxMe3b&scp=105045689268&origin=inward,qualifies-claim,"To increase teaching effectiveness in the context of veterinary ultrasonography, we employed a flipped classroom combined with a mind mapping methodology for ultrasound use in animal husbandry education. A total of 61 students (experimental class, n = 30; control class, n = 31) participated in this study. Students in the experimental class prepared and presented group topics over a two-week pre-class period and subsequently engaged in question-and-answer sessions. Next, mind maps were generated with the assistance of AI tools, thus establishing a systematic knowledge framework. An in-class test (the Mann–Whitney U test) was administered after the lesson, and a 6-item questionnaire was designed to evaluate students’ levels of satisfaction. The combination of a flipped classroom with mind mapping was associated with a rightward shift in the score distribution, with more students in the experimental group scoring 90–100 (7 vs. 2). The Mann–Whitney U test revealed no statistically significant differences between the groups (U = 361.0, p = 0.135, r = 0.22), although the experimental group had a higher mean score (83.53 vs. 79.74). Most students endorsed the teaching model. The observed trends and positive student feedback from this preliminary assessment suggested that this approach may be a promising method for veterinary ultrasound education.",scopus,llm,0.950,unreviewed,,doi:10.3390/ani16142129
discarded,"Exploring accounting lecturers’ experiences of adapting teaching, learning and assessment methods after the COVID-19 pandemic",Sophia Magaretha Brink; Gretha Steenkamp,2026,International Journal of Management Education,10.1016/j.ijme.2026.101376,https://www.scopus.com/inward/record.uri?partnerID=HzOxMe3b&scp=105029058660&origin=inward,adjacent-subtopic,"This study examined the evolution of teaching, learning, and assessment (TLA) strategies in accounting education following the COVID-19 pandemic. Fifteen accounting lecturers from South African classroom-based (non-distance) and distance learning universities participated in online semi-structured interviews, sharing their post-COVID TLA experiences. Data were analysed using thematic analysis. Following the COVID-19 pandemic, lecturers at classroom-based universities are more readily considering and employing blended active learning teaching approaches (e.g., flipped classroom, recordings, online polls in class, and key concept videos) for specific topics, indicating an openness to change. Some universities now offer students the choice of attending class in person or online. However, concerns have been raised about the consequences associated with recordings, as well as the social justice implications of using technology-based tools in developing countries. Discussion forums, custom-designed applications, and online consultations are increasingly used to address student queries. While most universities have reverted to in-person invigilated assessments, some smaller assessments, such as essays and projects, have remained online. Distance learning universities noted several amendments to their offering after COVID-19: a more properly planned online learning experience (e.g. through scaffolding), increased active learning, greater access to lecturer and tutor support (e.g. MS Teams consultations), catering for students’ learning preferences by providing various learning mediums, replacing the remaining face-to-face contact sessions with online synchronous sessions and using guest lecturers from practice. While some distance learning universities reverted to in-person invigilated assessments post-COVID-19, some opted for online assessments with proctoring software. The findings share the experiences of accounting lecturers in adjusting their TLA practice in the post-COVID world, thereby informing future TLA approaches.",scopus,llm,0.940,unreviewed,,doi:10.1016/j.ijme.2026.101376
discarded,Game-Based Learning for Information Systems Agile Development,João Varajão; Micaela Aguiar; Miguel A. Brito; Sílvia Araújo,2026,ACM Transactions on Computing Education,10.1145/3786758,https://www.scopus.com/inward/record.uri?partnerID=HzOxMe3b&scp=105034731495&origin=inward,adjacent-subtopic,"Objectives. Agile methodologies are crucial in software engineering and information systems (IS) development. However, traditional training methods can struggle to convey abstract theoretical concepts effectively and may lead to reduced engagement. We propose that combining several learning methodologies and incorporating serious games and gamification strategies in training can offer a more innovative and engaging approach to improve comprehension. This article outlines a game-based learning strategy designed to instruct information systems students in agile development. Our approach is rooted in active learning principles, incorporating methodologies such as problem/project-based learning, microlearning, collaborative learning, and learning by doing. The course design unfolds in two phases. Initially, participants delve into short, serious games that vividly demonstrate theoretical concepts, followed by brief moments of theoretical exposition. In the subsequent phase, participants apply all the knowledge they have acquired through an extensive project. To illustrate and evaluate the overall process, this approach was implemented to teach Scrum in several training courses. Participants. The participants in this study were information technology and systems students at different academic levels. Study Method. The research model adopted in this work is based on the Design Science Research (DSR) method. Adhering to the DSR method, the study advanced through distinct phases: recognizing the challenge of engaging Agile Development education, formulating a solution with a course design that blends game-based learning and diverse learning methodologies, developing the course artifact, practically implementing it with Scrum with several groups in different contexts, and assessing its effectiveness using pre- and post-course quizzes. The course aimed to instruct participants in agile methods within information system development. Findings. Feedback from the courses was clearly positive, with participants expressing a preference for the proposed game-based approach over traditional expository lecture methods. Pre- and post-course knowledge quizzes revealed a noteworthy increase in correct answers and overall scores in the end. Conclusions. The novelty lies in an integrated approach that combines multiple active learning methodologies—such as game-based learning, microlearning, collaborative learning, project-based learning, and learning by doing—to facilitate the comprehension of theoretical concepts through practical application.",scopus,llm,0.910,unreviewed,,doi:10.1145/3786758
kept,Comparative Evaluation of Traditional and Jigsaw-based Learning Approach in the Understanding of Class I Cavity Design among Dental Undergraduates,Afzal Ali; Shweta Sedani; Semanur Özüdoğru,2026,Journal of Contemporary Dental Practice,10.5005/jp-journals-10024-4060,https://www.scopus.com/inward/record.uri?partnerID=HzOxMe3b&scp=105048012268&origin=inward,supports-claim,"Aim: This study aimed to compare the traditional lecture method (TLM) and the Jigsaw learning method (JLM) in improving second-year dental students’ understanding of class I cavity design. Both objective learning outcomes and students’ perceptions were evaluated. Materials and methods: A cross-sectional study was conducted with 80 second-year dental students. Participants were randomly assigned to TLM (n = 40) or JLM (n = 40) groups. The TLM group received a lecture on G.V. Black’s classification of class I cavity design, while the JLM group engaged in structured peer teaching and an online Jigsaw puzzle activity. Pre-test and post-test scores were used to assess students’ perceptions using multiple-choice questions (MCQs), and student perceptions were recorded using a five-point Likert scale. Knowledge retention was assessed after 1 month with reworded MCQs. The absolute, relative, and normalized learning gains (NLGs) were also assessed. Data were collected and analyzed using non-parametric tests, with a level of significance set at p-value < 0.05. Results: Both TLM and JLM groups showed significant improvement from pre-test to post-test (p = 0.0001). The post-test scores were higher in the JLM group (8.75 ± 1.35) compared to the TLM group (7.78 ± 2.11), and the difference was statistically significant (p = 0.05). Learning gains were higher in the Jigsaw group across absolute, relative, and normalized measures, though not statistically significant. Feedback analysis revealed that students in the JLM group rated clarity of objectives (p = 0.0401) and understanding of cavity preparation (p = 0.0264) significantly higher than those in the TLM group, with positive trends in several other domains. Conclusion: Both teaching methods were effective in improving student learning. However, the JLM demonstrated advantages in enhancing conceptual understanding and clarity of objectives, along with favorable student perceptions. These findings support the potential of JLM as an effective active learning strategy in dental education. The Jigsaw method enhances conceptual understanding and student engagement in learning.",scopus,llm,0.720,unreviewed,,doi:10.5005/jp-journals-10024-4060
kept,Reinforcing General Chemistry Learning with Structured Daily Recaps: A Pilot Study,Mohamad Nour Zeineddine,2026,Journal of Chemical Education,10.1021/acs.jchemed.6c00264,https://www.scopus.com/inward/record.uri?partnerID=HzOxMe3b&scp=105041262438&origin=inward,supports-claim; qualifies-claim,"This study aimed to examine the effectiveness of the implementation of a 10 min daily recap activity at the beginning of a General Chemistry course. The daily recap activity incorporates three evidence-based instructional strategies: retrieval practice, advance organizers, and misconception correction. The quasi-experimental study used the sections of the General chemistry I course offered at Lebanese International University during the Fall 2025 semester. There were two sections of the course, with 40 students, who implemented the daily recap activity, and another two sections with 60 students, who used the traditional lecture method as a control. The effectiveness of the intervention was evaluated through two complementary approaches: quantitative measures using course assessment grades (quizzes, midterm exam, and final exam) and survey based perceptual measures using a purpose-built Likert-scale survey measuring student perceptions of the class-opening activity. Results indicated that students in the intervention group significantly outperformed control students across all major course assessments, with ANCOVA analyses controlling for prior academic achievement, revealing moderate to large effect sizes. The intervention showed particular benefit for students with lower prior achievement, suggesting the potential for reducing achievement gaps. Survey results indicated that intervention students perceived greater clarity in lesson connections, felt more prepared for new material, and reported better conceptual understanding. These findings contribute to the growing evidence base for cognitively based instructional strategies in chemistry education and suggest potential practical benefits of combining multiple evidence-based practices into a brief, structured classroom routine.",scopus,llm,0.940,unreviewed,,doi:10.1021/acs.jchemed.6c00264
kept,Enhancing physics education through flipped problem-based learning (PBL): improving comprehension and problem-solving skills in undergraduate students,Chenglong Wang; Lirong Song; Jun Jiang,2026,Educational Technology Research and Development,10.1007/s11423-026-10617-y,https://www.scopus.com/inward/record.uri?partnerID=HzOxMe3b&scp=105041225012&origin=inward,supports-claim; qualifies-claim,"This study evaluates the effectiveness of integrating the flipped classroom model with problem-based learning (PBL) in undergraduate physics education in China. A total of 200 first-year students were assigned to either a lecture-based control group or a flipped-PBL group (n = 100 per group). While both groups used the same basic resources to study electromagnetic induction, the flipped-PBL group engaged in pre-class microlectures and in-class group problem-solving. Results showed that students in the flipped-PBL group scored significantly higher on the final examination than those in the lecture-based group (t(198) = 6.02, p <.001, Cohen’s d =.87). Participants in the flipped-PBL group also reported perceived improvements in problem-solving, communication, and learning motivation based on descriptive questionnaire results. These findings should be interpreted as associative rather than causal. Overall, the flipped-PBL format was associated with higher exam performance and more positive student perceptions, although further research across additional institutional contexts is needed to clarify causal relationships.",scopus,llm,0.990,unreviewed,,doi:10.1007/s11423-026-10617-y
discarded,Artificial Intelligence in Medical Education: Promoting Active Learning With a Customized Chatbot Tool,Kevin Bogenschutz; Jaclyn Demeter; Chad A. Knoderer,2026,Anesthesia and Analgesia,10.1097/JPA.0000000000000742,https://www.scopus.com/inward/record.uri?partnerID=HzOxMe3b&scp=105035349790&origin=inward,adjacent-subtopic,"Introduction – Artificial intelligence (AI) tools, such as customized chatbots, present an opportunity to enhance active learning in physician assistant (PA) education. This study evaluated student perceptions and outcomes associated with incorporating an AI chatbot designed to promote self-directed learning, retrieval practice, and individualized feedback within a didactic clinical medicine course.Methods – Faculty developed a course-specific chatbot (GPT-4o, OpenAI) integrated with lecture materials, open-access medical texts, and sample PANCE-style questions. The chatbot generated customized multiple-choice questions and provided tutoring functions for targeted remediation. Utilization data (“impressions”) were collected across modules, and students completed an anonymous Qualtrics survey assessing perceptions of usefulness and engagement. Quantitative data were analyzed descriptively, and qualitative responses underwent thematic analysis.Results – Sixty-three of 70 eligible students (90%) completed at least one survey item. Nearly all respondents (95%) used the chatbot, and 95% agreed or strongly agreed that it improved examination preparation and information retention. Most students identified practice questions and individualized feedback as the most beneficial features of the chatbot. Student use of AI increased significantly over the course, and qualitative analysis revealed themes of enhanced active recall, self-assessment, and confidence. Faculty noted reduced time demands for tutoring and quiz creation following initial tool development.Discussion – Integration of a customized AI chatbot within PA education promoted active learning, self-efficacy, and AI literacy while ultimately reducing faculty workload. Early exposure to AI-based tools may not only enhance student readiness for didactic and summative assessments but also cultivate the skills necessary to use similar technologies effectively and responsibly in clinical practice.",scopus,llm,0.900,unreviewed,,doi:10.1097/jpa.0000000000000742
