status,title,authors,year,venue,doi,url,tags,abstract,provider,decision_source,llm_confidence,llm_review_outcome,llm_change_direction,paper_id
kept,PERCEPTION OF FLIPPED LEARNING IN MONGOLIAN HIGHER EDUCATION: A QUANTITATIVE STUDY,Bat-Uchral Ganzorigt; Chamintsetseg Myagmarkhorloo,,CyberLeninK (CyberLeninka),,https://openalex.org/W7133590183,qualifies-claim,"This study explores university students’ perceptions of the flipped classroom model within Mongolian higher education. Drawing on a sample of 149 undergraduates, the research investigates overall attitudes, satisfaction, and potential differences in perception based on students’ year level and field of study. Using a 30-item perception scale, trans-lated and adapted from a validated instrument, data were analyzed through exploratory and confirmatory factor analyses. Results indicated generally positive perceptions, with students reporting enhanced engagement, improved understanding, and flexibility in learning. No significant differences were found between study years or disciplines. The findings support the growing body of evidence highlighting flipped learning’s benefits for engagement and active learning (O’Flaherty & Phillips, 2015; Talbert, 2019). Context-sensitive adaptations are recommended to improve meas-urement reliability and ensure effective implementation across diverse higher education environments.",openalex,llm,0.860,unreviewed,,hash:134c4deb41a30821
kept,Performance and Perception in the Flipped Learning Model: An Initial Approach to Evaluate the Effectiveness of a New Teaching Methodology in a General Science Classroom,David González‐Gómez; Jin Su Jeong; Diego Airado‐Rodríguez; Florentina Cañada Cañada,2016,Journal of Science Education and Technology,10.1007/s10956-016-9605-9,https://openalex.org/W2256792708,supports-claim,"""Flipped classroom"" teaching methodology is a type of blended learning in which the traditional class setting is inverted. Lecture is shifted outside of class, while the classroom time is employed to solve problems or doing practical works through the discussion/peer collaboration of students and instructors. This relatively new instructional methodology claims that flipping your classroom engages more effectively students with the learning process, achieving better teaching results. Thus, this research aimed to evaluate the effects of the flipped classroom on the students' performance and perception of this new methodology. This study was conducted in a general science course, sophomore of the Primary Education bachelor degree in the Training Teaching School of the University of Extremadura (Spain) during the course 2014/2015. In order to assess the suitability of the proposed methodology, the class was divided in two groups. For the first group, a traditional methodology was followed, and it was used as control. On the other hand, the ""flipped classroom"" methodology was used in the second group, where the students were given diverse materials, such as video lessons and reading materials, before the class to be revised at home by them. Online questionnaires were as well provided to assess the progress of the students before the class. Finally, the results were compared in terms of students' achievements and a post-task survey was also conducted to know the students' perceptions. A statistically significant difference was found on all assessments with the flipped class students performing higher on average. In addition, most students had a favorable perception about the flipped classroom noting the ability to pause, rewind and review lectures, as well as increased individualized learning and increased teacher availability.",openalex,llm,0.930,unreviewed,,doi:10.1007/s10956-016-9605-9
kept,Student Perceptions of the Impact of Using the Flipped Classroom Approach for an Introductory-level Multidisciplinary Module,Mrinal K. Musib,2014,,,https://openalex.org/W2186432086,qualifies-claim,"During the last decade or so, there has been a gradual but continuous shift in how learning is accomplished in a classroom. With the advent of new pedagogical techniques, more and more faculty members are adopting the blended approach to attain and improve students’ learning experience (Ragupathi, 2013; Hughes, 2012; Bonk & Graham, 2006; Friesen, 2012). The “blended learning” approach synergistically brings together the compelling aspects of online, classroom and mobile learning to enhance student’s engagement and participation in a classroom and also helps attain the predetermined learning outcome measures. The “f lipped classroom” is a type of blended learning approach where the onus of learning and mastering content falls back to students. For these approaches, the teacher’s role has gone through a metamorphosis—from being the “sage on the stage” to the “guide by the side”, and classrooms are changing as well, from the traditional and passive teacher-centred learning environment to an active studentcentred one with the teachers assuming the role of facilitators (Lage et al., 2000). The underlying idea and approach of delivering f lipped content includes developing a prerecorded video encompassing the fundamental theoretical concepts of a particular lesson, which the students can watch outside of classroom time at their leisure to gain some idea about the topic covered in next lecture (Bishop et al., 2013). This helps the instructor by freeing up classroom time, which may be used for active learning activities such as in-class discussions, answering questions and group activities. Prior to embarking on the project, I identified a significant knowledge gap (based on the lack of published articles on this subject) in terms of the acceptability and adaptability of the f lipped classroom concept among students, particularly at introductory-level multidisciplinary modules, which I sought to study in this particular project.",openalex,llm,0.760,unreviewed,,hash:20d8ef6bc43bb68a
kept,Student Perceptions of Inverted Classroom Benefits in a First-Year Engineering Course,Krista Kecskemety; Brooke Morin,2020,ASEE Annual Conference & Exposition,10.18260/1-2--23054,https://openalex.org/W2597048936,qualifies-claim,"Abstract Student Perceptions of Inverted Classroom Benefits in a First- Year Engineering CourseThe inverted classroom model has increased in popularity and its many benefits have beendiscussed1,2. Due to contact time limitations and the desire for more active learning, the first-year engineering program at a large Midwestern university elected to implement the inverted, orflipped, classroom model3. Through this model, the instructors hoped to dedicate their contacttime with students to addressing conceptual problems and facilitating in-class activities, ratherthan lecturing about factual material. Further, by holding students accountable for their pre-classpreparation, the environment would foster the skills necessary for lifelong learning. The invertedclassroom model has many potential benefits that are noted in the literature. Some of theseinclude: make effective use of class time, make good use of technology, accommodate variouslearning styles2,4, help students become self-learners2, foster life-long learning skills4,collaborative learning4, personalize learning5, and increase class time engagement5. Whileprevious research has investigated student perceptions of the inverted classroom2,5, this paperseeks to address the following research questions that are focused on students’ perceivedbenefits: How do students perceive that they benefit from the inverted classroom approach?Additionally, which classroom approach do students prefer and is there a connection to theirperceived benefits?The fall semester course used in this study focused primarily on computer-aided problem solvingusing Excel, MATLAB, and C/C++. Academic integrity, engineering ethics, data analysis, teambuilding, and the engineering design process were also covered. There was a laboratorycomponent to the course, which included exercises from a variety of engineering disciplines. Theinverted classroom model was applied to each course component. The theoretical framework forthe inverted classroom approach is based on Bloom’s taxonomy. Each instructional day wasdivided into two parts: preparation and application. The preparation component, completedbefore class, used lower-level Bloom’s taxonomy skills of remembering and understanding6.The preparation involved pre-class learning activities such as videos, reading assignments, andtutorials. Student completion of the preparation activity was evaluated either through an onlinequiz or through a short assignment submitted at the beginning of class. The applicationcomponent began in the normal class period and included a short presentation, in-class activities,and homework, often requiring students to use higher-level Bloom’s taxonomy skills, such asapplication, analysis, and evaluation.To examine student perceptions, two surveys were administered to the students. Approximately348 students participated in the study. The first survey was given at the end of the first week ofthe term. Similar questions were then given to the students at the end of the semester as part ofthe final course survey. Students were asked which classroom approach they preferred:traditional, inverted classroom, or a mixture of the two. Additionally, the survey asked them torank their opinion of the benefits of the inverted classroom on a 5 point Likert scale. The surveyalso asked the students if they had experienced the inverted classroom in other courses.Data are still being collected and analyzed. As of abstract submission, preliminary data indicatethat 41% of students had taken a class using the inverted classroom prior to this first yearengineering course. Despite the high percentage of students who had experienced the invertedclassroom approach before, only 15% of students indicated it was their preferred classroomapproach. Approximately 75% of students indicated a preference for a mixture of the traditionalclassroom approach and the inverted classroom approach. Further analysis will be performed onthe link between exposure to the inverted classroom approach in other courses and theirpreference in classroom approach. Detailed analysis of the students’ perceived benefits will alsobe included. Additionally, the final survey will be used to investigate how student’s perceptionschange throughout the semester as they complete a course that uses the inverted classroom modelexclusively.References1. J.F. Strayer. “How learning in an inverted classroom influences cooperation, innovation andtask orientation”, Learning Environments Research, vol. 15, 171-193, 2012.2. G. Mason, T.R. Shuman, and K.E. Cook. “Inverting (Flipping) Classrooms – Advantages andChallenges,” in Proceedings of the Annual Conference of the American Society of EngineeringEducation, 2013.3. M.J. Lage, G.J. Platt, and M. Treglia. “Inverting the Classroom: A Gateway to Creating anInclusive Learning Environment,” The Journal of Economic Education, vol. 31, no. 1, Winter2000.4. L. Bland. “Applying Flip/Inverted Classroom Model in Electrical Engineering to EstablishLife-Long Learning,” in Proceedings of the Annual Conference of the American Society ofEngineering Education, 2006.5. M.W. Redekopp and G. Ragusa. “Evaluating Flipped Classroom Strategies and Tools forComputer Engineering,” in Proceedings of the Annual Conference of the American Society ofEngineering Education, 2013.6. L.W. Anderson, et al. A Taxonomy for Learning, Teaching, and Assessing. Addison WesleyLongman, Inc., Illinois, 2001.",openalex,llm,0.830,unreviewed,,doi:10.18260/1-2--23054
kept,Students’ experiences of active engagement through cooperative learning activities in lectures,Michael Cavanagh,2011,Active Learning in Higher Education,10.1177/1469787410387724,https://openalex.org/W2168004410,qualifies-claim,"This article reports on students’ experiences of lectures which included many opportunities for active engagement through cooperative learning activities. At the end of a 13-week semester-long unit, 113 students completed a questionnaire which contained five open-ended questions focusing on the extent to which the students thought that the lecture activities helped them to learn and understand the course content and to maintain their interest and attention during the sessions. Results indicate that students valued the mix of traditional lecturing and cooperative learning tasks, particularly the variety of activities, the opportunities for small-group and whole-class discussions, the clear focus on one or two central ideas, and the authenticity of the tasks.",openalex,llm,0.800,unreviewed,,doi:10.1177/1469787410387724
kept,Student learning and perceptions in a flipped linear algebra course,Betty Love; Angie Hodge; Neal F. Grandgenett; Andrew W. Swift,2013,International Journal of Mathematical Education in Science and Technology,10.1080/0020739x.2013.822582,https://openalex.org/W2157637541,supports-claim,"The traditional lecture style of teaching has long been the norm in college science, technology, engineering, and mathematics (STEM) courses, but an innovative teaching model, facilitated by recent advances in technology, is gaining popularity across college campuses. This new model inverts or ‘flips’ the usual classroom paradigm, in that students learn initial course concepts outside of the classroom, while class time is reserved for more active problem-based learning and practice activities. While the flipped classroom model shows promise for improving STEM learning and increasing student interest in STEM fields, discussions to date of the model and its impact are more anecdotal than data driven – very little research has been undertaken to rigorously assess the potential effects on student learning that can result from the flipped classroom environment. This study involved 55 students in 2 sections of an applied linear algebra course, using the traditional lecture format in one section and the flipped classroom model in another. In the latter, students were expected to prepare for the class in some way, such as watching screencasts prepared by the instructor, or reading the textbook or the instructor’s notes. Student content understanding and course perceptions were examined. Content understanding was measured by the performance on course exams, and students in the flipped classroom environment had a more significant increase between the sequential exams compared to the students in the traditional lecture section, while performing similarly in the final exam. Course perceptions were represented by an end-of-semester survey that indicated that the flipped classroom students were very positive about their experience in the course, and particularly appreciated the student collaboration and instructional video components.",openalex,llm,0.960,unreviewed,,doi:10.1080/0020739x.2013.822582
kept,"Flipped interpreting classroom: flipping approaches, student perceptions, and design considerations",Dohun Kim,2017,The Interpreter and Translator Trainer,10.1080/1750399x.2017.1306994,https://openalex.org/W4230007415,qualifies-claim,"Recent technological advances have stimulated flipped learning across disciplines. This pedagogical model, a specific type of blended learning, frees up classroom time for interaction and higher-order activities. While the traditional flipped model had been limited to putting video lectures online to encourage practice activities in the classroom, it has evolved to allow for diverse models and approaches that suit the needs of individual disciplines, courses and modules. This study compares two traditional interpreting classrooms with two flipped ones, followed by a thorough examination of the latter to explore effective flipping strategies. The classes were conducted at a graduate school of interpretation and translation; for the flipped classrooms, a variety of teaching and learning activities were flipped in light of their pedagogical contexts and objectives. The Community of Inquiry (CoI) instrument was employed to investigate how students perceive their traditional and flipped learning experiences.",openalex,llm,0.850,unreviewed,,doi:10.1080/1750399x.2017.1306994
kept,Flipped learning in higher education chemistry: emerging trends and potential directions,Michael K. Seery,2015,Chemistry Education Research and Practice,10.1039/c5rp00136f,https://openalex.org/W2150959669,qualifies-claim,"Flipped learning has grown in popularity in recent years as a mechanism of incorporating an active learning environment in classrooms and lecture halls. There has been an increasing number of reports for flipped learning in chemistry at higher education institutions. The purpose of this review is to survey these reports with a view to examining the rationale for adopting the flipped learning approach, how educators have implemented the flipped learning approach into their own practice and how these implementations have been evaluated. The reports are analysed for emerging themes on the benefits and challenges of integrating this approach in chemistry education at university level, with a view to understanding how we can continue to develop the approaches taken for implementation of flipped learning methods in higher education chemistry. Analysis of the articles surveyed indicate that the approach is highly popular with students, with educators adopting it as a means of developing an active learning environment, to increase engagement, and to allow time for developing a deeper understanding of the discipline. Despite the approach being open-ended in terms of how it can be implemented, there is some uniformity in how it has been adopted. These approaches are discussed, along with lessons learned from evaluations, with some suggestions for future iterations so that the implementation relies on evidence-based methods.",openalex,llm,0.940,unreviewed,,doi:10.1039/c5rp00136f
