status,title,authors,year,venue,doi,url,tags,abstract,provider,decision_source,llm_confidence,llm_review_outcome,llm_change_direction,paper_id
kept,Student Perceptions of Lecture-Capture Video to Facilitate Learning in a Flipped Classroom,Ying Xiu; Michael E. Moore; Penny Thompson; Donald P. French,2018,TechTrends,10.1007/s11528-018-0293-6,https://openalex.org/W2801016587,qualifies-claim,"Use of flipped learning environments, where content is delivered online outside of class and class time features student-centered activities, is an increasingly popular way to facilitate active learning. The success of classroom activities, however, depends on students' willingness to complete the out-of-class work and come to class well prepared. Therefore, it is important for instructors to understand students' attitudes towards required pre-class preparation. This study used an online questionnaire, featuring both Likert-type and open-ended questions, to explore students' attitudes towards the online video used in a flipped undergraduate science class. Results showed moderately positive attitudes toward the pre-class video lecture, but also some strongly negative attitudes. Results of this study can help instructors understand both the benefits of flipped learning from the student perspective and the likely sources of resistance. This understanding can help instructors anticipate students' concerns and provide effective orientation when introducing the flipped learning model in undergraduate courses.",openalex,llm,0.890,unreviewed,,doi:10.1007/s11528-018-0293-6
kept,Flipped classroom approaches lead to no improvement in learning outcomes or student perceptions,John A. Arnott; Sonia Lobo Planey,2017,The FASEB Journal,10.1096/fasebj.31.1_supplement.751.14,https://openalex.org/W3189937876,refutes-claim,"The active learning approach has been suggested to promote increased learning in science classes when compared to the traditional lecture‐based approach. The flipped classroom approach is one method that has recently gained popularity to implement active learning approaches within the classroom by encouraging student‐centered group learning and problem solving activities. While some studies report that flipped classroom experiences can improve student performance and produce favorable student perceptions, others report that these gains in performance are not consistent and that the positive effects from flipped pedagogy are short lived. In this study we compared learning outcomes and student perceptions between two, randomized, study arms that were exposed to either active learning or lecture style pedagogy before and after they were crossed over between the pedagogy styles. To ensure continuity of experience, demographics and GPA were similar in each group and they received the exact same material with the only difference being the pedagogy employed. Group A received flipped classroom pedagogy, while group B received traditional lecture pedagogy for four consecutive sessions at which time the groups were crossed over. After the cross over group A received traditional lecture pedagogy and group B received the flipped classroom pedagogy for four additional consecutive sessions. At the end of each session a five‐question evaluation quiz was given and no significant difference in quiz performance was observed between the flipped or lecture groups except that group B outperformed group A during the traditional arm of the study. No differences were observed when exam performance was compared. To assess students' attitudes about the flipped vs. lecture pedagogy, a previously validated Motivated Strategies for Learning Questionnaire (MSLQ) was utilized. A pre‐course survey, a midway‐survey and a post‐course survey was given. Findings suggest that while student confidence in their abilities was reduced initially, this recovered toward the end of the study. Taken together, flipped classroom approaches in this study did not have a significant difference on student performance or perception.",openalex,llm,0.990,unreviewed,,doi:10.1096/fasebj.31.1_supplement.751.14
discarded,VIDEO LECTURES AND ONLINE ACTIVITIES TO ENGAGE STUDENTS IN A FLIPPED CLASSROOM,Ana Paula Lopes; Filomena Soares,2016,EDULEARN proceedings,10.21125/edulearn.2016.0890,https://openalex.org/W2504825224,adjacent-subtopic,"In recent years there have been several proposals for alternative pedagogical practices.Most of these proposals are based in the, so called, ""active learning"", in opposition to the common ""passive learning"", which is centered on transmission of information inside classrooms as well as recognized as teacher-centered procedure.In an active learning pedagogical structure, students have a more participative role in the overall learning/teaching process, being encouraged to face new learning challenges like, for instance, solving problems and developing projects, in an autonomous approach trying to make them, consequently, able to build their own knowledge.The flipped or ""inverted"" classroom is one of these active learning pedagogical methodologies that emphasizes a learnercentered instruction.According to this approach, the first contact that students have with the content on a particular curriculum subject is not transmitted by the lecturer in the classroom, this teaching strategy requires students to assess and analyze the specific subject before attending to class, therefore the informational component from the lecture is the homework, and class time is dedicated to exercises and assignments, always with support from the instructor, who acts as a facilitator, helping students when needed and offering supplementary explanation as required.The main objective of this paper is to discuss and explore how the use of different types of instructional videos and online activities may be implemented in the flipped classroom procedure (as means of incorporating new content and teaching new competencies) and to describe students' perceptions of this approach within a course in a Higher Education Institution (HEI), presenting some positive and negative features of this pedagogical practice.",openalex,llm,0.830,unreviewed,,doi:10.21125/edulearn.2016.0890
kept,"Design, implementation, and evaluation of an inverted (flipped) classroom model economics for sustainable education course",Gillian Foster; Sigrid Stagl,2018,Journal of Cleaner Production,10.1016/j.jclepro.2018.02.177,https://openalex.org/W2792245983,qualifies-claim,"Abstract How effective is the Inverted Classroom Model (ICM), a teaching tool most often used with undergraduates, when applied to postgraduate learners in economics and sustainability? ICM, also known as the “flipped classroom”, replaces the classroom lecture with active student involvement in experiential learning activities in class, whilst the core course content is provided using digital tools and video lectures, possibly in addition to readings, before the students arrive at class. In 2016, the Vienna University of Economics and Business brought ICM to its postgraduate economics students for the first time. The authors of this paper used ICM to teach behavioural economics, a core course in the Masters in Socio-Ecological Economics and Policy with 49 students, as a pilot for using ICM in a sustainability education context. Case study methodology was applied to document the ICM pilot and discusses the effectiveness of the ICM approach. Did the student's view the ICM format positively? Did the ICM format meet the instructors' goals for sustainable education? Which In-class Activities did the students benefit from or criticise? This case study used an anonymous post-course perception survey to determine if the pilot was successful from the students' point of view, grades, and the authors' observations. The main findings are that ICM “worked” for sustainable education. Students acquired new knowledge, valued elements of the course that were intended for reflection, and expanded their competencies. The majority of students were satisfied with the ICM format and believed that it improved their individual performance. However, students advised against expanding this format. The authors interpret this paradoxical result as reflecting the students' perception that the inverted classroom and active learning methods implemented in this course imposed a too high workload; whereas the students perceive that they receive sufficient benefits from a traditional lecture format. While it is a case study, the findings and outcomes apply to postgraduate education in economics, particularly in sustainable education programs. Therefore, this research contributes to the field of research on ICM at the post-graduate level and augments the limited research on ICM in sustainable education. Additionally, this paper expands the research on ICM in the German-speaking world.",openalex,llm,0.880,unreviewed,,doi:10.1016/j.jclepro.2018.02.177
kept,An Examination of Student Preferences and Learning Outcomes in Flipped Classroom with Online Videos,Steven B. Rothman,2022,Journal of Political Science Education,10.1080/15512169.2022.2099411,https://openalex.org/W4285731257,refutes-claim; qualifies-claim,"Flipping classrooms is a popular teaching method in universities to increase active learning and retention as the popularity of traditional lectures decline. Although many studies discuss the process for flipping courses and the student reaction to such courses, much fewer studies examine the effect on student performance. This study conducts a within-case and between-case analysis of student perceptions and performance in an international relations theory course treating students in one course with a flipped classroom style versus the same course taught using traditional lecture style. A survey measures the student perceptions and reactions to the flipped class style compared to the traditional classroom, and a statistical analysis examines the effects of different teaching methods on student exam performance. The results show that students have high favorability ratings for the technique of flipped classrooms, while the statistical analysis shows no positive correlation to student performance indicators.",openalex,llm,0.990,unreviewed,,doi:10.1080/15512169.2022.2099411
kept,"Investigating flipped learning: Post-secondary student selfregulated learning, perceptions, and achievement",Sarah Sletten,2015,UND Scholarly Commons (University of North Dakota),,https://openalex.org/W2536814100,qualifies-claim,"The flipped classroom is a current educational model that is gaining popularity at the post-secondary level. In a flipped classroom, content (i.e., lectures), which is normally delivered in-class, is assigned as homework in the form of video lectures, and assignments that were traditionally assigned as homework, are done as learning activities in class. It was hypothesized that the effectiveness of the flipped model hinges on a student’s desire and ability to adopt a self-directed learning style. The purpose of this study was two-fold; it aimed examining the relationship between two variables—students’ perceptions of the flipped model and their SRL behaviors—and the impact that these variables have on achievement in a flipped class, as well as exploring the effect of the flipped experience on SRL strategy use and achievement. To date, there is very little empirical data that supports this model of instruction, and so this study adds important details to a very limited body of knowledge on post-secondary flipped courses. The study was divided into two sections: (a) Study 1 was a correlational study with 76 participants from a flipped introductory biology course, and (b) Study 2 was a quasi-experimental study with participants from two sections of an introductory psychology course, in which one section was taught traditionally (n = 45) and the other section was flipped (n = 27). Both studies utilized a cross-sectional survey asking them about their self-regulated learning (SRL) strategy use (all three groups) and perceptions of the flipped model (flipped biology group only). SRL strategy use was measured using modified versions of the Motivated Strategies for Learning Questionnaire (MSLQ; Wolters et al., 2005), an established SRL scale, while the flipped perceptions survey was derived from a variety of previously published surveys. Student letter grades for their respective courses were also collected as a measure of achievement. The results of Study 1 supported several hypothesized relationships among the study variables. Through regression analysis it was found that student perceptions of the flipped model positively predict students’ use of several types of SRL strategies. However, the data did not indicate a relationship between student perceptions and achievement, neither directly nor indirectly, through SRL strategy use. In Study 2 the results of a series of independent samples t-tests failed to demonstrate any significant differences in SRL use or achievement between the two sections. This study has implications for both research and practice. The limited body of empirical knowledge on flipped classrooms has been expanded to include a theoretical framework on which to build the flipped model. Results suggest that flipped classrooms demonstrate their successes in the active learning sessions where students are able to build 21st century skills by way of constructivist teaching methods. Video lectures hold an important role in flipped classes, however, students may need to practice SRL skills to become more self-directed and effectively learn from them. This may be possible through instructor coaching and modeling of SRL strategies.",openalex,llm,0.910,unreviewed,,hash:9dd6139319851fdf
kept,The flipped classroom stimulates greater learning and is a modern 21st century approach to teaching today's undergraduates,Christopher J. Mortensen; Angelica M. Nicholson,2015,Journal of Animal Science,10.2527/jas.2015-9087,https://openalex.org/W2302424442,supports-claim,"Many classrooms in higher education still rely on a transformative approach to teaching where students attend lectures and earn course grades through examination. In the modern age, traditional lectures are argued by some as obsolete and do not address the learning needs of today’s students. An emerging pedagogical approach is the concept of the flipped classroom. The flipped classroom can simply be described as students viewing asynchronous video lectures on their own and then engaging in active learning during scheduled class times. In this study, we examined the flipped classroom teaching environment on student learning gains in an Introduction to Equine Science course. Students (n = 130) were asked to view 7.5 h of recorded lectures divided into 8 learning modules, take online quizzes to enforce lecture viewing, take 3 in-class exams, and prepare to participate in active learning during scheduled class times. Active learning approaches included individual activities, paired activities, informal small groups, and large group activities. When compared to students in the traditional lecture format in earlier years, students in the flipped format scored higher on all 3 exams (P < 0.05), with both formats taught by the same instructor. Analysis of ACT scores demonstrated no intellectual capacity differences between the student populations. To evaluate any gains in critical thinking, flipped format students were asked to take the Cornell Critical Thinking Exam (version X). Scores improved from the pretest (50.8 ± 0.57) to the posttest (54.4 ± 0.58; P < 0.01). In the flipped course, no correlations were found with student performance and interactions with online content. Students were asked in class to evaluate their experiences based on a 5-point Likert scale: 1 (strongly disagree) to 5 (strongly agree). The flipped classroom was ranked as an enjoyable learning experience with a mean of 4.4 ± 0.10, while students responded positively to other pointed questions. In formal course evaluations, flipped format students ranked the following higher (P < 0.05): instructor availability to assist students; encouragement of independent, creative, and critical thinking; and amount learned. Overall, the flipped classroom proved to be a positive learning experience for students. As the classroom continues to modernize, pedagogical approaches such as the flipped classroom should be considered for many lecture-style courses taught in the animal sciences.",openalex,llm,0.910,unreviewed,,doi:10.2527/jas.2015-9087
kept,Deaf and Hard of Hearing Students’ Perceptions of the Flipped Classroom Strategy in an Undergraduate Education Course,Amal Al-Ibrahim,2019,European Journal of Educational Research,10.12973/eu-jer.8.1.325,https://openalex.org/W2910879790,qualifies-claim,"This study aims to evaluate the academic outcomes of the flipped classroom approach in the teaching of students who are deaf or hard of hearing (DHH). Furthermore, it aims to activate the role of the teacher through encouraging both teachers and students to engage in active learning styles, while acknowledging individual differences. Participants consisted of 12 female undergraduates with hearing disabilities in a 251 CI course (applications of ICT in teaching and learning) at the College of Education, King Saud University. The study was applied throughout a semester on the contents of the course. The content material and pre-class assigned work (e.g. instructional videos and tasks) were delivered through Blackboard (learning management system), while active learning activities were carried out in class. Using mixed methods, students’ perceptions of their new learning environment were explored through a post-term questionnaire distributed at the end of the semester, in addition to writing a reflective report. Furthermore, participants were requested to write a reflective journal at the end of each lecture. Results indicated the effectiveness of the flipped classroom strategy for students. Moreover, the data indicate a positive impact on students' content learning and improved skills (e.g. collaboration and interaction). The content material which was developed for the specific course (251 CI) could be utilized for the remaining students enrolled in this course. The researcher recommends using the flipped classroom teaching strategy for courses in higher education, as the methodology can be extended and implemented through following a similar framework applied in this study.",openalex,llm,0.880,unreviewed,,doi:10.12973/eu-jer.8.1.325
kept,“Flipping” The Classroom To Explore Active Learning In A Large Undergraduate Course,Sarah E. Rzasa Zappe; Robert Leicht; John Messner; Thomas Litzinger; Hyeon Woo Lee,2020,ASEE Annual Conference & Exposition,10.18260/1-2--4545,https://openalex.org/W2488900762,qualifies-claim,"In traditional approaches to teaching engineering classes, the instructor plays the role of information conveyor, while the students assume a receiver role with primary responsibilities of listening and note-taking.Research into how students learn suggests that students need to be more actively engaged with the course material to maximize their understanding.The literature contains many examples of active learning strategies, such as teams solving problems in class and the use of student response systems with conceptual questions.Incorporating active learning strategies into a class means that there will be less time for delivering material via lecture.Therefore, instructors who choose to utilize active learning strategies must find ways to ensure that all required course content is still addressed.This paper discusses an instructional technique called the ""classroom flip"" model which was assessed in a larger, undergraduate architectural engineering class.In this model, lecture content is removed from the classroom to allow time for active learning, and the content that was removed is delivered to students via on-line video.This approach 'flips' the traditional use of lecture and more active learning approaches.Lecture occurs outside of class, and more active learning, such as problem solving, happens during class.Assessment data was collected to examine students' use of the video lectures and perceptions of the classroom flip.The students' feedback suggests that while the active learning and additional project time available in class improved their understanding, they would prefer that only about half the classes be flipped and some use of traditional lectures should be maintained.",openalex,llm,0.790,unreviewed,,doi:10.18260/1-2--4545
