status,title,authors,year,venue,doi,url,tags,abstract,provider,decision_source,llm_confidence,llm_review_outcome,llm_change_direction,paper_id
kept,Application of the BOPPPS model combined with flipped classroom in clinical practice competency training for gastroenterology residents in standardized residency programs,Jiao Li; Juan Yang; Sheng Zheng,2026,Frontiers in Education,10.3389/feduc.2026.1924196,https://www.scopus.com/inward/record.uri?partnerID=HzOxMe3b&scp=105051169884&origin=inward,supports-claim,"Background – The bridge-in, objective, preassessment, participatory learning, postassessment, summary (BOPPPS) instructional model and flipped classroom pedagogy are increasingly recognized as effective active learning strategies in medical education. However, their combined application in gastroenterology residency training has not been systematically evaluated. This study investigated the impact of the BOPPPS + flipped classroom model on clinical practice competency, clinical thinking, self-directed learning, and teaching satisfaction among gastroenterology residents. Methods – A randomized controlled design was employed. A total of 120 first-year undergraduate-degree residents who completed their gastroenterology rotation at the Third People's Hospital of Yunnan Province between January 2025 and December 2025 were enrolled and randomly assigned to an observation group (n = 60; BOPPPS + flipped classroom) or a control group (n = 60; traditional lecture-based teaching). The intervention lasted 12 weeks (one session per week, two class hours per session). Teaching effectiveness was assessed using standardized clinical practice simulations (admission interview/consultation, clinical reasoning case analysis, and procedural skills), the primary trait analysis (PTA) clinical thinking scale (eight domains), the Self-Directed Learning Readiness Scale (SDLRS), and a validated satisfaction questionnaire. Primary analyses employed analysis of covariance adjusting for corresponding baseline values, with effect sizes reported as adjusted Cohen's d. For multiple secondary comparisons, the Benjamini–Hochberg false discovery rate (FDR) correction was applied. Ordinal PTA scale data were additionally analyzed using non-parametric Mann–Whitney U-tests as sensitivity analyses. Results – The observation group achieved significantly higher scores than the control group across all clinical performance measures: admission interview [adjusted mean difference (aMD) = 3.02, 95% confidence interval (CI): 1.46–4.58, P < 0.001, adjusted d = 0.69], clinical reasoning (aMD = 6.85, 95% CI: 4.75–8.95, P < 0.001, adjusted d = 1.36), and clinical skills (aMD = 9.52, 95% CI: 7.22–11.82, P < 0.001, adjusted d = 2.18). PTA scores were significantly higher in the observation group for all eight clinical thinking dimensions (all P < 0.001 after FDR correction). SDLRS total scores were also markedly higher in the observation group (aMD = 13.82, 95% CI: 10.35–17.29, P < 0.001, adjusted d = 1.38). Satisfaction rates exceeded 86% across all domains in the observation group, compared with 34.3%–54.3% in the control group (all P < 0.05). Conclusions – The BOPPPS + flipped classroom model significantly enhances clinical practice competency, clinical thinking, self-directed learning, and teaching satisfaction among gastroenterology residents compared with traditional instruction. However, the very large effect sizes observed should be interpreted with caution, as the intervention combined multiple instructional components (preclass preparation, supervised hands-on practice, and structured feedback) that were not isolated. Implementation decisions should consider local resources and the specific training contexts.",scopus,llm,0.960,unreviewed,,doi:10.3389/feduc.2026.1924196
discarded,"Standardizing pharmacology education in a systems-based curriculum: a longitudinal, multicampus innovations model",Jennelle Durnett Richardson; Angelika Martin; Lynn Roy; Brian Henriksen; Deron Herr; Caophi Nguyen; Charles N. Rudick; Brett Zimmerman; Larry Kilinski; Jonathan Guerrero,2026,Frontiers in Pharmacology,10.3389/fphar.2026.1911082,https://www.scopus.com/inward/record.uri?partnerID=HzOxMe3b&scp=105050561229&origin=inward,adjacent-subtopic,"Large, distributed medical schools face significant challenges in delivering consistent, high quality pharmacology instruction. Prior to 2016, the Indiana University School of Medicine (IUSM) delivered pharmacology as a traditional, standalone course at each of its nine campuses, resulting in variability in instructional approaches, assessments, and student experience. A major curriculum redesign provided the opportunity to re-envision pharmacology education within an integrated, organ system-based model. Pharmacology content is now intentionally embedded across seven organ system-based pre-clerkship courses, supported by a statewide pharmacology faculty team and a newly established Pharmacology Discipline Consultant. A total of 84 pharmacology contact hours were preserved, with 37 h of standardized recorded lectures introducing foundational concepts and 47 h of small-group active-learning sessions emphasizing application and integration. Content sequencing now follows a spiral design to introduce, revisit, and reinforce key drugs and concepts across systems. Assessment practices are unified statewide using the National Board of Medical Examiners (NBME) item writing principles, centrally coordinated item review, and iterative quality improvement based on student feedback and psychometric performance. All pharmacology content and assessments are delivered identically across campuses to ∼375 students statewide. Recorded lectures provide uniformity in presentation and expectations, while campus-based active learning enables local faculty to facilitate case-based reasoning and integration across courses. Structured facilitator guides support faculty in synchronized delivery of the pharmacology curriculum. A statewide review process maintains alignment of content and reinforces consistency over time. This model preserves total pharmacology instructional time despite distributing content across multiple courses, maintaining coherence of the pharmacology curriculum through intentional sequencing, and establishes consistent assessment quality across all campuses. Student satisfaction with pharmacology instruction remains high, and learners report confidence in the alignment between instruction and assessment. Embedding a longitudinal pharmacology curriculum within an organ system-based framework is feasible and effective when supported by centralized coordination, standardization of foundational content, and faculty development. This innovation provides a replicable model for maintaining a high-quality, active-learning rich pre-clerkship pharmacology curriculum distributed across courses and campuses.",scopus,llm,0.820,unreviewed,,doi:10.3389/fphar.2026.1911082
discarded,ENHANCING ENGAGEMENT AND LEARNING THROUGH INCENTIVIZED LOW-STAKES QUIZZES IN LARGE ENGINEERING CLASSES,Sana Shuja; Shaista Jabeen; Maryam Ahang; Samira Salemhesari,2026,Proceedings of the Canadian Engineering Education Association Conference,10.24908/pceea.2026.21650,https://www.scopus.com/inward/record.uri?partnerID=HzOxMe3b&scp=105047147596&origin=inward,adjacent-subtopic,"Extensive research highlights the benefits of active learning and frequent low-stakes assessment in improving student engagement in STEM education. However, large undergraduate engineering courses often rely on passive lecture delivery, limiting opportunities for meaningful participation and peer interaction. This study explores whether integrating brief, collaborative, in-class quizzes accompanied by a modest collective incentive (1% bonus if the class average exceeds 80%) can foster greater student engagement in a large-enrollment second-year engineering course (ECE 250). Grounded in Bloom’s taxonomy and the ICAP framework (Interactive–Constructive–Active–Passive), this practice was implemented over a full academic term. Quiz participation and performance data, student feedback surveys, and teaching assistants (TAs) classroom observations were analyzed to assess impact. The results indicate increased classroom participation, peer discussion, and the frequency of student-initiated questions, along with positive student perceptions of engagement and motivation. These findings suggest that structured, incentive-based, low-stakes quizzes offer a scalable pedagogical approach for enhancing engagement in large lecture environments without adding significant grading burden, providing practical value for engineering educators seeking sustainable strategies to support active participation.",scopus,llm,0.900,unreviewed,,doi:10.24908/pceea.2026.21650
kept,The use of voiceovers and review games in teaching immunology,Emily Chou; Dylan Cooper; Pranshul Goel; Justin Tang; Garrett Henkle; Savannah Zemeida; Hannah Wolfson; Yennie L. Shyu; Esther Chang; Alyssa Abram; Valerie A. Gerriets; John K. Cusick,2026,Immunohorizons,10.1093/immhor/vlag042,https://www.scopus.com/inward/record.uri?partnerID=HzOxMe3b&scp=105047144252&origin=inward,refutes-claim; qualifies-claim,"Active learning and flipped classrooms have gained popularity in higher education due to their ability to improve educational outcomes. This study evaluated whether combining voiceover lectures and review games could improve learner engagement and satisfaction while achieving learning outcomes comparable to those of traditional immunology didactic lectures. A total of 123 first- and second-year medical students were randomly assigned to groups that took formative quizzes on immunology material after exposure to either: (i) a traditional didactic lecture, (ii) a voiceover lecture followed by an in-class discussion of the voiceover and subsequent review game, or (iii) a blind control group that had no exposure to the material. Furthermore, students provided feedback on the pedagogy and their learning preferences. Students were very enthusiastic about the review games and preferred shorter voiceovers containing formative questions embedded within the voiceover. Importantly, there was no significant difference in quiz performance between the 2 pedagogies, and both groups performed significantly better than the blind control group. A slight but significant decrease in student preference for voiceovers was noted throughout the duration of this multiyear study, which occurred during and shortly after the COVID-19 pandemic. Faculty who observed this pedagogy expressed an increased willingness to use voiceovers and review games if they received training and information technology support. Collectively, this longitudinal study demonstrated support from both faculty and students for the combined use of voiceovers plus review games and captured a potential shift in medical student preferences for learning in recent years during the COVID-19 pandemic.",scopus,llm,0.970,unreviewed,,doi:10.1093/immhor/vlag042
kept,Student Learning Performance and Satisfaction With a Flipped Classroom in Undergraduate Dental Pharmacology Education,Sheila Galvin; Margaret Lucitt,2026,European Journal of Dental Education,10.1111/eje.70062,https://www.scopus.com/inward/record.uri?partnerID=HzOxMe3b&scp=105019617151&origin=inward,supports-claim,"Introduction: The flipped classroom (FC) model of blended learning has become more feasible with the advancement of digital technology platforms. Monitoring a FC approach in curriculum delivery provides an opportunity to evaluate its impact on student exam outcomes and satisfaction. Presented here are examination performances and learning experiences in undergraduate dental students taking pharmacological course material using a FC approach compared to that of a traditional classroom (TC) model. Method: Ninety-seven students experiencing a FC delivery are compared to 129 students taking a TC approach over 2 academic years. Course lecture topics, scheduling, and assessment are consistent across both modes of delivery. At the end of each academic year, an anonymous student survey with a closed-end question was conducted to gain student feedback regarding course satisfaction. Results: The FC positively improved student examination performances compared to the TC approach with a 7% increase in the percentage mean exam grade and a 15% increase in the number of students obtaining exam grades greater than 50%. An increase in the proportion of students achieving higher grades overall is seen in the FC versus the TC approach from the frequency distribution of exam results. The students also rated the FC more positively in the feedback satisfaction compared to the TC student cohort. Conclusion: In summary, the student exam grades and feedback here indicate that the FC has a positive impact on student outcomes and experience compared to the TC approach. These findings provide evidence to dental pharmacological educators that an FC curriculum delivery can lead to an improvement in student performances in this subject area.",scopus,llm,0.990,unreviewed,,doi:10.1111/eje.70062
discarded,Tailoring pedagogical methods to enhance student engagement through a student-faculty partnership in an undergraduate immunology course,Mustafa G. Mujtaba; Dayhana Justiniano,2026,Journal of Microbiology and Biology Education,10.1128/jmbe.00328-25,https://www.scopus.com/inward/record.uri?partnerID=HzOxMe3b&scp=105048711927&origin=inward,adjacent-subtopic,"Getting real-time feedback on pedagogical methods used in the classroom can be a challenge due to a variety of reasons, including the classroom format, instructor lecturing styles, as well as weariness of students to engage instructors. However, a structured semester-long student-faculty partnership can serve as a powerful tool to enhance teaching effectiveness and student engagement. We describe here our version of a student-faculty partnership program (SFPP) model in an upper-level undergraduate Immunology course where a student from a non-science major was embedded in the course to observe classroom dynamics between students and instructor and provide formative feedback to the instructor throughout the semester. This collaboration led to several pedagogical adjustments suggested by the student-partner, including increased use of flipped classroom sessions, integration of lab experiments within lecture sessions, and the use of interactive tools, such as clickers for concept reinforcement and game apps for exam reviews. As a result, the course section implementing the SFPP model had high engagement in lectures and labs, increased performance on lab assignment submitted, and better satisfaction with the revised course format. The end of the semester student surveys and comments indicated student enthusiasm and comfort with the course content as a result of the revised instructional strategies. Thus, the SFPP model offers an adaptable approach for instructors seeking to create a more responsive, real-time, and student-centered learning environment in immunology and biology education.",scopus,llm,0.940,unreviewed,,doi:10.1128/jmbe.00328-25
discarded,From vision to action: a theory of change for introductory biology education reform,Kristin M. Lewis; Michelle A. Whaley; Kathleen Quardokus Fisher; Dominic T. Chaloner; Stuart E. Jones; Matthew J. Kloser; Elizabeth A. Archie; Patricia A. Champion; Shaun W. Lee; Jeffrey S. Schorey; Crislyn D'Souza-Schorey,2026,Journal of Microbiology and Biology Education,10.1128/jmbe.00234-25,https://www.scopus.com/inward/record.uri?partnerID=HzOxMe3b&scp=105048590658&origin=inward,adjacent-subtopic,"Calls for reform in undergraduate biology education, such as Vision and Change, advocate for student-centered learning that emphasizes core concepts and scientific practices. Yet, translating these calls into lasting curricular transformation remains a complex, context-dependent challenge. In this paper, we describe how our department developed and implemented a new introductory biology course sequence using a theory of change (ToC) to guide a second-order, department-wide reform effort. Our ToC was grounded in organizational and educational change theories and emphasized three core arguments: (i) starting from scratch to disrupt previous frameworks, (ii) employing a design thinking process to foster innovation and consensus, and (iii) engaging in intentional knowledge sharing to elicit faculty contributions and a shared vision. The ToC guided a vision phase in which we engaged stakeholders and developed a new conceptual framework that set broad goals for an ideal course sequence; a development phase, where we creatively brainstormed proposals without constraints until a consensus emerged; and an implementation phase, which resulted in a course sequence consisting of two unique lecture-based courses and two research-focused laboratory courses. The new structure emphasized research engagement, active learning, and integration across biological scales, aligning with both departmental values and Vision and Change principles. Ongoing communication ensured strong faculty investment and sustained implementation. Seven years after adoption, the sequence continues to receive broad support and has led to improved student satisfaction and retention. By sharing our ToC-driven approach, we offer a practical, adaptable model for departments seeking to enact meaningful, long-term change in undergraduate biology education.",scopus,llm,0.960,unreviewed,,doi:10.1128/jmbe.00234-25
kept,Impact of a hybrid flipped classroom and case-based learning model on learning outcomes and competency development in Epidemiology,Junqiang Wang; Yeying Wang; Zexing Yang; Ling Zhao; Xiaoshuang Xu; Xuemin Feng; Ying Chen; Limei He,2026,Frontiers in Medicine,10.3389/fmed.2026.1858834,https://www.scopus.com/inward/record.uri?partnerID=HzOxMe3b&scp=105047087599&origin=inward,supports-claim; qualifies-claim,"Objective – To evaluate the efficacy of a hybrid teaching model integrating the Flipped Classroom (FC) and Case-Based Learning (CBL) in undergraduate Epidemiology education, and to compare its outcomes with standalone CBL and traditional Lecture-Based Learning (LBL), thereby providing theoretical evidence for curricular reform. Methods – A quasi-experimental design was employed involving students majoring in Preventive Medicine (n = 100) and Clinical Medicine (n = 98) at a university in Yunnan from January 2023 to December 2023. Participants were stratified into three groups: the Experimental Group (Preventive Medicine; 20% Flipped Classroom + 40% Case-Based Learning + 40% Lecture-Based Learning), the Internal Control Group (Preventive Medicine; 40% Case-Based Learning + 60% Lecture-Based Learning), and the External Control Group (Clinical Medicine; 100% Lecture-Based Learning). Outcome measures included competency enhancement, self-reported satisfaction, overall course evaluation, and knowledge acquisition assessed via pre- and post-course assessments. Results – Significant differences were observed across the three groups regarding competency enhancement, specifically in the breadth of knowledge mastery (Z = 8.871, p = 0.012), learning interest (Z = 11.999, p = 0.002), self-directed learning agency (Z = 6.736, p = 0.034), critical thinking (Z = 7.511, p = 0.023), literature retrieval skills (Z = 6.771, p = 0.034), and teamwork capabilities (Z = 10.938, p = 0.004). In terms of satisfaction, significant variations were found in perceived overall learning effectiveness (Z = 13.154, p = 0.001), instructional methods (Z = 8.679, p = 0.013), instructional design (Z = 10.920, p = 0.004), classroom atmosphere (Z = 6.494, p = 0.039), and engagement (Z = 6.555, p = 0.038). Regarding overall course evaluation, the hybrid model showed significant advantages in facilitating academic writing proficiency (Z = 9.722, p = 0.008), professional technical skills (Z = 19.378, p < 0.001), and preparation for advanced studies (Z = 17.776, p < 0.001). Post-test scores differed significantly among the groups (p < 0.001), with the Experimental Group achieving the highest mean score (68.2 ± 12.0), followed by the Internal Control Group (66.5 ± 10.6), and the External Control Group (59.6 ± 10.3). Conclusion – The hybrid pedagogical model combining the Flipped Classroom and Case-Based Learning effectively enhances learning outcomes in undergraduate Epidemiology. It demonstrates distinct advantages in stimulating learning interest, fostering self-directed learning and critical thinking, and improving academic performance compared to traditional methods.",scopus,llm,0.960,unreviewed,,doi:10.3389/fmed.2026.1858834
