status,title,authors,year,venue,doi,url,tags,abstract,provider,decision_source,llm_confidence,llm_review_outcome,llm_change_direction,paper_id
discarded,Implementation of Enhanced Hybrid Learning to Improve Students’ Engagement,Agung W. Setiawan,2021,2021 30th Annual Conference of the European Association for Education in Electrical and Information Engineering (EAEEIE),10.1109/EAEEIE50507.2021.9530984,https://ieeexplore.ieee.org/document/9530984/,adjacent-subtopic,"The implementation of a new learning method, enhanced Hybrid Learning, is reported in this study. The aim of this study is to improve the learning outcomes, course implementation, and students’ experience in Biosignal Measurement and Instrumentation course using the enhanced Hybrid Learning. The proposed learning method is introduced in the 2018/2019 academic year that consists of a literature review, student presentation and discussion, and mini-project. This study will compare the implementation of hybrid learning and enhanced hybrid learning. The average score for learning outcomes in 2018/2019 is 3.18, an increase of 0.56 than in 2017/2018. The score for course implementation is also increased significantly, from 2.81 in 2017/2018 to 3.33 in 2018/2019. The learning methods questionnaire result reveals that the mini and final projects-based learning approach have the highest score (4.7 out of 6.0). The lecturer presentation has the lowest score (3.9 out of 6.0), whereas the student presentation and literature review have scores of 4.4 and 4.1 out of 6.0. This study revealed that the enhanced Hybrid Learning is very useful to improve the learning outcomes, course implementation, and students’ experience. Importantly, using the enhanced Hybrid Learning approach, not only increases student engagement but also all the students who have passed the course. Another finding of the study is that the students are more excited, enjoyable, and valuable when using the proposed learning approach. The result provides evidence for implementing a hybrid learning approach to improve learning outcomes.",ieee,llm,0.880,unreviewed,,doi:10.1109/eaeeie50507.2021.9530984
discarded,"Class Participation, Using Technology to Enhance Efficiency and Fairness",Benjamin Kok Siew Gan; Eng Lieh Ouh,2023,"2023 IEEE International Conference on Teaching, Assessment and Learning for Engineering (TALE)",10.1109/TALE56641.2023.10398380,https://ieeexplore.ieee.org/document/10398380/,adjacent-subtopic,"Class participation can be considered as contribution to discussion, attendance, presentations, unsolicited responses, questions, comments, etc. What counts may vary across individual teachers. The more students participate, the less memorization they do, and the more they engage in higher levels of thinking, including interpretation, analysis, and synthesis. However, only a handful of students in many classrooms participate regularly, a phenomenon dubbed as ""consolidation of responsibility"". This study provides a literature review of in-class participation, as well as pedagogies and technologies that enhance participation. Pedagogies such as active learning, group learning, project-based learning and flipped classroom. Technologies to automate attendance taking, raising hand as well as for online learning to detect participation, analyze participation, and provide participation feedback.We introduce SKOR, a class participation system that automates fair student participation without wasting class time. We conducted an experiment to know if SKOR kept student updated on their participation points and if it is more efficient and fairer at collecting participation. Our finding is that using SKOR did not have any significant difference on student perception of class participation. However, teacher influences the perception more. Students like shared learning, fairness, and more participation options. They dislike limited opportunity, apprehension and assessing quantitative participation over qualitative participation. These are aligned with our literature review. We hope our review and experiment provide teachers with ideas to improve participation in their classroom.",ieee,llm,0.970,unreviewed,,doi:10.1109/tale56641.2023.10398380
discarded,Understanding the Impact of the FossilSketch Application using Students' Perceptions,Anna Stepanova; Saira Anwar; Christina Belanger; Tracy Hammond,2025,2025 IEEE Frontiers in Education Conference (FIE),10.1109/FIE63693.2025.11328125,https://ieeexplore.ieee.org/document/11328125/,adjacent-subtopic,"Background: In this full research paper, we describe students' perceptions about learning micropaleontology before and after the introduction of the FossilSketch application in the undergraduate geology course. Learning about microfossils can be challenging due to the need for specialized equipment and personalized instructor feedback, and fossil material availability. The FossilSketch application, actively engages students, and provides them access to an interactive learning environment where they learn to identify microfossils independently. Specifically, the application engages students in activities that help in taxonomic identification of the two groups of microfossils, Ostracoda and Foraminifera. Such taxonomic identification is a way to place a specimen within its ecological context and collect fundamental data to enable its application to various fields, such as biology, paleontology, and zoology. Research Question: What are students' perceptions before and after the introduction of the FossilSketch application in the undergraduate micropaleontology course? Methods: In this study we used a multi-method approach (qualitative and quantitative) to analyze students' perceptions. The data were collected from 112 students across three years (2020,2021, and 2022), and control and test group conditions (when students learned micropaleontology without the use of FossilSketch application, and with it). We collected the data on three open-ended questions targeting their perceptions on learning micropaleontology. To understand these perceptions, we first analyzed the data using qualitative content analysis, and identified students' key experiences across the control and test conditions. Later we coded students' responses into categories of positive, negative, and neutral. We analyzed the coded data using Chi-square test to evaluate the independence of the frequency of negative and positive perceptions on the use of the FossilSketch application. Also, we conducted nonparametric comparisons using Kruskal Wallis one-way analysis of variance (H test) between the three-year groups. Findings: The results indicate a significant difference in students' perceptions towards learning micropaleontology between the control year 2020 and test years 2021-2022 for all three questions. Students also showed significantly more positive perceptions in 2021-2022 (test group) than in 2020 (control group). Implications: Overall the results indicate that actively engaging students using FossilSketch application resulted in improved students' perceptions. Students also felt more positive when learning in a hybrid learning environment than when restricted to learning in person, and the FossilSketch application helped in creating a flexible environment preferred by the students.",ieee,llm,0.960,unreviewed,,doi:10.1109/fie63693.2025.11328125
kept,Flipped Classroom Approaches in Computer Programming Courses in Japan,Yoshihiro Hirata; Yoko Hirata,2020,2020 International Symposium on Educational Technology (ISET),10.1109/ISET49818.2020.00032,https://ieeexplore.ieee.org/document/9215526/,qualifies-claim,"With the rapid development of educational computer software, flipped classrooms have become widely applied in Japanese tertiary educational settings. Through reversing the tradition approach of providing new instructions directly, pre-class online tutorials are believed to bring several effective benefits. For example, expanding students' opportunities to engage in discussions, ask instructors questions, and complete projects in collaboration with their classmates, when they would have otherwise been taking notes during class. This approach is more communicative and learner-centred in that students can take control of their own learning without dependence upon the pacing set by the instructor. Research has been widely conducted into what has come to be known as 'flipped classrooms' across various subjects internationally, although few studies have focused on its efficacy specifically with respect to computer programming. This is particularly true in Japan, where traditional teacher-centred approaches are still widely employed. This study aims to examine the effectiveness of flipped classroom approaches in an undergraduate computer programming course in Japan, with specific attention paid to students' self-reported experiences. The findings reveal an unexpectedly low appreciation of the efficacy of the approach, with the majority of students continuing to prefer in-class paper-based instruction. Students' opinions of the efficacy of pre-learning also varied widely from student to student according to their own preferences, interests, and objectives. These results provide some insight into what should be considered when incorporating these pre-learning materials into one's own flipped-learning classrooms.",ieee,llm,0.910,unreviewed,,doi:10.1109/iset49818.2020.00032
kept,Student Perceptions of the Flipped Classroom Using Edpuzzle and the Zoom Meeting App in Undergraduate Mathematical Physics Course,Dzikri Rahmat Romadhon; Maila D.H. Rahiem; Ratna Faeruz; Amany Burhanuddin Lubis,2022,2022 10th International Conference on Cyber and IT Service Management (CITSM),10.1109/CITSM56380.2022.9935938,https://ieeexplore.ieee.org/document/9935938/,qualifies-claim,"Mathematical Physics is a mandatory course for undergraduate physics education majors. This course requires a significant amount of study time; therefore, it is necessary to develop learning strategies in which students can watch educational videos on the subject before class and do exercises during the course, so they are more prepared for the lesson. This study aimed to determine how students felt about utilizing Edpuzzle and Zoom meeting Flipped classroom in a Mathematical Physics course at a university. Researchers employed exploratory qualitative methods to explore how students perceive the flipped classroom using the Edpuzzle and Zoom meeting apps. A questionnaire with open-ended questions was administered to 59 students in the Mathematical Physics course during the second semester of the 2021/22 academic year, and nine students were interviewed. The data shows that students have different thoughts about using Edpuzzle and Zoom meeting to flip the classroom. They have both positive and negative things to say about the method. For example, some students think the approach will help them understand the course better, while others said the methods and media used were hard to understand and confusing. This paper talks in depth about the contradictory comments. Learning about the good and bad feedback tells us what to do to improve the flipped classroom and lessen the bad effects. At the end of the paper, suggestions are made for how to make the most of the approach and minimise its problems.",ieee,llm,0.860,unreviewed,,doi:10.1109/citsm56380.2022.9935938
discarded,Active Learning for Introductory Cybersecurity,Jeffrey J. Yackley,2024,2024 IEEE Frontiers in Education Conference (FIE),10.1109/FIE61694.2024.10893058,https://ieeexplore.ieee.org/document/10893058/,adjacent-subtopic,"This innovative practice full paper describes the author's efforts to create an introductory course for cybersecurity using a flipped classroom model with active learning. The University of Michigan-Flint recently opened a new, four-year, undergraduate cybersecurity program. As part of this new program, the author was tasked with developing the first course of the program without requiring any pre-requisite knowledge to facilitate first- and second-year students to enter the program regardless of their academic background. Further, a requirement was added to all of the author's institution's undergraduate computing majors to require this course as part of their programs. This course is designed to introduce students to the field of cybersecurity and the foundational principles of security and networking needed for future courses. The author describes their iterative experience in designing this face-to-face course moving from more traditional lecture practices to using the flipped classroom model and active learning techniques. The use of the flipped classroom model, active learning, and collaborative learning were spurred by several motivations. The first motivation was that students have a strong preference for less lectures and more hands-on practical and collaborative experiences as indicated in the first asynchronous offering of the course before the face- to- face version was designed. The second motivation was the expressed desire to start developing students' soft skills to help them be able to pursue internships and co-operative education opportunities in alignment with the College of Innovation & Technology's new polytechnic focus. Students were surveyed to measure their thoughts on the course design and their engagement with the material of the course. The course is assessed using these surveys in addition to the instructor evaluation surveys and student assessment data from the in-person offerings of the course in Winter 2023, Fall 2023, and Winter 2024. The initial assessment data indicates greater student achievement and satisfaction with the active learning version of the course most recently offered in Fall 2023 and Winter 2024 in comparison to the more traditional approach used in Winter 2023.",ieee,llm,0.870,unreviewed,,doi:10.1109/fie61694.2024.10893058
discarded,Enhancing Software Requirements Education Through Active Learning: A Pilot Study on Role-Playing and Real-World Simulations,Mauricio Hidalgo; Laura Castro; Hernán Astudillo; Fernando Montoya; Manuel Goyo,2025,2025 LI Latin American Computer Conference (CLEI),10.1109/CLEI67442.2025.11420808,https://ieeexplore.ieee.org/document/11420808/,adjacent-subtopic,"Software engineering education (SEE) requires a careful balance between theoretical concepts and practical application, and this is especially true of teaching software requirements. However, traditional teaching methods, such as lectures, often fail to engage students and foster the practical skills necessary for real world software development. We present a pilot study on the application of active learning methodologies in a software engineering course involving 21 midlevel undergraduate informatics students. The approach covers the entire requirements engineering process, from stakeholder identification to effort estimation techniques, to make learning more experiential and applied. We split each class into three segments: (i) theoretical instruction; (ii) collaborative group activities, including role playing to simulate real world dynamics and encourage students to apply concepts in context; and (iii) feedback and guided reflection. The course capstone was a requirements elicitation activity conducted in an actual real world scenario, aimed at consolidating and demonstrating the skills developed throughout the course. Initial results, as shown by ungraded assessment of the elicitation activity and by a student survey, indicate that this structured active learning approach allowed us to achieve the intended learning outcomes and was also well received by the students. Our piloted approach shows promise to provide a replicable SEE method that enhances student engagement, promotes deeper learning, and strengthens the development of practical skills in requirements engineering.",ieee,llm,0.830,unreviewed,,doi:10.1109/clei67442.2025.11420808
kept,Applying Flipped Classroom with a Remote Laboratory for Photovoltaic Energy Efficiency Experimentation,Alex Villazón; Andrés Gamboa; Omar Ormachea; Renán Orellana,2026,2026 IEEE Engineering Education World Conference (EDUNINE),10.1109/EDUNINE62390.2026.11547072,https://ieeexplore.ieee.org/document/11547072/,qualifies-claim,"The flipped classroom methodology combines theoretical and practical learning by encouraging students to work with theoretical content at home and practical in-class activities. The purpose of this study is to provide an active learning approach combining flipped classroom and the incorporation of hands-on experimentation with remote laboratories to improve student engagement and performance, especially in complex subjects or engineering areas, where traditional lecture-based methods are not sufficient. To evaluate the effectiveness of this active learning approach, we conducted a pilot study with a selected group of students, using a combination of predictive and post-experimentation assessments and feedback mechanisms. In the pilot, hands-on experimentation was carried out using our newly developed photovoltaic (PV) solar remote laboratory, to improve the understanding of the influence of altitude on PV energy efficiency, which cannot be achieved with simulations or with a real laboratory deployed in a single location. The results showed a significant improvement in the post-experimentation scores from 50% average to 79% and high student satisfaction with the learning experience. The findings of this pilot study provide valuable insights for the future adoption of similar methodologies and the implementation of the proposed approach.",ieee,llm,0.780,unreviewed,,doi:10.1109/edunine62390.2026.11547072
discarded,Students Perceptions on Teaching Design of Power Electronics Using Student-Response Systems: Thematic Content Analysis of Interviews,Dimosthenis Peftitsis; Anna Mavroudi,2022,IEEE Access,10.1109/ACCESS.2022.3183584,https://ieeexplore.ieee.org/document/9797712/,adjacent-subtopic,"The paper presents an empirical study conducted in the context of an advanced power electronics design course in a technical university. In selected points of the lectures formative assessments were introduced and supported by the use of clickers. The purpose of the article is to examine students’ perceptions of the effectiveness of clickers use. Individual, semi-structured student interviews conducted which were analysed using thematic content analysis. The findings reveal that the perceptions of the students with respect to the use of clickers were associated to: sustain student attention during the lecture, the provision of confirmatory and elaborative instructional feedback, the anonymity of the students’ answers, asking questions appropriate for this teaching/learning method, students’ motivation, students own suggestions for improvement, and the perceived existence of game-like elements. While in general the findings confirm the previous literature, there are a few points which are unique for this study, such as the relative importance of enhancing the students’ attention compared to other studies, as well as the importance of using appropriate questions from the subject-matter. Besides, the drawbacks of previous research on clickers are not in line with the perceived ones in the present study. The paper is concluded with providing research and practical implications. The former touch upon the potential of this study on informing the research on didactics in the field of electrical engineering in Higher Education, whereas the latter pertains to its contribution with respect to learning design in similar learning contexts.",ieee,llm,0.940,unreviewed,,doi:10.1109/access.2022.3183584
kept,The Effect of Motivation on Learners' Performance and Satisfaction under Flipped Strategy in Discrete Math,Martin K.-C. Yeh; Pei-Hsuan Lin; Nannette D'Imperio,2020,2020 IEEE Frontiers in Education Conference (FIE),10.1109/FIE44824.2020.9274262,https://ieeexplore.ieee.org/document/9274262/,refutes-claim; qualifies-claim,"This Research Work in Progress paper presents preliminary data from an experiment study (N = 22) in investigating the effect of learners' motivation on learning outcomes, including learning performance and satisfaction. In STEM fields, learners are required to obtain declarative knowledge as well as apply them to solve real world problems. The flipped strategy has been a popular instructional approach and is used in many classrooms. Although many studies reported positive impact of the flipped strategy, the results are not consistent. The goal of this study is to explore whether learners' motivation in a flipped classroom affect their performance and their satisfaction. We use a quasi-experimental design with two groups based on the initial motivation scores. We find that our participants did not benefit from flipped strategy as much as the traditional strategy. We also found that the participants did not feel better (confident) about the subject. We conclude that students may not be comfortable with the flipped strategy because the flipped strategy is used for only about two weeks and that great instructional attentions may be needed to use the flipped strategy. In the end, we propose areas that are worthy of further investigation.",ieee,llm,0.970,unreviewed,,doi:10.1109/fie44824.2020.9274262
