status,title,authors,year,venue,doi,url,tags,abstract,provider,decision_source,llm_confidence,llm_review_outcome,llm_change_direction,paper_id
discarded,Student perceptions of the Flipped Classroom,Graham Brent Johnson,2013,cIRcle (University of British Columbia),10.14288/1.0073641,https://openalex.org/W2186563495,adjacent-subtopic,"The Flipped Classroom is an instructional strategy that can provide educators with a way of minimizing the amount of direct-instruction in their teaching practice while maximizing one-to-one interaction. This strategy leverages technology providing additional supporting instructional material for students that can be accessed online. This frees up classroom time that had previously been used for lecturing. Students in three high school math classrooms where instruction was “flipped” were surveyed to examine their perceptions of the Flipped Classroom and to assess the role social media, educational technology, mastery learning, and self-pacing played in Flipped Classroom environments. The survey also addressed how the Flipped Classroom could support student learning and what could be done to improve Flipped Classroom implementations. The survey utilized both qualitative and quantitative research measures which provided a broader understanding of how students responded as a group and as individuals. The results revealed three major findings: students are doing less homework in a Flipped Classroom than in a traditional lecture-based classroom, students enjoyed learning in a Flipped Classroom environment, and students benefited from watching their lectures in condensed lesson videos. This research has implications for instructional delivery in 21st century classrooms. The findings of this study illustrate that technology can provide a self-paced instructional setting that can effectively support mastery learning for students. Additionally, educators who use the Flipped Classroom can add additional supporting elements like assessment for learning, problem-based inquiry, strategies for differentiation, and can create, overall, an environment for instruction that is more flexible than traditional classroom settings. Recommendations that emerged from the findings for improving Flipped Classroom implementation included: interactive instructional videos, increased in-class learning activities, and alterations to assessment.",openalex,llm,0.980,unreviewed,,doi:10.14288/1.0073641
kept,"Investigating Flipped Learning: Student Self-Regulated Learning, Perceptions, and Achievement in an Introductory Biology Course",Sarah Sletten,2017,Journal of Science Education and Technology,10.1007/s10956-016-9683-8,https://openalex.org/W2579673151,qualifies-claim,"In flipped classrooms, lectures, which are normally delivered in-class, are assigned as homework in the form of videos, and assignments that were traditionally assigned as homework, are done as learning activities in class. It was hypothesized that the effectiveness of the flipped model hinges on a student's desire and ability to adopt a self-directed learning style. The purpose of this study was twofold; it aimed at examining the relationship between two variables-students' perceptions of the flipped model and their self-regulated learning (SRL) behaviors-and the impact that these variables have on achievement in a flipped class. For the study, 76 participants from a flipped introductory biology course were asked about their SRL strategy use and perceptions of the flipped model. SRL strategy use was measured using a modified version of the Motivated Strategies for Learning Questionnaire (MSLQ; Wolters et al. 2005), while the flipped perceptions survey was newly derived. Student letter grades were collected as a measure of achievement. Through regression analysis, it was found that students' perceptions of the flipped model positively predict students' use of several types of SRL strategies. However, the data did not indicate a relationship between student perceptions and achievement, neither directly nor indirectly, through SRL strategy use. Results suggest that flipped classrooms demonstrate their successes in the active learning sessions through constructivist teaching methods. Video lectures hold an important role in flipped classes, however, students may need to practice SRL skills to become more self-directed and effectively learn from them.",openalex,llm,0.910,unreviewed,,doi:10.1007/s10956-016-9683-8
kept,Seeking the best blend for deep learning in a flipped classroom – viewing student perceptions through the Community of Inquiry lens,Ingrid Le Roux; Lynette Nagel,2018,International Journal of Educational Technology in Higher Education,10.1186/s41239-018-0098-x,https://openalex.org/W2802343725,qualifies-claim,"We describe a case study of a third-year undergraduate class in Enterprise Education. A blended learning design in the form of a flipped classroom with a duration of one semester, was explored in two cohorts. The question was to explore how students experienced the flipped class for learning and how this approach presented the different presences in the Community of Inquiry (CoI), and its revisions. The online learning components represented the individual learning space, where the main resource was bespoke videos that replaced lectures and complemented the textbook and other learning material. The classroom hosted a business school-style seminar where students in small groups engaged in solving a new business case study, going through phases of developing a concept to presenting the group solutions to the class. It aimed at fostering active learning both inside and outside the class. Students participated in the activities to apply the theory in new cases. The teacher facilitated the sessions, provided direction and correction as needed. The research used mixed methods consisting of trace data, quantitative and qualitative student feedback to explore how suitable the flipped classroom in undergraduate education was towards developing deep learning. The online individual learning space yielded highly salient Teaching Presences, accompanied by evidence of Agency Presence, characterised by independent activity and personal learning preferences. Online videos and ICT resources helped with understanding the theory ahead of class meetings. Seminars in the collaborative space fostered deep learning of the theory, and enabled students to apply the prepared theory in case studies and solve problems. Integration and particularly Resolution in Cognitive Presence of CoI featured in the seminars, while Social Presence was the weakest. Suggestions are made to implement the flipped class principles in an online class.",openalex,llm,0.870,unreviewed,,doi:10.1186/s41239-018-0098-x
kept,Comparing the Effectiveness of an Inverted Classroom to a Traditional Classroom in an Upper-Division Engineering Course,Gregory S. Mason; Teodora Rutar Shuman; Kathleen E. Cook,2013,IEEE Transactions on Education,10.1109/te.2013.2249066,https://openalex.org/W2026840654,supports-claim; qualifies-claim,"An inverted, or flipped, classroom, where content delivery includes video lectures watched outside of the classroom, is a method that can free classroom time for learner-centered activities such as active and problem-based learning. This study compared the effectiveness of an inverted classroom to a traditional classroom in three areas: 1) content coverage; 2) student performance on traditional quizzes and exam problems; and 3) student observations and perception of the inverted classroom format. A control-treatment experiment comparing an inverted classroom to a traditional lecture-style format was used. The results show that: 1) the inverted classroom allowed the instructor to cover more material; 2) students participating in the inverted classroom performed as well or better on comparable quiz and exam questions and on open-ended design problems; and 3) while students initially struggled with the new format, they adapted quickly and found the inverted classroom format to be satisfactory and effective.",openalex,llm,0.990,unreviewed,,doi:10.1109/te.2013.2249066
kept,Flipped classrooms and student learning: not just surface gains,Sarah McLean; Stefanie M. Attardi; Lisa Y. Faden; Mark A. Goldszmidt,2016,AJP Advances in Physiology Education,10.1152/advan.00098.2015,https://openalex.org/W2295691648,qualifies-claim,"The flipped classroom is a relatively new approach to undergraduate teaching in science. This approach repurposes class time to focus on application and discussion; the acquisition of basic concepts and principles is done on the students' own time before class. While current flipped classroom research has focused on student preferences and comparative learning outcomes, there remains a lack of understanding regarding its impact on students' approaches to learning. Focusing on a new flipped classroom-based course for basic medical sciences students, the purpose of the present study was to evaluate students' adjustments to the flipped classroom, their time on task compared with traditional lectures, and their deep and active learning strategies. Students in this course worked through interactive online learning modules before in-class sessions. Class time focused on knowledge application of online learning module content through active learning methods. Students completed surveys and optional prequiz questions throughout the term to provide data regarding their learning approaches. Our results showed that the majority of students completed their prework in one sitting just before class. Students reported performing less multitasking behavior in the flipped classroom compared with lecture-based courses. Students valued opportunities for peer-peer and peer-instructor interactions and also valued having multiple modes of assessment. Overall, this work suggests that there is the potential for greater educational gains from the flipped classroom than the modest improvements in grades previously demonstrated in the literature; in this implementation of the flipped classroom, students reported that they developed independent learning strategies, spent more time on task, and engaged in deep and active learning.",openalex,llm,0.890,unreviewed,,doi:10.1152/advan.00098.2015
kept,"Engaging students in education for sustainable development: The benefits of active learning, reflective practices and flipped classroom pedagogies",Rachel Howell,2021,Journal of Cleaner Production,10.1016/j.jclepro.2021.129318,https://openalex.org/W3207018007,qualifies-claim,"Effective Education for Sustainable Development (ESD) requires appropriate pedagogies that engage learners in transformative learning. These pedagogies include reflective and active learning, involving experiential, collaborative and learner-centred activities. This paper discusses student experiences and perceptions of an interdisciplinary social science ESD course at a UK university that incorporated reflective and active learning by using a 'flipped classroom' (FC) design and innovative assessments. FC creates time in class for reflective and active learning by moving content acquisition to pre-class study. Adoption of the flipped classroom in social sciences is rare and literature on use of FC for ESD is very scarce; hence this paper offers valuable insights into the design of a flipped social science ESD course, and participants' responses. Results of two surveys demonstrate very positive student perceptions of the course, and illustrate several benefits of the FC design. Over 90% of respondents agreed that in-class active learning exercises made the classes more engaging and the material more memorable than usual, offering useful opportunities to put information/ learning into practice, with most students expressing strong agreement. In-class mini-lectures were nevertheless also appreciated, as were reflective practices. A large majority of the students considered the workload reasonable. Findings also reveal the importance of incentivising pre-class preparation using graded assessments such as quizzes, which additionally helped students understand/remember content, and gave confidence about contributing in class. It is clear that the active and reflective learning that FC facilitates engages students in ESD. The paper concludes by offering recommendations for successfully implementing this approach.",openalex,llm,0.890,unreviewed,,doi:10.1016/j.jclepro.2021.129318
discarded,Enhancement of student perceptions of learner-centeredness and community of inquiry in flipped classrooms,Young Hwan Lee; Kyong‐Jee Kim,2018,BMC Medical Education,10.1186/s12909-018-1347-3,https://openalex.org/W2896500548,adjacent-subtopic,"BACKGROUND: Flipped classrooms (FC) are expected to create a more student-centered, active learning environment than traditional lectures. This study assessed the effectiveness of FC in promoting a student-centered, active learning environment by examining the changes in student perceptions of the learning environment of FC in terms of student-centeredness and sense of community of inquiry (COI), which represents the elements of a successful learning environment. METHODS: Questionnaires were given to a cohort of Year 2 students in a six-year undergraduate medical education program, who had taken an introduction to medicine course in a FC format. The questionnaire included 7 items on the teaching orientation (i.e., teacher-centered vs. student-centered) and 34 items from the Community of Inquiry Survey Instrument, which consisted of three sub-scales - teaching, social, and cognitive presences. The questionnaires were administered in pre- and post-test format during the first and last week of the semester. RESULTS: A total of 55 students returned the questionnaires (100% response rate). The student perceptions of student-centeredness of FC increased significantly over time (p < 0.001), and their perceptions of COI in FC also increased significantly in all three presences (p < 0.001). The student perceptions of student-centeredness and sense of COI in FC increased significantly in both high-achieving and low-achieving students (p < 0.01). CONCLUSIONS: This study indicates that the flipped classroom model is an effective approach to fostering a learner-centered learning environment and developing a community of inquiry among medical students.",openalex,llm,0.780,unreviewed,,doi:10.1186/s12909-018-1347-3
kept,Students' perception of flipped classroom: A case study for private universities in Jordan,Yousef Aljaraideh,2019,Journal of Technology and Science Education,10.3926/jotse.648,https://openalex.org/W2945429032,qualifies-claim,"This study examined the male and female students' perceptions of flipped learning system, taking four private universities in the Northern Province in Jordan as the sample of study. Flipped classroom, as an innovative strategy used in higher education, suits the demands of students at a university level, developing their critical thinking and problem solving skills. The current study showed that the students' perceptions of flipped classroom in the Jordanian private universities were high. This study recommended the necessity of using flipped learning technique at universities in Jordan due to its efficiency in developing students' understanding of the curriculum and in motivating them to be become active rather than passive participants in the classroom.",openalex,llm,0.880,unreviewed,,doi:10.3926/jotse.648
kept,"Flipped learning, flipped satisfaction, getting the balance right",Rosemary Fisher; Bella Ross; Richard Laferriere; Alex Maritz,2017,Teaching & Learning Inquiry The ISSOTL Journal,10.20343/teachlearninqu.5.2.9,https://openalex.org/W2363226079,qualifies-claim,"This paper explores students’ perceptions of their learning outcomes, engagement, and satisfaction with a technology-facilitated flipped approach in a third-year core subject at an Australian university during 2014. In this pilot study, findings reveal that students preferred the flipped approach to the traditional face-to-face delivery and reported increased engagement, satisfaction, and learning outcomes as a result of both the flipped classroom approach and the use of digital technologies in the delivery of the unit. However, students did report frustration and less satisfaction generally with the flipped model in the initial stages of the semester. The implications are that students may require extra support in the initial stages of delivery of a flipped class to assist them to understand and take up the challenge of theapproach, thereby maximising student engagement and satisfaction earlier in the semester.",openalex,llm,0.960,unreviewed,,doi:10.20343/teachlearninqu.5.2.9
kept,Flipped Learning in Flipped Classrooms: A New Pathway to Prepare Future Special Educators,Robin D. Brewer; Sara Movahedazarhouligh,2019,Journal of Digital Learning in Teacher Education,10.1080/21532974.2019.1619110,https://openalex.org/W2950385239,qualifies-claim,"Preparing high-quality special education teachers is the purpose of special education teacher education programs. Educators are focusing on ways to enhance traditional models of teaching and learning in higher education. One alternative, flipped learning, reverses a traditional model of learning by providing content typically presented during class lectures, outside of class through videos, online modules, and so on. During class, active learning occurs, applying concepts to hands-on activities. This qualitative study explored special education teacher candidates’ perceptions regarding their experiences in a flipped course. To understand participants’ experiences, teacher candidates participated in digitally recorded focus groups. Each transcribed recording was then analyzed using NVivo 11, and content analysis resulted in a variety of themes presented in this study with suggestions for practice and further research.",openalex,llm,0.850,unreviewed,,doi:10.1080/21532974.2019.1619110
discarded,Advances in medical education and practice: student perceptions of the flipped classroom,Mohammed Salik Sait; Zohaib Siddiqui; Yasir Ashraf,2017,Advances in Medical Education and Practice,10.2147/amep.s133328,https://openalex.org/W2576679378,adjacent-subtopic,"Advances in medical education and practice: student perceptions of the flipped classroom Mohammed Salik Sait,1 Zohaib Siddiqui,2 Yasir Ashraf3 1Barts and the London School of Medicine and Dentistry, 2King’s College School of Medicine, 3School of Medicine, Imperial College London, London, UKWe read with great interest the article by Ramnanan and Pound which reviews the benefits and limitation of the “flipped classroom” (FC) approach to teaching in medical schools.1 As fifth-year medical students from three separate UK medical institutions, we appreciate the emphasis placed on the development of an effective medical school curriculum that enables students to critically engage with the both scientific and clinical concepts. We hence share our views on the development of the FC approach to teaching.View the original paper by Ramnanan and Pound.",openalex,llm,0.980,unreviewed,,doi:10.2147/amep.s133328
discarded,What Makes Lectures ‘Unmissable’? Insights into Teaching Excellence and Active Learning,Andrea Revell; Emma M. Wainwright,2009,Journal of Geography in Higher Education,10.1080/03098260802276771,https://openalex.org/W2093647346,adjacent-subtopic,"This research explores ‘teaching excellence’ by examining the perceptions of geography academics and students at Brunel University as to what makes a lecture ‘unmissable’. The findings from 10 interviews with lecturers and five focus groups with undergraduate students suggest that whilst there is probably no such thing as an entirely unmissable lecture, attendance rates are significantly enhanced by three key factors: (i) a high degree of participation and interactivity (‘active learning’), (ii) a clear structure which enables integrative links to be more easily made, and (iii) a passionate, enthusiastic lecturer, who can bring a subject to life for students. As research has shown that a high degree of interactivity encourages deeper approaches to learning, the paper argues that a move away from conventional lecturing towards more applied methods and small-group teaching may be a way of improving teaching excellence. Yet as large-group lectures are unlikely to be replaced any time soon, making them as participative as possible is one way to ensure that higher cognitive functions are at least partially acquired.",openalex,llm,0.890,unreviewed,,doi:10.1080/03098260802276771
