status,title,authors,year,venue,doi,url,tags,abstract,provider,decision_source,llm_confidence,llm_review_outcome,llm_change_direction,paper_id
discarded,Flipped Learning (Flipped Classroom),Hayriye Dilek Akdoğan,2026,Journal of Medical Education and Family Medicine,10.62425/jmefm.1817601,https://openalex.org/W7159802930,adjacent-subtopic,"With the advancement of technology and the diversification of educ methods, innovations in medical educ in line with current conditions have become necessary. Medical educ should be evaluated as a whole. Each branch of science, in addition to its own dynamics, is related to other branches of science, and lifelong learning is very important. It is inevitable to benefit from the opportunities offered by technology in this learning process. The flipped learning/flipped-classroom model offers us these opportunities. Baker first introduced the concept of flipped learning in 1982. Baker focused on a model that is more learner centered and uses technology effectively, instead of rote-based educ. In flipped learning, students are asked to follow the lesson, which will be explained by the educator in the classroom, through training modules that have been recorded electronically in advance and to come to class ready. Students take notes on their questions while watching the modules, and when they come to class, an interactive discussion environment is created with the educator. Thus, it is predicted that brainstorming, discussion and active educal activities will motivate learning for students who come to class prepared by listening to lectures at home. Given that medical educ is a dynamic process, for flipped classrooms to become widespread in our country, the model must first be introduced to educators and students. After the necessary training is provided, the flipped classroom can be included in training programs as a learner-centered constructivist approach.",openalex,llm,0.970,unreviewed,,doi:10.62425/jmefm.1817601
kept,The Effect Of Flipped Classroom Model On Students' Academic Achievement In Science And Mathematics Education: A Meta-Analysis Study,Atilla ÖZDEMİR,2021,i-manager’s Journal on Educational Psychology,10.26634/jet.18.3.18071,https://openalex.org/W4285536705,supports-claim; qualifies-claim,"This study examines the effect of the flipped learning approach on academic achievement based on science and mathematics education fields with the meta-analysis method. For this purpose, including the different uses of the flipped learning approach in the literature; ""Science Education & Academic Success & Flipped Classroom,"" ""Mathematics Teaching & Academic Success & Flipped Classroom"" have been searched as keywords through national thesis center database in Turkey. A total of 13 Master's and doctoral theses have participated in the research within the inclusion criteria scope. The data were analyzed through the CMA program. As a result of the data analysis, a statistically significant effect size was found in favor of the flipped learning approach in general (g = 1.223; p <.001; 95% confidence interval 0.667-1.769). In addition, it was revealed that the effect size of data showed normal distribution, and showed a high level of heterogeneity. Within the scope of sub-problems, it has been concluded that a statistically significant difference exists in terms of the effect of the flipped learning approach in science and mathematics on academic achievement according to the education level and sample size of the study group. A higher effect size on academic achievement was found in university students' studies and flipped learning with small groups. It was revealed that the learning area (discipline), the duration of the flipped learning approach, and the year of publication do not have a statistically significant effect size.",openalex,llm,0.990,unreviewed,,doi:10.26634/jet.18.3.18071
kept,Academic outcomes of flipped classroom learning: a meta‐analysis,Kuo-Su Chen; Lynn Valerie Monrouxe; Yi‐Hsuan Lu; Chang‐Chyi Jenq; Yeu-Jhy Chang; Yu‐Che Chang; Pony Yee-Chee Chai,2018,Medical Education,10.1111/medu.13616,https://openalex.org/W2810940625,supports-claim; qualifies-claim,"CONTEXT: The flipped classroom (FC), reversing lecture and homework elements of a course, is popular in medical education. The FC uses technology-enhanced pre-class learning to transmit knowledge, incorporating in-class interaction to enhance higher cognitive learning. However, the FC model is expensive and research on its effectiveness remains inconclusive. The aim of this study was to compare the efficacy of the FC model over traditional lecture-based (LB) learning by meta-analysis. METHODS: We systematically searched MEDLINE, PubMed, ERIC, CINAHL, EMBASE, reference lists and Association for Medical Education in Europe (AMEE) conference books. Controlled trials comparing academic outcomes between the FC and LB approaches in higher education were considered eligible. The main findings were pooled using a random-effects model when appropriate. RESULTS: Forty-six studies (9026 participants) were included, comprising four randomised controlled trials (RCTs), 19 quasi-experimental studies and 23 cohort studies. Study populations were health science (n = 32) and non health science (n = 14) students. The risk of bias was high (36/37 articles). Meta-analyses revealed that the FC had significantly better outcomes than the LB method in examination scores (post-intervention and pre-post change) and course grades, but not in objective structured clinical examination scores. Subgroup analyses showed the advantage of the FC was not observed in RCTs, non-USA countries, nursing and other health science disciplines and earlier publication years (2013 and 2014). Cumulative analysis and meta-regression suggested a tendency for progressively better outcomes by year. Outcome assessments rarely focused on behaviour change. CONCLUSIONS: The FC method is associated with greater academic achievement than the LB approach for higher-level learning outcomes, which has become more obvious in recent years. However, results should be interpreted with caution because of the high methodological diversity, statistical heterogeneity and risk of bias in the studies used. Future studies should have high methodological rigour, a standardised FC format and utilise assessment tools evaluating higher cognitive learning and behaviour change to further examine differences between FC and LB learning.",openalex,llm,0.990,unreviewed,,doi:10.1111/medu.13616
kept,"Fail, flip, fix, and feed – Rethinking flipped learning: A review of meta-analyses and a subsequent meta-analysis",Manu Kapur; John Hattie; Irina Grossman; Tanmay Sinha,2022,Frontiers in Education,10.3389/feduc.2022.956416,https://openalex.org/W4297236149,qualifies-claim; metodkritik,"The current levels of enthusiasm for flipped learning are not commensurate with and far exceed the vast variability of scientific evidence in its favor. We examined 46 meta-analyses only to find remarkably different overall effects, raising the question about possible moderators and confounds, showing the need to control for the nature of the intervention. We then conducted a meta-analysis of 173 studies specifically coding the nature of the flipped implementation. In contrast to many claims, most in-class sessions are not modified based on the flipped implementation. Furthermore, it was flipping followed by a more traditional class and not active learning that was more effective. Drawing on related research, we proposed a more specific model for flipping, “Fail, Flip, Fix, and Feed” whereby students are asked to first engage in generating solutions to novel problems even if they fail to generate the correct solutions, before receiving instructions.",openalex,llm_reviewed,0.990,confirmed,,doi:10.3389/feduc.2022.956416
kept,Flipped classroom in accounting courses: A systematic review,Benedecta Indah Nugraheni; Sukirno Sukirno; Lorensius Hendrowibowo; Gregorius Punto Aji,2022,Cypriot Journal of Educational Sciences,10.18844/cjes.v17i12.7567,https://openalex.org/W4313394643,supports-claim,"Flipped classroom (FC) is one of the learning approaches that are currently being implemented in various fields of study in higher education because it has several advantages over traditional methods. However, the implementation of FC in accounting courses is still limited. This review aimed to investigate the FC implementation in accounting courses in higher education, particularly the reasons for implementing FC, the strategy and its impacts. The 15 articles reviewed were selected using the Preferred Reporting Items for Systematic Reviews and Meta-Analyses flow diagram. The results indicated that the application of FC is motivated by problems that occur in accounting courses, the weaknesses of the method used, the desire to increase student learning experiences, and the potential offered by FC to improve accounting learning. The strategies used in implementing FC varied. FC had a positive impact on accounting learning and most students prefer this approach. FC is a recommended approach for accounting as an application-oriented course. Keywords: Accounting courses, flipped classroom, flipped learning, higher education, systematic review;",openalex,llm,0.940,unreviewed,,doi:10.18844/cjes.v17i12.7567
kept,Analysis of the Studies Concerning Flipped Learning Model: A Comparative Meta-Synthesis Study,İshak KOZİKOĞLU,2018,International Journal of Instruction,10.29333/iji.2019.12155a,https://openalex.org/W2906960589,supports-claim; qualifies-claim,"The purpose of this research is to analyze the studies conducted in Turkey and abroad concerning flipped learning model from various perspectives.Eighty studies were included in this research consisting of 34 studies in Turkey and 46 studies abroad.The studies examined within the scope of this research were reached using various databases.The studies were analyzed by using content analysis technique.As a result of the research, it was concluded that the number of studies about flipped learning model have increased in recent years, the majority of the studies are article, the mostly preferred method and design are mixed method and experimental design, teaching practices were mostly carried out with the university students, the achievement test, interview form and survey were mostly used in the studies, the videos, presentations and written documents were used in out-of-class activities and practical activities were conducted in class.According to the study results, it is seen that flipped learning model has a positive effect on the students' academic achievement, motivation, metacognitive awareness, etc.Moreover, it was determined that students and teachers have positive views on flipped learning model.",openalex,llm,0.830,unreviewed,,doi:10.29333/iji.2019.12155a
kept,A Meta-Analysis of Outcomes Comparing Flipped Classroom and Lecture,Chris Gillette; Michael J. Rudolph; Craig Kimble; Nicole Rockich‐Winston; Lisa S. Smith; Kimberly Broedel-Zaugg,2018,American Journal of Pharmaceutical Education,10.5688/ajpe6898,https://openalex.org/W2790968264,refutes-claim; qualifies-claim; metaanalys,"Objective. To examine the evidence of the effectiveness of flipped classroom compared to traditional lecture. Methods. Experimental and observational studies were included and obtained through searches of PubMed, Education Resources Information Center (ERIC), and Google Scholar. Publications from January 1, 2000 through July 1, 2017 were included. Studies were eligible for this research if: (a) the study compared student outcomes using flipped classroom versus lecture and (b) at least one outcome measure was final examination score or final course score. This analysis used a random effects model with weighted mean difference (WMD) as the outcome. Results. Six studies were included in the qualitative synthesis and five were included in the quantitative synthesis. To date, there has only been one prospective randomized comparison of flipped classroom to lecture in student pharmacist education. When comparing final examination scores, there was no significant difference between flipped classroom and lecture based instruction. Only two studies examined the effect of flipped classroom compared to lecture on final course score. This analysis also found no significant difference. Conclusion. Despite a lack of prospective randomized studies, findings from this meta-analysis suggest that flipped classroom may be associated with minimal gains in student knowledge compared to lecture. These findings are important because previous research has estimated that the flipped classroom requires more time to develop and implement. Future studies using prospective randomized designs need to be conducted before widespread adoption.",openalex,llm_reviewed,0.990,confirmed,,doi:10.5688/ajpe6898
kept,Systematic Literature Review of Flipped Classroom in Mathematics,Chak Him Fung; Michael Besser; Kin‐Keung Poon,2021,Eurasia Journal of Mathematics Science and Technology Education,10.29333/ejmste/10900,https://openalex.org/W3163609585,qualifies-claim,"Flipped classroom, which is also known as “inverted classroom”, is an instructional strategy and a type of blended learning. It reverses the traditional teaching and learning approach by delivering the instructional content, often by video, outside the classroom and filling the in-class with different activities such as discussion. Since it has been coined in the late 1990s, its effect on students’ learning outcomes has been fallen into a debate. Inconsistency of the use of in-class activities is one of the main reasons for the difficulties in making comparisons. This study systematically reviewed the current articles (n=12) of flipped classroom in mathematics to investigate the effect of flipped classroom (and their in-class activities adopted) on mathematics learning. Results indicated that the effect of flipped classroom in mathematics is still ambiguous in terms of students’ academic performance and perceptions. Further investigation showed that effective flipped classroom, which yielded a better academic result than the traditional approach, always consists of discussion, teachers’ feedbacks and peer-collaborative work. A framework of effective flipped classroom in mathematics is then suggested.",openalex,llm,0.990,unreviewed,,doi:10.29333/ejmste/10900
kept,The Flipped Classroom in Medical Education: Systematic Review and Meta-Analysis,Dragan Spaić; Zoran Bukumirić; Nina Rajović; Ksenija Marković; Marko D. Savic; Jelena S. Milin-Lazovic; Nikola N. Grubor; Nikola Milic; Nikola Milic; Dejana M. Stanisavljevic; Aleksa Despotović; Dejan Bokonjić; Jelena Vladičić Mašić; Valerija Janićijević; Srdjan Mašić; Natasa M Milic; Natasa M Milic,2025,Journal of Medical Internet Research,10.2196/60757,https://openalex.org/W4413115874,supports-claim; qualifies-claim,"Background The concept of flipped classrooms (FCs) is gaining attention in medical education as it aligns with the digital age’s demand for more interactive and accessible learning experiences. By shifting the delivery of instructional content outside of the classroom, an FC allows students to engage with materials at their own pace, thereby maximizing in-class time for discussions, problem-solving, and other active learning activities. Objective This study aimed to conduct a comprehensive meta-analysis to appraise the comparative effectiveness of FC instruction in contrast to traditional pedagogical modalities, with a particular focus on postepidemic analyses within specific subfields of medical education. Methods The PubMed, Web of Science, and Scopus databases were systematically searched for studies comparing academic outcomes between the FC and traditional learning approaches in medical education. The primary outcome measures were knowledge assessment and students’ satisfaction. The standardized mean difference (SMD) was used as a measure of the overall effect, and subgroup analysis was performed according to the study design (randomized controlled trial [RCT] vs observational). The Cochran Q test and Baujat plots were used to estimate heterogeneity, coupled with I2. Highly influential studies were identified; sensitivity analyses and metaregression were performed. Results In total, 141 studies were included in the systematic review; 127 (90.1%) studies with 21,171 participants were included in the meta-analysis of students’ knowledge assessment, of which 37 (29.1%) were RCTs. FCs had significantly better outcomes than the traditional method in knowledge test scores in both observational studies and RCTs (SMD 0.90, 95% CI 0.59-1.20, P<.001 and SMD 0.93, 95% CI 0.65-1.22, P<.001, respectively). There was substantial heterogeneity among included studies (I2=95.2%, τ2=1.614; P<.001). The funnel plot showed high asymmetry with significant small study effects (P<.001). However, the effect estimate remained robust to the exclusion of highly influential studies in the sensitivity analysis. In total, 27 (21.3%) studies with a total of 5842 participants reported students’ satisfaction. Higher student satisfaction scores for FCs were demonstrated in contrast to control groups (SMD 0.82, 95% CI 0.45-1.19; P<.001). There was substantial heterogeneity among the included studies (I2=97.8%, τ2=0.913; P<.001) but no evidence for publication bias, and no studies were found to be influential. Conclusions The FC method is associated with better knowledge achievement and greater student satisfaction than the traditional approach in medical education, paving the way for its broader integration into medical school curricula. However, it is essential to consider various factors, such as the availability of resources, faculty readiness, and student preferences when implementing any new educational approach. This study holds promise for advancing medical education by exploring innovative teaching methodologies that leverage technology to enhance learning outcomes.",openalex,llm,0.940,unreviewed,,doi:10.2196/60757
kept,The inverted classroom : a literature review,Jennie Kies,2012,UNI ScholarWorks (University of Northern Iowa),,https://openalex.org/W2883075415,qualifies-claim,"Teachers struggle to thoroughly educate students in science, technology, engineering and math (STEM) related fields. This literature review examines the current research on STEM education, learning theories, and the effects of an inverted classroom on student learning in STEM classes in order to determine the possible benefits of implementation at pre-collegiate levels. Lacking research at the high school level, this paper focuses on articles describing inverted, college level STEM classes. This study indicates that further research is needed at both the high school and college level to prove that inverted classes result in improved learning and student retention; it also provides recommendations for implementation of Project Lead the Way led research.",openalex,llm,0.880,unreviewed,,hash:3a8058d2e15f06ae
discarded,Flipped Learning: Understanding the Flipped Classroom through the student experience,Haley Dawn Threlkeld,2017,NORA - Norwegian Open Research Archives,,https://openalex.org/W2758472308,adjacent-subtopic,"The overall purpose of this project is to build a better understanding for what Flipped Learning means and create an awareness for what it means in practice. Flipped Learning is a relatively new teaching style and learning model that is explained as, ‘events that have traditionally taken place inside the classroom now take place outside the classroom and vice versa’ (Lage, et al., 2000, p. 32). Flipped Learning entails using the affordances of digital technology to support teachers in creating virtual lessons. This is done in an effort to open up class time for interactive peer activities for the students to engage in while a teacher is present (FlippedLearningNetwork, 2014). To gain a better understanding for what Flipped Learning, often referred to as the Flipped Classroom, is in practice, I have conducted a qualitative phenomenological case study of a 10th grade Social Studies class. As research on Flipped Learning is minimal, the aim of this study is to contribute to the growing area of research and shed light on this phenomenon. In order to accomplish this, narratives of the students’ experiences were collected through semi-structured interviews. Secondary data was collected through in-class observations. This study takes a specific focus in understanding the students’ experiences by looking at how the students experience these swap of learning activities, happening in their different worlds, or environments. A sociocultural learning perspective has been used as a basis for this study. This has been used to understand the pedagogical framework supporting Flipped Learning. Related concepts within the sociocultural approach to learning have been used to understand the activity that occurs while the students are engaged in a classroom ‘flip’. A thematic analysis was conducted to analyze the interview data as a method for extracting themes from the students’ experiences. My core findings show that the students are able to make connections between their experience with Flipped Classroom at home and how that translates to their experiences in the classroom. What this study has seen is how the bridging of the of two social worlds, home and school, of the participating students has learning potential. Yet, the students experienced a disconnection when it came to connecting the videos and the in-class activities. Atlhough the students experience a connection between their home and school experience in a Flipped Classroom, conscious design of how to connect the video lectures and the in-class activities needs to be taken into consideration.",openalex,llm,0.980,unreviewed,,hash:1f6486fb1c14a5cf
