status,title,authors,year,venue,doi,url,tags,abstract,provider,decision_source,llm_confidence,llm_review_outcome,llm_change_direction,paper_id
discarded,The Application of Artificial Intelligence in Engineering Education: A Systematic Review,Cong Liu; Guang-Chao Wang; Hong-Feng Wang,2025,IEEE Access,10.1109/ACCESS.2025.3532595,https://ieeexplore.ieee.org/document/10851283/,off-topic-false-hit,"Artificial Intelligence (AI) is increasingly impacting the environment, pedagogy, and management practices in engineering education. However, literature reviews that provide a systematic review and analysis of AI in engineering education remain limited. To address this research gap and gain a comprehensive understanding of AI applications in engineering education, this study conducts a systematic review based on 161 studies on AI applications in engineering education. Using VOSviewer, this paper analyzes the research hotspots of AI in engineering education, as well as the top ten organizations, countries, cited sources, and cited authors. Furthermore, the study categorizes the application of AI technologies in engineering education into seven distinct categories: Virtual Experiment Environments, Learning Prediction, Learning Analytics, Engineering Education Robots, Intelligent Tutoring Systems, Automatic Evaluation, and Assisted Learning. The study reveals that these technologies have already been widely adopted. Moreover, this paper summarizes the influence of AI technologies on engineering education, along with the implications and challenges, providing a foundation for further exploration of the integration of AI technologies into educational systems.",ieee,llm,0.990,unreviewed,,doi:10.1109/access.2025.3532595
discarded,Organizational Innovations in Business and Accounting Education in the Digital Era: A Bibliometric Review,Yazan Abu Huson; Nader Mohammad Aljawarneh; Feras Almarashdi; Yazan Mjahed AlMnadheh,2025,2025 5th International Conference on Technology Enhanced Learning in Higher Education (TELE),10.1109/TELE66816.2025.11212198,https://ieeexplore.ieee.org/document/11212198/,off-topic-false-hit,"This study investigates the organizational innovations in business and accounting education by using a bibliometric review technique. Drawing on the Technology Acceptance Model (TAM) and digital readiness frameworks, the authors employed a systematic review to collect data from different journals in web of Science databases. The findings reveal that positive attitudes toward technology were found to increase the likelihood of supporting AI integration in organizational innovations in business and accounting education. The general implications are discussed.",ieee,llm,0.990,unreviewed,,doi:10.1109/tele66816.2025.11212198
discarded,Personalized Gamification a Technological Approach for Student Education: A Systematic Literature Review,Suma Danu Ristianto; Atina Putri; Yusep Rosmansyah,2025,IEEE Access,10.1109/ACCESS.2025.3552826,https://ieeexplore.ieee.org/document/10933914/,off-topic-false-hit,"Gamification has become an increasingly popular approach in education, applying game elements to increase student motivation and engagement. However, generalized applications often do not consider individual needs, making personalized of gamification important. Personalized aims to tailor game elements to students learning styles and preferences, thereby improving intrinsic motivation and learning outcomes. This research uses the Systematic Literature Review (SLR) method to review gamification personalized trends, methods, framework and provide guidelines for effective implementation in education. This research focuses on several key questions. RQ1: What are the current trends and advancements in personalized gamification. RQ2: Why does student education need personalized gamification. RQ3: How is personalized gamification implemented in student education. This research provides an up-to-date overview of previous research studies related to Personalized Gamification by conducting a Systematic Literature Review (SLR) summarizing 59 relevant journal articles. The research results show that gamification trends in education have steadily increased since 2015, with the adoption of technologies such as Artificial Intelligent (AI), Augmented Reality (AR), mobile, and websites. Personalized gamification has proven effective in enhancing student motivation and engagement by adjusting game elements to individual needs. Various methods such as the Gamification User Type Hexad and Game-Based Learning are employed to support personalized gamification for personalized learning.",ieee,llm,0.980,unreviewed,,doi:10.1109/access.2025.3552826
discarded,Contributions to Learning Analytics Focused on Assessment and Self-Regulated Learning,Martín Liz-Domínguez,2021,2021 International Symposium on Computers in Education (SIIE),10.1109/SIIE53363.2021.9583644,https://ieeexplore.ieee.org/document/9583644/,off-topic-false-hit,"Learning analytics is a fairly recent discipline of increasing relevance, as educational environments as a whole are undergoing a technological transformation which, as a side effect, causes student data to be more easily accessible than ever. This thesis explores ways in which these data can be used to assess how well students regulate their own learning, a factor that has a direct impact on their academic performance. Ultimately, the goal is to build an early warning system able to identify students’ negative attitudes related to self-regulation at early stages of a course, enabling the possibility of providing personalized help to each student depending on their profile. The study focuses on the educational context of higher education, particularly, first-year engineering students, who typically struggle to adapt to the vastly different academic demands of college compared to high school. Among the types of data that are used in this project, information related to assessment and exams stands out as one of the most complete and relevant.",ieee,llm,0.980,unreviewed,,doi:10.1109/siie53363.2021.9583644
discarded,Systematic Review of Self-Regulated Learning With Blended Learning in Digital Space,M. S. Faathima Fayaza; Supunmali Ahangama,2024,IEEE Access,10.1109/ACCESS.2024.3470114,https://ieeexplore.ieee.org/document/10699345/,adjacent-subtopic,"Technology enhancements introduce novel learning modes by replacing traditional face-to-face learning. Blended learning (BL) has emerged as the new normal, combining face-to-face instructions and online elements. Successful BL requires a high self-regulation capability among the learners. Technology can enhance these Self-Regulated Learning (SRL) capabilities. This paper reviews 66 papers published in the Scopus, IEEE Xplore, Google Scholar, and ScienceDirect databases between 2016 and 2024 (till March) using the PRISMA model. As per the review, self-reported data using a questionnaire is the most used mechanism to collect data on users and most of the studies used university undergraduates as a learner group. Very few researchers work collaboratively, though enhancement of the collaborative work will bring better outcomes. In general, SRL positively impacts learning outcomes in the BL context. Cognitive, metacognitive, motivational, and resource management strategies enhance learning, and emotional engagement is enhanced by the user interface of learning platforms. However, some strategies do not have an impact on the BL environment. This study suggests the importance of understanding the long-term impact of SRL and how different strategies impact the learning outcomes and their subsequent performance. Also, it is necessary to apply the different SRL strategies to different contexts to generalize the findings.",ieee,llm,0.950,unreviewed,,doi:10.1109/access.2024.3470114
discarded,"Augmented, Virtual and Mixed Realities and their potential in Teaching and Learning: A Systematic Literature Review",Ashvin Vickram Beetul; Yousra Banoor Rajabalee; Mohammad Issack Santally,2023,2023 IST-Africa Conference (IST-Africa),10.23919/IST-Africa60249.2023.10187875,https://ieeexplore.ieee.org/document/10187875/,off-topic-false-hit,"Immersive technologies such as Augmented Reality, Virtual Reality and Mixed Reality (AR/VR/MR) in education have been found to be effective both for the instructors and the students, in general education, in diverse levels and fields. The aim of this paper is to carry out a systematic literature review on the use of AR/VR/MR in education. The objective is to provide a comprehensive summary of the existing research on the use of AR/VR/MR, and to see whether its implementation in teaching has any impact on students’ learning outcomes. As such, this can also be used to inform future research, policy, or practice. In this study, during the data collection process, we selected 142 articles. After several screening process, a total of 58 papers were retained. Findings have revealed that motivation, self-study, satisfaction, retention of memory and overall performance amongst others, have been some of the benefits of AR/VR/MR in teaching and learning. Lack of resources, poorly designed user interface and lessons plans, high cost of apps development and maintenance, along with cybersickness and reticence from some teachers due to lack of training, are perceived as common barriers in the implementation of this emerging yet useful technology in education. Future investigation can be directed towards these challenges.",ieee,llm,0.980,unreviewed,,doi:10.23919/ist-africa60249.2023.10187875
discarded,Research on Tablets Application for Mobile Learning Activities,Eugenijus Kurilovas,2014,Journal of Mobile Multimedia,JMM/JMM.2014.11076150,https://ieeexplore.ieee.org/document/11076150/,adjacent-subtopic,"The paper aims to present current research on application of tablet devices for mobile learning activities in Europe. The quality of modern learner centred mobile learning activities based on learning personalisation, problem solving, collaboration, content creation, and flipped classroom methods is compared against the quality of traditional teacher centred learning activities based on knowledge transmission usually applied at schools at the moment. Tablet devices and web applications are the main technologies used in presented mobile learning activities. Flagship EU-funded projects in the area – iTEC and CCL – are presented in the paper. Systematic review results on tablets use in education and personalisation of learning are also provided in the paper. Method of expert evaluation of learning activities based on multiple criteria decision analysis and Fuzzy methods as well as its application in CCL project are presented in more detail. A special attention is paid to suitability of mobile learning activities to particular learning styles. An example of interconnection between students learning styles, suitable learning activities, tablet apps and learning objects types is provided in the paper. Solution of learning activities quality evaluation and optimisation problem could help teachers to select suitable learning activities for particular learning styles. Research results have shown that the proposed Fuzzy method is quite objective, exact and simple to use for selecting qualitative learning activities for particular learning styles.",ieee,llm,0.940,unreviewed,,doi:jmm/jmm.2014.11076150
kept,Effectiveness of the Flipped Classroom in post-pandemic universities: cognitive impact and competence development from a systematic review PRISMA (2021-2024),"Rodriguez, Jose Antonio Ruiz; Fernandez, Celia Corchuelo",2026,CAMPUS VIRTUALES,10.54988/cv.2026.2.1701,https://www.webofscience.com/wos/woscc/full-record/WOS:001888075500005,supports-claim; qualifies-claim,"The adoption of the flipped classroom in higher education requires rigorous evaluation of its cognitive and competency impact on university students. This study analyses their influence on the acquisition of knowledge and development of essential skills in today's academic context. A systematic review was carried out (2021-2024) following the PRISMA protocol, with structured searches in Dialnet, WoS and Scopus that yielded a total of 24 articles. There was an increase in scientific output post-pandemic, with a slight decrease in 2024. Quantitative approaches predominated (79%), followed by mixed (17%) and qualitative (4%). The findings showed positive impact on knowledge, competencies (self-regulation, collaboration) and overall educational experience, highlighting improvements in academic performance and student satisfaction compared to traditional methods. Its effectiveness is linked to the development of 21st century skills, although it requires teacher training in digital tools, methodological adaptation and equitable access resources to ensure sustainable implementation.",wos,llm,0.980,unreviewed,,doi:10.54988/cv.2026.2.1701
discarded,Artificial intelligence in the educational stages from kindergarten to university: A systematic review of Arab studies from 2010 to 2023,"Alakabawy, Basant A.",2026,E-LEARNING AND DIGITAL MEDIA,10.1177/20427530241276140,https://www.webofscience.com/wos/woscc/full-record/WOS:001867258400003,off-topic-false-hit,"Artificial Intelligence (AI) is increasingly being used at different stages of teaching and learning, from kindergarten to university education, to enhance the learning and development of learners. Research has proven that AI can perform multiple roles aimed at effectively facilitating learning and improving performance. However, there is a scarcity of studies on how these studies are conducted and how AI is used in kindergarten compared to other levels. Studies and research published in Arabic on AI in education were reviewed. Although there are few studies in kindergarten. The current review reflects the issues and trends of research in AI in the stages of education that researchers have recently addressed in Arab countries. This can easily and efficiently draw the attention of other researchers to these issues. 207 research papers published in various Arab countries were reviewed during the period from 2010 to 2023 to explore the roles and trends of AI in education. Three main issues were identified: research, interaction, and performance according to the technology-based learning model. It turns out that studies focused more on comparing learning with AI to find more effective learning methods with traditional education methods, on the stages of university education, and on the aspects of cognition, skills and affect. Some suggestions have been presented for future research on AI in educational stages, to serve as a reference for researchers to conduct related research.",wos,llm,0.990,unreviewed,,doi:10.1177/20427530241276140
kept,The Effect of Flipped Classroom for Writing: A Meta Analysis,"Tarigan, Fatin Nadifa; Tobing, Roswita Lumban; Syamsi, Kastam; Hasibuan, Siti Aminah",2026,INTERNATIONAL JOURNAL OF SPECIAL EDUCATION,,https://www.webofscience.com/wos/woscc/full-record/WOS:001787750900020,supports-claim,"In a variety of educational contexts, flipped classrooms have gained popularity as a pedagogical strategy due to the increased interest in active learning strategies. This meta-analysis investigates the effect of flipped classroom model on writing skills. A comprehensive search of academic databases, including Google Scholar, Scopus, and ERIC, was conducted for research published between 2020 and 2023. The analysis focused on studies employing experimental or quasi-experimental designs that met the inclusion criteria for teaching writing through the flipped classroom paradigm. Ultimately, 10 studies were selected, encompassing a total sample size of over 805 students. The findings indicate that the majority of these studies report consistent positive outcomes, thereby supporting the effectiveness of the flipped classroom approach in enhancing writing achievement. This evidence underscores the potential of flipped instruction to foster improved writing skills among students across diverse educational settings.",wos,llm,0.860,unreviewed,,hash:f7dc3e02ffce876f
kept,The flipped classroom model and its influence on academic performance: A systematic review,"Rodicio, Clara Isabel Fernandez; Corredoira, Alba Trinanes",2026,ETIC NET-REVISTA CIENTIFICA ELECTRONICA DE EDUCACION Y COMUNICACION EN LA SOCIEDAD DEL CONOCIMIENTO,10.30827/eticanet.v26i1.30947,https://www.webofscience.com/wos/woscc/full-record/WOS:001753055800003,supports-claim,"Giving the context of a technological society, the adaptation of the educational system through the means of cientific advances and, therefore, the implementation of TIC tools in the classroom turns out to be essential. Thus, the methodology known as Flipped Classroom is beginning to gain importance in every academic level and, in turn, prompts us to question the students' academic performance which this active methodology brings about. This systematic review seeks to analyse the scientific production which links the Flipped Classroom to students' academic performance. After the inclusion and exclusion criteria have been applied, a sum of 26 studies gathered from the WOS, Scopus and Dialnet data base have been reviewed under the scope of seven variables (author, year, country, academic level, field, method and sample size). Results show that the majority of these studies determine a relevant improvement of students' academic performance due to the use of the Flipped Classroom methodology in contrast with the traditional methodology.",wos,llm,0.930,unreviewed,,doi:10.30827/eticanet.v26i1.30947
kept,"Flipped learning in the mathematical sciences: insights, inconsistencies and gaps in the meta-analyses","Jones, Elinor M.; Jack, Eilidh; Bock, Mitchum",2026,TEACHING MATHEMATICS AND ITS APPLICATIONS,10.1093/teamat/hraf018,https://www.webofscience.com/wos/woscc/full-record/WOS:001653887100001,supports-claim; qualifies-claim; programmering,"The traditional lecture-based model of teaching in the mathematical sciences has been increasingly challenged by the adoption of flipped learning, a pedagogical approach where students engage with instructional content independently before class and participate in interactive, problem-solving activities during class sessions. By considering published meta-analyses, this paper reviews the current state of flipped learning in tertiary mathematical education focusing on its effects on student achievement, perceptions and engagement. While the literature generally supports the benefits of flipped learning, including improved performance and satisfaction, these outcomes can be inconsistent due to the varied implementation methods and diverse student cohorts. The paper concludes with recommendations for implementing flipped learning at tertiary level in the mathematical sciences along with opportunities for future research.",wos,llm_reviewed,0.990,confirmed,,doi:10.1093/teamat/hraf018
kept,The impact of active methodologies in the classroom on academic achievement: A systematic literature review using the PRISMA protocol☆,"Conde-Izquierdo, Silvia; Ruano, Alvaro Moraleda; Nicolas, David Pascual",2025,INTERNATIONAL JOURNAL OF EDUCATIONAL RESEARCH,10.1016/j.ijer.2025.102644,https://www.webofscience.com/wos/woscc/full-record/WOS:001499376700004,supports-claim; qualifies-claim,"This study examines the impact of active methodologies on academic performance, assessing their potential to enhance educational success. It analyses the effects of Service-Learning, Cooperative Learning, Inquiry-Based Learning, Problem-Based Learning, Project-Based Learning, Gamification, Flipped Classroom, Discovery Learning, and Experiential Learning on academic achievement and students' holistic development. A systematic literature review was carried out following PRISMA guidelines, identifying 774 records in Scopus, ERIC, WoS, Google Scholar, Dialnet, and Redalyc. Thirty-six articles were selected and published between 2018 and 2024, with empirical evidence in Spanish or English. The findings highlighted that the Flipped Classroom predominates in Social Sciences at the university level, whereas Cooperative Learning prevailed in Natural Sciences, particularly in Primary and Secondary education. Approaches such as Problem-Based Learning, Gamification, Cooperative Learning, Flipped Classroom, Project-Based Learning, and Inquiry-Based Learning demonstrated positive correlations with academic achievement, learner motivation, and student satisfaction, outperforming traditional methods. These methodologies promote academic outcomes and hold great potential to enrich the educational process. However, their effectiveness depends on teacher training, digital integration, and pedagogical adaptability. Further longitudinal research, rigorous experimental designs, and sustained professional development are recommended to optimise implementation and maximise impact.",wos,llm,0.870,unreviewed,,doi:10.1016/j.ijer.2025.102644
