status,title,authors,year,venue,doi,url,tags,abstract,provider,decision_source,llm_confidence,llm_review_outcome,llm_change_direction,paper_id
discarded,Drawing for Retention in Emergency Medical Services Education Part 2: Impact on Student Learning,Susan S. Braithwaite; Ashley B. Thrasher,2026,Pedagogy in Health Promotion,10.1177/23733799251377771,https://www.scopus.com/inward/record.uri?partnerID=HzOxMe3b&scp=105020412534&origin=inward,adjacent-subtopic,"Drawing is established as an effective teaching pedagogy in medical education, particularly in teaching anatomy. Research shows retention rates are significantly higher when learners engage in active learning techniques. Additionally, practical application is greater with active learning techniques. Drawing for retention (DfR) is an active learning technique involving instructor-led drawing, where students imitate the drawings while simultaneously rehearsing key concepts. There is a paucity of research examining the effectiveness of DfR for applied concepts such as 12-lead ECG interpretation. The purpose of this qualitative study was to explore student perceptions following their engagement with Drawing for Retention (DfR) as a teaching technique. Fourteen paramedic students (9 males, 5 females) participated in this phenomenological qualitative study. Data saturation guided the number of participants. Participants were interviewed via Zoom using a semi-structured interview guide. Data were analyzed through phenomenological reduction, with data coded for common themes and subthemes. Trustworthiness was established via member checks, peer review, and multi-analyst triangulation. Two themes emerged: perceptions of learning and application to patient care. Participants felt drawing allowed them to make connections with complex material while retaining the information. Additionally, participants did not need to spend as much time studying to retain the information, as compared to traditional lecture classes. Additionally, participants were able to bridge the knowledge-practice gap and apply the information clinically. This led to more effective and efficient patient diagnoses, increased confidence with patient care, and a resource for making decisions and providing patient education.",scopus,llm,0.970,unreviewed,,doi:10.1177/23733799251377771
kept,Leveraging active learning through student-generated questions and electronic posters in a physiology course,Mohammed Karami; Khulood Hussein,2026,Advances in Physiology Education,10.1152/advan.00009.2026,https://www.scopus.com/inward/record.uri?partnerID=HzOxMe3b&scp=105035502938&origin=inward,supports-claim; qualifies-claim,"Active learning fosters problem-solving, critical thinking, and practical application of theory. In pharmacy education, strategies such as student-generated multiple-choice questions (MCQs) and electronic posters (e-posters) can supplement traditional lectures to enhance learning. This cross-sectional study evaluated first-year pharmacy students' perceptions of this approach and the effectiveness of integrating MCQ generation (including scenario-based questions) and e-poster preparation into a two-semester physiology course, using a validated questionnaire. The survey evaluated engagement, satisfaction, information recall, conceptual comprehension, and application skills through Likert-scale and open-ended items. Academic performance was compared within the same cohort across semesters and with students from the previous academic year, who had not participated in these strategies. More than 70% of students agreed that both activities improved comprehension, factual recall, and clinical reasoning and the collaborative e-poster activity supported communication and creativity in applying physiological concepts. Intracohort analysis indicated that MCQ generation alone boosted summative assessment performance more, whereas the addition of e-posters in the second semester enhanced qualitative learning outcomes and skill development, despite the slightly heavier workload. Performance analysis showed that students exposed to these active learning strategies achieved higher mean scores than the previous cohort taught with traditional methods, and intracohort comparisons showed consistent performance across semesters despite the greater workload in the second term. Overall, incorporating student-generated MCQs and e-posters fostered stronger understanding, engagement, and skill development in first-year pharmacy students, enhancing the learning experience and supporting meaningful learning and higher-order thinking in foundational science education. NEW & NOTEWORTHY This study evaluated the impact of integrating student-generated multiple-choice questions (MCQs) and electronic posters into a first-year pharmacy physiology course. With a validated survey and performance comparisons, results showed improved engagement, comprehension, clinical reasoning, and academic performance compared with a previous cohort taught traditionally. Over 70% of students reported enhanced learning, and outcomes remained consistent across semesters despite increased workload, supporting the value of combined active learning strategies.",scopus,llm,0.930,unreviewed,,doi:10.1152/advan.00009.2026
discarded,Students’ Use of Resources for Undergraduate Mathematics Learning,Rachel Rupnow; Ricela Feliciano-Semidei,2026,International Journal of Research in Undergraduate Mathematics Education,10.1007/s40753-025-00283-5,https://www.scopus.com/inward/record.uri?partnerID=HzOxMe3b&scp=105024000597&origin=inward,adjacent-subtopic,"Research on instruction inside undergraduate mathematics classrooms has greatly expanded, with special emphasis on characterizing instructional practices and student activity in both lecture and active learning contexts. Nevertheless, students’ integration of resources and their perceptions of how beneficial these resources are for their learning, whether in-person or online, remain understudied. Based on interviews with eight mathematics majors or minors at a regional comprehensive university in the United States, we use a student resource lens to examine students’ perceptions of the utility of resources from their instructor and institution as well as additional resources that could have helped their learning. Results include students’ recognition and use of a variety of social, contextual, material, and cultural resources. They also identified additional needs, such as the availability of the learning center for upper-level classes, that could support learning. Implications include the need to further examine students’ rationales for the use of resources and how the local context impacts students’ decision making.",scopus,llm,0.960,unreviewed,,doi:10.1007/s40753-025-00283-5
kept,Contribution of Active Learning Methods in Large-Group Teaching of Medical Microbiology,Yosra Chebbi; Siwar Frigui; Anis Raddaoui; Wafa Achour,2026,Tunisie Medicale,10.62438/tunismed.v104i06.6300,https://www.scopus.com/inward/record.uri?partnerID=HzOxMe3b&scp=105042652547&origin=inward,refutes-claim; qualifies-claim,"Introduction: Incorporating certain active pedagogy techniques in traditional large-group teaching enhances the quality of learning. The objective of our study was to compare large-group teaching through ""modified lecture"" enriched with practical illustrations to ""interactive lecture"" based on clinical cases and small group interactivity (""Buzz groups). Methods: A prospective randomized study took place at the Faculty of Medicine of Tunis, including first-year students of the medical studies attending the ""Bacterial Cell"" course during the first semester of the academic year 2022-2023. Students were randomly assigned: two groups received a ""modified lecture,"" and two groups received an ""interactive lecture."" Outcome measures included cognitive gain and satisfaction level. Results: The overall cognitive gain (38.2% vs. 33%, p=0.058) was significant and comparable between the two methods. Overall satisfaction (75.6% vs. 73%, p=0.33) was also comparable. However, the ""modified lecture"" was better in terms of satisfaction for the criteria ""teaching framework"" (p=0.008), ""educational material"" (p=0.003) and ""balance between theory and practice"" (p<0.0001). Conversely, the ""interactive lecture"" was better in terms of satisfaction for the criterion ""personal involvement during the session"" 65.4% vs 83.8%, p<0.0001). Conclusion: Both teaching methods were effective in terms of cognitive gain and student satisfaction.",scopus,llm,0.960,unreviewed,,doi:10.62438/tunismed.v104i06.6300
kept,The Impact of Gamification on Nursing Students’ Academic Performance: An Integrative Review,Alana Azoulay; Fidelindo Lim,2026,Nursing Education Perspectives,10.1097/01.NEP.0000000000001525,https://www.scopus.com/inward/record.uri?partnerID=HzOxMe3b&scp=105035899505&origin=inward,supports-claim; qualifies-claim,"AIM – This integrative review appraises the literature on the impact of gamification on academic performance among prelicensure nursing students. BACKGROUND – Traditional classroom lectures in nursing education often rely on passive teaching strategies, limiting student engagement. Game-based learning has emerged as an innovative approach to enhance active learning and improve learning outcomes. METHOD – Following Whittemore and Knafl’s guidelines, a systematic search of the Cumulative Index to Nursing and Allied Health Literature database identified research studies published after 2000. Critical appraisal was conducted using evidence-based tools, yielding 18 quantitative studies that met the inclusion criteria. RESULTS – Four key themes were identified: enhanced academic performance, improved knowledge retention, increased student satisfaction, and strengthened clinical skills. CONCLUSION – Findings suggest that gamification positively influences knowledge retention in nursing didactic courses. Further research is needed to explore its impact on competency development and clinical application. Faculty development optimizing the use of gamification is needed.",scopus,llm,0.880,unreviewed,,doi:10.1097/01.nep.0000000000001525
discarded,Using design-based research to aid the development of a case-directed learning pedagogy for the preclerkship medical curriculum,Michael R. Cunningham; Jonathan Kibble; David M. Harris,2026,Advances in Physiology Education,10.1152/advan.00204.2025,https://www.scopus.com/inward/record.uri?partnerID=HzOxMe3b&scp=105037658993&origin=inward,adjacent-subtopic,"This study showcases the use of Design-Based Research (DBR) applied to the development of Case-Directed Learning (CDL), a new, clinically contextualized teaching method designed to better support critical thinking, clinical relevance, and self-directed learning. CDL uses small groups to work through cases over several days, using open-ended prompts to guide their learning. Students take the lead in exploring the material and meeting learning objectives, followed by a faculty-led debrief to reinforce key science concepts. The purpose of this study was to use a DBR approach to enhance the effectiveness and design of CDL sessions. First-year medical students at the University of Central Florida College of Medicine participated in CDL during a 20-wk “Structure and Function” module focused on anatomy and physiology. According to DBR principles, the iterative development of CDL cases was guided by the concurrent collection of data from stakeholders. Student feedback was collected via surveys based on the Attention, Relevance, Confidence, and Satisfaction (ARCS) model of motivation and focus groups. Faculty involved in CDL design and facilitation were interviewed, and student performance on a CDL assignment was evaluated to assess achievement of learning objectives. The use of DBR produced findings that showed students responded positively to CDL and demonstrated a strong understanding of foundational science content. Feedback from both students and faculty helped to guide improvements to CDL design and delivery during the trial by identifying examples of emerging best practices. The results suggested that CDL is a promising, adaptable approach to integrating clinically relevant, active learning into the preclerkship curriculum, with potential for broader application in Undergraduate Medical Education (UME). ## NEW & NOTEWORTHY This study uses Design-Based Research to guide the development of Case-Directed Learning (CDL), a fresh approach to teaching basic sciences in preclerkship medical education. Designed to strike a balance between traditional lectures and fully self-directed learning, CDL helps students build a strong foundation in anatomy and physiology while developing the skills they will need to think critically, learn independently, and succeed in clinical settings.",scopus,llm,0.930,unreviewed,,doi:10.1152/advan.00204.2025
discarded,Design thinking for fostering 21st-century skills among Thai public health undergraduates: a design-based research approach,Suphawadee Panthumas; Time Chuastapanasiri; Watinee Suntara; Wirin Kittipichai,2026,Thai Journal of Public Health,,https://www.scopus.com/inward/record.uri?partnerID=HzOxMe3b&scp=105051483675&origin=inward,adjacent-subtopic,"Background: Design Thinking (DT) has gained increasing recognition in health professions education for its ability to foster key 21st-century skills such as creativity, critical thinking, collaboration, and adaptability. Objective: This study employed a Design-Based Research approach to develop and evaluate a Design Thinking (DT)-driven pedagogical innovation aimed at streamlining curriculum delivery while fostering 21st-century skills among Thai undergraduate public health students. Methods: The intervention was co-constructed with students, faculty, alumni, employers, and community stakeholders (December 2022–May 2023) and assessed using a one-group pretest-posttest design with paired-samples t-tests. A 15-week integrated prototype, implemented among 53 third-year students, restructured conventional lecture-based instruction into a hybrid ecosystem comprising interactive sessions, integrated modules, an autonomous Self-study Café, and field-based projects. Data were collected through self-administered questionnaires and after-action reviews (AARs) with students and instructors. The innovation reduced formal classroom contact hours by 21% without an apparent reduction in learning depth, based on qualitative feedback. Results: Findings revealed significant improvements across all six dimensions of 21st-century skills (p < 0.001, d = 0.91–1.93). Students’ perceptions of teaching-learning management were significantly more positive under the integrated model than the traditional model (p < 0.001), with high overall satisfaction toward the prototype (mean 4.38–4.51). AARs findings indicated that reducing lecture-intensive content facilitated deeper engagement and greater student agency, while also reducing academic anxiety and appearing to strengthen professional identity through authentic problem-solving. Conclusion: Findings align with Cognitive Load Theory, suggesting that reduced extraneous cognitive load facilitated higher-order learning. This DT-driven model constitutes a potentially viable framework for educational reform in health professions education, bridging theoretical knowledge and public health practice. Multi-site, longitudinal research is recommended to examine the model’s scalability and sustained impact.",scopus,llm,0.720,unreviewed,,hash:a0d0cf1e4a61d14c
kept,Enhancing learning performance and soft skills development through body painting in human anatomy education,Oratai Weeranantanapan; Apichart Ngernsoungnern; Naruwan Saowakon; Piyada Ngernsoungnern,2026,Anatomical Sciences Education,10.1002/ase.70210,https://www.scopus.com/inward/record.uri?partnerID=HzOxMe3b&scp=105032201643&origin=inward,supports-claim; qualifies-claim,"Body painting is increasingly used in anatomy education to illustrate the relationship between anatomical structures and surface landmarks. While its role in knowledge retention is documented, its contribution to soft skill development remains underexplored. This study investigated the impact of body painting on learning performance in nursing students (control group) and medical science students (study group) and explored medical science students' perceptions of soft skill development. A total of 104 nursing and 87 medical science students at Suranaree University of Technology (SUT) participated. Both groups received lectures; however, the study group additionally engaged in body painting of the muscular system. By working in pairs, students painted structures, presented their body painting work, and answered peer-generated questions. Learning performance was evaluated using mean percentage scores (MPS) from examinations, while soft skills were assessed through five-point Likert ratings, frequency analysis, and open-ended responses. Results showed a significant difference in MPS between groups for the muscular system (**p < 0.01), though smaller than the differences for other topics taught without body painting, including the skeletal system (****p < 0.0001) and cardiovascular, respiratory, and urinary systems (***p < 0.001). Among below-average students, no significant difference was observed for the muscular system, whereas significant differences persisted for other systems. The study group reported high satisfaction (4.74 ± 0.47), with interaction and collaboration rated highest (4.85 ± 0.42). Additionally, students reported perceived improvements in teamwork (92.31%) and communication skills (83.52%). These findings support body painting as an effective active learning tool that enhances knowledge retention while fostering teamwork and communication.",scopus,llm,0.910,unreviewed,,doi:10.1002/ase.70210
discarded,A case report on the design and implementation of a multinational blended intensive programme in clinical pharmacy practice,Theo Ryan; Laura Stricker; Mya Maliyevsky; Dorine Bonte; Fabio Boylan; Giacomo Matteo Bruno; Eric Morel; Séverine Péchiné; Giovanni Ricevuti; Juliette O'Connell,2026,Currents in Pharmacy Teaching and Learning,10.1016/j.cptl.2026.102608,https://www.scopus.com/inward/record.uri?partnerID=HzOxMe3b&scp=105029636303&origin=inward,adjacent-subtopic,"Introduction: The development of clinical pharmacy in pharmacy education has become a key focus globally. The role of international collaboration in the evolution of clinical pharmacy has become increasingly valuable. To date, research is limited on educational programmes between countries that focus on integrating interculturality, clinical pharmacy practice, communication skills, and pharmaceutical care. Objective: This case report aims to describe a novel blended intensive programme in clinical pharmacy education and to analyse student perceptions. Methods: Three European higher education institutions (Trinity College Dublin, Université Paris-Saclay, and Università di Pavia) collaborated to create a three-year rotating blended intensive programme which included a two-week virtual component, with didactic lectures on a variety of clinical pharmacy topics, followed by a one-week in-person component, where students met at one of the universities to engage in active learning and intercultural activities. In 2025, students evaluated the programme through a survey to gain their perceptions on the experience. Results: Twenty-one students completed the survey. All students reported satisfaction with the programme in general. Based on thematic analysis of free-text responses, students reported learning more about international pharmacy practice, enjoying clinical practice activities, and suggested increased amounts of clinical practice activities in the future of the programme. Conclusion: The blended intensive programme was the first of its kind. Students reported high levels of satisfaction with the incorporation of intercultural activities and shared that this type of learning experience helped them to develop their self-perceived communication skills, teamwork, and intercultural awareness, important lessons for future similar programmes.",scopus,llm,0.970,unreviewed,,doi:10.1016/j.cptl.2026.102608
