status,title,authors,year,venue,doi,url,tags,abstract,provider,decision_source,llm_confidence,llm_review_outcome,llm_change_direction,paper_id
kept,Switching to blend-Ed: Effects of replacing the textbook with the browser in an introductory computer programming course,Patrick Seeling,2016,2016 IEEE Frontiers in Education Conference (FIE),10.1109/FIE.2016.7757620,https://ieeexplore.ieee.org/document/7757620/,refutes-claim; qualifies-claim,"We describe the evolution of an introductory programming course into an active learning format, thereby replacing the traditional textbook and online tutoring system with an integrative version. We find a strong positive correlation between the student achievement scores in the integrated online textbook exercises and quizzes as well as overall course achievement. However, we observe that the comparable performance is not across all learning assessment categories when comparing subsequent course offerings. Particularly, we note slightly lower average performance for programming assignments and quizzes in the flipped classroom offering. For this active learning format offering, we perceive that performing students have a higher average score in the interactive textbook environment and skipped fewer overall assignments than the lower performing learners. We additionally find that students performing well in the online self-guided hands-on programming exercises perform significantly better than their lower performing peers.",ieee,llm,0.960,unreviewed,,doi:10.1109/fie.2016.7757620
kept,A Comparison of Flipped Programming Classroom Models – Results by Gender and Major,Benjamin Tyler; Aigerim Yessenbayeva,2018,2018 IEEE Frontiers in Education Conference (FIE),10.1109/FIE.2018.8658809,https://ieeexplore.ieee.org/document/8658809/,refutes-claim; programmering,"This Innovative Practice Work in Progress Paper presents our findings when analyzing the results from flipping introductory programming courses over the course of several years, and comparing the performance of students of different genders and majors. As part of this study, we investigate the impact of making modifications to these courses over time, including changing the nature of lab assessments and in-class contact time with the students. Our main motivations of this study were to determine (a) which modes of instruction resulted in better student performance overall, (b) which changes in the courses may have impacted males and females differently, and (c) if changes in the courses impacted students of different majors differently. In our study, we did not find any significant differences in student performance between pre-flipped and flipped modes. Furthermore, we found that performance trends were mostly consistent between females and males for any given major. However, we did find that males generally did better overall in the programming fundamentals course, though there is a moderate positive correlation between the percentage of females in that course with their performance. Neither gender did consistently better than the other in the follow-on data structures course, however.",ieee,llm_reviewed,0.990,confirmed,,doi:10.1109/fie.2018.8658809
kept,The Study of Programming Language Learning by Applying Flipped Classroom,Yi-Hsing Chang; An-Ching Song; Rong-Jyue Fang,2018,2018 1st IEEE International Conference on Knowledge Innovation and Invention (ICKII),10.1109/ICKII.2018.8569171,https://ieeexplore.ieee.org/document/8569171/,supports-claim,"In this paper, a teaching model combined with ARCS (Attention, Relevance, Confidence, and Satisfaction) model into flipped classroom is proposed to improve the learning achievement of learners. The main features of this teaching model are: using ARCS theory to design related learning content, to enhance learners learning motivation and achievement; in the flipped classroom, the learners first understand the learning goal, follow the learning steps to learn, and finally complete the learning objectives. The C# programming language is used as the learning objective of this study, and 103 students from 2 classes of college freshman in Southern Taiwan University of Science and Technology are recruited as the study participant. In the experiment, the students are divided into a control group receiving traditional learning and an experimental group that employs the flipped classroom learning. To assess the proposed system, the learning achievement is assessed by using the t-test for pre-test and post-test. The experiment shows that the system can indeed promote the learning outcome for the learners.",ieee,llm,0.910,unreviewed,,doi:10.1109/ickii.2018.8569171
kept,Enhancing the Fourier Transform Learning Capabilities of Second-Year Electrical Engineering Students through Flipped Classroom Approach,Patchanee Boonratsamee; Sukkharak Saechia,2025,2025 10th International STEM Education Conference (iSTEM-Ed),10.1109/iSTEM-Ed65612.2025.11129308,https://ieeexplore.ieee.org/document/11129308/,supports-claim; qualifies-claim,"The key intention of this study is to enhance the Fourier Transform (FT) learning capabilities of second-year electrical engineering students at Phranakhon Si Ayutthaya Rajabhat University through flipped classroom approach. The research aims to develop students’ FT learning skills, evaluate their outcomes and satisfaction based on using Flipped Classroom approach. During six-week intervention, twenty students participated in the proposed instructional design, which combined pre-class self-directed learning with in-class active learning activities such as Scilab programming workshops, problem-based tasks, and mini-projects. Pre-test and post-test assessments were also used to evaluate the effectiveness of the students’ FT learning capabilities. The findings illustrated a significant improvement in the students’ learning outcomes by using a paired-sample t-test score, which showed a statistically significant increase in post-test scores (mean=23.05) compared to pre-test scores (mean=15.50). Students’ engagement and participation were notably elevated during in-class active learning activities. Through these active learning activities, students also demonstrated greater motivation, enhanced conceptual understanding, and improved problem-solving skills.",ieee,llm,0.900,unreviewed,,doi:10.1109/istem-ed65612.2025.11129308
discarded,Different Forms of Learning and Their Relationship with Learning Outcomes Based on an “Object-Oriented Programming” Course as an Example,Marina Lepp; Carolin Kirotar,2024,2024 IEEE Global Engineering Education Conference (EDUCON),10.1109/EDUCON60312.2024.10578689,https://ieeexplore.ieee.org/document/10578689/,off-topic-false-hit,"Due to the pandemic, learning transformed from traditional face-to-face modes through emergency remote to distance and blended or hybrid learning. The choice of the form of teaching-learning determines how exactly studies are carried out and what role the teacher has. It is crucial to identify the optimal choice among these learning options as each offers its own set of advantages, and both students and teachers have their individual preferences. The aim of this paper is to ascertain the advantages and disadvantages of different forms of learning and examine the variations in learning outcomes in the context of different learning forms. A study was conducted by analyzing academic performance over five academic years, from 2018 to 2022, in the course “Object-oriented programming”, where the grading system encompasses weekly programming assignments, quizzes based on lecture material, a group project, two programming tests and a final examination. Based on the points obtained in the course, the highest results were achieved in 2020 when emergency remote teaching was used. The results for 2019, which was the last ‘normally’ conducted year, were the weakest, while those for 2021 with distance learning were back to their pre-COVID levels. Offering a possibility to choose between in-class and distance education led to improved results in 2022. The comparison of the various learning forms revealed that there is no one optimal method. However, it can be speculated that blended and hybrid learning will displace face-to-face learning.",ieee,llm,0.930,unreviewed,,doi:10.1109/educon60312.2024.10578689
discarded,A Study of Factors Affecting the Students' Computer Programming Achievement Using Machine Learning Technique,Kannika Daungcharone; Phasit Charoenkwan; Krittawaya Thongkoo; Khanita Tumphasuwan; Chaipichit Cumpim,2025,"2025 Joint International Conference on Digital Arts, Media and Technology with ECTI Northern Section Conference on Electrical, Electronics, Computer and Telecommunications Engineering (ECTI DAMT & NCON)",10.1109/ECTIDAMTNCON64748.2025.10962101,https://ieeexplore.ieee.org/document/10962101/,off-topic-false-hit,"Acquiring computer programming skills frequently poses difficulties for students because it necessitates analytical reasoning, logical thinking, and problem-solving abilities. The challenges of mastering programming syntax and debugging errors contribute to elevated dropout rates and diminished engagement. This research utilizes machine learning methodologies to forecast students' academic performance in computer programming and discern critical factors influencing their success. A Support Vector Machine (SVM) model was employed in two iterations of analysis involving 750 records. The initial round encompassed all 29 attributes, whereas the subsequent round concentrated on five principal attributes determined via multiple regression analysis. The research identified five principal attributes—high school GPA, self-directed learning attitude, experience with programming flowcharts, learning style preference, and career motivation—as significant predictors of learning outcomes in computer programming, attaining an accuracy of 72.40%. This allows educators to customize approaches, including the simplification of intricate subjects, the integration of experiential activities, and the provision of additional resources such as exercises and tutorials, to enhance student.",ieee,llm,0.990,unreviewed,,doi:10.1109/ectidamtncon64748.2025.10962101
discarded,Analysis of Students Performance in Flipped Classroom-based Vocational Education Using Data Mining Tools,Yousra O. Kamal Eldeen; Mohamed AbdelRaheem; Taysir Hassan A. Soliman,2023,2023 Eleventh International Conference on Intelligent Computing and Information Systems (ICICIS),10.1109/ICICIS58388.2023.10391132,https://ieeexplore.ieee.org/document/10391132/,adjacent-subtopic,"This research investigates the impact of applying a Flipped Classroom Approach (FCA) in Vocational Education and proposes an improved approach that integrates Cognitive Theory of Multimedia Learning (CTML) with flipped learning based on Revised Bloom’s taxonomy. Educational data mining (EDM) using statistics and data analysis was applied to transform large educational raw data into useful and meaningful information. This information can be applied to gain insights into students and their learning environments, enhance teaching support, and optimize decision-making in educational systems. EDM was performed on the student activities recorded on online learning management system (Moodle) including, pre-class activities, attendance, and after-class assignments. A correlation analysis was performed to explore the relationship between their activities in Moodle and academic performance. Results show that students who followed the flipped learning strategy outperformed those who did not, and the video designed according to CTML had a positive impact on student outcomes. The study also revealed that after-class assignments had a significant influence on students’ results, and that the students’ final results could be predicted through their assignment performance.",ieee,llm,0.760,unreviewed,,doi:10.1109/icicis58388.2023.10391132
discarded,The implementation of the flipped classroom model in the teaching of educational robotics: A study in secondary school students,Dimitrios A. Varsos; Georgios Dimitriou; Nikolaos C. Zygouris,2022,2022 IEEE Global Engineering Education Conference (EDUCON),10.1109/EDUCON52537.2022.9766812,https://ieeexplore.ieee.org/document/9766812/,adjacent-subtopic,"The typical way to learn programming is using different high-level programming languages and a simple text editor, in order to compose and compile programs, usually to solve simple computational problems. Nowadays, an alternative method for the introduction of lower secondary school students into programming is through educational robotics. In this work, we design, organize and implement a teaching model in the context of flipped classroom learning, using educational robotics and an asynchronous tele-education environment for courses with limited weekly school time. Such a model must include learning independent of time and place, a more efficient use of classroom time and a cooperative teaching technique in cross-curricular subjects. The whole process is evaluated by the lower secondary school students themselves through a data collection tool and the relevant results are presented.",ieee,llm,0.980,unreviewed,,doi:10.1109/educon52537.2022.9766812
discarded,Applying flipped classroom and problem-based learning in a CS1 course,Aracele Garcia de Oliveira Fassbinder; Tiago Gonçalves Gonçalves Botelho; Ricardo José Martins; Ellen Francine Barbosa,2015,2015 IEEE Frontiers in Education Conference (FIE),10.1109/FIE.2015.7344223,https://ieeexplore.ieee.org/document/7344223/,adjacent-subtopic,"Teaching of programming foundations has been subject of several investigations, because it is believed that the required activities can contribute to the development of students more able to solve problems and to adapt to any environment or situation. Some works have argued about the integration of Flipped Classroom and Problem-Based Learning in Computer Science courses to potentiate this kind of teaching, but fewer evidences that investigate the real application between these approaches were found. Thus, in order to enhance the Flipped Classroom in-class activities, this paper reports an experience to implement and apply Flipped Classroom and Problem-Based Learning approaches for a CS1 course. Additional concepts of programming contests, group formation and learning styles were also used. In general, the main findings suggest that the Flipped Classroom model, if well-planned and carefully designed, can benefit students. However, these initial benefits are more related to student's motivation and social behavior than those associated with grades and the effective learning. Results also indicate that PBL may be an adequate approach to enhance the face-to-face time in the inverted classroom.",ieee,llm,0.780,unreviewed,,doi:10.1109/fie.2015.7344223
discarded,An experience in Moroccan university using flipped classroom method,Abdelaziz Ait Moussa,2017,2017 Joint International Conference on Information and Communication Technologies for Education and Training and International Conference on Computing in Arabic (ICCA-TICET),10.1109/ICCA-TICET.2017.8095288,https://ieeexplore.ieee.org/document/8095288/,adjacent-subtopic,"This study focuses on the use of new technologies in the implementation of an inverted classroom pedagogy at the University of Oujda in Morocco for students enrolled in a course of Technology of Web of the faculty of science. It shows, in particular, that the flipped classroom method is more beneficial for students with academic difficulties, since their results show that they succeed better in the work put online, despite they had not validated the computing module. The flipped classroom method is also benefits for good students who can develop high level skills like analysis and synthesis as part of classroom activities.",ieee,llm,0.750,unreviewed,,doi:10.1109/icca-ticet.2017.8095288
kept,Flipping Laboratory Sessions in a Computer Science Course: An Experience Report,Javier Troya; José A. Parejo; Sergio Segura; Antonio Gámez-Díaz; Alfonso E. Márquez-Chamorro; Adela del-Río-Ortega,2021,IEEE Transactions on Education,10.1109/TE.2020.3016593,https://ieeexplore.ieee.org/document/9186349/,qualifies-claim,"Contribution: This article presents an experience report on the application of flipped classroom (FC) to the laboratory sessions (henceforth lab sessions) of an undergraduate computer science course. Background: Hands-on work in computer science lab sessions is typically preceded by technical instructions on how to install, configure, and use the software and hardware tools needed during the lab. In the course under study, this initial explanation took between 14% and 50% of the lab time, reducing drastically the time available for actual practice. It was also observed that students missing any of the labs had trouble catching up. Intended Outcomes: The application of FC is expected to increase the time for hands-on activities, and improve students' performance and motivation. This improvement is expected to be more noticeable in those students who are unable to attend all lab sessions. Application Design: The study compares the application of FC and a traditional methodology. It encompasses two academic courses and involves 434 students and six lecturers. Findings: The FC is suitable for lab sessions in computer science. Among other results, flipping the labs resulted in 24 more minutes of practical and collaborative work on average at each lab session. It was observed a significant improvement in the motivation of students, with 9 out of every 10 students preferring it over traditional methodologies. Also, the FC made it much easier for students to catch up after missing a lab, making the final grades less dependent on lab attendance.",ieee,llm,0.910,unreviewed,,doi:10.1109/te.2020.3016593
kept,Educational methods for inverted-lecture computer science classrooms to overcome common barriers to STEM student success,Kathleen Timmerman; Michael Raymer; John Gallgher; Travis Doom,2016,"2016 Research on Equity and Sustained Participation in Engineering, Computing, and Technology (RESPECT)",10.1109/RESPECT.2016.7836167,https://ieeexplore.ieee.org/document/7836167/,supports-claim; qualifies-claim,"New educational pedagogies are emerging in an effort to increase the number of new engineers available to enter the workforce in the coming years. One of the re-occurring themes in these pedagogies is some form of the flipped classroom. Often the additional classroom time gained from flipping is used to reinforce learning objectives. This paper suggests that it might be more beneficial to students if some of that time is used to address common non-cognitive barriers that prevent students from succeeding in the major. This experiment was conducted on a freshman Introductory Computer Science course with students whom are less traditionally prepared. Three different pedagogies were compared: a hybrid lecture-active learning pedagogy, a fully flipped classroom pedagogy, and a fully flipped classroom with added barrier interventions pedagogy. All three groups were in SCALE-UP classrooms. While fully flipping the classroom showed a slight increase to student progression over the hybrid classroom, it was not significant. When barrier interventions were added to address motivation and interest, opportunity, psychosocial skills, cognitive skills, and academic preparedness a significant increase in student progression occurred. This suggests that students might benefit from some classroom time being spent on non-technical skills.",ieee,llm,0.940,unreviewed,,doi:10.1109/respect.2016.7836167
discarded,Effects of Using Social Instructional Videos and Flipped Classroom on Students' Learning Achievements in Smart Campus,Ming-Sin Chen; Yu-Sheng Su; Chester S.J. Huang; Stephen J.H. Yang,2018,2018 1st International Cognitive Cities Conference (IC3),10.1109/IC3.2018.00090,https://ieeexplore.ieee.org/document/8567236/,adjacent-subtopic,"Nowadays, Internet technology is developing rapidly. Everyone has several social network websites (SNS) accounts, and use them frequently. In this paper, we aim on exploring the effects of using social instructional videos and flipped classroom on students' learning achievements in smart campus. We use such flipped classroom-based Facebook as implementing experimental activities in real colleges for finding out students' watching video behaviors on Facebook. The experimental results find that students' watching instructional videos on Facebook is effective on students' learning effectiveness. For more detailed discussion, the results will be discussed in this paper.",ieee,llm,0.700,unreviewed,,doi:10.1109/ic3.2018.00090
discarded,The Application of O-AMAS Effective Teaching Model and Flipped Classroom in Database Technology and Application Course,Mingxiao Lu; Peipei Gao; Hong Zhao; Kai Wang,2020,2020 15th International Conference on Computer Science & Education (ICCSE),10.1109/ICCSE49874.2020.9201716,https://ieeexplore.ieee.org/document/9201716/,adjacent-subtopic,"The O-AMAS model is an effective teaching model developed by Nankai Effective Teaching in 2017, which is guided by students' learning outcomes, and driven by the positive interactions between teachers and students. The Flipped Classroom is an effective teaching method with students as the main body, which has been proven by many researches. This paper describes the application of a new pedagogical method which combines the O-AMAS effective teaching model and the Flipped Classroom in the ""Database Technology and Application"" course to activate students' enthusiasm and participation in learning and improve the teaching effectiveness.",ieee,llm,0.890,unreviewed,,doi:10.1109/iccse49874.2020.9201716
