status,title,authors,year,venue,doi,url,tags,abstract,provider,decision_source,llm_confidence,llm_review_outcome,llm_change_direction,paper_id
discarded,Systematic Review of Effective Library Instruction for Business Students,"Gareau-Brennan, Celine; Kung, Janice Y.",2022,JOURNAL OF BUSINESS & FINANCE LIBRARIANSHIP,10.1080/08963568.2021.2015849,https://www.webofscience.com/wos/woscc/full-record/WOS:000729726700001,adjacent-subtopic,"The most successful library teaching strategies for post-secondary business programs have yet to be determined. The aim of this systematic review is to investigate the effectiveness of library instruction (with a focus on pedagogy) in business undergraduate and graduate programs. The researchers searched seven databases, selected studies that met the inclusion criteria, and extracted data following PRISMA guidelines. To achieve the study's primary objective, the researchers included any library educational intervention in a business program conducted by librarians or library staff. The quality of included studies was evaluated based on a modified instrument designed to critically appraise educational interventions. The instrument consists of nine questions that relate to content, context, outcomes, study design, and methods. Thirty-five studies met the inclusion criteria and data was extracted based on subject area, content coverage, mode of instruction (in-person vs virtual), faculty collaboration, assessment strategies, and library educational interventions used to teach business students. Common educational interventions included hands-on activities, live demonstrations, active learning, group work, and lectures. The most compelling strategies include active learning, providing engaging sessions (e.g., flipped classroom), and faculty collaboration. Since most of the studies did not state clear learning outcomes, it is difficult to ascertain what type of interventions were truly effective in improving library sessions.",wos,llm,0.950,unreviewed,,doi:10.1080/08963568.2021.2015849
discarded,Flipped Learning in Engineering Modules Is More Than Watching Videos: The Development of Personal and Professional Skills,"Suarez, Fernando; Mosquera Feijoo, Juan Carlos; Chiyon, Isabel; Garcia Alberti, Marcos",2021,SUSTAINABILITY,10.3390/su132112290,https://www.webofscience.com/wos/woscc/full-record/WOS:000723163500001,adjacent-subtopic,"The Accreditation Board for Engineering and Technology (ABET) has highlighted two key outcomes for students of all accredited engineering programs: the ability to communicate effectively with a range of audiences and the capacity to acquire and apply new knowledge as needed, using appropriate learning strategies. Likewise, in recent years, written exams, assignments, and oral presentations show transmission-skill deficiencies among engineering students. Flipped teaching serves to boost students to meet these outcomes and other competencies: comprehension reading, communication skills, character building, collaborative work, critical thinking, or creativity. So, flipped learning is more than watching videos. This research proposes two evidence-based transferable learning strategies built on a flipped-teaching model and was applied by the authors in engineering courses during the second year of the global pandemic caused by COVID-19: problem-based learning and teamwork assignments. The study comprised two phases. First, a systematic review of reports, writings, and exams delivered by students. It included some video-watching analytics to detect misuse. In the second stage, the authors ascertained trends of these outcomes. Student perceptions and other achievement indicators illustrate the possibilities for encouraging learners to achieve transmission, communication, and literacy outcomes. Results indicate that these learner-centered approaches may help students learn better, comprehend, apply, and transmit knowledge. But they require an institutional commitment to implementing proactive instruction techniques that emphasize the importance of student communication skills.",wos,llm,0.880,unreviewed,,doi:10.3390/su132112290
discarded,"A Systematic Review of Systematic Reviews on Blended Learning: Trends, Gaps and Future Directions","Ashraf, Muhammad Azeem; Yang, Meijia; Zhang, Yufeng; Denden, Mouna; Tlili, Ahmed; Liu, Jiayi; Huang, Ronghuai; Burgos, Daniel",2021,PSYCHOLOGY RESEARCH AND BEHAVIOR MANAGEMENT,10.2147/PRBM.S331741,https://www.webofscience.com/wos/woscc/full-record/WOS:000704347300004,adjacent-subtopic,"Blended Learning (BL) is one of the most used methods in education to promote active learning and enhance students' learning outcomes. Although BL has existed for over a decade, there are still several challenges associated with it. For instance, the teachers' and students' individual differences, such as their behaviors and attitudes, might impact their adoption of BL. These challenges are further exacerbated by the COVID-19 pandemic, as schools and universities had to combine both online and offline courses to keep up with health regulations. This study conducts a systematic review of systematic reviews on BL, based on PRISMA (Preferred Reporting Items for Systematic Reviews and Meta-Analyses) guidelines, to identify BL trends, gaps and future directions. The obtained findings highlight that BL was mostly investigated in higher education and targeted students in the first place. Additionally, most of the BL research is coming from developed countries, calling for cross collaborations to facilitate BL adoption in developing countries in particular. Furthermore, a lack of ICT skills and infrastructure are the most encountered challenges by teachers, students and institutions. The findings of this study can create a roadmap to facilitate the adoption of BL. The findings of this study could facilitate the design and adoption of BL which is one of the possible solutions to face major health challenges, such as the COVID-19 pandemic.",wos,llm,0.930,unreviewed,,doi:10.2147/prbm.s331741
kept,How Can We Support Students' Learning Experiences in Higher Education? Campus Wide Course Transformation Program Systematic Review and Meta-Analysis,"Cho, Hyun Jin; Wang, Cong; Bonem, Emily M.; Levesque-Bristol, Chantal",2022,INNOVATIVE HIGHER EDUCATION,10.1007/s10755-021-09571-9,https://www.webofscience.com/wos/woscc/full-record/WOS:000686831300001,supports-claim; qualifies-claim,"The aims of this paper are to examine the breadth of scholarship that emerged from a large-scale university-wide course transformation program between 2011 and 2021, to investigate how the course transformation program influenced students' perceptions of their learning environment and learning achievement, and to discuss future directions for improving autonomy-supportive learning in higher education. We gathered all quantitative and qualitative publications related to the IMPACT course transformation program, and 35 articles were included in the study. Since the scope of the study topics in the course transformation program varied and program implementation was applied to various study contexts and disciplines, the findings were first summarized in a narrative manner. Additionally, a meta-analysis was conducted to examine the effectiveness of the course transformation based on 10 journal articles that adopted quasi-experimental designs. The findings revealed that the courses redesigned through the program supported students' positive learning experiences, including motivation, satisfaction regarding basic psychological needs, knowledge transferability, and academic performance. This paper discusses implications and future directions to enhance undergraduate students' academic success through course redesign. Further exploration is needed to determine the additional effect of course redesign in higher education.",wos,llm,0.880,unreviewed,,doi:10.1007/s10755-021-09571-9
discarded,Development of disaster nursing education and training programs in the past 20 years (2000-2019): A systematic review,"Loke, Alice Yuen; Guo, Chunlan; Molassiotis, Alex",2021,NURSE EDUCATION TODAY,10.1016/j.nedt.2021.104809,https://www.webofscience.com/wos/woscc/full-record/WOS:000634143100002,off-topic-false-hit,"Background: Nurses play a pivotal role in disaster management across the globe. With the call for all nurses to be prepared for disasters, disaster nursing education and training programs have expanded globally. However, a clear picture of the development and coverage of disaster nursing education and training programs is lacking. Objectives: This study aimed to establish an overall picture of the development of disaster nursing education and training programs in the last 20 years, outline the contents included, approaches adopted and outcomes reported.

Methods: A systematic search for relevant literature published between January 2000 to December 2019 was conducted using electronic databases including the CINAHL, MEDLINE, PubMed, Web of Science, and Scopus with the keywords on disaster nursing education and training.

Findings.

A total of 75 eligible studies were identified from 3395 potentially relevant articles. The numbers of disaster nursing education and training programs increased gradually over the past 20 years. They were offered in various countries with an unbalanced geographical distribution. Most of the existing programs focused on disaster preparedness and response, especially on the skills of triage during disaster response, instead of addressing the full spectrum of disaster management that included mitigation, preparedness, response, and recovery phases. Multiple approaches and technologies were adopted, including competency-based, all-hazard, inter-professional, flipped classroom, simulation, tabletop exercises, and virtual reality ones. Nearly half of the included programs adopted a pre- and post-test evaluation to examine the outcomes of learning and all of the programs reported significant increases in nursing professionals? knowledge and skills of related content on disaster management covered in the training programs.

Conclusions: This review provides nurse leaders, educators and researchers in nursing with an understanding of the state-of-art of the existing disaster nursing education and training programs. More disaster nursing research are necessary to enhance the knowledge, skills and readiness of the nursing professionals for disaster management in meeting global disaster challenges.",wos,llm,0.980,unreviewed,,doi:10.1016/j.nedt.2021.104809
kept,ATTITUDES FOR IMPROVED LEARNING & KNOWLEDGE IN ARCHETYPAL ENGINEERING COURSES,"Ahtesham, Hamid; Javed, Yasir; Khahro, Shabir Hussain; Almuqhim, Sarah",2019,"PROCEEDINGS OF THE 7TH TEACHING & EDUCATION CONFERENCE, LONDON",10.20472/TEC.2019.007.002,https://www.webofscience.com/wos/woscc/full-record/WOS:000542927700002,refutes-claim,"It has been reflected during teaching ETHC303 ""Ethical and Social Aspects of Computing"" at Prince Sultan University, Riyadh that the students have a vague understanding about the subject at the beginning of the semester. They believe it as a second course and expecting higher grades in it, whereas the scenario is the other way around. The subject of this nature to be taught in final year class cannot be covered in the traditional way. As it is more towards practical practice rather than bookish approach.

There were three techniques used to analyse this problem in this case study including Individual Interviews, Literature Review Task (LRT) as a Flipped Class Room (FCR) approach and Field Trip (FT). In the end, Visual Clips were also used as an experiment for learning objectives delivery. It is analysed that the literature review task as a flipped classroom approach could not produce satisfactory results for courses like ethics. Whereas field trips significantly produced satisfactory results for such a problem. It is also observed that visual clips are helpful for outline delivery within the subject of such typical nature.

It is concluded that field trips, visual clips and individual counselling are quite supportive and helpful to increase learning and knowledge in the subjects such as ETHC303 ""Ethical and Social Aspects of Computing"".",wos,llm,0.960,unreviewed,,doi:10.20472/tec.2019.007.002
kept,Flipped classroom: a challenge to university education,"Gonzalez Zamar, Mariana Daniela; Abad Segura, Emilio",2020,VIRTUALIDAD EDUCACION Y CIENCIA,,https://www.webofscience.com/wos/woscc/full-record/WOS:000507226800006,supports-claim; qualifies-claim,"Higher education faces a new challenge after the entry into force of the European Higher Education Area and its evaluation by competences. The challenge focuses on adapting traditional teaching and learning processes to new methodological proposals. The Flipped Classroom model focuses its educational activity on the programming of tasks taught outside the classroom, while in the classroom there is an exchange of opinions and reflections guided by the teacher. The aim of this study is to provide relevant evidence on the application of this pedagogical strategy in higher education. The systematic review made it possible to analyze research that indicates that the application of active methodologies favors the development of autonomy, critical thinking and the acquisition of digital skills. The results show that the implementation of the inverted classroom in the university system finds collaborative and cooperative work among its strengths, and its success depends on both the student and the teacher.",wos,llm,0.950,unreviewed,,hash:5aa0da592bbb519d
discarded,Differentiated Instruction in Secondary Education: A Systematic Review of Research Evidence,"Smale-Jacobse, Annemieke E.; Meijer, Anna; Helms-Lorenz, Michelle; Maulana, Ridwan",2019,FRONTIERS IN PSYCHOLOGY,10.3389/fpsyg.2019.02366,https://www.webofscience.com/wos/woscc/full-record/WOS:000535784500001,off-topic-false-hit,"Differentiated instruction is a pedagogical-didactical approach that provides teachers with a starting point for meeting students' diverse learning needs. Although differentiated instruction has gained a lot of attention in practice and research, notmuch is known about the status of the empirical evidence and its benefits for enhancing student achievement in secondary education. The current review sets out to provide an overview of the theoretical conceptualizations of differentiated instruction as well as prior findings on its effectiveness. Then, by means of a systematic review of the literature from 2006 to 2016, empirical evidence on the effects of within-class differentiated instruction for secondary school students' academic achievement is evaluated and summarized. After a rigorous search and selection process, only 14 papers about 12 unique empirical studies on the topic were selected for review. A narrative description of the selected papers shows that differentiated instruction has been operationalized in many different ways. The selection includes studies on generic teacher trainings for differentiated instruction, ability grouping and tiering, individualization, mastery learning, heterogeneous grouping, and remediation in flipped classroom lessons. The majority of the studies show small to moderate positive effects of differentiated instruction on student achievement. Summarized effect sizes across studies range from d = +0.741 to +0.509 (omitting an outlier). These empirical findings give some indication of the possible benefits of differentiated instruction. However, they also point out that there are still severe knowledge gaps. More research is needed before drawing convincing conclusions regarding the effectiveness and value of different approaches to differentiated instruction for secondary school classes.",wos,llm,0.990,unreviewed,,doi:10.3389/fpsyg.2019.02366
discarded,SPOCs in University Education: European Experience,"Datsun, N.",2019,VOPROSY OBRAZOVANIYA-EDUCATIONAL STUDIES MOSCOW,10.17323/1814-9545-2019-1-162-186,https://www.webofscience.com/wos/woscc/full-record/WOS:000472576900006,adjacent-subtopic,"The study suggests broadening the taxonomy of MOOC models and provides evidence for the prevalence of Small Private Online Courses (SPOC) among open education models in the post-MOOC era. A systemic literature review1 is performed to analyze research publications of 2013-2018 on using SPOCs in European university education. It has been found that SPOCs combine well with formal university education in European Bachelor's degree programs when using pedagogical models like blended learning, flipped classroom and collaborative learning. We recommend spreading SPOC practices in Russian higher education to improve the learning motivation of students.",wos,llm,0.930,unreviewed,,doi:10.17323/1814-9545-2019-1-162-186
discarded,Best practices for teaching pharmacology to undergraduate nursing students: A systematic review of the literature,"Gill, Manu; Andersen, Elizabeth; Hilsmann, Norma",2019,NURSE EDUCATION TODAY,10.1016/j.nedt.2018.11.017,https://www.webofscience.com/wos/woscc/full-record/WOS:000458590100003,adjacent-subtopic,"Objective: In this systematic review we describe best practices for teaching pharmacology to undergraduate baccalaureate nursing students based on the available evidence. Numerous teaching strategies employed in undergraduate pharmacology courses for nursing students have been summarized and compared for their impact on pharmacology knowledge retention, application of pharmacology theory to practice, and student satisfaction. Future directions for research are discussed.

Design: The review was performed using the Preferred Reporting Items for Systematic Reviews and Meta Analyses (PRISMA) guidelines for systematic reviews and meta-analyses.

Data Sources: The Cumulative Index of Nursing and Allied Health Literature (CINAHL), Academic Search Complete, Education Resources Information Center (ERIC), and Education Source and Health Reference Centre Academic were searched using key search terms and phrases. Twenty studies, conducted between 2001 and 2017, met the inclusion criteria.

Method: Quality assessment was made in accordance with two appraisal tools: Kirkpatrick's framework and the Medical Education Research Quality Instrument (MERSQI) for quantitative studies.

Results: Online, simulation, and integrated methods of teaching pharmacology were most beneficial for pharmacology knowledge acquisition and student satisfaction. Traditional lecture, problem-based learning, and a flipped classroom were least effective strategies for teaching pharmacology to undergraduate students.

Conclusions: This systematic review will contribute to the body of knowledge used by nurse educators who teach in undergraduate nursing programs, may be particularly useful for undergraduate nursing program directors/administrators who are considering undergoing curricular changes, and may be a conduit for future researchers who wish to design studies aimed at improving teaching and learning within undergraduate nursing education.",wos,llm,0.890,unreviewed,,doi:10.1016/j.nedt.2018.11.017
kept,"Enhancing programming education through AI-driven tools and innovative pedagogical models: a systematic study on student engagement, retention, and self-regulation",J. Katona,2026,Journal of Computers in Education,10.1007/s40692-026-00391-4,https://www.scopus.com/inward/record.uri?partnerID=HzOxMe3b&scp=105040764074&origin=inward,qualifies-claim; supports-claim,"
 This systematic review examines how AI-driven tools and innovative pedagogical models influence key outcomes in programming education, with a focus on student engagement, comprehension, retention, and self-regulation. A structured search was conducted in the Scopus database for peer-reviewed journal articles published between 2010 and 2023, and the selection process followed the PRISMA 2020 guidelines. After applying predefined inclusion and exclusion criteria, 29 empirical studies on flipped classrooms, gamification, project-based learning, collaborative learning, and blended learning in programming or computational-thinking courses were included in the review. Across these models, adaptive learning platforms, automated feedback systems, and collaborative tools were found to enhance active learning and support more personalized and self-regulated study. At the same time, the effectiveness of AI-enhanced learning environments depends on careful scaffolding, attention to accessibility, and a balanced use of motivational strategies. For educators, a core implication of the review is that combining AI-based adaptive feedback with structured in-class practice and well-designed collaborative activities can help reduce dropout, sustain motivation, and foster durable programming competencies. The findings offer evidence-informed guidance for designing programming courses that leverage AI and innovative pedagogies to create more engaging and inclusive learning experiences.",scopus,llm,0.760,unreviewed,,doi:10.1007/s40692-026-00391-4
