status,title,authors,year,venue,doi,url,tags,abstract,provider,decision_source,llm_confidence,llm_review_outcome,llm_change_direction,paper_id
kept,Blended peer-led research curriculum with AI integration improves postgraduate students’ academic performance and satisfaction: a quasi-experimental mixed-methods study,Zuhair S. Natto,2026,BMC Medical Education,10.1186/s12909-026-08576-2,https://www.scopus.com/inward/record.uri?partnerID=HzOxMe3b&scp=105029725698&origin=inward,supports-claim,"Background: Research methods courses in health professions education are often perceived as abstract, didactic, and disconnected from practice, resulting in low engagement and limited skill transfer. Innovative pedagogies that integrate flipped learning, peer critique, and artificial intelligence (AI) may enhance learning but remain underexplored in postgraduate dental education. This study evaluated the effectiveness of a blended, peer-led, AI-integrated research methods curriculum compared with a traditional lecture-based approach. Methods: A quasi-experimental mixed-methods study was conducted during the Winter–Summer 2025 semester at the Faculty of Dentistry, King Abdulaziz University. First-year postgraduate dental students enrolled in a research methods course were assigned to either an intervention group (n = 26) that received a blended curriculum incorporating flipped video lectures, gamified peer critiques, Critical Appraisal Skills Programme (CASP)-based appraisals, faculty-led discussions, AI-assisted feedback, and proposal development, or a control group (n = 26) receiving traditional lectures. Quantitative outcomes included academic performance, critique score, and student satisfaction (Likert survey). Qualitative data were collected through focus groups and reflective responses, analyzed thematically. Results: Intervention students reported significantly higher overall satisfaction than the control group (Mean ± SD: 4.35 ± 1.56 vs. 3.35 ± 1.89; p = 0.043; 95% CI: 0.06 to 1.94). Differences in critique scores (9.23 ± 1.12 vs. 8.77 ± 0.96) and total academic performance (92.21 ± 18.50 vs. 85.50 ± 22.30) favored the intervention group but did not reach statistical significance. Satisfaction was moderately correlated with academic performance (around r ~ 0.6 in both groups, p < 0.001). Qualitative findings provided explanatory insight into these patterns, highlighting perceived clarity of course organization, active and collaborative learning, and improved preparedness for thesis work, alongside challenges related to workload intensity and course logistics. Conclusions: A blended, peer-led, AI-integrated research methods curriculum was associated with higher student satisfaction and more positive learning experiences compared with traditional lectures, while performance differences were modest. Mixed-methods integration revealed how engagement, structure, and perceived relevance shaped learning beyond what quantitative measures alone captured. Although resource-intensive, this model offers a promising framework for enhancing postgraduate research methods education. Further multi-institutional and longitudinal studies are needed to examine sustainability and generalizability.",scopus,llm,0.960,unreviewed,,doi:10.1186/s12909-026-08576-2
kept,Team-based learning versus lecture-based instruction for chest radiograph interpretation in physician associate education: a quasi-experimental study,Kelsey F. Kehrli; Kelly R. Conner; Lauren Eyadiel; Caroline B. Sisson; Natalie Smith,2026,BMC Medical Education,10.1186/s12909-026-09452-9,https://www.scopus.com/inward/record.uri?partnerID=HzOxMe3b&scp=105044167259&origin=inward,qualifies-claim,"Background: Chest radiograph interpretation is a foundational skill in physician associate (PA) education, and competence in diagnostic imaging is an accreditation standard. While a larger body of research on radiology education exists in undergraduate medical education, considerable variability in instructional approaches limits clear conclusions regarding the most effective method. Growing evidence supports the use of active learning strategies in radiology instruction. However, little published research specifically addresses radiology education within PA programs. Team-Based Learning (TBL), an active learning approach grounded in social constructivism that emphasizes preparation, collaboration, and application, may be well suited to teaching image interpretation. This study evaluates the effectiveness of TBL compared with traditional lecture-based instruction for chest radiograph interpretation. Methods: A mixed-methods, quasi-experimental cohort comparison using a pre–post design was conducted with two consecutive PA student cohorts at a single institution. One cohort received a 90-minute lecture-based session; another cohort participated in a 90-minute TBL session. Academic performance was assessed using validated pre- and post-tests. Student satisfaction and self-efficacy were evaluated using post-session surveys derived from the Kirkpatrick model and Bandura’s self-efficacy theory. Independent sample t-tests compared quantitative outcomes, and qualitative responses were analyzed thematically. Results: Both cohorts demonstrated improvement in chest radiograph interpretation scores, with no statistically significant differences between groups in post-test performance or score improvement (p = 0.841). Survey results indicated favorable perceptions of both instructional approaches. The TBL cohort reported significantly higher ratings for engagement and peer interaction (p = < 0.001). Self-efficacy ratings were higher among TBL participants for selected confidence-related items (p = 0.003, p = 0.021, p = < 0.001). Qualitative responses on what contributed most to self-efficacy emphasized peer discussion in the TBL group and structured explanations in the lecture group. Conclusions: TBL produced academic performance comparable to lecture-based instruction while supporting greater learner engagement and confidence. These findings support TBL as a feasible instructional approach for chest radiograph interpretation in PA education.",scopus,llm,0.800,unreviewed,,doi:10.1186/s12909-026-09452-9
kept,Evaluation the effectiveness of the multimodal situational blended teaching model in higher vocational pediatric nursing education: a quasi-experimental study,Xuejun Xiao; Ying Xie; Xiaohong Dai; Lijuan Li; Xiaoji Huang; Wanchao Wang; Yan Gao; Lingzhi She; Xiangfeng Zhao,2026,BMC Nursing,10.1186/s12912-026-04653-5,https://www.scopus.com/inward/record.uri?partnerID=HzOxMe3b&scp=105044546212&origin=inward,supports-claim; qualifies-claim,"Background: With continuous advances in healthcare technologies and the growing societal demand for high-quality pediatric nursing care, the limitations of traditional lecture-based teaching methods in pediatric nursing education for higher vocational students have become increasingly evident. Teacher-centered, lecture-based instruction may be insufficient in fostering students’ learning motivation, cultivating positive learning values, promoting active learning attitudes, and supporting the development of critical thinking skills. To address these challenges, this study aims to evaluate the effectiveness of a multimodal situational blended teaching model in higher vocational pediatric nursing course, with the goal of providing practical insights for improving the quality of nursing talent development. Methods: A quasi-experimental study was conducted using convenience sampling among two consecutive cohorts (2022 and 2023) of students enrolled in the three-year higher vocational nursing program at Guilin Medical University, China. The 2022 cohort served as the control group and received traditional lecture-based instruction, while the 2023 cohort constituted the intervention group and was taught using a multimodal situational blended teaching model. At the end of the semester, data on academic performance, learning values, learning engagement, critical thinking abilities, and satisfaction with course reform were collected via an online questionnaire administered through Wenjuanxing and analyzed quantitatively. Results: The intervention group demonstrated significantly higher scores than the control group in academic performance, learning values, learning engagement, and critical thinking abilities (all p < 0.05). They also reported significantly greater satisfaction with four dimensions of the course reform: overall satisfaction with the course delivery, satisfaction with the design and organization of practical components, satisfaction with the availability and quality of learning resources, and satisfaction with the effectiveness of teacher-student interactions and feedback mechanisms (all p < 0.05). Conclusions: The multimodal situational blended teaching model was associated with better learning outcomes and higher satisfaction in higher vocational pediatric nursing education. However, the cross-sectional design and self-reported data preclude causal inference; longitudinal studies are needed to assess its long-term impact on competency development. Clinical trial number: Not applicable.",scopus,llm,0.780,unreviewed,,doi:10.1186/s12912-026-04653-5
discarded,Impact of an integrated interdisciplinary team-based learning session of medicine and health sector programs at Galala University,Ahmed Nour Eldin Hassan; Noha N. Lasheen,2026,BMC Medical Education,10.1186/s12909-026-09732-4,https://www.scopus.com/inward/record.uri?partnerID=HzOxMe3b&scp=105044560739&origin=inward,adjacent-subtopic,"Background and Aim: Active learning, especially through interdisciplinary approaches, is increasingly recognized as a means to enhance the effectiveness of health promotion programs. This study evaluated the impact of introducing a team-based learning (TBL) session, structured as an interdisciplinary experience, on students from health-related faculties. The primary aim was to demonstrate the effects of an interdisciplinary TBL session across five faculties at Galala University. Methods: Using a quasi-experimental pre-post design, an interdisciplinary TBL session was conducted at Galala University, involving students from the Faculties of Medicine, Pharmacy, Physical Therapy, Applied Health Sciences, and Nursing. Twenty-five students volunteered and were divided into five teams. The session, centered on bronchial asthma, followed a three-phase structure: an initial mini-lecture, readiness assurance tests (administered individually and in teams), a debriefing session, and a group application task. At the third phase, students completed a satisfaction survey. Results: Team-based readiness assurance test (t-RAT) scores consistently exceeded individual readiness assurance test (i-RAT) scores across nine multidisciplinary questions, indicating improved performance through teamwork. The satisfaction survey revealed that the majority of students perceived benefits from participating in the interdisciplinary session. Conclusion: TBL may play a valuable role in adopting hands-on involvement, peer-assisted learning, critical thinking, and could enrich the student-centered learning through collaborative problem-solving in bronchial asthma.",scopus,llm,0.900,unreviewed,,doi:10.1186/s12909-026-09732-4
kept,Comparison of the BOPPPS model combined with rain classroom teaching and traditional method on nephrology education for fifth-year undergraduates,Yujia Wang; Zhimin Chen; Kaiqi Huang; Xiaohong Zhang; Caiming Chen; Yanfang Xu,2026,BMC Medical Education,10.1186/s12909-026-08714-w,https://www.scopus.com/inward/record.uri?partnerID=HzOxMe3b&scp=105031361792&origin=inward,supports-claim,"Background: Medical education is increasingly adopting student-centered learning approaches to foster critical thinking and self-directed learning, particularly in complex fields like nephrology. The BOPPPS (Bridge-in, Objective, Pre-assessment, Participatory Learning, Post-assessment, and Summary) model, with its focus on student participation and feedback, has emerged as an innovative educational framework. The integration of this model with educational technology platforms, such as Rain Classroom, presents an opportunity to enhance active learning in nephrology education for undergraduate medical students. Methods: This study conducted a comparative analysis over an academic year, evaluating the BOPPPS model integrated with Rain Classroom against traditional lecture-based teaching in nephrology education. The study population consisted of fifth-year undergraduate medical students, randomly assigned to an experimental group (n = 36) or a control group (n = 36). The experimental group experienced the BOPPPS-Rain Classroom approach, while the control group received traditional lectures. Data collection included final examination scores, student satisfaction surveys, and classroom engagement. Results: The BOPPPS-Rain Classroom approach resulted in significantly higher final examination scores compared to traditional teaching, with more students in the experimental group scoring above 80. Class participation was notably higher in the experimental group, indicating a more interactive learning environment. Student evaluations revealed increased satisfaction, self-learning enthusiasm, comprehension, and interest in nephrology studies among the experimental group. Supplementary questionnaires confirmed the positive impact of the BOPPPS-Rain Classroom model on learning experience, problem-solving abilities, cooperation, communication skills, and commitment to learning. Conclusion: The BOPPPS model integrated with Rain Classroom was associated with improved examination performance, higher classroom engagement, and more positive student evaluations compared to traditional lecture-based nephrology teaching.",scopus,llm,0.910,unreviewed,,doi:10.1186/s12909-026-08714-w
discarded,Academic perception on ‘student-centred learning’ in a newly established medical school in Sri Lanka: a qualitative study,Udayangani Ramadasa; Udayanga Andadola; Piyum Jayarathna; Shehan Silva; Joachim Perera; Saroj Jayasinghe,2026,BMC Medical Education,10.1186/s12909-026-09337-x,https://www.scopus.com/inward/record.uri?partnerID=HzOxMe3b&scp=105040340540&origin=inward,adjacent-subtopic,"Background: Student-centred learning (SCL) enhances the skills of critical and creative thinking, clinical reasoning, and decision making with long term knowledge retention and deeper understanding. The Faculty of Medicine, Sabaragamuwa University of Sri Lanka (FOM/SUSL) is a recently established medical school transforming from the traditional discipline-based curriculum to integrated approach. This study was aimed to explore the perception of academics on SCL and obtain feedback to revisit teaching-learning strategies. Methods: A qualitative study was conducted at the FOM/SUSL among the 25 academics across all phases at FOM/SUSL. Semi-structured focus group discussions were conducted using a predefined guide consisting of open-ended questions designed to explore academic perceptions of student-centred learning to promote the conversation on semi structured format. Data were analysed using inductive thematic analysis. Results: Several themes emerged, including a shift from passive to active learning, structural constraints related to time, assessment and resources, student resistance shaped by prior educational experiences, and the use of hybrid teaching strategies to facilitate transition. Teacher perceptions were reflected in active student participation. There was a yearning for a transition from traditional teacher-centred approaches. Significant challenges such as student adaptation difficulties, language barriers and limitations such as lack of human and physical resources were identified. Integrating online lectures and practical sessions were also posed challenges in implementation. Conclusions: Student-centred learning is strongly endorsed by academic staff; however, its implementation is shaped by structural, cultural, and institutional constraints. A phased hybrid approach appears to be a pragmatic strategy for sustainable transition. Trial Registration: Not applicable.",scopus,llm,0.980,unreviewed,,doi:10.1186/s12909-026-09337-x
discarded,From lectures to active learning: A case study on problem-based learning in the material balances course,Hugo Ortiz Moreno; Caribay Godoy-Rangel; Ruben Ahumada-Lazo,2026,International Journal of Mechanical Engineering Education,10.1177/03064190251356618,https://www.scopus.com/inward/record.uri?partnerID=HzOxMe3b&scp=105012585465&origin=inward,adjacent-subtopic,"Active learning (AL) has become a key methodology for student engagement in engineering courses, particularly in STEM-related subjects. Despite the existence of numerous documented educational practices employing this methodology, the introductory courses in the area of bioengineering and chemical processes, such as material balances, could still benefit from its adoption. This article explores the implementation of active learning, specifically problem-based learning (PBL), in the material balances (MB) course from an innovative approach. The implemented educational practice, defined in five key moments (Introduction, Context, Application, Reinforcement, and Consolidation with Teamwork), offers a comprehensive guide, encompassing practical ideas and strategies that educators of similar courses can readily adapt and implement. The educational practice was tested in two groups of the MB course taught in 2024 (n = 54 students), where the students’ scores in written exams, demonstration of competencies and satisfaction with the course, were compared with those from before the methodology was applied in 2023 (n = 53 students). The results show an overall improvement in all aspects evaluated, highlighting the benefits of introducing this educational practice in the students’ performance and satisfaction with the course. This work contributes to the growing body of literature on AL and PBL in STEM education, offering a model to improve pedagogical practices and promote student success in challenging technical courses.",scopus,llm,0.760,unreviewed,,doi:10.1177/03064190251356618
discarded,A cross-cultural comparison on perception for extended reality (XR) learning environmental simulation of animal drug administration,Eline Wydooghe; Pieter Schutijser; Miu Yung Olivia Ngan; Mau Fung Lee; Chung Hin Kenneth Lai; Chung Lam Wong; Zihan Zhao; Florence Mei Kuen Tang,2026,Frontiers in Veterinary Science,10.3389/fvets.2026.1846733,https://www.scopus.com/inward/record.uri?partnerID=HzOxMe3b&scp=105050711236&origin=inward,adjacent-subtopic,"Background – The integration of Extended Reality (XR) technologies into animal-handling training provides science students working with animals in experimental research with an innovative platform for developing practical and ethical skills that contribute to medical advancement. As laboratory practices become increasingly globalized and guided by the 3Rs principle of Replacement, Reduction, and Refinement, understanding cross-cultural perceptions of animal-handling protocols has become increasingly important. Methods – A single-player XR platform with an immersive one-in-one virtual reality (VR) system, the Virtual Animal-handling Simulation (VAnS), was integrated into aligned curricula at VIVES University of Applied Sciences and the Chinese University of Hong Kong. After lectures and hands-on practice with anatomical dummies, 85 undergraduates completed VAnS and then an online questionnaire with 17 questions, comprising six domains: Engagement with 3D World, Realistic Interaction, Active Learning, Concentrated Involvement, Learning Capability, and Overall Perception. Each of the 17 items was rated on a five-point Likert scale. Results – Median scores in all categories were significantly above the neutral midpoint, indicating strong endorsement of the VR environment, its realism, and its contribution to active learning and perceived capability. Chinese students consistently rated the VR module more favorably than Belgian students across all six learning domains. Effect sizes ranged from small to medium, with the largest differences observed for learning capability and overall perception. Ordinal logistic regression confirmed country as a significant predictor for several domains, while gender showed no meaningful influence. Prior VR experience was negatively associated with Learning Capability (p = 0.036). Within the Belgian cohort, animal-care background had no significant effect, whereas educational track showed a non-significant trend toward higher ratings for Learning Capability. Conclusion – Our study revealed that VAnS were widely accepted as an engaging, and 3Rs-aligned supplement to animal-handling training, with students reporting positive perceptions of its potential to support learning. Cultural differences underscoring the need for context-sensitive implementation.",scopus,llm,0.970,unreviewed,,doi:10.3389/fvets.2026.1846733
