status,title,authors,year,venue,doi,url,tags,abstract,provider,decision_source,llm_confidence,llm_review_outcome,llm_change_direction,paper_id
kept,Enhancing competency and self-directed learning in anesthesiology residency: an outcome-based education model integrating online-offline hybrid teaching and mind mapping: a randomized controlled trial,"Yu, Rili; Cheng, Cancan; Zhang, Fan",2026,FRONTIERS IN MEDICINE,10.3389/fmed.2025.1684116,https://www.webofscience.com/wos/woscc/full-record/WOS:001668866100001,supports-claim; qualifies-claim,"Objective: While outcomes-based education (OBE) has been widely advocated for decades, its intentional integration with a hybrid (online-offline) instructional model in residency training remains underexplored. This study aimed to evaluate the effectiveness of an integrated OBE approach combined with an online-offline hybrid teaching model and mind mapping in the standardized training of anesthesiology residents. Methods: Sixty anesthesiology residents undergoing standardized training were randomly divided into a control group and a study group (n = 30 each). The control group received traditional didactic teaching, while the study group received OBE-guided instruction using a blended online-offline model supplemented by mind mapping strategies. The two groups were compared in terms of baseline characteristics, theoretical knowledge, practical skill scores, teaching satisfaction, instructor evaluations, and self-directed learning abilities. Results: The study group achieved significantly higher scores in both theoretical and practical assessments compared with the control group, and independent-samples t-tests indicated that the differences were statistically significant (t = -5.451, -6.551, p < 0.05). Trainees in the study group reported greater satisfaction with the teaching model compared with the control group, particularly in teamwork, teacher-student communication, learning enthusiasm, clinical applicability, clinical thinking ability, and overall teaching satisfaction. Chi-square tests showed statistically significant differences between the two groups (chi(2) = 5.455, 7.680, 5.192, 9.231, 4.320, 6.667; p = 0.020, 0.006, 0.023, 0.002, 0.038, 0.010). Instructors' evaluations of the study group residents were also higher than those of the control group in basic theoretical knowledge, learning attitude, problem-solving ability, and communication skills. The excellence rates for these aspects were significantly greater in the study group (chi(2) = 5.962, 6.667, 5.455, 5.455; p = 0.015, 0.010, 0.020, 0.020). In addition, the study group performed significantly better than the control group across all dimensions and in the total score of self-directed learning ability (t = -13.163, p < 0.001). Conclusion: Incorporating outcome-based education with an online-offline hybrid teaching model and mind mapping effectively enhances the academic performance, clinical competence, and self-directed learning capabilities of anesthesiology residents. This comprehensive instructional approach holds strong potential for broader adoption in standardized medical education and residency training programs.",wos,llm,0.940,unreviewed,,doi:10.3389/fmed.2025.1684116
discarded,"Pedagogical strategy: the flipped classroom as a curricular innovation in the training of financial administrators at the University of Quindio, Colombia","Gonzalez, Ivonne Caicedo; Valencia, Berly Roman; Giraldo, Carlos Andres Garcia",2025,SOPHIA-EDUCACION,10.18634/sophiaj.21v.1i.1485,https://www.webofscience.com/wos/woscc/full-record/WOS:001667331400016,adjacent-subtopic,"This article presents an educational experience based on the implementation of the flipped classroom strategy as an innovative pedagogical tool in the Financial Administration distance learning program at the University of Quindio (Colombia). This initiative, framed within the Proyecto Educativo Uniquindiano, aimed to strengthen academic support and contribute to the achievement of established learning outcomes. A quasi-experimental study with a mixed-methods approach was conducted, combining quantitative and qualitative analyses applied to a group of students evaluated through satisfaction surveys within the institutional self-assessment processes. The results indicate a 64% level of student satisfaction, along with improvements in participation, autonomy, and academic performance. In addition, the technological and pedagogical competencies of the teaching staff were strengthened, promoting a more active, collaborative, and interactive educational practice. The incorporation of the flipped classroom methodology and emerging technologies represents a substantial transformation of the program's traditional model. Currently, 73.6% of the curriculum includes technological mediation, distributed across 45 courses under the flipped classroom model and 23 fully virtual courses. This experience demonstrates an effective and replicable pedagogical strategy for distance education programs, fostering meaningful learning and responding to the contemporary demands of higher education.",wos,llm,0.780,unreviewed,,doi:10.18634/sophiaj.21v.1i.1485
kept,Impact of integrating paper-based pulmonary function test case group discussions into flipped classroom on residents' COPD grading assessment competency,"Liu, Xingren; Long, Hang",2026,FRONTIERS IN MEDICINE,10.3389/fmed.2025.1671616,https://www.webofscience.com/wos/woscc/full-record/WOS:001666652700001,qualifies-claim,"Background: The flipped classroom model combined with case-based learning has emerged as a promising educational approach in medical residency training. However, the specific impact of integrating paper-based pulmonary function test case discussions on residents' ability to accurately assess COPD severity remains underexplored. Objective: To investigate the effect of incorporating paper-based pulmonary function test case group discussions within a flipped classroom framework on residents' competency in COPD grading assessment, comprehensive examination performance, and self-efficacy. Methods: This single-center, retrospective cohort study analyzed 100 residents who completed respiratory medicine rotations between 2022 and 2024. Participants were divided into an intervention group (n = 50) receiving flipped classroom instruction with paper-based case discussions and a control group (n = 50) receiving traditional didactic teaching. Outcomes included COPD grading accuracy rates, comprehensive examination scores, and self-efficacy levels measured by the Self-Efficacy for Professional Tasks (SEPT) scale. Results: The intervention group demonstrated significantly higher COPD grading accuracy rates both immediately post-instruction (86.4% vs. 68.2%, p < 0.001) and at one-month follow-up (82.6% vs. 64.8%, p < 0.001). Comprehensive examination scores were superior in the intervention group (88.2 +/- 6.4 vs. 78.6 +/- 8.2, p < 0.001), as were self-efficacy scores (4.2 +/- 0.5 vs. 3.4 +/- 0.6, p < 0.001). Teaching satisfaction ratings were also higher in the intervention group (4.6 +/- 0.4 vs. 3.8 +/- 0.7, p < 0.001). Conclusion: Integrating paper-based pulmonary function test case discussions into flipped classroom teaching significantly enhances residents' COPD grading assessment competency, examination performance, and professional self-efficacy. This innovative pedagogical approach merits wider implementation in respiratory medicine residency training programs.",wos,llm,0.940,unreviewed,,doi:10.3389/fmed.2025.1671616
kept,Impact of the Pedagogy of Successive Questioning on Chemistry Learning,"Zeineddine, Mohamad Nour; Hammoud, Joanna; Karaki, Lamis; Sakr, Samer",2025,CHEMISTRY-DIDACTICS-ECOLOGY-METROLOGY,10.2478/cdem-2025-0009,https://www.webofscience.com/wos/woscc/full-record/WOS:001662774600004,supports-claim,"The pedagogy of successive questions (PSQ) is a teaching strategy designed to improve student engagement in chemistry courses. It operates through three stages: interrogation, evaluation, and junction. This study explores the effectiveness of the PSQ strategy by applying it to undergraduate General Chemistry students enrolled in biomedical and pharmacy programs at the Lebanese International University (LIU). The study involved two sections of the General Chemistry course. One section utilised the PSQ method, while the other served as a control group with traditional teaching methods. A survey was conducted to assess student engagement levels. Moreover, the students' academic achievement was compared by analysing the average grades from both sections. Statistical analysis was performed to determine the significance of differences in engagement levels and academic performance. The results showed significant improvements in engagement levels and learning outcomes in the section that followed the PSQ methodology. Those students scored an average of 11 % higher than those in the control group. The PSQ strategy was also found to be comparable to other active learning techniques, such as the flipped classroom model, in terms of enhancing engagement and academic performance. The PSQ strategy is an effective teaching method for enhancing student engagement and improving academic performance in chemistry courses, particularly for students in biomedical and pharmacy programs. The findings suggest that PSQ promotes more interactive and engaging learning experiences, which can lead to better retention of information.",wos,llm,0.970,unreviewed,,doi:10.2478/cdem-2025-0009
kept,Evaluating an ICT-Mediated active learning framework: A quasi-experimental study in ukrainian higher education,"Honcharenko, Lesia; Shevchuk, Yurii; Fedotova, Oksana; Samborska, Olena; Vasiuta, Vasyl",2025,EDUWEB-REVISTA DE TECNOLOGIA DE INFORMACION Y COMUNICACION EN EDUCACION,10.46502/issn.1856-7576/2025.19.04.15,https://www.webofscience.com/wos/woscc/full-record/WOS:001657066000016,supports-claim,"This research fills a significant gap in empirical research on pedagogically driven digital transformation in Ukrainian higher education. It evaluates a structured ICT-mediated active learning model that integrates flipped classroom principles and collaborative digital tools through Moodle. A 16-week quasi-experimental study involving sociology students (N=92) compared this model to traditional lecture-based instruction. The results revealed that the experimental group achieved significantly higher academic performance (p < .001), digital competence (p < .001), and engagement, as measured by LMS analytics and surveys. The scientific novelty lies in conducting the first comprehensive quasi-experimental testing of an ICT-based active learning framework simultaneously assessing performance, digital competence, and engagement within Ukrainian universities. Practical recommendations include implementing structured faculty training on active learning design, establishing centralized digital learning support units, and adopting phased pilot programs to ensure sustainable transformation. The research thus provides both empirical validation and an applied roadmap for integrating ICT into higher education reform in Ukraine.",wos,llm,0.990,unreviewed,,doi:10.46502/issn.1856-7576/2025.19.04.15
kept,Boundary conditions for the flipped classroom: Evidence from statistical programming,"Liu, Fan; So, Tony; Abbas, Syed Kanwar",2026,INTERNATIONAL JOURNAL OF MANAGEMENT EDUCATION,10.1016/j.ijme.2025.101356,https://www.webofscience.com/wos/woscc/full-record/WOS:001658872900001,refutes-claim; qualifies-claim; programmering,"We propose a novel explanation that accounts for a variety of findings reported in the flipped classroom literature. The flipped classroom reverses the sequence of learning where students first independently learn out-of-class, then subsequent class time can better develop higher-order learning objectives in Bloom's Taxonomy. However this assumes students have remembered and understood content during pre-class study. We investigate this boundary condition in a statistical programming course, which is difficult to learn due to its abstract nature, and hence more sensitive to teaching quality. Using a pre-post-test design, we compare learning gains from the flipped classroom compared to alternative teaching methods: traditional and experiential classes. We find that students in the flipped classroom have smaller learning gains compared to students in the other treatments, and this is because learning gains decrease as flipped students do extra self-study: a finding not found in other treatments. These findings are consistent with our account: students pick up misunderstandings along the way which becomes more entrenched with self-study, and is more difficult for the teacher to rectify in subsequent class. This paper highlights the need-whatever the teaching method-to develop students' understanding and to correct misunderstandings before it is too late.",wos,llm_reviewed,0.990,confirmed,,doi:10.1016/j.ijme.2025.101356
discarded,Open scientific training as a learning complement to Higher Education Applications in Economics and Business,"Martin-de-Santos, Ines; Dominguez, Ignacio Lopez; Fernandez., Jose Alejandro Fernandez",2025,PRISMA SOCIAL,10.65598/rps.5963,https://www.webofscience.com/wos/woscc/full-record/WOS:001655862400024,off-topic-false-hit,"Academic education in higher education outside the classrooms as a complement to university education includes a large part of extra-curricular orientations that improve the objectives and skills of study subjects as well as course guides on the internet that surpass the traditional, merely descriptive bibliographies, add to the signing programs.The investigation that is proposed aims to calibrate the level of information that students have regarding the existence of teaching courses in the open, the use they make of the objects, the most consulted contents in the field of economic and business sciences, the paper of libraries as appropriate These are the levels of satisfaction and impact on academic performance. The work of the field is circumscribed to the students at the Complutense of Madrid University and Carlos III of Madrid University and Rey Juan Carlos University.",wos,llm,0.980,unreviewed,,doi:10.65598/rps.5963
discarded,Do strategies make a difference? Evaluating the impact on video-based learning and student engagement in K-12 education,S. Rohr,2027,Computers and Education,10.1016/j.compedu.2026.105749,https://www.scopus.com/inward/record.uri?partnerID=HzOxMe3b&scp=105050636211&origin=inward,adjacent-subtopic,"Explanatory videos are central to digital and blended learning environments, especially in student-centered formats such as flipped classroom. Their instructional value depends not only on video design, but also on learners' ability to regulate their engagement with video-based content. Although research on flipped classroom, video analytics, and self-regulated learning has expanded considerably, less is known about how learning strategies designed for explanatory video use shape students' self-reported strategy use, log data-based video interaction, and learning gains in authentic K-12 classroom settings. The present study examined strategy-based support for explanatory video use in a quasi-experimental design with N = 410 secondary school students. Students in the strategy group received explicit guidance on video-specific learning strategies (e.g., note-taking, rewinding), whereas the non-strategy group completed the same learning activities without such guidance. Learning outcomes, self-reported strategy use, and log data comprising approximately 24,000 recorded video interactions were analyzed using hierarchical linear modeling. In addition, a newly developed Video Engagement Score (VES) captured overall behavioral engagement beyond isolated log variables. Students in the strategy group reported higher strategy use and showed more intensive video interaction, including more frequent pausing, rewinding, and longer viewing times. However, these changes did not translate into significantly higher learning gains. Across groups, only video viewing compliance predicted learning gains. The findings suggest that learning strategies can shape students’ engagement with explanatory videos, but that accessing the assigned videos, rather than assignment to the strategy group, was more closely associated with learning gains.",scopus,llm,0.990,unreviewed,,doi:10.1016/j.compedu.2026.105749
discarded,Flipping E-STEM: A Strategy for Cultivating Entrepreneurial Skills in Technical and Vocational Education,K.D. Su,2027,Lecture Notes in Computer Science,10.1007/978-3-032-32115-2_19,https://www.scopus.com/inward/record.uri?partnerID=HzOxMe3b&scp=105046296809&origin=inward,adjacent-subtopic,,scopus,llm,0.730,unreviewed,,doi:10.1007/978-3-032-32115-2_19
discarded,Academic procrastination and assignment submission patterns in a flipped programming course,O. Akkurt,2026,Discover Education,10.1007/s44217-026-02111-7,https://www.scopus.com/inward/record.uri?partnerID=HzOxMe3b&scp=105049680028&origin=inward,adjacent-subtopic,"Flipped classrooms provide opportunities for active learning but also require students to regulate preparation, practice, and assignment completion independently. This study examined longitudinal assignment-submission patterns in an undergraduate flipped programming course and investigated their correspondence with self-reported academic procrastination and academic achievement. An explanatory sequential mixed-methods design was employed with 45 s-year students enrolled in a compulsory Programming Languages I course. Assignment submission timestamps were collected through the learning management system over 12 weeks and analyzed using sequence dissimilarity analysis and hierarchical clustering. Academic procrastination was assessed with the Academic Procrastination Scale, and final examination scores represented academic achievement. Subsequently, semi-structured interviews with 13 students were analyzed using inductive thematic analysis to clarify the experiences underlying the observed patterns. The behavioral analysis identified two profiles: Procrastinators and Non-Procrastinators. Students in the Non-Procrastinator profile obtained significantly higher final examination scores than those in the Procrastinator profile. Psychometric analysis identified low, moderate, and high procrastination groups; students in the low-procrastination group outperformed those in the high-procrastination group. Comparisons between the behavioral and psychometric classifications showed some correspondence but did not fully overlap, indicating that self-reports and submission timestamps captured related yet distinct aspects of students’ procrastination tendencies and submission behavior. Qualitative findings further distinguished students who planned their work in advance from those who described last-minute completion as habitual. The study contributes a longitudinal, multi-source account of procrastination-related behavior and provides a basis for future experimental research on profile-sensitive support in flipped programming courses.",scopus,llm,0.820,unreviewed,,doi:10.1007/s44217-026-02111-7
