status,title,authors,year,venue,doi,url,tags,abstract,provider,decision_source,llm_confidence,llm_review_outcome,llm_change_direction,paper_id
kept,Módszertani keretrendszerek a flipped classroom kutatásaiban = Methodological frameworks in flipped classroom research,Peter Pšenák; Ildikó Pšenáková,2025,Repository of the Academy's Library (Library of the Hungarian Academy of Sciences),,https://openalex.org/W7119302225,qualifies-claim,"Ez a tanulmány szisztematikus áttekintést nyújt a felsőoktatásban a fordított osztályterem (flipped classroom) oktatási modelljéhez kapcsolódó kutatásokban alkalmazott módszertani megközelítésekről. Bár a modell világszerte elterjedt, a legújabb metaanalízisek jelentős módszertani hiányosságokat és gyenge kutatástervezési gyakorlatokat tártak fel. Az egyszerű felsoroláson túlmenően jelen elemzés három alapvető paradigmamentén rendszerezi a vizsgált kutatási módszereket: hipotézis-tesztelő (kvantitatív),hipotézis-generáló (kvalitatív) és tervezés-alapú (iteratív) megközelítések. A tanulmány rávilágít a jelenlegi kutatások kritikus hiányosságaira, többek között az elméleti keretek hiányára, valamint a fontos moderáló változók - például a hallgatói ellenállás és az oktatóihatás - figyelmen kívül hagyására. | This study provides a systematic review of the methodological approaches applied in research on the flipped classroom instructional model in higher education. Although the model has become widespread globally, recent meta-analyses have revealed substantial methodological shortcomings and weaknesses in research design practices. Beyond a mere enumeration of existing studies, the present analysis classifies the examined research methods according to three fundamental paradigms: hypothesis-testing (quantitative), hypothesis-generating (qualitative), and design-based (iterative) approaches. The study highlights critical gaps in current research, including the lack of robust theoretical frameworks and the frequent neglect of key moderating variables—such as student resistance and instructor influence.",openalex,llm,0.980,unreviewed,,hash:452f73a13cde04d8
kept,The Impact of Flipped Learning on L2 Learners’ Achievements: A Meta-Analysis,Nilüfer Aybirdi; Hüseyin Efe; Çağla Atasoy Şal,2023,Shanlax International Journal of Education,10.34293/education.v11is1-jan.5891,https://openalex.org/W4322745856,supports-claim; qualifies-claim,"This study aims to examine the effects of flipped learning on L2 students’ overall academic achievements through meta-analysis. Forty studies (e.g., journal articles, M.A/Ph.D. theses and conference papers) on ‘flipped classroom’, ‘flipped learning’ and ‘academic achievement’ were included in this meta-analysis study. The data was analyzed by using Comprehensive Meta-Analysis Software. The random effects model was used in analyzing the overall effect size and the heterogeneity of the studies included in this meta-analysis. The results revealed that flipped learning has statistically significant effect on L2 learners’ academic achievements (g=1.303) compared to traditional learning approaches. This result does not differ according to publication type, educational level and four basic language skills and sub-skills, but it differs according to sample size of the selected studies.",openalex,llm,0.960,unreviewed,,doi:10.34293/education.v11is1-jan.5891
discarded,A Meta-Analysis and Systematic Review of the Effect of Chatbot Technology Use in Sustainable Education,Xinjie Deng; Zhonggen Yu,2023,Sustainability,10.3390/su15042940,https://openalex.org/W4319440682,off-topic-false-hit,"The development of artificial intelligence in recent years has promoted the use of chatbot technology in sustainable education. Many studies examined the effect of chatbots on learning outcomes. However, scant studies summarized the effectiveness of chatbots in education. The aim of the study is to investigate the effect of chatbot-assisted learning on various components and how different moderator variables influenced the effectiveness. This study, through a meta-analysis, reviewed 32 empirical studies with 2201 participants published between 2010 and 2022. The results showed that chatbot technology exerted a medium-to-high effect on overall learning outcomes regardless of moderator variables, i.e., intervention duration, chatbot roles, and learning content. In terms of learning components, chatbots could significantly improve explicit reasoning, learning achievement, knowledge retention, and learning interest despite negative findings in critical thinking, learning engagement, and motivation. Future research could expand chatbot research by including different learning components.",openalex,llm,1.000,unreviewed,,doi:10.3390/su15042940
kept,A systematic review of flipped classroom empirical evidence from different fields: what are the gaps and future trends?,Zamzami Zainuddin; Hussein Haruna; Xiuhan Li; Yin Zhang; Samuel Kai Wah Chu,2019,On the Horizon The International Journal of Learning Futures,10.1108/oth-09-2018-0027,https://openalex.org/W2946887853,supports-claim; qualifies-claim,"Purpose Despite the enhanced popularity of flipped classroom research, there is a lack of empirical evidence reported about the different impacts revealed by the implementation of this concept. Therefore, to respond to this issue, this study aims to review and analyze the trends and contents of flipped classroom research based on 48 studies recently published in 2017 and 2018. The analysis was based on flipped classroom impacts from various fields. Design/methodology/approach A systematic literature review and content analysis were used as a methodology to investigate positive impacts and challenges of flipped classroom implementation. Findings The results of the analysis were interpreted using descriptive analysis. Analysis of the impact revealed that the flipped classroom yielded positive impacts on students’ learning activities such as academic performance, learning motivation and/or engagement, social interaction and self-directed learning skills. Meanwhile, the most significant challenges encountered by the instructors is a lack of students’ motivation to watch the pre-recorded video lectures or to study the contents outside of the class time. Practical implications Several issues in this discussion become implications that can be taken into consideration for future research. The findings suggest that the flipped classroom concept might be effective in promoting the twenty-first century learning skills. Originality/value While highlighting the limitations of an ineffective flipped classroom implementation, this study proposes further recommendations for future research.",openalex,llm,0.940,unreviewed,,doi:10.1108/oth-09-2018-0027
kept,,,2023,JTP - Jurnal Teknologi Pendidikan,10.21009/jtp.v25i2,https://openalex.org/W4386283684,supports-claim; qualifies-claim,"Despite numerous studies investigating whether the Flipped Classroom method is more effective in enhancing students' mathematical abilities compared to conventional teaching methods, previous research has shown inconsistent results.This study aims to examine the effectiveness of the Flipped Classroom method on students' mathematical abilities compared to conventional methods and to investigate the factors that can influence the effectiveness of using the Flipped Classroom method on students' mathematical abilities.The research design used in this study is a metaanalysis, analyzing 42 effect sizes from 31 primary studies that meet inclusion criteria.The results of the analysis, using a random-effects approach, yielded a combined effect size of (g = 1.05; p < 0.01).It can be concluded that the use of the Flipped Classroom method significantly contributes to students' mathematical abilities and is more effective compared to conventional teaching methods.Furthermore, the analysis of heterogeneity found that the effectiveness of using the flipped classroom method on mathematical abilities is influenced by moderator variables such as the type of measured abilities, platform, type of experimental group, country, and publication type.However, it was not influenced by variables such as educational level and publication year.The findings of this meta-analysis provide more accurate results regarding the inconsistent effect size variations and enrich the knowledge insights about the effectiveness of using the Flipped Classroom method in enhancing students' mathematical abilities.",openalex,llm,0.940,unreviewed,,doi:10.21009/jtp.v25i2
kept,The flipped classroom: A meta-analysis of effects on student performance across disciplines and education levels,Peter Strelan; Amanda J. Osborn; Edward Palmer,2020,Educational Research Review,10.1016/j.edurev.2020.100314,https://openalex.org/W3009453846,supports-claim; qualifies-claim; metaanalys,"Abstract The Flipped Classroom design has arguably revolutionized teaching across the globe. In this article we report the first comprehensive meta-analysis of its effects on student performance, relative to traditional teaching models, across disciplines and education level. We included 198 studies comprising 33,678 students in our meta-analysis. There were 174 studies conducted at the tertiary level, 21 at secondary, and three at primary school level. Overall, the flipped classroom had a moderate positive effect (g = .50) on student performance. The flipped classroom was beneficial regardless of discipline, with effect sizes ranging from weak (i.e., for IT, g = 0.30; k = 14) to strong (i.e., for humanities, g = 0.98; k = 34). Testing of other moderators relating to group sizes, in-class activities, pre-class testing, and the sophistication of a flipped classroom design provide evidence to suggest that the primary contributing factor to the flipped classroom effect is the opportunity it provides for structured, active learning and problem-solving.",openalex,llm_reviewed,0.990,confirmed,,doi:10.1016/j.edurev.2020.100314
kept,Meta-Analisis investigasi model kelas terbalik pada keterampilan berpikir tingkat tinggi (HOTS) siswa matematika: Analisis efek gabungan dan heterogenitas,Dona Ningrum Mawardi; Endang Sulistyowati; Julham Hukom,2024,Jurnal Math Educator Nusantara Wahana Publikasi Karya Tulis Ilmiah di Bidang Pendidikan Matematika,10.29407/jmen.v10i1.22296,https://openalex.org/W4399470508,supports-claim; qualifies-claim,"This research aims to test the effectiveness of the flipped classroom model on students' higher order thinking abilities (HOTS) in mathematics subjects. The research method uses meta-analysis. The sample in this study was 18 primary studies that met the specified inclusion criteria. Data analysis was performed using comprehensive meta-analysis (CMA) software. The results of the analysis using the random-effects approach showed that the combined effect size was (g = 1.82; p < 0.01) (very large effect). This shows that the implementation of the flipped classroom model has a big influence on students' mathematics HOTS when compared to the traditional learning model. The results of the moderator variable analysis show that the effect of implementing the flipped class model on students' mathematics HOTS differs significantly based on the publication type variable (Qb = 7.94; p = 0.01). However, it was not significantly different based on the variables of education level (Qb = 7.45; p = 0.06), experimental group capacity (Qb = 0.29; p = 0.62), and year of publication (Qb = 0.21; p = 0.64). These findings can be the basis for choosing a mathematics learning model so that the quality of mathematics learning using the flipped classroom model can be improved.",openalex,llm,0.920,unreviewed,,doi:10.29407/jmen.v10i1.22296
kept,Módszertani keretrendszerek a flipped classroom kutatásaiban,Peter Pšenák; Ildikó Pšenáková,2025,OxIPO,10.35405/oxipo.2025.3.107,https://openalex.org/W4415378371,qualifies-claim,"Ez a tanulmány szisztematikus áttekintést nyújt a felsőoktatásban a fordított osztályterem (flipped classroom) oktatási modelljéhez kapcsolódó kutatásokban alkalmazott módszertani megközelítésekről. Bár a modell világszerte elterjedt, a legújabb metaanalízisek jelentős módszertani hiányosságokat és gyenge kutatástervezési gyakorlatokat tártak fel. Az egyszerű felsoroláson túlmenően jelen elemzés három alapvető paradigma mentén rendszerezi a vizsgált kutatási módszereket: hipotézis-tesztelő (kvantitatív), hipotézis-generáló (kvalitatív) és tervezés-alapú (iteratív) megközelítések. A tanulmány rávilágít a jelenlegi kutatások kritikus hiányosságaira, többek között az elméleti keretek hiányára, valamint a fontos moderáló változók - például a hallgatói ellenállás és az oktatói hatás - figyelmen kívül hagyására.",openalex,llm,0.900,unreviewed,,doi:10.35405/oxipo.2025.3.107
kept,College students’ cognitive learning outcomes in flipped classroom instruction: a meta-analysis of the empirical literature,Yinghui Shi; Yanqiong Ma; Jason MacLeod; Harrison Hao Yang,2019,Journal of Computers in Education,10.1007/s40692-019-00142-8,https://openalex.org/W2945814571,supports-claim,"The concept of the flipped classroom has generated considerable interest in the educational context in recent years, especially in higher education. However, research to date has been controversial with regard to the effectiveness of flipped classroom instructions on college student learning outcomes. The purpose of the present study was to identify high-quality empirical publications that examine the learning outcomes of college students and to utilize meta-analyses to determine the overall effectiveness of flipped classroom instructions. A systematic database search that included the Web of Science, the Education Resources Information Center, and Elsevier ScienceDirect, was conducted to identify peer-reviewed studies that met the inclusion criteria. A total of 33 studies were included in this systematic review. Two reviewers independently performed both study identification and data extraction. The meta-analysis was conducted using Review Manager 5.3 software, and the calculated effect sizes showed that flipped classroom instructions can positively influence college students' cognitive learning outcomes compared to traditional lectures. Moderator variable analysis suggests that the pedagogical approach was the only significant factor examined that influences the effectiveness of flipped classroom instruction. These results indicate that the flipped classroom instructional model helps college students to improve their cognitive learning across a wide-reaching synthesis of currently available interdisciplinary research reports. The flipped classroom was also found to be more effective when instructors integrate individualized active and collaborative pedagogical approaches.",openalex,llm,0.970,unreviewed,,doi:10.1007/s40692-019-00142-8
discarded,Effectiveness of the Flipped Classroom on Student Achievement in Secondary Education: A Meta-Analysis,Marlene Wagner; Andreas Gegenfurtner; Detlef Urhahne,2020,Zeitschrift für Pädagogische Psychologie,10.1024/1010-0652/a000274,https://openalex.org/W3012460781,adjacent-subtopic,"Abstract. This meta-analysis (25 articles, k = 44 independent data sources, N = 2,323) examines the effectiveness of flipped classroom on student achievement in secondary education. The flipped classroom model refers to an instructional approach in which students watch educational videos at home and homework assignments are done in class. Effect sizes were calculated for the research designs “post-test only”, “pre-test-post-test (time)” and “pre-test-post-test with control group (treatment)”. The meta-analytical findings for the condition “treatment” confirm the effectiveness of flipped classroom on student achievement in comparison to traditional instruction (Cohen's d = 0.42, 95 % CI [0.20 – 0.63], Z = 3.81, p < .001). Moderator analyses on the effect sizes “time” show stronger effects for subjects in the STEM area (science, technology, engineering, mathematics) than for foreign languages and humanities. The effect sizes were also higher for shorter intervention studies than for longer ones and if quiz at home had been left out. Moderator analyses on the effect sizes “post-test only” and “treatment” make clear that the effect sizes for intervention studies without a learning management system are higher than with a learning management system. Findings are discussed in terms of their implications for educational practice.",openalex,llm,0.910,unreviewed,,doi:10.1024/1010-0652/a000274
kept,"Flipped Learning Outcomes among Undergraduate Medical Students, Systematic Review and Met analysis, 2022",Sameer A. Softa,2022,Zenodo (CERN European Organization for Nuclear Research),10.5281/zenodo.7369371,https://openalex.org/W4310089353,supports-claim,"The ""flipped classroom"" method is a promising educational breakthrough for application in medical education. Team-, problem-, and case-based learning models have manifested as a result of the drivers of student-centered learning. Even though there has been a shift toward the flipped classroom, relatively little is known about its use in nursing courses. This systematic review sought to explore how the flipped classroom has been used in medical education and the outcomes associated with this method of instruction. A search of four databases yielded the 3944 retrieved records from four electronic databases: PubMed, Web of Science, Scopus, and the Cochrane Library, from the 1st to the 20th of October 2022. After the title and abstract screening process for inclusion and exclusion criteria, each paper was reviewed with a critical evaluation instrument. All of the studies that were included had their data extracted. Only 26 of the studies were eligible for screening and analysis. All writers evaluated the quality of the included research rigorously. There were ten studies found, and the common themes were how well students did in school and how happy they were with the flipped classroom. In undergraduate medical education, using the flipped classroom compared to other traditional teaching methods had neutral or positive effects on students' grades and positive and promising effects on their satisfaction. Further studies are still required.",openalex,llm,0.780,unreviewed,,doi:10.5281/zenodo.7369371
kept,Toward a set of design principles for mathematics flipped classrooms: A synthesis of research in mathematics education,Chung Kwan Lo; Khe Foon Hew; Gaowei Chen,2017,Educational Research Review,10.1016/j.edurev.2017.08.002,https://openalex.org/W2748562539,supports-claim; qualifies-claim,"Abstract This paper analyzed the journal publications of mathematics flipped classroom studies in K-12 and higher education contexts. We focused specifically on a set of flipped classroom studies in which pre-class instructional videos were provided prior to face-to-face class meetings. We examined the following four major issues: (a) the types of out-of-class and in-class instructional activities used, (b) the effect of flipped learning on student achievement, (c) the participant perceptions of flipped classroom benefits, and (d) the main challenges of flipped classroom implementations. A meta-analysis of 21 comparison studies showed an overall significant effect in favor of the flipped classroom over the traditional classroom for mathematics education (Hedges' g = 0.298, 95% CI [0.16, 0.44]), with no evidence of publication bias. A broader research synthesis of 61 studies revealed that the flipped classroom approach benefited student learning in three main aspects: increasing in-class time for task/practice, integrating new knowledge with existing beliefs, and real-time feedback. The two most frequently reported flipped classroom challenges were students' unfamiliarity with flipped learning and significant start-up effort on the part of instructors. We hence propose a set of design principles to help foster the transition to the flipped classroom and improve the out-of-class and in-class learning designs. This set of design principles can also provide a more focused agenda for future research to examine the effect of the flipped classroom approach on student learning and motivation.",openalex,llm,0.980,unreviewed,,doi:10.1016/j.edurev.2017.08.002
discarded,A Meta-Analysis of Students' Cognitive Learning Outcomes in Smart Classroom-Based Instruction,Yinghui Shi; Huiyun Yang; Jingman Zhang; Qiuyu Pu; Harrison Hao Yang,2020,2020 International Symposium on Educational Technology (ISET),10.1109/ISET49818.2020.00012,https://ieeexplore.ieee.org/document/9215476/,adjacent-subtopic,"The findings of previous research on the effectiveness of smart classroom-based instructions on student learning outcomes are mixed. The purpose of the present study was to identify high-quality empirical publications that examine the learning outcomes of students and to utilize meta-analyses to determine the overall effectiveness of smart classroom-based instructions. A total of 21 studies were included in this systematic review. The calculated effect size showed that smart classroom-based instructions can positively influence students' cognitive learning outcomes compared to traditional lectures. Moderator variable analysis suggests that the sample size significantly moderates the effectiveness of smart classroom-based classroom instruction. These results indicate that the smart classroom-based instructional model can be an effective approach, especially in large courses.",ieee,llm,0.950,unreviewed,,doi:10.1109/iset49818.2020.00012
