status,title,authors,year,venue,doi,url,tags,abstract,provider,decision_source,llm_confidence,llm_review_outcome,llm_change_direction,paper_id
discarded,"Effects of blended learning on undergraduate nursing students' knowledge, skills, critical thinking ability and mental health: A systematic review and meta-analysis","Niu, Yirou; Xi, Huihui; Liu, Jinshu; Sui, Xin; Li, Feng; Xu, Haiyan; Zhao, Lijing; Li, Yuewei; Zhang, Shuang; Guo, Lirong",2023,NURSE EDUCATION IN PRACTICE,10.1016/j.nepr.2023.103786,https://www.webofscience.com/wos/woscc/full-record/WOS:001090567200001,adjacent-subtopic,"Aim: This study aimed to evaluate the effects of blended learning on nursing students. The primary outcomes include knowledge and skills, and the secondary outcomes include critical thinking ability, mental health, blended learning design, and nursing students' attitudes toward blended learning.Background: Blended learning combines the advantages of online learning and traditional face-to-face learning, and makes up for the disadvantages of simple online learning or traditional learning. The effects of blended learning on the knowledge, skills, critical thinking ability, and mental health of nursing students were unknown. Design: Systematic review and meta-analysis.Methods: The present systematic review and meta-analysis was applied according to the Preferred Reporting Items for Systematic reviews and Meta-Analyses (PRISMA) statement. Publications were searched in PubMed, Web of Science, EMBASE, ERIC, CINAHL and the Cochrane's Library before February 2023. Two researchers independently retrieved articles and evaluated quality. The meta-analysis was performed using Stata 12.0 software according to PRISMA guidelines. The risk of bias in the selected studies was evaluated using the Revised Cochrane risk-of-bias tool for randomized trials. Heterogeneity was assessed by I2 and P statistics. Standardized mean difference (SMD) and 95% confidence intervals (CIs) were used as effective indicators.Results: A total of 26 studies involving 2823 nursing students were included in the present study. The results showed that blended learning courses were designed based on learning theory. Blended learning was more effective on the knowledge (SMD = 0.73, 95%CI [0.37, 1.09]) and skills (SMD = 0.86, 95% CI [0.35, 1.37]) compared with non-blended learning for nursing students. Critical thinking ability improved significantly through BL (SMD = 2.23, 95% CI [0.85, 3.61]). In addition, blended learning had a positive impact on nursing students' mental health. Nursing students were very satisfied with blended learning.Conclusions: The results of this study indicated that blended learning had a positive impact on nursing students. In the future, the optimal ratio of online to offline learning in blended learning should also be explored.",wos,llm,0.950,unreviewed,,doi:10.1016/j.nepr.2023.103786
kept,Effects of flipped language classrooms on learning outcomes in higher education: A Bayesian meta-analysis,"Chen, Xieling; Zou, Di; Cheng, Gary; Xie, Haoran; Su, Fan",2023,AUSTRALASIAN JOURNAL OF EDUCATIONAL TECHNOLOGY,10.14742/ajet.8019,https://www.webofscience.com/wos/woscc/full-record/WOS:001046590400006,supports-claim; qualifies-claim,"Despite accumulated evidence demonstrating the effectiveness of flipped language classrooms in higher education, there is no quantitative examination of the extant empirical studies to draw a general conclusion. Based on Bayesian methodologies and 26 effect sizes, this study quantitatively examines empirical studies that investigated flipped language classrooms' effects on learning outcomes in higher education. Our results indicate a large overall effect in favour of the effectiveness of flipped language classrooms. Subgroup analyses indicated that intervention duration, target languages, outcome types, allocation, and school locations were significantly related to the variability in language learning outcomes. A low risk of publication bias was identified. This study concluded that the flipped language classroom was a promising pedagogical approach to promoting language learning. Findings provided insights into an evidence-informed application of flipped language classrooms, for example: (1) sufficient face-to-face time to maximise the effectiveness of flipped language classrooms; (2) making flipped design adjustments based on student responses during long-term intervention; (3) giving students pre-training of flipped language classrooms and showing them the underlying benefits; (4) flipping basic contents of language learning and teaching complex contents face-to-face; and (5) adopting scaffolding strategies like code-switching to scaffold lower achievers.",wos,llm,0.990,unreviewed,,doi:10.14742/ajet.8019
discarded,Current Implementation Outcomes of Digital Surgical Simulation in Low- and Middle-Income Countries: Scoping Review,"Mahajan, Arnav; Hawkins, Austin",2023,JMIR MEDICAL EDUCATION,10.2196/23287,https://www.webofscience.com/wos/woscc/full-record/WOS:001021664200001,off-topic-false-hit,"Background: Digital surgical simulation and telecommunication provides an attractive option for improving surgical skills, widening access to training, and improving patient outcomes; however, it is unclear whether sufficient simulations and telecommunications are accessible, effective, or feasible in low- and middle-income countries (LMICs).Objective: This study aims to determine which types of surgical simulation tools have been most widely used in LMICs, how surgical simulation technology is being implemented, and what the outcomes of these efforts have been. We also offer recommendations for the future development of digital surgical simulation implementation in LMICs.Methods: We searched PubMed, MEDLINE, Embase, Web of Science, Cochrane Database of Systematic Reviews, and the Central Register of Controlled Trials to look for qualitative studies in published literature discussing implementation and outcomes of surgical simulation training in LMICs. Eligible papers involved surgical trainees or practitioners who were based in LMICs. Papers that include allied health care professionals involved in task sharing were excluded. We focused specifically on digital surgical innovations and excluded flipped classroom models and 3D models. Implementation outcome had to be reported accordingResults: This scoping review examined the outcomes of digital surgical simulation implementation in LMICs for 7 papers. The majority of participants were medical students and residents who were identified as male. Participants rated surgical simulators and telecommunications devices highly for acceptability and usefulness, and they believed that the simulators increased their anatomical and procedural knowledge. However, limitations such as image distortion, excessive light exposure, and video stream latency were frequently reported. Depending on the product, the implementation cost varied between US $25 and US $6990. Penetration and sustainability are understudied implementation outcomes, as all papers lacked long-term monitoring of the digital surgical simulations. Most authors are from high-income countries, suggesting that innovations are being proposed without a clear understanding of how they can be incorporated into surgeons' practical training. Overall, the study indicates that digital surgical simulation is a promising tool for medical education in LMICs; however, additional research is required to address some of the limitations in order to achieve successful implementation, unless scaling efforts prove futile.Conclusions: This study indicates that digital surgical simulation is a promising tool for medical education in LMICs, but further research is necessary to address some of the limitations and ensure successful implementation. We urge more consistent reporting and understanding of implementation of science approaches in the development of digital surgical tools, as this is the critical factor that will determine whether we are able to meet the 2030 goals for surgical training in LMICs. Sustainability of implemented digital surgical tools is a pain point that must be focused on if we are to deliver digital surgical simulation tools to the populations(JMIR Form Res 2023;7:e42887) doi: 10.2196/42887",wos,llm,0.990,unreviewed,,doi:10.2196/23287
kept,Academic Performance and Perceptions of Undergraduate Medical Students in Case-Based Learning Compared to Other Teaching Strategies: A Systematic Review with Meta-Analysis,"Maia, Diogo; Andrade, Renato; Afonso, Jose; Costa, Patricio; Valente, Cristina; Espregueira-Mendes, Joao",2023,EDUCATION SCIENCES,10.3390/educsci13030238,https://www.webofscience.com/wos/woscc/full-record/WOS:000955102100001,qualifies-claim,"Case-based learning (CBL) is a teaching method centered on active student learning that can overcome the limitations of traditional teaching methods used in undergraduate medical education. The aim of this systematic review was to compare the effectiveness of CBL against other teaching methodologies in terms of academic performance and perceptions (intra-individual, interpeer and student-faculty) of undergraduate medical students. Literature searches were performed using PubMed, EMBASE and Web of Science databases up to 28 April 2021. We included studies that quantitatively compared the academic performance and perception outcomes of CBL against other teaching methodologies in undergraduate medical students. The risk of bias was judged using the RoBANS tool and certainty of evidence using the GRADE framework. Meta-analyses were conducted using a random-effects model and reported as standardized mean differences (SMD) with 95% confidence intervals (CI). Of a total of 4470 records, 41 studies comprising 7667 undergraduate medical students fulfilled the eligibility criteria and were included in our systematic review. The CBL group was superior to the other teaching method groups in terms of academic performance measured by exam scores (SMD = 2.37, 95% CI 1.25-3.49, large effect, very low certainty) and interest and motivation (SMD = 0.79, 95% CI 0.13-1.44, moderate effect, very low certainty). Other academic performance or perception outcomes were not statistically different between CBL and other teaching methods when considering the pooled effect. Still, they were often superior in the CBL group for specific subgroups. CBL showed superior academic performance (especially compared to didactic lectures and tutorial-based teaching) and interest and motivation compared to other teaching methods used with undergraduate medical students. However, the certainty of evidence was very low and further studies are warranted before a stronger and more definitive conclusion can be drawn.",wos,llm,0.820,unreviewed,,doi:10.3390/educsci13030238
discarded,Effectiveness of Flipped Classroom on Students' Learning Outcome in Vocational High School: A Meta-Analysis,"Ismaniati, Christina; Muhtadi, Ali; Cobena, Desy Yanty; Soeparno, Pranata Lulus",2023,INTERNATIONAL JOURNAL OF INSTRUCTION,,https://www.webofscience.com/wos/woscc/full-record/WOS:000882494400002,adjacent-subtopic,"Vocational High School (VHS) has an essential role in preparing graduates for work and reducing unemployment. Therefore, designing suitable instruction is needed to prepare students to master competencies. Determining the learning model is a strategy in instructional design to improve learning outcomes. Through several empirical studies, Flipped Classroom is one of the effective models in vocational high school today. However, no meta-analysis has been published that specifically examines the effect of flipped classroom on VHS students' learning outcomes. This study aimed to summarize the overall effects of Flipped Classroom model at VHS in various majors with a meta-analysis approach. Nineteen studies from seventeen articles were selected based on established criteria. The results show that Flipped Classroom had a significant effect with ES = 1.678 and SE = 0.282. In addition, this study proved to be varied by using heterogeneity test (Q = 289.669, df = 18, p < .001) and free from publication bias by using fail-safe N approaches (fail-safe N value= 2476, p < 0.001).",wos,llm,0.930,unreviewed,,hash:7d6663c26124d002
discarded,Language Teaching through the Flipped Classroom: A Systematic Review,"Heredia Ponce, Hugo; Romero Oliva, Manuel Francisco; Romero Claudio, Carmen",2022,EDUCATION SCIENCES,10.3390/educsci12100675,https://www.webofscience.com/wos/woscc/full-record/WOS:000872696300001,adjacent-subtopic,"Language teaching is in question for reasons related to methodology. For years now, the focus has been on learning and the search for active methodologies such as the flipped classroom (FC). This methodology was chosen because of its emergent character and because of the advantages and limitations that have arisen after its implementation in the classroom. Hence, the aim of this paper is to determine the level of expansion of the FC approach in language teaching over the last five years. For this purpose, a systematic review was carried out according to Preferred Reporting Items for Systematic Reviews and Meta-Analyses (PRISMA). Two international databases, Web of Science (WOS) and Scopus, were used for the search, until 1 July 2022, using both Spanish and English descriptors: ""language learning*"", ""flipped classroom,"" and ""language teaching"". In this process, inclusion and exclusion criteria were established for a sample (N = 181) which resulted in a final selection of 26 articles. It can be seen that the majority of the articles published are between 2021 and 2022, aimed at L2 teaching, specifically English, and also show that they produce motivation in students and improve results in the development of language teaching, among others.",wos,llm,0.820,unreviewed,,doi:10.3390/educsci12100675
discarded,Effects of Blended Learning in Physical Education among University Students: A Systematic Review,"Wang, Chen; Dev, Roxana Dev Omar; Soh, Kim Geok; Nasiruddin, Nasnoor Juzaily Mohd; Wang, Yuansheng",2022,EDUCATION SCIENCES,10.3390/educsci12080530,https://www.webofscience.com/wos/woscc/full-record/WOS:000845894300001,adjacent-subtopic,"(1) Background: Blended learning (BL) models have attracted the attention of university teachers and students worldwide in recent years. However, systematic reviews related to the effectiveness of BL in university physical education are lacking. (2) Purpose: Therefore, this study aimed to evaluate the effects of BL in physical education among university students. (3) Methods: Searches were conducted in the following five databases: Web of Science, Scopus, PubMed, EBSCOhost (SPORTDiscus), and China National Knowledge Infrastructure (CNKI), and 18 articles met the inclusion criteria and were selected. The PEDro scale was used to assess the methodological quality of the selected studies and the quality of this study was fair (range 4-5). (4) Results: All reported sports included basketball (n = 6), badminton (n = 3), dance (n = 3), volleyball (n = 1), yoga (n = 1), aerobics (n = 1), Taiji (n = 1), swimming (n = 1), and tennis (n = 1). Seventeen studies described the effect of BL on students' motor skills, and the results showed that BL had a greater effect on basic skills, but the improvement was not significant for combination techniques. There were three studies related to physical fitness. Studies have observed significant effects on lung capacity (n = 1), sit and reach (n = 1), pull-ups (n = 1), 1000 m (n = 3), and 800 m (n = 1). However, there was no significant difference in body weight (n = 1) or standing long jump (n = 1). In addition, two articles examined the impact of BL on sitting up, but the findings were the opposite. Six studies reported on exercise attitude and the results demonstrated that BL can significantly improve students' learning attitude, target attitude, behavioral cognition, and emotional experience. However, the two articles produced different results in behavioral habits. Other results, such as satisfaction and interest in learning, were also popular topics regarding BL and were found to have improved significantly.",wos,llm,0.950,unreviewed,,doi:10.3390/educsci12080530
kept,Effectiveness of the flipped classroom in medical education: a systematic review and meta-analysis,Y. Wu,2026,BMC Medical Education,10.1186/s12909-026-09526-8,https://www.scopus.com/inward/record.uri?partnerID=HzOxMe3b&scp=105048067810&origin=inward,supports-claim; qualifies-claim,"This systematic review and meta-analysis aimed to evaluate the effectiveness of the FC approach compared to conventional teaching methods in medical education. A comprehensive search of PubMed, Embase, and Web of Science databases was conducted. Eighteen eligible studies, involving diverse learner populations, were included in the analysis. The effectiveness of the FC model was assessed across five predefined domains: theoretical knowledge, procedural/technical skills, self-directed learning ability, case analysis/problem-solving ability, and learner satisfaction. Pooled analyses demonstrated significant advantages of the FC model, with moderate to large effect sizes observed across most outcomes. Notable improvements were found in self-directed learning ability and procedural/technical skills. Subgroup analyses suggested that residents showed larger benefits, particularly in procedural/technical skills and learner satisfaction. Sensitivity analyses generally supported the direction of the findings, although statistical significance was not retained in all leave-one-out analyses for some outcomes. Flipped classrooms were associated with improved outcomes in medical education, with larger effects in residents. Given high heterogeneity and limited evidence in some domains, benefits appear context dependent. Implementation should be tailored, and future studies should define mechanisms and optimal conditions.",scopus,llm,0.980,unreviewed,,doi:10.1186/s12909-026-09526-8
discarded,Advancing digital literacy in higher education through pedagogical innovations and institutional strategies between 2014 and 2025,A.D. Ramdana,2026,Discover Education,10.1007/s44217-026-01256-9,https://www.scopus.com/inward/record.uri?partnerID=HzOxMe3b&scp=105034904072&origin=inward,adjacent-subtopic,"Abstract As higher education undergoes rapid digital transformation, digital literacy has become a foundational competency for students and faculty. This systematic review synthesizes the ways in which pedagogical innovations and institutional strategies support digital literacy in higher education. We draw on 62 empirical studies published between 2014 and 2025, following PRISMA reporting standards. We identify eight thematic domains: teacher identity, learner agency, pedagogical innovations, institutional strategies, faculty competence, student engagement, assessment practices, and implementation barriers. The synthesis is grounded in DigComp, DigCompEdu, the Technology Acceptance Model, and connectivism. Flipped classrooms, gamification, and multimodal instruction are consistently associated with improvements in digital competence and student motivation. Faculty development and institutional leadership are pivotal enablers of sustainable digital literacy integration. Persistent challenges include infrastructure limitations, policy misalignment, and cultural resistance, particularly in under-resourced settings. This review offers policy-relevant insights for curriculum design and institutional reform, advocating for context-responsive strategies to integrate digital literacy. Limitations include reliance mainly on Scopus-indexed literature and heterogeneity of study designs, which precluded meta-analysis. We recommend longitudinal and comparative studies to examine long-term impacts.",scopus,llm,0.910,unreviewed,,doi:10.1007/s44217-026-01256-9
