status,title,authors,year,venue,doi,url,tags,abstract,provider,decision_source,llm_confidence,llm_review_outcome,llm_change_direction,paper_id
discarded,Evaluating Medical Education Escape Rooms: A Scoping Review Using the Kirpatrick Model,H. Sturm,2025,Mededpublish,10.12688/MEP.21095.1,https://www.scopus.com/inward/record.uri?partnerID=HzOxMe3b&scp=105019953722&origin=inward,adjacent-subtopic,"Background Medical educators are increasingly exploring innovative strategies such as medical education escape rooms (MEERs), team-based games in which participants solve puzzles and complete tasks within a time limit to achieve a goal, to enhance learner engagement. This scoping review aimed to evaluate the utility of MEERs as a teaching method in medical education. Methods A scoping review was conducted using PubMed, MedEdPORTAL, and Scopus. Inclusion criteria were studies published in the past 15 years, written in English, involving medical students and/or residents, and reporting measurable outcomes. Exclusion criteria included systematic reviews, proof-of-concept studies, and studies outside medical school or residency contexts. Titles and abstracts were screened, followed by full-text review by two independent reviewers (HS and GB). A total of 20 studies met inclusion criteria. Data were extracted and analyzed for study characteristics and outcomes. Results All 20 studies assessed student reactions, with overwhelmingly positive responses. Reported outcomes included increased engagement, satisfaction, enjoyment, perceived learning, improved teamwork, clinical relevance, desire for more MEERs, and recommendations to peers. Nine studies (45%) evaluated learning outcomes, with significant improvements in pre- to posttest scores. MEERs were found to be more effective than flipped classrooms and traditional lectures and equally effective as case-based learning. One study evaluated behavioral change but found no significant impact on long-term behavioral outcomes. Conclusions Escape rooms are an effective and engaging educational strategy in medical education, supporting knowledge and skill acquisition. Further research is needed to evaluate their long-term behavioral impact in clinical settings.",scopus,llm,0.880,unreviewed,,doi:10.12688/mep.21095.1
discarded,The effect on student performance and course perception given an interactive module in online learning,K.L. Basinger,2025,ASEE Annual Conference and Exposition Conference Proceedings,10.18260/1-2--57215,https://www.scopus.com/inward/record.uri?partnerID=HzOxMe3b&scp=105029248049&origin=inward,adjacent-subtopic,,scopus,llm,0.660,unreviewed,,doi:10.18260/1-2--57215
discarded,Re-Designing Fluid Mechanics to Integrate Experiential Learning – A Collaborative Effort,I. Ram,2025,ASEE Annual Conference and Exposition Conference Proceedings,10.18260/1-2--57098,https://www.scopus.com/inward/record.uri?partnerID=HzOxMe3b&scp=105029275423&origin=inward,adjacent-subtopic,,scopus,llm,0.820,unreviewed,,doi:10.18260/1-2--57098
discarded,"TRANSFORMING, CREATING, AND EXECUTING A BRAND NEW FIRST YEAR ENGINEERING MATERIALS COURSE",A. Mai,2024,Proceedings of the Canadian Engineering Education Association Conference,10.24908/pceea.2024.18636,https://www.scopus.com/inward/record.uri?partnerID=HzOxMe3b&scp=105025935419&origin=inward,adjacent-subtopic,"The transition from traditional lecture-style teaching to a flipped learning experience at the University of Calgary’s Schulich School of Engineering first-year program has been documented and detailed in various publications. This shift in teaching pedagogy aims to enhance engineering education by fostering comprehensive understanding, critical thinking, problem-solving skills, and active learning opportunities. In Fall 2023, this model extended to a materials engineering course, introducing the subject earlier into the curriculum. With a large student capacity, collaborate learning is prioritized in studio sessions, supported by visualization software and 3D printed models. The course structure includes online video lectures, quizzes, and an interactive textbook alongside in-person lectures and studio sessions. Active learning sessions feature hands-on experiments, enabling students to apply theoretical concepts practically. Assessments include quizzes, worksheets, and summative exams, with a focus on student engagement and understanding. Course management emphasizes preparation, communication and support, with a dedicated team overseeing coordination and grading. Initial evaluation indicates positive student engagement and perceived learning gains, though thorough evaluation is ongoing. Key learnings include the importance of proactive student engagement, structured guidance in problem-solving, and refining assessment methods. Overall, the flipped model has positively impacted student experience and highlighted the significance of materials engineering in engineering education.",scopus,llm,0.890,unreviewed,,doi:10.24908/pceea.2024.18636
discarded,Enhancing Accounting Education: Exploring the Impact of H5P Interactive Video Content in a Blended Flipped Classroom,E.M. Ling Wong,2024,Proceedings 2024 6th International Workshop on Artificial Intelligence and Education Waie 2024,10.1109/WAIE63876.2024.00057,https://www.scopus.com/inward/record.uri?partnerID=HzOxMe3b&scp=105000709351&origin=inward,adjacent-subtopic,"Engaging students in accounting education through interactive learning tasks is crucial for fostering active learning and engagement. This study delves into the impact of integrating H5P interactive video content within a blended flipped classroom, where the traditional face-to-face lecture is supplemented with pre-recorded video content that takes place outside the classroom. By exploring students' satisfaction, perceived learning, and motivation, this study aims to uncover the untapped potential of this innovative approach in accounting education. Using a survey questionnaire, this study investigates students' preferences for pre-class video content and highlights four key features of interactive video content: immediate feedback and enhanced understanding, user-friendly and better user interface, interactive and engaging, and motivation. These findings not only shed light on the effectiveness of using H5P interactive video content but also pave the way for enriching students' experiences and optimizing learning outcomes in accounting education.",scopus,llm,0.910,unreviewed,,doi:10.1109/waie63876.2024.00057
discarded,An exploratory study of university students’ regulation profiles and satisfaction with flipped classrooms,J.R. Martínez-Fernández,2024,Revista Espanola De Pedagogia,10.22550/2174-0909.3931,https://www.scopus.com/inward/record.uri?partnerID=HzOxMe3b&scp=85190941434&origin=inward,adjacent-subtopic,": This study, based on the learning patterns model, analyses the relationship between different regulation profiles and satisfaction with a flipped-classroom didactic experience at university. A profile of genuine self-regulation is identified, as well as learning profiles based on external regulation and passive regulation. A total of 178 university students participate, voluntarily answering the regulation strategies subscales of the ILS inventory and another final questionnaire about satisfaction with the flipped classroom and their perceived learning during this didactic experience. The results show a clear relationship between the self-regulation profile and satisfaction with the flipped classroom, although satisfaction was also found in students with an external regulation profile. However, this last group did not show satisfaction with their academic outcome. Another profile that was less adaptive thanks to its passiveness towards regulation was also identified. The results are discussed and the importance of designing personalised learning itineraries based on the specific command of regulation strategies is emphasised. Consequently, the design of educational actions should consider the regulation profile to adapt to students’ specific characteristics and guarantee the success of the didactic strategy.",scopus,llm,0.920,unreviewed,,doi:10.22550/2174-0909.3931
discarded,Beyond the Bind and Between the Lines: Focus Group Insights into an Interactive-Online Textbook,L.A. Dosse,2024,Proceedings Frontiers in Education Conference Fie,10.1109/FIE61694.2024.10893595,https://www.scopus.com/inward/record.uri?partnerID=HzOxMe3b&scp=105000811559&origin=inward,adjacent-subtopic,"This research-based full paper describes a qualitative study to gain further insight into how and why an interactive online textbook developed for a Statics and Mechanics of Materials I course affects students' perceived learning. Data gathered to date has indicated positive effects on students, but detailed explanations of what aspects of the textbook are causing these effects have remained vague, unclear, or nonexistent. This research serves to better understand the different aspects of learning underpinning the textbook and how, in detail, they contribute to student performance. It further expands and validates the list of best practices for interactive textbooks. Colleges and universities continually work to improve their curriculum, teaching efficacy, and student outcomes. Didactic lecturing has been the cornerstone of most institutions' pedagogy; however, it has changed with advancements in educational theory. Flipped classrooms have become increasingly common in academia, as well as courses utilizing project-based learning. Research has shown that when implemented correctly, these methods improve student retention and confidence and, as a result, increase program completion rates. In addition to lecture style, several different learning modes may be used across a school's curriculum. Narrowing the scope to individual courses reveals an often understudied aspect of the classroom-the textbook. Previous qualitative studies on the interactive, online textbook showed that students felt their required reading material positively impacted their learning of class material, with themes such as “Beneficial” and “Helpful” applicable to numerous open-ended responses coded by the research team. This study, then, is a direct result of these findings, intending to achieve a deeper understanding of the nuances of these general themes. Three focus groups consisting of different genders and majors (n = 4, 7 and 7), were formed and given an identical set of questions concerning the interactive-online textbook. Two interviewers were present in each group to moderate the discussion. The focus group conversations were recorded using the university-approved recording platform, Panopto, and transcribed using NVivo, with a researcher making corrections if needed and confirming the accuracy of each transcript. The transcripts were then coded according to Creswell, and specific themes emerged. The most commonly discussed topic was the benefits of the embedded questions within the text-book. Students noted that the questions allowed for immediate feedback, validating their understanding of the content before moving on to new material. For example, if they answered a question incorrectly, the problem would provide a hint to help guide them to the correct answer. In addition, the students enjoyed the low-stakes learning environment of the text as the questions were scored on participation and not correctness. Another finding was that students found the organization of the textbook to be helpful. The text was built using Cognitive Load Theory and followed a Concept-Example-Question format. Students appreciated how this layout separated the material into smaller, easier-to-understand sections. These findings are invaluable to the development and implementation of interactive and engaging online textbooks.",scopus,llm,0.930,unreviewed,,doi:10.1109/fie61694.2024.10893595
kept,Dependence of learning outcomes in flipped and lecture classrooms on review questions: A randomized controlled trial and observational study,J. Pitt,2022,Plos One,10.1371/journal.pone.0279296,https://www.scopus.com/inward/record.uri?partnerID=HzOxMe3b&scp=85144315043&origin=inward,refutes-claim; qualifies-claim,"Purpose The effects of class structure (i.e., lecture vs. flipped) and repeated review on: 1) exam scores and 2) student perceptions of learning were compared in a prospective randomized controlled trial (Study 1) and a retrospective cohort study (Study 2). Methods In Study 1, 42 second year students in a Doctor of Physical Therapy program were randomized to either a lecture or flipped section of a neurobiology class. Both sections incorporated repeated review. In Study 2, exam scores were retrospectively compared between two cohorts: a lecture cohort without repeated review (n = 42) and a flipped cohort with repeated review (n = 46). In both studies, outcomes of interest were exam scores and student surveys. Results In Study 1, students in the lecture and flipped sections had similar exam averages (lecture = 76.7 ± 17%, flipped = 77.5 ± 17%, p = 0.73). Repeated review significantly improved exam scores by 12.0 percentage points (95% CI: 8.0 to 16.0 percentage points) in the lecture section and 10.8 percentage points (95% CI: 6.9 to 14.8 percentage points) in the flipped section. The flipped section reported higher levels of satisfaction and perceived learning. In Study 2, the flipped cohort had significantly higher exam scores than the lecture cohort (lecture = 70.2 ± 6.9%, flipped = 83.4 ± 7.7%, p < 0.0001). Student satisfaction and perceived learning were similar in both cohorts. Conclusion Exam scores improve with review questions and quizzes provided in a class, both in a lecture or flipped classroom.",scopus,llm,0.990,unreviewed,,doi:10.1371/journal.pone.0279296
discarded,The effect on perceived and performance learning outcomes from active online learning,K. Basinger,2022,ASEE Annual Conference and Exposition Conference Proceedings,,https://www.scopus.com/inward/record.uri?partnerID=HzOxMe3b&scp=85138269038&origin=inward,adjacent-subtopic,,scopus,llm,0.640,unreviewed,,hash:73fd2238983eeecc
discarded,"Let me explain! The effects of writing and reading short justifications on students' performance, confidence and opinions in audience response systems",P.M. Papadopoulos,2022,Journal of Computer Assisted Learning,10.1111/jcal.12608,https://www.scopus.com/inward/record.uri?partnerID=HzOxMe3b&scp=85114304035&origin=inward,adjacent-subtopic,"Abstract Background The feedback offered to students in audience response systems may enhance conformity bias, while asking closed‐type questions alone does not allow students to externalize and elaborate on their knowledge. Objectives The study explores how writing short justifications and accessing peer justifications as collective feedback could affect students' performance, confidence and opinions in multiple‐choice audience response systems that apply the Peer Instruction model of voting/revoting. Methods For 8 weeks, 98 students, enrolled in an undergraduate course, attended each lecture following a flipped classroom approach. At the beginning of each lecture, students participated in a quiz with eight multiple‐choice questions. Four of these questions included a justification form in which students could elaborate on their answers. The students were randomly grouped into two conditions according to the collective feedback they received: the Shared group (n = 54) could see both the percentage each question choice received from the class and the respective peer justifications, while the Unshared group (n = 44) could only see the percentage information. Results Analysis showed that students in both groups performed significantly better in questions with the justification form being available. Also, the two groups were comparable in terms of performance and self‐reported level of confidence suggesting no main effect for making peer justification available. Despite this, students in the Shared group expressed a significantly more positive opinion in the end‐of‐activity questionnaire in terms of perceived learning gains and the helpfulness of writing justifications for their answers. Take Away Writing short justifications can have a positive impact on students' academic performance.",scopus,llm,0.960,unreviewed,,doi:10.1111/jcal.12608
discarded,Three Weeks of Team-Based Leaning Do Not Overload Undergraduate Students,A. Lafleur,2021,Medical Science Educator,10.1007/s40670-021-01314-x,https://www.scopus.com/inward/record.uri?partnerID=HzOxMe3b&scp=85106301643&origin=inward,adjacent-subtopic,"Context Team-based learning (TBL) is a flipped-classroom approach requiring students to study before class. Fully flipped curricula usually have fewer in-class hours. However, for practical reasons, several programs implement a few weeks of TBL without adjusting the semester timetable. Students fear that they will be overloaded by the individual and collaborative study hours needed to prepare for TBL. Methods We implemented three consecutive weeks of TBL in a 15-week lecture-based course on the renal system. In-class time and assessments were unchanged for all courses. Four hundred fifty-nine first-year undergraduate medical students (229 in 2018; 230 in 2019) were invited to complete weekly logs of their individual and collaborative study hours during lectures and TBL, along with questionnaires on cognitive load and perception of the course. Our program changed from A to E grading in 2018 to pass-fail grading in 2019 Results Participants (n = 324) spent a similar number of hours studying for TBL vs. lectures with a mean of 3.1 h/week. Collaborative study was minimal outside class (median 0.1 h/week). Results remained similar with pass-fail grading. If in-class time were reduced, 18% of participants said they would have used freed-up time to study for TBL. Studying for TBL generated similar extraneous cognitive load and lower intrinsic load compared to studying for lectures; students were less stressed, and maintained high levels of motivation and self-perceived learning. Conclusions Three weeks of lectures were replaced by TBL without reducing in-class time. Students did not report overload in study hours or in cognitive load.",scopus,llm,0.840,unreviewed,,doi:10.1007/s40670-021-01314-x
discarded,"Teaching Software Quality Assurance (SQA) during COVID-19 Using the HyFlex Approach - Course Design, Results, and Experiences",T. Brown,2021,ASEE Annual Conference and Exposition Conference Proceedings,,https://www.scopus.com/inward/record.uri?partnerID=HzOxMe3b&scp=85124568603&origin=inward,off-topic-false-hit,,scopus,llm,0.790,unreviewed,,hash:e24d979be4d01ff5
discarded,HydroLearn: Improving Students' Conceptual Understanding and Technical Skills in a Civil Engineering Senior Design Course,M.A. Gallagher,2021,ASEE Annual Conference and Exposition Conference Proceedings,,https://www.scopus.com/inward/record.uri?partnerID=HzOxMe3b&scp=85124546495&origin=inward,adjacent-subtopic,,scopus,llm,0.750,unreviewed,,hash:3a4771aee8993a1e
discarded,"Designing Learning Environments in a Digital Time – Experiences in Two Different Subjects at NTNU, Norway Autumn 2020",T. Talmo,2021,Lecture Notes in Computer Science Including Subseries Lecture Notes in Artificial Intelligence and Lecture Notes in Bioinformatics,10.1007/978-3-030-77889-7_37,https://www.scopus.com/inward/record.uri?partnerID=HzOxMe3b&scp=85112238986&origin=inward,off-topic-false-hit,"This paper focuses on digital learning environments. More specifically, the paper studies two research questions, namely ""comparing with in-class lectures; what are the difficulties with lecturing digitally, and how can these be best mended?"" and ""when designing digital lecture materials: how can lecturers facilitate so that students are able to achieve the subjects' learning aims?"". To answer these questions, different approaches were tested in two different subjects, namely in physics and communication and language. Moreover, previous literature and especially Salmon's e-tivities theory are relevant, and the results are obtained through a questionnaire as well as interviews with the student representatives. The results entail that students participate less from home than on campus, and that the students' perceived learning outcome is higher when it comes to activities done on campus. Furthermore, although the learning designs were created for collaboration and social interaction, many students avoid engaging in groups. The authors suggest that lecturers need to be aware of students' insecurities when designing digital learning environments as well as consider providing solution guides. Nevertheless, more research is needed to conclude.",scopus,llm,0.940,unreviewed,,doi:10.1007/978-3-030-77889-7_37
discarded,Mastery of Fundamental Concepts Based on Students' Learning Approach in Flipped Classrooms,F.Y.Y. Ling,2020,Journal of Civil Engineering Education,10.1061/(ASCE)EI.2643-9115.0000011,https://www.scopus.com/inward/record.uri?partnerID=HzOxMe3b&scp=85084757781&origin=inward,adjacent-subtopic,AbstractThis case study aims to investigate the extent to which the teaching mode called flipped classroom is effective in enabling students to learn fundamental concepts in cost engineering. It ad...,scopus,llm,0.790,unreviewed,,doi:10.1061/(asce)ei.2643-9115.0000011
