status,title,authors,year,venue,doi,url,tags,abstract,provider,decision_source,llm_confidence,llm_review_outcome,llm_change_direction,paper_id
kept,Teaching Tip: The Flipped Classroom.,Heng Ngee Mok,2014,Singapore Management University Institutional Knowledge (InK) (Singapore Management University),,https://openalex.org/W1600322996,qualifies-claim,"1. INTRODUCTION In a traditional instructor-centered classroom, the teacher lectures during class time and gives students homework to be done after class. In a flipped, or inverted, classroom, things are done the other way round: the teacher delivers lectures before class in the form of pre-recorded videos, and spends class time engaging students in learning activities that involve collaboration and interaction. Passive learning activities such as unidirectional lectures are pushed to outside class hours, to be replaced with active learning activities in class. The term inverted appeared in the literature as early as 2000 (Lage, Platt and Treglia, 2000) and was made popular by Chemistry teachers Bergmann and Sams in recent years (Bergmann and Sams, 2012, 2012a). With successful similar implementations of web-based lecture technologies--the often quoted success stories being the Khan Academy and Massive Open Online Courses--the flipped classroom gained traction at educational institutions in North America across a spectrum of disciplines and at different levels of instruction. This pedagogy has also been consistently rated as one of the top trends in educational technology (for example, Watters, 2012). Some educators have reported lower failure rates (Michigan Radio, 2013), greater flexibility, lesser stress (NBC, 2013), improved student attitudes and even better test scores (Flipped Learning Network, 2012) for classes that adopted this model. However, being a relatively new trend, most implementations of the flipped classroom are reported in blogs, online magazines and newspapers instead of academic papers and conferences. There seems to be little rigorous research done to measure the effects of this pedagogy (Goodwin and Miller, 2013), and what has been published so far seems far from conclusive. Whilst a 3-year long study of flipped learning for a pharmaceutics course reported a 5.1% improvement in student performance (Meyer, 2013), contradictory preliminary data from another 3-year study at Harvey Mudd College suggest that flipping may not cause any difference in student outcomes (Atteberry, 2013). Adding to the debate, a recent study (Schneider, Wallace, Blikstein and Pea, 2013) concludes that students who engage in open-ended exploration outperformed those who used traditional textbook materials first, and implies that video lectures and textbooks should come after exploration, and not before (Plotnikoff, 2013). Despite the controversy, this pedagogy's raising popularity has motivated the author to run a trial on a class of 46 Information Systems (IS) undergraduates during a special term in 2013. The course that this class was taking is a second course in programming that covered object-oriented design and advanced programming. In previous years, this course was usually conducted in seminar style: instructors taught a new concept and reinforced what they had just taught via short hands-on programming exercises performed on students' laptops. Instructors then moved on to the next concept and the cycle was repeated. Longer programming exercises would then be given as optional homework that could be submitted for feedback from teaching assistants. Whilst such interactive seminars were more effective than traditional monologue-style lectures (Steinert and Snell, 1999), the author observed that some students were still not engaged. Many students were updating their Facebook pages during the teaching sessions. Students who visited the washroom could miss a critical part of the lecture. Slower students who had difficulty picking up the concepts during the first parse were consequently unable to successfully complete the hands-on exercises that followed. For these students, the course rapidly snowballed into a vicious cycle of disengagement, poor performance, lack of confidence, and further disengagement. It was hoped that the flipped classroom could increase students' engagement with the content and improve their overall experience with the course. …",openalex,llm,0.700,unreviewed,,hash:d4d5bdbfca86e9b6
kept,The Flipped Classroom,Jacqueline E. McLaughlin; Mary T. Roth; Dylan M. Glatt; Nastaran Gharkholonarehe; Christopher A. Davidson; LaToya M. Griffin; Denise Ann Esserman; Russell J. Mumper,2013,Academic Medicine,10.1097/acm.0000000000000086,https://openalex.org/W2161074502,supports-claim; qualifies-claim,"Recent calls for educational reform highlight ongoing concerns about the ability of current curricula to equip aspiring health care professionals with the skills for success. Whereas a wide range of proposed solutions attempt to address apparent deficiencies in current educational models, a growing body of literature consistently points to the need to rethink the traditional in-class, lecture-based course model. One such proposal is the flipped classroom, in which content is offloaded for students to learn on their own, and class time is dedicated to engaging students in student-centered learning activities, like problem-based learning and inquiry-oriented strategies. In 2012, the authors flipped a required first-year pharmaceutics course at the University of North Carolina Eshelman School of Pharmacy. They offloaded all lectures to self-paced online videos and used class time to engage students in active learning exercises. In this article, the authors describe the philosophy and methodology used to redesign the Basic Pharmaceutics II course and outline the research they conducted to investigate the resulting outcomes. This article is intended to serve as a guide to instructors and educational programs seeking to develop, implement, and evaluate innovative and practical strategies to transform students' learning experience. As class attendance, students' learning, and the perceived value of this model all increased following participation in the flipped classroom, the authors conclude that this approach warrants careful consideration as educators aim to enhance learning, improve outcomes, and fully equip students to address 21st-century health care needs.",openalex,llm,0.880,unreviewed,,doi:10.1097/acm.0000000000000086
kept,The Impact of Flipped Learning on Achievement and Attitudes In Higher Education,Azizah Saad ALRowais,2014,International Journal for Cross-Disciplinary Subjects in Education,10.20533/ijcdse.2042.6364.2014.0266,https://openalex.org/W2466565159,supports-claim,"Although the flipped learning is considered to be one of the main forms of blended learning, no studies were conducted at Saudi universities on the effectiveness of this form of learning.The main objective of the present study was to investigate the effectiveness of flipped learning on the students' achievement and attitudes towards studying courses at Salman bin Abdul-Aziz University.The present study employed the descriptive method to determine the principles of flipped learning to prepare the flipped classroom courses, and the quasiexperimental method to measure the effectiveness of the independent variable (flipped learning) and its impact on the dependent variables (achievement and attitude).Sixty four students who represent the sixth level of the college of education were selected randomly.Achievement test and attitudes scale were used to gather the data.The study showed that there was positive effects of both the students' achievement and their attitudes towards studying courses.. .",openalex,llm,0.970,unreviewed,,doi:10.20533/ijcdse.2042.6364.2014.0266
kept,A Flipped Classroom Model For Algorithm In College,Suhyun Lee,2017,Journal of the Korea Society of Computer and Information,10.9708/jksci.2017.22.01.153,https://openalex.org/W2607548992,refutes-claim; qualifies-claim,"In recent years there has been a rise in the use and interest of the flipped learning as a teaching and learning paradigm. The flipped learning model includes any use of Internet technology to enrich the learning in a classroom, so that a professor can spend more time interacting with students instead of lecturing. In the flipped model, students viewed video lectures online outside of class time. Students then performed two kinds of assignments, a teamwork assignment and an individual work assignment, through the class time. In this paper, we propose a flipped educational model for a college class. This experimental research compares class of college algorithm using the flipped classroom methods and the traditional lecture-homework structure and its effect on student achievement. The result data of mid-term exam and final exam were analyzed and compared with previous year data. The findings of this research show that there was not a significant difference in the scores of student between two lecturing methods. The survey result and lecture evaluation by students show that students are in favor of the flipped learning.",openalex,llm,0.980,unreviewed,,doi:10.9708/jksci.2017.22.01.153
discarded,Learning MATLAB in the Inverted Classroom,Robert Talbert,2020,ASEE Annual Conference & Exposition,10.18260/1-2--21640,https://openalex.org/W2734554428,adjacent-subtopic,Introduction: The traditional classroomUniversity courses have retained the same basic structure for hundreds of years.That structure follows an easily identifiable work flow: Instructional design of the inverted MATLAB course: General principles,openalex,llm,0.750,unreviewed,,doi:10.18260/1-2--21640
discarded,Flipped Learning As A New Educational Paradigm: An Analytical Critical Study,Hanaa Ouda Khadri Ahmed,2016,European Scientific Journal ESJ,10.19044/esj.2016.v12n10p417,https://openalex.org/W2344325900,adjacent-subtopic,"A literature on the flipped learning model has been reviewed. Therefore, the new form of education is worthy enough to be further studied. It is believed that flipped learning has gained great attention of many researchers as a result of what educators are implementing at their classrooms. The main objective of the paper is proposing an educational analytical critical framework for flipped learning that has powerful effects for who are concerned with educational development. The broad groundwork of literature on the flipped learning, described as the inverted learning, provided a foundation for the present study. This groundwork of literature used the term flipped learning and examined its effects on the pedagogy in education. The educational analytical critical framework of flipped learning developed in this paper includes components that reveals different views of flipped learning from just a “fashion” of adding more mechanism to the classroom to it is as a tool for shifting present pedagogy customized according to the individual needs of the learners instead of the whole group. The components of the framework are: instructional foundations, learning theories, Bloom’s taxonomy, and conceptual framework of the flipped education that is discussed in the light of its connection to the educational foundations of flipped learning. Research method used was descriptive method and method of philosophical analysis.",openalex,llm,0.940,unreviewed,,doi:10.19044/esj.2016.v12n10p417
kept,What millennial medical students say about flipped learning,Robin K. Pettit; Lise McCoy; Marjorie N. Kinney,2017,Advances in Medical Education and Practice,10.2147/amep.s139569,https://openalex.org/W2738763145,qualifies-claim,"Abstract: Flipped instruction is gaining popularity in medical schools, but there are unanswered questions such as the optimum amount of the curriculum to flip and whether flipped sessions should be mandatory. We were in a unique position to evaluate feedback from first-year medical students who had experienced both flipped and lecture-based courses during their first semester of medical school. A key finding was that the students preferred a variety of different learning formats over an “all or nothing” learning format. Learning format preferences did not necessarily align with perceptions of which format led to better course exam performance. Nearly 70% of respondents wanted to make their own decisions regarding attendance. Candid responses to open-ended survey prompts reflected millennial preferences for choice, flexibility, efficiency, and the ability to control the pace of their learning, providing insight to guide ­curricular improvements. Keywords: flipped classroom, mandatory attendance, medical education, lecture-based, variety A Letter to the Editor has been received and published for this article. A Letter to the Editor has been received and published for this article.",openalex,llm,0.980,unreviewed,,doi:10.2147/amep.s139569
discarded,Flipped Classroom model before and during COVID-19: using technology to develop 21st century skills,Cecilia Latorre Cosculluela; Cristina Suárez; Sonia Quiroga; Natalia Sobradiel Sierra; Raquel Lozano-Blasco; Ana Rodríguez Martínez,2021,Interactive Technology and Smart Education,10.1108/itse-08-2020-0137,https://openalex.org/W3145732074,adjacent-subtopic,"Purpose The confidence placed in the use of technology and other computing resources is an important support for the deep transformation toward processes of very high quality teaching-learning based on active learning. This paper aims to present and describe a higher education experience with Flipped Learning before and during the transformation of education due to the COVID-19 pandemic. In addition, the study analyzes the effectiveness perceived by university students of Flipped Learning for the development of competencies for the 21st century. Design/methodology/approach For this study, a quantitative methodology is used in which 376 university students fill out a questionnaire after experiencing several sessions with an inverted classroom under both onsite and online instructions. Findings On average, the results show a high agreement among students on the benefits or effectiveness that learning designs with Flipped Classroom have on the development of skills that will be useful for their personal and professional future. These competencies include character building, collaboration, communication, citizenship, critical thinking and creativity. At the same time, and depending on some control variables such as the modality of teaching (onsite or online), the course, the predisposition to innovate or previous experience with innovation, significant differences are also observed. Originality/value Education and learning have the need to respond to the different educational and training needs for the future. In this sense, the Flipped Classroom methodology allows the development of skills for the 21st century. In turn, this approach also makes it possible to approach blended learning. Experiences such as the one described in this study will characterize the future of education.",openalex,llm,0.900,unreviewed,,doi:10.1108/itse-08-2020-0137
discarded,THE FLIPPED LEARNING AT UNIVERSITY BY SOCIAL NETWORKS: A CHALLENGE FOR E-LEARNING,Emanuele Isidori; Iosif Șandor; Irina Leonova; Irina Petrova; De martino Mario; Angela Magnanını; Alessandra Fazio,2021,eLearning and Software for Education,10.12753/2066-026x-21-054,https://openalex.org/W4321847131,adjacent-subtopic,"Nowadays, Flipped Learning and social networks as a means for E-Learning represent a challenge for contemporary higher education. The recent literature written on social networks as tools to enhance education has highlighted the relevance of these learning environments to achieve higher education's fundamental goals in colleges and universities. Most of the investigations confirm that Facebook, along with other social networks, media, and E-communication tools, can enable the university classroom's extension in a new way and support and enhance the Flipped Learning. Therefore, this paper aims to deepen and grasp the relationship between social networks and Flipped Learning in university education by drawing on the topics' primary scholarly literature. To better examine and understand this relation, we have conducted a case study and shown its results. This case study concerned the experience of using a methodology of teaching the sports humanities based on Flipped Learning enhanced by social networks in an Italian University. In order to collect the data, we have used qualitative-quantitative research methodologies. The data were obtained from interviews and survey questionnaires administered to a sample of students attending the online courses of Sports Humanities in an Italian University. Statistical and text analysis programs have processed the data. The programs have shown frequencies, knots, created word trees, lists, and concept maps regarding students' opinions on Facebook as a virtual learning environment to boost the Flipped Classroom. This analysis aimed to understand and grasp, by comparing data, how and whether the use of Social Networks has favored the development of a real Flipped Classroom in the course delivered and, together with it, the Flipped Learning in students. Finally, we used the research data to build an effective Flipped Classroom application model for university education in the sports humanities' scholarly domain.",openalex,llm,0.890,unreviewed,,doi:10.12753/2066-026x-21-054
discarded,Flipped learning in the English as a second language classroom: Bhutanese students’ perceptions and attitudes of flipped learning approach in learning grammar,S. Singay,2020,Indonesian Journal of Applied Linguistics,10.17509/ijal.v9i3.23217,https://openalex.org/W3006635886,adjacent-subtopic,"Although extensive research has been carried out on the positive effects of flipped learning in a first language context, there remains a paucity of evidence on the impact of flipped learning in a second language context specifically in Bhutan. The present study was undertaken to examine Bhutanese students’ attitudes and perceptions toward the flipped learning approach in a second language context. The participants of this study were forty students (20 females and 20 males). Data collection instruments used in this study were questionnaire and semi-structured interview. Findings from the questionnaire demonstrated that the flipped learning approach helped learners to learn grammar; moreover, the students showed positive attitudes and perceptions towards the flipped classroom approach. Similarly, findings from a semi-structured interview revealed four important themes of the flipped learning approach, which are: conducive learning atmosphere, use of more technology, better relationship, and collaboration.",openalex,llm,0.820,unreviewed,,doi:10.17509/ijal.v9i3.23217
discarded,Reflections on a Year of Flipped Learning,Frances Sheridan,2014,,,https://openalex.org/W955943915,adjacent-subtopic,"Flipped learning is still a relatively new teaching approach and to date has lacked formal definition. Recently though, the Flipped Learning Network has issued their definition of flipped learning and four pillars of FLIP in an attempt to bring clarity to the approach. For the most part, it is a teaching approach where class-work and home-work exchange places. In the typical flipped classroom, students experience lectures as pre-recorded video or audio files in advance of class and then class-time is used for deeper immersion in, and understanding of the content of the video lecture. This may take the form of group work, discussion or practical exercises for example, depending on the subject matter. However, regardless of these common attributes, flipped learning by its very nature is different in almost every classroom. 

The flipped classroom approach was first implemented in the School of Computing at National College of Ireland (NCI) in February of 2013 as part of a first year semester 2 programming module and then introduced to a number of semester 1 modules from September 2013. The motivation for this approach was to improve student understanding of the concepts and thus improve pass rates and student retention and the approaches used differed significantly between semesters one and two. The approach is now in its second year of implementation in the school and is beginning to gather momentum as increasing numbers of faculty explore its use.

This paper will outline two of the ways in which flipped learning has been implemented at NCI. It will draw from student surveys, module results and faculty reflections, highlighting the differences in the approaches used and their impact on student learning.",openalex,llm,0.760,unreviewed,,hash:cfcc58f8052cae3a
