status,title,authors,year,venue,doi,url,tags,abstract,provider,decision_source,llm_confidence,llm_review_outcome,llm_change_direction,paper_id
kept,Motivational Teaching Techniques in Secondary and Higher Education: A Systematic Review of Active Learning Methodologies,L.M.G. Costa,2025,Digital,10.3390/digital5030040,https://www.scopus.com/inward/record.uri?partnerID=HzOxMe3b&scp=105016996802&origin=inward,qualifies-claim; supports-claim,"This study presents a systematic review of the literature on teaching techniques that enhance student motivation and academic performance across basic, secondary, and higher education levels. The review is grounded in the distinction between intrinsic and extrinsic motivation, highlighting their decisive roles in engagement and achievement. The analysis focuses on active learning methodologies such as project-based learning, collaborative learning, gamification, and flipped classrooms. It identifies the mechanisms by which each approach fosters students’ interest, sense of competence, and persistence. Four international databases were consulted, and studies published between 2000 and 2024 reporting quantitative measures of motivation and/or performance were selected. Five investigations met all eligibility criteria and were assessed for methodological quality. The results indicate moderate motivational effects, especially when interventions last at least eight weeks, provide frequent feedback, and place students at the center of authentic problem-solving. Greater gains were also observed in STEM disciplines and in contexts that encourage peer collaboration. Based on these findings, practical recommendations are proposed for educators: structure interdisciplinary projects, incorporate playful elements in the initial stages of formal education, combine autonomous work with small-group discussions, and use data analysis tools to deliver personalized feedback. The study concludes that adopting diverse, student-centered pedagogical practices enhances motivation and academic achievement, leading to deeper and more lasting learning outcomes.",scopus,llm,0.680,unreviewed,,doi:10.3390/digital5030040
discarded,A Systematic Review on Augmented Reality Supported Flipped Classrooms Studies,E.B. Aygün,2025,International Journal of Human Computer Interaction,10.1080/10447318.2024.2358459,https://www.scopus.com/inward/record.uri?partnerID=HzOxMe3b&scp=105004036573&origin=inward,adjacent-subtopic,"Abstract In recent years, learning approaches such as flipped classroom model and technologies such as augmented reality has emerged as innovations that have the potential to transform learning approaches and environments. In this study, it is aimed to compile the current research trends of the studies aiming to reveal the effects of augmented reality technologies integrated into the flipped classroom model with the systematic review method. It is considered that the results to be obtained by systematically examining the applicability of augmented reality technologies integrated into the flipped classroom model are important in terms of guiding future research. For this purpose, studies published in Web of Science (WOS), Scopus and ERIC databases were examined based on the Preferred Reporting Items for Systematic Reviews and Meta-Analyses (PRISMA) guidelines and 14 studies were selected according to the criteria. These studies were subjected to content analysis and the results were presented with visual tools such as tables and graphs. The findings show that the interest in augmented reality technologies integrated into the flipped classroom model has increased significantly in recent years and that augmented reality can be effectively integrated into education. It has been determined that the flipped classroom model offers students the opportunity to focus on their individual needs by allowing them to learn at their own pace and plays an important role in the teaching process by combining these advantages with the features of augmented reality such as concretization, making the learning process remarkable and effective. More research is needed to understand the effects of augmented reality applications integrated into the flipped classroom model, which stands out as an approach that brings a new perspective to the field.",scopus,llm,0.840,unreviewed,,doi:10.1080/10447318.2024.2358459
kept,From Theory to Practice: A Systematic Review of the Flipped Classroom in Higher Music Education (2021-2025),H. Zhen,2025,Assessing Educational Digital Transformation in the AI Era,10.4018/979-8-3373-7508-3.ch006,https://www.scopus.com/inward/record.uri?partnerID=HzOxMe3b&scp=105024637298&origin=inward,supports-claim; qualifies-claim,"This chapter conducts a systematic literature review (SLR) on the application of the flipped classroom in higher music education. Following the structure of the SLR, six articles on music courses at the higher education and adopting different types of flipped classrooms are screened out, covering empirical explorations in countries such as China, Turkey, and Mexico, as well as focusing on diverse scenarios such as musical instrument teaching (piano, guitar), music research methodology, and music education and teaching methodology courses. Research shows that flipped classroom significantly enhances students' engagement, skill acquisition and learning attitude, and so on. But it has also exposed deep-seated challenges such as technological integration bottlenecks and educational equity. This review provides an empirical reference for the digital transformation of music education and also calls on the academic community to pay attention to the coordinated development path of technological innovation and educational equity.",scopus,llm,0.780,unreviewed,,doi:10.4018/979-8-3373-7508-3.ch006
discarded,Developing a holistic teaching and learning framework for construction management education: a systematic literature review,R.D.W.W. Jayathilaka,2025,Engineering Construction and Architectural Management,10.1108/ECAM-11-2024-1557,https://www.scopus.com/inward/record.uri?partnerID=HzOxMe3b&scp=105014952475&origin=inward,adjacent-subtopic,"Purpose Adopting effective pedagogies in construction management (CM) education is crucial for addressing the construction industry’s inherently dynamic nature. This study synthesises existing literature and develops a comprehensive framework that enhances student engagement and learning outcomes in CM programs at higher education institutions (HEIs). In turn, the research supports the students’ preparedness and employability when entering a rapidly evolving construction industry. Design/methodology/approach Interpretivism and inductive reasoning supported a systematic literature review (SLR) conducted using 52 articles published between 2013 and 2024 sourced from 4 journal databases. Descriptive and content analyses were then performed on this secondary data set to develop new theories and insight about the phenomenon investigated. Findings Five key pedagogies were identified that can be incorporated for effective teaching and learning in CM higher education, namely (1) digital pedagogy, (2) student-centred pedagogy, (3) partnership pedagogy (industry involvement), (4) problem-based learning and (5) flipped classroom pedagogy. A synergised framework for teaching and learning in CM was then developed from this knowledge accrued. The framework emphasises that no single pedagogy is fully effective when implemented in isolation for the delivery of CM programs. Instead, optimal outcomes are achieved when a combination of all pedagogies is adopted in CM degree programmes. Originality/value Despite recent independent studies on teaching and learning in CM, this is the first to consolidate these findings into a holistic framework for integrating pedagogies in CM education. The framework helps HEIs identify applicable pedagogies and their key attributes, benefiting both students and educators in CM programmes.",scopus,llm,0.800,unreviewed,,doi:10.1108/ecam-11-2024-1557
discarded,"14th International Conference on Methodologies and Intelligent Systems for Technology Enhanced Learning, mis4TEL 2024",,2025,Lecture Notes in Networks and Systems,,https://www.scopus.com/inward/record.uri?partnerID=HzOxMe3b&scp=105003135379&origin=inward,off-topic-false-hit,,scopus,llm,0.980,unreviewed,,hash:4c10e8feea779507
discarded,Integrating Digital Pedagogy into Sports Curriculum Design:A Theoretical and Practical Approach,L. Lan,2025,8th International Conference on Educational Technology Management Icetm 2025,10.1109/ICETM67477.2025.11413554,https://www.scopus.com/inward/record.uri?partnerID=HzOxMe3b&scp=105035375441&origin=inward,adjacent-subtopic,"Integrating digital pedagogy into physical education curriculum design represents a significant frontier in educational innovation. Despite the growing prevalence of digital tools, a comprehensive theoretical framework guiding their systematic application in physical education instruction is lacking. This study aims to bridge this gap by constructing a comprehensive theoretical model that elucidates the mechanisms through which digital pedagogy enhances teaching effectiveness and student engagement. We conducted a systematic review of 40 peer-reviewed articles (2019-2024) from major databases, using thematic analysis and theoretical synthesis to identify core concepts. The proposed Input-Process-Output (IPO) model treats key digital tools (e.g., motion analysis software, VR/AR technologies) as input elements. These undergo mediated transformation through instructional processes-such as teaching strategies (e.g., flipped classrooms) and student engagement mechanisms (e.g.,gamification instruction)-ultimately facilitating optimized outputs: enhanced teaching effectiveness, increased student engagement, and maximized learning outcomes. The theoretical contribution of this model lies in integrating constructivism, connectivism, and the Technology Acceptance Model (TAM) principles into a practical framework for physical education. Additionally, we propose implementation pathways including modular digital curriculum design, teacher competency development, and continuous iterative evaluation mechanisms. This model provides educators and researchers with a structured approach to leverage digital pedagogy in enhancing the quality and effectiveness of physical education in the digital era. To enhance originality, this model is compared with prior frameworks such as TPACK, which focuses on teacher knowledge integration but lacks emphasis on student engagement dynamics in physical contexts; our IPO approach extends this by incorporating connectivism for networked learning and empirical pathways for measurable outputs.",scopus,llm,0.910,unreviewed,,doi:10.1109/icetm67477.2025.11413554
discarded,Bridging the Skills Gap: Innovative Teaching Methods for Enhancing Engineering Education,S.R. Narsareddygari,2025,Lecture Notes in Networks and Systems,10.1007/978-3-031-99025-0_15,https://www.scopus.com/inward/record.uri?partnerID=HzOxMe3b&scp=105019318776&origin=inward,adjacent-subtopic,,scopus,llm,0.720,unreviewed,,doi:10.1007/978-3-031-99025-0_15
discarded,From Education 4.0 (E.D. 4.0) to Education 5.0 (E.D. 5.0): Bibliometric insights to reach the Society 5.0 global vision.,S. Chakraborty,2025,ASEE Annual Conference and Exposition Conference Proceedings,10.18260/1-2--56607,https://www.scopus.com/inward/record.uri?partnerID=HzOxMe3b&scp=105029267518&origin=inward,off-topic-false-hit,,scopus,llm,0.920,unreviewed,,doi:10.18260/1-2--56607
discarded,Motivate students for better academic achievement: A systematic review of blended innovative teaching and its impact on learning,K. Daniel,2024,Computer Applications in Engineering Education,10.1002/cae.22733,https://www.scopus.com/inward/record.uri?partnerID=HzOxMe3b&scp=85187440229&origin=inward,adjacent-subtopic,"This systematic literature review explores the impact of innovative teaching approaches on student motivation and academic achievement in online blended learning. A thorough search of five electronic databases for studies published between January 2009 and May 2023 yielded 1468 records. Following the Preferred Reporting Items for Systematic Reviews and Meta‐Analyses (PRISMA) and Population, Intervention, Comparison, Outcome and Study‐design (PICOS) frameworks as the basis for the eligibility criteria, 47 studies were eligible and reviewed. The findings revealed that the effects of motivation were influenced by various factors, such as the blended course design, instructor's support, learning environment and the student's characteristics. The common innovative teaching and learning techniques and tools which advanced better teaching and learning were found to be interactive lessons, the use of virtual reality technology, artificial intelligence, project‐based learning, inquiry‐based learning, jigsaw, cloud computing, flipped classroom, peer teaching, peer feedback, crossover teaching and personalised teaching. These techniques positively and significantly affected motivation and academic achievement. Furthermore, results also suggest that educators should carefully consider the needs and preferences of their students when designing their courses and curricula to motivate and support students to achieve their full potential. Based on these findings, instructor support through innovative teaching and learning is vital to sustaining meaningful, innovative interactions that motivate students and promote better academic achievements in innovative online blended learning. Therefore, this study proposed a framework that illustrates that when students are well motivated, they develop personal and academic qualities such as interest, confidence, belonging, cooperation and trust in the educational experiences, resulting in better academic achievement.",scopus,llm,0.720,unreviewed,,doi:10.1002/cae.22733
kept,Active Learning Strategies in Computer Science Education: A Systematic Review,D.M. Córdova-Esparza,2024,Multimodal Technologies and Interaction,10.3390/mti8060050,https://www.scopus.com/inward/record.uri?partnerID=HzOxMe3b&scp=85197147384&origin=inward,supports-claim,"The main purpose of this study is to examine the implementation of active methodologies in the teaching–learning process in computer science. To achieve this objective, a systematic review using the PRISMA method was performed; the search for articles was conducted through the Scopus and Web of Science databases and the scientific search engine Google Scholar. By establishing inclusion and exclusion criteria, 15 research papers were selected addressing the use of various active methodologies which have had a positive impact on students’ learning processes. Among the principal active methodologies highlighted are problem-based learning, flipped classrooms, and gamification. The results of the review show how active methodologies promote significant learning, in addition to fostering more outstanding commitment, participation, and motivation on the students’ part. It was observed that active methodologies contribute to the development of fundamental cognitive and socio-emotional skills for their professional growth.",scopus,llm,0.880,unreviewed,,doi:10.3390/mti8060050
discarded,A scoping review of educational programmes on artificial intelligence (AI) available to medical imaging staff,G. Doherty,2024,Radiography,10.1016/j.radi.2023.12.019,https://www.scopus.com/inward/record.uri?partnerID=HzOxMe3b&scp=85182017510&origin=inward,off-topic-false-hit,"INTRODUCTION
Medical imaging is arguably the most technologically advanced field in healthcare, encompassing a range of technologies which continually evolve as computing power and human knowledge expand. Artificial Intelligence (AI) is the next frontier which medical imaging is pioneering. The rapid development and implementation of AI has the potential to revolutionise healthcare, however, to do so, staff must be competent and confident in its application, hence AI readiness is an important precursor to AI adoption. Research to ascertain the best way to deliver this AI-enabled healthcare training is in its infancy. The aim of this scoping review is to compare existing studies which investigate and evaluate the efficacy of AI educational interventions for medical imaging staff.


METHODS
Following the creation of a search strategy and keyword searches, screening was conducted to determine study eligibility. This consisted of a title and abstract scan, then subsequently a full-text review. Articles were included if they were empirical studies wherein an educational intervention on AI for medical imaging staff was created, delivered, and evaluated.


RESULTS
Of the initial 1309 records returned, n = 5 (∼0.4 %) of studies met the eligibility criteria of the review. The curricula and delivery in each of the five studies shared similar aims and a 'flipped classroom' delivery was the most utilised method. However, the depth of content covered in the curricula of each varied and measured outcomes differed greatly.


CONCLUSION
The findings of this review will provide insights into the evaluation of existing AI educational interventions, which will be valuable when planning AI education for healthcare staff.


IMPLICATIONS FOR PRACTICE
This review highlights the need for standardised and comprehensive AI training programs for imaging staff.",scopus,llm,0.970,unreviewed,,doi:10.1016/j.radi.2023.12.019
kept,Exploring Flipped Learning in an Introductory Programming Module: A Literature Review,N. Mennega,2024,Communications in Computer and Information Science,10.1007/978-3-031-48536-7_5,https://www.scopus.com/inward/record.uri?partnerID=HzOxMe3b&scp=85181983602&origin=inward,supports-claim; qualifies-claim,"Introductory programming courses form the foundation of all programming qualifications, which are in turn essential to a well-educated information technology workforce. Sadly these courses cannot boast high retention or success rates. The inverted (or ""flipped"") classroom approach has been touted as a way to engage large classes of mixed-ability students. To inform the design of a first-year university introductory programming course, the authors conducted a systematic literature review on existing flipped classroom implementations. Five electronic databases were searched with the keywords ""flipped learning"" and ""introductory programming"" for peer-reviewed academic literature published in the decade between 2013 and 2022 to answer the question ""How may flipped learning be used to enhance student learning in an introductory programming module?"". It was found that while the flipped learning approach poses challenges to both lecturers and students, it creates an increase in engagement during class and ensures that better use is made of limited face-to-face time between instructors and students. Meaningful future research would focus on seeking objective student feedback to understand the nature of the student experience.",scopus,llm,0.940,unreviewed,,doi:10.1007/978-3-031-48536-7_5
discarded,Construction of Incentive Mechanism for Students' Independent Learning Based on Flipped Classroom Context in the Context of Informatization,J. Qian,2024,Applied Mathematics and Nonlinear Sciences,10.2478/amns-2024-1063,https://www.scopus.com/inward/record.uri?partnerID=HzOxMe3b&scp=85194419172&origin=inward,adjacent-subtopic,"Abstract The rapid development of information technology has prompted the innovation of the education model, in which the flipped classroom, as a new type of teaching mode, reconfigures the structure of traditional classroom teaching and emphasizes the students’ leading position in the learning process. In this context, cultivating students’ independent learning skills is fundamental, but motivating students to learn independently has become a significant challenge for educators. This study explores the motivation mechanism of students’ independent learning based on the flipped classroom model in the context of informationization only to provide theoretical and practical support for improving students’ independent learning ability. The theoretical framework of independent learning incentives is defined through a literature review and empirical research methods, and a series of incentives are designed and implemented in this study. The study collected data from 300 students, and by comparing the assessment results of independent learning ability between the experimental group and the control group before and after the implementation of the incentive mechanism, it was found that the students in the experimental group had improved their independent learning ability, in which the average time of independent learning had increased by 15%. The effectiveness of learning had been improved by 20%. Effective incentive mechanisms can better enhance students’ independent learning ability, and it is recommended that educators adopt the incentive mechanism constructed in this study in flipped classroom teaching to promote the improvement of students’ independent learning ability.",scopus,llm,0.860,unreviewed,,doi:10.2478/amns-2024-1063
discarded,"52nd Annual Conference of the Southern African Computer Lecturers Association, SACLA 2023",,2024,Communications in Computer and Information Science,,https://www.scopus.com/inward/record.uri?partnerID=HzOxMe3b&scp=85182005570&origin=inward,off-topic-false-hit,,scopus,llm,0.980,unreviewed,,hash:415948351d402aa2
discarded,"Proceedings of the 16th International Conference on Computer Supported Education, CSEDU 2024",,2024,International Conference on Computer Supported Education Csedu Proceedings,,https://www.scopus.com/inward/record.uri?partnerID=HzOxMe3b&scp=85193919367&origin=inward,off-topic-false-hit,,scopus,llm,0.980,unreviewed,,hash:4d109cb6651b9f77
